                                                                      Page 1
                                                              C:\Users\nhuliyap\AppData\Local\Temp\gh_0000bv01.s
Command Line: C:\ghs\comp_201517\ease850.exe -w -elf -b0 -I../source/common -I../source/ProjectCompiler -I../source/ProjectCfg -I../source/SwcApplTpms -I../source/SwcApplTpms/Intface -I../source/SwcApplEcuM -I../source/SwcServiceEcuM -I../source/SwcServiceNvM -I../source/SwcServiceOs -I../source/SwcServiceStartUp -I../source/McalAdc -I../source/McalDio -I../source/McalGpt -I../source/McalMcu -I../source/McalWdg -I../source/wrappers -I../source/wrappers/McalAta -I../source/McalLin -I../source/McalCan -I../source/wrappers/OS -I../source/McalFls -I../source/EcuabFee -I../source/EcuabMemIf -I../source/wrappers/VStdLib -I../source/wrappers/Crc -I../source/wrappers/FBL_APPL -I../source/wrappers/CAN_MANAGER -I../source/wrappers/NVM_MANAGER -I../source/wrappers/DEM_MANAGER -I../source/wrappers/RDC_MANAGER -I../source/wrappers/ENV_MANAGER -I../source/wrappers/SYS_MANAGER -I../source/wrappers/EcuabCanIf -I../source/wrappers/SwcServiceCanSM -I../source/wrappers/SwcServiceCanTp -I../source/wrappers/SwcServiceCanTp_PreCompile -I../source/wrappers/SwcServiceCom -I../source/wrappers/SwcServiceComM -I../source/wrappers/SwcServiceComStack -I../source/wrappers/SwcServiceDcm -I../source/wrappers/SwcServicePduR -I../source/wrappers/SwcServiceEcuM -I../source/wrappers/Bfx -I../source/wrappers/SwcServiceDem -I../source/SwcServiceDet -I../source/SwcServiceFiM -I../source/wrappers/LibAutosarDiag -I../source/wrappers/rba_BswSrv -I../source/SwcServiceSchM -I../source/wrappers/SwcServiceComM/Integration -I../source/wrappers/SwcServicePduR/Integration -I../source/wrappers/EcuabCanIf/Integration -I../source/wrappers/SwcServiceCom/Integration -I../source/wrappers/SwcServiceCanTp/Integration -I../source/wrappers/SwcServiceEcuM/Integration -I../source/SwcServiceDet/Integration -I../source/wrappers/SwcServiceDcm/Integration -I../source/wrappers/SwcServiceDem/Integration -I../source/SwcServiceFiM/Integration -I../source/wrappers/EcuabCanIf/api -I../source/wrappers/SwcServiceCom/api -I../source/wrappers/SwcServiceComM/api -I../source/wrappers/SwcServicePduR/api -I../source/wrappers/Bfx/api -I../source/SwcServiceDet/api -I../source/SwcServiceFiM/api -I../source/wrappers/LibAutosarDiag/api -I../source/wrappers/rba_BswSrv/api -IC:\ghs\comp_201517\lib\rh850 -cg_underscore -cpu=rh850g3k -no_v850_simd -rh850_fpsimd=none -nomacro -patch_dbo=C:\_ECU2\ECU_Rivian_A1\Target\repo_projects\pRealEcu\cL_R2023.09.01\make\output\objects\CfgMcalDio.dbo -source=CfgMcalDio.c -o output\objects\gh_0000bv01.o -list=output\list\CfgMcalDio.lst C:\Users\nhuliyap\AppData\Local\Temp\gh_0000bv01.s 
Original File: C:\Users\nhuliyap\AppData\Local\Temp\gh_0000bv01.s
Source File: CfgMcalDio.c
Directory: C:\_ECU2\ECU_Rivian_A1\Target\repo_projects\pRealEcu\cL_R2023.09.01\make
Host OS: Windows
EASE: Copyright (C) 1983-2015 Green Hills Software.  All Rights Reserved.
Release: Compiler v2015.1.7
Build Directory: [Directory] BTOWORKER6:c:/build_2015_1_bto/2015-10-21.2100-2015_1_bto/win32-comp-ecom
Revision: [VCInfo] http://toolsvc/branches/release-branch-70-bto/src@544153 (built by build)
Revision Date: Thu Oct 22 07:50:13 2015

Release Date: Thu Oct 22 09:32:32 2015

                           1 --Driver Command: ccv850 ../source/ProjectCfg/CfgMcalDio.c -cpu=rh850 -fhard
                           2 --		-ignore_callt_state_in_interrupts -large_sda -misalign_pack
                           3 --		-nofarcalls -nofloatio -no_callt -Ogeneral -Onounroll
                           4 --		-prepare_dispose -registermode=32 -reserve_r2 -sda=0
                           5 --		-shorten_loads -Wshadow --brief_diagnostics --no_commons
                           6 --		--no_wrap_diagnostics --prototype_errors --short_enum -list -G
                           7 --		-dual_debug -dwarf -X5523 -lnk=-no_xda_modifications -D
                           8 --		NOT_READY_FOR_TESTING_OR_DEPLOYMENT -D IBTCM_SW_ANPASSUNGEN -D
                           9 --		BUILD_LORDSTOWN -c -inline_prologue -I../source/common
                          10 --		-I../source/ProjectCompiler -I../source/ProjectCfg
                          11 --		-I../source/SwcApplTpms -I../source/SwcApplTpms/Intface
                          12 --		-I../source/SwcApplEcuM -I../source/SwcServiceEcuM
                          13 --		-I../source/SwcServiceNvM -I../source/SwcServiceOs
                          14 --		-I../source/SwcServiceStartUp -I../source/McalAdc
                          15 --		-I../source/McalDio -I../source/McalGpt -I../source/McalMcu
                          16 --		-I../source/McalWdg -I../source/wrappers
                          17 --		-I../source/wrappers/McalAta -I../source/McalLin
                          18 --		-I../source/McalCan -I../source/wrappers/OS -I../source/McalFls
                          19 --		-I../source/EcuabFee -I../source/EcuabMemIf
                          20 --		-I../source/wrappers/VStdLib -I../source/wrappers
                          21 --		-I../source/wrappers/Crc -I../source/wrappers/FBL_APPL
                          22 --		-I../source/wrappers/CAN_MANAGER -I../source/wrappers/NVM_MANAGER
                          23 --		-I../source/wrappers/DEM_MANAGER -I../source/wrappers/RDC_MANAGER
                          24 --		-I../source/wrappers/ENV_MANAGER -I../source/wrappers/SYS_MANAGER
                          25 --		-I../source/wrappers/EcuabCanIf
                          26 --		-I../source/wrappers/SwcServiceCanSM
                          27 --		-I../source/wrappers/SwcServiceCanTp
                          28 --		-I../source/wrappers/SwcServiceCanTp_PreCompile
                          29 --		-I../source/wrappers/SwcServiceCom
                          30 --		-I../source/wrappers/SwcServiceComM
                          31 --		-I../source/wrappers/SwcServiceComStack
                          32 --		-I../source/wrappers/SwcServiceDcm
                          33 --		-I../source/wrappers/SwcServicePduR
                          34 --		-I../source/wrappers/SwcServiceEcuM -I../source/wrappers/Bfx
                          35 --		-I../source/wrappers/SwcServiceDem -I../source/SwcServiceDet
                          36 --		-I../source/SwcServiceFiM -I../source/wrappers/LibAutosarDiag
                          37 --		-I../source/wrappers/rba_BswSrv -I../source/SwcServiceSchM
                          38 --		-I../source/wrappers/SwcServiceComM/Integration
                          39 --		-I../source/wrappers/SwcServicePduR/Integration
                          40 --		-I../source/wrappers/EcuabCanIf/Integration
                          41 --		-I../source/wrappers/SwcServiceCom/Integration
                          42 --		-I../source/wrappers/SwcServiceCanTp/Integration
                          43 --		-I../source/wrappers/SwcServiceEcuM/Integration
                          44 --		-I../source/SwcServiceDet/Integration
                          45 --		-I../source/wrappers/SwcServiceDcm/Integration
                          46 --		-I../source/wrappers/SwcServiceDem/Integration
                          47 --		-I../source/SwcServiceFiM/Integration
                          48 --		-I../source/wrappers/EcuabCanIf/api
                          49 --		-I../source/wrappers/SwcServiceCom/api
                          50 --		-I../source/wrappers/SwcServiceComM/api

                                                                      Page 2
                                                              C:\Users\nhuliyap\AppData\Local\Temp\gh_0000bv01.s
                          51 --		-I../source/wrappers/SwcServicePduR/api
                          52 --		-I../source/wrappers/Bfx/api -I../source/SwcServiceDet/api
                          53 --		-I../source/SwcServiceFiM/api
                          54 --		-I../source/wrappers/LibAutosarDiag/api
                          55 --		-I../source/wrappers/rba_BswSrv/api -object_dir=output/objects
                          56 --		-list_dir=output/list
                          57 --Source File:   ../source/ProjectCfg/CfgMcalDio.c
                          58 --Directory:     
                          59 --		C:\_ECU2\ECU_Rivian_A1\Target\repo_projects\pRealEcu\cL_R2023.09.01\make
                          60 --Compile Date:  Wed Sep 06 08:50:51 2023
                          61 --Host OS:       Win32
                          62 --Version:       C-RH850 2015.1.7 RELEASE VERSION
                          63 --Release:       Compiler v2015.1.7
                          64 --Revision Date: Thu Oct 22 08:06:12 2015
                          65 --Release Date:  Thu Oct 22 09:34:32 2015
                          66 -- ecom  -g -w -OM
                          67 --_P0	4290838528	import
                          68 --_P8	4290838560	import
                          69 --_P9	4290838564	import
                          70 --_P10	4290838568	import
                          71 --_PPR0	4290839040	import
                          72 --_PPR8	4290839072	import
                          73 --_PPR9	4290839076	import
                          74 --_PPR10	4290839080	import
                          75 --_PM0	4290839296	import
                          76 --_PM8	4290839328	import
                          77 --_PM9	4290839332	import
                          78 --_PM10	4290839336	import
                          79 --_PMC0	4290839552	import
                          80 --_PMC8	4290839584	import
                          81 --_PMC9	4290839588	import
                          82 --_PMC10	4290839592	import
                          83 --_PIBC0	4290854912	import
                          84 --_PIBC8	4290854944	import
                          85 --_PIBC9	4290854948	import
                          86 --_PIBC10	4290854952	import
                          87 
                          88 	.section ".rodata","a"
                          89 	.align	4
                          90 	.global	_CfgMcalDio_castListPins
00000000 00               91 _CfgMcalDio_castListPins:	.space	1
00000001 00               92 	.space	1
00000002 03002804         93 	.byte	3,0,40,4
00000006 c1ff2803         94 	.byte	193,255,40,3
0000000a c1ff2802         95 	.byte	193,255,40,2
0000000e c1ff2840         96 	.byte	193,255,40,64
00000012 c1ff2800         97 	.byte	193,255,40,0
00000016 c1ff             98 	.byte	193,255
00000018 01               99 	.byte	1
00000019 00              100 	.space	1
0000001a 06002004        101 	.byte	6,0,32,4
0000001e c1ff2003        102 	.byte	193,255,32,3
00000022 c1ff2002        103 	.byte	193,255,32,2
00000026 c1ff2040        104 	.byte	193,255,32,64
0000002a c1ff2000        105 	.byte	193,255,32,0
0000002e c1ff            106 	.byte	193,255
00000030 02              107 	.byte	2
00000031 00              108 	.space	1
00000032 05002004        109 	.byte	5,0,32,4
00000036 c1ff2003        110 	.byte	193,255,32,3
0000003a c1ff2002        111 	.byte	193,255,32,2

                                                                      Page 3
                                                              C:\Users\nhuliyap\AppData\Local\Temp\gh_0000bv01.s
0000003e c1ff2040        112 	.byte	193,255,32,64
00000042 c1ff2000        113 	.byte	193,255,32,0
00000046 c1ff            114 	.byte	193,255
00000048 03              115 	.byte	3
00000049 00              116 	.space	1
0000004a 04002004        117 	.byte	4,0,32,4
0000004e c1ff2003        118 	.byte	193,255,32,3
00000052 c1ff2002        119 	.byte	193,255,32,2
00000056 c1ff2040        120 	.byte	193,255,32,64
0000005a c1ff2000        121 	.byte	193,255,32,0
0000005e c1ff            122 	.byte	193,255
00000060 04              123 	.byte	4
00000061 00              124 	.space	1
00000062 0000            125 	.space	2
00000064 0004c1ff        126 	.byte	0,4,193,255
00000068 0003c1ff        127 	.byte	0,3,193,255
0000006c 0002c1ff        128 	.byte	0,2,193,255
00000070 0040c1ff        129 	.byte	0,64,193,255
00000074 0000c1ff        130 	.byte	0,0,193,255
00000078 05              131 	.byte	5
00000079 00              132 	.space	1
0000007a 01002004        133 	.byte	1,0,32,4
0000007e c1ff2003        134 	.byte	193,255,32,3
00000082 c1ff2002        135 	.byte	193,255,32,2
00000086 c1ff2040        136 	.byte	193,255,32,64
0000008a c1ff2000        137 	.byte	193,255,32,0
0000008e c1ff            138 	.byte	193,255
00000090 06              139 	.byte	6
00000091 00              140 	.space	1
00000092 04000004        141 	.byte	4,0,0,4
00000096 c1ff0003        142 	.byte	193,255,0,3
0000009a c1ff0002        143 	.byte	193,255,0,2
0000009e c1ff0040        144 	.byte	193,255,0,64
000000a2 c1ff0000        145 	.byte	193,255,0,0
000000a6 c1ff            146 	.byte	193,255
000000a8 07              147 	.byte	7
000000a9 00              148 	.space	1
000000aa 05000004        149 	.byte	5,0,0,4
000000ae c1ff0003        150 	.byte	193,255,0,3
000000b2 c1ff0002        151 	.byte	193,255,0,2
000000b6 c1ff0040        152 	.byte	193,255,0,64
000000ba c1ff0000        153 	.byte	193,255,0,0
000000be c1ff            154 	.byte	193,255
000000c0 08              155 	.byte	8
000000c1 00              156 	.space	1
000000c2 06000004        157 	.byte	6,0,0,4
000000c6 c1ff0003        158 	.byte	193,255,0,3
000000ca c1ff0002        159 	.byte	193,255,0,2
000000ce c1ff0040        160 	.byte	193,255,0,64
000000d2 c1ff0000        161 	.byte	193,255,0,0
000000d6 c1ff            162 	.byte	193,255
000000d8 09              163 	.byte	9
000000d9 00              164 	.space	1
000000da 09000004        165 	.byte	9,0,0,4
000000de c1ff0003        166 	.byte	193,255,0,3
000000e2 c1ff0002        167 	.byte	193,255,0,2
000000e6 c1ff0040        168 	.byte	193,255,0,64
000000ea c1ff0000        169 	.byte	193,255,0,0
000000ee c1ff            170 	.byte	193,255
000000f0 0a              171 	.byte	10
000000f1 00              172 	.space	1

                                                                      Page 4
                                                              C:\Users\nhuliyap\AppData\Local\Temp\gh_0000bv01.s
000000f2 01000004        173 	.byte	1,0,0,4
000000f6 c1ff0003        174 	.byte	193,255,0,3
000000fa c1ff0002        175 	.byte	193,255,0,2
000000fe c1ff0040        176 	.byte	193,255,0,64
00000102 c1ff0000        177 	.byte	193,255,0,0
00000106 c1ff            178 	.byte	193,255
00000108 0b              179 	.byte	11
00000109 00              180 	.space	1
0000010a 02000004        181 	.byte	2,0,0,4
0000010e c1ff0003        182 	.byte	193,255,0,3
00000112 c1ff0002        183 	.byte	193,255,0,2
00000116 c1ff0040        184 	.byte	193,255,0,64
0000011a c1ff0000        185 	.byte	193,255,0,0
0000011e c1ff            186 	.byte	193,255
00000120 0c              187 	.byte	12
00000121 00              188 	.space	1
00000122 03002804        189 	.byte	3,0,40,4
00000126 c1ff2803        190 	.byte	193,255,40,3
0000012a c1ff2802        191 	.byte	193,255,40,2
0000012e c1ff2840        192 	.byte	193,255,40,64
00000132 c1ff2800        193 	.byte	193,255,40,0
00000136 c1ff            194 	.byte	193,255
00000138 0d              195 	.byte	13
00000139 00              196 	.space	1
0000013a 05002804        197 	.byte	5,0,40,4
0000013e c1ff2803        198 	.byte	193,255,40,3
00000142 c1ff2802        199 	.byte	193,255,40,2
00000146 c1ff2840        200 	.byte	193,255,40,64
0000014a c1ff2800        201 	.byte	193,255,40,0
0000014e c1ff            202 	.byte	193,255
00000150 0e              203 	.byte	14
00000151 00              204 	.space	1
00000152 06002804        205 	.byte	6,0,40,4
00000156 c1ff2803        206 	.byte	193,255,40,3
0000015a c1ff2802        207 	.byte	193,255,40,2
0000015e c1ff2840        208 	.byte	193,255,40,64
00000162 c1ff2800        209 	.byte	193,255,40,0
00000166 c1ff            210 	.byte	193,255
00000168 0f              211 	.byte	15
00000169 00              212 	.space	1
0000016a 07002804        213 	.byte	7,0,40,4
0000016e c1ff2803        214 	.byte	193,255,40,3
00000172 c1ff2802        215 	.byte	193,255,40,2
00000176 c1ff2840        216 	.byte	193,255,40,64
0000017a c1ff2800        217 	.byte	193,255,40,0
0000017e c1ff            218 	.byte	193,255
00000180 10              219 	.byte	16
00000181 00              220 	.space	1
00000182 08002804        221 	.byte	8,0,40,4
00000186 c1ff2803        222 	.byte	193,255,40,3
0000018a c1ff2802        223 	.byte	193,255,40,2
0000018e c1ff2840        224 	.byte	193,255,40,64
00000192 c1ff2800        225 	.byte	193,255,40,0
00000196 c1ff            226 	.byte	193,255
00000198 11              227 	.byte	17
00000199 00              228 	.space	1
0000019a 09002804        229 	.byte	9,0,40,4
0000019e c1ff2803        230 	.byte	193,255,40,3
000001a2 c1ff2802        231 	.byte	193,255,40,2
000001a6 c1ff2840        232 	.byte	193,255,40,64
000001aa c1ff2800        233 	.byte	193,255,40,0

                                                                      Page 5
                                                              C:\Users\nhuliyap\AppData\Local\Temp\gh_0000bv01.s
000001ae c1ff            234 	.byte	193,255
000001b0 12              235 	.byte	18
000001b1 00              236 	.space	1
000001b2 0e002804        237 	.byte	14,0,40,4
000001b6 c1ff2803        238 	.byte	193,255,40,3
000001ba c1ff2802        239 	.byte	193,255,40,2
000001be c1ff2840        240 	.byte	193,255,40,64
000001c2 c1ff2800        241 	.byte	193,255,40,0
000001c6 c1ff            242 	.byte	193,255
000001c8 13              243 	.byte	19
000001c9 00              244 	.space	1
000001ca 0d002804        245 	.byte	13,0,40,4
000001ce c1ff2803        246 	.byte	193,255,40,3
000001d2 c1ff2802        247 	.byte	193,255,40,2
000001d6 c1ff2840        248 	.byte	193,255,40,64
000001da c1ff2800        249 	.byte	193,255,40,0
000001de c1ff            250 	.byte	193,255
000001e0 14              251 	.byte	20
000001e1 00              252 	.space	1
000001e2 0c002804        253 	.byte	12,0,40,4
000001e6 c1ff2803        254 	.byte	193,255,40,3
000001ea c1ff2802        255 	.byte	193,255,40,2
000001ee c1ff2840        256 	.byte	193,255,40,64
000001f2 c1ff2800        257 	.byte	193,255,40,0
000001f6 c1ff            258 	.byte	193,255
000001f8 15              259 	.byte	21
000001f9 00              260 	.space	1
000001fa 0b002804        261 	.byte	11,0,40,4
000001fe c1ff2803        262 	.byte	193,255,40,3
00000202 c1ff2802        263 	.byte	193,255,40,2
00000206 c1ff2840        264 	.byte	193,255,40,64
0000020a c1ff2800        265 	.byte	193,255,40,0
0000020e c1ff            266 	.byte	193,255
00000210 16              267 	.byte	22
00000211 00              268 	.space	1
00000212 0000            269 	.space	2
00000214 2404c1ff        270 	.byte	36,4,193,255
00000218 2403c1ff        271 	.byte	36,3,193,255
0000021c 2402c1ff        272 	.byte	36,2,193,255
00000220 2440c1ff        273 	.byte	36,64,193,255
00000224 2400c1ff        274 	.byte	36,0,193,255
00000228 17              275 	.byte	23
00000229 00              276 	.space	1
0000022a 01002404        277 	.byte	1,0,36,4
0000022e c1ff2403        278 	.byte	193,255,36,3
00000232 c1ff2402        279 	.byte	193,255,36,2
00000236 c1ff2440        280 	.byte	193,255,36,64
0000023a c1ff2400        281 	.byte	193,255,36,0
0000023e c1ff            282 	.byte	193,255
00000240 18              283 	.byte	24
00000241 00              284 	.space	1
00000242 02002404        285 	.byte	2,0,36,4
00000246 c1ff2403        286 	.byte	193,255,36,3
0000024a c1ff2402        287 	.byte	193,255,36,2
0000024e c1ff2440        288 	.byte	193,255,36,64
00000252 c1ff2400        289 	.byte	193,255,36,0
00000256 c1ff            290 	.byte	193,255
00000258 19              291 	.byte	25
00000259 00              292 	.space	1
0000025a 03002404        293 	.byte	3,0,36,4
0000025e c1ff2403        294 	.byte	193,255,36,3

                                                                      Page 6
                                                              C:\Users\nhuliyap\AppData\Local\Temp\gh_0000bv01.s
00000262 c1ff2402        295 	.byte	193,255,36,2
00000266 c1ff2440        296 	.byte	193,255,36,64
0000026a c1ff2400        297 	.byte	193,255,36,0
0000026e c1ff            298 	.byte	193,255
                         299 	.type	_CfgMcalDio_castListPins,@object
                         300 	.size	_CfgMcalDio_castListPins,624
                         301 	.data
                         302 	.ghsnote version,17
                         303 	.ghsnote tools,3
                         304 	.ghsnote options,144
                         305 	.text
                         306 ..bof.C.3A.5C_ECU2.5CECU_Rivian_A1.5CTarget.5Crepo_projects.5CpRealEcu.5CcL_R2023.2E09.2E01.5Cmake.5Coutput.5Cobjects.5CCfgMcalDio...43.3A.5C_ECU2.5CECU_Rivian_A1.5CTarget.5Crepo_projects.5CpRealEcu.5CcL_R2023.2E09.2E01.5Cmake..64F8214B..0::
                         307 ..eof.C.3A.5C_ECU2.5CECU_Rivian_A1.5CTarget.5Crepo_projects.5CpRealEcu.5CcL_R2023.2E09.2E01.5Cmake.5Coutput.5Cobjects.5CCfgMcalDio...43.3A.5C_ECU2.5CECU_Rivian_A1.5CTarget.5Crepo_projects.5CpRealEcu.5CcL_R2023.2E09.2E01.5Cmake..64F8214B..0::
                         308 	.section	.debug_info
                         309 .Ldw_begin:
00000000 cb040000        310 	.word	.Ldw_end-.Ldw_begin-4
00000004 0200            311 	.byte	2,0
00000006 00000000*       312 	.word	.Ldw_abbr_begin
0000000a 04              313 	.byte	4
                         314 	.section	.debug_abbrev
                         315 .Ldw_abbr_begin:
                         316 	.section	.debug_info
0000000b 01              317 	.byte	1
0000000c 00000000*       318 	.word	..bof.C.3A.5C_ECU2.5CECU_Rivian_A1.5CTarget.5Crepo_projects.5CpRealEcu.5CcL_R2023.2E09.2E01.5Cmake.5Coutput.5Cobjects.5CCfgMcalDio...43.3A.5C_ECU2.5CECU_Rivian_A1.5CTarget.5Crepo_projects.5CpRealEcu.5CcL_R2023.2E09.2E01.5Cmake..64F8214B..0
00000010 00000000*       319 	.word	..eof.C.3A.5C_ECU2.5CECU_Rivian_A1.5CTarget.5Crepo_projects.5CpRealEcu.5CcL_R2023.2E09.2E01.5Cmake.5Coutput.5Cobjects.5CCfgMcalDio...43.3A.5C_ECU2.5CECU_Rivian_A1.5CTarget.5Crepo_projects.5CpRealEcu.5CcL_R2023.2E09.2E01.5Cmake..64F8214B..0
00000014 2e2e2f736f75    320 	.strz	"../source/ProjectCfg/CfgMcalDio.c"
0000001a 7263652f5072 
00000020 6f6a65637443 
00000026 66672f436667 
0000002c 4d63616c4469 
00000032 6f2e6300 
00000036 433a5c5f4543    321 	.strz	"C:\\_ECU2\\ECU_Rivian_A1\\Target\\repo_projects\\pRealEcu\\cL_R2023.09.01\\make"
0000003c 55325c454355 
00000042 5f5269766961 
00000048 6e5f41315c54 
0000004e 61726765745c 
00000054 7265706f5f70 
0000005a 726f6a656374 
00000060 735c70526561 
00000066 6c4563755c63 
0000006c 4c5f52323032 
00000072 332e30392e30 
00000078 315c6d616b65 
0000007e 00 
0000007f 474853204320    322 	.strz	"GHS C 2015.1.7 [dual]"
00000085 323031352e31 
0000008b 2e37205b6475 
00000091 616c5d00 
00000095 0100            323 	.byte	1,0
00000097 00000000*       324 	.word	.Ldw_line_begin
0000009b 00000000*       325 	.word	.Ldw_macinfo_begin
0000009f 00              326 	.byte	0
                         327 
                         328 	.section	.debug_abbrev
00000000 01              329 	.byte	1
00000001 11              330 	.byte	17
00000002 01              331 	.byte	1
00000003 1101            332 	.byte	17,1
00000005 1201            333 	.byte	18,1
00000007 0308            334 	.byte	3,8
00000009 1b08            335 	.byte	27,8

                                                                      Page 7
                                                              C:\Users\nhuliyap\AppData\Local\Temp\gh_0000bv01.s
0000000b 2508            336 	.byte	37,8
0000000d 1305            337 	.byte	19,5
0000000f 1006            338 	.byte	16,6
00000011 4306            339 	.byte	67,6
00000013 420b            340 	.byte	66,11
00000015 0000            341 	.byte	0,0
                         342 
                         343 	.section	.debug_line
                         344 .Ldw_line_begin:
00000000 97010000        345 	.word	.Ldw_line_end-.Ldw_line_begin-4
00000004 0200            346 	.byte	2,0
00000006 00000000*       347 	.word	.Ldw_lpro_end-.Ldw_lpro_begin
                         348 .Ldw_lpro_begin:
0000000a 01              349 	.byte	1
0000000b 00              350 	.byte	0
0000000c 00              351 	.byte	0
0000000d 04              352 	.byte	4
0000000e 0a              353 	.byte	10
0000000f 000101          354 	.byte	0,1,1
00000012 010100          355 	.byte	1,1,0
00000015 000001          356 	.byte	0,0,1
00000018 00              357 	.byte	0
00000019 2e2e2f736f75    358 	.strz	"../source/ProjectCfg/CfgMcalDio.c"
0000001f 7263652f5072 
00000025 6f6a65637443 
0000002b 66672f436667 
00000031 4d63616c4469 
00000037 6f2e6300 
0000003b 000000          359 	.byte	0,0,0
0000003e 2e2e2f736f75    360 	.strz	"../source/common/Std_Types.hpp"
00000044 7263652f636f 
0000004a 6d6d6f6e2f53 
00000050 74645f547970 
00000056 65732e687070 
0000005c 00 
0000005d 000000          361 	.byte	0,0,0
00000060 2e2e2f736f75    362 	.strz	"../source/common/Platform_Types.hpp"
00000066 7263652f636f 
0000006c 6d6d6f6e2f50 
00000072 6c6174666f72 
00000078 6d5f54797065 
0000007e 732e68707000 
00000084 000000          363 	.byte	0,0,0
00000087 2e2e2f736f75    364 	.strz	"../source/common/Compiler.hpp"
0000008d 7263652f636f 
00000093 6d6d6f6e2f43 
00000099 6f6d70696c65 
0000009f 722e68707000 
000000a5 000000          365 	.byte	0,0,0
000000a8 2e2e2f736f75    366 	.strz	"../source/ProjectCompiler/Compiler_Cfg.hpp"
000000ae 7263652f5072 
000000b4 6f6a65637443 
000000ba 6f6d70696c65 
000000c0 722f436f6d70 
000000c6 696c65725f43 
000000cc 66672e687070 
000000d2 00 
000000d3 000000          367 	.byte	0,0,0
000000d6 2e2e2f736f75    368 	.strz	"../source/ProjectCompiler/CompilerCfg_SwcServiceOs.hpp"
000000dc 7263652f5072 
000000e2 6f6a65637443 

                                                                      Page 8
                                                              C:\Users\nhuliyap\AppData\Local\Temp\gh_0000bv01.s
000000e8 6f6d70696c65 
000000ee 722f436f6d70 
000000f4 696c65724366 
000000fa 675f53776353 
00000100 657276696365 
00000106 4f732e687070 
0000010c 00 
0000010d 000000          369 	.byte	0,0,0
00000110 2e2e2f736f75    370 	.strz	"../source/McalMcu/uC_Dio.hpp"
00000116 7263652f4d63 
0000011c 616c4d63752f 
00000122 75435f44696f 
00000128 2e68707000 
0000012d 000000          371 	.byte	0,0,0
00000130 2e2e2f736f75    372 	.strz	"../source/McalMcu/uC.hpp"
00000136 7263652f4d63 
0000013c 616c4d63752f 
00000142 75432e687070 
00000148 00 
00000149 000000          373 	.byte	0,0,0
0000014c 2e2e2f736f75    374 	.strz	"../source/ProjectCfg/CfgMcalDio.hpp"
00000152 7263652f5072 
00000158 6f6a65637443 
0000015e 66672f436667 
00000164 4d63616c4469 
0000016a 6f2e68707000 
00000170 000000          375 	.byte	0,0,0
00000173 2e2e2f736f75    376 	.strz	"../source/McalDio/Types_McalDio.hpp"
00000179 7263652f4d63 
0000017f 616c44696f2f 
00000185 54797065735f 
0000018b 4d63616c4469 
00000191 6f2e68707000 
00000197 000000          377 	.byte	0,0,0
0000019a 00              378 	.byte	0
                         379 .Ldw_lpro_end:
                         380 	.section	.debug_macinfo
                         381 .Ldw_macinfo_begin:
                         382 	.section	.debug_info
                         383 .LDW_4156da0:
000000a0 25              384 	.byte	37
000000a1 756e7369676e    385 	.strz	"unsigned short"
000000a7 65642073686f 
000000ad 727400 
000000b0 07              386 	.byte	7
000000b1 02              387 	.byte	2
                         388 
                         389 	.section	.debug_abbrev
00000017 25              390 	.byte	37
00000018 24              391 	.byte	36
00000019 00              392 	.byte	0
0000001a 0308            393 	.byte	3,8
0000001c 3e0b            394 	.byte	62,11
0000001e 0b0b            395 	.byte	11,11
00000020 0000            396 	.byte	0,0
                         397 
                         398 	.section	.debug_info
                         399 .LDW_4157430:
000000b2 25              400 	.byte	37
000000b3 696e7400        401 	.strz	"int"
000000b7 05              402 	.byte	5

                                                                      Page 9
                                                              C:\Users\nhuliyap\AppData\Local\Temp\gh_0000bv01.s
000000b8 04              403 	.byte	4
                         404 
                         405 .LDW_4c908b8:
000000b9 2b              406 	.byte	43
000000ba 00000000*       407 	.word	.LDW_4c901b0
                         408 
                         409 	.section	.debug_abbrev
00000022 2b              410 	.byte	43
00000023 35              411 	.byte	53
00000024 00              412 	.byte	0
00000025 4910            413 	.byte	73,16
00000027 0000            414 	.byte	0,0
                         415 
                         416 	.section	.debug_info
                         417 .LDW_4156f60:
000000be 2f              418 	.byte	47
000000bf 00000000*       419 	.word	.LDW_4c908b8
                         420 
                         421 	.section	.debug_abbrev
00000029 2f              422 	.byte	47
0000002a 0f              423 	.byte	15
0000002b 00              424 	.byte	0
0000002c 4910            425 	.byte	73,16
0000002e 0000            426 	.byte	0,0
                         427 
                         428 	.section	.debug_info
                         429 .LDW_4c90968:
000000c3 29              430 	.byte	41
000000c4 00000000*       431 	.word	.LDW_unq_1
                         432 
                         433 	.section	.debug_abbrev
00000030 29              434 	.byte	41
00000031 26              435 	.byte	38
00000032 00              436 	.byte	0
00000033 4910            437 	.byte	73,16
00000035 0000            438 	.byte	0,0
                         439 
                         440 	.section	.debug_info
                         441 .LDW_unq_1:
000000c8 2b              442 	.byte	43
000000c9 00000000*       443 	.word	.LDW_4c901b0
                         444 
                         445 .LDW_41570e8:
000000cd 2f              446 	.byte	47
000000ce 00000000*       447 	.word	.LDW_4c90968
                         448 
                         449 .LDW_4ccea08:
000000d2 29              450 	.byte	41
000000d3 00000000*       451 	.word	.LDW_4c90ac8
                         452 
                         453 .LDW_419ad38:
000000d7 3a              454 	.byte	58
000000d8 00              455 	.byte	0
000000d9 f004            456 	.byte	240,4
000000db 00000000*       457 	.word	.LDW_4ccea08
                         458 
                         459 	.section	.debug_abbrev
00000037 3a              460 	.byte	58
00000038 01              461 	.byte	1
00000039 01              462 	.byte	1
0000003a 090b            463 	.byte	9,11

                                                                      Page 10
                                                              C:\Users\nhuliyap\AppData\Local\Temp\gh_0000bv01.s
0000003c 0b0f            464 	.byte	11,15
0000003e 4910            465 	.byte	73,16
00000040 0000            466 	.byte	0,0
                         467 
                         468 	.section	.debug_info
000000df 32              469 	.byte	50
000000e0 00000000*       470 	.word	.LDW_4157430
000000e4 04              471 	.byte	4
000000e5 00              472 	.byte	0
000000e6 19              473 	.byte	25
                         474 
                         475 	.section	.debug_abbrev
00000042 32              476 	.byte	50
00000043 21              477 	.byte	33
00000044 00              478 	.byte	0
00000045 4910            479 	.byte	73,16
00000047 0b0f            480 	.byte	11,15
00000049 220d            481 	.byte	34,13
0000004b 2f0d            482 	.byte	47,13
0000004d 0000            483 	.byte	0,0
                         484 
                         485 	.section	.debug_info
000000e7 00              486 	.byte	0
                         487 
                         488 .LDW_4c901b0:
000000e8 28              489 	.byte	40
000000e9 75696e743136    490 	.strz	"uint16"
000000ef 00 
000000f0 52              491 	.byte	82
000000f1 4a              492 	.byte	74
000000f2 03              493 	.byte	3
000000f3 00000000*       494 	.word	.LDW_4156da0
                         495 
                         496 	.section	.debug_abbrev
0000004f 28              497 	.byte	40
00000050 16              498 	.byte	22
00000051 00              499 	.byte	0
00000052 0308            500 	.byte	3,8
00000054 3b0f            501 	.byte	59,15
00000056 390f            502 	.byte	57,15
00000058 3a0f            503 	.byte	58,15
0000005a 4910            504 	.byte	73,16
0000005c 0000            505 	.byte	0,0
                         506 
                         507 	.section	.debug_info
                         508 .LDW_4c90f18:
000000f7 2e              509 	.byte	46
000000f8 00              510 	.byte	0
000000f9 27              511 	.byte	39
000000fa 0d              512 	.byte	13
000000fb 0a              513 	.byte	10
000000fc 01              514 	.byte	1
000000fd 01              515 	.byte	1
                         516 
                         517 	.section	.debug_abbrev
0000005e 2e              518 	.byte	46
0000005f 04              519 	.byte	4
00000060 01              520 	.byte	1
00000061 0308            521 	.byte	3,8
00000063 3b0f            522 	.byte	59,15
00000065 390f            523 	.byte	57,15

                                                                      Page 11
                                                              C:\Users\nhuliyap\AppData\Local\Temp\gh_0000bv01.s
00000067 3a0f            524 	.byte	58,15
00000069 0b0f            525 	.byte	11,15
0000006b 320b            526 	.byte	50,11
0000006d 0000            527 	.byte	0,0
                         528 
                         529 	.section	.debug_info
                         530 .LDW_4c90f68:
000000fe 2d              531 	.byte	45
000000ff 4750494f5f4c    532 	.strz	"GPIO_LED1"
00000105 45443100 
00000109 28              533 	.byte	40
0000010a 07              534 	.byte	7
0000010b 0a              535 	.byte	10
0000010c 00              536 	.byte	0
                         537 
                         538 	.section	.debug_abbrev
0000006f 2d              539 	.byte	45
00000070 28              540 	.byte	40
00000071 00              541 	.byte	0
00000072 0308            542 	.byte	3,8
00000074 3b0f            543 	.byte	59,15
00000076 390f            544 	.byte	57,15
00000078 3a0f            545 	.byte	58,15
0000007a 1c0d            546 	.byte	28,13
0000007c 0000            547 	.byte	0,0
                         548 
                         549 	.section	.debug_info
                         550 .LDW_4c90fa8:
0000010d 2d              551 	.byte	45
0000010e 4750494f5f4c    552 	.strz	"GPIO_LCD_E"
00000114 43445f4500 
00000119 29              553 	.byte	41
0000011a 07              554 	.byte	7
0000011b 0a              555 	.byte	10
0000011c 01              556 	.byte	1
                         557 
                         558 .LDW_4c90fe8:
0000011d 2d              559 	.byte	45
0000011e 4750494f5f4c    560 	.strz	"GPIO_LCD_RW"
00000124 43445f525700 
0000012a 2a              561 	.byte	42
0000012b 07              562 	.byte	7
0000012c 0a              563 	.byte	10
0000012d 02              564 	.byte	2
                         565 
                         566 .LDW_419abb8:
0000012e 2d              567 	.byte	45
0000012f 4750494f5f4c    568 	.strz	"GPIO_LCD_RS"
00000135 43445f525300 
0000013b 2b              569 	.byte	43
0000013c 07              570 	.byte	7
0000013d 0a              571 	.byte	10
0000013e 03              572 	.byte	3
                         573 
                         574 .LDW_419abf8:
0000013f 2d              575 	.byte	45
00000140 4750494f5f52    576 	.strz	"GPIO_RES_OUT"
00000146 45535f4f5554 
0000014c 00 
0000014d 2c              577 	.byte	44
0000014e 07              578 	.byte	7

                                                                      Page 12
                                                              C:\Users\nhuliyap\AppData\Local\Temp\gh_0000bv01.s
0000014f 0a              579 	.byte	10
00000150 04              580 	.byte	4
                         581 
                         582 .LDW_419ac38:
00000151 2d              583 	.byte	45
00000152 4750494f5f44    584 	.strz	"GPIO_DIN"
00000158 494e00 
0000015b 2d              585 	.byte	45
0000015c 07              586 	.byte	7
0000015d 0a              587 	.byte	10
0000015e 05              588 	.byte	5
                         589 
                         590 .LDW_419ac78:
0000015f 2d              591 	.byte	45
00000160 4750494f5f53    592 	.strz	"GPIO_SELDP0"
00000166 454c44503000 
0000016c 2e              593 	.byte	46
0000016d 07              594 	.byte	7
0000016e 0a              595 	.byte	10
0000016f 06              596 	.byte	6
                         597 
                         598 .LDW_419acb8:
00000170 2d              599 	.byte	45
00000171 4750494f5f53    600 	.strz	"GPIO_SELDP1"
00000177 454c44503100 
0000017d 2f              601 	.byte	47
0000017e 07              602 	.byte	7
0000017f 0a              603 	.byte	10
00000180 07              604 	.byte	7
                         605 
                         606 .LDW_419acf8:
00000181 2d              607 	.byte	45
00000182 4750494f5f53    608 	.strz	"GPIO_SELDP2"
00000188 454c44503200 
0000018e 30              609 	.byte	48
0000018f 07              610 	.byte	7
00000190 0a              611 	.byte	10
00000191 08              612 	.byte	8
                         613 
                         614 .LDW_4ccdd98:
00000192 2d              615 	.byte	45
00000193 4750494f5f49    616 	.strz	"GPIO_INTP"
00000199 4e545000 
0000019d 31              617 	.byte	49
0000019e 07              618 	.byte	7
0000019f 0a              619 	.byte	10
000001a0 09              620 	.byte	9
                         621 
                         622 .LDW_4ccdbd8:
000001a1 2d              623 	.byte	45
000001a2 4750494f5f45    624 	.strz	"GPIO_EN_TJA"
000001a8 4e5f544a4100 
000001ae 32              625 	.byte	50
000001af 07              626 	.byte	7
000001b0 0a              627 	.byte	10
000001b1 0a              628 	.byte	10
                         629 
                         630 .LDW_4ccde58:
000001b2 2d              631 	.byte	45
000001b3 4750494f5f45    632 	.strz	"GPIO_ERR_TJA"
000001b9 52525f544a41 

                                                                      Page 13
                                                              C:\Users\nhuliyap\AppData\Local\Temp\gh_0000bv01.s
000001bf 00 
000001c0 33              633 	.byte	51
000001c1 07              634 	.byte	7
000001c2 0a              635 	.byte	10
000001c3 0b              636 	.byte	11
                         637 
                         638 .LDW_4ccda58:
000001c4 2d              639 	.byte	45
000001c5 4750494f5f53    640 	.strz	"GPIO_STB_TJA"
000001cb 54425f544a41 
000001d1 00 
000001d2 34              641 	.byte	52
000001d3 07              642 	.byte	7
000001d4 0a              643 	.byte	10
000001d5 0c              644 	.byte	12
                         645 
                         646 .LDW_4ccde18:
000001d6 2d              647 	.byte	45
000001d7 4750494f5f43    648 	.strz	"GPIO_CS_ATA"
000001dd 535f41544100 
000001e3 35              649 	.byte	53
000001e4 07              650 	.byte	7
000001e5 0a              651 	.byte	10
000001e6 0d              652 	.byte	13
                         653 
                         654 .LDW_4ccddd8:
000001e7 2d              655 	.byte	45
000001e8 4750494f5f53    656 	.strz	"GPIO_SPI_MOSI"
000001ee 50495f4d4f53 
000001f4 4900 
000001f6 36              657 	.byte	54
000001f7 07              658 	.byte	7
000001f8 0a              659 	.byte	10
000001f9 0e              660 	.byte	14
                         661 
                         662 .LDW_4ccdd18:
000001fa 2d              663 	.byte	45
000001fb 4750494f5f53    664 	.strz	"GPIO_SPI_CLK"
00000201 50495f434c4b 
00000207 00 
00000208 37              665 	.byte	55
00000209 07              666 	.byte	7
0000020a 0a              667 	.byte	10
0000020b 0f              668 	.byte	15
                         669 
                         670 .LDW_4ccdb18:
0000020c 2d              671 	.byte	45
0000020d 4750494f5f53    672 	.strz	"GPIO_SPI_MISO"
00000213 50495f4d4953 
00000219 4f00 
0000021b 38              673 	.byte	56
0000021c 07              674 	.byte	7
0000021d 0a              675 	.byte	10
0000021e 10              676 	.byte	16
                         677 
                         678 .LDW_4ccdd58:
0000021f 2d              679 	.byte	45
00000220 4750494f5f43    680 	.strz	"GPIO_CHK_FREQ"
00000226 484b5f465245 
0000022c 5100 
0000022e 39              681 	.byte	57

                                                                      Page 14
                                                              C:\Users\nhuliyap\AppData\Local\Temp\gh_0000bv01.s
0000022f 07              682 	.byte	7
00000230 0a              683 	.byte	10
00000231 11              684 	.byte	17
                         685 
                         686 .LDW_4ccdf98:
00000232 2d              687 	.byte	45
00000233 4750494f5f50    688 	.strz	"GPIO_PWR_ATA"
00000239 57525f415441 
0000023f 00 
00000240 3a              689 	.byte	58
00000241 07              690 	.byte	7
00000242 0a              691 	.byte	10
00000243 12              692 	.byte	18
                         693 
                         694 .LDW_4ccd918:
00000244 2d              695 	.byte	45
00000245 4750494f5f50    696 	.strz	"GPIO_PWR_B1ATA"
0000024b 57525f423141 
00000251 544100 
00000254 3b              697 	.byte	59
00000255 07              698 	.byte	7
00000256 0a              699 	.byte	10
00000257 13              700 	.byte	19
                         701 
                         702 .LDW_4ccdf58:
00000258 2d              703 	.byte	45
00000259 4750494f5f50    704 	.strz	"GPIO_PWR_B2ATA"
0000025f 57525f423241 
00000265 544100 
00000268 3c              705 	.byte	60
00000269 07              706 	.byte	7
0000026a 0a              707 	.byte	10
0000026b 14              708 	.byte	20
                         709 
                         710 .LDW_4ccdb58:
0000026c 2d              711 	.byte	45
0000026d 4750494f5f49    712 	.strz	"GPIO_IRQ_ATA"
00000273 52515f415441 
00000279 00 
0000027a 3d              713 	.byte	61
0000027b 07              714 	.byte	7
0000027c 0a              715 	.byte	10
0000027d 15              716 	.byte	21
                         717 
                         718 .LDW_4ccde98:
0000027e 2d              719 	.byte	45
0000027f 4750494f5f54    720 	.strz	"GPIO_TP0"
00000285 503000 
00000288 3e              721 	.byte	62
00000289 07              722 	.byte	7
0000028a 0a              723 	.byte	10
0000028b 16              724 	.byte	22
                         725 
                         726 .LDW_4ccdfd8:
0000028c 2d              727 	.byte	45
0000028d 4750494f5f54    728 	.strz	"GPIO_TP1"
00000293 503100 
00000296 3f              729 	.byte	63
00000297 07              730 	.byte	7
00000298 0a              731 	.byte	10
00000299 17              732 	.byte	23

                                                                      Page 15
                                                              C:\Users\nhuliyap\AppData\Local\Temp\gh_0000bv01.s
                         733 
                         734 .LDW_4ccd958:
0000029a 2d              735 	.byte	45
0000029b 4750494f5f54    736 	.strz	"GPIO_TP2"
000002a1 503200 
000002a4 40              737 	.byte	64
000002a5 07              738 	.byte	7
000002a6 0a              739 	.byte	10
000002a7 18              740 	.byte	24
                         741 
                         742 .LDW_4ccdb98:
000002a8 2d              743 	.byte	45
000002a9 4750494f5f54    744 	.strz	"GPIO_TP3"
000002af 503300 
000002b2 41              745 	.byte	65
000002b3 07              746 	.byte	7
000002b4 0a              747 	.byte	10
000002b5 19              748 	.byte	25
                         749 
000002b6 00              750 	.byte	0
                         751 
                         752 .LDW_4c90a70:
000002b7 28              753 	.byte	40
000002b8 547970655f4d    754 	.strz	"Type_McalDio_eName"
000002be 63616c44696f 
000002c4 5f654e616d65 
000002ca 00 
000002cb 42              755 	.byte	66
000002cc 02              756 	.byte	2
000002cd 0a              757 	.byte	10
000002ce 00000000*       758 	.word	.LDW_4c90f18
                         759 
                         760 .LDW_4c906a8:
000002d2 41              761 	.byte	65
000002d3 44              762 	.byte	68
000002d4 0f              763 	.byte	15
000002d5 0a              764 	.byte	10
000002d6 18              765 	.byte	24
000002d7 01              766 	.byte	1
                         767 
                         768 	.section	.debug_abbrev
0000007e 41              769 	.byte	65
0000007f 13              770 	.byte	19
00000080 01              771 	.byte	1
00000081 3b0f            772 	.byte	59,15
00000083 390f            773 	.byte	57,15
00000085 3a0f            774 	.byte	58,15
00000087 0b0f            775 	.byte	11,15
00000089 320b            776 	.byte	50,11
0000008b 0000            777 	.byte	0,0
                         778 
                         779 	.section	.debug_info
                         780 .LDW_4199e20:
000002d8 23              781 	.byte	35
000002d9 4e616d6500      782 	.strz	"Name"
000002de 45              783 	.byte	69
000002df 26              784 	.byte	38
000002e0 0a              785 	.byte	10
000002e1 00000000*       786 	.word	.LDW_4c90a70
000002e5 0223            787 	.byte	2,35
000002e7 00              788 	.byte	0

                                                                      Page 16
                                                              C:\Users\nhuliyap\AppData\Local\Temp\gh_0000bv01.s
000002e8 01              789 	.byte	1
                         790 
                         791 	.section	.debug_abbrev
0000008d 23              792 	.byte	35
0000008e 0d              793 	.byte	13
0000008f 00              794 	.byte	0
00000090 0308            795 	.byte	3,8
00000092 3b0f            796 	.byte	59,15
00000094 390f            797 	.byte	57,15
00000096 3a0f            798 	.byte	58,15
00000098 4910            799 	.byte	73,16
0000009a 380a            800 	.byte	56,10
0000009c 320b            801 	.byte	50,11
0000009e 0000            802 	.byte	0,0
                         803 
                         804 	.section	.debug_info
                         805 .LDW_419a0a8:
000002e9 23              806 	.byte	35
000002ea 50696e4e756d    807 	.strz	"PinNumber"
000002f0 62657200 
000002f4 46              808 	.byte	70
000002f5 26              809 	.byte	38
000002f6 0a              810 	.byte	10
000002f7 00000000*       811 	.word	.LDW_4c901b0
000002fb 0223            812 	.byte	2,35
000002fd 02              813 	.byte	2
000002fe 01              814 	.byte	1
                         815 
                         816 .LDW_419a1c8:
000002ff 23              817 	.byte	35
00000300 504d435f5265    818 	.strz	"PMC_Reg"
00000306 6700 
00000308 47              819 	.byte	71
00000309 26              820 	.byte	38
0000030a 0a              821 	.byte	10
0000030b 00000000*       822 	.word	.LDW_4156f60
0000030f 0223            823 	.byte	2,35
00000311 04              824 	.byte	4
00000312 01              825 	.byte	1
                         826 
                         827 .LDW_419a450:
00000313 23              828 	.byte	35
00000314 504d5f526567    829 	.strz	"PM_Reg"
0000031a 00 
0000031b 48              830 	.byte	72
0000031c 26              831 	.byte	38
0000031d 0a              832 	.byte	10
0000031e 00000000*       833 	.word	.LDW_4156f60
00000322 0223            834 	.byte	2,35
00000324 08              835 	.byte	8
00000325 01              836 	.byte	1
                         837 
                         838 .LDW_4199d90:
00000326 23              839 	.byte	35
00000327 5050525f5265    840 	.strz	"PPR_Reg"
0000032d 6700 
0000032f 49              841 	.byte	73
00000330 26              842 	.byte	38
00000331 0a              843 	.byte	10
00000332 00000000*       844 	.word	.LDW_41570e8
00000336 0223            845 	.byte	2,35

                                                                      Page 17
                                                              C:\Users\nhuliyap\AppData\Local\Temp\gh_0000bv01.s
00000338 0c              846 	.byte	12
00000339 01              847 	.byte	1
                         848 
                         849 .LDW_419a3c0:
0000033a 23              850 	.byte	35
0000033b 504942435f52    851 	.strz	"PIBC_Reg"
00000341 656700 
00000344 4a              852 	.byte	74
00000345 26              853 	.byte	38
00000346 0a              854 	.byte	10
00000347 00000000*       855 	.word	.LDW_4156f60
0000034b 0223            856 	.byte	2,35
0000034d 10              857 	.byte	16
0000034e 01              858 	.byte	1
                         859 
                         860 .LDW_4199be0:
0000034f 23              861 	.byte	35
00000350 505f52656700    862 	.strz	"P_Reg"
00000356 4b              863 	.byte	75
00000357 26              864 	.byte	38
00000358 0a              865 	.byte	10
00000359 00000000*       866 	.word	.LDW_4156f60
0000035d 0223            867 	.byte	2,35
0000035f 14              868 	.byte	20
00000360 01              869 	.byte	1
                         870 
00000361 00              871 	.byte	0
                         872 
                         873 .LDW_4c90ac8:
00000362 28              874 	.byte	40
00000363 547970655f4d    875 	.strz	"Type_McalDio_stPin"
00000369 63616c44696f 
0000036f 5f737450696e 
00000375 00 
00000376 4c              876 	.byte	76
00000377 02              877 	.byte	2
00000378 0a              878 	.byte	10
00000379 00000000*       879 	.word	.LDW_4c906a8
                         880 
                         881 .LDW_4c905f8:
0000037d 05              882 	.byte	5
0000037e 503000          883 	.strz	"P0"
00000381 2c              884 	.byte	44
00000382 01              885 	.byte	1
00000383 07              886 	.byte	7
00000384 00000000*       887 	.word	.LDW_4c908b8
00000388 01              888 	.byte	1
00000389 01              889 	.byte	1
                         890 
                         891 	.section	.debug_abbrev
000000a0 05              892 	.byte	5
000000a1 34              893 	.byte	52
000000a2 00              894 	.byte	0
000000a3 0308            895 	.byte	3,8
000000a5 3b0f            896 	.byte	59,15
000000a7 390f            897 	.byte	57,15
000000a9 3a0f            898 	.byte	58,15
000000ab 4910            899 	.byte	73,16
000000ad 3f0c            900 	.byte	63,12
000000af 3c0c            901 	.byte	60,12
000000b1 0000            902 	.byte	0,0

                                                                      Page 18
                                                              C:\Users\nhuliyap\AppData\Local\Temp\gh_0000bv01.s
                         903 
                         904 	.section	.debug_info
                         905 .LDW_4c90b20:
0000038a 05              906 	.byte	5
0000038b 503800          907 	.strz	"P8"
0000038e 2d              908 	.byte	45
0000038f 01              909 	.byte	1
00000390 07              910 	.byte	7
00000391 00000000*       911 	.word	.LDW_4c908b8
00000395 01              912 	.byte	1
00000396 01              913 	.byte	1
                         914 
                         915 .LDW_4cced78:
00000397 05              916 	.byte	5
00000398 503900          917 	.strz	"P9"
0000039b 2e              918 	.byte	46
0000039c 01              919 	.byte	1
0000039d 07              920 	.byte	7
0000039e 00000000*       921 	.word	.LDW_4c908b8
000003a2 01              922 	.byte	1
000003a3 01              923 	.byte	1
                         924 
                         925 .LDW_4cceed8:
000003a4 05              926 	.byte	5
000003a5 50313000        927 	.strz	"P10"
000003a9 2f              928 	.byte	47
000003aa 01              929 	.byte	1
000003ab 07              930 	.byte	7
000003ac 00000000*       931 	.word	.LDW_4c908b8
000003b0 01              932 	.byte	1
000003b1 01              933 	.byte	1
                         934 
                         935 .LDW_4ccee28:
000003b2 05              936 	.byte	5
000003b3 5050523000      937 	.strz	"PPR0"
000003b8 30              938 	.byte	48
000003b9 01              939 	.byte	1
000003ba 07              940 	.byte	7
000003bb 00000000*       941 	.word	.LDW_4c90968
000003bf 01              942 	.byte	1
000003c0 01              943 	.byte	1
                         944 
                         945 .LDW_4ccef30:
000003c1 05              946 	.byte	5
000003c2 5050523800      947 	.strz	"PPR8"
000003c7 31              948 	.byte	49
000003c8 01              949 	.byte	1
000003c9 07              950 	.byte	7
000003ca 00000000*       951 	.word	.LDW_4c90968
000003ce 01              952 	.byte	1
000003cf 01              953 	.byte	1
                         954 
                         955 .LDW_4ccebc0:
000003d0 05              956 	.byte	5
000003d1 5050523900      957 	.strz	"PPR9"
000003d6 32              958 	.byte	50
000003d7 01              959 	.byte	1
000003d8 07              960 	.byte	7
000003d9 00000000*       961 	.word	.LDW_4c90968
000003dd 01              962 	.byte	1
000003de 01              963 	.byte	1

                                                                      Page 19
                                                              C:\Users\nhuliyap\AppData\Local\Temp\gh_0000bv01.s
                         964 
                         965 .LDW_4ccecc8:
000003df 05              966 	.byte	5
000003e0 505052313000    967 	.strz	"PPR10"
000003e6 33              968 	.byte	51
000003e7 01              969 	.byte	1
000003e8 07              970 	.byte	7
000003e9 00000000*       971 	.word	.LDW_4c90968
000003ed 01              972 	.byte	1
000003ee 01              973 	.byte	1
                         974 
                         975 .LDW_4ccec18:
000003ef 05              976 	.byte	5
000003f0 504d3000        977 	.strz	"PM0"
000003f4 34              978 	.byte	52
000003f5 01              979 	.byte	1
000003f6 07              980 	.byte	7
000003f7 00000000*       981 	.word	.LDW_4c908b8
000003fb 01              982 	.byte	1
000003fc 01              983 	.byte	1
                         984 
                         985 .LDW_4cced20:
000003fd 05              986 	.byte	5
000003fe 504d3800        987 	.strz	"PM8"
00000402 35              988 	.byte	53
00000403 01              989 	.byte	1
00000404 07              990 	.byte	7
00000405 00000000*       991 	.word	.LDW_4c908b8
00000409 01              992 	.byte	1
0000040a 01              993 	.byte	1
                         994 
                         995 .LDW_4ccec70:
0000040b 05              996 	.byte	5
0000040c 504d3900        997 	.strz	"PM9"
00000410 36              998 	.byte	54
00000411 01              999 	.byte	1
00000412 07             1000 	.byte	7
00000413 00000000*      1001 	.word	.LDW_4c908b8
00000417 01             1002 	.byte	1
00000418 01             1003 	.byte	1
                        1004 
                        1005 .LDW_4cceb68:
00000419 05             1006 	.byte	5
0000041a 504d313000     1007 	.strz	"PM10"
0000041f 37             1008 	.byte	55
00000420 01             1009 	.byte	1
00000421 07             1010 	.byte	7
00000422 00000000*      1011 	.word	.LDW_4c908b8
00000426 01             1012 	.byte	1
00000427 01             1013 	.byte	1
                        1014 
                        1015 .LDW_4ccedd0:
00000428 05             1016 	.byte	5
00000429 504d433000     1017 	.strz	"PMC0"
0000042e 38             1018 	.byte	56
0000042f 01             1019 	.byte	1
00000430 07             1020 	.byte	7
00000431 00000000*      1021 	.word	.LDW_4c908b8
00000435 01             1022 	.byte	1
00000436 01             1023 	.byte	1
                        1024 

                                                                      Page 20
                                                              C:\Users\nhuliyap\AppData\Local\Temp\gh_0000bv01.s
                        1025 .LDW_4ccee80:
00000437 05             1026 	.byte	5
00000438 504d433800     1027 	.strz	"PMC8"
0000043d 39             1028 	.byte	57
0000043e 01             1029 	.byte	1
0000043f 07             1030 	.byte	7
00000440 00000000*      1031 	.word	.LDW_4c908b8
00000444 01             1032 	.byte	1
00000445 01             1033 	.byte	1
                        1034 
                        1035 .LDW_4ccef88:
00000446 05             1036 	.byte	5
00000447 504d433900     1037 	.strz	"PMC9"
0000044c 3a             1038 	.byte	58
0000044d 01             1039 	.byte	1
0000044e 07             1040 	.byte	7
0000044f 00000000*      1041 	.word	.LDW_4c908b8
00000453 01             1042 	.byte	1
00000454 01             1043 	.byte	1
                        1044 
                        1045 .LDW_4ccefe0:
00000455 05             1046 	.byte	5
00000456 504d43313000   1047 	.strz	"PMC10"
0000045c 3b             1048 	.byte	59
0000045d 01             1049 	.byte	1
0000045e 07             1050 	.byte	7
0000045f 00000000*      1051 	.word	.LDW_4c908b8
00000463 01             1052 	.byte	1
00000464 01             1053 	.byte	1
                        1054 
                        1055 .LDW_4cce590:
00000465 05             1056 	.byte	5
00000466 504942433000   1057 	.strz	"PIBC0"
0000046c 3f             1058 	.byte	63
0000046d 01             1059 	.byte	1
0000046e 07             1060 	.byte	7
0000046f 00000000*      1061 	.word	.LDW_4c908b8
00000473 01             1062 	.byte	1
00000474 01             1063 	.byte	1
                        1064 
                        1065 .LDW_4cce328:
00000475 05             1066 	.byte	5
00000476 504942433800   1067 	.strz	"PIBC8"
0000047c 40             1068 	.byte	64
0000047d 01             1069 	.byte	1
0000047e 07             1070 	.byte	7
0000047f 00000000*      1071 	.word	.LDW_4c908b8
00000483 01             1072 	.byte	1
00000484 01             1073 	.byte	1
                        1074 
                        1075 .LDW_4ccea60:
00000485 05             1076 	.byte	5
00000486 504942433900   1077 	.strz	"PIBC9"
0000048c 41             1078 	.byte	65
0000048d 01             1079 	.byte	1
0000048e 07             1080 	.byte	7
0000048f 00000000*      1081 	.word	.LDW_4c908b8
00000493 01             1082 	.byte	1
00000494 01             1083 	.byte	1
                        1084 
                        1085 .LDW_4cceb10:

                                                                      Page 21
                                                              C:\Users\nhuliyap\AppData\Local\Temp\gh_0000bv01.s
00000495 05             1086 	.byte	5
00000496 504942433130   1087 	.strz	"PIBC10"
0000049c 00 
0000049d 42             1088 	.byte	66
0000049e 01             1089 	.byte	1
0000049f 07             1090 	.byte	7
000004a0 00000000*      1091 	.word	.LDW_4c908b8
000004a4 01             1092 	.byte	1
000004a5 01             1093 	.byte	1
                        1094 
                        1095 .LDW_4cce538:
000004a6 04             1096 	.byte	4
000004a7 4366674d6361   1097 	.strz	"CfgMcalDio_castListPins"
000004ad 6c44696f5f63 
000004b3 6173744c6973 
000004b9 7450696e7300 
000004bf 36             1098 	.byte	54
000004c0 30             1099 	.byte	48
000004c1 01             1100 	.byte	1
000004c2 00000000*      1101 	.word	.LDW_419ad38
000004c6 01             1102 	.byte	1
000004c7 00             1103 	.byte	0
000004c8 0503           1104 	.byte	5,3
000004ca 00000000*      1105 	.word	_CfgMcalDio_castListPins
                        1106 
                        1107 	.section	.debug_abbrev
000000b3 04             1108 	.byte	4
000000b4 34             1109 	.byte	52
000000b5 00             1110 	.byte	0
000000b6 0308           1111 	.byte	3,8
000000b8 3b0f           1112 	.byte	59,15
000000ba 390f           1113 	.byte	57,15
000000bc 3a0f           1114 	.byte	58,15
000000be 4910           1115 	.byte	73,16
000000c0 3f0c           1116 	.byte	63,12
000000c2 3c0c           1117 	.byte	60,12
000000c4 020a           1118 	.byte	2,10
000000c6 0000           1119 	.byte	0,0
                        1120 
                        1121 	.section	.debug_info
000004ce 00             1122 	.byte	0
                        1123 
                        1124 	.section	.debug_line
                        1125 .Ldw_line_end:
                        1126 	.section	.debug_macinfo
00000000 01             1127 	.byte	1
00000001 00             1128 	.byte	0
00000002 5f5f6768735f   1129 	.strz	"__ghs__ 1"
00000008 5f203100 
0000000c 01             1130 	.byte	1
0000000d 00             1131 	.byte	0
0000000e 5f5f4c4c4f4e   1132 	.strz	"__LLONG_BIT 64"
00000014 475f42495420 
0000001a 363400 
0000001d 03             1133 	.byte	3
0000001e 00             1134 	.byte	0
0000001f 01             1135 	.byte	1
00000020 03             1136 	.byte	3
00000021 1a             1137 	.byte	26
00000022 02             1138 	.byte	2
00000023 03             1139 	.byte	3

                                                                      Page 22
                                                              C:\Users\nhuliyap\AppData\Local\Temp\gh_0000bv01.s
00000024 1c             1140 	.byte	28
00000025 03             1141 	.byte	3
00000026 04             1142 	.byte	4
00000027 03             1143 	.byte	3
00000028 1d             1144 	.byte	29
00000029 04             1145 	.byte	4
0000002a 03             1146 	.byte	3
0000002b 1b             1147 	.byte	27
0000002c 05             1148 	.byte	5
0000002d 03             1149 	.byte	3
0000002e 54             1150 	.byte	84
0000002f 06             1151 	.byte	6
00000030 04             1152 	.byte	4
00000031 04             1153 	.byte	4
00000032 01             1154 	.byte	1
00000033 3d             1155 	.byte	61
00000034 434f4e535428   1156 	.strz	"CONST(type,memclass) const type"
0000003a 747970652c6d 
00000040 656d636c6173 
00000046 732920636f6e 
0000004c 737420747970 
00000052 6500 
00000054 04             1157 	.byte	4
00000055 04             1158 	.byte	4
00000056 03             1159 	.byte	3
00000057 1c             1160 	.byte	28
00000058 07             1161 	.byte	7
00000059 03             1162 	.byte	3
0000005a 1b             1163 	.byte	27
0000005b 08             1164 	.byte	8
0000005c 01             1165 	.byte	1
0000005d 25             1166 	.byte	37
0000005e 505241474d41   1167 	.strz	"PRAGMA(x) _Pragma(#x)"
00000064 287829205f50 
0000006a 7261676d6128 
00000070 23782900 
00000074 01             1168 	.byte	1
00000075 26             1169 	.byte	38
00000076 5f5f52454144   1170 	.strz	"__READ volatile const"
0000007c 20766f6c6174 
00000082 696c6520636f 
00000088 6e737400 
0000008c 01             1171 	.byte	1
0000008d 28             1172 	.byte	40
0000008e 5f5f52454144   1173 	.strz	"__READ_WRITE volatile"
00000094 5f5752495445 
0000009a 20766f6c6174 
000000a0 696c6500 
000000a4 01             1174 	.byte	1
000000a5 2a             1175 	.byte	42
000000a6 5f5f494f5245   1176 	.strz	"__IOREG(reg,addr,attrib,type) PRAGMA(ghs io reg addr) extern attrib type reg;"
000000ac 47287265672c 
000000b2 616464722c61 
000000b8 74747269622c 
000000be 747970652920 
000000c4 505241474d41 
000000ca 286768732069 
000000d0 6f2072656720 
000000d6 616464722920 
000000dc 65787465726e 
000000e2 206174747269 

                                                                      Page 23
                                                              C:\Users\nhuliyap\AppData\Local\Temp\gh_0000bv01.s
000000e8 622074797065 
000000ee 207265673b00 
000000f4 04             1177 	.byte	4
000000f5 04             1178 	.byte	4
000000f6 03             1179 	.byte	3
000000f7 1d             1180 	.byte	29
000000f8 09             1181 	.byte	9
000000f9 03             1182 	.byte	3
000000fa 1b             1183 	.byte	27
000000fb 0a             1184 	.byte	10
000000fc 04             1185 	.byte	4
000000fd 04             1186 	.byte	4
000000fe 04             1187 	.byte	4
000000ff 00             1188 	.byte	0
                        1189 	.section	.debug_abbrev
000000c8 00             1190 	.byte	0
                        1191 	.section	.debug_info
                        1192 .Ldw_end:
                        1193 .rh850_flags REGMODE32,DATA_ALIGN8,GP_FIX,EP_NONFIX,TP_FIX,REG2_RESERVE,G3K,GHS_MISALIGN,SDA_EXTRA_REGS_0
