                                                                      Page 1
                                                              C:\Users\nhuliyap\AppData\Local\Temp\gh_000094c1.s
Command Line: C:\ghs\comp_201517\ease850.exe -w -elf -b0 -I../source/common -I../source/ProjectCompiler -I../source/ProjectCfg -I../source/SwcApplTpms -I../source/SwcApplTpms/Intface -I../source/SwcApplEcuM -I../source/SwcServiceEcuM -I../source/SwcServiceNvM -I../source/SwcServiceOs -I../source/SwcServiceStartUp -I../source/McalAdc -I../source/McalDio -I../source/McalGpt -I../source/McalMcu -I../source/McalWdg -I../source/wrappers -I../source/wrappers/McalAta -I../source/McalLin -I../source/McalCan -I../source/wrappers/OS -I../source/McalFls -I../source/EcuabFee -I../source/EcuabMemIf -I../source/wrappers/VStdLib -I../source/wrappers/Crc -I../source/wrappers/FBL_APPL -I../source/wrappers/CAN_MANAGER -I../source/wrappers/NVM_MANAGER -I../source/wrappers/DEM_MANAGER -I../source/wrappers/RDC_MANAGER -I../source/wrappers/ENV_MANAGER -I../source/wrappers/SYS_MANAGER -I../source/wrappers/EcuabCanIf -I../source/wrappers/SwcServiceCanSM -I../source/wrappers/SwcServiceCanTp -I../source/wrappers/SwcServiceCanTp_PreCompile -I../source/wrappers/SwcServiceCom -I../source/wrappers/SwcServiceComM -I../source/wrappers/SwcServiceComStack -I../source/wrappers/SwcServiceDcm -I../source/wrappers/SwcServicePduR -I../source/wrappers/SwcServiceEcuM -I../source/wrappers/Bfx -I../source/wrappers/SwcServiceDem -I../source/SwcServiceDet -I../source/SwcServiceFiM -I../source/wrappers/LibAutosarDiag -I../source/wrappers/rba_BswSrv -I../source/SwcServiceSchM -I../source/wrappers/SwcServiceComM/Integration -I../source/wrappers/SwcServicePduR/Integration -I../source/wrappers/EcuabCanIf/Integration -I../source/wrappers/SwcServiceCom/Integration -I../source/wrappers/SwcServiceCanTp/Integration -I../source/wrappers/SwcServiceEcuM/Integration -I../source/SwcServiceDet/Integration -I../source/wrappers/SwcServiceDcm/Integration -I../source/wrappers/SwcServiceDem/Integration -I../source/SwcServiceFiM/Integration -I../source/wrappers/EcuabCanIf/api -I../source/wrappers/SwcServiceCom/api -I../source/wrappers/SwcServiceComM/api -I../source/wrappers/SwcServicePduR/api -I../source/wrappers/Bfx/api -I../source/SwcServiceDet/api -I../source/SwcServiceFiM/api -I../source/wrappers/LibAutosarDiag/api -I../source/wrappers/rba_BswSrv/api -IC:\ghs\comp_201517\lib\rh850 -cg_underscore -cpu=rh850g3k -no_v850_simd -rh850_fpsimd=none -nomacro -patch_dbo=C:\_ECU2\ECU_Rivian_A1\Target\repo_projects\pRealEcu\cL_R2023.09.01\make\output\objects\Dem_PrjEraseAllNvMDataHandling.dbo -source=Dem_PrjEraseAllNvMDataHandling.c -o output\objects\gh_000094c1.o -list=output\list\Dem_PrjEraseAllNvMDataHandling.lst C:\Users\nhuliyap\AppData\Local\Temp\gh_000094c1.s 
Original File: C:\Users\nhuliyap\AppData\Local\Temp\gh_000094c1.s
Source File: Dem_PrjEraseAllNvMDataHandling.c
Directory: C:\_ECU2\ECU_Rivian_A1\Target\repo_projects\pRealEcu\cL_R2023.09.01\make
Host OS: Windows
EASE: Copyright (C) 1983-2015 Green Hills Software.  All Rights Reserved.
Release: Compiler v2015.1.7
Build Directory: [Directory] BTOWORKER6:c:/build_2015_1_bto/2015-10-21.2100-2015_1_bto/win32-comp-ecom
Revision: [VCInfo] http://toolsvc/branches/release-branch-70-bto/src@544153 (built by build)
Revision Date: Thu Oct 22 07:50:13 2015

Release Date: Thu Oct 22 09:32:32 2015

                           1 --Driver Command: ccv850
                           2 --		../source/wrappers/SwcServiceDem/Integration/Dem_PrjEraseAllNvMDataHandling.c
                           3 --		-cpu=rh850 -fhard -ignore_callt_state_in_interrupts -large_sda
                           4 --		-misalign_pack -nofarcalls -nofloatio -no_callt -Ogeneral
                           5 --		-Onounroll -prepare_dispose -registermode=32 -reserve_r2 -sda=0
                           6 --		-shorten_loads -Wshadow --brief_diagnostics --no_commons
                           7 --		--no_wrap_diagnostics --prototype_errors --short_enum -list -G
                           8 --		-dual_debug -dwarf -X5523 -lnk=-no_xda_modifications -D
                           9 --		NOT_READY_FOR_TESTING_OR_DEPLOYMENT -D IBTCM_SW_ANPASSUNGEN -D
                          10 --		BUILD_LORDSTOWN -c -inline_prologue -I../source/common
                          11 --		-I../source/ProjectCompiler -I../source/ProjectCfg
                          12 --		-I../source/SwcApplTpms -I../source/SwcApplTpms/Intface
                          13 --		-I../source/SwcApplEcuM -I../source/SwcServiceEcuM
                          14 --		-I../source/SwcServiceNvM -I../source/SwcServiceOs
                          15 --		-I../source/SwcServiceStartUp -I../source/McalAdc
                          16 --		-I../source/McalDio -I../source/McalGpt -I../source/McalMcu
                          17 --		-I../source/McalWdg -I../source/wrappers
                          18 --		-I../source/wrappers/McalAta -I../source/McalLin
                          19 --		-I../source/McalCan -I../source/wrappers/OS -I../source/McalFls
                          20 --		-I../source/EcuabFee -I../source/EcuabMemIf
                          21 --		-I../source/wrappers/VStdLib -I../source/wrappers
                          22 --		-I../source/wrappers/Crc -I../source/wrappers/FBL_APPL
                          23 --		-I../source/wrappers/CAN_MANAGER -I../source/wrappers/NVM_MANAGER
                          24 --		-I../source/wrappers/DEM_MANAGER -I../source/wrappers/RDC_MANAGER
                          25 --		-I../source/wrappers/ENV_MANAGER -I../source/wrappers/SYS_MANAGER
                          26 --		-I../source/wrappers/EcuabCanIf
                          27 --		-I../source/wrappers/SwcServiceCanSM
                          28 --		-I../source/wrappers/SwcServiceCanTp
                          29 --		-I../source/wrappers/SwcServiceCanTp_PreCompile
                          30 --		-I../source/wrappers/SwcServiceCom
                          31 --		-I../source/wrappers/SwcServiceComM
                          32 --		-I../source/wrappers/SwcServiceComStack
                          33 --		-I../source/wrappers/SwcServiceDcm
                          34 --		-I../source/wrappers/SwcServicePduR
                          35 --		-I../source/wrappers/SwcServiceEcuM -I../source/wrappers/Bfx
                          36 --		-I../source/wrappers/SwcServiceDem -I../source/SwcServiceDet
                          37 --		-I../source/SwcServiceFiM -I../source/wrappers/LibAutosarDiag
                          38 --		-I../source/wrappers/rba_BswSrv -I../source/SwcServiceSchM
                          39 --		-I../source/wrappers/SwcServiceComM/Integration
                          40 --		-I../source/wrappers/SwcServicePduR/Integration
                          41 --		-I../source/wrappers/EcuabCanIf/Integration
                          42 --		-I../source/wrappers/SwcServiceCom/Integration
                          43 --		-I../source/wrappers/SwcServiceCanTp/Integration
                          44 --		-I../source/wrappers/SwcServiceEcuM/Integration
                          45 --		-I../source/SwcServiceDet/Integration
                          46 --		-I../source/wrappers/SwcServiceDcm/Integration
                          47 --		-I../source/wrappers/SwcServiceDem/Integration
                          48 --		-I../source/SwcServiceFiM/Integration
                          49 --		-I../source/wrappers/EcuabCanIf/api
                          50 --		-I../source/wrappers/SwcServiceCom/api

                                                                      Page 2
                                                              C:\Users\nhuliyap\AppData\Local\Temp\gh_000094c1.s
                          51 --		-I../source/wrappers/SwcServiceComM/api
                          52 --		-I../source/wrappers/SwcServicePduR/api
                          53 --		-I../source/wrappers/Bfx/api -I../source/SwcServiceDet/api
                          54 --		-I../source/SwcServiceFiM/api
                          55 --		-I../source/wrappers/LibAutosarDiag/api
                          56 --		-I../source/wrappers/rba_BswSrv/api -object_dir=output/objects
                          57 --		-list_dir=output/list
                          58 --Source File:   ../source/wrappers/SwcServiceDem/Integration/Dem_PrjEraseAllNvMDataHandling.c
                          59 --Directory:     
                          60 --		C:\_ECU2\ECU_Rivian_A1\Target\repo_projects\pRealEcu\cL_R2023.09.01\make
                          61 --Compile Date:  Wed Sep 06 08:57:26 2023
                          62 --Host OS:       Win32
                          63 --Version:       C-RH850 2015.1.7 RELEASE VERSION
                          64 --Release:       Compiler v2015.1.7
                          65 --Revision Date: Thu Oct 22 08:06:12 2015
                          66 --Release Date:  Thu Oct 22 09:34:32 2015
                          67 -- ecom  -g -w -OM
                          68 	.text
                          69 ..bof.C.3A.5C_ECU2.5CECU_Rivian_A1.5CTarget.5Crepo_projects.5CpRealEcu.5CcL_R2023.2E09.2E01.5Cmake.5Coutput.5Cobjects.5CDem_PrjEraseAllNvMDataHandling...43.3A.5C_ECU2.5CECU_Rivian_A1.5CTarget.5Crepo_projects.5CpRealEcu.5CcL_R2023.2E09.2E01.5Cmake..64F822D6..0::
                          70 	.align	2
                          71 ..gh.f.f.1.e.0:
                          72 	.type	..gh.f.f.1.e.0,@object
                          73 	.size	..gh.f.f.1.e.0,0
                          74 	.global	_Dem_PrjEraseAllNvMDataHandling
                          75 _Dem_PrjEraseAllNvMDataHandling:
00000000 8600             76 	zxb	r6
                          77 --	    .bf
                          78 .LDW01:
00000002 6432             79 	cmp	4,r6
00000004 e2570000         80 	setfe	r10
                          81 --	    .ef
                          82 .LDW11:
00000008 7f00             83 	jmp	[lp]
                          84 	.global	___ghs_eofn_Dem_PrjEraseAllNvMDataHandling
                          85 ___ghs_eofn_Dem_PrjEraseAllNvMDataHandling:
                          86 	.type	_Dem_PrjEraseAllNvMDataHandling,@function
                          87 	.size	_Dem_PrjEraseAllNvMDataHandling,.-_Dem_PrjEraseAllNvMDataHandling
                          88 	.align	2
                          89 --_eraseAll	r10	local
                          90 
                          91 --_HashIdCheckResult	r6	param
                          92 
                          93 	.section ".bss","awb"
                          94 .L45:
                          95 	.type	.L45,@object
                          96 	.size	.L45,0
                          97 	.data
                          98 	.text
                          99 	.align	2
                         100 
                         101 	.data
                         102 	.ghsnote version,17
                         103 	.ghsnote tools,3
                         104 	.ghsnote options,144
                         105 	.text
                         106 	.align	2
                         107 ..eof.C.3A.5C_ECU2.5CECU_Rivian_A1.5CTarget.5Crepo_projects.5CpRealEcu.5CcL_R2023.2E09.2E01.5Cmake.5Coutput.5Cobjects.5CDem_PrjEraseAllNvMDataHandling...43.3A.5C_ECU2.5CECU_Rivian_A1.5CTarget.5Crepo_projects.5CpRealEcu.5CcL_R2023.2E09.2E01.5Cmake..64F822D6..0::
                         108 	.section	.debug_info
                         109 .Ldw_begin:
00000000 b0010000        110 	.word	.Ldw_end-.Ldw_begin-4
00000004 0200            111 	.byte	2,0

                                                                      Page 3
                                                              C:\Users\nhuliyap\AppData\Local\Temp\gh_000094c1.s
00000006 00000000*       112 	.word	.Ldw_abbr_begin
0000000a 04              113 	.byte	4
                         114 	.section	.debug_abbrev
                         115 .Ldw_abbr_begin:
                         116 	.section	.debug_info
0000000b 01              117 	.byte	1
0000000c 00000000*       118 	.word	..bof.C.3A.5C_ECU2.5CECU_Rivian_A1.5CTarget.5Crepo_projects.5CpRealEcu.5CcL_R2023.2E09.2E01.5Cmake.5Coutput.5Cobjects.5CDem_PrjEraseAllNvMDataHandling...43.3A.5C_ECU2.5CECU_Rivian_A1.5CTarget.5Crepo_projects.5CpRealEcu.5CcL_R2023.2E09.2E01.5Cmake..64F822D6..0
00000010 00000000*       119 	.word	..eof.C.3A.5C_ECU2.5CECU_Rivian_A1.5CTarget.5Crepo_projects.5CpRealEcu.5CcL_R2023.2E09.2E01.5Cmake.5Coutput.5Cobjects.5CDem_PrjEraseAllNvMDataHandling...43.3A.5C_ECU2.5CECU_Rivian_A1.5CTarget.5Crepo_projects.5CpRealEcu.5CcL_R2023.2E09.2E01.5Cmake..64F822D6..0
00000014 2e2e2f736f75    120 	.strz	"../source/wrappers/SwcServiceDem/Integration/Dem_PrjEraseAllNvMDataHandling.c"
0000001a 7263652f7772 
00000020 617070657273 
00000026 2f5377635365 
0000002c 727669636544 
00000032 656d2f496e74 
00000038 656772617469 
0000003e 6f6e2f44656d 
00000044 5f50726a4572 
0000004a 617365416c6c 
00000050 4e764d446174 
00000056 6148616e646c 
0000005c 696e672e6300 
00000062 433a5c5f4543    121 	.strz	"C:\\_ECU2\\ECU_Rivian_A1\\Target\\repo_projects\\pRealEcu\\cL_R2023.09.01\\make"
00000068 55325c454355 
0000006e 5f5269766961 
00000074 6e5f41315c54 
0000007a 61726765745c 
00000080 7265706f5f70 
00000086 726f6a656374 
0000008c 735c70526561 
00000092 6c4563755c63 
00000098 4c5f52323032 
0000009e 332e30392e30 
000000a4 315c6d616b65 
000000aa 00 
000000ab 474853204320    122 	.strz	"GHS C 2015.1.7 [dual]"
000000b1 323031352e31 
000000b7 2e37205b6475 
000000bd 616c5d00 
000000c1 0100            123 	.byte	1,0
000000c3 00000000*       124 	.word	.Ldw_line_begin
000000c7 00000000*       125 	.word	.Ldw_macinfo_begin
000000cb 00              126 	.byte	0
                         127 
                         128 	.section	.debug_abbrev
00000000 01              129 	.byte	1
00000001 11              130 	.byte	17
00000002 01              131 	.byte	1
00000003 1101            132 	.byte	17,1
00000005 1201            133 	.byte	18,1
00000007 0308            134 	.byte	3,8
00000009 1b08            135 	.byte	27,8
0000000b 2508            136 	.byte	37,8
0000000d 1305            137 	.byte	19,5
0000000f 1006            138 	.byte	16,6
00000011 4306            139 	.byte	67,6
00000013 420b            140 	.byte	66,11
00000015 0000            141 	.byte	0,0
                         142 
                         143 	.section	.debug_line
                         144 .Ldw_line_begin:
00000000 b9030000        145 	.word	.Ldw_line_end-.Ldw_line_begin-4

                                                                      Page 4
                                                              C:\Users\nhuliyap\AppData\Local\Temp\gh_000094c1.s
00000004 0200            146 	.byte	2,0
00000006 00000000*       147 	.word	.Ldw_lpro_end-.Ldw_lpro_begin
                         148 .Ldw_lpro_begin:
0000000a 01              149 	.byte	1
0000000b 00              150 	.byte	0
0000000c 00              151 	.byte	0
0000000d 04              152 	.byte	4
0000000e 0a              153 	.byte	10
0000000f 000101          154 	.byte	0,1,1
00000012 010100          155 	.byte	1,1,0
00000015 000001          156 	.byte	0,0,1
00000018 00              157 	.byte	0
00000019 2e2e2f736f75    158 	.strz	"../source/wrappers/SwcServiceDem/Integration/Dem_PrjEraseAllNvMDataHandling.c"
0000001f 7263652f7772 
00000025 617070657273 
0000002b 2f5377635365 
00000031 727669636544 
00000037 656d2f496e74 
0000003d 656772617469 
00000043 6f6e2f44656d 
00000049 5f50726a4572 
0000004f 617365416c6c 
00000055 4e764d446174 
0000005b 6148616e646c 
00000061 696e672e6300 
00000067 000000          159 	.byte	0,0,0
0000006a 2e2e2f736f75    160 	.strz	"../source/wrappers/SwcServiceDem/Integration/Dem_PrjEraseAllNvMDataHandling.hpp"
00000070 7263652f7772 
00000076 617070657273 
0000007c 2f5377635365 
00000082 727669636544 
00000088 656d2f496e74 
0000008e 656772617469 
00000094 6f6e2f44656d 
0000009a 5f50726a4572 
000000a0 617365416c6c 
000000a6 4e764d446174 
000000ac 6148616e646c 
000000b2 696e672e6870 
000000b8 7000 
000000ba 000000          161 	.byte	0,0,0
000000bd 2e2e2f736f75    162 	.strz	"../source/wrappers/SwcServiceDem/Dem_Types.hpp"
000000c3 7263652f7772 
000000c9 617070657273 
000000cf 2f5377635365 
000000d5 727669636544 
000000db 656d2f44656d 
000000e1 5f5479706573 
000000e7 2e68707000 
000000ec 000000          163 	.byte	0,0,0
000000ef 2e2e2f736f75    164 	.strz	"../source/common/Std_Types.hpp"
000000f5 7263652f636f 
000000fb 6d6d6f6e2f53 
00000101 74645f547970 
00000107 65732e687070 
0000010d 00 
0000010e 000000          165 	.byte	0,0,0
00000111 2e2e2f736f75    166 	.strz	"../source/common/Platform_Types.hpp"
00000117 7263652f636f 
0000011d 6d6d6f6e2f50 
00000123 6c6174666f72 

                                                                      Page 5
                                                              C:\Users\nhuliyap\AppData\Local\Temp\gh_000094c1.s
00000129 6d5f54797065 
0000012f 732e68707000 
00000135 000000          167 	.byte	0,0,0
00000138 2e2e2f736f75    168 	.strz	"../source/common/Compiler.hpp"
0000013e 7263652f636f 
00000144 6d6d6f6e2f43 
0000014a 6f6d70696c65 
00000150 722e68707000 
00000156 000000          169 	.byte	0,0,0
00000159 2e2e2f736f75    170 	.strz	"../source/ProjectCompiler/Compiler_Cfg.hpp"
0000015f 7263652f5072 
00000165 6f6a65637443 
0000016b 6f6d70696c65 
00000171 722f436f6d70 
00000177 696c65725f43 
0000017d 66672e687070 
00000183 00 
00000184 000000          171 	.byte	0,0,0
00000187 2e2e2f736f75    172 	.strz	"../source/ProjectCompiler/CompilerCfg_SwcServiceOs.hpp"
0000018d 7263652f5072 
00000193 6f6a65637443 
00000199 6f6d70696c65 
0000019f 722f436f6d70 
000001a5 696c65724366 
000001ab 675f53776353 
000001b1 657276696365 
000001b7 4f732e687070 
000001bd 00 
000001be 000000          173 	.byte	0,0,0
000001c1 2e2e2f736f75    174 	.strz	"../source/ProjectCfg/Dem_Cfg.hpp"
000001c7 7263652f5072 
000001cd 6f6a65637443 
000001d3 66672f44656d 
000001d9 5f4366672e68 
000001df 707000 
000001e2 000000          175 	.byte	0,0,0
000001e5 2e2e2f736f75    176 	.strz	"../source/ProjectCfg/Dem_Cfg_Client.hpp"
000001eb 7263652f5072 
000001f1 6f6a65637443 
000001f7 66672f44656d 
000001fd 5f4366675f43 
00000203 6c69656e742e 
00000209 68707000 
0000020d 000000          177 	.byte	0,0,0
00000210 2e2e2f736f75    178 	.strz	"../source/wrappers/SwcServiceDem/Dem_ClientHandlingTypes.hpp"
00000216 7263652f7772 
0000021c 617070657273 
00000222 2f5377635365 
00000228 727669636544 
0000022e 656d2f44656d 
00000234 5f436c69656e 
0000023a 7448616e646c 
00000240 696e67547970 
00000246 65732e687070 
0000024c 00 
0000024d 000000          179 	.byte	0,0,0
00000250 2e2e2f736f75    180 	.strz	"../source/ProjectCfg/Dem_Cfg_NodeId.hpp"
00000256 7263652f5072 
0000025c 6f6a65637443 
00000262 66672f44656d 
00000268 5f4366675f4e 

                                                                      Page 6
                                                              C:\Users\nhuliyap\AppData\Local\Temp\gh_000094c1.s
0000026e 6f646549642e 
00000274 68707000 
00000278 000000          181 	.byte	0,0,0
0000027b 2e2e2f736f75    182 	.strz	"../source/ProjectCfg/Dem_Cfg_Version.hpp"
00000281 7263652f5072 
00000287 6f6a65637443 
0000028d 66672f44656d 
00000293 5f4366675f56 
00000299 657273696f6e 
0000029f 2e68707000 
000002a4 000000          183 	.byte	0,0,0
000002a7 2e2e2f736f75    184 	.strz	"../source/wrappers/Rte_Dem_Type.hpp"
000002ad 7263652f7772 
000002b3 617070657273 
000002b9 2f5274655f44 
000002bf 656d5f547970 
000002c5 652e68707000 
000002cb 000000          185 	.byte	0,0,0
000002ce 2e2e2f736f75    186 	.strz	"../source/McalMcu/types.hpp"
000002d4 7263652f4d63 
000002da 616c4d63752f 
000002e0 74797065732e 
000002e6 68707000 
000002ea 000000          187 	.byte	0,0,0
000002ed 2e2e2f736f75    188 	.strz	"../source/ProjectCompiler/Dem_MemMap.hpp"
000002f3 7263652f5072 
000002f9 6f6a65637443 
000002ff 6f6d70696c65 
00000305 722f44656d5f 
0000030b 4d656d4d6170 
00000311 2e68707000 
00000316 000000          189 	.byte	0,0,0
00000319 2e2e2f736f75    190 	.strz	"../source/ProjectCompiler/Dem_Cfg_MemMap.hpp"
0000031f 7263652f5072 
00000325 6f6a65637443 
0000032b 6f6d70696c65 
00000331 722f44656d5f 
00000337 4366675f4d65 
0000033d 6d4d61702e68 
00000343 707000 
00000346 000000          191 	.byte	0,0,0
00000349 2e2e2f736f75    192 	.strz	"../source/ProjectCompiler/Bsw_MemMap.hpp"
0000034f 7263652f5072 
00000355 6f6a65637443 
0000035b 6f6d70696c65 
00000361 722f4273775f 
00000367 4d656d4d6170 
0000036d 2e68707000 
00000372 000000          193 	.byte	0,0,0
00000375 2e2e2f736f75    194 	.strz	"../source/ProjectCompiler/MemMap_Common.hpp"
0000037b 7263652f5072 
00000381 6f6a65637443 
00000387 6f6d70696c65 
0000038d 722f4d656d4d 
00000393 61705f436f6d 
00000399 6d6f6e2e6870 
0000039f 7000 
000003a1 000000          195 	.byte	0,0,0
000003a4 00              196 	.byte	0
                         197 .Ldw_lpro_end:
                         198 	.section	.debug_macinfo

                                                                      Page 7
                                                              C:\Users\nhuliyap\AppData\Local\Temp\gh_000094c1.s
                         199 .Ldw_macinfo_begin:
                         200 	.section	.debug_frame
                         201 .LDW_4ba33d0:
00000000 00000000*       202 	.word	.LDW_unq_2-.LDW_unq_1
                         203 .LDW_unq_1:
00000004 ffffffff        204 	.byte	255,255,255,255
00000008 01              205 	.byte	1
00000009 00              206 	.byte	0
0000000a 01              207 	.byte	1
0000000b 01              208 	.byte	1
0000000c 1f              209 	.byte	31
0000000d 0c              210 	.byte	12
0000000e 03              211 	.byte	3
0000000f 00              212 	.byte	0
00000010 07              213 	.byte	7
00000011 00              214 	.byte	0
00000012 07              215 	.byte	7
00000013 01              216 	.byte	1
00000014 07              217 	.byte	7
00000015 02              218 	.byte	2
00000016 07              219 	.byte	7
00000017 03              220 	.byte	3
00000018 07              221 	.byte	7
00000019 04              222 	.byte	4
0000001a 07              223 	.byte	7
0000001b 05              224 	.byte	5
0000001c 07              225 	.byte	7
0000001d 06              226 	.byte	6
0000001e 07              227 	.byte	7
0000001f 07              228 	.byte	7
00000020 07              229 	.byte	7
00000021 08              230 	.byte	8
00000022 07              231 	.byte	7
00000023 09              232 	.byte	9
00000024 07              233 	.byte	7
00000025 0a              234 	.byte	10
00000026 07              235 	.byte	7
00000027 0b              236 	.byte	11
00000028 07              237 	.byte	7
00000029 0c              238 	.byte	12
0000002a 07              239 	.byte	7
0000002b 0d              240 	.byte	13
0000002c 07              241 	.byte	7
0000002d 0e              242 	.byte	14
0000002e 07              243 	.byte	7
0000002f 0f              244 	.byte	15
00000030 07              245 	.byte	7
00000031 10              246 	.byte	16
00000032 07              247 	.byte	7
00000033 11              248 	.byte	17
00000034 07              249 	.byte	7
00000035 12              250 	.byte	18
00000036 07              251 	.byte	7
00000037 13              252 	.byte	19
00000038 08              253 	.byte	8
00000039 14              254 	.byte	20
0000003a 08              255 	.byte	8
0000003b 15              256 	.byte	21
0000003c 08              257 	.byte	8
0000003d 16              258 	.byte	22
0000003e 08              259 	.byte	8

                                                                      Page 8
                                                              C:\Users\nhuliyap\AppData\Local\Temp\gh_000094c1.s
0000003f 17              260 	.byte	23
00000040 08              261 	.byte	8
00000041 18              262 	.byte	24
00000042 08              263 	.byte	8
00000043 19              264 	.byte	25
00000044 08              265 	.byte	8
00000045 1a              266 	.byte	26
00000046 08              267 	.byte	8
00000047 1b              268 	.byte	27
00000048 08              269 	.byte	8
00000049 1c              270 	.byte	28
0000004a 08              271 	.byte	8
0000004b 1d              272 	.byte	29
0000004c 07              273 	.byte	7
0000004d 1e              274 	.byte	30
0000004e 08              275 	.byte	8
0000004f 1f              276 	.byte	31
00000050 07              277 	.byte	7
00000051 20              278 	.byte	32
00000052 07              279 	.byte	7
00000053 21              280 	.byte	33
00000054 07              281 	.byte	7
00000055 22              282 	.byte	34
00000056 07              283 	.byte	7
00000057 23              284 	.byte	35
00000058 07              285 	.byte	7
00000059 24              286 	.byte	36
0000005a 07              287 	.byte	7
0000005b 25              288 	.byte	37
0000005c 07              289 	.byte	7
0000005d 26              290 	.byte	38
0000005e 07              291 	.byte	7
0000005f 27              292 	.byte	39
00000060 07              293 	.byte	7
00000061 28              294 	.byte	40
00000062 07              295 	.byte	7
00000063 29              296 	.byte	41
00000064 07              297 	.byte	7
00000065 2a              298 	.byte	42
00000066 07              299 	.byte	7
00000067 2b              300 	.byte	43
00000068 07              301 	.byte	7
00000069 2c              302 	.byte	44
0000006a 07              303 	.byte	7
0000006b 2d              304 	.byte	45
0000006c 07              305 	.byte	7
0000006d 2e              306 	.byte	46
0000006e 07              307 	.byte	7
0000006f 2f              308 	.byte	47
00000070 07              309 	.byte	7
00000071 30              310 	.byte	48
00000072 07              311 	.byte	7
00000073 31              312 	.byte	49
00000074 07              313 	.byte	7
00000075 32              314 	.byte	50
00000076 07              315 	.byte	7
00000077 33              316 	.byte	51
00000078 07              317 	.byte	7
00000079 34              318 	.byte	52
0000007a 07              319 	.byte	7
0000007b 35              320 	.byte	53

                                                                      Page 9
                                                              C:\Users\nhuliyap\AppData\Local\Temp\gh_000094c1.s
0000007c 07              321 	.byte	7
0000007d 36              322 	.byte	54
0000007e 07              323 	.byte	7
0000007f 37              324 	.byte	55
00000080 07              325 	.byte	7
00000081 38              326 	.byte	56
00000082 07              327 	.byte	7
00000083 39              328 	.byte	57
00000084 07              329 	.byte	7
00000085 3a              330 	.byte	58
00000086 07              331 	.byte	7
00000087 3b              332 	.byte	59
00000088 07              333 	.byte	7
00000089 3c              334 	.byte	60
0000008a 07              335 	.byte	7
0000008b 3d              336 	.byte	61
0000008c 07              337 	.byte	7
0000008d 3e              338 	.byte	62
0000008e 07              339 	.byte	7
0000008f 3f              340 	.byte	63
                         341 .LDW_unq_2:
                         342 	.section	.debug_info
                         343 .LDW_16c71a8:
000000cc 25              344 	.byte	37
000000cd 756e7369676e    345 	.strz	"unsigned char"
000000d3 656420636861 
000000d9 7200 
000000db 08              346 	.byte	8
000000dc 01              347 	.byte	1
                         348 
                         349 	.section	.debug_abbrev
00000017 25              350 	.byte	37
00000018 24              351 	.byte	36
00000019 00              352 	.byte	0
0000001a 0308            353 	.byte	3,8
0000001c 3e0b            354 	.byte	62,11
0000001e 0b0b            355 	.byte	11,11
00000020 0000            356 	.byte	0,0
                         357 
                         358 	.section	.debug_info
                         359 .LDW_16c6fe8:
000000dd 44              360 	.byte	68
000000de 00000000*       361 	.word	.LDW_4b86fa8
000000e2 01              362 	.byte	1
                         363 
                         364 	.section	.debug_abbrev
00000022 44              365 	.byte	68
00000023 15              366 	.byte	21
00000024 01              367 	.byte	1
00000025 4910            368 	.byte	73,16
00000027 270c            369 	.byte	39,12
00000029 0000            370 	.byte	0,0
                         371 
                         372 	.section	.debug_info
                         373 .LDW_1705580:
000000e3 12              374 	.byte	18
000000e4 00000000*       375 	.word	.LDW_4b87000
000000e8 00              376 	.byte	0
                         377 
                         378 	.section	.debug_abbrev
0000002b 12              379 	.byte	18

                                                                      Page 10
                                                              C:\Users\nhuliyap\AppData\Local\Temp\gh_000094c1.s
0000002c 05              380 	.byte	5
0000002d 00              381 	.byte	0
0000002e 4910            382 	.byte	73,16
00000030 4b0c            383 	.byte	75,12
00000032 0000            384 	.byte	0,0
                         385 
                         386 	.section	.debug_info
000000e9 00              387 	.byte	0
                         388 
                         389 .LDW_16dc0a8:
000000ea 28              390 	.byte	40
000000eb 75696e743800    391 	.strz	"uint8"
000000f1 50              392 	.byte	80
000000f2 4b              393 	.byte	75
000000f3 05              394 	.byte	5
000000f4 00000000*       395 	.word	.LDW_16c71a8
                         396 
                         397 	.section	.debug_abbrev
00000034 28              398 	.byte	40
00000035 16              399 	.byte	22
00000036 00              400 	.byte	0
00000037 0308            401 	.byte	3,8
00000039 3b0f            402 	.byte	59,15
0000003b 390f            403 	.byte	57,15
0000003d 3a0f            404 	.byte	58,15
0000003f 4910            405 	.byte	73,16
00000041 0000            406 	.byte	0,0
                         407 
                         408 	.section	.debug_info
                         409 .LDW_4b86fa8:
000000f8 28              410 	.byte	40
000000f9 44656d5f4572    411 	.strz	"Dem_EraseAllRequestType"
000000ff 617365416c6c 
00000105 526571756573 
0000010b 745479706500 
00000111 6e              412 	.byte	110
00000112 0f              413 	.byte	15
00000113 03              414 	.byte	3
00000114 00000000*       415 	.word	.LDW_16dc0a8
                         416 
                         417 .LDW_4b87000:
00000118 28              418 	.byte	40
00000119 44656d5f4861    419 	.strz	"Dem_HashIdCheckResultType"
0000011f 736849644368 
00000125 65636b526573 
0000012b 756c74547970 
00000131 6500 
00000133 72              420 	.byte	114
00000134 0f              421 	.byte	15
00000135 03              422 	.byte	3
00000136 00000000*       423 	.word	.LDW_16dc0a8
                         424 
                         425 .LDW_4b87058:
0000013a 14              426 	.byte	20
0000013b 44656d5f5072    427 	.strz	"Dem_PrjEraseAllNvMDataHandling"
00000141 6a4572617365 
00000147 416c6c4e764d 
0000014d 446174614861 
00000153 6e646c696e67 
00000159 00 
0000015a 0b              428 	.byte	11

                                                                      Page 11
                                                              C:\Users\nhuliyap\AppData\Local\Temp\gh_000094c1.s
0000015b 19              429 	.byte	25
0000015c 01              430 	.byte	1
0000015d 00000000*       431 	.word	.LDW_4b86fa8
00000161 00000000*       432 	.word	_Dem_PrjEraseAllNvMDataHandling
00000165 00000000*       433 	.word	___ghs_eofn_Dem_PrjEraseAllNvMDataHandling
00000169 0153            434 	.byte	1,83
0000016b 02              435 	.byte	2
0000016c 00              436 	.byte	0
0000016d 02              437 	.byte	2
0000016e 00              438 	.byte	0
0000016f 00              439 	.byte	0
00000170 00              440 	.byte	0
00000171 00              441 	.byte	0
00000172 01              442 	.byte	1
00000173 01              443 	.byte	1
00000174 00              444 	.byte	0
00000175 01              445 	.byte	1
                         446 
                         447 	.section	.debug_abbrev
00000043 14              448 	.byte	20
00000044 2e              449 	.byte	46
00000045 01              450 	.byte	1
00000046 0308            451 	.byte	3,8
00000048 3b0f            452 	.byte	59,15
0000004a 390f            453 	.byte	57,15
0000004c 3a0f            454 	.byte	58,15
0000004e 4910            455 	.byte	73,16
00000050 1101            456 	.byte	17,1
00000052 1201            457 	.byte	18,1
00000054 400a            458 	.byte	64,10
00000056 8341            459 	.byte	131,65
00000058 0f              460 	.byte	15
00000059 8741            461 	.byte	135,65
0000005b 0d              462 	.byte	13
0000005c 8541            463 	.byte	133,65
0000005e 0f              464 	.byte	15
0000005f 8641            465 	.byte	134,65
00000061 0d              466 	.byte	13
00000062 9241            467 	.byte	146,65
00000064 0f              468 	.byte	15
00000065 3c0c            469 	.byte	60,12
00000067 200b            470 	.byte	32,11
00000069 3f0c            471 	.byte	63,12
0000006b 320b            472 	.byte	50,11
0000006d 4c0b            473 	.byte	76,11
0000006f 270c            474 	.byte	39,12
00000071 0000            475 	.byte	0,0
                         476 
                         477 	.section	.debug_frame
                         478 .LDW_4bd84e0:
00000090 00000000*       479 	.word	.LDW_unq_4-.LDW_unq_3
                         480 .LDW_unq_3:
00000094 00000000*       481 	.word	.LDW_4ba33d0
00000098 00000000*       482 	.word	_Dem_PrjEraseAllNvMDataHandling
0000009c 00000000*       483 	.word	___ghs_eofn_Dem_PrjEraseAllNvMDataHandling-_Dem_PrjEraseAllNvMDataHandling
000000a0 01              484 	.byte	1
000000a1 00000000*       485 	.word	.LDW11
000000a5 00              486 	.byte	0
000000a6 00              487 	.byte	0
000000a7 00              488 	.byte	0
                         489 .LDW_unq_4:

                                                                      Page 12
                                                              C:\Users\nhuliyap\AppData\Local\Temp\gh_000094c1.s
                         490 	.section	.debug_line
000003a5 000502          491 	.byte	0,5,2
000003a8 00000000*       492 	.word	_Dem_PrjEraseAllNvMDataHandling
000003ac 03              493 	.byte	3
000003ad 0b              494 	.byte	11
000003ae 02              495 	.byte	2
000003af 00              496 	.byte	0
000003b0 01              497 	.byte	1
000003b1 06              498 	.byte	6
000003b2 15              499 	.byte	21
000003b3 23              500 	.byte	35
000003b4 0c              501 	.byte	12
000003b5 02              502 	.byte	2
000003b6 00              503 	.byte	0
000003b7 0c              504 	.byte	12
000003b8 02              505 	.byte	2
000003b9 02              506 	.byte	2
000003ba 000101          507 	.byte	0,1,1
                         508 	.section	.debug_info
                         509 .LDW_4b870f0:
00000176 0f              510 	.byte	15
00000177 486173684964    511 	.strz	"HashIdCheckResult"
0000017d 436865636b52 
00000183 6573756c7400 
00000189 0b              512 	.byte	11
0000018a 52              513 	.byte	82
0000018b 01              514 	.byte	1
0000018c 00000000*       515 	.word	.LDW_4b87000
00000190 00              516 	.byte	0
00000191 0156            517 	.byte	1,86
                         518 
                         519 	.section	.debug_abbrev
00000073 0f              520 	.byte	15
00000074 05              521 	.byte	5
00000075 00              522 	.byte	0
00000076 0308            523 	.byte	3,8
00000078 3b0f            524 	.byte	59,15
0000007a 390f            525 	.byte	57,15
0000007c 3a0f            526 	.byte	58,15
0000007e 4910            527 	.byte	73,16
00000080 4b0c            528 	.byte	75,12
00000082 020a            529 	.byte	2,10
00000084 0000            530 	.byte	0,0
                         531 
                         532 	.section	.debug_info
                         533 .LDW_1705790:
00000193 1d              534 	.byte	29
00000194 00000000*       535 	.word	.LDW01
00000198 00000000*       536 	.word	.LDW11
                         537 
                         538 	.section	.debug_abbrev
00000086 1d              539 	.byte	29
00000087 0b              540 	.byte	11
00000088 01              541 	.byte	1
00000089 1101            542 	.byte	17,1
0000008b 1201            543 	.byte	18,1
0000008d 0000            544 	.byte	0,0
                         545 
                         546 	.section	.debug_info
                         547 .LDW_4b87148:
0000019c 04              548 	.byte	4

                                                                      Page 13
                                                              C:\Users\nhuliyap\AppData\Local\Temp\gh_000094c1.s
0000019d 657261736541    549 	.strz	"eraseAll"
000001a3 6c6c00 
000001a6 0d              550 	.byte	13
000001a7 1d              551 	.byte	29
000001a8 01              552 	.byte	1
000001a9 00000000*       553 	.word	.LDW_4b86fa8
000001ad 00              554 	.byte	0
000001ae 00              555 	.byte	0
000001af 015a            556 	.byte	1,90
                         557 
                         558 	.section	.debug_abbrev
0000008f 04              559 	.byte	4
00000090 34              560 	.byte	52
00000091 00              561 	.byte	0
00000092 0308            562 	.byte	3,8
00000094 3b0f            563 	.byte	59,15
00000096 390f            564 	.byte	57,15
00000098 3a0f            565 	.byte	58,15
0000009a 4910            566 	.byte	73,16
0000009c 3f0c            567 	.byte	63,12
0000009e 3c0c            568 	.byte	60,12
000000a0 020a            569 	.byte	2,10
000000a2 0000            570 	.byte	0,0
                         571 
                         572 	.section	.debug_info
000001b1 00              573 	.byte	0
                         574 
000001b2 00              575 	.byte	0
                         576 
000001b3 00              577 	.byte	0
                         578 
                         579 	.section	.debug_line
                         580 .Ldw_line_end:
                         581 	.section	.debug_macinfo
00000000 01              582 	.byte	1
00000001 00              583 	.byte	0
00000002 5f5f6768735f    584 	.strz	"__ghs__ 1"
00000008 5f203100 
0000000c 01              585 	.byte	1
0000000d 00              586 	.byte	0
0000000e 5f5f4c4c4f4e    587 	.strz	"__LLONG_BIT 64"
00000014 475f42495420 
0000001a 363400 
0000001d 01              588 	.byte	1
0000001e 00              589 	.byte	0
0000001f 4e4f545f5245    590 	.strz	"NOT_READY_FOR_TESTING_OR_DEPLOYMENT 1"
00000025 4144595f464f 
0000002b 525f54455354 
00000031 494e475f4f52 
00000037 5f4445504c4f 
0000003d 594d454e5420 
00000043 3100 
00000045 03              591 	.byte	3
00000046 00              592 	.byte	0
00000047 01              593 	.byte	1
00000048 03              594 	.byte	3
00000049 06              595 	.byte	6
0000004a 02              596 	.byte	2
0000004b 03              597 	.byte	3
0000004c 09              598 	.byte	9
0000004d 03              599 	.byte	3

                                                                      Page 14
                                                              C:\Users\nhuliyap\AppData\Local\Temp\gh_000094c1.s
0000004e 01              600 	.byte	1
0000004f 04              601 	.byte	4
00000050 44454d5f5459    602 	.strz	"DEM_TYPES_H "
00000056 5045535f4820 
0000005c 00 
0000005d 03              603 	.byte	3
0000005e 06              604 	.byte	6
0000005f 04              605 	.byte	4
00000060 03              606 	.byte	3
00000061 1c              607 	.byte	28
00000062 05              608 	.byte	5
00000063 01              609 	.byte	1
00000064 3c              610 	.byte	60
00000065 545255452031    611 	.strz	"TRUE 1u"
0000006b 7500 
0000006d 01              612 	.byte	1
0000006e 40              613 	.byte	64
0000006f 46414c534520    614 	.strz	"FALSE 0u"
00000075 307500 
00000078 04              615 	.byte	4
00000079 03              616 	.byte	3
0000007a 1d              617 	.byte	29
0000007b 06              618 	.byte	6
0000007c 03              619 	.byte	3
0000007d 1b              620 	.byte	27
0000007e 07              621 	.byte	7
0000007f 03              622 	.byte	3
00000080 54              623 	.byte	84
00000081 08              624 	.byte	8
00000082 04              625 	.byte	4
00000083 04              626 	.byte	4
00000084 04              627 	.byte	4
00000085 04              628 	.byte	4
00000086 03              629 	.byte	3
00000087 07              630 	.byte	7
00000088 09              631 	.byte	9
00000089 01              632 	.byte	1
0000008a 1f              633 	.byte	31
0000008b 44454d5f4346    634 	.strz	"DEM_CFG_OBD_OFF 0"
00000091 475f4f42445f 
00000097 4f4646203000 
0000009d 01              635 	.byte	1
0000009e 20              636 	.byte	32
0000009f 44454d5f4346    637 	.strz	"DEM_CFG_OBD_ON 1"
000000a5 475f4f42445f 
000000ab 4f4e203100 
000000b0 01              638 	.byte	1
000000b1 21              639 	.byte	33
000000b2 44454d5f4346    640 	.strz	"DEM_CFG_OBD DEM_CFG_OBD_OFF"
000000b8 475f4f424420 
000000be 44454d5f4346 
000000c4 475f4f42445f 
000000ca 4f464600 
000000ce 01              641 	.byte	1
000000cf 23              642 	.byte	35
000000d0 44454d5f4346    643 	.strz	"DEM_CFG_J1939DCM_OFF 0"
000000d6 475f4a313933 
000000dc 3944434d5f4f 
000000e2 4646203000 
000000e7 01              644 	.byte	1
000000e8 25              645 	.byte	37

                                                                      Page 15
                                                              C:\Users\nhuliyap\AppData\Local\Temp\gh_000094c1.s
000000e9 44454d5f4346    646 	.strz	"DEM_CFG_J1939DCM DEM_CFG_J1939DCM_OFF"
000000ef 475f4a313933 
000000f5 3944434d2044 
000000fb 454d5f434647 
00000101 5f4a31393339 
00000107 44434d5f4f46 
0000010d 4600 
0000010f 01              647 	.byte	1
00000110 31              648 	.byte	49
00000111 44454d5f4246    649 	.strz	"DEM_BFM_ON TRUE"
00000117 4d5f4f4e2054 
0000011d 52554500 
00000121 01              650 	.byte	1
00000122 34              651 	.byte	52
00000123 44454d5f4246    652 	.strz	"DEM_BFM_OFF FALSE"
00000129 4d5f4f464620 
0000012f 46414c534500 
00000135 01              653 	.byte	1
00000136 3e              654 	.byte	62
00000137 44454d5f4246    655 	.strz	"DEM_BFM_ENABLED DEM_BFM_OFF"
0000013d 4d5f454e4142 
00000143 4c4544204445 
00000149 4d5f42464d5f 
0000014f 4f464600 
00000153 01              656 	.byte	1
00000154 65              657 	.byte	101
00000155 44454d5f4346    658 	.strz	"DEM_CFG_DEBUGDATA_OFF 0"
0000015b 475f44454255 
00000161 47444154415f 
00000167 4f4646203000 
0000016d 01              659 	.byte	1
0000016e 67              660 	.byte	103
0000016f 44454d5f4346    661 	.strz	"DEM_CFG_DEBUGDATA_32BIT (0+4)"
00000175 475f44454255 
0000017b 47444154415f 
00000181 333242495420 
00000187 28302b342900 
0000018d 01              662 	.byte	1
0000018e 68              663 	.byte	104
0000018f 44454d5f4346    664 	.strz	"DEM_CFG_DEBUGDATA DEM_CFG_DEBUGDATA_32BIT"
00000195 475f44454255 
0000019b 474441544120 
000001a1 44454d5f4346 
000001a7 475f44454255 
000001ad 47444154415f 
000001b3 333242495400 
000001b9 04              665 	.byte	4
000001ba 03              666 	.byte	3
000001bb 08              667 	.byte	8
000001bc 0a              668 	.byte	10
000001bd 03              669 	.byte	3
000001be 1c              670 	.byte	28
000001bf 0b              671 	.byte	11
000001c0 03              672 	.byte	3
000001c1 06              673 	.byte	6
000001c2 03              674 	.byte	3
000001c3 04              675 	.byte	4
000001c4 04              676 	.byte	4
000001c5 04              677 	.byte	4
000001c6 03              678 	.byte	3
000001c7 09              679 	.byte	9

                                                                      Page 16
                                                              C:\Users\nhuliyap\AppData\Local\Temp\gh_000094c1.s
000001c8 0c              680 	.byte	12
000001c9 01              681 	.byte	1
000001ca 22              682 	.byte	34
000001cb 44454d5f4e4f    683 	.strz	"DEM_NODEID_COUNT 0u"
000001d1 444549445f43 
000001d7 4f554e542030 
000001dd 7500 
000001df 01              684 	.byte	1
000001e0 23              685 	.byte	35
000001e1 44454d5f4e4f    686 	.strz	"DEM_NODEID_ARRAYLENGTH (DEM_NODEID_COUNT+1u)"
000001e7 444549445f41 
000001ed 525241594c45 
000001f3 4e4754482028 
000001f9 44454d5f4e4f 
000001ff 444549445f43 
00000205 4f554e542b31 
0000020b 752900 
0000020e 04              687 	.byte	4
0000020f 03              688 	.byte	3
00000210 0f              689 	.byte	15
00000211 0d              690 	.byte	13
00000212 04              691 	.byte	4
00000213 03              692 	.byte	3
00000214 10              693 	.byte	16
00000215 0e              694 	.byte	14
00000216 03              695 	.byte	3
00000217 06              696 	.byte	6
00000218 0f              697 	.byte	15
00000219 04              698 	.byte	4
0000021a 04              699 	.byte	4
0000021b 01              700 	.byte	1
0000021c 6f              701 	.byte	111
0000021d 44454d5f4552    702 	.strz	"DEM_ERASE_ALL_REQUEST_NONE 0x00"
00000223 4153455f414c 
00000229 4c5f52455155 
0000022f 4553545f4e4f 
00000235 4e4520307830 
0000023b 3000 
0000023d 01              703 	.byte	1
0000023e 70              704 	.byte	112
0000023f 44454d5f4552    705 	.strz	"DEM_ERASE_ALL_REQUEST_ALL 0x01"
00000245 4153455f414c 
0000024b 4c5f52455155 
00000251 4553545f414c 
00000257 4c2030783031 
0000025d 00 
0000025e 01              706 	.byte	1
0000025f 76              707 	.byte	118
00000260 44454d5f4841    708 	.strz	"DEM_HASH_ID_MISMATCH 0x04"
00000266 53485f49445f 
0000026c 4d49534d4154 
00000272 434820307830 
00000278 3400 
0000027a 04              709 	.byte	4
0000027b 04              710 	.byte	4
0000027c 01              711 	.byte	1
0000027d 08              712 	.byte	8
0000027e 44454d5f5354    713 	.strz	"DEM_START_SEC_CODE "
00000284 4152545f5345 
0000028a 435f434f4445 
00000290 2000 

                                                                      Page 17
                                                              C:\Users\nhuliyap\AppData\Local\Temp\gh_000094c1.s
00000292 03              714 	.byte	3
00000293 09              715 	.byte	9
00000294 10              716 	.byte	16
00000295 03              717 	.byte	3
00000296 08              718 	.byte	8
00000297 11              719 	.byte	17
00000298 01              720 	.byte	1
00000299 06              721 	.byte	6
0000029a 44454d5f4d45    722 	.strz	"DEM_MEMMAP_ERROR "
000002a0 4d4d41505f45 
000002a6 52524f522000 
000002ac 01              723 	.byte	1
000002ad 51              724 	.byte	81
000002ae 4253575f5354    725 	.strz	"BSW_START_SEC_CODE "
000002b4 4152545f5345 
000002ba 435f434f4445 
000002c0 2000 
000002c2 03              726 	.byte	3
000002c3 52              727 	.byte	82
000002c4 12              728 	.byte	18
000002c5 01              729 	.byte	1
000002c6 e408            730 	.byte	228,8
000002c8 53544152545f    731 	.strz	"START_SEC_CODE "
000002ce 5345435f434f 
000002d4 44452000 
000002d8 03              732 	.byte	3
000002d9 c509            733 	.byte	197,9
000002db 13              734 	.byte	19
000002dc 01              735 	.byte	1
000002dd f407            736 	.byte	244,7
000002df 434f44455f53    737 	.strz	"CODE_SEC_OPEN "
000002e5 45435f4f5045 
000002eb 4e2000 
000002ee 04              738 	.byte	4
000002ef 04              739 	.byte	4
000002f0 01              740 	.byte	1
000002f1 56              741 	.byte	86
000002f2 44454d5f5741    742 	.strz	"DEM_WAS_STARTED_SEC_CODE "
000002f8 535f53544152 
000002fe 5445445f5345 
00000304 435f434f4445 
0000030a 2000 
0000030c 04              743 	.byte	4
0000030d 04              744 	.byte	4
0000030e 01              745 	.byte	1
0000030f 17              746 	.byte	23
00000310 44454d5f5354    747 	.strz	"DEM_STOP_SEC_CODE "
00000316 4f505f534543 
0000031c 5f434f444520 
00000322 00 
00000323 03              748 	.byte	3
00000324 18              749 	.byte	24
00000325 10              750 	.byte	16
00000326 03              751 	.byte	3
00000327 08              752 	.byte	8
00000328 11              753 	.byte	17
00000329 01              754 	.byte	1
0000032a 06              755 	.byte	6
0000032b 44454d5f4d45    756 	.strz	"DEM_MEMMAP_ERROR "
00000331 4d4d41505f45 
00000337 52524f522000 

                                                                      Page 18
                                                              C:\Users\nhuliyap\AppData\Local\Temp\gh_000094c1.s
0000033d 01              757 	.byte	1
0000033e 5e              758 	.byte	94
0000033f 4253575f5354    759 	.strz	"BSW_STOP_SEC_CODE "
00000345 4f505f534543 
0000034b 5f434f444520 
00000351 00 
00000352 03              760 	.byte	3
00000353 5f              761 	.byte	95
00000354 12              762 	.byte	18
00000355 01              763 	.byte	1
00000356 e808            764 	.byte	232,8
00000358 53544f505f53    765 	.strz	"STOP_SEC_CODE "
0000035e 45435f434f44 
00000364 452000 
00000367 03              766 	.byte	3
00000368 c509            767 	.byte	197,9
0000036a 13              768 	.byte	19
0000036b 04              769 	.byte	4
0000036c 04              770 	.byte	4
0000036d 04              771 	.byte	4
0000036e 04              772 	.byte	4
0000036f 04              773 	.byte	4
00000370 00              774 	.byte	0
                         775 	.section	.debug_abbrev
000000a4 00              776 	.byte	0
                         777 	.section	.debug_info
                         778 .Ldw_end:
                         779 .rh850_flags REGMODE32,DATA_ALIGN8,GP_FIX,EP_NONFIX,TP_FIX,REG2_RESERVE,G3K,GHS_MISALIGN,SDA_EXTRA_REGS_0
