                                                                      Page 1
                                                              C:\Users\nhuliyap\AppData\Local\Temp\gh_00004i41.s
Command Line: C:\ghs\comp_201517\ease850.exe -w -elf -b0 -I../source/common -I../source/ProjectCompiler -I../source/ProjectCfg -I../source/SwcApplTpms -I../source/SwcApplTpms/Intface -I../source/SwcApplEcuM -I../source/SwcServiceEcuM -I../source/SwcServiceNvM -I../source/SwcServiceOs -I../source/SwcServiceStartUp -I../source/McalAdc -I../source/McalDio -I../source/McalGpt -I../source/McalMcu -I../source/McalWdg -I../source/wrappers -I../source/wrappers/McalAta -I../source/McalLin -I../source/McalCan -I../source/wrappers/OS -I../source/McalFls -I../source/EcuabFee -I../source/EcuabMemIf -I../source/wrappers/VStdLib -I../source/wrappers/Crc -I../source/wrappers/FBL_APPL -I../source/wrappers/CAN_MANAGER -I../source/wrappers/NVM_MANAGER -I../source/wrappers/DEM_MANAGER -I../source/wrappers/RDC_MANAGER -I../source/wrappers/ENV_MANAGER -I../source/wrappers/SYS_MANAGER -I../source/wrappers/EcuabCanIf -I../source/wrappers/SwcServiceCanSM -I../source/wrappers/SwcServiceCanTp -I../source/wrappers/SwcServiceCanTp_PreCompile -I../source/wrappers/SwcServiceCom -I../source/wrappers/SwcServiceComM -I../source/wrappers/SwcServiceComStack -I../source/wrappers/SwcServiceDcm -I../source/wrappers/SwcServicePduR -I../source/wrappers/SwcServiceEcuM -I../source/wrappers/Bfx -I../source/wrappers/SwcServiceDem -I../source/SwcServiceDet -I../source/SwcServiceFiM -I../source/wrappers/LibAutosarDiag -I../source/wrappers/rba_BswSrv -I../source/SwcServiceSchM -I../source/wrappers/SwcServiceComM/Integration -I../source/wrappers/SwcServicePduR/Integration -I../source/wrappers/EcuabCanIf/Integration -I../source/wrappers/SwcServiceCom/Integration -I../source/wrappers/SwcServiceCanTp/Integration -I../source/wrappers/SwcServiceEcuM/Integration -I../source/SwcServiceDet/Integration -I../source/wrappers/SwcServiceDcm/Integration -I../source/wrappers/SwcServiceDem/Integration -I../source/SwcServiceFiM/Integration -I../source/wrappers/EcuabCanIf/api -I../source/wrappers/SwcServiceCom/api -I../source/wrappers/SwcServiceComM/api -I../source/wrappers/SwcServicePduR/api -I../source/wrappers/Bfx/api -I../source/SwcServiceDet/api -I../source/SwcServiceFiM/api -I../source/wrappers/LibAutosarDiag/api -I../source/wrappers/rba_BswSrv/api -IC:\ghs\comp_201517\lib\rh850 -cg_underscore -cpu=rh850g3k -no_v850_simd -rh850_fpsimd=none -nomacro -patch_dbo=C:\_ECU2\ECU_Rivian_A1\Target\repo_projects\pRealEcu\cL_R2023.09.01\make\output\objects\McalMcu.dbo -source=McalMcu.c -o output\objects\gh_00004i41.o -list=output\list\McalMcu.lst C:\Users\nhuliyap\AppData\Local\Temp\gh_00004i41.s 
Original File: C:\Users\nhuliyap\AppData\Local\Temp\gh_00004i41.s
Source File: McalMcu.c
Directory: C:\_ECU2\ECU_Rivian_A1\Target\repo_projects\pRealEcu\cL_R2023.09.01\make
Host OS: Windows
EASE: Copyright (C) 1983-2015 Green Hills Software.  All Rights Reserved.
Release: Compiler v2015.1.7
Build Directory: [Directory] BTOWORKER6:c:/build_2015_1_bto/2015-10-21.2100-2015_1_bto/win32-comp-ecom
Revision: [VCInfo] http://toolsvc/branches/release-branch-70-bto/src@544153 (built by build)
Revision Date: Thu Oct 22 07:50:13 2015

Release Date: Thu Oct 22 09:32:32 2015

                           1 --Driver Command: ccv850 ../source/McalMcu/McalMcu.c -cpu=rh850 -fhard
                           2 --		-ignore_callt_state_in_interrupts -large_sda -misalign_pack
                           3 --		-nofarcalls -nofloatio -no_callt -Ogeneral -Onounroll
                           4 --		-prepare_dispose -registermode=32 -reserve_r2 -sda=0
                           5 --		-shorten_loads -Wshadow --brief_diagnostics --no_commons
                           6 --		--no_wrap_diagnostics --prototype_errors --short_enum -list -G
                           7 --		-dual_debug -dwarf -X5523 -lnk=-no_xda_modifications -D
                           8 --		NOT_READY_FOR_TESTING_OR_DEPLOYMENT -D IBTCM_SW_ANPASSUNGEN -D
                           9 --		BUILD_LORDSTOWN -c -inline_prologue -I../source/common
                          10 --		-I../source/ProjectCompiler -I../source/ProjectCfg
                          11 --		-I../source/SwcApplTpms -I../source/SwcApplTpms/Intface
                          12 --		-I../source/SwcApplEcuM -I../source/SwcServiceEcuM
                          13 --		-I../source/SwcServiceNvM -I../source/SwcServiceOs
                          14 --		-I../source/SwcServiceStartUp -I../source/McalAdc
                          15 --		-I../source/McalDio -I../source/McalGpt -I../source/McalMcu
                          16 --		-I../source/McalWdg -I../source/wrappers
                          17 --		-I../source/wrappers/McalAta -I../source/McalLin
                          18 --		-I../source/McalCan -I../source/wrappers/OS -I../source/McalFls
                          19 --		-I../source/EcuabFee -I../source/EcuabMemIf
                          20 --		-I../source/wrappers/VStdLib -I../source/wrappers
                          21 --		-I../source/wrappers/Crc -I../source/wrappers/FBL_APPL
                          22 --		-I../source/wrappers/CAN_MANAGER -I../source/wrappers/NVM_MANAGER
                          23 --		-I../source/wrappers/DEM_MANAGER -I../source/wrappers/RDC_MANAGER
                          24 --		-I../source/wrappers/ENV_MANAGER -I../source/wrappers/SYS_MANAGER
                          25 --		-I../source/wrappers/EcuabCanIf
                          26 --		-I../source/wrappers/SwcServiceCanSM
                          27 --		-I../source/wrappers/SwcServiceCanTp
                          28 --		-I../source/wrappers/SwcServiceCanTp_PreCompile
                          29 --		-I../source/wrappers/SwcServiceCom
                          30 --		-I../source/wrappers/SwcServiceComM
                          31 --		-I../source/wrappers/SwcServiceComStack
                          32 --		-I../source/wrappers/SwcServiceDcm
                          33 --		-I../source/wrappers/SwcServicePduR
                          34 --		-I../source/wrappers/SwcServiceEcuM -I../source/wrappers/Bfx
                          35 --		-I../source/wrappers/SwcServiceDem -I../source/SwcServiceDet
                          36 --		-I../source/SwcServiceFiM -I../source/wrappers/LibAutosarDiag
                          37 --		-I../source/wrappers/rba_BswSrv -I../source/SwcServiceSchM
                          38 --		-I../source/wrappers/SwcServiceComM/Integration
                          39 --		-I../source/wrappers/SwcServicePduR/Integration
                          40 --		-I../source/wrappers/EcuabCanIf/Integration
                          41 --		-I../source/wrappers/SwcServiceCom/Integration
                          42 --		-I../source/wrappers/SwcServiceCanTp/Integration
                          43 --		-I../source/wrappers/SwcServiceEcuM/Integration
                          44 --		-I../source/SwcServiceDet/Integration
                          45 --		-I../source/wrappers/SwcServiceDcm/Integration
                          46 --		-I../source/wrappers/SwcServiceDem/Integration
                          47 --		-I../source/SwcServiceFiM/Integration
                          48 --		-I../source/wrappers/EcuabCanIf/api
                          49 --		-I../source/wrappers/SwcServiceCom/api
                          50 --		-I../source/wrappers/SwcServiceComM/api

                                                                      Page 2
                                                              C:\Users\nhuliyap\AppData\Local\Temp\gh_00004i41.s
                          51 --		-I../source/wrappers/SwcServicePduR/api
                          52 --		-I../source/wrappers/Bfx/api -I../source/SwcServiceDet/api
                          53 --		-I../source/SwcServiceFiM/api
                          54 --		-I../source/wrappers/LibAutosarDiag/api
                          55 --		-I../source/wrappers/rba_BswSrv/api -object_dir=output/objects
                          56 --		-list_dir=output/list
                          57 --Source File:   ../source/McalMcu/McalMcu.c
                          58 --Directory:     
                          59 --		C:\_ECU2\ECU_Rivian_A1\Target\repo_projects\pRealEcu\cL_R2023.09.01\make
                          60 --Compile Date:  Wed Sep 06 08:58:21 2023
                          61 --Host OS:       Win32
                          62 --Version:       C-RH850 2015.1.7 RELEASE VERSION
                          63 --Release:       Compiler v2015.1.7
                          64 --Revision Date: Thu Oct 22 08:06:12 2015
                          65 --Release Date:  Thu Oct 22 09:34:32 2015
                          66 -- ecom  -g -w -OM
                          67 	.text
                          68 ..bof.C.3A.5C_ECU2.5CECU_Rivian_A1.5CTarget.5Crepo_projects.5CpRealEcu.5CcL_R2023.2E09.2E01.5Cmake.5Coutput.5Cobjects.5CMcalMcu...43.3A.5C_ECU2.5CECU_Rivian_A1.5CTarget.5Crepo_projects.5CpRealEcu.5CcL_R2023.2E09.2E01.5Cmake..64F8230D..0::
                          69 	.align	2
                          70 ..gh.f.f.1.e.0:
                          71 	.type	..gh.f.f.1.e.0,@object
                          72 	.size	..gh.f.f.1.e.0,0
                          73 	.global	_McalMcu_eGetReasonReset
                          74 _McalMcu_eGetReasonReset:
                          75 --	    .bf
                          76 .LDW01:
00000000 40560000*        77 	movhi	hi(_McalMcu_eReasonReset),zero,r10
00000004 0a570000*        78 	ld.b	lo(_McalMcu_eReasonReset)[r10],r10
                          79 --	    .ef
                          80 .LDW11:
                          81 --line66
                          82 ..lin.C.3A.5C_ECU2.5CECU_Rivian_A1.5CTarget.5Crepo_projects.5CpRealEcu.5CcL_R2023.2E09.2E01.5Cmake.5Coutput.5Cobjects.5CMcalMcu.1::
                          83 .LDWlin1:
00000008 7f00             84 	jmp	[lp]
                          85 	.global	___ghs_eofn_McalMcu_eGetReasonReset
                          86 ___ghs_eofn_McalMcu_eGetReasonReset:
                          87 	.type	_McalMcu_eGetReasonReset,@function
                          88 	.size	_McalMcu_eGetReasonReset,.-_McalMcu_eGetReasonReset
                          89 	.align	2
                          90 
                          91 	.data
                          92 .L33:
                          93 	.type	.L33,@object
                          94 	.size	.L33,0
                          95 	.text
                          96 	.align	2
                          97 	.align	2
                          98 ..gh.f.f.1.e.1:
                          99 	.type	..gh.f.f.1.e.1,@object
                         100 	.size	..gh.f.f.1.e.1,0
                         101 	.global	_McalMcu_PerformReasonReset
                         102 _McalMcu_PerformReasonReset:
0000000a 80077b000004    103 	prepare	{r29,r31},0,-523264
00000010 f8ff 
                         104 --	    .bf
                         105 .LDW21:
00000012 008d            106 	sld.w	0[ep],r17
00000014 2d0600800700    107 	mov	491520,r13
                         108 --line71
                         109 ..lin.C.3A.5C_ECU2.5CECU_Rivian_A1.5CTarget.5Crepo_projects.5CpRealEcu.5CcL_R2023.2E09.2E01.5Cmake.5Coutput.5Cobjects.5CMcalMcu.2::
                         110 .LDWlin2:

                                                                      Page 3
                                                              C:\Users\nhuliyap\AppData\Local\Temp\gh_00004i41.s
0000001a 07ea            111 	mov	7,r29
0000001c 0432            112 	mov	4,r6
0000001e 4d89            113 	and	r13,r17
00000020 e9ef14eb        114 	cmovne	9,r29,r29
00000024 ca25*           115 	bne	.L108
                         116 --line87
                         117 ..lin.C.3A.5C_ECU2.5CECU_Rivian_A1.5CTarget.5Crepo_projects.5CpRealEcu.5CcL_R2023.2E09.2E01.5Cmake.5Coutput.5Cobjects.5CMcalMcu.3::
                         118 .LDWlin3:
00000026 009d            119 	sld.w	0[ep],r19
00000028 0132            120 	mov	1,r6
0000002a d39e4000        121 	andi	64,r19,r19
0000002e 1306c0ff        122 	addi	-64,r19,zero
00000032 e8ef04eb        123 	cmove	8,r29,r29
00000036 b21d*           124 	be	.L108
                         125 --line94
                         126 ..lin.C.3A.5C_ECU2.5CECU_Rivian_A1.5CTarget.5Crepo_projects.5CpRealEcu.5CcL_R2023.2E09.2E01.5Cmake.5Coutput.5Cobjects.5CMcalMcu.4::
                         127 .LDWlin4:
00000038 3e066007f8ff    128 	mov	-522400,ep
0000003e 0085            129 	sld.w	0[ep],r16
00000040 df82            130 	shl	31,r16
00000042 e205*           131 	be	.L59
                         132 --line98
                         133 ..lin.C.3A.5C_ECU2.5CECU_Rivian_A1.5CTarget.5Crepo_projects.5CpRealEcu.5CcL_R2023.2E09.2E01.5Cmake.5Coutput.5Cobjects.5CMcalMcu.5::
                         134 .LDWlin5:
00000044 02ea            135 	mov	2,r29
                         136 	jarl	_DCMMGR_TriggerPositiveResponse,lp
                         136 <EXPANSION BEGIN>
                         136 jarl22 _DCMMGR_TriggerPositiveResponse , lp 
00000046 80ff0000*       136 <EXPANSION END>
                         137 --line102
                         138 ..lin.C.3A.5C_ECU2.5CECU_Rivian_A1.5CTarget.5Crepo_projects.5CpRealEcu.5CcL_R2023.2E09.2E01.5Cmake.5Coutput.5Cobjects.5CMcalMcu.6::
                         139 .LDWlin6:
0000004a 0132            140 	mov	1,r6
0000004c 8515*           141 	br	.L108
                         142 .L59:
                         143 --line104
                         144 ..lin.C.3A.5C_ECU2.5CECU_Rivian_A1.5CTarget.5Crepo_projects.5CpRealEcu.5CcL_R2023.2E09.2E01.5Cmake.5Coutput.5Cobjects.5CMcalMcu.7::
                         145 .LDWlin7:
0000004e 007d            146 	sld.w	0[ep],r15
00000050 cf7e0600        147 	andi	6,r15,r15
00000054 e1ef14eb        148 	cmovne	1,r29,r29
00000058 aa0d*           149 	bne	.L108
                         150 --line111
                         151 ..lin.C.3A.5C_ECU2.5CECU_Rivian_A1.5CTarget.5Crepo_projects.5CpRealEcu.5CcL_R2023.2E09.2E01.5Cmake.5Coutput.5Cobjects.5CMcalMcu.8::
                         152 .LDWlin8:
0000005a 8007099610f0    153 	ld.w	4294445152[zero],r18
00000060 d2960002        154 	andi	512,r18,r18
00000064 120600fe        155 	addi	-512,r18,zero
                         156 --line116
                         157 ..lin.C.3A.5C_ECU2.5CECU_Rivian_A1.5CTarget.5Crepo_projects.5CpRealEcu.5CcL_R2023.2E09.2E01.5Cmake.5Coutput.5Cobjects.5CMcalMcu.9::
                         158 .LDWlin9:
00000068 ca05*           159 	bne	.L55
0000006a 0fe8            160 	mov	r15,r29
                         161 .L108:
                         162 	jarl	_SYSMGR_SetEcuMode,lp
                         162 <EXPANSION BEGIN>
                         162 jarl22 _SYSMGR_SetEcuMode , lp 
0000006c 80ff0000*       162 <EXPANSION END>
                         163 .L55:
                         164 --line125
                         165 ..lin.C.3A.5C_ECU2.5CECU_Rivian_A1.5CTarget.5Crepo_projects.5CpRealEcu.5CcL_R2023.2E09.2E01.5Cmake.5Coutput.5Cobjects.5CMcalMcu.10::

                                                                      Page 4
                                                              C:\Users\nhuliyap\AppData\Local\Temp\gh_00004i41.s
                         166 .LDWlin10:
00000070 2076ff07        167 	movea	2047,zero,r14
00000074 80078f760ef0    168 	st.w	r14,4294444904[zero]
                         169 --line127
                         170 ..lin.C.3A.5C_ECU2.5CECU_Rivian_A1.5CTarget.5Crepo_projects.5CpRealEcu.5CcL_R2023.2E09.2E01.5Cmake.5Coutput.5Cobjects.5CMcalMcu.11::
                         171 .LDWlin11:
0000007a 405e0000*       172 	movhi	hi(_McalMcu_eReasonReset),zero,r11
                         173 --line126
                         174 ..lin.C.3A.5C_ECU2.5CECU_Rivian_A1.5CTarget.5Crepo_projects.5CpRealEcu.5CcL_R2023.2E09.2E01.5Cmake.5Coutput.5Cobjects.5CMcalMcu.12::
                         175 .LDWlin12:
0000007e 80078f7610f0    176 	st.w	r14,4294445160[zero]
00000084 4bef0000*       177 	st.b	r29,lo(_McalMcu_eReasonReset)[r11]
                         178 --line129
                         179 ..lin.C.3A.5C_ECU2.5CECU_Rivian_A1.5CTarget.5Crepo_projects.5CpRealEcu.5CcL_R2023.2E09.2E01.5Cmake.5Coutput.5Cobjects.5CMcalMcu.13::
                         180 .LDWlin13:
00000088 1d50            181 	mov	r29,r10
                         182 --	    .ef
                         183 .LDW31:
0000008a 40067f00        184 	dispose	0,{r29,r31},[lp]
                         185 	.global	___ghs_eofn_McalMcu_PerformReasonReset
                         186 ___ghs_eofn_McalMcu_PerformReasonReset:
                         187 	.type	_McalMcu_PerformReasonReset,@function
                         188 	.size	_McalMcu_PerformReasonReset,.-_McalMcu_PerformReasonReset
                         189 	.align	2
                         190 --_ucRetVal	r29	local
                         191 
                         192 	.section ".bss","awb"
                         193 .L165:
                         194 	.type	.L165,@object
                         195 	.size	.L165,0
                         196 	.data
                         197 	.text
                         198 	.align	2
                         199 	.align	2
                         200 ..gh.f.f.1.e.2:
                         201 	.type	..gh.f.f.1.e.2,@object
                         202 	.size	..gh.f.f.1.e.2,0
                         203 	.global	_infMcalMcuSwcApplEcuM_InitFunction
                         204 _infMcalMcuSwcApplEcuM_InitFunction:
0000008e 80072100        205 	prepare	{r31},0
                         206 --	    .bf
                         207 .LDW41:
                         208 	jarl	_McalMcu_PerformReasonReset,lp
                         208 <EXPANSION BEGIN>
                         208 jarl22 _McalMcu_PerformReasonReset , lp 
00000092 bfff78ff*       208 <EXPANSION END>
                         209 --line134
                         210 ..lin.C.3A.5C_ECU2.5CECU_Rivian_A1.5CTarget.5Crepo_projects.5CpRealEcu.5CcL_R2023.2E09.2E01.5Cmake.5Coutput.5Cobjects.5CMcalMcu.14::
                         211 .LDWlin14:
                         212 	jarl	_ApplMcu_vReleaseIoBuffers,lp
                         212 <EXPANSION BEGIN>
                         212 jarl22 _ApplMcu_vReleaseIoBuffers , lp 
00000096 80ff0000*       212 <EXPANSION END>
                         213 --	    .ef
                         214 .LDW51:
                         215 --line135
                         216 ..lin.C.3A.5C_ECU2.5CECU_Rivian_A1.5CTarget.5Crepo_projects.5CpRealEcu.5CcL_R2023.2E09.2E01.5Cmake.5Coutput.5Cobjects.5CMcalMcu.15::
                         217 .LDWlin15:
0000009a 40063f00        218 	dispose	0,{r31},[lp]
                         219 	.global	___ghs_eofn_infMcalMcuSwcApplEcuM_InitFunction
                         220 ___ghs_eofn_infMcalMcuSwcApplEcuM_InitFunction:

                                                                      Page 5
                                                              C:\Users\nhuliyap\AppData\Local\Temp\gh_00004i41.s
                         221 	.type	_infMcalMcuSwcApplEcuM_InitFunction,@function
                         222 	.size	_infMcalMcuSwcApplEcuM_InitFunction,.-_infMcalMcuSwcApplEcuM_InitFunction
                         223 	.align	2
                         224 
                         225 	.section ".bss","awb"
                         226 .L289:
                         227 	.type	.L289,@object
                         228 	.size	.L289,0
                         229 	.data
                         230 	.text
                         231 	.align	2
                         232 --_WUF0	4294444032	import
                         233 --_RESF	4294444896	import
                         234 --_RESFC	4294444904	import
                         235 --_RESFR	4294445152	import
                         236 --_RESFCR	4294445160	import
                         237 
                         238 	.data
                         239 	.global	_McalMcu_eReasonReset
00000000 00              240 _McalMcu_eReasonReset:	.byte	0
                         241 	.type	_McalMcu_eReasonReset,@object
                         242 	.size	_McalMcu_eReasonReset,1
                         243 	.ghsnote version,17
                         244 	.ghsnote tools,3
                         245 	.ghsnote options,144
                         246 	.text
                         247 	.align	2
                         248 ..eof.C.3A.5C_ECU2.5CECU_Rivian_A1.5CTarget.5Crepo_projects.5CpRealEcu.5CcL_R2023.2E09.2E01.5Cmake.5Coutput.5Cobjects.5CMcalMcu...43.3A.5C_ECU2.5CECU_Rivian_A1.5CTarget.5Crepo_projects.5CpRealEcu.5CcL_R2023.2E09.2E01.5Cmake..64F8230D..0::
                         249 	.section	.debug_info
                         250 .Ldw_begin:
00000000 b6040000        251 	.word	.Ldw_end-.Ldw_begin-4
00000004 0200            252 	.byte	2,0
00000006 00000000*       253 	.word	.Ldw_abbr_begin
0000000a 04              254 	.byte	4
                         255 	.section	.debug_abbrev
                         256 .Ldw_abbr_begin:
                         257 	.section	.debug_info
0000000b 01              258 	.byte	1
0000000c 00000000*       259 	.word	..bof.C.3A.5C_ECU2.5CECU_Rivian_A1.5CTarget.5Crepo_projects.5CpRealEcu.5CcL_R2023.2E09.2E01.5Cmake.5Coutput.5Cobjects.5CMcalMcu...43.3A.5C_ECU2.5CECU_Rivian_A1.5CTarget.5Crepo_projects.5CpRealEcu.5CcL_R2023.2E09.2E01.5Cmake..64F8230D..0
00000010 00000000*       260 	.word	..eof.C.3A.5C_ECU2.5CECU_Rivian_A1.5CTarget.5Crepo_projects.5CpRealEcu.5CcL_R2023.2E09.2E01.5Cmake.5Coutput.5Cobjects.5CMcalMcu...43.3A.5C_ECU2.5CECU_Rivian_A1.5CTarget.5Crepo_projects.5CpRealEcu.5CcL_R2023.2E09.2E01.5Cmake..64F8230D..0
00000014 2e2e2f736f75    261 	.strz	"../source/McalMcu/McalMcu.c"
0000001a 7263652f4d63 
00000020 616c4d63752f 
00000026 4d63616c4d63 
0000002c 752e6300 
00000030 433a5c5f4543    262 	.strz	"C:\\_ECU2\\ECU_Rivian_A1\\Target\\repo_projects\\pRealEcu\\cL_R2023.09.01\\make"
00000036 55325c454355 
0000003c 5f5269766961 
00000042 6e5f41315c54 
00000048 61726765745c 
0000004e 7265706f5f70 
00000054 726f6a656374 
0000005a 735c70526561 
00000060 6c4563755c63 
00000066 4c5f52323032 
0000006c 332e30392e30 
00000072 315c6d616b65 
00000078 00 
00000079 474853204320    263 	.strz	"GHS C 2015.1.7 [dual]"
0000007f 323031352e31 
00000085 2e37205b6475 

                                                                      Page 6
                                                              C:\Users\nhuliyap\AppData\Local\Temp\gh_00004i41.s
0000008b 616c5d00 
0000008f 0100            264 	.byte	1,0
00000091 00000000*       265 	.word	.Ldw_line_begin
00000095 00000000*       266 	.word	.Ldw_macinfo_begin
00000099 00              267 	.byte	0
                         268 
                         269 	.section	.debug_abbrev
00000000 01              270 	.byte	1
00000001 11              271 	.byte	17
00000002 01              272 	.byte	1
00000003 1101            273 	.byte	17,1
00000005 1201            274 	.byte	18,1
00000007 0308            275 	.byte	3,8
00000009 1b08            276 	.byte	27,8
0000000b 2508            277 	.byte	37,8
0000000d 1305            278 	.byte	19,5
0000000f 1006            279 	.byte	16,6
00000011 4306            280 	.byte	67,6
00000013 420b            281 	.byte	66,11
00000015 0000            282 	.byte	0,0
                         283 
                         284 	.section	.debug_line
                         285 .Ldw_line_begin:
00000000 f2020000        286 	.word	.Ldw_line_end-.Ldw_line_begin-4
00000004 0200            287 	.byte	2,0
00000006 00000000*       288 	.word	.Ldw_lpro_end-.Ldw_lpro_begin
                         289 .Ldw_lpro_begin:
0000000a 01              290 	.byte	1
0000000b 00              291 	.byte	0
0000000c 00              292 	.byte	0
0000000d 04              293 	.byte	4
0000000e 0a              294 	.byte	10
0000000f 000101          295 	.byte	0,1,1
00000012 010100          296 	.byte	1,1,0
00000015 000001          297 	.byte	0,0,1
00000018 00              298 	.byte	0
00000019 2e2e2f736f75    299 	.strz	"../source/McalMcu/McalMcu.c"
0000001f 7263652f4d63 
00000025 616c4d63752f 
0000002b 4d63616c4d63 
00000031 752e6300 
00000035 000000          300 	.byte	0,0,0
00000038 2e2e2f736f75    301 	.strz	"../source/common/Std_Types.hpp"
0000003e 7263652f636f 
00000044 6d6d6f6e2f53 
0000004a 74645f547970 
00000050 65732e687070 
00000056 00 
00000057 000000          302 	.byte	0,0,0
0000005a 2e2e2f736f75    303 	.strz	"../source/common/Platform_Types.hpp"
00000060 7263652f636f 
00000066 6d6d6f6e2f50 
0000006c 6c6174666f72 
00000072 6d5f54797065 
00000078 732e68707000 
0000007e 000000          304 	.byte	0,0,0
00000081 2e2e2f736f75    305 	.strz	"../source/common/Compiler.hpp"
00000087 7263652f636f 
0000008d 6d6d6f6e2f43 
00000093 6f6d70696c65 
00000099 722e68707000 

                                                                      Page 7
                                                              C:\Users\nhuliyap\AppData\Local\Temp\gh_00004i41.s
0000009f 000000          306 	.byte	0,0,0
000000a2 2e2e2f736f75    307 	.strz	"../source/ProjectCompiler/Compiler_Cfg.hpp"
000000a8 7263652f5072 
000000ae 6f6a65637443 
000000b4 6f6d70696c65 
000000ba 722f436f6d70 
000000c0 696c65725f43 
000000c6 66672e687070 
000000cc 00 
000000cd 000000          308 	.byte	0,0,0
000000d0 2e2e2f736f75    309 	.strz	"../source/ProjectCompiler/CompilerCfg_SwcServiceOs.hpp"
000000d6 7263652f5072 
000000dc 6f6a65637443 
000000e2 6f6d70696c65 
000000e8 722f436f6d70 
000000ee 696c65724366 
000000f4 675f53776353 
000000fa 657276696365 
00000100 4f732e687070 
00000106 00 
00000107 000000          310 	.byte	0,0,0
0000010a 2e2e2f736f75    311 	.strz	"../source/McalMcu/infMcalMcuSwcApplEcuM.hpp"
00000110 7263652f4d63 
00000116 616c4d63752f 
0000011c 696e664d6361 
00000122 6c4d63755377 
00000128 634170706c45 
0000012e 63754d2e6870 
00000134 7000 
00000136 000000          312 	.byte	0,0,0
00000139 2e2e2f736f75    313 	.strz	"../source/ProjectCompiler/CompilerCfg_McalMcu.hpp"
0000013f 7263652f5072 
00000145 6f6a65637443 
0000014b 6f6d70696c65 
00000151 722f436f6d70 
00000157 696c65724366 
0000015d 675f4d63616c 
00000163 4d63752e6870 
00000169 7000 
0000016b 000000          314 	.byte	0,0,0
0000016e 2e2e2f736f75    315 	.strz	"../source/ProjectCfg/CfgMcalMcu.hpp"
00000174 7263652f5072 
0000017a 6f6a65637443 
00000180 66672f436667 
00000186 4d63616c4d63 
0000018c 752e68707000 
00000192 000000          316 	.byte	0,0,0
00000195 2e2e2f736f75    317 	.strz	"../source/McalMcu/uC_Mcu.hpp"
0000019b 7263652f4d63 
000001a1 616c4d63752f 
000001a7 75435f4d6375 
000001ad 2e68707000 
000001b2 000000          318 	.byte	0,0,0
000001b5 2e2e2f736f75    319 	.strz	"../source/McalMcu/uC.hpp"
000001bb 7263652f4d63 
000001c1 616c4d63752f 
000001c7 75432e687070 
000001cd 00 
000001ce 000000          320 	.byte	0,0,0
000001d1 2e2e2f736f75    321 	.strz	"../source/wrappers/SYS_MANAGER/SysManagerX.hpp"
000001d7 7263652f7772 

                                                                      Page 8
                                                              C:\Users\nhuliyap\AppData\Local\Temp\gh_00004i41.s
000001dd 617070657273 
000001e3 2f5359535f4d 
000001e9 414e41474552 
000001ef 2f5379734d61 
000001f5 6e6167657258 
000001fb 2e68707000 
00000200 000000          322 	.byte	0,0,0
00000203 00              323 	.byte	0
                         324 .Ldw_lpro_end:
                         325 	.section	.debug_macinfo
                         326 .Ldw_macinfo_begin:
                         327 	.section	.debug_frame
                         328 .LDW_4bab7c0:
00000000 00000000*       329 	.word	.LDW_unq_2-.LDW_unq_1
                         330 .LDW_unq_1:
00000004 ffffffff        331 	.byte	255,255,255,255
00000008 01              332 	.byte	1
00000009 00              333 	.byte	0
0000000a 01              334 	.byte	1
0000000b 01              335 	.byte	1
0000000c 1f              336 	.byte	31
0000000d 0c              337 	.byte	12
0000000e 03              338 	.byte	3
0000000f 00              339 	.byte	0
00000010 07              340 	.byte	7
00000011 00              341 	.byte	0
00000012 07              342 	.byte	7
00000013 01              343 	.byte	1
00000014 07              344 	.byte	7
00000015 02              345 	.byte	2
00000016 07              346 	.byte	7
00000017 03              347 	.byte	3
00000018 07              348 	.byte	7
00000019 04              349 	.byte	4
0000001a 07              350 	.byte	7
0000001b 05              351 	.byte	5
0000001c 07              352 	.byte	7
0000001d 06              353 	.byte	6
0000001e 07              354 	.byte	7
0000001f 07              355 	.byte	7
00000020 07              356 	.byte	7
00000021 08              357 	.byte	8
00000022 07              358 	.byte	7
00000023 09              359 	.byte	9
00000024 07              360 	.byte	7
00000025 0a              361 	.byte	10
00000026 07              362 	.byte	7
00000027 0b              363 	.byte	11
00000028 07              364 	.byte	7
00000029 0c              365 	.byte	12
0000002a 07              366 	.byte	7
0000002b 0d              367 	.byte	13
0000002c 07              368 	.byte	7
0000002d 0e              369 	.byte	14
0000002e 07              370 	.byte	7
0000002f 0f              371 	.byte	15
00000030 07              372 	.byte	7
00000031 10              373 	.byte	16
00000032 07              374 	.byte	7
00000033 11              375 	.byte	17
00000034 07              376 	.byte	7

                                                                      Page 9
                                                              C:\Users\nhuliyap\AppData\Local\Temp\gh_00004i41.s
00000035 12              377 	.byte	18
00000036 07              378 	.byte	7
00000037 13              379 	.byte	19
00000038 08              380 	.byte	8
00000039 14              381 	.byte	20
0000003a 08              382 	.byte	8
0000003b 15              383 	.byte	21
0000003c 08              384 	.byte	8
0000003d 16              385 	.byte	22
0000003e 08              386 	.byte	8
0000003f 17              387 	.byte	23
00000040 08              388 	.byte	8
00000041 18              389 	.byte	24
00000042 08              390 	.byte	8
00000043 19              391 	.byte	25
00000044 08              392 	.byte	8
00000045 1a              393 	.byte	26
00000046 08              394 	.byte	8
00000047 1b              395 	.byte	27
00000048 08              396 	.byte	8
00000049 1c              397 	.byte	28
0000004a 08              398 	.byte	8
0000004b 1d              399 	.byte	29
0000004c 07              400 	.byte	7
0000004d 1e              401 	.byte	30
0000004e 08              402 	.byte	8
0000004f 1f              403 	.byte	31
00000050 07              404 	.byte	7
00000051 20              405 	.byte	32
00000052 07              406 	.byte	7
00000053 21              407 	.byte	33
00000054 07              408 	.byte	7
00000055 22              409 	.byte	34
00000056 07              410 	.byte	7
00000057 23              411 	.byte	35
00000058 07              412 	.byte	7
00000059 24              413 	.byte	36
0000005a 07              414 	.byte	7
0000005b 25              415 	.byte	37
0000005c 07              416 	.byte	7
0000005d 26              417 	.byte	38
0000005e 07              418 	.byte	7
0000005f 27              419 	.byte	39
00000060 07              420 	.byte	7
00000061 28              421 	.byte	40
00000062 07              422 	.byte	7
00000063 29              423 	.byte	41
00000064 07              424 	.byte	7
00000065 2a              425 	.byte	42
00000066 07              426 	.byte	7
00000067 2b              427 	.byte	43
00000068 07              428 	.byte	7
00000069 2c              429 	.byte	44
0000006a 07              430 	.byte	7
0000006b 2d              431 	.byte	45
0000006c 07              432 	.byte	7
0000006d 2e              433 	.byte	46
0000006e 07              434 	.byte	7
0000006f 2f              435 	.byte	47
00000070 07              436 	.byte	7
00000071 30              437 	.byte	48

                                                                      Page 10
                                                              C:\Users\nhuliyap\AppData\Local\Temp\gh_00004i41.s
00000072 07              438 	.byte	7
00000073 31              439 	.byte	49
00000074 07              440 	.byte	7
00000075 32              441 	.byte	50
00000076 07              442 	.byte	7
00000077 33              443 	.byte	51
00000078 07              444 	.byte	7
00000079 34              445 	.byte	52
0000007a 07              446 	.byte	7
0000007b 35              447 	.byte	53
0000007c 07              448 	.byte	7
0000007d 36              449 	.byte	54
0000007e 07              450 	.byte	7
0000007f 37              451 	.byte	55
00000080 07              452 	.byte	7
00000081 38              453 	.byte	56
00000082 07              454 	.byte	7
00000083 39              455 	.byte	57
00000084 07              456 	.byte	7
00000085 3a              457 	.byte	58
00000086 07              458 	.byte	7
00000087 3b              459 	.byte	59
00000088 07              460 	.byte	7
00000089 3c              461 	.byte	60
0000008a 07              462 	.byte	7
0000008b 3d              463 	.byte	61
0000008c 07              464 	.byte	7
0000008d 3e              465 	.byte	62
0000008e 07              466 	.byte	7
0000008f 3f              467 	.byte	63
                         468 .LDW_unq_2:
                         469 	.section	.debug_info
                         470 .LDW_4867370:
0000009a 44              471 	.byte	68
0000009b 00000000*       472 	.word	.LDW_48aeac0
0000009f 01              473 	.byte	1
                         474 
                         475 	.section	.debug_abbrev
00000017 44              476 	.byte	68
00000018 15              477 	.byte	21
00000019 01              478 	.byte	1
0000001a 4910            479 	.byte	73,16
0000001c 270c            480 	.byte	39,12
0000001e 0000            481 	.byte	0,0
                         482 
                         483 	.section	.debug_info
000000a0 00              484 	.byte	0
                         485 
                         486 .LDW_48673a8:
000000a1 44              487 	.byte	68
000000a2 00000000*       488 	.word	.LDW_48aeac0
000000a6 01              489 	.byte	1
                         490 
000000a7 00              491 	.byte	0
                         492 
                         493 .LDW_4866e68:
000000a8 45              494 	.byte	69
000000a9 01              495 	.byte	1
                         496 
                         497 	.section	.debug_abbrev
00000020 45              498 	.byte	69

                                                                      Page 11
                                                              C:\Users\nhuliyap\AppData\Local\Temp\gh_00004i41.s
00000021 15              499 	.byte	21
00000022 01              500 	.byte	1
00000023 270c            501 	.byte	39,12
00000025 0000            502 	.byte	0,0
                         503 
                         504 	.section	.debug_info
000000aa 00              505 	.byte	0
                         506 
                         507 .LDW_4866ff0:
000000ab 25              508 	.byte	37
000000ac 756e7369676e    509 	.strz	"unsigned long"
000000b2 6564206c6f6e 
000000b8 6700 
000000ba 07              510 	.byte	7
000000bb 04              511 	.byte	4
                         512 
                         513 	.section	.debug_abbrev
00000027 25              514 	.byte	37
00000028 24              515 	.byte	36
00000029 00              516 	.byte	0
0000002a 0308            517 	.byte	3,8
0000002c 3e0b            518 	.byte	62,11
0000002e 0b0b            519 	.byte	11,11
00000030 0000            520 	.byte	0,0
                         521 
                         522 	.section	.debug_info
                         523 .LDW_4b705a0:
000000bc 29              524 	.byte	41
000000bd 00000000*       525 	.word	.LDW_unq_3
                         526 
                         527 	.section	.debug_abbrev
00000032 29              528 	.byte	41
00000033 26              529 	.byte	38
00000034 00              530 	.byte	0
00000035 4910            531 	.byte	73,16
00000037 0000            532 	.byte	0,0
                         533 
                         534 	.section	.debug_info
                         535 .LDW_unq_3:
000000c1 2b              536 	.byte	43
000000c2 00000000*       537 	.word	.LDW_4b96680
                         538 
                         539 	.section	.debug_abbrev
00000039 2b              540 	.byte	43
0000003a 35              541 	.byte	53
0000003b 00              542 	.byte	0
0000003c 4910            543 	.byte	73,16
0000003e 0000            544 	.byte	0,0
                         545 
                         546 	.section	.debug_info
                         547 .LDW_4bc39b8:
000000c6 2b              548 	.byte	43
000000c7 00000000*       549 	.word	.LDW_4b96680
                         550 
                         551 .LDW_4bc4620:
000000cb 45              552 	.byte	69
000000cc 01              553 	.byte	1
                         554 
000000cd 00              555 	.byte	0
                         556 
                         557 .LDW_4bc4230:

                                                                      Page 12
                                                              C:\Users\nhuliyap\AppData\Local\Temp\gh_00004i41.s
000000ce 45              558 	.byte	69
000000cf 01              559 	.byte	1
                         560 
                         561 .LDW_48ab778:
000000d0 12              562 	.byte	18
000000d1 00000000*       563 	.word	.LDW_4b707b0
000000d5 00              564 	.byte	0
                         565 
                         566 	.section	.debug_abbrev
00000040 12              567 	.byte	18
00000041 05              568 	.byte	5
00000042 00              569 	.byte	0
00000043 4910            570 	.byte	73,16
00000045 4b0c            571 	.byte	75,12
00000047 0000            572 	.byte	0,0
                         573 
                         574 	.section	.debug_info
000000d6 00              575 	.byte	0
                         576 
                         577 .LDW_4bc43f0:
000000d7 45              578 	.byte	69
000000d8 01              579 	.byte	1
                         580 
000000d9 00              581 	.byte	0
                         582 
                         583 .LDW_4b96680:
000000da 28              584 	.byte	40
000000db 75696e743332    585 	.strz	"uint32"
000000e1 00 
000000e2 54              586 	.byte	84
000000e3 4a              587 	.byte	74
000000e4 03              588 	.byte	3
000000e5 00000000*       589 	.word	.LDW_4866ff0
                         590 
                         591 	.section	.debug_abbrev
00000049 28              592 	.byte	40
0000004a 16              593 	.byte	22
0000004b 00              594 	.byte	0
0000004c 0308            595 	.byte	3,8
0000004e 3b0f            596 	.byte	59,15
00000050 390f            597 	.byte	57,15
00000052 3a0f            598 	.byte	58,15
00000054 4910            599 	.byte	73,16
00000056 0000            600 	.byte	0,0
                         601 
                         602 	.section	.debug_info
                         603 .LDW_48ae870:
000000e9 2e              604 	.byte	46
000000ea 00              605 	.byte	0
000000eb 28              606 	.byte	40
000000ec 0d              607 	.byte	13
000000ed 07              608 	.byte	7
000000ee 01              609 	.byte	1
000000ef 01              610 	.byte	1
                         611 
                         612 	.section	.debug_abbrev
00000058 2e              613 	.byte	46
00000059 04              614 	.byte	4
0000005a 01              615 	.byte	1
0000005b 0308            616 	.byte	3,8
0000005d 3b0f            617 	.byte	59,15

                                                                      Page 13
                                                              C:\Users\nhuliyap\AppData\Local\Temp\gh_00004i41.s
0000005f 390f            618 	.byte	57,15
00000061 3a0f            619 	.byte	58,15
00000063 0b0f            620 	.byte	11,15
00000065 320b            621 	.byte	50,11
00000067 0000            622 	.byte	0,0
                         623 
                         624 	.section	.debug_info
                         625 .LDW_48ae8c0:
000000f0 2d              626 	.byte	45
000000f1 4d63616c4d63    627 	.strz	"McalMcu_eReasonReset_OnPower"
000000f7 755f65526561 
000000fd 736f6e526573 
00000103 65745f4f6e50 
00000109 6f77657200 
0000010e 29              628 	.byte	41
0000010f 07              629 	.byte	7
00000110 07              630 	.byte	7
00000111 00              631 	.byte	0
                         632 
                         633 	.section	.debug_abbrev
00000069 2d              634 	.byte	45
0000006a 28              635 	.byte	40
0000006b 00              636 	.byte	0
0000006c 0308            637 	.byte	3,8
0000006e 3b0f            638 	.byte	59,15
00000070 390f            639 	.byte	57,15
00000072 3a0f            640 	.byte	58,15
00000074 1c0d            641 	.byte	28,13
00000076 0000            642 	.byte	0,0
                         643 
                         644 	.section	.debug_info
                         645 .LDW_48ae900:
00000112 2d              646 	.byte	45
00000113 4d63616c4d63    647 	.strz	"McalMcu_eReasonReset_Wdg"
00000119 755f65526561 
0000011f 736f6e526573 
00000125 65745f576467 
0000012b 00 
0000012c 2a              648 	.byte	42
0000012d 07              649 	.byte	7
0000012e 07              650 	.byte	7
0000012f 01              651 	.byte	1
                         652 
                         653 .LDW_48ae940:
00000130 2d              654 	.byte	45
00000131 4d63616c4d63    655 	.strz	"McalMcu_eReasonReset_Sw"
00000137 755f65526561 
0000013d 736f6e526573 
00000143 65745f537700 
00000149 2b              656 	.byte	43
0000014a 07              657 	.byte	7
0000014b 07              658 	.byte	7
0000014c 02              659 	.byte	2
                         660 
                         661 .LDW_48ae980:
0000014d 2d              662 	.byte	45
0000014e 4d63616c4d63    663 	.strz	"McalMcu_eReasonReset_AddressIllegal"
00000154 755f65526561 
0000015a 736f6e526573 
00000160 65745f416464 
00000166 72657373496c 

                                                                      Page 14
                                                              C:\Users\nhuliyap\AppData\Local\Temp\gh_00004i41.s
0000016c 6c6567616c00 
00000172 2c              664 	.byte	44
00000173 07              665 	.byte	7
00000174 07              666 	.byte	7
00000175 03              667 	.byte	3
                         668 
                         669 .LDW_48ae9c0:
00000176 2d              670 	.byte	45
00000177 4d63616c4d63    671 	.strz	"McalMcu_eReasonReset_LowVoltage"
0000017d 755f65526561 
00000183 736f6e526573 
00000189 65745f4c6f77 
0000018f 566f6c746167 
00000195 6500 
00000197 2d              672 	.byte	45
00000198 07              673 	.byte	7
00000199 07              674 	.byte	7
0000019a 04              675 	.byte	4
                         676 
                         677 .LDW_48aea00:
0000019b 2d              678 	.byte	45
0000019c 4d63616c4d63    679 	.strz	"McalMcu_eReasonReset_Ext"
000001a2 755f65526561 
000001a8 736f6e526573 
000001ae 65745f457874 
000001b4 00 
000001b5 2e              680 	.byte	46
000001b6 07              681 	.byte	7
000001b7 07              682 	.byte	7
000001b8 05              683 	.byte	5
                         684 
                         685 .LDW_48aea40:
000001b9 2d              686 	.byte	45
000001ba 4d63616c4d63    687 	.strz	"McalMcu_eReasonReset_MonitorClock"
000001c0 755f65526561 
000001c6 736f6e526573 
000001cc 65745f4d6f6e 
000001d2 69746f72436c 
000001d8 6f636b00 
000001dc 2f              688 	.byte	47
000001dd 07              689 	.byte	7
000001de 07              690 	.byte	7
000001df 06              691 	.byte	6
                         692 
                         693 .LDW_48aea80:
000001e0 2d              694 	.byte	45
000001e1 4d63616c4d63    695 	.strz	"McalMcu_eReasonReset_Undefined"
000001e7 755f65526561 
000001ed 736f6e526573 
000001f3 65745f556e64 
000001f9 6566696e6564 
000001ff 00 
00000200 30              696 	.byte	48
00000201 07              697 	.byte	7
00000202 07              698 	.byte	7
00000203 07              699 	.byte	7
                         700 
                         701 .LDW_4bc1b50:
00000204 2d              702 	.byte	45
00000205 4d63616c4d63    703 	.strz	"McalMcu_eReasonReset_WakeupCan"
0000020b 755f65526561 

                                                                      Page 15
                                                              C:\Users\nhuliyap\AppData\Local\Temp\gh_00004i41.s
00000211 736f6e526573 
00000217 65745f57616b 
0000021d 65757043616e 
00000223 00 
00000224 31              704 	.byte	49
00000225 07              705 	.byte	7
00000226 07              706 	.byte	7
00000227 08              707 	.byte	8
                         708 
                         709 .LDW_4bc1f10:
00000228 2d              710 	.byte	45
00000229 4d63616c4d63    711 	.strz	"McalMcu_eReasonReset_WakeupTimer"
0000022f 755f65526561 
00000235 736f6e526573 
0000023b 65745f57616b 
00000241 65757054696d 
00000247 657200 
0000024a 32              712 	.byte	50
0000024b 07              713 	.byte	7
0000024c 07              714 	.byte	7
0000024d 09              715 	.byte	9
                         716 
0000024e 00              717 	.byte	0
                         718 
                         719 .LDW_48aeac0:
0000024f 28              720 	.byte	40
00000250 547970655f4d    721 	.strz	"Type_McalMcu_eReasonReset"
00000256 63616c4d6375 
0000025c 5f6552656173 
00000262 6f6e52657365 
00000268 7400 
0000026a 33              722 	.byte	51
0000026b 02              723 	.byte	2
0000026c 07              724 	.byte	7
0000026d 00000000*       725 	.word	.LDW_48ae870
                         726 
                         727 .LDW_4b70968:
00000271 2e              728 	.byte	46
00000272 00              729 	.byte	0
00000273 06              730 	.byte	6
00000274 0d              731 	.byte	13
00000275 0c              732 	.byte	12
00000276 01              733 	.byte	1
00000277 01              734 	.byte	1
                         735 
                         736 .LDW_4bc1ed0:
00000278 2d              737 	.byte	45
00000279 634543554d4f    738 	.strz	"cECUMODE_OFF"
0000027f 44455f4f4646 
00000285 00 
00000286 07              739 	.byte	7
00000287 03              740 	.byte	3
00000288 0c              741 	.byte	12
00000289 00              742 	.byte	0
                         743 
                         744 .LDW_4bc2110:
0000028a 2d              745 	.byte	45
0000028b 634543554d4f    746 	.strz	"cECUMODE_QUIET"
00000291 44455f515549 
00000297 455400 
0000029a 08              747 	.byte	8

                                                                      Page 16
                                                              C:\Users\nhuliyap\AppData\Local\Temp\gh_00004i41.s
0000029b 07              748 	.byte	7
0000029c 0c              749 	.byte	12
0000029d 01              750 	.byte	1
                         751 
                         752 .LDW_4bc1c50:
0000029e 2d              753 	.byte	45
0000029f 634543554d4f    754 	.strz	"cECUMODE_FULL"
000002a5 44455f46554c 
000002ab 4c00 
000002ad 09              755 	.byte	9
000002ae 07              756 	.byte	7
000002af 0c              757 	.byte	12
000002b0 02              758 	.byte	2
                         759 
                         760 .LDW_4bc1e90:
000002b1 2d              761 	.byte	45
000002b2 634543554d4f    762 	.strz	"cECUMODE_MONITOR"
000002b8 44455f4d4f4e 
000002be 49544f5200 
000002c3 0a              763 	.byte	10
000002c4 07              764 	.byte	7
000002c5 0c              765 	.byte	12
000002c6 03              766 	.byte	3
                         767 
                         768 .LDW_4bc1cd0:
000002c7 2d              769 	.byte	45
000002c8 634543554d4f    770 	.strz	"cECUMODE_WAKE"
000002ce 44455f57414b 
000002d4 4500 
000002d6 0b              771 	.byte	11
000002d7 07              772 	.byte	7
000002d8 0c              773 	.byte	12
000002d9 04              774 	.byte	4
                         775 
000002da 00              776 	.byte	0
                         777 
                         778 .LDW_4b707b0:
000002db 28              779 	.byte	40
000002dc 654563754d6f    780 	.strz	"eEcuModesType"
000002e2 646573547970 
000002e8 6500 
000002ea 0c              781 	.byte	12
000002eb 02              782 	.byte	2
000002ec 0c              783 	.byte	12
000002ed 00000000*       784 	.word	.LDW_4b70968
                         785 
                         786 .LDW_4b70650:
000002f1 05              787 	.byte	5
000002f2 5755463000      788 	.strz	"WUF0"
000002f7 29              789 	.byte	41
000002f8 01              790 	.byte	1
000002f9 0a              791 	.byte	10
000002fa 00000000*       792 	.word	.LDW_4b705a0
000002fe 01              793 	.byte	1
000002ff 01              794 	.byte	1
                         795 
                         796 	.section	.debug_abbrev
00000078 05              797 	.byte	5
00000079 34              798 	.byte	52
0000007a 00              799 	.byte	0
0000007b 0308            800 	.byte	3,8

                                                                      Page 17
                                                              C:\Users\nhuliyap\AppData\Local\Temp\gh_00004i41.s
0000007d 3b0f            801 	.byte	59,15
0000007f 390f            802 	.byte	57,15
00000081 3a0f            803 	.byte	58,15
00000083 4910            804 	.byte	73,16
00000085 3f0c            805 	.byte	63,12
00000087 3c0c            806 	.byte	60,12
00000089 0000            807 	.byte	0,0
                         808 
                         809 	.section	.debug_info
                         810 .LDW_4bc3800:
00000300 05              811 	.byte	5
00000301 5245534600      812 	.strz	"RESF"
00000306 2a              813 	.byte	42
00000307 01              814 	.byte	1
00000308 0a              815 	.byte	10
00000309 00000000*       816 	.word	.LDW_4b705a0
0000030d 01              817 	.byte	1
0000030e 01              818 	.byte	1
                         819 
                         820 .LDW_4bc3a68:
0000030f 05              821 	.byte	5
00000310 524553464300    822 	.strz	"RESFC"
00000316 2b              823 	.byte	43
00000317 01              824 	.byte	1
00000318 0a              825 	.byte	10
00000319 00000000*       826 	.word	.LDW_4bc39b8
0000031d 01              827 	.byte	1
0000031e 01              828 	.byte	1
                         829 
                         830 .LDW_4bc3908:
0000031f 05              831 	.byte	5
00000320 524553465200    832 	.strz	"RESFR"
00000326 2c              833 	.byte	44
00000327 01              834 	.byte	1
00000328 0a              835 	.byte	10
00000329 00000000*       836 	.word	.LDW_4b705a0
0000032d 01              837 	.byte	1
0000032e 01              838 	.byte	1
                         839 
                         840 .LDW_4bc3330:
0000032f 05              841 	.byte	5
00000330 524553464352    842 	.strz	"RESFCR"
00000336 00 
00000337 2d              843 	.byte	45
00000338 01              844 	.byte	1
00000339 0a              845 	.byte	10
0000033a 00000000*       846 	.word	.LDW_4bc39b8
0000033e 01              847 	.byte	1
0000033f 01              848 	.byte	1
                         849 
                         850 .LDW_4bc3c78:
00000340 04              851 	.byte	4
00000341 4d63616c4d63    852 	.strz	"McalMcu_eReasonReset"
00000347 755f65526561 
0000034d 736f6e526573 
00000353 657400 
00000356 39              853 	.byte	57
00000357 28              854 	.byte	40
00000358 01              855 	.byte	1
00000359 00000000*       856 	.word	.LDW_48aeac0
0000035d 01              857 	.byte	1

                                                                      Page 18
                                                              C:\Users\nhuliyap\AppData\Local\Temp\gh_00004i41.s
0000035e 00              858 	.byte	0
0000035f 0503            859 	.byte	5,3
00000361 00000000*       860 	.word	_McalMcu_eReasonReset
                         861 
                         862 	.section	.debug_abbrev
0000008b 04              863 	.byte	4
0000008c 34              864 	.byte	52
0000008d 00              865 	.byte	0
0000008e 0308            866 	.byte	3,8
00000090 3b0f            867 	.byte	59,15
00000092 390f            868 	.byte	57,15
00000094 3a0f            869 	.byte	58,15
00000096 4910            870 	.byte	73,16
00000098 3f0c            871 	.byte	63,12
0000009a 3c0c            872 	.byte	60,12
0000009c 020a            873 	.byte	2,10
0000009e 0000            874 	.byte	0,0
                         875 
                         876 	.section	.debug_info
                         877 .LDW_4b70cb8:
00000365 15              878 	.byte	21
00000366 4170706c4d63    879 	.strz	"ApplMcu_vReleaseIoBuffers"
0000036c 755f7652656c 
00000372 65617365496f 
00000378 427566666572 
0000037e 7300 
00000380 4d              880 	.byte	77
00000381 0d              881 	.byte	13
00000382 09              882 	.byte	9
00000383 01              883 	.byte	1
00000384 00              884 	.byte	0
00000385 01              885 	.byte	1
00000386 01              886 	.byte	1
00000387 00              887 	.byte	0
00000388 01              888 	.byte	1
                         889 
                         890 	.section	.debug_abbrev
000000a0 15              891 	.byte	21
000000a1 2e              892 	.byte	46
000000a2 01              893 	.byte	1
000000a3 0308            894 	.byte	3,8
000000a5 3b0f            895 	.byte	59,15
000000a7 390f            896 	.byte	57,15
000000a9 3a0f            897 	.byte	58,15
000000ab 3c0c            898 	.byte	60,12
000000ad 200b            899 	.byte	32,11
000000af 3f0c            900 	.byte	63,12
000000b1 320b            901 	.byte	50,11
000000b3 4c0b            902 	.byte	76,11
000000b5 270c            903 	.byte	39,12
000000b7 0000            904 	.byte	0,0
                         905 
                         906 	.section	.debug_info
00000389 00              907 	.byte	0
                         908 
                         909 .LDW_4b70d50:
0000038a 15              910 	.byte	21
0000038b 5359534d4752    911 	.strz	"SYSMGR_SetEcuMode"
00000391 5f5365744563 
00000397 754d6f646500 
0000039d 27              912 	.byte	39

                                                                      Page 19
                                                              C:\Users\nhuliyap\AppData\Local\Temp\gh_00004i41.s
0000039e 0d              913 	.byte	13
0000039f 0c              914 	.byte	12
000003a0 01              915 	.byte	1
000003a1 00              916 	.byte	0
000003a2 01              917 	.byte	1
000003a3 01              918 	.byte	1
000003a4 00              919 	.byte	0
000003a5 01              920 	.byte	1
                         921 
000003a6 00              922 	.byte	0
                         923 
                         924 .LDW_4bc57d8:
000003a7 15              925 	.byte	21
000003a8 44434d4d4752    926 	.strz	"DCMMGR_TriggerPositiveResponse"
000003ae 5f5472696767 
000003b4 6572506f7369 
000003ba 746976655265 
000003c0 73706f6e7365 
000003c6 00 
000003c7 40              927 	.byte	64
000003c8 0d              928 	.byte	13
000003c9 01              929 	.byte	1
000003ca 01              930 	.byte	1
000003cb 00              931 	.byte	0
000003cc 01              932 	.byte	1
000003cd 01              933 	.byte	1
000003ce 00              934 	.byte	0
000003cf 01              935 	.byte	1
                         936 
000003d0 00              937 	.byte	0
                         938 
                         939 .LDW_48aeb18:
000003d1 14              940 	.byte	20
000003d2 4d63616c4d63    941 	.strz	"McalMcu_eGetReasonReset"
000003d8 755f65476574 
000003de 526561736f6e 
000003e4 526573657400 
000003ea 42              942 	.byte	66
000003eb 2f              943 	.byte	47
000003ec 01              944 	.byte	1
000003ed 00000000*       945 	.word	.LDW_48aeac0
000003f1 00000000*       946 	.word	_McalMcu_eGetReasonReset
000003f5 00000000*       947 	.word	___ghs_eofn_McalMcu_eGetReasonReset
000003f9 0153            948 	.byte	1,83
000003fb 02              949 	.byte	2
000003fc 00              950 	.byte	0
000003fd 02              951 	.byte	2
000003fe 00              952 	.byte	0
000003ff 00              953 	.byte	0
00000400 00              954 	.byte	0
00000401 00              955 	.byte	0
00000402 01              956 	.byte	1
00000403 01              957 	.byte	1
00000404 00              958 	.byte	0
00000405 01              959 	.byte	1
                         960 
                         961 	.section	.debug_abbrev
000000b9 14              962 	.byte	20
000000ba 2e              963 	.byte	46
000000bb 01              964 	.byte	1
000000bc 0308            965 	.byte	3,8

                                                                      Page 20
                                                              C:\Users\nhuliyap\AppData\Local\Temp\gh_00004i41.s
000000be 3b0f            966 	.byte	59,15
000000c0 390f            967 	.byte	57,15
000000c2 3a0f            968 	.byte	58,15
000000c4 4910            969 	.byte	73,16
000000c6 1101            970 	.byte	17,1
000000c8 1201            971 	.byte	18,1
000000ca 400a            972 	.byte	64,10
000000cc 8341            973 	.byte	131,65
000000ce 0f              974 	.byte	15
000000cf 8741            975 	.byte	135,65
000000d1 0d              976 	.byte	13
000000d2 8541            977 	.byte	133,65
000000d4 0f              978 	.byte	15
000000d5 8641            979 	.byte	134,65
000000d7 0d              980 	.byte	13
000000d8 9241            981 	.byte	146,65
000000da 0f              982 	.byte	15
000000db 3c0c            983 	.byte	60,12
000000dd 200b            984 	.byte	32,11
000000df 3f0c            985 	.byte	63,12
000000e1 320b            986 	.byte	50,11
000000e3 4c0b            987 	.byte	76,11
000000e5 270c            988 	.byte	39,12
000000e7 0000            989 	.byte	0,0
                         990 
                         991 	.section	.debug_frame
                         992 .LDW_4bc1fd0:
00000090 00000000*       993 	.word	.LDW_unq_5-.LDW_unq_4
                         994 .LDW_unq_4:
00000094 00000000*       995 	.word	.LDW_4bab7c0
00000098 00000000*       996 	.word	_McalMcu_eGetReasonReset
0000009c 00000000*       997 	.word	___ghs_eofn_McalMcu_eGetReasonReset-_McalMcu_eGetReasonReset
000000a0 01              998 	.byte	1
000000a1 00000000*       999 	.word	.LDW11
000000a5 00             1000 	.byte	0
000000a6 00             1001 	.byte	0
000000a7 00             1002 	.byte	0
                        1003 .LDW_unq_5:
                        1004 	.section	.debug_line
00000204 000502         1005 	.byte	0,5,2
00000207 00000000*      1006 	.word	_McalMcu_eGetReasonReset
0000020b 06             1007 	.byte	6
0000020c 03             1008 	.byte	3
0000020d c200           1009 	.byte	194,0
0000020f 02             1010 	.byte	2
00000210 00             1011 	.byte	0
00000211 01             1012 	.byte	1
00000212 06             1013 	.byte	6
00000213 000502         1014 	.byte	0,5,2
00000216 00000000*      1015 	.word	.LDWlin1
0000021a 02             1016 	.byte	2
0000021b 00             1017 	.byte	0
0000021c 02             1018 	.byte	2
0000021d 02             1019 	.byte	2
0000021e 000101         1020 	.byte	0,1,1
                        1021 	.section	.debug_info
                        1022 .LDW_48ab748:
00000406 1d             1023 	.byte	29
00000407 00000000*      1024 	.word	.LDW01
0000040b 00000000*      1025 	.word	.LDW11
                        1026 

                                                                      Page 21
                                                              C:\Users\nhuliyap\AppData\Local\Temp\gh_00004i41.s
                        1027 	.section	.debug_abbrev
000000e9 1d             1028 	.byte	29
000000ea 0b             1029 	.byte	11
000000eb 01             1030 	.byte	1
000000ec 1101           1031 	.byte	17,1
000000ee 1201           1032 	.byte	18,1
000000f0 0000           1033 	.byte	0,0
                        1034 
                        1035 	.section	.debug_info
0000040f 00             1036 	.byte	0
                        1037 
00000410 00             1038 	.byte	0
                        1039 
                        1040 .LDW_48aebb0:
00000411 14             1041 	.byte	20
00000412 4d63616c4d63   1042 	.strz	"McalMcu_PerformReasonReset"
00000418 755f50657266 
0000041e 6f726d526561 
00000424 736f6e526573 
0000042a 657400 
0000042d 46             1043 	.byte	70
0000042e 1b             1044 	.byte	27
0000042f 01             1045 	.byte	1
00000430 00000000*      1046 	.word	.LDW_48aeac0
00000434 00000000*      1047 	.word	_McalMcu_PerformReasonReset
00000438 00000000*      1048 	.word	___ghs_eofn_McalMcu_PerformReasonReset
0000043c 0153           1049 	.byte	1,83
0000043e 828080800a     1050 	.byte	130,128,128,128,10
00000443 08             1051 	.byte	8
00000444 03             1052 	.byte	3
00000445 08             1053 	.byte	8
00000446 00             1054 	.byte	0
00000447 00             1055 	.byte	0
00000448 00             1056 	.byte	0
00000449 01             1057 	.byte	1
0000044a 01             1058 	.byte	1
0000044b 00             1059 	.byte	0
0000044c 01             1060 	.byte	1
                        1061 
                        1062 	.section	.debug_frame
                        1063 .LDW_4bc1d90:
000000a8 00000000*      1064 	.word	.LDW_unq_7-.LDW_unq_6
                        1065 .LDW_unq_6:
000000ac 00000000*      1066 	.word	.LDW_4bab7c0
000000b0 00000000*      1067 	.word	_McalMcu_PerformReasonReset
000000b4 00000000*      1068 	.word	___ghs_eofn_McalMcu_PerformReasonReset-_McalMcu_PerformReasonReset
000000b8 48             1069 	.byte	72
000000b9 9f             1070 	.byte	159
000000ba 00             1071 	.byte	0
000000bb 40             1072 	.byte	64
000000bc 9d             1073 	.byte	157
000000bd 04             1074 	.byte	4
000000be 01             1075 	.byte	1
000000bf 00000000*      1076 	.word	.LDW31
000000c3 00             1077 	.byte	0
                        1078 .LDW_unq_7:
                        1079 	.section	.debug_line
00000221 000502         1080 	.byte	0,5,2
00000224 00000000*      1081 	.word	_McalMcu_PerformReasonReset
00000228 03             1082 	.byte	3
00000229 c500           1083 	.byte	197,0

                                                                      Page 22
                                                              C:\Users\nhuliyap\AppData\Local\Temp\gh_00004i41.s
0000022b 02             1084 	.byte	2
0000022c 00             1085 	.byte	0
0000022d 01             1086 	.byte	1
0000022e 06             1087 	.byte	6
0000022f 2c             1088 	.byte	44
00000230 000502         1089 	.byte	0,5,2
00000233 00000000*      1090 	.word	.LDWlin2
00000237 03             1091 	.byte	3
00000238 7f             1092 	.byte	127
00000239 02             1093 	.byte	2
0000023a 00             1094 	.byte	0
0000023b 01             1095 	.byte	1
0000023c 03             1096 	.byte	3
0000023d 0c             1097 	.byte	12
0000023e 02             1098 	.byte	2
0000023f 02             1099 	.byte	2
00000240 01             1100 	.byte	1
00000241 0c             1101 	.byte	12
00000242 000502         1102 	.byte	0,5,2
00000245 00000000*      1103 	.word	.LDWlin3
00000249 0b             1104 	.byte	11
0000024a 0b             1105 	.byte	11
0000024b 02             1106 	.byte	2
0000024c 00             1107 	.byte	0
0000024d 15             1108 	.byte	21
0000024e 0c             1109 	.byte	12
0000024f 000502         1110 	.byte	0,5,2
00000252 00000000*      1111 	.word	.LDWlin4
00000256 0b             1112 	.byte	11
00000257 0b             1113 	.byte	11
00000258 02             1114 	.byte	2
00000259 00             1115 	.byte	0
0000025a 000502         1116 	.byte	0,5,2
0000025d 00000000*      1117 	.word	.LDWlin5
00000261 0d             1118 	.byte	13
00000262 0b             1119 	.byte	11
00000263 14             1120 	.byte	20
00000264 000502         1121 	.byte	0,5,2
00000267 00000000*      1122 	.word	.LDWlin6
0000026b 0c             1123 	.byte	12
0000026c 000502         1124 	.byte	0,5,2
0000026f 00000000*      1125 	.word	.LDWlin7
00000273 0b             1126 	.byte	11
00000274 0b             1127 	.byte	11
00000275 02             1128 	.byte	2
00000276 00             1129 	.byte	0
00000277 25             1130 	.byte	37
00000278 0c             1131 	.byte	12
00000279 000502         1132 	.byte	0,5,2
0000027c 00000000*      1133 	.word	.LDWlin8
00000280 0b             1134 	.byte	11
00000281 0b             1135 	.byte	11
00000282 02             1136 	.byte	2
00000283 00             1137 	.byte	0
00000284 000502         1138 	.byte	0,5,2
00000287 00000000*      1139 	.word	.LDWlin9
0000028b 0d             1140 	.byte	13
0000028c 0c             1141 	.byte	12
0000028d 000502         1142 	.byte	0,5,2
00000290 00000000*      1143 	.word	.LDWlin10
00000294 0b             1144 	.byte	11

                                                                      Page 23
                                                              C:\Users\nhuliyap\AppData\Local\Temp\gh_00004i41.s
00000295 0b             1145 	.byte	11
00000296 0b             1146 	.byte	11
00000297 02             1147 	.byte	2
00000298 00             1148 	.byte	0
00000299 02             1149 	.byte	2
0000029a 00             1150 	.byte	0
0000029b 02             1151 	.byte	2
0000029c 00             1152 	.byte	0
0000029d 02             1153 	.byte	2
0000029e 00             1154 	.byte	0
0000029f 02             1155 	.byte	2
000002a0 00             1156 	.byte	0
000002a1 02             1157 	.byte	2
000002a2 00             1158 	.byte	0
000002a3 02             1159 	.byte	2
000002a4 00             1160 	.byte	0
000002a5 02             1161 	.byte	2
000002a6 00             1162 	.byte	0
000002a7 02             1163 	.byte	2
000002a8 00             1164 	.byte	0
000002a9 03             1165 	.byte	3
000002aa 06             1166 	.byte	6
000002ab 02             1167 	.byte	2
000002ac 00             1168 	.byte	0
000002ad 01             1169 	.byte	1
000002ae 000502         1170 	.byte	0,5,2
000002b1 00000000*      1171 	.word	.LDWlin11
000002b5 0c             1172 	.byte	12
000002b6 000502         1173 	.byte	0,5,2
000002b9 00000000*      1174 	.word	.LDWlin12
000002bd 03             1175 	.byte	3
000002be 7f             1176 	.byte	127
000002bf 02             1177 	.byte	2
000002c0 00             1178 	.byte	0
000002c1 01             1179 	.byte	1
000002c2 000502         1180 	.byte	0,5,2
000002c5 00000000*      1181 	.word	.LDWlin13
000002c9 0d             1182 	.byte	13
000002ca 06             1183 	.byte	6
000002cb 02             1184 	.byte	2
000002cc 02             1185 	.byte	2
000002cd 02             1186 	.byte	2
000002ce 04             1187 	.byte	4
000002cf 000101         1188 	.byte	0,1,1
                        1189 	.section	.debug_info
                        1190 .LDW_48ab418:
0000044d 1d             1191 	.byte	29
0000044e 00000000*      1192 	.word	.LDW21
00000452 00000000*      1193 	.word	.LDW31
                        1194 
                        1195 .LDW_48aec48:
00000456 04             1196 	.byte	4
00000457 756352657456   1197 	.strz	"ucRetVal"
0000045d 616c00 
00000460 47             1198 	.byte	71
00000461 1e             1199 	.byte	30
00000462 01             1200 	.byte	1
00000463 00000000*      1201 	.word	.LDW_48aeac0
00000467 00             1202 	.byte	0
00000468 00             1203 	.byte	0
00000469 016d           1204 	.byte	1,109

                                                                      Page 24
                                                              C:\Users\nhuliyap\AppData\Local\Temp\gh_00004i41.s
                        1205 
0000046b 00             1206 	.byte	0
                        1207 
0000046c 00             1208 	.byte	0
                        1209 
                        1210 .LDW_4b96430:
0000046d 13             1211 	.byte	19
0000046e 696e664d6361   1212 	.strz	"infMcalMcuSwcApplEcuM_InitFunction"
00000474 6c4d63755377 
0000047a 634170706c45 
00000480 63754d5f496e 
00000486 697446756e63 
0000048c 74696f6e00 
00000491 8401           1213 	.byte	132,1
00000493 1a             1214 	.byte	26
00000494 01             1215 	.byte	1
00000495 00000000*      1216 	.word	_infMcalMcuSwcApplEcuM_InitFunction
00000499 00000000*      1217 	.word	___ghs_eofn_infMcalMcuSwcApplEcuM_InitFunction
0000049d 0153           1218 	.byte	1,83
0000049f 8280808008     1219 	.byte	130,128,128,128,8
000004a4 04             1220 	.byte	4
000004a5 03             1221 	.byte	3
000004a6 04             1222 	.byte	4
000004a7 00             1223 	.byte	0
000004a8 00             1224 	.byte	0
000004a9 00             1225 	.byte	0
000004aa 01             1226 	.byte	1
000004ab 01             1227 	.byte	1
000004ac 00             1228 	.byte	0
000004ad 01             1229 	.byte	1
                        1230 
                        1231 	.section	.debug_abbrev
000000f2 13             1232 	.byte	19
000000f3 2e             1233 	.byte	46
000000f4 01             1234 	.byte	1
000000f5 0308           1235 	.byte	3,8
000000f7 3b0f           1236 	.byte	59,15
000000f9 390f           1237 	.byte	57,15
000000fb 3a0f           1238 	.byte	58,15
000000fd 1101           1239 	.byte	17,1
000000ff 1201           1240 	.byte	18,1
00000101 400a           1241 	.byte	64,10
00000103 8341           1242 	.byte	131,65
00000105 0f             1243 	.byte	15
00000106 8741           1244 	.byte	135,65
00000108 0d             1245 	.byte	13
00000109 8541           1246 	.byte	133,65
0000010b 0f             1247 	.byte	15
0000010c 8641           1248 	.byte	134,65
0000010e 0d             1249 	.byte	13
0000010f 9241           1250 	.byte	146,65
00000111 0f             1251 	.byte	15
00000112 3c0c           1252 	.byte	60,12
00000114 200b           1253 	.byte	32,11
00000116 3f0c           1254 	.byte	63,12
00000118 320b           1255 	.byte	50,11
0000011a 4c0b           1256 	.byte	76,11
0000011c 270c           1257 	.byte	39,12
0000011e 0000           1258 	.byte	0,0
                        1259 
                        1260 	.section	.debug_frame

                                                                      Page 25
                                                              C:\Users\nhuliyap\AppData\Local\Temp\gh_00004i41.s
                        1261 .LDW_4891170:
000000c4 00000000*      1262 	.word	.LDW_unq_9-.LDW_unq_8
                        1263 .LDW_unq_8:
000000c8 00000000*      1264 	.word	.LDW_4bab7c0
000000cc 00000000*      1265 	.word	_infMcalMcuSwcApplEcuM_InitFunction
000000d0 00000000*      1266 	.word	___ghs_eofn_infMcalMcuSwcApplEcuM_InitFunction-_infMcalMcuSwcApplEcuM_InitFunction
000000d4 44             1267 	.byte	68
000000d5 9f             1268 	.byte	159
000000d6 00             1269 	.byte	0
000000d7 01             1270 	.byte	1
000000d8 00000000*      1271 	.word	.LDW51
000000dc 44             1272 	.byte	68
000000dd df             1273 	.byte	223
000000de 00             1274 	.byte	0
000000df 00             1275 	.byte	0
                        1276 .LDW_unq_9:
                        1277 	.section	.debug_line
000002d2 000502         1278 	.byte	0,5,2
000002d5 00000000*      1279 	.word	_infMcalMcuSwcApplEcuM_InitFunction
000002d9 03             1280 	.byte	3
000002da 8301           1281 	.byte	131,1
000002dc 02             1282 	.byte	2
000002dd 00             1283 	.byte	0
000002de 01             1284 	.byte	1
000002df 06             1285 	.byte	6
000002e0 1b             1286 	.byte	27
000002e1 000502         1287 	.byte	0,5,2
000002e4 00000000*      1288 	.word	.LDWlin14
000002e8 0b             1289 	.byte	11
000002e9 000502         1290 	.byte	0,5,2
000002ec 00000000*      1291 	.word	.LDWlin15
000002f0 0b             1292 	.byte	11
000002f1 02             1293 	.byte	2
000002f2 04             1294 	.byte	4
000002f3 000101         1295 	.byte	0,1,1
                        1296 	.section	.debug_info
                        1297 .LDW_48ab5f8:
000004ae 1d             1298 	.byte	29
000004af 00000000*      1299 	.word	.LDW41
000004b3 00000000*      1300 	.word	.LDW51
                        1301 
000004b7 00             1302 	.byte	0
                        1303 
000004b8 00             1304 	.byte	0
                        1305 
000004b9 00             1306 	.byte	0
                        1307 
                        1308 	.section	.debug_line
                        1309 .Ldw_line_end:
                        1310 	.section	.debug_macinfo
00000000 01             1311 	.byte	1
00000001 00             1312 	.byte	0
00000002 5f5f6768735f   1313 	.strz	"__ghs__ 1"
00000008 5f203100 
0000000c 01             1314 	.byte	1
0000000d 00             1315 	.byte	0
0000000e 5f5f4c4c4f4e   1316 	.strz	"__LLONG_BIT 64"
00000014 475f42495420 
0000001a 363400 
0000001d 03             1317 	.byte	3
0000001e 00             1318 	.byte	0

                                                                      Page 26
                                                              C:\Users\nhuliyap\AppData\Local\Temp\gh_00004i41.s
0000001f 01             1319 	.byte	1
00000020 03             1320 	.byte	3
00000021 1a             1321 	.byte	26
00000022 02             1322 	.byte	2
00000023 03             1323 	.byte	3
00000024 1c             1324 	.byte	28
00000025 03             1325 	.byte	3
00000026 04             1326 	.byte	4
00000027 03             1327 	.byte	3
00000028 1d             1328 	.byte	29
00000029 04             1329 	.byte	4
0000002a 03             1330 	.byte	3
0000002b 1b             1331 	.byte	27
0000002c 05             1332 	.byte	5
0000002d 03             1333 	.byte	3
0000002e 54             1334 	.byte	84
0000002f 06             1335 	.byte	6
00000030 04             1336 	.byte	4
00000031 04             1337 	.byte	4
00000032 01             1338 	.byte	1
00000033 34             1339 	.byte	52
00000034 46554e432872   1340 	.strz	"FUNC(rettype,memclass) rettype"
0000003a 657474797065 
00000040 2c6d656d636c 
00000046 617373292072 
0000004c 657474797065 
00000052 00 
00000053 04             1341 	.byte	4
00000054 04             1342 	.byte	4
00000055 03             1343 	.byte	3
00000056 1c             1344 	.byte	28
00000057 07             1345 	.byte	7
00000058 03             1346 	.byte	3
00000059 1b             1347 	.byte	27
0000005a 08             1348 	.byte	8
0000005b 04             1349 	.byte	4
0000005c 04             1350 	.byte	4
0000005d 03             1351 	.byte	3
0000005e 1e             1352 	.byte	30
0000005f 09             1353 	.byte	9
00000060 01             1354 	.byte	1
00000061 2a             1355 	.byte	42
00000062 4346474d4341   1356 	.strz	"CFGMCALMCU_WUP_FACTOR_TJA_ERR (1<<6)"
00000068 4c4d43555f57 
0000006e 55505f464143 
00000074 544f525f544a 
0000007a 415f45525220 
00000080 28313c3c3629 
00000086 00 
00000087 01             1357 	.byte	1
00000088 2b             1358 	.byte	43
00000089 4346474d4341   1359 	.strz	"CFGMCALMCU_RESF_POWER_ON_RESET (1<<9)"
0000008f 4c4d43555f52 
00000095 4553465f504f 
0000009b 5745525f4f4e 
000000a1 5f5245534554 
000000a7 2028313c3c39 
000000ad 2900 
000000af 01             1360 	.byte	1
000000b0 2d             1361 	.byte	45
000000b1 4346474d4341   1362 	.strz	"CFGMCALMCU_WUP_FACTOR_TAUJ00 (1<<15)"

                                                                      Page 27
                                                              C:\Users\nhuliyap\AppData\Local\Temp\gh_00004i41.s
000000b7 4c4d43555f57 
000000bd 55505f464143 
000000c3 544f525f5441 
000000c9 554a30302028 
000000cf 313c3c313529 
000000d5 00 
000000d6 01             1363 	.byte	1
000000d7 2e             1364 	.byte	46
000000d8 4346474d4341   1365 	.strz	"CFGMCALMCU_WUP_FACTOR_TAUJ01 (1<<16)"
000000de 4c4d43555f57 
000000e4 55505f464143 
000000ea 544f525f5441 
000000f0 554a30312028 
000000f6 313c3c313629 
000000fc 00 
000000fd 01             1366 	.byte	1
000000fe 2f             1367 	.byte	47
000000ff 4346474d4341   1368 	.strz	"CFGMCALMCU_WUP_FACTOR_TAUJ02 (1<<17)"
00000105 4c4d43555f57 
0000010b 55505f464143 
00000111 544f525f5441 
00000117 554a30322028 
0000011d 313c3c313729 
00000123 00 
00000124 01             1369 	.byte	1
00000125 30             1370 	.byte	48
00000126 4346474d4341   1371 	.strz	"CFGMCALMCU_WUP_FACTOR_TAUJ03 (1<<18)"
0000012c 4c4d43555f57 
00000132 55505f464143 
00000138 544f525f5441 
0000013e 554a30332028 
00000144 313c3c313829 
0000014a 00 
0000014b 04             1372 	.byte	4
0000014c 03             1373 	.byte	3
0000014d 1f             1374 	.byte	31
0000014e 0a             1375 	.byte	10
0000014f 03             1376 	.byte	3
00000150 1b             1377 	.byte	27
00000151 0b             1378 	.byte	11
00000152 01             1379 	.byte	1
00000153 25             1380 	.byte	37
00000154 505241474d41   1381 	.strz	"PRAGMA(x) _Pragma(#x)"
0000015a 287829205f50 
00000160 7261676d6128 
00000166 23782900 
0000016a 01             1382 	.byte	1
0000016b 26             1383 	.byte	38
0000016c 5f5f52454144   1384 	.strz	"__READ volatile const"
00000172 20766f6c6174 
00000178 696c6520636f 
0000017e 6e737400 
00000182 01             1385 	.byte	1
00000183 28             1386 	.byte	40
00000184 5f5f52454144   1387 	.strz	"__READ_WRITE volatile"
0000018a 5f5752495445 
00000190 20766f6c6174 
00000196 696c6500 
0000019a 01             1388 	.byte	1
0000019b 2a             1389 	.byte	42
0000019c 5f5f494f5245   1390 	.strz	"__IOREG(reg,addr,attrib,type) PRAGMA(ghs io reg addr) extern attrib type reg;"

                                                                      Page 28
                                                              C:\Users\nhuliyap\AppData\Local\Temp\gh_00004i41.s
000001a2 47287265672c 
000001a8 616464722c61 
000001ae 74747269622c 
000001b4 747970652920 
000001ba 505241474d41 
000001c0 286768732069 
000001c6 6f2072656720 
000001cc 616464722920 
000001d2 65787465726e 
000001d8 206174747269 
000001de 622074797065 
000001e4 207265673b00 
000001ea 04             1391 	.byte	4
000001eb 04             1392 	.byte	4
000001ec 03             1393 	.byte	3
000001ed 20             1394 	.byte	32
000001ee 0c             1395 	.byte	12
000001ef 04             1396 	.byte	4
000001f0 04             1397 	.byte	4
000001f1 00             1398 	.byte	0
                        1399 	.section	.debug_abbrev
00000120 00             1400 	.byte	0
                        1401 	.section	.debug_info
                        1402 .Ldw_end:
                        1403 .rh850_flags REGMODE32,DATA_ALIGN8,GP_FIX,EP_NONFIX,TP_FIX,REG2_RESERVE,G3K,GHS_MISALIGN,SDA_EXTRA_REGS_0
