                                                                      Page 1
                                                              C:\Users\nhuliyap\AppData\Local\Temp\gh_0000ai41.s
Command Line: C:\ghs\comp_201517\ease850.exe -w -elf -b0 -I../source/common -I../source/ProjectCompiler -I../source/ProjectCfg -I../source/SwcApplTpms -I../source/SwcApplTpms/Intface -I../source/SwcApplEcuM -I../source/SwcServiceEcuM -I../source/SwcServiceNvM -I../source/SwcServiceOs -I../source/SwcServiceStartUp -I../source/McalAdc -I../source/McalDio -I../source/McalGpt -I../source/McalMcu -I../source/McalWdg -I../source/wrappers -I../source/wrappers/McalAta -I../source/McalLin -I../source/McalCan -I../source/wrappers/OS -I../source/McalFls -I../source/EcuabFee -I../source/EcuabMemIf -I../source/wrappers/VStdLib -I../source/wrappers/Crc -I../source/wrappers/FBL_APPL -I../source/wrappers/CAN_MANAGER -I../source/wrappers/NVM_MANAGER -I../source/wrappers/DEM_MANAGER -I../source/wrappers/RDC_MANAGER -I../source/wrappers/ENV_MANAGER -I../source/wrappers/SYS_MANAGER -I../source/wrappers/EcuabCanIf -I../source/wrappers/SwcServiceCanSM -I../source/wrappers/SwcServiceCanTp -I../source/wrappers/SwcServiceCanTp_PreCompile -I../source/wrappers/SwcServiceCom -I../source/wrappers/SwcServiceComM -I../source/wrappers/SwcServiceComStack -I../source/wrappers/SwcServiceDcm -I../source/wrappers/SwcServicePduR -I../source/wrappers/SwcServiceEcuM -I../source/wrappers/Bfx -I../source/wrappers/SwcServiceDem -I../source/SwcServiceDet -I../source/SwcServiceFiM -I../source/wrappers/LibAutosarDiag -I../source/wrappers/rba_BswSrv -I../source/SwcServiceSchM -I../source/wrappers/SwcServiceComM/Integration -I../source/wrappers/SwcServicePduR/Integration -I../source/wrappers/EcuabCanIf/Integration -I../source/wrappers/SwcServiceCom/Integration -I../source/wrappers/SwcServiceCanTp/Integration -I../source/wrappers/SwcServiceEcuM/Integration -I../source/SwcServiceDet/Integration -I../source/wrappers/SwcServiceDcm/Integration -I../source/wrappers/SwcServiceDem/Integration -I../source/SwcServiceFiM/Integration -I../source/wrappers/EcuabCanIf/api -I../source/wrappers/SwcServiceCom/api -I../source/wrappers/SwcServiceComM/api -I../source/wrappers/SwcServicePduR/api -I../source/wrappers/Bfx/api -I../source/SwcServiceDet/api -I../source/SwcServiceFiM/api -I../source/wrappers/LibAutosarDiag/api -I../source/wrappers/rba_BswSrv/api -IC:\ghs\comp_201517\lib\rh850 -cg_underscore -cpu=rh850g3k -no_v850_simd -rh850_fpsimd=none -nomacro -patch_dbo=C:\_ECU2\ECU_Rivian_A1\Target\repo_projects\pRealEcu\cL_R2023.09.01\make\output\objects\multiframe.dbo -source=multiframe.c -o output\objects\gh_0000ai41.o -list=output\list\multiframe.lst C:\Users\nhuliyap\AppData\Local\Temp\gh_0000ai41.s 
Original File: C:\Users\nhuliyap\AppData\Local\Temp\gh_0000ai41.s
Source File: multiframe.c
Directory: C:\_ECU2\ECU_Rivian_A1\Target\repo_projects\pRealEcu\cL_R2023.09.01\make
Host OS: Windows
EASE: Copyright (C) 1983-2015 Green Hills Software.  All Rights Reserved.
Release: Compiler v2015.1.7
Build Directory: [Directory] BTOWORKER6:c:/build_2015_1_bto/2015-10-21.2100-2015_1_bto/win32-comp-ecom
Revision: [VCInfo] http://toolsvc/branches/release-branch-70-bto/src@544153 (built by build)
Revision Date: Thu Oct 22 07:50:13 2015

Release Date: Thu Oct 22 09:32:32 2015

                           1 --Driver Command: ccv850 ../source/SwcApplTpms/multiframe.c -cpu=rh850 -fhard
                           2 --		-ignore_callt_state_in_interrupts -large_sda -misalign_pack
                           3 --		-nofarcalls -nofloatio -no_callt -Ogeneral -Onounroll
                           4 --		-prepare_dispose -registermode=32 -reserve_r2 -sda=0
                           5 --		-shorten_loads -Wshadow --brief_diagnostics --no_commons
                           6 --		--no_wrap_diagnostics --prototype_errors --short_enum -list -G
                           7 --		-dual_debug -dwarf -X5523 -lnk=-no_xda_modifications -D
                           8 --		NOT_READY_FOR_TESTING_OR_DEPLOYMENT -D IBTCM_SW_ANPASSUNGEN -D
                           9 --		BUILD_LORDSTOWN -c -inline_prologue -I../source/common
                          10 --		-I../source/ProjectCompiler -I../source/ProjectCfg
                          11 --		-I../source/SwcApplTpms -I../source/SwcApplTpms/Intface
                          12 --		-I../source/SwcApplEcuM -I../source/SwcServiceEcuM
                          13 --		-I../source/SwcServiceNvM -I../source/SwcServiceOs
                          14 --		-I../source/SwcServiceStartUp -I../source/McalAdc
                          15 --		-I../source/McalDio -I../source/McalGpt -I../source/McalMcu
                          16 --		-I../source/McalWdg -I../source/wrappers
                          17 --		-I../source/wrappers/McalAta -I../source/McalLin
                          18 --		-I../source/McalCan -I../source/wrappers/OS -I../source/McalFls
                          19 --		-I../source/EcuabFee -I../source/EcuabMemIf
                          20 --		-I../source/wrappers/VStdLib -I../source/wrappers
                          21 --		-I../source/wrappers/Crc -I../source/wrappers/FBL_APPL
                          22 --		-I../source/wrappers/CAN_MANAGER -I../source/wrappers/NVM_MANAGER
                          23 --		-I../source/wrappers/DEM_MANAGER -I../source/wrappers/RDC_MANAGER
                          24 --		-I../source/wrappers/ENV_MANAGER -I../source/wrappers/SYS_MANAGER
                          25 --		-I../source/wrappers/EcuabCanIf
                          26 --		-I../source/wrappers/SwcServiceCanSM
                          27 --		-I../source/wrappers/SwcServiceCanTp
                          28 --		-I../source/wrappers/SwcServiceCanTp_PreCompile
                          29 --		-I../source/wrappers/SwcServiceCom
                          30 --		-I../source/wrappers/SwcServiceComM
                          31 --		-I../source/wrappers/SwcServiceComStack
                          32 --		-I../source/wrappers/SwcServiceDcm
                          33 --		-I../source/wrappers/SwcServicePduR
                          34 --		-I../source/wrappers/SwcServiceEcuM -I../source/wrappers/Bfx
                          35 --		-I../source/wrappers/SwcServiceDem -I../source/SwcServiceDet
                          36 --		-I../source/SwcServiceFiM -I../source/wrappers/LibAutosarDiag
                          37 --		-I../source/wrappers/rba_BswSrv -I../source/SwcServiceSchM
                          38 --		-I../source/wrappers/SwcServiceComM/Integration
                          39 --		-I../source/wrappers/SwcServicePduR/Integration
                          40 --		-I../source/wrappers/EcuabCanIf/Integration
                          41 --		-I../source/wrappers/SwcServiceCom/Integration
                          42 --		-I../source/wrappers/SwcServiceCanTp/Integration
                          43 --		-I../source/wrappers/SwcServiceEcuM/Integration
                          44 --		-I../source/SwcServiceDet/Integration
                          45 --		-I../source/wrappers/SwcServiceDcm/Integration
                          46 --		-I../source/wrappers/SwcServiceDem/Integration
                          47 --		-I../source/SwcServiceFiM/Integration
                          48 --		-I../source/wrappers/EcuabCanIf/api
                          49 --		-I../source/wrappers/SwcServiceCom/api
                          50 --		-I../source/wrappers/SwcServiceComM/api

                                                                      Page 2
                                                              C:\Users\nhuliyap\AppData\Local\Temp\gh_0000ai41.s
                          51 --		-I../source/wrappers/SwcServicePduR/api
                          52 --		-I../source/wrappers/Bfx/api -I../source/SwcServiceDet/api
                          53 --		-I../source/SwcServiceFiM/api
                          54 --		-I../source/wrappers/LibAutosarDiag/api
                          55 --		-I../source/wrappers/rba_BswSrv/api -object_dir=output/objects
                          56 --		-list_dir=output/list
                          57 --Source File:   ../source/SwcApplTpms/multiframe.c
                          58 --Directory:     
                          59 --		C:\_ECU2\ECU_Rivian_A1\Target\repo_projects\pRealEcu\cL_R2023.09.01\make
                          60 --Compile Date:  Wed Sep 06 08:58:24 2023
                          61 --Host OS:       Win32
                          62 --Version:       C-RH850 2015.1.7 RELEASE VERSION
                          63 --Release:       Compiler v2015.1.7
                          64 --Revision Date: Thu Oct 22 08:06:12 2015
                          65 --Release Date:  Thu Oct 22 09:34:32 2015
                          66 -- ecom  -g -w -OM
                          67 	.text
                          68 ..bof.C.3A.5C_ECU2.5CECU_Rivian_A1.5CTarget.5Crepo_projects.5CpRealEcu.5CcL_R2023.2E09.2E01.5Cmake.5Coutput.5Cobjects.5Cmultiframe...43.3A.5C_ECU2.5CECU_Rivian_A1.5CTarget.5Crepo_projects.5CpRealEcu.5CcL_R2023.2E09.2E01.5Cmake..64F82310..0::
                          69 	.align	2
                          70 ..gh.f.f.1.e.0:
                          71 	.type	..gh.f.f.1.e.0,@object
                          72 	.size	..gh.f.f.1.e.0,0
                          73 	.global	_InitOneSlotMF..C.3A.5C_ECU2.5CECU_Rivian_A1.5CTarget.5Crepo_projects.5CpRealEcu.5CcL_R2023.2E09.2E01.5Cmake.5Coutput.5Cobjects.5Cmultiframe.
                          74 _InitOneSlotMF..C.3A.5C_ECU2.5CECU_Rivian_A1.5CTarget.5Crepo_projects.5CpRealEcu.5CcL_R2023.2E09.2E01.5Cmake.5Coutput.5Cobjects.5Cmultiframe.:
                          75 _InitOneSlotMF:
00000000 8600             76 	zxb	r6
                          77 --	    .bf
                          78 .LDW01:
00000002 6a32             79 	cmp	10,r6
00000004 b90d*            80 	bnl	.L2
                          81 --line30
                          82 ..lin.C.3A.5C_ECU2.5CECU_Rivian_A1.5CTarget.5Crepo_projects.5CpRealEcu.5CcL_R2023.2E09.2E01.5Cmake.5Coutput.5Cobjects.5Cmultiframe.1::
                          83 .LDWlin1:
00000006 06f0             84 	mov	r6,ep
00000008 c3f2             85 	shl	3,ep
0000000a 330600000000*    86 	mov	_tMultiFrameMF,r19
00000010 d3f1             87 	add	r19,ep
00000012 0105             88 	sst.w	zero,0[ep]
                          89 --line31
                          90 ..lin.C.3A.5C_ECU2.5CECU_Rivian_A1.5CTarget.5Crepo_projects.5CpRealEcu.5CcL_R2023.2E09.2E01.5Cmake.5Coutput.5Cobjects.5Cmultiframe.2::
                          91 .LDWlin2:
00000014 8403             92 	sst.b	zero,4[ep]
00000016 8503             93 	sst.b	zero,5[ep]
00000018 8603             94 	sst.b	zero,6[ep]
                          95 .L2:
                          96 --	    .ef
                          97 .LDW11:
0000001a 7f00             98 	jmp	[lp]
                          99 ___ghs_eofn_InitOneSlotMF:
                         100 	.type	_InitOneSlotMF,@function
                         101 	.size	_InitOneSlotMF,.-_InitOneSlotMF
                         102 	.type	_InitOneSlotMF..C.3A.5C_ECU2.5CECU_Rivian_A1.5CTarget.5Crepo_projects.5CpRealEcu.5CcL_R2023.2E09.2E01.5Cmake.5Coutput.5Cobjects.5Cmultiframe.,@function
                         103 	.size	_InitOneSlotMF..C.3A.5C_ECU2.5CECU_Rivian_A1.5CTarget.5Crepo_projects.5CpRealEcu.5CcL_R2023.2E09.2E01.5Cmake.5Coutput.5Cobjects.5Cmultiframe.,.-_InitOneSlotMF..C.3A.5C_ECU2.5CECU_Rivian_A1.5CTarget.5Crepo_projects.5CpRealEcu.5CcL_R2023.2E09.2E01.5Cmake.5Coutput.5Cobjects.5Cmultiframe.
                         104 	.align	2
                         105 
                         106 --_ucSlot	r6	param
                         107 
                         108 	.section ".bss","awb"
                         109 .L38:
                         110 	.type	.L38,@object
                         111 	.size	.L38,0

                                                                      Page 3
                                                              C:\Users\nhuliyap\AppData\Local\Temp\gh_0000ai41.s
                         112 	.data
                         113 	.text
                         114 	.align	2
                         115 	.align	2
                         116 ..gh.f.f.1.e.1:
                         117 	.type	..gh.f.f.1.e.1,@object
                         118 	.size	..gh.f.f.1.e.1,0
                         119 	.global	_TimeMF
                         120 _TimeMF:
                         121 --	    .bf
                         122 .LDW21:
0000001c 0092            123 	mov	0,r18
                         124 .L75:
0000001e 12f0            125 	mov	r18,ep
00000020 c3f2            126 	shl	3,ep
00000022 300600000000*   127 	mov	_tMultiFrameMF,r16
00000028 d0f1            128 	add	r16,ep
0000002a 6488            129 	sld.bu	4[ep],r17
0000002c e089            130 	cmp	zero,r17
0000002e c205*           131 	be	.L76
                         132 --line45
                         133 ..lin.C.3A.5C_ECU2.5CECU_Rivian_A1.5CTarget.5Crepo_projects.5CpRealEcu.5CcL_R2023.2E09.2E01.5Cmake.5Coutput.5Cobjects.5Cmultiframe.3::
                         134 .LDWlin3:
00000030 117effff        135 	addi	-1,r17,r15
00000034 847b            136 	sst.b	r15,4[ep]
                         137 .L76:
00000036 4192            138 	add	1,r18
00000038 6a92            139 	cmp	10,r18
0000003a a1f5*           140 	bl	.L75
                         141 --	    .ef
                         142 .LDW31:
                         143 --line48
                         144 ..lin.C.3A.5C_ECU2.5CECU_Rivian_A1.5CTarget.5Crepo_projects.5CpRealEcu.5CcL_R2023.2E09.2E01.5Cmake.5Coutput.5Cobjects.5Cmultiframe.4::
                         145 .LDWlin4:
0000003c 7f00            146 	jmp	[lp]
                         147 	.global	___ghs_eofn_TimeMF
                         148 ___ghs_eofn_TimeMF:
                         149 	.type	_TimeMF,@function
                         150 	.size	_TimeMF,.-_TimeMF
                         151 	.align	2
                         152 --_ucSlot	r18	local
                         153 
                         154 	.section ".bss","awb"
                         155 .L112:
                         156 	.type	.L112,@object
                         157 	.size	.L112,0
                         158 	.data
                         159 	.text
                         160 	.align	2
                         161 	.align	2
                         162 ..gh.f.f.1.e.2:
                         163 	.type	..gh.f.f.1.e.2,@object
                         164 	.size	..gh.f.f.1.e.2,0
                         165 	.global	_ucSearchIdMF..C.3A.5C_ECU2.5CECU_Rivian_A1.5CTarget.5Crepo_projects.5CpRealEcu.5CcL_R2023.2E09.2E01.5Cmake.5Coutput.5Cobjects.5Cmultiframe.
                         166 _ucSearchIdMF..C.3A.5C_ECU2.5CECU_Rivian_A1.5CTarget.5Crepo_projects.5CpRealEcu.5CcL_R2023.2E09.2E01.5Cmake.5Coutput.5Cobjects.5Cmultiframe.:
                         167 _ucSearchIdMF:
                         168 --	    .bf
                         169 .LDW41:
0000003e 0a4a            170 	mov	10,r9
00000040 0940            171 	mov	r9,r8
00000042 0092            172 	mov	0,r18

                                                                      Page 4
                                                              C:\Users\nhuliyap\AppData\Local\Temp\gh_0000ai41.s
                         173 .L167:
00000044 12f0            174 	mov	r18,ep
00000046 c3f2            175 	shl	3,ep
00000048 330600000000*   176 	mov	_tMultiFrameMF,r19
0000004e d3f1            177 	add	r19,ep
00000050 003d            178 	sld.w	0[ep],r7
00000052 e639            179 	cmp	r6,r7
                         180 --line105
                         181 ..lin.C.3A.5C_ECU2.5CECU_Rivian_A1.5CTarget.5Crepo_projects.5CpRealEcu.5CcL_R2023.2E09.2E01.5Cmake.5Coutput.5Cobjects.5Cmultiframe.5::
                         182 .LDWlin5:
00000054 ea971453        183 	cmovne	10,r18,r10
00000058 c20d*           184 	be	.L166
                         185 --line108
                         186 ..lin.C.3A.5C_ECU2.5CECU_Rivian_A1.5CTarget.5Crepo_projects.5CpRealEcu.5CcL_R2023.2E09.2E01.5Cmake.5Coutput.5Cobjects.5Cmultiframe.6::
                         187 .LDWlin6:
0000005a e039            188 	cmp	zero,r7
0000005c ca05*           189 	bne	.L172
                         190 --line110
                         191 ..lin.C.3A.5C_ECU2.5CECU_Rivian_A1.5CTarget.5Crepo_projects.5CpRealEcu.5CcL_R2023.2E09.2E01.5Cmake.5Coutput.5Cobjects.5Cmultiframe.7::
                         192 .LDWlin7:
0000005e 6a42            193 	cmp	10,r8
00000060 f2472443        194 	cmove	r18,r8,r8
                         195 .L172:
00000064 6488            196 	sld.bu	4[ep],r17
00000066 e089            197 	cmp	zero,r17
00000068 ca05*           198 	bne	.L166
                         199 --line118
                         200 ..lin.C.3A.5C_ECU2.5CECU_Rivian_A1.5CTarget.5Crepo_projects.5CpRealEcu.5CcL_R2023.2E09.2E01.5Cmake.5Coutput.5Cobjects.5Cmultiframe.8::
                         201 .LDWlin8:
0000006a 6a4a            202 	cmp	10,r9
0000006c f24f244b        203 	cmove	r18,r9,r9
                         204 .L166:
00000070 4192            205 	add	1,r18
00000072 9200            206 	zxb	r18
00000074 6a52            207 	cmp	10,r10
00000076 aa0d*           208 	bne	.L163
00000078 6a92            209 	cmp	10,r18
0000007a d1e5*           210 	bl	.L167
                         211 --line129
                         212 ..lin.C.3A.5C_ECU2.5CECU_Rivian_A1.5CTarget.5Crepo_projects.5CpRealEcu.5CcL_R2023.2E09.2E01.5Cmake.5Coutput.5Cobjects.5Cmultiframe.9::
                         213 .LDWlin9:
0000007c 6a42            214 	cmp	10,r8
0000007e ea471253        215 	cmovnl	10,r8,r10
00000082 c105*           216 	bl	.L163
                         217 --line135
                         218 ..lin.C.3A.5C_ECU2.5CECU_Rivian_A1.5CTarget.5Crepo_projects.5CpRealEcu.5CcL_R2023.2E09.2E01.5Cmake.5Coutput.5Cobjects.5Cmultiframe.10::
                         219 .LDWlin10:
00000084 6a4a            220 	cmp	10,r9
00000086 e9572253        221 	cmovl	r9,r10,r10
                         222 .L163:
                         223 --	    .ef
                         224 .LDW51:
0000008a 7f00            225 	jmp	[lp]
                         226 ___ghs_eofn_ucSearchIdMF:
                         227 	.type	_ucSearchIdMF,@function
                         228 	.size	_ucSearchIdMF,.-_ucSearchIdMF
                         229 	.type	_ucSearchIdMF..C.3A.5C_ECU2.5CECU_Rivian_A1.5CTarget.5Crepo_projects.5CpRealEcu.5CcL_R2023.2E09.2E01.5Cmake.5Coutput.5Cobjects.5Cmultiframe.,@function
                         230 	.size	_ucSearchIdMF..C.3A.5C_ECU2.5CECU_Rivian_A1.5CTarget.5Crepo_projects.5CpRealEcu.5CcL_R2023.2E09.2E01.5Cmake.5Coutput.5Cobjects.5Cmultiframe.,.-_ucSearchIdMF..C.3A.5C_ECU2.5CECU_Rivian_A1.5CTarget.5Crepo_projects.5CpRealEcu.5CcL_R2023.2E09.2E01.5Cmake.5Coutput.5Cobjects.5Cmultiframe.
                         231 	.align	2
                         232 --_ucSlot	r18	local
                         233 --_ucFreeSlot	r9	local

                                                                      Page 5
                                                              C:\Users\nhuliyap\AppData\Local\Temp\gh_0000ai41.s
                         234 --_ucFreeSlotNoId	r8	local
                         235 --_ucRet	r10	local
                         236 
                         237 --_ulReID	r6	param
                         238 
                         239 	.section ".bss","awb"
                         240 .L349:
                         241 	.type	.L349,@object
                         242 	.size	.L349,0
                         243 	.data
                         244 	.text
                         245 	.align	2
                         246 	.align	2
                         247 ..gh.f.f.1.e.3:
                         248 	.type	..gh.f.f.1.e.3,@object
                         249 	.size	..gh.f.f.1.e.3,0
                         250 	.global	_ucCheckForMultiFrameMF
                         251 _ucCheckForMultiFrameMF:
0000008c 8007e130        252 	prepare	{r26,r27,r28,r29,r31},0
00000090 07e0            253 	mov	r7,r28
00000092 06d8            254 	mov	r6,r27
00000094 9c00            255 	zxb	r28
00000096 08d0            256 	mov	r8,r26
                         257 --	    .bf
                         258 .LDW61:
                         259 	jarl	_ucSearchIdMF,lp
                         259 <EXPANSION BEGIN>
                         259 jarl22 _ucSearchIdMF , lp 
00000098 bfffa6ff*       259 <EXPANSION END>
0000009c 0a30            260 	mov	r10,r6
                         261 --line57
                         262 ..lin.C.3A.5C_ECU2.5CECU_Rivian_A1.5CTarget.5Crepo_projects.5CpRealEcu.5CcL_R2023.2E09.2E01.5Cmake.5Coutput.5Cobjects.5Cmultiframe.11::
                         263 .LDWlin11:
0000009e 6a52            264 	cmp	10,r10
000000a0 e92d*           265 	bnl	.L490
                         266 --line59
                         267 ..lin.C.3A.5C_ECU2.5CECU_Rivian_A1.5CTarget.5Crepo_projects.5CpRealEcu.5CcL_R2023.2E09.2E01.5Cmake.5Coutput.5Cobjects.5Cmultiframe.12::
                         268 .LDWlin12:
000000a2 0ae8            269 	mov	r10,r29
000000a4 c3ea            270 	shl	3,r29
000000a6 270600000000*   271 	mov	_tMultiFrameMF,r7
000000ac c7e9            272 	add	r7,r29
000000ae 9d9f0500        273 	ld.bu	4[r29],r19
000000b2 e099            274 	cmp	zero,r19
000000b4 f205*           275 	be	.L493
000000b6 e0e1            276 	cmp	zero,r28
000000b8 9215*           277 	be	.L492
000000ba 9d970700        278 	ld.bu	6[r29],r18
000000be fc91            279 	cmp	r28,r18
000000c0 d20d*           280 	be	.L492
                         281 .L493:
                         282 --line62
                         283 ..lin.C.3A.5C_ECU2.5CECU_Rivian_A1.5CTarget.5Crepo_projects.5CpRealEcu.5CcL_R2023.2E09.2E01.5Cmake.5Coutput.5Cobjects.5Cmultiframe.13::
                         284 .LDWlin13:
                         285 	jarl	_InitOneSlotMF,lp
                         285 <EXPANSION BEGIN>
                         285 jarl22 _InitOneSlotMF , lp 
000000c2 bfff3eff*       285 <EXPANSION END>
                         286 --line63
                         287 ..lin.C.3A.5C_ECU2.5CECU_Rivian_A1.5CTarget.5Crepo_projects.5CpRealEcu.5CcL_R2023.2E09.2E01.5Cmake.5Coutput.5Cobjects.5Cmultiframe.14::
                         288 .LDWlin14:

                                                                      Page 6
                                                              C:\Users\nhuliyap\AppData\Local\Temp\gh_0000ai41.s
000000c6 1df0            289 	mov	r29,ep
000000c8 6540            290 	sld.bu	5[ep],r8
000000ca 84d3            291 	sst.b	r26,4[ep]
000000cc 01dd            292 	sst.w	r27,0[ep]
000000ce 86e3            293 	sst.b	r28,6[ep]
000000d0 4142            294 	add	1,r8
000000d2 8543            295 	sst.b	r8,5[ep]
000000d4 0052            296 	mov	0,r10
000000d6 4006ff30        297 	dispose	0,{r26,r27,r28,r29,r31},[lp]
                         298 .L492:
                         299 --line71
                         300 ..lin.C.3A.5C_ECU2.5CECU_Rivian_A1.5CTarget.5Crepo_projects.5CpRealEcu.5CcL_R2023.2E09.2E01.5Cmake.5Coutput.5Cobjects.5Cmultiframe.15::
                         301 .LDWlin15:
000000da bd4f0500        302 	ld.bu	5[r29],r9
000000de 634a            303 	cmp	3,r9
000000e0 f105*           304 	bl	.L498
000000e2 e0e1            305 	cmp	zero,r28
000000e4 c20d*           306 	be	.L490
000000e6 9d8f0700        307 	ld.bu	6[r29],r17
000000ea fc89            308 	cmp	r28,r17
000000ec 8a0d*           309 	bne	.L490
                         310 .L498:
                         311 --line76
                         312 ..lin.C.3A.5C_ECU2.5CECU_Rivian_A1.5CTarget.5Crepo_projects.5CpRealEcu.5CcL_R2023.2E09.2E01.5Cmake.5Coutput.5Cobjects.5Cmultiframe.16::
                         313 .LDWlin16:
000000ee 09860100        314 	addi	1,r9,r16
000000f2 5d870500        315 	st.b	r16,5[r29]
000000f6 0152            316 	mov	1,r10
000000f8 4006ff30        317 	dispose	0,{r26,r27,r28,r29,r31},[lp]
                         318 .L490:
                         319 --line88
                         320 ..lin.C.3A.5C_ECU2.5CECU_Rivian_A1.5CTarget.5Crepo_projects.5CpRealEcu.5CcL_R2023.2E09.2E01.5Cmake.5Coutput.5Cobjects.5Cmultiframe.17::
                         321 .LDWlin17:
000000fc 0052            322 	mov	0,r10
                         323 --	    .ef
                         324 .LDW71:
000000fe 4006ff30        325 	dispose	0,{r26,r27,r28,r29,r31},[lp]
                         326 	.global	___ghs_eofn_ucCheckForMultiFrameMF
                         327 ___ghs_eofn_ucCheckForMultiFrameMF:
                         328 	.type	_ucCheckForMultiFrameMF,@function
                         329 	.size	_ucCheckForMultiFrameMF,.-_ucCheckForMultiFrameMF
                         330 	.align	2
                         331 --_ucSlot	r6	local
                         332 --_ucRet	r10	local
                         333 
                         334 --_ulReID	r27	param
                         335 --_ucTGCounter	r28	param
                         336 --_u8MaxTimeFilter	r26	param
                         337 
                         338 	.section ".bss","awb"
                         339 .L607:
                         340 	.type	.L607,@object
                         341 	.size	.L607,0
                         342 	.data
                         343 	.text
                         344 	.align	2
                         345 
                         346 	.data
                         347 	.section ".bss","awb"
                         348 	.align	4
                         349 	.align	4

                                                                      Page 7
                                                              C:\Users\nhuliyap\AppData\Local\Temp\gh_0000ai41.s
                         350 	.global	_tMultiFrameMF
00000000 000000000000    351 _tMultiFrameMF:	.space	80
00000006 000000000000 
0000000c 000000000000 
00000012 000000000000 
00000018 000000000000 
0000001e 000000000000 
00000024 000000000000 
0000002a 000000000000 
00000030 000000000000 
00000036 000000000000 
0000003c 000000000000 
00000042 000000000000 
00000048 000000000000 
0000004e 0000 
                         352 	.type	_tMultiFrameMF,@object
                         353 	.size	_tMultiFrameMF,80
                         354 	.data
                         355 	.ghsnote version,17
                         356 	.ghsnote tools,3
                         357 	.ghsnote options,144
                         358 	.text
                         359 	.align	2
                         360 ..eof.C.3A.5C_ECU2.5CECU_Rivian_A1.5CTarget.5Crepo_projects.5CpRealEcu.5CcL_R2023.2E09.2E01.5Cmake.5Coutput.5Cobjects.5Cmultiframe...43.3A.5C_ECU2.5CECU_Rivian_A1.5CTarget.5Crepo_projects.5CpRealEcu.5CcL_R2023.2E09.2E01.5Cmake..64F82310..0::
                         361 	.section	.debug_info
                         362 .Ldw_begin:
00000000 b6030000        363 	.word	.Ldw_end-.Ldw_begin-4
00000004 0200            364 	.byte	2,0
00000006 00000000*       365 	.word	.Ldw_abbr_begin
0000000a 04              366 	.byte	4
                         367 	.section	.debug_abbrev
                         368 .Ldw_abbr_begin:
                         369 	.section	.debug_info
0000000b 01              370 	.byte	1
0000000c 00000000*       371 	.word	..bof.C.3A.5C_ECU2.5CECU_Rivian_A1.5CTarget.5Crepo_projects.5CpRealEcu.5CcL_R2023.2E09.2E01.5Cmake.5Coutput.5Cobjects.5Cmultiframe...43.3A.5C_ECU2.5CECU_Rivian_A1.5CTarget.5Crepo_projects.5CpRealEcu.5CcL_R2023.2E09.2E01.5Cmake..64F82310..0
00000010 00000000*       372 	.word	..eof.C.3A.5C_ECU2.5CECU_Rivian_A1.5CTarget.5Crepo_projects.5CpRealEcu.5CcL_R2023.2E09.2E01.5Cmake.5Coutput.5Cobjects.5Cmultiframe...43.3A.5C_ECU2.5CECU_Rivian_A1.5CTarget.5Crepo_projects.5CpRealEcu.5CcL_R2023.2E09.2E01.5Cmake..64F82310..0
00000014 2e2e2f736f75    373 	.strz	"../source/SwcApplTpms/multiframe.c"
0000001a 7263652f5377 
00000020 634170706c54 
00000026 706d732f6d75 
0000002c 6c7469667261 
00000032 6d652e6300 
00000037 433a5c5f4543    374 	.strz	"C:\\_ECU2\\ECU_Rivian_A1\\Target\\repo_projects\\pRealEcu\\cL_R2023.09.01\\make"
0000003d 55325c454355 
00000043 5f5269766961 
00000049 6e5f41315c54 
0000004f 61726765745c 
00000055 7265706f5f70 
0000005b 726f6a656374 
00000061 735c70526561 
00000067 6c4563755c63 
0000006d 4c5f52323032 
00000073 332e30392e30 
00000079 315c6d616b65 
0000007f 00 
00000080 474853204320    375 	.strz	"GHS C 2015.1.7 [dual]"
00000086 323031352e31 
0000008c 2e37205b6475 
00000092 616c5d00 
00000096 0100            376 	.byte	1,0
00000098 00000000*       377 	.word	.Ldw_line_begin

                                                                      Page 8
                                                              C:\Users\nhuliyap\AppData\Local\Temp\gh_0000ai41.s
0000009c 00000000*       378 	.word	.Ldw_macinfo_begin
000000a0 00              379 	.byte	0
                         380 
                         381 	.section	.debug_abbrev
00000000 01              382 	.byte	1
00000001 11              383 	.byte	17
00000002 01              384 	.byte	1
00000003 1101            385 	.byte	17,1
00000005 1201            386 	.byte	18,1
00000007 0308            387 	.byte	3,8
00000009 1b08            388 	.byte	27,8
0000000b 2508            389 	.byte	37,8
0000000d 1305            390 	.byte	19,5
0000000f 1006            391 	.byte	16,6
00000011 4306            392 	.byte	67,6
00000013 420b            393 	.byte	66,11
00000015 0000            394 	.byte	0,0
                         395 
                         396 	.section	.debug_line
                         397 .Ldw_line_begin:
00000000 dd030000        398 	.word	.Ldw_line_end-.Ldw_line_begin-4
00000004 0200            399 	.byte	2,0
00000006 00000000*       400 	.word	.Ldw_lpro_end-.Ldw_lpro_begin
                         401 .Ldw_lpro_begin:
0000000a 01              402 	.byte	1
0000000b 00              403 	.byte	0
0000000c 00              404 	.byte	0
0000000d 04              405 	.byte	4
0000000e 0a              406 	.byte	10
0000000f 000101          407 	.byte	0,1,1
00000012 010100          408 	.byte	1,1,0
00000015 000001          409 	.byte	0,0,1
00000018 00              410 	.byte	0
00000019 2e2e2f736f75    411 	.strz	"../source/SwcApplTpms/multiframe.c"
0000001f 7263652f5377 
00000025 634170706c54 
0000002b 706d732f6d75 
00000031 6c7469667261 
00000037 6d652e6300 
0000003c 000000          412 	.byte	0,0,0
0000003f 2e2e2f736f75    413 	.strz	"../source/SwcApplTpms/iTpms_Interface.hpp"
00000045 7263652f5377 
0000004b 634170706c54 
00000051 706d732f6954 
00000057 706d735f496e 
0000005d 746572666163 
00000063 652e68707000 
00000069 000000          414 	.byte	0,0,0
0000006c 2e2e2f736f75    415 	.strz	"../source/SwcApplTpms/Tpms_Rte_Data_Type.hpp"
00000072 7263652f5377 
00000078 634170706c54 
0000007e 706d732f5470 
00000084 6d735f527465 
0000008a 5f446174615f 
00000090 547970652e68 
00000096 707000 
00000099 000000          416 	.byte	0,0,0
0000009c 2e2e2f736f75    417 	.strz	"../source/McalMcu/Types.hpp"
000000a2 7263652f4d63 
000000a8 616c4d63752f 
000000ae 54797065732e 

                                                                      Page 9
                                                              C:\Users\nhuliyap\AppData\Local\Temp\gh_0000ai41.s
000000b4 68707000 
000000b8 000000          418 	.byte	0,0,0
000000bb 2e2e2f736f75    419 	.strz	"../source/common/Std_Types.hpp"
000000c1 7263652f636f 
000000c7 6d6d6f6e2f53 
000000cd 74645f547970 
000000d3 65732e687070 
000000d9 00 
000000da 000000          420 	.byte	0,0,0
000000dd 2e2e2f736f75    421 	.strz	"../source/common/Platform_Types.hpp"
000000e3 7263652f636f 
000000e9 6d6d6f6e2f50 
000000ef 6c6174666f72 
000000f5 6d5f54797065 
000000fb 732e68707000 
00000101 000000          422 	.byte	0,0,0
00000104 2e2e2f736f75    423 	.strz	"../source/common/Compiler.hpp"
0000010a 7263652f636f 
00000110 6d6d6f6e2f43 
00000116 6f6d70696c65 
0000011c 722e68707000 
00000122 000000          424 	.byte	0,0,0
00000125 2e2e2f736f75    425 	.strz	"../source/ProjectCompiler/Compiler_Cfg.hpp"
0000012b 7263652f5072 
00000131 6f6a65637443 
00000137 6f6d70696c65 
0000013d 722f436f6d70 
00000143 696c65725f43 
00000149 66672e687070 
0000014f 00 
00000150 000000          426 	.byte	0,0,0
00000153 2e2e2f736f75    427 	.strz	"../source/ProjectCompiler/CompilerCfg_SwcServiceOs.hpp"
00000159 7263652f5072 
0000015f 6f6a65637443 
00000165 6f6d70696c65 
0000016b 722f436f6d70 
00000171 696c65724366 
00000177 675f53776353 
0000017d 657276696365 
00000183 4f732e687070 
00000189 00 
0000018a 000000          428 	.byte	0,0,0
0000018d 2e2e2f736f75    429 	.strz	"../source/SwcApplTpms/SwcApplTpms_Rte.hpp"
00000193 7263652f5377 
00000199 634170706c54 
0000019f 706d732f5377 
000001a5 634170706c54 
000001ab 706d735f5274 
000001b1 652e68707000 
000001b7 000000          430 	.byte	0,0,0
000001ba 2e2e2f736f75    431 	.strz	"../source/SwcApplTpms/SwcApplTpms_Rte_Type.hpp"
000001c0 7263652f5377 
000001c6 634170706c54 
000001cc 706d732f5377 
000001d2 634170706c54 
000001d8 706d735f5274 
000001de 655f54797065 
000001e4 2e68707000 
000001e9 000000          432 	.byte	0,0,0
000001ec 2e2e2f736f75    433 	.strz	"../source/SwcApplTpms/multiframe.hpp"
000001f2 7263652f5377 

                                                                      Page 10
                                                              C:\Users\nhuliyap\AppData\Local\Temp\gh_0000ai41.s
000001f8 634170706c54 
000001fe 706d732f6d75 
00000204 6c7469667261 
0000020a 6d652e687070 
00000210 00 
00000211 000000          434 	.byte	0,0,0
00000214 2e2e2f736f75    435 	.strz	"../source/SwcApplTpms/Intface/tss_stdx.hpp"
0000021a 7263652f5377 
00000220 634170706c54 
00000226 706d732f496e 
0000022c 74666163652f 
00000232 7473735f7374 
00000238 64782e687070 
0000023e 00 
0000023f 000000          436 	.byte	0,0,0
00000242 2e2e2f736f75    437 	.strz	"../source/ProjectCfg/CfgSwcApplTpms.hpp"
00000248 7263652f5072 
0000024e 6f6a65637443 
00000254 66672f436667 
0000025a 537763417070 
00000260 6c54706d732e 
00000266 68707000 
0000026a 000000          438 	.byte	0,0,0
0000026d 2e2e2f736f75    439 	.strz	"../source/SwcApplTpms/multiframeX.hpp"
00000273 7263652f5377 
00000279 634170706c54 
0000027f 706d732f6d75 
00000285 6c7469667261 
0000028b 6d65582e6870 
00000291 7000 
00000293 000000          440 	.byte	0,0,0
00000296 00              441 	.byte	0
                         442 .Ldw_lpro_end:
                         443 	.section	.debug_macinfo
                         444 .Ldw_macinfo_begin:
                         445 	.section	.debug_frame
                         446 .LDW_4d8a8b8:
00000000 00000000*       447 	.word	.LDW_unq_2-.LDW_unq_1
                         448 .LDW_unq_1:
00000004 ffffffff        449 	.byte	255,255,255,255
00000008 01              450 	.byte	1
00000009 00              451 	.byte	0
0000000a 01              452 	.byte	1
0000000b 01              453 	.byte	1
0000000c 1f              454 	.byte	31
0000000d 0c              455 	.byte	12
0000000e 03              456 	.byte	3
0000000f 00              457 	.byte	0
00000010 07              458 	.byte	7
00000011 00              459 	.byte	0
00000012 07              460 	.byte	7
00000013 01              461 	.byte	1
00000014 07              462 	.byte	7
00000015 02              463 	.byte	2
00000016 07              464 	.byte	7
00000017 03              465 	.byte	3
00000018 07              466 	.byte	7
00000019 04              467 	.byte	4
0000001a 07              468 	.byte	7
0000001b 05              469 	.byte	5
0000001c 07              470 	.byte	7

                                                                      Page 11
                                                              C:\Users\nhuliyap\AppData\Local\Temp\gh_0000ai41.s
0000001d 06              471 	.byte	6
0000001e 07              472 	.byte	7
0000001f 07              473 	.byte	7
00000020 07              474 	.byte	7
00000021 08              475 	.byte	8
00000022 07              476 	.byte	7
00000023 09              477 	.byte	9
00000024 07              478 	.byte	7
00000025 0a              479 	.byte	10
00000026 07              480 	.byte	7
00000027 0b              481 	.byte	11
00000028 07              482 	.byte	7
00000029 0c              483 	.byte	12
0000002a 07              484 	.byte	7
0000002b 0d              485 	.byte	13
0000002c 07              486 	.byte	7
0000002d 0e              487 	.byte	14
0000002e 07              488 	.byte	7
0000002f 0f              489 	.byte	15
00000030 07              490 	.byte	7
00000031 10              491 	.byte	16
00000032 07              492 	.byte	7
00000033 11              493 	.byte	17
00000034 07              494 	.byte	7
00000035 12              495 	.byte	18
00000036 07              496 	.byte	7
00000037 13              497 	.byte	19
00000038 08              498 	.byte	8
00000039 14              499 	.byte	20
0000003a 08              500 	.byte	8
0000003b 15              501 	.byte	21
0000003c 08              502 	.byte	8
0000003d 16              503 	.byte	22
0000003e 08              504 	.byte	8
0000003f 17              505 	.byte	23
00000040 08              506 	.byte	8
00000041 18              507 	.byte	24
00000042 08              508 	.byte	8
00000043 19              509 	.byte	25
00000044 08              510 	.byte	8
00000045 1a              511 	.byte	26
00000046 08              512 	.byte	8
00000047 1b              513 	.byte	27
00000048 08              514 	.byte	8
00000049 1c              515 	.byte	28
0000004a 08              516 	.byte	8
0000004b 1d              517 	.byte	29
0000004c 07              518 	.byte	7
0000004d 1e              519 	.byte	30
0000004e 08              520 	.byte	8
0000004f 1f              521 	.byte	31
00000050 07              522 	.byte	7
00000051 20              523 	.byte	32
00000052 07              524 	.byte	7
00000053 21              525 	.byte	33
00000054 07              526 	.byte	7
00000055 22              527 	.byte	34
00000056 07              528 	.byte	7
00000057 23              529 	.byte	35
00000058 07              530 	.byte	7
00000059 24              531 	.byte	36

                                                                      Page 12
                                                              C:\Users\nhuliyap\AppData\Local\Temp\gh_0000ai41.s
0000005a 07              532 	.byte	7
0000005b 25              533 	.byte	37
0000005c 07              534 	.byte	7
0000005d 26              535 	.byte	38
0000005e 07              536 	.byte	7
0000005f 27              537 	.byte	39
00000060 07              538 	.byte	7
00000061 28              539 	.byte	40
00000062 07              540 	.byte	7
00000063 29              541 	.byte	41
00000064 07              542 	.byte	7
00000065 2a              543 	.byte	42
00000066 07              544 	.byte	7
00000067 2b              545 	.byte	43
00000068 07              546 	.byte	7
00000069 2c              547 	.byte	44
0000006a 07              548 	.byte	7
0000006b 2d              549 	.byte	45
0000006c 07              550 	.byte	7
0000006d 2e              551 	.byte	46
0000006e 07              552 	.byte	7
0000006f 2f              553 	.byte	47
00000070 07              554 	.byte	7
00000071 30              555 	.byte	48
00000072 07              556 	.byte	7
00000073 31              557 	.byte	49
00000074 07              558 	.byte	7
00000075 32              559 	.byte	50
00000076 07              560 	.byte	7
00000077 33              561 	.byte	51
00000078 07              562 	.byte	7
00000079 34              563 	.byte	52
0000007a 07              564 	.byte	7
0000007b 35              565 	.byte	53
0000007c 07              566 	.byte	7
0000007d 36              567 	.byte	54
0000007e 07              568 	.byte	7
0000007f 37              569 	.byte	55
00000080 07              570 	.byte	7
00000081 38              571 	.byte	56
00000082 07              572 	.byte	7
00000083 39              573 	.byte	57
00000084 07              574 	.byte	7
00000085 3a              575 	.byte	58
00000086 07              576 	.byte	7
00000087 3b              577 	.byte	59
00000088 07              578 	.byte	7
00000089 3c              579 	.byte	60
0000008a 07              580 	.byte	7
0000008b 3d              581 	.byte	61
0000008c 07              582 	.byte	7
0000008d 3e              583 	.byte	62
0000008e 07              584 	.byte	7
0000008f 3f              585 	.byte	63
                         586 .LDW_unq_2:
                         587 	.section	.debug_info
                         588 .LDW_48f7238:
000000a1 25              589 	.byte	37
000000a2 756e7369676e    590 	.strz	"unsigned char"
000000a8 656420636861 
000000ae 7200 

                                                                      Page 13
                                                              C:\Users\nhuliyap\AppData\Local\Temp\gh_0000ai41.s
000000b0 08              591 	.byte	8
000000b1 01              592 	.byte	1
                         593 
                         594 	.section	.debug_abbrev
00000017 25              595 	.byte	37
00000018 24              596 	.byte	36
00000019 00              597 	.byte	0
0000001a 0308            598 	.byte	3,8
0000001c 3e0b            599 	.byte	62,11
0000001e 0b0b            600 	.byte	11,11
00000020 0000            601 	.byte	0,0
                         602 
                         603 	.section	.debug_info
                         604 .LDW_48f6d68:
000000b2 45              605 	.byte	69
000000b3 01              606 	.byte	1
                         607 
                         608 	.section	.debug_abbrev
00000022 45              609 	.byte	69
00000023 15              610 	.byte	21
00000024 01              611 	.byte	1
00000025 270c            612 	.byte	39,12
00000027 0000            613 	.byte	0,0
                         614 
                         615 	.section	.debug_info
                         616 .LDW_493e868:
000000b4 12              617 	.byte	18
000000b5 00000000*       618 	.word	.LDW_4939ed8
000000b9 00              619 	.byte	0
                         620 
                         621 	.section	.debug_abbrev
00000029 12              622 	.byte	18
0000002a 05              623 	.byte	5
0000002b 00              624 	.byte	0
0000002c 4910            625 	.byte	73,16
0000002e 4b0c            626 	.byte	75,12
00000030 0000            627 	.byte	0,0
                         628 
                         629 	.section	.debug_info
000000ba 00              630 	.byte	0
                         631 
                         632 .LDW_48f72e0:
000000bb 45              633 	.byte	69
000000bc 01              634 	.byte	1
                         635 
000000bd 00              636 	.byte	0
                         637 
                         638 .LDW_48f73c0:
000000be 25              639 	.byte	37
000000bf 756e7369676e    640 	.strz	"unsigned long"
000000c5 6564206c6f6e 
000000cb 6700 
000000cd 07              641 	.byte	7
000000ce 04              642 	.byte	4
                         643 
                         644 .LDW_48f7318:
000000cf 44              645 	.byte	68
000000d0 00000000*       646 	.word	.LDW_4939ed8
000000d4 01              647 	.byte	1
                         648 
                         649 	.section	.debug_abbrev

                                                                      Page 14
                                                              C:\Users\nhuliyap\AppData\Local\Temp\gh_0000ai41.s
00000032 44              650 	.byte	68
00000033 15              651 	.byte	21
00000034 01              652 	.byte	1
00000035 4910            653 	.byte	73,16
00000037 270c            654 	.byte	39,12
00000039 0000            655 	.byte	0,0
                         656 
                         657 	.section	.debug_info
                         658 .LDW_493e7d8:
000000d5 12              659 	.byte	18
000000d6 00000000*       660 	.word	.LDW_493a110
000000da 00              661 	.byte	0
                         662 
                         663 .LDW_493e448:
000000db 12              664 	.byte	18
000000dc 00000000*       665 	.word	.LDW_4939ed8
000000e0 00              666 	.byte	0
                         667 
                         668 .LDW_493e3e8:
000000e1 12              669 	.byte	18
000000e2 00000000*       670 	.word	.LDW_4939ed8
000000e6 00              671 	.byte	0
                         672 
000000e7 00              673 	.byte	0
                         674 
                         675 .LDW_48f70b0:
000000e8 44              676 	.byte	68
000000e9 00000000*       677 	.word	.LDW_4939ed8
000000ed 01              678 	.byte	1
                         679 
                         680 .LDW_493e808:
000000ee 12              681 	.byte	18
000000ef 00000000*       682 	.word	.LDW_493a110
000000f3 00              683 	.byte	0
                         684 
000000f4 00              685 	.byte	0
                         686 
                         687 .LDW_4d307b8:
000000f5 25              688 	.byte	37
000000f6 696e7400        689 	.strz	"int"
000000fa 05              690 	.byte	5
000000fb 04              691 	.byte	4
                         692 
                         693 .LDW_4d30b88:
000000fc 3a              694 	.byte	58
000000fd 00              695 	.byte	0
000000fe 50              696 	.byte	80
000000ff 00000000*       697 	.word	.LDW_493d138
                         698 
                         699 	.section	.debug_abbrev
0000003b 3a              700 	.byte	58
0000003c 01              701 	.byte	1
0000003d 01              702 	.byte	1
0000003e 090b            703 	.byte	9,11
00000040 0b0f            704 	.byte	11,15
00000042 4910            705 	.byte	73,16
00000044 0000            706 	.byte	0,0
                         707 
                         708 	.section	.debug_info
00000103 32              709 	.byte	50
00000104 00000000*       710 	.word	.LDW_4d307b8

                                                                      Page 15
                                                              C:\Users\nhuliyap\AppData\Local\Temp\gh_0000ai41.s
00000108 04              711 	.byte	4
00000109 00              712 	.byte	0
0000010a 09              713 	.byte	9
                         714 
                         715 	.section	.debug_abbrev
00000046 32              716 	.byte	50
00000047 21              717 	.byte	33
00000048 00              718 	.byte	0
00000049 4910            719 	.byte	73,16
0000004b 0b0f            720 	.byte	11,15
0000004d 220d            721 	.byte	34,13
0000004f 2f0d            722 	.byte	47,13
00000051 0000            723 	.byte	0,0
                         724 
                         725 	.section	.debug_info
0000010b 00              726 	.byte	0
                         727 
                         728 .LDW_4939ed8:
0000010c 28              729 	.byte	40
0000010d 75696e743800    730 	.strz	"uint8"
00000113 50              731 	.byte	80
00000114 4b              732 	.byte	75
00000115 06              733 	.byte	6
00000116 00000000*       734 	.word	.LDW_48f7238
                         735 
                         736 	.section	.debug_abbrev
00000053 28              737 	.byte	40
00000054 16              738 	.byte	22
00000055 00              739 	.byte	0
00000056 0308            740 	.byte	3,8
00000058 3b0f            741 	.byte	59,15
0000005a 390f            742 	.byte	57,15
0000005c 3a0f            743 	.byte	58,15
0000005e 4910            744 	.byte	73,16
00000060 0000            745 	.byte	0,0
                         746 
                         747 	.section	.debug_info
                         748 .LDW_493a110:
0000011a 28              749 	.byte	40
0000011b 75696e743332    750 	.strz	"uint32"
00000121 00 
00000122 54              751 	.byte	84
00000123 4a              752 	.byte	74
00000124 06              753 	.byte	6
00000125 00000000*       754 	.word	.LDW_48f73c0
                         755 
                         756 .LDW_493d2f0:
00000129 40              757 	.byte	64
0000012a 747970656465    758 	.strz	"typedef_struct_tMultiFrameDeclMF"
00000130 665f73747275 
00000136 63745f744d75 
0000013c 6c7469467261 
00000142 6d654465636c 
00000148 4d4600 
0000014b 09              759 	.byte	9
0000014c 10              760 	.byte	16
0000014d 0c              761 	.byte	12
0000014e 08              762 	.byte	8
0000014f 01              763 	.byte	1
                         764 
                         765 	.section	.debug_abbrev

                                                                      Page 16
                                                              C:\Users\nhuliyap\AppData\Local\Temp\gh_0000ai41.s
00000062 40              766 	.byte	64
00000063 13              767 	.byte	19
00000064 01              768 	.byte	1
00000065 0308            769 	.byte	3,8
00000067 3b0f            770 	.byte	59,15
00000069 390f            771 	.byte	57,15
0000006b 3a0f            772 	.byte	58,15
0000006d 0b0f            773 	.byte	11,15
0000006f 320b            774 	.byte	50,11
00000071 0000            775 	.byte	0,0
                         776 
                         777 	.section	.debug_info
                         778 .LDW_4db5498:
00000150 23              779 	.byte	35
00000151 756c52654964    780 	.strz	"ulReId"
00000157 00 
00000158 0a              781 	.byte	10
00000159 0a              782 	.byte	10
0000015a 0c              783 	.byte	12
0000015b 00000000*       784 	.word	.LDW_493a110
0000015f 0223            785 	.byte	2,35
00000161 00              786 	.byte	0
00000162 01              787 	.byte	1
                         788 
                         789 	.section	.debug_abbrev
00000073 23              790 	.byte	35
00000074 0d              791 	.byte	13
00000075 00              792 	.byte	0
00000076 0308            793 	.byte	3,8
00000078 3b0f            794 	.byte	59,15
0000007a 390f            795 	.byte	57,15
0000007c 3a0f            796 	.byte	58,15
0000007e 4910            797 	.byte	73,16
00000080 380a            798 	.byte	56,10
00000082 320b            799 	.byte	50,11
00000084 0000            800 	.byte	0,0
                         801 
                         802 	.section	.debug_info
                         803 .LDW_4db5720:
00000163 23              804 	.byte	35
00000164 75634c6f636b    805 	.strz	"ucLockTimeCounter"
0000016a 54696d65436f 
00000170 756e74657200 
00000176 0b              806 	.byte	11
00000177 0a              807 	.byte	10
00000178 0c              808 	.byte	12
00000179 00000000*       809 	.word	.LDW_4939ed8
0000017d 0223            810 	.byte	2,35
0000017f 04              811 	.byte	4
00000180 01              812 	.byte	1
                         813 
                         814 .LDW_4db52e8:
00000181 23              815 	.byte	35
00000182 75634672616d    816 	.strz	"ucFrameCounter"
00000188 65436f756e74 
0000018e 657200 
00000191 0c              817 	.byte	12
00000192 0a              818 	.byte	10
00000193 0c              819 	.byte	12
00000194 00000000*       820 	.word	.LDW_4939ed8
00000198 0223            821 	.byte	2,35

                                                                      Page 17
                                                              C:\Users\nhuliyap\AppData\Local\Temp\gh_0000ai41.s
0000019a 05              822 	.byte	5
0000019b 01              823 	.byte	1
                         824 
                         825 .LDW_4db55b8:
0000019c 23              826 	.byte	35
0000019d 75635447436f    827 	.strz	"ucTGCounter"
000001a3 756e74657200 
000001a9 0d              828 	.byte	13
000001aa 0a              829 	.byte	10
000001ab 0c              830 	.byte	12
000001ac 00000000*       831 	.word	.LDW_4939ed8
000001b0 0223            832 	.byte	2,35
000001b2 06              833 	.byte	6
000001b3 01              834 	.byte	1
                         835 
000001b4 00              836 	.byte	0
                         837 
                         838 .LDW_493d138:
000001b5 28              839 	.byte	40
000001b6 744d756c7469    840 	.strz	"tMultiFrameDeclMF"
000001bc 4672616d6544 
000001c2 65636c4d4600 
000001c8 0e              841 	.byte	14
000001c9 02              842 	.byte	2
000001ca 0c              843 	.byte	12
000001cb 00000000*       844 	.word	.LDW_493d2f0
                         845 
                         846 .LDW_493cf28:
000001cf 04              847 	.byte	4
000001d0 744d756c7469    848 	.strz	"tMultiFrameMF"
000001d6 4672616d654d 
000001dc 4600 
000001de 10              849 	.byte	16
000001df 13              850 	.byte	19
000001e0 0c              851 	.byte	12
000001e1 00000000*       852 	.word	.LDW_4d30b88
000001e5 01              853 	.byte	1
000001e6 00              854 	.byte	0
000001e7 0503            855 	.byte	5,3
000001e9 00000000*       856 	.word	_tMultiFrameMF
                         857 
                         858 	.section	.debug_abbrev
00000086 04              859 	.byte	4
00000087 34              860 	.byte	52
00000088 00              861 	.byte	0
00000089 0308            862 	.byte	3,8
0000008b 3b0f            863 	.byte	59,15
0000008d 390f            864 	.byte	57,15
0000008f 3a0f            865 	.byte	58,15
00000091 4910            866 	.byte	73,16
00000093 3f0c            867 	.byte	63,12
00000095 3c0c            868 	.byte	60,12
00000097 020a            869 	.byte	2,10
00000099 0000            870 	.byte	0,0
                         871 
                         872 	.section	.debug_info
                         873 .LDW_4939f30:
000001ed 13              874 	.byte	19
000001ee 496e69744f6e    875 	.strz	"InitOneSlotMF"
000001f4 65536c6f744d 
000001fa 4600 

                                                                      Page 18
                                                              C:\Users\nhuliyap\AppData\Local\Temp\gh_0000ai41.s
000001fc 1a              876 	.byte	26
000001fd 0d              877 	.byte	13
000001fe 01              878 	.byte	1
000001ff 00000000*       879 	.word	_InitOneSlotMF..C.3A.5C_ECU2.5CECU_Rivian_A1.5CTarget.5Crepo_projects.5CpRealEcu.5CcL_R2023.2E09.2E01.5Cmake.5Coutput.5Cobjects.5Cmultiframe.
00000203 00000000*       880 	.word	___ghs_eofn_InitOneSlotMF
00000207 0153            881 	.byte	1,83
00000209 02              882 	.byte	2
0000020a 00              883 	.byte	0
0000020b 02              884 	.byte	2
0000020c 00              885 	.byte	0
0000020d 00              886 	.byte	0
0000020e 00              887 	.byte	0
0000020f 00              888 	.byte	0
00000210 00              889 	.byte	0
00000211 01              890 	.byte	1
00000212 00              891 	.byte	0
00000213 01              892 	.byte	1
                         893 
                         894 	.section	.debug_abbrev
0000009b 13              895 	.byte	19
0000009c 2e              896 	.byte	46
0000009d 01              897 	.byte	1
0000009e 0308            898 	.byte	3,8
000000a0 3b0f            899 	.byte	59,15
000000a2 390f            900 	.byte	57,15
000000a4 3a0f            901 	.byte	58,15
000000a6 1101            902 	.byte	17,1
000000a8 1201            903 	.byte	18,1
000000aa 400a            904 	.byte	64,10
000000ac 8341            905 	.byte	131,65
000000ae 0f              906 	.byte	15
000000af 8741            907 	.byte	135,65
000000b1 0d              908 	.byte	13
000000b2 8541            909 	.byte	133,65
000000b4 0f              910 	.byte	15
000000b5 8641            911 	.byte	134,65
000000b7 0d              912 	.byte	13
000000b8 9241            913 	.byte	146,65
000000ba 0f              914 	.byte	15
000000bb 3c0c            915 	.byte	60,12
000000bd 200b            916 	.byte	32,11
000000bf 3f0c            917 	.byte	63,12
000000c1 320b            918 	.byte	50,11
000000c3 4c0b            919 	.byte	76,11
000000c5 270c            920 	.byte	39,12
000000c7 0000            921 	.byte	0,0
                         922 
                         923 	.section	.debug_frame
                         924 .LDW_4db3130:
00000090 00000000*       925 	.word	.LDW_unq_4-.LDW_unq_3
                         926 .LDW_unq_3:
00000094 00000000*       927 	.word	.LDW_4d8a8b8
00000098 00000000*       928 	.word	_InitOneSlotMF..C.3A.5C_ECU2.5CECU_Rivian_A1.5CTarget.5Crepo_projects.5CpRealEcu.5CcL_R2023.2E09.2E01.5Cmake.5Coutput.5Cobjects.5Cmultiframe.
0000009c 00000000*       929 	.word	___ghs_eofn_InitOneSlotMF-_InitOneSlotMF..C.3A.5C_ECU2.5CECU_Rivian_A1.5CTarget.5Crepo_projects.5CpRealEcu.5CcL_R2023.2E09.2E01.5Cmake.5Coutput.5Cobjects.5Cmultiframe.
000000a0 01              930 	.byte	1
000000a1 00000000*       931 	.word	.LDW11
000000a5 00              932 	.byte	0
000000a6 00              933 	.byte	0
000000a7 00              934 	.byte	0
                         935 .LDW_unq_4:
                         936 	.section	.debug_line

                                                                      Page 19
                                                              C:\Users\nhuliyap\AppData\Local\Temp\gh_0000ai41.s
00000297 000502          937 	.byte	0,5,2
0000029a 00000000*       938 	.word	_InitOneSlotMF..C.3A.5C_ECU2.5CECU_Rivian_A1.5CTarget.5Crepo_projects.5CpRealEcu.5CcL_R2023.2E09.2E01.5Cmake.5Coutput.5Cobjects.5Cmultiframe.
0000029e 03              939 	.byte	3
0000029f 1a              940 	.byte	26
000002a0 02              941 	.byte	2
000002a1 00              942 	.byte	0
000002a2 01              943 	.byte	1
000002a3 06              944 	.byte	6
000002a4 13              945 	.byte	19
000002a5 000502          946 	.byte	0,5,2
000002a8 00000000*       947 	.word	.LDWlin1
000002ac 0b              948 	.byte	11
000002ad 0b              949 	.byte	11
000002ae 000502          950 	.byte	0,5,2
000002b1 00000000*       951 	.word	.LDWlin2
000002b5 0b              952 	.byte	11
000002b6 13              953 	.byte	19
000002b7 13              954 	.byte	19
000002b8 13              955 	.byte	19
000002b9 02              956 	.byte	2
000002ba 00              957 	.byte	0
000002bb 0b              958 	.byte	11
000002bc 02              959 	.byte	2
000002bd 02              960 	.byte	2
000002be 000101          961 	.byte	0,1,1
                         962 	.section	.debug_info
                         963 .LDW_4939fc8:
00000214 0f              964 	.byte	15
00000215 7563536c6f74    965 	.strz	"ucSlot"
0000021b 00 
0000021c 1a              966 	.byte	26
0000021d 22              967 	.byte	34
0000021e 01              968 	.byte	1
0000021f 00000000*       969 	.word	.LDW_4939ed8
00000223 00              970 	.byte	0
00000224 0156            971 	.byte	1,86
                         972 
                         973 	.section	.debug_abbrev
000000c9 0f              974 	.byte	15
000000ca 05              975 	.byte	5
000000cb 00              976 	.byte	0
000000cc 0308            977 	.byte	3,8
000000ce 3b0f            978 	.byte	59,15
000000d0 390f            979 	.byte	57,15
000000d2 3a0f            980 	.byte	58,15
000000d4 4910            981 	.byte	73,16
000000d6 4b0c            982 	.byte	75,12
000000d8 020a            983 	.byte	2,10
000000da 0000            984 	.byte	0,0
                         985 
                         986 	.section	.debug_info
                         987 .LDW_493e928:
00000226 1d              988 	.byte	29
00000227 00000000*       989 	.word	.LDW01
0000022b 00000000*       990 	.word	.LDW11
                         991 
                         992 	.section	.debug_abbrev
000000dc 1d              993 	.byte	29
000000dd 0b              994 	.byte	11
000000de 01              995 	.byte	1
000000df 1101            996 	.byte	17,1

                                                                      Page 20
                                                              C:\Users\nhuliyap\AppData\Local\Temp\gh_0000ai41.s
000000e1 1201            997 	.byte	18,1
000000e3 0000            998 	.byte	0,0
                         999 
                        1000 	.section	.debug_info
0000022f 00             1001 	.byte	0
                        1002 
00000230 00             1003 	.byte	0
                        1004 
                        1005 .LDW_493a020:
00000231 13             1006 	.byte	19
00000232 54696d654d46   1007 	.strz	"TimeMF"
00000238 00 
00000239 25             1008 	.byte	37
0000023a 06             1009 	.byte	6
0000023b 01             1010 	.byte	1
0000023c 00000000*      1011 	.word	_TimeMF
00000240 00000000*      1012 	.word	___ghs_eofn_TimeMF
00000244 0153           1013 	.byte	1,83
00000246 02             1014 	.byte	2
00000247 00             1015 	.byte	0
00000248 02             1016 	.byte	2
00000249 00             1017 	.byte	0
0000024a 00             1018 	.byte	0
0000024b 00             1019 	.byte	0
0000024c 00             1020 	.byte	0
0000024d 01             1021 	.byte	1
0000024e 01             1022 	.byte	1
0000024f 00             1023 	.byte	0
00000250 01             1024 	.byte	1
                        1025 
                        1026 	.section	.debug_frame
                        1027 .LDW_4db31b0:
000000a8 00000000*      1028 	.word	.LDW_unq_6-.LDW_unq_5
                        1029 .LDW_unq_5:
000000ac 00000000*      1030 	.word	.LDW_4d8a8b8
000000b0 00000000*      1031 	.word	_TimeMF
000000b4 00000000*      1032 	.word	___ghs_eofn_TimeMF-_TimeMF
000000b8 01             1033 	.byte	1
000000b9 00000000*      1034 	.word	.LDW31
000000bd 00             1035 	.byte	0
000000be 00             1036 	.byte	0
000000bf 00             1037 	.byte	0
                        1038 .LDW_unq_6:
                        1039 	.section	.debug_line
000002c1 000502         1040 	.byte	0,5,2
000002c4 00000000*      1041 	.word	_TimeMF
000002c8 06             1042 	.byte	6
000002c9 03             1043 	.byte	3
000002ca 28             1044 	.byte	40
000002cb 02             1045 	.byte	2
000002cc 00             1046 	.byte	0
000002cd 01             1047 	.byte	1
000002ce 02             1048 	.byte	2
000002cf 02             1049 	.byte	2
000002d0 0c             1050 	.byte	12
000002d1 000502         1051 	.byte	0,5,2
000002d4 00000000*      1052 	.word	.LDWlin3
000002d8 0b             1053 	.byte	11
000002d9 0b             1054 	.byte	11
000002da 23             1055 	.byte	35
000002db 02             1056 	.byte	2

                                                                      Page 21
                                                              C:\Users\nhuliyap\AppData\Local\Temp\gh_0000ai41.s
000002dc 00             1057 	.byte	0
000002dd 03             1058 	.byte	3
000002de 7b             1059 	.byte	123
000002df 02             1060 	.byte	2
000002e0 00             1061 	.byte	0
000002e1 01             1062 	.byte	1
000002e2 000502         1063 	.byte	0,5,2
000002e5 00000000*      1064 	.word	.LDWlin4
000002e9 03             1065 	.byte	3
000002ea 06             1066 	.byte	6
000002eb 02             1067 	.byte	2
000002ec 00             1068 	.byte	0
000002ed 01             1069 	.byte	1
000002ee 0b             1070 	.byte	11
000002ef 02             1071 	.byte	2
000002f0 02             1072 	.byte	2
000002f1 000101         1073 	.byte	0,1,1
                        1074 	.section	.debug_info
                        1075 .LDW_493e8f8:
00000251 1d             1076 	.byte	29
00000252 00000000*      1077 	.word	.LDW21
00000256 00000000*      1078 	.word	.LDW31
                        1079 
                        1080 .LDW_493a0b8:
0000025a 04             1081 	.byte	4
0000025b 7563536c6f74   1082 	.strz	"ucSlot"
00000261 00 
00000262 27             1083 	.byte	39
00000263 09             1084 	.byte	9
00000264 01             1085 	.byte	1
00000265 00000000*      1086 	.word	.LDW_4939ed8
00000269 00             1087 	.byte	0
0000026a 00             1088 	.byte	0
0000026b 0162           1089 	.byte	1,98
                        1090 
0000026d 00             1091 	.byte	0
                        1092 
0000026e 00             1093 	.byte	0
                        1094 
                        1095 .LDW_493a168:
0000026f 14             1096 	.byte	20
00000270 756343686563   1097 	.strz	"ucCheckForMultiFrameMF"
00000276 6b466f724d75 
0000027c 6c7469467261 
00000282 6d654d4600 
00000287 32             1098 	.byte	50
00000288 07             1099 	.byte	7
00000289 01             1100 	.byte	1
0000028a 00000000*      1101 	.word	.LDW_4939ed8
0000028e 00000000*      1102 	.word	_ucCheckForMultiFrameMF
00000292 00000000*      1103 	.word	___ghs_eofn_ucCheckForMultiFrameMF
00000296 0153           1104 	.byte	1,83
00000298 828080e00b     1105 	.byte	130,128,128,224,11
0000029d 14             1106 	.byte	20
0000029e 03             1107 	.byte	3
0000029f 14             1108 	.byte	20
000002a0 00             1109 	.byte	0
000002a1 00             1110 	.byte	0
000002a2 00             1111 	.byte	0
000002a3 01             1112 	.byte	1
000002a4 01             1113 	.byte	1

                                                                      Page 22
                                                              C:\Users\nhuliyap\AppData\Local\Temp\gh_0000ai41.s
000002a5 00             1114 	.byte	0
000002a6 01             1115 	.byte	1
                        1116 
                        1117 	.section	.debug_abbrev
000000e5 14             1118 	.byte	20
000000e6 2e             1119 	.byte	46
000000e7 01             1120 	.byte	1
000000e8 0308           1121 	.byte	3,8
000000ea 3b0f           1122 	.byte	59,15
000000ec 390f           1123 	.byte	57,15
000000ee 3a0f           1124 	.byte	58,15
000000f0 4910           1125 	.byte	73,16
000000f2 1101           1126 	.byte	17,1
000000f4 1201           1127 	.byte	18,1
000000f6 400a           1128 	.byte	64,10
000000f8 8341           1129 	.byte	131,65
000000fa 0f             1130 	.byte	15
000000fb 8741           1131 	.byte	135,65
000000fd 0d             1132 	.byte	13
000000fe 8541           1133 	.byte	133,65
00000100 0f             1134 	.byte	15
00000101 8641           1135 	.byte	134,65
00000103 0d             1136 	.byte	13
00000104 9241           1137 	.byte	146,65
00000106 0f             1138 	.byte	15
00000107 3c0c           1139 	.byte	60,12
00000109 200b           1140 	.byte	32,11
0000010b 3f0c           1141 	.byte	63,12
0000010d 320b           1142 	.byte	50,11
0000010f 4c0b           1143 	.byte	76,11
00000111 270c           1144 	.byte	39,12
00000113 0000           1145 	.byte	0,0
                        1146 
                        1147 	.section	.debug_frame
                        1148 .LDW_4db3cf0:
000000c0 00000000*      1149 	.word	.LDW_unq_8-.LDW_unq_7
                        1150 .LDW_unq_7:
000000c4 00000000*      1151 	.word	.LDW_4d8a8b8
000000c8 00000000*      1152 	.word	_ucCheckForMultiFrameMF
000000cc 00000000*      1153 	.word	___ghs_eofn_ucCheckForMultiFrameMF-_ucCheckForMultiFrameMF
000000d0 44             1154 	.byte	68
000000d1 9f             1155 	.byte	159
000000d2 00             1156 	.byte	0
000000d3 40             1157 	.byte	64
000000d4 9d             1158 	.byte	157
000000d5 04             1159 	.byte	4
000000d6 40             1160 	.byte	64
000000d7 9c             1161 	.byte	156
000000d8 08             1162 	.byte	8
000000d9 40             1163 	.byte	64
000000da 9b             1164 	.byte	155
000000db 0c             1165 	.byte	12
000000dc 40             1166 	.byte	64
000000dd 9a             1167 	.byte	154
000000de 10             1168 	.byte	16
000000df 01             1169 	.byte	1
000000e0 00000000*      1170 	.word	.LDW71
                        1171 .LDW_unq_8:
                        1172 	.section	.debug_line
000002f4 000502         1173 	.byte	0,5,2
000002f7 00000000*      1174 	.word	_ucCheckForMultiFrameMF

                                                                      Page 23
                                                              C:\Users\nhuliyap\AppData\Local\Temp\gh_0000ai41.s
000002fb 03             1175 	.byte	3
000002fc 32             1176 	.byte	50
000002fd 02             1177 	.byte	2
000002fe 00             1178 	.byte	0
000002ff 01             1179 	.byte	1
00000300 06             1180 	.byte	6
00000301 03             1181 	.byte	3
00000302 04             1182 	.byte	4
00000303 02             1183 	.byte	2
00000304 0c             1184 	.byte	12
00000305 01             1185 	.byte	1
00000306 000502         1186 	.byte	0,5,2
00000309 00000000*      1187 	.word	.LDWlin11
0000030d 0c             1188 	.byte	12
0000030e 000502         1189 	.byte	0,5,2
00000311 00000000*      1190 	.word	.LDWlin12
00000315 0b             1191 	.byte	11
00000316 0b             1192 	.byte	11
00000317 000502         1193 	.byte	0,5,2
0000031a 00000000*      1194 	.word	.LDWlin13
0000031e 0b             1195 	.byte	11
0000031f 0c             1196 	.byte	12
00000320 000502         1197 	.byte	0,5,2
00000323 00000000*      1198 	.word	.LDWlin14
00000327 0b             1199 	.byte	11
00000328 13             1200 	.byte	19
00000329 1b             1201 	.byte	27
0000032a 13             1202 	.byte	19
0000032b 24             1203 	.byte	36
0000032c 000502         1204 	.byte	0,5,2
0000032f 00000000*      1205 	.word	.LDWlin15
00000333 0b             1206 	.byte	11
00000334 0b             1207 	.byte	11
00000335 0b             1208 	.byte	11
00000336 000502         1209 	.byte	0,5,2
00000339 00000000*      1210 	.word	.LDWlin16
0000033d 03             1211 	.byte	3
0000033e 04             1212 	.byte	4
0000033f 02             1213 	.byte	2
00000340 00             1214 	.byte	0
00000341 01             1215 	.byte	1
00000342 0b             1216 	.byte	11
00000343 2c             1217 	.byte	44
00000344 06             1218 	.byte	6
00000345 000502         1219 	.byte	0,5,2
00000348 00000000*      1220 	.word	.LDWlin17
0000034c 03             1221 	.byte	3
0000034d 04             1222 	.byte	4
0000034e 02             1223 	.byte	2
0000034f 00             1224 	.byte	0
00000350 01             1225 	.byte	1
00000351 06             1226 	.byte	6
00000352 0b             1227 	.byte	11
00000353 02             1228 	.byte	2
00000354 00             1229 	.byte	0
00000355 0b             1230 	.byte	11
00000356 02             1231 	.byte	2
00000357 00             1232 	.byte	0
00000358 0b             1233 	.byte	11
00000359 0b             1234 	.byte	11
0000035a 0c             1235 	.byte	12

                                                                      Page 24
                                                              C:\Users\nhuliyap\AppData\Local\Temp\gh_0000ai41.s
0000035b 13             1236 	.byte	19
0000035c 02             1237 	.byte	2
0000035d 00             1238 	.byte	0
0000035e 0c             1239 	.byte	12
0000035f 02             1240 	.byte	2
00000360 04             1241 	.byte	4
00000361 000101         1242 	.byte	0,1,1
                        1243 	.section	.debug_info
                        1244 .LDW_493a200:
000002a7 0f             1245 	.byte	15
000002a8 756c52654944   1246 	.strz	"ulReID"
000002ae 00 
000002af 32             1247 	.byte	50
000002b0 26             1248 	.byte	38
000002b1 01             1249 	.byte	1
000002b2 00000000*      1250 	.word	.LDW_493a110
000002b6 00             1251 	.byte	0
000002b7 016b           1252 	.byte	1,107
                        1253 
                        1254 .LDW_493a258:
000002b9 0f             1255 	.byte	15
000002ba 75635447436f   1256 	.strz	"ucTGCounter"
000002c0 756e74657200 
000002c6 32             1257 	.byte	50
000002c7 34             1258 	.byte	52
000002c8 01             1259 	.byte	1
000002c9 00000000*      1260 	.word	.LDW_4939ed8
000002cd 00             1261 	.byte	0
000002ce 016c           1262 	.byte	1,108
                        1263 
                        1264 .LDW_493a2b0:
000002d0 0f             1265 	.byte	15
000002d1 75384d617854   1266 	.strz	"u8MaxTimeFilter"
000002d7 696d6546696c 
000002dd 74657200 
000002e1 32             1267 	.byte	50
000002e2 47             1268 	.byte	71
000002e3 01             1269 	.byte	1
000002e4 00000000*      1270 	.word	.LDW_4939ed8
000002e8 00             1271 	.byte	0
000002e9 016a           1272 	.byte	1,106
                        1273 
                        1274 .LDW_493e9b8:
000002eb 1d             1275 	.byte	29
000002ec 00000000*      1276 	.word	.LDW61
000002f0 00000000*      1277 	.word	.LDW71
                        1278 
                        1279 .LDW_493a308:
000002f4 04             1280 	.byte	4
000002f5 7563536c6f74   1281 	.strz	"ucSlot"
000002fb 00 
000002fc 34             1282 	.byte	52
000002fd 09             1283 	.byte	9
000002fe 01             1284 	.byte	1
000002ff 00000000*      1285 	.word	.LDW_4939ed8
00000303 00             1286 	.byte	0
00000304 00             1287 	.byte	0
00000305 0156           1288 	.byte	1,86
                        1289 
                        1290 .LDW_4d56630:
00000307 04             1291 	.byte	4

                                                                      Page 25
                                                              C:\Users\nhuliyap\AppData\Local\Temp\gh_0000ai41.s
00000308 756352657400   1292 	.strz	"ucRet"
0000030e 35             1293 	.byte	53
0000030f 09             1294 	.byte	9
00000310 01             1295 	.byte	1
00000311 00000000*      1296 	.word	.LDW_4939ed8
00000315 00             1297 	.byte	0
00000316 00             1298 	.byte	0
00000317 015a           1299 	.byte	1,90
                        1300 
00000319 00             1301 	.byte	0
                        1302 
0000031a 00             1303 	.byte	0
                        1304 
                        1305 .LDW_4d56688:
0000031b 14             1306 	.byte	20
0000031c 756353656172   1307 	.strz	"ucSearchIdMF"
00000322 636849644d46 
00000328 00 
00000329 5e             1308 	.byte	94
0000032a 0e             1309 	.byte	14
0000032b 01             1310 	.byte	1
0000032c 00000000*      1311 	.word	.LDW_4939ed8
00000330 00000000*      1312 	.word	_ucSearchIdMF..C.3A.5C_ECU2.5CECU_Rivian_A1.5CTarget.5Crepo_projects.5CpRealEcu.5CcL_R2023.2E09.2E01.5Cmake.5Coutput.5Cobjects.5Cmultiframe.
00000334 00000000*      1313 	.word	___ghs_eofn_ucSearchIdMF
00000338 0153           1314 	.byte	1,83
0000033a 02             1315 	.byte	2
0000033b 00             1316 	.byte	0
0000033c 02             1317 	.byte	2
0000033d 00             1318 	.byte	0
0000033e 00             1319 	.byte	0
0000033f 00             1320 	.byte	0
00000340 00             1321 	.byte	0
00000341 00             1322 	.byte	0
00000342 01             1323 	.byte	1
00000343 00             1324 	.byte	0
00000344 01             1325 	.byte	1
                        1326 
                        1327 	.section	.debug_frame
                        1328 .LDW_4db3df0:
000000e4 00000000*      1329 	.word	.LDW_unq_a-.LDW_unq_9
                        1330 .LDW_unq_9:
000000e8 00000000*      1331 	.word	.LDW_4d8a8b8
000000ec 00000000*      1332 	.word	_ucSearchIdMF..C.3A.5C_ECU2.5CECU_Rivian_A1.5CTarget.5Crepo_projects.5CpRealEcu.5CcL_R2023.2E09.2E01.5Cmake.5Coutput.5Cobjects.5Cmultiframe.
000000f0 00000000*      1333 	.word	___ghs_eofn_ucSearchIdMF-_ucSearchIdMF..C.3A.5C_ECU2.5CECU_Rivian_A1.5CTarget.5Crepo_projects.5CpRealEcu.5CcL_R2023.2E09.2E01.5Cmake.5Coutput.5Cobjects.5Cmultiframe.
000000f4 01             1334 	.byte	1
000000f5 00000000*      1335 	.word	.LDW51
000000f9 00             1336 	.byte	0
000000fa 00             1337 	.byte	0
000000fb 00             1338 	.byte	0
                        1339 .LDW_unq_a:
                        1340 	.section	.debug_line
00000364 000502         1341 	.byte	0,5,2
00000367 00000000*      1342 	.word	_ucSearchIdMF..C.3A.5C_ECU2.5CECU_Rivian_A1.5CTarget.5Crepo_projects.5CpRealEcu.5CcL_R2023.2E09.2E01.5Cmake.5Coutput.5Cobjects.5Cmultiframe.
0000036b 06             1343 	.byte	6
0000036c 03             1344 	.byte	3
0000036d e000           1345 	.byte	224,0
0000036f 02             1346 	.byte	2
00000370 00             1347 	.byte	0
00000371 01             1348 	.byte	1
00000372 13             1349 	.byte	19
00000373 15             1350 	.byte	21

                                                                      Page 26
                                                              C:\Users\nhuliyap\AppData\Local\Temp\gh_0000ai41.s
00000374 02             1351 	.byte	2
00000375 02             1352 	.byte	2
00000376 0c             1353 	.byte	12
00000377 000502         1354 	.byte	0,5,2
0000037a 00000000*      1355 	.word	.LDWlin5
0000037e 0b             1356 	.byte	11
0000037f 0b             1357 	.byte	11
00000380 000502         1358 	.byte	0,5,2
00000383 00000000*      1359 	.word	.LDWlin6
00000387 0b             1360 	.byte	11
00000388 0b             1361 	.byte	11
00000389 0b             1362 	.byte	11
0000038a 000502         1363 	.byte	0,5,2
0000038d 00000000*      1364 	.word	.LDWlin7
00000391 0b             1365 	.byte	11
00000392 0b             1366 	.byte	11
00000393 13             1367 	.byte	19
00000394 0b             1368 	.byte	11
00000395 1b             1369 	.byte	27
00000396 02             1370 	.byte	2
00000397 00             1371 	.byte	0
00000398 0b             1372 	.byte	11
00000399 02             1373 	.byte	2
0000039a 00             1374 	.byte	0
0000039b 0c             1375 	.byte	12
0000039c 000502         1376 	.byte	0,5,2
0000039f 00000000*      1377 	.word	.LDWlin8
000003a3 0b             1378 	.byte	11
000003a4 0b             1379 	.byte	11
000003a5 13             1380 	.byte	19
000003a6 0b             1381 	.byte	11
000003a7 1b             1382 	.byte	27
000003a8 02             1383 	.byte	2
000003a9 00             1384 	.byte	0
000003aa 0b             1385 	.byte	11
000003ab 02             1386 	.byte	2
000003ac 00             1387 	.byte	0
000003ad 0b             1388 	.byte	11
000003ae 02             1389 	.byte	2
000003af 00             1390 	.byte	0
000003b0 03             1391 	.byte	3
000003b1 6a             1392 	.byte	106
000003b2 02             1393 	.byte	2
000003b3 00             1394 	.byte	0
000003b4 01             1395 	.byte	1
000003b5 000502         1396 	.byte	0,5,2
000003b8 00000000*      1397 	.word	.LDWlin9
000003bc 03             1398 	.byte	3
000003bd 17             1399 	.byte	23
000003be 02             1400 	.byte	2
000003bf 00             1401 	.byte	0
000003c0 01             1402 	.byte	1
000003c1 0c             1403 	.byte	12
000003c2 0b             1404 	.byte	11
000003c3 0c             1405 	.byte	12
000003c4 13             1406 	.byte	19
000003c5 0c             1407 	.byte	12
000003c6 000502         1408 	.byte	0,5,2
000003c9 00000000*      1409 	.word	.LDWlin10
000003cd 0b             1410 	.byte	11
000003ce 0b             1411 	.byte	11

                                                                      Page 27
                                                              C:\Users\nhuliyap\AppData\Local\Temp\gh_0000ai41.s
000003cf 0b             1412 	.byte	11
000003d0 13             1413 	.byte	19
000003d1 0c             1414 	.byte	12
000003d2 1b             1415 	.byte	27
000003d3 02             1416 	.byte	2
000003d4 00             1417 	.byte	0
000003d5 0b             1418 	.byte	11
000003d6 02             1419 	.byte	2
000003d7 00             1420 	.byte	0
000003d8 0b             1421 	.byte	11
000003d9 02             1422 	.byte	2
000003da 00             1423 	.byte	0
000003db 0c             1424 	.byte	12
000003dc 02             1425 	.byte	2
000003dd 02             1426 	.byte	2
000003de 000101         1427 	.byte	0,1,1
                        1428 	.section	.debug_info
                        1429 .LDW_4d56720:
00000345 0f             1430 	.byte	15
00000346 756c52654944   1431 	.strz	"ulReID"
0000034c 00 
0000034d 5e             1432 	.byte	94
0000034e 23             1433 	.byte	35
0000034f 01             1434 	.byte	1
00000350 00000000*      1435 	.word	.LDW_493a110
00000354 00             1436 	.byte	0
00000355 0156           1437 	.byte	1,86
                        1438 
                        1439 .LDW_493e748:
00000357 1d             1440 	.byte	29
00000358 00000000*      1441 	.word	.LDW41
0000035c 00000000*      1442 	.word	.LDW51
                        1443 
                        1444 .LDW_4d56778:
00000360 04             1445 	.byte	4
00000361 7563536c6f74   1446 	.strz	"ucSlot"
00000367 00 
00000368 60             1447 	.byte	96
00000369 09             1448 	.byte	9
0000036a 01             1449 	.byte	1
0000036b 00000000*      1450 	.word	.LDW_4939ed8
0000036f 00             1451 	.byte	0
00000370 00             1452 	.byte	0
00000371 0162           1453 	.byte	1,98
                        1454 
                        1455 .LDW_4d567d0:
00000373 04             1456 	.byte	4
00000374 756346726565   1457 	.strz	"ucFreeSlot"
0000037a 536c6f7400 
0000037f 61             1458 	.byte	97
00000380 09             1459 	.byte	9
00000381 01             1460 	.byte	1
00000382 00000000*      1461 	.word	.LDW_4939ed8
00000386 00             1462 	.byte	0
00000387 00             1463 	.byte	0
00000388 0159           1464 	.byte	1,89
                        1465 
                        1466 .LDW_4d56828:
0000038a 04             1467 	.byte	4
0000038b 756346726565   1468 	.strz	"ucFreeSlotNoId"
00000391 536c6f744e6f 

                                                                      Page 28
                                                              C:\Users\nhuliyap\AppData\Local\Temp\gh_0000ai41.s
00000397 496400 
0000039a 62             1469 	.byte	98
0000039b 09             1470 	.byte	9
0000039c 01             1471 	.byte	1
0000039d 00000000*      1472 	.word	.LDW_4939ed8
000003a1 00             1473 	.byte	0
000003a2 00             1474 	.byte	0
000003a3 0158           1475 	.byte	1,88
                        1476 
                        1477 .LDW_4d56880:
000003a5 04             1478 	.byte	4
000003a6 756352657400   1479 	.strz	"ucRet"
000003ac 63             1480 	.byte	99
000003ad 09             1481 	.byte	9
000003ae 01             1482 	.byte	1
000003af 00000000*      1483 	.word	.LDW_4939ed8
000003b3 00             1484 	.byte	0
000003b4 00             1485 	.byte	0
000003b5 015a           1486 	.byte	1,90
                        1487 
000003b7 00             1488 	.byte	0
                        1489 
000003b8 00             1490 	.byte	0
                        1491 
000003b9 00             1492 	.byte	0
                        1493 
                        1494 	.section	.debug_line
                        1495 .Ldw_line_end:
                        1496 	.section	.debug_macinfo
00000000 01             1497 	.byte	1
00000001 00             1498 	.byte	0
00000002 5f5f6768735f   1499 	.strz	"__ghs__ 1"
00000008 5f203100 
0000000c 01             1500 	.byte	1
0000000d 00             1501 	.byte	0
0000000e 5f5f4c4c4f4e   1502 	.strz	"__LLONG_BIT 64"
00000014 475f42495420 
0000001a 363400 
0000001d 01             1503 	.byte	1
0000001e 00             1504 	.byte	0
0000001f 494254434d5f   1505 	.strz	"IBTCM_SW_ANPASSUNGEN 1"
00000025 53575f414e50 
0000002b 415353554e47 
00000031 454e203100 
00000036 03             1506 	.byte	3
00000037 00             1507 	.byte	0
00000038 01             1508 	.byte	1
00000039 03             1509 	.byte	3
0000003a 04             1510 	.byte	4
0000003b 02             1511 	.byte	2
0000003c 03             1512 	.byte	3
0000003d 06             1513 	.byte	6
0000003e 03             1514 	.byte	3
0000003f 03             1515 	.byte	3
00000040 04             1516 	.byte	4
00000041 04             1517 	.byte	4
00000042 03             1518 	.byte	3
00000043 07             1519 	.byte	7
00000044 05             1520 	.byte	5
00000045 03             1521 	.byte	3
00000046 1c             1522 	.byte	28

                                                                      Page 29
                                                              C:\Users\nhuliyap\AppData\Local\Temp\gh_0000ai41.s
00000047 06             1523 	.byte	6
00000048 01             1524 	.byte	1
00000049 3c             1525 	.byte	60
0000004a 545255452031   1526 	.strz	"TRUE 1u"
00000050 7500 
00000052 01             1527 	.byte	1
00000053 40             1528 	.byte	64
00000054 46414c534520   1529 	.strz	"FALSE 0u"
0000005a 307500 
0000005d 04             1530 	.byte	4
0000005e 03             1531 	.byte	3
0000005f 1d             1532 	.byte	29
00000060 07             1533 	.byte	7
00000061 03             1534 	.byte	3
00000062 1b             1535 	.byte	27
00000063 08             1536 	.byte	8
00000064 03             1537 	.byte	3
00000065 54             1538 	.byte	84
00000066 09             1539 	.byte	9
00000067 04             1540 	.byte	4
00000068 04             1541 	.byte	4
00000069 04             1542 	.byte	4
0000006a 04             1543 	.byte	4
0000006b 04             1544 	.byte	4
0000006c 01             1545 	.byte	1
0000006d 0e             1546 	.byte	14
0000006e 50524f445543   1547 	.strz	"PRODUCTION_SW 0x0"
00000074 54494f4e5f53 
0000007a 572030783000 
00000080 01             1548 	.byte	1
00000081 0f             1549 	.byte	15
00000082 444556454c4f   1550 	.strz	"DEVELOPMENT_SW 0x1"
00000088 504d454e545f 
0000008e 535720307831 
00000094 00 
00000095 01             1551 	.byte	1
00000096 10             1552 	.byte	16
00000097 53575f434154   1553 	.strz	"SW_CATEGORY PRODUCTION_SW"
0000009d 45474f525920 
000000a3 50524f445543 
000000a9 54494f4e5f53 
000000af 5700 
000000b1 04             1554 	.byte	4
000000b2 01             1555 	.byte	1
000000b3 08             1556 	.byte	8
000000b4 4d41585f5349   1557 	.strz	"MAX_SIZE_WS_TELEGRAM 16U"
000000ba 5a455f57535f 
000000c0 54454c454752 
000000c6 414d20313655 
000000cc 00 
000000cd 01             1558 	.byte	1
000000ce 11             1559 	.byte	17
000000cf 4e564d5f424c   1560 	.strz	"NVM_BLOCK_TYPE uint32"
000000d5 4f434b5f5459 
000000db 50452075696e 
000000e1 74333200 
000000e5 04             1561 	.byte	4
000000e6 03             1562 	.byte	3
000000e7 05             1563 	.byte	5
000000e8 0a             1564 	.byte	10
000000e9 03             1565 	.byte	3

                                                                      Page 30
                                                              C:\Users\nhuliyap\AppData\Local\Temp\gh_0000ai41.s
000000ea 06             1566 	.byte	6
000000eb 0b             1567 	.byte	11
000000ec 04             1568 	.byte	4
000000ed 01             1569 	.byte	1
000000ee 18             1570 	.byte	24
000000ef 53454e534f52   1571 	.strz	"SENSOR_AUFLOESUNG_25MBAR "
000000f5 5f4155464c4f 
000000fb 4553554e475f 
00000101 32354d424152 
00000107 2000 
00000109 04             1572 	.byte	4
0000010a 03             1573 	.byte	3
0000010b 06             1574 	.byte	6
0000010c 0c             1575 	.byte	12
0000010d 03             1576 	.byte	3
0000010e 04             1577 	.byte	4
0000010f 0d             1578 	.byte	13
00000110 03             1579 	.byte	3
00000111 08             1580 	.byte	8
00000112 0e             1581 	.byte	14
00000113 04             1582 	.byte	4
00000114 04             1583 	.byte	4
00000115 01             1584 	.byte	1
00000116 06             1585 	.byte	6
00000117 634d465f4d41   1586 	.strz	"cMF_MAX_FRAMES ((uint8) 3)"
0000011d 585f4652414d 
00000123 455320282875 
00000129 696e74382920 
0000012f 332900 
00000132 01             1587 	.byte	1
00000133 07             1588 	.byte	7
00000134 634d465f4d41   1589 	.strz	"cMF_MAX_SLOT ((uint8) 10)"
0000013a 585f534c4f54 
00000140 20282875696e 
00000146 743829203130 
0000014c 2900 
0000014e 04             1590 	.byte	4
0000014f 03             1591 	.byte	3
00000150 07             1592 	.byte	7
00000151 0f             1593 	.byte	15
00000152 01             1594 	.byte	1
00000153 0e             1595 	.byte	14
00000154 6346545f5349   1596 	.strz	"cFT_SINGLE_FRAME ((uint8) 0 )"
0000015a 4e474c455f46 
00000160 52414d452028 
00000166 2875696e7438 
0000016c 292030202900 
00000172 01             1597 	.byte	1
00000173 0f             1598 	.byte	15
00000174 6346545f4d55   1599 	.strz	"cFT_MULTI_FRAME ((uint8) 1 )"
0000017a 4c54495f4652 
00000180 414d45202828 
00000186 75696e743829 
0000018c 2031202900 
00000191 04             1600 	.byte	4
00000192 04             1601 	.byte	4
00000193 00             1602 	.byte	0
                        1603 	.section	.debug_abbrev
00000115 00             1604 	.byte	0
                        1605 	.section	.debug_info
                        1606 .Ldw_end:

                                                                      Page 31
                                                              C:\Users\nhuliyap\AppData\Local\Temp\gh_0000ai41.s
                        1607 .rh850_flags REGMODE32,DATA_ALIGN8,GP_FIX,EP_NONFIX,TP_FIX,REG2_RESERVE,G3K,GHS_MISALIGN,SDA_EXTRA_REGS_0
