                                                                      Page 1
                                                              C:\Users\nhuliyap\AppData\Local\Temp\gh_00006us1.s
Command Line: C:\ghs\comp_201517\ease850.exe -w -elf -b0 -I../source/common -I../source/ProjectCompiler -I../source/ProjectCfg -I../source/SwcApplTpms -I../source/SwcApplTpms/Intface -I../source/SwcApplEcuM -I../source/SwcServiceEcuM -I../source/SwcServiceNvM -I../source/SwcServiceOs -I../source/SwcServiceStartUp -I../source/McalAdc -I../source/McalDio -I../source/McalGpt -I../source/McalMcu -I../source/McalWdg -I../source/wrappers -I../source/wrappers/McalAta -I../source/McalLin -I../source/McalCan -I../source/wrappers/OS -I../source/McalFls -I../source/EcuabFee -I../source/EcuabMemIf -I../source/wrappers/VStdLib -I../source/wrappers/Crc -I../source/wrappers/FBL_APPL -I../source/wrappers/CAN_MANAGER -I../source/wrappers/NVM_MANAGER -I../source/wrappers/DEM_MANAGER -I../source/wrappers/RDC_MANAGER -I../source/wrappers/ENV_MANAGER -I../source/wrappers/SYS_MANAGER -I../source/wrappers/EcuabCanIf -I../source/wrappers/SwcServiceCanSM -I../source/wrappers/SwcServiceCanTp -I../source/wrappers/SwcServiceCanTp_PreCompile -I../source/wrappers/SwcServiceCom -I../source/wrappers/SwcServiceComM -I../source/wrappers/SwcServiceComStack -I../source/wrappers/SwcServiceDcm -I../source/wrappers/SwcServicePduR -I../source/wrappers/SwcServiceEcuM -I../source/wrappers/Bfx -I../source/wrappers/SwcServiceDem -I../source/SwcServiceDet -I../source/SwcServiceFiM -I../source/wrappers/LibAutosarDiag -I../source/wrappers/rba_BswSrv -I../source/SwcServiceSchM -I../source/wrappers/SwcServiceComM/Integration -I../source/wrappers/SwcServicePduR/Integration -I../source/wrappers/EcuabCanIf/Integration -I../source/wrappers/SwcServiceCom/Integration -I../source/wrappers/SwcServiceCanTp/Integration -I../source/wrappers/SwcServiceEcuM/Integration -I../source/SwcServiceDet/Integration -I../source/wrappers/SwcServiceDcm/Integration -I../source/wrappers/SwcServiceDem/Integration -I../source/SwcServiceFiM/Integration -I../source/wrappers/EcuabCanIf/api -I../source/wrappers/SwcServiceCom/api -I../source/wrappers/SwcServiceComM/api -I../source/wrappers/SwcServicePduR/api -I../source/wrappers/Bfx/api -I../source/SwcServiceDet/api -I../source/SwcServiceFiM/api -I../source/wrappers/LibAutosarDiag/api -I../source/wrappers/rba_BswSrv/api -IC:\ghs\comp_201517\lib\rh850 -cg_underscore -cpu=rh850g3k -no_v850_simd -rh850_fpsimd=none -nomacro -patch_dbo=C:\_ECU2\ECU_Rivian_A1\Target\repo_projects\pRealEcu\cL_R2023.09.01\make\output\objects\REDiag_if.dbo -source=REDiag_if.c -o output\objects\gh_00006us1.o -list=output\list\REDiag_if.lst C:\Users\nhuliyap\AppData\Local\Temp\gh_00006us1.s 
Original File: C:\Users\nhuliyap\AppData\Local\Temp\gh_00006us1.s
Source File: REDiag_if.c
Directory: C:\_ECU2\ECU_Rivian_A1\Target\repo_projects\pRealEcu\cL_R2023.09.01\make
Host OS: Windows
EASE: Copyright (C) 1983-2015 Green Hills Software.  All Rights Reserved.
Release: Compiler v2015.1.7
Build Directory: [Directory] BTOWORKER6:c:/build_2015_1_bto/2015-10-21.2100-2015_1_bto/win32-comp-ecom
Revision: [VCInfo] http://toolsvc/branches/release-branch-70-bto/src@544153 (built by build)
Revision Date: Thu Oct 22 07:50:13 2015

Release Date: Thu Oct 22 09:32:32 2015

                           1 --Driver Command: ccv850 ../source/SwcApplTpms/REDiag_if.c -cpu=rh850 -fhard
                           2 --		-ignore_callt_state_in_interrupts -large_sda -misalign_pack
                           3 --		-nofarcalls -nofloatio -no_callt -Ogeneral -Onounroll
                           4 --		-prepare_dispose -registermode=32 -reserve_r2 -sda=0
                           5 --		-shorten_loads -Wshadow --brief_diagnostics --no_commons
                           6 --		--no_wrap_diagnostics --prototype_errors --short_enum -list -G
                           7 --		-dual_debug -dwarf -X5523 -lnk=-no_xda_modifications -D
                           8 --		NOT_READY_FOR_TESTING_OR_DEPLOYMENT -D IBTCM_SW_ANPASSUNGEN -D
                           9 --		BUILD_LORDSTOWN -c -inline_prologue -I../source/common
                          10 --		-I../source/ProjectCompiler -I../source/ProjectCfg
                          11 --		-I../source/SwcApplTpms -I../source/SwcApplTpms/Intface
                          12 --		-I../source/SwcApplEcuM -I../source/SwcServiceEcuM
                          13 --		-I../source/SwcServiceNvM -I../source/SwcServiceOs
                          14 --		-I../source/SwcServiceStartUp -I../source/McalAdc
                          15 --		-I../source/McalDio -I../source/McalGpt -I../source/McalMcu
                          16 --		-I../source/McalWdg -I../source/wrappers
                          17 --		-I../source/wrappers/McalAta -I../source/McalLin
                          18 --		-I../source/McalCan -I../source/wrappers/OS -I../source/McalFls
                          19 --		-I../source/EcuabFee -I../source/EcuabMemIf
                          20 --		-I../source/wrappers/VStdLib -I../source/wrappers
                          21 --		-I../source/wrappers/Crc -I../source/wrappers/FBL_APPL
                          22 --		-I../source/wrappers/CAN_MANAGER -I../source/wrappers/NVM_MANAGER
                          23 --		-I../source/wrappers/DEM_MANAGER -I../source/wrappers/RDC_MANAGER
                          24 --		-I../source/wrappers/ENV_MANAGER -I../source/wrappers/SYS_MANAGER
                          25 --		-I../source/wrappers/EcuabCanIf
                          26 --		-I../source/wrappers/SwcServiceCanSM
                          27 --		-I../source/wrappers/SwcServiceCanTp
                          28 --		-I../source/wrappers/SwcServiceCanTp_PreCompile
                          29 --		-I../source/wrappers/SwcServiceCom
                          30 --		-I../source/wrappers/SwcServiceComM
                          31 --		-I../source/wrappers/SwcServiceComStack
                          32 --		-I../source/wrappers/SwcServiceDcm
                          33 --		-I../source/wrappers/SwcServicePduR
                          34 --		-I../source/wrappers/SwcServiceEcuM -I../source/wrappers/Bfx
                          35 --		-I../source/wrappers/SwcServiceDem -I../source/SwcServiceDet
                          36 --		-I../source/SwcServiceFiM -I../source/wrappers/LibAutosarDiag
                          37 --		-I../source/wrappers/rba_BswSrv -I../source/SwcServiceSchM
                          38 --		-I../source/wrappers/SwcServiceComM/Integration
                          39 --		-I../source/wrappers/SwcServicePduR/Integration
                          40 --		-I../source/wrappers/EcuabCanIf/Integration
                          41 --		-I../source/wrappers/SwcServiceCom/Integration
                          42 --		-I../source/wrappers/SwcServiceCanTp/Integration
                          43 --		-I../source/wrappers/SwcServiceEcuM/Integration
                          44 --		-I../source/SwcServiceDet/Integration
                          45 --		-I../source/wrappers/SwcServiceDcm/Integration
                          46 --		-I../source/wrappers/SwcServiceDem/Integration
                          47 --		-I../source/SwcServiceFiM/Integration
                          48 --		-I../source/wrappers/EcuabCanIf/api
                          49 --		-I../source/wrappers/SwcServiceCom/api
                          50 --		-I../source/wrappers/SwcServiceComM/api

                                                                      Page 2
                                                              C:\Users\nhuliyap\AppData\Local\Temp\gh_00006us1.s
                          51 --		-I../source/wrappers/SwcServicePduR/api
                          52 --		-I../source/wrappers/Bfx/api -I../source/SwcServiceDet/api
                          53 --		-I../source/SwcServiceFiM/api
                          54 --		-I../source/wrappers/LibAutosarDiag/api
                          55 --		-I../source/wrappers/rba_BswSrv/api -object_dir=output/objects
                          56 --		-list_dir=output/list
                          57 --Source File:   ../source/SwcApplTpms/REDiag_if.c
                          58 --Directory:     
                          59 --		C:\_ECU2\ECU_Rivian_A1\Target\repo_projects\pRealEcu\cL_R2023.09.01\make
                          60 --Compile Date:  Wed Sep 06 08:59:16 2023
                          61 --Host OS:       Win32
                          62 --Version:       C-RH850 2015.1.7 RELEASE VERSION
                          63 --Release:       Compiler v2015.1.7
                          64 --Revision Date: Thu Oct 22 08:06:12 2015
                          65 --Release Date:  Thu Oct 22 09:34:32 2015
                          66 -- ecom  -g -w -OM
                          67 	.text
                          68 ..bof.C.3A.5C_ECU2.5CECU_Rivian_A1.5CTarget.5Crepo_projects.5CpRealEcu.5CcL_R2023.2E09.2E01.5Cmake.5Coutput.5Cobjects.5CREDiag_if...43.3A.5C_ECU2.5CECU_Rivian_A1.5CTarget.5Crepo_projects.5CpRealEcu.5CcL_R2023.2E09.2E01.5Cmake..64F82344..0::
                          69 	.align	2
                          70 ..gh.f.f.1.e.0:
                          71 	.type	..gh.f.f.1.e.0,@object
                          72 	.size	..gh.f.f.1.e.0,0
                          73 	.global	_MaxFailCounterInEE
                          74 _MaxFailCounterInEE:
                          75 --	    .bf
                          76 .LDW01:
00000000 80070000*        77 	jr	_GETusMaxFolgeAusfallEE
                          78 --	    .ef
                          79 .LDW11:
                          80 	.global	___ghs_eofn_MaxFailCounterInEE
                          81 ___ghs_eofn_MaxFailCounterInEE:
                          82 	.type	_MaxFailCounterInEE,@function
                          83 	.size	_MaxFailCounterInEE,.-_MaxFailCounterInEE
                          84 	.align	2
                          85 
                          86 	.section ".bss","awb"
                          87 .L36:
                          88 	.type	.L36,@object
                          89 	.size	.L36,0
                          90 	.data
                          91 	.text
                          92 	.align	2
                          93 
                          94 	.section ".rodata","a"
                          95 	.align	4
                          96 	.global	_ucWUDefectERRc
00000000 04050706         97 _ucWUDefectERRc:	.byte	4,5,7,6
00000004 08               98 	.byte	8
00000005 000000           99 	.space	3
                         100 	.type	_ucWUDefectERRc,@object
                         101 	.size	_ucWUDefectERRc,8
                         102 	.global	_ucWUFailERRc
00000008 090a0c0b        103 _ucWUFailERRc:	.byte	9,10,12,11
0000000c 0d              104 	.byte	13
0000000d 000000          105 	.space	3
                         106 	.type	_ucWUFailERRc,@object
                         107 	.size	_ucWUFailERRc,8
                         108 	.global	_ucWUTemperatureERRc
00000010 0e0f1110        109 _ucWUTemperatureERRc:	.byte	14,15,17,16
00000014 ff              110 	.byte	255
00000015 000000          111 	.space	3

                                                                      Page 3
                                                              C:\Users\nhuliyap\AppData\Local\Temp\gh_00006us1.s
                         112 	.type	_ucWUTemperatureERRc,@object
                         113 	.size	_ucWUTemperatureERRc,8
                         114 	.global	_ucWULowLifeTimeERRc
00000018 00              115 _ucWULowLifeTimeERRc:	.space	1
00000019 010302ff        116 	.byte	1,3,2,255
0000001d 000000          117 	.space	3
                         118 	.type	_ucWULowLifeTimeERRc,@object
                         119 	.size	_ucWULowLifeTimeERRc,8
                         120 	.data
                         121 	.ghsnote version,17
                         122 	.ghsnote tools,3
                         123 	.ghsnote options,144
                         124 	.text
                         125 	.align	2
                         126 ..eof.C.3A.5C_ECU2.5CECU_Rivian_A1.5CTarget.5Crepo_projects.5CpRealEcu.5CcL_R2023.2E09.2E01.5Cmake.5Coutput.5Cobjects.5CREDiag_if...43.3A.5C_ECU2.5CECU_Rivian_A1.5CTarget.5Crepo_projects.5CpRealEcu.5CcL_R2023.2E09.2E01.5Cmake..64F82344..0::
                         127 	.section	.debug_info
                         128 .Ldw_begin:
00000000 09060000        129 	.word	.Ldw_end-.Ldw_begin-4
00000004 0200            130 	.byte	2,0
00000006 00000000*       131 	.word	.Ldw_abbr_begin
0000000a 04              132 	.byte	4
                         133 	.section	.debug_abbrev
                         134 .Ldw_abbr_begin:
                         135 	.section	.debug_info
0000000b 01              136 	.byte	1
0000000c 00000000*       137 	.word	..bof.C.3A.5C_ECU2.5CECU_Rivian_A1.5CTarget.5Crepo_projects.5CpRealEcu.5CcL_R2023.2E09.2E01.5Cmake.5Coutput.5Cobjects.5CREDiag_if...43.3A.5C_ECU2.5CECU_Rivian_A1.5CTarget.5Crepo_projects.5CpRealEcu.5CcL_R2023.2E09.2E01.5Cmake..64F82344..0
00000010 00000000*       138 	.word	..eof.C.3A.5C_ECU2.5CECU_Rivian_A1.5CTarget.5Crepo_projects.5CpRealEcu.5CcL_R2023.2E09.2E01.5Cmake.5Coutput.5Cobjects.5CREDiag_if...43.3A.5C_ECU2.5CECU_Rivian_A1.5CTarget.5Crepo_projects.5CpRealEcu.5CcL_R2023.2E09.2E01.5Cmake..64F82344..0
00000014 2e2e2f736f75    139 	.strz	"../source/SwcApplTpms/REDiag_if.c"
0000001a 7263652f5377 
00000020 634170706c54 
00000026 706d732f5245 
0000002c 446961675f69 
00000032 662e6300 
00000036 433a5c5f4543    140 	.strz	"C:\\_ECU2\\ECU_Rivian_A1\\Target\\repo_projects\\pRealEcu\\cL_R2023.09.01\\make"
0000003c 55325c454355 
00000042 5f5269766961 
00000048 6e5f41315c54 
0000004e 61726765745c 
00000054 7265706f5f70 
0000005a 726f6a656374 
00000060 735c70526561 
00000066 6c4563755c63 
0000006c 4c5f52323032 
00000072 332e30392e30 
00000078 315c6d616b65 
0000007e 00 
0000007f 474853204320    141 	.strz	"GHS C 2015.1.7 [dual]"
00000085 323031352e31 
0000008b 2e37205b6475 
00000091 616c5d00 
00000095 0100            142 	.byte	1,0
00000097 00000000*       143 	.word	.Ldw_line_begin
0000009b 00000000*       144 	.word	.Ldw_macinfo_begin
0000009f 00              145 	.byte	0
                         146 
                         147 	.section	.debug_abbrev
00000000 01              148 	.byte	1
00000001 11              149 	.byte	17
00000002 01              150 	.byte	1
00000003 1101            151 	.byte	17,1
00000005 1201            152 	.byte	18,1

                                                                      Page 4
                                                              C:\Users\nhuliyap\AppData\Local\Temp\gh_00006us1.s
00000007 0308            153 	.byte	3,8
00000009 1b08            154 	.byte	27,8
0000000b 2508            155 	.byte	37,8
0000000d 1305            156 	.byte	19,5
0000000f 1006            157 	.byte	16,6
00000011 4306            158 	.byte	67,6
00000013 420b            159 	.byte	66,11
00000015 0000            160 	.byte	0,0
                         161 
                         162 	.section	.debug_line
                         163 .Ldw_line_begin:
00000000 fe020000        164 	.word	.Ldw_line_end-.Ldw_line_begin-4
00000004 0200            165 	.byte	2,0
00000006 00000000*       166 	.word	.Ldw_lpro_end-.Ldw_lpro_begin
                         167 .Ldw_lpro_begin:
0000000a 01              168 	.byte	1
0000000b 00              169 	.byte	0
0000000c 00              170 	.byte	0
0000000d 04              171 	.byte	4
0000000e 0a              172 	.byte	10
0000000f 000101          173 	.byte	0,1,1
00000012 010100          174 	.byte	1,1,0
00000015 000001          175 	.byte	0,0,1
00000018 00              176 	.byte	0
00000019 2e2e2f736f75    177 	.strz	"../source/SwcApplTpms/REDiag_if.c"
0000001f 7263652f5377 
00000025 634170706c54 
0000002b 706d732f5245 
00000031 446961675f69 
00000037 662e6300 
0000003b 000000          178 	.byte	0,0,0
0000003e 2e2e2f736f75    179 	.strz	"../source/SwcApplTpms/iTpms_Interface.hpp"
00000044 7263652f5377 
0000004a 634170706c54 
00000050 706d732f6954 
00000056 706d735f496e 
0000005c 746572666163 
00000062 652e68707000 
00000068 000000          180 	.byte	0,0,0
0000006b 2e2e2f736f75    181 	.strz	"../source/SwcApplTpms/Tpms_Rte_Data_Type.hpp"
00000071 7263652f5377 
00000077 634170706c54 
0000007d 706d732f5470 
00000083 6d735f527465 
00000089 5f446174615f 
0000008f 547970652e68 
00000095 707000 
00000098 000000          182 	.byte	0,0,0
0000009b 2e2e2f736f75    183 	.strz	"../source/McalMcu/Types.hpp"
000000a1 7263652f4d63 
000000a7 616c4d63752f 
000000ad 54797065732e 
000000b3 68707000 
000000b7 000000          184 	.byte	0,0,0
000000ba 2e2e2f736f75    185 	.strz	"../source/common/Std_Types.hpp"
000000c0 7263652f636f 
000000c6 6d6d6f6e2f53 
000000cc 74645f547970 
000000d2 65732e687070 
000000d8 00 
000000d9 000000          186 	.byte	0,0,0

                                                                      Page 5
                                                              C:\Users\nhuliyap\AppData\Local\Temp\gh_00006us1.s
000000dc 2e2e2f736f75    187 	.strz	"../source/common/Platform_Types.hpp"
000000e2 7263652f636f 
000000e8 6d6d6f6e2f50 
000000ee 6c6174666f72 
000000f4 6d5f54797065 
000000fa 732e68707000 
00000100 000000          188 	.byte	0,0,0
00000103 2e2e2f736f75    189 	.strz	"../source/common/Compiler.hpp"
00000109 7263652f636f 
0000010f 6d6d6f6e2f43 
00000115 6f6d70696c65 
0000011b 722e68707000 
00000121 000000          190 	.byte	0,0,0
00000124 2e2e2f736f75    191 	.strz	"../source/ProjectCompiler/Compiler_Cfg.hpp"
0000012a 7263652f5072 
00000130 6f6a65637443 
00000136 6f6d70696c65 
0000013c 722f436f6d70 
00000142 696c65725f43 
00000148 66672e687070 
0000014e 00 
0000014f 000000          192 	.byte	0,0,0
00000152 2e2e2f736f75    193 	.strz	"../source/ProjectCompiler/CompilerCfg_SwcServiceOs.hpp"
00000158 7263652f5072 
0000015e 6f6a65637443 
00000164 6f6d70696c65 
0000016a 722f436f6d70 
00000170 696c65724366 
00000176 675f53776353 
0000017c 657276696365 
00000182 4f732e687070 
00000188 00 
00000189 000000          194 	.byte	0,0,0
0000018c 2e2e2f736f75    195 	.strz	"../source/ProjectCfg/SwcApplTpms_NvM_If.hpp"
00000192 7263652f5072 
00000198 6f6a65637443 
0000019e 66672f537763 
000001a4 4170706c5470 
000001aa 6d735f4e764d 
000001b0 5f49662e6870 
000001b6 7000 
000001b8 000000          196 	.byte	0,0,0
000001bb 2e2e2f736f75    197 	.strz	"../source/SwcApplTpms/WallocX.hpp"
000001c1 7263652f5377 
000001c7 634170706c54 
000001cd 706d732f5761 
000001d3 6c6c6f63582e 
000001d9 68707000 
000001dd 000000          198 	.byte	0,0,0
000001e0 2e2e2f736f75    199 	.strz	"../source/SwcApplTpms/SwcApplTpms_DTC_If.hpp"
000001e6 7263652f5377 
000001ec 634170706c54 
000001f2 706d732f5377 
000001f8 634170706c54 
000001fe 706d735f4454 
00000204 435f49662e68 
0000020a 707000 
0000020d 000000          200 	.byte	0,0,0
00000210 2e2e2f736f75    201 	.strz	"../source/ProjectCfg/CfgSwcApplTpms.hpp"
00000216 7263652f5072 
0000021c 6f6a65637443 

                                                                      Page 6
                                                              C:\Users\nhuliyap\AppData\Local\Temp\gh_00006us1.s
00000222 66672f436667 
00000228 537763417070 
0000022e 6c54706d732e 
00000234 68707000 
00000238 000000          202 	.byte	0,0,0
0000023b 2e2e2f736f75    203 	.strz	"../source/SwcApplTpms/Intface/tss_stdx.hpp"
00000241 7263652f5377 
00000247 634170706c54 
0000024d 706d732f496e 
00000253 74666163652f 
00000259 7473735f7374 
0000025f 64782e687070 
00000265 00 
00000266 000000          204 	.byte	0,0,0
00000269 2e2e2f736f75    205 	.strz	"../source/SwcApplTpms/REDiag_if.hpp"
0000026f 7263652f5377 
00000275 634170706c54 
0000027b 706d732f5245 
00000281 446961675f69 
00000287 662e68707000 
0000028d 000000          206 	.byte	0,0,0
00000290 2e2e2f736f75    207 	.strz	"../source/SwcApplTpms/SwcApplTpms_Rte.hpp"
00000296 7263652f5377 
0000029c 634170706c54 
000002a2 706d732f5377 
000002a8 634170706c54 
000002ae 706d735f5274 
000002b4 652e68707000 
000002ba 000000          208 	.byte	0,0,0
000002bd 2e2e2f736f75    209 	.strz	"../source/SwcApplTpms/SwcApplTpms_Rte_Type.hpp"
000002c3 7263652f5377 
000002c9 634170706c54 
000002cf 706d732f5377 
000002d5 634170706c54 
000002db 706d735f5274 
000002e1 655f54797065 
000002e7 2e68707000 
000002ec 000000          210 	.byte	0,0,0
000002ef 00              211 	.byte	0
                         212 .Ldw_lpro_end:
                         213 	.section	.debug_macinfo
                         214 .Ldw_macinfo_begin:
                         215 	.section	.debug_frame
                         216 .LDW_4cb83c0:
00000000 00000000*       217 	.word	.LDW_unq_2-.LDW_unq_1
                         218 .LDW_unq_1:
00000004 ffffffff        219 	.byte	255,255,255,255
00000008 01              220 	.byte	1
00000009 00              221 	.byte	0
0000000a 01              222 	.byte	1
0000000b 01              223 	.byte	1
0000000c 1f              224 	.byte	31
0000000d 0c              225 	.byte	12
0000000e 03              226 	.byte	3
0000000f 00              227 	.byte	0
00000010 07              228 	.byte	7
00000011 00              229 	.byte	0
00000012 07              230 	.byte	7
00000013 01              231 	.byte	1
00000014 07              232 	.byte	7
00000015 02              233 	.byte	2

                                                                      Page 7
                                                              C:\Users\nhuliyap\AppData\Local\Temp\gh_00006us1.s
00000016 07              234 	.byte	7
00000017 03              235 	.byte	3
00000018 07              236 	.byte	7
00000019 04              237 	.byte	4
0000001a 07              238 	.byte	7
0000001b 05              239 	.byte	5
0000001c 07              240 	.byte	7
0000001d 06              241 	.byte	6
0000001e 07              242 	.byte	7
0000001f 07              243 	.byte	7
00000020 07              244 	.byte	7
00000021 08              245 	.byte	8
00000022 07              246 	.byte	7
00000023 09              247 	.byte	9
00000024 07              248 	.byte	7
00000025 0a              249 	.byte	10
00000026 07              250 	.byte	7
00000027 0b              251 	.byte	11
00000028 07              252 	.byte	7
00000029 0c              253 	.byte	12
0000002a 07              254 	.byte	7
0000002b 0d              255 	.byte	13
0000002c 07              256 	.byte	7
0000002d 0e              257 	.byte	14
0000002e 07              258 	.byte	7
0000002f 0f              259 	.byte	15
00000030 07              260 	.byte	7
00000031 10              261 	.byte	16
00000032 07              262 	.byte	7
00000033 11              263 	.byte	17
00000034 07              264 	.byte	7
00000035 12              265 	.byte	18
00000036 07              266 	.byte	7
00000037 13              267 	.byte	19
00000038 08              268 	.byte	8
00000039 14              269 	.byte	20
0000003a 08              270 	.byte	8
0000003b 15              271 	.byte	21
0000003c 08              272 	.byte	8
0000003d 16              273 	.byte	22
0000003e 08              274 	.byte	8
0000003f 17              275 	.byte	23
00000040 08              276 	.byte	8
00000041 18              277 	.byte	24
00000042 08              278 	.byte	8
00000043 19              279 	.byte	25
00000044 08              280 	.byte	8
00000045 1a              281 	.byte	26
00000046 08              282 	.byte	8
00000047 1b              283 	.byte	27
00000048 08              284 	.byte	8
00000049 1c              285 	.byte	28
0000004a 08              286 	.byte	8
0000004b 1d              287 	.byte	29
0000004c 07              288 	.byte	7
0000004d 1e              289 	.byte	30
0000004e 08              290 	.byte	8
0000004f 1f              291 	.byte	31
00000050 07              292 	.byte	7
00000051 20              293 	.byte	32
00000052 07              294 	.byte	7

                                                                      Page 8
                                                              C:\Users\nhuliyap\AppData\Local\Temp\gh_00006us1.s
00000053 21              295 	.byte	33
00000054 07              296 	.byte	7
00000055 22              297 	.byte	34
00000056 07              298 	.byte	7
00000057 23              299 	.byte	35
00000058 07              300 	.byte	7
00000059 24              301 	.byte	36
0000005a 07              302 	.byte	7
0000005b 25              303 	.byte	37
0000005c 07              304 	.byte	7
0000005d 26              305 	.byte	38
0000005e 07              306 	.byte	7
0000005f 27              307 	.byte	39
00000060 07              308 	.byte	7
00000061 28              309 	.byte	40
00000062 07              310 	.byte	7
00000063 29              311 	.byte	41
00000064 07              312 	.byte	7
00000065 2a              313 	.byte	42
00000066 07              314 	.byte	7
00000067 2b              315 	.byte	43
00000068 07              316 	.byte	7
00000069 2c              317 	.byte	44
0000006a 07              318 	.byte	7
0000006b 2d              319 	.byte	45
0000006c 07              320 	.byte	7
0000006d 2e              321 	.byte	46
0000006e 07              322 	.byte	7
0000006f 2f              323 	.byte	47
00000070 07              324 	.byte	7
00000071 30              325 	.byte	48
00000072 07              326 	.byte	7
00000073 31              327 	.byte	49
00000074 07              328 	.byte	7
00000075 32              329 	.byte	50
00000076 07              330 	.byte	7
00000077 33              331 	.byte	51
00000078 07              332 	.byte	7
00000079 34              333 	.byte	52
0000007a 07              334 	.byte	7
0000007b 35              335 	.byte	53
0000007c 07              336 	.byte	7
0000007d 36              337 	.byte	54
0000007e 07              338 	.byte	7
0000007f 37              339 	.byte	55
00000080 07              340 	.byte	7
00000081 38              341 	.byte	56
00000082 07              342 	.byte	7
00000083 39              343 	.byte	57
00000084 07              344 	.byte	7
00000085 3a              345 	.byte	58
00000086 07              346 	.byte	7
00000087 3b              347 	.byte	59
00000088 07              348 	.byte	7
00000089 3c              349 	.byte	60
0000008a 07              350 	.byte	7
0000008b 3d              351 	.byte	61
0000008c 07              352 	.byte	7
0000008d 3e              353 	.byte	62
0000008e 07              354 	.byte	7
0000008f 3f              355 	.byte	63

                                                                      Page 9
                                                              C:\Users\nhuliyap\AppData\Local\Temp\gh_00006us1.s
                         356 .LDW_unq_2:
                         357 	.section	.debug_info
                         358 .LDW_28373f8:
000000a0 25              359 	.byte	37
000000a1 756e7369676e    360 	.strz	"unsigned short"
000000a7 65642073686f 
000000ad 727400 
000000b0 07              361 	.byte	7
000000b1 02              362 	.byte	2
                         363 
                         364 	.section	.debug_abbrev
00000017 25              365 	.byte	37
00000018 24              366 	.byte	36
00000019 00              367 	.byte	0
0000001a 0308            368 	.byte	3,8
0000001c 3e0b            369 	.byte	62,11
0000001e 0b0b            370 	.byte	11,11
00000020 0000            371 	.byte	0,0
                         372 
                         373 	.section	.debug_info
                         374 .LDW_2836f60:
000000b2 44              375 	.byte	68
000000b3 00000000*       376 	.word	.LDW_4ba7580
000000b7 01              377 	.byte	1
                         378 
                         379 	.section	.debug_abbrev
00000022 44              380 	.byte	68
00000023 15              381 	.byte	21
00000024 01              382 	.byte	1
00000025 4910            383 	.byte	73,16
00000027 270c            384 	.byte	39,12
00000029 0000            385 	.byte	0,0
                         386 
                         387 	.section	.debug_info
000000b8 00              388 	.byte	0
                         389 
                         390 .LDW_28372e0:
000000b9 25              391 	.byte	37
000000ba 756e7369676e    392 	.strz	"unsigned char"
000000c0 656420636861 
000000c6 7200 
000000c8 08              393 	.byte	8
000000c9 01              394 	.byte	1
                         395 
                         396 .LDW_28374d8:
000000ca 25              397 	.byte	37
000000cb 696e7400        398 	.strz	"int"
000000cf 05              399 	.byte	5
000000d0 04              400 	.byte	4
                         401 
                         402 .LDW_4c425d8:
000000d1 29              403 	.byte	41
000000d2 00000000*       404 	.word	.LDW_2879480
                         405 
                         406 	.section	.debug_abbrev
0000002b 29              407 	.byte	41
0000002c 26              408 	.byte	38
0000002d 00              409 	.byte	0
0000002e 4910            410 	.byte	73,16
00000030 0000            411 	.byte	0,0
                         412 

                                                                      Page 10
                                                              C:\Users\nhuliyap\AppData\Local\Temp\gh_00006us1.s
                         413 	.section	.debug_info
                         414 .LDW_4c441f8:
000000d6 3a              415 	.byte	58
000000d7 00              416 	.byte	0
000000d8 05              417 	.byte	5
000000d9 00000000*       418 	.word	.LDW_4c425d8
                         419 
                         420 	.section	.debug_abbrev
00000032 3a              421 	.byte	58
00000033 01              422 	.byte	1
00000034 01              423 	.byte	1
00000035 090b            424 	.byte	9,11
00000037 0b0f            425 	.byte	11,15
00000039 4910            426 	.byte	73,16
0000003b 0000            427 	.byte	0,0
                         428 
                         429 	.section	.debug_info
000000dd 32              430 	.byte	50
000000de 00000000*       431 	.word	.LDW_28374d8
000000e2 04              432 	.byte	4
000000e3 00              433 	.byte	0
000000e4 04              434 	.byte	4
                         435 
                         436 	.section	.debug_abbrev
0000003d 32              437 	.byte	50
0000003e 21              438 	.byte	33
0000003f 00              439 	.byte	0
00000040 4910            440 	.byte	73,16
00000042 0b0f            441 	.byte	11,15
00000044 220d            442 	.byte	34,13
00000046 2f0d            443 	.byte	47,13
00000048 0000            444 	.byte	0,0
                         445 
                         446 	.section	.debug_info
000000e5 00              447 	.byte	0
                         448 
                         449 .LDW_4c44330:
000000e6 3a              450 	.byte	58
000000e7 00              451 	.byte	0
000000e8 05              452 	.byte	5
000000e9 00000000*       453 	.word	.LDW_4c425d8
                         454 
000000ed 32              455 	.byte	50
000000ee 00000000*       456 	.word	.LDW_28374d8
000000f2 04              457 	.byte	4
000000f3 00              458 	.byte	0
000000f4 04              459 	.byte	4
                         460 
000000f5 00              461 	.byte	0
                         462 
                         463 .LDW_4c44b28:
000000f6 3a              464 	.byte	58
000000f7 00              465 	.byte	0
000000f8 05              466 	.byte	5
000000f9 00000000*       467 	.word	.LDW_4c425d8
                         468 
000000fd 32              469 	.byte	50
000000fe 00000000*       470 	.word	.LDW_28374d8
00000102 04              471 	.byte	4
00000103 00              472 	.byte	0
00000104 04              473 	.byte	4

                                                                      Page 11
                                                              C:\Users\nhuliyap\AppData\Local\Temp\gh_00006us1.s
                         474 
00000105 00              475 	.byte	0
                         476 
                         477 .LDW_4c443b8:
00000106 3a              478 	.byte	58
00000107 00              479 	.byte	0
00000108 05              480 	.byte	5
00000109 00000000*       481 	.word	.LDW_4c425d8
                         482 
0000010d 32              483 	.byte	50
0000010e 00000000*       484 	.word	.LDW_28374d8
00000112 04              485 	.byte	4
00000113 00              486 	.byte	0
00000114 04              487 	.byte	4
                         488 
00000115 00              489 	.byte	0
                         490 
                         491 .LDW_4c4a8b8:
00000116 44              492 	.byte	68
00000117 00000000*       493 	.word	.LDW_4ba7580
0000011b 01              494 	.byte	1
                         495 
0000011c 00              496 	.byte	0
                         497 
                         498 .LDW_2879480:
0000011d 28              499 	.byte	40
0000011e 75696e743800    500 	.strz	"uint8"
00000124 50              501 	.byte	80
00000125 4b              502 	.byte	75
00000126 06              503 	.byte	6
00000127 00000000*       504 	.word	.LDW_28372e0
                         505 
                         506 	.section	.debug_abbrev
0000004a 28              507 	.byte	40
0000004b 16              508 	.byte	22
0000004c 00              509 	.byte	0
0000004d 0308            510 	.byte	3,8
0000004f 3b0f            511 	.byte	59,15
00000051 390f            512 	.byte	57,15
00000053 3a0f            513 	.byte	58,15
00000055 4910            514 	.byte	73,16
00000057 0000            515 	.byte	0,0
                         516 
                         517 	.section	.debug_info
                         518 .LDW_4ba7580:
0000012b 28              519 	.byte	40
0000012c 75696e743136    520 	.strz	"uint16"
00000132 00 
00000133 52              521 	.byte	82
00000134 4a              522 	.byte	74
00000135 06              523 	.byte	6
00000136 00000000*       524 	.word	.LDW_28373f8
                         525 
                         526 .LDW_287a0a8:
0000013a 2e              527 	.byte	46
0000013b 54504d534572    528 	.strz	"TPMSErrorType"
00000141 726f72547970 
00000147 6500 
00000149 16              529 	.byte	22
0000014a 0e              530 	.byte	14
0000014b 02              531 	.byte	2

                                                                      Page 12
                                                              C:\Users\nhuliyap\AppData\Local\Temp\gh_00006us1.s
0000014c 01              532 	.byte	1
0000014d 01              533 	.byte	1
                         534 
                         535 	.section	.debug_abbrev
00000059 2e              536 	.byte	46
0000005a 04              537 	.byte	4
0000005b 01              538 	.byte	1
0000005c 0308            539 	.byte	3,8
0000005e 3b0f            540 	.byte	59,15
00000060 390f            541 	.byte	57,15
00000062 3a0f            542 	.byte	58,15
00000064 0b0f            543 	.byte	11,15
00000066 320b            544 	.byte	50,11
00000068 0000            545 	.byte	0,0
                         546 
                         547 	.section	.debug_info
                         548 .LDW_287a0f8:
0000014e 2d              549 	.byte	45
0000014f 455f54504d53    550 	.strz	"E_TPMS_ERROR_WS_LIFE_TIME_FL_CNT_LOW"
00000155 5f4552524f52 
0000015b 5f57535f4c49 
00000161 46455f54494d 
00000167 455f464c5f43 
0000016d 4e545f4c4f57 
00000173 00 
00000174 18              551 	.byte	24
00000175 03              552 	.byte	3
00000176 02              553 	.byte	2
00000177 00              554 	.byte	0
                         555 
                         556 	.section	.debug_abbrev
0000006a 2d              557 	.byte	45
0000006b 28              558 	.byte	40
0000006c 00              559 	.byte	0
0000006d 0308            560 	.byte	3,8
0000006f 3b0f            561 	.byte	59,15
00000071 390f            562 	.byte	57,15
00000073 3a0f            563 	.byte	58,15
00000075 1c0d            564 	.byte	28,13
00000077 0000            565 	.byte	0,0
                         566 
                         567 	.section	.debug_info
                         568 .LDW_287a138:
00000178 2d              569 	.byte	45
00000179 455f54504d53    570 	.strz	"E_TPMS_ERROR_WS_LIFE_TIME_FR_CNT_LOW"
0000017f 5f4552524f52 
00000185 5f57535f4c49 
0000018b 46455f54494d 
00000191 455f46525f43 
00000197 4e545f4c4f57 
0000019d 00 
0000019e 19              571 	.byte	25
0000019f 07              572 	.byte	7
000001a0 02              573 	.byte	2
000001a1 01              574 	.byte	1
                         575 
                         576 .LDW_287a178:
000001a2 2d              577 	.byte	45
000001a3 455f54504d53    578 	.strz	"E_TPMS_ERROR_WS_LIFE_TIME_RR_CNT_LOW"
000001a9 5f4552524f52 
000001af 5f57535f4c49 

                                                                      Page 13
                                                              C:\Users\nhuliyap\AppData\Local\Temp\gh_00006us1.s
000001b5 46455f54494d 
000001bb 455f52525f43 
000001c1 4e545f4c4f57 
000001c7 00 
000001c8 1a              579 	.byte	26
000001c9 07              580 	.byte	7
000001ca 02              581 	.byte	2
000001cb 02              582 	.byte	2
                         583 
                         584 .LDW_287a1b8:
000001cc 2d              585 	.byte	45
000001cd 455f54504d53    586 	.strz	"E_TPMS_ERROR_WS_LIFE_TIME_RL_CNT_LOW"
000001d3 5f4552524f52 
000001d9 5f57535f4c49 
000001df 46455f54494d 
000001e5 455f524c5f43 
000001eb 4e545f4c4f57 
000001f1 00 
000001f2 1b              587 	.byte	27
000001f3 07              588 	.byte	7
000001f4 02              589 	.byte	2
000001f5 03              590 	.byte	3
                         591 
                         592 .LDW_287a1f8:
000001f6 2d              593 	.byte	45
000001f7 455f54504d53    594 	.strz	"E_TPMS_ERROR_WS_DEFECT_FL"
000001fd 5f4552524f52 
00000203 5f57535f4445 
00000209 464543545f46 
0000020f 4c00 
00000211 1c              595 	.byte	28
00000212 07              596 	.byte	7
00000213 02              597 	.byte	2
00000214 04              598 	.byte	4
                         599 
                         600 .LDW_287a238:
00000215 2d              601 	.byte	45
00000216 455f54504d53    602 	.strz	"E_TPMS_ERROR_WS_DEFECT_FR"
0000021c 5f4552524f52 
00000222 5f57535f4445 
00000228 464543545f46 
0000022e 5200 
00000230 1d              603 	.byte	29
00000231 07              604 	.byte	7
00000232 02              605 	.byte	2
00000233 05              606 	.byte	5
                         607 
                         608 .LDW_287a278:
00000234 2d              609 	.byte	45
00000235 455f54504d53    610 	.strz	"E_TPMS_ERROR_WS_DEFECT_RR"
0000023b 5f4552524f52 
00000241 5f57535f4445 
00000247 464543545f52 
0000024d 5200 
0000024f 1e              611 	.byte	30
00000250 07              612 	.byte	7
00000251 02              613 	.byte	2
00000252 06              614 	.byte	6
                         615 
                         616 .LDW_287a2b8:
00000253 2d              617 	.byte	45

                                                                      Page 14
                                                              C:\Users\nhuliyap\AppData\Local\Temp\gh_00006us1.s
00000254 455f54504d53    618 	.strz	"E_TPMS_ERROR_WS_DEFECT_RL"
0000025a 5f4552524f52 
00000260 5f57535f4445 
00000266 464543545f52 
0000026c 4c00 
0000026e 1f              619 	.byte	31
0000026f 07              620 	.byte	7
00000270 02              621 	.byte	2
00000271 07              622 	.byte	7
                         623 
                         624 .LDW_287a2f8:
00000272 2d              625 	.byte	45
00000273 455f54504d53    626 	.strz	"E_TPMS_ERROR_WS_DEFECT_UNKNOWN_POS"
00000279 5f4552524f52 
0000027f 5f57535f4445 
00000285 464543545f55 
0000028b 4e4b4e4f574e 
00000291 5f504f5300 
00000296 20              627 	.byte	32
00000297 07              628 	.byte	7
00000298 02              629 	.byte	2
00000299 08              630 	.byte	8
                         631 
                         632 .LDW_4b80178:
0000029a 2d              633 	.byte	45
0000029b 455f54504d53    634 	.strz	"E_TPMS_ERROR_WS_MISSING_FL"
000002a1 5f4552524f52 
000002a7 5f57535f4d49 
000002ad 5353494e475f 
000002b3 464c00 
000002b6 21              635 	.byte	33
000002b7 07              636 	.byte	7
000002b8 02              637 	.byte	2
000002b9 09              638 	.byte	9
                         639 
                         640 .LDW_4b80238:
000002ba 2d              641 	.byte	45
000002bb 455f54504d53    642 	.strz	"E_TPMS_ERROR_WS_MISSING_FR"
000002c1 5f4552524f52 
000002c7 5f57535f4d49 
000002cd 5353494e475f 
000002d3 465200 
000002d6 22              643 	.byte	34
000002d7 07              644 	.byte	7
000002d8 02              645 	.byte	2
000002d9 0a              646 	.byte	10
                         647 
                         648 .LDW_4b80338:
000002da 2d              649 	.byte	45
000002db 455f54504d53    650 	.strz	"E_TPMS_ERROR_WS_MISSING_RR"
000002e1 5f4552524f52 
000002e7 5f57535f4d49 
000002ed 5353494e475f 
000002f3 525200 
000002f6 23              651 	.byte	35
000002f7 07              652 	.byte	7
000002f8 02              653 	.byte	2
000002f9 0b              654 	.byte	11
                         655 
                         656 .LDW_4b80278:
000002fa 2d              657 	.byte	45

                                                                      Page 15
                                                              C:\Users\nhuliyap\AppData\Local\Temp\gh_00006us1.s
000002fb 455f54504d53    658 	.strz	"E_TPMS_ERROR_WS_MISSING_RL"
00000301 5f4552524f52 
00000307 5f57535f4d49 
0000030d 5353494e475f 
00000313 524c00 
00000316 24              659 	.byte	36
00000317 07              660 	.byte	7
00000318 02              661 	.byte	2
00000319 0c              662 	.byte	12
                         663 
                         664 .LDW_4b805f8:
0000031a 2d              665 	.byte	45
0000031b 455f54504d53    666 	.strz	"E_TPMS_ERROR_WS_MISSING_UNKNOWN_POS"
00000321 5f4552524f52 
00000327 5f57535f4d49 
0000032d 5353494e475f 
00000333 554e4b4e4f57 
00000339 4e5f504f5300 
0000033f 25              667 	.byte	37
00000340 07              668 	.byte	7
00000341 02              669 	.byte	2
00000342 0d              670 	.byte	13
                         671 
                         672 .LDW_4b801b8:
00000343 2d              673 	.byte	45
00000344 455f54504d53    674 	.strz	"E_TPMS_ERROR_WS_OVER_TEMP_FL"
0000034a 5f4552524f52 
00000350 5f57535f4f56 
00000356 45525f54454d 
0000035c 505f464c00 
00000361 26              675 	.byte	38
00000362 07              676 	.byte	7
00000363 02              677 	.byte	2
00000364 0e              678 	.byte	14
                         679 
                         680 .LDW_4b806f8:
00000365 2d              681 	.byte	45
00000366 455f54504d53    682 	.strz	"E_TPMS_ERROR_WS_OVER_TEMP_FR"
0000036c 5f4552524f52 
00000372 5f57535f4f56 
00000378 45525f54454d 
0000037e 505f465200 
00000383 27              683 	.byte	39
00000384 07              684 	.byte	7
00000385 02              685 	.byte	2
00000386 0f              686 	.byte	15
                         687 
                         688 .LDW_4b806b8:
00000387 2d              689 	.byte	45
00000388 455f54504d53    690 	.strz	"E_TPMS_ERROR_WS_OVER_TEMP_RR"
0000038e 5f4552524f52 
00000394 5f57535f4f56 
0000039a 45525f54454d 
000003a0 505f525200 
000003a5 28              691 	.byte	40
000003a6 07              692 	.byte	7
000003a7 02              693 	.byte	2
000003a8 10              694 	.byte	16
                         695 
                         696 .LDW_4b80738:
000003a9 2d              697 	.byte	45

                                                                      Page 16
                                                              C:\Users\nhuliyap\AppData\Local\Temp\gh_00006us1.s
000003aa 455f54504d53    698 	.strz	"E_TPMS_ERROR_WS_OVER_TEMP_RL"
000003b0 5f4552524f52 
000003b6 5f57535f4f56 
000003bc 45525f54454d 
000003c2 505f524c00 
000003c7 29              699 	.byte	41
000003c8 07              700 	.byte	7
000003c9 02              701 	.byte	2
000003ca 11              702 	.byte	17
                         703 
                         704 .LDW_4b803f8:
000003cb 2d              705 	.byte	45
000003cc 455f54504d53    706 	.strz	"E_TPMS_ERROR_AXLE_LOCATE_FAIL"
000003d2 5f4552524f52 
000003d8 5f41584c455f 
000003de 4c4f43415445 
000003e4 5f4641494c00 
000003ea 2a              707 	.byte	42
000003eb 07              708 	.byte	7
000003ec 02              709 	.byte	2
000003ed 12              710 	.byte	18
                         711 
                         712 .LDW_4b80538:
000003ee 2d              713 	.byte	45
000003ef 455f54504d53    714 	.strz	"E_TPMS_ERROR_NO_QUALIFIED_SENSOR_SIGNALS"
000003f5 5f4552524f52 
000003fb 5f4e4f5f5155 
00000401 414c49464945 
00000407 445f53454e53 
0000040d 4f525f534947 
00000413 4e414c5300 
00000418 2b              715 	.byte	43
00000419 07              716 	.byte	7
0000041a 02              717 	.byte	2
0000041b 13              718 	.byte	19
                         719 
                         720 .LDW_4b80138:
0000041c 2d              721 	.byte	45
0000041d 455f54504d53    722 	.strz	"E_TPMS_ERROR_DETECTED_TOO_MANY_SENSORS"
00000423 5f4552524f52 
00000429 5f4445544543 
0000042f 5445445f544f 
00000435 4f5f4d414e59 
0000043b 5f53454e534f 
00000441 525300 
00000444 2c              723 	.byte	44
00000445 07              724 	.byte	7
00000446 02              725 	.byte	2
00000447 14              726 	.byte	20
                         727 
                         728 .LDW_4b80778:
00000448 2d              729 	.byte	45
00000449 455f54504d53    730 	.strz	"E_TPMS_ERROR_NOT_FUNCTIONING_DUE_TO_ECU_INTERNAL_FAULT"
0000044f 5f4552524f52 
00000455 5f4e4f545f46 
0000045b 554e4354494f 
00000461 4e494e475f44 
00000467 55455f544f5f 
0000046d 4543555f494e 
00000473 5445524e414c 
00000479 5f4641554c54 

                                                                      Page 17
                                                              C:\Users\nhuliyap\AppData\Local\Temp\gh_00006us1.s
0000047f 00 
00000480 2d              731 	.byte	45
00000481 07              732 	.byte	7
00000482 02              733 	.byte	2
00000483 15              734 	.byte	21
                         735 
                         736 .LDW_4b801f8:
00000484 2d              737 	.byte	45
00000485 455f54504d53    738 	.strz	"E_TPMS_ERROR_WS_MISSING_DURING_CONTINUOUS_INVALID_SPEED"
0000048b 5f4552524f52 
00000491 5f57535f4d49 
00000497 5353494e475f 
0000049d 445552494e47 
000004a3 5f434f4e5449 
000004a9 4e554f55535f 
000004af 494e56414c49 
000004b5 445f53504545 
000004bb 4400 
000004bd 2e              739 	.byte	46
000004be 07              740 	.byte	7
000004bf 02              741 	.byte	2
000004c0 16              742 	.byte	22
                         743 
                         744 .LDW_4b802b8:
000004c1 2d              745 	.byte	45
000004c2 455f54504d53    746 	.strz	"E_TPMS_ERROR_RF_INTERFERENCE"
000004c8 5f4552524f52 
000004ce 5f52465f494e 
000004d4 544552464552 
000004da 454e434500 
000004df 2f              747 	.byte	47
000004e0 07              748 	.byte	7
000004e1 02              749 	.byte	2
000004e2 17              750 	.byte	23
                         751 
                         752 .LDW_4b80078:
000004e3 2d              753 	.byte	45
000004e4 455f54504d53    754 	.strz	"E_TPMS_ERROR_AUTOLOCATION_FAILED"
000004ea 5f4552524f52 
000004f0 5f4155544f4c 
000004f6 4f434154494f 
000004fc 4e5f4641494c 
00000502 454400 
00000505 30              755 	.byte	48
00000506 07              756 	.byte	7
00000507 02              757 	.byte	2
00000508 18              758 	.byte	24
                         759 
                         760 .LDW_4b802f8:
00000509 2d              761 	.byte	45
0000050a 455f54504d53    762 	.strz	"E_TPMS_ERROR_MAX_NUMBER"
00000510 5f4552524f52 
00000516 5f4d41585f4e 
0000051c 554d42455200 
00000522 31              763 	.byte	49
00000523 07              764 	.byte	7
00000524 02              765 	.byte	2
00000525 19              766 	.byte	25
                         767 
00000526 00              768 	.byte	0
                         769 

                                                                      Page 18
                                                              C:\Users\nhuliyap\AppData\Local\Temp\gh_00006us1.s
                         770 .LDW_4c423c8:
00000527 04              771 	.byte	4
00000528 756357554465    772 	.strz	"ucWUDefectERRc"
0000052e 666563744552 
00000534 526300 
00000537 12              773 	.byte	18
00000538 0d              774 	.byte	13
00000539 01              775 	.byte	1
0000053a 00000000*       776 	.word	.LDW_4c441f8
0000053e 01              777 	.byte	1
0000053f 00              778 	.byte	0
00000540 0503            779 	.byte	5,3
00000542 00000000*       780 	.word	_ucWUDefectERRc
                         781 
                         782 	.section	.debug_abbrev
00000079 04              783 	.byte	4
0000007a 34              784 	.byte	52
0000007b 00              785 	.byte	0
0000007c 0308            786 	.byte	3,8
0000007e 3b0f            787 	.byte	59,15
00000080 390f            788 	.byte	57,15
00000082 3a0f            789 	.byte	58,15
00000084 4910            790 	.byte	73,16
00000086 3f0c            791 	.byte	63,12
00000088 3c0c            792 	.byte	60,12
0000008a 020a            793 	.byte	2,10
0000008c 0000            794 	.byte	0,0
                         795 
                         796 	.section	.debug_info
                         797 .LDW_4c424d0:
00000546 04              798 	.byte	4
00000547 756357554661    799 	.strz	"ucWUFailERRc"
0000054d 696c45525263 
00000553 00 
00000554 1b              800 	.byte	27
00000555 0d              801 	.byte	13
00000556 01              802 	.byte	1
00000557 00000000*       803 	.word	.LDW_4c44330
0000055b 01              804 	.byte	1
0000055c 00              805 	.byte	0
0000055d 0503            806 	.byte	5,3
0000055f 00000000*       807 	.word	_ucWUFailERRc
                         808 
                         809 .LDW_4c42630:
00000563 04              810 	.byte	4
00000564 756357555465    811 	.strz	"ucWUTemperatureERRc"
0000056a 6d7065726174 
00000570 757265455252 
00000576 6300 
00000578 27              812 	.byte	39
00000579 0d              813 	.byte	13
0000057a 01              814 	.byte	1
0000057b 00000000*       815 	.word	.LDW_4c44b28
0000057f 01              816 	.byte	1
00000580 00              817 	.byte	0
00000581 0503            818 	.byte	5,3
00000583 00000000*       819 	.word	_ucWUTemperatureERRc
                         820 
                         821 .LDW_4c42688:
00000587 04              822 	.byte	4
00000588 756357554c6f    823 	.strz	"ucWULowLifeTimeERRc"

                                                                      Page 19
                                                              C:\Users\nhuliyap\AppData\Local\Temp\gh_00006us1.s
0000058e 774c69666554 
00000594 696d65455252 
0000059a 6300 
0000059c 32              824 	.byte	50
0000059d 0d              825 	.byte	13
0000059e 01              826 	.byte	1
0000059f 00000000*       827 	.word	.LDW_4c443b8
000005a3 01              828 	.byte	1
000005a4 00              829 	.byte	0
000005a5 0503            830 	.byte	5,3
000005a7 00000000*       831 	.word	_ucWULowLifeTimeERRc
                         832 
                         833 .LDW_4c48c08:
000005ab 16              834 	.byte	22
000005ac 47455475734d    835 	.strz	"GETusMaxFolgeAusfallEE"
000005b2 6178466f6c67 
000005b8 654175736661 
000005be 6c6c454500 
000005c3 5b              836 	.byte	91
000005c4 0f              837 	.byte	15
000005c5 0a              838 	.byte	10
000005c6 00000000*       839 	.word	.LDW_4ba7580
000005ca 01              840 	.byte	1
000005cb 00              841 	.byte	0
000005cc 01              842 	.byte	1
000005cd 01              843 	.byte	1
000005ce 00              844 	.byte	0
000005cf 01              845 	.byte	1
                         846 
                         847 	.section	.debug_abbrev
0000008e 16              848 	.byte	22
0000008f 2e              849 	.byte	46
00000090 01              850 	.byte	1
00000091 0308            851 	.byte	3,8
00000093 3b0f            852 	.byte	59,15
00000095 390f            853 	.byte	57,15
00000097 3a0f            854 	.byte	58,15
00000099 4910            855 	.byte	73,16
0000009b 3c0c            856 	.byte	60,12
0000009d 200b            857 	.byte	32,11
0000009f 3f0c            858 	.byte	63,12
000000a1 320b            859 	.byte	50,11
000000a3 4c0b            860 	.byte	76,11
000000a5 270c            861 	.byte	39,12
000000a7 0000            862 	.byte	0,0
                         863 
                         864 	.section	.debug_info
000005d0 00              865 	.byte	0
                         866 
                         867 .LDW_2879390:
000005d1 14              868 	.byte	20
000005d2 4d6178466169    869 	.strz	"MaxFailCounterInEE"
000005d8 6c436f756e74 
000005de 6572496e4545 
000005e4 00 
000005e5 3c              870 	.byte	60
000005e6 08              871 	.byte	8
000005e7 01              872 	.byte	1
000005e8 00000000*       873 	.word	.LDW_4ba7580
000005ec 00000000*       874 	.word	_MaxFailCounterInEE
000005f0 00000000*       875 	.word	___ghs_eofn_MaxFailCounterInEE

                                                                      Page 20
                                                              C:\Users\nhuliyap\AppData\Local\Temp\gh_00006us1.s
000005f4 0153            876 	.byte	1,83
000005f6 02              877 	.byte	2
000005f7 00              878 	.byte	0
000005f8 02              879 	.byte	2
000005f9 00              880 	.byte	0
000005fa 00              881 	.byte	0
000005fb 00              882 	.byte	0
000005fc 00              883 	.byte	0
000005fd 01              884 	.byte	1
000005fe 01              885 	.byte	1
000005ff 00              886 	.byte	0
00000600 01              887 	.byte	1
                         888 
                         889 	.section	.debug_abbrev
000000a9 14              890 	.byte	20
000000aa 2e              891 	.byte	46
000000ab 01              892 	.byte	1
000000ac 0308            893 	.byte	3,8
000000ae 3b0f            894 	.byte	59,15
000000b0 390f            895 	.byte	57,15
000000b2 3a0f            896 	.byte	58,15
000000b4 4910            897 	.byte	73,16
000000b6 1101            898 	.byte	17,1
000000b8 1201            899 	.byte	18,1
000000ba 400a            900 	.byte	64,10
000000bc 8341            901 	.byte	131,65
000000be 0f              902 	.byte	15
000000bf 8741            903 	.byte	135,65
000000c1 0d              904 	.byte	13
000000c2 8541            905 	.byte	133,65
000000c4 0f              906 	.byte	15
000000c5 8641            907 	.byte	134,65
000000c7 0d              908 	.byte	13
000000c8 9241            909 	.byte	146,65
000000ca 0f              910 	.byte	15
000000cb 3c0c            911 	.byte	60,12
000000cd 200b            912 	.byte	32,11
000000cf 3f0c            913 	.byte	63,12
000000d1 320b            914 	.byte	50,11
000000d3 4c0b            915 	.byte	76,11
000000d5 270c            916 	.byte	39,12
000000d7 0000            917 	.byte	0,0
                         918 
                         919 	.section	.debug_frame
                         920 .LDW_287d250:
00000090 00000000*       921 	.word	.LDW_unq_4-.LDW_unq_3
                         922 .LDW_unq_3:
00000094 00000000*       923 	.word	.LDW_4cb83c0
00000098 00000000*       924 	.word	_MaxFailCounterInEE
0000009c 00000000*       925 	.word	___ghs_eofn_MaxFailCounterInEE-_MaxFailCounterInEE
000000a0 01              926 	.byte	1
000000a1 00000000*       927 	.word	.LDW11
000000a5 00              928 	.byte	0
000000a6 00              929 	.byte	0
000000a7 00              930 	.byte	0
                         931 .LDW_unq_4:
                         932 	.section	.debug_line
000002f0 000502          933 	.byte	0,5,2
000002f3 00000000*       934 	.word	_MaxFailCounterInEE
000002f7 06              935 	.byte	6
000002f8 03              936 	.byte	3

                                                                      Page 21
                                                              C:\Users\nhuliyap\AppData\Local\Temp\gh_00006us1.s
000002f9 3c              937 	.byte	60
000002fa 02              938 	.byte	2
000002fb 00              939 	.byte	0
000002fc 01              940 	.byte	1
000002fd 02              941 	.byte	2
000002fe 04              942 	.byte	4
000002ff 000101          943 	.byte	0,1,1
                         944 	.section	.debug_info
                         945 .LDW_287e7a8:
00000601 1d              946 	.byte	29
00000602 00000000*       947 	.word	.LDW01
00000606 00000000*       948 	.word	.LDW11
                         949 
                         950 	.section	.debug_abbrev
000000d9 1d              951 	.byte	29
000000da 0b              952 	.byte	11
000000db 01              953 	.byte	1
000000dc 1101            954 	.byte	17,1
000000de 1201            955 	.byte	18,1
000000e0 0000            956 	.byte	0,0
                         957 
                         958 	.section	.debug_info
0000060a 00              959 	.byte	0
                         960 
0000060b 00              961 	.byte	0
                         962 
0000060c 00              963 	.byte	0
                         964 
                         965 	.section	.debug_line
                         966 .Ldw_line_end:
                         967 	.section	.debug_macinfo
00000000 01              968 	.byte	1
00000001 00              969 	.byte	0
00000002 5f5f6768735f    970 	.strz	"__ghs__ 1"
00000008 5f203100 
0000000c 01              971 	.byte	1
0000000d 00              972 	.byte	0
0000000e 5f5f4c4c4f4e    973 	.strz	"__LLONG_BIT 64"
00000014 475f42495420 
0000001a 363400 
0000001d 01              974 	.byte	1
0000001e 00              975 	.byte	0
0000001f 494254434d5f    976 	.strz	"IBTCM_SW_ANPASSUNGEN 1"
00000025 53575f414e50 
0000002b 415353554e47 
00000031 454e203100 
00000036 01              977 	.byte	1
00000037 00              978 	.byte	0
00000038 4255494c445f    979 	.strz	"BUILD_LORDSTOWN 1"
0000003e 4c4f52445354 
00000044 4f574e203100 
0000004a 03              980 	.byte	3
0000004b 00              981 	.byte	0
0000004c 01              982 	.byte	1
0000004d 03              983 	.byte	3
0000004e 04              984 	.byte	4
0000004f 02              985 	.byte	2
00000050 03              986 	.byte	3
00000051 06              987 	.byte	6
00000052 03              988 	.byte	3
00000053 03              989 	.byte	3

                                                                      Page 22
                                                              C:\Users\nhuliyap\AppData\Local\Temp\gh_00006us1.s
00000054 04              990 	.byte	4
00000055 04              991 	.byte	4
00000056 03              992 	.byte	3
00000057 07              993 	.byte	7
00000058 05              994 	.byte	5
00000059 03              995 	.byte	3
0000005a 1c              996 	.byte	28
0000005b 06              997 	.byte	6
0000005c 01              998 	.byte	1
0000005d 3c              999 	.byte	60
0000005e 545255452031   1000 	.strz	"TRUE 1u"
00000064 7500 
00000066 01             1001 	.byte	1
00000067 40             1002 	.byte	64
00000068 46414c534520   1003 	.strz	"FALSE 0u"
0000006e 307500 
00000071 04             1004 	.byte	4
00000072 03             1005 	.byte	3
00000073 1d             1006 	.byte	29
00000074 07             1007 	.byte	7
00000075 03             1008 	.byte	3
00000076 1b             1009 	.byte	27
00000077 08             1010 	.byte	8
00000078 03             1011 	.byte	3
00000079 54             1012 	.byte	84
0000007a 09             1013 	.byte	9
0000007b 04             1014 	.byte	4
0000007c 04             1015 	.byte	4
0000007d 04             1016 	.byte	4
0000007e 04             1017 	.byte	4
0000007f 04             1018 	.byte	4
00000080 01             1019 	.byte	1
00000081 0e             1020 	.byte	14
00000082 50524f445543   1021 	.strz	"PRODUCTION_SW 0x0"
00000088 54494f4e5f53 
0000008e 572030783000 
00000094 01             1022 	.byte	1
00000095 0f             1023 	.byte	15
00000096 444556454c4f   1024 	.strz	"DEVELOPMENT_SW 0x1"
0000009c 504d454e545f 
000000a2 535720307831 
000000a8 00 
000000a9 01             1025 	.byte	1
000000aa 10             1026 	.byte	16
000000ab 53575f434154   1027 	.strz	"SW_CATEGORY PRODUCTION_SW"
000000b1 45474f525920 
000000b7 50524f445543 
000000bd 54494f4e5f53 
000000c3 5700 
000000c5 04             1028 	.byte	4
000000c6 01             1029 	.byte	1
000000c7 08             1030 	.byte	8
000000c8 4d41585f5349   1031 	.strz	"MAX_SIZE_WS_TELEGRAM 16U"
000000ce 5a455f57535f 
000000d4 54454c454752 
000000da 414d20313655 
000000e0 00 
000000e1 01             1032 	.byte	1
000000e2 11             1033 	.byte	17
000000e3 4e564d5f424c   1034 	.strz	"NVM_BLOCK_TYPE uint32"
000000e9 4f434b5f5459 

                                                                      Page 23
                                                              C:\Users\nhuliyap\AppData\Local\Temp\gh_00006us1.s
000000ef 50452075696e 
000000f5 74333200 
000000f9 04             1035 	.byte	4
000000fa 03             1036 	.byte	3
000000fb 05             1037 	.byte	5
000000fc 0a             1038 	.byte	10
000000fd 03             1039 	.byte	3
000000fe 1b             1040 	.byte	27
000000ff 0b             1041 	.byte	11
00000100 01             1042 	.byte	1
00000101 9d01           1043 	.byte	157,1
00000103 4650412000     1044 	.strz	"FPA "
00000108 01             1045 	.byte	1
00000109 9f01           1046 	.byte	159,1
0000010b 4142535f5465   1047 	.strz	"ABS_Test_LOG_ENABLE "
00000111 73745f4c4f47 
00000117 5f454e41424c 
0000011d 452000 
00000120 04             1048 	.byte	4
00000121 04             1049 	.byte	4
00000122 03             1050 	.byte	3
00000123 06             1051 	.byte	6
00000124 0c             1052 	.byte	12
00000125 03             1053 	.byte	3
00000126 06             1054 	.byte	6
00000127 0d             1055 	.byte	13
00000128 01             1056 	.byte	1
00000129 20             1057 	.byte	32
0000012a 444554454354   1058 	.strz	"DETECT_SYMC_WALLOC_DTC "
00000130 5f53594d435f 
00000136 57414c4c4f43 
0000013c 5f4454432000 
00000142 01             1059 	.byte	1
00000143 22             1060 	.byte	34
00000144 6a735f526548   1061 	.strz	"js_ReHighTemperatureDiag_230312 "
0000014a 69676854656d 
00000150 706572617475 
00000156 726544696167 
0000015c 5f3233303331 
00000162 322000 
00000165 04             1062 	.byte	4
00000166 01             1063 	.byte	1
00000167 0d             1064 	.byte	13
00000168 634552524f52   1065 	.strz	"cERROR_CODE_INACTIVE (uint8)0xFF"
0000016e 5f434f44455f 
00000174 494e41435449 
0000017a 564520287569 
00000180 6e7438293078 
00000186 464600 
00000189 01             1066 	.byte	1
0000018a 24             1067 	.byte	36
0000018b 635a4f5f4552   1068 	.strz	"cZO_ERR_WS_BATTERY_LOW_FL (uint8)E_TPMS_ERROR_WS_LIFE_TIME_FL_CNT_LOW"
00000191 525f57535f42 
00000197 415454455259 
0000019d 5f4c4f575f46 
000001a3 4c202875696e 
000001a9 743829455f54 
000001af 504d535f4552 
000001b5 524f525f5753 
000001bb 5f4c4946455f 
000001c1 54494d455f46 

                                                                      Page 24
                                                              C:\Users\nhuliyap\AppData\Local\Temp\gh_00006us1.s
000001c7 4c5f434e545f 
000001cd 4c4f5700 
000001d1 01             1069 	.byte	1
000001d2 25             1070 	.byte	37
000001d3 635a4f5f4552   1071 	.strz	"cZO_ERR_WS_DEFECT_FL (uint8)E_TPMS_ERROR_WS_DEFECT_FL"
000001d9 525f57535f44 
000001df 45464543545f 
000001e5 464c20287569 
000001eb 6e743829455f 
000001f1 54504d535f45 
000001f7 52524f525f57 
000001fd 535f44454645 
00000203 43545f464c00 
00000209 01             1072 	.byte	1
0000020a 26             1073 	.byte	38
0000020b 635a4f5f4552   1074 	.strz	"cZO_ERR_WS_MISSING_FL (uint8)E_TPMS_ERROR_WS_MISSING_FL"
00000211 525f57535f4d 
00000217 495353494e47 
0000021d 5f464c202875 
00000223 696e74382945 
00000229 5f54504d535f 
0000022f 4552524f525f 
00000235 57535f4d4953 
0000023b 53494e475f46 
00000241 4c00 
00000243 01             1075 	.byte	1
00000244 2e             1076 	.byte	46
00000245 635a4f5f4552   1077 	.strz	"cZO_ERR_WS_OVERTEMPERATURE_FL (uint8)E_TPMS_ERROR_WS_OVER_TEMP_FL"
0000024b 525f57535f4f 
00000251 56455254454d 
00000257 504552415455 
0000025d 52455f464c20 
00000263 2875696e7438 
00000269 29455f54504d 
0000026f 535f4552524f 
00000275 525f57535f4f 
0000027b 5645525f5445 
00000281 4d505f464c00 
00000287 01             1078 	.byte	1
00000288 30             1079 	.byte	48
00000289 635a4f5f4552   1080 	.strz	"cZO_ERR_WS_BATTERY_LOW_FR (uint8)E_TPMS_ERROR_WS_LIFE_TIME_FR_CNT_LOW"
0000028f 525f57535f42 
00000295 415454455259 
0000029b 5f4c4f575f46 
000002a1 52202875696e 
000002a7 743829455f54 
000002ad 504d535f4552 
000002b3 524f525f5753 
000002b9 5f4c4946455f 
000002bf 54494d455f46 
000002c5 525f434e545f 
000002cb 4c4f5700 
000002cf 01             1081 	.byte	1
000002d0 31             1082 	.byte	49
000002d1 635a4f5f4552   1083 	.strz	"cZO_ERR_WS_DEFECT_FR (uint8)E_TPMS_ERROR_WS_DEFECT_FR"
000002d7 525f57535f44 
000002dd 45464543545f 
000002e3 465220287569 
000002e9 6e743829455f 
000002ef 54504d535f45 
000002f5 52524f525f57 

                                                                      Page 25
                                                              C:\Users\nhuliyap\AppData\Local\Temp\gh_00006us1.s
000002fb 535f44454645 
00000301 43545f465200 
00000307 01             1084 	.byte	1
00000308 32             1085 	.byte	50
00000309 635a4f5f4552   1086 	.strz	"cZO_ERR_WS_MISSING_FR (uint8)E_TPMS_ERROR_WS_MISSING_FR"
0000030f 525f57535f4d 
00000315 495353494e47 
0000031b 5f4652202875 
00000321 696e74382945 
00000327 5f54504d535f 
0000032d 4552524f525f 
00000333 57535f4d4953 
00000339 53494e475f46 
0000033f 5200 
00000341 01             1087 	.byte	1
00000342 3a             1088 	.byte	58
00000343 635a4f5f4552   1089 	.strz	"cZO_ERR_WS_OVERTEMPERATURE_FR (uint8)E_TPMS_ERROR_WS_OVER_TEMP_FR"
00000349 525f57535f4f 
0000034f 56455254454d 
00000355 504552415455 
0000035b 52455f465220 
00000361 2875696e7438 
00000367 29455f54504d 
0000036d 535f4552524f 
00000373 525f57535f4f 
00000379 5645525f5445 
0000037f 4d505f465200 
00000385 01             1090 	.byte	1
00000386 3c             1091 	.byte	60
00000387 635a4f5f4552   1092 	.strz	"cZO_ERR_WS_BATTERY_LOW_RL (uint8)E_TPMS_ERROR_WS_LIFE_TIME_RL_CNT_LOW"
0000038d 525f57535f42 
00000393 415454455259 
00000399 5f4c4f575f52 
0000039f 4c202875696e 
000003a5 743829455f54 
000003ab 504d535f4552 
000003b1 524f525f5753 
000003b7 5f4c4946455f 
000003bd 54494d455f52 
000003c3 4c5f434e545f 
000003c9 4c4f5700 
000003cd 01             1093 	.byte	1
000003ce 3d             1094 	.byte	61
000003cf 635a4f5f4552   1095 	.strz	"cZO_ERR_WS_DEFECT_RL (uint8)E_TPMS_ERROR_WS_DEFECT_RL"
000003d5 525f57535f44 
000003db 45464543545f 
000003e1 524c20287569 
000003e7 6e743829455f 
000003ed 54504d535f45 
000003f3 52524f525f57 
000003f9 535f44454645 
000003ff 43545f524c00 
00000405 01             1096 	.byte	1
00000406 3e             1097 	.byte	62
00000407 635a4f5f4552   1098 	.strz	"cZO_ERR_WS_MISSING_RL (uint8)E_TPMS_ERROR_WS_MISSING_RL"
0000040d 525f57535f4d 
00000413 495353494e47 
00000419 5f524c202875 
0000041f 696e74382945 
00000425 5f54504d535f 
0000042b 4552524f525f 

                                                                      Page 26
                                                              C:\Users\nhuliyap\AppData\Local\Temp\gh_00006us1.s
00000431 57535f4d4953 
00000437 53494e475f52 
0000043d 4c00 
0000043f 01             1099 	.byte	1
00000440 46             1100 	.byte	70
00000441 635a4f5f4552   1101 	.strz	"cZO_ERR_WS_OVERTEMPERATURE_RL (uint8)E_TPMS_ERROR_WS_OVER_TEMP_RL"
00000447 525f57535f4f 
0000044d 56455254454d 
00000453 504552415455 
00000459 52455f524c20 
0000045f 2875696e7438 
00000465 29455f54504d 
0000046b 535f4552524f 
00000471 525f57535f4f 
00000477 5645525f5445 
0000047d 4d505f524c00 
00000483 01             1102 	.byte	1
00000484 48             1103 	.byte	72
00000485 635a4f5f4552   1104 	.strz	"cZO_ERR_WS_BATTERY_LOW_RR (uint8)E_TPMS_ERROR_WS_LIFE_TIME_RR_CNT_LOW"
0000048b 525f57535f42 
00000491 415454455259 
00000497 5f4c4f575f52 
0000049d 52202875696e 
000004a3 743829455f54 
000004a9 504d535f4552 
000004af 524f525f5753 
000004b5 5f4c4946455f 
000004bb 54494d455f52 
000004c1 525f434e545f 
000004c7 4c4f5700 
000004cb 01             1105 	.byte	1
000004cc 49             1106 	.byte	73
000004cd 635a4f5f4552   1107 	.strz	"cZO_ERR_WS_DEFECT_RR (uint8)E_TPMS_ERROR_WS_DEFECT_RR"
000004d3 525f57535f44 
000004d9 45464543545f 
000004df 525220287569 
000004e5 6e743829455f 
000004eb 54504d535f45 
000004f1 52524f525f57 
000004f7 535f44454645 
000004fd 43545f525200 
00000503 01             1108 	.byte	1
00000504 4a             1109 	.byte	74
00000505 635a4f5f4552   1110 	.strz	"cZO_ERR_WS_MISSING_RR (uint8)E_TPMS_ERROR_WS_MISSING_RR"
0000050b 525f57535f4d 
00000511 495353494e47 
00000517 5f5252202875 
0000051d 696e74382945 
00000523 5f54504d535f 
00000529 4552524f525f 
0000052f 57535f4d4953 
00000535 53494e475f52 
0000053b 5200 
0000053d 01             1111 	.byte	1
0000053e 52             1112 	.byte	82
0000053f 635a4f5f4552   1113 	.strz	"cZO_ERR_WS_OVERTEMPERATURE_RR (uint8)E_TPMS_ERROR_WS_OVER_TEMP_RR"
00000545 525f57535f4f 
0000054b 56455254454d 
00000551 504552415455 
00000557 52455f525220 
0000055d 2875696e7438 

                                                                      Page 27
                                                              C:\Users\nhuliyap\AppData\Local\Temp\gh_00006us1.s
00000563 29455f54504d 
00000569 535f4552524f 
0000056f 525f57535f4f 
00000575 5645525f5445 
0000057b 4d505f525200 
00000581 01             1114 	.byte	1
00000582 60             1115 	.byte	96
00000583 635a4f5f4552   1116 	.strz	"cZO_ERR_WS_BATTERY_LOW_XX cERROR_CODE_INACTIVE"
00000589 525f57535f42 
0000058f 415454455259 
00000595 5f4c4f575f58 
0000059b 582063455252 
000005a1 4f525f434f44 
000005a7 455f494e4143 
000005ad 5449564500 
000005b2 01             1117 	.byte	1
000005b3 61             1118 	.byte	97
000005b4 635a4f5f4552   1119 	.strz	"cZO_ERR_WS_DEFECT_XX (uint8)E_TPMS_ERROR_WS_DEFECT_UNKNOWN_POS"
000005ba 525f57535f44 
000005c0 45464543545f 
000005c6 585820287569 
000005cc 6e743829455f 
000005d2 54504d535f45 
000005d8 52524f525f57 
000005de 535f44454645 
000005e4 43545f554e4b 
000005ea 4e4f574e5f50 
000005f0 4f5300 
000005f3 01             1120 	.byte	1
000005f4 62             1121 	.byte	98
000005f5 635a4f5f4552   1122 	.strz	"cZO_ERR_WS_MISSING_XX (uint8)E_TPMS_ERROR_WS_MISSING_UNKNOWN_POS"
000005fb 525f57535f4d 
00000601 495353494e47 
00000607 5f5858202875 
0000060d 696e74382945 
00000613 5f54504d535f 
00000619 4552524f525f 
0000061f 57535f4d4953 
00000625 53494e475f55 
0000062b 4e4b4e4f574e 
00000631 5f504f5300 
00000636 01             1123 	.byte	1
00000637 6a             1124 	.byte	106
00000638 635a4f5f4552   1125 	.strz	"cZO_ERR_WS_OVERTEMPERATURE_XX cERROR_CODE_INACTIVE"
0000063e 525f57535f4f 
00000644 56455254454d 
0000064a 504552415455 
00000650 52455f585820 
00000656 634552524f52 
0000065c 5f434f44455f 
00000662 494e41435449 
00000668 564500 
0000066b 04             1126 	.byte	4
0000066c 03             1127 	.byte	3
0000066d 08             1128 	.byte	8
0000066e 0e             1129 	.byte	14
0000066f 01             1130 	.byte	1
00000670 0f             1131 	.byte	15
00000671 63416e7a5261   1132 	.strz	"cAnzRad ( (uint8) 4 )"
00000677 642028202875 
0000067d 696e74382920 

                                                                      Page 28
                                                              C:\Users\nhuliyap\AppData\Local\Temp\gh_00006us1.s
00000683 34202900 
00000687 04             1133 	.byte	4
00000688 03             1134 	.byte	3
00000689 09             1135 	.byte	9
0000068a 0f             1136 	.byte	15
0000068b 03             1137 	.byte	3
0000068c 08             1138 	.byte	8
0000068d 10             1139 	.byte	16
0000068e 03             1140 	.byte	3
0000068f 06             1141 	.byte	6
00000690 11             1142 	.byte	17
00000691 04             1143 	.byte	4
00000692 01             1144 	.byte	1
00000693 18             1145 	.byte	24
00000694 53454e534f52   1146 	.strz	"SENSOR_AUFLOESUNG_25MBAR "
0000069a 5f4155464c4f 
000006a0 4553554e475f 
000006a6 32354d424152 
000006ac 2000 
000006ae 04             1147 	.byte	4
000006af 04             1148 	.byte	4
000006b0 04             1149 	.byte	4
000006b1 00             1150 	.byte	0
                        1151 	.section	.debug_abbrev
000000e2 00             1152 	.byte	0
                        1153 	.section	.debug_info
                        1154 .Ldw_end:
                        1155 .rh850_flags REGMODE32,DATA_ALIGN8,GP_FIX,EP_NONFIX,TP_FIX,REG2_RESERVE,G3K,GHS_MISALIGN,SDA_EXTRA_REGS_0
