                                                                      Page 1
                                                              C:\Users\nhuliyap\AppData\Local\Temp\gh_00005qk1.s
Command Line: C:\ghs\comp_201517\ease850.exe -w -elf -b0 -I../source/common -I../source/ProjectCompiler -I../source/ProjectCfg -I../source/SwcApplTpms -I../source/SwcApplTpms/Intface -I../source/SwcApplEcuM -I../source/SwcServiceEcuM -I../source/SwcServiceNvM -I../source/SwcServiceOs -I../source/SwcServiceStartUp -I../source/McalAdc -I../source/McalDio -I../source/McalGpt -I../source/McalMcu -I../source/McalWdg -I../source/wrappers -I../source/wrappers/McalAta -I../source/McalLin -I../source/McalCan -I../source/wrappers/OS -I../source/McalFls -I../source/EcuabFee -I../source/EcuabMemIf -I../source/wrappers/VStdLib -I../source/wrappers/Crc -I../source/wrappers/FBL_APPL -I../source/wrappers/CAN_MANAGER -I../source/wrappers/NVM_MANAGER -I../source/wrappers/DEM_MANAGER -I../source/wrappers/RDC_MANAGER -I../source/wrappers/ENV_MANAGER -I../source/wrappers/SYS_MANAGER -I../source/wrappers/EcuabCanIf -I../source/wrappers/SwcServiceCanSM -I../source/wrappers/SwcServiceCanTp -I../source/wrappers/SwcServiceCanTp_PreCompile -I../source/wrappers/SwcServiceCom -I../source/wrappers/SwcServiceComM -I../source/wrappers/SwcServiceComStack -I../source/wrappers/SwcServiceDcm -I../source/wrappers/SwcServicePduR -I../source/wrappers/SwcServiceEcuM -I../source/wrappers/Bfx -I../source/wrappers/SwcServiceDem -I../source/SwcServiceDet -I../source/SwcServiceFiM -I../source/wrappers/LibAutosarDiag -I../source/wrappers/rba_BswSrv -I../source/SwcServiceSchM -I../source/wrappers/SwcServiceComM/Integration -I../source/wrappers/SwcServicePduR/Integration -I../source/wrappers/EcuabCanIf/Integration -I../source/wrappers/SwcServiceCom/Integration -I../source/wrappers/SwcServiceCanTp/Integration -I../source/wrappers/SwcServiceEcuM/Integration -I../source/SwcServiceDet/Integration -I../source/wrappers/SwcServiceDcm/Integration -I../source/wrappers/SwcServiceDem/Integration -I../source/SwcServiceFiM/Integration -I../source/wrappers/EcuabCanIf/api -I../source/wrappers/SwcServiceCom/api -I../source/wrappers/SwcServiceComM/api -I../source/wrappers/SwcServicePduR/api -I../source/wrappers/Bfx/api -I../source/SwcServiceDet/api -I../source/SwcServiceFiM/api -I../source/wrappers/LibAutosarDiag/api -I../source/wrappers/rba_BswSrv/api -IC:\ghs\comp_201517\lib\rh850 -cg_underscore -cpu=rh850g3k -no_v850_simd -rh850_fpsimd=none -nomacro -patch_dbo=C:\_ECU2\ECU_Rivian_A1\Target\repo_projects\pRealEcu\cL_R2023.09.01\make\output\objects\TmsManager.dbo -source=TmsManager.c -o output\objects\gh_00005qk1.o -list=output\list\TmsManager.lst C:\Users\nhuliyap\AppData\Local\Temp\gh_00005qk1.s 
Original File: C:\Users\nhuliyap\AppData\Local\Temp\gh_00005qk1.s
Source File: TmsManager.c
Directory: C:\_ECU2\ECU_Rivian_A1\Target\repo_projects\pRealEcu\cL_R2023.09.01\make
Host OS: Windows
EASE: Copyright (C) 1983-2015 Green Hills Software.  All Rights Reserved.
Release: Compiler v2015.1.7
Build Directory: [Directory] BTOWORKER6:c:/build_2015_1_bto/2015-10-21.2100-2015_1_bto/win32-comp-ecom
Revision: [VCInfo] http://toolsvc/branches/release-branch-70-bto/src@544153 (built by build)
Revision Date: Thu Oct 22 07:50:13 2015

Release Date: Thu Oct 22 09:32:32 2015

                           1 --Driver Command: ccv850 ../source/SwcApplTpms/TmsManager.c -cpu=rh850 -fhard
                           2 --		-ignore_callt_state_in_interrupts -large_sda -misalign_pack
                           3 --		-nofarcalls -nofloatio -no_callt -Ogeneral -Onounroll
                           4 --		-prepare_dispose -registermode=32 -reserve_r2 -sda=0
                           5 --		-shorten_loads -Wshadow --brief_diagnostics --no_commons
                           6 --		--no_wrap_diagnostics --prototype_errors --short_enum -list -G
                           7 --		-dual_debug -dwarf -X5523 -lnk=-no_xda_modifications -D
                           8 --		NOT_READY_FOR_TESTING_OR_DEPLOYMENT -D IBTCM_SW_ANPASSUNGEN -D
                           9 --		BUILD_LORDSTOWN -c -inline_prologue -I../source/common
                          10 --		-I../source/ProjectCompiler -I../source/ProjectCfg
                          11 --		-I../source/SwcApplTpms -I../source/SwcApplTpms/Intface
                          12 --		-I../source/SwcApplEcuM -I../source/SwcServiceEcuM
                          13 --		-I../source/SwcServiceNvM -I../source/SwcServiceOs
                          14 --		-I../source/SwcServiceStartUp -I../source/McalAdc
                          15 --		-I../source/McalDio -I../source/McalGpt -I../source/McalMcu
                          16 --		-I../source/McalWdg -I../source/wrappers
                          17 --		-I../source/wrappers/McalAta -I../source/McalLin
                          18 --		-I../source/McalCan -I../source/wrappers/OS -I../source/McalFls
                          19 --		-I../source/EcuabFee -I../source/EcuabMemIf
                          20 --		-I../source/wrappers/VStdLib -I../source/wrappers
                          21 --		-I../source/wrappers/Crc -I../source/wrappers/FBL_APPL
                          22 --		-I../source/wrappers/CAN_MANAGER -I../source/wrappers/NVM_MANAGER
                          23 --		-I../source/wrappers/DEM_MANAGER -I../source/wrappers/RDC_MANAGER
                          24 --		-I../source/wrappers/ENV_MANAGER -I../source/wrappers/SYS_MANAGER
                          25 --		-I../source/wrappers/EcuabCanIf
                          26 --		-I../source/wrappers/SwcServiceCanSM
                          27 --		-I../source/wrappers/SwcServiceCanTp
                          28 --		-I../source/wrappers/SwcServiceCanTp_PreCompile
                          29 --		-I../source/wrappers/SwcServiceCom
                          30 --		-I../source/wrappers/SwcServiceComM
                          31 --		-I../source/wrappers/SwcServiceComStack
                          32 --		-I../source/wrappers/SwcServiceDcm
                          33 --		-I../source/wrappers/SwcServicePduR
                          34 --		-I../source/wrappers/SwcServiceEcuM -I../source/wrappers/Bfx
                          35 --		-I../source/wrappers/SwcServiceDem -I../source/SwcServiceDet
                          36 --		-I../source/SwcServiceFiM -I../source/wrappers/LibAutosarDiag
                          37 --		-I../source/wrappers/rba_BswSrv -I../source/SwcServiceSchM
                          38 --		-I../source/wrappers/SwcServiceComM/Integration
                          39 --		-I../source/wrappers/SwcServicePduR/Integration
                          40 --		-I../source/wrappers/EcuabCanIf/Integration
                          41 --		-I../source/wrappers/SwcServiceCom/Integration
                          42 --		-I../source/wrappers/SwcServiceCanTp/Integration
                          43 --		-I../source/wrappers/SwcServiceEcuM/Integration
                          44 --		-I../source/SwcServiceDet/Integration
                          45 --		-I../source/wrappers/SwcServiceDcm/Integration
                          46 --		-I../source/wrappers/SwcServiceDem/Integration
                          47 --		-I../source/SwcServiceFiM/Integration
                          48 --		-I../source/wrappers/EcuabCanIf/api
                          49 --		-I../source/wrappers/SwcServiceCom/api
                          50 --		-I../source/wrappers/SwcServiceComM/api

                                                                      Page 2
                                                              C:\Users\nhuliyap\AppData\Local\Temp\gh_00005qk1.s
                          51 --		-I../source/wrappers/SwcServicePduR/api
                          52 --		-I../source/wrappers/Bfx/api -I../source/SwcServiceDet/api
                          53 --		-I../source/SwcServiceFiM/api
                          54 --		-I../source/wrappers/LibAutosarDiag/api
                          55 --		-I../source/wrappers/rba_BswSrv/api -object_dir=output/objects
                          56 --		-list_dir=output/list
                          57 --Source File:   ../source/SwcApplTpms/TmsManager.c
                          58 --Directory:     
                          59 --		C:\_ECU2\ECU_Rivian_A1\Target\repo_projects\pRealEcu\cL_R2023.09.01\make
                          60 --Compile Date:  Wed Sep 06 08:59:49 2023
                          61 --Host OS:       Win32
                          62 --Version:       C-RH850 2015.1.7 RELEASE VERSION
                          63 --Release:       Compiler v2015.1.7
                          64 --Revision Date: Thu Oct 22 08:06:12 2015
                          65 --Release Date:  Thu Oct 22 09:34:32 2015
                          66 -- ecom  -g -w -OM
                          67 	.text
                          68 ..bof.C.3A.5C_ECU2.5CECU_Rivian_A1.5CTarget.5Crepo_projects.5CpRealEcu.5CcL_R2023.2E09.2E01.5Cmake.5Coutput.5Cobjects.5CTmsManager...43.3A.5C_ECU2.5CECU_Rivian_A1.5CTarget.5Crepo_projects.5CpRealEcu.5CcL_R2023.2E09.2E01.5Cmake..64F82365..0::
                          69 	.align	2
                          70 ..gh.f.f.1.e.0:
                          71 	.type	..gh.f.f.1.e.0,@object
                          72 	.size	..gh.f.f.1.e.0,0
                          73 	.global	_Tms_Init
                          74 _Tms_Init:
                          75 --	    .bf
                          76 .LDW01:
00000000 405e0000*        77 	movhi	hi(_Tms__Status),zero,r11
00000004 4b070000*        78 	st.b	zero,lo(_Tms__Status)[r11]
                          79 --	    .ef
                          80 .LDW11:
                          81 --line9
                          82 ..lin.C.3A.5C_ECU2.5CECU_Rivian_A1.5CTarget.5Crepo_projects.5CpRealEcu.5CcL_R2023.2E09.2E01.5Cmake.5Coutput.5Cobjects.5CTmsManager.1::
                          83 .LDWlin1:
00000008 7f00             84 	jmp	[lp]
                          85 	.global	___ghs_eofn_Tms_Init
                          86 ___ghs_eofn_Tms_Init:
                          87 	.type	_Tms_Init,@function
                          88 	.size	_Tms_Init,.-_Tms_Init
                          89 	.align	2
                          90 
                          91 	.section ".bss","awb"
                          92 .L33:
                          93 	.type	.L33,@object
                          94 	.size	.L33,0
                          95 	.global	_Tms__Status..C.3A.5C_ECU2.5CECU_Rivian_A1.5CTarget.5Crepo_projects.5CpRealEcu.5CcL_R2023.2E09.2E01.5Cmake.5Coutput.5Cobjects.5CTmsManager.
                          96 _Tms__Status..C.3A.5C_ECU2.5CECU_Rivian_A1.5CTarget.5Crepo_projects.5CpRealEcu.5CcL_R2023.2E09.2E01.5Cmake.5Coutput.5Cobjects.5CTmsManager.:
00000000 00               97 _Tms__Status:	.space	1
                          98 	.type	_Tms__Status..C.3A.5C_ECU2.5CECU_Rivian_A1.5CTarget.5Crepo_projects.5CpRealEcu.5CcL_R2023.2E09.2E01.5Cmake.5Coutput.5Cobjects.5CTmsManager.,@object
                          99 	.size	_Tms__Status..C.3A.5C_ECU2.5CECU_Rivian_A1.5CTarget.5Crepo_projects.5CpRealEcu.5CcL_R2023.2E09.2E01.5Cmake.5Coutput.5Cobjects.5CTmsManager.,1
                         100 	.type	_Tms__Status,@object
                         101 	.size	_Tms__Status,1
                         102 	.data
                         103 	.text
                         104 	.align	2
                         105 	.align	2
                         106 ..gh.f.f.1.e.1:
                         107 	.type	..gh.f.f.1.e.1,@object
                         108 	.size	..gh.f.f.1.e.1,0
                         109 	.global	_Tms_GetTmsStatusPointer
                         110 _Tms_GetTmsStatusPointer:
                         111 --	    .bf

                                                                      Page 3
                                                              C:\Users\nhuliyap\AppData\Local\Temp\gh_00005qk1.s
                         112 .LDW21:
0000000a 2a0600000000*   113 	mov	_Tms__Status,r10
                         114 --	    .ef
                         115 .LDW31:
                         116 --line11
                         117 ..lin.C.3A.5C_ECU2.5CECU_Rivian_A1.5CTarget.5Crepo_projects.5CpRealEcu.5CcL_R2023.2E09.2E01.5Cmake.5Coutput.5Cobjects.5CTmsManager.2::
                         118 .LDWlin2:
00000010 7f00            119 	jmp	[lp]
                         120 	.global	___ghs_eofn_Tms_GetTmsStatusPointer
                         121 ___ghs_eofn_Tms_GetTmsStatusPointer:
                         122 	.type	_Tms_GetTmsStatusPointer,@function
                         123 	.size	_Tms_GetTmsStatusPointer,.-_Tms_GetTmsStatusPointer
                         124 	.align	2
                         125 
                         126 	.data
                         127 	.text
                         128 	.align	2
                         129 	.align	2
                         130 ..gh.f.f.1.e.2:
                         131 	.type	..gh.f.f.1.e.2,@object
                         132 	.size	..gh.f.f.1.e.2,0
                         133 	.global	_Tms_IsTmsFunctioning
                         134 _Tms_IsTmsFunctioning:
                         135 --	    .bf
                         136 .LDW41:
00000012 404e0000*       137 	movhi	hi(_Tms__Status),zero,r9
00000016 894f0100*       138 	ld.bu	lo(_Tms__Status)[r9],r9
0000001a c9560100        139 	andi	1,r9,r10
                         140 --	    .ef
                         141 .LDW51:
                         142 --line26
                         143 ..lin.C.3A.5C_ECU2.5CECU_Rivian_A1.5CTarget.5Crepo_projects.5CpRealEcu.5CcL_R2023.2E09.2E01.5Cmake.5Coutput.5Cobjects.5CTmsManager.3::
                         144 .LDWlin3:
0000001e 7f00            145 	jmp	[lp]
                         146 	.global	___ghs_eofn_Tms_IsTmsFunctioning
                         147 ___ghs_eofn_Tms_IsTmsFunctioning:
                         148 	.type	_Tms_IsTmsFunctioning,@function
                         149 	.size	_Tms_IsTmsFunctioning,.-_Tms_IsTmsFunctioning
                         150 	.align	2
                         151 --_BO_IsTmsFunctioning	r10	local
                         152 
                         153 	.data
                         154 	.text
                         155 	.align	2
                         156 	.align	2
                         157 ..gh.f.f.1.e.3:
                         158 	.type	..gh.f.f.1.e.3,@object
                         159 	.size	..gh.f.f.1.e.3,0
                         160 	.global	_Tms_IsAutolocationFinished
                         161 _Tms_IsAutolocationFinished:
                         162 --	    .bf
                         163 .LDW61:
00000020 404e0000*       164 	movhi	hi(_Tms__Status),zero,r9
00000024 894f0100*       165 	ld.bu	lo(_Tms__Status)[r9],r9
00000028 c9560200        166 	andi	2,r9,r10
0000002c 8152            167 	shr	1,r10
                         168 --	    .ef
                         169 .LDW71:
                         170 --line40
                         171 ..lin.C.3A.5C_ECU2.5CECU_Rivian_A1.5CTarget.5Crepo_projects.5CpRealEcu.5CcL_R2023.2E09.2E01.5Cmake.5Coutput.5Cobjects.5CTmsManager.4::
                         172 .LDWlin4:

                                                                      Page 4
                                                              C:\Users\nhuliyap\AppData\Local\Temp\gh_00005qk1.s
0000002e 7f00            173 	jmp	[lp]
                         174 	.global	___ghs_eofn_Tms_IsAutolocationFinished
                         175 ___ghs_eofn_Tms_IsAutolocationFinished:
                         176 	.type	_Tms_IsAutolocationFinished,@function
                         177 	.size	_Tms_IsAutolocationFinished,.-_Tms_IsAutolocationFinished
                         178 	.align	2
                         179 --_BO_IsAutolocationFinished	r10	local
                         180 
                         181 	.data
                         182 	.text
                         183 	.align	2
                         184 	.align	2
                         185 ..gh.f.f.1.e.4:
                         186 	.type	..gh.f.f.1.e.4,@object
                         187 	.size	..gh.f.f.1.e.4,0
                         188 	.global	_Tms_IsCyclicMessageEnabled
                         189 _Tms_IsCyclicMessageEnabled:
                         190 --	    .bf
                         191 .LDW81:
00000030 404e0000*       192 	movhi	hi(_Tms__Status),zero,r9
00000034 894f0100*       193 	ld.bu	lo(_Tms__Status)[r9],r9
00000038 c9560400        194 	andi	4,r9,r10
0000003c 8252            195 	shr	2,r10
                         196 --	    .ef
                         197 .LDW91:
                         198 --line54
                         199 ..lin.C.3A.5C_ECU2.5CECU_Rivian_A1.5CTarget.5Crepo_projects.5CpRealEcu.5CcL_R2023.2E09.2E01.5Cmake.5Coutput.5Cobjects.5CTmsManager.5::
                         200 .LDWlin5:
0000003e 7f00            201 	jmp	[lp]
                         202 	.global	___ghs_eofn_Tms_IsCyclicMessageEnabled
                         203 ___ghs_eofn_Tms_IsCyclicMessageEnabled:
                         204 	.type	_Tms_IsCyclicMessageEnabled,@function
                         205 	.size	_Tms_IsCyclicMessageEnabled,.-_Tms_IsCyclicMessageEnabled
                         206 	.align	2
                         207 --_BO_IsCyclicMessageEnabled	r10	local
                         208 
                         209 	.data
                         210 	.text
                         211 	.align	2
                         212 	.align	2
                         213 ..gh.f.f.1.e.5:
                         214 	.type	..gh.f.f.1.e.5,@object
                         215 	.size	..gh.f.f.1.e.5,0
                         216 	.global	_Tms_IsAutolearnFinished
                         217 _Tms_IsAutolearnFinished:
                         218 --	    .bf
                         219 .LDW02:
00000040 404e0000*       220 	movhi	hi(_Tms__Status),zero,r9
00000044 894f0100*       221 	ld.bu	lo(_Tms__Status)[r9],r9
00000048 c9560800        222 	andi	8,r9,r10
0000004c 8352            223 	shr	3,r10
                         224 --	    .ef
                         225 .LDW12:
                         226 --line68
                         227 ..lin.C.3A.5C_ECU2.5CECU_Rivian_A1.5CTarget.5Crepo_projects.5CpRealEcu.5CcL_R2023.2E09.2E01.5Cmake.5Coutput.5Cobjects.5CTmsManager.6::
                         228 .LDWlin6:
0000004e 7f00            229 	jmp	[lp]
                         230 	.global	___ghs_eofn_Tms_IsAutolearnFinished
                         231 ___ghs_eofn_Tms_IsAutolearnFinished:
                         232 	.type	_Tms_IsAutolearnFinished,@function
                         233 	.size	_Tms_IsAutolearnFinished,.-_Tms_IsAutolearnFinished

                                                                      Page 5
                                                              C:\Users\nhuliyap\AppData\Local\Temp\gh_00005qk1.s
                         234 	.align	2
                         235 --_BO_IsAutolearnFinished	r10	local
                         236 
                         237 	.data
                         238 	.text
                         239 	.align	2
                         240 	.align	2
                         241 ..gh.f.f.1.e.6:
                         242 	.type	..gh.f.f.1.e.6,@object
                         243 	.size	..gh.f.f.1.e.6,0
                         244 	.global	_Tms_IsDeveloperModeActive
                         245 _Tms_IsDeveloperModeActive:
                         246 --	    .bf
                         247 .LDW22:
00000050 404e0000*       248 	movhi	hi(_Tms__Status),zero,r9
00000054 894f0100*       249 	ld.bu	lo(_Tms__Status)[r9],r9
00000058 c9561000        250 	andi	16,r9,r10
0000005c 8452            251 	shr	4,r10
                         252 --	    .ef
                         253 .LDW32:
                         254 --line82
                         255 ..lin.C.3A.5C_ECU2.5CECU_Rivian_A1.5CTarget.5Crepo_projects.5CpRealEcu.5CcL_R2023.2E09.2E01.5Cmake.5Coutput.5Cobjects.5CTmsManager.7::
                         256 .LDWlin7:
0000005e 7f00            257 	jmp	[lp]
                         258 	.global	___ghs_eofn_Tms_IsDeveloperModeActive
                         259 ___ghs_eofn_Tms_IsDeveloperModeActive:
                         260 	.type	_Tms_IsDeveloperModeActive,@function
                         261 	.size	_Tms_IsDeveloperModeActive,.-_Tms_IsDeveloperModeActive
                         262 	.align	2
                         263 --_BO_IsDeveloperModeActive	r10	local
                         264 
                         265 	.data
                         266 	.text
                         267 	.align	2
                         268 --_Tms__Status	_Tms__Status	static
                         269 
                         270 	.data
                         271 	.ghsnote version,17
                         272 	.ghsnote tools,3
                         273 	.ghsnote options,144
                         274 	.text
                         275 	.align	2
                         276 ..eof.C.3A.5C_ECU2.5CECU_Rivian_A1.5CTarget.5Crepo_projects.5CpRealEcu.5CcL_R2023.2E09.2E01.5Cmake.5Coutput.5Cobjects.5CTmsManager...43.3A.5C_ECU2.5CECU_Rivian_A1.5CTarget.5Crepo_projects.5CpRealEcu.5CcL_R2023.2E09.2E01.5Cmake..64F82365..0::
                         277 	.section	.debug_info
                         278 .Ldw_begin:
00000000 cb030000        279 	.word	.Ldw_end-.Ldw_begin-4
00000004 0200            280 	.byte	2,0
00000006 00000000*       281 	.word	.Ldw_abbr_begin
0000000a 04              282 	.byte	4
                         283 	.section	.debug_abbrev
                         284 .Ldw_abbr_begin:
                         285 	.section	.debug_info
0000000b 01              286 	.byte	1
0000000c 00000000*       287 	.word	..bof.C.3A.5C_ECU2.5CECU_Rivian_A1.5CTarget.5Crepo_projects.5CpRealEcu.5CcL_R2023.2E09.2E01.5Cmake.5Coutput.5Cobjects.5CTmsManager...43.3A.5C_ECU2.5CECU_Rivian_A1.5CTarget.5Crepo_projects.5CpRealEcu.5CcL_R2023.2E09.2E01.5Cmake..64F82365..0
00000010 00000000*       288 	.word	..eof.C.3A.5C_ECU2.5CECU_Rivian_A1.5CTarget.5Crepo_projects.5CpRealEcu.5CcL_R2023.2E09.2E01.5Cmake.5Coutput.5Cobjects.5CTmsManager...43.3A.5C_ECU2.5CECU_Rivian_A1.5CTarget.5Crepo_projects.5CpRealEcu.5CcL_R2023.2E09.2E01.5Cmake..64F82365..0
00000014 2e2e2f736f75    289 	.strz	"../source/SwcApplTpms/TmsManager.c"
0000001a 7263652f5377 
00000020 634170706c54 
00000026 706d732f546d 
0000002c 734d616e6167 
00000032 65722e6300 

                                                                      Page 6
                                                              C:\Users\nhuliyap\AppData\Local\Temp\gh_00005qk1.s
00000037 433a5c5f4543    290 	.strz	"C:\\_ECU2\\ECU_Rivian_A1\\Target\\repo_projects\\pRealEcu\\cL_R2023.09.01\\make"
0000003d 55325c454355 
00000043 5f5269766961 
00000049 6e5f41315c54 
0000004f 61726765745c 
00000055 7265706f5f70 
0000005b 726f6a656374 
00000061 735c70526561 
00000067 6c4563755c63 
0000006d 4c5f52323032 
00000073 332e30392e30 
00000079 315c6d616b65 
0000007f 00 
00000080 474853204320    291 	.strz	"GHS C 2015.1.7 [dual]"
00000086 323031352e31 
0000008c 2e37205b6475 
00000092 616c5d00 
00000096 0100            292 	.byte	1,0
00000098 00000000*       293 	.word	.Ldw_line_begin
0000009c 00000000*       294 	.word	.Ldw_macinfo_begin
000000a0 00              295 	.byte	0
                         296 
                         297 	.section	.debug_abbrev
00000000 01              298 	.byte	1
00000001 11              299 	.byte	17
00000002 01              300 	.byte	1
00000003 1101            301 	.byte	17,1
00000005 1201            302 	.byte	18,1
00000007 0308            303 	.byte	3,8
00000009 1b08            304 	.byte	27,8
0000000b 2508            305 	.byte	37,8
0000000d 1305            306 	.byte	19,5
0000000f 1006            307 	.byte	16,6
00000011 4306            308 	.byte	67,6
00000013 420b            309 	.byte	66,11
00000015 0000            310 	.byte	0,0
                         311 
                         312 	.section	.debug_line
                         313 .Ldw_line_begin:
00000000 b7020000        314 	.word	.Ldw_line_end-.Ldw_line_begin-4
00000004 0200            315 	.byte	2,0
00000006 00000000*       316 	.word	.Ldw_lpro_end-.Ldw_lpro_begin
                         317 .Ldw_lpro_begin:
0000000a 01              318 	.byte	1
0000000b 00              319 	.byte	0
0000000c 00              320 	.byte	0
0000000d 04              321 	.byte	4
0000000e 0a              322 	.byte	10
0000000f 000101          323 	.byte	0,1,1
00000012 010100          324 	.byte	1,1,0
00000015 000001          325 	.byte	0,0,1
00000018 00              326 	.byte	0
00000019 2e2e2f736f75    327 	.strz	"../source/SwcApplTpms/TmsManager.c"
0000001f 7263652f5377 
00000025 634170706c54 
0000002b 706d732f546d 
00000031 734d616e6167 
00000037 65722e6300 
0000003c 000000          328 	.byte	0,0,0
0000003f 2e2e2f736f75    329 	.strz	"../source/SwcApplTpms/TmsManager.hpp"
00000045 7263652f5377 

                                                                      Page 7
                                                              C:\Users\nhuliyap\AppData\Local\Temp\gh_00005qk1.s
0000004b 634170706c54 
00000051 706d732f546d 
00000057 734d616e6167 
0000005d 65722e687070 
00000063 00 
00000064 000000          330 	.byte	0,0,0
00000067 2e2e2f736f75    331 	.strz	"../source/SwcApplTpms/TmsManagerX.hpp"
0000006d 7263652f5377 
00000073 634170706c54 
00000079 706d732f546d 
0000007f 734d616e6167 
00000085 6572582e6870 
0000008b 7000 
0000008d 000000          332 	.byte	0,0,0
00000090 2e2e2f736f75    333 	.strz	"../source/common/Std_Types.hpp"
00000096 7263652f636f 
0000009c 6d6d6f6e2f53 
000000a2 74645f547970 
000000a8 65732e687070 
000000ae 00 
000000af 000000          334 	.byte	0,0,0
000000b2 2e2e2f736f75    335 	.strz	"../source/common/Platform_Types.hpp"
000000b8 7263652f636f 
000000be 6d6d6f6e2f50 
000000c4 6c6174666f72 
000000ca 6d5f54797065 
000000d0 732e68707000 
000000d6 000000          336 	.byte	0,0,0
000000d9 2e2e2f736f75    337 	.strz	"../source/common/Compiler.hpp"
000000df 7263652f636f 
000000e5 6d6d6f6e2f43 
000000eb 6f6d70696c65 
000000f1 722e68707000 
000000f7 000000          338 	.byte	0,0,0
000000fa 2e2e2f736f75    339 	.strz	"../source/ProjectCompiler/Compiler_Cfg.hpp"
00000100 7263652f5072 
00000106 6f6a65637443 
0000010c 6f6d70696c65 
00000112 722f436f6d70 
00000118 696c65725f43 
0000011e 66672e687070 
00000124 00 
00000125 000000          340 	.byte	0,0,0
00000128 2e2e2f736f75    341 	.strz	"../source/ProjectCompiler/CompilerCfg_SwcServiceOs.hpp"
0000012e 7263652f5072 
00000134 6f6a65637443 
0000013a 6f6d70696c65 
00000140 722f436f6d70 
00000146 696c65724366 
0000014c 675f53776353 
00000152 657276696365 
00000158 4f732e687070 
0000015e 00 
0000015f 000000          342 	.byte	0,0,0
00000162 2e2e2f736f75    343 	.strz	"../source/SwcApplTpms/iTpms_Interface.hpp"
00000168 7263652f5377 
0000016e 634170706c54 
00000174 706d732f6954 
0000017a 706d735f496e 
00000180 746572666163 
00000186 652e68707000 

                                                                      Page 8
                                                              C:\Users\nhuliyap\AppData\Local\Temp\gh_00005qk1.s
0000018c 000000          344 	.byte	0,0,0
0000018f 2e2e2f736f75    345 	.strz	"../source/SwcApplTpms/Tpms_Rte_Data_Type.hpp"
00000195 7263652f5377 
0000019b 634170706c54 
000001a1 706d732f5470 
000001a7 6d735f527465 
000001ad 5f446174615f 
000001b3 547970652e68 
000001b9 707000 
000001bc 000000          346 	.byte	0,0,0
000001bf 2e2e2f736f75    347 	.strz	"../source/McalMcu/Types.hpp"
000001c5 7263652f4d63 
000001cb 616c4d63752f 
000001d1 54797065732e 
000001d7 68707000 
000001db 000000          348 	.byte	0,0,0
000001de 00              349 	.byte	0
                         350 .Ldw_lpro_end:
                         351 	.section	.debug_macinfo
                         352 .Ldw_macinfo_begin:
                         353 	.section	.debug_frame
                         354 .LDW_40dac48:
00000000 00000000*       355 	.word	.LDW_unq_2-.LDW_unq_1
                         356 .LDW_unq_1:
00000004 ffffffff        357 	.byte	255,255,255,255
00000008 01              358 	.byte	1
00000009 00              359 	.byte	0
0000000a 01              360 	.byte	1
0000000b 01              361 	.byte	1
0000000c 1f              362 	.byte	31
0000000d 0c              363 	.byte	12
0000000e 03              364 	.byte	3
0000000f 00              365 	.byte	0
00000010 07              366 	.byte	7
00000011 00              367 	.byte	0
00000012 07              368 	.byte	7
00000013 01              369 	.byte	1
00000014 07              370 	.byte	7
00000015 02              371 	.byte	2
00000016 07              372 	.byte	7
00000017 03              373 	.byte	3
00000018 07              374 	.byte	7
00000019 04              375 	.byte	4
0000001a 07              376 	.byte	7
0000001b 05              377 	.byte	5
0000001c 07              378 	.byte	7
0000001d 06              379 	.byte	6
0000001e 07              380 	.byte	7
0000001f 07              381 	.byte	7
00000020 07              382 	.byte	7
00000021 08              383 	.byte	8
00000022 07              384 	.byte	7
00000023 09              385 	.byte	9
00000024 07              386 	.byte	7
00000025 0a              387 	.byte	10
00000026 07              388 	.byte	7
00000027 0b              389 	.byte	11
00000028 07              390 	.byte	7
00000029 0c              391 	.byte	12
0000002a 07              392 	.byte	7
0000002b 0d              393 	.byte	13

                                                                      Page 9
                                                              C:\Users\nhuliyap\AppData\Local\Temp\gh_00005qk1.s
0000002c 07              394 	.byte	7
0000002d 0e              395 	.byte	14
0000002e 07              396 	.byte	7
0000002f 0f              397 	.byte	15
00000030 07              398 	.byte	7
00000031 10              399 	.byte	16
00000032 07              400 	.byte	7
00000033 11              401 	.byte	17
00000034 07              402 	.byte	7
00000035 12              403 	.byte	18
00000036 07              404 	.byte	7
00000037 13              405 	.byte	19
00000038 08              406 	.byte	8
00000039 14              407 	.byte	20
0000003a 08              408 	.byte	8
0000003b 15              409 	.byte	21
0000003c 08              410 	.byte	8
0000003d 16              411 	.byte	22
0000003e 08              412 	.byte	8
0000003f 17              413 	.byte	23
00000040 08              414 	.byte	8
00000041 18              415 	.byte	24
00000042 08              416 	.byte	8
00000043 19              417 	.byte	25
00000044 08              418 	.byte	8
00000045 1a              419 	.byte	26
00000046 08              420 	.byte	8
00000047 1b              421 	.byte	27
00000048 08              422 	.byte	8
00000049 1c              423 	.byte	28
0000004a 08              424 	.byte	8
0000004b 1d              425 	.byte	29
0000004c 07              426 	.byte	7
0000004d 1e              427 	.byte	30
0000004e 08              428 	.byte	8
0000004f 1f              429 	.byte	31
00000050 07              430 	.byte	7
00000051 20              431 	.byte	32
00000052 07              432 	.byte	7
00000053 21              433 	.byte	33
00000054 07              434 	.byte	7
00000055 22              435 	.byte	34
00000056 07              436 	.byte	7
00000057 23              437 	.byte	35
00000058 07              438 	.byte	7
00000059 24              439 	.byte	36
0000005a 07              440 	.byte	7
0000005b 25              441 	.byte	37
0000005c 07              442 	.byte	7
0000005d 26              443 	.byte	38
0000005e 07              444 	.byte	7
0000005f 27              445 	.byte	39
00000060 07              446 	.byte	7
00000061 28              447 	.byte	40
00000062 07              448 	.byte	7
00000063 29              449 	.byte	41
00000064 07              450 	.byte	7
00000065 2a              451 	.byte	42
00000066 07              452 	.byte	7
00000067 2b              453 	.byte	43
00000068 07              454 	.byte	7

                                                                      Page 10
                                                              C:\Users\nhuliyap\AppData\Local\Temp\gh_00005qk1.s
00000069 2c              455 	.byte	44
0000006a 07              456 	.byte	7
0000006b 2d              457 	.byte	45
0000006c 07              458 	.byte	7
0000006d 2e              459 	.byte	46
0000006e 07              460 	.byte	7
0000006f 2f              461 	.byte	47
00000070 07              462 	.byte	7
00000071 30              463 	.byte	48
00000072 07              464 	.byte	7
00000073 31              465 	.byte	49
00000074 07              466 	.byte	7
00000075 32              467 	.byte	50
00000076 07              468 	.byte	7
00000077 33              469 	.byte	51
00000078 07              470 	.byte	7
00000079 34              471 	.byte	52
0000007a 07              472 	.byte	7
0000007b 35              473 	.byte	53
0000007c 07              474 	.byte	7
0000007d 36              475 	.byte	54
0000007e 07              476 	.byte	7
0000007f 37              477 	.byte	55
00000080 07              478 	.byte	7
00000081 38              479 	.byte	56
00000082 07              480 	.byte	7
00000083 39              481 	.byte	57
00000084 07              482 	.byte	7
00000085 3a              483 	.byte	58
00000086 07              484 	.byte	7
00000087 3b              485 	.byte	59
00000088 07              486 	.byte	7
00000089 3c              487 	.byte	60
0000008a 07              488 	.byte	7
0000008b 3d              489 	.byte	61
0000008c 07              490 	.byte	7
0000008d 3e              491 	.byte	62
0000008e 07              492 	.byte	7
0000008f 3f              493 	.byte	63
                         494 .LDW_unq_2:
                         495 	.section	.debug_info
                         496 .LDW_4096e48:
000000a1 45              497 	.byte	69
000000a2 01              498 	.byte	1
                         499 
                         500 	.section	.debug_abbrev
00000017 45              501 	.byte	69
00000018 15              502 	.byte	21
00000019 01              503 	.byte	1
0000001a 270c            504 	.byte	39,12
0000001c 0000            505 	.byte	0,0
                         506 
                         507 	.section	.debug_info
000000a3 00              508 	.byte	0
                         509 
                         510 .LDW_4096f98:
000000a4 2f              511 	.byte	47
000000a5 00000000*       512 	.word	.LDW_40d9fc8
                         513 
                         514 	.section	.debug_abbrev
0000001e 2f              515 	.byte	47

                                                                      Page 11
                                                              C:\Users\nhuliyap\AppData\Local\Temp\gh_00005qk1.s
0000001f 0f              516 	.byte	15
00000020 00              517 	.byte	0
00000021 4910            518 	.byte	73,16
00000023 0000            519 	.byte	0,0
                         520 
                         521 	.section	.debug_info
                         522 .LDW_40970b0:
000000a9 44              523 	.byte	68
000000aa 00000000*       524 	.word	.LDW_4096f98
000000ae 01              525 	.byte	1
                         526 
                         527 	.section	.debug_abbrev
00000025 44              528 	.byte	68
00000026 15              529 	.byte	21
00000027 01              530 	.byte	1
00000028 4910            531 	.byte	73,16
0000002a 270c            532 	.byte	39,12
0000002c 0000            533 	.byte	0,0
                         534 
                         535 	.section	.debug_info
000000af 00              536 	.byte	0
                         537 
                         538 .LDW_40970e8:
000000b0 25              539 	.byte	37
000000b1 756e7369676e    540 	.strz	"unsigned char"
000000b7 656420636861 
000000bd 7200 
000000bf 08              541 	.byte	8
000000c0 01              542 	.byte	1
                         543 
                         544 	.section	.debug_abbrev
0000002e 25              545 	.byte	37
0000002f 24              546 	.byte	36
00000030 00              547 	.byte	0
00000031 0308            548 	.byte	3,8
00000033 3e0b            549 	.byte	62,11
00000035 0b0b            550 	.byte	11,11
00000037 0000            551 	.byte	0,0
                         552 
                         553 	.section	.debug_info
                         554 .LDW_4096dd8:
000000c1 44              555 	.byte	68
000000c2 00000000*       556 	.word	.LDW_40da0b8
000000c6 01              557 	.byte	1
                         558 
000000c7 00              559 	.byte	0
                         560 
                         561 .LDW_4097158:
000000c8 44              562 	.byte	68
000000c9 00000000*       563 	.word	.LDW_40da0b8
000000cd 01              564 	.byte	1
                         565 
000000ce 00              566 	.byte	0
                         567 
                         568 .LDW_4097190:
000000cf 44              569 	.byte	68
000000d0 00000000*       570 	.word	.LDW_40da0b8
000000d4 01              571 	.byte	1
                         572 
000000d5 00              573 	.byte	0
                         574 

                                                                      Page 12
                                                              C:\Users\nhuliyap\AppData\Local\Temp\gh_00005qk1.s
                         575 .LDW_4096eb8:
000000d6 44              576 	.byte	68
000000d7 00000000*       577 	.word	.LDW_40da0b8
000000db 01              578 	.byte	1
                         579 
000000dc 00              580 	.byte	0
                         581 
                         582 .LDW_4097238:
000000dd 44              583 	.byte	68
000000de 00000000*       584 	.word	.LDW_40da0b8
000000e2 01              585 	.byte	1
                         586 
000000e3 00              587 	.byte	0
                         588 
                         589 .LDW_4096fd0:
000000e4 25              590 	.byte	37
000000e5 756e7369676e    591 	.strz	"unsigned int"
000000eb 656420696e74 
000000f1 00 
000000f2 07              592 	.byte	7
000000f3 04              593 	.byte	4
                         594 
                         595 .LDW_4c006a0:
000000f4 25              596 	.byte	37
000000f5 696e7400        597 	.strz	"int"
000000f9 05              598 	.byte	5
000000fa 04              599 	.byte	4
                         600 
                         601 .LDW_40da0b8:
000000fb 28              602 	.byte	40
000000fc 626f6f6c6561    603 	.strz	"boolean"
00000102 6e00 
00000104 4e              604 	.byte	78
00000105 49              605 	.byte	73
00000106 05              606 	.byte	5
00000107 00000000*       607 	.word	.LDW_40970e8
                         608 
                         609 	.section	.debug_abbrev
00000039 28              610 	.byte	40
0000003a 16              611 	.byte	22
0000003b 00              612 	.byte	0
0000003c 0308            613 	.byte	3,8
0000003e 3b0f            614 	.byte	59,15
00000040 390f            615 	.byte	57,15
00000042 3a0f            616 	.byte	58,15
00000044 4910            617 	.byte	73,16
00000046 0000            618 	.byte	0,0
                         619 
                         620 	.section	.debug_info
                         621 .LDW_4c26900:
0000010b 28              622 	.byte	40
0000010c 75696e743800    623 	.strz	"uint8"
00000112 50              624 	.byte	80
00000113 4b              625 	.byte	75
00000114 05              626 	.byte	5
00000115 00000000*       627 	.word	.LDW_40970e8
                         628 
                         629 .LDW_40d9f70:
00000119 41              630 	.byte	65
0000011a a201            631 	.byte	162,1
0000011c 0f              632 	.byte	15

                                                                      Page 13
                                                              C:\Users\nhuliyap\AppData\Local\Temp\gh_00005qk1.s
0000011d 09              633 	.byte	9
0000011e 01              634 	.byte	1
0000011f 01              635 	.byte	1
                         636 
                         637 	.section	.debug_abbrev
00000048 41              638 	.byte	65
00000049 13              639 	.byte	19
0000004a 01              640 	.byte	1
0000004b 3b0f            641 	.byte	59,15
0000004d 390f            642 	.byte	57,15
0000004f 3a0f            643 	.byte	58,15
00000051 0b0f            644 	.byte	11,15
00000053 320b            645 	.byte	50,11
00000055 0000            646 	.byte	0,0
                         647 
                         648 	.section	.debug_info
                         649 .LDW_4c6ed78:
00000120 23              650 	.byte	35
00000121 756353746174    651 	.strz	"ucStatus"
00000127 757300 
0000012a a301            652 	.byte	163,1
0000012c 09              653 	.byte	9
0000012d 09              654 	.byte	9
0000012e 00000000*       655 	.word	.LDW_4c26900
00000132 0223            656 	.byte	2,35
00000134 00              657 	.byte	0
00000135 01              658 	.byte	1
                         659 
                         660 	.section	.debug_abbrev
00000057 23              661 	.byte	35
00000058 0d              662 	.byte	13
00000059 00              663 	.byte	0
0000005a 0308            664 	.byte	3,8
0000005c 3b0f            665 	.byte	59,15
0000005e 390f            666 	.byte	57,15
00000060 3a0f            667 	.byte	58,15
00000062 4910            668 	.byte	73,16
00000064 380a            669 	.byte	56,10
00000066 320b            670 	.byte	50,11
00000068 0000            671 	.byte	0,0
                         672 
                         673 	.section	.debug_info
00000136 00              674 	.byte	0
                         675 
                         676 .LDW_40d9fc8:
00000137 28              677 	.byte	40
00000138 747354504d53    678 	.strz	"tsTPMS_Data"
0000013e 5f4461746100 
00000144 a401            679 	.byte	164,1
00000146 02              680 	.byte	2
00000147 09              681 	.byte	9
00000148 00000000*       682 	.word	.LDW_40d9f70
                         683 
                         684 .LDW_4c6b810:
0000014c 04              685 	.byte	4
0000014d 546d735f5f53    686 	.strz	"Tms__Status"
00000153 746174757300 
00000159 05              687 	.byte	5
0000015a 14              688 	.byte	20
0000015b 01              689 	.byte	1
0000015c 00000000*       690 	.word	.LDW_40d9fc8

                                                                      Page 14
                                                              C:\Users\nhuliyap\AppData\Local\Temp\gh_00005qk1.s
00000160 00              691 	.byte	0
00000161 00              692 	.byte	0
00000162 0503            693 	.byte	5,3
00000164 00000000*       694 	.word	_Tms__Status..C.3A.5C_ECU2.5CECU_Rivian_A1.5CTarget.5Crepo_projects.5CpRealEcu.5CcL_R2023.2E09.2E01.5Cmake.5Coutput.5Cobjects.5CTmsManager.
                         695 
                         696 	.section	.debug_abbrev
0000006a 04              697 	.byte	4
0000006b 34              698 	.byte	52
0000006c 00              699 	.byte	0
0000006d 0308            700 	.byte	3,8
0000006f 3b0f            701 	.byte	59,15
00000071 390f            702 	.byte	57,15
00000073 3a0f            703 	.byte	58,15
00000075 4910            704 	.byte	73,16
00000077 3f0c            705 	.byte	63,12
00000079 3c0c            706 	.byte	60,12
0000007b 020a            707 	.byte	2,10
0000007d 0000            708 	.byte	0,0
                         709 
                         710 	.section	.debug_info
                         711 .LDW_40d9ed8:
00000168 13              712 	.byte	19
00000169 546d735f496e    713 	.strz	"Tms_Init"
0000016f 697400 
00000172 07              714 	.byte	7
00000173 0d              715 	.byte	13
00000174 01              716 	.byte	1
00000175 00000000*       717 	.word	_Tms_Init
00000179 00000000*       718 	.word	___ghs_eofn_Tms_Init
0000017d 0153            719 	.byte	1,83
0000017f 02              720 	.byte	2
00000180 00              721 	.byte	0
00000181 02              722 	.byte	2
00000182 00              723 	.byte	0
00000183 00              724 	.byte	0
00000184 00              725 	.byte	0
00000185 00              726 	.byte	0
00000186 01              727 	.byte	1
00000187 01              728 	.byte	1
00000188 00              729 	.byte	0
00000189 01              730 	.byte	1
                         731 
                         732 	.section	.debug_abbrev
0000007f 13              733 	.byte	19
00000080 2e              734 	.byte	46
00000081 01              735 	.byte	1
00000082 0308            736 	.byte	3,8
00000084 3b0f            737 	.byte	59,15
00000086 390f            738 	.byte	57,15
00000088 3a0f            739 	.byte	58,15
0000008a 1101            740 	.byte	17,1
0000008c 1201            741 	.byte	18,1
0000008e 400a            742 	.byte	64,10
00000090 8341            743 	.byte	131,65
00000092 0f              744 	.byte	15
00000093 8741            745 	.byte	135,65
00000095 0d              746 	.byte	13
00000096 8541            747 	.byte	133,65
00000098 0f              748 	.byte	15
00000099 8641            749 	.byte	134,65
0000009b 0d              750 	.byte	13

                                                                      Page 15
                                                              C:\Users\nhuliyap\AppData\Local\Temp\gh_00005qk1.s
0000009c 9241            751 	.byte	146,65
0000009e 0f              752 	.byte	15
0000009f 3c0c            753 	.byte	60,12
000000a1 200b            754 	.byte	32,11
000000a3 3f0c            755 	.byte	63,12
000000a5 320b            756 	.byte	50,11
000000a7 4c0b            757 	.byte	76,11
000000a9 270c            758 	.byte	39,12
000000ab 0000            759 	.byte	0,0
                         760 
                         761 	.section	.debug_frame
                         762 .LDW_4c6d958:
00000090 00000000*       763 	.word	.LDW_unq_4-.LDW_unq_3
                         764 .LDW_unq_3:
00000094 00000000*       765 	.word	.LDW_40dac48
00000098 00000000*       766 	.word	_Tms_Init
0000009c 00000000*       767 	.word	___ghs_eofn_Tms_Init-_Tms_Init
000000a0 01              768 	.byte	1
000000a1 00000000*       769 	.word	.LDW11
000000a5 00              770 	.byte	0
000000a6 00              771 	.byte	0
000000a7 00              772 	.byte	0
                         773 .LDW_unq_4:
                         774 	.section	.debug_line
000001df 000502          775 	.byte	0,5,2
000001e2 00000000*       776 	.word	_Tms_Init
000001e6 06              777 	.byte	6
000001e7 03              778 	.byte	3
000001e8 07              779 	.byte	7
000001e9 02              780 	.byte	2
000001ea 00              781 	.byte	0
000001eb 01              782 	.byte	1
000001ec 000502          783 	.byte	0,5,2
000001ef 00000000*       784 	.word	.LDWlin1
000001f3 0b              785 	.byte	11
000001f4 02              786 	.byte	2
000001f5 02              787 	.byte	2
000001f6 000101          788 	.byte	0,1,1
                         789 	.section	.debug_info
                         790 .LDW_40da4b8:
0000018a 1d              791 	.byte	29
0000018b 00000000*       792 	.word	.LDW01
0000018f 00000000*       793 	.word	.LDW11
                         794 
                         795 	.section	.debug_abbrev
000000ad 1d              796 	.byte	29
000000ae 0b              797 	.byte	11
000000af 01              798 	.byte	1
000000b0 1101            799 	.byte	17,1
000000b2 1201            800 	.byte	18,1
000000b4 0000            801 	.byte	0,0
                         802 
                         803 	.section	.debug_info
00000193 00              804 	.byte	0
                         805 
00000194 00              806 	.byte	0
                         807 
                         808 .LDW_40da020:
00000195 14              809 	.byte	20
00000196 546d735f4765    810 	.strz	"Tms_GetTmsStatusPointer"
0000019c 74546d735374 

                                                                      Page 16
                                                              C:\Users\nhuliyap\AppData\Local\Temp\gh_00005qk1.s
000001a2 61747573506f 
000001a8 696e74657200 
000001ae 0b              811 	.byte	11
000001af 15              812 	.byte	21
000001b0 01              813 	.byte	1
000001b1 00000000*       814 	.word	.LDW_4096f98
000001b5 00000000*       815 	.word	_Tms_GetTmsStatusPointer
000001b9 00000000*       816 	.word	___ghs_eofn_Tms_GetTmsStatusPointer
000001bd 0153            817 	.byte	1,83
000001bf 02              818 	.byte	2
000001c0 00              819 	.byte	0
000001c1 02              820 	.byte	2
000001c2 00              821 	.byte	0
000001c3 00              822 	.byte	0
000001c4 00              823 	.byte	0
000001c5 00              824 	.byte	0
000001c6 01              825 	.byte	1
000001c7 01              826 	.byte	1
000001c8 00              827 	.byte	0
000001c9 01              828 	.byte	1
                         829 
                         830 	.section	.debug_abbrev
000000b6 14              831 	.byte	20
000000b7 2e              832 	.byte	46
000000b8 01              833 	.byte	1
000000b9 0308            834 	.byte	3,8
000000bb 3b0f            835 	.byte	59,15
000000bd 390f            836 	.byte	57,15
000000bf 3a0f            837 	.byte	58,15
000000c1 4910            838 	.byte	73,16
000000c3 1101            839 	.byte	17,1
000000c5 1201            840 	.byte	18,1
000000c7 400a            841 	.byte	64,10
000000c9 8341            842 	.byte	131,65
000000cb 0f              843 	.byte	15
000000cc 8741            844 	.byte	135,65
000000ce 0d              845 	.byte	13
000000cf 8541            846 	.byte	133,65
000000d1 0f              847 	.byte	15
000000d2 8641            848 	.byte	134,65
000000d4 0d              849 	.byte	13
000000d5 9241            850 	.byte	146,65
000000d7 0f              851 	.byte	15
000000d8 3c0c            852 	.byte	60,12
000000da 200b            853 	.byte	32,11
000000dc 3f0c            854 	.byte	63,12
000000de 320b            855 	.byte	50,11
000000e0 4c0b            856 	.byte	76,11
000000e2 270c            857 	.byte	39,12
000000e4 0000            858 	.byte	0,0
                         859 
                         860 	.section	.debug_frame
                         861 .LDW_4c6da98:
000000a8 00000000*       862 	.word	.LDW_unq_6-.LDW_unq_5
                         863 .LDW_unq_5:
000000ac 00000000*       864 	.word	.LDW_40dac48
000000b0 00000000*       865 	.word	_Tms_GetTmsStatusPointer
000000b4 00000000*       866 	.word	___ghs_eofn_Tms_GetTmsStatusPointer-_Tms_GetTmsStatusPointer
000000b8 01              867 	.byte	1
000000b9 00000000*       868 	.word	.LDW31
000000bd 00              869 	.byte	0

                                                                      Page 17
                                                              C:\Users\nhuliyap\AppData\Local\Temp\gh_00005qk1.s
000000be 00              870 	.byte	0
000000bf 00              871 	.byte	0
                         872 .LDW_unq_6:
                         873 	.section	.debug_line
000001f9 000502          874 	.byte	0,5,2
000001fc 00000000*       875 	.word	_Tms_GetTmsStatusPointer
00000200 06              876 	.byte	6
00000201 03              877 	.byte	3
00000202 0b              878 	.byte	11
00000203 02              879 	.byte	2
00000204 00              880 	.byte	0
00000205 01              881 	.byte	1
00000206 06              882 	.byte	6
00000207 000502          883 	.byte	0,5,2
0000020a 00000000*       884 	.word	.LDWlin2
0000020e 02              885 	.byte	2
0000020f 00              886 	.byte	0
00000210 02              887 	.byte	2
00000211 02              888 	.byte	2
00000212 000101          889 	.byte	0,1,1
                         890 	.section	.debug_info
                         891 .LDW_40da458:
000001ca 1d              892 	.byte	29
000001cb 00000000*       893 	.word	.LDW21
000001cf 00000000*       894 	.word	.LDW31
                         895 
000001d3 00              896 	.byte	0
                         897 
000001d4 00              898 	.byte	0
                         899 
                         900 .LDW_40da110:
000001d5 14              901 	.byte	20
000001d6 546d735f4973    902 	.strz	"Tms_IsTmsFunctioning"
000001dc 546d7346756e 
000001e2 6374696f6e69 
000001e8 6e6700 
000001eb 0f              903 	.byte	15
000001ec 10              904 	.byte	16
000001ed 01              905 	.byte	1
000001ee 00000000*       906 	.word	.LDW_40da0b8
000001f2 00000000*       907 	.word	_Tms_IsTmsFunctioning
000001f6 00000000*       908 	.word	___ghs_eofn_Tms_IsTmsFunctioning
000001fa 0153            909 	.byte	1,83
000001fc 02              910 	.byte	2
000001fd 00              911 	.byte	0
000001fe 02              912 	.byte	2
000001ff 00              913 	.byte	0
00000200 00              914 	.byte	0
00000201 00              915 	.byte	0
00000202 00              916 	.byte	0
00000203 01              917 	.byte	1
00000204 01              918 	.byte	1
00000205 00              919 	.byte	0
00000206 01              920 	.byte	1
                         921 
                         922 	.section	.debug_frame
                         923 .LDW_4c6db18:
000000c0 00000000*       924 	.word	.LDW_unq_8-.LDW_unq_7
                         925 .LDW_unq_7:
000000c4 00000000*       926 	.word	.LDW_40dac48
000000c8 00000000*       927 	.word	_Tms_IsTmsFunctioning

                                                                      Page 18
                                                              C:\Users\nhuliyap\AppData\Local\Temp\gh_00005qk1.s
000000cc 00000000*       928 	.word	___ghs_eofn_Tms_IsTmsFunctioning-_Tms_IsTmsFunctioning
000000d0 01              929 	.byte	1
000000d1 00000000*       930 	.word	.LDW51
000000d5 00              931 	.byte	0
000000d6 00              932 	.byte	0
000000d7 00              933 	.byte	0
                         934 .LDW_unq_8:
                         935 	.section	.debug_line
00000215 000502          936 	.byte	0,5,2
00000218 00000000*       937 	.word	_Tms_IsTmsFunctioning
0000021c 06              938 	.byte	6
0000021d 03              939 	.byte	3
0000021e 11              940 	.byte	17
0000021f 02              941 	.byte	2
00000220 00              942 	.byte	0
00000221 01              943 	.byte	1
00000222 000502          944 	.byte	0,5,2
00000225 00000000*       945 	.word	.LDWlin3
00000229 03              946 	.byte	3
0000022a 06              947 	.byte	6
0000022b 02              948 	.byte	2
0000022c 00              949 	.byte	0
0000022d 01              950 	.byte	1
0000022e 02              951 	.byte	2
0000022f 00              952 	.byte	0
00000230 0c              953 	.byte	12
00000231 02              954 	.byte	2
00000232 02              955 	.byte	2
00000233 000101          956 	.byte	0,1,1
                         957 	.section	.debug_info
                         958 .LDW_40da4e8:
00000207 1d              959 	.byte	29
00000208 00000000*       960 	.word	.LDW41
0000020c 00000000*       961 	.word	.LDW51
                         962 
                         963 .LDW_40da1a8:
00000210 04              964 	.byte	4
00000211 424f5f497354    965 	.strz	"BO_IsTmsFunctioning"
00000217 6d7346756e63 
0000021d 74696f6e696e 
00000223 6700 
00000225 10              966 	.byte	16
00000226 0b              967 	.byte	11
00000227 01              968 	.byte	1
00000228 00000000*       969 	.word	.LDW_40da0b8
0000022c 00              970 	.byte	0
0000022d 00              971 	.byte	0
0000022e 015a            972 	.byte	1,90
                         973 
00000230 00              974 	.byte	0
                         975 
00000231 00              976 	.byte	0
                         977 
                         978 .LDW_40da200:
00000232 14              979 	.byte	20
00000233 546d735f4973    980 	.strz	"Tms_IsAutolocationFinished"
00000239 4175746f6c6f 
0000023f 636174696f6e 
00000245 46696e697368 
0000024b 656400 
0000024e 1d              981 	.byte	29

                                                                      Page 19
                                                              C:\Users\nhuliyap\AppData\Local\Temp\gh_00005qk1.s
0000024f 10              982 	.byte	16
00000250 01              983 	.byte	1
00000251 00000000*       984 	.word	.LDW_40da0b8
00000255 00000000*       985 	.word	_Tms_IsAutolocationFinished
00000259 00000000*       986 	.word	___ghs_eofn_Tms_IsAutolocationFinished
0000025d 0153            987 	.byte	1,83
0000025f 02              988 	.byte	2
00000260 00              989 	.byte	0
00000261 02              990 	.byte	2
00000262 00              991 	.byte	0
00000263 00              992 	.byte	0
00000264 00              993 	.byte	0
00000265 00              994 	.byte	0
00000266 01              995 	.byte	1
00000267 01              996 	.byte	1
00000268 00              997 	.byte	0
00000269 01              998 	.byte	1
                         999 
                        1000 	.section	.debug_frame
                        1001 .LDW_4c6db98:
000000d8 00000000*      1002 	.word	.LDW_unq_a-.LDW_unq_9
                        1003 .LDW_unq_9:
000000dc 00000000*      1004 	.word	.LDW_40dac48
000000e0 00000000*      1005 	.word	_Tms_IsAutolocationFinished
000000e4 00000000*      1006 	.word	___ghs_eofn_Tms_IsAutolocationFinished-_Tms_IsAutolocationFinished
000000e8 01             1007 	.byte	1
000000e9 00000000*      1008 	.word	.LDW71
000000ed 00             1009 	.byte	0
000000ee 00             1010 	.byte	0
000000ef 00             1011 	.byte	0
                        1012 .LDW_unq_a:
                        1013 	.section	.debug_line
00000236 000502         1014 	.byte	0,5,2
00000239 00000000*      1015 	.word	_Tms_IsAutolocationFinished
0000023d 06             1016 	.byte	6
0000023e 03             1017 	.byte	3
0000023f 1f             1018 	.byte	31
00000240 02             1019 	.byte	2
00000241 00             1020 	.byte	0
00000242 01             1021 	.byte	1
00000243 000502         1022 	.byte	0,5,2
00000246 00000000*      1023 	.word	.LDWlin4
0000024a 03             1024 	.byte	3
0000024b 06             1025 	.byte	6
0000024c 02             1026 	.byte	2
0000024d 00             1027 	.byte	0
0000024e 01             1028 	.byte	1
0000024f 02             1029 	.byte	2
00000250 00             1030 	.byte	0
00000251 0c             1031 	.byte	12
00000252 02             1032 	.byte	2
00000253 02             1033 	.byte	2
00000254 000101         1034 	.byte	0,1,1
                        1035 	.section	.debug_info
                        1036 .LDW_40da848:
0000026a 1d             1037 	.byte	29
0000026b 00000000*      1038 	.word	.LDW61
0000026f 00000000*      1039 	.word	.LDW71
                        1040 
                        1041 .LDW_40da298:
00000273 04             1042 	.byte	4

                                                                      Page 20
                                                              C:\Users\nhuliyap\AppData\Local\Temp\gh_00005qk1.s
00000274 424f5f497341   1043 	.strz	"BO_IsAutolocationFinished"
0000027a 75746f6c6f63 
00000280 6174696f6e46 
00000286 696e69736865 
0000028c 6400 
0000028e 1e             1044 	.byte	30
0000028f 0b             1045 	.byte	11
00000290 01             1046 	.byte	1
00000291 00000000*      1047 	.word	.LDW_40da0b8
00000295 00             1048 	.byte	0
00000296 00             1049 	.byte	0
00000297 015a           1050 	.byte	1,90
                        1051 
00000299 00             1052 	.byte	0
                        1053 
0000029a 00             1054 	.byte	0
                        1055 
                        1056 .LDW_40da2f0:
0000029b 14             1057 	.byte	20
0000029c 546d735f4973   1058 	.strz	"Tms_IsCyclicMessageEnabled"
000002a2 4379636c6963 
000002a8 4d6573736167 
000002ae 65456e61626c 
000002b4 656400 
000002b7 2b             1059 	.byte	43
000002b8 10             1060 	.byte	16
000002b9 01             1061 	.byte	1
000002ba 00000000*      1062 	.word	.LDW_40da0b8
000002be 00000000*      1063 	.word	_Tms_IsCyclicMessageEnabled
000002c2 00000000*      1064 	.word	___ghs_eofn_Tms_IsCyclicMessageEnabled
000002c6 0153           1065 	.byte	1,83
000002c8 02             1066 	.byte	2
000002c9 00             1067 	.byte	0
000002ca 02             1068 	.byte	2
000002cb 00             1069 	.byte	0
000002cc 00             1070 	.byte	0
000002cd 00             1071 	.byte	0
000002ce 00             1072 	.byte	0
000002cf 01             1073 	.byte	1
000002d0 01             1074 	.byte	1
000002d1 00             1075 	.byte	0
000002d2 01             1076 	.byte	1
                        1077 
                        1078 	.section	.debug_frame
                        1079 .LDW_4c6cf98:
000000f0 00000000*      1080 	.word	.LDW_unq_c-.LDW_unq_b
                        1081 .LDW_unq_b:
000000f4 00000000*      1082 	.word	.LDW_40dac48
000000f8 00000000*      1083 	.word	_Tms_IsCyclicMessageEnabled
000000fc 00000000*      1084 	.word	___ghs_eofn_Tms_IsCyclicMessageEnabled-_Tms_IsCyclicMessageEnabled
00000100 01             1085 	.byte	1
00000101 00000000*      1086 	.word	.LDW91
00000105 00             1087 	.byte	0
00000106 00             1088 	.byte	0
00000107 00             1089 	.byte	0
                        1090 .LDW_unq_c:
                        1091 	.section	.debug_line
00000257 000502         1092 	.byte	0,5,2
0000025a 00000000*      1093 	.word	_Tms_IsCyclicMessageEnabled
0000025e 06             1094 	.byte	6
0000025f 03             1095 	.byte	3

                                                                      Page 21
                                                              C:\Users\nhuliyap\AppData\Local\Temp\gh_00005qk1.s
00000260 2d             1096 	.byte	45
00000261 02             1097 	.byte	2
00000262 00             1098 	.byte	0
00000263 01             1099 	.byte	1
00000264 000502         1100 	.byte	0,5,2
00000267 00000000*      1101 	.word	.LDWlin5
0000026b 03             1102 	.byte	3
0000026c 06             1103 	.byte	6
0000026d 02             1104 	.byte	2
0000026e 00             1105 	.byte	0
0000026f 01             1106 	.byte	1
00000270 02             1107 	.byte	2
00000271 00             1108 	.byte	0
00000272 0c             1109 	.byte	12
00000273 02             1110 	.byte	2
00000274 02             1111 	.byte	2
00000275 000101         1112 	.byte	0,1,1
                        1113 	.section	.debug_info
                        1114 .LDW_40da7e8:
000002d3 1d             1115 	.byte	29
000002d4 00000000*      1116 	.word	.LDW81
000002d8 00000000*      1117 	.word	.LDW91
                        1118 
                        1119 .LDW_4c26670:
000002dc 04             1120 	.byte	4
000002dd 424f5f497343   1121 	.strz	"BO_IsCyclicMessageEnabled"
000002e3 79636c69634d 
000002e9 657373616765 
000002ef 456e61626c65 
000002f5 6400 
000002f7 2c             1122 	.byte	44
000002f8 0b             1123 	.byte	11
000002f9 01             1124 	.byte	1
000002fa 00000000*      1125 	.word	.LDW_40da0b8
000002fe 00             1126 	.byte	0
000002ff 00             1127 	.byte	0
00000300 015a           1128 	.byte	1,90
                        1129 
00000302 00             1130 	.byte	0
                        1131 
00000303 00             1132 	.byte	0
                        1133 
                        1134 .LDW_4c266c8:
00000304 14             1135 	.byte	20
00000305 546d735f4973   1136 	.strz	"Tms_IsAutolearnFinished"
0000030b 4175746f6c65 
00000311 61726e46696e 
00000317 697368656400 
0000031d 39             1137 	.byte	57
0000031e 10             1138 	.byte	16
0000031f 01             1139 	.byte	1
00000320 00000000*      1140 	.word	.LDW_40da0b8
00000324 00000000*      1141 	.word	_Tms_IsAutolearnFinished
00000328 00000000*      1142 	.word	___ghs_eofn_Tms_IsAutolearnFinished
0000032c 0153           1143 	.byte	1,83
0000032e 02             1144 	.byte	2
0000032f 00             1145 	.byte	0
00000330 02             1146 	.byte	2
00000331 00             1147 	.byte	0
00000332 00             1148 	.byte	0
00000333 00             1149 	.byte	0

                                                                      Page 22
                                                              C:\Users\nhuliyap\AppData\Local\Temp\gh_00005qk1.s
00000334 00             1150 	.byte	0
00000335 01             1151 	.byte	1
00000336 01             1152 	.byte	1
00000337 00             1153 	.byte	0
00000338 01             1154 	.byte	1
                        1155 
                        1156 	.section	.debug_frame
                        1157 .LDW_4c6d6d8:
00000108 00000000*      1158 	.word	.LDW_unq_e-.LDW_unq_d
                        1159 .LDW_unq_d:
0000010c 00000000*      1160 	.word	.LDW_40dac48
00000110 00000000*      1161 	.word	_Tms_IsAutolearnFinished
00000114 00000000*      1162 	.word	___ghs_eofn_Tms_IsAutolearnFinished-_Tms_IsAutolearnFinished
00000118 01             1163 	.byte	1
00000119 00000000*      1164 	.word	.LDW12
0000011d 00             1165 	.byte	0
0000011e 00             1166 	.byte	0
0000011f 00             1167 	.byte	0
                        1168 .LDW_unq_e:
                        1169 	.section	.debug_line
00000278 000502         1170 	.byte	0,5,2
0000027b 00000000*      1171 	.word	_Tms_IsAutolearnFinished
0000027f 06             1172 	.byte	6
00000280 03             1173 	.byte	3
00000281 3b             1174 	.byte	59
00000282 02             1175 	.byte	2
00000283 00             1176 	.byte	0
00000284 01             1177 	.byte	1
00000285 000502         1178 	.byte	0,5,2
00000288 00000000*      1179 	.word	.LDWlin6
0000028c 03             1180 	.byte	3
0000028d 06             1181 	.byte	6
0000028e 02             1182 	.byte	2
0000028f 00             1183 	.byte	0
00000290 01             1184 	.byte	1
00000291 02             1185 	.byte	2
00000292 00             1186 	.byte	0
00000293 0c             1187 	.byte	12
00000294 02             1188 	.byte	2
00000295 02             1189 	.byte	2
00000296 000101         1190 	.byte	0,1,1
                        1191 	.section	.debug_info
                        1192 .LDW_40da488:
00000339 1d             1193 	.byte	29
0000033a 00000000*      1194 	.word	.LDW02
0000033e 00000000*      1195 	.word	.LDW12
                        1196 
                        1197 .LDW_4c26760:
00000342 04             1198 	.byte	4
00000343 424f5f497341   1199 	.strz	"BO_IsAutolearnFinished"
00000349 75746f6c6561 
0000034f 726e46696e69 
00000355 7368656400 
0000035a 3a             1200 	.byte	58
0000035b 0b             1201 	.byte	11
0000035c 01             1202 	.byte	1
0000035d 00000000*      1203 	.word	.LDW_40da0b8
00000361 00             1204 	.byte	0
00000362 00             1205 	.byte	0
00000363 015a           1206 	.byte	1,90
                        1207 

                                                                      Page 23
                                                              C:\Users\nhuliyap\AppData\Local\Temp\gh_00005qk1.s
00000365 00             1208 	.byte	0
                        1209 
00000366 00             1210 	.byte	0
                        1211 
                        1212 .LDW_4c267b8:
00000367 14             1213 	.byte	20
00000368 546d735f4973   1214 	.strz	"Tms_IsDeveloperModeActive"
0000036e 446576656c6f 
00000374 7065724d6f64 
0000037a 654163746976 
00000380 6500 
00000382 47             1215 	.byte	71
00000383 10             1216 	.byte	16
00000384 01             1217 	.byte	1
00000385 00000000*      1218 	.word	.LDW_40da0b8
00000389 00000000*      1219 	.word	_Tms_IsDeveloperModeActive
0000038d 00000000*      1220 	.word	___ghs_eofn_Tms_IsDeveloperModeActive
00000391 0153           1221 	.byte	1,83
00000393 02             1222 	.byte	2
00000394 00             1223 	.byte	0
00000395 02             1224 	.byte	2
00000396 00             1225 	.byte	0
00000397 00             1226 	.byte	0
00000398 00             1227 	.byte	0
00000399 00             1228 	.byte	0
0000039a 01             1229 	.byte	1
0000039b 01             1230 	.byte	1
0000039c 00             1231 	.byte	0
0000039d 01             1232 	.byte	1
                        1233 
                        1234 	.section	.debug_frame
                        1235 .LDW_4c6d4d8:
00000120 00000000*      1236 	.word	.LDW_unq_10-.LDW_unq_f
                        1237 .LDW_unq_f:
00000124 00000000*      1238 	.word	.LDW_40dac48
00000128 00000000*      1239 	.word	_Tms_IsDeveloperModeActive
0000012c 00000000*      1240 	.word	___ghs_eofn_Tms_IsDeveloperModeActive-_Tms_IsDeveloperModeActive
00000130 01             1241 	.byte	1
00000131 00000000*      1242 	.word	.LDW32
00000135 00             1243 	.byte	0
00000136 00             1244 	.byte	0
00000137 00             1245 	.byte	0
                        1246 .LDW_unq_10:
                        1247 	.section	.debug_line
00000299 000502         1248 	.byte	0,5,2
0000029c 00000000*      1249 	.word	_Tms_IsDeveloperModeActive
000002a0 06             1250 	.byte	6
000002a1 03             1251 	.byte	3
000002a2 c900           1252 	.byte	201,0
000002a4 02             1253 	.byte	2
000002a5 00             1254 	.byte	0
000002a6 01             1255 	.byte	1
000002a7 000502         1256 	.byte	0,5,2
000002aa 00000000*      1257 	.word	.LDWlin7
000002ae 03             1258 	.byte	3
000002af 06             1259 	.byte	6
000002b0 02             1260 	.byte	2
000002b1 00             1261 	.byte	0
000002b2 01             1262 	.byte	1
000002b3 02             1263 	.byte	2
000002b4 00             1264 	.byte	0

                                                                      Page 24
                                                              C:\Users\nhuliyap\AppData\Local\Temp\gh_00005qk1.s
000002b5 0c             1265 	.byte	12
000002b6 02             1266 	.byte	2
000002b7 02             1267 	.byte	2
000002b8 000101         1268 	.byte	0,1,1
                        1269 	.section	.debug_info
                        1270 .LDW_40da548:
0000039e 1d             1271 	.byte	29
0000039f 00000000*      1272 	.word	.LDW22
000003a3 00000000*      1273 	.word	.LDW32
                        1274 
                        1275 .LDW_4c26850:
000003a7 04             1276 	.byte	4
000003a8 424f5f497344   1277 	.strz	"BO_IsDeveloperModeActive"
000003ae 6576656c6f70 
000003b4 65724d6f6465 
000003ba 416374697665 
000003c0 00 
000003c1 48             1278 	.byte	72
000003c2 0b             1279 	.byte	11
000003c3 01             1280 	.byte	1
000003c4 00000000*      1281 	.word	.LDW_40da0b8
000003c8 00             1282 	.byte	0
000003c9 00             1283 	.byte	0
000003ca 015a           1284 	.byte	1,90
                        1285 
000003cc 00             1286 	.byte	0
                        1287 
000003cd 00             1288 	.byte	0
                        1289 
000003ce 00             1290 	.byte	0
                        1291 
                        1292 	.section	.debug_line
                        1293 .Ldw_line_end:
                        1294 	.section	.debug_macinfo
00000000 01             1295 	.byte	1
00000001 00             1296 	.byte	0
00000002 5f5f6768735f   1297 	.strz	"__ghs__ 1"
00000008 5f203100 
0000000c 01             1298 	.byte	1
0000000d 00             1299 	.byte	0
0000000e 5f5f4c4c4f4e   1300 	.strz	"__LLONG_BIT 64"
00000014 475f42495420 
0000001a 363400 
0000001d 03             1301 	.byte	3
0000001e 00             1302 	.byte	0
0000001f 01             1303 	.byte	1
00000020 03             1304 	.byte	3
00000021 03             1305 	.byte	3
00000022 02             1306 	.byte	2
00000023 03             1307 	.byte	3
00000024 06             1308 	.byte	6
00000025 03             1309 	.byte	3
00000026 03             1310 	.byte	3
00000027 06             1311 	.byte	6
00000028 04             1312 	.byte	4
00000029 03             1313 	.byte	3
0000002a 1c             1314 	.byte	28
0000002b 05             1315 	.byte	5
0000002c 01             1316 	.byte	1
0000002d 3c             1317 	.byte	60
0000002e 545255452031   1318 	.strz	"TRUE 1u"

                                                                      Page 25
                                                              C:\Users\nhuliyap\AppData\Local\Temp\gh_00005qk1.s
00000034 7500 
00000036 01             1319 	.byte	1
00000037 40             1320 	.byte	64
00000038 46414c534520   1321 	.strz	"FALSE 0u"
0000003e 307500 
00000041 04             1322 	.byte	4
00000042 03             1323 	.byte	3
00000043 1d             1324 	.byte	29
00000044 06             1325 	.byte	6
00000045 03             1326 	.byte	3
00000046 1b             1327 	.byte	27
00000047 07             1328 	.byte	7
00000048 03             1329 	.byte	3
00000049 54             1330 	.byte	84
0000004a 08             1331 	.byte	8
0000004b 04             1332 	.byte	4
0000004c 04             1333 	.byte	4
0000004d 04             1334 	.byte	4
0000004e 04             1335 	.byte	4
0000004f 03             1336 	.byte	3
00000050 07             1337 	.byte	7
00000051 09             1338 	.byte	9
00000052 03             1339 	.byte	3
00000053 06             1340 	.byte	6
00000054 0a             1341 	.byte	10
00000055 03             1342 	.byte	3
00000056 04             1343 	.byte	4
00000057 0b             1344 	.byte	11
00000058 04             1345 	.byte	4
00000059 01             1346 	.byte	1
0000005a 0e             1347 	.byte	14
0000005b 50524f445543   1348 	.strz	"PRODUCTION_SW 0x0"
00000061 54494f4e5f53 
00000067 572030783000 
0000006d 01             1349 	.byte	1
0000006e 0f             1350 	.byte	15
0000006f 444556454c4f   1351 	.strz	"DEVELOPMENT_SW 0x1"
00000075 504d454e545f 
0000007b 535720307831 
00000081 00 
00000082 01             1352 	.byte	1
00000083 10             1353 	.byte	16
00000084 53575f434154   1354 	.strz	"SW_CATEGORY PRODUCTION_SW"
0000008a 45474f525920 
00000090 50524f445543 
00000096 54494f4e5f53 
0000009c 5700 
0000009e 04             1355 	.byte	4
0000009f 01             1356 	.byte	1
000000a0 08             1357 	.byte	8
000000a1 4d41585f5349   1358 	.strz	"MAX_SIZE_WS_TELEGRAM 16U"
000000a7 5a455f57535f 
000000ad 54454c454752 
000000b3 414d20313655 
000000b9 00 
000000ba 01             1359 	.byte	1
000000bb 11             1360 	.byte	17
000000bc 4e564d5f424c   1361 	.strz	"NVM_BLOCK_TYPE uint32"
000000c2 4f434b5f5459 
000000c8 50452075696e 
000000ce 74333200 

                                                                      Page 26
                                                              C:\Users\nhuliyap\AppData\Local\Temp\gh_00005qk1.s
000000d2 04             1362 	.byte	4
000000d3 04             1363 	.byte	4
000000d4 01             1364 	.byte	1
000000d5 08             1365 	.byte	8
000000d6 544d535f5f49   1366 	.strz	"TMS__INIT_VALUE ((uint8) 0x00U)"
000000dc 4e49545f5641 
000000e2 4c5545202828 
000000e8 75696e743829 
000000ee 203078303055 
000000f4 2900 
000000f6 01             1367 	.byte	1
000000f7 0a             1368 	.byte	10
000000f8 544d535f5f46   1369 	.strz	"TMS__FUNCTIONING_BIT_MASK ((uint8) 0x01U)"
000000fe 554e4354494f 
00000104 4e494e475f42 
0000010a 49545f4d4153 
00000110 4b2028287569 
00000116 6e7438292030 
0000011c 783031552900 
00000122 01             1370 	.byte	1
00000123 0b             1371 	.byte	11
00000124 544d535f5f41   1372 	.strz	"TMS__AUTOLOCATION_BIT_MASK ((uint8) 0x02U)"
0000012a 55544f4c4f43 
00000130 4154494f4e5f 
00000136 4249545f4d41 
0000013c 534b20282875 
00000142 696e74382920 
00000148 307830325529 
0000014e 00 
0000014f 01             1373 	.byte	1
00000150 0c             1374 	.byte	12
00000151 544d535f5f43   1375 	.strz	"TMS__CYCLIC_MESSAGE_BIT_MASK ((uint8) 0x04U)"
00000157 59434c49435f 
0000015d 4d4553534147 
00000163 455f4249545f 
00000169 4d41534b2028 
0000016f 2875696e7438 
00000175 292030783034 
0000017b 552900 
0000017e 01             1376 	.byte	1
0000017f 0d             1377 	.byte	13
00000180 544d535f5f41   1378 	.strz	"TMS__AUTOLEARN_BIT_MASK ((uint8) 0x08U)"
00000186 55544f4c4541 
0000018c 524e5f424954 
00000192 5f4d41534b20 
00000198 282875696e74 
0000019e 382920307830 
000001a4 38552900 
000001a8 01             1379 	.byte	1
000001a9 0e             1380 	.byte	14
000001aa 544d535f5f44   1381 	.strz	"TMS__DEVELOPER_MODE_BIT_MASK ((uint8) 0x10U)"
000001b0 4556454c4f50 
000001b6 45525f4d4f44 
000001bc 455f4249545f 
000001c2 4d41534b2028 
000001c8 2875696e7438 
000001ce 292030783130 
000001d4 552900 
000001d7 04             1382 	.byte	4
000001d8 04             1383 	.byte	4
000001d9 00             1384 	.byte	0

                                                                      Page 27
                                                              C:\Users\nhuliyap\AppData\Local\Temp\gh_00005qk1.s
                        1385 	.section	.debug_abbrev
000000e6 00             1386 	.byte	0
                        1387 	.section	.debug_info
                        1388 .Ldw_end:
                        1389 .rh850_flags REGMODE32,DATA_ALIGN8,GP_FIX,EP_NONFIX,TP_FIX,REG2_RESERVE,G3K,GHS_MISALIGN,SDA_EXTRA_REGS_0
