                                                                      Page 1
                                                              C:\Users\nhuliyap\AppData\Local\Temp\gh_0000de01.s
Command Line: C:\ghs\comp_201517\ease850.exe -w -elf -b0 -I../source/common -I../source/ProjectCompiler -I../source/ProjectCfg -I../source/SwcApplTpms -I../source/SwcApplTpms/Intface -I../source/SwcApplEcuM -I../source/SwcServiceEcuM -I../source/SwcServiceNvM -I../source/SwcServiceOs -I../source/SwcServiceStartUp -I../source/McalAdc -I../source/McalDio -I../source/McalGpt -I../source/McalMcu -I../source/McalWdg -I../source/wrappers -I../source/wrappers/McalAta -I../source/McalLin -I../source/McalCan -I../source/wrappers/OS -I../source/McalFls -I../source/EcuabFee -I../source/EcuabMemIf -I../source/wrappers/VStdLib -I../source/wrappers/Crc -I../source/wrappers/FBL_APPL -I../source/wrappers/CAN_MANAGER -I../source/wrappers/NVM_MANAGER -I../source/wrappers/DEM_MANAGER -I../source/wrappers/RDC_MANAGER -I../source/wrappers/ENV_MANAGER -I../source/wrappers/SYS_MANAGER -I../source/wrappers/EcuabCanIf -I../source/wrappers/SwcServiceCanSM -I../source/wrappers/SwcServiceCanTp -I../source/wrappers/SwcServiceCanTp_PreCompile -I../source/wrappers/SwcServiceCom -I../source/wrappers/SwcServiceComM -I../source/wrappers/SwcServiceComStack -I../source/wrappers/SwcServiceDcm -I../source/wrappers/SwcServicePduR -I../source/wrappers/SwcServiceEcuM -I../source/wrappers/Bfx -I../source/wrappers/SwcServiceDem -I../source/SwcServiceDet -I../source/SwcServiceFiM -I../source/wrappers/LibAutosarDiag -I../source/wrappers/rba_BswSrv -I../source/SwcServiceSchM -I../source/wrappers/SwcServiceComM/Integration -I../source/wrappers/SwcServicePduR/Integration -I../source/wrappers/EcuabCanIf/Integration -I../source/wrappers/SwcServiceCom/Integration -I../source/wrappers/SwcServiceCanTp/Integration -I../source/wrappers/SwcServiceEcuM/Integration -I../source/SwcServiceDet/Integration -I../source/wrappers/SwcServiceDcm/Integration -I../source/wrappers/SwcServiceDem/Integration -I../source/SwcServiceFiM/Integration -I../source/wrappers/EcuabCanIf/api -I../source/wrappers/SwcServiceCom/api -I../source/wrappers/SwcServiceComM/api -I../source/wrappers/SwcServicePduR/api -I../source/wrappers/Bfx/api -I../source/SwcServiceDet/api -I../source/SwcServiceFiM/api -I../source/wrappers/LibAutosarDiag/api -I../source/wrappers/rba_BswSrv/api -IC:\ghs\comp_201517\lib\rh850 -cg_underscore -cpu=rh850g3k -no_v850_simd -rh850_fpsimd=none -nomacro -patch_dbo=C:\_ECU2\ECU_Rivian_A1\Target\repo_projects\pRealEcu\cL_R2023.09.01\make\output\objects\watcf.dbo -source=watcf.c -o output\objects\gh_0000de01.o -list=output\list\watcf.lst C:\Users\nhuliyap\AppData\Local\Temp\gh_0000de01.s 
Original File: C:\Users\nhuliyap\AppData\Local\Temp\gh_0000de01.s
Source File: watcf.c
Directory: C:\_ECU2\ECU_Rivian_A1\Target\repo_projects\pRealEcu\cL_R2023.09.01\make
Host OS: Windows
EASE: Copyright (C) 1983-2015 Green Hills Software.  All Rights Reserved.
Release: Compiler v2015.1.7
Build Directory: [Directory] BTOWORKER6:c:/build_2015_1_bto/2015-10-21.2100-2015_1_bto/win32-comp-ecom
Revision: [VCInfo] http://toolsvc/branches/release-branch-70-bto/src@544153 (built by build)
Revision Date: Thu Oct 22 07:50:13 2015

Release Date: Thu Oct 22 09:32:32 2015

                           1 --Driver Command: ccv850 ../source/SwcApplTpms/watcf.c -cpu=rh850 -fhard
                           2 --		-ignore_callt_state_in_interrupts -large_sda -misalign_pack
                           3 --		-nofarcalls -nofloatio -no_callt -Ogeneral -Onounroll
                           4 --		-prepare_dispose -registermode=32 -reserve_r2 -sda=0
                           5 --		-shorten_loads -Wshadow --brief_diagnostics --no_commons
                           6 --		--no_wrap_diagnostics --prototype_errors --short_enum -list -G
                           7 --		-dual_debug -dwarf -X5523 -lnk=-no_xda_modifications -D
                           8 --		NOT_READY_FOR_TESTING_OR_DEPLOYMENT -D IBTCM_SW_ANPASSUNGEN -D
                           9 --		BUILD_LORDSTOWN -c -inline_prologue -I../source/common
                          10 --		-I../source/ProjectCompiler -I../source/ProjectCfg
                          11 --		-I../source/SwcApplTpms -I../source/SwcApplTpms/Intface
                          12 --		-I../source/SwcApplEcuM -I../source/SwcServiceEcuM
                          13 --		-I../source/SwcServiceNvM -I../source/SwcServiceOs
                          14 --		-I../source/SwcServiceStartUp -I../source/McalAdc
                          15 --		-I../source/McalDio -I../source/McalGpt -I../source/McalMcu
                          16 --		-I../source/McalWdg -I../source/wrappers
                          17 --		-I../source/wrappers/McalAta -I../source/McalLin
                          18 --		-I../source/McalCan -I../source/wrappers/OS -I../source/McalFls
                          19 --		-I../source/EcuabFee -I../source/EcuabMemIf
                          20 --		-I../source/wrappers/VStdLib -I../source/wrappers
                          21 --		-I../source/wrappers/Crc -I../source/wrappers/FBL_APPL
                          22 --		-I../source/wrappers/CAN_MANAGER -I../source/wrappers/NVM_MANAGER
                          23 --		-I../source/wrappers/DEM_MANAGER -I../source/wrappers/RDC_MANAGER
                          24 --		-I../source/wrappers/ENV_MANAGER -I../source/wrappers/SYS_MANAGER
                          25 --		-I../source/wrappers/EcuabCanIf
                          26 --		-I../source/wrappers/SwcServiceCanSM
                          27 --		-I../source/wrappers/SwcServiceCanTp
                          28 --		-I../source/wrappers/SwcServiceCanTp_PreCompile
                          29 --		-I../source/wrappers/SwcServiceCom
                          30 --		-I../source/wrappers/SwcServiceComM
                          31 --		-I../source/wrappers/SwcServiceComStack
                          32 --		-I../source/wrappers/SwcServiceDcm
                          33 --		-I../source/wrappers/SwcServicePduR
                          34 --		-I../source/wrappers/SwcServiceEcuM -I../source/wrappers/Bfx
                          35 --		-I../source/wrappers/SwcServiceDem -I../source/SwcServiceDet
                          36 --		-I../source/SwcServiceFiM -I../source/wrappers/LibAutosarDiag
                          37 --		-I../source/wrappers/rba_BswSrv -I../source/SwcServiceSchM
                          38 --		-I../source/wrappers/SwcServiceComM/Integration
                          39 --		-I../source/wrappers/SwcServicePduR/Integration
                          40 --		-I../source/wrappers/EcuabCanIf/Integration
                          41 --		-I../source/wrappers/SwcServiceCom/Integration
                          42 --		-I../source/wrappers/SwcServiceCanTp/Integration
                          43 --		-I../source/wrappers/SwcServiceEcuM/Integration
                          44 --		-I../source/SwcServiceDet/Integration
                          45 --		-I../source/wrappers/SwcServiceDcm/Integration
                          46 --		-I../source/wrappers/SwcServiceDem/Integration
                          47 --		-I../source/SwcServiceFiM/Integration
                          48 --		-I../source/wrappers/EcuabCanIf/api
                          49 --		-I../source/wrappers/SwcServiceCom/api
                          50 --		-I../source/wrappers/SwcServiceComM/api

                                                                      Page 2
                                                              C:\Users\nhuliyap\AppData\Local\Temp\gh_0000de01.s
                          51 --		-I../source/wrappers/SwcServicePduR/api
                          52 --		-I../source/wrappers/Bfx/api -I../source/SwcServiceDet/api
                          53 --		-I../source/SwcServiceFiM/api
                          54 --		-I../source/wrappers/LibAutosarDiag/api
                          55 --		-I../source/wrappers/rba_BswSrv/api -object_dir=output/objects
                          56 --		-list_dir=output/list
                          57 --Source File:   ../source/SwcApplTpms/watcf.c
                          58 --Directory:     
                          59 --		C:\_ECU2\ECU_Rivian_A1\Target\repo_projects\pRealEcu\cL_R2023.09.01\make
                          60 --Compile Date:  Wed Sep 06 08:59:56 2023
                          61 --Host OS:       Win32
                          62 --Version:       C-RH850 2015.1.7 RELEASE VERSION
                          63 --Release:       Compiler v2015.1.7
                          64 --Revision Date: Thu Oct 22 08:06:12 2015
                          65 --Release Date:  Thu Oct 22 09:34:32 2015
                          66 -- ecom  -g -w -OM
                          67 	.text
                          68 ..bof.C.3A.5C_ECU2.5CECU_Rivian_A1.5CTarget.5Crepo_projects.5CpRealEcu.5CcL_R2023.2E09.2E01.5Cmake.5Coutput.5Cobjects.5Cwatcf...43.3A.5C_ECU2.5CECU_Rivian_A1.5CTarget.5Crepo_projects.5CpRealEcu.5CcL_R2023.2E09.2E01.5Cmake..64F8236C..0::
                          69 	.align	2
                          70 ..gh.f.f.1.e.0:
                          71 	.type	..gh.f.f.1.e.0,@object
                          72 	.size	..gh.f.f.1.e.0,0
                          73 	.global	_InitWATCF
                          74 _InitWATCF:
                          75 --	    .bf
                          76 .LDW01:
00000000 405e0000*        77 	movhi	hi(_ucAlZOTimeTicks),zero,r11
00000004 4b070000*        78 	st.b	zero,lo(_ucAlZOTimeTicks)[r11]
                          79 --	    .ef
                          80 .LDW11:
                          81 --line25
                          82 ..lin.C.3A.5C_ECU2.5CECU_Rivian_A1.5CTarget.5Crepo_projects.5CpRealEcu.5CcL_R2023.2E09.2E01.5Cmake.5Coutput.5Cobjects.5Cwatcf.1::
                          83 .LDWlin1:
00000008 7f00             84 	jmp	[lp]
                          85 	.global	___ghs_eofn_InitWATCF
                          86 ___ghs_eofn_InitWATCF:
                          87 	.type	_InitWATCF,@function
                          88 	.size	_InitWATCF,.-_InitWATCF
                          89 	.align	2
                          90 
                          91 	.section ".bss","awb"
                          92 .L33:
                          93 	.type	.L33,@object
                          94 	.size	.L33,0
                          95 	.data
                          96 	.text
                          97 	.align	2
                          98 	.align	2
                          99 ..gh.f.f.1.e.1:
                         100 	.type	..gh.f.f.1.e.1,@object
                         101 	.size	..gh.f.f.1.e.1,0
                         102 	.global	_ControlWATO
                         103 _ControlWATO:
0000000a 8207e100        104 	prepare	{r28,r29,r31},1
0000000e 07e0            105 	mov	r7,r28
00000010 8600            106 	zxb	r6
00000012 9c00            107 	zxb	r28
                         108 --	    .bf
                         109 .LDW21:
00000014 3d0600000000*   110 	mov	_ucAlZOTimeTicks,r29
0000001a 6232            111 	cmp	2,r6

                                                                      Page 3
                                                              C:\Users\nhuliyap\AppData\Local\Temp\gh_0000de01.s
0000001c e20d*           112 	be	.L55
0000001e 6432            113 	cmp	4,r6
00000020 c22d*           114 	be	.L64
00000022 6832            115 	cmp	8,r6
00000024 e235*           116 	be	.L67
00000026 0606f0ff        117 	addi	-16,r6,zero
0000002a b215*           118 	be	.L60
                         119 --line91
                         120 ..lin.C.3A.5C_ECU2.5CECU_Rivian_A1.5CTarget.5Crepo_projects.5CpRealEcu.5CcL_R2023.2E09.2E01.5Cmake.5Coutput.5Cobjects.5Cwatcf.2::
                         121 .LDWlin2:
                         122 	jarl	_CancelAlarmAlZOTimeOS,lp
                         122 <EXPANSION BEGIN>
                         122 jarl22 _CancelAlarmAlZOTimeOS , lp 
0000002c 80ff0000*       122 <EXPANSION END>
                         123 --line92
                         124 ..lin.C.3A.5C_ECU2.5CECU_Rivian_A1.5CTarget.5Crepo_projects.5CpRealEcu.5CcL_R2023.2E09.2E01.5Cmake.5Coutput.5Cobjects.5Cwatcf.3::
                         125 .LDWlin3:
00000030 5de70000        126 	st.b	r28,0[r29]
00000034 4206ff00        127 	dispose	1,{r28,r29,r31},[lp]
                         128 .L55:
                         129 --line45
                         130 ..lin.C.3A.5C_ECU2.5CECU_Rivian_A1.5CTarget.5Crepo_projects.5CpRealEcu.5CcL_R2023.2E09.2E01.5Cmake.5Coutput.5Cobjects.5Cwatcf.4::
                         131 .LDWlin4:
00000038 5de70000        132 	st.b	r28,0[r29]
0000003c e0e1            133 	cmp	zero,r28
0000003e d235*           134 	be	.L51
                         135 --line49
                         136 ..lin.C.3A.5C_ECU2.5CECU_Rivian_A1.5CTarget.5Crepo_projects.5CpRealEcu.5CcL_R2023.2E09.2E01.5Cmake.5Coutput.5Cobjects.5Cwatcf.5::
                         137 .LDWlin5:
                         138 	jarl	_CancelAlarmAlZOTimeOS,lp
                         138 <EXPANSION BEGIN>
                         138 jarl22 _CancelAlarmAlZOTimeOS , lp 
00000040 80ff0000*       138 <EXPANSION END>
                         139 --line51
                         140 ..lin.C.3A.5C_ECU2.5CECU_Rivian_A1.5CTarget.5Crepo_projects.5CpRealEcu.5CcL_R2023.2E09.2E01.5Cmake.5Coutput.5Cobjects.5Cwatcf.6::
                         141 .LDWlin6:
00000044 0232            142 	mov	2,r6
                         143 	jarl	_bGetBitFahrzeugzustandFZZ,lp
                         143 <EXPANSION BEGIN>
                         143 jarl22 _bGetBitFahrzeugzustandFZZ , lp 
00000046 80ff0000*       143 <EXPANSION END>
0000004a 6152            144 	cmp	1,r10
0000004c ea2d*           145 	bne	.L51
0000004e f505*           146 	br	.L62
                         147 .L60:
                         148 --line61
                         149 ..lin.C.3A.5C_ECU2.5CECU_Rivian_A1.5CTarget.5Crepo_projects.5CpRealEcu.5CcL_R2023.2E09.2E01.5Cmake.5Coutput.5Cobjects.5Cwatcf.7::
                         150 .LDWlin7:
00000050 9de70100        151 	ld.bu	0[r29],r28
                         152 	jarl	_CancelAlarmAlZOTimeOS,lp
                         152 <EXPANSION BEGIN>
                         152 jarl22 _CancelAlarmAlZOTimeOS , lp 
00000054 80ff0000*       152 <EXPANSION END>
00000058 e0e1            153 	cmp	zero,r28
0000005a 820d*           154 	be	.L61
                         155 .L62:
                         156 --line64
                         157 ..lin.C.3A.5C_ECU2.5CECU_Rivian_A1.5CTarget.5Crepo_projects.5CpRealEcu.5CcL_R2023.2E09.2E01.5Cmake.5Coutput.5Cobjects.5Cwatcf.8::
                         158 .LDWlin8:
0000005c 9d370100        159 	ld.bu	0[r29],r6
00000060 003a            160 	mov	0,r7

                                                                      Page 4
                                                              C:\Users\nhuliyap\AppData\Local\Temp\gh_0000de01.s
                         161 	jarl	_SetRelAlarmAlZOTimeOS,lp
                         161 <EXPANSION BEGIN>
                         161 jarl22 _SetRelAlarmAlZOTimeOS , lp 
00000062 80ff0000*       161 <EXPANSION END>
00000066 4206ff00        162 	dispose	1,{r28,r29,r31},[lp]
                         163 .L61:
                         164 --line68
                         165 ..lin.C.3A.5C_ECU2.5CECU_Rivian_A1.5CTarget.5Crepo_projects.5CpRealEcu.5CcL_R2023.2E09.2E01.5Cmake.5Coutput.5Cobjects.5Cwatcf.9::
                         166 .LDWlin9:
0000006a 20363c00        167 	movea	60,zero,r6
0000006e 1c38            168 	mov	r28,r7
                         169 	jarl	_SetRelAlarmAlZOTimeOS,lp
                         169 <EXPANSION BEGIN>
                         169 jarl22 _SetRelAlarmAlZOTimeOS , lp 
00000070 80ff0000*       169 <EXPANSION END>
00000074 4206ff00        170 	dispose	1,{r28,r29,r31},[lp]
                         171 .L64:
                         172 --line74
                         173 ..lin.C.3A.5C_ECU2.5CECU_Rivian_A1.5CTarget.5Crepo_projects.5CpRealEcu.5CcL_R2023.2E09.2E01.5Cmake.5Coutput.5Cobjects.5Cwatcf.10::
                         174 .LDWlin10:
00000078 23360200        175 	movea	2,sp,r6
                         176 	jarl	_GetAlarmAlZOTimeOS,lp
                         176 <EXPANSION BEGIN>
                         176 jarl22 _GetAlarmAlZOTimeOS , lp 
0000007c 80ff0000*       176 <EXPANSION END>
00000080 6152            177 	cmp	1,r10
00000082 ba15*           178 	bne	.L51
                         179 --line76
                         180 ..lin.C.3A.5C_ECU2.5CECU_Rivian_A1.5CTarget.5Crepo_projects.5CpRealEcu.5CcL_R2023.2E09.2E01.5Cmake.5Coutput.5Cobjects.5Cwatcf.11::
                         181 .LDWlin11:
00000084 e34f0300        182 	ld.hu	2[sp],r9
00000088 5d4f0000        183 	st.b	r9,0[r29]
0000008c 4206ff00        184 	dispose	1,{r28,r29,r31},[lp]
                         185 .L67:
                         186 --line82
                         187 ..lin.C.3A.5C_ECU2.5CECU_Rivian_A1.5CTarget.5Crepo_projects.5CpRealEcu.5CcL_R2023.2E09.2E01.5Cmake.5Coutput.5Cobjects.5Cwatcf.12::
                         188 .LDWlin12:
00000090 23360200        189 	movea	2,sp,r6
                         190 	jarl	_GetAlarmAlZOTimeOS,lp
                         190 <EXPANSION BEGIN>
                         190 jarl22 _GetAlarmAlZOTimeOS , lp 
00000094 80ff0000*       190 <EXPANSION END>
00000098 6152            191 	cmp	1,r10
0000009a da05*           192 	bne	.L68
                         193 --line84
                         194 ..lin.C.3A.5C_ECU2.5CECU_Rivian_A1.5CTarget.5Crepo_projects.5CpRealEcu.5CcL_R2023.2E09.2E01.5Cmake.5Coutput.5Cobjects.5Cwatcf.13::
                         195 .LDWlin13:
0000009c e34f0300        196 	ld.hu	2[sp],r9
000000a0 5d4f0000        197 	st.b	r9,0[r29]
                         198 .L68:
                         199 	jarl	_CancelAlarmAlZOTimeOS,lp
                         199 <EXPANSION BEGIN>
                         199 jarl22 _CancelAlarmAlZOTimeOS , lp 
000000a4 80ff0000*       199 <EXPANSION END>
                         200 .L51:
                         201 --	    .ef
                         202 .LDW31:
                         203 --line95
                         204 ..lin.C.3A.5C_ECU2.5CECU_Rivian_A1.5CTarget.5Crepo_projects.5CpRealEcu.5CcL_R2023.2E09.2E01.5Cmake.5Coutput.5Cobjects.5Cwatcf.14::
                         205 .LDWlin14:
000000a8 4206ff00        206 	dispose	1,{r28,r29,r31},[lp]

                                                                      Page 5
                                                              C:\Users\nhuliyap\AppData\Local\Temp\gh_0000de01.s
                         207 	.global	___ghs_eofn_ControlWATO
                         208 ___ghs_eofn_ControlWATO:
                         209 	.type	_ControlWATO,@function
                         210 	.size	_ControlWATO,.-_ControlWATO
                         211 	.align	2
                         212 --_ushHelp	2[sp]	local
                         213 
                         214 --_ucCommand	r6	param
                         215 --_ucTimeInSec	r28	param
                         216 
                         217 	.section ".bss","awb"
                         218 .L183:
                         219 	.type	.L183,@object
                         220 	.size	.L183,0
                         221 	.data
                         222 	.text
                         223 	.align	2
                         224 	.align	2
                         225 ..gh.f.f.1.e.2:
                         226 	.type	..gh.f.f.1.e.2,@object
                         227 	.size	..gh.f.f.1.e.2,0
                         228 	.global	_StartWallocTOAlarm
                         229 _StartWallocTOAlarm:
000000ac 0638            230 	mov	r6,r7
000000ae 8700            231 	zxb	r7
                         232 --	    .bf
                         233 .LDW41:
000000b0 0232            234 	mov	2,r6
000000b2 bf0758ff*       235 	jr	_ControlWATO
                         236 --	    .ef
                         237 .LDW51:
                         238 	.global	___ghs_eofn_StartWallocTOAlarm
                         239 ___ghs_eofn_StartWallocTOAlarm:
                         240 	.type	_StartWallocTOAlarm,@function
                         241 	.size	_StartWallocTOAlarm,.-_StartWallocTOAlarm
                         242 	.align	2
                         243 
                         244 --_ucTimeInSec	r6	param
                         245 
                         246 	.section ".bss","awb"
                         247 .L369:
                         248 	.type	.L369,@object
                         249 	.size	.L369,0
                         250 	.data
                         251 	.text
                         252 	.align	2
                         253 	.align	2
                         254 ..gh.f.f.1.e.3:
                         255 	.type	..gh.f.f.1.e.3,@object
                         256 	.size	..gh.f.f.1.e.3,0
                         257 	.global	_StopWallocTOAlarm
                         258 _StopWallocTOAlarm:
                         259 --	    .bf
                         260 .LDW61:
000000b6 0132            261 	mov	1,r6
000000b8 003a            262 	mov	0,r7
000000ba bf0750ff*       263 	jr	_ControlWATO
                         264 --	    .ef
                         265 .LDW71:
                         266 	.global	___ghs_eofn_StopWallocTOAlarm
                         267 ___ghs_eofn_StopWallocTOAlarm:

                                                                      Page 6
                                                              C:\Users\nhuliyap\AppData\Local\Temp\gh_0000de01.s
                         268 	.type	_StopWallocTOAlarm,@function
                         269 	.size	_StopWallocTOAlarm,.-_StopWallocTOAlarm
                         270 	.align	2
                         271 
                         272 	.section ".bss","awb"
                         273 .L417:
                         274 	.type	.L417,@object
                         275 	.size	.L417,0
                         276 	.data
                         277 	.text
                         278 	.align	2
                         279 
                         280 	.data
                         281 	.section ".bss","awb"
                         282 	.global	_ucAlZOTimeTicks
00000000 00              283 _ucAlZOTimeTicks:	.space	1
                         284 	.type	_ucAlZOTimeTicks,@object
                         285 	.size	_ucAlZOTimeTicks,1
                         286 	.data
                         287 	.ghsnote version,17
                         288 	.ghsnote tools,3
                         289 	.ghsnote options,144
                         290 	.text
                         291 	.align	2
                         292 ..eof.C.3A.5C_ECU2.5CECU_Rivian_A1.5CTarget.5Crepo_projects.5CpRealEcu.5CcL_R2023.2E09.2E01.5Cmake.5Coutput.5Cobjects.5Cwatcf...43.3A.5C_ECU2.5CECU_Rivian_A1.5CTarget.5Crepo_projects.5CpRealEcu.5CcL_R2023.2E09.2E01.5Cmake..64F8236C..0::
                         293 	.section	.debug_info
                         294 .Ldw_begin:
00000000 23030000        295 	.word	.Ldw_end-.Ldw_begin-4
00000004 0200            296 	.byte	2,0
00000006 00000000*       297 	.word	.Ldw_abbr_begin
0000000a 04              298 	.byte	4
                         299 	.section	.debug_abbrev
                         300 .Ldw_abbr_begin:
                         301 	.section	.debug_info
0000000b 01              302 	.byte	1
0000000c 00000000*       303 	.word	..bof.C.3A.5C_ECU2.5CECU_Rivian_A1.5CTarget.5Crepo_projects.5CpRealEcu.5CcL_R2023.2E09.2E01.5Cmake.5Coutput.5Cobjects.5Cwatcf...43.3A.5C_ECU2.5CECU_Rivian_A1.5CTarget.5Crepo_projects.5CpRealEcu.5CcL_R2023.2E09.2E01.5Cmake..64F8236C..0
00000010 00000000*       304 	.word	..eof.C.3A.5C_ECU2.5CECU_Rivian_A1.5CTarget.5Crepo_projects.5CpRealEcu.5CcL_R2023.2E09.2E01.5Cmake.5Coutput.5Cobjects.5Cwatcf...43.3A.5C_ECU2.5CECU_Rivian_A1.5CTarget.5Crepo_projects.5CpRealEcu.5CcL_R2023.2E09.2E01.5Cmake..64F8236C..0
00000014 2e2e2f736f75    305 	.strz	"../source/SwcApplTpms/watcf.c"
0000001a 7263652f5377 
00000020 634170706c54 
00000026 706d732f7761 
0000002c 7463662e6300 
00000032 433a5c5f4543    306 	.strz	"C:\\_ECU2\\ECU_Rivian_A1\\Target\\repo_projects\\pRealEcu\\cL_R2023.09.01\\make"
00000038 55325c454355 
0000003e 5f5269766961 
00000044 6e5f41315c54 
0000004a 61726765745c 
00000050 7265706f5f70 
00000056 726f6a656374 
0000005c 735c70526561 
00000062 6c4563755c63 
00000068 4c5f52323032 
0000006e 332e30392e30 
00000074 315c6d616b65 
0000007a 00 
0000007b 474853204320    307 	.strz	"GHS C 2015.1.7 [dual]"
00000081 323031352e31 
00000087 2e37205b6475 
0000008d 616c5d00 
00000091 0100            308 	.byte	1,0
00000093 00000000*       309 	.word	.Ldw_line_begin

                                                                      Page 7
                                                              C:\Users\nhuliyap\AppData\Local\Temp\gh_0000de01.s
00000097 00000000*       310 	.word	.Ldw_macinfo_begin
0000009b 00              311 	.byte	0
                         312 
                         313 	.section	.debug_abbrev
00000000 01              314 	.byte	1
00000001 11              315 	.byte	17
00000002 01              316 	.byte	1
00000003 1101            317 	.byte	17,1
00000005 1201            318 	.byte	18,1
00000007 0308            319 	.byte	3,8
00000009 1b08            320 	.byte	27,8
0000000b 2508            321 	.byte	37,8
0000000d 1305            322 	.byte	19,5
0000000f 1006            323 	.byte	16,6
00000011 4306            324 	.byte	67,6
00000013 420b            325 	.byte	66,11
00000015 0000            326 	.byte	0,0
                         327 
                         328 	.section	.debug_line
                         329 .Ldw_line_begin:
00000000 e6030000        330 	.word	.Ldw_line_end-.Ldw_line_begin-4
00000004 0200            331 	.byte	2,0
00000006 00000000*       332 	.word	.Ldw_lpro_end-.Ldw_lpro_begin
                         333 .Ldw_lpro_begin:
0000000a 01              334 	.byte	1
0000000b 00              335 	.byte	0
0000000c 00              336 	.byte	0
0000000d 04              337 	.byte	4
0000000e 0a              338 	.byte	10
0000000f 000101          339 	.byte	0,1,1
00000012 010100          340 	.byte	1,1,0
00000015 000001          341 	.byte	0,0,1
00000018 00              342 	.byte	0
00000019 2e2e2f736f75    343 	.strz	"../source/SwcApplTpms/watcf.c"
0000001f 7263652f5377 
00000025 634170706c54 
0000002b 706d732f7761 
00000031 7463662e6300 
00000037 000000          344 	.byte	0,0,0
0000003a 2e2e2f736f75    345 	.strz	"../source/SwcApplTpms/iTpms_Interface.hpp"
00000040 7263652f5377 
00000046 634170706c54 
0000004c 706d732f6954 
00000052 706d735f496e 
00000058 746572666163 
0000005e 652e68707000 
00000064 000000          346 	.byte	0,0,0
00000067 2e2e2f736f75    347 	.strz	"../source/SwcApplTpms/Tpms_Rte_Data_Type.hpp"
0000006d 7263652f5377 
00000073 634170706c54 
00000079 706d732f5470 
0000007f 6d735f527465 
00000085 5f446174615f 
0000008b 547970652e68 
00000091 707000 
00000094 000000          348 	.byte	0,0,0
00000097 2e2e2f736f75    349 	.strz	"../source/McalMcu/Types.hpp"
0000009d 7263652f4d63 
000000a3 616c4d63752f 
000000a9 54797065732e 
000000af 68707000 

                                                                      Page 8
                                                              C:\Users\nhuliyap\AppData\Local\Temp\gh_0000de01.s
000000b3 000000          350 	.byte	0,0,0
000000b6 2e2e2f736f75    351 	.strz	"../source/common/Std_Types.hpp"
000000bc 7263652f636f 
000000c2 6d6d6f6e2f53 
000000c8 74645f547970 
000000ce 65732e687070 
000000d4 00 
000000d5 000000          352 	.byte	0,0,0
000000d8 2e2e2f736f75    353 	.strz	"../source/common/Platform_Types.hpp"
000000de 7263652f636f 
000000e4 6d6d6f6e2f50 
000000ea 6c6174666f72 
000000f0 6d5f54797065 
000000f6 732e68707000 
000000fc 000000          354 	.byte	0,0,0
000000ff 2e2e2f736f75    355 	.strz	"../source/common/Compiler.hpp"
00000105 7263652f636f 
0000010b 6d6d6f6e2f43 
00000111 6f6d70696c65 
00000117 722e68707000 
0000011d 000000          356 	.byte	0,0,0
00000120 2e2e2f736f75    357 	.strz	"../source/ProjectCompiler/Compiler_Cfg.hpp"
00000126 7263652f5072 
0000012c 6f6a65637443 
00000132 6f6d70696c65 
00000138 722f436f6d70 
0000013e 696c65725f43 
00000144 66672e687070 
0000014a 00 
0000014b 000000          358 	.byte	0,0,0
0000014e 2e2e2f736f75    359 	.strz	"../source/ProjectCompiler/CompilerCfg_SwcServiceOs.hpp"
00000154 7263652f5072 
0000015a 6f6a65637443 
00000160 6f6d70696c65 
00000166 722f436f6d70 
0000016c 696c65724366 
00000172 675f53776353 
00000178 657276696365 
0000017e 4f732e687070 
00000184 00 
00000185 000000          360 	.byte	0,0,0
00000188 2e2e2f736f75    361 	.strz	"../source/SwcApplTpms/SwcApplTpms_Rte.hpp"
0000018e 7263652f5377 
00000194 634170706c54 
0000019a 706d732f5377 
000001a0 634170706c54 
000001a6 706d735f5274 
000001ac 652e68707000 
000001b2 000000          362 	.byte	0,0,0
000001b5 2e2e2f736f75    363 	.strz	"../source/SwcApplTpms/SwcApplTpms_Rte_Type.hpp"
000001bb 7263652f5377 
000001c1 634170706c54 
000001c7 706d732f5377 
000001cd 634170706c54 
000001d3 706d735f5274 
000001d9 655f54797065 
000001df 2e68707000 
000001e4 000000          364 	.byte	0,0,0
000001e7 2e2e2f736f75    365 	.strz	"../source/SwcApplTpms/watcf.hpp"
000001ed 7263652f5377 
000001f3 634170706c54 

                                                                      Page 9
                                                              C:\Users\nhuliyap\AppData\Local\Temp\gh_0000de01.s
000001f9 706d732f7761 
000001ff 7463662e6870 
00000205 7000 
00000207 000000          366 	.byte	0,0,0
0000020a 2e2e2f736f75    367 	.strz	"../source/SwcApplTpms/Intface/tss_stdx.hpp"
00000210 7263652f5377 
00000216 634170706c54 
0000021c 706d732f496e 
00000222 74666163652f 
00000228 7473735f7374 
0000022e 64782e687070 
00000234 00 
00000235 000000          368 	.byte	0,0,0
00000238 2e2e2f736f75    369 	.strz	"../source/ProjectCfg/CfgSwcApplTpms.hpp"
0000023e 7263652f5072 
00000244 6f6a65637443 
0000024a 66672f436667 
00000250 537763417070 
00000256 6c54706d732e 
0000025c 68707000 
00000260 000000          370 	.byte	0,0,0
00000263 2e2e2f736f75    371 	.strz	"../source/SwcApplTpms/watcfX.hpp"
00000269 7263652f5377 
0000026f 634170706c54 
00000275 706d732f7761 
0000027b 746366582e68 
00000281 707000 
00000284 000000          372 	.byte	0,0,0
00000287 2e2e2f736f75    373 	.strz	"../source/SwcApplTpms/state_fzzX.hpp"
0000028d 7263652f5377 
00000293 634170706c54 
00000299 706d732f7374 
0000029f 6174655f667a 
000002a5 7a582e687070 
000002ab 00 
000002ac 000000          374 	.byte	0,0,0
000002af 2e2e2f736f75    375 	.strz	"../source/SwcApplTpms/wallocX.hpp"
000002b5 7263652f5377 
000002bb 634170706c54 
000002c1 706d732f7761 
000002c7 6c6c6f63582e 
000002cd 68707000 
000002d1 000000          376 	.byte	0,0,0
000002d4 00              377 	.byte	0
                         378 .Ldw_lpro_end:
                         379 	.section	.debug_macinfo
                         380 .Ldw_macinfo_begin:
                         381 	.section	.debug_frame
                         382 .LDW_4c53378:
00000000 00000000*       383 	.word	.LDW_unq_2-.LDW_unq_1
                         384 .LDW_unq_1:
00000004 ffffffff        385 	.byte	255,255,255,255
00000008 01              386 	.byte	1
00000009 00              387 	.byte	0
0000000a 01              388 	.byte	1
0000000b 01              389 	.byte	1
0000000c 1f              390 	.byte	31
0000000d 0c              391 	.byte	12
0000000e 03              392 	.byte	3
0000000f 00              393 	.byte	0
00000010 07              394 	.byte	7

                                                                      Page 10
                                                              C:\Users\nhuliyap\AppData\Local\Temp\gh_0000de01.s
00000011 00              395 	.byte	0
00000012 07              396 	.byte	7
00000013 01              397 	.byte	1
00000014 07              398 	.byte	7
00000015 02              399 	.byte	2
00000016 07              400 	.byte	7
00000017 03              401 	.byte	3
00000018 07              402 	.byte	7
00000019 04              403 	.byte	4
0000001a 07              404 	.byte	7
0000001b 05              405 	.byte	5
0000001c 07              406 	.byte	7
0000001d 06              407 	.byte	6
0000001e 07              408 	.byte	7
0000001f 07              409 	.byte	7
00000020 07              410 	.byte	7
00000021 08              411 	.byte	8
00000022 07              412 	.byte	7
00000023 09              413 	.byte	9
00000024 07              414 	.byte	7
00000025 0a              415 	.byte	10
00000026 07              416 	.byte	7
00000027 0b              417 	.byte	11
00000028 07              418 	.byte	7
00000029 0c              419 	.byte	12
0000002a 07              420 	.byte	7
0000002b 0d              421 	.byte	13
0000002c 07              422 	.byte	7
0000002d 0e              423 	.byte	14
0000002e 07              424 	.byte	7
0000002f 0f              425 	.byte	15
00000030 07              426 	.byte	7
00000031 10              427 	.byte	16
00000032 07              428 	.byte	7
00000033 11              429 	.byte	17
00000034 07              430 	.byte	7
00000035 12              431 	.byte	18
00000036 07              432 	.byte	7
00000037 13              433 	.byte	19
00000038 08              434 	.byte	8
00000039 14              435 	.byte	20
0000003a 08              436 	.byte	8
0000003b 15              437 	.byte	21
0000003c 08              438 	.byte	8
0000003d 16              439 	.byte	22
0000003e 08              440 	.byte	8
0000003f 17              441 	.byte	23
00000040 08              442 	.byte	8
00000041 18              443 	.byte	24
00000042 08              444 	.byte	8
00000043 19              445 	.byte	25
00000044 08              446 	.byte	8
00000045 1a              447 	.byte	26
00000046 08              448 	.byte	8
00000047 1b              449 	.byte	27
00000048 08              450 	.byte	8
00000049 1c              451 	.byte	28
0000004a 08              452 	.byte	8
0000004b 1d              453 	.byte	29
0000004c 07              454 	.byte	7
0000004d 1e              455 	.byte	30

                                                                      Page 11
                                                              C:\Users\nhuliyap\AppData\Local\Temp\gh_0000de01.s
0000004e 08              456 	.byte	8
0000004f 1f              457 	.byte	31
00000050 07              458 	.byte	7
00000051 20              459 	.byte	32
00000052 07              460 	.byte	7
00000053 21              461 	.byte	33
00000054 07              462 	.byte	7
00000055 22              463 	.byte	34
00000056 07              464 	.byte	7
00000057 23              465 	.byte	35
00000058 07              466 	.byte	7
00000059 24              467 	.byte	36
0000005a 07              468 	.byte	7
0000005b 25              469 	.byte	37
0000005c 07              470 	.byte	7
0000005d 26              471 	.byte	38
0000005e 07              472 	.byte	7
0000005f 27              473 	.byte	39
00000060 07              474 	.byte	7
00000061 28              475 	.byte	40
00000062 07              476 	.byte	7
00000063 29              477 	.byte	41
00000064 07              478 	.byte	7
00000065 2a              479 	.byte	42
00000066 07              480 	.byte	7
00000067 2b              481 	.byte	43
00000068 07              482 	.byte	7
00000069 2c              483 	.byte	44
0000006a 07              484 	.byte	7
0000006b 2d              485 	.byte	45
0000006c 07              486 	.byte	7
0000006d 2e              487 	.byte	46
0000006e 07              488 	.byte	7
0000006f 2f              489 	.byte	47
00000070 07              490 	.byte	7
00000071 30              491 	.byte	48
00000072 07              492 	.byte	7
00000073 31              493 	.byte	49
00000074 07              494 	.byte	7
00000075 32              495 	.byte	50
00000076 07              496 	.byte	7
00000077 33              497 	.byte	51
00000078 07              498 	.byte	7
00000079 34              499 	.byte	52
0000007a 07              500 	.byte	7
0000007b 35              501 	.byte	53
0000007c 07              502 	.byte	7
0000007d 36              503 	.byte	54
0000007e 07              504 	.byte	7
0000007f 37              505 	.byte	55
00000080 07              506 	.byte	7
00000081 38              507 	.byte	56
00000082 07              508 	.byte	7
00000083 39              509 	.byte	57
00000084 07              510 	.byte	7
00000085 3a              511 	.byte	58
00000086 07              512 	.byte	7
00000087 3b              513 	.byte	59
00000088 07              514 	.byte	7
00000089 3c              515 	.byte	60
0000008a 07              516 	.byte	7

                                                                      Page 12
                                                              C:\Users\nhuliyap\AppData\Local\Temp\gh_0000de01.s
0000008b 3d              517 	.byte	61
0000008c 07              518 	.byte	7
0000008d 3e              519 	.byte	62
0000008e 07              520 	.byte	7
0000008f 3f              521 	.byte	63
                         522 .LDW_unq_2:
                         523 	.section	.debug_info
                         524 .LDW_17c7258:
0000009c 45              525 	.byte	69
0000009d 01              526 	.byte	1
                         527 
                         528 	.section	.debug_abbrev
00000017 45              529 	.byte	69
00000018 15              530 	.byte	21
00000019 01              531 	.byte	1
0000001a 270c            532 	.byte	39,12
0000001c 0000            533 	.byte	0,0
                         534 
                         535 	.section	.debug_info
0000009e 00              536 	.byte	0
                         537 
                         538 .LDW_17c6f48:
0000009f 25              539 	.byte	37
000000a0 756e7369676e    540 	.strz	"unsigned char"
000000a6 656420636861 
000000ac 7200 
000000ae 08              541 	.byte	8
000000af 01              542 	.byte	1
                         543 
                         544 	.section	.debug_abbrev
0000001e 25              545 	.byte	37
0000001f 24              546 	.byte	36
00000020 00              547 	.byte	0
00000021 0308            548 	.byte	3,8
00000023 3e0b            549 	.byte	62,11
00000025 0b0b            550 	.byte	11,11
00000027 0000            551 	.byte	0,0
                         552 
                         553 	.section	.debug_info
                         554 .LDW_17c6ea0:
000000b0 45              555 	.byte	69
000000b1 01              556 	.byte	1
                         557 
                         558 .LDW_180e880:
000000b2 12              559 	.byte	18
000000b3 00000000*       560 	.word	.LDW_4c06630
000000b7 00              561 	.byte	0
                         562 
                         563 	.section	.debug_abbrev
00000029 12              564 	.byte	18
0000002a 05              565 	.byte	5
0000002b 00              566 	.byte	0
0000002c 4910            567 	.byte	73,16
0000002e 4b0c            568 	.byte	75,12
00000030 0000            569 	.byte	0,0
                         570 
                         571 	.section	.debug_info
000000b8 00              572 	.byte	0
                         573 
                         574 .LDW_17c7290:
000000b9 45              575 	.byte	69

                                                                      Page 13
                                                              C:\Users\nhuliyap\AppData\Local\Temp\gh_0000de01.s
000000ba 01              576 	.byte	1
                         577 
000000bb 00              578 	.byte	0
                         579 
                         580 .LDW_17c6f10:
000000bc 45              581 	.byte	69
000000bd 01              582 	.byte	1
                         583 
                         584 .LDW_180e820:
000000be 12              585 	.byte	18
000000bf 00000000*       586 	.word	.LDW_4c06630
000000c3 00              587 	.byte	0
                         588 
                         589 .LDW_180e640:
000000c4 12              590 	.byte	18
000000c5 00000000*       591 	.word	.LDW_4c06630
000000c9 00              592 	.byte	0
                         593 
000000ca 00              594 	.byte	0
                         595 
                         596 .LDW_17c6f80:
000000cb 25              597 	.byte	37
000000cc 756e7369676e    598 	.strz	"unsigned short"
000000d2 65642073686f 
000000d8 727400 
000000db 07              599 	.byte	7
000000dc 02              600 	.byte	2
                         601 
                         602 .LDW_17c73e0:
000000dd 25              603 	.byte	37
000000de 756e7369676e    604 	.strz	"unsigned int"
000000e4 656420696e74 
000000ea 00 
000000eb 07              605 	.byte	7
000000ec 04              606 	.byte	4
                         607 
                         608 .LDW_4be00b8:
000000ed 25              609 	.byte	37
000000ee 696e7400        610 	.strz	"int"
000000f2 05              611 	.byte	5
000000f3 04              612 	.byte	4
                         613 
                         614 .LDW_4be0390:
000000f4 2f              615 	.byte	47
000000f5 00000000*       616 	.word	.LDW_4c06958
                         617 
                         618 	.section	.debug_abbrev
00000032 2f              619 	.byte	47
00000033 0f              620 	.byte	15
00000034 00              621 	.byte	0
00000035 4910            622 	.byte	73,16
00000037 0000            623 	.byte	0,0
                         624 
                         625 	.section	.debug_info
                         626 .LDW_4c82fb0:
000000f9 45              627 	.byte	69
000000fa 01              628 	.byte	1
                         629 
                         630 .LDW_4c829d0:
000000fb 12              631 	.byte	18
000000fc 00000000*       632 	.word	.LDW_4c06958

                                                                      Page 14
                                                              C:\Users\nhuliyap\AppData\Local\Temp\gh_0000de01.s
00000100 00              633 	.byte	0
                         634 
                         635 .LDW_4c82a00:
00000101 12              636 	.byte	18
00000102 00000000*       637 	.word	.LDW_4c06958
00000106 00              638 	.byte	0
                         639 
00000107 00              640 	.byte	0
                         641 
                         642 .LDW_4c82d10:
00000108 45              643 	.byte	69
00000109 01              644 	.byte	1
                         645 
0000010a 00              646 	.byte	0
                         647 
                         648 .LDW_4c857c0:
0000010b 44              649 	.byte	68
0000010c 00000000*       650 	.word	.LDW_4c06a08
00000110 01              651 	.byte	1
                         652 
                         653 	.section	.debug_abbrev
00000039 44              654 	.byte	68
0000003a 15              655 	.byte	21
0000003b 01              656 	.byte	1
0000003c 4910            657 	.byte	73,16
0000003e 270c            658 	.byte	39,12
00000040 0000            659 	.byte	0,0
                         660 
                         661 	.section	.debug_info
                         662 .LDW_4c82940:
00000111 12              663 	.byte	18
00000112 00000000*       664 	.word	.LDW_4be0390
00000116 00              665 	.byte	0
                         666 
00000117 00              667 	.byte	0
                         668 
                         669 .LDW_4c852b8:
00000118 44              670 	.byte	68
00000119 00000000*       671 	.word	.LDW_4c06a08
0000011d 01              672 	.byte	1
                         673 
                         674 .LDW_4c82880:
0000011e 12              675 	.byte	18
0000011f 00000000*       676 	.word	.LDW_4c06958
00000123 00              677 	.byte	0
                         678 
00000124 00              679 	.byte	0
                         680 
                         681 .LDW_4c06a08:
00000125 28              682 	.byte	40
00000126 626f6f6c6561    683 	.strz	"boolean"
0000012c 6e00 
0000012e 4e              684 	.byte	78
0000012f 49              685 	.byte	73
00000130 06              686 	.byte	6
00000131 00000000*       687 	.word	.LDW_17c6f48
                         688 
                         689 	.section	.debug_abbrev
00000042 28              690 	.byte	40
00000043 16              691 	.byte	22
00000044 00              692 	.byte	0

                                                                      Page 15
                                                              C:\Users\nhuliyap\AppData\Local\Temp\gh_0000de01.s
00000045 0308            693 	.byte	3,8
00000047 3b0f            694 	.byte	59,15
00000049 390f            695 	.byte	57,15
0000004b 3a0f            696 	.byte	58,15
0000004d 4910            697 	.byte	73,16
0000004f 0000            698 	.byte	0,0
                         699 
                         700 	.section	.debug_info
                         701 .LDW_4c06630:
00000135 28              702 	.byte	40
00000136 75696e743800    703 	.strz	"uint8"
0000013c 50              704 	.byte	80
0000013d 4b              705 	.byte	75
0000013e 06              706 	.byte	6
0000013f 00000000*       707 	.word	.LDW_17c6f48
                         708 
                         709 .LDW_4c06958:
00000143 28              710 	.byte	40
00000144 75696e743136    711 	.strz	"uint16"
0000014a 00 
0000014b 52              712 	.byte	82
0000014c 4a              713 	.byte	74
0000014d 06              714 	.byte	6
0000014e 00000000*       715 	.word	.LDW_17c6f80
                         716 
                         717 .LDW_4c7dbc8:
00000152 04              718 	.byte	4
00000153 7563416c5a4f    719 	.strz	"ucAlZOTimeTicks"
00000159 54696d655469 
0000015f 636b7300 
00000163 07              720 	.byte	7
00000164 07              721 	.byte	7
00000165 0c              722 	.byte	12
00000166 00000000*       723 	.word	.LDW_4c06630
0000016a 01              724 	.byte	1
0000016b 00              725 	.byte	0
0000016c 0503            726 	.byte	5,3
0000016e 00000000*       727 	.word	_ucAlZOTimeTicks
                         728 
                         729 	.section	.debug_abbrev
00000051 04              730 	.byte	4
00000052 34              731 	.byte	52
00000053 00              732 	.byte	0
00000054 0308            733 	.byte	3,8
00000056 3b0f            734 	.byte	59,15
00000058 390f            735 	.byte	57,15
0000005a 3a0f            736 	.byte	58,15
0000005c 4910            737 	.byte	73,16
0000005e 3f0c            738 	.byte	63,12
00000060 3c0c            739 	.byte	60,12
00000062 020a            740 	.byte	2,10
00000064 0000            741 	.byte	0,0
                         742 
                         743 	.section	.debug_info
                         744 .LDW_4c84648:
00000172 15              745 	.byte	21
00000173 53657452656c    746 	.strz	"SetRelAlarmAlZOTimeOS"
00000179 416c61726d41 
0000017f 6c5a4f54696d 
00000185 654f5300 
00000189 71              747 	.byte	113

                                                                      Page 16
                                                              C:\Users\nhuliyap\AppData\Local\Temp\gh_0000de01.s
0000018a 10              748 	.byte	16
0000018b 0a              749 	.byte	10
0000018c 01              750 	.byte	1
0000018d 00              751 	.byte	0
0000018e 01              752 	.byte	1
0000018f 01              753 	.byte	1
00000190 00              754 	.byte	0
00000191 01              755 	.byte	1
                         756 
                         757 	.section	.debug_abbrev
00000066 15              758 	.byte	21
00000067 2e              759 	.byte	46
00000068 01              760 	.byte	1
00000069 0308            761 	.byte	3,8
0000006b 3b0f            762 	.byte	59,15
0000006d 390f            763 	.byte	57,15
0000006f 3a0f            764 	.byte	58,15
00000071 3c0c            765 	.byte	60,12
00000073 200b            766 	.byte	32,11
00000075 3f0c            767 	.byte	63,12
00000077 320b            768 	.byte	50,11
00000079 4c0b            769 	.byte	76,11
0000007b 270c            770 	.byte	39,12
0000007d 0000            771 	.byte	0,0
                         772 
                         773 	.section	.debug_info
00000192 00              774 	.byte	0
                         775 
                         776 .LDW_4c84fc8:
00000193 15              777 	.byte	21
00000194 43616e63656c    778 	.strz	"CancelAlarmAlZOTimeOS"
0000019a 416c61726d41 
000001a0 6c5a4f54696d 
000001a6 654f5300 
000001aa 79              779 	.byte	121
000001ab 10              780 	.byte	16
000001ac 0a              781 	.byte	10
000001ad 01              782 	.byte	1
000001ae 00              783 	.byte	0
000001af 01              784 	.byte	1
000001b0 01              785 	.byte	1
000001b1 00              786 	.byte	0
000001b2 01              787 	.byte	1
                         788 
000001b3 00              789 	.byte	0
                         790 
                         791 .LDW_4c84b08:
000001b4 16              792 	.byte	22
000001b5 476574416c61    793 	.strz	"GetAlarmAlZOTimeOS"
000001bb 726d416c5a4f 
000001c1 54696d654f53 
000001c7 00 
000001c8 7c              794 	.byte	124
000001c9 10              795 	.byte	16
000001ca 0a              796 	.byte	10
000001cb 00000000*       797 	.word	.LDW_4c06a08
000001cf 01              798 	.byte	1
000001d0 00              799 	.byte	0
000001d1 01              800 	.byte	1
000001d2 01              801 	.byte	1
000001d3 00              802 	.byte	0

                                                                      Page 17
                                                              C:\Users\nhuliyap\AppData\Local\Temp\gh_0000de01.s
000001d4 01              803 	.byte	1
                         804 
                         805 	.section	.debug_abbrev
0000007f 16              806 	.byte	22
00000080 2e              807 	.byte	46
00000081 01              808 	.byte	1
00000082 0308            809 	.byte	3,8
00000084 3b0f            810 	.byte	59,15
00000086 390f            811 	.byte	57,15
00000088 3a0f            812 	.byte	58,15
0000008a 4910            813 	.byte	73,16
0000008c 3c0c            814 	.byte	60,12
0000008e 200b            815 	.byte	32,11
00000090 3f0c            816 	.byte	63,12
00000092 320b            817 	.byte	50,11
00000094 4c0b            818 	.byte	76,11
00000096 270c            819 	.byte	39,12
00000098 0000            820 	.byte	0,0
                         821 
                         822 	.section	.debug_info
000001d5 00              823 	.byte	0
                         824 
                         825 .LDW_4c832b0:
000001d6 16              826 	.byte	22
000001d7 624765744269    827 	.strz	"bGetBitFahrzeugzustandFZZ"
000001dd 74466168727a 
000001e3 6575677a7573 
000001e9 74616e64465a 
000001ef 5a00 
000001f1 11              828 	.byte	17
000001f2 10              829 	.byte	16
000001f3 10              830 	.byte	16
000001f4 00000000*       831 	.word	.LDW_4c06a08
000001f8 01              832 	.byte	1
000001f9 00              833 	.byte	0
000001fa 01              834 	.byte	1
000001fb 01              835 	.byte	1
000001fc 00              836 	.byte	0
000001fd 01              837 	.byte	1
                         838 
000001fe 00              839 	.byte	0
                         840 
                         841 .LDW_180a2c8:
000001ff 13              842 	.byte	19
00000200 496e69745741    843 	.strz	"InitWATCF"
00000206 54434600 
0000020a 16              844 	.byte	22
0000020b 06              845 	.byte	6
0000020c 01              846 	.byte	1
0000020d 00000000*       847 	.word	_InitWATCF
00000211 00000000*       848 	.word	___ghs_eofn_InitWATCF
00000215 0153            849 	.byte	1,83
00000217 02              850 	.byte	2
00000218 00              851 	.byte	0
00000219 02              852 	.byte	2
0000021a 00              853 	.byte	0
0000021b 00              854 	.byte	0
0000021c 00              855 	.byte	0
0000021d 00              856 	.byte	0
0000021e 01              857 	.byte	1
0000021f 01              858 	.byte	1

                                                                      Page 18
                                                              C:\Users\nhuliyap\AppData\Local\Temp\gh_0000de01.s
00000220 00              859 	.byte	0
00000221 01              860 	.byte	1
                         861 
                         862 	.section	.debug_abbrev
0000009a 13              863 	.byte	19
0000009b 2e              864 	.byte	46
0000009c 01              865 	.byte	1
0000009d 0308            866 	.byte	3,8
0000009f 3b0f            867 	.byte	59,15
000000a1 390f            868 	.byte	57,15
000000a3 3a0f            869 	.byte	58,15
000000a5 1101            870 	.byte	17,1
000000a7 1201            871 	.byte	18,1
000000a9 400a            872 	.byte	64,10
000000ab 8341            873 	.byte	131,65
000000ad 0f              874 	.byte	15
000000ae 8741            875 	.byte	135,65
000000b0 0d              876 	.byte	13
000000b1 8541            877 	.byte	133,65
000000b3 0f              878 	.byte	15
000000b4 8641            879 	.byte	134,65
000000b6 0d              880 	.byte	13
000000b7 9241            881 	.byte	146,65
000000b9 0f              882 	.byte	15
000000ba 3c0c            883 	.byte	60,12
000000bc 200b            884 	.byte	32,11
000000be 3f0c            885 	.byte	63,12
000000c0 320b            886 	.byte	50,11
000000c2 4c0b            887 	.byte	76,11
000000c4 270c            888 	.byte	39,12
000000c6 0000            889 	.byte	0,0
                         890 
                         891 	.section	.debug_frame
                         892 .LDW_4c7eb18:
00000090 00000000*       893 	.word	.LDW_unq_4-.LDW_unq_3
                         894 .LDW_unq_3:
00000094 00000000*       895 	.word	.LDW_4c53378
00000098 00000000*       896 	.word	_InitWATCF
0000009c 00000000*       897 	.word	___ghs_eofn_InitWATCF-_InitWATCF
000000a0 01              898 	.byte	1
000000a1 00000000*       899 	.word	.LDW11
000000a5 00              900 	.byte	0
000000a6 00              901 	.byte	0
000000a7 00              902 	.byte	0
                         903 .LDW_unq_4:
                         904 	.section	.debug_line
000002d5 000502          905 	.byte	0,5,2
000002d8 00000000*       906 	.word	_InitWATCF
000002dc 06              907 	.byte	6
000002dd 03              908 	.byte	3
000002de 17              909 	.byte	23
000002df 02              910 	.byte	2
000002e0 00              911 	.byte	0
000002e1 01              912 	.byte	1
000002e2 000502          913 	.byte	0,5,2
000002e5 00000000*       914 	.word	.LDWlin1
000002e9 0b              915 	.byte	11
000002ea 02              916 	.byte	2
000002eb 02              917 	.byte	2
000002ec 000101          918 	.byte	0,1,1
                         919 	.section	.debug_info

                                                                      Page 19
                                                              C:\Users\nhuliyap\AppData\Local\Temp\gh_0000de01.s
                         920 .LDW_180e730:
00000222 1d              921 	.byte	29
00000223 00000000*       922 	.word	.LDW01
00000227 00000000*       923 	.word	.LDW11
                         924 
                         925 	.section	.debug_abbrev
000000c8 1d              926 	.byte	29
000000c9 0b              927 	.byte	11
000000ca 01              928 	.byte	1
000000cb 1101            929 	.byte	17,1
000000cd 1201            930 	.byte	18,1
000000cf 0000            931 	.byte	0,0
                         932 
                         933 	.section	.debug_info
0000022b 00              934 	.byte	0
                         935 
0000022c 00              936 	.byte	0
                         937 
                         938 .LDW_4c06688:
0000022d 13              939 	.byte	19
0000022e 537461727457    940 	.strz	"StartWallocTOAlarm"
00000234 616c6c6f6354 
0000023a 4f416c61726d 
00000240 00 
00000241 1b              941 	.byte	27
00000242 06              942 	.byte	6
00000243 01              943 	.byte	1
00000244 00000000*       944 	.word	_StartWallocTOAlarm
00000248 00000000*       945 	.word	___ghs_eofn_StartWallocTOAlarm
0000024c 0153            946 	.byte	1,83
0000024e 02              947 	.byte	2
0000024f 00              948 	.byte	0
00000250 02              949 	.byte	2
00000251 00              950 	.byte	0
00000252 00              951 	.byte	0
00000253 00              952 	.byte	0
00000254 00              953 	.byte	0
00000255 01              954 	.byte	1
00000256 01              955 	.byte	1
00000257 00              956 	.byte	0
00000258 01              957 	.byte	1
                         958 
                         959 	.section	.debug_frame
                         960 .LDW_4c7df98:
000000a8 00000000*       961 	.word	.LDW_unq_6-.LDW_unq_5
                         962 .LDW_unq_5:
000000ac 00000000*       963 	.word	.LDW_4c53378
000000b0 00000000*       964 	.word	_StartWallocTOAlarm
000000b4 00000000*       965 	.word	___ghs_eofn_StartWallocTOAlarm-_StartWallocTOAlarm
000000b8 01              966 	.byte	1
000000b9 00000000*       967 	.word	.LDW51
000000bd 00              968 	.byte	0
000000be 00              969 	.byte	0
000000bf 00              970 	.byte	0
                         971 .LDW_unq_6:
                         972 	.section	.debug_line
000002ef 000502          973 	.byte	0,5,2
000002f2 00000000*       974 	.word	_StartWallocTOAlarm
000002f6 03              975 	.byte	3
000002f7 1b              976 	.byte	27
000002f8 02              977 	.byte	2

                                                                      Page 20
                                                              C:\Users\nhuliyap\AppData\Local\Temp\gh_0000de01.s
000002f9 00              978 	.byte	0
000002fa 01              979 	.byte	1
000002fb 06              980 	.byte	6
000002fc 1b              981 	.byte	27
000002fd 02              982 	.byte	2
000002fe 06              983 	.byte	6
000002ff 000101          984 	.byte	0,1,1
                         985 	.section	.debug_info
                         986 .LDW_4c06720:
00000259 0f              987 	.byte	15
0000025a 756354696d65    988 	.strz	"ucTimeInSec"
00000260 496e53656300 
00000266 1b              989 	.byte	27
00000267 20              990 	.byte	32
00000268 01              991 	.byte	1
00000269 00000000*       992 	.word	.LDW_4c06630
0000026d 00              993 	.byte	0
0000026e 0156            994 	.byte	1,86
                         995 
                         996 	.section	.debug_abbrev
000000d1 0f              997 	.byte	15
000000d2 05              998 	.byte	5
000000d3 00              999 	.byte	0
000000d4 0308           1000 	.byte	3,8
000000d6 3b0f           1001 	.byte	59,15
000000d8 390f           1002 	.byte	57,15
000000da 3a0f           1003 	.byte	58,15
000000dc 4910           1004 	.byte	73,16
000000de 4b0c           1005 	.byte	75,12
000000e0 020a           1006 	.byte	2,10
000000e2 0000           1007 	.byte	0,0
                        1008 
                        1009 	.section	.debug_info
                        1010 .LDW_180e5e0:
00000270 1d             1011 	.byte	29
00000271 00000000*      1012 	.word	.LDW41
00000275 00000000*      1013 	.word	.LDW51
                        1014 
00000279 00             1015 	.byte	0
                        1016 
0000027a 00             1017 	.byte	0
                        1018 
                        1019 .LDW_4c06778:
0000027b 13             1020 	.byte	19
0000027c 53746f705761   1021 	.strz	"StopWallocTOAlarm"
00000282 6c6c6f63544f 
00000288 416c61726d00 
0000028e 20             1022 	.byte	32
0000028f 06             1023 	.byte	6
00000290 01             1024 	.byte	1
00000291 00000000*      1025 	.word	_StopWallocTOAlarm
00000295 00000000*      1026 	.word	___ghs_eofn_StopWallocTOAlarm
00000299 0153           1027 	.byte	1,83
0000029b 02             1028 	.byte	2
0000029c 00             1029 	.byte	0
0000029d 02             1030 	.byte	2
0000029e 00             1031 	.byte	0
0000029f 00             1032 	.byte	0
000002a0 00             1033 	.byte	0
000002a1 00             1034 	.byte	0
000002a2 01             1035 	.byte	1

                                                                      Page 21
                                                              C:\Users\nhuliyap\AppData\Local\Temp\gh_0000de01.s
000002a3 01             1036 	.byte	1
000002a4 00             1037 	.byte	0
000002a5 01             1038 	.byte	1
                        1039 
                        1040 	.section	.debug_frame
                        1041 .LDW_4c7e018:
000000c0 00000000*      1042 	.word	.LDW_unq_8-.LDW_unq_7
                        1043 .LDW_unq_7:
000000c4 00000000*      1044 	.word	.LDW_4c53378
000000c8 00000000*      1045 	.word	_StopWallocTOAlarm
000000cc 00000000*      1046 	.word	___ghs_eofn_StopWallocTOAlarm-_StopWallocTOAlarm
000000d0 01             1047 	.byte	1
000000d1 00000000*      1048 	.word	.LDW71
000000d5 00             1049 	.byte	0
000000d6 00             1050 	.byte	0
000000d7 00             1051 	.byte	0
                        1052 .LDW_unq_8:
                        1053 	.section	.debug_line
00000302 000502         1054 	.byte	0,5,2
00000305 00000000*      1055 	.word	_StopWallocTOAlarm
00000309 06             1056 	.byte	6
0000030a 03             1057 	.byte	3
0000030b 21             1058 	.byte	33
0000030c 02             1059 	.byte	2
0000030d 00             1060 	.byte	0
0000030e 01             1061 	.byte	1
0000030f 02             1062 	.byte	2
00000310 08             1063 	.byte	8
00000311 000101         1064 	.byte	0,1,1
                        1065 	.section	.debug_info
                        1066 .LDW_180e460:
000002a6 1d             1067 	.byte	29
000002a7 00000000*      1068 	.word	.LDW61
000002ab 00000000*      1069 	.word	.LDW71
                        1070 
000002af 00             1071 	.byte	0
                        1072 
000002b0 00             1073 	.byte	0
                        1074 
                        1075 .LDW_4c06810:
000002b1 13             1076 	.byte	19
000002b2 436f6e74726f   1077 	.strz	"ControlWATO"
000002b8 6c5741544f00 
000002be 25             1078 	.byte	37
000002bf 06             1079 	.byte	6
000002c0 01             1080 	.byte	1
000002c1 00000000*      1081 	.word	_ControlWATO
000002c5 00000000*      1082 	.word	___ghs_eofn_ControlWATO
000002c9 0153           1083 	.byte	1,83
000002cb 828080800b     1084 	.byte	130,128,128,128,11
000002d0 0c             1085 	.byte	12
000002d1 03             1086 	.byte	3
000002d2 10             1087 	.byte	16
000002d3 00             1088 	.byte	0
000002d4 00             1089 	.byte	0
000002d5 00             1090 	.byte	0
000002d6 01             1091 	.byte	1
000002d7 01             1092 	.byte	1
000002d8 00             1093 	.byte	0
000002d9 01             1094 	.byte	1
                        1095 

                                                                      Page 22
                                                              C:\Users\nhuliyap\AppData\Local\Temp\gh_0000de01.s
                        1096 	.section	.debug_frame
                        1097 .LDW_4c7eb58:
000000d8 00000000*      1098 	.word	.LDW_unq_a-.LDW_unq_9
                        1099 .LDW_unq_9:
000000dc 00000000*      1100 	.word	.LDW_4c53378
000000e0 00000000*      1101 	.word	_ControlWATO
000000e4 00000000*      1102 	.word	___ghs_eofn_ControlWATO-_ControlWATO
000000e8 44             1103 	.byte	68
000000e9 9f             1104 	.byte	159
000000ea 03             1105 	.byte	3
000000eb 40             1106 	.byte	64
000000ec 9d             1107 	.byte	157
000000ed 07             1108 	.byte	7
000000ee 40             1109 	.byte	64
000000ef 9c             1110 	.byte	156
000000f0 0b             1111 	.byte	11
000000f1 01             1112 	.byte	1
000000f2 00000000*      1113 	.word	.LDW31
000000f6 00             1114 	.byte	0
000000f7 00             1115 	.byte	0
                        1116 .LDW_unq_a:
                        1117 	.section	.debug_line
00000314 000502         1118 	.byte	0,5,2
00000317 00000000*      1119 	.word	_ControlWATO
0000031b 03             1120 	.byte	3
0000031c 25             1121 	.byte	37
0000031d 02             1122 	.byte	2
0000031e 00             1123 	.byte	0
0000031f 01             1124 	.byte	1
00000320 06             1125 	.byte	6
00000321 35             1126 	.byte	53
00000322 000502         1127 	.byte	0,5,2
00000325 00000000*      1128 	.word	.LDWlin2
00000329 03             1129 	.byte	3
0000032a 30             1130 	.byte	48
0000032b 02             1131 	.byte	2
0000032c 00             1132 	.byte	0
0000032d 01             1133 	.byte	1
0000032e 0c             1134 	.byte	12
0000032f 000502         1135 	.byte	0,5,2
00000332 00000000*      1136 	.word	.LDWlin3
00000336 0b             1137 	.byte	11
00000337 1b             1138 	.byte	27
00000338 000502         1139 	.byte	0,5,2
0000033b 00000000*      1140 	.word	.LDWlin4
0000033f 03             1141 	.byte	3
00000340 50             1142 	.byte	80
00000341 02             1143 	.byte	2
00000342 00             1144 	.byte	0
00000343 01             1145 	.byte	1
00000344 1c             1146 	.byte	28
00000345 000502         1147 	.byte	0,5,2
00000348 00000000*      1148 	.word	.LDWlin5
0000034c 0b             1149 	.byte	11
0000034d 0b             1150 	.byte	11
0000034e 000502         1151 	.byte	0,5,2
00000351 00000000*      1152 	.word	.LDWlin6
00000355 0c             1153 	.byte	12
00000356 000502         1154 	.byte	0,5,2
00000359 00000000*      1155 	.word	.LDWlin7
0000035d 03             1156 	.byte	3

                                                                      Page 23
                                                              C:\Users\nhuliyap\AppData\Local\Temp\gh_0000de01.s
0000035e 04             1157 	.byte	4
0000035f 02             1158 	.byte	2
00000360 00             1159 	.byte	0
00000361 01             1160 	.byte	1
00000362 02             1161 	.byte	2
00000363 00             1162 	.byte	0
00000364 0b             1163 	.byte	11
00000365 02             1164 	.byte	2
00000366 00             1165 	.byte	0
00000367 0b             1166 	.byte	11
00000368 03             1167 	.byte	3
00000369 04             1168 	.byte	4
0000036a 02             1169 	.byte	2
0000036b 00             1170 	.byte	0
0000036c 01             1171 	.byte	1
0000036d 02             1172 	.byte	2
0000036e 00             1173 	.byte	0
0000036f 06             1174 	.byte	6
00000370 03             1175 	.byte	3
00000371 06             1176 	.byte	6
00000372 02             1177 	.byte	2
00000373 04             1178 	.byte	4
00000374 01             1179 	.byte	1
00000375 03             1180 	.byte	3
00000376 7c             1181 	.byte	124
00000377 02             1182 	.byte	2
00000378 00             1183 	.byte	0
00000379 01             1184 	.byte	1
0000037a 03             1185 	.byte	3
0000037b 7e             1186 	.byte	126
0000037c 02             1187 	.byte	2
0000037d 00             1188 	.byte	0
0000037e 01             1189 	.byte	1
0000037f 000502         1190 	.byte	0,5,2
00000382 00000000*      1191 	.word	.LDWlin8
00000386 03             1192 	.byte	3
00000387 79             1193 	.byte	121
00000388 02             1194 	.byte	2
00000389 00             1195 	.byte	0
0000038a 01             1196 	.byte	1
0000038b 06             1197 	.byte	6
0000038c 03             1198 	.byte	3
0000038d 0a             1199 	.byte	10
0000038e 02             1200 	.byte	2
0000038f 00             1201 	.byte	0
00000390 01             1202 	.byte	1
00000391 000502         1203 	.byte	0,5,2
00000394 00000000*      1204 	.word	.LDWlin9
00000398 03             1205 	.byte	3
00000399 04             1206 	.byte	4
0000039a 02             1207 	.byte	2
0000039b 00             1208 	.byte	0
0000039c 01             1209 	.byte	1
0000039d 000502         1210 	.byte	0,5,2
000003a0 00000000*      1211 	.word	.LDWlin10
000003a4 0b             1212 	.byte	11
000003a5 02             1213 	.byte	2
000003a6 00             1214 	.byte	0
000003a7 0b             1215 	.byte	11
000003a8 03             1216 	.byte	3
000003a9 04             1217 	.byte	4

                                                                      Page 24
                                                              C:\Users\nhuliyap\AppData\Local\Temp\gh_0000de01.s
000003aa 02             1218 	.byte	2
000003ab 00             1219 	.byte	0
000003ac 01             1220 	.byte	1
000003ad 02             1221 	.byte	2
000003ae 00             1222 	.byte	0
000003af 000502         1223 	.byte	0,5,2
000003b2 00000000*      1224 	.word	.LDWlin11
000003b6 0b             1225 	.byte	11
000003b7 0b             1226 	.byte	11
000003b8 000502         1227 	.byte	0,5,2
000003bb 00000000*      1228 	.word	.LDWlin12
000003bf 0b             1229 	.byte	11
000003c0 02             1230 	.byte	2
000003c1 00             1231 	.byte	0
000003c2 0b             1232 	.byte	11
000003c3 03             1233 	.byte	3
000003c4 04             1234 	.byte	4
000003c5 02             1235 	.byte	2
000003c6 00             1236 	.byte	0
000003c7 01             1237 	.byte	1
000003c8 02             1238 	.byte	2
000003c9 00             1239 	.byte	0
000003ca 000502         1240 	.byte	0,5,2
000003cd 00000000*      1241 	.word	.LDWlin13
000003d1 0b             1242 	.byte	11
000003d2 0b             1243 	.byte	11
000003d3 2b             1244 	.byte	43
000003d4 02             1245 	.byte	2
000003d5 00             1246 	.byte	0
000003d6 0b             1247 	.byte	11
000003d7 000502         1248 	.byte	0,5,2
000003da 00000000*      1249 	.word	.LDWlin14
000003de 0b             1250 	.byte	11
000003df 03             1251 	.byte	3
000003e0 07             1252 	.byte	7
000003e1 02             1253 	.byte	2
000003e2 00             1254 	.byte	0
000003e3 01             1255 	.byte	1
000003e4 0b             1256 	.byte	11
000003e5 02             1257 	.byte	2
000003e6 04             1258 	.byte	4
000003e7 000101         1259 	.byte	0,1,1
                        1260 	.section	.debug_info
                        1261 .LDW_4c068a8:
000002da 0f             1262 	.byte	15
000002db 7563436f6d6d   1263 	.strz	"ucCommand"
000002e1 616e6400 
000002e5 25             1264 	.byte	37
000002e6 19             1265 	.byte	25
000002e7 01             1266 	.byte	1
000002e8 00000000*      1267 	.word	.LDW_4c06630
000002ec 00             1268 	.byte	0
000002ed 0156           1269 	.byte	1,86
                        1270 
                        1271 .LDW_4c06900:
000002ef 0f             1272 	.byte	15
000002f0 756354696d65   1273 	.strz	"ucTimeInSec"
000002f6 496e53656300 
000002fc 25             1274 	.byte	37
000002fd 2a             1275 	.byte	42
000002fe 01             1276 	.byte	1

                                                                      Page 25
                                                              C:\Users\nhuliyap\AppData\Local\Temp\gh_0000de01.s
000002ff 00000000*      1277 	.word	.LDW_4c06630
00000303 00             1278 	.byte	0
00000304 016c           1279 	.byte	1,108
                        1280 
                        1281 .LDW_180e790:
00000306 1d             1282 	.byte	29
00000307 00000000*      1283 	.word	.LDW21
0000030b 00000000*      1284 	.word	.LDW31
                        1285 
                        1286 .LDW_4c069b0:
0000030f 04             1287 	.byte	4
00000310 75736848656c   1288 	.strz	"ushHelp"
00000316 7000 
00000318 27             1289 	.byte	39
00000319 0a             1290 	.byte	10
0000031a 01             1291 	.byte	1
0000031b 00000000*      1292 	.word	.LDW_4c06958
0000031f 00             1293 	.byte	0
00000320 00             1294 	.byte	0
00000321 0273           1295 	.byte	2,115
00000323 02             1296 	.byte	2
                        1297 
00000324 00             1298 	.byte	0
                        1299 
00000325 00             1300 	.byte	0
                        1301 
00000326 00             1302 	.byte	0
                        1303 
                        1304 	.section	.debug_line
                        1305 .Ldw_line_end:
                        1306 	.section	.debug_macinfo
00000000 01             1307 	.byte	1
00000001 00             1308 	.byte	0
00000002 5f5f6768735f   1309 	.strz	"__ghs__ 1"
00000008 5f203100 
0000000c 01             1310 	.byte	1
0000000d 00             1311 	.byte	0
0000000e 5f5f4c4c4f4e   1312 	.strz	"__LLONG_BIT 64"
00000014 475f42495420 
0000001a 363400 
0000001d 01             1313 	.byte	1
0000001e 00             1314 	.byte	0
0000001f 494254434d5f   1315 	.strz	"IBTCM_SW_ANPASSUNGEN 1"
00000025 53575f414e50 
0000002b 415353554e47 
00000031 454e203100 
00000036 01             1316 	.byte	1
00000037 00             1317 	.byte	0
00000038 4255494c445f   1318 	.strz	"BUILD_LORDSTOWN 1"
0000003e 4c4f52445354 
00000044 4f574e203100 
0000004a 03             1319 	.byte	3
0000004b 00             1320 	.byte	0
0000004c 01             1321 	.byte	1
0000004d 01             1322 	.byte	1
0000004e 03             1323 	.byte	3
0000004f 57415443465f   1324 	.strz	"WATCF_C "
00000055 432000 
00000058 03             1325 	.byte	3
00000059 06             1326 	.byte	6
0000005a 02             1327 	.byte	2

                                                                      Page 26
                                                              C:\Users\nhuliyap\AppData\Local\Temp\gh_0000de01.s
0000005b 03             1328 	.byte	3
0000005c 06             1329 	.byte	6
0000005d 03             1330 	.byte	3
0000005e 03             1331 	.byte	3
0000005f 04             1332 	.byte	4
00000060 04             1333 	.byte	4
00000061 03             1334 	.byte	3
00000062 07             1335 	.byte	7
00000063 05             1336 	.byte	5
00000064 03             1337 	.byte	3
00000065 1c             1338 	.byte	28
00000066 06             1339 	.byte	6
00000067 01             1340 	.byte	1
00000068 3c             1341 	.byte	60
00000069 545255452031   1342 	.strz	"TRUE 1u"
0000006f 7500 
00000071 01             1343 	.byte	1
00000072 40             1344 	.byte	64
00000073 46414c534520   1345 	.strz	"FALSE 0u"
00000079 307500 
0000007c 04             1346 	.byte	4
0000007d 03             1347 	.byte	3
0000007e 1d             1348 	.byte	29
0000007f 07             1349 	.byte	7
00000080 03             1350 	.byte	3
00000081 1b             1351 	.byte	27
00000082 08             1352 	.byte	8
00000083 03             1353 	.byte	3
00000084 54             1354 	.byte	84
00000085 09             1355 	.byte	9
00000086 04             1356 	.byte	4
00000087 04             1357 	.byte	4
00000088 04             1358 	.byte	4
00000089 04             1359 	.byte	4
0000008a 04             1360 	.byte	4
0000008b 01             1361 	.byte	1
0000008c 0e             1362 	.byte	14
0000008d 50524f445543   1363 	.strz	"PRODUCTION_SW 0x0"
00000093 54494f4e5f53 
00000099 572030783000 
0000009f 01             1364 	.byte	1
000000a0 0f             1365 	.byte	15
000000a1 444556454c4f   1366 	.strz	"DEVELOPMENT_SW 0x1"
000000a7 504d454e545f 
000000ad 535720307831 
000000b3 00 
000000b4 01             1367 	.byte	1
000000b5 10             1368 	.byte	16
000000b6 53575f434154   1369 	.strz	"SW_CATEGORY PRODUCTION_SW"
000000bc 45474f525920 
000000c2 50524f445543 
000000c8 54494f4e5f53 
000000ce 5700 
000000d0 04             1370 	.byte	4
000000d1 01             1371 	.byte	1
000000d2 08             1372 	.byte	8
000000d3 4d41585f5349   1373 	.strz	"MAX_SIZE_WS_TELEGRAM 16U"
000000d9 5a455f57535f 
000000df 54454c454752 
000000e5 414d20313655 
000000eb 00 

                                                                      Page 27
                                                              C:\Users\nhuliyap\AppData\Local\Temp\gh_0000de01.s
000000ec 01             1374 	.byte	1
000000ed 11             1375 	.byte	17
000000ee 4e564d5f424c   1376 	.strz	"NVM_BLOCK_TYPE uint32"
000000f4 4f434b5f5459 
000000fa 50452075696e 
00000100 74333200 
00000104 04             1377 	.byte	4
00000105 03             1378 	.byte	3
00000106 07             1379 	.byte	7
00000107 0a             1380 	.byte	10
00000108 03             1381 	.byte	3
00000109 06             1382 	.byte	6
0000010a 0b             1383 	.byte	11
0000010b 04             1384 	.byte	4
0000010c 01             1385 	.byte	1
0000010d 18             1386 	.byte	24
0000010e 53454e534f52   1387 	.strz	"SENSOR_AUFLOESUNG_25MBAR "
00000114 5f4155464c4f 
0000011a 4553554e475f 
00000120 32354d424152 
00000126 2000 
00000128 04             1388 	.byte	4
00000129 03             1389 	.byte	3
0000012a 08             1390 	.byte	8
0000012b 0c             1391 	.byte	12
0000012c 03             1392 	.byte	3
0000012d 04             1393 	.byte	4
0000012e 0d             1394 	.byte	13
0000012f 03             1395 	.byte	3
00000130 08             1396 	.byte	8
00000131 0e             1397 	.byte	14
00000132 04             1398 	.byte	4
00000133 04             1399 	.byte	4
00000134 04             1400 	.byte	4
00000135 03             1401 	.byte	3
00000136 09             1402 	.byte	9
00000137 0f             1403 	.byte	15
00000138 01             1404 	.byte	1
00000139 09             1405 	.byte	9
0000013a 635741544f5f   1406 	.strz	"cWATO_STOP_ALARM ((uint8) 0x01)"
00000140 53544f505f41 
00000146 4c41524d2028 
0000014c 2875696e7438 
00000152 292030783031 
00000158 2900 
0000015a 01             1407 	.byte	1
0000015b 0a             1408 	.byte	10
0000015c 635741544f5f   1409 	.strz	"cWATO_START_ALARM ((uint8) 0x02)"
00000162 53544152545f 
00000168 414c41524d20 
0000016e 282875696e74 
00000174 382920307830 
0000017a 322900 
0000017d 01             1410 	.byte	1
0000017e 0b             1411 	.byte	11
0000017f 635741544f5f   1412 	.strz	"cWATO_READ_ALARM ((uint8) 0x04)"
00000185 524541445f41 
0000018b 4c41524d2028 
00000191 2875696e7438 
00000197 292030783034 
0000019d 2900 

                                                                      Page 28
                                                              C:\Users\nhuliyap\AppData\Local\Temp\gh_0000de01.s
0000019f 01             1413 	.byte	1
000001a0 0c             1414 	.byte	12
000001a1 635741544f5f   1415 	.strz	"cWATO_BREAK_ALARM ((uint8) 0x08)"
000001a7 425245414b5f 
000001ad 414c41524d20 
000001b3 282875696e74 
000001b9 382920307830 
000001bf 382900 
000001c2 01             1416 	.byte	1
000001c3 0d             1417 	.byte	13
000001c4 635741544f5f   1418 	.strz	"cWATO_RESTART_ALARM ((uint8) 0x10)"
000001ca 524553544152 
000001d0 545f414c4152 
000001d6 4d2028287569 
000001dc 6e7438292030 
000001e2 7831302900 
000001e7 04             1419 	.byte	4
000001e8 03             1420 	.byte	3
000001e9 0a             1421 	.byte	10
000001ea 10             1422 	.byte	16
000001eb 01             1423 	.byte	1
000001ec 07             1424 	.byte	7
000001ed 6352535f5654   1425 	.strz	"cRS_VTHRES ((uint16) 0x0002)"
000001f3 485245532028 
000001f9 2875696e7431 
000001ff 362920307830 
00000205 3030322900 
0000020a 04             1426 	.byte	4
0000020b 03             1427 	.byte	3
0000020c 0b             1428 	.byte	11
0000020d 11             1429 	.byte	17
0000020e 01             1430 	.byte	1
0000020f 63             1431 	.byte	99
00000210 756344656657   1432 	.strz	"ucDefWATOTimeInSec (unsigned char) 60"
00000216 41544f54696d 
0000021c 65496e536563 
00000222 2028756e7369 
00000228 676e65642063 
0000022e 686172292036 
00000234 3000 
00000236 01             1433 	.byte	1
00000237 9d01           1434 	.byte	157,1
00000239 4650412000     1435 	.strz	"FPA "
0000023e 01             1436 	.byte	1
0000023f 9f01           1437 	.byte	159,1
00000241 4142535f5465   1438 	.strz	"ABS_Test_LOG_ENABLE "
00000247 73745f4c4f47 
0000024d 5f454e41424c 
00000253 452000 
00000256 04             1439 	.byte	4
00000257 04             1440 	.byte	4
00000258 00             1441 	.byte	0
                        1442 	.section	.debug_abbrev
000000e4 00             1443 	.byte	0
                        1444 	.section	.debug_info
                        1445 .Ldw_end:
                        1446 .rh850_flags REGMODE32,DATA_ALIGN8,GP_FIX,EP_NONFIX,TP_FIX,REG2_RESERVE,G3K,GHS_MISALIGN,SDA_EXTRA_REGS_0
