                                                                      Page 1
                                                              C:\Users\nhuliyap\AppData\Local\Temp\gh_000030g1.s
Command Line: C:\ghs\comp_201517\ease850.exe -w -elf -b0 -I../source/common -I../source/ProjectCompiler -I../source/ProjectCfg -I../source/SwcApplTpms -I../source/SwcApplTpms/Intface -I../source/SwcApplEcuM -I../source/SwcServiceEcuM -I../source/SwcServiceNvM -I../source/SwcServiceOs -I../source/SwcServiceStartUp -I../source/McalAdc -I../source/McalDio -I../source/McalGpt -I../source/McalMcu -I../source/McalWdg -I../source/wrappers -I../source/wrappers/McalAta -I../source/McalLin -I../source/McalCan -I../source/wrappers/OS -I../source/McalFls -I../source/EcuabFee -I../source/EcuabMemIf -I../source/wrappers/VStdLib -I../source/wrappers/Crc -I../source/wrappers/FBL_APPL -I../source/wrappers/CAN_MANAGER -I../source/wrappers/NVM_MANAGER -I../source/wrappers/DEM_MANAGER -I../source/wrappers/RDC_MANAGER -I../source/wrappers/ENV_MANAGER -I../source/wrappers/SYS_MANAGER -I../source/wrappers/EcuabCanIf -I../source/wrappers/SwcServiceCanSM -I../source/wrappers/SwcServiceCanTp -I../source/wrappers/SwcServiceCanTp_PreCompile -I../source/wrappers/SwcServiceCom -I../source/wrappers/SwcServiceComM -I../source/wrappers/SwcServiceComStack -I../source/wrappers/SwcServiceDcm -I../source/wrappers/SwcServicePduR -I../source/wrappers/SwcServiceEcuM -I../source/wrappers/Bfx -I../source/wrappers/SwcServiceDem -I../source/SwcServiceDet -I../source/SwcServiceFiM -I../source/wrappers/LibAutosarDiag -I../source/wrappers/rba_BswSrv -I../source/SwcServiceSchM -I../source/wrappers/SwcServiceComM/Integration -I../source/wrappers/SwcServicePduR/Integration -I../source/wrappers/EcuabCanIf/Integration -I../source/wrappers/SwcServiceCom/Integration -I../source/wrappers/SwcServiceCanTp/Integration -I../source/wrappers/SwcServiceEcuM/Integration -I../source/SwcServiceDet/Integration -I../source/wrappers/SwcServiceDcm/Integration -I../source/wrappers/SwcServiceDem/Integration -I../source/SwcServiceFiM/Integration -I../source/wrappers/EcuabCanIf/api -I../source/wrappers/SwcServiceCom/api -I../source/wrappers/SwcServiceComM/api -I../source/wrappers/SwcServicePduR/api -I../source/wrappers/Bfx/api -I../source/SwcServiceDet/api -I../source/SwcServiceFiM/api -I../source/wrappers/LibAutosarDiag/api -I../source/wrappers/rba_BswSrv/api -IC:\ghs\comp_201517\lib\rh850 -cg_underscore -cpu=rh850g3k -no_v850_simd -rh850_fpsimd=none -nomacro -patch_dbo=C:\_ECU2\ECU_Rivian_A1\Target\repo_projects\pRealEcu\cL_R2023.09.01\make\output\objects\WTDHW.dbo -source=WTDHW.c -o output\objects\gh_000030g1.o -list=output\list\WTDHW.lst C:\Users\nhuliyap\AppData\Local\Temp\gh_000030g1.s 
Original File: C:\Users\nhuliyap\AppData\Local\Temp\gh_000030g1.s
Source File: WTDHW.c
Directory: C:\_ECU2\ECU_Rivian_A1\Target\repo_projects\pRealEcu\cL_R2023.09.01\make
Host OS: Windows
EASE: Copyright (C) 1983-2015 Green Hills Software.  All Rights Reserved.
Release: Compiler v2015.1.7
Build Directory: [Directory] BTOWORKER6:c:/build_2015_1_bto/2015-10-21.2100-2015_1_bto/win32-comp-ecom
Revision: [VCInfo] http://toolsvc/branches/release-branch-70-bto/src@544153 (built by build)
Revision Date: Thu Oct 22 07:50:13 2015

Release Date: Thu Oct 22 09:32:32 2015

                           1 --Driver Command: ccv850 ../source/SwcApplTpms/WTDHW.c -cpu=rh850 -fhard
                           2 --		-ignore_callt_state_in_interrupts -large_sda -misalign_pack
                           3 --		-nofarcalls -nofloatio -no_callt -Ogeneral -Onounroll
                           4 --		-prepare_dispose -registermode=32 -reserve_r2 -sda=0
                           5 --		-shorten_loads -Wshadow --brief_diagnostics --no_commons
                           6 --		--no_wrap_diagnostics --prototype_errors --short_enum -list -G
                           7 --		-dual_debug -dwarf -X5523 -lnk=-no_xda_modifications -D
                           8 --		NOT_READY_FOR_TESTING_OR_DEPLOYMENT -D IBTCM_SW_ANPASSUNGEN -D
                           9 --		BUILD_LORDSTOWN -c -inline_prologue -I../source/common
                          10 --		-I../source/ProjectCompiler -I../source/ProjectCfg
                          11 --		-I../source/SwcApplTpms -I../source/SwcApplTpms/Intface
                          12 --		-I../source/SwcApplEcuM -I../source/SwcServiceEcuM
                          13 --		-I../source/SwcServiceNvM -I../source/SwcServiceOs
                          14 --		-I../source/SwcServiceStartUp -I../source/McalAdc
                          15 --		-I../source/McalDio -I../source/McalGpt -I../source/McalMcu
                          16 --		-I../source/McalWdg -I../source/wrappers
                          17 --		-I../source/wrappers/McalAta -I../source/McalLin
                          18 --		-I../source/McalCan -I../source/wrappers/OS -I../source/McalFls
                          19 --		-I../source/EcuabFee -I../source/EcuabMemIf
                          20 --		-I../source/wrappers/VStdLib -I../source/wrappers
                          21 --		-I../source/wrappers/Crc -I../source/wrappers/FBL_APPL
                          22 --		-I../source/wrappers/CAN_MANAGER -I../source/wrappers/NVM_MANAGER
                          23 --		-I../source/wrappers/DEM_MANAGER -I../source/wrappers/RDC_MANAGER
                          24 --		-I../source/wrappers/ENV_MANAGER -I../source/wrappers/SYS_MANAGER
                          25 --		-I../source/wrappers/EcuabCanIf
                          26 --		-I../source/wrappers/SwcServiceCanSM
                          27 --		-I../source/wrappers/SwcServiceCanTp
                          28 --		-I../source/wrappers/SwcServiceCanTp_PreCompile
                          29 --		-I../source/wrappers/SwcServiceCom
                          30 --		-I../source/wrappers/SwcServiceComM
                          31 --		-I../source/wrappers/SwcServiceComStack
                          32 --		-I../source/wrappers/SwcServiceDcm
                          33 --		-I../source/wrappers/SwcServicePduR
                          34 --		-I../source/wrappers/SwcServiceEcuM -I../source/wrappers/Bfx
                          35 --		-I../source/wrappers/SwcServiceDem -I../source/SwcServiceDet
                          36 --		-I../source/SwcServiceFiM -I../source/wrappers/LibAutosarDiag
                          37 --		-I../source/wrappers/rba_BswSrv -I../source/SwcServiceSchM
                          38 --		-I../source/wrappers/SwcServiceComM/Integration
                          39 --		-I../source/wrappers/SwcServicePduR/Integration
                          40 --		-I../source/wrappers/EcuabCanIf/Integration
                          41 --		-I../source/wrappers/SwcServiceCom/Integration
                          42 --		-I../source/wrappers/SwcServiceCanTp/Integration
                          43 --		-I../source/wrappers/SwcServiceEcuM/Integration
                          44 --		-I../source/SwcServiceDet/Integration
                          45 --		-I../source/wrappers/SwcServiceDcm/Integration
                          46 --		-I../source/wrappers/SwcServiceDem/Integration
                          47 --		-I../source/SwcServiceFiM/Integration
                          48 --		-I../source/wrappers/EcuabCanIf/api
                          49 --		-I../source/wrappers/SwcServiceCom/api
                          50 --		-I../source/wrappers/SwcServiceComM/api

                                                                      Page 2
                                                              C:\Users\nhuliyap\AppData\Local\Temp\gh_000030g1.s
                          51 --		-I../source/wrappers/SwcServicePduR/api
                          52 --		-I../source/wrappers/Bfx/api -I../source/SwcServiceDet/api
                          53 --		-I../source/SwcServiceFiM/api
                          54 --		-I../source/wrappers/LibAutosarDiag/api
                          55 --		-I../source/wrappers/rba_BswSrv/api -object_dir=output/objects
                          56 --		-list_dir=output/list
                          57 --Source File:   ../source/SwcApplTpms/WTDHW.c
                          58 --Directory:     
                          59 --		C:\_ECU2\ECU_Rivian_A1\Target\repo_projects\pRealEcu\cL_R2023.09.01\make
                          60 --Compile Date:  Wed Sep 06 08:59:57 2023
                          61 --Host OS:       Win32
                          62 --Version:       C-RH850 2015.1.7 RELEASE VERSION
                          63 --Release:       Compiler v2015.1.7
                          64 --Revision Date: Thu Oct 22 08:06:12 2015
                          65 --Release Date:  Thu Oct 22 09:34:32 2015
                          66 -- ecom  -g -w -OM
                          67 	.text
                          68 ..bof.C.3A.5C_ECU2.5CECU_Rivian_A1.5CTarget.5Crepo_projects.5CpRealEcu.5CcL_R2023.2E09.2E01.5Cmake.5Coutput.5Cobjects.5CWTDHW...43.3A.5C_ECU2.5CECU_Rivian_A1.5CTarget.5Crepo_projects.5CpRealEcu.5CcL_R2023.2E09.2E01.5Cmake..64F8236D..0::
                          69 	.align	2
                          70 ..gh.f.f.1.e.0:
                          71 	.type	..gh.f.f.1.e.0,@object
                          72 	.size	..gh.f.f.1.e.0,0
                          73 	.global	_bDHW
                          74 _bDHW:
00000000 8007e100         75 	prepare	{r28,r29,r31},0
00000004 06e8             76 	mov	r6,r29
                          77 --	    .bf
                          78 .LDW01:
00000006 86370100         79 	ld.bu	0[r6],r6
0000000a 3c0600000000*    80 	mov	_aucLastPressureM1DHW,r28
00000010 06f0             81 	mov	r6,ep
00000012 dcf1             82 	add	r28,ep
00000014 6098             83 	sld.bu	0[ep],r19
00000016 e099             84 	cmp	zero,r19
00000018 8a15*            85 	bne	.L4
                          86 --line28
                          87 ..lin.C.3A.5C_ECU2.5CECU_Rivian_A1.5CTarget.5Crepo_projects.5CpRealEcu.5CcL_R2023.2E09.2E01.5Cmake.5Coutput.5Cobjects.5CWTDHW.1::
                          88 .LDWlin1:
0000001a bd7f0100         89 	ld.bu	1[r29],r15
0000001e 033a             90 	mov	3,r7
00000020 807b             91 	sst.b	r15,0[ep]
                          92 	jarl	_ClearWarnBitWN,lp
                          92 <EXPANSION BEGIN>
                          92 jarl22 _ClearWarnBitWN , lp 
00000022 80ff0000*        92 <EXPANSION END>
                          93 --line31
                          94 ..lin.C.3A.5C_ECU2.5CECU_Rivian_A1.5CTarget.5Crepo_projects.5CpRealEcu.5CcL_R2023.2E09.2E01.5Cmake.5Coutput.5Cobjects.5CWTDHW.2::
                          95 .LDWlin2:
00000026 9df70100         96 	ld.bu	0[r29],ep
0000002a 0052             97 	mov	0,r10
0000002c dcf1             98 	add	r28,ep
0000002e 6070             99 	sld.bu	0[ep],r14
00000030 5d771000        100 	st.b	r14,16[r29]
00000034 4006ff00        101 	dispose	0,{r28,r29,r31},[lp]
                         102 .L4:
                         103 --line36
                         104 ..lin.C.3A.5C_ECU2.5CECU_Rivian_A1.5CTarget.5Crepo_projects.5CpRealEcu.5CcL_R2023.2E09.2E01.5Cmake.5Coutput.5Cobjects.5CWTDHW.3::
                         105 .LDWlin3:
00000038 9d670500        106 	ld.bu	4[r29],r12
0000003c cc6e0300        107 	andi	3,r12,r13
00000040 626a            108 	cmp	2,r13

                                                                      Page 3
                                                              C:\Users\nhuliyap\AppData\Local\Temp\gh_000030g1.s
00000042 9a15*           109 	bne	.L8
00000044 fd970700        110 	ld.hu	6[r29],r18
00000048 1206ecff        111 	addi	-20,r18,zero
0000004c c90d*           112 	bnl	.L8
0000004e bd8f0100        113 	ld.bu	1[r29],r17
00000052 115e0800        114 	addi	8,r17,r11
00000056 f359            115 	cmp	r19,r11
00000058 ef05*           116 	bgt	.L8
                         117 --line41
                         118 ..lin.C.3A.5C_ECU2.5CECU_Rivian_A1.5CTarget.5Crepo_projects.5CpRealEcu.5CcL_R2023.2E09.2E01.5Cmake.5Coutput.5Cobjects.5CWTDHW.4::
                         119 .LDWlin4:
0000005a 033a            120 	mov	3,r7
                         121 	jarl	_ucSetWarnBitWN,lp
                         121 <EXPANSION BEGIN>
                         121 jarl22 _ucSetWarnBitWN , lp 
0000005c 80ff0000*       121 <EXPANSION END>
00000060 4006ff00        122 	dispose	0,{r28,r29,r31},[lp]
                         123 .L8:
                         124 --line44
                         125 ..lin.C.3A.5C_ECU2.5CECU_Rivian_A1.5CTarget.5Crepo_projects.5CpRealEcu.5CcL_R2023.2E09.2E01.5Cmake.5Coutput.5Cobjects.5CWTDHW.5::
                         126 .LDWlin5:
00000064 033a            127 	mov	3,r7
                         128 	jarl	_ucGetWarnBitWN,lp
                         128 <EXPANSION BEGIN>
                         128 jarl22 _ucGetWarnBitWN , lp 
00000066 80ff0000*       128 <EXPANSION END>
0000006a fd870700        129 	ld.hu	6[r29],r16
0000006e 6152            130 	cmp	1,r10
00000070 ba0d*           131 	bne	.L14
                         132 --line46
                         133 ..lin.C.3A.5C_ECU2.5CECU_Rivian_A1.5CTarget.5Crepo_projects.5CpRealEcu.5CcL_R2023.2E09.2E01.5Cmake.5Coutput.5Cobjects.5CWTDHW.6::
                         134 .LDWlin6:
00000072 e081            135 	cmp	zero,r16
00000074 ca1d*           136 	bne	.L2
                         137 --line49
                         138 ..lin.C.3A.5C_ECU2.5CECU_Rivian_A1.5CTarget.5Crepo_projects.5CpRealEcu.5CcL_R2023.2E09.2E01.5Cmake.5Coutput.5Cobjects.5CWTDHW.7::
                         139 .LDWlin7:
00000076 9d370100        140 	ld.bu	0[r29],r6
0000007a 033a            141 	mov	3,r7
                         142 	jarl	_ClearWarnBitWN,lp
                         142 <EXPANSION BEGIN>
                         142 jarl22 _ClearWarnBitWN , lp 
0000007c 80ff0000*       142 <EXPANSION END>
                         143 --line50
                         144 ..lin.C.3A.5C_ECU2.5CECU_Rivian_A1.5CTarget.5Crepo_projects.5CpRealEcu.5CcL_R2023.2E09.2E01.5Cmake.5Coutput.5Cobjects.5CWTDHW.8::
                         145 .LDWlin8:
00000080 0052            146 	mov	0,r10
00000082 4006ff00        147 	dispose	0,{r28,r29,r31},[lp]
                         148 .L14:
                         149 --line58
                         150 ..lin.C.3A.5C_ECU2.5CECU_Rivian_A1.5CTarget.5Crepo_projects.5CpRealEcu.5CcL_R2023.2E09.2E01.5Cmake.5Coutput.5Cobjects.5CWTDHW.9::
                         151 .LDWlin9:
00000086 e081            152 	cmp	zero,r16
00000088 fa05*           153 	bne	.L22
                         154 --line60
                         155 ..lin.C.3A.5C_ECU2.5CECU_Rivian_A1.5CTarget.5Crepo_projects.5CpRealEcu.5CcL_R2023.2E09.2E01.5Cmake.5Coutput.5Cobjects.5CWTDHW.10::
                         156 .LDWlin10:
0000008a 9df70100        157 	ld.bu	0[r29],ep
0000008e bd4f0100        158 	ld.bu	1[r29],r9
00000092 dcf1            159 	add	r28,ep
00000094 804b            160 	sst.b	r9,0[ep]

                                                                      Page 4
                                                              C:\Users\nhuliyap\AppData\Local\Temp\gh_000030g1.s
                         161 .L22:
00000096 9d370100        162 	ld.bu	0[r29],r6
0000009a 033a            163 	mov	3,r7
0000009c 06f0            164 	mov	r6,ep
0000009e dcf1            165 	add	r28,ep
000000a0 6040            166 	sld.bu	0[ep],r8
000000a2 5d471000        167 	st.b	r8,16[r29]
                         168 	jarl	_ClearWarnBitWN,lp
                         168 <EXPANSION BEGIN>
                         168 jarl22 _ClearWarnBitWN , lp 
000000a6 80ff0000*       168 <EXPANSION END>
                         169 --line66
                         170 ..lin.C.3A.5C_ECU2.5CECU_Rivian_A1.5CTarget.5Crepo_projects.5CpRealEcu.5CcL_R2023.2E09.2E01.5Cmake.5Coutput.5Cobjects.5CWTDHW.11::
                         171 .LDWlin11:
000000aa 0052            172 	mov	0,r10
                         173 .L2:
                         174 --	    .ef
                         175 .LDW11:
000000ac 4006ff00        176 	dispose	0,{r28,r29,r31},[lp]
                         177 	.global	___ghs_eofn_bDHW
                         178 ___ghs_eofn_bDHW:
                         179 	.type	_bDHW,@function
                         180 	.size	_bDHW,.-_bDHW
                         181 	.align	2
                         182 
                         183 --_ptLWD	r29	param
                         184 --_ucWarnCfg	none	param
                         185 
                         186 	.section ".bss","awb"
                         187 	.align	4
                         188 .L124:
                         189 	.type	.L124,@object
                         190 	.size	.L124,0
                         191 	.global	_aucLastPressureM1DHW..C.3A.5C_ECU2.5CECU_Rivian_A1.5CTarget.5Crepo_projects.5CpRealEcu.5CcL_R2023.2E09.2E01.5Cmake.5Coutput.5Cobjects.5CWTDHW.
                         192 _aucLastPressureM1DHW..C.3A.5C_ECU2.5CECU_Rivian_A1.5CTarget.5Crepo_projects.5CpRealEcu.5CcL_R2023.2E09.2E01.5Cmake.5Coutput.5Cobjects.5CWTDHW.:
00000000 00000000        193 _aucLastPressureM1DHW:	.space	4
                         194 	.type	_aucLastPressureM1DHW..C.3A.5C_ECU2.5CECU_Rivian_A1.5CTarget.5Crepo_projects.5CpRealEcu.5CcL_R2023.2E09.2E01.5Cmake.5Coutput.5Cobjects.5CWTDHW.,@object
                         195 	.size	_aucLastPressureM1DHW..C.3A.5C_ECU2.5CECU_Rivian_A1.5CTarget.5Crepo_projects.5CpRealEcu.5CcL_R2023.2E09.2E01.5Cmake.5Coutput.5Cobjects.5CWTDHW.,4
                         196 	.type	_aucLastPressureM1DHW,@object
                         197 	.size	_aucLastPressureM1DHW,4
                         198 	.data
                         199 	.text
                         200 	.align	2
                         201 	.align	2
                         202 ..gh.f.f.1.e.1:
                         203 	.type	..gh.f.f.1.e.1,@object
                         204 	.size	..gh.f.f.1.e.1,0
                         205 	.global	_ResetM1Pressure
                         206 _ResetM1Pressure:
000000b0 8600            207 	zxb	r6
000000b2 320600000000*   208 	mov	_aucLastPressureM1DHW,r18
                         209 --	    .bf
                         210 .LDW21:
                         211 --line74
                         212 ..lin.C.3A.5C_ECU2.5CECU_Rivian_A1.5CTarget.5Crepo_projects.5CpRealEcu.5CcL_R2023.2E09.2E01.5Cmake.5Coutput.5Cobjects.5CWTDHW.12::
                         213 .LDWlin12:
000000b8 6432            214 	cmp	4,r6
000000ba d905*           215 	bnl	.L257
                         216 --line76
                         217 ..lin.C.3A.5C_ECU2.5CECU_Rivian_A1.5CTarget.5Crepo_projects.5CpRealEcu.5CcL_R2023.2E09.2E01.5Cmake.5Coutput.5Cobjects.5CWTDHW.13::
                         218 .LDWlin13:

                                                                      Page 5
                                                              C:\Users\nhuliyap\AppData\Local\Temp\gh_000030g1.s
000000bc 06f0            219 	mov	r6,ep
000000be d2f1            220 	add	r18,ep
000000c0 8003            221 	sst.b	zero,0[ep]
000000c2 7f00            222 	jmp	[lp]
                         223 .L257:
                         224 --line79
                         225 ..lin.C.3A.5C_ECU2.5CECU_Rivian_A1.5CTarget.5Crepo_projects.5CpRealEcu.5CcL_R2023.2E09.2E01.5Cmake.5Coutput.5Cobjects.5CWTDHW.14::
                         226 .LDWlin14:
000000c4 0032            227 	mov	0,r6
                         228 .L262:
000000c6 06f0            229 	mov	r6,ep
000000c8 4132            230 	add	1,r6
000000ca d2f1            231 	add	r18,ep
000000cc 8600            232 	zxb	r6
000000ce 8003            233 	sst.b	zero,0[ep]
000000d0 6432            234 	cmp	4,r6
000000d2 a1fd*           235 	bl	.L262
                         236 --	    .ef
                         237 .LDW31:
                         238 --line84
                         239 ..lin.C.3A.5C_ECU2.5CECU_Rivian_A1.5CTarget.5Crepo_projects.5CpRealEcu.5CcL_R2023.2E09.2E01.5Cmake.5Coutput.5Cobjects.5CWTDHW.15::
                         240 .LDWlin15:
000000d4 7f00            241 	jmp	[lp]
                         242 	.global	___ghs_eofn_ResetM1Pressure
                         243 ___ghs_eofn_ResetM1Pressure:
                         244 	.type	_ResetM1Pressure,@function
                         245 	.size	_ResetM1Pressure,.-_ResetM1Pressure
                         246 	.align	2
                         247 
                         248 --_i	r6	param
                         249 
                         250 	.data
                         251 	.text
                         252 	.align	2
                         253 --_aucLastPressureM1DHW	_aucLastPressureM1DHW	static
                         254 
                         255 	.data
                         256 	.ghsnote version,17
                         257 	.ghsnote tools,3
                         258 	.ghsnote options,144
                         259 	.text
                         260 	.align	2
                         261 ..eof.C.3A.5C_ECU2.5CECU_Rivian_A1.5CTarget.5Crepo_projects.5CpRealEcu.5CcL_R2023.2E09.2E01.5Cmake.5Coutput.5Cobjects.5CWTDHW...43.3A.5C_ECU2.5CECU_Rivian_A1.5CTarget.5Crepo_projects.5CpRealEcu.5CcL_R2023.2E09.2E01.5Cmake..64F8236D..0::
                         262 	.section	.debug_info
                         263 .Ldw_begin:
00000000 92040000        264 	.word	.Ldw_end-.Ldw_begin-4
00000004 0200            265 	.byte	2,0
00000006 00000000*       266 	.word	.Ldw_abbr_begin
0000000a 04              267 	.byte	4
                         268 	.section	.debug_abbrev
                         269 .Ldw_abbr_begin:
                         270 	.section	.debug_info
0000000b 01              271 	.byte	1
0000000c 00000000*       272 	.word	..bof.C.3A.5C_ECU2.5CECU_Rivian_A1.5CTarget.5Crepo_projects.5CpRealEcu.5CcL_R2023.2E09.2E01.5Cmake.5Coutput.5Cobjects.5CWTDHW...43.3A.5C_ECU2.5CECU_Rivian_A1.5CTarget.5Crepo_projects.5CpRealEcu.5CcL_R2023.2E09.2E01.5Cmake..64F8236D..0
00000010 00000000*       273 	.word	..eof.C.3A.5C_ECU2.5CECU_Rivian_A1.5CTarget.5Crepo_projects.5CpRealEcu.5CcL_R2023.2E09.2E01.5Cmake.5Coutput.5Cobjects.5CWTDHW...43.3A.5C_ECU2.5CECU_Rivian_A1.5CTarget.5Crepo_projects.5CpRealEcu.5CcL_R2023.2E09.2E01.5Cmake..64F8236D..0
00000014 2e2e2f736f75    274 	.strz	"../source/SwcApplTpms/WTDHW.c"
0000001a 7263652f5377 
00000020 634170706c54 
00000026 706d732f5754 
0000002c 4448572e6300 
00000032 433a5c5f4543    275 	.strz	"C:\\_ECU2\\ECU_Rivian_A1\\Target\\repo_projects\\pRealEcu\\cL_R2023.09.01\\make"

                                                                      Page 6
                                                              C:\Users\nhuliyap\AppData\Local\Temp\gh_000030g1.s
00000038 55325c454355 
0000003e 5f5269766961 
00000044 6e5f41315c54 
0000004a 61726765745c 
00000050 7265706f5f70 
00000056 726f6a656374 
0000005c 735c70526561 
00000062 6c4563755c63 
00000068 4c5f52323032 
0000006e 332e30392e30 
00000074 315c6d616b65 
0000007a 00 
0000007b 474853204320    276 	.strz	"GHS C 2015.1.7 [dual]"
00000081 323031352e31 
00000087 2e37205b6475 
0000008d 616c5d00 
00000091 0100            277 	.byte	1,0
00000093 00000000*       278 	.word	.Ldw_line_begin
00000097 00000000*       279 	.word	.Ldw_macinfo_begin
0000009b 00              280 	.byte	0
                         281 
                         282 	.section	.debug_abbrev
00000000 01              283 	.byte	1
00000001 11              284 	.byte	17
00000002 01              285 	.byte	1
00000003 1101            286 	.byte	17,1
00000005 1201            287 	.byte	18,1
00000007 0308            288 	.byte	3,8
00000009 1b08            289 	.byte	27,8
0000000b 2508            290 	.byte	37,8
0000000d 1305            291 	.byte	19,5
0000000f 1006            292 	.byte	16,6
00000011 4306            293 	.byte	67,6
00000013 420b            294 	.byte	66,11
00000015 0000            295 	.byte	0,0
                         296 
                         297 	.section	.debug_line
                         298 .Ldw_line_begin:
00000000 9b020000        299 	.word	.Ldw_line_end-.Ldw_line_begin-4
00000004 0200            300 	.byte	2,0
00000006 00000000*       301 	.word	.Ldw_lpro_end-.Ldw_lpro_begin
                         302 .Ldw_lpro_begin:
0000000a 01              303 	.byte	1
0000000b 00              304 	.byte	0
0000000c 00              305 	.byte	0
0000000d 04              306 	.byte	4
0000000e 0a              307 	.byte	10
0000000f 000101          308 	.byte	0,1,1
00000012 010100          309 	.byte	1,1,0
00000015 000001          310 	.byte	0,0,1
00000018 00              311 	.byte	0
00000019 2e2e2f736f75    312 	.strz	"../source/SwcApplTpms/WTDHW.c"
0000001f 7263652f5377 
00000025 634170706c54 
0000002b 706d732f5754 
00000031 4448572e6300 
00000037 000000          313 	.byte	0,0,0
0000003a 2e2e2f736f75    314 	.strz	"../source/SwcApplTpms/global.hpp"
00000040 7263652f5377 
00000046 634170706c54 
0000004c 706d732f676c 

                                                                      Page 7
                                                              C:\Users\nhuliyap\AppData\Local\Temp\gh_000030g1.s
00000052 6f62616c2e68 
00000058 707000 
0000005b 000000          315 	.byte	0,0,0
0000005e 2e2e2f736f75    316 	.strz	"../source/SwcApplTpms/Tpms_Rte_Data_Type.hpp"
00000064 7263652f5377 
0000006a 634170706c54 
00000070 706d732f5470 
00000076 6d735f527465 
0000007c 5f446174615f 
00000082 547970652e68 
00000088 707000 
0000008b 000000          317 	.byte	0,0,0
0000008e 2e2e2f736f75    318 	.strz	"../source/McalMcu/Types.hpp"
00000094 7263652f4d63 
0000009a 616c4d63752f 
000000a0 54797065732e 
000000a6 68707000 
000000aa 000000          319 	.byte	0,0,0
000000ad 2e2e2f736f75    320 	.strz	"../source/common/Std_Types.hpp"
000000b3 7263652f636f 
000000b9 6d6d6f6e2f53 
000000bf 74645f547970 
000000c5 65732e687070 
000000cb 00 
000000cc 000000          321 	.byte	0,0,0
000000cf 2e2e2f736f75    322 	.strz	"../source/common/Platform_Types.hpp"
000000d5 7263652f636f 
000000db 6d6d6f6e2f50 
000000e1 6c6174666f72 
000000e7 6d5f54797065 
000000ed 732e68707000 
000000f3 000000          323 	.byte	0,0,0
000000f6 2e2e2f736f75    324 	.strz	"../source/common/Compiler.hpp"
000000fc 7263652f636f 
00000102 6d6d6f6e2f43 
00000108 6f6d70696c65 
0000010e 722e68707000 
00000114 000000          325 	.byte	0,0,0
00000117 2e2e2f736f75    326 	.strz	"../source/ProjectCompiler/Compiler_Cfg.hpp"
0000011d 7263652f5072 
00000123 6f6a65637443 
00000129 6f6d70696c65 
0000012f 722f436f6d70 
00000135 696c65725f43 
0000013b 66672e687070 
00000141 00 
00000142 000000          327 	.byte	0,0,0
00000145 2e2e2f736f75    328 	.strz	"../source/ProjectCompiler/CompilerCfg_SwcServiceOs.hpp"
0000014b 7263652f5072 
00000151 6f6a65637443 
00000157 6f6d70696c65 
0000015d 722f436f6d70 
00000163 696c65724366 
00000169 675f53776353 
0000016f 657276696365 
00000175 4f732e687070 
0000017b 00 
0000017c 000000          329 	.byte	0,0,0
0000017f 2e2e2f736f75    330 	.strz	"../source/SwcApplTpms/uswarn.hpp"
00000185 7263652f5377 
0000018b 634170706c54 

                                                                      Page 8
                                                              C:\Users\nhuliyap\AppData\Local\Temp\gh_000030g1.s
00000191 706d732f7573 
00000197 7761726e2e68 
0000019d 707000 
000001a0 000000          331 	.byte	0,0,0
000001a3 2e2e2f736f75    332 	.strz	"../source/SwcApplTpms/WnTypePar.hpp"
000001a9 7263652f5377 
000001af 634170706c54 
000001b5 706d732f576e 
000001bb 547970655061 
000001c1 722e68707000 
000001c7 000000          333 	.byte	0,0,0
000001ca 00              334 	.byte	0
                         335 .Ldw_lpro_end:
                         336 	.section	.debug_macinfo
                         337 .Ldw_macinfo_begin:
                         338 	.section	.debug_frame
                         339 .LDW_4aa5c58:
00000000 00000000*       340 	.word	.LDW_unq_2-.LDW_unq_1
                         341 .LDW_unq_1:
00000004 ffffffff        342 	.byte	255,255,255,255
00000008 01              343 	.byte	1
00000009 00              344 	.byte	0
0000000a 01              345 	.byte	1
0000000b 01              346 	.byte	1
0000000c 1f              347 	.byte	31
0000000d 0c              348 	.byte	12
0000000e 03              349 	.byte	3
0000000f 00              350 	.byte	0
00000010 07              351 	.byte	7
00000011 00              352 	.byte	0
00000012 07              353 	.byte	7
00000013 01              354 	.byte	1
00000014 07              355 	.byte	7
00000015 02              356 	.byte	2
00000016 07              357 	.byte	7
00000017 03              358 	.byte	3
00000018 07              359 	.byte	7
00000019 04              360 	.byte	4
0000001a 07              361 	.byte	7
0000001b 05              362 	.byte	5
0000001c 07              363 	.byte	7
0000001d 06              364 	.byte	6
0000001e 07              365 	.byte	7
0000001f 07              366 	.byte	7
00000020 07              367 	.byte	7
00000021 08              368 	.byte	8
00000022 07              369 	.byte	7
00000023 09              370 	.byte	9
00000024 07              371 	.byte	7
00000025 0a              372 	.byte	10
00000026 07              373 	.byte	7
00000027 0b              374 	.byte	11
00000028 07              375 	.byte	7
00000029 0c              376 	.byte	12
0000002a 07              377 	.byte	7
0000002b 0d              378 	.byte	13
0000002c 07              379 	.byte	7
0000002d 0e              380 	.byte	14
0000002e 07              381 	.byte	7
0000002f 0f              382 	.byte	15
00000030 07              383 	.byte	7

                                                                      Page 9
                                                              C:\Users\nhuliyap\AppData\Local\Temp\gh_000030g1.s
00000031 10              384 	.byte	16
00000032 07              385 	.byte	7
00000033 11              386 	.byte	17
00000034 07              387 	.byte	7
00000035 12              388 	.byte	18
00000036 07              389 	.byte	7
00000037 13              390 	.byte	19
00000038 08              391 	.byte	8
00000039 14              392 	.byte	20
0000003a 08              393 	.byte	8
0000003b 15              394 	.byte	21
0000003c 08              395 	.byte	8
0000003d 16              396 	.byte	22
0000003e 08              397 	.byte	8
0000003f 17              398 	.byte	23
00000040 08              399 	.byte	8
00000041 18              400 	.byte	24
00000042 08              401 	.byte	8
00000043 19              402 	.byte	25
00000044 08              403 	.byte	8
00000045 1a              404 	.byte	26
00000046 08              405 	.byte	8
00000047 1b              406 	.byte	27
00000048 08              407 	.byte	8
00000049 1c              408 	.byte	28
0000004a 08              409 	.byte	8
0000004b 1d              410 	.byte	29
0000004c 07              411 	.byte	7
0000004d 1e              412 	.byte	30
0000004e 08              413 	.byte	8
0000004f 1f              414 	.byte	31
00000050 07              415 	.byte	7
00000051 20              416 	.byte	32
00000052 07              417 	.byte	7
00000053 21              418 	.byte	33
00000054 07              419 	.byte	7
00000055 22              420 	.byte	34
00000056 07              421 	.byte	7
00000057 23              422 	.byte	35
00000058 07              423 	.byte	7
00000059 24              424 	.byte	36
0000005a 07              425 	.byte	7
0000005b 25              426 	.byte	37
0000005c 07              427 	.byte	7
0000005d 26              428 	.byte	38
0000005e 07              429 	.byte	7
0000005f 27              430 	.byte	39
00000060 07              431 	.byte	7
00000061 28              432 	.byte	40
00000062 07              433 	.byte	7
00000063 29              434 	.byte	41
00000064 07              435 	.byte	7
00000065 2a              436 	.byte	42
00000066 07              437 	.byte	7
00000067 2b              438 	.byte	43
00000068 07              439 	.byte	7
00000069 2c              440 	.byte	44
0000006a 07              441 	.byte	7
0000006b 2d              442 	.byte	45
0000006c 07              443 	.byte	7
0000006d 2e              444 	.byte	46

                                                                      Page 10
                                                              C:\Users\nhuliyap\AppData\Local\Temp\gh_000030g1.s
0000006e 07              445 	.byte	7
0000006f 2f              446 	.byte	47
00000070 07              447 	.byte	7
00000071 30              448 	.byte	48
00000072 07              449 	.byte	7
00000073 31              450 	.byte	49
00000074 07              451 	.byte	7
00000075 32              452 	.byte	50
00000076 07              453 	.byte	7
00000077 33              454 	.byte	51
00000078 07              455 	.byte	7
00000079 34              456 	.byte	52
0000007a 07              457 	.byte	7
0000007b 35              458 	.byte	53
0000007c 07              459 	.byte	7
0000007d 36              460 	.byte	54
0000007e 07              461 	.byte	7
0000007f 37              462 	.byte	55
00000080 07              463 	.byte	7
00000081 38              464 	.byte	56
00000082 07              465 	.byte	7
00000083 39              466 	.byte	57
00000084 07              467 	.byte	7
00000085 3a              468 	.byte	58
00000086 07              469 	.byte	7
00000087 3b              470 	.byte	59
00000088 07              471 	.byte	7
00000089 3c              472 	.byte	60
0000008a 07              473 	.byte	7
0000008b 3d              474 	.byte	61
0000008c 07              475 	.byte	7
0000008d 3e              476 	.byte	62
0000008e 07              477 	.byte	7
0000008f 3f              478 	.byte	63
                         479 .LDW_unq_2:
                         480 	.section	.debug_info
                         481 .LDW_3fe6e68:
0000009c 25              482 	.byte	37
0000009d 756e7369676e    483 	.strz	"unsigned char"
000000a3 656420636861 
000000a9 7200 
000000ab 08              484 	.byte	8
000000ac 01              485 	.byte	1
                         486 
                         487 	.section	.debug_abbrev
00000017 25              488 	.byte	37
00000018 24              489 	.byte	36
00000019 00              490 	.byte	0
0000001a 0308            491 	.byte	3,8
0000001c 3e0b            492 	.byte	62,11
0000001e 0b0b            493 	.byte	11,11
00000020 0000            494 	.byte	0,0
                         495 
                         496 	.section	.debug_info
                         497 .LDW_3fe6df8:
000000ad 2f              498 	.byte	47
000000ae 00000000*       499 	.word	.LDW_402a008
                         500 
                         501 	.section	.debug_abbrev
00000022 2f              502 	.byte	47
00000023 0f              503 	.byte	15

                                                                      Page 11
                                                              C:\Users\nhuliyap\AppData\Local\Temp\gh_000030g1.s
00000024 00              504 	.byte	0
00000025 4910            505 	.byte	73,16
00000027 0000            506 	.byte	0,0
                         507 
                         508 	.section	.debug_info
                         509 .LDW_3fe7300:
000000b2 44              510 	.byte	68
000000b3 00000000*       511 	.word	.LDW_3fe6e68
000000b7 01              512 	.byte	1
                         513 
                         514 	.section	.debug_abbrev
00000029 44              515 	.byte	68
0000002a 15              516 	.byte	21
0000002b 01              517 	.byte	1
0000002c 4910            518 	.byte	73,16
0000002e 270c            519 	.byte	39,12
00000030 0000            520 	.byte	0,0
                         521 
                         522 	.section	.debug_info
                         523 .LDW_402a8f0:
000000b8 12              524 	.byte	18
000000b9 00000000*       525 	.word	.LDW_3fe6df8
000000bd 00              526 	.byte	0
                         527 
                         528 	.section	.debug_abbrev
00000032 12              529 	.byte	18
00000033 05              530 	.byte	5
00000034 00              531 	.byte	0
00000035 4910            532 	.byte	73,16
00000037 4b0c            533 	.byte	75,12
00000039 0000            534 	.byte	0,0
                         535 
                         536 	.section	.debug_info
                         537 .LDW_402a740:
000000be 12              538 	.byte	18
000000bf 00000000*       539 	.word	.LDW_3fe6e68
000000c3 00              540 	.byte	0
                         541 
000000c4 00              542 	.byte	0
                         543 
                         544 .LDW_402a258:
000000c5 29              545 	.byte	41
000000c6 00000000*       546 	.word	.LDW_3fe6e68
                         547 
                         548 	.section	.debug_abbrev
0000003b 29              549 	.byte	41
0000003c 26              550 	.byte	38
0000003d 00              551 	.byte	0
0000003e 4910            552 	.byte	73,16
00000040 0000            553 	.byte	0,0
                         554 
                         555 	.section	.debug_info
                         556 .LDW_3fe7060:
000000ca 25              557 	.byte	37
000000cb 756e7369676e    558 	.strz	"unsigned short"
000000d1 65642073686f 
000000d7 727400 
000000da 07              559 	.byte	7
000000db 02              560 	.byte	2
                         561 
                         562 .LDW_4ade6c8:

                                                                      Page 12
                                                              C:\Users\nhuliyap\AppData\Local\Temp\gh_000030g1.s
000000dc 29              563 	.byte	41
000000dd 00000000*       564 	.word	.LDW_3fe7060
                         565 
                         566 .LDW_3fe71e8:
000000e1 45              567 	.byte	69
000000e2 01              568 	.byte	1
                         569 
                         570 	.section	.debug_abbrev
00000042 45              571 	.byte	69
00000043 15              572 	.byte	21
00000044 01              573 	.byte	1
00000045 270c            574 	.byte	39,12
00000047 0000            575 	.byte	0,0
                         576 
                         577 	.section	.debug_info
                         578 .LDW_402a920:
000000e3 12              579 	.byte	18
000000e4 00000000*       580 	.word	.LDW_3fe6e68
000000e8 00              581 	.byte	0
                         582 
000000e9 00              583 	.byte	0
                         584 
                         585 .LDW_3fe6ed8:
000000ea 25              586 	.byte	37
000000eb 7369676e6564    587 	.strz	"signed char"
000000f1 206368617200 
000000f7 06              588 	.byte	6
000000f8 01              589 	.byte	1
                         590 
                         591 .LDW_3fe7140:
000000f9 25              592 	.byte	37
000000fa 696e7400        593 	.strz	"int"
000000fe 05              594 	.byte	5
000000ff 04              595 	.byte	4
                         596 
                         597 .LDW_4ade970:
00000100 3a              598 	.byte	58
00000101 00              599 	.byte	0
00000102 0c              600 	.byte	12
00000103 00000000*       601 	.word	.LDW_3fe6e68
                         602 
                         603 	.section	.debug_abbrev
00000049 3a              604 	.byte	58
0000004a 01              605 	.byte	1
0000004b 01              606 	.byte	1
0000004c 090b            607 	.byte	9,11
0000004e 0b0f            608 	.byte	11,15
00000050 4910            609 	.byte	73,16
00000052 0000            610 	.byte	0,0
                         611 
                         612 	.section	.debug_info
00000107 32              613 	.byte	50
00000108 00000000*       614 	.word	.LDW_3fe7140
0000010c 04              615 	.byte	4
0000010d 00              616 	.byte	0
0000010e 0b              617 	.byte	11
                         618 
                         619 	.section	.debug_abbrev
00000054 32              620 	.byte	50
00000055 21              621 	.byte	33
00000056 00              622 	.byte	0

                                                                      Page 13
                                                              C:\Users\nhuliyap\AppData\Local\Temp\gh_000030g1.s
00000057 4910            623 	.byte	73,16
00000059 0b0f            624 	.byte	11,15
0000005b 220d            625 	.byte	34,13
0000005d 2f0d            626 	.byte	47,13
0000005f 0000            627 	.byte	0,0
                         628 
                         629 	.section	.debug_info
0000010f 00              630 	.byte	0
                         631 
                         632 .LDW_4adea80:
00000110 3a              633 	.byte	58
00000111 00              634 	.byte	0
00000112 04              635 	.byte	4
00000113 00000000*       636 	.word	.LDW_3fe6e68
                         637 
00000117 32              638 	.byte	50
00000118 00000000*       639 	.word	.LDW_3fe7140
0000011c 04              640 	.byte	4
0000011d 00              641 	.byte	0
0000011e 03              642 	.byte	3
                         643 
0000011f 00              644 	.byte	0
                         645 
                         646 .LDW_3fe7028:
00000120 44              647 	.byte	68
00000121 00000000*       648 	.word	.LDW_3fe6e68
00000125 01              649 	.byte	1
                         650 
                         651 .LDW_402a530:
00000126 12              652 	.byte	18
00000127 00000000*       653 	.word	.LDW_3fe6e68
0000012b 00              654 	.byte	0
                         655 
                         656 .LDW_402a830:
0000012c 12              657 	.byte	18
0000012d 00000000*       658 	.word	.LDW_3fe6e68
00000131 00              659 	.byte	0
                         660 
00000132 00              661 	.byte	0
                         662 
                         663 .LDW_3fe70d0:
00000133 45              664 	.byte	69
00000134 01              665 	.byte	1
                         666 
                         667 .LDW_402a560:
00000135 12              668 	.byte	18
00000136 00000000*       669 	.word	.LDW_3fe6e68
0000013a 00              670 	.byte	0
                         671 
                         672 .LDW_402a950:
0000013b 12              673 	.byte	18
0000013c 00000000*       674 	.word	.LDW_3fe6e68
00000140 00              675 	.byte	0
                         676 
00000141 00              677 	.byte	0
                         678 
                         679 .LDW_3fe7220:
00000142 44              680 	.byte	68
00000143 00000000*       681 	.word	.LDW_3fe6e68
00000147 01              682 	.byte	1
                         683 

                                                                      Page 14
                                                              C:\Users\nhuliyap\AppData\Local\Temp\gh_000030g1.s
                         684 .LDW_402a620:
00000148 12              685 	.byte	18
00000149 00000000*       686 	.word	.LDW_3fe6e68
0000014d 00              687 	.byte	0
                         688 
                         689 .LDW_402a7d0:
0000014e 12              690 	.byte	18
0000014f 00000000*       691 	.word	.LDW_3fe6e68
00000153 00              692 	.byte	0
                         693 
00000154 00              694 	.byte	0
                         695 
                         696 .LDW_402a1a8:
00000155 28              697 	.byte	40
00000156 75696e743800    698 	.strz	"uint8"
0000015c 50              699 	.byte	80
0000015d 4b              700 	.byte	75
0000015e 06              701 	.byte	6
0000015f 00000000*       702 	.word	.LDW_3fe6e68
                         703 
                         704 	.section	.debug_abbrev
00000061 28              705 	.byte	40
00000062 16              706 	.byte	22
00000063 00              707 	.byte	0
00000064 0308            708 	.byte	3,8
00000066 3b0f            709 	.byte	59,15
00000068 390f            710 	.byte	57,15
0000006a 3a0f            711 	.byte	58,15
0000006c 4910            712 	.byte	73,16
0000006e 0000            713 	.byte	0,0
                         714 
                         715 	.section	.debug_info
                         716 .LDW_4aa7478:
00000163 40              717 	.byte	64
00000164 536f6c6c4461    718 	.strz	"SollDat"
0000016a 7400 
0000016c 29              719 	.byte	41
0000016d 08              720 	.byte	8
0000016e 0a              721 	.byte	10
0000016f 04              722 	.byte	4
00000170 01              723 	.byte	1
                         724 
                         725 	.section	.debug_abbrev
00000070 40              726 	.byte	64
00000071 13              727 	.byte	19
00000072 01              728 	.byte	1
00000073 0308            729 	.byte	3,8
00000075 3b0f            730 	.byte	59,15
00000077 390f            731 	.byte	57,15
00000079 3a0f            732 	.byte	58,15
0000007b 0b0f            733 	.byte	11,15
0000007d 320b            734 	.byte	50,11
0000007f 0000            735 	.byte	0,0
                         736 
                         737 	.section	.debug_info
                         738 .LDW_402d1f0:
00000171 23              739 	.byte	35
00000172 756350536f6c    740 	.strz	"ucPSoll"
00000178 6c00 
0000017a 2b              741 	.byte	43
0000017b 11              742 	.byte	17

                                                                      Page 15
                                                              C:\Users\nhuliyap\AppData\Local\Temp\gh_000030g1.s
0000017c 0a              743 	.byte	10
0000017d 00000000*       744 	.word	.LDW_3fe6e68
00000181 0223            745 	.byte	2,35
00000183 00              746 	.byte	0
00000184 01              747 	.byte	1
                         748 
                         749 	.section	.debug_abbrev
00000081 23              750 	.byte	35
00000082 0d              751 	.byte	13
00000083 00              752 	.byte	0
00000084 0308            753 	.byte	3,8
00000086 3b0f            754 	.byte	59,15
00000088 390f            755 	.byte	57,15
0000008a 3a0f            756 	.byte	58,15
0000008c 4910            757 	.byte	73,16
0000008e 380a            758 	.byte	56,10
00000090 320b            759 	.byte	50,11
00000092 0000            760 	.byte	0,0
                         761 
                         762 	.section	.debug_info
                         763 .LDW_402d238:
00000185 23              764 	.byte	35
00000186 736354536f6c    765 	.strz	"scTSoll"
0000018c 6c00 
0000018e 2c              766 	.byte	44
0000018f 0f              767 	.byte	15
00000190 0a              768 	.byte	10
00000191 00000000*       769 	.word	.LDW_3fe6ed8
00000195 0223            770 	.byte	2,35
00000197 01              771 	.byte	1
00000198 01              772 	.byte	1
                         773 
                         774 .LDW_402d280:
00000199 23              775 	.byte	35
0000019a 7573684d536f    776 	.strz	"ushMSoll"
000001a0 6c6c00 
000001a3 2d              777 	.byte	45
000001a4 12              778 	.byte	18
000001a5 0a              779 	.byte	10
000001a6 00000000*       780 	.word	.LDW_3fe7060
000001aa 0223            781 	.byte	2,35
000001ac 02              782 	.byte	2
000001ad 01              783 	.byte	1
                         784 
000001ae 00              785 	.byte	0
                         786 
                         787 .LDW_4aa7580:
000001af 40              788 	.byte	64
000001b0 484654656c49    789 	.strz	"HFTelIntern"
000001b6 6e7465726e00 
000001bc 30              790 	.byte	48
000001bd 08              791 	.byte	8
000001be 0a              792 	.byte	10
000001bf 0c              793 	.byte	12
000001c0 01              794 	.byte	1
                         795 
                         796 .LDW_402cdb8:
000001c1 23              797 	.byte	35
000001c2 7563496400      798 	.strz	"ucId"
000001c7 32              799 	.byte	50
000001c8 11              800 	.byte	17

                                                                      Page 16
                                                              C:\Users\nhuliyap\AppData\Local\Temp\gh_000030g1.s
000001c9 0a              801 	.byte	10
000001ca 00000000*       802 	.word	.LDW_3fe6e68
000001ce 0223            803 	.byte	2,35
000001d0 00              804 	.byte	0
000001d1 01              805 	.byte	1
                         806 
                         807 .LDW_402cd70:
000001d2 23              808 	.byte	35
000001d3 75635000        809 	.strz	"ucP"
000001d7 33              810 	.byte	51
000001d8 11              811 	.byte	17
000001d9 0a              812 	.byte	10
000001da 00000000*       813 	.word	.LDW_3fe6e68
000001de 0223            814 	.byte	2,35
000001e0 01              815 	.byte	1
000001e1 01              816 	.byte	1
                         817 
                         818 .LDW_402d0d0:
000001e2 23              819 	.byte	35
000001e3 736354574500    820 	.strz	"scTWE"
000001e9 34              821 	.byte	52
000001ea 0f              822 	.byte	15
000001eb 0a              823 	.byte	10
000001ec 00000000*       824 	.word	.LDW_3fe6ed8
000001f0 0223            825 	.byte	2,35
000001f2 02              826 	.byte	2
000001f3 01              827 	.byte	1
                         828 
                         829 .LDW_402d088:
000001f4 23              830 	.byte	35
000001f5 75634c696665    831 	.strz	"ucLifeTime"
000001fb 54696d6500 
00000200 35              832 	.byte	53
00000201 11              833 	.byte	17
00000202 0a              834 	.byte	10
00000203 00000000*       835 	.word	.LDW_3fe6e68
00000207 0223            836 	.byte	2,35
00000209 03              837 	.byte	3
0000020a 01              838 	.byte	1
                         839 
                         840 .LDW_402d118:
0000020b 23              841 	.byte	35
0000020c 756353746174    842 	.strz	"ucState"
00000212 6500 
00000214 36              843 	.byte	54
00000215 11              844 	.byte	17
00000216 0a              845 	.byte	10
00000217 00000000*       846 	.word	.LDW_3fe6e68
0000021b 0223            847 	.byte	2,35
0000021d 04              848 	.byte	4
0000021e 01              849 	.byte	1
                         850 
                         851 .LDW_402ce90:
0000021f 23              852 	.byte	35
00000220 757368566568    853 	.strz	"ushVehicleSpeed"
00000226 69636c655370 
0000022c 65656400 
00000230 37              854 	.byte	55
00000231 12              855 	.byte	18
00000232 0a              856 	.byte	10
00000233 00000000*       857 	.word	.LDW_3fe7060

                                                                      Page 17
                                                              C:\Users\nhuliyap\AppData\Local\Temp\gh_000030g1.s
00000237 0223            858 	.byte	2,35
00000239 06              859 	.byte	6
0000023a 01              860 	.byte	1
                         861 
                         862 .LDW_402d2c8:
0000023b 23              863 	.byte	35
0000023c 7363546100      864 	.strz	"scTa"
00000241 38              865 	.byte	56
00000242 0f              866 	.byte	15
00000243 0a              867 	.byte	10
00000244 00000000*       868 	.word	.LDW_3fe6ed8
00000248 0223            869 	.byte	2,35
0000024a 08              870 	.byte	8
0000024b 01              871 	.byte	1
                         872 
                         873 .LDW_402d358:
0000024c 23              874 	.byte	35
0000024d 736354726566    875 	.strz	"scTref"
00000253 00 
00000254 39              876 	.byte	57
00000255 0f              877 	.byte	15
00000256 0a              878 	.byte	10
00000257 00000000*       879 	.word	.LDW_3fe6ed8
0000025b 0223            880 	.byte	2,35
0000025d 09              881 	.byte	9
0000025e 01              882 	.byte	1
                         883 
                         884 .LDW_402cf20:
0000025f 23              885 	.byte	35
00000260 75634b4c5374    886 	.strz	"ucKLState"
00000266 61746500 
0000026a 3a              887 	.byte	58
0000026b 11              888 	.byte	17
0000026c 0a              889 	.byte	10
0000026d 00000000*       890 	.word	.LDW_3fe6e68
00000271 0223            891 	.byte	2,35
00000273 0a              892 	.byte	10
00000274 01              893 	.byte	1
                         894 
00000275 00              895 	.byte	0
                         896 
                         897 .LDW_4aa71b8:
00000276 42              898 	.byte	66
00000277 484654656c41    899 	.strz	"HFTelAccess"
0000027d 636365737300 
00000283 3d              900 	.byte	61
00000284 07              901 	.byte	7
00000285 0a              902 	.byte	10
00000286 0c              903 	.byte	12
00000287 01              904 	.byte	1
                         905 
                         906 	.section	.debug_abbrev
00000094 42              907 	.byte	66
00000095 17              908 	.byte	23
00000096 01              909 	.byte	1
00000097 0308            910 	.byte	3,8
00000099 3b0f            911 	.byte	59,15
0000009b 390f            912 	.byte	57,15
0000009d 3a0f            913 	.byte	58,15
0000009f 0b0f            914 	.byte	11,15
000000a1 320b            915 	.byte	50,11

                                                                      Page 18
                                                              C:\Users\nhuliyap\AppData\Local\Temp\gh_000030g1.s
000000a3 0000            916 	.byte	0,0
                         917 
                         918 	.section	.debug_info
                         919 .LDW_402ced8:
00000288 23              920 	.byte	35
00000289 74484600        921 	.strz	"tHF"
0000028d 3f              922 	.byte	63
0000028e 16              923 	.byte	22
0000028f 0a              924 	.byte	10
00000290 00000000*       925 	.word	.LDW_4aa7580
00000294 0223            926 	.byte	2,35
00000296 00              927 	.byte	0
00000297 01              928 	.byte	1
                         929 
                         930 .LDW_402d160:
00000298 23              931 	.byte	35
00000299 756342797465    932 	.strz	"ucByte"
0000029f 00 
000002a0 40              933 	.byte	64
000002a1 11              934 	.byte	17
000002a2 0a              935 	.byte	10
000002a3 00000000*       936 	.word	.LDW_4ade970
000002a7 0223            937 	.byte	2,35
000002a9 00              938 	.byte	0
000002aa 01              939 	.byte	1
                         940 
000002ab 00              941 	.byte	0
                         942 
                         943 .LDW_402a008:
000002ac 40              944 	.byte	64
000002ad 4c6f63616c57    945 	.strz	"LocalWarnDat"
000002b3 61726e446174 
000002b9 00 
000002ba 43              946 	.byte	67
000002bb 08              947 	.byte	8
000002bc 0a              948 	.byte	10
000002bd 12              949 	.byte	18
000002be 01              950 	.byte	1
                         951 
                         952 .LDW_402d1a8:
000002bf 23              953 	.byte	35
000002c0 7448464400      954 	.strz	"tHFD"
000002c5 45              955 	.byte	69
000002c6 15              956 	.byte	21
000002c7 0a              957 	.byte	10
000002c8 00000000*       958 	.word	.LDW_4aa71b8
000002cc 0223            959 	.byte	2,35
000002ce 00              960 	.byte	0
000002cf 01              961 	.byte	1
                         962 
                         963 .LDW_402cd28:
000002d0 23              964 	.byte	35
000002d1 74534400        965 	.strz	"tSD"
000002d5 46              966 	.byte	70
000002d6 12              967 	.byte	18
000002d7 0a              968 	.byte	10
000002d8 00000000*       969 	.word	.LDW_4aa7478
000002dc 0223            970 	.byte	2,35
000002de 0c              971 	.byte	12
000002df 01              972 	.byte	1
                         973 

                                                                      Page 19
                                                              C:\Users\nhuliyap\AppData\Local\Temp\gh_000030g1.s
                         974 .LDW_402cf68:
000002e0 23              975 	.byte	35
000002e1 756343757257    976 	.strz	"ucCurWarnLevel"
000002e7 61726e4c6576 
000002ed 656c00 
000002f0 47              977 	.byte	71
000002f1 11              978 	.byte	17
000002f2 0a              979 	.byte	10
000002f3 00000000*       980 	.word	.LDW_3fe6e68
000002f7 0223            981 	.byte	2,35
000002f9 10              982 	.byte	16
000002fa 01              983 	.byte	1
                         984 
                         985 .LDW_402ce00:
000002fb 23              986 	.byte	35
000002fc 505761726d00    987 	.strz	"PWarm"
00000302 48              988 	.byte	72
00000303 11              989 	.byte	17
00000304 0a              990 	.byte	10
00000305 00000000*       991 	.word	.LDW_3fe6e68
00000309 0223            992 	.byte	2,35
0000030b 11              993 	.byte	17
0000030c 01              994 	.byte	1
                         995 
0000030d 00              996 	.byte	0
                         997 
                         998 .LDW_4aa6c38:
0000030e 04              999 	.byte	4
0000030f 6175634c6173   1000 	.strz	"aucLastPressureM1DHW"
00000315 745072657373 
0000031b 7572654d3144 
00000321 485700 
00000324 0d             1001 	.byte	13
00000325 16             1002 	.byte	22
00000326 01             1003 	.byte	1
00000327 00000000*      1004 	.word	.LDW_4adea80
0000032b 00             1005 	.byte	0
0000032c 00             1006 	.byte	0
0000032d 0503           1007 	.byte	5,3
0000032f 00000000*      1008 	.word	_aucLastPressureM1DHW..C.3A.5C_ECU2.5CECU_Rivian_A1.5CTarget.5Crepo_projects.5CpRealEcu.5CcL_R2023.2E09.2E01.5Cmake.5Coutput.5Cobjects.5CWTDHW.
                        1009 
                        1010 	.section	.debug_abbrev
000000a5 04             1011 	.byte	4
000000a6 34             1012 	.byte	52
000000a7 00             1013 	.byte	0
000000a8 0308           1014 	.byte	3,8
000000aa 3b0f           1015 	.byte	59,15
000000ac 390f           1016 	.byte	57,15
000000ae 3a0f           1017 	.byte	58,15
000000b0 4910           1018 	.byte	73,16
000000b2 3f0c           1019 	.byte	63,12
000000b4 3c0c           1020 	.byte	60,12
000000b6 020a           1021 	.byte	2,10
000000b8 0000           1022 	.byte	0,0
                        1023 
                        1024 	.section	.debug_info
                        1025 .LDW_4adeba0:
00000333 16             1026 	.byte	22
00000334 756347657457   1027 	.strz	"ucGetWarnBitWN"
0000033a 61726e426974 
00000340 574e00 

                                                                      Page 20
                                                              C:\Users\nhuliyap\AppData\Local\Temp\gh_000030g1.s
00000343 05             1028 	.byte	5
00000344 17             1029 	.byte	23
00000345 0a             1030 	.byte	10
00000346 00000000*      1031 	.word	.LDW_3fe6e68
0000034a 01             1032 	.byte	1
0000034b 00             1033 	.byte	0
0000034c 01             1034 	.byte	1
0000034d 01             1035 	.byte	1
0000034e 00             1036 	.byte	0
0000034f 01             1037 	.byte	1
                        1038 
                        1039 	.section	.debug_abbrev
000000ba 16             1040 	.byte	22
000000bb 2e             1041 	.byte	46
000000bc 01             1042 	.byte	1
000000bd 0308           1043 	.byte	3,8
000000bf 3b0f           1044 	.byte	59,15
000000c1 390f           1045 	.byte	57,15
000000c3 3a0f           1046 	.byte	58,15
000000c5 4910           1047 	.byte	73,16
000000c7 3c0c           1048 	.byte	60,12
000000c9 200b           1049 	.byte	32,11
000000cb 3f0c           1050 	.byte	63,12
000000cd 320b           1051 	.byte	50,11
000000cf 4c0b           1052 	.byte	76,11
000000d1 270c           1053 	.byte	39,12
000000d3 0000           1054 	.byte	0,0
                        1055 
                        1056 	.section	.debug_info
00000350 00             1057 	.byte	0
                        1058 
                        1059 .LDW_4adec38:
00000351 15             1060 	.byte	21
00000352 436c65617257   1061 	.strz	"ClearWarnBitWN"
00000358 61726e426974 
0000035e 574e00 
00000361 06             1062 	.byte	6
00000362 0d             1063 	.byte	13
00000363 0a             1064 	.byte	10
00000364 01             1065 	.byte	1
00000365 00             1066 	.byte	0
00000366 01             1067 	.byte	1
00000367 01             1068 	.byte	1
00000368 00             1069 	.byte	0
00000369 01             1070 	.byte	1
                        1071 
                        1072 	.section	.debug_abbrev
000000d5 15             1073 	.byte	21
000000d6 2e             1074 	.byte	46
000000d7 01             1075 	.byte	1
000000d8 0308           1076 	.byte	3,8
000000da 3b0f           1077 	.byte	59,15
000000dc 390f           1078 	.byte	57,15
000000de 3a0f           1079 	.byte	58,15
000000e0 3c0c           1080 	.byte	60,12
000000e2 200b           1081 	.byte	32,11
000000e4 3f0c           1082 	.byte	63,12
000000e6 320b           1083 	.byte	50,11
000000e8 4c0b           1084 	.byte	76,11
000000ea 270c           1085 	.byte	39,12
000000ec 0000           1086 	.byte	0,0

                                                                      Page 21
                                                              C:\Users\nhuliyap\AppData\Local\Temp\gh_000030g1.s
                        1087 
                        1088 	.section	.debug_info
0000036a 00             1089 	.byte	0
                        1090 
                        1091 .LDW_4adecd0:
0000036b 16             1092 	.byte	22
0000036c 756353657457   1093 	.strz	"ucSetWarnBitWN"
00000372 61726e426974 
00000378 574e00 
0000037b 07             1094 	.byte	7
0000037c 16             1095 	.byte	22
0000037d 0a             1096 	.byte	10
0000037e 00000000*      1097 	.word	.LDW_3fe6e68
00000382 01             1098 	.byte	1
00000383 00             1099 	.byte	0
00000384 01             1100 	.byte	1
00000385 01             1101 	.byte	1
00000386 00             1102 	.byte	0
00000387 01             1103 	.byte	1
                        1104 
00000388 00             1105 	.byte	0
                        1106 
                        1107 .LDW_402a060:
00000389 14             1108 	.byte	20
0000038a 6244485700     1109 	.strz	"bDHW"
0000038f 0f             1110 	.byte	15
00000390 0f             1111 	.byte	15
00000391 01             1112 	.byte	1
00000392 00000000*      1113 	.word	.LDW_3fe6e68
00000396 00000000*      1114 	.word	_bDHW
0000039a 00000000*      1115 	.word	___ghs_eofn_bDHW
0000039e 0153           1116 	.byte	1,83
000003a0 828080800b     1117 	.byte	130,128,128,128,11
000003a5 0c             1118 	.byte	12
000003a6 03             1119 	.byte	3
000003a7 0c             1120 	.byte	12
000003a8 00             1121 	.byte	0
000003a9 00             1122 	.byte	0
000003aa 00             1123 	.byte	0
000003ab 01             1124 	.byte	1
000003ac 01             1125 	.byte	1
000003ad 00             1126 	.byte	0
000003ae 01             1127 	.byte	1
                        1128 
                        1129 	.section	.debug_abbrev
000000ee 14             1130 	.byte	20
000000ef 2e             1131 	.byte	46
000000f0 01             1132 	.byte	1
000000f1 0308           1133 	.byte	3,8
000000f3 3b0f           1134 	.byte	59,15
000000f5 390f           1135 	.byte	57,15
000000f7 3a0f           1136 	.byte	58,15
000000f9 4910           1137 	.byte	73,16
000000fb 1101           1138 	.byte	17,1
000000fd 1201           1139 	.byte	18,1
000000ff 400a           1140 	.byte	64,10
00000101 8341           1141 	.byte	131,65
00000103 0f             1142 	.byte	15
00000104 8741           1143 	.byte	135,65
00000106 0d             1144 	.byte	13
00000107 8541           1145 	.byte	133,65

                                                                      Page 22
                                                              C:\Users\nhuliyap\AppData\Local\Temp\gh_000030g1.s
00000109 0f             1146 	.byte	15
0000010a 8641           1147 	.byte	134,65
0000010c 0d             1148 	.byte	13
0000010d 9241           1149 	.byte	146,65
0000010f 0f             1150 	.byte	15
00000110 3c0c           1151 	.byte	60,12
00000112 200b           1152 	.byte	32,11
00000114 3f0c           1153 	.byte	63,12
00000116 320b           1154 	.byte	50,11
00000118 4c0b           1155 	.byte	76,11
0000011a 270c           1156 	.byte	39,12
0000011c 0000           1157 	.byte	0,0
                        1158 
                        1159 	.section	.debug_frame
                        1160 .LDW_4acaeb8:
00000090 00000000*      1161 	.word	.LDW_unq_4-.LDW_unq_3
                        1162 .LDW_unq_3:
00000094 00000000*      1163 	.word	.LDW_4aa5c58
00000098 00000000*      1164 	.word	_bDHW
0000009c 00000000*      1165 	.word	___ghs_eofn_bDHW-_bDHW
000000a0 44             1166 	.byte	68
000000a1 9f             1167 	.byte	159
000000a2 00             1168 	.byte	0
000000a3 40             1169 	.byte	64
000000a4 9d             1170 	.byte	157
000000a5 04             1171 	.byte	4
000000a6 40             1172 	.byte	64
000000a7 9c             1173 	.byte	156
000000a8 08             1174 	.byte	8
000000a9 01             1175 	.byte	1
000000aa 00000000*      1176 	.word	.LDW11
000000ae 00             1177 	.byte	0
000000af 00             1178 	.byte	0
                        1179 .LDW_unq_4:
                        1180 	.section	.debug_line
000001cb 000502         1181 	.byte	0,5,2
000001ce 00000000*      1182 	.word	_bDHW
000001d2 03             1183 	.byte	3
000001d3 0f             1184 	.byte	15
000001d4 02             1185 	.byte	2
000001d5 00             1186 	.byte	0
000001d6 01             1187 	.byte	1
000001d7 06             1188 	.byte	6
000001d8 03             1189 	.byte	3
000001d9 09             1190 	.byte	9
000001da 02             1191 	.byte	2
000001db 06             1192 	.byte	6
000001dc 01             1193 	.byte	1
000001dd 000502         1194 	.byte	0,5,2
000001e0 00000000*      1195 	.word	.LDWlin1
000001e4 0b             1196 	.byte	11
000001e5 0c             1197 	.byte	12
000001e6 1b             1198 	.byte	27
000001e7 000502         1199 	.byte	0,5,2
000001ea 00000000*      1200 	.word	.LDWlin2
000001ee 0c             1201 	.byte	12
000001ef 1c             1202 	.byte	28
000001f0 000502         1203 	.byte	0,5,2
000001f3 00000000*      1204 	.word	.LDWlin3
000001f7 0b             1205 	.byte	11
000001f8 0b             1206 	.byte	11

                                                                      Page 23
                                                              C:\Users\nhuliyap\AppData\Local\Temp\gh_000030g1.s
000001f9 0b             1207 	.byte	11
000001fa 000502         1208 	.byte	0,5,2
000001fd 00000000*      1209 	.word	.LDWlin4
00000201 0d             1210 	.byte	13
00000202 0c             1211 	.byte	12
00000203 000502         1212 	.byte	0,5,2
00000206 00000000*      1213 	.word	.LDWlin5
0000020a 0b             1214 	.byte	11
0000020b 0b             1215 	.byte	11
0000020c 0b             1216 	.byte	11
0000020d 000502         1217 	.byte	0,5,2
00000210 00000000*      1218 	.word	.LDWlin6
00000214 0b             1219 	.byte	11
00000215 0b             1220 	.byte	11
00000216 000502         1221 	.byte	0,5,2
00000219 00000000*      1222 	.word	.LDWlin7
0000021d 0b             1223 	.byte	11
0000021e 0c             1224 	.byte	12
0000021f 000502         1225 	.byte	0,5,2
00000222 00000000*      1226 	.word	.LDWlin8
00000226 0b             1227 	.byte	11
00000227 000502         1228 	.byte	0,5,2
0000022a 00000000*      1229 	.word	.LDWlin9
0000022e 0b             1230 	.byte	11
0000022f 0b             1231 	.byte	11
00000230 0d             1232 	.byte	13
00000231 02             1233 	.byte	2
00000232 00             1234 	.byte	0
00000233 0b             1235 	.byte	11
00000234 0b             1236 	.byte	11
00000235 0b             1237 	.byte	11
00000236 000502         1238 	.byte	0,5,2
00000239 00000000*      1239 	.word	.LDWlin10
0000023d 0b             1240 	.byte	11
0000023e 0b             1241 	.byte	11
0000023f 3b             1242 	.byte	59
00000240 02             1243 	.byte	2
00000241 00             1244 	.byte	0
00000242 0c             1245 	.byte	12
00000243 1c             1246 	.byte	28
00000244 000502         1247 	.byte	0,5,2
00000247 00000000*      1248 	.word	.LDWlin11
0000024b 0b             1249 	.byte	11
0000024c 13             1250 	.byte	19
0000024d 02             1251 	.byte	2
0000024e 00             1252 	.byte	0
0000024f 0b             1253 	.byte	11
00000250 02             1254 	.byte	2
00000251 00             1255 	.byte	0
00000252 0b             1256 	.byte	11
00000253 02             1257 	.byte	2
00000254 00             1258 	.byte	0
00000255 06             1259 	.byte	6
00000256 02             1260 	.byte	2
00000257 00             1261 	.byte	0
00000258 02             1262 	.byte	2
00000259 04             1263 	.byte	4
0000025a 000101         1264 	.byte	0,1,1
                        1265 	.section	.debug_info
                        1266 .LDW_402a0f8:
000003af 0f             1267 	.byte	15

                                                                      Page 24
                                                              C:\Users\nhuliyap\AppData\Local\Temp\gh_000030g1.s
000003b0 70744c574400   1268 	.strz	"ptLWD"
000003b6 0f             1269 	.byte	15
000003b7 2a             1270 	.byte	42
000003b8 01             1271 	.byte	1
000003b9 00000000*      1272 	.word	.LDW_3fe6df8
000003bd 00             1273 	.byte	0
000003be 016d           1274 	.byte	1,109
                        1275 
                        1276 	.section	.debug_abbrev
0000011e 0f             1277 	.byte	15
0000011f 05             1278 	.byte	5
00000120 00             1279 	.byte	0
00000121 0308           1280 	.byte	3,8
00000123 3b0f           1281 	.byte	59,15
00000125 390f           1282 	.byte	57,15
00000127 3a0f           1283 	.byte	58,15
00000129 4910           1284 	.byte	73,16
0000012b 4b0c           1285 	.byte	75,12
0000012d 020a           1286 	.byte	2,10
0000012f 0000           1287 	.byte	0,0
                        1288 
                        1289 	.section	.debug_info
                        1290 .LDW_402a150:
000003c0 0f             1291 	.byte	15
000003c1 75635761726e   1292 	.strz	"ucWarnCfg"
000003c7 43666700 
000003cb 0f             1293 	.byte	15
000003cc 3f             1294 	.byte	63
000003cd 01             1295 	.byte	1
000003ce 00000000*      1296 	.word	.LDW_3fe6e68
000003d2 00             1297 	.byte	0
000003d3 0157           1298 	.byte	1,87
                        1299 
                        1300 .LDW_402a680:
000003d5 1d             1301 	.byte	29
000003d6 00000000*      1302 	.word	.LDW01
000003da 00000000*      1303 	.word	.LDW11
                        1304 
                        1305 	.section	.debug_abbrev
00000131 1d             1306 	.byte	29
00000132 0b             1307 	.byte	11
00000133 01             1308 	.byte	1
00000134 1101           1309 	.byte	17,1
00000136 1201           1310 	.byte	18,1
00000138 0000           1311 	.byte	0,0
                        1312 
                        1313 	.section	.debug_info
                        1314 .LDW_402a200:
000003de 05             1315 	.byte	5
000003df 4c6f63616c57   1316 	.strz	"LocalWarnCfgToRemoveWarning"
000003e5 61726e436667 
000003eb 546f52656d6f 
000003f1 76655761726e 
000003f7 696e6700 
000003fb 16             1317 	.byte	22
000003fc 09             1318 	.byte	9
000003fd 01             1319 	.byte	1
000003fe 00000000*      1320 	.word	.LDW_402a1a8
00000402 00             1321 	.byte	0
00000403 00             1322 	.byte	0
                        1323 

                                                                      Page 25
                                                              C:\Users\nhuliyap\AppData\Local\Temp\gh_000030g1.s
                        1324 	.section	.debug_abbrev
0000013a 05             1325 	.byte	5
0000013b 34             1326 	.byte	52
0000013c 00             1327 	.byte	0
0000013d 0308           1328 	.byte	3,8
0000013f 3b0f           1329 	.byte	59,15
00000141 390f           1330 	.byte	57,15
00000143 3a0f           1331 	.byte	58,15
00000145 4910           1332 	.byte	73,16
00000147 3f0c           1333 	.byte	63,12
00000149 3c0c           1334 	.byte	60,12
0000014b 0000           1335 	.byte	0,0
                        1336 
                        1337 	.section	.debug_info
                        1338 .LDW_402a2b0:
00000404 05             1339 	.byte	5
00000405 75634d6f6465   1340 	.strz	"ucModeMaskc"
0000040b 4d61736b6300 
00000411 12             1341 	.byte	18
00000412 1e             1342 	.byte	30
00000413 01             1343 	.byte	1
00000414 00000000*      1344 	.word	.LDW_402a258
00000418 00             1345 	.byte	0
00000419 00             1346 	.byte	0
                        1347 
                        1348 .LDW_402a308:
0000041a 05             1349 	.byte	5
0000041b 75634d6f6465   1350 	.strz	"ucMode1c"
00000421 316300 
00000424 13             1351 	.byte	19
00000425 1e             1352 	.byte	30
00000426 01             1353 	.byte	1
00000427 00000000*      1354 	.word	.LDW_402a258
0000042b 00             1355 	.byte	0
0000042c 00             1356 	.byte	0
                        1357 
                        1358 .LDW_4ade670:
0000042d 05             1359 	.byte	5
0000042e 75634d6f6465   1360 	.strz	"ucMode2"
00000434 3200 
00000436 14             1361 	.byte	20
00000437 1e             1362 	.byte	30
00000438 01             1363 	.byte	1
00000439 00000000*      1364 	.word	.LDW_402a258
0000043d 00             1365 	.byte	0
0000043e 00             1366 	.byte	0
                        1367 
                        1368 .LDW_4ade720:
0000043f 05             1369 	.byte	5
00000440 7573684d696e   1370 	.strz	"ushMinVc"
00000446 566300 
00000449 15             1371 	.byte	21
0000044a 1f             1372 	.byte	31
0000044b 01             1373 	.byte	1
0000044c 00000000*      1374 	.word	.LDW_4ade6c8
00000450 00             1375 	.byte	0
00000451 00             1376 	.byte	0
                        1377 
00000452 00             1378 	.byte	0
                        1379 
00000453 00             1380 	.byte	0

                                                                      Page 26
                                                              C:\Users\nhuliyap\AppData\Local\Temp\gh_000030g1.s
                        1381 
                        1382 .LDW_4ade778:
00000454 13             1383 	.byte	19
00000455 52657365744d   1384 	.strz	"ResetM1Pressure"
0000045b 315072657373 
00000461 75726500 
00000465 48             1385 	.byte	72
00000466 06             1386 	.byte	6
00000467 01             1387 	.byte	1
00000468 00000000*      1388 	.word	_ResetM1Pressure
0000046c 00000000*      1389 	.word	___ghs_eofn_ResetM1Pressure
00000470 0153           1390 	.byte	1,83
00000472 02             1391 	.byte	2
00000473 00             1392 	.byte	0
00000474 02             1393 	.byte	2
00000475 00             1394 	.byte	0
00000476 00             1395 	.byte	0
00000477 00             1396 	.byte	0
00000478 00             1397 	.byte	0
00000479 01             1398 	.byte	1
0000047a 01             1399 	.byte	1
0000047b 00             1400 	.byte	0
0000047c 01             1401 	.byte	1
                        1402 
                        1403 	.section	.debug_abbrev
0000014d 13             1404 	.byte	19
0000014e 2e             1405 	.byte	46
0000014f 01             1406 	.byte	1
00000150 0308           1407 	.byte	3,8
00000152 3b0f           1408 	.byte	59,15
00000154 390f           1409 	.byte	57,15
00000156 3a0f           1410 	.byte	58,15
00000158 1101           1411 	.byte	17,1
0000015a 1201           1412 	.byte	18,1
0000015c 400a           1413 	.byte	64,10
0000015e 8341           1414 	.byte	131,65
00000160 0f             1415 	.byte	15
00000161 8741           1416 	.byte	135,65
00000163 0d             1417 	.byte	13
00000164 8541           1418 	.byte	133,65
00000166 0f             1419 	.byte	15
00000167 8641           1420 	.byte	134,65
00000169 0d             1421 	.byte	13
0000016a 9241           1422 	.byte	146,65
0000016c 0f             1423 	.byte	15
0000016d 3c0c           1424 	.byte	60,12
0000016f 200b           1425 	.byte	32,11
00000171 3f0c           1426 	.byte	63,12
00000173 320b           1427 	.byte	50,11
00000175 4c0b           1428 	.byte	76,11
00000177 270c           1429 	.byte	39,12
00000179 0000           1430 	.byte	0,0
                        1431 
                        1432 	.section	.debug_frame
                        1433 .LDW_4acb9f8:
000000b0 00000000*      1434 	.word	.LDW_unq_6-.LDW_unq_5
                        1435 .LDW_unq_5:
000000b4 00000000*      1436 	.word	.LDW_4aa5c58
000000b8 00000000*      1437 	.word	_ResetM1Pressure
000000bc 00000000*      1438 	.word	___ghs_eofn_ResetM1Pressure-_ResetM1Pressure
000000c0 01             1439 	.byte	1

                                                                      Page 27
                                                              C:\Users\nhuliyap\AppData\Local\Temp\gh_000030g1.s
000000c1 00000000*      1440 	.word	.LDW31
000000c5 00             1441 	.byte	0
000000c6 00             1442 	.byte	0
000000c7 00             1443 	.byte	0
                        1444 .LDW_unq_6:
                        1445 	.section	.debug_line
0000025d 000502         1446 	.byte	0,5,2
00000260 00000000*      1447 	.word	_ResetM1Pressure
00000264 03             1448 	.byte	3
00000265 c800           1449 	.byte	200,0
00000267 02             1450 	.byte	2
00000268 00             1451 	.byte	0
00000269 01             1452 	.byte	1
0000026a 06             1453 	.byte	6
0000026b 000502         1454 	.byte	0,5,2
0000026e 00000000*      1455 	.word	.LDWlin12
00000272 0b             1456 	.byte	11
00000273 000502         1457 	.byte	0,5,2
00000276 00000000*      1458 	.word	.LDWlin13
0000027a 0b             1459 	.byte	11
0000027b 0b             1460 	.byte	11
0000027c 000502         1461 	.byte	0,5,2
0000027f 00000000*      1462 	.word	.LDWlin14
00000283 0b             1463 	.byte	11
00000284 0b             1464 	.byte	11
00000285 0b             1465 	.byte	11
00000286 02             1466 	.byte	2
00000287 02             1467 	.byte	2
00000288 0c             1468 	.byte	12
00000289 03             1469 	.byte	3
0000028a 7e             1470 	.byte	126
0000028b 02             1471 	.byte	2
0000028c 02             1472 	.byte	2
0000028d 01             1473 	.byte	1
0000028e 000502         1474 	.byte	0,5,2
00000291 00000000*      1475 	.word	.LDWlin15
00000295 0d             1476 	.byte	13
00000296 0b             1477 	.byte	11
00000297 02             1478 	.byte	2
00000298 00             1479 	.byte	0
00000299 0b             1480 	.byte	11
0000029a 02             1481 	.byte	2
0000029b 02             1482 	.byte	2
0000029c 000101         1483 	.byte	0,1,1
                        1484 	.section	.debug_info
                        1485 .LDW_4ade810:
0000047d 0f             1486 	.byte	15
0000047e 6900           1487 	.strz	"i"
00000480 48             1488 	.byte	72
00000481 24             1489 	.byte	36
00000482 01             1490 	.byte	1
00000483 00000000*      1491 	.word	.LDW_3fe6e68
00000487 00             1492 	.byte	0
00000488 0156           1493 	.byte	1,86
                        1494 
                        1495 .LDW_402a6e0:
0000048a 1d             1496 	.byte	29
0000048b 00000000*      1497 	.word	.LDW21
0000048f 00000000*      1498 	.word	.LDW31
                        1499 
00000493 00             1500 	.byte	0

                                                                      Page 28
                                                              C:\Users\nhuliyap\AppData\Local\Temp\gh_000030g1.s
                        1501 
00000494 00             1502 	.byte	0
                        1503 
00000495 00             1504 	.byte	0
                        1505 
                        1506 	.section	.debug_line
                        1507 .Ldw_line_end:
                        1508 	.section	.debug_macinfo
00000000 01             1509 	.byte	1
00000001 00             1510 	.byte	0
00000002 5f5f6768735f   1511 	.strz	"__ghs__ 1"
00000008 5f203100 
0000000c 01             1512 	.byte	1
0000000d 00             1513 	.byte	0
0000000e 5f5f4c4c4f4e   1514 	.strz	"__LLONG_BIT 64"
00000014 475f42495420 
0000001a 363400 
0000001d 03             1515 	.byte	3
0000001e 00             1516 	.byte	0
0000001f 01             1517 	.byte	1
00000020 03             1518 	.byte	3
00000021 03             1519 	.byte	3
00000022 02             1520 	.byte	2
00000023 03             1521 	.byte	3
00000024 06             1522 	.byte	6
00000025 03             1523 	.byte	3
00000026 03             1524 	.byte	3
00000027 04             1525 	.byte	4
00000028 04             1526 	.byte	4
00000029 03             1527 	.byte	3
0000002a 07             1528 	.byte	7
0000002b 05             1529 	.byte	5
0000002c 03             1530 	.byte	3
0000002d 1c             1531 	.byte	28
0000002e 06             1532 	.byte	6
0000002f 01             1533 	.byte	1
00000030 3c             1534 	.byte	60
00000031 545255452031   1535 	.strz	"TRUE 1u"
00000037 7500 
00000039 01             1536 	.byte	1
0000003a 40             1537 	.byte	64
0000003b 46414c534520   1538 	.strz	"FALSE 0u"
00000041 307500 
00000044 04             1539 	.byte	4
00000045 03             1540 	.byte	3
00000046 1d             1541 	.byte	29
00000047 07             1542 	.byte	7
00000048 03             1543 	.byte	3
00000049 1b             1544 	.byte	27
0000004a 08             1545 	.byte	8
0000004b 03             1546 	.byte	3
0000004c 54             1547 	.byte	84
0000004d 09             1548 	.byte	9
0000004e 04             1549 	.byte	4
0000004f 04             1550 	.byte	4
00000050 04             1551 	.byte	4
00000051 04             1552 	.byte	4
00000052 04             1553 	.byte	4
00000053 01             1554 	.byte	1
00000054 0e             1555 	.byte	14
00000055 50524f445543   1556 	.strz	"PRODUCTION_SW 0x0"

                                                                      Page 29
                                                              C:\Users\nhuliyap\AppData\Local\Temp\gh_000030g1.s
0000005b 54494f4e5f53 
00000061 572030783000 
00000067 01             1557 	.byte	1
00000068 0f             1558 	.byte	15
00000069 444556454c4f   1559 	.strz	"DEVELOPMENT_SW 0x1"
0000006f 504d454e545f 
00000075 535720307831 
0000007b 00 
0000007c 01             1560 	.byte	1
0000007d 10             1561 	.byte	16
0000007e 53575f434154   1562 	.strz	"SW_CATEGORY PRODUCTION_SW"
00000084 45474f525920 
0000008a 50524f445543 
00000090 54494f4e5f53 
00000096 5700 
00000098 04             1563 	.byte	4
00000099 01             1564 	.byte	1
0000009a 08             1565 	.byte	8
0000009b 70625f446562   1566 	.strz	"pb_DebugWarnLevels_030203 "
000000a1 75675761726e 
000000a7 4c6576656c73 
000000ad 5f3033303230 
000000b3 332000 
000000b6 01             1567 	.byte	1
000000b7 0e             1568 	.byte	14
000000b8 70625f514143   1569 	.strz	"pb_QACStatic_160503 "
000000be 537461746963 
000000c4 5f3136303530 
000000ca 332000 
000000cd 01             1570 	.byte	1
000000ce 17             1571 	.byte	23
000000cf 756353756d57   1572 	.strz	"ucSumWEc (unsigned char) 4"
000000d5 45632028756e 
000000db 7369676e6564 
000000e1 206368617229 
000000e7 203400 
000000ea 04             1573 	.byte	4
000000eb 03             1574 	.byte	3
000000ec 04             1575 	.byte	4
000000ed 0a             1576 	.byte	10
000000ee 01             1577 	.byte	1
000000ef 4b             1578 	.byte	75
000000f0 756350526573   1579 	.strz	"ucPResInMBarc 25"
000000f6 496e4d426172 
000000fc 6320323500 
00000101 04             1580 	.byte	4
00000102 03             1581 	.byte	3
00000103 05             1582 	.byte	5
00000104 0b             1583 	.byte	11
00000105 01             1584 	.byte	1
00000106 45             1585 	.byte	69
00000107 756344485749   1586 	.strz	"ucDHWIxc (unsigned char) 3"
0000010d 78632028756e 
00000113 7369676e6564 
00000119 206368617229 
0000011f 203300 
00000122 01             1587 	.byte	1
00000123 a001           1588 	.byte	160,1
00000125 756344696644   1589 	.strz	"ucDifDHWc (unsigned char) (200 / ucPResInMBarc)"
0000012b 485763202875 
00000131 6e7369676e65 

                                                                      Page 30
                                                              C:\Users\nhuliyap\AppData\Local\Temp\gh_000030g1.s
00000137 642063686172 
0000013d 292028323030 
00000143 202f20756350 
00000149 526573496e4d 
0000014f 426172632900 
00000155 04             1590 	.byte	4
00000156 04             1591 	.byte	4
00000157 00             1592 	.byte	0
                        1593 	.section	.debug_abbrev
0000017b 00             1594 	.byte	0
                        1595 	.section	.debug_info
                        1596 .Ldw_end:
                        1597 .rh850_flags REGMODE32,DATA_ALIGN8,GP_FIX,EP_NONFIX,TP_FIX,REG2_RESERVE,G3K,GHS_MISALIGN,SDA_EXTRA_REGS_0
