                                                                      Page 1
                                                              C:\Users\nhuliyap\AppData\Local\Temp\gh_000065g1.s
Command Line: C:\ghs\comp_201517\ease850.exe -w -elf -b0 -I../source/common -I../source/ProjectCompiler -I../source/ProjectCfg -I../source/SwcApplTpms -I../source/SwcApplTpms/Intface -I../source/SwcApplEcuM -I../source/SwcServiceEcuM -I../source/SwcServiceNvM -I../source/SwcServiceOs -I../source/SwcServiceStartUp -I../source/McalAdc -I../source/McalDio -I../source/McalGpt -I../source/McalMcu -I../source/McalWdg -I../source/wrappers -I../source/wrappers/McalAta -I../source/McalLin -I../source/McalCan -I../source/wrappers/OS -I../source/McalFls -I../source/EcuabFee -I../source/EcuabMemIf -I../source/wrappers/VStdLib -I../source/wrappers/Crc -I../source/wrappers/FBL_APPL -I../source/wrappers/CAN_MANAGER -I../source/wrappers/NVM_MANAGER -I../source/wrappers/DEM_MANAGER -I../source/wrappers/RDC_MANAGER -I../source/wrappers/ENV_MANAGER -I../source/wrappers/SYS_MANAGER -I../source/wrappers/EcuabCanIf -I../source/wrappers/SwcServiceCanSM -I../source/wrappers/SwcServiceCanTp -I../source/wrappers/SwcServiceCanTp_PreCompile -I../source/wrappers/SwcServiceCom -I../source/wrappers/SwcServiceComM -I../source/wrappers/SwcServiceComStack -I../source/wrappers/SwcServiceDcm -I../source/wrappers/SwcServicePduR -I../source/wrappers/SwcServiceEcuM -I../source/wrappers/Bfx -I../source/wrappers/SwcServiceDem -I../source/SwcServiceDet -I../source/SwcServiceFiM -I../source/wrappers/LibAutosarDiag -I../source/wrappers/rba_BswSrv -I../source/SwcServiceSchM -I../source/wrappers/SwcServiceComM/Integration -I../source/wrappers/SwcServicePduR/Integration -I../source/wrappers/EcuabCanIf/Integration -I../source/wrappers/SwcServiceCom/Integration -I../source/wrappers/SwcServiceCanTp/Integration -I../source/wrappers/SwcServiceEcuM/Integration -I../source/SwcServiceDet/Integration -I../source/wrappers/SwcServiceDcm/Integration -I../source/wrappers/SwcServiceDem/Integration -I../source/SwcServiceFiM/Integration -I../source/wrappers/EcuabCanIf/api -I../source/wrappers/SwcServiceCom/api -I../source/wrappers/SwcServiceComM/api -I../source/wrappers/SwcServicePduR/api -I../source/wrappers/Bfx/api -I../source/SwcServiceDet/api -I../source/SwcServiceFiM/api -I../source/wrappers/LibAutosarDiag/api -I../source/wrappers/rba_BswSrv/api -IC:\ghs\comp_201517\lib\rh850 -cg_underscore -cpu=rh850g3k -no_v850_simd -rh850_fpsimd=none -nomacro -patch_dbo=C:\_ECU2\ECU_Rivian_A1\Target\repo_projects\pRealEcu\cL_LATEST\make\output\objects\Bfx_TstParityEven_u8_u8.dbo -source=Bfx_TstParityEven_u8_u8.c -o output\objects\gh_000065g1.o -list=output\list\Bfx_TstParityEven_u8_u8.lst C:\Users\nhuliyap\AppData\Local\Temp\gh_000065g1.s 
Original File: C:\Users\nhuliyap\AppData\Local\Temp\gh_000065g1.s
Source File: Bfx_TstParityEven_u8_u8.c
Directory: C:\_ECU2\ECU_Rivian_A1\Target\repo_projects\pRealEcu\cL_LATEST\make
Host OS: Windows
EASE: Copyright (C) 1983-2015 Green Hills Software.  All Rights Reserved.
Release: Compiler v2015.1.7
Build Directory: [Directory] BTOWORKER6:c:/build_2015_1_bto/2015-10-21.2100-2015_1_bto/win32-comp-ecom
Revision: [VCInfo] http://toolsvc/branches/release-branch-70-bto/src@544153 (built by build)
Revision Date: Thu Oct 22 07:50:13 2015

Release Date: Thu Oct 22 09:32:32 2015

                           1 --Driver Command: ccv850 ../source/wrappers/Bfx/Bfx_TstParityEven_u8_u8.c
                           2 --		-cpu=rh850 -fhard -ignore_callt_state_in_interrupts -large_sda
                           3 --		-misalign_pack -nofarcalls -nofloatio -no_callt -Ogeneral
                           4 --		-Onounroll -prepare_dispose -registermode=32 -reserve_r2 -sda=0
                           5 --		-shorten_loads -Wshadow --brief_diagnostics --no_commons
                           6 --		--no_wrap_diagnostics --prototype_errors --short_enum -list -G
                           7 --		-dual_debug -dwarf -X5523 -lnk=-no_xda_modifications -D
                           8 --		NOT_READY_FOR_TESTING_OR_DEPLOYMENT -D IBTCM_SW_ANPASSUNGEN -D
                           9 --		BUILD_LORDSTOWN -c -inline_prologue -I../source/common
                          10 --		-I../source/ProjectCompiler -I../source/ProjectCfg
                          11 --		-I../source/SwcApplTpms -I../source/SwcApplTpms/Intface
                          12 --		-I../source/SwcApplEcuM -I../source/SwcServiceEcuM
                          13 --		-I../source/SwcServiceNvM -I../source/SwcServiceOs
                          14 --		-I../source/SwcServiceStartUp -I../source/McalAdc
                          15 --		-I../source/McalDio -I../source/McalGpt -I../source/McalMcu
                          16 --		-I../source/McalWdg -I../source/wrappers
                          17 --		-I../source/wrappers/McalAta -I../source/McalLin
                          18 --		-I../source/McalCan -I../source/wrappers/OS -I../source/McalFls
                          19 --		-I../source/EcuabFee -I../source/EcuabMemIf
                          20 --		-I../source/wrappers/VStdLib -I../source/wrappers
                          21 --		-I../source/wrappers/Crc -I../source/wrappers/FBL_APPL
                          22 --		-I../source/wrappers/CAN_MANAGER -I../source/wrappers/NVM_MANAGER
                          23 --		-I../source/wrappers/DEM_MANAGER -I../source/wrappers/RDC_MANAGER
                          24 --		-I../source/wrappers/ENV_MANAGER -I../source/wrappers/SYS_MANAGER
                          25 --		-I../source/wrappers/EcuabCanIf
                          26 --		-I../source/wrappers/SwcServiceCanSM
                          27 --		-I../source/wrappers/SwcServiceCanTp
                          28 --		-I../source/wrappers/SwcServiceCanTp_PreCompile
                          29 --		-I../source/wrappers/SwcServiceCom
                          30 --		-I../source/wrappers/SwcServiceComM
                          31 --		-I../source/wrappers/SwcServiceComStack
                          32 --		-I../source/wrappers/SwcServiceDcm
                          33 --		-I../source/wrappers/SwcServicePduR
                          34 --		-I../source/wrappers/SwcServiceEcuM -I../source/wrappers/Bfx
                          35 --		-I../source/wrappers/SwcServiceDem -I../source/SwcServiceDet
                          36 --		-I../source/SwcServiceFiM -I../source/wrappers/LibAutosarDiag
                          37 --		-I../source/wrappers/rba_BswSrv -I../source/SwcServiceSchM
                          38 --		-I../source/wrappers/SwcServiceComM/Integration
                          39 --		-I../source/wrappers/SwcServicePduR/Integration
                          40 --		-I../source/wrappers/EcuabCanIf/Integration
                          41 --		-I../source/wrappers/SwcServiceCom/Integration
                          42 --		-I../source/wrappers/SwcServiceCanTp/Integration
                          43 --		-I../source/wrappers/SwcServiceEcuM/Integration
                          44 --		-I../source/SwcServiceDet/Integration
                          45 --		-I../source/wrappers/SwcServiceDcm/Integration
                          46 --		-I../source/wrappers/SwcServiceDem/Integration
                          47 --		-I../source/SwcServiceFiM/Integration
                          48 --		-I../source/wrappers/EcuabCanIf/api
                          49 --		-I../source/wrappers/SwcServiceCom/api
                          50 --		-I../source/wrappers/SwcServiceComM/api

                                                                      Page 2
                                                              C:\Users\nhuliyap\AppData\Local\Temp\gh_000065g1.s
                          51 --		-I../source/wrappers/SwcServicePduR/api
                          52 --		-I../source/wrappers/Bfx/api -I../source/SwcServiceDet/api
                          53 --		-I../source/SwcServiceFiM/api
                          54 --		-I../source/wrappers/LibAutosarDiag/api
                          55 --		-I../source/wrappers/rba_BswSrv/api -object_dir=output/objects
                          56 --		-list_dir=output/list
                          57 --Source File:   ../source/wrappers/Bfx/Bfx_TstParityEven_u8_u8.c
                          58 --Directory:     
                          59 --		C:\_ECU2\ECU_Rivian_A1\Target\repo_projects\pRealEcu\cL_LATEST\make
                          60 --Compile Date:  Wed Sep 06 09:35:21 2023
                          61 --Host OS:       Win32
                          62 --Version:       C-RH850 2015.1.7 RELEASE VERSION
                          63 --Release:       Compiler v2015.1.7
                          64 --Revision Date: Thu Oct 22 08:06:12 2015
                          65 --Release Date:  Thu Oct 22 09:34:32 2015
                          66 -- ecom  -g -w -OM
                          67 	.text
                          68 ..bof.C.3A.5C_ECU2.5CECU_Rivian_A1.5CTarget.5Crepo_projects.5CpRealEcu.5CcL_LATEST.5Cmake.5Coutput.5Cobjects.5CBfx_TstParityEven_u8_u8...43.3A.5C_ECU2.5CECU_Rivian_A1.5CTarget.5Crepo_projects.5CpRealEcu.5CcL_LATEST.5Cmake..64F82BB9..0::
                          69 	.align	2
                          70 ..gh.f.f.1.e.0:
                          71 	.type	..gh.f.f.1.e.0,@object
                          72 	.size	..gh.f.f.1.e.0,0
                          73 	.global	_Bfx_TstParityEven_u8_u8
                          74 _Bfx_TstParityEven_u8_u8:
                          75 --	    .bf
                          76 .LDW01:
00000000 0690             77 	mov	r6,r18
00000002 8492             78 	shr	4,r18
00000004 3231             79 	xor	r18,r6
00000006 0690             80 	mov	r6,r18
00000008 8292             81 	shr	2,r18
0000000a 3231             82 	xor	r18,r6
0000000c 0690             83 	mov	r6,r18
0000000e 8192             84 	shr	1,r18
00000010 3231             85 	xor	r18,r6
00000012 8132             86 	shr	1,r6
00000014 e9570000         87 	setfnl	r10
                          88 --	    .ef
                          89 .LDW11:
00000018 7f00             90 	jmp	[lp]
                          91 	.global	___ghs_eofn_Bfx_TstParityEven_u8_u8
                          92 ___ghs_eofn_Bfx_TstParityEven_u8_u8:
                          93 	.type	_Bfx_TstParityEven_u8_u8,@function
                          94 	.size	_Bfx_TstParityEven_u8_u8,.-_Bfx_TstParityEven_u8_u8
                          95 	.align	2
                          96 --_tmp0_u8	r6	local
                          97 --_tmp1_u8	r18	local
                          98 
                          99 --_Data	r6	param
                         100 
                         101 	.section ".bss","awb"
                         102 .L52:
                         103 	.type	.L52,@object
                         104 	.size	.L52,0
                         105 	.data
                         106 	.text
                         107 	.align	2
                         108 
                         109 	.data
                         110 	.ghsnote version,17
                         111 	.ghsnote tools,3

                                                                      Page 3
                                                              C:\Users\nhuliyap\AppData\Local\Temp\gh_000065g1.s
                         112 	.ghsnote options,144
                         113 	.text
                         114 	.align	2
                         115 ..eof.C.3A.5C_ECU2.5CECU_Rivian_A1.5CTarget.5Crepo_projects.5CpRealEcu.5CcL_LATEST.5Cmake.5Coutput.5Cobjects.5CBfx_TstParityEven_u8_u8...43.3A.5C_ECU2.5CECU_Rivian_A1.5CTarget.5Crepo_projects.5CpRealEcu.5CcL_LATEST.5Cmake..64F82BB9..0::
                         116 	.section	.debug_info
                         117 .Ldw_begin:
00000000 c8010000        118 	.word	.Ldw_end-.Ldw_begin-4
00000004 0200            119 	.byte	2,0
00000006 00000000*       120 	.word	.Ldw_abbr_begin
0000000a 04              121 	.byte	4
                         122 	.section	.debug_abbrev
                         123 .Ldw_abbr_begin:
                         124 	.section	.debug_info
0000000b 01              125 	.byte	1
0000000c 00000000*       126 	.word	..bof.C.3A.5C_ECU2.5CECU_Rivian_A1.5CTarget.5Crepo_projects.5CpRealEcu.5CcL_LATEST.5Cmake.5Coutput.5Cobjects.5CBfx_TstParityEven_u8_u8...43.3A.5C_ECU2.5CECU_Rivian_A1.5CTarget.5Crepo_projects.5CpRealEcu.5CcL_LATEST.5Cmake..64F82BB9..0
00000010 00000000*       127 	.word	..eof.C.3A.5C_ECU2.5CECU_Rivian_A1.5CTarget.5Crepo_projects.5CpRealEcu.5CcL_LATEST.5Cmake.5Coutput.5Cobjects.5CBfx_TstParityEven_u8_u8...43.3A.5C_ECU2.5CECU_Rivian_A1.5CTarget.5Crepo_projects.5CpRealEcu.5CcL_LATEST.5Cmake..64F82BB9..0
00000014 2e2e2f736f75    128 	.strz	"../source/wrappers/Bfx/Bfx_TstParityEven_u8_u8.c"
0000001a 7263652f7772 
00000020 617070657273 
00000026 2f4266782f42 
0000002c 66785f547374 
00000032 506172697479 
00000038 4576656e5f75 
0000003e 385f75382e63 
00000044 00 
00000045 433a5c5f4543    129 	.strz	"C:\\_ECU2\\ECU_Rivian_A1\\Target\\repo_projects\\pRealEcu\\cL_LATEST\\make"
0000004b 55325c454355 
00000051 5f5269766961 
00000057 6e5f41315c54 
0000005d 61726765745c 
00000063 7265706f5f70 
00000069 726f6a656374 
0000006f 735c70526561 
00000075 6c4563755c63 
0000007b 4c5f4c415445 
00000081 53545c6d616b 
00000087 6500 
00000089 474853204320    130 	.strz	"GHS C 2015.1.7 [dual]"
0000008f 323031352e31 
00000095 2e37205b6475 
0000009b 616c5d00 
0000009f 0100            131 	.byte	1,0
000000a1 00000000*       132 	.word	.Ldw_line_begin
000000a5 00000000*       133 	.word	.Ldw_macinfo_begin
000000a9 00              134 	.byte	0
                         135 
                         136 	.section	.debug_abbrev
00000000 01              137 	.byte	1
00000001 11              138 	.byte	17
00000002 01              139 	.byte	1
00000003 1101            140 	.byte	17,1
00000005 1201            141 	.byte	18,1
00000007 0308            142 	.byte	3,8
00000009 1b08            143 	.byte	27,8
0000000b 2508            144 	.byte	37,8
0000000d 1305            145 	.byte	19,5
0000000f 1006            146 	.byte	16,6
00000011 4306            147 	.byte	67,6
00000013 420b            148 	.byte	66,11
00000015 0000            149 	.byte	0,0
                         150 

                                                                      Page 4
                                                              C:\Users\nhuliyap\AppData\Local\Temp\gh_000065g1.s
                         151 	.section	.debug_line
                         152 .Ldw_line_begin:
00000000 5c020000        153 	.word	.Ldw_line_end-.Ldw_line_begin-4
00000004 0200            154 	.byte	2,0
00000006 00000000*       155 	.word	.Ldw_lpro_end-.Ldw_lpro_begin
                         156 .Ldw_lpro_begin:
0000000a 01              157 	.byte	1
0000000b 00              158 	.byte	0
0000000c 00              159 	.byte	0
0000000d 04              160 	.byte	4
0000000e 0a              161 	.byte	10
0000000f 000101          162 	.byte	0,1,1
00000012 010100          163 	.byte	1,1,0
00000015 000001          164 	.byte	0,0,1
00000018 00              165 	.byte	0
00000019 2e2e2f736f75    166 	.strz	"../source/wrappers/Bfx/Bfx_TstParityEven_u8_u8.c"
0000001f 7263652f7772 
00000025 617070657273 
0000002b 2f4266782f42 
00000031 66785f547374 
00000037 506172697479 
0000003d 4576656e5f75 
00000043 385f75382e63 
00000049 00 
0000004a 000000          167 	.byte	0,0,0
0000004d 2e2e2f736f75    168 	.strz	"../source/wrappers/Bfx/api/Bfx.hpp"
00000053 7263652f7772 
00000059 617070657273 
0000005f 2f4266782f61 
00000065 70692f426678 
0000006b 2e68707000 
00000070 000000          169 	.byte	0,0,0
00000073 2e2e2f736f75    170 	.strz	"../source/common/Std_Types.hpp"
00000079 7263652f636f 
0000007f 6d6d6f6e2f53 
00000085 74645f547970 
0000008b 65732e687070 
00000091 00 
00000092 000000          171 	.byte	0,0,0
00000095 2e2e2f736f75    172 	.strz	"../source/common/Platform_Types.hpp"
0000009b 7263652f636f 
000000a1 6d6d6f6e2f50 
000000a7 6c6174666f72 
000000ad 6d5f54797065 
000000b3 732e68707000 
000000b9 000000          173 	.byte	0,0,0
000000bc 2e2e2f736f75    174 	.strz	"../source/common/Compiler.hpp"
000000c2 7263652f636f 
000000c8 6d6d6f6e2f43 
000000ce 6f6d70696c65 
000000d4 722e68707000 
000000da 000000          175 	.byte	0,0,0
000000dd 2e2e2f736f75    176 	.strz	"../source/ProjectCompiler/Compiler_Cfg.hpp"
000000e3 7263652f5072 
000000e9 6f6a65637443 
000000ef 6f6d70696c65 
000000f5 722f436f6d70 
000000fb 696c65725f43 
00000101 66672e687070 
00000107 00 
00000108 000000          177 	.byte	0,0,0

                                                                      Page 5
                                                              C:\Users\nhuliyap\AppData\Local\Temp\gh_000065g1.s
0000010b 2e2e2f736f75    178 	.strz	"../source/ProjectCompiler/CompilerCfg_SwcServiceOs.hpp"
00000111 7263652f5072 
00000117 6f6a65637443 
0000011d 6f6d70696c65 
00000123 722f436f6d70 
00000129 696c65724366 
0000012f 675f53776353 
00000135 657276696365 
0000013b 4f732e687070 
00000141 00 
00000142 000000          179 	.byte	0,0,0
00000145 2e2e2f736f75    180 	.strz	"../source/wrappers/Bfx/api/Bfx_Types.hpp"
0000014b 7263652f7772 
00000151 617070657273 
00000157 2f4266782f61 
0000015d 70692f426678 
00000163 5f5479706573 
00000169 2e68707000 
0000016e 000000          181 	.byte	0,0,0
00000171 2e2e2f736f75    182 	.strz	"../source/ProjectCfg/Bfx_Cfg.hpp"
00000177 7263652f5072 
0000017d 6f6a65637443 
00000183 66672f426678 
00000189 5f4366672e68 
0000018f 707000 
00000192 000000          183 	.byte	0,0,0
00000195 2e2e2f736f75    184 	.strz	"../source/ProjectCompiler/Bfx_MemMap.hpp"
0000019b 7263652f5072 
000001a1 6f6a65637443 
000001a7 6f6d70696c65 
000001ad 722f4266785f 
000001b3 4d656d4d6170 
000001b9 2e68707000 
000001be 000000          185 	.byte	0,0,0
000001c1 2e2e2f736f75    186 	.strz	"../source/ProjectCompiler/Bsw_MemMap.hpp"
000001c7 7263652f5072 
000001cd 6f6a65637443 
000001d3 6f6d70696c65 
000001d9 722f4273775f 
000001df 4d656d4d6170 
000001e5 2e68707000 
000001ea 000000          187 	.byte	0,0,0
000001ed 2e2e2f736f75    188 	.strz	"../source/ProjectCompiler/MemMap_Common.hpp"
000001f3 7263652f5072 
000001f9 6f6a65637443 
000001ff 6f6d70696c65 
00000205 722f4d656d4d 
0000020b 61705f436f6d 
00000211 6d6f6e2e6870 
00000217 7000 
00000219 000000          189 	.byte	0,0,0
0000021c 2e2e2f736f75    190 	.strz	"../source/wrappers/Bfx/api/Bfx_Bit_Inl.hpp"
00000222 7263652f7772 
00000228 617070657273 
0000022e 2f4266782f61 
00000234 70692f426678 
0000023a 5f4269745f49 
00000240 6e6c2e687070 
00000246 00 
00000247 000000          191 	.byte	0,0,0
0000024a 00              192 	.byte	0

                                                                      Page 6
                                                              C:\Users\nhuliyap\AppData\Local\Temp\gh_000065g1.s
                         193 .Ldw_lpro_end:
                         194 	.section	.debug_macinfo
                         195 .Ldw_macinfo_begin:
                         196 	.section	.debug_frame
                         197 .LDW_4c1bbd8:
00000000 00000000*       198 	.word	.LDW_unq_2-.LDW_unq_1
                         199 .LDW_unq_1:
00000004 ffffffff        200 	.byte	255,255,255,255
00000008 01              201 	.byte	1
00000009 00              202 	.byte	0
0000000a 01              203 	.byte	1
0000000b 01              204 	.byte	1
0000000c 1f              205 	.byte	31
0000000d 0c              206 	.byte	12
0000000e 03              207 	.byte	3
0000000f 00              208 	.byte	0
00000010 07              209 	.byte	7
00000011 00              210 	.byte	0
00000012 07              211 	.byte	7
00000013 01              212 	.byte	1
00000014 07              213 	.byte	7
00000015 02              214 	.byte	2
00000016 07              215 	.byte	7
00000017 03              216 	.byte	3
00000018 07              217 	.byte	7
00000019 04              218 	.byte	4
0000001a 07              219 	.byte	7
0000001b 05              220 	.byte	5
0000001c 07              221 	.byte	7
0000001d 06              222 	.byte	6
0000001e 07              223 	.byte	7
0000001f 07              224 	.byte	7
00000020 07              225 	.byte	7
00000021 08              226 	.byte	8
00000022 07              227 	.byte	7
00000023 09              228 	.byte	9
00000024 07              229 	.byte	7
00000025 0a              230 	.byte	10
00000026 07              231 	.byte	7
00000027 0b              232 	.byte	11
00000028 07              233 	.byte	7
00000029 0c              234 	.byte	12
0000002a 07              235 	.byte	7
0000002b 0d              236 	.byte	13
0000002c 07              237 	.byte	7
0000002d 0e              238 	.byte	14
0000002e 07              239 	.byte	7
0000002f 0f              240 	.byte	15
00000030 07              241 	.byte	7
00000031 10              242 	.byte	16
00000032 07              243 	.byte	7
00000033 11              244 	.byte	17
00000034 07              245 	.byte	7
00000035 12              246 	.byte	18
00000036 07              247 	.byte	7
00000037 13              248 	.byte	19
00000038 08              249 	.byte	8
00000039 14              250 	.byte	20
0000003a 08              251 	.byte	8
0000003b 15              252 	.byte	21
0000003c 08              253 	.byte	8

                                                                      Page 7
                                                              C:\Users\nhuliyap\AppData\Local\Temp\gh_000065g1.s
0000003d 16              254 	.byte	22
0000003e 08              255 	.byte	8
0000003f 17              256 	.byte	23
00000040 08              257 	.byte	8
00000041 18              258 	.byte	24
00000042 08              259 	.byte	8
00000043 19              260 	.byte	25
00000044 08              261 	.byte	8
00000045 1a              262 	.byte	26
00000046 08              263 	.byte	8
00000047 1b              264 	.byte	27
00000048 08              265 	.byte	8
00000049 1c              266 	.byte	28
0000004a 08              267 	.byte	8
0000004b 1d              268 	.byte	29
0000004c 07              269 	.byte	7
0000004d 1e              270 	.byte	30
0000004e 08              271 	.byte	8
0000004f 1f              272 	.byte	31
00000050 07              273 	.byte	7
00000051 20              274 	.byte	32
00000052 07              275 	.byte	7
00000053 21              276 	.byte	33
00000054 07              277 	.byte	7
00000055 22              278 	.byte	34
00000056 07              279 	.byte	7
00000057 23              280 	.byte	35
00000058 07              281 	.byte	7
00000059 24              282 	.byte	36
0000005a 07              283 	.byte	7
0000005b 25              284 	.byte	37
0000005c 07              285 	.byte	7
0000005d 26              286 	.byte	38
0000005e 07              287 	.byte	7
0000005f 27              288 	.byte	39
00000060 07              289 	.byte	7
00000061 28              290 	.byte	40
00000062 07              291 	.byte	7
00000063 29              292 	.byte	41
00000064 07              293 	.byte	7
00000065 2a              294 	.byte	42
00000066 07              295 	.byte	7
00000067 2b              296 	.byte	43
00000068 07              297 	.byte	7
00000069 2c              298 	.byte	44
0000006a 07              299 	.byte	7
0000006b 2d              300 	.byte	45
0000006c 07              301 	.byte	7
0000006d 2e              302 	.byte	46
0000006e 07              303 	.byte	7
0000006f 2f              304 	.byte	47
00000070 07              305 	.byte	7
00000071 30              306 	.byte	48
00000072 07              307 	.byte	7
00000073 31              308 	.byte	49
00000074 07              309 	.byte	7
00000075 32              310 	.byte	50
00000076 07              311 	.byte	7
00000077 33              312 	.byte	51
00000078 07              313 	.byte	7
00000079 34              314 	.byte	52

                                                                      Page 8
                                                              C:\Users\nhuliyap\AppData\Local\Temp\gh_000065g1.s
0000007a 07              315 	.byte	7
0000007b 35              316 	.byte	53
0000007c 07              317 	.byte	7
0000007d 36              318 	.byte	54
0000007e 07              319 	.byte	7
0000007f 37              320 	.byte	55
00000080 07              321 	.byte	7
00000081 38              322 	.byte	56
00000082 07              323 	.byte	7
00000083 39              324 	.byte	57
00000084 07              325 	.byte	7
00000085 3a              326 	.byte	58
00000086 07              327 	.byte	7
00000087 3b              328 	.byte	59
00000088 07              329 	.byte	7
00000089 3c              330 	.byte	60
0000008a 07              331 	.byte	7
0000008b 3d              332 	.byte	61
0000008c 07              333 	.byte	7
0000008d 3e              334 	.byte	62
0000008e 07              335 	.byte	7
0000008f 3f              336 	.byte	63
                         337 .LDW_unq_2:
                         338 	.section	.debug_info
                         339 .LDW_1856dd0:
000000aa 25              340 	.byte	37
000000ab 756e7369676e    341 	.strz	"unsigned char"
000000b1 656420636861 
000000b7 7200 
000000b9 08              342 	.byte	8
000000ba 01              343 	.byte	1
                         344 
                         345 	.section	.debug_abbrev
00000017 25              346 	.byte	37
00000018 24              347 	.byte	36
00000019 00              348 	.byte	0
0000001a 0308            349 	.byte	3,8
0000001c 3e0b            350 	.byte	62,11
0000001e 0b0b            351 	.byte	11,11
00000020 0000            352 	.byte	0,0
                         353 
                         354 	.section	.debug_info
                         355 .LDW_4c1e848:
000000bb 44              356 	.byte	68
000000bc 00000000*       357 	.word	.LDW_4bdebf0
000000c0 01              358 	.byte	1
                         359 
                         360 	.section	.debug_abbrev
00000022 44              361 	.byte	68
00000023 15              362 	.byte	21
00000024 01              363 	.byte	1
00000025 4910            364 	.byte	73,16
00000027 270c            365 	.byte	39,12
00000029 0000            366 	.byte	0,0
                         367 
                         368 	.section	.debug_info
                         369 .LDW_4c16960:
000000c1 12              370 	.byte	18
000000c2 00000000*       371 	.word	.LDW_4b8ca08
000000c6 00              372 	.byte	0
                         373 

                                                                      Page 9
                                                              C:\Users\nhuliyap\AppData\Local\Temp\gh_000065g1.s
                         374 	.section	.debug_abbrev
0000002b 12              375 	.byte	18
0000002c 05              376 	.byte	5
0000002d 00              377 	.byte	0
0000002e 4910            378 	.byte	73,16
00000030 4b0c            379 	.byte	75,12
00000032 0000            380 	.byte	0,0
                         381 
                         382 	.section	.debug_info
000000c7 00              383 	.byte	0
                         384 
                         385 .LDW_4c1e618:
000000c8 44              386 	.byte	68
000000c9 00000000*       387 	.word	.LDW_4bdebf0
000000cd 01              388 	.byte	1
                         389 
                         390 .LDW_4c16930:
000000ce 12              391 	.byte	18
000000cf 00000000*       392 	.word	.LDW_4b8ca08
000000d3 00              393 	.byte	0
                         394 
000000d4 00              395 	.byte	0
                         396 
                         397 .LDW_4c1e538:
000000d5 25              398 	.byte	37
000000d6 756e7369676e    399 	.strz	"unsigned int"
000000dc 656420696e74 
000000e2 00 
000000e3 07              400 	.byte	7
000000e4 04              401 	.byte	4
                         402 
                         403 .LDW_4bdebf0:
000000e5 28              404 	.byte	40
000000e6 626f6f6c6561    405 	.strz	"boolean"
000000ec 6e00 
000000ee 4e              406 	.byte	78
000000ef 49              407 	.byte	73
000000f0 04              408 	.byte	4
000000f1 00000000*       409 	.word	.LDW_1856dd0
                         410 
                         411 	.section	.debug_abbrev
00000034 28              412 	.byte	40
00000035 16              413 	.byte	22
00000036 00              414 	.byte	0
00000037 0308            415 	.byte	3,8
00000039 3b0f            416 	.byte	59,15
0000003b 390f            417 	.byte	57,15
0000003d 3a0f            418 	.byte	58,15
0000003f 4910            419 	.byte	73,16
00000041 0000            420 	.byte	0,0
                         421 
                         422 	.section	.debug_info
                         423 .LDW_4b8ca08:
000000f5 28              424 	.byte	40
000000f6 75696e743800    425 	.strz	"uint8"
000000fc 50              426 	.byte	80
000000fd 4b              427 	.byte	75
000000fe 04              428 	.byte	4
000000ff 00000000*       429 	.word	.LDW_1856dd0
                         430 
                         431 .LDW_4c04bd0:

                                                                      Page 10
                                                              C:\Users\nhuliyap\AppData\Local\Temp\gh_000065g1.s
00000103 16              432 	.byte	22
00000104 4266785f4c6f    433 	.strz	"Bfx_Lok_TstParityEven_u8_u8_Inl"
0000010a 6b5f54737450 
00000110 617269747945 
00000116 76656e5f7538 
0000011c 5f75385f496e 
00000122 6c00 
00000124 f405            434 	.byte	244,5
00000126 16              435 	.byte	22
00000127 0d              436 	.byte	13
00000128 00000000*       437 	.word	.LDW_4bdebf0
0000012c 00              438 	.byte	0
0000012d 03              439 	.byte	3
0000012e 00              440 	.byte	0
0000012f 01              441 	.byte	1
00000130 00              442 	.byte	0
00000131 01              443 	.byte	1
                         444 
                         445 	.section	.debug_abbrev
00000043 16              446 	.byte	22
00000044 2e              447 	.byte	46
00000045 01              448 	.byte	1
00000046 0308            449 	.byte	3,8
00000048 3b0f            450 	.byte	59,15
0000004a 390f            451 	.byte	57,15
0000004c 3a0f            452 	.byte	58,15
0000004e 4910            453 	.byte	73,16
00000050 3c0c            454 	.byte	60,12
00000052 200b            455 	.byte	32,11
00000054 3f0c            456 	.byte	63,12
00000056 320b            457 	.byte	50,11
00000058 4c0b            458 	.byte	76,11
0000005a 270c            459 	.byte	39,12
0000005c 0000            460 	.byte	0,0
                         461 
                         462 	.section	.debug_info
                         463 .LDW_4c1dae0:
00000132 10              464 	.byte	16
00000133 4461746100      465 	.strz	"Data"
00000138 f405            466 	.byte	244,5
0000013a 3c              467 	.byte	60
0000013b 0d              468 	.byte	13
0000013c 00000000*       469 	.word	.LDW_4b8ca08
00000140 00              470 	.byte	0
                         471 
                         472 	.section	.debug_abbrev
0000005e 10              473 	.byte	16
0000005f 05              474 	.byte	5
00000060 00              475 	.byte	0
00000061 0308            476 	.byte	3,8
00000063 3b0f            477 	.byte	59,15
00000065 390f            478 	.byte	57,15
00000067 3a0f            479 	.byte	58,15
00000069 4910            480 	.byte	73,16
0000006b 4b0c            481 	.byte	75,12
0000006d 0000            482 	.byte	0,0
                         483 
                         484 	.section	.debug_info
                         485 .LDW_4c16540:
00000141 20              486 	.byte	32
                         487 

                                                                      Page 11
                                                              C:\Users\nhuliyap\AppData\Local\Temp\gh_000065g1.s
                         488 	.section	.debug_abbrev
0000006f 20              489 	.byte	32
00000070 0b              490 	.byte	11
00000071 01              491 	.byte	1
00000072 0000            492 	.byte	0,0
                         493 
                         494 	.section	.debug_info
                         495 .LDW_4c1db38:
00000142 05              496 	.byte	5
00000143 746d70305f75    497 	.strz	"tmp0_u8"
00000149 3800 
0000014b f605            498 	.byte	246,5
0000014d 0a              499 	.byte	10
0000014e 0d              500 	.byte	13
0000014f 00000000*       501 	.word	.LDW_4b8ca08
00000153 00              502 	.byte	0
00000154 00              503 	.byte	0
                         504 
                         505 	.section	.debug_abbrev
00000074 05              506 	.byte	5
00000075 34              507 	.byte	52
00000076 00              508 	.byte	0
00000077 0308            509 	.byte	3,8
00000079 3b0f            510 	.byte	59,15
0000007b 390f            511 	.byte	57,15
0000007d 3a0f            512 	.byte	58,15
0000007f 4910            513 	.byte	73,16
00000081 3f0c            514 	.byte	63,12
00000083 3c0c            515 	.byte	60,12
00000085 0000            516 	.byte	0,0
                         517 
                         518 	.section	.debug_info
                         519 .LDW_4c1db90:
00000155 05              520 	.byte	5
00000156 746d70315f75    521 	.strz	"tmp1_u8"
0000015c 3800 
0000015e f705            522 	.byte	247,5
00000160 0a              523 	.byte	10
00000161 0d              524 	.byte	13
00000162 00000000*       525 	.word	.LDW_4b8ca08
00000166 00              526 	.byte	0
00000167 00              527 	.byte	0
                         528 
                         529 .LDW_4c1df00:
00000168 05              530 	.byte	5
00000169 7265735f6200    531 	.strz	"res_b"
0000016f f805            532 	.byte	248,5
00000171 0c              533 	.byte	12
00000172 0d              534 	.byte	13
00000173 00000000*       535 	.word	.LDW_4bdebf0
00000177 00              536 	.byte	0
00000178 00              537 	.byte	0
                         538 
00000179 00              539 	.byte	0
                         540 
0000017a 00              541 	.byte	0
                         542 
                         543 .LDW_4c04b38:
0000017b 14              544 	.byte	20
0000017c 4266785f5473    545 	.strz	"Bfx_TstParityEven_u8_u8"
00000182 745061726974 

                                                                      Page 12
                                                              C:\Users\nhuliyap\AppData\Local\Temp\gh_000065g1.s
00000188 794576656e5f 
0000018e 75385f753800 
00000194 13              546 	.byte	19
00000195 0c              547 	.byte	12
00000196 01              548 	.byte	1
00000197 00000000*       549 	.word	.LDW_4bdebf0
0000019b 00000000*       550 	.word	_Bfx_TstParityEven_u8_u8
0000019f 00000000*       551 	.word	___ghs_eofn_Bfx_TstParityEven_u8_u8
000001a3 0153            552 	.byte	1,83
000001a5 02              553 	.byte	2
000001a6 00              554 	.byte	0
000001a7 02              555 	.byte	2
000001a8 00              556 	.byte	0
000001a9 00              557 	.byte	0
000001aa 00              558 	.byte	0
000001ab 00              559 	.byte	0
000001ac 01              560 	.byte	1
000001ad 01              561 	.byte	1
000001ae 00              562 	.byte	0
000001af 01              563 	.byte	1
                         564 
                         565 	.section	.debug_abbrev
00000087 14              566 	.byte	20
00000088 2e              567 	.byte	46
00000089 01              568 	.byte	1
0000008a 0308            569 	.byte	3,8
0000008c 3b0f            570 	.byte	59,15
0000008e 390f            571 	.byte	57,15
00000090 3a0f            572 	.byte	58,15
00000092 4910            573 	.byte	73,16
00000094 1101            574 	.byte	17,1
00000096 1201            575 	.byte	18,1
00000098 400a            576 	.byte	64,10
0000009a 8341            577 	.byte	131,65
0000009c 0f              578 	.byte	15
0000009d 8741            579 	.byte	135,65
0000009f 0d              580 	.byte	13
000000a0 8541            581 	.byte	133,65
000000a2 0f              582 	.byte	15
000000a3 8641            583 	.byte	134,65
000000a5 0d              584 	.byte	13
000000a6 9241            585 	.byte	146,65
000000a8 0f              586 	.byte	15
000000a9 3c0c            587 	.byte	60,12
000000ab 200b            588 	.byte	32,11
000000ad 3f0c            589 	.byte	63,12
000000af 320b            590 	.byte	50,11
000000b1 4c0b            591 	.byte	76,11
000000b3 270c            592 	.byte	39,12
000000b5 0000            593 	.byte	0,0
                         594 
                         595 	.section	.debug_frame
                         596 .LDW_4c56020:
00000090 00000000*       597 	.word	.LDW_unq_4-.LDW_unq_3
                         598 .LDW_unq_3:
00000094 00000000*       599 	.word	.LDW_4c1bbd8
00000098 00000000*       600 	.word	_Bfx_TstParityEven_u8_u8
0000009c 00000000*       601 	.word	___ghs_eofn_Bfx_TstParityEven_u8_u8-_Bfx_TstParityEven_u8_u8
000000a0 01              602 	.byte	1
000000a1 00000000*       603 	.word	.LDW11
000000a5 00              604 	.byte	0

                                                                      Page 13
                                                              C:\Users\nhuliyap\AppData\Local\Temp\gh_000065g1.s
000000a6 00              605 	.byte	0
000000a7 00              606 	.byte	0
                         607 .LDW_unq_4:
                         608 	.section	.debug_line
0000024b 000502          609 	.byte	0,5,2
0000024e 00000000*       610 	.word	_Bfx_TstParityEven_u8_u8
00000252 06              611 	.byte	6
00000253 03              612 	.byte	3
00000254 14              613 	.byte	20
00000255 02              614 	.byte	2
00000256 00              615 	.byte	0
00000257 01              616 	.byte	1
00000258 06              617 	.byte	6
00000259 02              618 	.byte	2
0000025a 18              619 	.byte	24
0000025b 02              620 	.byte	2
0000025c 02              621 	.byte	2
0000025d 000101          622 	.byte	0,1,1
                         623 	.section	.debug_info
                         624 .LDW_4c1e2c8:
000001b0 0f              625 	.byte	15
000001b1 4461746100      626 	.strz	"Data"
000001b6 13              627 	.byte	19
000001b7 2a              628 	.byte	42
000001b8 01              629 	.byte	1
000001b9 00000000*       630 	.word	.LDW_4b8ca08
000001bd 00              631 	.byte	0
000001be 0156            632 	.byte	1,86
                         633 
                         634 	.section	.debug_abbrev
000000b7 0f              635 	.byte	15
000000b8 05              636 	.byte	5
000000b9 00              637 	.byte	0
000000ba 0308            638 	.byte	3,8
000000bc 3b0f            639 	.byte	59,15
000000be 390f            640 	.byte	57,15
000000c0 3a0f            641 	.byte	58,15
000000c2 4910            642 	.byte	73,16
000000c4 4b0c            643 	.byte	75,12
000000c6 020a            644 	.byte	2,10
000000c8 0000            645 	.byte	0,0
                         646 
                         647 	.section	.debug_info
                         648 .LDW_4c16870:
000001c0 1d              649 	.byte	29
000001c1 00000000*       650 	.word	.LDW01
000001c5 00000000*       651 	.word	.LDW11
                         652 
                         653 	.section	.debug_abbrev
000000ca 1d              654 	.byte	29
000000cb 0b              655 	.byte	11
000000cc 01              656 	.byte	1
000000cd 1101            657 	.byte	17,1
000000cf 1201            658 	.byte	18,1
000000d1 0000            659 	.byte	0,0
                         660 
                         661 	.section	.debug_info
000001c9 00              662 	.byte	0
                         663 
000001ca 00              664 	.byte	0
                         665 

                                                                      Page 14
                                                              C:\Users\nhuliyap\AppData\Local\Temp\gh_000065g1.s
000001cb 00              666 	.byte	0
                         667 
                         668 	.section	.debug_line
                         669 .Ldw_line_end:
                         670 	.section	.debug_macinfo
00000000 01              671 	.byte	1
00000001 00              672 	.byte	0
00000002 5f5f6768735f    673 	.strz	"__ghs__ 1"
00000008 5f203100 
0000000c 01              674 	.byte	1
0000000d 00              675 	.byte	0
0000000e 5f5f4c4c4f4e    676 	.strz	"__LLONG_BIT 64"
00000014 475f42495420 
0000001a 363400 
0000001d 01              677 	.byte	1
0000001e 00              678 	.byte	0
0000001f 4e4f545f5245    679 	.strz	"NOT_READY_FOR_TESTING_OR_DEPLOYMENT 1"
00000025 4144595f464f 
0000002b 525f54455354 
00000031 494e475f4f52 
00000037 5f4445504c4f 
0000003d 594d454e5420 
00000043 3100 
00000045 03              680 	.byte	3
00000046 00              681 	.byte	0
00000047 01              682 	.byte	1
00000048 01              683 	.byte	1
00000049 03              684 	.byte	3
0000004a 5352564c4942    685 	.strz	"SRVLIBS "
00000050 532000 
00000053 03              686 	.byte	3
00000054 05              687 	.byte	5
00000055 02              688 	.byte	2
00000056 03              689 	.byte	3
00000057 0a              690 	.byte	10
00000058 03              691 	.byte	3
00000059 03              692 	.byte	3
0000005a 1c              693 	.byte	28
0000005b 04              694 	.byte	4
0000005c 01              695 	.byte	1
0000005d 3c              696 	.byte	60
0000005e 545255452031    697 	.strz	"TRUE 1u"
00000064 7500 
00000066 01              698 	.byte	1
00000067 40              699 	.byte	64
00000068 46414c534520    700 	.strz	"FALSE 0u"
0000006e 307500 
00000071 04              701 	.byte	4
00000072 03              702 	.byte	3
00000073 1d              703 	.byte	29
00000074 05              704 	.byte	5
00000075 03              705 	.byte	3
00000076 1b              706 	.byte	27
00000077 06              707 	.byte	6
00000078 03              708 	.byte	3
00000079 54              709 	.byte	84
0000007a 07              710 	.byte	7
0000007b 04              711 	.byte	4
0000007c 04              712 	.byte	4
0000007d 01              713 	.byte	1
0000007e 33              714 	.byte	51

                                                                      Page 15
                                                              C:\Users\nhuliyap\AppData\Local\Temp\gh_000065g1.s
0000007f 4c4f43414c5f    715 	.strz	"LOCAL_INLINE static inline"
00000085 494e4c494e45 
0000008b 207374617469 
00000091 6320696e6c69 
00000097 6e6500 
0000009a 04              716 	.byte	4
0000009b 01              717 	.byte	1
0000009c 3c              718 	.byte	60
0000009d 5354445f4f4e    719 	.strz	"STD_ON 1u"
000000a3 20317500 
000000a7 01              720 	.byte	1
000000a8 3d              721 	.byte	61
000000a9 5354445f4f46    722 	.strz	"STD_OFF 0u"
000000af 4620307500 
000000b4 04              723 	.byte	4
000000b5 03              724 	.byte	3
000000b6 0b              725 	.byte	11
000000b7 08              726 	.byte	8
000000b8 01              727 	.byte	1
000000b9 07              728 	.byte	7
000000ba 4246585f4d41    729 	.strz	"BFX_MAXUINT8_U (0xffu)"
000000c0 5855494e5438 
000000c6 5f5520283078 
000000cc 6666752900 
000000d1 01              730 	.byte	1
000000d2 0c              731 	.byte	12
000000d3 4246585f4d41    732 	.strz	"BFX_MAXUINT16_U (0xffffu)"
000000d9 5855494e5431 
000000df 365f55202830 
000000e5 786666666675 
000000eb 2900 
000000ed 01              733 	.byte	1
000000ee 11              734 	.byte	17
000000ef 4246585f4d41    735 	.strz	"BFX_MAXUINT32_U (0xffffffffuL)"
000000f5 5855494e5433 
000000fb 325f55202830 
00000101 786666666666 
00000107 666666754c29 
0000010d 00 
0000010e 01              736 	.byte	1
0000010f 17              737 	.byte	23
00000110 4246585f4d41    738 	.strz	"BFX_MAXUINT64_U (0xFFFFFFFFFFFFFFFFuLL)"
00000116 5855494e5436 
0000011c 345f55202830 
00000122 784646464646 
00000128 464646464646 
0000012e 464646464675 
00000134 4c4c2900 
00000138 04              739 	.byte	4
00000139 03              740 	.byte	3
0000013a 0c              741 	.byte	12
0000013b 09              742 	.byte	9
0000013c 01              743 	.byte	1
0000013d 1f              744 	.byte	31
0000013e 4246585f5645    745 	.strz	"BFX_VERSIONINFOAPI STD_OFF"
00000144 5253494f4e49 
0000014a 4e464f415049 
00000150 205354445f4f 
00000156 464600 
00000159 01              746 	.byte	1
0000015a 21              747 	.byte	33

                                                                      Page 16
                                                              C:\Users\nhuliyap\AppData\Local\Temp\gh_000065g1.s
0000015b 4246585f4346    748 	.strz	"BFX_CFG_LOCATION_NORMAL 1"
00000161 475f4c4f4341 
00000167 54494f4e5f4e 
0000016d 4f524d414c20 
00000173 3100 
00000175 01              749 	.byte	1
00000176 24              750 	.byte	36
00000177 4246585f4346    751 	.strz	"BFX_CFG_LOCATION_INLINE 4"
0000017d 475f4c4f4341 
00000183 54494f4e5f49 
00000189 4e4c494e4520 
0000018f 3400 
00000191 01              752 	.byte	1
00000192 26              753 	.byte	38
00000193 4246585f4346    754 	.strz	"BFX_CFG_NOOPTIMIZATION 0"
00000199 475f4e4f4f50 
0000019f 54494d495a41 
000001a5 54494f4e2030 
000001ab 00 
000001ac 01              755 	.byte	1
000001ad 27              756 	.byte	39
000001ae 4246585f4346    757 	.strz	"BFX_CFG_TCCOMMON 1"
000001b4 475f5443434f 
000001ba 4d4d4f4e2031 
000001c0 00 
000001c1 01              758 	.byte	1
000001c2 28              759 	.byte	40
000001c3 4246585f4346    760 	.strz	"BFX_CFG_TC27XX 2"
000001c9 475f54433237 
000001cf 5858203200 
000001d4 01              761 	.byte	1
000001d5 29              762 	.byte	41
000001d6 4246585f4346    763 	.strz	"BFX_CFG_MPCCOMMON 3"
000001dc 475f4d504343 
000001e2 4f4d4d4f4e20 
000001e8 3300 
000001ea 01              764 	.byte	1
000001eb 2a              765 	.byte	42
000001ec 4246585f4346    766 	.strz	"BFX_CFG_MPCCUT2 4"
000001f2 475f4d504343 
000001f8 555432203400 
000001fe 01              767 	.byte	1
000001ff 2b              768 	.byte	43
00000200 4246585f4346    769 	.strz	"BFX_CFG_ARMV8X32 5"
00000206 475f41524d56 
0000020c 385833322035 
00000212 00 
00000213 01              770 	.byte	1
00000214 2d              771 	.byte	45
00000215 4246585f4346    772 	.strz	"BFX_CFG_OPTIMIZATION BFX_CFG_NOOPTIMIZATION"
0000021b 475f4f505449 
00000221 4d495a415449 
00000227 4f4e20424658 
0000022d 5f4346475f4e 
00000233 4f4f5054494d 
00000239 495a4154494f 
0000023f 4e00 
00000241 01              773 	.byte	1
00000242 7d              774 	.byte	125
00000243 4246585f4346    775 	.strz	"BFX_CFG_TSTPARITYEVEN_U8_U8_LOCATION BFX_CFG_LOCATION_NORMAL"
00000249 475f54535450 

                                                                      Page 17
                                                              C:\Users\nhuliyap\AppData\Local\Temp\gh_000065g1.s
0000024f 415249545945 
00000255 56454e5f5538 
0000025b 5f55385f4c4f 
00000261 434154494f4e 
00000267 204246585f43 
0000026d 46475f4c4f43 
00000273 4154494f4e5f 
00000279 4e4f524d414c 
0000027f 00 
00000280 01              776 	.byte	1
00000281 9801            777 	.byte	152,1
00000283 4246585f5354    778 	.strz	"BFX_START_SEC_CODE "
00000289 4152545f5345 
0000028f 435f434f4445 
00000295 2000 
00000297 03              779 	.byte	3
00000298 9901            780 	.byte	153,1
0000029a 0a              781 	.byte	10
0000029b 01              782 	.byte	1
0000029c 07              783 	.byte	7
0000029d 4246585f4d45    784 	.strz	"BFX_MEMMAP_H "
000002a3 4d4d41505f48 
000002a9 2000 
000002ab 01              785 	.byte	1
000002ac 0b              786 	.byte	11
000002ad 4246585f4d45    787 	.strz	"BFX_MEMMAP_ERROR "
000002b3 4d4d41505f45 
000002b9 52524f522000 
000002bf 01              788 	.byte	1
000002c0 0e              789 	.byte	14
000002c1 4253575f5354    790 	.strz	"BSW_START_SEC_CODE "
000002c7 4152545f5345 
000002cd 435f434f4445 
000002d3 2000 
000002d5 03              791 	.byte	3
000002d6 0f              792 	.byte	15
000002d7 0b              793 	.byte	11
000002d8 01              794 	.byte	1
000002d9 e408            795 	.byte	228,8
000002db 53544152545f    796 	.strz	"START_SEC_CODE "
000002e1 5345435f434f 
000002e7 44452000 
000002eb 03              797 	.byte	3
000002ec c509            798 	.byte	197,9
000002ee 0c              799 	.byte	12
000002ef 01              800 	.byte	1
000002f0 f407            801 	.byte	244,7
000002f2 434f44455f53    802 	.strz	"CODE_SEC_OPEN "
000002f8 45435f4f5045 
000002fe 4e2000 
00000301 04              803 	.byte	4
00000302 04              804 	.byte	4
00000303 04              805 	.byte	4
00000304 01              806 	.byte	1
00000305 ee01            807 	.byte	238,1
00000307 4246585f5354    808 	.strz	"BFX_STOP_SEC_CODE "
0000030d 4f505f534543 
00000313 5f434f444520 
00000319 00 
0000031a 03              809 	.byte	3
0000031b ef01            810 	.byte	239,1

                                                                      Page 18
                                                              C:\Users\nhuliyap\AppData\Local\Temp\gh_000065g1.s
0000031d 0a              811 	.byte	10
0000031e 01              812 	.byte	1
0000031f 0b              813 	.byte	11
00000320 4246585f4d45    814 	.strz	"BFX_MEMMAP_ERROR "
00000326 4d4d41505f45 
0000032c 52524f522000 
00000332 01              815 	.byte	1
00000333 13              816 	.byte	19
00000334 4253575f5354    817 	.strz	"BSW_STOP_SEC_CODE "
0000033a 4f505f534543 
00000340 5f434f444520 
00000346 00 
00000347 03              818 	.byte	3
00000348 14              819 	.byte	20
00000349 0b              820 	.byte	11
0000034a 01              821 	.byte	1
0000034b e808            822 	.byte	232,8
0000034d 53544f505f53    823 	.strz	"STOP_SEC_CODE "
00000353 45435f434f44 
00000359 452000 
0000035c 03              824 	.byte	3
0000035d c509            825 	.byte	197,9
0000035f 0c              826 	.byte	12
00000360 04              827 	.byte	4
00000361 04              828 	.byte	4
00000362 04              829 	.byte	4
00000363 04              830 	.byte	4
00000364 03              831 	.byte	3
00000365 1c              832 	.byte	28
00000366 0d              833 	.byte	13
00000367 04              834 	.byte	4
00000368 04              835 	.byte	4
00000369 01              836 	.byte	1
0000036a 09              837 	.byte	9
0000036b 4246585f5354    838 	.strz	"BFX_START_SEC_CODE "
00000371 4152545f5345 
00000377 435f434f4445 
0000037d 2000 
0000037f 03              839 	.byte	3
00000380 11              840 	.byte	17
00000381 0a              841 	.byte	10
00000382 01              842 	.byte	1
00000383 0b              843 	.byte	11
00000384 4246585f4d45    844 	.strz	"BFX_MEMMAP_ERROR "
0000038a 4d4d41505f45 
00000390 52524f522000 
00000396 01              845 	.byte	1
00000397 0e              846 	.byte	14
00000398 4253575f5354    847 	.strz	"BSW_START_SEC_CODE "
0000039e 4152545f5345 
000003a4 435f434f4445 
000003aa 2000 
000003ac 03              848 	.byte	3
000003ad 0f              849 	.byte	15
000003ae 0b              850 	.byte	11
000003af 01              851 	.byte	1
000003b0 e408            852 	.byte	228,8
000003b2 53544152545f    853 	.strz	"START_SEC_CODE "
000003b8 5345435f434f 
000003be 44452000 
000003c2 03              854 	.byte	3

                                                                      Page 19
                                                              C:\Users\nhuliyap\AppData\Local\Temp\gh_000065g1.s
000003c3 c509            855 	.byte	197,9
000003c5 0c              856 	.byte	12
000003c6 01              857 	.byte	1
000003c7 f407            858 	.byte	244,7
000003c9 434f44455f53    859 	.strz	"CODE_SEC_OPEN "
000003cf 45435f4f5045 
000003d5 4e2000 
000003d8 04              860 	.byte	4
000003d9 04              861 	.byte	4
000003da 04              862 	.byte	4
000003db 01              863 	.byte	1
000003dc 19              864 	.byte	25
000003dd 4246585f5354    865 	.strz	"BFX_STOP_SEC_CODE "
000003e3 4f505f534543 
000003e9 5f434f444520 
000003ef 00 
000003f0 03              866 	.byte	3
000003f1 21              867 	.byte	33
000003f2 0a              868 	.byte	10
000003f3 01              869 	.byte	1
000003f4 0b              870 	.byte	11
000003f5 4246585f4d45    871 	.strz	"BFX_MEMMAP_ERROR "
000003fb 4d4d41505f45 
00000401 52524f522000 
00000407 01              872 	.byte	1
00000408 13              873 	.byte	19
00000409 4253575f5354    874 	.strz	"BSW_STOP_SEC_CODE "
0000040f 4f505f534543 
00000415 5f434f444520 
0000041b 00 
0000041c 03              875 	.byte	3
0000041d 14              876 	.byte	20
0000041e 0b              877 	.byte	11
0000041f 01              878 	.byte	1
00000420 e808            879 	.byte	232,8
00000422 53544f505f53    880 	.strz	"STOP_SEC_CODE "
00000428 45435f434f44 
0000042e 452000 
00000431 03              881 	.byte	3
00000432 c509            882 	.byte	197,9
00000434 0c              883 	.byte	12
00000435 04              884 	.byte	4
00000436 04              885 	.byte	4
00000437 04              886 	.byte	4
00000438 04              887 	.byte	4
00000439 00              888 	.byte	0
                         889 	.section	.debug_abbrev
000000d3 00              890 	.byte	0
                         891 	.section	.debug_info
                         892 .Ldw_end:
                         893 .rh850_flags REGMODE32,DATA_ALIGN8,GP_FIX,EP_NONFIX,TP_FIX,REG2_RESERVE,G3K,GHS_MISALIGN,SDA_EXTRA_REGS_0
