                                                                      Page 1
                                                              C:\Users\nhuliyap\AppData\Local\Temp\gh_000083g1.s
Command Line: C:\ghs\comp_201517\ease850.exe -w -elf -b0 -I../source/common -I../source/ProjectCompiler -I../source/ProjectCfg -I../source/SwcApplTpms -I../source/SwcApplTpms/Intface -I../source/SwcApplEcuM -I../source/SwcServiceEcuM -I../source/SwcServiceNvM -I../source/SwcServiceOs -I../source/SwcServiceStartUp -I../source/McalAdc -I../source/McalDio -I../source/McalGpt -I../source/McalMcu -I../source/McalWdg -I../source/wrappers -I../source/wrappers/McalAta -I../source/McalLin -I../source/McalCan -I../source/wrappers/OS -I../source/McalFls -I../source/EcuabFee -I../source/EcuabMemIf -I../source/wrappers/VStdLib -I../source/wrappers/Crc -I../source/wrappers/FBL_APPL -I../source/wrappers/CAN_MANAGER -I../source/wrappers/NVM_MANAGER -I../source/wrappers/DEM_MANAGER -I../source/wrappers/RDC_MANAGER -I../source/wrappers/ENV_MANAGER -I../source/wrappers/SYS_MANAGER -I../source/wrappers/EcuabCanIf -I../source/wrappers/SwcServiceCanSM -I../source/wrappers/SwcServiceCanTp -I../source/wrappers/SwcServiceCanTp_PreCompile -I../source/wrappers/SwcServiceCom -I../source/wrappers/SwcServiceComM -I../source/wrappers/SwcServiceComStack -I../source/wrappers/SwcServiceDcm -I../source/wrappers/SwcServicePduR -I../source/wrappers/SwcServiceEcuM -I../source/wrappers/Bfx -I../source/wrappers/SwcServiceDem -I../source/SwcServiceDet -I../source/SwcServiceFiM -I../source/wrappers/LibAutosarDiag -I../source/wrappers/rba_BswSrv -I../source/SwcServiceSchM -I../source/wrappers/SwcServiceComM/Integration -I../source/wrappers/SwcServicePduR/Integration -I../source/wrappers/EcuabCanIf/Integration -I../source/wrappers/SwcServiceCom/Integration -I../source/wrappers/SwcServiceCanTp/Integration -I../source/wrappers/SwcServiceEcuM/Integration -I../source/SwcServiceDet/Integration -I../source/wrappers/SwcServiceDcm/Integration -I../source/wrappers/SwcServiceDem/Integration -I../source/SwcServiceFiM/Integration -I../source/wrappers/EcuabCanIf/api -I../source/wrappers/SwcServiceCom/api -I../source/wrappers/SwcServiceComM/api -I../source/wrappers/SwcServicePduR/api -I../source/wrappers/Bfx/api -I../source/SwcServiceDet/api -I../source/SwcServiceFiM/api -I../source/wrappers/LibAutosarDiag/api -I../source/wrappers/rba_BswSrv/api -IC:\ghs\comp_201517\lib\rh850 -cg_underscore -cpu=rh850g3k -no_v850_simd -rh850_fpsimd=none -nomacro -patch_dbo=C:\_ECU2\ECU_Rivian_A1\Target\repo_projects\pRealEcu\cL_LATEST\make\output\objects\Break.dbo -source=Break.c -o output\objects\gh_000083g1.o -list=output\list\Break.lst C:\Users\nhuliyap\AppData\Local\Temp\gh_000083g1.s 
Original File: C:\Users\nhuliyap\AppData\Local\Temp\gh_000083g1.s
Source File: Break.c
Directory: C:\_ECU2\ECU_Rivian_A1\Target\repo_projects\pRealEcu\cL_LATEST\make
Host OS: Windows
EASE: Copyright (C) 1983-2015 Green Hills Software.  All Rights Reserved.
Release: Compiler v2015.1.7
Build Directory: [Directory] BTOWORKER6:c:/build_2015_1_bto/2015-10-21.2100-2015_1_bto/win32-comp-ecom
Revision: [VCInfo] http://toolsvc/branches/release-branch-70-bto/src@544153 (built by build)
Revision Date: Thu Oct 22 07:50:13 2015

Release Date: Thu Oct 22 09:32:32 2015

                           1 --Driver Command: ccv850 ../source/SwcApplTpms/Break.c -cpu=rh850 -fhard
                           2 --		-ignore_callt_state_in_interrupts -large_sda -misalign_pack
                           3 --		-nofarcalls -nofloatio -no_callt -Ogeneral -Onounroll
                           4 --		-prepare_dispose -registermode=32 -reserve_r2 -sda=0
                           5 --		-shorten_loads -Wshadow --brief_diagnostics --no_commons
                           6 --		--no_wrap_diagnostics --prototype_errors --short_enum -list -G
                           7 --		-dual_debug -dwarf -X5523 -lnk=-no_xda_modifications -D
                           8 --		NOT_READY_FOR_TESTING_OR_DEPLOYMENT -D IBTCM_SW_ANPASSUNGEN -D
                           9 --		BUILD_LORDSTOWN -c -inline_prologue -I../source/common
                          10 --		-I../source/ProjectCompiler -I../source/ProjectCfg
                          11 --		-I../source/SwcApplTpms -I../source/SwcApplTpms/Intface
                          12 --		-I../source/SwcApplEcuM -I../source/SwcServiceEcuM
                          13 --		-I../source/SwcServiceNvM -I../source/SwcServiceOs
                          14 --		-I../source/SwcServiceStartUp -I../source/McalAdc
                          15 --		-I../source/McalDio -I../source/McalGpt -I../source/McalMcu
                          16 --		-I../source/McalWdg -I../source/wrappers
                          17 --		-I../source/wrappers/McalAta -I../source/McalLin
                          18 --		-I../source/McalCan -I../source/wrappers/OS -I../source/McalFls
                          19 --		-I../source/EcuabFee -I../source/EcuabMemIf
                          20 --		-I../source/wrappers/VStdLib -I../source/wrappers
                          21 --		-I../source/wrappers/Crc -I../source/wrappers/FBL_APPL
                          22 --		-I../source/wrappers/CAN_MANAGER -I../source/wrappers/NVM_MANAGER
                          23 --		-I../source/wrappers/DEM_MANAGER -I../source/wrappers/RDC_MANAGER
                          24 --		-I../source/wrappers/ENV_MANAGER -I../source/wrappers/SYS_MANAGER
                          25 --		-I../source/wrappers/EcuabCanIf
                          26 --		-I../source/wrappers/SwcServiceCanSM
                          27 --		-I../source/wrappers/SwcServiceCanTp
                          28 --		-I../source/wrappers/SwcServiceCanTp_PreCompile
                          29 --		-I../source/wrappers/SwcServiceCom
                          30 --		-I../source/wrappers/SwcServiceComM
                          31 --		-I../source/wrappers/SwcServiceComStack
                          32 --		-I../source/wrappers/SwcServiceDcm
                          33 --		-I../source/wrappers/SwcServicePduR
                          34 --		-I../source/wrappers/SwcServiceEcuM -I../source/wrappers/Bfx
                          35 --		-I../source/wrappers/SwcServiceDem -I../source/SwcServiceDet
                          36 --		-I../source/SwcServiceFiM -I../source/wrappers/LibAutosarDiag
                          37 --		-I../source/wrappers/rba_BswSrv -I../source/SwcServiceSchM
                          38 --		-I../source/wrappers/SwcServiceComM/Integration
                          39 --		-I../source/wrappers/SwcServicePduR/Integration
                          40 --		-I../source/wrappers/EcuabCanIf/Integration
                          41 --		-I../source/wrappers/SwcServiceCom/Integration
                          42 --		-I../source/wrappers/SwcServiceCanTp/Integration
                          43 --		-I../source/wrappers/SwcServiceEcuM/Integration
                          44 --		-I../source/SwcServiceDet/Integration
                          45 --		-I../source/wrappers/SwcServiceDcm/Integration
                          46 --		-I../source/wrappers/SwcServiceDem/Integration
                          47 --		-I../source/SwcServiceFiM/Integration
                          48 --		-I../source/wrappers/EcuabCanIf/api
                          49 --		-I../source/wrappers/SwcServiceCom/api
                          50 --		-I../source/wrappers/SwcServiceComM/api

                                                                      Page 2
                                                              C:\Users\nhuliyap\AppData\Local\Temp\gh_000083g1.s
                          51 --		-I../source/wrappers/SwcServicePduR/api
                          52 --		-I../source/wrappers/Bfx/api -I../source/SwcServiceDet/api
                          53 --		-I../source/SwcServiceFiM/api
                          54 --		-I../source/wrappers/LibAutosarDiag/api
                          55 --		-I../source/wrappers/rba_BswSrv/api -object_dir=output/objects
                          56 --		-list_dir=output/list
                          57 --Source File:   ../source/SwcApplTpms/Break.c
                          58 --Directory:     
                          59 --		C:\_ECU2\ECU_Rivian_A1\Target\repo_projects\pRealEcu\cL_LATEST\make
                          60 --Compile Date:  Wed Sep 06 09:35:22 2023
                          61 --Host OS:       Win32
                          62 --Version:       C-RH850 2015.1.7 RELEASE VERSION
                          63 --Release:       Compiler v2015.1.7
                          64 --Revision Date: Thu Oct 22 08:06:12 2015
                          65 --Release Date:  Thu Oct 22 09:34:32 2015
                          66 -- ecom  -g -w -OM
                          67 	.text
                          68 ..bof.C.3A.5C_ECU2.5CECU_Rivian_A1.5CTarget.5Crepo_projects.5CpRealEcu.5CcL_LATEST.5Cmake.5Coutput.5Cobjects.5CBreak...43.3A.5C_ECU2.5CECU_Rivian_A1.5CTarget.5Crepo_projects.5CpRealEcu.5CcL_LATEST.5Cmake..64F82BBA..0::
                          69 	.align	2
                          70 ..gh.f.f.1.e.0:
                          71 	.type	..gh.f.f.1.e.0,@object
                          72 	.size	..gh.f.f.1.e.0,0
                          73 	.global	_Breakpoint
                          74 _Breakpoint:
                          75 --	    .bf
                          76 .LDW01:
                          77 --	    .ef
                          78 .LDW11:
00000000 7f00             79 	jmp	[lp]
                          80 	.global	___ghs_eofn_Breakpoint
                          81 ___ghs_eofn_Breakpoint:
                          82 	.type	_Breakpoint,@function
                          83 	.size	_Breakpoint,.-_Breakpoint
                          84 	.align	2
                          85 
                          86 	.section ".bss","awb"
                          87 .L32:
                          88 	.type	.L32,@object
                          89 	.size	.L32,0
                          90 	.data
                          91 	.text
                          92 	.align	2
                          93 	.align	2
                          94 ..gh.f.f.1.e.1:
                          95 	.type	..gh.f.f.1.e.1,@object
                          96 	.size	..gh.f.f.1.e.1,0
                          97 	.global	_Nop
                          98 _Nop:
                          99 --	    .bf
                         100 .LDW21:
                         101 --	    .ef
                         102 .LDW31:
00000002 7f00            103 	jmp	[lp]
                         104 	.global	___ghs_eofn_Nop
                         105 ___ghs_eofn_Nop:
                         106 	.type	_Nop,@function
                         107 	.size	_Nop,.-_Nop
                         108 	.align	2
                         109 
                         110 	.section ".bss","awb"
                         111 .L64:

                                                                      Page 3
                                                              C:\Users\nhuliyap\AppData\Local\Temp\gh_000083g1.s
                         112 	.type	.L64,@object
                         113 	.size	.L64,0
                         114 	.data
                         115 	.text
                         116 	.align	2
                         117 
                         118 	.data
                         119 	.ghsnote version,17
                         120 	.ghsnote tools,3
                         121 	.ghsnote options,144
                         122 	.text
                         123 	.align	2
                         124 ..eof.C.3A.5C_ECU2.5CECU_Rivian_A1.5CTarget.5Crepo_projects.5CpRealEcu.5CcL_LATEST.5Cmake.5Coutput.5Cobjects.5CBreak...43.3A.5C_ECU2.5CECU_Rivian_A1.5CTarget.5Crepo_projects.5CpRealEcu.5CcL_LATEST.5Cmake..64F82BBA..0::
                         125 	.section	.debug_info
                         126 .Ldw_begin:
00000000 f1000000        127 	.word	.Ldw_end-.Ldw_begin-4
00000004 0200            128 	.byte	2,0
00000006 00000000*       129 	.word	.Ldw_abbr_begin
0000000a 04              130 	.byte	4
                         131 	.section	.debug_abbrev
                         132 .Ldw_abbr_begin:
                         133 	.section	.debug_info
0000000b 01              134 	.byte	1
0000000c 00000000*       135 	.word	..bof.C.3A.5C_ECU2.5CECU_Rivian_A1.5CTarget.5Crepo_projects.5CpRealEcu.5CcL_LATEST.5Cmake.5Coutput.5Cobjects.5CBreak...43.3A.5C_ECU2.5CECU_Rivian_A1.5CTarget.5Crepo_projects.5CpRealEcu.5CcL_LATEST.5Cmake..64F82BBA..0
00000010 00000000*       136 	.word	..eof.C.3A.5C_ECU2.5CECU_Rivian_A1.5CTarget.5Crepo_projects.5CpRealEcu.5CcL_LATEST.5Cmake.5Coutput.5Cobjects.5CBreak...43.3A.5C_ECU2.5CECU_Rivian_A1.5CTarget.5Crepo_projects.5CpRealEcu.5CcL_LATEST.5Cmake..64F82BBA..0
00000014 2e2e2f736f75    137 	.strz	"../source/SwcApplTpms/Break.c"
0000001a 7263652f5377 
00000020 634170706c54 
00000026 706d732f4272 
0000002c 65616b2e6300 
00000032 433a5c5f4543    138 	.strz	"C:\\_ECU2\\ECU_Rivian_A1\\Target\\repo_projects\\pRealEcu\\cL_LATEST\\make"
00000038 55325c454355 
0000003e 5f5269766961 
00000044 6e5f41315c54 
0000004a 61726765745c 
00000050 7265706f5f70 
00000056 726f6a656374 
0000005c 735c70526561 
00000062 6c4563755c63 
00000068 4c5f4c415445 
0000006e 53545c6d616b 
00000074 6500 
00000076 474853204320    139 	.strz	"GHS C 2015.1.7 [dual]"
0000007c 323031352e31 
00000082 2e37205b6475 
00000088 616c5d00 
0000008c 0100            140 	.byte	1,0
0000008e 00000000*       141 	.word	.Ldw_line_begin
00000092 00000000*       142 	.word	.Ldw_macinfo_begin
00000096 00              143 	.byte	0
                         144 
                         145 	.section	.debug_abbrev
00000000 01              146 	.byte	1
00000001 11              147 	.byte	17
00000002 01              148 	.byte	1
00000003 1101            149 	.byte	17,1
00000005 1201            150 	.byte	18,1
00000007 0308            151 	.byte	3,8
00000009 1b08            152 	.byte	27,8
0000000b 2508            153 	.byte	37,8
0000000d 1305            154 	.byte	19,5

                                                                      Page 4
                                                              C:\Users\nhuliyap\AppData\Local\Temp\gh_000083g1.s
0000000f 1006            155 	.byte	16,6
00000011 4306            156 	.byte	67,6
00000013 420b            157 	.byte	66,11
00000015 0000            158 	.byte	0,0
                         159 
                         160 	.section	.debug_line
                         161 .Ldw_line_begin:
00000000 08020000        162 	.word	.Ldw_line_end-.Ldw_line_begin-4
00000004 0200            163 	.byte	2,0
00000006 00000000*       164 	.word	.Ldw_lpro_end-.Ldw_lpro_begin
                         165 .Ldw_lpro_begin:
0000000a 01              166 	.byte	1
0000000b 00              167 	.byte	0
0000000c 00              168 	.byte	0
0000000d 04              169 	.byte	4
0000000e 0a              170 	.byte	10
0000000f 000101          171 	.byte	0,1,1
00000012 010100          172 	.byte	1,1,0
00000015 000001          173 	.byte	0,0,1
00000018 00              174 	.byte	0
00000019 2e2e2f736f75    175 	.strz	"../source/SwcApplTpms/Break.c"
0000001f 7263652f5377 
00000025 634170706c54 
0000002b 706d732f4272 
00000031 65616b2e6300 
00000037 000000          176 	.byte	0,0,0
0000003a 2e2e2f736f75    177 	.strz	"../source/SwcApplTpms/iTpms_Interface.hpp"
00000040 7263652f5377 
00000046 634170706c54 
0000004c 706d732f6954 
00000052 706d735f496e 
00000058 746572666163 
0000005e 652e68707000 
00000064 000000          178 	.byte	0,0,0
00000067 2e2e2f736f75    179 	.strz	"../source/SwcApplTpms/Tpms_Rte_Data_Type.hpp"
0000006d 7263652f5377 
00000073 634170706c54 
00000079 706d732f5470 
0000007f 6d735f527465 
00000085 5f446174615f 
0000008b 547970652e68 
00000091 707000 
00000094 000000          180 	.byte	0,0,0
00000097 2e2e2f736f75    181 	.strz	"../source/McalMcu/Types.hpp"
0000009d 7263652f4d63 
000000a3 616c4d63752f 
000000a9 54797065732e 
000000af 68707000 
000000b3 000000          182 	.byte	0,0,0
000000b6 2e2e2f736f75    183 	.strz	"../source/common/Std_Types.hpp"
000000bc 7263652f636f 
000000c2 6d6d6f6e2f53 
000000c8 74645f547970 
000000ce 65732e687070 
000000d4 00 
000000d5 000000          184 	.byte	0,0,0
000000d8 2e2e2f736f75    185 	.strz	"../source/common/Platform_Types.hpp"
000000de 7263652f636f 
000000e4 6d6d6f6e2f50 
000000ea 6c6174666f72 
000000f0 6d5f54797065 

                                                                      Page 5
                                                              C:\Users\nhuliyap\AppData\Local\Temp\gh_000083g1.s
000000f6 732e68707000 
000000fc 000000          186 	.byte	0,0,0
000000ff 2e2e2f736f75    187 	.strz	"../source/common/Compiler.hpp"
00000105 7263652f636f 
0000010b 6d6d6f6e2f43 
00000111 6f6d70696c65 
00000117 722e68707000 
0000011d 000000          188 	.byte	0,0,0
00000120 2e2e2f736f75    189 	.strz	"../source/ProjectCompiler/Compiler_Cfg.hpp"
00000126 7263652f5072 
0000012c 6f6a65637443 
00000132 6f6d70696c65 
00000138 722f436f6d70 
0000013e 696c65725f43 
00000144 66672e687070 
0000014a 00 
0000014b 000000          190 	.byte	0,0,0
0000014e 2e2e2f736f75    191 	.strz	"../source/ProjectCompiler/CompilerCfg_SwcServiceOs.hpp"
00000154 7263652f5072 
0000015a 6f6a65637443 
00000160 6f6d70696c65 
00000166 722f436f6d70 
0000016c 696c65724366 
00000172 675f53776353 
00000178 657276696365 
0000017e 4f732e687070 
00000184 00 
00000185 000000          192 	.byte	0,0,0
00000188 2e2e2f736f75    193 	.strz	"../source/SwcApplTpms/SwcApplTpms_Rte.hpp"
0000018e 7263652f5377 
00000194 634170706c54 
0000019a 706d732f5377 
000001a0 634170706c54 
000001a6 706d735f5274 
000001ac 652e68707000 
000001b2 000000          194 	.byte	0,0,0
000001b5 2e2e2f736f75    195 	.strz	"../source/SwcApplTpms/SwcApplTpms_Rte_Type.hpp"
000001bb 7263652f5377 
000001c1 634170706c54 
000001c7 706d732f5377 
000001cd 634170706c54 
000001d3 706d735f5274 
000001d9 655f54797065 
000001df 2e68707000 
000001e4 000000          196 	.byte	0,0,0
000001e7 00              197 	.byte	0
                         198 .Ldw_lpro_end:
                         199 	.section	.debug_macinfo
                         200 .Ldw_macinfo_begin:
                         201 	.section	.debug_frame
                         202 .LDW_4bfb270:
00000000 00000000*       203 	.word	.LDW_unq_2-.LDW_unq_1
                         204 .LDW_unq_1:
00000004 ffffffff        205 	.byte	255,255,255,255
00000008 01              206 	.byte	1
00000009 00              207 	.byte	0
0000000a 01              208 	.byte	1
0000000b 01              209 	.byte	1
0000000c 1f              210 	.byte	31
0000000d 0c              211 	.byte	12
0000000e 03              212 	.byte	3

                                                                      Page 6
                                                              C:\Users\nhuliyap\AppData\Local\Temp\gh_000083g1.s
0000000f 00              213 	.byte	0
00000010 07              214 	.byte	7
00000011 00              215 	.byte	0
00000012 07              216 	.byte	7
00000013 01              217 	.byte	1
00000014 07              218 	.byte	7
00000015 02              219 	.byte	2
00000016 07              220 	.byte	7
00000017 03              221 	.byte	3
00000018 07              222 	.byte	7
00000019 04              223 	.byte	4
0000001a 07              224 	.byte	7
0000001b 05              225 	.byte	5
0000001c 07              226 	.byte	7
0000001d 06              227 	.byte	6
0000001e 07              228 	.byte	7
0000001f 07              229 	.byte	7
00000020 07              230 	.byte	7
00000021 08              231 	.byte	8
00000022 07              232 	.byte	7
00000023 09              233 	.byte	9
00000024 07              234 	.byte	7
00000025 0a              235 	.byte	10
00000026 07              236 	.byte	7
00000027 0b              237 	.byte	11
00000028 07              238 	.byte	7
00000029 0c              239 	.byte	12
0000002a 07              240 	.byte	7
0000002b 0d              241 	.byte	13
0000002c 07              242 	.byte	7
0000002d 0e              243 	.byte	14
0000002e 07              244 	.byte	7
0000002f 0f              245 	.byte	15
00000030 07              246 	.byte	7
00000031 10              247 	.byte	16
00000032 07              248 	.byte	7
00000033 11              249 	.byte	17
00000034 07              250 	.byte	7
00000035 12              251 	.byte	18
00000036 07              252 	.byte	7
00000037 13              253 	.byte	19
00000038 08              254 	.byte	8
00000039 14              255 	.byte	20
0000003a 08              256 	.byte	8
0000003b 15              257 	.byte	21
0000003c 08              258 	.byte	8
0000003d 16              259 	.byte	22
0000003e 08              260 	.byte	8
0000003f 17              261 	.byte	23
00000040 08              262 	.byte	8
00000041 18              263 	.byte	24
00000042 08              264 	.byte	8
00000043 19              265 	.byte	25
00000044 08              266 	.byte	8
00000045 1a              267 	.byte	26
00000046 08              268 	.byte	8
00000047 1b              269 	.byte	27
00000048 08              270 	.byte	8
00000049 1c              271 	.byte	28
0000004a 08              272 	.byte	8
0000004b 1d              273 	.byte	29

                                                                      Page 7
                                                              C:\Users\nhuliyap\AppData\Local\Temp\gh_000083g1.s
0000004c 07              274 	.byte	7
0000004d 1e              275 	.byte	30
0000004e 08              276 	.byte	8
0000004f 1f              277 	.byte	31
00000050 07              278 	.byte	7
00000051 20              279 	.byte	32
00000052 07              280 	.byte	7
00000053 21              281 	.byte	33
00000054 07              282 	.byte	7
00000055 22              283 	.byte	34
00000056 07              284 	.byte	7
00000057 23              285 	.byte	35
00000058 07              286 	.byte	7
00000059 24              287 	.byte	36
0000005a 07              288 	.byte	7
0000005b 25              289 	.byte	37
0000005c 07              290 	.byte	7
0000005d 26              291 	.byte	38
0000005e 07              292 	.byte	7
0000005f 27              293 	.byte	39
00000060 07              294 	.byte	7
00000061 28              295 	.byte	40
00000062 07              296 	.byte	7
00000063 29              297 	.byte	41
00000064 07              298 	.byte	7
00000065 2a              299 	.byte	42
00000066 07              300 	.byte	7
00000067 2b              301 	.byte	43
00000068 07              302 	.byte	7
00000069 2c              303 	.byte	44
0000006a 07              304 	.byte	7
0000006b 2d              305 	.byte	45
0000006c 07              306 	.byte	7
0000006d 2e              307 	.byte	46
0000006e 07              308 	.byte	7
0000006f 2f              309 	.byte	47
00000070 07              310 	.byte	7
00000071 30              311 	.byte	48
00000072 07              312 	.byte	7
00000073 31              313 	.byte	49
00000074 07              314 	.byte	7
00000075 32              315 	.byte	50
00000076 07              316 	.byte	7
00000077 33              317 	.byte	51
00000078 07              318 	.byte	7
00000079 34              319 	.byte	52
0000007a 07              320 	.byte	7
0000007b 35              321 	.byte	53
0000007c 07              322 	.byte	7
0000007d 36              323 	.byte	54
0000007e 07              324 	.byte	7
0000007f 37              325 	.byte	55
00000080 07              326 	.byte	7
00000081 38              327 	.byte	56
00000082 07              328 	.byte	7
00000083 39              329 	.byte	57
00000084 07              330 	.byte	7
00000085 3a              331 	.byte	58
00000086 07              332 	.byte	7
00000087 3b              333 	.byte	59
00000088 07              334 	.byte	7

                                                                      Page 8
                                                              C:\Users\nhuliyap\AppData\Local\Temp\gh_000083g1.s
00000089 3c              335 	.byte	60
0000008a 07              336 	.byte	7
0000008b 3d              337 	.byte	61
0000008c 07              338 	.byte	7
0000008d 3e              339 	.byte	62
0000008e 07              340 	.byte	7
0000008f 3f              341 	.byte	63
                         342 .LDW_unq_2:
                         343 	.section	.debug_info
                         344 .LDW_4137340:
00000097 45              345 	.byte	69
00000098 01              346 	.byte	1
                         347 
                         348 	.section	.debug_abbrev
00000017 45              349 	.byte	69
00000018 15              350 	.byte	21
00000019 01              351 	.byte	1
0000001a 270c            352 	.byte	39,12
0000001c 0000            353 	.byte	0,0
                         354 
                         355 	.section	.debug_info
00000099 00              356 	.byte	0
                         357 
                         358 .LDW_4137068:
0000009a 45              359 	.byte	69
0000009b 01              360 	.byte	1
                         361 
0000009c 00              362 	.byte	0
                         363 
                         364 .LDW_4179e90:
0000009d 13              365 	.byte	19
0000009e 427265616b70    366 	.strz	"Breakpoint"
000000a4 6f696e7400 
000000a9 0b              367 	.byte	11
000000aa 06              368 	.byte	6
000000ab 01              369 	.byte	1
000000ac 00000000*       370 	.word	_Breakpoint
000000b0 00000000*       371 	.word	___ghs_eofn_Breakpoint
000000b4 0153            372 	.byte	1,83
000000b6 02              373 	.byte	2
000000b7 00              374 	.byte	0
000000b8 02              375 	.byte	2
000000b9 00              376 	.byte	0
000000ba 00              377 	.byte	0
000000bb 00              378 	.byte	0
000000bc 00              379 	.byte	0
000000bd 01              380 	.byte	1
000000be 01              381 	.byte	1
000000bf 00              382 	.byte	0
000000c0 01              383 	.byte	1
                         384 
                         385 	.section	.debug_abbrev
0000001e 13              386 	.byte	19
0000001f 2e              387 	.byte	46
00000020 01              388 	.byte	1
00000021 0308            389 	.byte	3,8
00000023 3b0f            390 	.byte	59,15
00000025 390f            391 	.byte	57,15
00000027 3a0f            392 	.byte	58,15
00000029 1101            393 	.byte	17,1
0000002b 1201            394 	.byte	18,1

                                                                      Page 9
                                                              C:\Users\nhuliyap\AppData\Local\Temp\gh_000083g1.s
0000002d 400a            395 	.byte	64,10
0000002f 8341            396 	.byte	131,65
00000031 0f              397 	.byte	15
00000032 8741            398 	.byte	135,65
00000034 0d              399 	.byte	13
00000035 8541            400 	.byte	133,65
00000037 0f              401 	.byte	15
00000038 8641            402 	.byte	134,65
0000003a 0d              403 	.byte	13
0000003b 9241            404 	.byte	146,65
0000003d 0f              405 	.byte	15
0000003e 3c0c            406 	.byte	60,12
00000040 200b            407 	.byte	32,11
00000042 3f0c            408 	.byte	63,12
00000044 320b            409 	.byte	50,11
00000046 4c0b            410 	.byte	76,11
00000048 270c            411 	.byte	39,12
0000004a 0000            412 	.byte	0,0
                         413 
                         414 	.section	.debug_frame
                         415 .LDW_4c1e9d8:
00000090 00000000*       416 	.word	.LDW_unq_4-.LDW_unq_3
                         417 .LDW_unq_3:
00000094 00000000*       418 	.word	.LDW_4bfb270
00000098 00000000*       419 	.word	_Breakpoint
0000009c 00000000*       420 	.word	___ghs_eofn_Breakpoint-_Breakpoint
000000a0 01              421 	.byte	1
000000a1 00000000*       422 	.word	.LDW11
000000a5 00              423 	.byte	0
000000a6 00              424 	.byte	0
000000a7 00              425 	.byte	0
                         426 .LDW_unq_4:
                         427 	.section	.debug_line
000001e8 000502          428 	.byte	0,5,2
000001eb 00000000*       429 	.word	_Breakpoint
000001ef 06              430 	.byte	6
000001f0 03              431 	.byte	3
000001f1 0e              432 	.byte	14
000001f2 02              433 	.byte	2
000001f3 00              434 	.byte	0
000001f4 01              435 	.byte	1
000001f5 02              436 	.byte	2
000001f6 02              437 	.byte	2
000001f7 000101          438 	.byte	0,1,1
                         439 	.section	.debug_info
                         440 .LDW_417e910:
000000c1 1d              441 	.byte	29
000000c2 00000000*       442 	.word	.LDW01
000000c6 00000000*       443 	.word	.LDW11
                         444 
                         445 	.section	.debug_abbrev
0000004c 1d              446 	.byte	29
0000004d 0b              447 	.byte	11
0000004e 01              448 	.byte	1
0000004f 1101            449 	.byte	17,1
00000051 1201            450 	.byte	18,1
00000053 0000            451 	.byte	0,0
                         452 
                         453 	.section	.debug_info
000000ca 00              454 	.byte	0
                         455 

                                                                      Page 10
                                                              C:\Users\nhuliyap\AppData\Local\Temp\gh_000083g1.s
000000cb 00              456 	.byte	0
                         457 
                         458 .LDW_4179f28:
000000cc 13              459 	.byte	19
000000cd 4e6f7000        460 	.strz	"Nop"
000000d1 11              461 	.byte	17
000000d2 06              462 	.byte	6
000000d3 01              463 	.byte	1
000000d4 00000000*       464 	.word	_Nop
000000d8 00000000*       465 	.word	___ghs_eofn_Nop
000000dc 0153            466 	.byte	1,83
000000de 02              467 	.byte	2
000000df 00              468 	.byte	0
000000e0 02              469 	.byte	2
000000e1 00              470 	.byte	0
000000e2 00              471 	.byte	0
000000e3 00              472 	.byte	0
000000e4 00              473 	.byte	0
000000e5 01              474 	.byte	1
000000e6 01              475 	.byte	1
000000e7 00              476 	.byte	0
000000e8 01              477 	.byte	1
                         478 
                         479 	.section	.debug_frame
                         480 .LDW_4c1ea58:
000000a8 00000000*       481 	.word	.LDW_unq_6-.LDW_unq_5
                         482 .LDW_unq_5:
000000ac 00000000*       483 	.word	.LDW_4bfb270
000000b0 00000000*       484 	.word	_Nop
000000b4 00000000*       485 	.word	___ghs_eofn_Nop-_Nop
000000b8 01              486 	.byte	1
000000b9 00000000*       487 	.word	.LDW31
000000bd 00              488 	.byte	0
000000be 00              489 	.byte	0
000000bf 00              490 	.byte	0
                         491 .LDW_unq_6:
                         492 	.section	.debug_line
000001fa 000502          493 	.byte	0,5,2
000001fd 00000000*       494 	.word	_Nop
00000201 06              495 	.byte	6
00000202 03              496 	.byte	3
00000203 19              497 	.byte	25
00000204 02              498 	.byte	2
00000205 00              499 	.byte	0
00000206 01              500 	.byte	1
00000207 02              501 	.byte	2
00000208 02              502 	.byte	2
00000209 000101          503 	.byte	0,1,1
                         504 	.section	.debug_info
                         505 .LDW_417e8e0:
000000e9 1d              506 	.byte	29
000000ea 00000000*       507 	.word	.LDW21
000000ee 00000000*       508 	.word	.LDW31
                         509 
000000f2 00              510 	.byte	0
                         511 
000000f3 00              512 	.byte	0
                         513 
000000f4 00              514 	.byte	0
                         515 
                         516 	.section	.debug_line

                                                                      Page 11
                                                              C:\Users\nhuliyap\AppData\Local\Temp\gh_000083g1.s
                         517 .Ldw_line_end:
                         518 	.section	.debug_macinfo
00000000 01              519 	.byte	1
00000001 00              520 	.byte	0
00000002 5f5f6768735f    521 	.strz	"__ghs__ 1"
00000008 5f203100 
0000000c 01              522 	.byte	1
0000000d 00              523 	.byte	0
0000000e 5f5f4c4c4f4e    524 	.strz	"__LLONG_BIT 64"
00000014 475f42495420 
0000001a 363400 
0000001d 03              525 	.byte	3
0000001e 00              526 	.byte	0
0000001f 01              527 	.byte	1
00000020 03              528 	.byte	3
00000021 03              529 	.byte	3
00000022 02              530 	.byte	2
00000023 03              531 	.byte	3
00000024 06              532 	.byte	6
00000025 03              533 	.byte	3
00000026 03              534 	.byte	3
00000027 04              535 	.byte	4
00000028 04              536 	.byte	4
00000029 03              537 	.byte	3
0000002a 07              538 	.byte	7
0000002b 05              539 	.byte	5
0000002c 03              540 	.byte	3
0000002d 1c              541 	.byte	28
0000002e 06              542 	.byte	6
0000002f 01              543 	.byte	1
00000030 3c              544 	.byte	60
00000031 545255452031    545 	.strz	"TRUE 1u"
00000037 7500 
00000039 01              546 	.byte	1
0000003a 40              547 	.byte	64
0000003b 46414c534520    548 	.strz	"FALSE 0u"
00000041 307500 
00000044 04              549 	.byte	4
00000045 03              550 	.byte	3
00000046 1d              551 	.byte	29
00000047 07              552 	.byte	7
00000048 03              553 	.byte	3
00000049 1b              554 	.byte	27
0000004a 08              555 	.byte	8
0000004b 03              556 	.byte	3
0000004c 54              557 	.byte	84
0000004d 09              558 	.byte	9
0000004e 04              559 	.byte	4
0000004f 04              560 	.byte	4
00000050 04              561 	.byte	4
00000051 04              562 	.byte	4
00000052 04              563 	.byte	4
00000053 01              564 	.byte	1
00000054 0e              565 	.byte	14
00000055 50524f445543    566 	.strz	"PRODUCTION_SW 0x0"
0000005b 54494f4e5f53 
00000061 572030783000 
00000067 01              567 	.byte	1
00000068 0f              568 	.byte	15
00000069 444556454c4f    569 	.strz	"DEVELOPMENT_SW 0x1"
0000006f 504d454e545f 

                                                                      Page 12
                                                              C:\Users\nhuliyap\AppData\Local\Temp\gh_000083g1.s
00000075 535720307831 
0000007b 00 
0000007c 01              570 	.byte	1
0000007d 10              571 	.byte	16
0000007e 53575f434154    572 	.strz	"SW_CATEGORY PRODUCTION_SW"
00000084 45474f525920 
0000008a 50524f445543 
00000090 54494f4e5f53 
00000096 5700 
00000098 04              573 	.byte	4
00000099 01              574 	.byte	1
0000009a 08              575 	.byte	8
0000009b 4d41585f5349    576 	.strz	"MAX_SIZE_WS_TELEGRAM 16U"
000000a1 5a455f57535f 
000000a7 54454c454752 
000000ad 414d20313655 
000000b3 00 
000000b4 01              577 	.byte	1
000000b5 11              578 	.byte	17
000000b6 4e564d5f424c    579 	.strz	"NVM_BLOCK_TYPE uint32"
000000bc 4f434b5f5459 
000000c2 50452075696e 
000000c8 74333200 
000000cc 04              580 	.byte	4
000000cd 03              581 	.byte	3
000000ce 04              582 	.byte	4
000000cf 0a              583 	.byte	10
000000d0 03              584 	.byte	3
000000d1 06              585 	.byte	6
000000d2 0b              586 	.byte	11
000000d3 04              587 	.byte	4
000000d4 01              588 	.byte	1
000000d5 18              589 	.byte	24
000000d6 53454e534f52    590 	.strz	"SENSOR_AUFLOESUNG_25MBAR "
000000dc 5f4155464c4f 
000000e2 4553554e475f 
000000e8 32354d424152 
000000ee 2000 
000000f0 04              591 	.byte	4
000000f1 04              592 	.byte	4
000000f2 00              593 	.byte	0
                         594 	.section	.debug_abbrev
00000055 00              595 	.byte	0
                         596 	.section	.debug_info
                         597 .Ldw_end:
                         598 .rh850_flags REGMODE32,DATA_ALIGN8,GP_FIX,EP_NONFIX,TP_FIX,REG2_RESERVE,G3K,GHS_MISALIGN,SDA_EXTRA_REGS_0
