                                                                      Page 1
                                                              C:\Users\nhuliyap\AppData\Local\Temp\gh_000075c1.s
Command Line: C:\ghs\comp_201517\ease850.exe -w -elf -b0 -I../source/common -I../source/ProjectCompiler -I../source/ProjectCfg -I../source/SwcApplTpms -I../source/SwcApplTpms/Intface -I../source/SwcApplEcuM -I../source/SwcServiceEcuM -I../source/SwcServiceNvM -I../source/SwcServiceOs -I../source/SwcServiceStartUp -I../source/McalAdc -I../source/McalDio -I../source/McalGpt -I../source/McalMcu -I../source/McalWdg -I../source/wrappers -I../source/wrappers/McalAta -I../source/McalLin -I../source/McalCan -I../source/wrappers/OS -I../source/McalFls -I../source/EcuabFee -I../source/EcuabMemIf -I../source/wrappers/VStdLib -I../source/wrappers/Crc -I../source/wrappers/FBL_APPL -I../source/wrappers/CAN_MANAGER -I../source/wrappers/NVM_MANAGER -I../source/wrappers/DEM_MANAGER -I../source/wrappers/RDC_MANAGER -I../source/wrappers/ENV_MANAGER -I../source/wrappers/SYS_MANAGER -I../source/wrappers/EcuabCanIf -I../source/wrappers/SwcServiceCanSM -I../source/wrappers/SwcServiceCanTp -I../source/wrappers/SwcServiceCanTp_PreCompile -I../source/wrappers/SwcServiceCom -I../source/wrappers/SwcServiceComM -I../source/wrappers/SwcServiceComStack -I../source/wrappers/SwcServiceDcm -I../source/wrappers/SwcServicePduR -I../source/wrappers/SwcServiceEcuM -I../source/wrappers/Bfx -I../source/wrappers/SwcServiceDem -I../source/SwcServiceDet -I../source/SwcServiceFiM -I../source/wrappers/LibAutosarDiag -I../source/wrappers/rba_BswSrv -I../source/SwcServiceSchM -I../source/wrappers/SwcServiceComM/Integration -I../source/wrappers/SwcServicePduR/Integration -I../source/wrappers/EcuabCanIf/Integration -I../source/wrappers/SwcServiceCom/Integration -I../source/wrappers/SwcServiceCanTp/Integration -I../source/wrappers/SwcServiceEcuM/Integration -I../source/SwcServiceDet/Integration -I../source/wrappers/SwcServiceDcm/Integration -I../source/wrappers/SwcServiceDem/Integration -I../source/SwcServiceFiM/Integration -I../source/wrappers/EcuabCanIf/api -I../source/wrappers/SwcServiceCom/api -I../source/wrappers/SwcServiceComM/api -I../source/wrappers/SwcServicePduR/api -I../source/wrappers/Bfx/api -I../source/SwcServiceDet/api -I../source/SwcServiceFiM/api -I../source/wrappers/LibAutosarDiag/api -I../source/wrappers/rba_BswSrv/api -IC:\ghs\comp_201517\lib\rh850 -cg_underscore -cpu=rh850g3k -no_v850_simd -rh850_fpsimd=none -nomacro -patch_dbo=C:\_ECU2\ECU_Rivian_A1\Target\repo_projects\pRealEcu\cL_LATEST\make\output\objects\BrsStartup_c0.dbo -source=BrsStartup_c0.c -o output\objects\gh_000075c1.o -list=output\list\BrsStartup_c0.lst C:\Users\nhuliyap\AppData\Local\Temp\gh_000075c1.s 
Original File: C:\Users\nhuliyap\AppData\Local\Temp\gh_000075c1.s
Source File: BrsStartup_c0.c
Directory: C:\_ECU2\ECU_Rivian_A1\Target\repo_projects\pRealEcu\cL_LATEST\make
Host OS: Windows
EASE: Copyright (C) 1983-2015 Green Hills Software.  All Rights Reserved.
Release: Compiler v2015.1.7
Build Directory: [Directory] BTOWORKER6:c:/build_2015_1_bto/2015-10-21.2100-2015_1_bto/win32-comp-ecom
Revision: [VCInfo] http://toolsvc/branches/release-branch-70-bto/src@544153 (built by build)
Revision Date: Thu Oct 22 07:50:13 2015

Release Date: Thu Oct 22 09:32:32 2015

                           1 --Driver Command: ccv850 ../source/McalMcu/BrsStartup_c0.c -cpu=rh850 -fhard
                           2 --		-ignore_callt_state_in_interrupts -large_sda -misalign_pack
                           3 --		-nofarcalls -nofloatio -no_callt -Ogeneral -Onounroll
                           4 --		-prepare_dispose -registermode=32 -reserve_r2 -sda=0
                           5 --		-shorten_loads -Wshadow --brief_diagnostics --no_commons
                           6 --		--no_wrap_diagnostics --prototype_errors --short_enum -list -G
                           7 --		-dual_debug -dwarf -X5523 -lnk=-no_xda_modifications -D
                           8 --		NOT_READY_FOR_TESTING_OR_DEPLOYMENT -D IBTCM_SW_ANPASSUNGEN -D
                           9 --		BUILD_LORDSTOWN -c -inline_prologue -I../source/common
                          10 --		-I../source/ProjectCompiler -I../source/ProjectCfg
                          11 --		-I../source/SwcApplTpms -I../source/SwcApplTpms/Intface
                          12 --		-I../source/SwcApplEcuM -I../source/SwcServiceEcuM
                          13 --		-I../source/SwcServiceNvM -I../source/SwcServiceOs
                          14 --		-I../source/SwcServiceStartUp -I../source/McalAdc
                          15 --		-I../source/McalDio -I../source/McalGpt -I../source/McalMcu
                          16 --		-I../source/McalWdg -I../source/wrappers
                          17 --		-I../source/wrappers/McalAta -I../source/McalLin
                          18 --		-I../source/McalCan -I../source/wrappers/OS -I../source/McalFls
                          19 --		-I../source/EcuabFee -I../source/EcuabMemIf
                          20 --		-I../source/wrappers/VStdLib -I../source/wrappers
                          21 --		-I../source/wrappers/Crc -I../source/wrappers/FBL_APPL
                          22 --		-I../source/wrappers/CAN_MANAGER -I../source/wrappers/NVM_MANAGER
                          23 --		-I../source/wrappers/DEM_MANAGER -I../source/wrappers/RDC_MANAGER
                          24 --		-I../source/wrappers/ENV_MANAGER -I../source/wrappers/SYS_MANAGER
                          25 --		-I../source/wrappers/EcuabCanIf
                          26 --		-I../source/wrappers/SwcServiceCanSM
                          27 --		-I../source/wrappers/SwcServiceCanTp
                          28 --		-I../source/wrappers/SwcServiceCanTp_PreCompile
                          29 --		-I../source/wrappers/SwcServiceCom
                          30 --		-I../source/wrappers/SwcServiceComM
                          31 --		-I../source/wrappers/SwcServiceComStack
                          32 --		-I../source/wrappers/SwcServiceDcm
                          33 --		-I../source/wrappers/SwcServicePduR
                          34 --		-I../source/wrappers/SwcServiceEcuM -I../source/wrappers/Bfx
                          35 --		-I../source/wrappers/SwcServiceDem -I../source/SwcServiceDet
                          36 --		-I../source/SwcServiceFiM -I../source/wrappers/LibAutosarDiag
                          37 --		-I../source/wrappers/rba_BswSrv -I../source/SwcServiceSchM
                          38 --		-I../source/wrappers/SwcServiceComM/Integration
                          39 --		-I../source/wrappers/SwcServicePduR/Integration
                          40 --		-I../source/wrappers/EcuabCanIf/Integration
                          41 --		-I../source/wrappers/SwcServiceCom/Integration
                          42 --		-I../source/wrappers/SwcServiceCanTp/Integration
                          43 --		-I../source/wrappers/SwcServiceEcuM/Integration
                          44 --		-I../source/SwcServiceDet/Integration
                          45 --		-I../source/wrappers/SwcServiceDcm/Integration
                          46 --		-I../source/wrappers/SwcServiceDem/Integration
                          47 --		-I../source/SwcServiceFiM/Integration
                          48 --		-I../source/wrappers/EcuabCanIf/api
                          49 --		-I../source/wrappers/SwcServiceCom/api
                          50 --		-I../source/wrappers/SwcServiceComM/api

                                                                      Page 2
                                                              C:\Users\nhuliyap\AppData\Local\Temp\gh_000075c1.s
                          51 --		-I../source/wrappers/SwcServicePduR/api
                          52 --		-I../source/wrappers/Bfx/api -I../source/SwcServiceDet/api
                          53 --		-I../source/SwcServiceFiM/api
                          54 --		-I../source/wrappers/LibAutosarDiag/api
                          55 --		-I../source/wrappers/rba_BswSrv/api -object_dir=output/objects
                          56 --		-list_dir=output/list
                          57 --Source File:   ../source/McalMcu/BrsStartup_c0.c
                          58 --Directory:     
                          59 --		C:\_ECU2\ECU_Rivian_A1\Target\repo_projects\pRealEcu\cL_LATEST\make
                          60 --Compile Date:  Wed Sep 06 09:35:22 2023
                          61 --Host OS:       Win32
                          62 --Version:       C-RH850 2015.1.7 RELEASE VERSION
                          63 --Release:       Compiler v2015.1.7
                          64 --Revision Date: Thu Oct 22 08:06:12 2015
                          65 --Release Date:  Thu Oct 22 09:34:32 2015
                          66 -- ecom  -g -w -OM
                          67 	.text
                          68 ..bof.C.3A.5C_ECU2.5CECU_Rivian_A1.5CTarget.5Crepo_projects.5CpRealEcu.5CcL_LATEST.5Cmake.5Coutput.5Cobjects.5CBrsStartup_c0...43.3A.5C_ECU2.5CECU_Rivian_A1.5CTarget.5Crepo_projects.5CpRealEcu.5CcL_LATEST.5Cmake..64F82BBA..0::
                          69 ..gh.beginasm.0:
                          70 	.type	..gh.beginasm.0,@object
                          71 	.size	..gh.beginasm.0,0
                          72  .globl __APPLENTRY
                          73 ..gh.endasm.1:
                          74 	.type	..gh.endasm.1,@object
                          75 	.size	..gh.endasm.1,0
                          76 ..gh.beginasm.2:
                          77 	.type	..gh.beginasm.2,@object
                          78 	.size	..gh.beginasm.2,0
                          79  __APPLENTRY:
                          80 ..gh.endasm.3:
                          81 	.type	..gh.endasm.3,@object
                          82 	.size	..gh.endasm.3,0
                          83 ..gh.beginasm.4:
                          84 	.type	..gh.beginasm.4,@object
                          85 	.size	..gh.beginasm.4,0
00000000 80070400*        86  jr __usr_init
                          87 ..gh.endasm.5:
                          88 	.type	..gh.endasm.5,@object
                          89 	.size	..gh.endasm.5,0
                          90 ..gh.beginasm.6:
                          91 	.type	..gh.beginasm.6,@object
                          92 	.size	..gh.beginasm.6,0
                          93  ;
                          94 ..gh.endasm.7:
                          95 	.type	..gh.endasm.7,@object
                          96 	.size	..gh.endasm.7,0
                          97 ..gh.beginasm.8:
                          98 	.type	..gh.beginasm.8,@object
                          99 	.size	..gh.beginasm.8,0
                         100  ;
                         101 ..gh.endasm.9:
                         102 	.type	..gh.endasm.9,@object
                         103 	.size	..gh.endasm.9,0
                         104 ..gh.beginasm.10:
                         105 	.type	..gh.beginasm.10,@object
                         106 	.size	..gh.beginasm.10,0
                         107  ;
                         108 ..gh.endasm.11:
                         109 	.type	..gh.endasm.11,@object
                         110 	.size	..gh.endasm.11,0
                         111 ..gh.beginasm.12:

                                                                      Page 3
                                                              C:\Users\nhuliyap\AppData\Local\Temp\gh_000075c1.s
                         112 	.type	..gh.beginasm.12,@object
                         113 	.size	..gh.beginasm.12,0
                         114  ;
                         115 ..gh.endasm.13:
                         116 	.type	..gh.endasm.13,@object
                         117 	.size	..gh.endasm.13,0
                         118 ..gh.beginasm.14:
                         119 	.type	..gh.beginasm.14,@object
                         120 	.size	..gh.beginasm.14,0
                         121  .globl __usr_init
                         122 ..gh.endasm.15:
                         123 	.type	..gh.endasm.15,@object
                         124 	.size	..gh.endasm.15,0
                         125 ..gh.beginasm.16:
                         126 	.type	..gh.beginasm.16,@object
                         127 	.size	..gh.beginasm.16,0
                         128  .section ".text"
                         129 ..gh.endasm.17:
                         130 	.type	..gh.endasm.17,@object
                         131 	.size	..gh.endasm.17,0
                         132 ..gh.beginasm.18:
                         133 	.type	..gh.beginasm.18,@object
                         134 	.size	..gh.beginasm.18,0
                         135  ;
                         136 ..gh.endasm.19:
                         137 	.type	..gh.endasm.19,@object
                         138 	.size	..gh.endasm.19,0
                         139 ..gh.beginasm.20:
                         140 	.type	..gh.beginasm.20,@object
                         141 	.size	..gh.beginasm.20,0
                         142  ;
                         143 ..gh.endasm.21:
                         144 	.type	..gh.endasm.21,@object
                         145 	.size	..gh.endasm.21,0
                         146 ..gh.beginasm.22:
                         147 	.type	..gh.beginasm.22,@object
                         148 	.size	..gh.beginasm.22,0
                         149  ;
                         150 ..gh.endasm.23:
                         151 	.type	..gh.endasm.23,@object
                         152 	.size	..gh.endasm.23,0
                         153 ..gh.beginasm.24:
                         154 	.type	..gh.beginasm.24,@object
                         155 	.size	..gh.beginasm.24,0
                         156  ;
                         157 ..gh.endasm.25:
                         158 	.type	..gh.endasm.25,@object
                         159 	.size	..gh.endasm.25,0
                         160 ..gh.beginasm.26:
                         161 	.type	..gh.beginasm.26,@object
                         162 	.size	..gh.beginasm.26,0
                         163  ;
                         164 ..gh.endasm.27:
                         165 	.type	..gh.endasm.27,@object
                         166 	.size	..gh.endasm.27,0
                         167 ..gh.beginasm.28:
                         168 	.type	..gh.beginasm.28,@object
                         169 	.size	..gh.beginasm.28,0
                         170  ;
                         171 ..gh.endasm.29:
                         172 	.type	..gh.endasm.29,@object

                                                                      Page 4
                                                              C:\Users\nhuliyap\AppData\Local\Temp\gh_000075c1.s
                         173 	.size	..gh.endasm.29,0
                         174 ..gh.beginasm.30:
                         175 	.type	..gh.beginasm.30,@object
                         176 	.size	..gh.beginasm.30,0
                         177  ;
                         178 ..gh.endasm.31:
                         179 	.type	..gh.endasm.31,@object
                         180 	.size	..gh.endasm.31,0
                         181 ..gh.beginasm.32:
                         182 	.type	..gh.beginasm.32,@object
                         183 	.size	..gh.beginasm.32,0
                         184  ;
                         185 ..gh.endasm.33:
                         186 	.type	..gh.endasm.33,@object
                         187 	.size	..gh.endasm.33,0
                         188 ..gh.beginasm.34:
                         189 	.type	..gh.beginasm.34,@object
                         190 	.size	..gh.beginasm.34,0
                         191  __usr_init:
                         192 ..gh.endasm.35:
                         193 	.type	..gh.endasm.35,@object
                         194 	.size	..gh.endasm.35,0
                         195 ..gh.beginasm.36:
                         196 	.type	..gh.beginasm.36,@object
                         197 	.size	..gh.beginasm.36,0
                         198  ;
                         199 ..gh.endasm.37:
                         200 	.type	..gh.endasm.37,@object
                         201 	.size	..gh.endasm.37,0
                         202 ..gh.beginasm.38:
                         203 	.type	..gh.beginasm.38,@object
                         204 	.size	..gh.beginasm.38,0
                         205  ;
                         206 ..gh.endasm.39:
                         207 	.type	..gh.endasm.39,@object
                         208 	.size	..gh.endasm.39,0
                         209 ..gh.beginasm.40:
                         210 	.type	..gh.beginasm.40,@object
                         211 	.size	..gh.beginasm.40,0
                         212  ;
                         213 ..gh.endasm.41:
                         214 	.type	..gh.endasm.41,@object
                         215 	.size	..gh.endasm.41,0
                         216 ..gh.beginasm.42:
                         217 	.type	..gh.beginasm.42,@object
                         218 	.size	..gh.beginasm.42,0
                         219  ;
                         220 ..gh.endasm.43:
                         221 	.type	..gh.endasm.43,@object
                         222 	.size	..gh.endasm.43,0
                         223 ..gh.beginasm.44:
                         224 	.type	..gh.beginasm.44,@object
                         225 	.size	..gh.beginasm.44,0
00000004 40260000*       226  movhi hi(__gp) , zero , gp
                         227 ..gh.endasm.45:
                         228 	.type	..gh.endasm.45,@object
                         229 	.size	..gh.endasm.45,0
                         230 ..gh.beginasm.46:
                         231 	.type	..gh.beginasm.46,@object
                         232 	.size	..gh.beginasm.46,0
00000008 24260000*       233  movea lo(__gp) , gp , gp

                                                                      Page 5
                                                              C:\Users\nhuliyap\AppData\Local\Temp\gh_000075c1.s
                         234 ..gh.endasm.47:
                         235 	.type	..gh.endasm.47,@object
                         236 	.size	..gh.endasm.47,0
                         237 ..gh.beginasm.48:
                         238 	.type	..gh.beginasm.48,@object
                         239 	.size	..gh.beginasm.48,0
                         240  ;
                         241 ..gh.endasm.49:
                         242 	.type	..gh.endasm.49,@object
                         243 	.size	..gh.endasm.49,0
                         244 ..gh.beginasm.50:
                         245 	.type	..gh.beginasm.50,@object
                         246 	.size	..gh.beginasm.50,0
0000000c 402e0000*       247  movhi hi(__tp) , zero , tp
                         248 ..gh.endasm.51:
                         249 	.type	..gh.endasm.51,@object
                         250 	.size	..gh.endasm.51,0
                         251 ..gh.beginasm.52:
                         252 	.type	..gh.beginasm.52,@object
                         253 	.size	..gh.beginasm.52,0
00000010 252e0000*       254  movea lo(__tp) , tp , tp
                         255 ..gh.endasm.53:
                         256 	.type	..gh.endasm.53,@object
                         257 	.size	..gh.endasm.53,0
                         258 ..gh.beginasm.54:
                         259 	.type	..gh.beginasm.54,@object
                         260 	.size	..gh.beginasm.54,0
                         261  ;
                         262 ..gh.endasm.55:
                         263 	.type	..gh.endasm.55,@object
                         264 	.size	..gh.endasm.55,0
                         265 ..gh.beginasm.56:
                         266 	.type	..gh.beginasm.56,@object
                         267 	.size	..gh.beginasm.56,0
00000014 401e0000*       268  movhi hi(___ghsend_stack-4) , zero , sp
                         269 ..gh.endasm.57:
                         270 	.type	..gh.endasm.57,@object
                         271 	.size	..gh.endasm.57,0
                         272 ..gh.beginasm.58:
                         273 	.type	..gh.beginasm.58,@object
                         274 	.size	..gh.beginasm.58,0
00000018 231e0000*       275  movea lo(___ghsend_stack-4) , sp , sp
                         276 ..gh.endasm.59:
                         277 	.type	..gh.endasm.59,@object
                         278 	.size	..gh.endasm.59,0
                         279 ..gh.beginasm.60:
                         280 	.type	..gh.beginasm.60,@object
                         281 	.size	..gh.beginasm.60,0
                         282  ;
                         283 ..gh.endasm.61:
                         284 	.type	..gh.endasm.61,@object
                         285 	.size	..gh.endasm.61,0
                         286 ..gh.beginasm.62:
                         287 	.type	..gh.beginasm.62,@object
                         288 	.size	..gh.beginasm.62,0
0000001c 260600000000*   289  mov _VECTORTABLE_START_ADDR , r6;
                         290 ..gh.endasm.63:
                         291 	.type	..gh.endasm.63,@object
                         292 	.size	..gh.endasm.63,0
                         293 ..gh.beginasm.64:
                         294 	.type	..gh.beginasm.64,@object

                                                                      Page 6
                                                              C:\Users\nhuliyap\AppData\Local\Temp\gh_000075c1.s
                         295 	.size	..gh.beginasm.64,0
00000022 e6272008        296  ldsr r6 , 4 , 1;
                         297 ..gh.endasm.65:
                         298 	.type	..gh.endasm.65,@object
                         299 	.size	..gh.endasm.65,0
                         300 ..gh.beginasm.66:
                         301 	.type	..gh.beginasm.66,@object
                         302 	.size	..gh.beginasm.66,0
00000026 e4374008        303  stsr 4 , r6 , 1;
                         304 ..gh.endasm.67:
                         305 	.type	..gh.endasm.67,@object
                         306 	.size	..gh.endasm.67,0
                         307 ..gh.beginasm.68:
                         308 	.type	..gh.beginasm.68,@object
                         309 	.size	..gh.beginasm.68,0
                         310  ;
                         311 ..gh.endasm.69:
                         312 	.type	..gh.endasm.69,@object
                         313 	.size	..gh.endasm.69,0
                         314 ..gh.beginasm.70:
                         315 	.type	..gh.beginasm.70,@object
                         316 	.size	..gh.beginasm.70,0
0000002a 260600000000*   317  mov _EXCEPTIONTABLE_START_ADDR , r6
                         318 ..gh.endasm.71:
                         319 	.type	..gh.endasm.71,@object
                         320 	.size	..gh.endasm.71,0
                         321 ..gh.beginasm.72:
                         322 	.type	..gh.beginasm.72,@object
                         323 	.size	..gh.beginasm.72,0
00000030 e61f2008        324  ldsr r6 , 3 , 1
                         325 ..gh.endasm.73:
                         326 	.type	..gh.endasm.73,@object
                         327 	.size	..gh.endasm.73,0
                         328 ..gh.beginasm.74:
                         329 	.type	..gh.beginasm.74,@object
                         330 	.size	..gh.beginasm.74,0
00000034 e3374008        331  stsr 3 , r6 , 1
                         332 ..gh.endasm.75:
                         333 	.type	..gh.endasm.75,@object
                         334 	.size	..gh.endasm.75,0
                         335 ..gh.beginasm.76:
                         336 	.type	..gh.beginasm.76,@object
                         337 	.size	..gh.beginasm.76,0
00000038 0030            338  mov zero , r6
                         339 ..gh.endasm.77:
                         340 	.type	..gh.endasm.77,@object
                         341 	.size	..gh.endasm.77,0
                         342 ..gh.beginasm.78:
                         343 	.type	..gh.beginasm.78,@object
                         344 	.size	..gh.beginasm.78,0
                         345  ;
                         346 ..gh.endasm.79:
                         347 	.type	..gh.endasm.79,@object
                         348 	.size	..gh.endasm.79,0
                         349 ..gh.beginasm.80:
                         350 	.type	..gh.beginasm.80,@object
                         351 	.size	..gh.beginasm.80,0
0000003a e50f4000        352  stsr 5 , r1 , 0
                         353 ..gh.endasm.81:
                         354 	.type	..gh.endasm.81,@object
                         355 	.size	..gh.endasm.81,0

                                                                      Page 7
                                                              C:\Users\nhuliyap\AppData\Local\Temp\gh_000075c1.s
                         356 ..gh.beginasm.82:
                         357 	.type	..gh.beginasm.82,@object
                         358 	.size	..gh.beginasm.82,0
0000003e 220600800000    359  mov 0x8000 , r2
                         360 ..gh.endasm.83:
                         361 	.type	..gh.endasm.83,@object
                         362 	.size	..gh.endasm.83,0
                         363 ..gh.beginasm.84:
                         364 	.type	..gh.beginasm.84,@object
                         365 	.size	..gh.beginasm.84,0
00000044 0209            366  or r2 , r1
                         367 ..gh.endasm.85:
                         368 	.type	..gh.endasm.85,@object
                         369 	.size	..gh.endasm.85,0
                         370 ..gh.beginasm.86:
                         371 	.type	..gh.beginasm.86,@object
                         372 	.size	..gh.beginasm.86,0
00000046 e12f2000        373  ldsr r1 , 5 , 0
                         374 ..gh.endasm.87:
                         375 	.type	..gh.endasm.87,@object
                         376 	.size	..gh.endasm.87,0
                         377 ..gh.beginasm.88:
                         378 	.type	..gh.beginasm.88,@object
                         379 	.size	..gh.beginasm.88,0
                         380  ;
                         381 ..gh.endasm.89:
                         382 	.type	..gh.endasm.89,@object
                         383 	.size	..gh.endasm.89,0
                         384 ..gh.beginasm.90:
                         385 	.type	..gh.beginasm.90,@object
                         386 	.size	..gh.beginasm.90,0
                         387  ;
                         388 ..gh.endasm.91:
                         389 	.type	..gh.endasm.91,@object
                         390 	.size	..gh.endasm.91,0
                         391 ..gh.beginasm.92:
                         392 	.type	..gh.beginasm.92,@object
                         393 	.size	..gh.beginasm.92,0
                         394  ;
                         395 ..gh.endasm.93:
                         396 	.type	..gh.endasm.93,@object
                         397 	.size	..gh.endasm.93,0
                         398 ..gh.beginasm.94:
                         399 	.type	..gh.beginasm.94,@object
                         400 	.size	..gh.beginasm.94,0
0000004a 2b0600c0dffe    401  mov 0xFEDFC000 , r11 ;
                         402 ..gh.endasm.95:
                         403 	.type	..gh.endasm.95,@object
                         404 	.size	..gh.endasm.95,0
                         405 ..gh.beginasm.96:
                         406 	.type	..gh.beginasm.96,@object
                         407 	.size	..gh.beginasm.96,0
00000050 2c06ffbfcf01    408  mov 0xFEDFC000 + 0x0000BC00 *1024-1 , r12 ;
                         409 ..gh.endasm.97:
                         410 	.type	..gh.endasm.97,@object
                         411 	.size	..gh.endasm.97,0
                         412 ..gh.beginasm.98:
                         413 	.type	..gh.beginasm.98,@object
                         414 	.size	..gh.beginasm.98,0
                         415  ;
                         416 ..gh.endasm.99:

                                                                      Page 8
                                                              C:\Users\nhuliyap\AppData\Local\Temp\gh_000075c1.s
                         417 	.type	..gh.endasm.99,@object
                         418 	.size	..gh.endasm.99,0
                         419 ..gh.beginasm.100:
                         420 	.type	..gh.beginasm.100,@object
                         421 	.size	..gh.beginasm.100,0
                         422  _zero_init_local1:
                         423 ..gh.endasm.101:
                         424 	.type	..gh.endasm.101,@object
                         425 	.size	..gh.endasm.101,0
                         426 ..gh.beginasm.102:
                         427 	.type	..gh.beginasm.102,@object
                         428 	.size	..gh.beginasm.102,0
00000056 6b070100        429  st.w r0 , 0[r11]
                         430 ..gh.endasm.103:
                         431 	.type	..gh.endasm.103,@object
                         432 	.size	..gh.endasm.103,0
                         433 ..gh.beginasm.104:
                         434 	.type	..gh.beginasm.104,@object
                         435 	.size	..gh.beginasm.104,0
0000005a 0b5e0400        436  addi 4 , r11 , r11
                         437 ..gh.endasm.105:
                         438 	.type	..gh.endasm.105,@object
                         439 	.size	..gh.endasm.105,0
                         440 ..gh.beginasm.106:
                         441 	.type	..gh.beginasm.106,@object
                         442 	.size	..gh.beginasm.106,0
0000005e eb61            443  cmp r11 , r12
                         444 ..gh.endasm.107:
                         445 	.type	..gh.endasm.107,@object
                         446 	.size	..gh.endasm.107,0
                         447 ..gh.beginasm.108:
                         448 	.type	..gh.beginasm.108,@object
                         449 	.size	..gh.beginasm.108,0
00000060 bbfd*           450  bh _zero_init_local1
                         451 ..gh.endasm.109:
                         452 	.type	..gh.endasm.109,@object
                         453 	.size	..gh.endasm.109,0
                         454 ..gh.beginasm.110:
                         455 	.type	..gh.beginasm.110,@object
                         456 	.size	..gh.beginasm.110,0
                         457  ;
                         458 ..gh.endasm.111:
                         459 	.type	..gh.endasm.111,@object
                         460 	.size	..gh.endasm.111,0
                         461 ..gh.beginasm.112:
                         462 	.type	..gh.beginasm.112,@object
                         463 	.size	..gh.beginasm.112,0
00000062 80070000*       464  jr __start
                         465 ..gh.endasm.113:
                         466 	.type	..gh.endasm.113,@object
                         467 	.size	..gh.endasm.113,0
                         468 ..gh.beginasm.114:
                         469 	.type	..gh.beginasm.114,@object
                         470 	.size	..gh.beginasm.114,0
                         471  ;
                         472 ..gh.endasm.115:
                         473 	.type	..gh.endasm.115,@object
                         474 	.size	..gh.endasm.115,0
                         475 
                         476 	.data
                         477 	.ghsnote version,17

                                                                      Page 9
                                                              C:\Users\nhuliyap\AppData\Local\Temp\gh_000075c1.s
                         478 	.ghsnote tools,8195
                         479 	.ghsnote options,144
                         480 	.text
                         481 ..eof.C.3A.5C_ECU2.5CECU_Rivian_A1.5CTarget.5Crepo_projects.5CpRealEcu.5CcL_LATEST.5Cmake.5Coutput.5Cobjects.5CBrsStartup_c0...43.3A.5C_ECU2.5CECU_Rivian_A1.5CTarget.5Crepo_projects.5CpRealEcu.5CcL_LATEST.5Cmake..64F82BBA..0::
                         482 	.section	.debug_info
                         483 .Ldw_begin:
00000000 98000000        484 	.word	.Ldw_end-.Ldw_begin-4
00000004 0200            485 	.byte	2,0
00000006 00000000*       486 	.word	.Ldw_abbr_begin
0000000a 04              487 	.byte	4
                         488 	.section	.debug_abbrev
                         489 .Ldw_abbr_begin:
                         490 	.section	.debug_info
0000000b 01              491 	.byte	1
0000000c 00000000*       492 	.word	..bof.C.3A.5C_ECU2.5CECU_Rivian_A1.5CTarget.5Crepo_projects.5CpRealEcu.5CcL_LATEST.5Cmake.5Coutput.5Cobjects.5CBrsStartup_c0...43.3A.5C_ECU2.5CECU_Rivian_A1.5CTarget.5Crepo_projects.5CpRealEcu.5CcL_LATEST.5Cmake..64F82BBA..0
00000010 00000000*       493 	.word	..eof.C.3A.5C_ECU2.5CECU_Rivian_A1.5CTarget.5Crepo_projects.5CpRealEcu.5CcL_LATEST.5Cmake.5Coutput.5Cobjects.5CBrsStartup_c0...43.3A.5C_ECU2.5CECU_Rivian_A1.5CTarget.5Crepo_projects.5CpRealEcu.5CcL_LATEST.5Cmake..64F82BBA..0
00000014 2e2e2f736f75    494 	.strz	"../source/McalMcu/BrsStartup_c0.c"
0000001a 7263652f4d63 
00000020 616c4d63752f 
00000026 427273537461 
0000002c 727475705f63 
00000032 302e6300 
00000036 433a5c5f4543    495 	.strz	"C:\\_ECU2\\ECU_Rivian_A1\\Target\\repo_projects\\pRealEcu\\cL_LATEST\\make"
0000003c 55325c454355 
00000042 5f5269766961 
00000048 6e5f41315c54 
0000004e 61726765745c 
00000054 7265706f5f70 
0000005a 726f6a656374 
00000060 735c70526561 
00000066 6c4563755c63 
0000006c 4c5f4c415445 
00000072 53545c6d616b 
00000078 6500 
0000007a 474853204320    496 	.strz	"GHS C 2015.1.7 [dual]"
00000080 323031352e31 
00000086 2e37205b6475 
0000008c 616c5d00 
00000090 0100            497 	.byte	1,0
00000092 00000000*       498 	.word	.Ldw_line_begin
00000096 00000000*       499 	.word	.Ldw_macinfo_begin
0000009a 00              500 	.byte	0
                         501 
                         502 	.section	.debug_abbrev
00000000 01              503 	.byte	1
00000001 11              504 	.byte	17
00000002 01              505 	.byte	1
00000003 1101            506 	.byte	17,1
00000005 1201            507 	.byte	18,1
00000007 0308            508 	.byte	3,8
00000009 1b08            509 	.byte	27,8
0000000b 2508            510 	.byte	37,8
0000000d 1305            511 	.byte	19,5
0000000f 1006            512 	.byte	16,6
00000011 4306            513 	.byte	67,6
00000013 420b            514 	.byte	66,11
00000015 0000            515 	.byte	0,0
                         516 
                         517 	.section	.debug_line
                         518 .Ldw_line_begin:
00000000 3b000000        519 	.word	.Ldw_line_end-.Ldw_line_begin-4

                                                                      Page 10
                                                              C:\Users\nhuliyap\AppData\Local\Temp\gh_000075c1.s
00000004 0200            520 	.byte	2,0
00000006 00000000*       521 	.word	.Ldw_lpro_end-.Ldw_lpro_begin
                         522 .Ldw_lpro_begin:
0000000a 01              523 	.byte	1
0000000b 00              524 	.byte	0
0000000c 00              525 	.byte	0
0000000d 04              526 	.byte	4
0000000e 0a              527 	.byte	10
0000000f 000101          528 	.byte	0,1,1
00000012 010100          529 	.byte	1,1,0
00000015 000001          530 	.byte	0,0,1
00000018 00              531 	.byte	0
00000019 2e2e2f736f75    532 	.strz	"../source/McalMcu/BrsStartup_c0.c"
0000001f 7263652f4d63 
00000025 616c4d63752f 
0000002b 427273537461 
00000031 727475705f63 
00000037 302e6300 
0000003b 000000          533 	.byte	0,0,0
0000003e 00              534 	.byte	0
                         535 .Ldw_lpro_end:
                         536 	.section	.debug_macinfo
                         537 .Ldw_macinfo_begin:
                         538 	.section	.debug_info
0000009b 00              539 	.byte	0
                         540 
                         541 	.section	.debug_line
                         542 .Ldw_line_end:
                         543 	.section	.debug_macinfo
00000000 03              544 	.byte	3
00000001 00              545 	.byte	0
00000002 01              546 	.byte	1
00000003 01              547 	.byte	1
00000004 06              548 	.byte	6
00000005 4252535f434f    549 	.strz	"BRS_COMP_GHS "
0000000b 4d505f474853 
00000011 2000 
00000013 01              550 	.byte	1
00000014 0a              551 	.byte	10
00000015 5f5f5f61736d    552 	.strz	"___asm(c) __asm_(c)"
0000001b 286329205f5f 
00000021 61736d5f2863 
00000027 2900 
00000029 01              553 	.byte	1
0000002a 0b              554 	.byte	11
0000002b 5f5f61736d5f    555 	.strz	"__asm_(c) asm(\" \" #c);"
00000031 286329206173 
00000037 6d2822202220 
0000003d 2363293b00 
00000042 01              556 	.byte	1
00000043 0c              557 	.byte	12
00000044 5f5f61733128    558 	.strz	"__as1(c,d) __as1_(c, d)"
0000004a 632c6429205f 
00000050 5f6173315f28 
00000056 632c20642900 
0000005c 01              559 	.byte	1
0000005d 0d              560 	.byte	13
0000005e 5f5f6173315f    561 	.strz	"__as1_(c,d) asm(\" \" #c \" , \" #d);"
00000064 28632c642920 
0000006a 61736d282220 
00000070 222023632022 

                                                                      Page 11
                                                              C:\Users\nhuliyap\AppData\Local\Temp\gh_000075c1.s
00000076 202c20222023 
0000007c 64293b00 
00000080 01              562 	.byte	1
00000081 0e              563 	.byte	14
00000082 5f5f61733228    564 	.strz	"__as2(c,d,e) __as2_(c, d, e)"
00000088 632c642c6529 
0000008e 205f5f617332 
00000094 5f28632c2064 
0000009a 2c20652900 
0000009f 01              565 	.byte	1
000000a0 0f              566 	.byte	15
000000a1 5f5f6173325f    567 	.strz	"__as2_(c,d,e) asm(\" \" #c \" , \" #d \" , \" #e);"
000000a7 28632c642c65 
000000ad 292061736d28 
000000b3 222022202363 
000000b9 2022202c2022 
000000bf 202364202220 
000000c5 2c2022202365 
000000cb 293b00 
000000ce 01              568 	.byte	1
000000cf 57              569 	.byte	87
000000d0 4c4f435f5241    570 	.strz	"LOC_RAM_START_ADR 0xFEDFC000"
000000d6 4d5f53544152 
000000dc 545f41445220 
000000e2 307846454446 
000000e8 4330303000 
000000ed 01              571 	.byte	1
000000ee 59              572 	.byte	89
000000ef 4c4f435f5241    573 	.strz	"LOC_RAM_SIZE 0x0000BC00"
000000f5 4d5f53495a45 
000000fb 203078303030 
00000101 304243303000 
00000107 04              574 	.byte	4
00000108 00              575 	.byte	0
                         576 	.section	.debug_abbrev
00000017 00              577 	.byte	0
                         578 	.section	.debug_info
                         579 .Ldw_end:
                         580 .rh850_flags REGMODE32,DATA_ALIGN8,GP_FIX,EP_NONFIX,TP_FIX,REG2_RESERVE,G3K,GHS_MISALIGN,SDA_EXTRA_REGS_0
