                                                                      Page 1
                                                              C:\Users\nhuliyap\AppData\Local\Temp\gh_00003q41.s
Command Line: C:\ghs\comp_201517\ease850.exe -w -elf -b0 -I../source/common -I../source/ProjectCompiler -I../source/ProjectCfg -I../source/SwcApplTpms -I../source/SwcApplTpms/Intface -I../source/SwcApplEcuM -I../source/SwcServiceEcuM -I../source/SwcServiceNvM -I../source/SwcServiceOs -I../source/SwcServiceStartUp -I../source/McalAdc -I../source/McalDio -I../source/McalGpt -I../source/McalMcu -I../source/McalWdg -I../source/wrappers -I../source/wrappers/McalAta -I../source/McalLin -I../source/McalCan -I../source/wrappers/OS -I../source/McalFls -I../source/EcuabFee -I../source/EcuabMemIf -I../source/wrappers/VStdLib -I../source/wrappers/Crc -I../source/wrappers/FBL_APPL -I../source/wrappers/CAN_MANAGER -I../source/wrappers/NVM_MANAGER -I../source/wrappers/DEM_MANAGER -I../source/wrappers/RDC_MANAGER -I../source/wrappers/ENV_MANAGER -I../source/wrappers/SYS_MANAGER -I../source/wrappers/EcuabCanIf -I../source/wrappers/SwcServiceCanSM -I../source/wrappers/SwcServiceCanTp -I../source/wrappers/SwcServiceCanTp_PreCompile -I../source/wrappers/SwcServiceCom -I../source/wrappers/SwcServiceComM -I../source/wrappers/SwcServiceComStack -I../source/wrappers/SwcServiceDcm -I../source/wrappers/SwcServicePduR -I../source/wrappers/SwcServiceEcuM -I../source/wrappers/Bfx -I../source/wrappers/SwcServiceDem -I../source/SwcServiceDet -I../source/SwcServiceFiM -I../source/wrappers/LibAutosarDiag -I../source/wrappers/rba_BswSrv -I../source/SwcServiceSchM -I../source/wrappers/SwcServiceComM/Integration -I../source/wrappers/SwcServicePduR/Integration -I../source/wrappers/EcuabCanIf/Integration -I../source/wrappers/SwcServiceCom/Integration -I../source/wrappers/SwcServiceCanTp/Integration -I../source/wrappers/SwcServiceEcuM/Integration -I../source/SwcServiceDet/Integration -I../source/wrappers/SwcServiceDcm/Integration -I../source/wrappers/SwcServiceDem/Integration -I../source/SwcServiceFiM/Integration -I../source/wrappers/EcuabCanIf/api -I../source/wrappers/SwcServiceCom/api -I../source/wrappers/SwcServiceComM/api -I../source/wrappers/SwcServicePduR/api -I../source/wrappers/Bfx/api -I../source/SwcServiceDet/api -I../source/SwcServiceFiM/api -I../source/wrappers/LibAutosarDiag/api -I../source/wrappers/rba_BswSrv/api -IC:\ghs\comp_201517\lib\rh850 -cg_underscore -cpu=rh850g3k -no_v850_simd -rh850_fpsimd=none -nomacro -patch_dbo=C:\_ECU2\ECU_Rivian_A1\Target\repo_projects\pRealEcu\cL_LATEST\make\output\objects\calibr.dbo -source=calibr.c -o output\objects\gh_00003q41.o -list=output\list\calibr.lst C:\Users\nhuliyap\AppData\Local\Temp\gh_00003q41.s 
Original File: C:\Users\nhuliyap\AppData\Local\Temp\gh_00003q41.s
Source File: calibr.c
Directory: C:\_ECU2\ECU_Rivian_A1\Target\repo_projects\pRealEcu\cL_LATEST\make
Host OS: Windows
EASE: Copyright (C) 1983-2015 Green Hills Software.  All Rights Reserved.
Release: Compiler v2015.1.7
Build Directory: [Directory] BTOWORKER6:c:/build_2015_1_bto/2015-10-21.2100-2015_1_bto/win32-comp-ecom
Revision: [VCInfo] http://toolsvc/branches/release-branch-70-bto/src@544153 (built by build)
Revision Date: Thu Oct 22 07:50:13 2015

Release Date: Thu Oct 22 09:32:32 2015

                           1 --Driver Command: ccv850 ../source/SwcApplTpms/calibr.c -cpu=rh850 -fhard
                           2 --		-ignore_callt_state_in_interrupts -large_sda -misalign_pack
                           3 --		-nofarcalls -nofloatio -no_callt -Ogeneral -Onounroll
                           4 --		-prepare_dispose -registermode=32 -reserve_r2 -sda=0
                           5 --		-shorten_loads -Wshadow --brief_diagnostics --no_commons
                           6 --		--no_wrap_diagnostics --prototype_errors --short_enum -list -G
                           7 --		-dual_debug -dwarf -X5523 -lnk=-no_xda_modifications -D
                           8 --		NOT_READY_FOR_TESTING_OR_DEPLOYMENT -D IBTCM_SW_ANPASSUNGEN -D
                           9 --		BUILD_LORDSTOWN -c -inline_prologue -I../source/common
                          10 --		-I../source/ProjectCompiler -I../source/ProjectCfg
                          11 --		-I../source/SwcApplTpms -I../source/SwcApplTpms/Intface
                          12 --		-I../source/SwcApplEcuM -I../source/SwcServiceEcuM
                          13 --		-I../source/SwcServiceNvM -I../source/SwcServiceOs
                          14 --		-I../source/SwcServiceStartUp -I../source/McalAdc
                          15 --		-I../source/McalDio -I../source/McalGpt -I../source/McalMcu
                          16 --		-I../source/McalWdg -I../source/wrappers
                          17 --		-I../source/wrappers/McalAta -I../source/McalLin
                          18 --		-I../source/McalCan -I../source/wrappers/OS -I../source/McalFls
                          19 --		-I../source/EcuabFee -I../source/EcuabMemIf
                          20 --		-I../source/wrappers/VStdLib -I../source/wrappers
                          21 --		-I../source/wrappers/Crc -I../source/wrappers/FBL_APPL
                          22 --		-I../source/wrappers/CAN_MANAGER -I../source/wrappers/NVM_MANAGER
                          23 --		-I../source/wrappers/DEM_MANAGER -I../source/wrappers/RDC_MANAGER
                          24 --		-I../source/wrappers/ENV_MANAGER -I../source/wrappers/SYS_MANAGER
                          25 --		-I../source/wrappers/EcuabCanIf
                          26 --		-I../source/wrappers/SwcServiceCanSM
                          27 --		-I../source/wrappers/SwcServiceCanTp
                          28 --		-I../source/wrappers/SwcServiceCanTp_PreCompile
                          29 --		-I../source/wrappers/SwcServiceCom
                          30 --		-I../source/wrappers/SwcServiceComM
                          31 --		-I../source/wrappers/SwcServiceComStack
                          32 --		-I../source/wrappers/SwcServiceDcm
                          33 --		-I../source/wrappers/SwcServicePduR
                          34 --		-I../source/wrappers/SwcServiceEcuM -I../source/wrappers/Bfx
                          35 --		-I../source/wrappers/SwcServiceDem -I../source/SwcServiceDet
                          36 --		-I../source/SwcServiceFiM -I../source/wrappers/LibAutosarDiag
                          37 --		-I../source/wrappers/rba_BswSrv -I../source/SwcServiceSchM
                          38 --		-I../source/wrappers/SwcServiceComM/Integration
                          39 --		-I../source/wrappers/SwcServicePduR/Integration
                          40 --		-I../source/wrappers/EcuabCanIf/Integration
                          41 --		-I../source/wrappers/SwcServiceCom/Integration
                          42 --		-I../source/wrappers/SwcServiceCanTp/Integration
                          43 --		-I../source/wrappers/SwcServiceEcuM/Integration
                          44 --		-I../source/SwcServiceDet/Integration
                          45 --		-I../source/wrappers/SwcServiceDcm/Integration
                          46 --		-I../source/wrappers/SwcServiceDem/Integration
                          47 --		-I../source/SwcServiceFiM/Integration
                          48 --		-I../source/wrappers/EcuabCanIf/api
                          49 --		-I../source/wrappers/SwcServiceCom/api
                          50 --		-I../source/wrappers/SwcServiceComM/api

                                                                      Page 2
                                                              C:\Users\nhuliyap\AppData\Local\Temp\gh_00003q41.s
                          51 --		-I../source/wrappers/SwcServicePduR/api
                          52 --		-I../source/wrappers/Bfx/api -I../source/SwcServiceDet/api
                          53 --		-I../source/SwcServiceFiM/api
                          54 --		-I../source/wrappers/LibAutosarDiag/api
                          55 --		-I../source/wrappers/rba_BswSrv/api -object_dir=output/objects
                          56 --		-list_dir=output/list
                          57 --Source File:   ../source/SwcApplTpms/calibr.c
                          58 --Directory:     
                          59 --		C:\_ECU2\ECU_Rivian_A1\Target\repo_projects\pRealEcu\cL_LATEST\make
                          60 --Compile Date:  Wed Sep 06 09:35:25 2023
                          61 --Host OS:       Win32
                          62 --Version:       C-RH850 2015.1.7 RELEASE VERSION
                          63 --Release:       Compiler v2015.1.7
                          64 --Revision Date: Thu Oct 22 08:06:12 2015
                          65 --Release Date:  Thu Oct 22 09:34:32 2015
                          66 -- ecom  -g -w -OM
                          67 	.text
                          68 ..bof.C.3A.5C_ECU2.5CECU_Rivian_A1.5CTarget.5Crepo_projects.5CpRealEcu.5CcL_LATEST.5Cmake.5Coutput.5Cobjects.5Ccalibr...43.3A.5C_ECU2.5CECU_Rivian_A1.5CTarget.5Crepo_projects.5CpRealEcu.5CcL_LATEST.5Cmake..64F82BBD..0::
                          69 	.align	2
                          70 ..gh.f.f.1.e.0:
                          71 	.type	..gh.f.f.1.e.0,@object
                          72 	.size	..gh.f.f.1.e.0,0
                          73 	.global	_CalibrSetPressureCAL
                          74 _CalibrSetPressureCAL:
00000000 80076100         75 	prepare	{r29,r31},0
                          76 --	    .bf
                          77 .LDW01:
                          78 	jarl	_GETucVarCodPlacardPressEE,lp
                          78 <EXPANSION BEGIN>
                          78 jarl22 _GETucVarCodPlacardPressEE , lp 
00000004 80ff0000*        78 <EXPANSION END>
                          79 --line30
                          80 ..lin.C.3A.5C_ECU2.5CECU_Rivian_A1.5CTarget.5Crepo_projects.5CpRealEcu.5CcL_LATEST.5Cmake.5Coutput.5Cobjects.5Ccalibr.1::
                          81 .LDWlin1:
00000008 0a96bcff         82 	addi	-68,r10,r18
0000000c 120645ff         83 	addi	-187,r18,zero
00000010 f905*            84 	bnl	.L5
                          85 --line39
                          86 ..lin.C.3A.5C_ECU2.5CECU_Rivian_A1.5CTarget.5Crepo_projects.5CpRealEcu.5CcL_LATEST.5Cmake.5Coutput.5Cobjects.5Ccalibr.2::
                          87 .LDWlin2:
00000012 20ee6000         88 	movea	96,zero,r29
00000016 1d30             89 	mov	r29,r6
                          90 	jarl	_PUTucVarCodPlacardPressEE,lp
                          90 <EXPANSION BEGIN>
                          90 jarl22 _PUTucVarCodPlacardPressEE , lp 
00000018 80ff0000*        90 <EXPANSION END>
0000001c a505*            91 	br	.L7
                          92 .L5:
0000001e 0ae8             93 	mov	r10,r29
                          94 .L7:
                          95 --line44
                          96 ..lin.C.3A.5C_ECU2.5CECU_Rivian_A1.5CTarget.5Crepo_projects.5CpRealEcu.5CcL_LATEST.5Cmake.5Coutput.5Cobjects.5Ccalibr.3::
                          97 .LDWlin3:
00000020 1d38             98 	mov	r29,r7
00000022 1d40             99 	mov	r29,r8
00000024 0032            100 	mov	0,r6
                         101 	jarl	_InformWarnHandlerSM,lp
                         101 <EXPANSION BEGIN>
                         101 jarl22 _InformWarnHandlerSM , lp 
00000026 80ff0000*       101 <EXPANSION END>
                         102 --	    .ef

                                                                      Page 3
                                                              C:\Users\nhuliyap\AppData\Local\Temp\gh_00003q41.s
                         103 .LDW11:
                         104 --line45
                         105 ..lin.C.3A.5C_ECU2.5CECU_Rivian_A1.5CTarget.5Crepo_projects.5CpRealEcu.5CcL_LATEST.5Cmake.5Coutput.5Cobjects.5Ccalibr.4::
                         106 .LDWlin4:
0000002a 40067f00        107 	dispose	0,{r29,r31},[lp]
                         108 	.global	___ghs_eofn_CalibrSetPressureCAL
                         109 ___ghs_eofn_CalibrSetPressureCAL:
                         110 	.type	_CalibrSetPressureCAL,@function
                         111 	.size	_CalibrSetPressureCAL,.-_CalibrSetPressureCAL
                         112 	.align	2
                         113 --_u8Press	r29	local
                         114 --_u8LocalVarCodPlacardPress	r29	local
                         115 
                         116 	.section ".bss","awb"
                         117 .L56:
                         118 	.type	.L56,@object
                         119 	.size	.L56,0
                         120 	.data
                         121 	.text
                         122 	.align	2
                         123 
                         124 	.data
                         125 	.ghsnote version,17
                         126 	.ghsnote tools,3
                         127 	.ghsnote options,144
                         128 	.text
                         129 	.align	2
                         130 ..eof.C.3A.5C_ECU2.5CECU_Rivian_A1.5CTarget.5Crepo_projects.5CpRealEcu.5CcL_LATEST.5Cmake.5Coutput.5Cobjects.5Ccalibr...43.3A.5C_ECU2.5CECU_Rivian_A1.5CTarget.5Crepo_projects.5CpRealEcu.5CcL_LATEST.5Cmake..64F82BBD..0::
                         131 	.section	.debug_info
                         132 .Ldw_begin:
00000000 de010000        133 	.word	.Ldw_end-.Ldw_begin-4
00000004 0200            134 	.byte	2,0
00000006 00000000*       135 	.word	.Ldw_abbr_begin
0000000a 04              136 	.byte	4
                         137 	.section	.debug_abbrev
                         138 .Ldw_abbr_begin:
                         139 	.section	.debug_info
0000000b 01              140 	.byte	1
0000000c 00000000*       141 	.word	..bof.C.3A.5C_ECU2.5CECU_Rivian_A1.5CTarget.5Crepo_projects.5CpRealEcu.5CcL_LATEST.5Cmake.5Coutput.5Cobjects.5Ccalibr...43.3A.5C_ECU2.5CECU_Rivian_A1.5CTarget.5Crepo_projects.5CpRealEcu.5CcL_LATEST.5Cmake..64F82BBD..0
00000010 00000000*       142 	.word	..eof.C.3A.5C_ECU2.5CECU_Rivian_A1.5CTarget.5Crepo_projects.5CpRealEcu.5CcL_LATEST.5Cmake.5Coutput.5Cobjects.5Ccalibr...43.3A.5C_ECU2.5CECU_Rivian_A1.5CTarget.5Crepo_projects.5CpRealEcu.5CcL_LATEST.5Cmake..64F82BBD..0
00000014 2e2e2f736f75    143 	.strz	"../source/SwcApplTpms/calibr.c"
0000001a 7263652f5377 
00000020 634170706c54 
00000026 706d732f6361 
0000002c 6c6962722e63 
00000032 00 
00000033 433a5c5f4543    144 	.strz	"C:\\_ECU2\\ECU_Rivian_A1\\Target\\repo_projects\\pRealEcu\\cL_LATEST\\make"
00000039 55325c454355 
0000003f 5f5269766961 
00000045 6e5f41315c54 
0000004b 61726765745c 
00000051 7265706f5f70 
00000057 726f6a656374 
0000005d 735c70526561 
00000063 6c4563755c63 
00000069 4c5f4c415445 
0000006f 53545c6d616b 
00000075 6500 
00000077 474853204320    145 	.strz	"GHS C 2015.1.7 [dual]"
0000007d 323031352e31 
00000083 2e37205b6475 

                                                                      Page 4
                                                              C:\Users\nhuliyap\AppData\Local\Temp\gh_00003q41.s
00000089 616c5d00 
0000008d 0100            146 	.byte	1,0
0000008f 00000000*       147 	.word	.Ldw_line_begin
00000093 00000000*       148 	.word	.Ldw_macinfo_begin
00000097 00              149 	.byte	0
                         150 
                         151 	.section	.debug_abbrev
00000000 01              152 	.byte	1
00000001 11              153 	.byte	17
00000002 01              154 	.byte	1
00000003 1101            155 	.byte	17,1
00000005 1201            156 	.byte	18,1
00000007 0308            157 	.byte	3,8
00000009 1b08            158 	.byte	27,8
0000000b 2508            159 	.byte	37,8
0000000d 1305            160 	.byte	19,5
0000000f 1006            161 	.byte	16,6
00000011 4306            162 	.byte	67,6
00000013 420b            163 	.byte	66,11
00000015 0000            164 	.byte	0,0
                         165 
                         166 	.section	.debug_line
                         167 .Ldw_line_begin:
00000000 50030000        168 	.word	.Ldw_line_end-.Ldw_line_begin-4
00000004 0200            169 	.byte	2,0
00000006 00000000*       170 	.word	.Ldw_lpro_end-.Ldw_lpro_begin
                         171 .Ldw_lpro_begin:
0000000a 01              172 	.byte	1
0000000b 00              173 	.byte	0
0000000c 00              174 	.byte	0
0000000d 04              175 	.byte	4
0000000e 0a              176 	.byte	10
0000000f 000101          177 	.byte	0,1,1
00000012 010100          178 	.byte	1,1,0
00000015 000001          179 	.byte	0,0,1
00000018 00              180 	.byte	0
00000019 2e2e2f736f75    181 	.strz	"../source/SwcApplTpms/calibr.c"
0000001f 7263652f5377 
00000025 634170706c54 
0000002b 706d732f6361 
00000031 6c6962722e63 
00000037 00 
00000038 000000          182 	.byte	0,0,0
0000003b 2e2e2f736f75    183 	.strz	"../source/SwcApplTpms/iTpms_Interface.hpp"
00000041 7263652f5377 
00000047 634170706c54 
0000004d 706d732f6954 
00000053 706d735f496e 
00000059 746572666163 
0000005f 652e68707000 
00000065 000000          184 	.byte	0,0,0
00000068 2e2e2f736f75    185 	.strz	"../source/SwcApplTpms/Tpms_Rte_Data_Type.hpp"
0000006e 7263652f5377 
00000074 634170706c54 
0000007a 706d732f5470 
00000080 6d735f527465 
00000086 5f446174615f 
0000008c 547970652e68 
00000092 707000 
00000095 000000          186 	.byte	0,0,0
00000098 2e2e2f736f75    187 	.strz	"../source/McalMcu/Types.hpp"

                                                                      Page 5
                                                              C:\Users\nhuliyap\AppData\Local\Temp\gh_00003q41.s
0000009e 7263652f4d63 
000000a4 616c4d63752f 
000000aa 54797065732e 
000000b0 68707000 
000000b4 000000          188 	.byte	0,0,0
000000b7 2e2e2f736f75    189 	.strz	"../source/common/Std_Types.hpp"
000000bd 7263652f636f 
000000c3 6d6d6f6e2f53 
000000c9 74645f547970 
000000cf 65732e687070 
000000d5 00 
000000d6 000000          190 	.byte	0,0,0
000000d9 2e2e2f736f75    191 	.strz	"../source/common/Platform_Types.hpp"
000000df 7263652f636f 
000000e5 6d6d6f6e2f50 
000000eb 6c6174666f72 
000000f1 6d5f54797065 
000000f7 732e68707000 
000000fd 000000          192 	.byte	0,0,0
00000100 2e2e2f736f75    193 	.strz	"../source/common/Compiler.hpp"
00000106 7263652f636f 
0000010c 6d6d6f6e2f43 
00000112 6f6d70696c65 
00000118 722e68707000 
0000011e 000000          194 	.byte	0,0,0
00000121 2e2e2f736f75    195 	.strz	"../source/ProjectCompiler/Compiler_Cfg.hpp"
00000127 7263652f5072 
0000012d 6f6a65637443 
00000133 6f6d70696c65 
00000139 722f436f6d70 
0000013f 696c65725f43 
00000145 66672e687070 
0000014b 00 
0000014c 000000          196 	.byte	0,0,0
0000014f 2e2e2f736f75    197 	.strz	"../source/ProjectCompiler/CompilerCfg_SwcServiceOs.hpp"
00000155 7263652f5072 
0000015b 6f6a65637443 
00000161 6f6d70696c65 
00000167 722f436f6d70 
0000016d 696c65724366 
00000173 675f53776353 
00000179 657276696365 
0000017f 4f732e687070 
00000185 00 
00000186 000000          198 	.byte	0,0,0
00000189 2e2e2f736f75    199 	.strz	"../source/SwcApplTpms/SwcApplTpms_Rte.hpp"
0000018f 7263652f5377 
00000195 634170706c54 
0000019b 706d732f5377 
000001a1 634170706c54 
000001a7 706d735f5274 
000001ad 652e68707000 
000001b3 000000          200 	.byte	0,0,0
000001b6 2e2e2f736f75    201 	.strz	"../source/SwcApplTpms/SwcApplTpms_Rte_Type.hpp"
000001bc 7263652f5377 
000001c2 634170706c54 
000001c8 706d732f5377 
000001ce 634170706c54 
000001d4 706d735f5274 
000001da 655f54797065 
000001e0 2e68707000 

                                                                      Page 6
                                                              C:\Users\nhuliyap\AppData\Local\Temp\gh_00003q41.s
000001e5 000000          202 	.byte	0,0,0
000001e8 2e2e2f736f75    203 	.strz	"../source/ProjectCfg/SwcApplTpms_NvM_If.hpp"
000001ee 7263652f5072 
000001f4 6f6a65637443 
000001fa 66672f537763 
00000200 4170706c5470 
00000206 6d735f4e764d 
0000020c 5f49662e6870 
00000212 7000 
00000214 000000          204 	.byte	0,0,0
00000217 2e2e2f736f75    205 	.strz	"../source/SwcApplTpms/WallocX.hpp"
0000021d 7263652f5377 
00000223 634170706c54 
00000229 706d732f5761 
0000022f 6c6c6f63582e 
00000235 68707000 
00000239 000000          206 	.byte	0,0,0
0000023c 2e2e2f736f75    207 	.strz	"../source/SwcApplTpms/statemanagerx.hpp"
00000242 7263652f5377 
00000248 634170706c54 
0000024e 706d732f7374 
00000254 6174656d616e 
0000025a 61676572782e 
00000260 68707000 
00000264 000000          208 	.byte	0,0,0
00000267 2e2e2f736f75    209 	.strz	"../source/SwcApplTpms/calibr.hpp"
0000026d 7263652f5377 
00000273 634170706c54 
00000279 706d732f6361 
0000027f 6c6962722e68 
00000285 707000 
00000288 000000          210 	.byte	0,0,0
0000028b 2e2e2f736f75    211 	.strz	"../source/SwcApplTpms/Intface/tss_stdx.hpp"
00000291 7263652f5377 
00000297 634170706c54 
0000029d 706d732f496e 
000002a3 74666163652f 
000002a9 7473735f7374 
000002af 64782e687070 
000002b5 00 
000002b6 000000          212 	.byte	0,0,0
000002b9 2e2e2f736f75    213 	.strz	"../source/ProjectCfg/CfgSwcApplTpms.hpp"
000002bf 7263652f5072 
000002c5 6f6a65637443 
000002cb 66672f436667 
000002d1 537763417070 
000002d7 6c54706d732e 
000002dd 68707000 
000002e1 000000          214 	.byte	0,0,0
000002e4 2e2e2f736f75    215 	.strz	"../source/SwcApplTpms/calibrX.hpp"
000002ea 7263652f5377 
000002f0 634170706c54 
000002f6 706d732f6361 
000002fc 6c696272582e 
00000302 68707000 
00000306 000000          216 	.byte	0,0,0
00000309 00              217 	.byte	0
                         218 .Ldw_lpro_end:
                         219 	.section	.debug_macinfo
                         220 .Ldw_macinfo_begin:
                         221 	.section	.debug_frame

                                                                      Page 7
                                                              C:\Users\nhuliyap\AppData\Local\Temp\gh_00003q41.s
                         222 .LDW_4c074e0:
00000000 00000000*       223 	.word	.LDW_unq_2-.LDW_unq_1
                         224 .LDW_unq_1:
00000004 ffffffff        225 	.byte	255,255,255,255
00000008 01              226 	.byte	1
00000009 00              227 	.byte	0
0000000a 01              228 	.byte	1
0000000b 01              229 	.byte	1
0000000c 1f              230 	.byte	31
0000000d 0c              231 	.byte	12
0000000e 03              232 	.byte	3
0000000f 00              233 	.byte	0
00000010 07              234 	.byte	7
00000011 00              235 	.byte	0
00000012 07              236 	.byte	7
00000013 01              237 	.byte	1
00000014 07              238 	.byte	7
00000015 02              239 	.byte	2
00000016 07              240 	.byte	7
00000017 03              241 	.byte	3
00000018 07              242 	.byte	7
00000019 04              243 	.byte	4
0000001a 07              244 	.byte	7
0000001b 05              245 	.byte	5
0000001c 07              246 	.byte	7
0000001d 06              247 	.byte	6
0000001e 07              248 	.byte	7
0000001f 07              249 	.byte	7
00000020 07              250 	.byte	7
00000021 08              251 	.byte	8
00000022 07              252 	.byte	7
00000023 09              253 	.byte	9
00000024 07              254 	.byte	7
00000025 0a              255 	.byte	10
00000026 07              256 	.byte	7
00000027 0b              257 	.byte	11
00000028 07              258 	.byte	7
00000029 0c              259 	.byte	12
0000002a 07              260 	.byte	7
0000002b 0d              261 	.byte	13
0000002c 07              262 	.byte	7
0000002d 0e              263 	.byte	14
0000002e 07              264 	.byte	7
0000002f 0f              265 	.byte	15
00000030 07              266 	.byte	7
00000031 10              267 	.byte	16
00000032 07              268 	.byte	7
00000033 11              269 	.byte	17
00000034 07              270 	.byte	7
00000035 12              271 	.byte	18
00000036 07              272 	.byte	7
00000037 13              273 	.byte	19
00000038 08              274 	.byte	8
00000039 14              275 	.byte	20
0000003a 08              276 	.byte	8
0000003b 15              277 	.byte	21
0000003c 08              278 	.byte	8
0000003d 16              279 	.byte	22
0000003e 08              280 	.byte	8
0000003f 17              281 	.byte	23
00000040 08              282 	.byte	8

                                                                      Page 8
                                                              C:\Users\nhuliyap\AppData\Local\Temp\gh_00003q41.s
00000041 18              283 	.byte	24
00000042 08              284 	.byte	8
00000043 19              285 	.byte	25
00000044 08              286 	.byte	8
00000045 1a              287 	.byte	26
00000046 08              288 	.byte	8
00000047 1b              289 	.byte	27
00000048 08              290 	.byte	8
00000049 1c              291 	.byte	28
0000004a 08              292 	.byte	8
0000004b 1d              293 	.byte	29
0000004c 07              294 	.byte	7
0000004d 1e              295 	.byte	30
0000004e 08              296 	.byte	8
0000004f 1f              297 	.byte	31
00000050 07              298 	.byte	7
00000051 20              299 	.byte	32
00000052 07              300 	.byte	7
00000053 21              301 	.byte	33
00000054 07              302 	.byte	7
00000055 22              303 	.byte	34
00000056 07              304 	.byte	7
00000057 23              305 	.byte	35
00000058 07              306 	.byte	7
00000059 24              307 	.byte	36
0000005a 07              308 	.byte	7
0000005b 25              309 	.byte	37
0000005c 07              310 	.byte	7
0000005d 26              311 	.byte	38
0000005e 07              312 	.byte	7
0000005f 27              313 	.byte	39
00000060 07              314 	.byte	7
00000061 28              315 	.byte	40
00000062 07              316 	.byte	7
00000063 29              317 	.byte	41
00000064 07              318 	.byte	7
00000065 2a              319 	.byte	42
00000066 07              320 	.byte	7
00000067 2b              321 	.byte	43
00000068 07              322 	.byte	7
00000069 2c              323 	.byte	44
0000006a 07              324 	.byte	7
0000006b 2d              325 	.byte	45
0000006c 07              326 	.byte	7
0000006d 2e              327 	.byte	46
0000006e 07              328 	.byte	7
0000006f 2f              329 	.byte	47
00000070 07              330 	.byte	7
00000071 30              331 	.byte	48
00000072 07              332 	.byte	7
00000073 31              333 	.byte	49
00000074 07              334 	.byte	7
00000075 32              335 	.byte	50
00000076 07              336 	.byte	7
00000077 33              337 	.byte	51
00000078 07              338 	.byte	7
00000079 34              339 	.byte	52
0000007a 07              340 	.byte	7
0000007b 35              341 	.byte	53
0000007c 07              342 	.byte	7
0000007d 36              343 	.byte	54

                                                                      Page 9
                                                              C:\Users\nhuliyap\AppData\Local\Temp\gh_00003q41.s
0000007e 07              344 	.byte	7
0000007f 37              345 	.byte	55
00000080 07              346 	.byte	7
00000081 38              347 	.byte	56
00000082 07              348 	.byte	7
00000083 39              349 	.byte	57
00000084 07              350 	.byte	7
00000085 3a              351 	.byte	58
00000086 07              352 	.byte	7
00000087 3b              353 	.byte	59
00000088 07              354 	.byte	7
00000089 3c              355 	.byte	60
0000008a 07              356 	.byte	7
0000008b 3d              357 	.byte	61
0000008c 07              358 	.byte	7
0000008d 3e              359 	.byte	62
0000008e 07              360 	.byte	7
0000008f 3f              361 	.byte	63
                         362 .LDW_unq_2:
                         363 	.section	.debug_info
                         364 .LDW_4867228:
00000098 45              365 	.byte	69
00000099 01              366 	.byte	1
                         367 
                         368 	.section	.debug_abbrev
00000017 45              369 	.byte	69
00000018 15              370 	.byte	21
00000019 01              371 	.byte	1
0000001a 270c            372 	.byte	39,12
0000001c 0000            373 	.byte	0,0
                         374 
                         375 	.section	.debug_info
0000009a 00              376 	.byte	0
                         377 
                         378 .LDW_4866d20:
0000009b 25              379 	.byte	37
0000009c 756e7369676e    380 	.strz	"unsigned char"
000000a2 656420636861 
000000a8 7200 
000000aa 08              381 	.byte	8
000000ab 01              382 	.byte	1
                         383 
                         384 	.section	.debug_abbrev
0000001e 25              385 	.byte	37
0000001f 24              386 	.byte	36
00000020 00              387 	.byte	0
00000021 0308            388 	.byte	3,8
00000023 3e0b            389 	.byte	62,11
00000025 0b0b            390 	.byte	11,11
00000027 0000            391 	.byte	0,0
                         392 
                         393 	.section	.debug_info
                         394 .LDW_4866e38:
000000ac 25              395 	.byte	37
000000ad 696e7400        396 	.strz	"int"
000000b1 05              397 	.byte	5
000000b2 04              398 	.byte	4
                         399 
                         400 .LDW_4c422a0:
000000b3 29              401 	.byte	41
000000b4 00000000*       402 	.word	.LDW_48ae0a0

                                                                      Page 10
                                                              C:\Users\nhuliyap\AppData\Local\Temp\gh_00003q41.s
                         403 
                         404 	.section	.debug_abbrev
00000029 29              405 	.byte	41
0000002a 26              406 	.byte	38
0000002b 00              407 	.byte	0
0000002c 4910            408 	.byte	73,16
0000002e 0000            409 	.byte	0,0
                         410 
                         411 	.section	.debug_info
                         412 .LDW_4c4c988:
000000b8 45              413 	.byte	69
000000b9 01              414 	.byte	1
                         415 
                         416 .LDW_4c4d170:
000000ba 12              417 	.byte	18
000000bb 00000000*       418 	.word	.LDW_48ae0a0
000000bf 00              419 	.byte	0
                         420 
                         421 	.section	.debug_abbrev
00000030 12              422 	.byte	18
00000031 05              423 	.byte	5
00000032 00              424 	.byte	0
00000033 4910            425 	.byte	73,16
00000035 4b0c            426 	.byte	75,12
00000037 0000            427 	.byte	0,0
                         428 
                         429 	.section	.debug_info
000000c0 00              430 	.byte	0
                         431 
                         432 .LDW_4c4caa0:
000000c1 44              433 	.byte	68
000000c2 00000000*       434 	.word	.LDW_48ae0a0
000000c6 01              435 	.byte	1
                         436 
                         437 	.section	.debug_abbrev
00000039 44              438 	.byte	68
0000003a 15              439 	.byte	21
0000003b 01              440 	.byte	1
0000003c 4910            441 	.byte	73,16
0000003e 270c            442 	.byte	39,12
00000040 0000            443 	.byte	0,0
                         444 
                         445 	.section	.debug_info
000000c7 00              446 	.byte	0
                         447 
                         448 .LDW_4c50ee8:
000000c8 45              449 	.byte	69
000000c9 01              450 	.byte	1
                         451 
                         452 .LDW_4c4d7a0:
000000ca 12              453 	.byte	18
000000cb 00000000*       454 	.word	.LDW_48ae1a8
000000cf 00              455 	.byte	0
                         456 
                         457 .LDW_4c4d980:
000000d0 12              458 	.byte	18
000000d1 00000000*       459 	.word	.LDW_4c422a0
000000d5 00              460 	.byte	0
                         461 
                         462 .LDW_4c4d9b0:
000000d6 12              463 	.byte	18

                                                                      Page 11
                                                              C:\Users\nhuliyap\AppData\Local\Temp\gh_00003q41.s
000000d7 00000000*       464 	.word	.LDW_4c422a0
000000db 00              465 	.byte	0
                         466 
000000dc 00              467 	.byte	0
                         468 
                         469 .LDW_48ae1a8:
000000dd 28              470 	.byte	40
000000de 626f6f6c6561    471 	.strz	"boolean"
000000e4 6e00 
000000e6 4e              472 	.byte	78
000000e7 49              473 	.byte	73
000000e8 06              474 	.byte	6
000000e9 00000000*       475 	.word	.LDW_4866d20
                         476 
                         477 	.section	.debug_abbrev
00000042 28              478 	.byte	40
00000043 16              479 	.byte	22
00000044 00              480 	.byte	0
00000045 0308            481 	.byte	3,8
00000047 3b0f            482 	.byte	59,15
00000049 390f            483 	.byte	57,15
0000004b 3a0f            484 	.byte	58,15
0000004d 4910            485 	.byte	73,16
0000004f 0000            486 	.byte	0,0
                         487 
                         488 	.section	.debug_info
                         489 .LDW_48ae0a0:
000000ed 28              490 	.byte	40
000000ee 75696e743800    491 	.strz	"uint8"
000000f4 50              492 	.byte	80
000000f5 4b              493 	.byte	75
000000f6 06              494 	.byte	6
000000f7 00000000*       495 	.word	.LDW_4866d20
                         496 
                         497 .LDW_4c4dfa0:
000000fb 15              498 	.byte	21
000000fc 505554756356    499 	.strz	"PUTucVarCodPlacardPressEE"
00000102 6172436f6450 
00000108 6c6163617264 
0000010e 507265737345 
00000114 4500 
00000116 aa01            500 	.byte	170,1
00000118 10              501 	.byte	16
00000119 0c              502 	.byte	12
0000011a 01              503 	.byte	1
0000011b 00              504 	.byte	0
0000011c 01              505 	.byte	1
0000011d 01              506 	.byte	1
0000011e 00              507 	.byte	0
0000011f 01              508 	.byte	1
                         509 
                         510 	.section	.debug_abbrev
00000051 15              511 	.byte	21
00000052 2e              512 	.byte	46
00000053 01              513 	.byte	1
00000054 0308            514 	.byte	3,8
00000056 3b0f            515 	.byte	59,15
00000058 390f            516 	.byte	57,15
0000005a 3a0f            517 	.byte	58,15
0000005c 3c0c            518 	.byte	60,12
0000005e 200b            519 	.byte	32,11

                                                                      Page 12
                                                              C:\Users\nhuliyap\AppData\Local\Temp\gh_00003q41.s
00000060 3f0c            520 	.byte	63,12
00000062 320b            521 	.byte	50,11
00000064 4c0b            522 	.byte	76,11
00000066 270c            523 	.byte	39,12
00000068 0000            524 	.byte	0,0
                         525 
                         526 	.section	.debug_info
00000120 00              527 	.byte	0
                         528 
                         529 .LDW_4c4e920:
00000121 16              530 	.byte	22
00000122 474554756356    531 	.strz	"GETucVarCodPlacardPressEE"
00000128 6172436f6450 
0000012e 6c6163617264 
00000134 507265737345 
0000013a 4500 
0000013c ab01            532 	.byte	171,1
0000013e 10              533 	.byte	16
0000013f 0c              534 	.byte	12
00000140 00000000*       535 	.word	.LDW_48ae0a0
00000144 01              536 	.byte	1
00000145 00              537 	.byte	0
00000146 01              538 	.byte	1
00000147 01              539 	.byte	1
00000148 00              540 	.byte	0
00000149 01              541 	.byte	1
                         542 
                         543 	.section	.debug_abbrev
0000006a 16              544 	.byte	22
0000006b 2e              545 	.byte	46
0000006c 01              546 	.byte	1
0000006d 0308            547 	.byte	3,8
0000006f 3b0f            548 	.byte	59,15
00000071 390f            549 	.byte	57,15
00000073 3a0f            550 	.byte	58,15
00000075 4910            551 	.byte	73,16
00000077 3c0c            552 	.byte	60,12
00000079 200b            553 	.byte	32,11
0000007b 3f0c            554 	.byte	63,12
0000007d 320b            555 	.byte	50,11
0000007f 4c0b            556 	.byte	76,11
00000081 270c            557 	.byte	39,12
00000083 0000            558 	.byte	0,0
                         559 
                         560 	.section	.debug_info
0000014a 00              561 	.byte	0
                         562 
                         563 .LDW_4c4f3d0:
0000014b 15              564 	.byte	21
0000014c 496e666f726d    565 	.strz	"InformWarnHandlerSM"
00000152 5761726e4861 
00000158 6e646c657253 
0000015e 4d00 
00000160 19              566 	.byte	25
00000161 0d              567 	.byte	13
00000162 0e              568 	.byte	14
00000163 01              569 	.byte	1
00000164 00              570 	.byte	0
00000165 01              571 	.byte	1
00000166 01              572 	.byte	1
00000167 00              573 	.byte	0

                                                                      Page 13
                                                              C:\Users\nhuliyap\AppData\Local\Temp\gh_00003q41.s
00000168 01              574 	.byte	1
                         575 
00000169 00              576 	.byte	0
                         577 
                         578 .LDW_48ae008:
0000016a 13              579 	.byte	19
0000016b 43616c696272    580 	.strz	"CalibrSetPressureCAL"
00000171 536574507265 
00000177 737375726543 
0000017d 414c00 
00000180 18              581 	.byte	24
00000181 06              582 	.byte	6
00000182 01              583 	.byte	1
00000183 00000000*       584 	.word	_CalibrSetPressureCAL
00000187 00000000*       585 	.word	___ghs_eofn_CalibrSetPressureCAL
0000018b 0153            586 	.byte	1,83
0000018d 828080800a      587 	.byte	130,128,128,128,10
00000192 08              588 	.byte	8
00000193 03              589 	.byte	3
00000194 08              590 	.byte	8
00000195 00              591 	.byte	0
00000196 00              592 	.byte	0
00000197 00              593 	.byte	0
00000198 01              594 	.byte	1
00000199 01              595 	.byte	1
0000019a 00              596 	.byte	0
0000019b 01              597 	.byte	1
                         598 
                         599 	.section	.debug_abbrev
00000085 13              600 	.byte	19
00000086 2e              601 	.byte	46
00000087 01              602 	.byte	1
00000088 0308            603 	.byte	3,8
0000008a 3b0f            604 	.byte	59,15
0000008c 390f            605 	.byte	57,15
0000008e 3a0f            606 	.byte	58,15
00000090 1101            607 	.byte	17,1
00000092 1201            608 	.byte	18,1
00000094 400a            609 	.byte	64,10
00000096 8341            610 	.byte	131,65
00000098 0f              611 	.byte	15
00000099 8741            612 	.byte	135,65
0000009b 0d              613 	.byte	13
0000009c 8541            614 	.byte	133,65
0000009e 0f              615 	.byte	15
0000009f 8641            616 	.byte	134,65
000000a1 0d              617 	.byte	13
000000a2 9241            618 	.byte	146,65
000000a4 0f              619 	.byte	15
000000a5 3c0c            620 	.byte	60,12
000000a7 200b            621 	.byte	32,11
000000a9 3f0c            622 	.byte	63,12
000000ab 320b            623 	.byte	50,11
000000ad 4c0b            624 	.byte	76,11
000000af 270c            625 	.byte	39,12
000000b1 0000            626 	.byte	0,0
                         627 
                         628 	.section	.debug_frame
                         629 .LDW_4c41220:
00000090 00000000*       630 	.word	.LDW_unq_4-.LDW_unq_3
                         631 .LDW_unq_3:

                                                                      Page 14
                                                              C:\Users\nhuliyap\AppData\Local\Temp\gh_00003q41.s
00000094 00000000*       632 	.word	.LDW_4c074e0
00000098 00000000*       633 	.word	_CalibrSetPressureCAL
0000009c 00000000*       634 	.word	___ghs_eofn_CalibrSetPressureCAL-_CalibrSetPressureCAL
000000a0 44              635 	.byte	68
000000a1 9f              636 	.byte	159
000000a2 00              637 	.byte	0
000000a3 40              638 	.byte	64
000000a4 9d              639 	.byte	157
000000a5 04              640 	.byte	4
000000a6 01              641 	.byte	1
000000a7 00000000*       642 	.word	.LDW11
000000ab 00              643 	.byte	0
                         644 .LDW_unq_4:
                         645 	.section	.debug_line
0000030a 000502          646 	.byte	0,5,2
0000030d 00000000*       647 	.word	_CalibrSetPressureCAL
00000311 03              648 	.byte	3
00000312 17              649 	.byte	23
00000313 02              650 	.byte	2
00000314 00              651 	.byte	0
00000315 01              652 	.byte	1
00000316 06              653 	.byte	6
00000317 03              654 	.byte	3
00000318 04              655 	.byte	4
00000319 02              656 	.byte	2
0000031a 04              657 	.byte	4
0000031b 01              658 	.byte	1
0000031c 000502          659 	.byte	0,5,2
0000031f 00000000*       660 	.word	.LDWlin1
00000323 0c              661 	.byte	12
00000324 000502          662 	.byte	0,5,2
00000327 00000000*       663 	.word	.LDWlin2
0000032b 03              664 	.byte	3
0000032c 05              665 	.byte	5
0000032d 02              666 	.byte	2
0000032e 00              667 	.byte	0
0000032f 01              668 	.byte	1
00000330 0b              669 	.byte	11
00000331 0d              670 	.byte	13
00000332 1c              671 	.byte	28
00000333 000502          672 	.byte	0,5,2
00000336 00000000*       673 	.word	.LDWlin3
0000033a 03              674 	.byte	3
0000033b 78              675 	.byte	120
0000033c 02              676 	.byte	2
0000033d 00              677 	.byte	0
0000033e 01              678 	.byte	1
0000033f 03              679 	.byte	3
00000340 09              680 	.byte	9
00000341 02              681 	.byte	2
00000342 00              682 	.byte	0
00000343 01              683 	.byte	1
00000344 02              684 	.byte	2
00000345 00              685 	.byte	0
00000346 0c              686 	.byte	12
00000347 000502          687 	.byte	0,5,2
0000034a 00000000*       688 	.word	.LDWlin4
0000034e 0b              689 	.byte	11
0000034f 02              690 	.byte	2
00000350 04              691 	.byte	4
00000351 000101          692 	.byte	0,1,1

                                                                      Page 15
                                                              C:\Users\nhuliyap\AppData\Local\Temp\gh_00003q41.s
                         693 	.section	.debug_info
                         694 .LDW_48ae8b0:
0000019c 1d              695 	.byte	29
0000019d 00000000*       696 	.word	.LDW01
000001a1 00000000*       697 	.word	.LDW11
                         698 
                         699 	.section	.debug_abbrev
000000b3 1d              700 	.byte	29
000000b4 0b              701 	.byte	11
000000b5 01              702 	.byte	1
000000b6 1101            703 	.byte	17,1
000000b8 1201            704 	.byte	18,1
000000ba 0000            705 	.byte	0,0
                         706 
                         707 	.section	.debug_info
                         708 .LDW_48ae0f8:
000001a5 04              709 	.byte	4
000001a6 753850726573    710 	.strz	"u8Press"
000001ac 7300 
000001ae 19              711 	.byte	25
000001af 09              712 	.byte	9
000001b0 01              713 	.byte	1
000001b1 00000000*       714 	.word	.LDW_48ae0a0
000001b5 00              715 	.byte	0
000001b6 00              716 	.byte	0
000001b7 016d            717 	.byte	1,109
                         718 
                         719 	.section	.debug_abbrev
000000bc 04              720 	.byte	4
000000bd 34              721 	.byte	52
000000be 00              722 	.byte	0
000000bf 0308            723 	.byte	3,8
000000c1 3b0f            724 	.byte	59,15
000000c3 390f            725 	.byte	57,15
000000c5 3a0f            726 	.byte	58,15
000000c7 4910            727 	.byte	73,16
000000c9 3f0c            728 	.byte	63,12
000000cb 3c0c            729 	.byte	60,12
000000cd 020a            730 	.byte	2,10
000000cf 0000            731 	.byte	0,0
                         732 
                         733 	.section	.debug_info
                         734 .LDW_48ae150:
000001b9 04              735 	.byte	4
000001ba 75384c6f6361    736 	.strz	"u8LocalVarCodPlacardPress"
000001c0 6c566172436f 
000001c6 64506c616361 
000001cc 726450726573 
000001d2 7300 
000001d4 1a              737 	.byte	26
000001d5 09              738 	.byte	9
000001d6 01              739 	.byte	1
000001d7 00000000*       740 	.word	.LDW_48ae0a0
000001db 00              741 	.byte	0
000001dc 00              742 	.byte	0
000001dd 016d            743 	.byte	1,109
                         744 
000001df 00              745 	.byte	0
                         746 
000001e0 00              747 	.byte	0
                         748 

                                                                      Page 16
                                                              C:\Users\nhuliyap\AppData\Local\Temp\gh_00003q41.s
000001e1 00              749 	.byte	0
                         750 
                         751 	.section	.debug_line
                         752 .Ldw_line_end:
                         753 	.section	.debug_macinfo
00000000 01              754 	.byte	1
00000001 00              755 	.byte	0
00000002 5f5f6768735f    756 	.strz	"__ghs__ 1"
00000008 5f203100 
0000000c 01              757 	.byte	1
0000000d 00              758 	.byte	0
0000000e 5f5f4c4c4f4e    759 	.strz	"__LLONG_BIT 64"
00000014 475f42495420 
0000001a 363400 
0000001d 01              760 	.byte	1
0000001e 00              761 	.byte	0
0000001f 494254434d5f    762 	.strz	"IBTCM_SW_ANPASSUNGEN 1"
00000025 53575f414e50 
0000002b 415353554e47 
00000031 454e203100 
00000036 01              763 	.byte	1
00000037 00              764 	.byte	0
00000038 4255494c445f    765 	.strz	"BUILD_LORDSTOWN 1"
0000003e 4c4f52445354 
00000044 4f574e203100 
0000004a 03              766 	.byte	3
0000004b 00              767 	.byte	0
0000004c 01              768 	.byte	1
0000004d 03              769 	.byte	3
0000004e 04              770 	.byte	4
0000004f 02              771 	.byte	2
00000050 03              772 	.byte	3
00000051 06              773 	.byte	6
00000052 03              774 	.byte	3
00000053 03              775 	.byte	3
00000054 04              776 	.byte	4
00000055 04              777 	.byte	4
00000056 03              778 	.byte	3
00000057 07              779 	.byte	7
00000058 05              780 	.byte	5
00000059 03              781 	.byte	3
0000005a 1c              782 	.byte	28
0000005b 06              783 	.byte	6
0000005c 01              784 	.byte	1
0000005d 3c              785 	.byte	60
0000005e 545255452031    786 	.strz	"TRUE 1u"
00000064 7500 
00000066 01              787 	.byte	1
00000067 40              788 	.byte	64
00000068 46414c534520    789 	.strz	"FALSE 0u"
0000006e 307500 
00000071 04              790 	.byte	4
00000072 03              791 	.byte	3
00000073 1d              792 	.byte	29
00000074 07              793 	.byte	7
00000075 03              794 	.byte	3
00000076 1b              795 	.byte	27
00000077 08              796 	.byte	8
00000078 03              797 	.byte	3
00000079 54              798 	.byte	84
0000007a 09              799 	.byte	9

                                                                      Page 17
                                                              C:\Users\nhuliyap\AppData\Local\Temp\gh_00003q41.s
0000007b 04              800 	.byte	4
0000007c 04              801 	.byte	4
0000007d 04              802 	.byte	4
0000007e 04              803 	.byte	4
0000007f 04              804 	.byte	4
00000080 01              805 	.byte	1
00000081 0e              806 	.byte	14
00000082 50524f445543    807 	.strz	"PRODUCTION_SW 0x0"
00000088 54494f4e5f53 
0000008e 572030783000 
00000094 01              808 	.byte	1
00000095 0f              809 	.byte	15
00000096 444556454c4f    810 	.strz	"DEVELOPMENT_SW 0x1"
0000009c 504d454e545f 
000000a2 535720307831 
000000a8 00 
000000a9 01              811 	.byte	1
000000aa 10              812 	.byte	16
000000ab 53575f434154    813 	.strz	"SW_CATEGORY PRODUCTION_SW"
000000b1 45474f525920 
000000b7 50524f445543 
000000bd 54494f4e5f53 
000000c3 5700 
000000c5 04              814 	.byte	4
000000c6 01              815 	.byte	1
000000c7 08              816 	.byte	8
000000c8 4d41585f5349    817 	.strz	"MAX_SIZE_WS_TELEGRAM 16U"
000000ce 5a455f57535f 
000000d4 54454c454752 
000000da 414d20313655 
000000e0 00 
000000e1 01              818 	.byte	1
000000e2 11              819 	.byte	17
000000e3 4e564d5f424c    820 	.strz	"NVM_BLOCK_TYPE uint32"
000000e9 4f434b5f5459 
000000ef 50452075696e 
000000f5 74333200 
000000f9 04              821 	.byte	4
000000fa 03              822 	.byte	3
000000fb 05              823 	.byte	5
000000fc 0a              824 	.byte	10
000000fd 03              825 	.byte	3
000000fe 06              826 	.byte	6
000000ff 0b              827 	.byte	11
00000100 04              828 	.byte	4
00000101 01              829 	.byte	1
00000102 18              830 	.byte	24
00000103 53454e534f52    831 	.strz	"SENSOR_AUFLOESUNG_25MBAR "
00000109 5f4155464c4f 
0000010f 4553554e475f 
00000115 32354d424152 
0000011b 2000 
0000011d 04              832 	.byte	4
0000011e 03              833 	.byte	3
0000011f 06              834 	.byte	6
00000120 0c              835 	.byte	12
00000121 03              836 	.byte	3
00000122 1b              837 	.byte	27
00000123 0d              838 	.byte	13
00000124 01              839 	.byte	1
00000125 9d01            840 	.byte	157,1

                                                                      Page 18
                                                              C:\Users\nhuliyap\AppData\Local\Temp\gh_00003q41.s
00000127 4650412000      841 	.strz	"FPA "
0000012c 01              842 	.byte	1
0000012d 9f01            843 	.byte	159,1
0000012f 4142535f5465    844 	.strz	"ABS_Test_LOG_ENABLE "
00000135 73745f4c4f47 
0000013b 5f454e41424c 
00000141 452000 
00000144 04              845 	.byte	4
00000145 04              846 	.byte	4
00000146 03              847 	.byte	3
00000147 07              848 	.byte	7
00000148 0e              849 	.byte	14
00000149 04              850 	.byte	4
0000014a 03              851 	.byte	3
0000014b 08              852 	.byte	8
0000014c 0f              853 	.byte	15
0000014d 03              854 	.byte	3
0000014e 06              855 	.byte	6
0000014f 10              856 	.byte	16
00000150 03              857 	.byte	3
00000151 08              858 	.byte	8
00000152 11              859 	.byte	17
00000153 04              860 	.byte	4
00000154 04              861 	.byte	4
00000155 04              862 	.byte	4
00000156 03              863 	.byte	3
00000157 09              864 	.byte	9
00000158 12              865 	.byte	18
00000159 01              866 	.byte	1
0000015a 09              867 	.byte	9
0000015b 634d494e504f    868 	.strz	"cMINPOK 68"
00000161 4b20363800 
00000166 01              869 	.byte	1
00000167 0a              870 	.byte	10
00000168 634d4158504f    871 	.strz	"cMAXPOK 254"
0000016e 4b2032353400 
00000174 04              872 	.byte	4
00000175 04              873 	.byte	4
00000176 00              874 	.byte	0
                         875 	.section	.debug_abbrev
000000d1 00              876 	.byte	0
                         877 	.section	.debug_info
                         878 .Ldw_end:
                         879 .rh850_flags REGMODE32,DATA_ALIGN8,GP_FIX,EP_NONFIX,TP_FIX,REG2_RESERVE,G3K,GHS_MISALIGN,SDA_EXTRA_REGS_0
