                                                                      Page 1
                                                              C:\Users\nhuliyap\AppData\Local\Temp\gh_0000akg1.s
Command Line: C:\ghs\comp_201517\ease850.exe -w -elf -b0 -I../source/common -I../source/ProjectCompiler -I../source/ProjectCfg -I../source/SwcApplTpms -I../source/SwcApplTpms/Intface -I../source/SwcApplEcuM -I../source/SwcServiceEcuM -I../source/SwcServiceNvM -I../source/SwcServiceOs -I../source/SwcServiceStartUp -I../source/McalAdc -I../source/McalDio -I../source/McalGpt -I../source/McalMcu -I../source/McalWdg -I../source/wrappers -I../source/wrappers/McalAta -I../source/McalLin -I../source/McalCan -I../source/wrappers/OS -I../source/McalFls -I../source/EcuabFee -I../source/EcuabMemIf -I../source/wrappers/VStdLib -I../source/wrappers/Crc -I../source/wrappers/FBL_APPL -I../source/wrappers/CAN_MANAGER -I../source/wrappers/NVM_MANAGER -I../source/wrappers/DEM_MANAGER -I../source/wrappers/RDC_MANAGER -I../source/wrappers/ENV_MANAGER -I../source/wrappers/SYS_MANAGER -I../source/wrappers/EcuabCanIf -I../source/wrappers/SwcServiceCanSM -I../source/wrappers/SwcServiceCanTp -I../source/wrappers/SwcServiceCanTp_PreCompile -I../source/wrappers/SwcServiceCom -I../source/wrappers/SwcServiceComM -I../source/wrappers/SwcServiceComStack -I../source/wrappers/SwcServiceDcm -I../source/wrappers/SwcServicePduR -I../source/wrappers/SwcServiceEcuM -I../source/wrappers/Bfx -I../source/wrappers/SwcServiceDem -I../source/SwcServiceDet -I../source/SwcServiceFiM -I../source/wrappers/LibAutosarDiag -I../source/wrappers/rba_BswSrv -I../source/SwcServiceSchM -I../source/wrappers/SwcServiceComM/Integration -I../source/wrappers/SwcServicePduR/Integration -I../source/wrappers/EcuabCanIf/Integration -I../source/wrappers/SwcServiceCom/Integration -I../source/wrappers/SwcServiceCanTp/Integration -I../source/wrappers/SwcServiceEcuM/Integration -I../source/SwcServiceDet/Integration -I../source/wrappers/SwcServiceDcm/Integration -I../source/wrappers/SwcServiceDem/Integration -I../source/SwcServiceFiM/Integration -I../source/wrappers/EcuabCanIf/api -I../source/wrappers/SwcServiceCom/api -I../source/wrappers/SwcServiceComM/api -I../source/wrappers/SwcServicePduR/api -I../source/wrappers/Bfx/api -I../source/SwcServiceDet/api -I../source/SwcServiceFiM/api -I../source/wrappers/LibAutosarDiag/api -I../source/wrappers/rba_BswSrv/api -IC:\ghs\comp_201517\lib\rh850 -cg_underscore -cpu=rh850g3k -no_v850_simd -rh850_fpsimd=none -nomacro -patch_dbo=C:\_ECU2\ECU_Rivian_A1\Target\repo_projects\pRealEcu\cL_LATEST\make\output\objects\CanTp_CallOut.dbo -source=CanTp_CallOut.c -o output\objects\gh_0000akg1.o -list=output\list\CanTp_CallOut.lst C:\Users\nhuliyap\AppData\Local\Temp\gh_0000akg1.s 
Original File: C:\Users\nhuliyap\AppData\Local\Temp\gh_0000akg1.s
Source File: CanTp_CallOut.c
Directory: C:\_ECU2\ECU_Rivian_A1\Target\repo_projects\pRealEcu\cL_LATEST\make
Host OS: Windows
EASE: Copyright (C) 1983-2015 Green Hills Software.  All Rights Reserved.
Release: Compiler v2015.1.7
Build Directory: [Directory] BTOWORKER6:c:/build_2015_1_bto/2015-10-21.2100-2015_1_bto/win32-comp-ecom
Revision: [VCInfo] http://toolsvc/branches/release-branch-70-bto/src@544153 (built by build)
Revision Date: Thu Oct 22 07:50:13 2015

Release Date: Thu Oct 22 09:32:32 2015

                           1 --Driver Command: ccv850
                           2 --		../source/wrappers/SwcServiceCanTp/Integration/CanTp_CallOut.c
                           3 --		-cpu=rh850 -fhard -ignore_callt_state_in_interrupts -large_sda
                           4 --		-misalign_pack -nofarcalls -nofloatio -no_callt -Ogeneral
                           5 --		-Onounroll -prepare_dispose -registermode=32 -reserve_r2 -sda=0
                           6 --		-shorten_loads -Wshadow --brief_diagnostics --no_commons
                           7 --		--no_wrap_diagnostics --prototype_errors --short_enum -list -G
                           8 --		-dual_debug -dwarf -X5523 -lnk=-no_xda_modifications -D
                           9 --		NOT_READY_FOR_TESTING_OR_DEPLOYMENT -D IBTCM_SW_ANPASSUNGEN -D
                          10 --		BUILD_LORDSTOWN -c -inline_prologue -I../source/common
                          11 --		-I../source/ProjectCompiler -I../source/ProjectCfg
                          12 --		-I../source/SwcApplTpms -I../source/SwcApplTpms/Intface
                          13 --		-I../source/SwcApplEcuM -I../source/SwcServiceEcuM
                          14 --		-I../source/SwcServiceNvM -I../source/SwcServiceOs
                          15 --		-I../source/SwcServiceStartUp -I../source/McalAdc
                          16 --		-I../source/McalDio -I../source/McalGpt -I../source/McalMcu
                          17 --		-I../source/McalWdg -I../source/wrappers
                          18 --		-I../source/wrappers/McalAta -I../source/McalLin
                          19 --		-I../source/McalCan -I../source/wrappers/OS -I../source/McalFls
                          20 --		-I../source/EcuabFee -I../source/EcuabMemIf
                          21 --		-I../source/wrappers/VStdLib -I../source/wrappers
                          22 --		-I../source/wrappers/Crc -I../source/wrappers/FBL_APPL
                          23 --		-I../source/wrappers/CAN_MANAGER -I../source/wrappers/NVM_MANAGER
                          24 --		-I../source/wrappers/DEM_MANAGER -I../source/wrappers/RDC_MANAGER
                          25 --		-I../source/wrappers/ENV_MANAGER -I../source/wrappers/SYS_MANAGER
                          26 --		-I../source/wrappers/EcuabCanIf
                          27 --		-I../source/wrappers/SwcServiceCanSM
                          28 --		-I../source/wrappers/SwcServiceCanTp
                          29 --		-I../source/wrappers/SwcServiceCanTp_PreCompile
                          30 --		-I../source/wrappers/SwcServiceCom
                          31 --		-I../source/wrappers/SwcServiceComM
                          32 --		-I../source/wrappers/SwcServiceComStack
                          33 --		-I../source/wrappers/SwcServiceDcm
                          34 --		-I../source/wrappers/SwcServicePduR
                          35 --		-I../source/wrappers/SwcServiceEcuM -I../source/wrappers/Bfx
                          36 --		-I../source/wrappers/SwcServiceDem -I../source/SwcServiceDet
                          37 --		-I../source/SwcServiceFiM -I../source/wrappers/LibAutosarDiag
                          38 --		-I../source/wrappers/rba_BswSrv -I../source/SwcServiceSchM
                          39 --		-I../source/wrappers/SwcServiceComM/Integration
                          40 --		-I../source/wrappers/SwcServicePduR/Integration
                          41 --		-I../source/wrappers/EcuabCanIf/Integration
                          42 --		-I../source/wrappers/SwcServiceCom/Integration
                          43 --		-I../source/wrappers/SwcServiceCanTp/Integration
                          44 --		-I../source/wrappers/SwcServiceEcuM/Integration
                          45 --		-I../source/SwcServiceDet/Integration
                          46 --		-I../source/wrappers/SwcServiceDcm/Integration
                          47 --		-I../source/wrappers/SwcServiceDem/Integration
                          48 --		-I../source/SwcServiceFiM/Integration
                          49 --		-I../source/wrappers/EcuabCanIf/api
                          50 --		-I../source/wrappers/SwcServiceCom/api

                                                                      Page 2
                                                              C:\Users\nhuliyap\AppData\Local\Temp\gh_0000akg1.s
                          51 --		-I../source/wrappers/SwcServiceComM/api
                          52 --		-I../source/wrappers/SwcServicePduR/api
                          53 --		-I../source/wrappers/Bfx/api -I../source/SwcServiceDet/api
                          54 --		-I../source/SwcServiceFiM/api
                          55 --		-I../source/wrappers/LibAutosarDiag/api
                          56 --		-I../source/wrappers/rba_BswSrv/api -object_dir=output/objects
                          57 --		-list_dir=output/list
                          58 --Source File:   ../source/wrappers/SwcServiceCanTp/Integration/CanTp_CallOut.c
                          59 --Directory:     
                          60 --		C:\_ECU2\ECU_Rivian_A1\Target\repo_projects\pRealEcu\cL_LATEST\make
                          61 --Compile Date:  Wed Sep 06 09:36:22 2023
                          62 --Host OS:       Win32
                          63 --Version:       C-RH850 2015.1.7 RELEASE VERSION
                          64 --Release:       Compiler v2015.1.7
                          65 --Revision Date: Thu Oct 22 08:06:12 2015
                          66 --Release Date:  Thu Oct 22 09:34:32 2015
                          67 -- ecom  -g -w -OM
                          68 	.text
                          69 ..bof.C.3A.5C_ECU2.5CECU_Rivian_A1.5CTarget.5Crepo_projects.5CpRealEcu.5CcL_LATEST.5Cmake.5Coutput.5Cobjects.5CCanTp_CallOut...43.3A.5C_ECU2.5CECU_Rivian_A1.5CTarget.5Crepo_projects.5CpRealEcu.5CcL_LATEST.5Cmake..64F82BF6..0::
                          70 	.align	2
                          71 ..gh.f.f.1.e.0:
                          72 	.type	..gh.f.f.1.e.0,@object
                          73 	.size	..gh.f.f.1.e.0,0
                          74 	.global	_CanTp_XX_YY_ExternalFdSupportCallback
                          75 _CanTp_XX_YY_ExternalFdSupportCallback:
                          76 --	    .bf
                          77 .LDW01:
00000000 0052             78 	mov	0,r10
                          79 --	    .ef
                          80 .LDW11:
00000002 7f00             81 	jmp	[lp]
                          82 	.global	___ghs_eofn_CanTp_XX_YY_ExternalFdSupportCallback
                          83 ___ghs_eofn_CanTp_XX_YY_ExternalFdSupportCallback:
                          84 	.type	_CanTp_XX_YY_ExternalFdSupportCallback,@function
                          85 	.size	_CanTp_XX_YY_ExternalFdSupportCallback,.-_CanTp_XX_YY_ExternalFdSupportCallback
                          86 	.align	2
                          87 
                          88 --_RxPduId	none	param
                          89 --_PduInfoPtr	none	param
                          90 --_FdEnabled	none	param
                          91 
                          92 	.section ".bss","awb"
                          93 .L33:
                          94 	.type	.L33,@object
                          95 	.size	.L33,0
                          96 	.data
                          97 	.text
                          98 	.align	2
                          99 
                         100 	.data
                         101 	.ghsnote version,17
                         102 	.ghsnote tools,3
                         103 	.ghsnote options,144
                         104 	.text
                         105 	.align	2
                         106 ..eof.C.3A.5C_ECU2.5CECU_Rivian_A1.5CTarget.5Crepo_projects.5CpRealEcu.5CcL_LATEST.5Cmake.5Coutput.5Cobjects.5CCanTp_CallOut...43.3A.5C_ECU2.5CECU_Rivian_A1.5CTarget.5Crepo_projects.5CpRealEcu.5CcL_LATEST.5Cmake..64F82BF6..0::
                         107 	.section	.debug_info
                         108 .Ldw_begin:
00000000 5d020000        109 	.word	.Ldw_end-.Ldw_begin-4
00000004 0200            110 	.byte	2,0
00000006 00000000*       111 	.word	.Ldw_abbr_begin

                                                                      Page 3
                                                              C:\Users\nhuliyap\AppData\Local\Temp\gh_0000akg1.s
0000000a 04              112 	.byte	4
                         113 	.section	.debug_abbrev
                         114 .Ldw_abbr_begin:
                         115 	.section	.debug_info
0000000b 01              116 	.byte	1
0000000c 00000000*       117 	.word	..bof.C.3A.5C_ECU2.5CECU_Rivian_A1.5CTarget.5Crepo_projects.5CpRealEcu.5CcL_LATEST.5Cmake.5Coutput.5Cobjects.5CCanTp_CallOut...43.3A.5C_ECU2.5CECU_Rivian_A1.5CTarget.5Crepo_projects.5CpRealEcu.5CcL_LATEST.5Cmake..64F82BF6..0
00000010 00000000*       118 	.word	..eof.C.3A.5C_ECU2.5CECU_Rivian_A1.5CTarget.5Crepo_projects.5CpRealEcu.5CcL_LATEST.5Cmake.5Coutput.5Cobjects.5CCanTp_CallOut...43.3A.5C_ECU2.5CECU_Rivian_A1.5CTarget.5Crepo_projects.5CpRealEcu.5CcL_LATEST.5Cmake..64F82BF6..0
00000014 2e2e2f736f75    119 	.strz	"../source/wrappers/SwcServiceCanTp/Integration/CanTp_CallOut.c"
0000001a 7263652f7772 
00000020 617070657273 
00000026 2f5377635365 
0000002c 727669636543 
00000032 616e54702f49 
00000038 6e7465677261 
0000003e 74696f6e2f43 
00000044 616e54705f43 
0000004a 616c6c4f7574 
00000050 2e6300 
00000053 433a5c5f4543    120 	.strz	"C:\\_ECU2\\ECU_Rivian_A1\\Target\\repo_projects\\pRealEcu\\cL_LATEST\\make"
00000059 55325c454355 
0000005f 5f5269766961 
00000065 6e5f41315c54 
0000006b 61726765745c 
00000071 7265706f5f70 
00000077 726f6a656374 
0000007d 735c70526561 
00000083 6c4563755c63 
00000089 4c5f4c415445 
0000008f 53545c6d616b 
00000095 6500 
00000097 474853204320    121 	.strz	"GHS C 2015.1.7 [dual]"
0000009d 323031352e31 
000000a3 2e37205b6475 
000000a9 616c5d00 
000000ad 0100            122 	.byte	1,0
000000af 00000000*       123 	.word	.Ldw_line_begin
000000b3 00000000*       124 	.word	.Ldw_macinfo_begin
000000b7 00              125 	.byte	0
                         126 
                         127 	.section	.debug_abbrev
00000000 01              128 	.byte	1
00000001 11              129 	.byte	17
00000002 01              130 	.byte	1
00000003 1101            131 	.byte	17,1
00000005 1201            132 	.byte	18,1
00000007 0308            133 	.byte	3,8
00000009 1b08            134 	.byte	27,8
0000000b 2508            135 	.byte	37,8
0000000d 1305            136 	.byte	19,5
0000000f 1006            137 	.byte	16,6
00000011 4306            138 	.byte	67,6
00000013 420b            139 	.byte	66,11
00000015 0000            140 	.byte	0,0
                         141 
                         142 	.section	.debug_line
                         143 .Ldw_line_begin:
00000000 f3020000        144 	.word	.Ldw_line_end-.Ldw_line_begin-4
00000004 0200            145 	.byte	2,0
00000006 00000000*       146 	.word	.Ldw_lpro_end-.Ldw_lpro_begin
                         147 .Ldw_lpro_begin:
0000000a 01              148 	.byte	1

                                                                      Page 4
                                                              C:\Users\nhuliyap\AppData\Local\Temp\gh_0000akg1.s
0000000b 00              149 	.byte	0
0000000c 00              150 	.byte	0
0000000d 04              151 	.byte	4
0000000e 0a              152 	.byte	10
0000000f 000101          153 	.byte	0,1,1
00000012 010100          154 	.byte	1,1,0
00000015 000001          155 	.byte	0,0,1
00000018 00              156 	.byte	0
00000019 2e2e2f736f75    157 	.strz	"../source/wrappers/SwcServiceCanTp/Integration/CanTp_CallOut.c"
0000001f 7263652f7772 
00000025 617070657273 
0000002b 2f5377635365 
00000031 727669636543 
00000037 616e54702f49 
0000003d 6e7465677261 
00000043 74696f6e2f43 
00000049 616e54705f43 
0000004f 616c6c4f7574 
00000055 2e6300 
00000058 000000          158 	.byte	0,0,0
0000005b 2e2e2f736f75    159 	.strz	"../source/common/Std_Types.hpp"
00000061 7263652f636f 
00000067 6d6d6f6e2f53 
0000006d 74645f547970 
00000073 65732e687070 
00000079 00 
0000007a 000000          160 	.byte	0,0,0
0000007d 2e2e2f736f75    161 	.strz	"../source/common/Platform_Types.hpp"
00000083 7263652f636f 
00000089 6d6d6f6e2f50 
0000008f 6c6174666f72 
00000095 6d5f54797065 
0000009b 732e68707000 
000000a1 000000          162 	.byte	0,0,0
000000a4 2e2e2f736f75    163 	.strz	"../source/common/Compiler.hpp"
000000aa 7263652f636f 
000000b0 6d6d6f6e2f43 
000000b6 6f6d70696c65 
000000bc 722e68707000 
000000c2 000000          164 	.byte	0,0,0
000000c5 2e2e2f736f75    165 	.strz	"../source/ProjectCompiler/Compiler_Cfg.hpp"
000000cb 7263652f5072 
000000d1 6f6a65637443 
000000d7 6f6d70696c65 
000000dd 722f436f6d70 
000000e3 696c65725f43 
000000e9 66672e687070 
000000ef 00 
000000f0 000000          166 	.byte	0,0,0
000000f3 2e2e2f736f75    167 	.strz	"../source/ProjectCompiler/CompilerCfg_SwcServiceOs.hpp"
000000f9 7263652f5072 
000000ff 6f6a65637443 
00000105 6f6d70696c65 
0000010b 722f436f6d70 
00000111 696c65724366 
00000117 675f53776353 
0000011d 657276696365 
00000123 4f732e687070 
00000129 00 
0000012a 000000          168 	.byte	0,0,0
0000012d 2e2e2f736f75    169 	.strz	"../source/wrappers/SwcServiceComStack/ComStack_Types.hpp"

                                                                      Page 5
                                                              C:\Users\nhuliyap\AppData\Local\Temp\gh_0000akg1.s
00000133 7263652f7772 
00000139 617070657273 
0000013f 2f5377635365 
00000145 727669636543 
0000014b 6f6d53746163 
00000151 6b2f436f6d53 
00000157 7461636b5f54 
0000015d 797065732e68 
00000163 707000 
00000166 000000          170 	.byte	0,0,0
00000169 2e2e2f736f75    171 	.strz	"../source/ProjectCfg/ComStack_Cfg.hpp"
0000016f 7263652f5072 
00000175 6f6a65637443 
0000017b 66672f436f6d 
00000181 537461636b5f 
00000187 4366672e6870 
0000018d 7000 
0000018f 000000          172 	.byte	0,0,0
00000192 2e2e2f736f75    173 	.strz	"../source/wrappers/SwcServiceCanTp/CanTp.hpp"
00000198 7263652f7772 
0000019e 617070657273 
000001a4 2f5377635365 
000001aa 727669636543 
000001b0 616e54702f43 
000001b6 616e54702e68 
000001bc 707000 
000001bf 000000          174 	.byte	0,0,0
000001c2 2e2e2f736f75    175 	.strz	"../source/ProjectCfg/CanTp_Cfg.hpp"
000001c8 7263652f5072 
000001ce 6f6a65637443 
000001d4 66672f43616e 
000001da 54705f436667 
000001e0 2e68707000 
000001e5 000000          176 	.byte	0,0,0
000001e8 2e2e2f736f75    177 	.strz	"../source/ProjectCfg/CfgSwcServiceCanTp.hpp"
000001ee 7263652f5072 
000001f4 6f6a65637443 
000001fa 66672f436667 
00000200 537763536572 
00000206 766963654361 
0000020c 6e54702e6870 
00000212 7000 
00000214 000000          178 	.byte	0,0,0
00000217 2e2e2f736f75    179 	.strz	"../source/wrappers/SwcServiceCanTp_PreCompile/CanTp_Types.hpp"
0000021d 7263652f7772 
00000223 617070657273 
00000229 2f5377635365 
0000022f 727669636543 
00000235 616e54705f50 
0000023b 7265436f6d70 
00000241 696c652f4361 
00000247 6e54705f5479 
0000024d 7065732e6870 
00000253 7000 
00000255 000000          180 	.byte	0,0,0
00000258 2e2e2f736f75    181 	.strz	"../source/ProjectCompiler/CanTp_MemMap.hpp"
0000025e 7263652f5072 
00000264 6f6a65637443 
0000026a 6f6d70696c65 
00000270 722f43616e54 
00000276 705f4d656d4d 

                                                                      Page 6
                                                              C:\Users\nhuliyap\AppData\Local\Temp\gh_0000akg1.s
0000027c 61702e687070 
00000282 00 
00000283 000000          182 	.byte	0,0,0
00000286 2e2e2f736f75    183 	.strz	"../source/ProjectCompiler/Bsw_MemMap.hpp"
0000028c 7263652f5072 
00000292 6f6a65637443 
00000298 6f6d70696c65 
0000029e 722f4273775f 
000002a4 4d656d4d6170 
000002aa 2e68707000 
000002af 000000          184 	.byte	0,0,0
000002b2 2e2e2f736f75    185 	.strz	"../source/ProjectCompiler/MemMap_Common.hpp"
000002b8 7263652f5072 
000002be 6f6a65637443 
000002c4 6f6d70696c65 
000002ca 722f4d656d4d 
000002d0 61705f436f6d 
000002d6 6d6f6e2e6870 
000002dc 7000 
000002de 000000          186 	.byte	0,0,0
000002e1 00              187 	.byte	0
                         188 .Ldw_lpro_end:
                         189 	.section	.debug_macinfo
                         190 .Ldw_macinfo_begin:
                         191 	.section	.debug_frame
                         192 .LDW_4b5ff18:
00000000 00000000*       193 	.word	.LDW_unq_2-.LDW_unq_1
                         194 .LDW_unq_1:
00000004 ffffffff        195 	.byte	255,255,255,255
00000008 01              196 	.byte	1
00000009 00              197 	.byte	0
0000000a 01              198 	.byte	1
0000000b 01              199 	.byte	1
0000000c 1f              200 	.byte	31
0000000d 0c              201 	.byte	12
0000000e 03              202 	.byte	3
0000000f 00              203 	.byte	0
00000010 07              204 	.byte	7
00000011 00              205 	.byte	0
00000012 07              206 	.byte	7
00000013 01              207 	.byte	1
00000014 07              208 	.byte	7
00000015 02              209 	.byte	2
00000016 07              210 	.byte	7
00000017 03              211 	.byte	3
00000018 07              212 	.byte	7
00000019 04              213 	.byte	4
0000001a 07              214 	.byte	7
0000001b 05              215 	.byte	5
0000001c 07              216 	.byte	7
0000001d 06              217 	.byte	6
0000001e 07              218 	.byte	7
0000001f 07              219 	.byte	7
00000020 07              220 	.byte	7
00000021 08              221 	.byte	8
00000022 07              222 	.byte	7
00000023 09              223 	.byte	9
00000024 07              224 	.byte	7
00000025 0a              225 	.byte	10
00000026 07              226 	.byte	7
00000027 0b              227 	.byte	11

                                                                      Page 7
                                                              C:\Users\nhuliyap\AppData\Local\Temp\gh_0000akg1.s
00000028 07              228 	.byte	7
00000029 0c              229 	.byte	12
0000002a 07              230 	.byte	7
0000002b 0d              231 	.byte	13
0000002c 07              232 	.byte	7
0000002d 0e              233 	.byte	14
0000002e 07              234 	.byte	7
0000002f 0f              235 	.byte	15
00000030 07              236 	.byte	7
00000031 10              237 	.byte	16
00000032 07              238 	.byte	7
00000033 11              239 	.byte	17
00000034 07              240 	.byte	7
00000035 12              241 	.byte	18
00000036 07              242 	.byte	7
00000037 13              243 	.byte	19
00000038 08              244 	.byte	8
00000039 14              245 	.byte	20
0000003a 08              246 	.byte	8
0000003b 15              247 	.byte	21
0000003c 08              248 	.byte	8
0000003d 16              249 	.byte	22
0000003e 08              250 	.byte	8
0000003f 17              251 	.byte	23
00000040 08              252 	.byte	8
00000041 18              253 	.byte	24
00000042 08              254 	.byte	8
00000043 19              255 	.byte	25
00000044 08              256 	.byte	8
00000045 1a              257 	.byte	26
00000046 08              258 	.byte	8
00000047 1b              259 	.byte	27
00000048 08              260 	.byte	8
00000049 1c              261 	.byte	28
0000004a 08              262 	.byte	8
0000004b 1d              263 	.byte	29
0000004c 07              264 	.byte	7
0000004d 1e              265 	.byte	30
0000004e 08              266 	.byte	8
0000004f 1f              267 	.byte	31
00000050 07              268 	.byte	7
00000051 20              269 	.byte	32
00000052 07              270 	.byte	7
00000053 21              271 	.byte	33
00000054 07              272 	.byte	7
00000055 22              273 	.byte	34
00000056 07              274 	.byte	7
00000057 23              275 	.byte	35
00000058 07              276 	.byte	7
00000059 24              277 	.byte	36
0000005a 07              278 	.byte	7
0000005b 25              279 	.byte	37
0000005c 07              280 	.byte	7
0000005d 26              281 	.byte	38
0000005e 07              282 	.byte	7
0000005f 27              283 	.byte	39
00000060 07              284 	.byte	7
00000061 28              285 	.byte	40
00000062 07              286 	.byte	7
00000063 29              287 	.byte	41
00000064 07              288 	.byte	7

                                                                      Page 8
                                                              C:\Users\nhuliyap\AppData\Local\Temp\gh_0000akg1.s
00000065 2a              289 	.byte	42
00000066 07              290 	.byte	7
00000067 2b              291 	.byte	43
00000068 07              292 	.byte	7
00000069 2c              293 	.byte	44
0000006a 07              294 	.byte	7
0000006b 2d              295 	.byte	45
0000006c 07              296 	.byte	7
0000006d 2e              297 	.byte	46
0000006e 07              298 	.byte	7
0000006f 2f              299 	.byte	47
00000070 07              300 	.byte	7
00000071 30              301 	.byte	48
00000072 07              302 	.byte	7
00000073 31              303 	.byte	49
00000074 07              304 	.byte	7
00000075 32              305 	.byte	50
00000076 07              306 	.byte	7
00000077 33              307 	.byte	51
00000078 07              308 	.byte	7
00000079 34              309 	.byte	52
0000007a 07              310 	.byte	7
0000007b 35              311 	.byte	53
0000007c 07              312 	.byte	7
0000007d 36              313 	.byte	54
0000007e 07              314 	.byte	7
0000007f 37              315 	.byte	55
00000080 07              316 	.byte	7
00000081 38              317 	.byte	56
00000082 07              318 	.byte	7
00000083 39              319 	.byte	57
00000084 07              320 	.byte	7
00000085 3a              321 	.byte	58
00000086 07              322 	.byte	7
00000087 3b              323 	.byte	59
00000088 07              324 	.byte	7
00000089 3c              325 	.byte	60
0000008a 07              326 	.byte	7
0000008b 3d              327 	.byte	61
0000008c 07              328 	.byte	7
0000008d 3e              329 	.byte	62
0000008e 07              330 	.byte	7
0000008f 3f              331 	.byte	63
                         332 .LDW_unq_2:
                         333 	.section	.debug_info
                         334 .LDW_48c7068:
000000b8 25              335 	.byte	37
000000b9 756e7369676e    336 	.strz	"unsigned char"
000000bf 656420636861 
000000c5 7200 
000000c7 08              337 	.byte	8
000000c8 01              338 	.byte	1
                         339 
                         340 	.section	.debug_abbrev
00000017 25              341 	.byte	37
00000018 24              342 	.byte	36
00000019 00              343 	.byte	0
0000001a 0308            344 	.byte	3,8
0000001c 3e0b            345 	.byte	62,11
0000001e 0b0b            346 	.byte	11,11
00000020 0000            347 	.byte	0,0

                                                                      Page 9
                                                              C:\Users\nhuliyap\AppData\Local\Temp\gh_0000akg1.s
                         348 
                         349 	.section	.debug_info
                         350 .LDW_48c6f18:
000000c9 25              351 	.byte	37
000000ca 756e7369676e    352 	.strz	"unsigned short"
000000d0 65642073686f 
000000d6 727400 
000000d9 07              353 	.byte	7
000000da 02              354 	.byte	2
                         355 
                         356 .LDW_4b567c0:
000000db 29              357 	.byte	41
000000dc 00000000*       358 	.word	.LDW_4b56768
                         359 
                         360 	.section	.debug_abbrev
00000022 29              361 	.byte	41
00000023 26              362 	.byte	38
00000024 00              363 	.byte	0
00000025 4910            364 	.byte	73,16
00000027 0000            365 	.byte	0,0
                         366 
                         367 	.section	.debug_info
                         368 .LDW_48c71f0:
000000e0 2f              369 	.byte	47
000000e1 00000000*       370 	.word	.LDW_4b567c0
                         371 
                         372 	.section	.debug_abbrev
00000029 2f              373 	.byte	47
0000002a 0f              374 	.byte	15
0000002b 00              375 	.byte	0
0000002c 4910            376 	.byte	73,16
0000002e 0000            377 	.byte	0,0
                         378 
                         379 	.section	.debug_info
                         380 .LDW_4b56870:
000000e5 29              381 	.byte	41
000000e6 00000000*       382 	.word	.LDW_4b56818
                         383 
                         384 .LDW_48c70d8:
000000ea 44              385 	.byte	68
000000eb 00000000*       386 	.word	.LDW_4b56608
000000ef 01              387 	.byte	1
                         388 
                         389 	.section	.debug_abbrev
00000030 44              390 	.byte	68
00000031 15              391 	.byte	21
00000032 01              392 	.byte	1
00000033 4910            393 	.byte	73,16
00000035 270c            394 	.byte	39,12
00000037 0000            395 	.byte	0,0
                         396 
                         397 	.section	.debug_info
                         398 .LDW_490b810:
000000f0 12              399 	.byte	18
000000f1 00000000*       400 	.word	.LDW_4b566b8
000000f5 00              401 	.byte	0
                         402 
                         403 	.section	.debug_abbrev
00000039 12              404 	.byte	18
0000003a 05              405 	.byte	5
0000003b 00              406 	.byte	0

                                                                      Page 10
                                                              C:\Users\nhuliyap\AppData\Local\Temp\gh_0000akg1.s
0000003c 4910            407 	.byte	73,16
0000003e 4b0c            408 	.byte	75,12
00000040 0000            409 	.byte	0,0
                         410 
                         411 	.section	.debug_info
                         412 .LDW_490b3f0:
000000f6 12              413 	.byte	18
000000f7 00000000*       414 	.word	.LDW_48c71f0
000000fb 00              415 	.byte	0
                         416 
                         417 .LDW_490b5d0:
000000fc 12              418 	.byte	18
000000fd 00000000*       419 	.word	.LDW_4b56870
00000101 00              420 	.byte	0
                         421 
00000102 00              422 	.byte	0
                         423 
                         424 .LDW_48c74c8:
00000103 2f              425 	.byte	47
00000104 00000000*       426 	.word	.LDW_48dc048
                         427 
                         428 .LDW_4b56818:
00000108 28              429 	.byte	40
00000109 626f6f6c6561    430 	.strz	"boolean"
0000010f 6e00 
00000111 4e              431 	.byte	78
00000112 49              432 	.byte	73
00000113 03              433 	.byte	3
00000114 00000000*       434 	.word	.LDW_48c7068
                         435 
                         436 	.section	.debug_abbrev
00000042 28              437 	.byte	40
00000043 16              438 	.byte	22
00000044 00              439 	.byte	0
00000045 0308            440 	.byte	3,8
00000047 3b0f            441 	.byte	59,15
00000049 390f            442 	.byte	57,15
0000004b 3a0f            443 	.byte	58,15
0000004d 4910            444 	.byte	73,16
0000004f 0000            445 	.byte	0,0
                         446 
                         447 	.section	.debug_info
                         448 .LDW_48dc048:
00000118 28              449 	.byte	40
00000119 75696e743800    450 	.strz	"uint8"
0000011f 50              451 	.byte	80
00000120 4b              452 	.byte	75
00000121 03              453 	.byte	3
00000122 00000000*       454 	.word	.LDW_48c7068
                         455 
                         456 .LDW_4b56660:
00000126 28              457 	.byte	40
00000127 75696e743136    458 	.strz	"uint16"
0000012d 00 
0000012e 52              459 	.byte	82
0000012f 4a              460 	.byte	74
00000130 03              461 	.byte	3
00000131 00000000*       462 	.word	.LDW_48c6f18
                         463 
                         464 .LDW_4b56608:
00000135 28              465 	.byte	40

                                                                      Page 11
                                                              C:\Users\nhuliyap\AppData\Local\Temp\gh_0000akg1.s
00000136 5374645f5265    466 	.strz	"Std_ReturnType"
0000013c 7475726e5479 
00000142 706500 
00000145 4e              467 	.byte	78
00000146 0f              468 	.byte	15
00000147 02              469 	.byte	2
00000148 00000000*       470 	.word	.LDW_48dc048
                         471 
                         472 .LDW_4b566b8:
0000014c 28              473 	.byte	40
0000014d 506475496454    474 	.strz	"PduIdType"
00000153 79706500 
00000157 27              475 	.byte	39
00000158 10              476 	.byte	16
00000159 08              477 	.byte	8
0000015a 00000000*       478 	.word	.LDW_4b56660
                         479 
                         480 .LDW_4b30078:
0000015e 28              481 	.byte	40
0000015f 5064754c656e    482 	.strz	"PduLengthType"
00000165 677468547970 
0000016b 6500 
0000016d 28              483 	.byte	40
0000016e 10              484 	.byte	16
0000016f 08              485 	.byte	8
00000170 00000000*       486 	.word	.LDW_4b56660
                         487 
                         488 .LDW_4b56710:
00000174 41              489 	.byte	65
00000175 22              490 	.byte	34
00000176 0f              491 	.byte	15
00000177 07              492 	.byte	7
00000178 0c              493 	.byte	12
00000179 01              494 	.byte	1
                         495 
                         496 	.section	.debug_abbrev
00000051 41              497 	.byte	65
00000052 13              498 	.byte	19
00000053 01              499 	.byte	1
00000054 3b0f            500 	.byte	59,15
00000056 390f            501 	.byte	57,15
00000058 3a0f            502 	.byte	58,15
0000005a 0b0f            503 	.byte	11,15
0000005c 320b            504 	.byte	50,11
0000005e 0000            505 	.byte	0,0
                         506 
                         507 	.section	.debug_info
                         508 .LDW_4b54da0:
0000017a 23              509 	.byte	35
0000017b 536475446174    510 	.strz	"SduDataPtr"
00000181 6150747200 
00000186 23              511 	.byte	35
00000187 32              512 	.byte	50
00000188 07              513 	.byte	7
00000189 00000000*       514 	.word	.LDW_48c74c8
0000018d 0223            515 	.byte	2,35
0000018f 00              516 	.byte	0
00000190 01              517 	.byte	1
                         518 
                         519 	.section	.debug_abbrev
00000060 23              520 	.byte	35

                                                                      Page 12
                                                              C:\Users\nhuliyap\AppData\Local\Temp\gh_0000akg1.s
00000061 0d              521 	.byte	13
00000062 00              522 	.byte	0
00000063 0308            523 	.byte	3,8
00000065 3b0f            524 	.byte	59,15
00000067 390f            525 	.byte	57,15
00000069 3a0f            526 	.byte	58,15
0000006b 4910            527 	.byte	73,16
0000006d 380a            528 	.byte	56,10
0000006f 320b            529 	.byte	50,11
00000071 0000            530 	.byte	0,0
                         531 
                         532 	.section	.debug_info
                         533 .LDW_4b54cc8:
00000191 23              534 	.byte	35
00000192 4d6574614461    535 	.strz	"MetaDataPtr"
00000198 746150747200 
0000019e 24              536 	.byte	36
0000019f 32              537 	.byte	50
000001a0 07              538 	.byte	7
000001a1 00000000*       539 	.word	.LDW_48c74c8
000001a5 0223            540 	.byte	2,35
000001a7 04              541 	.byte	4
000001a8 01              542 	.byte	1
                         543 
                         544 .LDW_4b55028:
000001a9 23              545 	.byte	35
000001aa 5364754c656e    546 	.strz	"SduLength"
000001b0 67746800 
000001b4 25              547 	.byte	37
000001b5 12              548 	.byte	18
000001b6 07              549 	.byte	7
000001b7 00000000*       550 	.word	.LDW_4b30078
000001bb 0223            551 	.byte	2,35
000001bd 08              552 	.byte	8
000001be 01              553 	.byte	1
                         554 
000001bf 00              555 	.byte	0
                         556 
                         557 .LDW_4b56768:
000001c0 28              558 	.byte	40
000001c1 506475496e66    559 	.strz	"PduInfoType"
000001c7 6f5479706500 
000001cd 26              560 	.byte	38
000001ce 02              561 	.byte	2
000001cf 07              562 	.byte	7
000001d0 00000000*       563 	.word	.LDW_4b56710
                         564 
                         565 .LDW_4b568c8:
000001d4 14              566 	.byte	20
000001d5 43616e54705f    567 	.strz	"CanTp_XX_YY_ExternalFdSupportCallback"
000001db 58585f59595f 
000001e1 45787465726e 
000001e7 616c46645375 
000001ed 70706f727443 
000001f3 616c6c626163 
000001f9 6b00 
000001fb 0c              568 	.byte	12
000001fc 10              569 	.byte	16
000001fd 01              570 	.byte	1
000001fe 00000000*       571 	.word	.LDW_4b56608
00000202 00000000*       572 	.word	_CanTp_XX_YY_ExternalFdSupportCallback

                                                                      Page 13
                                                              C:\Users\nhuliyap\AppData\Local\Temp\gh_0000akg1.s
00000206 00000000*       573 	.word	___ghs_eofn_CanTp_XX_YY_ExternalFdSupportCallback
0000020a 0153            574 	.byte	1,83
0000020c 02              575 	.byte	2
0000020d 00              576 	.byte	0
0000020e 02              577 	.byte	2
0000020f 00              578 	.byte	0
00000210 00              579 	.byte	0
00000211 00              580 	.byte	0
00000212 00              581 	.byte	0
00000213 01              582 	.byte	1
00000214 01              583 	.byte	1
00000215 00              584 	.byte	0
00000216 01              585 	.byte	1
                         586 
                         587 	.section	.debug_abbrev
00000073 14              588 	.byte	20
00000074 2e              589 	.byte	46
00000075 01              590 	.byte	1
00000076 0308            591 	.byte	3,8
00000078 3b0f            592 	.byte	59,15
0000007a 390f            593 	.byte	57,15
0000007c 3a0f            594 	.byte	58,15
0000007e 4910            595 	.byte	73,16
00000080 1101            596 	.byte	17,1
00000082 1201            597 	.byte	18,1
00000084 400a            598 	.byte	64,10
00000086 8341            599 	.byte	131,65
00000088 0f              600 	.byte	15
00000089 8741            601 	.byte	135,65
0000008b 0d              602 	.byte	13
0000008c 8541            603 	.byte	133,65
0000008e 0f              604 	.byte	15
0000008f 8641            605 	.byte	134,65
00000091 0d              606 	.byte	13
00000092 9241            607 	.byte	146,65
00000094 0f              608 	.byte	15
00000095 3c0c            609 	.byte	60,12
00000097 200b            610 	.byte	32,11
00000099 3f0c            611 	.byte	63,12
0000009b 320b            612 	.byte	50,11
0000009d 4c0b            613 	.byte	76,11
0000009f 270c            614 	.byte	39,12
000000a1 0000            615 	.byte	0,0
                         616 
                         617 	.section	.debug_frame
                         618 .LDW_4b61d30:
00000090 00000000*       619 	.word	.LDW_unq_4-.LDW_unq_3
                         620 .LDW_unq_3:
00000094 00000000*       621 	.word	.LDW_4b5ff18
00000098 00000000*       622 	.word	_CanTp_XX_YY_ExternalFdSupportCallback
0000009c 00000000*       623 	.word	___ghs_eofn_CanTp_XX_YY_ExternalFdSupportCallback-_CanTp_XX_YY_ExternalFdSupportCallback
000000a0 01              624 	.byte	1
000000a1 00000000*       625 	.word	.LDW11
000000a5 00              626 	.byte	0
000000a6 00              627 	.byte	0
000000a7 00              628 	.byte	0
                         629 .LDW_unq_4:
                         630 	.section	.debug_line
000002e2 000502          631 	.byte	0,5,2
000002e5 00000000*       632 	.word	_CanTp_XX_YY_ExternalFdSupportCallback
000002e9 06              633 	.byte	6

                                                                      Page 14
                                                              C:\Users\nhuliyap\AppData\Local\Temp\gh_0000akg1.s
000002ea 03              634 	.byte	3
000002eb 12              635 	.byte	18
000002ec 02              636 	.byte	2
000002ed 00              637 	.byte	0
000002ee 01              638 	.byte	1
000002ef 06              639 	.byte	6
000002f0 02              640 	.byte	2
000002f1 02              641 	.byte	2
000002f2 02              642 	.byte	2
000002f3 02              643 	.byte	2
000002f4 000101          644 	.byte	0,1,1
                         645 	.section	.debug_info
                         646 .LDW_4b56960:
00000217 0f              647 	.byte	15
00000218 527850647549    648 	.strz	"RxPduId"
0000021e 6400 
00000220 0c              649 	.byte	12
00000221 40              650 	.byte	64
00000222 01              651 	.byte	1
00000223 00000000*       652 	.word	.LDW_4b566b8
00000227 00              653 	.byte	0
00000228 0156            654 	.byte	1,86
                         655 
                         656 	.section	.debug_abbrev
000000a3 0f              657 	.byte	15
000000a4 05              658 	.byte	5
000000a5 00              659 	.byte	0
000000a6 0308            660 	.byte	3,8
000000a8 3b0f            661 	.byte	59,15
000000aa 390f            662 	.byte	57,15
000000ac 3a0f            663 	.byte	58,15
000000ae 4910            664 	.byte	73,16
000000b0 4b0c            665 	.byte	75,12
000000b2 020a            666 	.byte	2,10
000000b4 0000            667 	.byte	0,0
                         668 
                         669 	.section	.debug_info
                         670 .LDW_4b569b8:
0000022a 0f              671 	.byte	15
0000022b 506475496e66    672 	.strz	"PduInfoPtr"
00000231 6f50747200 
00000236 0c              673 	.byte	12
00000237 5c              674 	.byte	92
00000238 01              675 	.byte	1
00000239 00000000*       676 	.word	.LDW_48c71f0
0000023d 00              677 	.byte	0
0000023e 0157            678 	.byte	1,87
                         679 
                         680 .LDW_4b56a10:
00000240 0f              681 	.byte	15
00000241 4664456e6162    682 	.strz	"FdEnabled"
00000247 6c656400 
0000024b 0d              683 	.byte	13
0000024c 47              684 	.byte	71
0000024d 01              685 	.byte	1
0000024e 00000000*       686 	.word	.LDW_4b56870
00000252 00              687 	.byte	0
00000253 0158            688 	.byte	1,88
                         689 
                         690 .LDW_490b8d0:
00000255 1d              691 	.byte	29

                                                                      Page 15
                                                              C:\Users\nhuliyap\AppData\Local\Temp\gh_0000akg1.s
00000256 00000000*       692 	.word	.LDW01
0000025a 00000000*       693 	.word	.LDW11
                         694 
                         695 	.section	.debug_abbrev
000000b6 1d              696 	.byte	29
000000b7 0b              697 	.byte	11
000000b8 01              698 	.byte	1
000000b9 1101            699 	.byte	17,1
000000bb 1201            700 	.byte	18,1
000000bd 0000            701 	.byte	0,0
                         702 
                         703 	.section	.debug_info
0000025e 00              704 	.byte	0
                         705 
0000025f 00              706 	.byte	0
                         707 
00000260 00              708 	.byte	0
                         709 
                         710 	.section	.debug_line
                         711 .Ldw_line_end:
                         712 	.section	.debug_macinfo
00000000 01              713 	.byte	1
00000001 00              714 	.byte	0
00000002 5f5f6768735f    715 	.strz	"__ghs__ 1"
00000008 5f203100 
0000000c 01              716 	.byte	1
0000000d 00              717 	.byte	0
0000000e 5f5f4c4c4f4e    718 	.strz	"__LLONG_BIT 64"
00000014 475f42495420 
0000001a 363400 
0000001d 01              719 	.byte	1
0000001e 00              720 	.byte	0
0000001f 4e4f545f5245    721 	.strz	"NOT_READY_FOR_TESTING_OR_DEPLOYMENT 1"
00000025 4144595f464f 
0000002b 525f54455354 
00000031 494e475f4f52 
00000037 5f4445504c4f 
0000003d 594d454e5420 
00000043 3100 
00000045 03              722 	.byte	3
00000046 00              723 	.byte	0
00000047 01              724 	.byte	1
00000048 03              725 	.byte	3
00000049 05              726 	.byte	5
0000004a 02              727 	.byte	2
0000004b 03              728 	.byte	3
0000004c 1c              729 	.byte	28
0000004d 03              730 	.byte	3
0000004e 04              731 	.byte	4
0000004f 03              732 	.byte	3
00000050 1d              733 	.byte	29
00000051 04              734 	.byte	4
00000052 03              735 	.byte	3
00000053 1b              736 	.byte	27
00000054 05              737 	.byte	5
00000055 03              738 	.byte	3
00000056 54              739 	.byte	84
00000057 06              740 	.byte	6
00000058 04              741 	.byte	4
00000059 04              742 	.byte	4
0000005a 01              743 	.byte	1

                                                                      Page 16
                                                              C:\Users\nhuliyap\AppData\Local\Temp\gh_0000akg1.s
0000005b 37              744 	.byte	55
0000005c 503256415228    745 	.strz	"P2VAR(ptrtype,memclass,ptrclass) ptrtype*"
00000062 707472747970 
00000068 652c6d656d63 
0000006e 6c6173732c70 
00000074 7472636c6173 
0000007a 732920707472 
00000080 747970652a00 
00000086 04              746 	.byte	4
00000087 01              747 	.byte	1
00000088 3c              748 	.byte	60
00000089 5354445f4f4e    749 	.strz	"STD_ON 1u"
0000008f 20317500 
00000093 01              750 	.byte	1
00000094 3e              751 	.byte	62
00000095 455f4f4b2030    752 	.strz	"E_OK 0u"
0000009b 7500 
0000009d 04              753 	.byte	4
0000009e 03              754 	.byte	3
0000009f 06              755 	.byte	6
000000a0 07              756 	.byte	7
000000a1 03              757 	.byte	3
000000a2 05              758 	.byte	5
000000a3 08              759 	.byte	8
000000a4 04              760 	.byte	4
000000a5 01              761 	.byte	1
000000a6 0c              762 	.byte	12
000000a7 434f4d545950    763 	.strz	"COMTYPE_AR_RELEASE_MAJOR_VERSION 0x04u"
000000ad 455f41525f52 
000000b3 454c45415345 
000000b9 5f4d414a4f52 
000000bf 5f5645525349 
000000c5 4f4e20307830 
000000cb 347500 
000000ce 01              764 	.byte	1
000000cf 0d              765 	.byte	13
000000d0 434f4d545950    766 	.strz	"COMTYPE_AR_RELEASE_MINOR_VERSION 0x02u"
000000d6 455f41525f52 
000000dc 454c45415345 
000000e2 5f4d494e4f52 
000000e8 5f5645525349 
000000ee 4f4e20307830 
000000f4 327500 
000000f7 04              767 	.byte	4
000000f8 03              768 	.byte	3
000000f9 07              769 	.byte	7
000000fa 09              770 	.byte	9
000000fb 03              771 	.byte	3
000000fc 05              772 	.byte	5
000000fd 0a              773 	.byte	10
000000fe 03              774 	.byte	3
000000ff 1d              775 	.byte	29
00000100 0b              776 	.byte	11
00000101 03              777 	.byte	3
00000102 1b              778 	.byte	27
00000103 0c              779 	.byte	12
00000104 04              780 	.byte	4
00000105 04              781 	.byte	4
00000106 01              782 	.byte	1
00000107 2b              783 	.byte	43
00000108 43414e54505f    784 	.strz	"CANTP_ON (1u)"

                                                                      Page 17
                                                              C:\Users\nhuliyap\AppData\Local\Temp\gh_0000akg1.s
0000010e 4f4e20283175 
00000114 2900 
00000116 01              785 	.byte	1
00000117 2c              786 	.byte	44
00000118 43414e54505f    787 	.strz	"CANTP_OFF (0u)"
0000011e 4f4646202830 
00000124 752900 
00000127 01              788 	.byte	1
00000128 2e              789 	.byte	46
00000129 43414e54505f    790 	.strz	"CANTP_VERSION_INFO_API CANTP_ON"
0000012f 56455253494f 
00000135 4e5f494e464f 
0000013b 5f4150492043 
00000141 414e54505f4f 
00000147 4e00 
00000149 01              791 	.byte	1
0000014a 2f              792 	.byte	47
0000014b 43414e54505f    793 	.strz	"CANTP_READ_PARAMETER_API CANTP_OFF"
00000151 524541445f50 
00000157 4152414d4554 
0000015d 45525f415049 
00000163 2043414e5450 
00000169 5f4f464600 
0000016e 01              794 	.byte	1
0000016f 30              795 	.byte	48
00000170 43414e54505f    796 	.strz	"CANTP_CHANGE_PARAMETER_API CANTP_OFF"
00000176 4348414e4745 
0000017c 5f504152414d 
00000182 455445525f41 
00000188 50492043414e 
0000018e 54505f4f4646 
00000194 00 
00000195 01              797 	.byte	1
00000196 3b              798 	.byte	59
00000197 43414e54505f    799 	.strz	"CANTP_CANTPLITE_SUPPORT CANTP_OFF"
0000019d 43414e54504c 
000001a3 4954455f5355 
000001a9 50504f525420 
000001af 43414e54505f 
000001b5 4f464600 
000001b9 01              800 	.byte	1
000001ba 3f              801 	.byte	63
000001bb 43414e54505f    802 	.strz	"CANTP_PRE_COMPILE (0u)"
000001c1 5052455f434f 
000001c7 4d50494c4520 
000001cd 2830752900 
000001d2 01              803 	.byte	1
000001d3 42              804 	.byte	66
000001d4 43414e54505f    805 	.strz	"CANTP_VARIANT CANTP_PRE_COMPILE"
000001da 56415249414e 
000001e0 542043414e54 
000001e6 505f5052455f 
000001ec 434f4d50494c 
000001f2 4500 
000001f4 04              806 	.byte	4
000001f5 01              807 	.byte	1
000001f6 25              808 	.byte	37
000001f7 43414e54505f    809 	.strz	"CANTP_START_SEC_VAR_CLEARED_8 "
000001fd 53544152545f 
00000203 5345435f5641 
00000209 525f434c4541 

                                                                      Page 18
                                                              C:\Users\nhuliyap\AppData\Local\Temp\gh_0000akg1.s
0000020f 5245445f3820 
00000215 00 
00000216 03              810 	.byte	3
00000217 26              811 	.byte	38
00000218 0d              812 	.byte	13
00000219 01              813 	.byte	1
0000021a 05              814 	.byte	5
0000021b 4d454d4d4150    815 	.strz	"MEMMAP_ERROR "
00000221 5f4552524f52 
00000227 2000 
00000229 01              816 	.byte	1
0000022a 08              817 	.byte	8
0000022b 4253575f5354    818 	.strz	"BSW_START_SEC_VAR_CLEARED_8 "
00000231 4152545f5345 
00000237 435f5641525f 
0000023d 434c45415245 
00000243 445f382000 
00000248 03              819 	.byte	3
00000249 09              820 	.byte	9
0000024a 0e              821 	.byte	14
0000024b 01              822 	.byte	1
0000024c 30              823 	.byte	48
0000024d 53544152545f    824 	.strz	"START_SEC_VAR_CLEARED_8 "
00000253 5345435f5641 
00000259 525f434c4541 
0000025f 5245445f3820 
00000265 00 
00000266 03              825 	.byte	3
00000267 c509            826 	.byte	197,9
00000269 0f              827 	.byte	15
0000026a 01              828 	.byte	1
0000026b 46              829 	.byte	70
0000026c 53544152545f    830 	.strz	"START_SEC_VAR_ZERO_INIT_8BIT "
00000272 5345435f5641 
00000278 525f5a45524f 
0000027e 5f494e49545f 
00000284 384249542000 
0000028a 01              831 	.byte	1
0000028b e109            832 	.byte	225,9
0000028d 5641525f5345    833 	.strz	"VAR_SEC_OPEN "
00000293 435f4f50454e 
00000299 2000 
0000029b 04              834 	.byte	4
0000029c 04              835 	.byte	4
0000029d 04              836 	.byte	4
0000029e 01              837 	.byte	1
0000029f 28              838 	.byte	40
000002a0 43414e54505f    839 	.strz	"CANTP_STOP_SEC_VAR_CLEARED_8 "
000002a6 53544f505f53 
000002ac 45435f564152 
000002b2 5f434c454152 
000002b8 45445f382000 
000002be 03              840 	.byte	3
000002bf 29              841 	.byte	41
000002c0 0d              842 	.byte	13
000002c1 01              843 	.byte	1
000002c2 05              844 	.byte	5
000002c3 4d454d4d4150    845 	.strz	"MEMMAP_ERROR "
000002c9 5f4552524f52 
000002cf 2000 
000002d1 01              846 	.byte	1

                                                                      Page 19
                                                              C:\Users\nhuliyap\AppData\Local\Temp\gh_0000akg1.s
000002d2 0d              847 	.byte	13
000002d3 4253575f5354    848 	.strz	"BSW_STOP_SEC_VAR_CLEARED_8 "
000002d9 4f505f534543 
000002df 5f5641525f43 
000002e5 4c4541524544 
000002eb 5f382000 
000002ef 03              849 	.byte	3
000002f0 0e              850 	.byte	14
000002f1 0e              851 	.byte	14
000002f2 01              852 	.byte	1
000002f3 34              853 	.byte	52
000002f4 53544f505f53    854 	.strz	"STOP_SEC_VAR "
000002fa 45435f564152 
00000300 2000 
00000302 03              855 	.byte	3
00000303 c509            856 	.byte	197,9
00000305 0f              857 	.byte	15
00000306 04              858 	.byte	4
00000307 04              859 	.byte	4
00000308 04              860 	.byte	4
00000309 01              861 	.byte	1
0000030a 2b              862 	.byte	43
0000030b 43414e54505f    863 	.strz	"CANTP_START_SEC_CODE "
00000311 53544152545f 
00000317 5345435f434f 
0000031d 44452000 
00000321 03              864 	.byte	3
00000322 2c              865 	.byte	44
00000323 0d              866 	.byte	13
00000324 01              867 	.byte	1
00000325 05              868 	.byte	5
00000326 4d454d4d4150    869 	.strz	"MEMMAP_ERROR "
0000032c 5f4552524f52 
00000332 2000 
00000334 01              870 	.byte	1
00000335 34              871 	.byte	52
00000336 4253575f5354    872 	.strz	"BSW_START_SEC_CODE "
0000033c 4152545f5345 
00000342 435f434f4445 
00000348 2000 
0000034a 03              873 	.byte	3
0000034b 35              874 	.byte	53
0000034c 0e              875 	.byte	14
0000034d 01              876 	.byte	1
0000034e e408            877 	.byte	228,8
00000350 53544152545f    878 	.strz	"START_SEC_CODE "
00000356 5345435f434f 
0000035c 44452000 
00000360 03              879 	.byte	3
00000361 c509            880 	.byte	197,9
00000363 0f              881 	.byte	15
00000364 01              882 	.byte	1
00000365 f407            883 	.byte	244,7
00000367 434f44455f53    884 	.strz	"CODE_SEC_OPEN "
0000036d 45435f4f5045 
00000373 4e2000 
00000376 04              885 	.byte	4
00000377 04              886 	.byte	4
00000378 04              887 	.byte	4
00000379 01              888 	.byte	1
0000037a 45              889 	.byte	69

                                                                      Page 20
                                                              C:\Users\nhuliyap\AppData\Local\Temp\gh_0000akg1.s
0000037b 43414e54505f    890 	.strz	"CANTP_STOP_SEC_CODE "
00000381 53544f505f53 
00000387 45435f434f44 
0000038d 452000 
00000390 03              891 	.byte	3
00000391 46              892 	.byte	70
00000392 0d              893 	.byte	13
00000393 01              894 	.byte	1
00000394 05              895 	.byte	5
00000395 4d454d4d4150    896 	.strz	"MEMMAP_ERROR "
0000039b 5f4552524f52 
000003a1 2000 
000003a3 01              897 	.byte	1
000003a4 39              898 	.byte	57
000003a5 4253575f5354    899 	.strz	"BSW_STOP_SEC_CODE "
000003ab 4f505f534543 
000003b1 5f434f444520 
000003b7 00 
000003b8 03              900 	.byte	3
000003b9 3a              901 	.byte	58
000003ba 0e              902 	.byte	14
000003bb 01              903 	.byte	1
000003bc e808            904 	.byte	232,8
000003be 53544f505f53    905 	.strz	"STOP_SEC_CODE "
000003c4 45435f434f44 
000003ca 452000 
000003cd 03              906 	.byte	3
000003ce c509            907 	.byte	197,9
000003d0 0f              908 	.byte	15
000003d1 04              909 	.byte	4
000003d2 04              910 	.byte	4
000003d3 04              911 	.byte	4
000003d4 04              912 	.byte	4
000003d5 01              913 	.byte	1
000003d6 09              914 	.byte	9
000003d7 43414e54505f    915 	.strz	"CANTP_START_SEC_FDCALLOUT_CODE "
000003dd 53544152545f 
000003e3 5345435f4644 
000003e9 43414c4c4f55 
000003ef 545f434f4445 
000003f5 2000 
000003f7 03              916 	.byte	3
000003f8 0a              917 	.byte	10
000003f9 0d              918 	.byte	13
000003fa 01              919 	.byte	1
000003fb 05              920 	.byte	5
000003fc 4d454d4d4150    921 	.strz	"MEMMAP_ERROR "
00000402 5f4552524f52 
00000408 2000 
0000040a 01              922 	.byte	1
0000040b 3f              923 	.byte	63
0000040c 4253575f5354    924 	.strz	"BSW_START_SEC_CODE "
00000412 4152545f5345 
00000418 435f434f4445 
0000041e 2000 
00000420 03              925 	.byte	3
00000421 40              926 	.byte	64
00000422 0e              927 	.byte	14
00000423 01              928 	.byte	1
00000424 e408            929 	.byte	228,8
00000426 53544152545f    930 	.strz	"START_SEC_CODE "

                                                                      Page 21
                                                              C:\Users\nhuliyap\AppData\Local\Temp\gh_0000akg1.s
0000042c 5345435f434f 
00000432 44452000 
00000436 03              931 	.byte	3
00000437 c509            932 	.byte	197,9
00000439 0f              933 	.byte	15
0000043a 01              934 	.byte	1
0000043b f407            935 	.byte	244,7
0000043d 434f44455f53    936 	.strz	"CODE_SEC_OPEN "
00000443 45435f4f5045 
00000449 4e2000 
0000044c 04              937 	.byte	4
0000044d 04              938 	.byte	4
0000044e 04              939 	.byte	4
0000044f 01              940 	.byte	1
00000450 16              941 	.byte	22
00000451 43414e54505f    942 	.strz	"CANTP_STOP_SEC_FDCALLOUT_CODE "
00000457 53544f505f53 
0000045d 45435f464443 
00000463 414c4c4f5554 
00000469 5f434f444520 
0000046f 00 
00000470 03              943 	.byte	3
00000471 17              944 	.byte	23
00000472 0d              945 	.byte	13
00000473 01              946 	.byte	1
00000474 05              947 	.byte	5
00000475 4d454d4d4150    948 	.strz	"MEMMAP_ERROR "
0000047b 5f4552524f52 
00000481 2000 
00000483 01              949 	.byte	1
00000484 44              950 	.byte	68
00000485 4253575f5354    951 	.strz	"BSW_STOP_SEC_CODE "
0000048b 4f505f534543 
00000491 5f434f444520 
00000497 00 
00000498 03              952 	.byte	3
00000499 45              953 	.byte	69
0000049a 0e              954 	.byte	14
0000049b 01              955 	.byte	1
0000049c e808            956 	.byte	232,8
0000049e 53544f505f53    957 	.strz	"STOP_SEC_CODE "
000004a4 45435f434f44 
000004aa 452000 
000004ad 03              958 	.byte	3
000004ae c509            959 	.byte	197,9
000004b0 0f              960 	.byte	15
000004b1 04              961 	.byte	4
000004b2 04              962 	.byte	4
000004b3 04              963 	.byte	4
000004b4 04              964 	.byte	4
000004b5 00              965 	.byte	0
                         966 	.section	.debug_abbrev
000000bf 00              967 	.byte	0
                         968 	.section	.debug_info
                         969 .Ldw_end:
                         970 .rh850_flags REGMODE32,DATA_ALIGN8,GP_FIX,EP_NONFIX,TP_FIX,REG2_RESERVE,G3K,GHS_MISALIGN,SDA_EXTRA_REGS_0
