                                                                      Page 1
                                                              C:\Users\nhuliyap\AppData\Local\Temp\gh_000098g1.s
Command Line: C:\ghs\comp_201517\ease850.exe -w -elf -b0 -I../source/common -I../source/ProjectCompiler -I../source/ProjectCfg -I../source/SwcApplTpms -I../source/SwcApplTpms/Intface -I../source/SwcApplEcuM -I../source/SwcServiceEcuM -I../source/SwcServiceNvM -I../source/SwcServiceOs -I../source/SwcServiceStartUp -I../source/McalAdc -I../source/McalDio -I../source/McalGpt -I../source/McalMcu -I../source/McalWdg -I../source/wrappers -I../source/wrappers/McalAta -I../source/McalLin -I../source/McalCan -I../source/wrappers/OS -I../source/McalFls -I../source/EcuabFee -I../source/EcuabMemIf -I../source/wrappers/VStdLib -I../source/wrappers/Crc -I../source/wrappers/FBL_APPL -I../source/wrappers/CAN_MANAGER -I../source/wrappers/NVM_MANAGER -I../source/wrappers/DEM_MANAGER -I../source/wrappers/RDC_MANAGER -I../source/wrappers/ENV_MANAGER -I../source/wrappers/SYS_MANAGER -I../source/wrappers/EcuabCanIf -I../source/wrappers/SwcServiceCanSM -I../source/wrappers/SwcServiceCanTp -I../source/wrappers/SwcServiceCanTp_PreCompile -I../source/wrappers/SwcServiceCom -I../source/wrappers/SwcServiceComM -I../source/wrappers/SwcServiceComStack -I../source/wrappers/SwcServiceDcm -I../source/wrappers/SwcServicePduR -I../source/wrappers/SwcServiceEcuM -I../source/wrappers/Bfx -I../source/wrappers/SwcServiceDem -I../source/SwcServiceDet -I../source/SwcServiceFiM -I../source/wrappers/LibAutosarDiag -I../source/wrappers/rba_BswSrv -I../source/SwcServiceSchM -I../source/wrappers/SwcServiceComM/Integration -I../source/wrappers/SwcServicePduR/Integration -I../source/wrappers/EcuabCanIf/Integration -I../source/wrappers/SwcServiceCom/Integration -I../source/wrappers/SwcServiceCanTp/Integration -I../source/wrappers/SwcServiceEcuM/Integration -I../source/SwcServiceDet/Integration -I../source/wrappers/SwcServiceDcm/Integration -I../source/wrappers/SwcServiceDem/Integration -I../source/SwcServiceFiM/Integration -I../source/wrappers/EcuabCanIf/api -I../source/wrappers/SwcServiceCom/api -I../source/wrappers/SwcServiceComM/api -I../source/wrappers/SwcServicePduR/api -I../source/wrappers/Bfx/api -I../source/SwcServiceDet/api -I../source/SwcServiceFiM/api -I../source/wrappers/LibAutosarDiag/api -I../source/wrappers/rba_BswSrv/api -IC:\ghs\comp_201517\lib\rh850 -cg_underscore -cpu=rh850g3k -no_v850_simd -rh850_fpsimd=none -nomacro -patch_dbo=C:\_ECU2\ECU_Rivian_A1\Target\repo_projects\pRealEcu\cL_LATEST\make\output\objects\CanTrcv.dbo -source=CanTrcv.c -o output\objects\gh_000098g1.o -list=output\list\CanTrcv.lst C:\Users\nhuliyap\AppData\Local\Temp\gh_000098g1.s 
Original File: C:\Users\nhuliyap\AppData\Local\Temp\gh_000098g1.s
Source File: CanTrcv.c
Directory: C:\_ECU2\ECU_Rivian_A1\Target\repo_projects\pRealEcu\cL_LATEST\make
Host OS: Windows
EASE: Copyright (C) 1983-2015 Green Hills Software.  All Rights Reserved.
Release: Compiler v2015.1.7
Build Directory: [Directory] BTOWORKER6:c:/build_2015_1_bto/2015-10-21.2100-2015_1_bto/win32-comp-ecom
Revision: [VCInfo] http://toolsvc/branches/release-branch-70-bto/src@544153 (built by build)
Revision Date: Thu Oct 22 07:50:13 2015

Release Date: Thu Oct 22 09:32:32 2015

                           1 --Driver Command: ccv850 ../source/wrappers/CanTrcv.c -cpu=rh850 -fhard
                           2 --		-ignore_callt_state_in_interrupts -large_sda -misalign_pack
                           3 --		-nofarcalls -nofloatio -no_callt -Ogeneral -Onounroll
                           4 --		-prepare_dispose -registermode=32 -reserve_r2 -sda=0
                           5 --		-shorten_loads -Wshadow --brief_diagnostics --no_commons
                           6 --		--no_wrap_diagnostics --prototype_errors --short_enum -list -G
                           7 --		-dual_debug -dwarf -X5523 -lnk=-no_xda_modifications -D
                           8 --		NOT_READY_FOR_TESTING_OR_DEPLOYMENT -D IBTCM_SW_ANPASSUNGEN -D
                           9 --		BUILD_LORDSTOWN -c -inline_prologue -I../source/common
                          10 --		-I../source/ProjectCompiler -I../source/ProjectCfg
                          11 --		-I../source/SwcApplTpms -I../source/SwcApplTpms/Intface
                          12 --		-I../source/SwcApplEcuM -I../source/SwcServiceEcuM
                          13 --		-I../source/SwcServiceNvM -I../source/SwcServiceOs
                          14 --		-I../source/SwcServiceStartUp -I../source/McalAdc
                          15 --		-I../source/McalDio -I../source/McalGpt -I../source/McalMcu
                          16 --		-I../source/McalWdg -I../source/wrappers
                          17 --		-I../source/wrappers/McalAta -I../source/McalLin
                          18 --		-I../source/McalCan -I../source/wrappers/OS -I../source/McalFls
                          19 --		-I../source/EcuabFee -I../source/EcuabMemIf
                          20 --		-I../source/wrappers/VStdLib -I../source/wrappers
                          21 --		-I../source/wrappers/Crc -I../source/wrappers/FBL_APPL
                          22 --		-I../source/wrappers/CAN_MANAGER -I../source/wrappers/NVM_MANAGER
                          23 --		-I../source/wrappers/DEM_MANAGER -I../source/wrappers/RDC_MANAGER
                          24 --		-I../source/wrappers/ENV_MANAGER -I../source/wrappers/SYS_MANAGER
                          25 --		-I../source/wrappers/EcuabCanIf
                          26 --		-I../source/wrappers/SwcServiceCanSM
                          27 --		-I../source/wrappers/SwcServiceCanTp
                          28 --		-I../source/wrappers/SwcServiceCanTp_PreCompile
                          29 --		-I../source/wrappers/SwcServiceCom
                          30 --		-I../source/wrappers/SwcServiceComM
                          31 --		-I../source/wrappers/SwcServiceComStack
                          32 --		-I../source/wrappers/SwcServiceDcm
                          33 --		-I../source/wrappers/SwcServicePduR
                          34 --		-I../source/wrappers/SwcServiceEcuM -I../source/wrappers/Bfx
                          35 --		-I../source/wrappers/SwcServiceDem -I../source/SwcServiceDet
                          36 --		-I../source/SwcServiceFiM -I../source/wrappers/LibAutosarDiag
                          37 --		-I../source/wrappers/rba_BswSrv -I../source/SwcServiceSchM
                          38 --		-I../source/wrappers/SwcServiceComM/Integration
                          39 --		-I../source/wrappers/SwcServicePduR/Integration
                          40 --		-I../source/wrappers/EcuabCanIf/Integration
                          41 --		-I../source/wrappers/SwcServiceCom/Integration
                          42 --		-I../source/wrappers/SwcServiceCanTp/Integration
                          43 --		-I../source/wrappers/SwcServiceEcuM/Integration
                          44 --		-I../source/SwcServiceDet/Integration
                          45 --		-I../source/wrappers/SwcServiceDcm/Integration
                          46 --		-I../source/wrappers/SwcServiceDem/Integration
                          47 --		-I../source/SwcServiceFiM/Integration
                          48 --		-I../source/wrappers/EcuabCanIf/api
                          49 --		-I../source/wrappers/SwcServiceCom/api
                          50 --		-I../source/wrappers/SwcServiceComM/api

                                                                      Page 2
                                                              C:\Users\nhuliyap\AppData\Local\Temp\gh_000098g1.s
                          51 --		-I../source/wrappers/SwcServicePduR/api
                          52 --		-I../source/wrappers/Bfx/api -I../source/SwcServiceDet/api
                          53 --		-I../source/SwcServiceFiM/api
                          54 --		-I../source/wrappers/LibAutosarDiag/api
                          55 --		-I../source/wrappers/rba_BswSrv/api -object_dir=output/objects
                          56 --		-list_dir=output/list
                          57 --Source File:   ../source/wrappers/CanTrcv.c
                          58 --Directory:     
                          59 --		C:\_ECU2\ECU_Rivian_A1\Target\repo_projects\pRealEcu\cL_LATEST\make
                          60 --Compile Date:  Wed Sep 06 09:36:25 2023
                          61 --Host OS:       Win32
                          62 --Version:       C-RH850 2015.1.7 RELEASE VERSION
                          63 --Release:       Compiler v2015.1.7
                          64 --Revision Date: Thu Oct 22 08:06:12 2015
                          65 --Release Date:  Thu Oct 22 09:34:32 2015
                          66 -- ecom  -g -w -OM
                          67 	.text
                          68 ..bof.C.3A.5C_ECU2.5CECU_Rivian_A1.5CTarget.5Crepo_projects.5CpRealEcu.5CcL_LATEST.5Cmake.5Coutput.5Cobjects.5CCanTrcv...43.3A.5C_ECU2.5CECU_Rivian_A1.5CTarget.5Crepo_projects.5CpRealEcu.5CcL_LATEST.5Cmake..64F82BF9..0::
                          69 	.align	2
                          70 ..gh.f.f.1.e.0:
                          71 	.type	..gh.f.f.1.e.0,@object
                          72 	.size	..gh.f.f.1.e.0,0
                          73 	.global	_TRCV_Standby
                          74 _TRCV_Standby:
00000000 80072100         75 	prepare	{r31},0
                          76 --	    .bf
                          77 .LDW01:
00000004 0a32             78 	mov	10,r6
                          79 	jarl	_McalDio_vInitOutputOff,lp
                          79 <EXPANSION BEGIN>
                          79 jarl22 _McalDio_vInitOutputOff , lp 
00000006 80ff0000*        79 <EXPANSION END>
                          80 --line8
                          81 ..lin.C.3A.5C_ECU2.5CECU_Rivian_A1.5CTarget.5Crepo_projects.5CpRealEcu.5CcL_LATEST.5Cmake.5Coutput.5Cobjects.5CCanTrcv.1::
                          82 .LDWlin1:
0000000a 20361400         83 	movea	20,zero,r6
                          84 	jarl	_WaitHard,lp
                          84 <EXPANSION BEGIN>
                          84 jarl22 _WaitHard , lp 
0000000e 80ff0000*        84 <EXPANSION END>
                          85 --line9
                          86 ..lin.C.3A.5C_ECU2.5CECU_Rivian_A1.5CTarget.5Crepo_projects.5CpRealEcu.5CcL_LATEST.5Cmake.5Coutput.5Cobjects.5CCanTrcv.2::
                          87 .LDWlin2:
00000012 0c32             88 	mov	12,r6
                          89 	jarl	_McalDio_vInitOutputOff,lp
                          89 <EXPANSION BEGIN>
                          89 jarl22 _McalDio_vInitOutputOff , lp 
00000014 80ff0000*        89 <EXPANSION END>
                          90 --line10
                          91 ..lin.C.3A.5C_ECU2.5CECU_Rivian_A1.5CTarget.5Crepo_projects.5CpRealEcu.5CcL_LATEST.5Cmake.5Coutput.5Cobjects.5CCanTrcv.3::
                          92 .LDWlin3:
00000018 20361400         93 	movea	20,zero,r6
                          94 	jarl	_WaitHard,lp
                          94 <EXPANSION BEGIN>
                          94 jarl22 _WaitHard , lp 
0000001c 80ff0000*        94 <EXPANSION END>
                          95 --	    .ef
                          96 .LDW11:
                          97 --line11
                          98 ..lin.C.3A.5C_ECU2.5CECU_Rivian_A1.5CTarget.5Crepo_projects.5CpRealEcu.5CcL_LATEST.5Cmake.5Coutput.5Cobjects.5CCanTrcv.4::
                          99 .LDWlin4:

                                                                      Page 3
                                                              C:\Users\nhuliyap\AppData\Local\Temp\gh_000098g1.s
00000020 40063f00        100 	dispose	0,{r31},[lp]
                         101 	.global	___ghs_eofn_TRCV_Standby
                         102 ___ghs_eofn_TRCV_Standby:
                         103 	.type	_TRCV_Standby,@function
                         104 	.size	_TRCV_Standby,.-_TRCV_Standby
                         105 	.align	2
                         106 
                         107 	.section ".bss","awb"
                         108 .L33:
                         109 	.type	.L33,@object
                         110 	.size	.L33,0
                         111 	.data
                         112 	.text
                         113 	.align	2
                         114 	.align	2
                         115 ..gh.f.f.1.e.1:
                         116 	.type	..gh.f.f.1.e.1,@object
                         117 	.size	..gh.f.f.1.e.1,0
                         118 	.global	_TRCV_Normal
                         119 _TRCV_Normal:
00000024 80072100        120 	prepare	{r31},0
                         121 --	    .bf
                         122 .LDW21:
00000028 0c32            123 	mov	12,r6
                         124 	jarl	_GPIO_output_on,lp
                         124 <EXPANSION BEGIN>
                         124 jarl22 _GPIO_output_on , lp 
0000002a 80ff0000*       124 <EXPANSION END>
                         125 --line15
                         126 ..lin.C.3A.5C_ECU2.5CECU_Rivian_A1.5CTarget.5Crepo_projects.5CpRealEcu.5CcL_LATEST.5Cmake.5Coutput.5Cobjects.5CCanTrcv.5::
                         127 .LDWlin5:
0000002e 0a32            128 	mov	10,r6
                         129 	jarl	_GPIO_output_on,lp
                         129 <EXPANSION BEGIN>
                         129 jarl22 _GPIO_output_on , lp 
00000030 80ff0000*       129 <EXPANSION END>
                         130 --	    .ef
                         131 .LDW31:
                         132 --line16
                         133 ..lin.C.3A.5C_ECU2.5CECU_Rivian_A1.5CTarget.5Crepo_projects.5CpRealEcu.5CcL_LATEST.5Cmake.5Coutput.5Cobjects.5CCanTrcv.6::
                         134 .LDWlin6:
00000034 40063f00        135 	dispose	0,{r31},[lp]
                         136 	.global	___ghs_eofn_TRCV_Normal
                         137 ___ghs_eofn_TRCV_Normal:
                         138 	.type	_TRCV_Normal,@function
                         139 	.size	_TRCV_Normal,.-_TRCV_Normal
                         140 	.align	2
                         141 
                         142 	.section ".bss","awb"
                         143 .L81:
                         144 	.type	.L81,@object
                         145 	.size	.L81,0
                         146 	.data
                         147 	.text
                         148 	.align	2
                         149 	.align	2
                         150 ..gh.f.f.1.e.2:
                         151 	.type	..gh.f.f.1.e.2,@object
                         152 	.size	..gh.f.f.1.e.2,0
                         153 	.global	_TRCV_GetWakeupFlag
                         154 _TRCV_GetWakeupFlag:

                                                                      Page 4
                                                              C:\Users\nhuliyap\AppData\Local\Temp\gh_000098g1.s
00000038 80072100        155 	prepare	{r31},0
                         156 --	    .bf
                         157 .LDW41:
0000003c 0b32            158 	mov	11,r6
                         159 	jarl	_GPIO_input_read,lp
                         159 <EXPANSION BEGIN>
                         159 jarl22 _GPIO_input_read , lp 
0000003e 80ff0000*       159 <EXPANSION END>
00000042 e051            160 	cmp	zero,r10
00000044 e2570000        161 	setfe	r10
                         162 --	    .ef
                         163 .LDW51:
                         164 --line27
                         165 ..lin.C.3A.5C_ECU2.5CECU_Rivian_A1.5CTarget.5Crepo_projects.5CpRealEcu.5CcL_LATEST.5Cmake.5Coutput.5Cobjects.5CCanTrcv.7::
                         166 .LDWlin7:
00000048 40063f00        167 	dispose	0,{r31},[lp]
                         168 	.global	___ghs_eofn_TRCV_GetWakeupFlag
                         169 ___ghs_eofn_TRCV_GetWakeupFlag:
                         170 	.type	_TRCV_GetWakeupFlag,@function
                         171 	.size	_TRCV_GetWakeupFlag,.-_TRCV_GetWakeupFlag
                         172 	.align	2
                         173 --_bRetVal	r10	local
                         174 
                         175 	.section ".bss","awb"
                         176 .L146:
                         177 	.type	.L146,@object
                         178 	.size	.L146,0
                         179 	.data
                         180 	.text
                         181 	.align	2
                         182 
                         183 	.data
                         184 	.ghsnote version,17
                         185 	.ghsnote tools,3
                         186 	.ghsnote options,144
                         187 	.text
                         188 	.align	2
                         189 ..eof.C.3A.5C_ECU2.5CECU_Rivian_A1.5CTarget.5Crepo_projects.5CpRealEcu.5CcL_LATEST.5Cmake.5Coutput.5Cobjects.5CCanTrcv...43.3A.5C_ECU2.5CECU_Rivian_A1.5CTarget.5Crepo_projects.5CpRealEcu.5CcL_LATEST.5Cmake..64F82BF9..0::
                         190 	.section	.debug_info
                         191 .Ldw_begin:
00000000 37040000        192 	.word	.Ldw_end-.Ldw_begin-4
00000004 0200            193 	.byte	2,0
00000006 00000000*       194 	.word	.Ldw_abbr_begin
0000000a 04              195 	.byte	4
                         196 	.section	.debug_abbrev
                         197 .Ldw_abbr_begin:
                         198 	.section	.debug_info
0000000b 01              199 	.byte	1
0000000c 00000000*       200 	.word	..bof.C.3A.5C_ECU2.5CECU_Rivian_A1.5CTarget.5Crepo_projects.5CpRealEcu.5CcL_LATEST.5Cmake.5Coutput.5Cobjects.5CCanTrcv...43.3A.5C_ECU2.5CECU_Rivian_A1.5CTarget.5Crepo_projects.5CpRealEcu.5CcL_LATEST.5Cmake..64F82BF9..0
00000010 00000000*       201 	.word	..eof.C.3A.5C_ECU2.5CECU_Rivian_A1.5CTarget.5Crepo_projects.5CpRealEcu.5CcL_LATEST.5Cmake.5Coutput.5Cobjects.5CCanTrcv...43.3A.5C_ECU2.5CECU_Rivian_A1.5CTarget.5Crepo_projects.5CpRealEcu.5CcL_LATEST.5Cmake..64F82BF9..0
00000014 2e2e2f736f75    202 	.strz	"../source/wrappers/CanTrcv.c"
0000001a 7263652f7772 
00000020 617070657273 
00000026 2f43616e5472 
0000002c 63762e6300 
00000031 433a5c5f4543    203 	.strz	"C:\\_ECU2\\ECU_Rivian_A1\\Target\\repo_projects\\pRealEcu\\cL_LATEST\\make"
00000037 55325c454355 
0000003d 5f5269766961 
00000043 6e5f41315c54 
00000049 61726765745c 
0000004f 7265706f5f70 

                                                                      Page 5
                                                              C:\Users\nhuliyap\AppData\Local\Temp\gh_000098g1.s
00000055 726f6a656374 
0000005b 735c70526561 
00000061 6c4563755c63 
00000067 4c5f4c415445 
0000006d 53545c6d616b 
00000073 6500 
00000075 474853204320    204 	.strz	"GHS C 2015.1.7 [dual]"
0000007b 323031352e31 
00000081 2e37205b6475 
00000087 616c5d00 
0000008b 0100            205 	.byte	1,0
0000008d 00000000*       206 	.word	.Ldw_line_begin
00000091 00000000*       207 	.word	.Ldw_macinfo_begin
00000095 00              208 	.byte	0
                         209 
                         210 	.section	.debug_abbrev
00000000 01              211 	.byte	1
00000001 11              212 	.byte	17
00000002 01              213 	.byte	1
00000003 1101            214 	.byte	17,1
00000005 1201            215 	.byte	18,1
00000007 0308            216 	.byte	3,8
00000009 1b08            217 	.byte	27,8
0000000b 2508            218 	.byte	37,8
0000000d 1305            219 	.byte	19,5
0000000f 1006            220 	.byte	16,6
00000011 4306            221 	.byte	67,6
00000013 420b            222 	.byte	66,11
00000015 0000            223 	.byte	0,0
                         224 
                         225 	.section	.debug_line
                         226 .Ldw_line_begin:
00000000 53030000        227 	.word	.Ldw_line_end-.Ldw_line_begin-4
00000004 0200            228 	.byte	2,0
00000006 00000000*       229 	.word	.Ldw_lpro_end-.Ldw_lpro_begin
                         230 .Ldw_lpro_begin:
0000000a 01              231 	.byte	1
0000000b 00              232 	.byte	0
0000000c 00              233 	.byte	0
0000000d 04              234 	.byte	4
0000000e 0a              235 	.byte	10
0000000f 000101          236 	.byte	0,1,1
00000012 010100          237 	.byte	1,1,0
00000015 000001          238 	.byte	0,0,1
00000018 00              239 	.byte	0
00000019 2e2e2f736f75    240 	.strz	"../source/wrappers/CanTrcv.c"
0000001f 7263652f7772 
00000025 617070657273 
0000002b 2f43616e5472 
00000031 63762e6300 
00000036 000000          241 	.byte	0,0,0
00000039 2e2e2f736f75    242 	.strz	"../source/wrappers/CanTrcv.hpp"
0000003f 7263652f7772 
00000045 617070657273 
0000004b 2f43616e5472 
00000051 63762e687070 
00000057 00 
00000058 000000          243 	.byte	0,0,0
0000005b 2e2e2f736f75    244 	.strz	"../source/wrappers/EcuabCanIf/Integration/Can_GeneralTypes.hpp"
00000061 7263652f7772 
00000067 617070657273 

                                                                      Page 6
                                                              C:\Users\nhuliyap\AppData\Local\Temp\gh_000098g1.s
0000006d 2f4563756162 
00000073 43616e49662f 
00000079 496e74656772 
0000007f 6174696f6e2f 
00000085 43616e5f4765 
0000008b 6e6572616c54 
00000091 797065732e68 
00000097 707000 
0000009a 000000          245 	.byte	0,0,0
0000009d 2e2e2f736f75    246 	.strz	"../source/wrappers/SwcServiceComStack/ComStack_Types.hpp"
000000a3 7263652f7772 
000000a9 617070657273 
000000af 2f5377635365 
000000b5 727669636543 
000000bb 6f6d53746163 
000000c1 6b2f436f6d53 
000000c7 7461636b5f54 
000000cd 797065732e68 
000000d3 707000 
000000d6 000000          247 	.byte	0,0,0
000000d9 2e2e2f736f75    248 	.strz	"../source/common/Std_Types.hpp"
000000df 7263652f636f 
000000e5 6d6d6f6e2f53 
000000eb 74645f547970 
000000f1 65732e687070 
000000f7 00 
000000f8 000000          249 	.byte	0,0,0
000000fb 2e2e2f736f75    250 	.strz	"../source/common/Platform_Types.hpp"
00000101 7263652f636f 
00000107 6d6d6f6e2f50 
0000010d 6c6174666f72 
00000113 6d5f54797065 
00000119 732e68707000 
0000011f 000000          251 	.byte	0,0,0
00000122 2e2e2f736f75    252 	.strz	"../source/common/Compiler.hpp"
00000128 7263652f636f 
0000012e 6d6d6f6e2f43 
00000134 6f6d70696c65 
0000013a 722e68707000 
00000140 000000          253 	.byte	0,0,0
00000143 2e2e2f736f75    254 	.strz	"../source/ProjectCompiler/Compiler_Cfg.hpp"
00000149 7263652f5072 
0000014f 6f6a65637443 
00000155 6f6d70696c65 
0000015b 722f436f6d70 
00000161 696c65725f43 
00000167 66672e687070 
0000016d 00 
0000016e 000000          255 	.byte	0,0,0
00000171 2e2e2f736f75    256 	.strz	"../source/ProjectCompiler/CompilerCfg_SwcServiceOs.hpp"
00000177 7263652f5072 
0000017d 6f6a65637443 
00000183 6f6d70696c65 
00000189 722f436f6d70 
0000018f 696c65724366 
00000195 675f53776353 
0000019b 657276696365 
000001a1 4f732e687070 
000001a7 00 
000001a8 000000          257 	.byte	0,0,0
000001ab 2e2e2f736f75    258 	.strz	"../source/ProjectCfg/ComStack_Cfg.hpp"

                                                                      Page 7
                                                              C:\Users\nhuliyap\AppData\Local\Temp\gh_000098g1.s
000001b1 7263652f5072 
000001b7 6f6a65637443 
000001bd 66672f436f6d 
000001c3 537461636b5f 
000001c9 4366672e6870 
000001cf 7000 
000001d1 000000          259 	.byte	0,0,0
000001d4 2e2e2f736f75    260 	.strz	"../source/McalMcu/types.hpp"
000001da 7263652f4d63 
000001e0 616c4d63752f 
000001e6 74797065732e 
000001ec 68707000 
000001f0 000000          261 	.byte	0,0,0
000001f3 2e2e2f736f75    262 	.strz	"../source/McalDio/gpioX.hpp"
000001f9 7263652f4d63 
000001ff 616c44696f2f 
00000205 6770696f582e 
0000020b 68707000 
0000020f 000000          263 	.byte	0,0,0
00000212 2e2e2f736f75    264 	.strz	"../source/ProjectCfg/CfgMcalDio.hpp"
00000218 7263652f5072 
0000021e 6f6a65637443 
00000224 66672f436667 
0000022a 4d63616c4469 
00000230 6f2e68707000 
00000236 000000          265 	.byte	0,0,0
00000239 2e2e2f736f75    266 	.strz	"../source/McalDio/Types_McalDio.hpp"
0000023f 7263652f4d63 
00000245 616c44696f2f 
0000024b 54797065735f 
00000251 4d63616c4469 
00000257 6f2e68707000 
0000025d 000000          267 	.byte	0,0,0
00000260 2e2e2f736f75    268 	.strz	"../source/ProjectCfg/CfgSwcServiceOs.hpp"
00000266 7263652f5072 
0000026c 6f6a65637443 
00000272 66672f436667 
00000278 537763536572 
0000027e 766963654f73 
00000284 2e68707000 
00000289 000000          269 	.byte	0,0,0
0000028c 2e2e2f736f75    270 	.strz	"../source/SwcServiceOs/Types_SwcServiceOs.hpp"
00000292 7263652f5377 
00000298 635365727669 
0000029e 63654f732f54 
000002a4 797065735f53 
000002aa 776353657276 
000002b0 6963654f732e 
000002b6 68707000 
000002ba 000000          271 	.byte	0,0,0
000002bd 2e2e2f736f75    272 	.strz	"../source/McalGpt/clocksX.hpp"
000002c3 7263652f4d63 
000002c9 616c4770742f 
000002cf 636c6f636b73 
000002d5 582e68707000 
000002db 000000          273 	.byte	0,0,0
000002de 00              274 	.byte	0
                         275 .Ldw_lpro_end:
                         276 	.section	.debug_macinfo
                         277 .Ldw_macinfo_begin:
                         278 	.section	.debug_frame

                                                                      Page 8
                                                              C:\Users\nhuliyap\AppData\Local\Temp\gh_000098g1.s
                         279 .LDW_4b64368:
00000000 00000000*       280 	.word	.LDW_unq_2-.LDW_unq_1
                         281 .LDW_unq_1:
00000004 ffffffff        282 	.byte	255,255,255,255
00000008 01              283 	.byte	1
00000009 00              284 	.byte	0
0000000a 01              285 	.byte	1
0000000b 01              286 	.byte	1
0000000c 1f              287 	.byte	31
0000000d 0c              288 	.byte	12
0000000e 03              289 	.byte	3
0000000f 00              290 	.byte	0
00000010 07              291 	.byte	7
00000011 00              292 	.byte	0
00000012 07              293 	.byte	7
00000013 01              294 	.byte	1
00000014 07              295 	.byte	7
00000015 02              296 	.byte	2
00000016 07              297 	.byte	7
00000017 03              298 	.byte	3
00000018 07              299 	.byte	7
00000019 04              300 	.byte	4
0000001a 07              301 	.byte	7
0000001b 05              302 	.byte	5
0000001c 07              303 	.byte	7
0000001d 06              304 	.byte	6
0000001e 07              305 	.byte	7
0000001f 07              306 	.byte	7
00000020 07              307 	.byte	7
00000021 08              308 	.byte	8
00000022 07              309 	.byte	7
00000023 09              310 	.byte	9
00000024 07              311 	.byte	7
00000025 0a              312 	.byte	10
00000026 07              313 	.byte	7
00000027 0b              314 	.byte	11
00000028 07              315 	.byte	7
00000029 0c              316 	.byte	12
0000002a 07              317 	.byte	7
0000002b 0d              318 	.byte	13
0000002c 07              319 	.byte	7
0000002d 0e              320 	.byte	14
0000002e 07              321 	.byte	7
0000002f 0f              322 	.byte	15
00000030 07              323 	.byte	7
00000031 10              324 	.byte	16
00000032 07              325 	.byte	7
00000033 11              326 	.byte	17
00000034 07              327 	.byte	7
00000035 12              328 	.byte	18
00000036 07              329 	.byte	7
00000037 13              330 	.byte	19
00000038 08              331 	.byte	8
00000039 14              332 	.byte	20
0000003a 08              333 	.byte	8
0000003b 15              334 	.byte	21
0000003c 08              335 	.byte	8
0000003d 16              336 	.byte	22
0000003e 08              337 	.byte	8
0000003f 17              338 	.byte	23
00000040 08              339 	.byte	8

                                                                      Page 9
                                                              C:\Users\nhuliyap\AppData\Local\Temp\gh_000098g1.s
00000041 18              340 	.byte	24
00000042 08              341 	.byte	8
00000043 19              342 	.byte	25
00000044 08              343 	.byte	8
00000045 1a              344 	.byte	26
00000046 08              345 	.byte	8
00000047 1b              346 	.byte	27
00000048 08              347 	.byte	8
00000049 1c              348 	.byte	28
0000004a 08              349 	.byte	8
0000004b 1d              350 	.byte	29
0000004c 07              351 	.byte	7
0000004d 1e              352 	.byte	30
0000004e 08              353 	.byte	8
0000004f 1f              354 	.byte	31
00000050 07              355 	.byte	7
00000051 20              356 	.byte	32
00000052 07              357 	.byte	7
00000053 21              358 	.byte	33
00000054 07              359 	.byte	7
00000055 22              360 	.byte	34
00000056 07              361 	.byte	7
00000057 23              362 	.byte	35
00000058 07              363 	.byte	7
00000059 24              364 	.byte	36
0000005a 07              365 	.byte	7
0000005b 25              366 	.byte	37
0000005c 07              367 	.byte	7
0000005d 26              368 	.byte	38
0000005e 07              369 	.byte	7
0000005f 27              370 	.byte	39
00000060 07              371 	.byte	7
00000061 28              372 	.byte	40
00000062 07              373 	.byte	7
00000063 29              374 	.byte	41
00000064 07              375 	.byte	7
00000065 2a              376 	.byte	42
00000066 07              377 	.byte	7
00000067 2b              378 	.byte	43
00000068 07              379 	.byte	7
00000069 2c              380 	.byte	44
0000006a 07              381 	.byte	7
0000006b 2d              382 	.byte	45
0000006c 07              383 	.byte	7
0000006d 2e              384 	.byte	46
0000006e 07              385 	.byte	7
0000006f 2f              386 	.byte	47
00000070 07              387 	.byte	7
00000071 30              388 	.byte	48
00000072 07              389 	.byte	7
00000073 31              390 	.byte	49
00000074 07              391 	.byte	7
00000075 32              392 	.byte	50
00000076 07              393 	.byte	7
00000077 33              394 	.byte	51
00000078 07              395 	.byte	7
00000079 34              396 	.byte	52
0000007a 07              397 	.byte	7
0000007b 35              398 	.byte	53
0000007c 07              399 	.byte	7
0000007d 36              400 	.byte	54

                                                                      Page 10
                                                              C:\Users\nhuliyap\AppData\Local\Temp\gh_000098g1.s
0000007e 07              401 	.byte	7
0000007f 37              402 	.byte	55
00000080 07              403 	.byte	7
00000081 38              404 	.byte	56
00000082 07              405 	.byte	7
00000083 39              406 	.byte	57
00000084 07              407 	.byte	7
00000085 3a              408 	.byte	58
00000086 07              409 	.byte	7
00000087 3b              410 	.byte	59
00000088 07              411 	.byte	7
00000089 3c              412 	.byte	60
0000008a 07              413 	.byte	7
0000008b 3d              414 	.byte	61
0000008c 07              415 	.byte	7
0000008d 3e              416 	.byte	62
0000008e 07              417 	.byte	7
0000008f 3f              418 	.byte	63
                         419 .LDW_unq_2:
                         420 	.section	.debug_info
                         421 .LDW_4007148:
00000096 45              422 	.byte	69
00000097 01              423 	.byte	1
                         424 
                         425 	.section	.debug_abbrev
00000017 45              426 	.byte	69
00000018 15              427 	.byte	21
00000019 01              428 	.byte	1
0000001a 270c            429 	.byte	39,12
0000001c 0000            430 	.byte	0,0
                         431 
                         432 	.section	.debug_info
00000098 00              433 	.byte	0
                         434 
                         435 .LDW_4007228:
00000099 45              436 	.byte	69
0000009a 01              437 	.byte	1
                         438 
0000009b 00              439 	.byte	0
                         440 
                         441 .LDW_4006d58:
0000009c 25              442 	.byte	37
0000009d 756e7369676e    443 	.strz	"unsigned char"
000000a3 656420636861 
000000a9 7200 
000000ab 08              444 	.byte	8
000000ac 01              445 	.byte	1
                         446 
                         447 	.section	.debug_abbrev
0000001e 25              448 	.byte	37
0000001f 24              449 	.byte	36
00000020 00              450 	.byte	0
00000021 0308            451 	.byte	3,8
00000023 3e0b            452 	.byte	62,11
00000025 0b0b            453 	.byte	11,11
00000027 0000            454 	.byte	0,0
                         455 
                         456 	.section	.debug_info
                         457 .LDW_4006d90:
000000ad 44              458 	.byte	68
000000ae 00000000*       459 	.word	.LDW_404bfd0

                                                                      Page 11
                                                              C:\Users\nhuliyap\AppData\Local\Temp\gh_000098g1.s
000000b2 01              460 	.byte	1
                         461 
                         462 	.section	.debug_abbrev
00000029 44              463 	.byte	68
0000002a 15              464 	.byte	21
0000002b 01              465 	.byte	1
0000002c 4910            466 	.byte	73,16
0000002e 270c            467 	.byte	39,12
00000030 0000            468 	.byte	0,0
                         469 
                         470 	.section	.debug_info
000000b3 00              471 	.byte	0
                         472 
                         473 .LDW_40070a0:
000000b4 25              474 	.byte	37
000000b5 756e7369676e    475 	.strz	"unsigned short"
000000bb 65642073686f 
000000c1 727400 
000000c4 07              476 	.byte	7
000000c5 02              477 	.byte	2
                         478 
                         479 .LDW_4007378:
000000c6 25              480 	.byte	37
000000c7 756e7369676e    481 	.strz	"unsigned long"
000000cd 6564206c6f6e 
000000d3 6700 
000000d5 07              482 	.byte	7
000000d6 04              483 	.byte	4
                         484 
                         485 .LDW_4b90350:
000000d7 25              486 	.byte	37
000000d8 696e7400        487 	.strz	"int"
000000dc 05              488 	.byte	5
000000dd 04              489 	.byte	4
                         490 
                         491 .LDW_4b90270:
000000de 44              492 	.byte	68
000000df 00000000*       493 	.word	.LDW_404c220
000000e3 01              494 	.byte	1
                         495 
                         496 .LDW_404e810:
000000e4 12              497 	.byte	18
000000e5 00000000*       498 	.word	.LDW_4b8e880
000000e9 00              499 	.byte	0
                         500 
                         501 	.section	.debug_abbrev
00000032 12              502 	.byte	18
00000033 05              503 	.byte	5
00000034 00              504 	.byte	0
00000035 4910            505 	.byte	73,16
00000037 4b0c            506 	.byte	75,12
00000039 0000            507 	.byte	0,0
                         508 
                         509 	.section	.debug_info
000000ea 00              510 	.byte	0
                         511 
                         512 .LDW_4b904d8:
000000eb 45              513 	.byte	69
000000ec 01              514 	.byte	1
                         515 
                         516 .LDW_404e7e0:

                                                                      Page 12
                                                              C:\Users\nhuliyap\AppData\Local\Temp\gh_000098g1.s
000000ed 12              517 	.byte	18
000000ee 00000000*       518 	.word	.LDW_4b8e880
000000f2 00              519 	.byte	0
                         520 
000000f3 00              521 	.byte	0
                         522 
                         523 .LDW_4b907e8:
000000f4 45              524 	.byte	69
000000f5 01              525 	.byte	1
                         526 
                         527 .LDW_404ec30:
000000f6 12              528 	.byte	18
000000f7 00000000*       529 	.word	.LDW_4b8e880
000000fb 00              530 	.byte	0
                         531 
000000fc 00              532 	.byte	0
                         533 
                         534 .LDW_4b90660:
000000fd 45              535 	.byte	69
000000fe 01              536 	.byte	1
                         537 
                         538 .LDW_404e930:
000000ff 12              539 	.byte	18
00000100 00000000*       540 	.word	.LDW_404c2d0
00000104 00              541 	.byte	0
                         542 
00000105 00              543 	.byte	0
                         544 
                         545 .LDW_404bfd0:
00000106 28              546 	.byte	40
00000107 626f6f6c6561    547 	.strz	"boolean"
0000010d 6e00 
0000010f 4e              548 	.byte	78
00000110 49              549 	.byte	73
00000111 06              550 	.byte	6
00000112 00000000*       551 	.word	.LDW_4006d58
                         552 
                         553 	.section	.debug_abbrev
0000003b 28              554 	.byte	40
0000003c 16              555 	.byte	22
0000003d 00              556 	.byte	0
0000003e 0308            557 	.byte	3,8
00000040 3b0f            558 	.byte	59,15
00000042 390f            559 	.byte	57,15
00000044 3a0f            560 	.byte	58,15
00000046 4910            561 	.byte	73,16
00000048 0000            562 	.byte	0,0
                         563 
                         564 	.section	.debug_info
                         565 .LDW_404c220:
00000116 28              566 	.byte	40
00000117 75696e743136    567 	.strz	"uint16"
0000011d 00 
0000011e 52              568 	.byte	82
0000011f 4a              569 	.byte	74
00000120 06              570 	.byte	6
00000121 00000000*       571 	.word	.LDW_40070a0
                         572 
                         573 .LDW_404c2d0:
00000125 28              574 	.byte	40
00000126 75696e743332    575 	.strz	"uint32"

                                                                      Page 13
                                                              C:\Users\nhuliyap\AppData\Local\Temp\gh_000098g1.s
0000012c 00 
0000012d 54              576 	.byte	84
0000012e 4a              577 	.byte	74
0000012f 06              578 	.byte	6
00000130 00000000*       579 	.word	.LDW_4007378
                         580 
                         581 .LDW_4b227c0:
00000134 2e              582 	.byte	46
00000135 00              583 	.byte	0
00000136 27              584 	.byte	39
00000137 0d              585 	.byte	13
00000138 0e              586 	.byte	14
00000139 01              587 	.byte	1
0000013a 01              588 	.byte	1
                         589 
                         590 	.section	.debug_abbrev
0000004a 2e              591 	.byte	46
0000004b 04              592 	.byte	4
0000004c 01              593 	.byte	1
0000004d 0308            594 	.byte	3,8
0000004f 3b0f            595 	.byte	59,15
00000051 390f            596 	.byte	57,15
00000053 3a0f            597 	.byte	58,15
00000055 0b0f            598 	.byte	11,15
00000057 320b            599 	.byte	50,11
00000059 0000            600 	.byte	0,0
                         601 
                         602 	.section	.debug_info
                         603 .LDW_4b226e0:
0000013b 2d              604 	.byte	45
0000013c 4750494f5f4c    605 	.strz	"GPIO_LED1"
00000142 45443100 
00000146 28              606 	.byte	40
00000147 07              607 	.byte	7
00000148 0e              608 	.byte	14
00000149 00              609 	.byte	0
                         610 
                         611 	.section	.debug_abbrev
0000005b 2d              612 	.byte	45
0000005c 28              613 	.byte	40
0000005d 00              614 	.byte	0
0000005e 0308            615 	.byte	3,8
00000060 3b0f            616 	.byte	59,15
00000062 390f            617 	.byte	57,15
00000064 3a0f            618 	.byte	58,15
00000066 1c0d            619 	.byte	28,13
00000068 0000            620 	.byte	0,0
                         621 
                         622 	.section	.debug_info
                         623 .LDW_4b22760:
0000014a 2d              624 	.byte	45
0000014b 4750494f5f4c    625 	.strz	"GPIO_LCD_E"
00000151 43445f4500 
00000156 29              626 	.byte	41
00000157 07              627 	.byte	7
00000158 0e              628 	.byte	14
00000159 01              629 	.byte	1
                         630 
                         631 .LDW_4b21fe0:
0000015a 2d              632 	.byte	45
0000015b 4750494f5f4c    633 	.strz	"GPIO_LCD_RW"

                                                                      Page 14
                                                              C:\Users\nhuliyap\AppData\Local\Temp\gh_000098g1.s
00000161 43445f525700 
00000167 2a              634 	.byte	42
00000168 07              635 	.byte	7
00000169 0e              636 	.byte	14
0000016a 02              637 	.byte	2
                         638 
                         639 .LDW_4b22060:
0000016b 2d              640 	.byte	45
0000016c 4750494f5f4c    641 	.strz	"GPIO_LCD_RS"
00000172 43445f525300 
00000178 2b              642 	.byte	43
00000179 07              643 	.byte	7
0000017a 0e              644 	.byte	14
0000017b 03              645 	.byte	3
                         646 
                         647 .LDW_4b221a0:
0000017c 2d              648 	.byte	45
0000017d 4750494f5f52    649 	.strz	"GPIO_RES_OUT"
00000183 45535f4f5554 
00000189 00 
0000018a 2c              650 	.byte	44
0000018b 07              651 	.byte	7
0000018c 0e              652 	.byte	14
0000018d 04              653 	.byte	4
                         654 
                         655 .LDW_4b221e0:
0000018e 2d              656 	.byte	45
0000018f 4750494f5f44    657 	.strz	"GPIO_DIN"
00000195 494e00 
00000198 2d              658 	.byte	45
00000199 07              659 	.byte	7
0000019a 0e              660 	.byte	14
0000019b 05              661 	.byte	5
                         662 
                         663 .LDW_4b8fb50:
0000019c 2d              664 	.byte	45
0000019d 4750494f5f53    665 	.strz	"GPIO_SELDP0"
000001a3 454c44503000 
000001a9 2e              666 	.byte	46
000001aa 07              667 	.byte	7
000001ab 0e              668 	.byte	14
000001ac 06              669 	.byte	6
                         670 
                         671 .LDW_4b8fb90:
000001ad 2d              672 	.byte	45
000001ae 4750494f5f53    673 	.strz	"GPIO_SELDP1"
000001b4 454c44503100 
000001ba 2f              674 	.byte	47
000001bb 07              675 	.byte	7
000001bc 0e              676 	.byte	14
000001bd 07              677 	.byte	7
                         678 
                         679 .LDW_4b8fc90:
000001be 2d              680 	.byte	45
000001bf 4750494f5f53    681 	.strz	"GPIO_SELDP2"
000001c5 454c44503200 
000001cb 30              682 	.byte	48
000001cc 07              683 	.byte	7
000001cd 0e              684 	.byte	14
000001ce 08              685 	.byte	8
                         686 

                                                                      Page 15
                                                              C:\Users\nhuliyap\AppData\Local\Temp\gh_000098g1.s
                         687 .LDW_4b8ff50:
000001cf 2d              688 	.byte	45
000001d0 4750494f5f49    689 	.strz	"GPIO_INTP"
000001d6 4e545000 
000001da 31              690 	.byte	49
000001db 07              691 	.byte	7
000001dc 0e              692 	.byte	14
000001dd 09              693 	.byte	9
                         694 
                         695 .LDW_4b8ff10:
000001de 2d              696 	.byte	45
000001df 4750494f5f45    697 	.strz	"GPIO_EN_TJA"
000001e5 4e5f544a4100 
000001eb 32              698 	.byte	50
000001ec 07              699 	.byte	7
000001ed 0e              700 	.byte	14
000001ee 0a              701 	.byte	10
                         702 
                         703 .LDW_4b8fe90:
000001ef 2d              704 	.byte	45
000001f0 4750494f5f45    705 	.strz	"GPIO_ERR_TJA"
000001f6 52525f544a41 
000001fc 00 
000001fd 33              706 	.byte	51
000001fe 07              707 	.byte	7
000001ff 0e              708 	.byte	14
00000200 0b              709 	.byte	11
                         710 
                         711 .LDW_4b8fb10:
00000201 2d              712 	.byte	45
00000202 4750494f5f53    713 	.strz	"GPIO_STB_TJA"
00000208 54425f544a41 
0000020e 00 
0000020f 34              714 	.byte	52
00000210 07              715 	.byte	7
00000211 0e              716 	.byte	14
00000212 0c              717 	.byte	12
                         718 
                         719 .LDW_4b90090:
00000213 2d              720 	.byte	45
00000214 4750494f5f43    721 	.strz	"GPIO_CS_ATA"
0000021a 535f41544100 
00000220 35              722 	.byte	53
00000221 07              723 	.byte	7
00000222 0e              724 	.byte	14
00000223 0d              725 	.byte	13
                         726 
                         727 .LDW_4b8ff90:
00000224 2d              728 	.byte	45
00000225 4750494f5f53    729 	.strz	"GPIO_SPI_MOSI"
0000022b 50495f4d4f53 
00000231 4900 
00000233 36              730 	.byte	54
00000234 07              731 	.byte	7
00000235 0e              732 	.byte	14
00000236 0e              733 	.byte	14
                         734 
                         735 .LDW_4b8fc50:
00000237 2d              736 	.byte	45
00000238 4750494f5f53    737 	.strz	"GPIO_SPI_CLK"
0000023e 50495f434c4b 

                                                                      Page 16
                                                              C:\Users\nhuliyap\AppData\Local\Temp\gh_000098g1.s
00000244 00 
00000245 37              738 	.byte	55
00000246 07              739 	.byte	7
00000247 0e              740 	.byte	14
00000248 0f              741 	.byte	15
                         742 
                         743 .LDW_4b8fc10:
00000249 2d              744 	.byte	45
0000024a 4750494f5f53    745 	.strz	"GPIO_SPI_MISO"
00000250 50495f4d4953 
00000256 4f00 
00000258 38              746 	.byte	56
00000259 07              747 	.byte	7
0000025a 0e              748 	.byte	14
0000025b 10              749 	.byte	16
                         750 
                         751 .LDW_4b8fbd0:
0000025c 2d              752 	.byte	45
0000025d 4750494f5f43    753 	.strz	"GPIO_CHK_FREQ"
00000263 484b5f465245 
00000269 5100 
0000026b 39              754 	.byte	57
0000026c 07              755 	.byte	7
0000026d 0e              756 	.byte	14
0000026e 11              757 	.byte	17
                         758 
                         759 .LDW_4b8fcd0:
0000026f 2d              760 	.byte	45
00000270 4750494f5f50    761 	.strz	"GPIO_PWR_ATA"
00000276 57525f415441 
0000027c 00 
0000027d 3a              762 	.byte	58
0000027e 07              763 	.byte	7
0000027f 0e              764 	.byte	14
00000280 12              765 	.byte	18
                         766 
                         767 .LDW_4b8fa10:
00000281 2d              768 	.byte	45
00000282 4750494f5f50    769 	.strz	"GPIO_PWR_B1ATA"
00000288 57525f423141 
0000028e 544100 
00000291 3b              770 	.byte	59
00000292 07              771 	.byte	7
00000293 0e              772 	.byte	14
00000294 13              773 	.byte	19
                         774 
                         775 .LDW_4b8fd10:
00000295 2d              776 	.byte	45
00000296 4750494f5f50    777 	.strz	"GPIO_PWR_B2ATA"
0000029c 57525f423241 
000002a2 544100 
000002a5 3c              778 	.byte	60
000002a6 07              779 	.byte	7
000002a7 0e              780 	.byte	14
000002a8 14              781 	.byte	20
                         782 
                         783 .LDW_4b8ffd0:
000002a9 2d              784 	.byte	45
000002aa 4750494f5f49    785 	.strz	"GPIO_IRQ_ATA"
000002b0 52515f415441 
000002b6 00 

                                                                      Page 17
                                                              C:\Users\nhuliyap\AppData\Local\Temp\gh_000098g1.s
000002b7 3d              786 	.byte	61
000002b8 07              787 	.byte	7
000002b9 0e              788 	.byte	14
000002ba 15              789 	.byte	21
                         790 
                         791 .LDW_4b8fa50:
000002bb 2d              792 	.byte	45
000002bc 4750494f5f54    793 	.strz	"GPIO_TP0"
000002c2 503000 
000002c5 3e              794 	.byte	62
000002c6 07              795 	.byte	7
000002c7 0e              796 	.byte	14
000002c8 16              797 	.byte	22
                         798 
                         799 .LDW_4b90010:
000002c9 2d              800 	.byte	45
000002ca 4750494f5f54    801 	.strz	"GPIO_TP1"
000002d0 503100 
000002d3 3f              802 	.byte	63
000002d4 07              803 	.byte	7
000002d5 0e              804 	.byte	14
000002d6 17              805 	.byte	23
                         806 
                         807 .LDW_4b8fe10:
000002d7 2d              808 	.byte	45
000002d8 4750494f5f54    809 	.strz	"GPIO_TP2"
000002de 503200 
000002e1 40              810 	.byte	64
000002e2 07              811 	.byte	7
000002e3 0e              812 	.byte	14
000002e4 18              813 	.byte	24
                         814 
                         815 .LDW_4b8fed0:
000002e5 2d              816 	.byte	45
000002e6 4750494f5f54    817 	.strz	"GPIO_TP3"
000002ec 503300 
000002ef 41              818 	.byte	65
000002f0 07              819 	.byte	7
000002f1 0e              820 	.byte	14
000002f2 19              821 	.byte	25
                         822 
000002f3 00              823 	.byte	0
                         824 
                         825 .LDW_4b8e880:
000002f4 28              826 	.byte	40
000002f5 547970655f4d    827 	.strz	"Type_McalDio_eName"
000002fb 63616c44696f 
00000301 5f654e616d65 
00000307 00 
00000308 42              828 	.byte	66
00000309 02              829 	.byte	2
0000030a 0e              830 	.byte	14
0000030b 00000000*       831 	.word	.LDW_4b227c0
                         832 
                         833 .LDW_4b22cc0:
0000030f 16              834 	.byte	22
00000310 4750494f5f69    835 	.strz	"GPIO_input_read"
00000316 6e7075745f72 
0000031c 65616400 
00000320 12              836 	.byte	18
00000321 11              837 	.byte	17

                                                                      Page 18
                                                              C:\Users\nhuliyap\AppData\Local\Temp\gh_000098g1.s
00000322 0c              838 	.byte	12
00000323 00000000*       839 	.word	.LDW_404c220
00000327 01              840 	.byte	1
00000328 00              841 	.byte	0
00000329 01              842 	.byte	1
0000032a 01              843 	.byte	1
0000032b 00              844 	.byte	0
0000032c 01              845 	.byte	1
                         846 
                         847 	.section	.debug_abbrev
0000006a 16              848 	.byte	22
0000006b 2e              849 	.byte	46
0000006c 01              850 	.byte	1
0000006d 0308            851 	.byte	3,8
0000006f 3b0f            852 	.byte	59,15
00000071 390f            853 	.byte	57,15
00000073 3a0f            854 	.byte	58,15
00000075 4910            855 	.byte	73,16
00000077 3c0c            856 	.byte	60,12
00000079 200b            857 	.byte	32,11
0000007b 3f0c            858 	.byte	63,12
0000007d 320b            859 	.byte	50,11
0000007f 4c0b            860 	.byte	76,11
00000081 270c            861 	.byte	39,12
00000083 0000            862 	.byte	0,0
                         863 
                         864 	.section	.debug_info
0000032d 00              865 	.byte	0
                         866 
                         867 .LDW_4b22d58:
0000032e 15              868 	.byte	21
0000032f 4750494f5f6f    869 	.strz	"GPIO_output_on"
00000335 75747075745f 
0000033b 6f6e00 
0000033e 13              870 	.byte	19
0000033f 11              871 	.byte	17
00000340 0c              872 	.byte	12
00000341 01              873 	.byte	1
00000342 00              874 	.byte	0
00000343 01              875 	.byte	1
00000344 01              876 	.byte	1
00000345 00              877 	.byte	0
00000346 01              878 	.byte	1
                         879 
                         880 	.section	.debug_abbrev
00000085 15              881 	.byte	21
00000086 2e              882 	.byte	46
00000087 01              883 	.byte	1
00000088 0308            884 	.byte	3,8
0000008a 3b0f            885 	.byte	59,15
0000008c 390f            886 	.byte	57,15
0000008e 3a0f            887 	.byte	58,15
00000090 3c0c            888 	.byte	60,12
00000092 200b            889 	.byte	32,11
00000094 3f0c            890 	.byte	63,12
00000096 320b            891 	.byte	50,11
00000098 4c0b            892 	.byte	76,11
0000009a 270c            893 	.byte	39,12
0000009c 0000            894 	.byte	0,0
                         895 
                         896 	.section	.debug_info

                                                                      Page 19
                                                              C:\Users\nhuliyap\AppData\Local\Temp\gh_000098g1.s
00000347 00              897 	.byte	0
                         898 
                         899 .LDW_4b90bb8:
00000348 15              900 	.byte	21
00000349 4d63616c4469    901 	.strz	"McalDio_vInitOutputOff"
0000034f 6f5f76496e69 
00000355 744f75747075 
0000035b 744f666600 
00000360 19              902 	.byte	25
00000361 11              903 	.byte	17
00000362 0c              904 	.byte	12
00000363 01              905 	.byte	1
00000364 00              906 	.byte	0
00000365 01              907 	.byte	1
00000366 01              908 	.byte	1
00000367 00              909 	.byte	0
00000368 01              910 	.byte	1
                         911 
00000369 00              912 	.byte	0
                         913 
                         914 .LDW_4b91370:
0000036a 15              915 	.byte	21
0000036b 576169744861    916 	.strz	"WaitHard"
00000371 726400 
00000374 17              917 	.byte	23
00000375 0d              918 	.byte	13
00000376 11              919 	.byte	17
00000377 01              920 	.byte	1
00000378 00              921 	.byte	0
00000379 01              922 	.byte	1
0000037a 01              923 	.byte	1
0000037b 00              924 	.byte	0
0000037c 01              925 	.byte	1
                         926 
0000037d 00              927 	.byte	0
                         928 
                         929 .LDW_404bea0:
0000037e 13              930 	.byte	19
0000037f 545243565f53    931 	.strz	"TRCV_Standby"
00000385 74616e646279 
0000038b 00 
0000038c 06              932 	.byte	6
0000038d 06              933 	.byte	6
0000038e 01              934 	.byte	1
0000038f 00000000*       935 	.word	_TRCV_Standby
00000393 00000000*       936 	.word	___ghs_eofn_TRCV_Standby
00000397 0153            937 	.byte	1,83
00000399 8280808008      938 	.byte	130,128,128,128,8
0000039e 04              939 	.byte	4
0000039f 03              940 	.byte	3
000003a0 04              941 	.byte	4
000003a1 00              942 	.byte	0
000003a2 00              943 	.byte	0
000003a3 00              944 	.byte	0
000003a4 01              945 	.byte	1
000003a5 01              946 	.byte	1
000003a6 00              947 	.byte	0
000003a7 01              948 	.byte	1
                         949 
                         950 	.section	.debug_abbrev
0000009e 13              951 	.byte	19

                                                                      Page 20
                                                              C:\Users\nhuliyap\AppData\Local\Temp\gh_000098g1.s
0000009f 2e              952 	.byte	46
000000a0 01              953 	.byte	1
000000a1 0308            954 	.byte	3,8
000000a3 3b0f            955 	.byte	59,15
000000a5 390f            956 	.byte	57,15
000000a7 3a0f            957 	.byte	58,15
000000a9 1101            958 	.byte	17,1
000000ab 1201            959 	.byte	18,1
000000ad 400a            960 	.byte	64,10
000000af 8341            961 	.byte	131,65
000000b1 0f              962 	.byte	15
000000b2 8741            963 	.byte	135,65
000000b4 0d              964 	.byte	13
000000b5 8541            965 	.byte	133,65
000000b7 0f              966 	.byte	15
000000b8 8641            967 	.byte	134,65
000000ba 0d              968 	.byte	13
000000bb 9241            969 	.byte	146,65
000000bd 0f              970 	.byte	15
000000be 3c0c            971 	.byte	60,12
000000c0 200b            972 	.byte	32,11
000000c2 3f0c            973 	.byte	63,12
000000c4 320b            974 	.byte	50,11
000000c6 4c0b            975 	.byte	76,11
000000c8 270c            976 	.byte	39,12
000000ca 0000            977 	.byte	0,0
                         978 
                         979 	.section	.debug_frame
                         980 .LDW_4b8fa90:
00000090 00000000*       981 	.word	.LDW_unq_4-.LDW_unq_3
                         982 .LDW_unq_3:
00000094 00000000*       983 	.word	.LDW_4b64368
00000098 00000000*       984 	.word	_TRCV_Standby
0000009c 00000000*       985 	.word	___ghs_eofn_TRCV_Standby-_TRCV_Standby
000000a0 44              986 	.byte	68
000000a1 9f              987 	.byte	159
000000a2 00              988 	.byte	0
000000a3 01              989 	.byte	1
000000a4 00000000*       990 	.word	.LDW11
000000a8 44              991 	.byte	68
000000a9 df              992 	.byte	223
000000aa 00              993 	.byte	0
000000ab 00              994 	.byte	0
                         995 .LDW_unq_4:
                         996 	.section	.debug_line
000002df 000502          997 	.byte	0,5,2
000002e2 00000000*       998 	.word	_TRCV_Standby
000002e6 03              999 	.byte	3
000002e7 05             1000 	.byte	5
000002e8 02             1001 	.byte	2
000002e9 00             1002 	.byte	0
000002ea 01             1003 	.byte	1
000002eb 06             1004 	.byte	6
000002ec 1b             1005 	.byte	27
000002ed 000502         1006 	.byte	0,5,2
000002f0 00000000*      1007 	.word	.LDWlin1
000002f4 0b             1008 	.byte	11
000002f5 000502         1009 	.byte	0,5,2
000002f8 00000000*      1010 	.word	.LDWlin2
000002fc 0b             1011 	.byte	11
000002fd 000502         1012 	.byte	0,5,2

                                                                      Page 21
                                                              C:\Users\nhuliyap\AppData\Local\Temp\gh_000098g1.s
00000300 00000000*      1013 	.word	.LDWlin3
00000304 0b             1014 	.byte	11
00000305 000502         1015 	.byte	0,5,2
00000308 00000000*      1016 	.word	.LDWlin4
0000030c 0b             1017 	.byte	11
0000030d 02             1018 	.byte	2
0000030e 04             1019 	.byte	4
0000030f 000101         1020 	.byte	0,1,1
                        1021 	.section	.debug_info
                        1022 .LDW_404ee10:
000003a8 1d             1023 	.byte	29
000003a9 00000000*      1024 	.word	.LDW01
000003ad 00000000*      1025 	.word	.LDW11
                        1026 
                        1027 	.section	.debug_abbrev
000000cc 1d             1028 	.byte	29
000000cd 0b             1029 	.byte	11
000000ce 01             1030 	.byte	1
000000cf 1101           1031 	.byte	17,1
000000d1 1201           1032 	.byte	18,1
000000d3 0000           1033 	.byte	0,0
                        1034 
                        1035 	.section	.debug_info
000003b1 00             1036 	.byte	0
                        1037 
000003b2 00             1038 	.byte	0
                        1039 
                        1040 .LDW_404bf38:
000003b3 13             1041 	.byte	19
000003b4 545243565f4e   1042 	.strz	"TRCV_Normal"
000003ba 6f726d616c00 
000003c0 0d             1043 	.byte	13
000003c1 06             1044 	.byte	6
000003c2 01             1045 	.byte	1
000003c3 00000000*      1046 	.word	_TRCV_Normal
000003c7 00000000*      1047 	.word	___ghs_eofn_TRCV_Normal
000003cb 0153           1048 	.byte	1,83
000003cd 8280808008     1049 	.byte	130,128,128,128,8
000003d2 04             1050 	.byte	4
000003d3 03             1051 	.byte	3
000003d4 04             1052 	.byte	4
000003d5 00             1053 	.byte	0
000003d6 00             1054 	.byte	0
000003d7 00             1055 	.byte	0
000003d8 01             1056 	.byte	1
000003d9 01             1057 	.byte	1
000003da 00             1058 	.byte	0
000003db 01             1059 	.byte	1
                        1060 
                        1061 	.section	.debug_frame
                        1062 .LDW_4b8f9d0:
000000ac 00000000*      1063 	.word	.LDW_unq_6-.LDW_unq_5
                        1064 .LDW_unq_5:
000000b0 00000000*      1065 	.word	.LDW_4b64368
000000b4 00000000*      1066 	.word	_TRCV_Normal
000000b8 00000000*      1067 	.word	___ghs_eofn_TRCV_Normal-_TRCV_Normal
000000bc 44             1068 	.byte	68
000000bd 9f             1069 	.byte	159
000000be 00             1070 	.byte	0
000000bf 01             1071 	.byte	1
000000c0 00000000*      1072 	.word	.LDW31

                                                                      Page 22
                                                              C:\Users\nhuliyap\AppData\Local\Temp\gh_000098g1.s
000000c4 44             1073 	.byte	68
000000c5 df             1074 	.byte	223
000000c6 00             1075 	.byte	0
000000c7 00             1076 	.byte	0
                        1077 .LDW_unq_6:
                        1078 	.section	.debug_line
00000312 000502         1079 	.byte	0,5,2
00000315 00000000*      1080 	.word	_TRCV_Normal
00000319 03             1081 	.byte	3
0000031a 0c             1082 	.byte	12
0000031b 02             1083 	.byte	2
0000031c 00             1084 	.byte	0
0000031d 01             1085 	.byte	1
0000031e 06             1086 	.byte	6
0000031f 1b             1087 	.byte	27
00000320 000502         1088 	.byte	0,5,2
00000323 00000000*      1089 	.word	.LDWlin5
00000327 0b             1090 	.byte	11
00000328 000502         1091 	.byte	0,5,2
0000032b 00000000*      1092 	.word	.LDWlin6
0000032f 0b             1093 	.byte	11
00000330 02             1094 	.byte	2
00000331 04             1095 	.byte	4
00000332 000101         1096 	.byte	0,1,1
                        1097 	.section	.debug_info
                        1098 .LDW_404ed20:
000003dc 1d             1099 	.byte	29
000003dd 00000000*      1100 	.word	.LDW21
000003e1 00000000*      1101 	.word	.LDW31
                        1102 
000003e5 00             1103 	.byte	0
                        1104 
000003e6 00             1105 	.byte	0
                        1106 
                        1107 .LDW_404c028:
000003e7 14             1108 	.byte	20
000003e8 545243565f47   1109 	.strz	"TRCV_GetWakeupFlag"
000003ee 657457616b65 
000003f4 7570466c6167 
000003fa 00 
000003fb 12             1110 	.byte	18
000003fc 09             1111 	.byte	9
000003fd 01             1112 	.byte	1
000003fe 00000000*      1113 	.word	.LDW_404bfd0
00000402 00000000*      1114 	.word	_TRCV_GetWakeupFlag
00000406 00000000*      1115 	.word	___ghs_eofn_TRCV_GetWakeupFlag
0000040a 0153           1116 	.byte	1,83
0000040c 8280808008     1117 	.byte	130,128,128,128,8
00000411 04             1118 	.byte	4
00000412 03             1119 	.byte	3
00000413 04             1120 	.byte	4
00000414 00             1121 	.byte	0
00000415 00             1122 	.byte	0
00000416 00             1123 	.byte	0
00000417 01             1124 	.byte	1
00000418 01             1125 	.byte	1
00000419 00             1126 	.byte	0
0000041a 01             1127 	.byte	1
                        1128 
                        1129 	.section	.debug_abbrev
000000d5 14             1130 	.byte	20

                                                                      Page 23
                                                              C:\Users\nhuliyap\AppData\Local\Temp\gh_000098g1.s
000000d6 2e             1131 	.byte	46
000000d7 01             1132 	.byte	1
000000d8 0308           1133 	.byte	3,8
000000da 3b0f           1134 	.byte	59,15
000000dc 390f           1135 	.byte	57,15
000000de 3a0f           1136 	.byte	58,15
000000e0 4910           1137 	.byte	73,16
000000e2 1101           1138 	.byte	17,1
000000e4 1201           1139 	.byte	18,1
000000e6 400a           1140 	.byte	64,10
000000e8 8341           1141 	.byte	131,65
000000ea 0f             1142 	.byte	15
000000eb 8741           1143 	.byte	135,65
000000ed 0d             1144 	.byte	13
000000ee 8541           1145 	.byte	133,65
000000f0 0f             1146 	.byte	15
000000f1 8641           1147 	.byte	134,65
000000f3 0d             1148 	.byte	13
000000f4 9241           1149 	.byte	146,65
000000f6 0f             1150 	.byte	15
000000f7 3c0c           1151 	.byte	60,12
000000f9 200b           1152 	.byte	32,11
000000fb 3f0c           1153 	.byte	63,12
000000fd 320b           1154 	.byte	50,11
000000ff 4c0b           1155 	.byte	76,11
00000101 270c           1156 	.byte	39,12
00000103 0000           1157 	.byte	0,0
                        1158 
                        1159 	.section	.debug_frame
                        1160 .LDW_4b8f610:
000000c8 00000000*      1161 	.word	.LDW_unq_8-.LDW_unq_7
                        1162 .LDW_unq_7:
000000cc 00000000*      1163 	.word	.LDW_4b64368
000000d0 00000000*      1164 	.word	_TRCV_GetWakeupFlag
000000d4 00000000*      1165 	.word	___ghs_eofn_TRCV_GetWakeupFlag-_TRCV_GetWakeupFlag
000000d8 44             1166 	.byte	68
000000d9 9f             1167 	.byte	159
000000da 00             1168 	.byte	0
000000db 01             1169 	.byte	1
000000dc 00000000*      1170 	.word	.LDW51
000000e0 44             1171 	.byte	68
000000e1 df             1172 	.byte	223
000000e2 00             1173 	.byte	0
000000e3 00             1174 	.byte	0
                        1175 .LDW_unq_8:
                        1176 	.section	.debug_line
00000335 000502         1177 	.byte	0,5,2
00000338 00000000*      1178 	.word	_TRCV_GetWakeupFlag
0000033c 03             1179 	.byte	3
0000033d 11             1180 	.byte	17
0000033e 02             1181 	.byte	2
0000033f 00             1182 	.byte	0
00000340 01             1183 	.byte	1
00000341 06             1184 	.byte	6
00000342 1c             1185 	.byte	28
00000343 000502         1186 	.byte	0,5,2
00000346 00000000*      1187 	.word	.LDWlin7
0000034a 03             1188 	.byte	3
0000034b 06             1189 	.byte	6
0000034c 02             1190 	.byte	2
0000034d 00             1191 	.byte	0

                                                                      Page 24
                                                              C:\Users\nhuliyap\AppData\Local\Temp\gh_000098g1.s
0000034e 01             1192 	.byte	1
0000034f 02             1193 	.byte	2
00000350 00             1194 	.byte	0
00000351 0b             1195 	.byte	11
00000352 02             1196 	.byte	2
00000353 04             1197 	.byte	4
00000354 000101         1198 	.byte	0,1,1
                        1199 	.section	.debug_info
                        1200 .LDW_404eb40:
0000041b 1d             1201 	.byte	29
0000041c 00000000*      1202 	.word	.LDW41
00000420 00000000*      1203 	.word	.LDW51
                        1204 
                        1205 .LDW_404c0c0:
00000424 04             1206 	.byte	4
00000425 625265745661   1207 	.strz	"bRetVal"
0000042b 6c00 
0000042d 13             1208 	.byte	19
0000042e 0b             1209 	.byte	11
0000042f 01             1210 	.byte	1
00000430 00000000*      1211 	.word	.LDW_404bfd0
00000434 00             1212 	.byte	0
00000435 00             1213 	.byte	0
00000436 015a           1214 	.byte	1,90
                        1215 
                        1216 	.section	.debug_abbrev
00000105 04             1217 	.byte	4
00000106 34             1218 	.byte	52
00000107 00             1219 	.byte	0
00000108 0308           1220 	.byte	3,8
0000010a 3b0f           1221 	.byte	59,15
0000010c 390f           1222 	.byte	57,15
0000010e 3a0f           1223 	.byte	58,15
00000110 4910           1224 	.byte	73,16
00000112 3f0c           1225 	.byte	63,12
00000114 3c0c           1226 	.byte	60,12
00000116 020a           1227 	.byte	2,10
00000118 0000           1228 	.byte	0,0
                        1229 
                        1230 	.section	.debug_info
00000438 00             1231 	.byte	0
                        1232 
00000439 00             1233 	.byte	0
                        1234 
0000043a 00             1235 	.byte	0
                        1236 
                        1237 	.section	.debug_line
                        1238 .Ldw_line_end:
                        1239 	.section	.debug_macinfo
00000000 01             1240 	.byte	1
00000001 00             1241 	.byte	0
00000002 5f5f6768735f   1242 	.strz	"__ghs__ 1"
00000008 5f203100 
0000000c 01             1243 	.byte	1
0000000d 00             1244 	.byte	0
0000000e 5f5f4c4c4f4e   1245 	.strz	"__LLONG_BIT 64"
00000014 475f42495420 
0000001a 363400 
0000001d 01             1246 	.byte	1
0000001e 00             1247 	.byte	0
0000001f 4e4f545f5245   1248 	.strz	"NOT_READY_FOR_TESTING_OR_DEPLOYMENT 1"

                                                                      Page 25
                                                              C:\Users\nhuliyap\AppData\Local\Temp\gh_000098g1.s
00000025 4144595f464f 
0000002b 525f54455354 
00000031 494e475f4f52 
00000037 5f4445504c4f 
0000003d 594d454e5420 
00000043 3100 
00000045 03             1249 	.byte	3
00000046 00             1250 	.byte	0
00000047 01             1251 	.byte	1
00000048 03             1252 	.byte	3
00000049 01             1253 	.byte	1
0000004a 02             1254 	.byte	2
0000004b 03             1255 	.byte	3
0000004c 05             1256 	.byte	5
0000004d 03             1257 	.byte	3
0000004e 03             1258 	.byte	3
0000004f 08             1259 	.byte	8
00000050 04             1260 	.byte	4
00000051 03             1261 	.byte	3
00000052 04             1262 	.byte	4
00000053 05             1263 	.byte	5
00000054 03             1264 	.byte	3
00000055 1c             1265 	.byte	28
00000056 06             1266 	.byte	6
00000057 01             1267 	.byte	1
00000058 3c             1268 	.byte	60
00000059 545255452031   1269 	.strz	"TRUE 1u"
0000005f 7500 
00000061 01             1270 	.byte	1
00000062 40             1271 	.byte	64
00000063 46414c534520   1272 	.strz	"FALSE 0u"
00000069 307500 
0000006c 04             1273 	.byte	4
0000006d 03             1274 	.byte	3
0000006e 1d             1275 	.byte	29
0000006f 07             1276 	.byte	7
00000070 03             1277 	.byte	3
00000071 1b             1278 	.byte	27
00000072 08             1279 	.byte	8
00000073 03             1280 	.byte	3
00000074 54             1281 	.byte	84
00000075 09             1282 	.byte	9
00000076 04             1283 	.byte	4
00000077 04             1284 	.byte	4
00000078 01             1285 	.byte	1
00000079 37             1286 	.byte	55
0000007a 503256415228   1287 	.strz	"P2VAR(ptrtype,memclass,ptrclass) ptrtype*"
00000080 707472747970 
00000086 652c6d656d63 
0000008c 6c6173732c70 
00000092 7472636c6173 
00000098 732920707472 
0000009e 747970652a00 
000000a4 01             1288 	.byte	1
000000a5 3d             1289 	.byte	61
000000a6 434f4e535428   1290 	.strz	"CONST(type,memclass) const type"
000000ac 747970652c6d 
000000b2 656d636c6173 
000000b8 732920636f6e 
000000be 737420747970 
000000c4 6500 

                                                                      Page 26
                                                              C:\Users\nhuliyap\AppData\Local\Temp\gh_000098g1.s
000000c6 04             1291 	.byte	4
000000c7 04             1292 	.byte	4
000000c8 03             1293 	.byte	3
000000c9 05             1294 	.byte	5
000000ca 0a             1295 	.byte	10
000000cb 04             1296 	.byte	4
000000cc 04             1297 	.byte	4
000000cd 04             1298 	.byte	4
000000ce 04             1299 	.byte	4
000000cf 03             1300 	.byte	3
000000d0 02             1301 	.byte	2
000000d1 0b             1302 	.byte	11
000000d2 04             1303 	.byte	4
000000d3 03             1304 	.byte	3
000000d4 03             1305 	.byte	3
000000d5 0c             1306 	.byte	12
000000d6 03             1307 	.byte	3
000000d7 05             1308 	.byte	5
000000d8 0d             1309 	.byte	13
000000d9 03             1310 	.byte	3
000000da 1b             1311 	.byte	27
000000db 0e             1312 	.byte	14
000000dc 04             1313 	.byte	4
000000dd 04             1314 	.byte	4
000000de 03             1315 	.byte	3
000000df 06             1316 	.byte	6
000000e0 0f             1317 	.byte	15
000000e1 03             1318 	.byte	3
000000e2 1b             1319 	.byte	27
000000e3 10             1320 	.byte	16
000000e4 04             1321 	.byte	4
000000e5 04             1322 	.byte	4
000000e6 04             1323 	.byte	4
000000e7 03             1324 	.byte	3
000000e8 04             1325 	.byte	4
000000e9 11             1326 	.byte	17
000000ea 04             1327 	.byte	4
000000eb 04             1328 	.byte	4
000000ec 00             1329 	.byte	0
                        1330 	.section	.debug_abbrev
0000011a 00             1331 	.byte	0
                        1332 	.section	.debug_info
                        1333 .Ldw_end:
                        1334 .rh850_flags REGMODE32,DATA_ALIGN8,GP_FIX,EP_NONFIX,TP_FIX,REG2_RESERVE,G3K,GHS_MISALIGN,SDA_EXTRA_REGS_0
