                                                                      Page 1
                                                              C:\Users\nhuliyap\AppData\Local\Temp\gh_00006ek1.s
Command Line: C:\ghs\comp_201517\ease850.exe -w -elf -b0 -I../source/common -I../source/ProjectCompiler -I../source/ProjectCfg -I../source/SwcApplTpms -I../source/SwcApplTpms/Intface -I../source/SwcApplEcuM -I../source/SwcServiceEcuM -I../source/SwcServiceNvM -I../source/SwcServiceOs -I../source/SwcServiceStartUp -I../source/McalAdc -I../source/McalDio -I../source/McalGpt -I../source/McalMcu -I../source/McalWdg -I../source/wrappers -I../source/wrappers/McalAta -I../source/McalLin -I../source/McalCan -I../source/wrappers/OS -I../source/McalFls -I../source/EcuabFee -I../source/EcuabMemIf -I../source/wrappers/VStdLib -I../source/wrappers/Crc -I../source/wrappers/FBL_APPL -I../source/wrappers/CAN_MANAGER -I../source/wrappers/NVM_MANAGER -I../source/wrappers/DEM_MANAGER -I../source/wrappers/RDC_MANAGER -I../source/wrappers/ENV_MANAGER -I../source/wrappers/SYS_MANAGER -I../source/wrappers/EcuabCanIf -I../source/wrappers/SwcServiceCanSM -I../source/wrappers/SwcServiceCanTp -I../source/wrappers/SwcServiceCanTp_PreCompile -I../source/wrappers/SwcServiceCom -I../source/wrappers/SwcServiceComM -I../source/wrappers/SwcServiceComStack -I../source/wrappers/SwcServiceDcm -I../source/wrappers/SwcServicePduR -I../source/wrappers/SwcServiceEcuM -I../source/wrappers/Bfx -I../source/wrappers/SwcServiceDem -I../source/SwcServiceDet -I../source/SwcServiceFiM -I../source/wrappers/LibAutosarDiag -I../source/wrappers/rba_BswSrv -I../source/SwcServiceSchM -I../source/wrappers/SwcServiceComM/Integration -I../source/wrappers/SwcServicePduR/Integration -I../source/wrappers/EcuabCanIf/Integration -I../source/wrappers/SwcServiceCom/Integration -I../source/wrappers/SwcServiceCanTp/Integration -I../source/wrappers/SwcServiceEcuM/Integration -I../source/SwcServiceDet/Integration -I../source/wrappers/SwcServiceDcm/Integration -I../source/wrappers/SwcServiceDem/Integration -I../source/SwcServiceFiM/Integration -I../source/wrappers/EcuabCanIf/api -I../source/wrappers/SwcServiceCom/api -I../source/wrappers/SwcServiceComM/api -I../source/wrappers/SwcServicePduR/api -I../source/wrappers/Bfx/api -I../source/SwcServiceDet/api -I../source/SwcServiceFiM/api -I../source/wrappers/LibAutosarDiag/api -I../source/wrappers/rba_BswSrv/api -IC:\ghs\comp_201517\lib\rh850 -cg_underscore -cpu=rh850g3k -no_v850_simd -rh850_fpsimd=none -nomacro -patch_dbo=C:\_ECU2\ECU_Rivian_A1\Target\repo_projects\pRealEcu\cL_LATEST\make\output\objects\CfgMcalAdc.dbo -source=CfgMcalAdc.c -o output\objects\gh_00006ek1.o -list=output\list\CfgMcalAdc.lst C:\Users\nhuliyap\AppData\Local\Temp\gh_00006ek1.s 
Original File: C:\Users\nhuliyap\AppData\Local\Temp\gh_00006ek1.s
Source File: CfgMcalAdc.c
Directory: C:\_ECU2\ECU_Rivian_A1\Target\repo_projects\pRealEcu\cL_LATEST\make
Host OS: Windows
EASE: Copyright (C) 1983-2015 Green Hills Software.  All Rights Reserved.
Release: Compiler v2015.1.7
Build Directory: [Directory] BTOWORKER6:c:/build_2015_1_bto/2015-10-21.2100-2015_1_bto/win32-comp-ecom
Revision: [VCInfo] http://toolsvc/branches/release-branch-70-bto/src@544153 (built by build)
Revision Date: Thu Oct 22 07:50:13 2015

Release Date: Thu Oct 22 09:32:32 2015

                           1 --Driver Command: ccv850 ../source/ProjectCfg/CfgMcalAdc.c -cpu=rh850 -fhard
                           2 --		-ignore_callt_state_in_interrupts -large_sda -misalign_pack
                           3 --		-nofarcalls -nofloatio -no_callt -Ogeneral -Onounroll
                           4 --		-prepare_dispose -registermode=32 -reserve_r2 -sda=0
                           5 --		-shorten_loads -Wshadow --brief_diagnostics --no_commons
                           6 --		--no_wrap_diagnostics --prototype_errors --short_enum -list -G
                           7 --		-dual_debug -dwarf -X5523 -lnk=-no_xda_modifications -D
                           8 --		NOT_READY_FOR_TESTING_OR_DEPLOYMENT -D IBTCM_SW_ANPASSUNGEN -D
                           9 --		BUILD_LORDSTOWN -c -inline_prologue -I../source/common
                          10 --		-I../source/ProjectCompiler -I../source/ProjectCfg
                          11 --		-I../source/SwcApplTpms -I../source/SwcApplTpms/Intface
                          12 --		-I../source/SwcApplEcuM -I../source/SwcServiceEcuM
                          13 --		-I../source/SwcServiceNvM -I../source/SwcServiceOs
                          14 --		-I../source/SwcServiceStartUp -I../source/McalAdc
                          15 --		-I../source/McalDio -I../source/McalGpt -I../source/McalMcu
                          16 --		-I../source/McalWdg -I../source/wrappers
                          17 --		-I../source/wrappers/McalAta -I../source/McalLin
                          18 --		-I../source/McalCan -I../source/wrappers/OS -I../source/McalFls
                          19 --		-I../source/EcuabFee -I../source/EcuabMemIf
                          20 --		-I../source/wrappers/VStdLib -I../source/wrappers
                          21 --		-I../source/wrappers/Crc -I../source/wrappers/FBL_APPL
                          22 --		-I../source/wrappers/CAN_MANAGER -I../source/wrappers/NVM_MANAGER
                          23 --		-I../source/wrappers/DEM_MANAGER -I../source/wrappers/RDC_MANAGER
                          24 --		-I../source/wrappers/ENV_MANAGER -I../source/wrappers/SYS_MANAGER
                          25 --		-I../source/wrappers/EcuabCanIf
                          26 --		-I../source/wrappers/SwcServiceCanSM
                          27 --		-I../source/wrappers/SwcServiceCanTp
                          28 --		-I../source/wrappers/SwcServiceCanTp_PreCompile
                          29 --		-I../source/wrappers/SwcServiceCom
                          30 --		-I../source/wrappers/SwcServiceComM
                          31 --		-I../source/wrappers/SwcServiceComStack
                          32 --		-I../source/wrappers/SwcServiceDcm
                          33 --		-I../source/wrappers/SwcServicePduR
                          34 --		-I../source/wrappers/SwcServiceEcuM -I../source/wrappers/Bfx
                          35 --		-I../source/wrappers/SwcServiceDem -I../source/SwcServiceDet
                          36 --		-I../source/SwcServiceFiM -I../source/wrappers/LibAutosarDiag
                          37 --		-I../source/wrappers/rba_BswSrv -I../source/SwcServiceSchM
                          38 --		-I../source/wrappers/SwcServiceComM/Integration
                          39 --		-I../source/wrappers/SwcServicePduR/Integration
                          40 --		-I../source/wrappers/EcuabCanIf/Integration
                          41 --		-I../source/wrappers/SwcServiceCom/Integration
                          42 --		-I../source/wrappers/SwcServiceCanTp/Integration
                          43 --		-I../source/wrappers/SwcServiceEcuM/Integration
                          44 --		-I../source/SwcServiceDet/Integration
                          45 --		-I../source/wrappers/SwcServiceDcm/Integration
                          46 --		-I../source/wrappers/SwcServiceDem/Integration
                          47 --		-I../source/SwcServiceFiM/Integration
                          48 --		-I../source/wrappers/EcuabCanIf/api
                          49 --		-I../source/wrappers/SwcServiceCom/api
                          50 --		-I../source/wrappers/SwcServiceComM/api

                                                                      Page 2
                                                              C:\Users\nhuliyap\AppData\Local\Temp\gh_00006ek1.s
                          51 --		-I../source/wrappers/SwcServicePduR/api
                          52 --		-I../source/wrappers/Bfx/api -I../source/SwcServiceDet/api
                          53 --		-I../source/SwcServiceFiM/api
                          54 --		-I../source/wrappers/LibAutosarDiag/api
                          55 --		-I../source/wrappers/rba_BswSrv/api -object_dir=output/objects
                          56 --		-list_dir=output/list
                          57 --Source File:   ../source/ProjectCfg/CfgMcalAdc.c
                          58 --Directory:     
                          59 --		C:\_ECU2\ECU_Rivian_A1\Target\repo_projects\pRealEcu\cL_LATEST\make
                          60 --Compile Date:  Wed Sep 06 09:36:26 2023
                          61 --Host OS:       Win32
                          62 --Version:       C-RH850 2015.1.7 RELEASE VERSION
                          63 --Release:       Compiler v2015.1.7
                          64 --Revision Date: Thu Oct 22 08:06:12 2015
                          65 --Release Date:  Thu Oct 22 09:34:32 2015
                          66 -- ecom  -g -w -OM
                          67 
                          68 	.section ".rodata","a"
                          69 	.align	4
                          70 	.global	_CfgMcalAdc_st
00000000 02000000         71 _CfgMcalAdc_st:	.byte	2,0,0,0
00000004 02000000         72 	.byte	2,0,0,0
00000008 12000000         73 	.byte	18,0,0,0
0000000c 08000000         74 	.byte	8,0,0,0
00000010 10000000         75 	.byte	16,0,0,0
00000014 02000000         76 	.byte	2,0,0,0
00000018 02000000         77 	.byte	2,0,0,0
0000001c 16033208         78 	.byte	22,3,50,8
                          79 	.type	_CfgMcalAdc_st,@object
                          80 	.size	_CfgMcalAdc_st,32
                          81 	.data
                          82 	.ghsnote version,17
                          83 	.ghsnote tools,3
                          84 	.ghsnote options,144
                          85 	.text
                          86 ..bof.C.3A.5C_ECU2.5CECU_Rivian_A1.5CTarget.5Crepo_projects.5CpRealEcu.5CcL_LATEST.5Cmake.5Coutput.5Cobjects.5CCfgMcalAdc...43.3A.5C_ECU2.5CECU_Rivian_A1.5CTarget.5Crepo_projects.5CpRealEcu.5CcL_LATEST.5Cmake..64F82BFA..0::
                          87 ..eof.C.3A.5C_ECU2.5CECU_Rivian_A1.5CTarget.5Crepo_projects.5CpRealEcu.5CcL_LATEST.5Cmake.5Coutput.5Cobjects.5CCfgMcalAdc...43.3A.5C_ECU2.5CECU_Rivian_A1.5CTarget.5Crepo_projects.5CpRealEcu.5CcL_LATEST.5Cmake..64F82BFA..0::
                          88 	.section	.debug_info
                          89 .Ldw_begin:
00000000 78020000         90 	.word	.Ldw_end-.Ldw_begin-4
00000004 0200             91 	.byte	2,0
00000006 00000000*        92 	.word	.Ldw_abbr_begin
0000000a 04               93 	.byte	4
                          94 	.section	.debug_abbrev
                          95 .Ldw_abbr_begin:
                          96 	.section	.debug_info
0000000b 01               97 	.byte	1
0000000c 00000000*        98 	.word	..bof.C.3A.5C_ECU2.5CECU_Rivian_A1.5CTarget.5Crepo_projects.5CpRealEcu.5CcL_LATEST.5Cmake.5Coutput.5Cobjects.5CCfgMcalAdc...43.3A.5C_ECU2.5CECU_Rivian_A1.5CTarget.5Crepo_projects.5CpRealEcu.5CcL_LATEST.5Cmake..64F82BFA..0
00000010 00000000*        99 	.word	..eof.C.3A.5C_ECU2.5CECU_Rivian_A1.5CTarget.5Crepo_projects.5CpRealEcu.5CcL_LATEST.5Cmake.5Coutput.5Cobjects.5CCfgMcalAdc...43.3A.5C_ECU2.5CECU_Rivian_A1.5CTarget.5Crepo_projects.5CpRealEcu.5CcL_LATEST.5Cmake..64F82BFA..0
00000014 2e2e2f736f75    100 	.strz	"../source/ProjectCfg/CfgMcalAdc.c"
0000001a 7263652f5072 
00000020 6f6a65637443 
00000026 66672f436667 
0000002c 4d63616c4164 
00000032 632e6300 
00000036 433a5c5f4543    101 	.strz	"C:\\_ECU2\\ECU_Rivian_A1\\Target\\repo_projects\\pRealEcu\\cL_LATEST\\make"
0000003c 55325c454355 
00000042 5f5269766961 
00000048 6e5f41315c54 
0000004e 61726765745c 
00000054 7265706f5f70 

                                                                      Page 3
                                                              C:\Users\nhuliyap\AppData\Local\Temp\gh_00006ek1.s
0000005a 726f6a656374 
00000060 735c70526561 
00000066 6c4563755c63 
0000006c 4c5f4c415445 
00000072 53545c6d616b 
00000078 6500 
0000007a 474853204320    102 	.strz	"GHS C 2015.1.7 [dual]"
00000080 323031352e31 
00000086 2e37205b6475 
0000008c 616c5d00 
00000090 0100            103 	.byte	1,0
00000092 00000000*       104 	.word	.Ldw_line_begin
00000096 00000000*       105 	.word	.Ldw_macinfo_begin
0000009a 00              106 	.byte	0
                         107 
                         108 	.section	.debug_abbrev
00000000 01              109 	.byte	1
00000001 11              110 	.byte	17
00000002 01              111 	.byte	1
00000003 1101            112 	.byte	17,1
00000005 1201            113 	.byte	18,1
00000007 0308            114 	.byte	3,8
00000009 1b08            115 	.byte	27,8
0000000b 2508            116 	.byte	37,8
0000000d 1305            117 	.byte	19,5
0000000f 1006            118 	.byte	16,6
00000011 4306            119 	.byte	67,6
00000013 420b            120 	.byte	66,11
00000015 0000            121 	.byte	0,0
                         122 
                         123 	.section	.debug_line
                         124 .Ldw_line_begin:
00000000 69010000        125 	.word	.Ldw_line_end-.Ldw_line_begin-4
00000004 0200            126 	.byte	2,0
00000006 00000000*       127 	.word	.Ldw_lpro_end-.Ldw_lpro_begin
                         128 .Ldw_lpro_begin:
0000000a 01              129 	.byte	1
0000000b 00              130 	.byte	0
0000000c 00              131 	.byte	0
0000000d 04              132 	.byte	4
0000000e 0a              133 	.byte	10
0000000f 000101          134 	.byte	0,1,1
00000012 010100          135 	.byte	1,1,0
00000015 000001          136 	.byte	0,0,1
00000018 00              137 	.byte	0
00000019 2e2e2f736f75    138 	.strz	"../source/ProjectCfg/CfgMcalAdc.c"
0000001f 7263652f5072 
00000025 6f6a65637443 
0000002b 66672f436667 
00000031 4d63616c4164 
00000037 632e6300 
0000003b 000000          139 	.byte	0,0,0
0000003e 2e2e2f736f75    140 	.strz	"../source/common/Std_Types.hpp"
00000044 7263652f636f 
0000004a 6d6d6f6e2f53 
00000050 74645f547970 
00000056 65732e687070 
0000005c 00 
0000005d 000000          141 	.byte	0,0,0
00000060 2e2e2f736f75    142 	.strz	"../source/common/Platform_Types.hpp"
00000066 7263652f636f 

                                                                      Page 4
                                                              C:\Users\nhuliyap\AppData\Local\Temp\gh_00006ek1.s
0000006c 6d6d6f6e2f50 
00000072 6c6174666f72 
00000078 6d5f54797065 
0000007e 732e68707000 
00000084 000000          143 	.byte	0,0,0
00000087 2e2e2f736f75    144 	.strz	"../source/common/Compiler.hpp"
0000008d 7263652f636f 
00000093 6d6d6f6e2f43 
00000099 6f6d70696c65 
0000009f 722e68707000 
000000a5 000000          145 	.byte	0,0,0
000000a8 2e2e2f736f75    146 	.strz	"../source/ProjectCompiler/Compiler_Cfg.hpp"
000000ae 7263652f5072 
000000b4 6f6a65637443 
000000ba 6f6d70696c65 
000000c0 722f436f6d70 
000000c6 696c65725f43 
000000cc 66672e687070 
000000d2 00 
000000d3 000000          147 	.byte	0,0,0
000000d6 2e2e2f736f75    148 	.strz	"../source/ProjectCompiler/CompilerCfg_SwcServiceOs.hpp"
000000dc 7263652f5072 
000000e2 6f6a65637443 
000000e8 6f6d70696c65 
000000ee 722f436f6d70 
000000f4 696c65724366 
000000fa 675f53776353 
00000100 657276696365 
00000106 4f732e687070 
0000010c 00 
0000010d 000000          149 	.byte	0,0,0
00000110 2e2e2f736f75    150 	.strz	"../source/ProjectCfg/CfgMcalAdc.hpp"
00000116 7263652f5072 
0000011c 6f6a65637443 
00000122 66672f436667 
00000128 4d63616c4164 
0000012e 632e68707000 
00000134 000000          151 	.byte	0,0,0
00000137 2e2e2f736f75    152 	.strz	"../source/ProjectCompiler/CompilerCfg_McalAdc.hpp"
0000013d 7263652f5072 
00000143 6f6a65637443 
00000149 6f6d70696c65 
0000014f 722f436f6d70 
00000155 696c65724366 
0000015b 675f4d63616c 
00000161 4164632e6870 
00000167 7000 
00000169 000000          153 	.byte	0,0,0
0000016c 00              154 	.byte	0
                         155 .Ldw_lpro_end:
                         156 	.section	.debug_macinfo
                         157 .Ldw_macinfo_begin:
                         158 	.section	.debug_info
                         159 .LDW_40371f8:
0000009b 25              160 	.byte	37
0000009c 756e7369676e    161 	.strz	"unsigned char"
000000a2 656420636861 
000000a8 7200 
000000aa 08              162 	.byte	8
000000ab 01              163 	.byte	1
                         164 

                                                                      Page 5
                                                              C:\Users\nhuliyap\AppData\Local\Temp\gh_00006ek1.s
                         165 	.section	.debug_abbrev
00000017 25              166 	.byte	37
00000018 24              167 	.byte	36
00000019 00              168 	.byte	0
0000001a 0308            169 	.byte	3,8
0000001c 3e0b            170 	.byte	62,11
0000001e 0b0b            171 	.byte	11,11
00000020 0000            172 	.byte	0,0
                         173 
                         174 	.section	.debug_info
                         175 .LDW_4036e08:
000000ac 25              176 	.byte	37
000000ad 756e7369676e    177 	.strz	"unsigned short"
000000b3 65642073686f 
000000b9 727400 
000000bc 07              178 	.byte	7
000000bd 02              179 	.byte	2
                         180 
                         181 .LDW_4036d98:
000000be 25              182 	.byte	37
000000bf 756e7369676e    183 	.strz	"unsigned long"
000000c5 6564206c6f6e 
000000cb 6700 
000000cd 07              184 	.byte	7
000000ce 04              185 	.byte	4
                         186 
                         187 .LDW_4aa01d8:
000000cf 29              188 	.byte	41
000000d0 00000000*       189 	.word	.LDW_4aa0440
                         190 
                         191 	.section	.debug_abbrev
00000022 29              192 	.byte	41
00000023 26              193 	.byte	38
00000024 00              194 	.byte	0
00000025 4910            195 	.byte	73,16
00000027 0000            196 	.byte	0,0
                         197 
                         198 	.section	.debug_info
                         199 .LDW_4ac5a58:
000000d4 28              200 	.byte	40
000000d5 75696e743800    201 	.strz	"uint8"
000000db 50              202 	.byte	80
000000dc 4b              203 	.byte	75
000000dd 03              204 	.byte	3
000000de 00000000*       205 	.word	.LDW_40371f8
                         206 
                         207 	.section	.debug_abbrev
00000029 28              208 	.byte	40
0000002a 16              209 	.byte	22
0000002b 00              210 	.byte	0
0000002c 0308            211 	.byte	3,8
0000002e 3b0f            212 	.byte	59,15
00000030 390f            213 	.byte	57,15
00000032 3a0f            214 	.byte	58,15
00000034 4910            215 	.byte	73,16
00000036 0000            216 	.byte	0,0
                         217 
                         218 	.section	.debug_info
                         219 .LDW_4ac5b08:
000000e2 28              220 	.byte	40
000000e3 75696e743136    221 	.strz	"uint16"

                                                                      Page 6
                                                              C:\Users\nhuliyap\AppData\Local\Temp\gh_00006ek1.s
000000e9 00 
000000ea 52              222 	.byte	82
000000eb 4a              223 	.byte	74
000000ec 03              224 	.byte	3
000000ed 00000000*       225 	.word	.LDW_4036e08
                         226 
                         227 .LDW_4ac5bb8:
000000f1 28              228 	.byte	40
000000f2 75696e743332    229 	.strz	"uint32"
000000f8 00 
000000f9 54              230 	.byte	84
000000fa 4a              231 	.byte	74
000000fb 03              232 	.byte	3
000000fc 00000000*       233 	.word	.LDW_4036d98
                         234 
                         235 .LDW_4aa0548:
00000100 41              236 	.byte	65
00000101 36              237 	.byte	54
00000102 0f              238 	.byte	15
00000103 07              239 	.byte	7
00000104 20              240 	.byte	32
00000105 01              241 	.byte	1
                         242 
                         243 	.section	.debug_abbrev
00000038 41              244 	.byte	65
00000039 13              245 	.byte	19
0000003a 01              246 	.byte	1
0000003b 3b0f            247 	.byte	59,15
0000003d 390f            248 	.byte	57,15
0000003f 3a0f            249 	.byte	58,15
00000041 0b0f            250 	.byte	11,15
00000043 320b            251 	.byte	50,11
00000045 0000            252 	.byte	0,0
                         253 
                         254 	.section	.debug_info
                         255 .LDW_4ac30f0:
00000106 23              256 	.byte	35
00000107 753332414443    257 	.strz	"u32ADCA0VCR02"
0000010d 413056435230 
00000113 3200 
00000115 37              258 	.byte	55
00000116 0b              259 	.byte	11
00000117 07              260 	.byte	7
00000118 00000000*       261 	.word	.LDW_4ac5bb8
0000011c 0223            262 	.byte	2,35
0000011e 00              263 	.byte	0
0000011f 01              264 	.byte	1
                         265 
                         266 	.section	.debug_abbrev
00000047 23              267 	.byte	35
00000048 0d              268 	.byte	13
00000049 00              269 	.byte	0
0000004a 0308            270 	.byte	3,8
0000004c 3b0f            271 	.byte	59,15
0000004e 390f            272 	.byte	57,15
00000050 3a0f            273 	.byte	58,15
00000052 4910            274 	.byte	73,16
00000054 380a            275 	.byte	56,10
00000056 320b            276 	.byte	50,11
00000058 0000            277 	.byte	0,0
                         278 

                                                                      Page 7
                                                              C:\Users\nhuliyap\AppData\Local\Temp\gh_00006ek1.s
                         279 	.section	.debug_info
                         280 .LDW_4ac3018:
00000120 23              281 	.byte	35
00000121 753332414443    282 	.strz	"u32ADCA0ADCR"
00000127 413041444352 
0000012d 00 
0000012e 38              283 	.byte	56
0000012f 0b              284 	.byte	11
00000130 07              285 	.byte	7
00000131 00000000*       286 	.word	.LDW_4ac5bb8
00000135 0223            287 	.byte	2,35
00000137 04              288 	.byte	4
00000138 01              289 	.byte	1
                         290 
                         291 .LDW_4ac3570:
00000139 23              292 	.byte	35
0000013a 753332414443    293 	.strz	"u32ADCA0SMPCR"
00000140 4130534d5043 
00000146 5200 
00000148 39              294 	.byte	57
00000149 0b              295 	.byte	11
0000014a 07              296 	.byte	7
0000014b 00000000*       297 	.word	.LDW_4ac5bb8
0000014f 0223            298 	.byte	2,35
00000151 08              299 	.byte	8
00000152 01              300 	.byte	1
                         301 
                         302 .LDW_4ac3690:
00000153 23              303 	.byte	35
00000154 753332414443    304 	.strz	"u32ADCA0SFTCR"
0000015a 413053465443 
00000160 5200 
00000162 3a              305 	.byte	58
00000163 0b              306 	.byte	11
00000164 07              307 	.byte	7
00000165 00000000*       308 	.word	.LDW_4ac5bb8
00000169 0223            309 	.byte	2,35
0000016b 0c              310 	.byte	12
0000016c 01              311 	.byte	1
                         312 
                         313 .LDW_4ac3258:
0000016d 23              314 	.byte	35
0000016e 753332414443    315 	.strz	"u32ADCA0SGCR1"
00000174 413053474352 
0000017a 3100 
0000017c 3b              316 	.byte	59
0000017d 0b              317 	.byte	11
0000017e 07              318 	.byte	7
0000017f 00000000*       319 	.word	.LDW_4ac5bb8
00000183 0223            320 	.byte	2,35
00000185 10              321 	.byte	16
00000186 01              322 	.byte	1
                         323 
                         324 .LDW_4ac36d8:
00000187 23              325 	.byte	35
00000188 753332414443    326 	.strz	"u32ADCA0SGVCSP1"
0000018e 413053475643 
00000194 53503100 
00000198 3c              327 	.byte	60
00000199 0b              328 	.byte	11
0000019a 07              329 	.byte	7

                                                                      Page 8
                                                              C:\Users\nhuliyap\AppData\Local\Temp\gh_00006ek1.s
0000019b 00000000*       330 	.word	.LDW_4ac5bb8
0000019f 0223            331 	.byte	2,35
000001a1 14              332 	.byte	20
000001a2 01              333 	.byte	1
                         334 
                         335 .LDW_4ac3060:
000001a3 23              336 	.byte	35
000001a4 753332414443    337 	.strz	"u32ADCA0SGVCEP1"
000001aa 413053475643 
000001b0 45503100 
000001b4 3d              338 	.byte	61
000001b5 0b              339 	.byte	11
000001b6 07              340 	.byte	7
000001b7 00000000*       341 	.word	.LDW_4ac5bb8
000001bb 0223            342 	.byte	2,35
000001bd 18              343 	.byte	24
000001be 01              344 	.byte	1
                         345 
                         346 .LDW_4ac31c8:
000001bf 23              347 	.byte	35
000001c0 75313656616c    348 	.strz	"u16ValueCompensationErrorNonLinearityDiodeDS3"
000001c6 7565436f6d70 
000001cc 656e73617469 
000001d2 6f6e4572726f 
000001d8 724e6f6e4c69 
000001de 6e6561726974 
000001e4 7944696f6465 
000001ea 44533300 
000001ee 3e              349 	.byte	62
000001ef 0b              350 	.byte	11
000001f0 07              351 	.byte	7
000001f1 00000000*       352 	.word	.LDW_4ac5b08
000001f5 0223            353 	.byte	2,35
000001f7 1c              354 	.byte	28
000001f8 01              355 	.byte	1
                         356 
                         357 .LDW_4ac3138:
000001f9 23              358 	.byte	35
000001fa 753856616c75    359 	.strz	"u8ValueCompensationErrorRounding"
00000200 65436f6d7065 
00000206 6e736174696f 
0000020c 6e4572726f72 
00000212 526f756e6469 
00000218 6e6700 
0000021b 3f              360 	.byte	63
0000021c 0b              361 	.byte	11
0000021d 07              362 	.byte	7
0000021e 00000000*       363 	.word	.LDW_4ac5a58
00000222 0223            364 	.byte	2,35
00000224 1e              365 	.byte	30
00000225 01              366 	.byte	1
                         367 
                         368 .LDW_4ac32a0:
00000226 23              369 	.byte	35
00000227 753856616c75    370 	.strz	"u8ValueGain_mV"
0000022d 654761696e5f 
00000233 6d5600 
00000236 40              371 	.byte	64
00000237 0b              372 	.byte	11
00000238 07              373 	.byte	7
00000239 00000000*       374 	.word	.LDW_4ac5a58

                                                                      Page 9
                                                              C:\Users\nhuliyap\AppData\Local\Temp\gh_00006ek1.s
0000023d 0223            375 	.byte	2,35
0000023f 1f              376 	.byte	31
00000240 01              377 	.byte	1
                         378 
00000241 00              379 	.byte	0
                         380 
                         381 .LDW_4aa0440:
00000242 28              382 	.byte	40
00000243 547970655f43    383 	.strz	"Type_CfgMcalAdc_st"
00000249 66674d63616c 
0000024f 4164635f7374 
00000255 00 
00000256 41              384 	.byte	65
00000257 02              385 	.byte	2
00000258 07              386 	.byte	7
00000259 00000000*       387 	.word	.LDW_4aa0548
                         388 
                         389 .LDW_4aa0230:
0000025d 04              390 	.byte	4
0000025e 4366674d6361    391 	.strz	"CfgMcalAdc_st"
00000264 6c4164635f73 
0000026a 7400 
0000026c 30              392 	.byte	48
0000026d 30              393 	.byte	48
0000026e 01              394 	.byte	1
0000026f 00000000*       395 	.word	.LDW_4aa01d8
00000273 01              396 	.byte	1
00000274 00              397 	.byte	0
00000275 0503            398 	.byte	5,3
00000277 00000000*       399 	.word	_CfgMcalAdc_st
                         400 
                         401 	.section	.debug_abbrev
0000005a 04              402 	.byte	4
0000005b 34              403 	.byte	52
0000005c 00              404 	.byte	0
0000005d 0308            405 	.byte	3,8
0000005f 3b0f            406 	.byte	59,15
00000061 390f            407 	.byte	57,15
00000063 3a0f            408 	.byte	58,15
00000065 4910            409 	.byte	73,16
00000067 3f0c            410 	.byte	63,12
00000069 3c0c            411 	.byte	60,12
0000006b 020a            412 	.byte	2,10
0000006d 0000            413 	.byte	0,0
                         414 
                         415 	.section	.debug_info
0000027b 00              416 	.byte	0
                         417 
                         418 	.section	.debug_line
                         419 .Ldw_line_end:
                         420 	.section	.debug_macinfo
00000000 01              421 	.byte	1
00000001 00              422 	.byte	0
00000002 5f5f6768735f    423 	.strz	"__ghs__ 1"
00000008 5f203100 
0000000c 01              424 	.byte	1
0000000d 00              425 	.byte	0
0000000e 5f5f4c4c4f4e    426 	.strz	"__LLONG_BIT 64"
00000014 475f42495420 
0000001a 363400 
0000001d 03              427 	.byte	3

                                                                      Page 10
                                                              C:\Users\nhuliyap\AppData\Local\Temp\gh_00006ek1.s
0000001e 00              428 	.byte	0
0000001f 01              429 	.byte	1
00000020 03              430 	.byte	3
00000021 1a              431 	.byte	26
00000022 02              432 	.byte	2
00000023 03              433 	.byte	3
00000024 1c              434 	.byte	28
00000025 03              435 	.byte	3
00000026 04              436 	.byte	4
00000027 03              437 	.byte	3
00000028 1d              438 	.byte	29
00000029 04              439 	.byte	4
0000002a 03              440 	.byte	3
0000002b 1b              441 	.byte	27
0000002c 05              442 	.byte	5
0000002d 03              443 	.byte	3
0000002e 54              444 	.byte	84
0000002f 06              445 	.byte	6
00000030 04              446 	.byte	4
00000031 04              447 	.byte	4
00000032 01              448 	.byte	1
00000033 3d              449 	.byte	61
00000034 434f4e535428    450 	.strz	"CONST(type,memclass) const type"
0000003a 747970652c6d 
00000040 656d636c6173 
00000046 732920636f6e 
0000004c 737420747970 
00000052 6500 
00000054 04              451 	.byte	4
00000055 04              452 	.byte	4
00000056 03              453 	.byte	3
00000057 1b              454 	.byte	27
00000058 07              455 	.byte	7
00000059 03              456 	.byte	3
0000005a 1b              457 	.byte	27
0000005b 08              458 	.byte	8
0000005c 04              459 	.byte	4
0000005d 04              460 	.byte	4
0000005e 04              461 	.byte	4
0000005f 00              462 	.byte	0
                         463 	.section	.debug_abbrev
0000006f 00              464 	.byte	0
                         465 	.section	.debug_info
                         466 .Ldw_end:
                         467 .rh850_flags REGMODE32,DATA_ALIGN8,GP_FIX,EP_NONFIX,TP_FIX,REG2_RESERVE,G3K,GHS_MISALIGN,SDA_EXTRA_REGS_0
