                                                                      Page 1
                                                              C:\Users\nhuliyap\AppData\Local\Temp\gh_0000auk1.s
Command Line: C:\ghs\comp_201517\ease850.exe -w -elf -b0 -I../source/common -I../source/ProjectCompiler -I../source/ProjectCfg -I../source/SwcApplTpms -I../source/SwcApplTpms/Intface -I../source/SwcApplEcuM -I../source/SwcServiceEcuM -I../source/SwcServiceNvM -I../source/SwcServiceOs -I../source/SwcServiceStartUp -I../source/McalAdc -I../source/McalDio -I../source/McalGpt -I../source/McalMcu -I../source/McalWdg -I../source/wrappers -I../source/wrappers/McalAta -I../source/McalLin -I../source/McalCan -I../source/wrappers/OS -I../source/McalFls -I../source/EcuabFee -I../source/EcuabMemIf -I../source/wrappers/VStdLib -I../source/wrappers/Crc -I../source/wrappers/FBL_APPL -I../source/wrappers/CAN_MANAGER -I../source/wrappers/NVM_MANAGER -I../source/wrappers/DEM_MANAGER -I../source/wrappers/RDC_MANAGER -I../source/wrappers/ENV_MANAGER -I../source/wrappers/SYS_MANAGER -I../source/wrappers/EcuabCanIf -I../source/wrappers/SwcServiceCanSM -I../source/wrappers/SwcServiceCanTp -I../source/wrappers/SwcServiceCanTp_PreCompile -I../source/wrappers/SwcServiceCom -I../source/wrappers/SwcServiceComM -I../source/wrappers/SwcServiceComStack -I../source/wrappers/SwcServiceDcm -I../source/wrappers/SwcServicePduR -I../source/wrappers/SwcServiceEcuM -I../source/wrappers/Bfx -I../source/wrappers/SwcServiceDem -I../source/SwcServiceDet -I../source/SwcServiceFiM -I../source/wrappers/LibAutosarDiag -I../source/wrappers/rba_BswSrv -I../source/SwcServiceSchM -I../source/wrappers/SwcServiceComM/Integration -I../source/wrappers/SwcServicePduR/Integration -I../source/wrappers/EcuabCanIf/Integration -I../source/wrappers/SwcServiceCom/Integration -I../source/wrappers/SwcServiceCanTp/Integration -I../source/wrappers/SwcServiceEcuM/Integration -I../source/SwcServiceDet/Integration -I../source/wrappers/SwcServiceDcm/Integration -I../source/wrappers/SwcServiceDem/Integration -I../source/SwcServiceFiM/Integration -I../source/wrappers/EcuabCanIf/api -I../source/wrappers/SwcServiceCom/api -I../source/wrappers/SwcServiceComM/api -I../source/wrappers/SwcServicePduR/api -I../source/wrappers/Bfx/api -I../source/SwcServiceDet/api -I../source/SwcServiceFiM/api -I../source/wrappers/LibAutosarDiag/api -I../source/wrappers/rba_BswSrv/api -IC:\ghs\comp_201517\lib\rh850 -cg_underscore -cpu=rh850g3k -no_v850_simd -rh850_fpsimd=none -nomacro -patch_dbo=C:\_ECU2\ECU_Rivian_A1\Target\repo_projects\pRealEcu\cL_LATEST\make\output\objects\clocks.dbo -source=clocks.c -o output\objects\gh_0000auk1.o -list=output\list\clocks.lst C:\Users\nhuliyap\AppData\Local\Temp\gh_0000auk1.s 
Original File: C:\Users\nhuliyap\AppData\Local\Temp\gh_0000auk1.s
Source File: clocks.c
Directory: C:\_ECU2\ECU_Rivian_A1\Target\repo_projects\pRealEcu\cL_LATEST\make
Host OS: Windows
EASE: Copyright (C) 1983-2015 Green Hills Software.  All Rights Reserved.
Release: Compiler v2015.1.7
Build Directory: [Directory] BTOWORKER6:c:/build_2015_1_bto/2015-10-21.2100-2015_1_bto/win32-comp-ecom
Revision: [VCInfo] http://toolsvc/branches/release-branch-70-bto/src@544153 (built by build)
Revision Date: Thu Oct 22 07:50:13 2015

Release Date: Thu Oct 22 09:32:32 2015

                           1 --Driver Command: ccv850 ../source/McalGpt/clocks.c -cpu=rh850 -fhard
                           2 --		-ignore_callt_state_in_interrupts -large_sda -misalign_pack
                           3 --		-nofarcalls -nofloatio -no_callt -Ogeneral -Onounroll
                           4 --		-prepare_dispose -registermode=32 -reserve_r2 -sda=0
                           5 --		-shorten_loads -Wshadow --brief_diagnostics --no_commons
                           6 --		--no_wrap_diagnostics --prototype_errors --short_enum -list -G
                           7 --		-dual_debug -dwarf -X5523 -lnk=-no_xda_modifications -D
                           8 --		NOT_READY_FOR_TESTING_OR_DEPLOYMENT -D IBTCM_SW_ANPASSUNGEN -D
                           9 --		BUILD_LORDSTOWN -c -inline_prologue -I../source/common
                          10 --		-I../source/ProjectCompiler -I../source/ProjectCfg
                          11 --		-I../source/SwcApplTpms -I../source/SwcApplTpms/Intface
                          12 --		-I../source/SwcApplEcuM -I../source/SwcServiceEcuM
                          13 --		-I../source/SwcServiceNvM -I../source/SwcServiceOs
                          14 --		-I../source/SwcServiceStartUp -I../source/McalAdc
                          15 --		-I../source/McalDio -I../source/McalGpt -I../source/McalMcu
                          16 --		-I../source/McalWdg -I../source/wrappers
                          17 --		-I../source/wrappers/McalAta -I../source/McalLin
                          18 --		-I../source/McalCan -I../source/wrappers/OS -I../source/McalFls
                          19 --		-I../source/EcuabFee -I../source/EcuabMemIf
                          20 --		-I../source/wrappers/VStdLib -I../source/wrappers
                          21 --		-I../source/wrappers/Crc -I../source/wrappers/FBL_APPL
                          22 --		-I../source/wrappers/CAN_MANAGER -I../source/wrappers/NVM_MANAGER
                          23 --		-I../source/wrappers/DEM_MANAGER -I../source/wrappers/RDC_MANAGER
                          24 --		-I../source/wrappers/ENV_MANAGER -I../source/wrappers/SYS_MANAGER
                          25 --		-I../source/wrappers/EcuabCanIf
                          26 --		-I../source/wrappers/SwcServiceCanSM
                          27 --		-I../source/wrappers/SwcServiceCanTp
                          28 --		-I../source/wrappers/SwcServiceCanTp_PreCompile
                          29 --		-I../source/wrappers/SwcServiceCom
                          30 --		-I../source/wrappers/SwcServiceComM
                          31 --		-I../source/wrappers/SwcServiceComStack
                          32 --		-I../source/wrappers/SwcServiceDcm
                          33 --		-I../source/wrappers/SwcServicePduR
                          34 --		-I../source/wrappers/SwcServiceEcuM -I../source/wrappers/Bfx
                          35 --		-I../source/wrappers/SwcServiceDem -I../source/SwcServiceDet
                          36 --		-I../source/SwcServiceFiM -I../source/wrappers/LibAutosarDiag
                          37 --		-I../source/wrappers/rba_BswSrv -I../source/SwcServiceSchM
                          38 --		-I../source/wrappers/SwcServiceComM/Integration
                          39 --		-I../source/wrappers/SwcServicePduR/Integration
                          40 --		-I../source/wrappers/EcuabCanIf/Integration
                          41 --		-I../source/wrappers/SwcServiceCom/Integration
                          42 --		-I../source/wrappers/SwcServiceCanTp/Integration
                          43 --		-I../source/wrappers/SwcServiceEcuM/Integration
                          44 --		-I../source/SwcServiceDet/Integration
                          45 --		-I../source/wrappers/SwcServiceDcm/Integration
                          46 --		-I../source/wrappers/SwcServiceDem/Integration
                          47 --		-I../source/SwcServiceFiM/Integration
                          48 --		-I../source/wrappers/EcuabCanIf/api
                          49 --		-I../source/wrappers/SwcServiceCom/api
                          50 --		-I../source/wrappers/SwcServiceComM/api

                                                                      Page 2
                                                              C:\Users\nhuliyap\AppData\Local\Temp\gh_0000auk1.s
                          51 --		-I../source/wrappers/SwcServicePduR/api
                          52 --		-I../source/wrappers/Bfx/api -I../source/SwcServiceDet/api
                          53 --		-I../source/SwcServiceFiM/api
                          54 --		-I../source/wrappers/LibAutosarDiag/api
                          55 --		-I../source/wrappers/rba_BswSrv/api -object_dir=output/objects
                          56 --		-list_dir=output/list
                          57 --Source File:   ../source/McalGpt/clocks.c
                          58 --Directory:     
                          59 --		C:\_ECU2\ECU_Rivian_A1\Target\repo_projects\pRealEcu\cL_LATEST\make
                          60 --Compile Date:  Wed Sep 06 09:36:29 2023
                          61 --Host OS:       Win32
                          62 --Version:       C-RH850 2015.1.7 RELEASE VERSION
                          63 --Release:       Compiler v2015.1.7
                          64 --Revision Date: Thu Oct 22 08:06:12 2015
                          65 --Release Date:  Thu Oct 22 09:34:32 2015
                          66 -- ecom  -g -w -OM
                          67 	.text
                          68 ..bof.C.3A.5C_ECU2.5CECU_Rivian_A1.5CTarget.5Crepo_projects.5CpRealEcu.5CcL_LATEST.5Cmake.5Coutput.5Cobjects.5Cclocks...43.3A.5C_ECU2.5CECU_Rivian_A1.5CTarget.5Crepo_projects.5CpRealEcu.5CcL_LATEST.5Cmake..64F82BFD..0::
                          69 	.align	2
                          70 ..gh.f.f.1.e.0:
                          71 	.type	..gh.f.f.1.e.0,@object
                          72 	.size	..gh.f.f.1.e.0,0
                          73 	.global	_CLOCKS_SetMainOscClock
                          74 _CLOCKS_SetMainOscClock:
00000000 3e0600a0f8ff     75 	mov	-483328,ep
                          76 --	    .bf
                          77 .LDW01:
                          78 .L6:
                          79 --line7
                          80 ..lin.C.3A.5C_ECU2.5CECU_Rivian_A1.5CTarget.5Crepo_projects.5CpRealEcu.5CcL_LATEST.5Cmake.5Coutput.5Cobjects.5Cclocks.1::
                          81 .LDWlin1:
00000006 208ea500         82 	movea	165,zero,r17
0000000a 80070f8800f1     83 	st.w	r17,4294475776[zero]
00000010 0292             84 	mov	2,r18
00000012 0195             85 	sst.w	r18,0[ep]
00000014 1d82             86 	mov	-3,r16
00000016 0185             87 	sst.w	r16,0[ep]
00000018 0195             88 	sst.w	r18,0[ep]
0000001a 8007497800f1     89 	ld.w	4294475780[zero],r15
00000020 617a             90 	cmp	1,r15
00000022 a2f5*            91 	be	.L6
                          92 .L7:
                          93 --line8
                          94 ..lin.C.3A.5C_ECU2.5CECU_Rivian_A1.5CTarget.5Crepo_projects.5CpRealEcu.5CcL_LATEST.5Cmake.5Coutput.5Cobjects.5Cclocks.2::
                          95 .LDWlin2:
00000024 8007897040f1     96 	ld.w	4294483976[zero],r14
0000002a 6272             97 	cmp	2,r14
0000002c cafd*            98 	bne	.L7
                          99 --	    .ef
                         100 .LDW11:
                         101 --line9
                         102 ..lin.C.3A.5C_ECU2.5CECU_Rivian_A1.5CTarget.5Crepo_projects.5CpRealEcu.5CcL_LATEST.5Cmake.5Coutput.5Cobjects.5Cclocks.3::
                         103 .LDWlin3:
0000002e 7f00            104 	jmp	[lp]
                         105 	.global	___ghs_eofn_CLOCKS_SetMainOscClock
                         106 ___ghs_eofn_CLOCKS_SetMainOscClock:
                         107 	.type	_CLOCKS_SetMainOscClock,@function
                         108 	.size	_CLOCKS_SetMainOscClock,.-_CLOCKS_SetMainOscClock
                         109 	.align	2
                         110 
                         111 	.section ".bss","awb"

                                                                      Page 3
                                                              C:\Users\nhuliyap\AppData\Local\Temp\gh_0000auk1.s
                         112 .L61:
                         113 	.type	.L61,@object
                         114 	.size	.L61,0
                         115 	.data
                         116 	.text
                         117 	.align	2
                         118 	.align	2
                         119 ..gh.f.f.1.e.1:
                         120 	.type	..gh.f.f.1.e.1,@object
                         121 	.size	..gh.f.f.1.e.1,0
                         122 	.global	_CLOCKS_SetPllClock
                         123 _CLOCKS_SetPllClock:
00000030 3e0600a0f8ff    124 	mov	-483328,ep
                         125 --	    .bf
                         126 .LDW21:
                         127 .L109:
                         128 --line12
                         129 ..lin.C.3A.5C_ECU2.5CECU_Rivian_A1.5CTarget.5Crepo_projects.5CpRealEcu.5CcL_LATEST.5Cmake.5Coutput.5Cobjects.5Cclocks.4::
                         130 .LDWlin4:
00000036 208ea500        131 	movea	165,zero,r17
0000003a 80070f8800f1    132 	st.w	r17,4294475776[zero]
00000040 0392            133 	mov	3,r18
00000042 0195            134 	sst.w	r18,0[ep]
00000044 1c82            135 	mov	-4,r16
00000046 0185            136 	sst.w	r16,0[ep]
00000048 0195            137 	sst.w	r18,0[ep]
0000004a 8007497800f1    138 	ld.w	4294475780[zero],r15
00000050 617a            139 	cmp	1,r15
00000052 a2f5*           140 	be	.L109
                         141 .L110:
                         142 --line13
                         143 ..lin.C.3A.5C_ECU2.5CECU_Rivian_A1.5CTarget.5Crepo_projects.5CpRealEcu.5CcL_LATEST.5Cmake.5Coutput.5Cobjects.5Cclocks.5::
                         144 .LDWlin5:
00000054 8007897040f1    145 	ld.w	4294483976[zero],r14
0000005a 6372            146 	cmp	3,r14
0000005c cafd*           147 	bne	.L110
                         148 --	    .ef
                         149 .LDW31:
                         150 --line14
                         151 ..lin.C.3A.5C_ECU2.5CECU_Rivian_A1.5CTarget.5Crepo_projects.5CpRealEcu.5CcL_LATEST.5Cmake.5Coutput.5Cobjects.5Cclocks.6::
                         152 .LDWlin6:
0000005e 7f00            153 	jmp	[lp]
                         154 	.global	___ghs_eofn_CLOCKS_SetPllClock
                         155 ___ghs_eofn_CLOCKS_SetPllClock:
                         156 	.type	_CLOCKS_SetPllClock,@function
                         157 	.size	_CLOCKS_SetPllClock,.-_CLOCKS_SetPllClock
                         158 	.align	2
                         159 
                         160 	.section ".bss","awb"
                         161 .L157:
                         162 	.type	.L157,@object
                         163 	.size	.L157,0
                         164 	.data
                         165 	.text
                         166 	.align	2
                         167 	.align	2
                         168 ..gh.f.f.1.e.2:
                         169 	.type	..gh.f.f.1.e.2,@object
                         170 	.size	..gh.f.f.1.e.2,0
                         171 	.global	_CLOCKS_DisableClockDomainsForDeepSleep
                         172 _CLOCKS_DisableClockDomainsForDeepSleep:

                                                                      Page 4
                                                              C:\Users\nhuliyap\AppData\Local\Temp\gh_0000auk1.s
                         173 --	    .bf
                         174 .LDW41:
00000060 80070f0052f1    175 	st.w	zero,4294486272[zero]
                         176 --	    .ef
                         177 .LDW51:
                         178 --line18
                         179 ..lin.C.3A.5C_ECU2.5CECU_Rivian_A1.5CTarget.5Crepo_projects.5CpRealEcu.5CcL_LATEST.5Cmake.5Coutput.5Cobjects.5Cclocks.7::
                         180 .LDWlin7:
00000066 7f00            181 	jmp	[lp]
                         182 	.global	___ghs_eofn_CLOCKS_DisableClockDomainsForDeepSleep
                         183 ___ghs_eofn_CLOCKS_DisableClockDomainsForDeepSleep:
                         184 	.type	_CLOCKS_DisableClockDomainsForDeepSleep,@function
                         185 	.size	_CLOCKS_DisableClockDomainsForDeepSleep,.-_CLOCKS_DisableClockDomainsForDeepSleep
                         186 	.align	2
                         187 
                         188 	.section ".bss","awb"
                         189 .L225:
                         190 	.type	.L225,@object
                         191 	.size	.L225,0
                         192 	.data
                         193 	.text
                         194 	.align	2
                         195 	.align	2
                         196 ..gh.f.f.1.e.3:
                         197 	.type	..gh.f.f.1.e.3,@object
                         198 	.size	..gh.f.f.1.e.3,0
                         199 	.global	_WaitHard
                         200 _WaitHard:
                         201 --	    .bf
                         202 .LDW61:
00000068 ec374202        203 	mulu	12,r6,zero
                         204 .L245:
0000006c 0698            205 	mov	r6,r19
0000006e 5f32            206 	add	-1,r6
00000070 e099            207 	cmp	zero,r19
00000072 dafd*           208 	bne	.L245
                         209 --	    .ef
                         210 .LDW71:
                         211 --line24
                         212 ..lin.C.3A.5C_ECU2.5CECU_Rivian_A1.5CTarget.5Crepo_projects.5CpRealEcu.5CcL_LATEST.5Cmake.5Coutput.5Cobjects.5Cclocks.8::
                         213 .LDWlin8:
00000074 7f00            214 	jmp	[lp]
                         215 	.global	___ghs_eofn_WaitHard
                         216 ___ghs_eofn_WaitHard:
                         217 	.type	_WaitHard,@function
                         218 	.size	_WaitHard,.-_WaitHard
                         219 	.align	2
                         220 --_ulTicks	r6	local
                         221 
                         222 --_ulMicroSeconds	r6	param
                         223 
                         224 	.section ".bss","awb"
                         225 .L278:
                         226 	.type	.L278,@object
                         227 	.size	.L278,0
                         228 	.data
                         229 	.text
                         230 	.align	2
                         231 --_PROTCMD1	4294475776	import
                         232 --_PROTS1	4294475780	import
                         233 --_CKSC_CPUCLKS_CTL	4294483968	import

                                                                      Page 5
                                                              C:\Users\nhuliyap\AppData\Local\Temp\gh_0000auk1.s
                         234 --_CKSC_CPUCLKS_ACT	4294483976	import
                         235 --_CKSC_ICANS_CTL	4294486272	import
                         236 
                         237 	.data
                         238 	.ghsnote version,17
                         239 	.ghsnote tools,3
                         240 	.ghsnote options,144
                         241 	.text
                         242 	.align	2
                         243 ..eof.C.3A.5C_ECU2.5CECU_Rivian_A1.5CTarget.5Crepo_projects.5CpRealEcu.5CcL_LATEST.5Cmake.5Coutput.5Cobjects.5Cclocks...43.3A.5C_ECU2.5CECU_Rivian_A1.5CTarget.5Crepo_projects.5CpRealEcu.5CcL_LATEST.5Cmake..64F82BFD..0::
                         244 	.section	.debug_info
                         245 .Ldw_begin:
00000000 62020000        246 	.word	.Ldw_end-.Ldw_begin-4
00000004 0200            247 	.byte	2,0
00000006 00000000*       248 	.word	.Ldw_abbr_begin
0000000a 04              249 	.byte	4
                         250 	.section	.debug_abbrev
                         251 .Ldw_abbr_begin:
                         252 	.section	.debug_info
0000000b 01              253 	.byte	1
0000000c 00000000*       254 	.word	..bof.C.3A.5C_ECU2.5CECU_Rivian_A1.5CTarget.5Crepo_projects.5CpRealEcu.5CcL_LATEST.5Cmake.5Coutput.5Cobjects.5Cclocks...43.3A.5C_ECU2.5CECU_Rivian_A1.5CTarget.5Crepo_projects.5CpRealEcu.5CcL_LATEST.5Cmake..64F82BFD..0
00000010 00000000*       255 	.word	..eof.C.3A.5C_ECU2.5CECU_Rivian_A1.5CTarget.5Crepo_projects.5CpRealEcu.5CcL_LATEST.5Cmake.5Coutput.5Cobjects.5Cclocks...43.3A.5C_ECU2.5CECU_Rivian_A1.5CTarget.5Crepo_projects.5CpRealEcu.5CcL_LATEST.5Cmake..64F82BFD..0
00000014 2e2e2f736f75    256 	.strz	"../source/McalGpt/clocks.c"
0000001a 7263652f4d63 
00000020 616c4770742f 
00000026 636c6f636b73 
0000002c 2e6300 
0000002f 433a5c5f4543    257 	.strz	"C:\\_ECU2\\ECU_Rivian_A1\\Target\\repo_projects\\pRealEcu\\cL_LATEST\\make"
00000035 55325c454355 
0000003b 5f5269766961 
00000041 6e5f41315c54 
00000047 61726765745c 
0000004d 7265706f5f70 
00000053 726f6a656374 
00000059 735c70526561 
0000005f 6c4563755c63 
00000065 4c5f4c415445 
0000006b 53545c6d616b 
00000071 6500 
00000073 474853204320    258 	.strz	"GHS C 2015.1.7 [dual]"
00000079 323031352e31 
0000007f 2e37205b6475 
00000085 616c5d00 
00000089 0100            259 	.byte	1,0
0000008b 00000000*       260 	.word	.Ldw_line_begin
0000008f 00000000*       261 	.word	.Ldw_macinfo_begin
00000093 00              262 	.byte	0
                         263 
                         264 	.section	.debug_abbrev
00000000 01              265 	.byte	1
00000001 11              266 	.byte	17
00000002 01              267 	.byte	1
00000003 1101            268 	.byte	17,1
00000005 1201            269 	.byte	18,1
00000007 0308            270 	.byte	3,8
00000009 1b08            271 	.byte	27,8
0000000b 2508            272 	.byte	37,8
0000000d 1305            273 	.byte	19,5
0000000f 1006            274 	.byte	16,6
00000011 4306            275 	.byte	67,6
00000013 420b            276 	.byte	66,11

                                                                      Page 6
                                                              C:\Users\nhuliyap\AppData\Local\Temp\gh_0000auk1.s
00000015 0000            277 	.byte	0,0
                         278 
                         279 	.section	.debug_line
                         280 .Ldw_line_begin:
00000000 80020000        281 	.word	.Ldw_line_end-.Ldw_line_begin-4
00000004 0200            282 	.byte	2,0
00000006 00000000*       283 	.word	.Ldw_lpro_end-.Ldw_lpro_begin
                         284 .Ldw_lpro_begin:
0000000a 01              285 	.byte	1
0000000b 00              286 	.byte	0
0000000c 00              287 	.byte	0
0000000d 04              288 	.byte	4
0000000e 0a              289 	.byte	10
0000000f 000101          290 	.byte	0,1,1
00000012 010100          291 	.byte	1,1,0
00000015 000001          292 	.byte	0,0,1
00000018 00              293 	.byte	0
00000019 2e2e2f736f75    294 	.strz	"../source/McalGpt/clocks.c"
0000001f 7263652f4d63 
00000025 616c4770742f 
0000002b 636c6f636b73 
00000031 2e6300 
00000034 000000          295 	.byte	0,0,0
00000037 2e2e2f736f75    296 	.strz	"../source/McalMcu/Types.hpp"
0000003d 7263652f4d63 
00000043 616c4d63752f 
00000049 54797065732e 
0000004f 68707000 
00000053 000000          297 	.byte	0,0,0
00000056 2e2e2f736f75    298 	.strz	"../source/common/Std_Types.hpp"
0000005c 7263652f636f 
00000062 6d6d6f6e2f53 
00000068 74645f547970 
0000006e 65732e687070 
00000074 00 
00000075 000000          299 	.byte	0,0,0
00000078 2e2e2f736f75    300 	.strz	"../source/common/Platform_Types.hpp"
0000007e 7263652f636f 
00000084 6d6d6f6e2f50 
0000008a 6c6174666f72 
00000090 6d5f54797065 
00000096 732e68707000 
0000009c 000000          301 	.byte	0,0,0
0000009f 2e2e2f736f75    302 	.strz	"../source/common/Compiler.hpp"
000000a5 7263652f636f 
000000ab 6d6d6f6e2f43 
000000b1 6f6d70696c65 
000000b7 722e68707000 
000000bd 000000          303 	.byte	0,0,0
000000c0 2e2e2f736f75    304 	.strz	"../source/ProjectCompiler/Compiler_Cfg.hpp"
000000c6 7263652f5072 
000000cc 6f6a65637443 
000000d2 6f6d70696c65 
000000d8 722f436f6d70 
000000de 696c65725f43 
000000e4 66672e687070 
000000ea 00 
000000eb 000000          305 	.byte	0,0,0
000000ee 2e2e2f736f75    306 	.strz	"../source/ProjectCompiler/CompilerCfg_SwcServiceOs.hpp"
000000f4 7263652f5072 
000000fa 6f6a65637443 

                                                                      Page 7
                                                              C:\Users\nhuliyap\AppData\Local\Temp\gh_0000auk1.s
00000100 6f6d70696c65 
00000106 722f436f6d70 
0000010c 696c65724366 
00000112 675f53776353 
00000118 657276696365 
0000011e 4f732e687070 
00000124 00 
00000125 000000          307 	.byte	0,0,0
00000128 2e2e2f736f75    308 	.strz	"../source/McalMcu/device.hpp"
0000012e 7263652f4d63 
00000134 616c4d63752f 
0000013a 646576696365 
00000140 2e68707000 
00000145 000000          309 	.byte	0,0,0
00000148 2e2e2f736f75    310 	.strz	"../source/McalMcu/dr7f701013.dvf.hpp"
0000014e 7263652f4d63 
00000154 616c4d63752f 
0000015a 647237663730 
00000160 313031332e64 
00000166 76662e687070 
0000016c 00 
0000016d 000000          311 	.byte	0,0,0
00000170 2e2e2f736f75    312 	.strz	"../source/McalMcu/cpu.hpp"
00000176 7263652f4d63 
0000017c 616c4d63752f 
00000182 6370752e6870 
00000188 7000 
0000018a 000000          313 	.byte	0,0,0
0000018d 2e2e2f736f75    314 	.strz	"../source/McalMcu/v800_ghs.hpp"
00000193 7263652f4d63 
00000199 616c4d63752f 
0000019f 763830305f67 
000001a5 68732e687070 
000001ab 00 
000001ac 000000          315 	.byte	0,0,0
000001af 2e2e2f736f75    316 	.strz	"../source/McalGpt/clocks.hpp"
000001b5 7263652f4d63 
000001bb 616c4770742f 
000001c1 636c6f636b73 
000001c7 2e68707000 
000001cc 000000          317 	.byte	0,0,0
000001cf 2e2e2f736f75    318 	.strz	"../source/McalGpt/clocksX.hpp"
000001d5 7263652f4d63 
000001db 616c4770742f 
000001e1 636c6f636b73 
000001e7 582e68707000 
000001ed 000000          319 	.byte	0,0,0
000001f0 00              320 	.byte	0
                         321 .Ldw_lpro_end:
                         322 	.section	.debug_macinfo
                         323 .Ldw_macinfo_begin:
                         324 	.section	.debug_frame
                         325 .LDW_50d95f8:
00000000 00000000*       326 	.word	.LDW_unq_2-.LDW_unq_1
                         327 .LDW_unq_1:
00000004 ffffffff        328 	.byte	255,255,255,255
00000008 01              329 	.byte	1
00000009 00              330 	.byte	0
0000000a 01              331 	.byte	1
0000000b 01              332 	.byte	1
0000000c 1f              333 	.byte	31

                                                                      Page 8
                                                              C:\Users\nhuliyap\AppData\Local\Temp\gh_0000auk1.s
0000000d 0c              334 	.byte	12
0000000e 03              335 	.byte	3
0000000f 00              336 	.byte	0
00000010 07              337 	.byte	7
00000011 00              338 	.byte	0
00000012 07              339 	.byte	7
00000013 01              340 	.byte	1
00000014 07              341 	.byte	7
00000015 02              342 	.byte	2
00000016 07              343 	.byte	7
00000017 03              344 	.byte	3
00000018 07              345 	.byte	7
00000019 04              346 	.byte	4
0000001a 07              347 	.byte	7
0000001b 05              348 	.byte	5
0000001c 07              349 	.byte	7
0000001d 06              350 	.byte	6
0000001e 07              351 	.byte	7
0000001f 07              352 	.byte	7
00000020 07              353 	.byte	7
00000021 08              354 	.byte	8
00000022 07              355 	.byte	7
00000023 09              356 	.byte	9
00000024 07              357 	.byte	7
00000025 0a              358 	.byte	10
00000026 07              359 	.byte	7
00000027 0b              360 	.byte	11
00000028 07              361 	.byte	7
00000029 0c              362 	.byte	12
0000002a 07              363 	.byte	7
0000002b 0d              364 	.byte	13
0000002c 07              365 	.byte	7
0000002d 0e              366 	.byte	14
0000002e 07              367 	.byte	7
0000002f 0f              368 	.byte	15
00000030 07              369 	.byte	7
00000031 10              370 	.byte	16
00000032 07              371 	.byte	7
00000033 11              372 	.byte	17
00000034 07              373 	.byte	7
00000035 12              374 	.byte	18
00000036 07              375 	.byte	7
00000037 13              376 	.byte	19
00000038 08              377 	.byte	8
00000039 14              378 	.byte	20
0000003a 08              379 	.byte	8
0000003b 15              380 	.byte	21
0000003c 08              381 	.byte	8
0000003d 16              382 	.byte	22
0000003e 08              383 	.byte	8
0000003f 17              384 	.byte	23
00000040 08              385 	.byte	8
00000041 18              386 	.byte	24
00000042 08              387 	.byte	8
00000043 19              388 	.byte	25
00000044 08              389 	.byte	8
00000045 1a              390 	.byte	26
00000046 08              391 	.byte	8
00000047 1b              392 	.byte	27
00000048 08              393 	.byte	8
00000049 1c              394 	.byte	28

                                                                      Page 9
                                                              C:\Users\nhuliyap\AppData\Local\Temp\gh_0000auk1.s
0000004a 08              395 	.byte	8
0000004b 1d              396 	.byte	29
0000004c 07              397 	.byte	7
0000004d 1e              398 	.byte	30
0000004e 08              399 	.byte	8
0000004f 1f              400 	.byte	31
00000050 07              401 	.byte	7
00000051 20              402 	.byte	32
00000052 07              403 	.byte	7
00000053 21              404 	.byte	33
00000054 07              405 	.byte	7
00000055 22              406 	.byte	34
00000056 07              407 	.byte	7
00000057 23              408 	.byte	35
00000058 07              409 	.byte	7
00000059 24              410 	.byte	36
0000005a 07              411 	.byte	7
0000005b 25              412 	.byte	37
0000005c 07              413 	.byte	7
0000005d 26              414 	.byte	38
0000005e 07              415 	.byte	7
0000005f 27              416 	.byte	39
00000060 07              417 	.byte	7
00000061 28              418 	.byte	40
00000062 07              419 	.byte	7
00000063 29              420 	.byte	41
00000064 07              421 	.byte	7
00000065 2a              422 	.byte	42
00000066 07              423 	.byte	7
00000067 2b              424 	.byte	43
00000068 07              425 	.byte	7
00000069 2c              426 	.byte	44
0000006a 07              427 	.byte	7
0000006b 2d              428 	.byte	45
0000006c 07              429 	.byte	7
0000006d 2e              430 	.byte	46
0000006e 07              431 	.byte	7
0000006f 2f              432 	.byte	47
00000070 07              433 	.byte	7
00000071 30              434 	.byte	48
00000072 07              435 	.byte	7
00000073 31              436 	.byte	49
00000074 07              437 	.byte	7
00000075 32              438 	.byte	50
00000076 07              439 	.byte	7
00000077 33              440 	.byte	51
00000078 07              441 	.byte	7
00000079 34              442 	.byte	52
0000007a 07              443 	.byte	7
0000007b 35              444 	.byte	53
0000007c 07              445 	.byte	7
0000007d 36              446 	.byte	54
0000007e 07              447 	.byte	7
0000007f 37              448 	.byte	55
00000080 07              449 	.byte	7
00000081 38              450 	.byte	56
00000082 07              451 	.byte	7
00000083 39              452 	.byte	57
00000084 07              453 	.byte	7
00000085 3a              454 	.byte	58
00000086 07              455 	.byte	7

                                                                      Page 10
                                                              C:\Users\nhuliyap\AppData\Local\Temp\gh_0000auk1.s
00000087 3b              456 	.byte	59
00000088 07              457 	.byte	7
00000089 3c              458 	.byte	60
0000008a 07              459 	.byte	7
0000008b 3d              460 	.byte	61
0000008c 07              461 	.byte	7
0000008d 3e              462 	.byte	62
0000008e 07              463 	.byte	7
0000008f 3f              464 	.byte	63
                         465 .LDW_unq_2:
                         466 	.section	.debug_info
                         467 .LDW_17c7148:
00000094 25              468 	.byte	37
00000095 756e7369676e    469 	.strz	"unsigned long"
0000009b 6564206c6f6e 
000000a1 6700 
000000a3 07              470 	.byte	7
000000a4 04              471 	.byte	4
                         472 
                         473 	.section	.debug_abbrev
00000017 25              474 	.byte	37
00000018 24              475 	.byte	36
00000019 00              476 	.byte	0
0000001a 0308            477 	.byte	3,8
0000001c 3e0b            478 	.byte	62,11
0000001e 0b0b            479 	.byte	11,11
00000020 0000            480 	.byte	0,0
                         481 
                         482 	.section	.debug_info
                         483 .LDW_51b6280:
000000a5 45              484 	.byte	69
000000a6 01              485 	.byte	1
                         486 
                         487 	.section	.debug_abbrev
00000022 45              488 	.byte	69
00000023 15              489 	.byte	21
00000024 01              490 	.byte	1
00000025 270c            491 	.byte	39,12
00000027 0000            492 	.byte	0,0
                         493 
                         494 	.section	.debug_info
000000a7 00              495 	.byte	0
                         496 
                         497 .LDW_51b62b8:
000000a8 45              498 	.byte	69
000000a9 01              499 	.byte	1
                         500 
000000aa 00              501 	.byte	0
                         502 
                         503 .LDW_51b5f70:
000000ab 45              504 	.byte	69
000000ac 01              505 	.byte	1
                         506 
000000ad 00              507 	.byte	0
                         508 
                         509 .LDW_51b5f38:
000000ae 45              510 	.byte	69
000000af 01              511 	.byte	1
                         512 
                         513 .LDW_513aa18:
000000b0 12              514 	.byte	18

                                                                      Page 11
                                                              C:\Users\nhuliyap\AppData\Local\Temp\gh_0000auk1.s
000000b1 00000000*       515 	.word	.LDW_513df38
000000b5 00              516 	.byte	0
                         517 
                         518 	.section	.debug_abbrev
00000029 12              519 	.byte	18
0000002a 05              520 	.byte	5
0000002b 00              521 	.byte	0
0000002c 4910            522 	.byte	73,16
0000002e 4b0c            523 	.byte	75,12
00000030 0000            524 	.byte	0,0
                         525 
                         526 	.section	.debug_info
000000b6 00              527 	.byte	0
                         528 
                         529 .LDW_51ef628:
000000b7 2b              530 	.byte	43
000000b8 00000000*       531 	.word	.LDW_513df38
                         532 
                         533 	.section	.debug_abbrev
00000032 2b              534 	.byte	43
00000033 35              535 	.byte	53
00000034 00              536 	.byte	0
00000035 4910            537 	.byte	73,16
00000037 0000            538 	.byte	0,0
                         539 
                         540 	.section	.debug_info
                         541 .LDW_51ef890:
000000bc 29              542 	.byte	41
000000bd 00000000*       543 	.word	.LDW_unq_3
                         544 
                         545 	.section	.debug_abbrev
00000039 29              546 	.byte	41
0000003a 26              547 	.byte	38
0000003b 00              548 	.byte	0
0000003c 4910            549 	.byte	73,16
0000003e 0000            550 	.byte	0,0
                         551 
                         552 	.section	.debug_info
                         553 .LDW_unq_3:
000000c1 2b              554 	.byte	43
000000c2 00000000*       555 	.word	.LDW_513df38
                         556 
                         557 .LDW_513df38:
000000c6 28              558 	.byte	40
000000c7 75696e743332    559 	.strz	"uint32"
000000cd 00 
000000ce 54              560 	.byte	84
000000cf 4a              561 	.byte	74
000000d0 04              562 	.byte	4
000000d1 00000000*       563 	.word	.LDW_17c7148
                         564 
                         565 	.section	.debug_abbrev
00000040 28              566 	.byte	40
00000041 16              567 	.byte	22
00000042 00              568 	.byte	0
00000043 0308            569 	.byte	3,8
00000045 3b0f            570 	.byte	59,15
00000047 390f            571 	.byte	57,15
00000049 3a0f            572 	.byte	58,15
0000004b 4910            573 	.byte	73,16
0000004d 0000            574 	.byte	0,0

                                                                      Page 12
                                                              C:\Users\nhuliyap\AppData\Local\Temp\gh_0000auk1.s
                         575 
                         576 	.section	.debug_info
                         577 .LDW_51f4c20:
000000d5 05              578 	.byte	5
000000d6 50524f54434d    579 	.strz	"PROTCMD1"
000000dc 443100 
000000df 9811            580 	.byte	152,17
000000e1 01              581 	.byte	1
000000e2 09              582 	.byte	9
000000e3 00000000*       583 	.word	.LDW_51ef628
000000e7 01              584 	.byte	1
000000e8 01              585 	.byte	1
                         586 
                         587 	.section	.debug_abbrev
0000004f 05              588 	.byte	5
00000050 34              589 	.byte	52
00000051 00              590 	.byte	0
00000052 0308            591 	.byte	3,8
00000054 3b0f            592 	.byte	59,15
00000056 390f            593 	.byte	57,15
00000058 3a0f            594 	.byte	58,15
0000005a 4910            595 	.byte	73,16
0000005c 3f0c            596 	.byte	63,12
0000005e 3c0c            597 	.byte	60,12
00000060 0000            598 	.byte	0,0
                         599 
                         600 	.section	.debug_info
                         601 .LDW_51f4d28:
000000e9 05              602 	.byte	5
000000ea 50524f545331    603 	.strz	"PROTS1"
000000f0 00 
000000f1 9911            604 	.byte	153,17
000000f3 01              605 	.byte	1
000000f4 09              606 	.byte	9
000000f5 00000000*       607 	.word	.LDW_51ef890
000000f9 01              608 	.byte	1
000000fa 01              609 	.byte	1
                         610 
                         611 .LDW_51f5a90:
000000fb 05              612 	.byte	5
000000fc 434b53435f43    613 	.strz	"CKSC_CPUCLKS_CTL"
00000102 5055434c4b53 
00000108 5f43544c00 
0000010d a011            614 	.byte	160,17
0000010f 01              615 	.byte	1
00000110 09              616 	.byte	9
00000111 00000000*       617 	.word	.LDW_51ef628
00000115 01              618 	.byte	1
00000116 01              619 	.byte	1
                         620 
                         621 .LDW_51f59e0:
00000117 05              622 	.byte	5
00000118 434b53435f43    623 	.strz	"CKSC_CPUCLKS_ACT"
0000011e 5055434c4b53 
00000124 5f41435400 
00000129 a111            624 	.byte	161,17
0000012b 01              625 	.byte	1
0000012c 09              626 	.byte	9
0000012d 00000000*       627 	.word	.LDW_51ef890
00000131 01              628 	.byte	1
00000132 01              629 	.byte	1

                                                                      Page 13
                                                              C:\Users\nhuliyap\AppData\Local\Temp\gh_0000auk1.s
                         630 
                         631 .LDW_51f5880:
00000133 05              632 	.byte	5
00000134 434b53435f49    633 	.strz	"CKSC_ICANS_CTL"
0000013a 43414e535f43 
00000140 544c00 
00000143 ad11            634 	.byte	173,17
00000145 01              635 	.byte	1
00000146 09              636 	.byte	9
00000147 00000000*       637 	.word	.LDW_51ef628
0000014b 01              638 	.byte	1
0000014c 01              639 	.byte	1
                         640 
                         641 .LDW_513c078:
0000014d 13              642 	.byte	19
0000014e 434c4f434b53    643 	.strz	"CLOCKS_SetMainOscClock"
00000154 5f5365744d61 
0000015a 696e4f736343 
00000160 6c6f636b00 
00000165 06              644 	.byte	6
00000166 06              645 	.byte	6
00000167 01              646 	.byte	1
00000168 00000000*       647 	.word	_CLOCKS_SetMainOscClock
0000016c 00000000*       648 	.word	___ghs_eofn_CLOCKS_SetMainOscClock
00000170 0153            649 	.byte	1,83
00000172 02              650 	.byte	2
00000173 00              651 	.byte	0
00000174 02              652 	.byte	2
00000175 00              653 	.byte	0
00000176 00              654 	.byte	0
00000177 00              655 	.byte	0
00000178 00              656 	.byte	0
00000179 01              657 	.byte	1
0000017a 01              658 	.byte	1
0000017b 00              659 	.byte	0
0000017c 01              660 	.byte	1
                         661 
                         662 	.section	.debug_abbrev
00000062 13              663 	.byte	19
00000063 2e              664 	.byte	46
00000064 01              665 	.byte	1
00000065 0308            666 	.byte	3,8
00000067 3b0f            667 	.byte	59,15
00000069 390f            668 	.byte	57,15
0000006b 3a0f            669 	.byte	58,15
0000006d 1101            670 	.byte	17,1
0000006f 1201            671 	.byte	18,1
00000071 400a            672 	.byte	64,10
00000073 8341            673 	.byte	131,65
00000075 0f              674 	.byte	15
00000076 8741            675 	.byte	135,65
00000078 0d              676 	.byte	13
00000079 8541            677 	.byte	133,65
0000007b 0f              678 	.byte	15
0000007c 8641            679 	.byte	134,65
0000007e 0d              680 	.byte	13
0000007f 9241            681 	.byte	146,65
00000081 0f              682 	.byte	15
00000082 3c0c            683 	.byte	60,12
00000084 200b            684 	.byte	32,11
00000086 3f0c            685 	.byte	63,12

                                                                      Page 14
                                                              C:\Users\nhuliyap\AppData\Local\Temp\gh_0000auk1.s
00000088 320b            686 	.byte	50,11
0000008a 4c0b            687 	.byte	76,11
0000008c 270c            688 	.byte	39,12
0000008e 0000            689 	.byte	0,0
                         690 
                         691 	.section	.debug_frame
                         692 .LDW_4d70020:
00000090 00000000*       693 	.word	.LDW_unq_5-.LDW_unq_4
                         694 .LDW_unq_4:
00000094 00000000*       695 	.word	.LDW_50d95f8
00000098 00000000*       696 	.word	_CLOCKS_SetMainOscClock
0000009c 00000000*       697 	.word	___ghs_eofn_CLOCKS_SetMainOscClock-_CLOCKS_SetMainOscClock
000000a0 01              698 	.byte	1
000000a1 00000000*       699 	.word	.LDW11
000000a5 00              700 	.byte	0
000000a6 00              701 	.byte	0
000000a7 00              702 	.byte	0
                         703 .LDW_unq_5:
                         704 	.section	.debug_line
000001f1 000502          705 	.byte	0,5,2
000001f4 00000000*       706 	.word	_CLOCKS_SetMainOscClock
000001f8 03              707 	.byte	3
000001f9 05              708 	.byte	5
000001fa 02              709 	.byte	2
000001fb 00              710 	.byte	0
000001fc 01              711 	.byte	1
000001fd 06              712 	.byte	6
000001fe 000502          713 	.byte	0,5,2
00000201 00000000*       714 	.word	.LDWlin1
00000205 0b              715 	.byte	11
00000206 000502          716 	.byte	0,5,2
00000209 00000000*       717 	.word	.LDWlin2
0000020d 02              718 	.byte	2
0000020e 00              719 	.byte	0
0000020f 0b              720 	.byte	11
00000210 000502          721 	.byte	0,5,2
00000213 00000000*       722 	.word	.LDWlin3
00000217 02              723 	.byte	2
00000218 00              724 	.byte	0
00000219 0b              725 	.byte	11
0000021a 02              726 	.byte	2
0000021b 02              727 	.byte	2
0000021c 000101          728 	.byte	0,1,1
                         729 	.section	.debug_info
                         730 .LDW_513a928:
0000017d 1d              731 	.byte	29
0000017e 00000000*       732 	.word	.LDW01
00000182 00000000*       733 	.word	.LDW11
                         734 
                         735 	.section	.debug_abbrev
00000090 1d              736 	.byte	29
00000091 0b              737 	.byte	11
00000092 01              738 	.byte	1
00000093 1101            739 	.byte	17,1
00000095 1201            740 	.byte	18,1
00000097 0000            741 	.byte	0,0
                         742 
                         743 	.section	.debug_info
00000186 00              744 	.byte	0
                         745 
00000187 00              746 	.byte	0

                                                                      Page 15
                                                              C:\Users\nhuliyap\AppData\Local\Temp\gh_0000auk1.s
                         747 
                         748 .LDW_513bd80:
00000188 13              749 	.byte	19
00000189 434c4f434b53    750 	.strz	"CLOCKS_SetPllClock"
0000018f 5f536574506c 
00000195 6c436c6f636b 
0000019b 00 
0000019c 0b              751 	.byte	11
0000019d 06              752 	.byte	6
0000019e 01              753 	.byte	1
0000019f 00000000*       754 	.word	_CLOCKS_SetPllClock
000001a3 00000000*       755 	.word	___ghs_eofn_CLOCKS_SetPllClock
000001a7 0153            756 	.byte	1,83
000001a9 02              757 	.byte	2
000001aa 00              758 	.byte	0
000001ab 02              759 	.byte	2
000001ac 00              760 	.byte	0
000001ad 00              761 	.byte	0
000001ae 00              762 	.byte	0
000001af 00              763 	.byte	0
000001b0 01              764 	.byte	1
000001b1 01              765 	.byte	1
000001b2 00              766 	.byte	0
000001b3 01              767 	.byte	1
                         768 
                         769 	.section	.debug_frame
                         770 .LDW_4ce84f8:
000000a8 00000000*       771 	.word	.LDW_unq_7-.LDW_unq_6
                         772 .LDW_unq_6:
000000ac 00000000*       773 	.word	.LDW_50d95f8
000000b0 00000000*       774 	.word	_CLOCKS_SetPllClock
000000b4 00000000*       775 	.word	___ghs_eofn_CLOCKS_SetPllClock-_CLOCKS_SetPllClock
000000b8 01              776 	.byte	1
000000b9 00000000*       777 	.word	.LDW31
000000bd 00              778 	.byte	0
000000be 00              779 	.byte	0
000000bf 00              780 	.byte	0
                         781 .LDW_unq_7:
                         782 	.section	.debug_line
0000021f 000502          783 	.byte	0,5,2
00000222 00000000*       784 	.word	_CLOCKS_SetPllClock
00000226 03              785 	.byte	3
00000227 0a              786 	.byte	10
00000228 02              787 	.byte	2
00000229 00              788 	.byte	0
0000022a 01              789 	.byte	1
0000022b 06              790 	.byte	6
0000022c 000502          791 	.byte	0,5,2
0000022f 00000000*       792 	.word	.LDWlin4
00000233 0b              793 	.byte	11
00000234 000502          794 	.byte	0,5,2
00000237 00000000*       795 	.word	.LDWlin5
0000023b 02              796 	.byte	2
0000023c 00              797 	.byte	0
0000023d 0b              798 	.byte	11
0000023e 000502          799 	.byte	0,5,2
00000241 00000000*       800 	.word	.LDWlin6
00000245 02              801 	.byte	2
00000246 00              802 	.byte	0
00000247 0b              803 	.byte	11
00000248 02              804 	.byte	2

                                                                      Page 16
                                                              C:\Users\nhuliyap\AppData\Local\Temp\gh_0000auk1.s
00000249 02              805 	.byte	2
0000024a 000101          806 	.byte	0,1,1
                         807 	.section	.debug_info
                         808 .LDW_513a958:
000001b4 1d              809 	.byte	29
000001b5 00000000*       810 	.word	.LDW21
000001b9 00000000*       811 	.word	.LDW31
                         812 
000001bd 00              813 	.byte	0
                         814 
000001be 00              815 	.byte	0
                         816 
                         817 .LDW_513b400:
000001bf 13              818 	.byte	19
000001c0 434c4f434b53    819 	.strz	"CLOCKS_DisableClockDomainsForDeepSleep"
000001c6 5f4469736162 
000001cc 6c65436c6f63 
000001d2 6b446f6d6169 
000001d8 6e73466f7244 
000001de 656570536c65 
000001e4 657000 
000001e7 10              820 	.byte	16
000001e8 06              821 	.byte	6
000001e9 01              822 	.byte	1
000001ea 00000000*       823 	.word	_CLOCKS_DisableClockDomainsForDeepSleep
000001ee 00000000*       824 	.word	___ghs_eofn_CLOCKS_DisableClockDomainsForDeepSleep
000001f2 0153            825 	.byte	1,83
000001f4 02              826 	.byte	2
000001f5 00              827 	.byte	0
000001f6 02              828 	.byte	2
000001f7 00              829 	.byte	0
000001f8 00              830 	.byte	0
000001f9 00              831 	.byte	0
000001fa 00              832 	.byte	0
000001fb 01              833 	.byte	1
000001fc 01              834 	.byte	1
000001fd 00              835 	.byte	0
000001fe 01              836 	.byte	1
                         837 
                         838 	.section	.debug_frame
                         839 .LDW_4ce79e8:
000000c0 00000000*       840 	.word	.LDW_unq_9-.LDW_unq_8
                         841 .LDW_unq_8:
000000c4 00000000*       842 	.word	.LDW_50d95f8
000000c8 00000000*       843 	.word	_CLOCKS_DisableClockDomainsForDeepSleep
000000cc 00000000*       844 	.word	___ghs_eofn_CLOCKS_DisableClockDomainsForDeepSleep-_CLOCKS_DisableClockDomainsForDeepSleep
000000d0 01              845 	.byte	1
000000d1 00000000*       846 	.word	.LDW51
000000d5 00              847 	.byte	0
000000d6 00              848 	.byte	0
000000d7 00              849 	.byte	0
                         850 .LDW_unq_9:
                         851 	.section	.debug_line
0000024d 000502          852 	.byte	0,5,2
00000250 00000000*       853 	.word	_CLOCKS_DisableClockDomainsForDeepSleep
00000254 06              854 	.byte	6
00000255 03              855 	.byte	3
00000256 10              856 	.byte	16
00000257 02              857 	.byte	2
00000258 00              858 	.byte	0
00000259 01              859 	.byte	1

                                                                      Page 17
                                                              C:\Users\nhuliyap\AppData\Local\Temp\gh_0000auk1.s
0000025a 000502          860 	.byte	0,5,2
0000025d 00000000*       861 	.word	.LDWlin7
00000261 0b              862 	.byte	11
00000262 02              863 	.byte	2
00000263 02              864 	.byte	2
00000264 000101          865 	.byte	0,1,1
                         866 	.section	.debug_info
                         867 .LDW_513a9e8:
000001ff 1d              868 	.byte	29
00000200 00000000*       869 	.word	.LDW41
00000204 00000000*       870 	.word	.LDW51
                         871 
00000208 00              872 	.byte	0
                         873 
00000209 00              874 	.byte	0
                         875 
                         876 .LDW_513bc50:
0000020a 13              877 	.byte	19
0000020b 576169744861    878 	.strz	"WaitHard"
00000211 726400 
00000214 14              879 	.byte	20
00000215 06              880 	.byte	6
00000216 01              881 	.byte	1
00000217 00000000*       882 	.word	_WaitHard
0000021b 00000000*       883 	.word	___ghs_eofn_WaitHard
0000021f 0153            884 	.byte	1,83
00000221 02              885 	.byte	2
00000222 00              886 	.byte	0
00000223 02              887 	.byte	2
00000224 00              888 	.byte	0
00000225 00              889 	.byte	0
00000226 00              890 	.byte	0
00000227 00              891 	.byte	0
00000228 01              892 	.byte	1
00000229 01              893 	.byte	1
0000022a 00              894 	.byte	0
0000022b 01              895 	.byte	1
                         896 
                         897 	.section	.debug_frame
                         898 .LDW_4ce7d68:
000000d8 00000000*       899 	.word	.LDW_unq_b-.LDW_unq_a
                         900 .LDW_unq_a:
000000dc 00000000*       901 	.word	.LDW_50d95f8
000000e0 00000000*       902 	.word	_WaitHard
000000e4 00000000*       903 	.word	___ghs_eofn_WaitHard-_WaitHard
000000e8 01              904 	.byte	1
000000e9 00000000*       905 	.word	.LDW71
000000ed 00              906 	.byte	0
000000ee 00              907 	.byte	0
000000ef 00              908 	.byte	0
                         909 .LDW_unq_b:
                         910 	.section	.debug_line
00000267 000502          911 	.byte	0,5,2
0000026a 00000000*       912 	.word	_WaitHard
0000026e 06              913 	.byte	6
0000026f 03              914 	.byte	3
00000270 15              915 	.byte	21
00000271 02              916 	.byte	2
00000272 00              917 	.byte	0
00000273 01              918 	.byte	1
00000274 1b              919 	.byte	27

                                                                      Page 18
                                                              C:\Users\nhuliyap\AppData\Local\Temp\gh_0000auk1.s
00000275 000502          920 	.byte	0,5,2
00000278 00000000*       921 	.word	.LDWlin8
0000027c 02              922 	.byte	2
0000027d 00              923 	.byte	0
0000027e 0b              924 	.byte	11
0000027f 02              925 	.byte	2
00000280 02              926 	.byte	2
00000281 000101          927 	.byte	0,1,1
                         928 	.section	.debug_info
                         929 .LDW_513e0f0:
0000022c 0f              930 	.byte	15
0000022d 756c4d696372    931 	.strz	"ulMicroSeconds"
00000233 6f5365636f6e 
00000239 647300 
0000023c 14              932 	.byte	20
0000023d 16              933 	.byte	22
0000023e 01              934 	.byte	1
0000023f 00000000*       935 	.word	.LDW_513df38
00000243 00              936 	.byte	0
00000244 0156            937 	.byte	1,86
                         938 
                         939 	.section	.debug_abbrev
00000099 0f              940 	.byte	15
0000009a 05              941 	.byte	5
0000009b 00              942 	.byte	0
0000009c 0308            943 	.byte	3,8
0000009e 3b0f            944 	.byte	59,15
000000a0 390f            945 	.byte	57,15
000000a2 3a0f            946 	.byte	58,15
000000a4 4910            947 	.byte	73,16
000000a6 4b0c            948 	.byte	75,12
000000a8 020a            949 	.byte	2,10
000000aa 0000            950 	.byte	0,0
                         951 
                         952 	.section	.debug_info
                         953 .LDW_4b736d0:
00000246 1d              954 	.byte	29
00000247 00000000*       955 	.word	.LDW61
0000024b 00000000*       956 	.word	.LDW71
                         957 
                         958 .LDW_513e148:
0000024f 04              959 	.byte	4
00000250 756c5469636b    960 	.strz	"ulTicks"
00000256 7300 
00000258 16              961 	.byte	22
00000259 0b              962 	.byte	11
0000025a 01              963 	.byte	1
0000025b 00000000*       964 	.word	.LDW_513df38
0000025f 00              965 	.byte	0
00000260 00              966 	.byte	0
00000261 0156            967 	.byte	1,86
                         968 
                         969 	.section	.debug_abbrev
000000ac 04              970 	.byte	4
000000ad 34              971 	.byte	52
000000ae 00              972 	.byte	0
000000af 0308            973 	.byte	3,8
000000b1 3b0f            974 	.byte	59,15
000000b3 390f            975 	.byte	57,15
000000b5 3a0f            976 	.byte	58,15
000000b7 4910            977 	.byte	73,16

                                                                      Page 19
                                                              C:\Users\nhuliyap\AppData\Local\Temp\gh_0000auk1.s
000000b9 3f0c            978 	.byte	63,12
000000bb 3c0c            979 	.byte	60,12
000000bd 020a            980 	.byte	2,10
000000bf 0000            981 	.byte	0,0
                         982 
                         983 	.section	.debug_info
00000263 00              984 	.byte	0
                         985 
00000264 00              986 	.byte	0
                         987 
00000265 00              988 	.byte	0
                         989 
                         990 	.section	.debug_line
                         991 .Ldw_line_end:
                         992 	.section	.debug_macinfo
00000000 01              993 	.byte	1
00000001 00              994 	.byte	0
00000002 5f5f474e555f    995 	.strz	"__GNU_ASM_SUPPORT__ 1"
00000008 41534d5f5355 
0000000e 50504f52545f 
00000014 5f203100 
00000018 01              996 	.byte	1
00000019 00              997 	.byte	0
0000001a 5f5f67687320    998 	.strz	"__ghs 1"
00000020 3100 
00000022 01              999 	.byte	1
00000023 00             1000 	.byte	0
00000024 5f5f6768735f   1001 	.strz	"__ghs__ 1"
0000002a 5f203100 
0000002e 01             1002 	.byte	1
0000002f 00             1003 	.byte	0
00000030 5f5f41545452   1004 	.strz	"__ATTRIBUTES 1"
00000036 494255544553 
0000003c 203100 
0000003f 01             1005 	.byte	1
00000040 00             1006 	.byte	0
00000041 5f5f4544475f   1007 	.strz	"__EDG__ 1"
00000047 5f203100 
0000004b 01             1008 	.byte	1
0000004c 00             1009 	.byte	0
0000004d 5f5f434f5245   1010 	.strz	"__CORE_V850E3V5__ 1"
00000053 5f5638353045 
00000059 3356355f5f20 
0000005f 3100 
00000061 01             1011 	.byte	1
00000062 00             1012 	.byte	0
00000063 5f5f56383530   1013 	.strz	"__V850E__ 1"
00000069 455f5f203100 
0000006f 01             1014 	.byte	1
00000070 00             1015 	.byte	0
00000071 5f5f56383530   1016 	.strz	"__V850E2__ 1"
00000077 45325f5f2031 
0000007d 00 
0000007e 01             1017 	.byte	1
0000007f 00             1018 	.byte	0
00000080 5f5f56383530   1019 	.strz	"__V850E2R__ 1"
00000086 4532525f5f20 
0000008c 3100 
0000008e 01             1020 	.byte	1
0000008f 00             1021 	.byte	0
00000090 5f5f56383530   1022 	.strz	"__V850E2V3__ 1"

                                                                      Page 20
                                                              C:\Users\nhuliyap\AppData\Local\Temp\gh_0000auk1.s
00000096 453256335f5f 
0000009c 203100 
0000009f 01             1023 	.byte	1
000000a0 00             1024 	.byte	0
000000a1 5f5f56383530   1025 	.strz	"__V850E3__ 1"
000000a7 45335f5f2031 
000000ad 00 
000000ae 01             1026 	.byte	1
000000af 00             1027 	.byte	0
000000b0 5f5f4c4c4f4e   1028 	.strz	"__LLONG_BIT 64"
000000b6 475f42495420 
000000bc 363400 
000000bf 03             1029 	.byte	3
000000c0 00             1030 	.byte	0
000000c1 01             1031 	.byte	1
000000c2 03             1032 	.byte	3
000000c3 01             1033 	.byte	1
000000c4 02             1034 	.byte	2
000000c5 03             1035 	.byte	3
000000c6 07             1036 	.byte	7
000000c7 03             1037 	.byte	3
000000c8 03             1038 	.byte	3
000000c9 1c             1039 	.byte	28
000000ca 04             1040 	.byte	4
000000cb 04             1041 	.byte	4
000000cc 03             1042 	.byte	3
000000cd 1d             1043 	.byte	29
000000ce 05             1044 	.byte	5
000000cf 03             1045 	.byte	3
000000d0 1b             1046 	.byte	27
000000d1 06             1047 	.byte	6
000000d2 03             1048 	.byte	3
000000d3 54             1049 	.byte	84
000000d4 07             1050 	.byte	7
000000d5 04             1051 	.byte	4
000000d6 04             1052 	.byte	4
000000d7 04             1053 	.byte	4
000000d8 04             1054 	.byte	4
000000d9 04             1055 	.byte	4
000000da 03             1056 	.byte	3
000000db 03             1057 	.byte	3
000000dc 08             1058 	.byte	8
000000dd 03             1059 	.byte	3
000000de 44             1060 	.byte	68
000000df 09             1061 	.byte	9
000000e0 01             1062 	.byte	1
000000e1 17             1063 	.byte	23
000000e2 505241474d41   1064 	.strz	"PRAGMA(x) _Pragma(#x)"
000000e8 287829205f50 
000000ee 7261676d6128 
000000f4 23782900 
000000f8 01             1065 	.byte	1
000000f9 18             1066 	.byte	24
000000fa 5f5f52454144   1067 	.strz	"__READ volatile const"
00000100 20766f6c6174 
00000106 696c6520636f 
0000010c 6e737400 
00000110 01             1068 	.byte	1
00000111 1a             1069 	.byte	26
00000112 5f5f52454144   1070 	.strz	"__READ_WRITE volatile"
00000118 5f5752495445 

                                                                      Page 21
                                                              C:\Users\nhuliyap\AppData\Local\Temp\gh_0000auk1.s
0000011e 20766f6c6174 
00000124 696c6500 
00000128 01             1071 	.byte	1
00000129 1c             1072 	.byte	28
0000012a 5f5f494f5245   1073 	.strz	"__IOREG(reg,addr,attrib,type) PRAGMA(ghs io reg addr) extern attrib type reg;"
00000130 47287265672c 
00000136 616464722c61 
0000013c 74747269622c 
00000142 747970652920 
00000148 505241474d41 
0000014e 286768732069 
00000154 6f2072656720 
0000015a 616464722920 
00000160 65787465726e 
00000166 206174747269 
0000016c 622074797065 
00000172 207265673b00 
00000178 01             1074 	.byte	1
00000179 1f             1075 	.byte	31
0000017a 5f5f494f5245   1076 	.strz	"__IOREGARRAY(reg,array,addr,attrib,type) PRAGMA(ghs io reg addr) extern attrib type reg[array];"
00000180 474152524159 
00000186 287265672c61 
0000018c 727261792c61 
00000192 6464722c6174 
00000198 747269622c74 
0000019e 797065292050 
000001a4 5241474d4128 
000001aa 67687320696f 
000001b0 207265672061 
000001b6 646472292065 
000001bc 787465726e20 
000001c2 617474726962 
000001c8 207479706520 
000001ce 7265675b6172 
000001d4 7261795d3b00 
000001da 04             1077 	.byte	4
000001db 03             1078 	.byte	3
000001dc 45             1079 	.byte	69
000001dd 0a             1080 	.byte	10
000001de 01             1081 	.byte	1
000001df 08             1082 	.byte	8
000001e0 5f494e4c494e   1083 	.strz	"_INLINE_ __inline"
000001e6 455f205f5f69 
000001ec 6e6c696e6500 
000001f2 03             1084 	.byte	3
000001f3 0b             1085 	.byte	11
000001f4 0b             1086 	.byte	11
000001f5 01             1087 	.byte	1
000001f6 0f             1088 	.byte	15
000001f7 5f5f41545452   1089 	.strz	"__ATTRIBUTE(x) __attribute__(x)"
000001fd 494255544528 
00000203 7829205f5f61 
00000209 747472696275 
0000020f 74655f5f2878 
00000215 2900 
00000217 01             1090 	.byte	1
00000218 74             1091 	.byte	116
00000219 5f5f47455453   1092 	.strz	"__GETSP_macro() asm (\"mov sp, %0\" : \"=r\" (result));"
0000021f 505f6d616372 
00000225 6f2829206173 
0000022b 6d2028226d6f 

                                                                      Page 22
                                                              C:\Users\nhuliyap\AppData\Local\Temp\gh_0000auk1.s
00000231 762073702c20 
00000237 253022203a20 
0000023d 223d72222028 
00000243 726573756c74 
00000249 29293b00 
0000024d 04             1093 	.byte	4
0000024e 01             1094 	.byte	1
0000024f 14             1095 	.byte	20
00000250 7533325f5420   1096 	.strz	"u32_T unsigned long"
00000256 756e7369676e 
0000025c 6564206c6f6e 
00000262 6700 
00000264 01             1097 	.byte	1
00000265 c402           1098 	.byte	196,2
00000267 50535720352c   1099 	.strz	"PSW 5, 0"
0000026d 203000 
00000270 01             1100 	.byte	1
00000271 ce02           1101 	.byte	206,2
00000273 4d4346473020   1102 	.strz	"MCFG0 0, 1"
00000279 302c203100 
0000027e 01             1103 	.byte	1
0000027f d002           1104 	.byte	208,2
00000281 454241534520   1105 	.strz	"EBASE 3, 1"
00000287 332c203100 
0000028c 01             1106 	.byte	1
0000028d d102           1107 	.byte	209,2
0000028f 494e54425020   1108 	.strz	"INTBP 4, 1"
00000295 342c203100 
0000029a 01             1109 	.byte	1
0000029b d202           1110 	.byte	210,2
0000029d 4d43544c2035   1111 	.strz	"MCTL 5, 1"
000002a3 2c203100 
000002a7 01             1112 	.byte	1
000002a8 d402           1113 	.byte	212,2
000002aa 534343464720   1114 	.strz	"SCCFG 11, 1"
000002b0 31312c203100 
000002b6 01             1115 	.byte	1
000002b7 d902           1116 	.byte	217,2
000002b9 415349442037   1117 	.strz	"ASID 7, 2"
000002bf 2c203200 
000002c3 01             1118 	.byte	1
000002c4 db02           1119 	.byte	219,2
000002c6 495350522031   1120 	.strz	"ISPR 10, 2"
000002cc 302c203200 
000002d1 01             1121 	.byte	1
000002d2 dc02           1122 	.byte	220,2
000002d4 504d52203131   1123 	.strz	"PMR 11, 2"
000002da 2c203200 
000002de 01             1124 	.byte	1
000002df dd02           1125 	.byte	221,2
000002e1 494353522031   1126 	.strz	"ICSR 12, 2"
000002e7 322c203200 
000002ec 01             1127 	.byte	1
000002ed de02           1128 	.byte	222,2
000002ef 494e54434647   1129 	.strz	"INTCFG 13, 2"
000002f5 2031332c2032 
000002fb 00 
000002fc 01             1130 	.byte	1
000002fd e002           1131 	.byte	224,2
000002ff 4d504d20302c   1132 	.strz	"MPM 0, 5"
00000305 203500 

                                                                      Page 23
                                                              C:\Users\nhuliyap\AppData\Local\Temp\gh_0000auk1.s
00000308 01             1133 	.byte	1
00000309 e102           1134 	.byte	225,2
0000030b 4d5052432031   1135 	.strz	"MPRC 1, 5"
00000311 2c203500 
00000315 01             1136 	.byte	1
00000316 e202           1137 	.byte	226,2
00000318 4d504252474e   1138 	.strz	"MPBRGN 4, 5"
0000031e 20342c203500 
00000324 01             1139 	.byte	1
00000325 e302           1140 	.byte	227,2
00000327 4d505452474e   1141 	.strz	"MPTRGN 5, 5"
0000032d 20352c203500 
00000333 01             1142 	.byte	1
00000334 e402           1143 	.byte	228,2
00000336 4d434120382c   1144 	.strz	"MCA 8, 5"
0000033c 203500 
0000033f 01             1145 	.byte	1
00000340 e502           1146 	.byte	229,2
00000342 4d435320392c   1147 	.strz	"MCS 9, 5"
00000348 203500 
0000034b 01             1148 	.byte	1
0000034c e602           1149 	.byte	230,2
0000034e 4d4343203130   1150 	.strz	"MCC 10, 5"
00000354 2c203500 
00000358 01             1151 	.byte	1
00000359 e702           1152 	.byte	231,2
0000035b 4d4352203131   1153 	.strz	"MCR 11, 5"
00000361 2c203500 
00000365 01             1154 	.byte	1
00000366 e902           1155 	.byte	233,2
00000368 4d504c413020   1156 	.strz	"MPLA0 0, 6"
0000036e 302c203600 
00000373 01             1157 	.byte	1
00000374 ea02           1158 	.byte	234,2
00000376 4d5055413020   1159 	.strz	"MPUA0 1, 6"
0000037c 312c203600 
00000381 01             1160 	.byte	1
00000382 eb02           1161 	.byte	235,2
00000384 4d5041543020   1162 	.strz	"MPAT0 2, 6"
0000038a 322c203600 
0000038f 01             1163 	.byte	1
00000390 ec02           1164 	.byte	236,2
00000392 4d504c413120   1165 	.strz	"MPLA1 4, 6"
00000398 342c203600 
0000039d 01             1166 	.byte	1
0000039e ed02           1167 	.byte	237,2
000003a0 4d5055413120   1168 	.strz	"MPUA1 5, 6"
000003a6 352c203600 
000003ab 01             1169 	.byte	1
000003ac ee02           1170 	.byte	238,2
000003ae 4d5041543120   1171 	.strz	"MPAT1 6, 6"
000003b4 362c203600 
000003b9 01             1172 	.byte	1
000003ba ef02           1173 	.byte	239,2
000003bc 4d504c413220   1174 	.strz	"MPLA2 8, 6"
000003c2 382c203600 
000003c7 01             1175 	.byte	1
000003c8 f002           1176 	.byte	240,2
000003ca 4d5055413220   1177 	.strz	"MPUA2 9, 6"
000003d0 392c203600 
000003d5 01             1178 	.byte	1

                                                                      Page 24
                                                              C:\Users\nhuliyap\AppData\Local\Temp\gh_0000auk1.s
000003d6 f102           1179 	.byte	241,2
000003d8 4d5041543220   1180 	.strz	"MPAT2 10, 6"
000003de 31302c203600 
000003e4 01             1181 	.byte	1
000003e5 f202           1182 	.byte	242,2
000003e7 4d504c413320   1183 	.strz	"MPLA3 12, 6"
000003ed 31322c203600 
000003f3 01             1184 	.byte	1
000003f4 f302           1185 	.byte	243,2
000003f6 4d5055413320   1186 	.strz	"MPUA3 13, 6"
000003fc 31332c203600 
00000402 01             1187 	.byte	1
00000403 f402           1188 	.byte	244,2
00000405 4d5041543320   1189 	.strz	"MPAT3 14, 6"
0000040b 31342c203600 
00000411 01             1190 	.byte	1
00000412 f502           1191 	.byte	245,2
00000414 4d504c413420   1192 	.strz	"MPLA4 16, 6"
0000041a 31362c203600 
00000420 01             1193 	.byte	1
00000421 f602           1194 	.byte	246,2
00000423 4d5055413420   1195 	.strz	"MPUA4 17, 6"
00000429 31372c203600 
0000042f 01             1196 	.byte	1
00000430 f702           1197 	.byte	247,2
00000432 4d5041543420   1198 	.strz	"MPAT4 18, 6"
00000438 31382c203600 
0000043e 01             1199 	.byte	1
0000043f f802           1200 	.byte	248,2
00000441 4d504c413520   1201 	.strz	"MPLA5 20, 6"
00000447 32302c203600 
0000044d 01             1202 	.byte	1
0000044e f902           1203 	.byte	249,2
00000450 4d5055413520   1204 	.strz	"MPUA5 21, 6"
00000456 32312c203600 
0000045c 01             1205 	.byte	1
0000045d fa02           1206 	.byte	250,2
0000045f 4d5041543520   1207 	.strz	"MPAT5 22, 6"
00000465 32322c203600 
0000046b 01             1208 	.byte	1
0000046c fb02           1209 	.byte	251,2
0000046e 4d504c413620   1210 	.strz	"MPLA6 24, 6"
00000474 32342c203600 
0000047a 01             1211 	.byte	1
0000047b fc02           1212 	.byte	252,2
0000047d 4d5055413620   1213 	.strz	"MPUA6 25, 6"
00000483 32352c203600 
00000489 01             1214 	.byte	1
0000048a fd02           1215 	.byte	253,2
0000048c 4d5041543620   1216 	.strz	"MPAT6 26, 6"
00000492 32362c203600 
00000498 01             1217 	.byte	1
00000499 fe02           1218 	.byte	254,2
0000049b 4d4c55413720   1219 	.strz	"MLUA7 28, 6"
000004a1 32382c203600 
000004a7 01             1220 	.byte	1
000004a8 ff02           1221 	.byte	255,2
000004aa 4d5055413720   1222 	.strz	"MPUA7 29, 6"
000004b0 32392c203600 
000004b6 01             1223 	.byte	1
000004b7 8003           1224 	.byte	128,3

                                                                      Page 25
                                                              C:\Users\nhuliyap\AppData\Local\Temp\gh_0000auk1.s
000004b9 4d5041543720   1225 	.strz	"MPAT7 30, 6"
000004bf 33302c203600 
000004c5 01             1226 	.byte	1
000004c6 8103           1227 	.byte	129,3
000004c8 4d504c413820   1228 	.strz	"MPLA8 0, 7"
000004ce 302c203700 
000004d3 01             1229 	.byte	1
000004d4 8203           1230 	.byte	130,3
000004d6 4d5055413820   1231 	.strz	"MPUA8 1, 7"
000004dc 312c203700 
000004e1 01             1232 	.byte	1
000004e2 8303           1233 	.byte	131,3
000004e4 4d5041543820   1234 	.strz	"MPAT8 2, 7"
000004ea 322c203700 
000004ef 01             1235 	.byte	1
000004f0 8403           1236 	.byte	132,3
000004f2 4d504c413920   1237 	.strz	"MPLA9 4, 7"
000004f8 342c203700 
000004fd 01             1238 	.byte	1
000004fe 8503           1239 	.byte	133,3
00000500 4d5055413920   1240 	.strz	"MPUA9 5, 7"
00000506 352c203700 
0000050b 01             1241 	.byte	1
0000050c 8603           1242 	.byte	134,3
0000050e 4d5041543920   1243 	.strz	"MPAT9 6, 7"
00000514 362c203700 
00000519 01             1244 	.byte	1
0000051a 8703           1245 	.byte	135,3
0000051c 4d504c413130   1246 	.strz	"MPLA10 8, 7"
00000522 20382c203700 
00000528 01             1247 	.byte	1
00000529 8803           1248 	.byte	136,3
0000052b 4d5055413130   1249 	.strz	"MPUA10 9, 7"
00000531 20392c203700 
00000537 01             1250 	.byte	1
00000538 8903           1251 	.byte	137,3
0000053a 4d5041543130   1252 	.strz	"MPAT10 10, 7"
00000540 2031302c2037 
00000546 00 
00000547 01             1253 	.byte	1
00000548 8a03           1254 	.byte	138,3
0000054a 4d504c413131   1255 	.strz	"MPLA11 12, 7"
00000550 2031322c2037 
00000556 00 
00000557 01             1256 	.byte	1
00000558 8b03           1257 	.byte	139,3
0000055a 4d5055413131   1258 	.strz	"MPUA11 13, 7"
00000560 2031332c2037 
00000566 00 
00000567 01             1259 	.byte	1
00000568 8c03           1260 	.byte	140,3
0000056a 4d5041543131   1261 	.strz	"MPAT11 14, 7"
00000570 2031342c2037 
00000576 00 
00000577 01             1262 	.byte	1
00000578 8d03           1263 	.byte	141,3
0000057a 4d504c413132   1264 	.strz	"MPLA12 16, 7"
00000580 2031362c2037 
00000586 00 
00000587 01             1265 	.byte	1
00000588 8e03           1266 	.byte	142,3

                                                                      Page 26
                                                              C:\Users\nhuliyap\AppData\Local\Temp\gh_0000auk1.s
0000058a 4d5055413132   1267 	.strz	"MPUA12 17, 7"
00000590 2031372c2037 
00000596 00 
00000597 01             1268 	.byte	1
00000598 8f03           1269 	.byte	143,3
0000059a 4d5041543132   1270 	.strz	"MPAT12 18, 7"
000005a0 2031382c2037 
000005a6 00 
000005a7 01             1271 	.byte	1
000005a8 9003           1272 	.byte	144,3
000005aa 4d504c413133   1273 	.strz	"MPLA13 20, 7"
000005b0 2032302c2037 
000005b6 00 
000005b7 01             1274 	.byte	1
000005b8 9103           1275 	.byte	145,3
000005ba 4d5055413133   1276 	.strz	"MPUA13 21, 7"
000005c0 2032312c2037 
000005c6 00 
000005c7 01             1277 	.byte	1
000005c8 9203           1278 	.byte	146,3
000005ca 4d5041543133   1279 	.strz	"MPAT13 22, 7"
000005d0 2032322c2037 
000005d6 00 
000005d7 01             1280 	.byte	1
000005d8 9303           1281 	.byte	147,3
000005da 4d504c413134   1282 	.strz	"MPLA14 24, 7"
000005e0 2032342c2037 
000005e6 00 
000005e7 01             1283 	.byte	1
000005e8 9403           1284 	.byte	148,3
000005ea 4d5055413134   1285 	.strz	"MPUA14 25, 7"
000005f0 2032352c2037 
000005f6 00 
000005f7 01             1286 	.byte	1
000005f8 9503           1287 	.byte	149,3
000005fa 4d5041543134   1288 	.strz	"MPAT14 26, 7"
00000600 2032362c2037 
00000606 00 
00000607 01             1289 	.byte	1
00000608 9603           1290 	.byte	150,3
0000060a 4d504c413135   1291 	.strz	"MPLA15 28, 7"
00000610 2032382c2037 
00000616 00 
00000617 01             1292 	.byte	1
00000618 9703           1293 	.byte	151,3
0000061a 4d5055413135   1294 	.strz	"MPUA15 29, 7"
00000620 2032392c2037 
00000626 00 
00000627 01             1295 	.byte	1
00000628 9803           1296 	.byte	152,3
0000062a 4d5041543135   1297 	.strz	"MPAT15 30, 7"
00000630 2033302c2037 
00000636 00 
00000637 04             1298 	.byte	4
00000638 01             1299 	.byte	1
00000639 4b             1300 	.byte	75
0000063a 70726f746563   1301 	.strz	"protected_write(preg,pstatus,reg,value) do{ (preg)=0xa5u; (reg)=(value); (reg)=~(value); (reg)=(value); }while((pstatus)==1u)"
00000640 7465645f7772 
00000646 697465287072 
0000064c 65672c707374 
00000652 617475732c72 

                                                                      Page 27
                                                              C:\Users\nhuliyap\AppData\Local\Temp\gh_0000auk1.s
00000658 65672c76616c 
0000065e 75652920646f 
00000664 7b2028707265 
0000066a 67293d307861 
00000670 35753b202872 
00000676 6567293d2876 
0000067c 616c7565293b 
00000682 202872656729 
00000688 3d7e2876616c 
0000068e 7565293b2028 
00000694 726567293d28 
0000069a 76616c756529 
000006a0 3b207d776869 
000006a6 6c6528287073 
000006ac 746174757329 
000006b2 3d3d31752900 
000006b8 04             1302 	.byte	4
000006b9 03             1303 	.byte	3
000006ba 04             1304 	.byte	4
000006bb 0c             1305 	.byte	12
000006bc 03             1306 	.byte	3
000006bd 06             1307 	.byte	6
000006be 0d             1308 	.byte	13
000006bf 04             1309 	.byte	4
000006c0 04             1310 	.byte	4
000006c1 04             1311 	.byte	4
000006c2 00             1312 	.byte	0
                        1313 	.section	.debug_abbrev
000000c1 00             1314 	.byte	0
                        1315 	.section	.debug_info
                        1316 .Ldw_end:
                        1317 .rh850_flags REGMODE32,DATA_ALIGN8,GP_FIX,EP_NONFIX,TP_FIX,REG2_RESERVE,G3K,GHS_MISALIGN,SDA_EXTRA_REGS_0
