                                                                      Page 1
                                                              C:\Users\nhuliyap\AppData\Local\Temp\gh_00006ug1.s
Command Line: C:\ghs\comp_201517\ease850.exe -w -elf -b0 -I../source/common -I../source/ProjectCompiler -I../source/ProjectCfg -I../source/SwcApplTpms -I../source/SwcApplTpms/Intface -I../source/SwcApplEcuM -I../source/SwcServiceEcuM -I../source/SwcServiceNvM -I../source/SwcServiceOs -I../source/SwcServiceStartUp -I../source/McalAdc -I../source/McalDio -I../source/McalGpt -I../source/McalMcu -I../source/McalWdg -I../source/wrappers -I../source/wrappers/McalAta -I../source/McalLin -I../source/McalCan -I../source/wrappers/OS -I../source/McalFls -I../source/EcuabFee -I../source/EcuabMemIf -I../source/wrappers/VStdLib -I../source/wrappers/Crc -I../source/wrappers/FBL_APPL -I../source/wrappers/CAN_MANAGER -I../source/wrappers/NVM_MANAGER -I../source/wrappers/DEM_MANAGER -I../source/wrappers/RDC_MANAGER -I../source/wrappers/ENV_MANAGER -I../source/wrappers/SYS_MANAGER -I../source/wrappers/EcuabCanIf -I../source/wrappers/SwcServiceCanSM -I../source/wrappers/SwcServiceCanTp -I../source/wrappers/SwcServiceCanTp_PreCompile -I../source/wrappers/SwcServiceCom -I../source/wrappers/SwcServiceComM -I../source/wrappers/SwcServiceComStack -I../source/wrappers/SwcServiceDcm -I../source/wrappers/SwcServicePduR -I../source/wrappers/SwcServiceEcuM -I../source/wrappers/Bfx -I../source/wrappers/SwcServiceDem -I../source/SwcServiceDet -I../source/SwcServiceFiM -I../source/wrappers/LibAutosarDiag -I../source/wrappers/rba_BswSrv -I../source/SwcServiceSchM -I../source/wrappers/SwcServiceComM/Integration -I../source/wrappers/SwcServicePduR/Integration -I../source/wrappers/EcuabCanIf/Integration -I../source/wrappers/SwcServiceCom/Integration -I../source/wrappers/SwcServiceCanTp/Integration -I../source/wrappers/SwcServiceEcuM/Integration -I../source/SwcServiceDet/Integration -I../source/wrappers/SwcServiceDcm/Integration -I../source/wrappers/SwcServiceDem/Integration -I../source/SwcServiceFiM/Integration -I../source/wrappers/EcuabCanIf/api -I../source/wrappers/SwcServiceCom/api -I../source/wrappers/SwcServiceComM/api -I../source/wrappers/SwcServicePduR/api -I../source/wrappers/Bfx/api -I../source/SwcServiceDet/api -I../source/SwcServiceFiM/api -I../source/wrappers/LibAutosarDiag/api -I../source/wrappers/rba_BswSrv/api -IC:\ghs\comp_201517\lib\rh850 -cg_underscore -cpu=rh850g3k -no_v850_simd -rh850_fpsimd=none -nomacro -patch_dbo=C:\_ECU2\ECU_Rivian_A1\Target\repo_projects\pRealEcu\cL_LATEST\make\output\objects\DcmAppl_OBD_Callbacks.dbo -source=DcmAppl_OBD_Callbacks.c -o output\objects\gh_00006ug1.o -list=output\list\DcmAppl_OBD_Callbacks.lst C:\Users\nhuliyap\AppData\Local\Temp\gh_00006ug1.s 
Original File: C:\Users\nhuliyap\AppData\Local\Temp\gh_00006ug1.s
Source File: DcmAppl_OBD_Callbacks.c
Directory: C:\_ECU2\ECU_Rivian_A1\Target\repo_projects\pRealEcu\cL_LATEST\make
Host OS: Windows
EASE: Copyright (C) 1983-2015 Green Hills Software.  All Rights Reserved.
Release: Compiler v2015.1.7
Build Directory: [Directory] BTOWORKER6:c:/build_2015_1_bto/2015-10-21.2100-2015_1_bto/win32-comp-ecom
Revision: [VCInfo] http://toolsvc/branches/release-branch-70-bto/src@544153 (built by build)
Revision Date: Thu Oct 22 07:50:13 2015

Release Date: Thu Oct 22 09:32:32 2015

                           1 --Driver Command: ccv850
                           2 --		../source/wrappers/SwcServiceDcm/Integration/DcmAppl_OBD_Callbacks.c
                           3 --		-cpu=rh850 -fhard -ignore_callt_state_in_interrupts -large_sda
                           4 --		-misalign_pack -nofarcalls -nofloatio -no_callt -Ogeneral
                           5 --		-Onounroll -prepare_dispose -registermode=32 -reserve_r2 -sda=0
                           6 --		-shorten_loads -Wshadow --brief_diagnostics --no_commons
                           7 --		--no_wrap_diagnostics --prototype_errors --short_enum -list -G
                           8 --		-dual_debug -dwarf -X5523 -lnk=-no_xda_modifications -D
                           9 --		NOT_READY_FOR_TESTING_OR_DEPLOYMENT -D IBTCM_SW_ANPASSUNGEN -D
                          10 --		BUILD_LORDSTOWN -c -inline_prologue -I../source/common
                          11 --		-I../source/ProjectCompiler -I../source/ProjectCfg
                          12 --		-I../source/SwcApplTpms -I../source/SwcApplTpms/Intface
                          13 --		-I../source/SwcApplEcuM -I../source/SwcServiceEcuM
                          14 --		-I../source/SwcServiceNvM -I../source/SwcServiceOs
                          15 --		-I../source/SwcServiceStartUp -I../source/McalAdc
                          16 --		-I../source/McalDio -I../source/McalGpt -I../source/McalMcu
                          17 --		-I../source/McalWdg -I../source/wrappers
                          18 --		-I../source/wrappers/McalAta -I../source/McalLin
                          19 --		-I../source/McalCan -I../source/wrappers/OS -I../source/McalFls
                          20 --		-I../source/EcuabFee -I../source/EcuabMemIf
                          21 --		-I../source/wrappers/VStdLib -I../source/wrappers
                          22 --		-I../source/wrappers/Crc -I../source/wrappers/FBL_APPL
                          23 --		-I../source/wrappers/CAN_MANAGER -I../source/wrappers/NVM_MANAGER
                          24 --		-I../source/wrappers/DEM_MANAGER -I../source/wrappers/RDC_MANAGER
                          25 --		-I../source/wrappers/ENV_MANAGER -I../source/wrappers/SYS_MANAGER
                          26 --		-I../source/wrappers/EcuabCanIf
                          27 --		-I../source/wrappers/SwcServiceCanSM
                          28 --		-I../source/wrappers/SwcServiceCanTp
                          29 --		-I../source/wrappers/SwcServiceCanTp_PreCompile
                          30 --		-I../source/wrappers/SwcServiceCom
                          31 --		-I../source/wrappers/SwcServiceComM
                          32 --		-I../source/wrappers/SwcServiceComStack
                          33 --		-I../source/wrappers/SwcServiceDcm
                          34 --		-I../source/wrappers/SwcServicePduR
                          35 --		-I../source/wrappers/SwcServiceEcuM -I../source/wrappers/Bfx
                          36 --		-I../source/wrappers/SwcServiceDem -I../source/SwcServiceDet
                          37 --		-I../source/SwcServiceFiM -I../source/wrappers/LibAutosarDiag
                          38 --		-I../source/wrappers/rba_BswSrv -I../source/SwcServiceSchM
                          39 --		-I../source/wrappers/SwcServiceComM/Integration
                          40 --		-I../source/wrappers/SwcServicePduR/Integration
                          41 --		-I../source/wrappers/EcuabCanIf/Integration
                          42 --		-I../source/wrappers/SwcServiceCom/Integration
                          43 --		-I../source/wrappers/SwcServiceCanTp/Integration
                          44 --		-I../source/wrappers/SwcServiceEcuM/Integration
                          45 --		-I../source/SwcServiceDet/Integration
                          46 --		-I../source/wrappers/SwcServiceDcm/Integration
                          47 --		-I../source/wrappers/SwcServiceDem/Integration
                          48 --		-I../source/SwcServiceFiM/Integration
                          49 --		-I../source/wrappers/EcuabCanIf/api
                          50 --		-I../source/wrappers/SwcServiceCom/api

                                                                      Page 2
                                                              C:\Users\nhuliyap\AppData\Local\Temp\gh_00006ug1.s
                          51 --		-I../source/wrappers/SwcServiceComM/api
                          52 --		-I../source/wrappers/SwcServicePduR/api
                          53 --		-I../source/wrappers/Bfx/api -I../source/SwcServiceDet/api
                          54 --		-I../source/SwcServiceFiM/api
                          55 --		-I../source/wrappers/LibAutosarDiag/api
                          56 --		-I../source/wrappers/rba_BswSrv/api -object_dir=output/objects
                          57 --		-list_dir=output/list
                          58 --Source File:   ../source/wrappers/SwcServiceDcm/Integration/DcmAppl_OBD_Callbacks.c
                          59 --Directory:     
                          60 --		C:\_ECU2\ECU_Rivian_A1\Target\repo_projects\pRealEcu\cL_LATEST\make
                          61 --Compile Date:  Wed Sep 06 09:40:05 2023
                          62 --Host OS:       Win32
                          63 --Version:       C-RH850 2015.1.7 RELEASE VERSION
                          64 --Release:       Compiler v2015.1.7
                          65 --Revision Date: Thu Oct 22 08:06:12 2015
                          66 --Release Date:  Thu Oct 22 09:34:32 2015
                          67 -- ecom  -g -w -OM
                          68 
                          69 	.data
                          70 	.ghsnote version,17
                          71 	.ghsnote tools,3
                          72 	.ghsnote options,144
                          73 	.text
                          74 ..bof.C.3A.5C_ECU2.5CECU_Rivian_A1.5CTarget.5Crepo_projects.5CpRealEcu.5CcL_LATEST.5Cmake.5Coutput.5Cobjects.5CDcmAppl_OBD_Callbacks...43.3A.5C_ECU2.5CECU_Rivian_A1.5CTarget.5Crepo_projects.5CpRealEcu.5CcL_LATEST.5Cmake..64F82CD5..0::
                          75 ..eof.C.3A.5C_ECU2.5CECU_Rivian_A1.5CTarget.5Crepo_projects.5CpRealEcu.5CcL_LATEST.5Cmake.5Coutput.5Cobjects.5CDcmAppl_OBD_Callbacks...43.3A.5C_ECU2.5CECU_Rivian_A1.5CTarget.5Crepo_projects.5CpRealEcu.5CcL_LATEST.5Cmake..64F82CD5..0::
                          76 	.section	.debug_info
                          77 .Ldw_begin:
00000000 bb000000         78 	.word	.Ldw_end-.Ldw_begin-4
00000004 0200             79 	.byte	2,0
00000006 00000000*        80 	.word	.Ldw_abbr_begin
0000000a 04               81 	.byte	4
                          82 	.section	.debug_abbrev
                          83 .Ldw_abbr_begin:
                          84 	.section	.debug_info
0000000b 01               85 	.byte	1
0000000c 00000000*        86 	.word	..bof.C.3A.5C_ECU2.5CECU_Rivian_A1.5CTarget.5Crepo_projects.5CpRealEcu.5CcL_LATEST.5Cmake.5Coutput.5Cobjects.5CDcmAppl_OBD_Callbacks...43.3A.5C_ECU2.5CECU_Rivian_A1.5CTarget.5Crepo_projects.5CpRealEcu.5CcL_LATEST.5Cmake..64F82CD5..0
00000010 00000000*        87 	.word	..eof.C.3A.5C_ECU2.5CECU_Rivian_A1.5CTarget.5Crepo_projects.5CpRealEcu.5CcL_LATEST.5Cmake.5Coutput.5Cobjects.5CDcmAppl_OBD_Callbacks...43.3A.5C_ECU2.5CECU_Rivian_A1.5CTarget.5Crepo_projects.5CpRealEcu.5CcL_LATEST.5Cmake..64F82CD5..0
00000014 2e2e2f736f75     88 	.strz	"../source/wrappers/SwcServiceDcm/Integration/DcmAppl_OBD_Callbacks.c"
0000001a 7263652f7772 
00000020 617070657273 
00000026 2f5377635365 
0000002c 727669636544 
00000032 636d2f496e74 
00000038 656772617469 
0000003e 6f6e2f44636d 
00000044 4170706c5f4f 
0000004a 42445f43616c 
00000050 6c6261636b73 
00000056 2e6300 
00000059 433a5c5f4543     89 	.strz	"C:\\_ECU2\\ECU_Rivian_A1\\Target\\repo_projects\\pRealEcu\\cL_LATEST\\make"
0000005f 55325c454355 
00000065 5f5269766961 
0000006b 6e5f41315c54 
00000071 61726765745c 
00000077 7265706f5f70 
0000007d 726f6a656374 
00000083 735c70526561 
00000089 6c4563755c63 
0000008f 4c5f4c415445 
00000095 53545c6d616b 
0000009b 6500 

                                                                      Page 3
                                                              C:\Users\nhuliyap\AppData\Local\Temp\gh_00006ug1.s
0000009d 474853204320     90 	.strz	"GHS C 2015.1.7 [dual]"
000000a3 323031352e31 
000000a9 2e37205b6475 
000000af 616c5d00 
000000b3 0100             91 	.byte	1,0
000000b5 00000000*        92 	.word	.Ldw_line_begin
000000b9 00000000*        93 	.word	.Ldw_macinfo_begin
000000bd 00               94 	.byte	0
                          95 
                          96 	.section	.debug_abbrev
00000000 01               97 	.byte	1
00000001 11               98 	.byte	17
00000002 01               99 	.byte	1
00000003 1101            100 	.byte	17,1
00000005 1201            101 	.byte	18,1
00000007 0308            102 	.byte	3,8
00000009 1b08            103 	.byte	27,8
0000000b 2508            104 	.byte	37,8
0000000d 1305            105 	.byte	19,5
0000000f 1006            106 	.byte	16,6
00000011 4306            107 	.byte	67,6
00000013 420b            108 	.byte	66,11
00000015 0000            109 	.byte	0,0
                         110 
                         111 	.section	.debug_line
                         112 .Ldw_line_begin:
00000000 5e000000        113 	.word	.Ldw_line_end-.Ldw_line_begin-4
00000004 0200            114 	.byte	2,0
00000006 00000000*       115 	.word	.Ldw_lpro_end-.Ldw_lpro_begin
                         116 .Ldw_lpro_begin:
0000000a 01              117 	.byte	1
0000000b 00              118 	.byte	0
0000000c 00              119 	.byte	0
0000000d 04              120 	.byte	4
0000000e 0a              121 	.byte	10
0000000f 000101          122 	.byte	0,1,1
00000012 010100          123 	.byte	1,1,0
00000015 000001          124 	.byte	0,0,1
00000018 00              125 	.byte	0
00000019 2e2e2f736f75    126 	.strz	"../source/wrappers/SwcServiceDcm/Integration/DcmAppl_OBD_Callbacks.c"
0000001f 7263652f7772 
00000025 617070657273 
0000002b 2f5377635365 
00000031 727669636544 
00000037 636d2f496e74 
0000003d 656772617469 
00000043 6f6e2f44636d 
00000049 4170706c5f4f 
0000004f 42445f43616c 
00000055 6c6261636b73 
0000005b 2e6300 
0000005e 000000          127 	.byte	0,0,0
00000061 00              128 	.byte	0
                         129 .Ldw_lpro_end:
                         130 	.section	.debug_macinfo
                         131 .Ldw_macinfo_begin:
                         132 	.section	.debug_info
000000be 00              133 	.byte	0
                         134 
                         135 	.section	.debug_line
                         136 .Ldw_line_end:

                                                                      Page 4
                                                              C:\Users\nhuliyap\AppData\Local\Temp\gh_00006ug1.s
                         137 	.section	.debug_macinfo
00000000 01              138 	.byte	1
00000001 00              139 	.byte	0
00000002 4e4f545f5245    140 	.strz	"NOT_READY_FOR_TESTING_OR_DEPLOYMENT 1"
00000008 4144595f464f 
0000000e 525f54455354 
00000014 494e475f4f52 
0000001a 5f4445504c4f 
00000020 594d454e5420 
00000026 3100 
00000028 03              141 	.byte	3
00000029 00              142 	.byte	0
0000002a 01              143 	.byte	1
0000002b 04              144 	.byte	4
0000002c 00              145 	.byte	0
                         146 	.section	.debug_abbrev
00000017 00              147 	.byte	0
                         148 	.section	.debug_info
                         149 .Ldw_end:
                         150 .rh850_flags REGMODE32,DATA_ALIGN8,GP_FIX,EP_NONFIX,TP_FIX,REG2_RESERVE,G3K,GHS_MISALIGN,SDA_EXTRA_REGS_0
