                                                                      Page 1
                                                              C:\Users\nhuliyap\AppData\Local\Temp\gh_00003go1.s
Command Line: C:\ghs\comp_201517\ease850.exe -w -elf -b0 -I../source/common -I../source/ProjectCompiler -I../source/ProjectCfg -I../source/SwcApplTpms -I../source/SwcApplTpms/Intface -I../source/SwcApplEcuM -I../source/SwcServiceEcuM -I../source/SwcServiceNvM -I../source/SwcServiceOs -I../source/SwcServiceStartUp -I../source/McalAdc -I../source/McalDio -I../source/McalGpt -I../source/McalMcu -I../source/McalWdg -I../source/wrappers -I../source/wrappers/McalAta -I../source/McalLin -I../source/McalCan -I../source/wrappers/OS -I../source/McalFls -I../source/EcuabFee -I../source/EcuabMemIf -I../source/wrappers/VStdLib -I../source/wrappers/Crc -I../source/wrappers/FBL_APPL -I../source/wrappers/CAN_MANAGER -I../source/wrappers/NVM_MANAGER -I../source/wrappers/DEM_MANAGER -I../source/wrappers/RDC_MANAGER -I../source/wrappers/ENV_MANAGER -I../source/wrappers/SYS_MANAGER -I../source/wrappers/EcuabCanIf -I../source/wrappers/SwcServiceCanSM -I../source/wrappers/SwcServiceCanTp -I../source/wrappers/SwcServiceCanTp_PreCompile -I../source/wrappers/SwcServiceCom -I../source/wrappers/SwcServiceComM -I../source/wrappers/SwcServiceComStack -I../source/wrappers/SwcServiceDcm -I../source/wrappers/SwcServicePduR -I../source/wrappers/SwcServiceEcuM -I../source/wrappers/Bfx -I../source/wrappers/SwcServiceDem -I../source/SwcServiceDet -I../source/SwcServiceFiM -I../source/wrappers/LibAutosarDiag -I../source/wrappers/rba_BswSrv -I../source/SwcServiceSchM -I../source/wrappers/SwcServiceComM/Integration -I../source/wrappers/SwcServicePduR/Integration -I../source/wrappers/EcuabCanIf/Integration -I../source/wrappers/SwcServiceCom/Integration -I../source/wrappers/SwcServiceCanTp/Integration -I../source/wrappers/SwcServiceEcuM/Integration -I../source/SwcServiceDet/Integration -I../source/wrappers/SwcServiceDcm/Integration -I../source/wrappers/SwcServiceDem/Integration -I../source/SwcServiceFiM/Integration -I../source/wrappers/EcuabCanIf/api -I../source/wrappers/SwcServiceCom/api -I../source/wrappers/SwcServiceComM/api -I../source/wrappers/SwcServicePduR/api -I../source/wrappers/Bfx/api -I../source/SwcServiceDet/api -I../source/SwcServiceFiM/api -I../source/wrappers/LibAutosarDiag/api -I../source/wrappers/rba_BswSrv/api -IC:\ghs\comp_201517\lib\rh850 -cg_underscore -cpu=rh850g3k -no_v850_simd -rh850_fpsimd=none -nomacro -patch_dbo=C:\_ECU2\ECU_Rivian_A1\Target\repo_projects\pRealEcu\cL_LATEST\make\output\objects\Dem_GenericNvData.dbo -source=Dem_GenericNvData.c -o output\objects\gh_00003go1.o -list=output\list\Dem_GenericNvData.lst C:\Users\nhuliyap\AppData\Local\Temp\gh_00003go1.s 
Original File: C:\Users\nhuliyap\AppData\Local\Temp\gh_00003go1.s
Source File: Dem_GenericNvData.c
Directory: C:\_ECU2\ECU_Rivian_A1\Target\repo_projects\pRealEcu\cL_LATEST\make
Host OS: Windows
EASE: Copyright (C) 1983-2015 Green Hills Software.  All Rights Reserved.
Release: Compiler v2015.1.7
Build Directory: [Directory] BTOWORKER6:c:/build_2015_1_bto/2015-10-21.2100-2015_1_bto/win32-comp-ecom
Revision: [VCInfo] http://toolsvc/branches/release-branch-70-bto/src@544153 (built by build)
Revision Date: Thu Oct 22 07:50:13 2015

Release Date: Thu Oct 22 09:32:32 2015

                           1 --Driver Command: ccv850 ../source/wrappers/SwcServiceDem/Dem_GenericNvData.c
                           2 --		-cpu=rh850 -fhard -ignore_callt_state_in_interrupts -large_sda
                           3 --		-misalign_pack -nofarcalls -nofloatio -no_callt -Ogeneral
                           4 --		-Onounroll -prepare_dispose -registermode=32 -reserve_r2 -sda=0
                           5 --		-shorten_loads -Wshadow --brief_diagnostics --no_commons
                           6 --		--no_wrap_diagnostics --prototype_errors --short_enum -list -G
                           7 --		-dual_debug -dwarf -X5523 -lnk=-no_xda_modifications -D
                           8 --		NOT_READY_FOR_TESTING_OR_DEPLOYMENT -D IBTCM_SW_ANPASSUNGEN -D
                           9 --		BUILD_LORDSTOWN -c -inline_prologue -I../source/common
                          10 --		-I../source/ProjectCompiler -I../source/ProjectCfg
                          11 --		-I../source/SwcApplTpms -I../source/SwcApplTpms/Intface
                          12 --		-I../source/SwcApplEcuM -I../source/SwcServiceEcuM
                          13 --		-I../source/SwcServiceNvM -I../source/SwcServiceOs
                          14 --		-I../source/SwcServiceStartUp -I../source/McalAdc
                          15 --		-I../source/McalDio -I../source/McalGpt -I../source/McalMcu
                          16 --		-I../source/McalWdg -I../source/wrappers
                          17 --		-I../source/wrappers/McalAta -I../source/McalLin
                          18 --		-I../source/McalCan -I../source/wrappers/OS -I../source/McalFls
                          19 --		-I../source/EcuabFee -I../source/EcuabMemIf
                          20 --		-I../source/wrappers/VStdLib -I../source/wrappers
                          21 --		-I../source/wrappers/Crc -I../source/wrappers/FBL_APPL
                          22 --		-I../source/wrappers/CAN_MANAGER -I../source/wrappers/NVM_MANAGER
                          23 --		-I../source/wrappers/DEM_MANAGER -I../source/wrappers/RDC_MANAGER
                          24 --		-I../source/wrappers/ENV_MANAGER -I../source/wrappers/SYS_MANAGER
                          25 --		-I../source/wrappers/EcuabCanIf
                          26 --		-I../source/wrappers/SwcServiceCanSM
                          27 --		-I../source/wrappers/SwcServiceCanTp
                          28 --		-I../source/wrappers/SwcServiceCanTp_PreCompile
                          29 --		-I../source/wrappers/SwcServiceCom
                          30 --		-I../source/wrappers/SwcServiceComM
                          31 --		-I../source/wrappers/SwcServiceComStack
                          32 --		-I../source/wrappers/SwcServiceDcm
                          33 --		-I../source/wrappers/SwcServicePduR
                          34 --		-I../source/wrappers/SwcServiceEcuM -I../source/wrappers/Bfx
                          35 --		-I../source/wrappers/SwcServiceDem -I../source/SwcServiceDet
                          36 --		-I../source/SwcServiceFiM -I../source/wrappers/LibAutosarDiag
                          37 --		-I../source/wrappers/rba_BswSrv -I../source/SwcServiceSchM
                          38 --		-I../source/wrappers/SwcServiceComM/Integration
                          39 --		-I../source/wrappers/SwcServicePduR/Integration
                          40 --		-I../source/wrappers/EcuabCanIf/Integration
                          41 --		-I../source/wrappers/SwcServiceCom/Integration
                          42 --		-I../source/wrappers/SwcServiceCanTp/Integration
                          43 --		-I../source/wrappers/SwcServiceEcuM/Integration
                          44 --		-I../source/SwcServiceDet/Integration
                          45 --		-I../source/wrappers/SwcServiceDcm/Integration
                          46 --		-I../source/wrappers/SwcServiceDem/Integration
                          47 --		-I../source/SwcServiceFiM/Integration
                          48 --		-I../source/wrappers/EcuabCanIf/api
                          49 --		-I../source/wrappers/SwcServiceCom/api
                          50 --		-I../source/wrappers/SwcServiceComM/api

                                                                      Page 2
                                                              C:\Users\nhuliyap\AppData\Local\Temp\gh_00003go1.s
                          51 --		-I../source/wrappers/SwcServicePduR/api
                          52 --		-I../source/wrappers/Bfx/api -I../source/SwcServiceDet/api
                          53 --		-I../source/SwcServiceFiM/api
                          54 --		-I../source/wrappers/LibAutosarDiag/api
                          55 --		-I../source/wrappers/rba_BswSrv/api -object_dir=output/objects
                          56 --		-list_dir=output/list
                          57 --Source File:   ../source/wrappers/SwcServiceDem/Dem_GenericNvData.c
                          58 --Directory:     
                          59 --		C:\_ECU2\ECU_Rivian_A1\Target\repo_projects\pRealEcu\cL_LATEST\make
                          60 --Compile Date:  Wed Sep 06 09:42:45 2023
                          61 --Host OS:       Win32
                          62 --Version:       C-RH850 2015.1.7 RELEASE VERSION
                          63 --Release:       Compiler v2015.1.7
                          64 --Revision Date: Thu Oct 22 08:06:12 2015
                          65 --Release Date:  Thu Oct 22 09:34:32 2015
                          66 -- ecom  -g -w -OM
                          67 
                          68 	.data
                          69 	.section ".bss","awb"
                          70 	.align	4
                          71 	.align	4
                          72 	.global	_Dem_GenericNvData
00000000 000000000000     73 _Dem_GenericNvData:	.space	24
00000006 000000000000 
0000000c 000000000000 
00000012 000000000000 
                          74 	.type	_Dem_GenericNvData,@object
                          75 	.size	_Dem_GenericNvData,24
                          76 	.data
                          77 	.ghsnote version,17
                          78 	.ghsnote tools,3
                          79 	.ghsnote options,144
                          80 	.text
                          81 ..bof.C.3A.5C_ECU2.5CECU_Rivian_A1.5CTarget.5Crepo_projects.5CpRealEcu.5CcL_LATEST.5Cmake.5Coutput.5Cobjects.5CDem_GenericNvData...43.3A.5C_ECU2.5CECU_Rivian_A1.5CTarget.5Crepo_projects.5CpRealEcu.5CcL_LATEST.5Cmake..64F82D76..0::
                          82 ..eof.C.3A.5C_ECU2.5CECU_Rivian_A1.5CTarget.5Crepo_projects.5CpRealEcu.5CcL_LATEST.5Cmake.5Coutput.5Cobjects.5CDem_GenericNvData...43.3A.5C_ECU2.5CECU_Rivian_A1.5CTarget.5Crepo_projects.5CpRealEcu.5CcL_LATEST.5Cmake..64F82D76..0::
                          83 	.section	.debug_info
                          84 .Ldw_begin:
00000000 1b020000         85 	.word	.Ldw_end-.Ldw_begin-4
00000004 0200             86 	.byte	2,0
00000006 00000000*        87 	.word	.Ldw_abbr_begin
0000000a 04               88 	.byte	4
                          89 	.section	.debug_abbrev
                          90 .Ldw_abbr_begin:
                          91 	.section	.debug_info
0000000b 01               92 	.byte	1
0000000c 00000000*        93 	.word	..bof.C.3A.5C_ECU2.5CECU_Rivian_A1.5CTarget.5Crepo_projects.5CpRealEcu.5CcL_LATEST.5Cmake.5Coutput.5Cobjects.5CDem_GenericNvData...43.3A.5C_ECU2.5CECU_Rivian_A1.5CTarget.5Crepo_projects.5CpRealEcu.5CcL_LATEST.5Cmake..64F82D76..0
00000010 00000000*        94 	.word	..eof.C.3A.5C_ECU2.5CECU_Rivian_A1.5CTarget.5Crepo_projects.5CpRealEcu.5CcL_LATEST.5Cmake.5Coutput.5Cobjects.5CDem_GenericNvData...43.3A.5C_ECU2.5CECU_Rivian_A1.5CTarget.5Crepo_projects.5CpRealEcu.5CcL_LATEST.5Cmake..64F82D76..0
00000014 2e2e2f736f75     95 	.strz	"../source/wrappers/SwcServiceDem/Dem_GenericNvData.c"
0000001a 7263652f7772 
00000020 617070657273 
00000026 2f5377635365 
0000002c 727669636544 
00000032 656d2f44656d 
00000038 5f47656e6572 
0000003e 69634e764461 
00000044 74612e6300 
00000049 433a5c5f4543     96 	.strz	"C:\\_ECU2\\ECU_Rivian_A1\\Target\\repo_projects\\pRealEcu\\cL_LATEST\\make"
0000004f 55325c454355 
00000055 5f5269766961 
0000005b 6e5f41315c54 
00000061 61726765745c 

                                                                      Page 3
                                                              C:\Users\nhuliyap\AppData\Local\Temp\gh_00003go1.s
00000067 7265706f5f70 
0000006d 726f6a656374 
00000073 735c70526561 
00000079 6c4563755c63 
0000007f 4c5f4c415445 
00000085 53545c6d616b 
0000008b 6500 
0000008d 474853204320     97 	.strz	"GHS C 2015.1.7 [dual]"
00000093 323031352e31 
00000099 2e37205b6475 
0000009f 616c5d00 
000000a3 0100             98 	.byte	1,0
000000a5 00000000*        99 	.word	.Ldw_line_begin
000000a9 00000000*       100 	.word	.Ldw_macinfo_begin
000000ad 00              101 	.byte	0
                         102 
                         103 	.section	.debug_abbrev
00000000 01              104 	.byte	1
00000001 11              105 	.byte	17
00000002 01              106 	.byte	1
00000003 1101            107 	.byte	17,1
00000005 1201            108 	.byte	18,1
00000007 0308            109 	.byte	3,8
00000009 1b08            110 	.byte	27,8
0000000b 2508            111 	.byte	37,8
0000000d 1305            112 	.byte	19,5
0000000f 1006            113 	.byte	16,6
00000011 4306            114 	.byte	67,6
00000013 420b            115 	.byte	66,11
00000015 0000            116 	.byte	0,0
                         117 
                         118 	.section	.debug_line
                         119 .Ldw_line_begin:
00000000 1d070000        120 	.word	.Ldw_line_end-.Ldw_line_begin-4
00000004 0200            121 	.byte	2,0
00000006 00000000*       122 	.word	.Ldw_lpro_end-.Ldw_lpro_begin
                         123 .Ldw_lpro_begin:
0000000a 01              124 	.byte	1
0000000b 00              125 	.byte	0
0000000c 00              126 	.byte	0
0000000d 04              127 	.byte	4
0000000e 0a              128 	.byte	10
0000000f 000101          129 	.byte	0,1,1
00000012 010100          130 	.byte	1,1,0
00000015 000001          131 	.byte	0,0,1
00000018 00              132 	.byte	0
00000019 2e2e2f736f75    133 	.strz	"../source/wrappers/SwcServiceDem/Dem_GenericNvData.c"
0000001f 7263652f7772 
00000025 617070657273 
0000002b 2f5377635365 
00000031 727669636544 
00000037 656d2f44656d 
0000003d 5f47656e6572 
00000043 69634e764461 
00000049 74612e6300 
0000004e 000000          134 	.byte	0,0,0
00000051 2e2e2f736f75    135 	.strz	"../source/wrappers/SwcServiceDem/Dem_Types.hpp"
00000057 7263652f7772 
0000005d 617070657273 
00000063 2f5377635365 
00000069 727669636544 

                                                                      Page 4
                                                              C:\Users\nhuliyap\AppData\Local\Temp\gh_00003go1.s
0000006f 656d2f44656d 
00000075 5f5479706573 
0000007b 2e68707000 
00000080 000000          136 	.byte	0,0,0
00000083 2e2e2f736f75    137 	.strz	"../source/common/Std_Types.hpp"
00000089 7263652f636f 
0000008f 6d6d6f6e2f53 
00000095 74645f547970 
0000009b 65732e687070 
000000a1 00 
000000a2 000000          138 	.byte	0,0,0
000000a5 2e2e2f736f75    139 	.strz	"../source/common/Platform_Types.hpp"
000000ab 7263652f636f 
000000b1 6d6d6f6e2f50 
000000b7 6c6174666f72 
000000bd 6d5f54797065 
000000c3 732e68707000 
000000c9 000000          140 	.byte	0,0,0
000000cc 2e2e2f736f75    141 	.strz	"../source/common/Compiler.hpp"
000000d2 7263652f636f 
000000d8 6d6d6f6e2f43 
000000de 6f6d70696c65 
000000e4 722e68707000 
000000ea 000000          142 	.byte	0,0,0
000000ed 2e2e2f736f75    143 	.strz	"../source/ProjectCompiler/Compiler_Cfg.hpp"
000000f3 7263652f5072 
000000f9 6f6a65637443 
000000ff 6f6d70696c65 
00000105 722f436f6d70 
0000010b 696c65725f43 
00000111 66672e687070 
00000117 00 
00000118 000000          144 	.byte	0,0,0
0000011b 2e2e2f736f75    145 	.strz	"../source/ProjectCompiler/CompilerCfg_SwcServiceOs.hpp"
00000121 7263652f5072 
00000127 6f6a65637443 
0000012d 6f6d70696c65 
00000133 722f436f6d70 
00000139 696c65724366 
0000013f 675f53776353 
00000145 657276696365 
0000014b 4f732e687070 
00000151 00 
00000152 000000          146 	.byte	0,0,0
00000155 2e2e2f736f75    147 	.strz	"../source/ProjectCfg/Dem_Cfg.hpp"
0000015b 7263652f5072 
00000161 6f6a65637443 
00000167 66672f44656d 
0000016d 5f4366672e68 
00000173 707000 
00000176 000000          148 	.byte	0,0,0
00000179 2e2e2f736f75    149 	.strz	"../source/ProjectCfg/Dem_Cfg_Client.hpp"
0000017f 7263652f5072 
00000185 6f6a65637443 
0000018b 66672f44656d 
00000191 5f4366675f43 
00000197 6c69656e742e 
0000019d 68707000 
000001a1 000000          150 	.byte	0,0,0
000001a4 2e2e2f736f75    151 	.strz	"../source/wrappers/SwcServiceDem/Dem_ClientHandlingTypes.hpp"
000001aa 7263652f7772 

                                                                      Page 5
                                                              C:\Users\nhuliyap\AppData\Local\Temp\gh_00003go1.s
000001b0 617070657273 
000001b6 2f5377635365 
000001bc 727669636544 
000001c2 656d2f44656d 
000001c8 5f436c69656e 
000001ce 7448616e646c 
000001d4 696e67547970 
000001da 65732e687070 
000001e0 00 
000001e1 000000          152 	.byte	0,0,0
000001e4 2e2e2f736f75    153 	.strz	"../source/ProjectCfg/Dem_Cfg_NodeId.hpp"
000001ea 7263652f5072 
000001f0 6f6a65637443 
000001f6 66672f44656d 
000001fc 5f4366675f4e 
00000202 6f646549642e 
00000208 68707000 
0000020c 000000          154 	.byte	0,0,0
0000020f 2e2e2f736f75    155 	.strz	"../source/ProjectCfg/Dem_Cfg_Version.hpp"
00000215 7263652f5072 
0000021b 6f6a65637443 
00000221 66672f44656d 
00000227 5f4366675f56 
0000022d 657273696f6e 
00000233 2e68707000 
00000238 000000          156 	.byte	0,0,0
0000023b 2e2e2f736f75    157 	.strz	"../source/wrappers/Rte_Dem_Type.hpp"
00000241 7263652f7772 
00000247 617070657273 
0000024d 2f5274655f44 
00000253 656d5f547970 
00000259 652e68707000 
0000025f 000000          158 	.byte	0,0,0
00000262 2e2e2f736f75    159 	.strz	"../source/McalMcu/types.hpp"
00000268 7263652f4d63 
0000026e 616c4d63752f 
00000274 74797065732e 
0000027a 68707000 
0000027e 000000          160 	.byte	0,0,0
00000281 2e2e2f736f75    161 	.strz	"../source/wrappers/SwcServiceDem/Dem_GenericNvData.hpp"
00000287 7263652f7772 
0000028d 617070657273 
00000293 2f5377635365 
00000299 727669636544 
0000029f 656d2f44656d 
000002a5 5f47656e6572 
000002ab 69634e764461 
000002b1 74612e687070 
000002b7 00 
000002b8 000000          162 	.byte	0,0,0
000002bb 2e2e2f736f75    163 	.strz	"../source/wrappers/SwcServiceDem/Dem_OperationCycle.hpp"
000002c1 7263652f7772 
000002c7 617070657273 
000002cd 2f5377635365 
000002d3 727669636544 
000002d9 656d2f44656d 
000002df 5f4f70657261 
000002e5 74696f6e4379 
000002eb 636c652e6870 
000002f1 7000 
000002f3 000000          164 	.byte	0,0,0

                                                                      Page 6
                                                              C:\Users\nhuliyap\AppData\Local\Temp\gh_00003go1.s
000002f6 2e2e2f736f75    165 	.strz	"../source/ProjectCfg/Dem_Cfg_OperationCycle.hpp"
000002fc 7263652f5072 
00000302 6f6a65637443 
00000308 66672f44656d 
0000030e 5f4366675f4f 
00000314 706572617469 
0000031a 6f6e4379636c 
00000320 652e68707000 
00000326 000000          166 	.byte	0,0,0
00000329 2e2e2f736f75    167 	.strz	"../source/wrappers/LibAutosarDiag/rba_DiagLib_Bits8.hpp"
0000032f 7263652f7772 
00000335 617070657273 
0000033b 2f4c69624175 
00000341 746f73617244 
00000347 6961672f7262 
0000034d 615f44696167 
00000353 4c69625f4269 
00000359 7473382e6870 
0000035f 7000 
00000361 000000          168 	.byte	0,0,0
00000364 2e2e2f736f75    169 	.strz	"../source/wrappers/LibAutosarDiag/rba_DiagLib_Bits16.hpp"
0000036a 7263652f7772 
00000370 617070657273 
00000376 2f4c69624175 
0000037c 746f73617244 
00000382 6961672f7262 
00000388 615f44696167 
0000038e 4c69625f4269 
00000394 747331362e68 
0000039a 707000 
0000039d 000000          170 	.byte	0,0,0
000003a0 2e2e2f736f75    171 	.strz	"../source/wrappers/LibAutosarDiag/rba_DiagLib_Bits32.hpp"
000003a6 7263652f7772 
000003ac 617070657273 
000003b2 2f4c69624175 
000003b8 746f73617244 
000003be 6961672f7262 
000003c4 615f44696167 
000003ca 4c69625f4269 
000003d0 747333322e68 
000003d6 707000 
000003d9 000000          172 	.byte	0,0,0
000003dc 2e2e2f736f75    173 	.strz	"../source/ProjectCfg/Dem_Cfg_OperationCycle_DataStructures.hpp"
000003e2 7263652f5072 
000003e8 6f6a65637443 
000003ee 66672f44656d 
000003f4 5f4366675f4f 
000003fa 706572617469 
00000400 6f6e4379636c 
00000406 655f44617461 
0000040c 537472756374 
00000412 757265732e68 
00000418 707000 
0000041b 000000          174 	.byte	0,0,0
0000041e 2e2e2f736f75    175 	.strz	"../source/wrappers/SwcServiceDem/Dem_Lib.hpp"
00000424 7263652f7772 
0000042a 617070657273 
00000430 2f5377635365 
00000436 727669636544 
0000043c 656d2f44656d 
00000442 5f4c69622e68 

                                                                      Page 7
                                                              C:\Users\nhuliyap\AppData\Local\Temp\gh_00003go1.s
00000448 707000 
0000044b 000000          176 	.byte	0,0,0
0000044e 2e2e2f736f75    177 	.strz	"../source/wrappers/SwcServiceDem/Dem_Lok_Det.hpp"
00000454 7263652f7772 
0000045a 617070657273 
00000460 2f5377635365 
00000466 727669636544 
0000046c 656d2f44656d 
00000472 5f4c6f6b5f44 
00000478 65742e687070 
0000047e 00 
0000047f 000000          178 	.byte	0,0,0
00000482 2e2e2f736f75    179 	.strz	"../source/ProjectCfg/Dem_Cfg_Main.hpp"
00000488 7263652f5072 
0000048e 6f6a65637443 
00000494 66672f44656d 
0000049a 5f4366675f4d 
000004a0 61696e2e6870 
000004a6 7000 
000004a8 000000          180 	.byte	0,0,0
000004ab 2e2e2f736f75    181 	.strz	"../source/wrappers/LibAutosarDiag/rba_DiagLib_MemUtils.hpp"
000004b1 7263652f7772 
000004b7 617070657273 
000004bd 2f4c69624175 
000004c3 746f73617244 
000004c9 6961672f7262 
000004cf 615f44696167 
000004d5 4c69625f4d65 
000004db 6d5574696c73 
000004e1 2e68707000 
000004e6 000000          182 	.byte	0,0,0
000004e9 2e2e2f736f75    183 	.strz	"../source/wrappers/rba_BswSrv/api/rba_BswSrv.hpp"
000004ef 7263652f7772 
000004f5 617070657273 
000004fb 2f7262615f42 
00000501 73775372762f 
00000507 6170692f7262 
0000050d 615f42737753 
00000513 72762e687070 
00000519 00 
0000051a 000000          184 	.byte	0,0,0
0000051d 2e2e2f736f75    185 	.strz	"../source/ProjectCompiler/rba_BswSrv_MemMap.hpp"
00000523 7263652f5072 
00000529 6f6a65637443 
0000052f 6f6d70696c65 
00000535 722f7262615f 
0000053b 427377537276 
00000541 5f4d656d4d61 
00000547 702e68707000 
0000054d 000000          186 	.byte	0,0,0
00000550 2e2e2f736f75    187 	.strz	"../source/ProjectCompiler/Bsw_MemMap.hpp"
00000556 7263652f5072 
0000055c 6f6a65637443 
00000562 6f6d70696c65 
00000568 722f4273775f 
0000056e 4d656d4d6170 
00000574 2e68707000 
00000579 000000          188 	.byte	0,0,0
0000057c 2e2e2f736f75    189 	.strz	"../source/ProjectCompiler/MemMap_Common.hpp"
00000582 7263652f5072 
00000588 6f6a65637443 

                                                                      Page 8
                                                              C:\Users\nhuliyap\AppData\Local\Temp\gh_00003go1.s
0000058e 6f6d70696c65 
00000594 722f4d656d4d 
0000059a 61705f436f6d 
000005a0 6d6f6e2e6870 
000005a6 7000 
000005a8 000000          190 	.byte	0,0,0
000005ab 2e2e2f736f75    191 	.strz	"../source/ProjectCompiler/rba_DiagLib_MemMap.hpp"
000005b1 7263652f5072 
000005b7 6f6a65637443 
000005bd 6f6d70696c65 
000005c3 722f7262615f 
000005c9 446961674c69 
000005cf 625f4d656d4d 
000005d5 61702e687070 
000005db 00 
000005dc 000000          192 	.byte	0,0,0
000005df 2e2e2f736f75    193 	.strz	"../source/ProjectCompiler/Dem_MemMap.hpp"
000005e5 7263652f5072 
000005eb 6f6a65637443 
000005f1 6f6d70696c65 
000005f7 722f44656d5f 
000005fd 4d656d4d6170 
00000603 2e68707000 
00000608 000000          194 	.byte	0,0,0
0000060b 2e2e2f736f75    195 	.strz	"../source/ProjectCompiler/Dem_Cfg_MemMap.hpp"
00000611 7263652f5072 
00000617 6f6a65637443 
0000061d 6f6d70696c65 
00000623 722f44656d5f 
00000629 4366675f4d65 
0000062f 6d4d61702e68 
00000635 707000 
00000638 000000          196 	.byte	0,0,0
0000063b 2e2e2f736f75    197 	.strz	"../source/wrappers/SwcServiceDem/Dem_EvMemGenTypes.hpp"
00000641 7263652f7772 
00000647 617070657273 
0000064d 2f5377635365 
00000653 727669636544 
00000659 656d2f44656d 
0000065f 5f45764d656d 
00000665 47656e547970 
0000066b 65732e687070 
00000671 00 
00000672 000000          198 	.byte	0,0,0
00000675 2e2e2f736f75    199 	.strz	"../source/ProjectCfg/Dem_Cfg_EvMem.hpp"
0000067b 7263652f5072 
00000681 6f6a65637443 
00000687 66672f44656d 
0000068d 5f4366675f45 
00000693 764d656d2e68 
00000699 707000 
0000069c 000000          200 	.byte	0,0,0
0000069f 2e2e2f736f75    201 	.strz	"../source/ProjectCfg/Dem_Cfg_DtcId.hpp"
000006a5 7263652f5072 
000006ab 6f6a65637443 
000006b1 66672f44656d 
000006b7 5f4366675f44 
000006bd 746349642e68 
000006c3 707000 
000006c6 000000          202 	.byte	0,0,0
000006c9 2e2e2f736f75    203 	.strz	"../source/ProjectCfg/Dem_Cfg_EventId.hpp"

                                                                      Page 9
                                                              C:\Users\nhuliyap\AppData\Local\Temp\gh_00003go1.s
000006cf 7263652f5072 
000006d5 6f6a65637443 
000006db 66672f44656d 
000006e1 5f4366675f45 
000006e7 76656e744964 
000006ed 2e68707000 
000006f2 000000          204 	.byte	0,0,0
000006f5 2e2e2f736f75    205 	.strz	"../source/ProjectCfg/Dem_Cfg_Events.hpp"
000006fb 7263652f5072 
00000701 6f6a65637443 
00000707 66672f44656d 
0000070d 5f4366675f45 
00000713 76656e74732e 
00000719 68707000 
0000071d 000000          206 	.byte	0,0,0
00000720 00              207 	.byte	0
                         208 .Ldw_lpro_end:
                         209 	.section	.debug_macinfo
                         210 .Ldw_macinfo_begin:
                         211 	.section	.debug_info
                         212 .LDW_49a6f20:
000000ae 25              213 	.byte	37
000000af 756e7369676e    214 	.strz	"unsigned char"
000000b5 656420636861 
000000bb 7200 
000000bd 08              215 	.byte	8
000000be 01              216 	.byte	1
                         217 
                         218 	.section	.debug_abbrev
00000017 25              219 	.byte	37
00000018 24              220 	.byte	36
00000019 00              221 	.byte	0
0000001a 0308            222 	.byte	3,8
0000001c 3e0b            223 	.byte	62,11
0000001e 0b0b            224 	.byte	11,11
00000020 0000            225 	.byte	0,0
                         226 
                         227 	.section	.debug_info
                         228 .LDW_49a74d0:
000000bf 25              229 	.byte	37
000000c0 756e7369676e    230 	.strz	"unsigned short"
000000c6 65642073686f 
000000cc 727400 
000000cf 07              231 	.byte	7
000000d0 02              232 	.byte	2
                         233 
                         234 .LDW_49bbb28:
000000d1 25              235 	.byte	37
000000d2 696e7400        236 	.strz	"int"
000000d6 05              237 	.byte	5
000000d7 04              238 	.byte	4
                         239 
                         240 .LDW_49bc470:
000000d8 3a              241 	.byte	58
000000d9 00              242 	.byte	0
000000da 06              243 	.byte	6
000000db 00000000*       244 	.word	.LDW_4caa480
                         245 
                         246 	.section	.debug_abbrev
00000022 3a              247 	.byte	58
00000023 01              248 	.byte	1

                                                                      Page 10
                                                              C:\Users\nhuliyap\AppData\Local\Temp\gh_00003go1.s
00000024 01              249 	.byte	1
00000025 090b            250 	.byte	9,11
00000027 0b0f            251 	.byte	11,15
00000029 4910            252 	.byte	73,16
0000002b 0000            253 	.byte	0,0
                         254 
                         255 	.section	.debug_info
000000df 32              256 	.byte	50
000000e0 00000000*       257 	.word	.LDW_49bbb28
000000e4 04              258 	.byte	4
000000e5 00              259 	.byte	0
000000e6 05              260 	.byte	5
                         261 
                         262 	.section	.debug_abbrev
0000002d 32              263 	.byte	50
0000002e 21              264 	.byte	33
0000002f 00              265 	.byte	0
00000030 4910            266 	.byte	73,16
00000032 0b0f            267 	.byte	11,15
00000034 220d            268 	.byte	34,13
00000036 2f0d            269 	.byte	47,13
00000038 0000            270 	.byte	0,0
                         271 
                         272 	.section	.debug_info
000000e7 00              273 	.byte	0
                         274 
                         275 .LDW_49bc4f8:
000000e8 3a              276 	.byte	58
000000e9 00              277 	.byte	0
000000ea 0e              278 	.byte	14
000000eb 00000000*       279 	.word	.LDW_4ccb400
                         280 
000000ef 32              281 	.byte	50
000000f0 00000000*       282 	.word	.LDW_49bbb28
000000f4 04              283 	.byte	4
000000f5 00              284 	.byte	0
000000f6 06              285 	.byte	6
                         286 
000000f7 00              287 	.byte	0
                         288 
                         289 .LDW_4caa480:
000000f8 28              290 	.byte	40
000000f9 626f6f6c6561    291 	.strz	"boolean"
000000ff 6e00 
00000101 4e              292 	.byte	78
00000102 49              293 	.byte	73
00000103 04              294 	.byte	4
00000104 00000000*       295 	.word	.LDW_49a6f20
                         296 
                         297 	.section	.debug_abbrev
0000003a 28              298 	.byte	40
0000003b 16              299 	.byte	22
0000003c 00              300 	.byte	0
0000003d 0308            301 	.byte	3,8
0000003f 3b0f            302 	.byte	59,15
00000041 390f            303 	.byte	57,15
00000043 3a0f            304 	.byte	58,15
00000045 4910            305 	.byte	73,16
00000047 0000            306 	.byte	0,0
                         307 
                         308 	.section	.debug_info

                                                                      Page 11
                                                              C:\Users\nhuliyap\AppData\Local\Temp\gh_00003go1.s
                         309 .LDW_4c63b80:
00000108 28              310 	.byte	40
00000109 75696e743800    311 	.strz	"uint8"
0000010f 50              312 	.byte	80
00000110 4b              313 	.byte	75
00000111 04              314 	.byte	4
00000112 00000000*       315 	.word	.LDW_49a6f20
                         316 
                         317 .LDW_4cc5820:
00000116 28              318 	.byte	40
00000117 75696e743136    319 	.strz	"uint16"
0000011d 00 
0000011e 52              320 	.byte	82
0000011f 4a              321 	.byte	74
00000120 04              322 	.byte	4
00000121 00000000*       323 	.word	.LDW_49a74d0
                         324 
                         325 .LDW_4ccb400:
00000125 28              326 	.byte	40
00000126 44656d5f4474    327 	.strz	"Dem_DtcIdType"
0000012c 634964547970 
00000132 6500 
00000134 26              328 	.byte	38
00000135 10              329 	.byte	16
00000136 02              330 	.byte	2
00000137 00000000*       331 	.word	.LDW_4cc5820
                         332 
                         333 .LDW_4cf1e20:
0000013b 28              334 	.byte	40
0000013c 44656d5f4f70    335 	.strz	"Dem_OperationCycleList"
00000142 65726174696f 
00000148 6e4379636c65 
0000014e 4c69737400 
00000153 2a              336 	.byte	42
00000154 0f              337 	.byte	15
00000155 11              338 	.byte	17
00000156 00000000*       339 	.word	.LDW_4c63b80
                         340 
                         341 .LDW_49ea638:
0000015a 41              342 	.byte	65
0000015b 09              343 	.byte	9
0000015c 0f              344 	.byte	15
0000015d 0f              345 	.byte	15
0000015e 16              346 	.byte	22
0000015f 01              347 	.byte	1
                         348 
                         349 	.section	.debug_abbrev
00000049 41              350 	.byte	65
0000004a 13              351 	.byte	19
0000004b 01              352 	.byte	1
0000004c 3b0f            353 	.byte	59,15
0000004e 390f            354 	.byte	57,15
00000050 3a0f            355 	.byte	58,15
00000052 0b0f            356 	.byte	11,15
00000054 320b            357 	.byte	50,11
00000056 0000            358 	.byte	0,0
                         359 
                         360 	.section	.debug_info
                         361 .LDW_4d05170:
00000160 23              362 	.byte	35
00000161 4f7065726174    363 	.strz	"OperationCycleStates"

                                                                      Page 12
                                                              C:\Users\nhuliyap\AppData\Local\Temp\gh_00003go1.s
00000167 696f6e437963 
0000016d 6c6553746174 
00000173 657300 
00000176 0e              364 	.byte	14
00000177 1b              365 	.byte	27
00000178 0f              366 	.byte	15
00000179 00000000*       367 	.word	.LDW_4cf1e20
0000017d 0223            368 	.byte	2,35
0000017f 00              369 	.byte	0
00000180 01              370 	.byte	1
                         371 
                         372 	.section	.debug_abbrev
00000058 23              373 	.byte	35
00000059 0d              374 	.byte	13
0000005a 00              375 	.byte	0
0000005b 0308            376 	.byte	3,8
0000005d 3b0f            377 	.byte	59,15
0000005f 390f            378 	.byte	57,15
00000061 3a0f            379 	.byte	58,15
00000063 4910            380 	.byte	73,16
00000065 380a            381 	.byte	56,10
00000067 320b            382 	.byte	50,11
00000069 0000            383 	.byte	0,0
                         384 
                         385 	.section	.debug_info
                         386 .LDW_4d05488:
00000181 23              387 	.byte	35
00000182 4f7065726174    388 	.strz	"OperationCycleQualified"
00000188 696f6e437963 
0000018e 6c655175616c 
00000194 696669656400 
0000019a 0f              389 	.byte	15
0000019b 1b              390 	.byte	27
0000019c 0f              391 	.byte	15
0000019d 00000000*       392 	.word	.LDW_4cf1e20
000001a1 0223            393 	.byte	2,35
000001a3 01              394 	.byte	1
000001a4 01              395 	.byte	1
                         396 
                         397 .LDW_4d04ea0:
000001a5 23              398 	.byte	35
000001a6 4f766572666c    399 	.strz	"Overflow"
000001ac 6f7700 
000001af 13              400 	.byte	19
000001b0 16              401 	.byte	22
000001b1 0f              402 	.byte	15
000001b2 00000000*       403 	.word	.LDW_49bc470
000001b6 0223            404 	.byte	2,35
000001b8 02              405 	.byte	2
000001b9 01              406 	.byte	1
                         407 
                         408 .LDW_4d05008:
000001ba 23              409 	.byte	35
000001bb 447463496473    410 	.strz	"DtcIdsByOccurrenceTime"
000001c1 42794f636375 
000001c7 7272656e6365 
000001cd 54696d6500 
000001d2 15              411 	.byte	21
000001d3 16              412 	.byte	22
000001d4 0f              413 	.byte	15
000001d5 00000000*       414 	.word	.LDW_49bc4f8

                                                                      Page 13
                                                              C:\Users\nhuliyap\AppData\Local\Temp\gh_00003go1.s
000001d9 0223            415 	.byte	2,35
000001db 08              416 	.byte	8
000001dc 01              417 	.byte	1
                         418 
000001dd 00              419 	.byte	0
                         420 
                         421 .LDW_49ea480:
000001de 28              422 	.byte	40
000001df 44656d5f4765    423 	.strz	"Dem_GenericNvDataType"
000001e5 6e657269634e 
000001eb 764461746154 
000001f1 79706500 
000001f5 17              424 	.byte	23
000001f6 02              425 	.byte	2
000001f7 0f              426 	.byte	15
000001f8 00000000*       427 	.word	.LDW_49ea638
                         428 
                         429 .LDW_49e9f00:
000001fc 04              430 	.byte	4
000001fd 44656d5f4765    431 	.strz	"Dem_GenericNvData"
00000203 6e657269634e 
00000209 764461746100 
0000020f 08              432 	.byte	8
00000210 17              433 	.byte	23
00000211 01              434 	.byte	1
00000212 00000000*       435 	.word	.LDW_49ea480
00000216 01              436 	.byte	1
00000217 00              437 	.byte	0
00000218 0503            438 	.byte	5,3
0000021a 00000000*       439 	.word	_Dem_GenericNvData
                         440 
                         441 	.section	.debug_abbrev
0000006b 04              442 	.byte	4
0000006c 34              443 	.byte	52
0000006d 00              444 	.byte	0
0000006e 0308            445 	.byte	3,8
00000070 3b0f            446 	.byte	59,15
00000072 390f            447 	.byte	57,15
00000074 3a0f            448 	.byte	58,15
00000076 4910            449 	.byte	73,16
00000078 3f0c            450 	.byte	63,12
0000007a 3c0c            451 	.byte	60,12
0000007c 020a            452 	.byte	2,10
0000007e 0000            453 	.byte	0,0
                         454 
                         455 	.section	.debug_info
0000021e 00              456 	.byte	0
                         457 
                         458 	.section	.debug_line
                         459 .Ldw_line_end:
                         460 	.section	.debug_macinfo
00000000 01              461 	.byte	1
00000001 00              462 	.byte	0
00000002 5f5f6768735f    463 	.strz	"__ghs__ 1"
00000008 5f203100 
0000000c 01              464 	.byte	1
0000000d 00              465 	.byte	0
0000000e 5f5f4c4c4f4e    466 	.strz	"__LLONG_BIT 64"
00000014 475f42495420 
0000001a 363400 
0000001d 01              467 	.byte	1

                                                                      Page 14
                                                              C:\Users\nhuliyap\AppData\Local\Temp\gh_00003go1.s
0000001e 00              468 	.byte	0
0000001f 4e4f545f5245    469 	.strz	"NOT_READY_FOR_TESTING_OR_DEPLOYMENT 1"
00000025 4144595f464f 
0000002b 525f54455354 
00000031 494e475f4f52 
00000037 5f4445504c4f 
0000003d 594d454e5420 
00000043 3100 
00000045 03              470 	.byte	3
00000046 00              471 	.byte	0
00000047 01              472 	.byte	1
00000048 03              473 	.byte	3
00000049 02              474 	.byte	2
0000004a 02              475 	.byte	2
0000004b 01              476 	.byte	1
0000004c 04              477 	.byte	4
0000004d 44454d5f5459    478 	.strz	"DEM_TYPES_H "
00000053 5045535f4820 
00000059 00 
0000005a 03              479 	.byte	3
0000005b 06              480 	.byte	6
0000005c 03              481 	.byte	3
0000005d 03              482 	.byte	3
0000005e 1c              483 	.byte	28
0000005f 04              484 	.byte	4
00000060 01              485 	.byte	1
00000061 3c              486 	.byte	60
00000062 545255452031    487 	.strz	"TRUE 1u"
00000068 7500 
0000006a 01              488 	.byte	1
0000006b 40              489 	.byte	64
0000006c 46414c534520    490 	.strz	"FALSE 0u"
00000072 307500 
00000075 04              491 	.byte	4
00000076 03              492 	.byte	3
00000077 1d              493 	.byte	29
00000078 05              494 	.byte	5
00000079 03              495 	.byte	3
0000007a 1b              496 	.byte	27
0000007b 06              497 	.byte	6
0000007c 03              498 	.byte	3
0000007d 54              499 	.byte	84
0000007e 07              500 	.byte	7
0000007f 04              501 	.byte	4
00000080 04              502 	.byte	4
00000081 01              503 	.byte	1
00000082 33              504 	.byte	51
00000083 4c4f43414c5f    505 	.strz	"LOCAL_INLINE static inline"
00000089 494e4c494e45 
0000008f 207374617469 
00000095 6320696e6c69 
0000009b 6e6500 
0000009e 04              506 	.byte	4
0000009f 01              507 	.byte	1
000000a0 3c              508 	.byte	60
000000a1 5354445f4f4e    509 	.strz	"STD_ON 1u"
000000a7 20317500 
000000ab 01              510 	.byte	1
000000ac 3d              511 	.byte	61
000000ad 5354445f4f46    512 	.strz	"STD_OFF 0u"
000000b3 4620307500 

                                                                      Page 15
                                                              C:\Users\nhuliyap\AppData\Local\Temp\gh_00003go1.s
000000b8 04              513 	.byte	4
000000b9 03              514 	.byte	3
000000ba 07              515 	.byte	7
000000bb 08              516 	.byte	8
000000bc 01              517 	.byte	1
000000bd 1f              518 	.byte	31
000000be 44454d5f4346    519 	.strz	"DEM_CFG_OBD_OFF 0"
000000c4 475f4f42445f 
000000ca 4f4646203000 
000000d0 01              520 	.byte	1
000000d1 20              521 	.byte	32
000000d2 44454d5f4346    522 	.strz	"DEM_CFG_OBD_ON 1"
000000d8 475f4f42445f 
000000de 4f4e203100 
000000e3 01              523 	.byte	1
000000e4 21              524 	.byte	33
000000e5 44454d5f4346    525 	.strz	"DEM_CFG_OBD DEM_CFG_OBD_OFF"
000000eb 475f4f424420 
000000f1 44454d5f4346 
000000f7 475f4f42445f 
000000fd 4f464600 
00000101 01              526 	.byte	1
00000102 23              527 	.byte	35
00000103 44454d5f4346    528 	.strz	"DEM_CFG_J1939DCM_OFF 0"
00000109 475f4a313933 
0000010f 3944434d5f4f 
00000115 4646203000 
0000011a 01              529 	.byte	1
0000011b 25              530 	.byte	37
0000011c 44454d5f4346    531 	.strz	"DEM_CFG_J1939DCM DEM_CFG_J1939DCM_OFF"
00000122 475f4a313933 
00000128 3944434d2044 
0000012e 454d5f434647 
00000134 5f4a31393339 
0000013a 44434d5f4f46 
00000140 4600 
00000142 01              532 	.byte	1
00000143 31              533 	.byte	49
00000144 44454d5f4246    534 	.strz	"DEM_BFM_ON TRUE"
0000014a 4d5f4f4e2054 
00000150 52554500 
00000154 01              535 	.byte	1
00000155 34              536 	.byte	52
00000156 44454d5f4246    537 	.strz	"DEM_BFM_OFF FALSE"
0000015c 4d5f4f464620 
00000162 46414c534500 
00000168 01              538 	.byte	1
00000169 3e              539 	.byte	62
0000016a 44454d5f4246    540 	.strz	"DEM_BFM_ENABLED DEM_BFM_OFF"
00000170 4d5f454e4142 
00000176 4c4544204445 
0000017c 4d5f42464d5f 
00000182 4f464600 
00000186 01              541 	.byte	1
00000187 47              542 	.byte	71
00000188 44454d5f4346    543 	.strz	"DEM_CFG_EVMEMGENERIC_SUPPORTED TRUE"
0000018e 475f45564d45 
00000194 4d47454e4552 
0000019a 49435f535550 
000001a0 504f52544544 
000001a6 205452554500 

                                                                      Page 16
                                                              C:\Users\nhuliyap\AppData\Local\Temp\gh_00003go1.s
000001ac 01              544 	.byte	1
000001ad 65              545 	.byte	101
000001ae 44454d5f4346    546 	.strz	"DEM_CFG_DEBUGDATA_OFF 0"
000001b4 475f44454255 
000001ba 47444154415f 
000001c0 4f4646203000 
000001c6 01              547 	.byte	1
000001c7 67              548 	.byte	103
000001c8 44454d5f4346    549 	.strz	"DEM_CFG_DEBUGDATA_32BIT (0+4)"
000001ce 475f44454255 
000001d4 47444154415f 
000001da 333242495420 
000001e0 28302b342900 
000001e6 01              550 	.byte	1
000001e7 68              551 	.byte	104
000001e8 44454d5f4346    552 	.strz	"DEM_CFG_DEBUGDATA DEM_CFG_DEBUGDATA_32BIT"
000001ee 475f44454255 
000001f4 474441544120 
000001fa 44454d5f4346 
00000200 475f44454255 
00000206 47444154415f 
0000020c 333242495400 
00000212 04              553 	.byte	4
00000213 03              554 	.byte	3
00000214 08              555 	.byte	8
00000215 09              556 	.byte	9
00000216 03              557 	.byte	3
00000217 1c              558 	.byte	28
00000218 0a              559 	.byte	10
00000219 03              560 	.byte	3
0000021a 06              561 	.byte	6
0000021b 02              562 	.byte	2
0000021c 04              563 	.byte	4
0000021d 04              564 	.byte	4
0000021e 04              565 	.byte	4
0000021f 03              566 	.byte	3
00000220 09              567 	.byte	9
00000221 0b              568 	.byte	11
00000222 01              569 	.byte	1
00000223 22              570 	.byte	34
00000224 44454d5f4e4f    571 	.strz	"DEM_NODEID_COUNT 0u"
0000022a 444549445f43 
00000230 4f554e542030 
00000236 7500 
00000238 01              572 	.byte	1
00000239 23              573 	.byte	35
0000023a 44454d5f4e4f    574 	.strz	"DEM_NODEID_ARRAYLENGTH (DEM_NODEID_COUNT+1u)"
00000240 444549445f41 
00000246 525241594c45 
0000024c 4e4754482028 
00000252 44454d5f4e4f 
00000258 444549445f43 
0000025e 4f554e542b31 
00000264 752900 
00000267 04              575 	.byte	4
00000268 03              576 	.byte	3
00000269 0f              577 	.byte	15
0000026a 0c              578 	.byte	12
0000026b 04              579 	.byte	4
0000026c 03              580 	.byte	3
0000026d 10              581 	.byte	16

                                                                      Page 17
                                                              C:\Users\nhuliyap\AppData\Local\Temp\gh_00003go1.s
0000026e 0d              582 	.byte	13
0000026f 03              583 	.byte	3
00000270 06              584 	.byte	6
00000271 0e              585 	.byte	14
00000272 04              586 	.byte	4
00000273 01              587 	.byte	1
00000274 18              588 	.byte	24
00000275 44454d5f4454    589 	.strz	"DEM_DTC_ORIGIN_PRIMARY_MEMORY 0x01"
0000027b 435f4f524947 
00000281 494e5f505249 
00000287 4d4152595f4d 
0000028d 454d4f525920 
00000293 3078303100 
00000298 01              590 	.byte	1
00000299 19              591 	.byte	25
0000029a 44454d5f4454    592 	.strz	"DEM_DTC_ORIGIN_MIRROR_MEMORY 0x02"
000002a0 435f4f524947 
000002a6 494e5f4d4952 
000002ac 524f525f4d45 
000002b2 4d4f52592030 
000002b8 78303200 
000002bc 01              593 	.byte	1
000002bd 1a              594 	.byte	26
000002be 44454d5f4454    595 	.strz	"DEM_DTC_ORIGIN_PERMANENT_MEMORY 0x03"
000002c4 435f4f524947 
000002ca 494e5f504552 
000002d0 4d414e454e54 
000002d6 5f4d454d4f52 
000002dc 592030783033 
000002e2 00 
000002e3 01              596 	.byte	1
000002e4 20              597 	.byte	32
000002e5 44454d5f4454    598 	.strz	"DEM_DTC_ORIGIN_SECONDARY_MEMORY 0x05"
000002eb 435f4f524947 
000002f1 494e5f534543 
000002f7 4f4e44415259 
000002fd 5f4d454d4f52 
00000303 592030783035 
00000309 00 
0000030a 04              599 	.byte	4
0000030b 01              600 	.byte	1
0000030c 16              601 	.byte	22
0000030d 44454d5f494e    602 	.strz	"DEM_INLINE LOCAL_INLINE"
00000313 4c494e45204c 
00000319 4f43414c5f49 
0000031f 4e4c494e4500 
00000325 01              603 	.byte	1
00000326 60              604 	.byte	96
00000327 44454d5f4649    605 	.strz	"DEM_FIRST_FAILED_DTC 0x01"
0000032d 5253545f4641 
00000333 494c45445f44 
00000339 544320307830 
0000033f 3100 
00000341 01              606 	.byte	1
00000342 61              607 	.byte	97
00000343 44454d5f4d4f    608 	.strz	"DEM_MOST_RECENT_FAILED_DTC 0x02"
00000349 53545f524543 
0000034f 454e545f4641 
00000355 494c45445f44 
0000035b 544320307830 
00000361 3200 

                                                                      Page 18
                                                              C:\Users\nhuliyap\AppData\Local\Temp\gh_00003go1.s
00000363 01              609 	.byte	1
00000364 62              610 	.byte	98
00000365 44454d5f4649    611 	.strz	"DEM_FIRST_DET_CONFIRMED_DTC 0x03"
0000036b 5253545f4445 
00000371 545f434f4e46 
00000377 49524d45445f 
0000037d 445443203078 
00000383 303300 
00000386 01              612 	.byte	1
00000387 63              613 	.byte	99
00000388 44454d5f4d4f    614 	.strz	"DEM_MOST_REC_DET_CONFIRMED_DTC 0x04"
0000038e 53545f524543 
00000394 5f4445545f43 
0000039a 4f4e4649524d 
000003a0 45445f445443 
000003a6 203078303400 
000003ac 01              615 	.byte	1
000003ad 64              616 	.byte	100
000003ae 44454d5f4649    617 	.strz	"DEM_FIRST_FAILED_OBD_DTC 0x05"
000003b4 5253545f4641 
000003ba 494c45445f4f 
000003c0 42445f445443 
000003c6 203078303500 
000003cc 01              618 	.byte	1
000003cd 65              619 	.byte	101
000003ce 44454d5f4d4f    620 	.strz	"DEM_MOST_RECENT_FAILED_OBD_DTC 0x06"
000003d4 53545f524543 
000003da 454e545f4641 
000003e0 494c45445f4f 
000003e6 42445f445443 
000003ec 203078303600 
000003f2 04              621 	.byte	4
000003f3 03              622 	.byte	3
000003f4 03              623 	.byte	3
000003f5 0f              624 	.byte	15
000003f6 03              625 	.byte	3
000003f7 06              626 	.byte	6
000003f8 10              627 	.byte	16
000003f9 03              628 	.byte	3
000003fa 06              629 	.byte	6
000003fb 11              630 	.byte	17
000003fc 03              631 	.byte	3
000003fd 1b              632 	.byte	27
000003fe 12              633 	.byte	18
000003ff 04              634 	.byte	4
00000400 03              635 	.byte	3
00000401 1c              636 	.byte	28
00000402 13              637 	.byte	19
00000403 04              638 	.byte	4
00000404 03              639 	.byte	3
00000405 1d              640 	.byte	29
00000406 14              641 	.byte	20
00000407 04              642 	.byte	4
00000408 01              643 	.byte	1
00000409 26              644 	.byte	38
0000040a 44454d5f4f50    645 	.strz	"DEM_OPERATIONCYCLE_COUNT 3"
00000410 45524154494f 
00000416 4e4359434c45 
0000041c 5f434f554e54 
00000422 203300 
00000425 01              646 	.byte	1

                                                                      Page 19
                                                              C:\Users\nhuliyap\AppData\Local\Temp\gh_00003go1.s
00000426 2d              647 	.byte	45
00000427 44454d5f4f50    648 	.strz	"DEM_OPERATIONCYCLE_ISBITSET rba_DiagLib_Bit8IsBitSet"
0000042d 45524154494f 
00000433 4e4359434c45 
00000439 5f4953424954 
0000043f 534554207262 
00000445 615f44696167 
0000044b 4c69625f4269 
00000451 743849734269 
00000457 7453657400 
0000045c 04              649 	.byte	4
0000045d 03              650 	.byte	3
0000045e 07              651 	.byte	7
0000045f 15              652 	.byte	21
00000460 03              653 	.byte	3
00000461 1c              654 	.byte	28
00000462 16              655 	.byte	22
00000463 03              656 	.byte	3
00000464 07              657 	.byte	7
00000465 17              658 	.byte	23
00000466 03              659 	.byte	3
00000467 06              660 	.byte	6
00000468 18              661 	.byte	24
00000469 01              662 	.byte	1
0000046a 20              663 	.byte	32
0000046b 44454d5f4346    664 	.strz	"DEM_CFG_BUILDTARGET_ECU 1"
00000471 475f4255494c 
00000477 445441524745 
0000047d 545f45435520 
00000483 3100 
00000485 01              665 	.byte	1
00000486 21              666 	.byte	33
00000487 44454d5f4346    667 	.strz	"DEM_CFG_BUILDTARGET_DEMTESTSUITE 2"
0000048d 475f4255494c 
00000493 445441524745 
00000499 545f44454d54 
0000049f 455354535549 
000004a5 5445203200 
000004aa 01              668 	.byte	1
000004ab 2a              669 	.byte	42
000004ac 44454d5f4346    670 	.strz	"DEM_CFG_BUILDTARGET DEM_CFG_BUILDTARGET_ECU"
000004b2 475f4255494c 
000004b8 445441524745 
000004be 542044454d5f 
000004c4 4346475f4255 
000004ca 494c44544152 
000004d0 4745545f4543 
000004d6 5500 
000004d8 01              671 	.byte	1
000004d9 2f              672 	.byte	47
000004da 44454d5f4346    673 	.strz	"DEM_CFG_DEVERRORDETECT_OFF STD_OFF"
000004e0 475f44455645 
000004e6 52524f524445 
000004ec 544543545f4f 
000004f2 464620535444 
000004f8 5f4f464600 
000004fd 01              674 	.byte	1
000004fe 30              675 	.byte	48
000004ff 44454d5f4346    676 	.strz	"DEM_CFG_DEVERRORDETECT_ON STD_ON"
00000505 475f44455645 
0000050b 52524f524445 

                                                                      Page 20
                                                              C:\Users\nhuliyap\AppData\Local\Temp\gh_00003go1.s
00000511 544543545f4f 
00000517 4e205354445f 
0000051d 4f4e00 
00000520 01              677 	.byte	1
00000521 31              678 	.byte	49
00000522 44454d5f4346    679 	.strz	"DEM_CFG_DEVERRORDETECT DEM_CFG_DEVERRORDETECT_OFF"
00000528 475f44455645 
0000052e 52524f524445 
00000534 544543542044 
0000053a 454d5f434647 
00000540 5f4445564552 
00000546 524f52444554 
0000054c 4543545f4f46 
00000552 4600 
00000554 04              680 	.byte	4
00000555 04              681 	.byte	4
00000556 03              682 	.byte	3
00000557 08              683 	.byte	8
00000558 19              684 	.byte	25
00000559 03              685 	.byte	3
0000055a 07              686 	.byte	7
0000055b 1a              687 	.byte	26
0000055c 01              688 	.byte	1
0000055d 1c              689 	.byte	28
0000055e 5242415f4253    690 	.strz	"RBA_BSWSRV_START_SEC_CODE "
00000564 575352565f53 
0000056a 544152545f53 
00000570 45435f434f44 
00000576 452000 
00000579 03              691 	.byte	3
0000057a 1d              692 	.byte	29
0000057b 1b              693 	.byte	27
0000057c 01              694 	.byte	1
0000057d 37              695 	.byte	55
0000057e 4253575f5354    696 	.strz	"BSW_START_SEC_DEFAULT_CODE "
00000584 4152545f5345 
0000058a 435f44454641 
00000590 554c545f434f 
00000596 44452000 
0000059a 03              697 	.byte	3
0000059b 38              698 	.byte	56
0000059c 1c              699 	.byte	28
0000059d 01              700 	.byte	1
0000059e dd08            701 	.byte	221,8
000005a0 53544152545f    702 	.strz	"START_SEC_CODE "
000005a6 5345435f434f 
000005ac 44452000 
000005b0 03              703 	.byte	3
000005b1 c509            704 	.byte	197,9
000005b3 1d              705 	.byte	29
000005b4 01              706 	.byte	1
000005b5 f407            707 	.byte	244,7
000005b7 434f44455f53    708 	.strz	"CODE_SEC_OPEN "
000005bd 45435f4f5045 
000005c3 4e2000 
000005c6 04              709 	.byte	4
000005c7 04              710 	.byte	4
000005c8 04              711 	.byte	4
000005c9 01              712 	.byte	1
000005ca 21              713 	.byte	33
000005cb 5242415f4253    714 	.strz	"RBA_BSWSRV_STOP_SEC_CODE "

                                                                      Page 21
                                                              C:\Users\nhuliyap\AppData\Local\Temp\gh_00003go1.s
000005d1 575352565f53 
000005d7 544f505f5345 
000005dd 435f434f4445 
000005e3 2000 
000005e5 03              715 	.byte	3
000005e6 22              716 	.byte	34
000005e7 1b              717 	.byte	27
000005e8 01              718 	.byte	1
000005e9 3b              719 	.byte	59
000005ea 4253575f5354    720 	.strz	"BSW_STOP_SEC_DEFAULT_CODE "
000005f0 4f505f534543 
000005f6 5f4445464155 
000005fc 4c545f434f44 
00000602 452000 
00000605 03              721 	.byte	3
00000606 3c              722 	.byte	60
00000607 1c              723 	.byte	28
00000608 01              724 	.byte	1
00000609 e008            725 	.byte	224,8
0000060b 53544f505f53    726 	.strz	"STOP_SEC_CODE "
00000611 45435f434f44 
00000617 452000 
0000061a 03              727 	.byte	3
0000061b c509            728 	.byte	197,9
0000061d 1d              729 	.byte	29
0000061e 04              730 	.byte	4
0000061f 04              731 	.byte	4
00000620 04              732 	.byte	4
00000621 04              733 	.byte	4
00000622 01              734 	.byte	1
00000623 0d              735 	.byte	13
00000624 5242415f4449    736 	.strz	"RBA_DIAGLIB_START_SEC_CODE "
0000062a 41474c49425f 
00000630 53544152545f 
00000636 5345435f434f 
0000063c 44452000 
00000640 03              737 	.byte	3
00000641 0e              738 	.byte	14
00000642 1e              739 	.byte	30
00000643 01              740 	.byte	1
00000644 06              741 	.byte	6
00000645 4d454d4d4150    742 	.strz	"MEMMAP_ERROR "
0000064b 5f4552524f52 
00000651 2000 
00000653 01              743 	.byte	1
00000654 4b              744 	.byte	75
00000655 4253575f5354    745 	.strz	"BSW_START_SEC_DEFAULT_CODE "
0000065b 4152545f5345 
00000661 435f44454641 
00000667 554c545f434f 
0000066d 44452000 
00000671 03              746 	.byte	3
00000672 4c              747 	.byte	76
00000673 1c              748 	.byte	28
00000674 01              749 	.byte	1
00000675 dd08            750 	.byte	221,8
00000677 53544152545f    751 	.strz	"START_SEC_CODE "
0000067d 5345435f434f 
00000683 44452000 
00000687 03              752 	.byte	3
00000688 c509            753 	.byte	197,9

                                                                      Page 22
                                                              C:\Users\nhuliyap\AppData\Local\Temp\gh_00003go1.s
0000068a 1d              754 	.byte	29
0000068b 01              755 	.byte	1
0000068c f407            756 	.byte	244,7
0000068e 434f44455f53    757 	.strz	"CODE_SEC_OPEN "
00000694 45435f4f5045 
0000069a 4e2000 
0000069d 04              758 	.byte	4
0000069e 04              759 	.byte	4
0000069f 01              760 	.byte	1
000006a0 50              761 	.byte	80
000006a1 5242415f4449    762 	.strz	"RBA_DIAGLIB_WAS_STARTED_SEC_CODE "
000006a7 41474c49425f 
000006ad 5741535f5354 
000006b3 41525445445f 
000006b9 5345435f434f 
000006bf 44452000 
000006c3 04              763 	.byte	4
000006c4 01              764 	.byte	1
000006c5 22              765 	.byte	34
000006c6 5242415f4449    766 	.strz	"RBA_DIAGLIB_STOP_SEC_CODE "
000006cc 41474c49425f 
000006d2 53544f505f53 
000006d8 45435f434f44 
000006de 452000 
000006e1 03              767 	.byte	3
000006e2 23              768 	.byte	35
000006e3 1e              769 	.byte	30
000006e4 01              770 	.byte	1
000006e5 06              771 	.byte	6
000006e6 4d454d4d4150    772 	.strz	"MEMMAP_ERROR "
000006ec 5f4552524f52 
000006f2 2000 
000006f4 01              773 	.byte	1
000006f5 57              774 	.byte	87
000006f6 4253575f5354    775 	.strz	"BSW_STOP_SEC_DEFAULT_CODE "
000006fc 4f505f534543 
00000702 5f4445464155 
00000708 4c545f434f44 
0000070e 452000 
00000711 03              776 	.byte	3
00000712 58              777 	.byte	88
00000713 1c              778 	.byte	28
00000714 01              779 	.byte	1
00000715 e008            780 	.byte	224,8
00000717 53544f505f53    781 	.strz	"STOP_SEC_CODE "
0000071d 45435f434f44 
00000723 452000 
00000726 03              782 	.byte	3
00000727 c509            783 	.byte	197,9
00000729 1d              784 	.byte	29
0000072a 04              785 	.byte	4
0000072b 04              786 	.byte	4
0000072c 04              787 	.byte	4
0000072d 04              788 	.byte	4
0000072e 01              789 	.byte	1
0000072f 13              790 	.byte	19
00000730 44454d5f4153    791 	.strz	"DEM_ASSERT_RANGECHECK(CONDITION) do {}while(0)"
00000736 534552545f52 
0000073c 414e47454348 
00000742 45434b28434f 
00000748 4e444954494f 

                                                                      Page 23
                                                              C:\Users\nhuliyap\AppData\Local\Temp\gh_00003go1.s
0000074e 4e2920646f20 
00000754 7b7d7768696c 
0000075a 6528302900 
0000075f 04              792 	.byte	4
00000760 01              793 	.byte	1
00000761 32              794 	.byte	50
00000762 44454d5f5354    795 	.strz	"DEM_START_SEC_CONST "
00000768 4152545f5345 
0000076e 435f434f4e53 
00000774 542000 
00000777 03              796 	.byte	3
00000778 33              797 	.byte	51
00000779 1f              798 	.byte	31
0000077a 03              799 	.byte	3
0000077b 08              800 	.byte	8
0000077c 20              801 	.byte	32
0000077d 01              802 	.byte	1
0000077e 06              803 	.byte	6
0000077f 44454d5f4d45    804 	.strz	"DEM_MEMMAP_ERROR "
00000785 4d4d41505f45 
0000078b 52524f522000 
00000791 01              805 	.byte	1
00000792 3a              806 	.byte	58
00000793 4253575f5354    807 	.strz	"BSW_START_SEC_CONST_UNSPECIFIED "
00000799 4152545f5345 
0000079f 435f434f4e53 
000007a5 545f554e5350 
000007ab 454349464945 
000007b1 442000 
000007b4 03              808 	.byte	3
000007b5 3b              809 	.byte	59
000007b6 1c              810 	.byte	28
000007b7 01              811 	.byte	1
000007b8 fa05            812 	.byte	250,5
000007ba 53544152545f    813 	.strz	"START_SEC_CONST_UNSPECIFIED "
000007c0 5345435f434f 
000007c6 4e53545f554e 
000007cc 535045434946 
000007d2 4945442000 
000007d7 03              814 	.byte	3
000007d8 c509            815 	.byte	197,9
000007da 1d              816 	.byte	29
000007db 01              817 	.byte	1
000007dc b508            818 	.byte	181,8
000007de 434f4e53545f    819 	.strz	"CONST_SEC_OPEN "
000007e4 5345435f4f50 
000007ea 454e2000 
000007ee 04              820 	.byte	4
000007ef 04              821 	.byte	4
000007f0 01              822 	.byte	1
000007f1 3f              823 	.byte	63
000007f2 44454d5f5741    824 	.strz	"DEM_WAS_STARTED_SEC_CONST "
000007f8 535f53544152 
000007fe 5445445f5345 
00000804 435f434f4e53 
0000080a 542000 
0000080d 04              825 	.byte	4
0000080e 04              826 	.byte	4
0000080f 01              827 	.byte	1
00000810 35              828 	.byte	53
00000811 44454d5f5354    829 	.strz	"DEM_STOP_SEC_CONST "

                                                                      Page 24
                                                              C:\Users\nhuliyap\AppData\Local\Temp\gh_00003go1.s
00000817 4f505f534543 
0000081d 5f434f4e5354 
00000823 2000 
00000825 03              830 	.byte	3
00000826 36              831 	.byte	54
00000827 1f              832 	.byte	31
00000828 03              833 	.byte	3
00000829 08              834 	.byte	8
0000082a 20              835 	.byte	32
0000082b 01              836 	.byte	1
0000082c 06              837 	.byte	6
0000082d 44454d5f4d45    838 	.strz	"DEM_MEMMAP_ERROR "
00000833 4d4d41505f45 
00000839 52524f522000 
0000083f 01              839 	.byte	1
00000840 47              840 	.byte	71
00000841 4253575f5354    841 	.strz	"BSW_STOP_SEC_CONST_UNSPECIFIED "
00000847 4f505f534543 
0000084d 5f434f4e5354 
00000853 5f554e535045 
00000859 434946494544 
0000085f 2000 
00000861 03              842 	.byte	3
00000862 48              843 	.byte	72
00000863 1c              844 	.byte	28
00000864 01              845 	.byte	1
00000865 fe05            846 	.byte	254,5
00000867 53544f505f53    847 	.strz	"STOP_SEC_CONST "
0000086d 45435f434f4e 
00000873 53542000 
00000877 03              848 	.byte	3
00000878 c509            849 	.byte	197,9
0000087a 1d              850 	.byte	29
0000087b 04              851 	.byte	4
0000087c 04              852 	.byte	4
0000087d 04              853 	.byte	4
0000087e 04              854 	.byte	4
0000087f 04              855 	.byte	4
00000880 01              856 	.byte	1
00000881 0a              857 	.byte	10
00000882 44454d5f5354    858 	.strz	"DEM_START_SEC_VAR_CLEARED "
00000888 4152545f5345 
0000088e 435f5641525f 
00000894 434c45415245 
0000089a 442000 
0000089d 03              859 	.byte	3
0000089e 0b              860 	.byte	11
0000089f 1f              861 	.byte	31
000008a0 03              862 	.byte	3
000008a1 08              863 	.byte	8
000008a2 20              864 	.byte	32
000008a3 01              865 	.byte	1
000008a4 06              866 	.byte	6
000008a5 44454d5f4d45    867 	.strz	"DEM_MEMMAP_ERROR "
000008ab 4d4d41505f45 
000008b1 52524f522000 
000008b7 01              868 	.byte	1
000008b8 0c              869 	.byte	12
000008b9 4253575f5354    870 	.strz	"BSW_START_SEC_VAR_CLEARED_UNSPECIFIED "
000008bf 4152545f5345 
000008c5 435f5641525f 

                                                                      Page 25
                                                              C:\Users\nhuliyap\AppData\Local\Temp\gh_00003go1.s
000008cb 434c45415245 
000008d1 445f554e5350 
000008d7 454349464945 
000008dd 442000 
000008e0 03              871 	.byte	3
000008e1 0d              872 	.byte	13
000008e2 1c              873 	.byte	28
000008e3 01              874 	.byte	1
000008e4 48              875 	.byte	72
000008e5 53544152545f    876 	.strz	"START_SEC_VAR_CLEARED_UNSPECIFIED "
000008eb 5345435f5641 
000008f1 525f434c4541 
000008f7 5245445f554e 
000008fd 535045434946 
00000903 4945442000 
00000908 03              877 	.byte	3
00000909 c509            878 	.byte	197,9
0000090b 1d              879 	.byte	29
0000090c 01              880 	.byte	1
0000090d 56              881 	.byte	86
0000090e 53544152545f    882 	.strz	"START_SEC_VAR_ZERO_INIT_UNSPECIFIED "
00000914 5345435f5641 
0000091a 525f5a45524f 
00000920 5f494e49545f 
00000926 554e53504543 
0000092c 494649454420 
00000932 00 
00000933 01              883 	.byte	1
00000934 850a            884 	.byte	133,10
00000936 5641525f5345    885 	.strz	"VAR_SEC_OPEN "
0000093c 435f4f50454e 
00000942 2000 
00000944 04              886 	.byte	4
00000945 04              887 	.byte	4
00000946 01              888 	.byte	1
00000947 11              889 	.byte	17
00000948 44454d5f5741    890 	.strz	"DEM_WAS_STARTED_SEC_VAR_CLEARED "
0000094e 535f53544152 
00000954 5445445f5345 
0000095a 435f5641525f 
00000960 434c45415245 
00000966 442000 
00000969 04              891 	.byte	4
0000096a 04              892 	.byte	4
0000096b 01              893 	.byte	1
0000096c 0f              894 	.byte	15
0000096d 44454d5f5354    895 	.strz	"DEM_STOP_SEC_VAR_CLEARED "
00000973 4f505f534543 
00000979 5f5641525f43 
0000097f 4c4541524544 
00000985 2000 
00000987 03              896 	.byte	3
00000988 10              897 	.byte	16
00000989 1f              898 	.byte	31
0000098a 03              899 	.byte	3
0000098b 08              900 	.byte	8
0000098c 20              901 	.byte	32
0000098d 01              902 	.byte	1
0000098e 06              903 	.byte	6
0000098f 44454d5f4d45    904 	.strz	"DEM_MEMMAP_ERROR "
00000995 4d4d41505f45 

                                                                      Page 26
                                                              C:\Users\nhuliyap\AppData\Local\Temp\gh_00003go1.s
0000099b 52524f522000 
000009a1 01              905 	.byte	1
000009a2 19              906 	.byte	25
000009a3 4253575f5354    907 	.strz	"BSW_STOP_SEC_VAR_CLEARED_UNSPECIFIED "
000009a9 4f505f534543 
000009af 5f5641525f43 
000009b5 4c4541524544 
000009bb 5f554e535045 
000009c1 434946494544 
000009c7 2000 
000009c9 03              908 	.byte	3
000009ca 1a              909 	.byte	26
000009cb 1c              910 	.byte	28
000009cc 01              911 	.byte	1
000009cd 4c              912 	.byte	76
000009ce 53544f505f53    913 	.strz	"STOP_SEC_VAR "
000009d4 45435f564152 
000009da 2000 
000009dc 03              914 	.byte	3
000009dd c509            915 	.byte	197,9
000009df 1d              916 	.byte	29
000009e0 04              917 	.byte	4
000009e1 04              918 	.byte	4
000009e2 04              919 	.byte	4
000009e3 04              920 	.byte	4
000009e4 01              921 	.byte	1
000009e5 12              922 	.byte	18
000009e6 44454d5f5354    923 	.strz	"DEM_START_SEC_CODE "
000009ec 4152545f5345 
000009f2 435f434f4445 
000009f8 2000 
000009fa 03              924 	.byte	3
000009fb 13              925 	.byte	19
000009fc 1f              926 	.byte	31
000009fd 03              927 	.byte	3
000009fe 08              928 	.byte	8
000009ff 20              929 	.byte	32
00000a00 01              930 	.byte	1
00000a01 06              931 	.byte	6
00000a02 44454d5f4d45    932 	.strz	"DEM_MEMMAP_ERROR "
00000a08 4d4d41505f45 
00000a0e 52524f522000 
00000a14 01              933 	.byte	1
00000a15 51              934 	.byte	81
00000a16 4253575f5354    935 	.strz	"BSW_START_SEC_CODE "
00000a1c 4152545f5345 
00000a22 435f434f4445 
00000a28 2000 
00000a2a 03              936 	.byte	3
00000a2b 52              937 	.byte	82
00000a2c 1c              938 	.byte	28
00000a2d 01              939 	.byte	1
00000a2e e408            940 	.byte	228,8
00000a30 53544152545f    941 	.strz	"START_SEC_CODE "
00000a36 5345435f434f 
00000a3c 44452000 
00000a40 03              942 	.byte	3
00000a41 c509            943 	.byte	197,9
00000a43 1d              944 	.byte	29
00000a44 01              945 	.byte	1
00000a45 f407            946 	.byte	244,7

                                                                      Page 27
                                                              C:\Users\nhuliyap\AppData\Local\Temp\gh_00003go1.s
00000a47 434f44455f53    947 	.strz	"CODE_SEC_OPEN "
00000a4d 45435f4f5045 
00000a53 4e2000 
00000a56 04              948 	.byte	4
00000a57 04              949 	.byte	4
00000a58 01              950 	.byte	1
00000a59 56              951 	.byte	86
00000a5a 44454d5f5741    952 	.strz	"DEM_WAS_STARTED_SEC_CODE "
00000a60 535f53544152 
00000a66 5445445f5345 
00000a6c 435f434f4445 
00000a72 2000 
00000a74 04              953 	.byte	4
00000a75 04              954 	.byte	4
00000a76 01              955 	.byte	1
00000a77 1f              956 	.byte	31
00000a78 44454d5f5354    957 	.strz	"DEM_STOP_SEC_CODE "
00000a7e 4f505f534543 
00000a84 5f434f444520 
00000a8a 00 
00000a8b 03              958 	.byte	3
00000a8c 20              959 	.byte	32
00000a8d 1f              960 	.byte	31
00000a8e 03              961 	.byte	3
00000a8f 08              962 	.byte	8
00000a90 20              963 	.byte	32
00000a91 01              964 	.byte	1
00000a92 06              965 	.byte	6
00000a93 44454d5f4d45    966 	.strz	"DEM_MEMMAP_ERROR "
00000a99 4d4d41505f45 
00000a9f 52524f522000 
00000aa5 01              967 	.byte	1
00000aa6 5e              968 	.byte	94
00000aa7 4253575f5354    969 	.strz	"BSW_STOP_SEC_CODE "
00000aad 4f505f534543 
00000ab3 5f434f444520 
00000ab9 00 
00000aba 03              970 	.byte	3
00000abb 5f              971 	.byte	95
00000abc 1c              972 	.byte	28
00000abd 01              973 	.byte	1
00000abe e808            974 	.byte	232,8
00000ac0 53544f505f53    975 	.strz	"STOP_SEC_CODE "
00000ac6 45435f434f44 
00000acc 452000 
00000acf 03              976 	.byte	3
00000ad0 c509            977 	.byte	197,9
00000ad2 1d              978 	.byte	29
00000ad3 04              979 	.byte	4
00000ad4 04              980 	.byte	4
00000ad5 04              981 	.byte	4
00000ad6 04              982 	.byte	4
00000ad7 04              983 	.byte	4
00000ad8 03              984 	.byte	3
00000ad9 07              985 	.byte	7
00000ada 21              986 	.byte	33
00000adb 03              987 	.byte	3
00000adc 06              988 	.byte	6
00000add 22              989 	.byte	34
00000ade 03              990 	.byte	3
00000adf 1c              991 	.byte	28

                                                                      Page 28
                                                              C:\Users\nhuliyap\AppData\Local\Temp\gh_00003go1.s
00000ae0 23              992 	.byte	35
00000ae1 03              993 	.byte	3
00000ae2 1b              994 	.byte	27
00000ae3 24              995 	.byte	36
00000ae4 04              996 	.byte	4
00000ae5 01              997 	.byte	1
00000ae6 20              998 	.byte	32
00000ae7 44454d5f4346    999 	.strz	"DEM_CFG_EVCOMB_DISABLED 1u"
00000aed 475f4556434f 
00000af3 4d425f444953 
00000af9 41424c454420 
00000aff 317500 
00000b02 01             1000 	.byte	1
00000b03 23             1001 	.byte	35
00000b04 44454d5f4346   1002 	.strz	"DEM_CFG_EVCOMB DEM_CFG_EVCOMB_DISABLED"
00000b0a 475f4556434f 
00000b10 4d422044454d 
00000b16 5f4346475f45 
00000b1c 56434f4d425f 
00000b22 44495341424c 
00000b28 454400 
00000b2b 04             1003 	.byte	4
00000b2c 03             1004 	.byte	3
00000b2d 1d             1005 	.byte	29
00000b2e 25             1006 	.byte	37
00000b2f 04             1007 	.byte	4
00000b30 01             1008 	.byte	1
00000b31 38             1009 	.byte	56
00000b32 44454d5f4346   1010 	.strz	"DEM_CFG_MAX_NUMBER_EVENT_ENTRY_SECONDARY 0u"
00000b38 475f4d41585f 
00000b3e 4e554d424552 
00000b44 5f4556454e54 
00000b4a 5f454e545259 
00000b50 5f5345434f4e 
00000b56 444152592030 
00000b5c 7500 
00000b5e 01             1011 	.byte	1
00000b5f 3a             1012 	.byte	58
00000b60 44454d5f4346   1013 	.strz	"DEM_CFG_MAX_NUMBER_EVENT_ENTRY_MIRROR 0u"
00000b66 475f4d41585f 
00000b6c 4e554d424552 
00000b72 5f4556454e54 
00000b78 5f454e545259 
00000b7e 5f4d4952524f 
00000b84 5220307500 
00000b89 01             1014 	.byte	1
00000b8a 3f             1015 	.byte	63
00000b8b 44454d5f4346   1016 	.strz	"DEM_CFG_EVMEM_SHADOW_MEMORY_SUPPORTED FALSE"
00000b91 475f45564d45 
00000b97 4d5f53484144 
00000b9d 4f575f4d454d 
00000ba3 4f52595f5355 
00000ba9 50504f525445 
00000baf 442046414c53 
00000bb5 4500 
00000bb7 01             1017 	.byte	1
00000bb8 41             1018 	.byte	65
00000bb9 44454d5f4346   1019 	.strz	"DEM_CFG_EVMEM_SHADOW_ENTRIES_VISIBLE FALSE"
00000bbf 475f45564d45 
00000bc5 4d5f53484144 
00000bcb 4f575f454e54 

                                                                      Page 29
                                                              C:\Users\nhuliyap\AppData\Local\Temp\gh_00003go1.s
00000bd1 524945535f56 
00000bd7 495349424c45 
00000bdd 2046414c5345 
00000be3 00 
00000be4 01             1020 	.byte	1
00000be5 8e01           1021 	.byte	142,1
00000be7 44454d5f4346   1022 	.strz	"DEM_CFG_EVMEM_MIRROR_MEMORY_SUPPORTED FALSE"
00000bed 475f45564d45 
00000bf3 4d5f4d495252 
00000bf9 4f525f4d454d 
00000bff 4f52595f5355 
00000c05 50504f525445 
00000c0b 442046414c53 
00000c11 4500 
00000c13 04             1023 	.byte	4
00000c14 01             1024 	.byte	1
00000c15 08             1025 	.byte	8
00000c16 44454d5f4556   1026 	.strz	"DEM_EVMEMGEN_DTCIDS_BY_OCCURRENCE_TIME_ARRAYSIZE 7u"
00000c1c 4d454d47454e 
00000c22 5f4454434944 
00000c28 535f42595f4f 
00000c2e 434355525245 
00000c34 4e43455f5449 
00000c3a 4d455f415252 
00000c40 415953495a45 
00000c46 20377500 
00000c4a 01             1027 	.byte	1
00000c4b 09             1028 	.byte	9
00000c4c 44454d5f4556   1029 	.strz	"DEM_EVMEMGEN_OVERFLOW_ARRAYSIZE 6u"
00000c52 4d454d47454e 
00000c58 5f4f56455246 
00000c5e 4c4f575f4152 
00000c64 52415953495a 
00000c6a 4520367500 
00000c6f 04             1030 	.byte	4
00000c70 01             1031 	.byte	1
00000c71 19             1032 	.byte	25
00000c72 44454d5f5354   1033 	.strz	"DEM_START_SEC_VAR_SAVED_ZONE "
00000c78 4152545f5345 
00000c7e 435f5641525f 
00000c84 53415645445f 
00000c8a 5a4f4e452000 
00000c90 03             1034 	.byte	3
00000c91 1a             1035 	.byte	26
00000c92 1f             1036 	.byte	31
00000c93 03             1037 	.byte	3
00000c94 08             1038 	.byte	8
00000c95 20             1039 	.byte	32
00000c96 01             1040 	.byte	1
00000c97 06             1041 	.byte	6
00000c98 44454d5f4d45   1042 	.strz	"DEM_MEMMAP_ERROR "
00000c9e 4d4d41505f45 
00000ca4 52524f522000 
00000caa 01             1043 	.byte	1
00000cab 9601           1044 	.byte	150,1
00000cad 4253575f5354   1045 	.strz	"BSW_START_SEC_VAR_SAVED_ZONE_UNSPECIFIED "
00000cb3 4152545f5345 
00000cb9 435f5641525f 
00000cbf 53415645445f 
00000cc5 5a4f4e455f55 
00000ccb 4e5350454349 

                                                                      Page 30
                                                              C:\Users\nhuliyap\AppData\Local\Temp\gh_00003go1.s
00000cd1 464945442000 
00000cd7 03             1046 	.byte	3
00000cd8 9701           1047 	.byte	151,1
00000cda 1c             1048 	.byte	28
00000cdb 03             1049 	.byte	3
00000cdc c509           1050 	.byte	197,9
00000cde 1d             1051 	.byte	29
00000cdf 04             1052 	.byte	4
00000ce0 04             1053 	.byte	4
00000ce1 01             1054 	.byte	1
00000ce2 9b01           1055 	.byte	155,1
00000ce4 44454d5f5741   1056 	.strz	"DEM_WAS_STARTED_SEC_VAR_SAVED_ZONE "
00000cea 535f53544152 
00000cf0 5445445f5345 
00000cf6 435f5641525f 
00000cfc 53415645445f 
00000d02 5a4f4e452000 
00000d08 04             1057 	.byte	4
00000d09 04             1058 	.byte	4
00000d0a 01             1059 	.byte	1
00000d0b 1c             1060 	.byte	28
00000d0c 44454d5f5354   1061 	.strz	"DEM_STOP_SEC_VAR_SAVED_ZONE "
00000d12 4f505f534543 
00000d18 5f5641525f53 
00000d1e 415645445f5a 
00000d24 4f4e452000 
00000d29 03             1062 	.byte	3
00000d2a 1d             1063 	.byte	29
00000d2b 1f             1064 	.byte	31
00000d2c 03             1065 	.byte	3
00000d2d 08             1066 	.byte	8
00000d2e 20             1067 	.byte	32
00000d2f 01             1068 	.byte	1
00000d30 06             1069 	.byte	6
00000d31 44454d5f4d45   1070 	.strz	"DEM_MEMMAP_ERROR "
00000d37 4d4d41505f45 
00000d3d 52524f522000 
00000d43 01             1071 	.byte	1
00000d44 a301           1072 	.byte	163,1
00000d46 4253575f5354   1073 	.strz	"BSW_STOP_SEC_VAR_SAVED_ZONE_UNSPECIFIED "
00000d4c 4f505f534543 
00000d52 5f5641525f53 
00000d58 415645445f5a 
00000d5e 4f4e455f554e 
00000d64 535045434946 
00000d6a 4945442000 
00000d6f 03             1074 	.byte	3
00000d70 a401           1075 	.byte	164,1
00000d72 1c             1076 	.byte	28
00000d73 03             1077 	.byte	3
00000d74 c509           1078 	.byte	197,9
00000d76 1d             1079 	.byte	29
00000d77 04             1080 	.byte	4
00000d78 04             1081 	.byte	4
00000d79 04             1082 	.byte	4
00000d7a 04             1083 	.byte	4
00000d7b 04             1084 	.byte	4
00000d7c 01             1085 	.byte	1
00000d7d 05             1086 	.byte	5
00000d7e 44454d5f5354   1087 	.strz	"DEM_START_SEC_VAR_SAVED_ZONE "
00000d84 4152545f5345 

                                                                      Page 31
                                                              C:\Users\nhuliyap\AppData\Local\Temp\gh_00003go1.s
00000d8a 435f5641525f 
00000d90 53415645445f 
00000d96 5a4f4e452000 
00000d9c 03             1088 	.byte	3
00000d9d 06             1089 	.byte	6
00000d9e 1f             1090 	.byte	31
00000d9f 03             1091 	.byte	3
00000da0 08             1092 	.byte	8
00000da1 20             1093 	.byte	32
00000da2 01             1094 	.byte	1
00000da3 06             1095 	.byte	6
00000da4 44454d5f4d45   1096 	.strz	"DEM_MEMMAP_ERROR "
00000daa 4d4d41505f45 
00000db0 52524f522000 
00000db6 01             1097 	.byte	1
00000db7 9601           1098 	.byte	150,1
00000db9 4253575f5354   1099 	.strz	"BSW_START_SEC_VAR_SAVED_ZONE_UNSPECIFIED "
00000dbf 4152545f5345 
00000dc5 435f5641525f 
00000dcb 53415645445f 
00000dd1 5a4f4e455f55 
00000dd7 4e5350454349 
00000ddd 464945442000 
00000de3 03             1100 	.byte	3
00000de4 9701           1101 	.byte	151,1
00000de6 1c             1102 	.byte	28
00000de7 03             1103 	.byte	3
00000de8 c509           1104 	.byte	197,9
00000dea 1d             1105 	.byte	29
00000deb 04             1106 	.byte	4
00000dec 04             1107 	.byte	4
00000ded 01             1108 	.byte	1
00000dee 9b01           1109 	.byte	155,1
00000df0 44454d5f5741   1110 	.strz	"DEM_WAS_STARTED_SEC_VAR_SAVED_ZONE "
00000df6 535f53544152 
00000dfc 5445445f5345 
00000e02 435f5641525f 
00000e08 53415645445f 
00000e0e 5a4f4e452000 
00000e14 04             1111 	.byte	4
00000e15 04             1112 	.byte	4
00000e16 01             1113 	.byte	1
00000e17 0a             1114 	.byte	10
00000e18 44454d5f5354   1115 	.strz	"DEM_STOP_SEC_VAR_SAVED_ZONE "
00000e1e 4f505f534543 
00000e24 5f5641525f53 
00000e2a 415645445f5a 
00000e30 4f4e452000 
00000e35 03             1116 	.byte	3
00000e36 0b             1117 	.byte	11
00000e37 1f             1118 	.byte	31
00000e38 03             1119 	.byte	3
00000e39 08             1120 	.byte	8
00000e3a 20             1121 	.byte	32
00000e3b 01             1122 	.byte	1
00000e3c 06             1123 	.byte	6
00000e3d 44454d5f4d45   1124 	.strz	"DEM_MEMMAP_ERROR "
00000e43 4d4d41505f45 
00000e49 52524f522000 
00000e4f 01             1125 	.byte	1
00000e50 a301           1126 	.byte	163,1

                                                                      Page 32
                                                              C:\Users\nhuliyap\AppData\Local\Temp\gh_00003go1.s
00000e52 4253575f5354   1127 	.strz	"BSW_STOP_SEC_VAR_SAVED_ZONE_UNSPECIFIED "
00000e58 4f505f534543 
00000e5e 5f5641525f53 
00000e64 415645445f5a 
00000e6a 4f4e455f554e 
00000e70 535045434946 
00000e76 4945442000 
00000e7b 03             1128 	.byte	3
00000e7c a401           1129 	.byte	164,1
00000e7e 1c             1130 	.byte	28
00000e7f 03             1131 	.byte	3
00000e80 c509           1132 	.byte	197,9
00000e82 1d             1133 	.byte	29
00000e83 04             1134 	.byte	4
00000e84 04             1135 	.byte	4
00000e85 04             1136 	.byte	4
00000e86 04             1137 	.byte	4
00000e87 04             1138 	.byte	4
00000e88 00             1139 	.byte	0
                        1140 	.section	.debug_abbrev
00000080 00             1141 	.byte	0
                        1142 	.section	.debug_info
                        1143 .Ldw_end:
                        1144 .rh850_flags REGMODE32,DATA_ALIGN8,GP_FIX,EP_NONFIX,TP_FIX,REG2_RESERVE,G3K,GHS_MISALIGN,SDA_EXTRA_REGS_0
