                                                                      Page 1
                                                              C:\Users\nhuliyap\AppData\Local\Temp\gh_000010c1.s
Command Line: C:\ghs\comp_201517\ease850.exe -w -elf -b0 -I../source/common -I../source/ProjectCompiler -I../source/ProjectCfg -I../source/SwcApplTpms -I../source/SwcApplTpms/Intface -I../source/SwcApplEcuM -I../source/SwcServiceEcuM -I../source/SwcServiceNvM -I../source/SwcServiceOs -I../source/SwcServiceStartUp -I../source/McalAdc -I../source/McalDio -I../source/McalGpt -I../source/McalMcu -I../source/McalWdg -I../source/wrappers -I../source/wrappers/McalAta -I../source/McalLin -I../source/McalCan -I../source/wrappers/OS -I../source/McalFls -I../source/EcuabFee -I../source/EcuabMemIf -I../source/wrappers/VStdLib -I../source/wrappers/Crc -I../source/wrappers/FBL_APPL -I../source/wrappers/CAN_MANAGER -I../source/wrappers/NVM_MANAGER -I../source/wrappers/DEM_MANAGER -I../source/wrappers/RDC_MANAGER -I../source/wrappers/ENV_MANAGER -I../source/wrappers/SYS_MANAGER -I../source/wrappers/EcuabCanIf -I../source/wrappers/SwcServiceCanSM -I../source/wrappers/SwcServiceCanTp -I../source/wrappers/SwcServiceCanTp_PreCompile -I../source/wrappers/SwcServiceCom -I../source/wrappers/SwcServiceComM -I../source/wrappers/SwcServiceComStack -I../source/wrappers/SwcServiceDcm -I../source/wrappers/SwcServicePduR -I../source/wrappers/SwcServiceEcuM -I../source/wrappers/Bfx -I../source/wrappers/SwcServiceDem -I../source/SwcServiceDet -I../source/SwcServiceFiM -I../source/wrappers/LibAutosarDiag -I../source/wrappers/rba_BswSrv -I../source/SwcServiceSchM -I../source/wrappers/SwcServiceComM/Integration -I../source/wrappers/SwcServicePduR/Integration -I../source/wrappers/EcuabCanIf/Integration -I../source/wrappers/SwcServiceCom/Integration -I../source/wrappers/SwcServiceCanTp/Integration -I../source/wrappers/SwcServiceEcuM/Integration -I../source/SwcServiceDet/Integration -I../source/wrappers/SwcServiceDcm/Integration -I../source/wrappers/SwcServiceDem/Integration -I../source/SwcServiceFiM/Integration -I../source/wrappers/EcuabCanIf/api -I../source/wrappers/SwcServiceCom/api -I../source/wrappers/SwcServiceComM/api -I../source/wrappers/SwcServicePduR/api -I../source/wrappers/Bfx/api -I../source/SwcServiceDet/api -I../source/SwcServiceFiM/api -I../source/wrappers/LibAutosarDiag/api -I../source/wrappers/rba_BswSrv/api -IC:\ghs\comp_201517\lib\rh850 -cg_underscore -cpu=rh850g3k -no_v850_simd -rh850_fpsimd=none -nomacro -patch_dbo=C:\_ECU2\ECU_Rivian_A1\Target\repo_projects\pRealEcu\cL_LATEST\make\output\objects\MemConversion.dbo -source=MemConversion.c -o output\objects\gh_000010c1.o -list=output\list\MemConversion.lst C:\Users\nhuliyap\AppData\Local\Temp\gh_000010c1.s 
Original File: C:\Users\nhuliyap\AppData\Local\Temp\gh_000010c1.s
Source File: MemConversion.c
Directory: C:\_ECU2\ECU_Rivian_A1\Target\repo_projects\pRealEcu\cL_LATEST\make
Host OS: Windows
EASE: Copyright (C) 1983-2015 Green Hills Software.  All Rights Reserved.
Release: Compiler v2015.1.7
Build Directory: [Directory] BTOWORKER6:c:/build_2015_1_bto/2015-10-21.2100-2015_1_bto/win32-comp-ecom
Revision: [VCInfo] http://toolsvc/branches/release-branch-70-bto/src@544153 (built by build)
Revision Date: Thu Oct 22 07:50:13 2015

Release Date: Thu Oct 22 09:32:32 2015

                           1 --Driver Command: ccv850 ../source/wrappers/MemConversion.c -cpu=rh850 -fhard
                           2 --		-ignore_callt_state_in_interrupts -large_sda -misalign_pack
                           3 --		-nofarcalls -nofloatio -no_callt -Ogeneral -Onounroll
                           4 --		-prepare_dispose -registermode=32 -reserve_r2 -sda=0
                           5 --		-shorten_loads -Wshadow --brief_diagnostics --no_commons
                           6 --		--no_wrap_diagnostics --prototype_errors --short_enum -list -G
                           7 --		-dual_debug -dwarf -X5523 -lnk=-no_xda_modifications -D
                           8 --		NOT_READY_FOR_TESTING_OR_DEPLOYMENT -D IBTCM_SW_ANPASSUNGEN -D
                           9 --		BUILD_LORDSTOWN -c -inline_prologue -I../source/common
                          10 --		-I../source/ProjectCompiler -I../source/ProjectCfg
                          11 --		-I../source/SwcApplTpms -I../source/SwcApplTpms/Intface
                          12 --		-I../source/SwcApplEcuM -I../source/SwcServiceEcuM
                          13 --		-I../source/SwcServiceNvM -I../source/SwcServiceOs
                          14 --		-I../source/SwcServiceStartUp -I../source/McalAdc
                          15 --		-I../source/McalDio -I../source/McalGpt -I../source/McalMcu
                          16 --		-I../source/McalWdg -I../source/wrappers
                          17 --		-I../source/wrappers/McalAta -I../source/McalLin
                          18 --		-I../source/McalCan -I../source/wrappers/OS -I../source/McalFls
                          19 --		-I../source/EcuabFee -I../source/EcuabMemIf
                          20 --		-I../source/wrappers/VStdLib -I../source/wrappers
                          21 --		-I../source/wrappers/Crc -I../source/wrappers/FBL_APPL
                          22 --		-I../source/wrappers/CAN_MANAGER -I../source/wrappers/NVM_MANAGER
                          23 --		-I../source/wrappers/DEM_MANAGER -I../source/wrappers/RDC_MANAGER
                          24 --		-I../source/wrappers/ENV_MANAGER -I../source/wrappers/SYS_MANAGER
                          25 --		-I../source/wrappers/EcuabCanIf
                          26 --		-I../source/wrappers/SwcServiceCanSM
                          27 --		-I../source/wrappers/SwcServiceCanTp
                          28 --		-I../source/wrappers/SwcServiceCanTp_PreCompile
                          29 --		-I../source/wrappers/SwcServiceCom
                          30 --		-I../source/wrappers/SwcServiceComM
                          31 --		-I../source/wrappers/SwcServiceComStack
                          32 --		-I../source/wrappers/SwcServiceDcm
                          33 --		-I../source/wrappers/SwcServicePduR
                          34 --		-I../source/wrappers/SwcServiceEcuM -I../source/wrappers/Bfx
                          35 --		-I../source/wrappers/SwcServiceDem -I../source/SwcServiceDet
                          36 --		-I../source/SwcServiceFiM -I../source/wrappers/LibAutosarDiag
                          37 --		-I../source/wrappers/rba_BswSrv -I../source/SwcServiceSchM
                          38 --		-I../source/wrappers/SwcServiceComM/Integration
                          39 --		-I../source/wrappers/SwcServicePduR/Integration
                          40 --		-I../source/wrappers/EcuabCanIf/Integration
                          41 --		-I../source/wrappers/SwcServiceCom/Integration
                          42 --		-I../source/wrappers/SwcServiceCanTp/Integration
                          43 --		-I../source/wrappers/SwcServiceEcuM/Integration
                          44 --		-I../source/SwcServiceDet/Integration
                          45 --		-I../source/wrappers/SwcServiceDcm/Integration
                          46 --		-I../source/wrappers/SwcServiceDem/Integration
                          47 --		-I../source/SwcServiceFiM/Integration
                          48 --		-I../source/wrappers/EcuabCanIf/api
                          49 --		-I../source/wrappers/SwcServiceCom/api
                          50 --		-I../source/wrappers/SwcServiceComM/api

                                                                      Page 2
                                                              C:\Users\nhuliyap\AppData\Local\Temp\gh_000010c1.s
                          51 --		-I../source/wrappers/SwcServicePduR/api
                          52 --		-I../source/wrappers/Bfx/api -I../source/SwcServiceDet/api
                          53 --		-I../source/SwcServiceFiM/api
                          54 --		-I../source/wrappers/LibAutosarDiag/api
                          55 --		-I../source/wrappers/rba_BswSrv/api -object_dir=output/objects
                          56 --		-list_dir=output/list
                          57 --Source File:   ../source/wrappers/MemConversion.c
                          58 --Directory:     
                          59 --		C:\_ECU2\ECU_Rivian_A1\Target\repo_projects\pRealEcu\cL_LATEST\make
                          60 --Compile Date:  Wed Sep 06 09:43:57 2023
                          61 --Host OS:       Win32
                          62 --Version:       C-RH850 2015.1.7 RELEASE VERSION
                          63 --Release:       Compiler v2015.1.7
                          64 --Revision Date: Thu Oct 22 08:06:12 2015
                          65 --Release Date:  Thu Oct 22 09:34:32 2015
                          66 -- ecom  -g -w -OM
                          67 	.text
                          68 ..bof.C.3A.5C_ECU2.5CECU_Rivian_A1.5CTarget.5Crepo_projects.5CpRealEcu.5CcL_LATEST.5Cmake.5Coutput.5Cobjects.5CMemConversion...43.3A.5C_ECU2.5CECU_Rivian_A1.5CTarget.5Crepo_projects.5CpRealEcu.5CcL_LATEST.5Cmake..64F82DBD..0::
                          69 	.align	2
                          70 ..gh.f.f.1.e.0:
                          71 	.type	..gh.f.f.1.e.0,@object
                          72 	.size	..gh.f.f.1.e.0,0
                          73 	.global	_FblMemSetInteger
                          74 _FblMemSetInteger:
                          75 --	    .bf
                          76 .LDW01:
00000000 e505*            77 	br	.L4
                          78 .L6:
                          79 --line10
                          80 ..lin.C.3A.5C_ECU2.5CECU_Rivian_A1.5CTarget.5Crepo_projects.5CpRealEcu.5CcL_LATEST.5Cmake.5Coutput.5Cobjects.5CMemConversion.1::
                          81 .LDWlin1:
00000002 5f32             82 	add	-1,r6
00000004 06f0             83 	mov	r6,ep
00000006 c8f1             84 	add	r8,ep
00000008 803b             85 	sst.b	r7,0[ep]
0000000a 883a             86 	shr	8,r7
                          87 .L4:
0000000c e031             88 	cmp	zero,r6
0000000e aafd*            89 	bne	.L6
                          90 --	    .ef
                          91 .LDW11:
                          92 --line16
                          93 ..lin.C.3A.5C_ECU2.5CECU_Rivian_A1.5CTarget.5Crepo_projects.5CpRealEcu.5CcL_LATEST.5Cmake.5Coutput.5Cobjects.5CMemConversion.2::
                          94 .LDWlin2:
00000010 7f00             95 	jmp	[lp]
                          96 	.global	___ghs_eofn_FblMemSetInteger
                          97 ___ghs_eofn_FblMemSetInteger:
                          98 	.type	_FblMemSetInteger,@function
                          99 	.size	_FblMemSetInteger,.-_FblMemSetInteger
                         100 	.align	2
                         101 
                         102 --_count	r6	param
                         103 --_input	r7	param
                         104 --_buffer	r8	param
                         105 
                         106 	.section ".bss","awb"
                         107 .L44:
                         108 	.type	.L44,@object
                         109 	.size	.L44,0
                         110 	.data
                         111 	.text

                                                                      Page 3
                                                              C:\Users\nhuliyap\AppData\Local\Temp\gh_000010c1.s
                         112 	.align	2
                         113 	.align	2
                         114 ..gh.f.f.1.e.1:
                         115 	.type	..gh.f.f.1.e.1,@object
                         116 	.size	..gh.f.f.1.e.1,0
                         117 	.global	_FblMemGetInteger
                         118 _FblMemGetInteger:
                         119 --	    .bf
                         120 .LDW21:
00000012 0052            121 	mov	0,r10
00000014 0a48            122 	mov	r10,r9
00000016 850d*           123 	br	.L85
                         124 .L87:
                         125 --line31
                         126 ..lin.C.3A.5C_ECU2.5CECU_Rivian_A1.5CTarget.5Crepo_projects.5CpRealEcu.5CcL_LATEST.5Cmake.5Coutput.5Cobjects.5CMemConversion.3::
                         127 .LDWlin3:
00000018 09f0            128 	mov	r9,ep
0000001a c7f1            129 	add	r7,ep
0000001c 6098            130 	sld.bu	0[ep],r19
0000001e c852            131 	shl	8,r10
00000020 414a            132 	add	1,r9
00000022 5f32            133 	add	-1,r6
00000024 1351            134 	or	r19,r10
                         135 .L85:
00000026 e031            136 	cmp	zero,r6
00000028 8afd*           137 	bne	.L87
                         138 --	    .ef
                         139 .LDW31:
                         140 --line37
                         141 ..lin.C.3A.5C_ECU2.5CECU_Rivian_A1.5CTarget.5Crepo_projects.5CpRealEcu.5CcL_LATEST.5Cmake.5Coutput.5Cobjects.5CMemConversion.4::
                         142 .LDWlin4:
0000002a 7f00            143 	jmp	[lp]
                         144 	.global	___ghs_eofn_FblMemGetInteger
                         145 ___ghs_eofn_FblMemGetInteger:
                         146 	.type	_FblMemGetInteger,@function
                         147 	.size	_FblMemGetInteger,.-_FblMemGetInteger
                         148 	.align	2
                         149 --_output	r10	local
                         150 --_idx	r9	local
                         151 
                         152 --_count	r6	param
                         153 --_buffer	r7	param
                         154 
                         155 	.section ".bss","awb"
                         156 .L128:
                         157 	.type	.L128,@object
                         158 	.size	.L128,0
                         159 	.data
                         160 	.text
                         161 	.align	2
                         162 
                         163 	.data
                         164 	.ghsnote version,17
                         165 	.ghsnote tools,3
                         166 	.ghsnote options,144
                         167 	.text
                         168 	.align	2
                         169 ..eof.C.3A.5C_ECU2.5CECU_Rivian_A1.5CTarget.5Crepo_projects.5CpRealEcu.5CcL_LATEST.5Cmake.5Coutput.5Cobjects.5CMemConversion...43.3A.5C_ECU2.5CECU_Rivian_A1.5CTarget.5Crepo_projects.5CpRealEcu.5CcL_LATEST.5Cmake..64F82DBD..0::
                         170 	.section	.debug_info
                         171 .Ldw_begin:
00000000 07020000        172 	.word	.Ldw_end-.Ldw_begin-4

                                                                      Page 4
                                                              C:\Users\nhuliyap\AppData\Local\Temp\gh_000010c1.s
00000004 0200            173 	.byte	2,0
00000006 00000000*       174 	.word	.Ldw_abbr_begin
0000000a 04              175 	.byte	4
                         176 	.section	.debug_abbrev
                         177 .Ldw_abbr_begin:
                         178 	.section	.debug_info
0000000b 01              179 	.byte	1
0000000c 00000000*       180 	.word	..bof.C.3A.5C_ECU2.5CECU_Rivian_A1.5CTarget.5Crepo_projects.5CpRealEcu.5CcL_LATEST.5Cmake.5Coutput.5Cobjects.5CMemConversion...43.3A.5C_ECU2.5CECU_Rivian_A1.5CTarget.5Crepo_projects.5CpRealEcu.5CcL_LATEST.5Cmake..64F82DBD..0
00000010 00000000*       181 	.word	..eof.C.3A.5C_ECU2.5CECU_Rivian_A1.5CTarget.5Crepo_projects.5CpRealEcu.5CcL_LATEST.5Cmake.5Coutput.5Cobjects.5CMemConversion...43.3A.5C_ECU2.5CECU_Rivian_A1.5CTarget.5Crepo_projects.5CpRealEcu.5CcL_LATEST.5Cmake..64F82DBD..0
00000014 2e2e2f736f75    182 	.strz	"../source/wrappers/MemConversion.c"
0000001a 7263652f7772 
00000020 617070657273 
00000026 2f4d656d436f 
0000002c 6e7665727369 
00000032 6f6e2e6300 
00000037 433a5c5f4543    183 	.strz	"C:\\_ECU2\\ECU_Rivian_A1\\Target\\repo_projects\\pRealEcu\\cL_LATEST\\make"
0000003d 55325c454355 
00000043 5f5269766961 
00000049 6e5f41315c54 
0000004f 61726765745c 
00000055 7265706f5f70 
0000005b 726f6a656374 
00000061 735c70526561 
00000067 6c4563755c63 
0000006d 4c5f4c415445 
00000073 53545c6d616b 
00000079 6500 
0000007b 474853204320    184 	.strz	"GHS C 2015.1.7 [dual]"
00000081 323031352e31 
00000087 2e37205b6475 
0000008d 616c5d00 
00000091 0100            185 	.byte	1,0
00000093 00000000*       186 	.word	.Ldw_line_begin
00000097 00000000*       187 	.word	.Ldw_macinfo_begin
0000009b 00              188 	.byte	0
                         189 
                         190 	.section	.debug_abbrev
00000000 01              191 	.byte	1
00000001 11              192 	.byte	17
00000002 01              193 	.byte	1
00000003 1101            194 	.byte	17,1
00000005 1201            195 	.byte	18,1
00000007 0308            196 	.byte	3,8
00000009 1b08            197 	.byte	27,8
0000000b 2508            198 	.byte	37,8
0000000d 1305            199 	.byte	19,5
0000000f 1006            200 	.byte	16,6
00000011 4306            201 	.byte	67,6
00000013 420b            202 	.byte	66,11
00000015 0000            203 	.byte	0,0
                         204 
                         205 	.section	.debug_line
                         206 .Ldw_line_begin:
00000000 c1010000        207 	.word	.Ldw_line_end-.Ldw_line_begin-4
00000004 0200            208 	.byte	2,0
00000006 00000000*       209 	.word	.Ldw_lpro_end-.Ldw_lpro_begin
                         210 .Ldw_lpro_begin:
0000000a 01              211 	.byte	1
0000000b 00              212 	.byte	0
0000000c 00              213 	.byte	0
0000000d 04              214 	.byte	4

                                                                      Page 5
                                                              C:\Users\nhuliyap\AppData\Local\Temp\gh_000010c1.s
0000000e 0a              215 	.byte	10
0000000f 000101          216 	.byte	0,1,1
00000012 010100          217 	.byte	1,1,0
00000015 000001          218 	.byte	0,0,1
00000018 00              219 	.byte	0
00000019 2e2e2f736f75    220 	.strz	"../source/wrappers/MemConversion.c"
0000001f 7263652f7772 
00000025 617070657273 
0000002b 2f4d656d436f 
00000031 6e7665727369 
00000037 6f6e2e6300 
0000003c 000000          221 	.byte	0,0,0
0000003f 2e2e2f736f75    222 	.strz	"../source/wrappers/MemConversion.hpp"
00000045 7263652f7772 
0000004b 617070657273 
00000051 2f4d656d436f 
00000057 6e7665727369 
0000005d 6f6e2e687070 
00000063 00 
00000064 000000          223 	.byte	0,0,0
00000067 2e2e2f736f75    224 	.strz	"../source/McalMcu/types.hpp"
0000006d 7263652f4d63 
00000073 616c4d63752f 
00000079 74797065732e 
0000007f 68707000 
00000083 000000          225 	.byte	0,0,0
00000086 2e2e2f736f75    226 	.strz	"../source/common/Std_Types.hpp"
0000008c 7263652f636f 
00000092 6d6d6f6e2f53 
00000098 74645f547970 
0000009e 65732e687070 
000000a4 00 
000000a5 000000          227 	.byte	0,0,0
000000a8 2e2e2f736f75    228 	.strz	"../source/common/Platform_Types.hpp"
000000ae 7263652f636f 
000000b4 6d6d6f6e2f50 
000000ba 6c6174666f72 
000000c0 6d5f54797065 
000000c6 732e68707000 
000000cc 000000          229 	.byte	0,0,0
000000cf 2e2e2f736f75    230 	.strz	"../source/common/Compiler.hpp"
000000d5 7263652f636f 
000000db 6d6d6f6e2f43 
000000e1 6f6d70696c65 
000000e7 722e68707000 
000000ed 000000          231 	.byte	0,0,0
000000f0 2e2e2f736f75    232 	.strz	"../source/ProjectCompiler/Compiler_Cfg.hpp"
000000f6 7263652f5072 
000000fc 6f6a65637443 
00000102 6f6d70696c65 
00000108 722f436f6d70 
0000010e 696c65725f43 
00000114 66672e687070 
0000011a 00 
0000011b 000000          233 	.byte	0,0,0
0000011e 2e2e2f736f75    234 	.strz	"../source/ProjectCompiler/CompilerCfg_SwcServiceOs.hpp"
00000124 7263652f5072 
0000012a 6f6a65637443 
00000130 6f6d70696c65 
00000136 722f436f6d70 
0000013c 696c65724366 

                                                                      Page 6
                                                              C:\Users\nhuliyap\AppData\Local\Temp\gh_000010c1.s
00000142 675f53776353 
00000148 657276696365 
0000014e 4f732e687070 
00000154 00 
00000155 000000          235 	.byte	0,0,0
00000158 00              236 	.byte	0
                         237 .Ldw_lpro_end:
                         238 	.section	.debug_macinfo
                         239 .Ldw_macinfo_begin:
                         240 	.section	.debug_frame
                         241 .LDW_16fd2c0:
00000000 00000000*       242 	.word	.LDW_unq_2-.LDW_unq_1
                         243 .LDW_unq_1:
00000004 ffffffff        244 	.byte	255,255,255,255
00000008 01              245 	.byte	1
00000009 00              246 	.byte	0
0000000a 01              247 	.byte	1
0000000b 01              248 	.byte	1
0000000c 1f              249 	.byte	31
0000000d 0c              250 	.byte	12
0000000e 03              251 	.byte	3
0000000f 00              252 	.byte	0
00000010 07              253 	.byte	7
00000011 00              254 	.byte	0
00000012 07              255 	.byte	7
00000013 01              256 	.byte	1
00000014 07              257 	.byte	7
00000015 02              258 	.byte	2
00000016 07              259 	.byte	7
00000017 03              260 	.byte	3
00000018 07              261 	.byte	7
00000019 04              262 	.byte	4
0000001a 07              263 	.byte	7
0000001b 05              264 	.byte	5
0000001c 07              265 	.byte	7
0000001d 06              266 	.byte	6
0000001e 07              267 	.byte	7
0000001f 07              268 	.byte	7
00000020 07              269 	.byte	7
00000021 08              270 	.byte	8
00000022 07              271 	.byte	7
00000023 09              272 	.byte	9
00000024 07              273 	.byte	7
00000025 0a              274 	.byte	10
00000026 07              275 	.byte	7
00000027 0b              276 	.byte	11
00000028 07              277 	.byte	7
00000029 0c              278 	.byte	12
0000002a 07              279 	.byte	7
0000002b 0d              280 	.byte	13
0000002c 07              281 	.byte	7
0000002d 0e              282 	.byte	14
0000002e 07              283 	.byte	7
0000002f 0f              284 	.byte	15
00000030 07              285 	.byte	7
00000031 10              286 	.byte	16
00000032 07              287 	.byte	7
00000033 11              288 	.byte	17
00000034 07              289 	.byte	7
00000035 12              290 	.byte	18
00000036 07              291 	.byte	7

                                                                      Page 7
                                                              C:\Users\nhuliyap\AppData\Local\Temp\gh_000010c1.s
00000037 13              292 	.byte	19
00000038 08              293 	.byte	8
00000039 14              294 	.byte	20
0000003a 08              295 	.byte	8
0000003b 15              296 	.byte	21
0000003c 08              297 	.byte	8
0000003d 16              298 	.byte	22
0000003e 08              299 	.byte	8
0000003f 17              300 	.byte	23
00000040 08              301 	.byte	8
00000041 18              302 	.byte	24
00000042 08              303 	.byte	8
00000043 19              304 	.byte	25
00000044 08              305 	.byte	8
00000045 1a              306 	.byte	26
00000046 08              307 	.byte	8
00000047 1b              308 	.byte	27
00000048 08              309 	.byte	8
00000049 1c              310 	.byte	28
0000004a 08              311 	.byte	8
0000004b 1d              312 	.byte	29
0000004c 07              313 	.byte	7
0000004d 1e              314 	.byte	30
0000004e 08              315 	.byte	8
0000004f 1f              316 	.byte	31
00000050 07              317 	.byte	7
00000051 20              318 	.byte	32
00000052 07              319 	.byte	7
00000053 21              320 	.byte	33
00000054 07              321 	.byte	7
00000055 22              322 	.byte	34
00000056 07              323 	.byte	7
00000057 23              324 	.byte	35
00000058 07              325 	.byte	7
00000059 24              326 	.byte	36
0000005a 07              327 	.byte	7
0000005b 25              328 	.byte	37
0000005c 07              329 	.byte	7
0000005d 26              330 	.byte	38
0000005e 07              331 	.byte	7
0000005f 27              332 	.byte	39
00000060 07              333 	.byte	7
00000061 28              334 	.byte	40
00000062 07              335 	.byte	7
00000063 29              336 	.byte	41
00000064 07              337 	.byte	7
00000065 2a              338 	.byte	42
00000066 07              339 	.byte	7
00000067 2b              340 	.byte	43
00000068 07              341 	.byte	7
00000069 2c              342 	.byte	44
0000006a 07              343 	.byte	7
0000006b 2d              344 	.byte	45
0000006c 07              345 	.byte	7
0000006d 2e              346 	.byte	46
0000006e 07              347 	.byte	7
0000006f 2f              348 	.byte	47
00000070 07              349 	.byte	7
00000071 30              350 	.byte	48
00000072 07              351 	.byte	7
00000073 31              352 	.byte	49

                                                                      Page 8
                                                              C:\Users\nhuliyap\AppData\Local\Temp\gh_000010c1.s
00000074 07              353 	.byte	7
00000075 32              354 	.byte	50
00000076 07              355 	.byte	7
00000077 33              356 	.byte	51
00000078 07              357 	.byte	7
00000079 34              358 	.byte	52
0000007a 07              359 	.byte	7
0000007b 35              360 	.byte	53
0000007c 07              361 	.byte	7
0000007d 36              362 	.byte	54
0000007e 07              363 	.byte	7
0000007f 37              364 	.byte	55
00000080 07              365 	.byte	7
00000081 38              366 	.byte	56
00000082 07              367 	.byte	7
00000083 39              368 	.byte	57
00000084 07              369 	.byte	7
00000085 3a              370 	.byte	58
00000086 07              371 	.byte	7
00000087 3b              372 	.byte	59
00000088 07              373 	.byte	7
00000089 3c              374 	.byte	60
0000008a 07              375 	.byte	7
0000008b 3d              376 	.byte	61
0000008c 07              377 	.byte	7
0000008d 3e              378 	.byte	62
0000008e 07              379 	.byte	7
0000008f 3f              380 	.byte	63
                         381 .LDW_unq_2:
                         382 	.section	.debug_info
                         383 .LDW_16b6fa8:
0000009c 25              384 	.byte	37
0000009d 756e7369676e    385 	.strz	"unsigned long"
000000a3 6564206c6f6e 
000000a9 6700 
000000ab 07              386 	.byte	7
000000ac 04              387 	.byte	4
                         388 
                         389 	.section	.debug_abbrev
00000017 25              390 	.byte	37
00000018 24              391 	.byte	36
00000019 00              392 	.byte	0
0000001a 0308            393 	.byte	3,8
0000001c 3e0b            394 	.byte	62,11
0000001e 0b0b            395 	.byte	11,11
00000020 0000            396 	.byte	0,0
                         397 
                         398 	.section	.debug_info
                         399 .LDW_16b6f38:
000000ad 25              400 	.byte	37
000000ae 756e7369676e    401 	.strz	"unsigned char"
000000b4 656420636861 
000000ba 7200 
000000bc 08              402 	.byte	8
000000bd 01              403 	.byte	1
                         404 
                         405 .LDW_16b7408:
000000be 2f              406 	.byte	47
000000bf 00000000*       407 	.word	.LDW_16f9f08
                         408 
                         409 	.section	.debug_abbrev

                                                                      Page 9
                                                              C:\Users\nhuliyap\AppData\Local\Temp\gh_000010c1.s
00000022 2f              410 	.byte	47
00000023 0f              411 	.byte	15
00000024 00              412 	.byte	0
00000025 4910            413 	.byte	73,16
00000027 0000            414 	.byte	0,0
                         415 
                         416 	.section	.debug_info
                         417 .LDW_16b6f00:
000000c3 45              418 	.byte	69
000000c4 01              419 	.byte	1
                         420 
                         421 	.section	.debug_abbrev
00000029 45              422 	.byte	69
0000002a 15              423 	.byte	21
0000002b 01              424 	.byte	1
0000002c 270c            425 	.byte	39,12
0000002e 0000            426 	.byte	0,0
                         427 
                         428 	.section	.debug_info
                         429 .LDW_16fa430:
000000c5 12              430 	.byte	18
000000c6 00000000*       431 	.word	.LDW_16f9eb0
000000ca 00              432 	.byte	0
                         433 
                         434 	.section	.debug_abbrev
00000030 12              435 	.byte	18
00000031 05              436 	.byte	5
00000032 00              437 	.byte	0
00000033 4910            438 	.byte	73,16
00000035 4b0c            439 	.byte	75,12
00000037 0000            440 	.byte	0,0
                         441 
                         442 	.section	.debug_info
                         443 .LDW_16fa970:
000000cb 12              444 	.byte	18
000000cc 00000000*       445 	.word	.LDW_16f9eb0
000000d0 00              446 	.byte	0
                         447 
                         448 .LDW_16fa7c0:
000000d1 12              449 	.byte	18
000000d2 00000000*       450 	.word	.LDW_16b7408
000000d6 00              451 	.byte	0
                         452 
000000d7 00              453 	.byte	0
                         454 
                         455 .LDW_16fa100:
000000d8 29              456 	.byte	41
000000d9 00000000*       457 	.word	.LDW_16f9f08
                         458 
                         459 	.section	.debug_abbrev
00000039 29              460 	.byte	41
0000003a 26              461 	.byte	38
0000003b 00              462 	.byte	0
0000003c 4910            463 	.byte	73,16
0000003e 0000            464 	.byte	0,0
                         465 
                         466 	.section	.debug_info
                         467 .LDW_16b7168:
000000dd 2f              468 	.byte	47
000000de 00000000*       469 	.word	.LDW_16fa100
                         470 

                                                                      Page 10
                                                              C:\Users\nhuliyap\AppData\Local\Temp\gh_000010c1.s
                         471 .LDW_16b6db0:
000000e2 44              472 	.byte	68
000000e3 00000000*       473 	.word	.LDW_16f9eb0
000000e7 01              474 	.byte	1
                         475 
                         476 	.section	.debug_abbrev
00000040 44              477 	.byte	68
00000041 15              478 	.byte	21
00000042 01              479 	.byte	1
00000043 4910            480 	.byte	73,16
00000045 270c            481 	.byte	39,12
00000047 0000            482 	.byte	0,0
                         483 
                         484 	.section	.debug_info
                         485 .LDW_16fa610:
000000e8 12              486 	.byte	18
000000e9 00000000*       487 	.word	.LDW_16f9eb0
000000ed 00              488 	.byte	0
                         489 
                         490 .LDW_16fa7f0:
000000ee 12              491 	.byte	18
000000ef 00000000*       492 	.word	.LDW_16b7168
000000f3 00              493 	.byte	0
                         494 
000000f4 00              495 	.byte	0
                         496 
                         497 .LDW_16b71d8:
000000f5 25              498 	.byte	37
000000f6 756e7369676e    499 	.strz	"unsigned int"
000000fc 656420696e74 
00000102 00 
00000103 07              500 	.byte	7
00000104 04              501 	.byte	4
                         502 
                         503 .LDW_16f9f08:
00000105 28              504 	.byte	40
00000106 75696e743800    505 	.strz	"uint8"
0000010c 50              506 	.byte	80
0000010d 4b              507 	.byte	75
0000010e 05              508 	.byte	5
0000010f 00000000*       509 	.word	.LDW_16b6f38
                         510 
                         511 	.section	.debug_abbrev
00000049 28              512 	.byte	40
0000004a 16              513 	.byte	22
0000004b 00              514 	.byte	0
0000004c 0308            515 	.byte	3,8
0000004e 3b0f            516 	.byte	59,15
00000050 390f            517 	.byte	57,15
00000052 3a0f            518 	.byte	58,15
00000054 4910            519 	.byte	73,16
00000056 0000            520 	.byte	0,0
                         521 
                         522 	.section	.debug_info
                         523 .LDW_16f9eb0:
00000113 28              524 	.byte	40
00000114 75696e743332    525 	.strz	"uint32"
0000011a 00 
0000011b 54              526 	.byte	84
0000011c 4a              527 	.byte	74
0000011d 05              528 	.byte	5

                                                                      Page 11
                                                              C:\Users\nhuliyap\AppData\Local\Temp\gh_000010c1.s
0000011e 00000000*       529 	.word	.LDW_16b6fa8
                         530 
                         531 .LDW_16f9f60:
00000122 13              532 	.byte	19
00000123 46626c4d656d    533 	.strz	"FblMemSetInteger"
00000129 536574496e74 
0000012f 6567657200 
00000134 05              534 	.byte	5
00000135 06              535 	.byte	6
00000136 01              536 	.byte	1
00000137 00000000*       537 	.word	_FblMemSetInteger
0000013b 00000000*       538 	.word	___ghs_eofn_FblMemSetInteger
0000013f 0153            539 	.byte	1,83
00000141 02              540 	.byte	2
00000142 00              541 	.byte	0
00000143 02              542 	.byte	2
00000144 00              543 	.byte	0
00000145 00              544 	.byte	0
00000146 00              545 	.byte	0
00000147 00              546 	.byte	0
00000148 01              547 	.byte	1
00000149 01              548 	.byte	1
0000014a 00              549 	.byte	0
0000014b 01              550 	.byte	1
                         551 
                         552 	.section	.debug_abbrev
00000058 13              553 	.byte	19
00000059 2e              554 	.byte	46
0000005a 01              555 	.byte	1
0000005b 0308            556 	.byte	3,8
0000005d 3b0f            557 	.byte	59,15
0000005f 390f            558 	.byte	57,15
00000061 3a0f            559 	.byte	58,15
00000063 1101            560 	.byte	17,1
00000065 1201            561 	.byte	18,1
00000067 400a            562 	.byte	64,10
00000069 8341            563 	.byte	131,65
0000006b 0f              564 	.byte	15
0000006c 8741            565 	.byte	135,65
0000006e 0d              566 	.byte	13
0000006f 8541            567 	.byte	133,65
00000071 0f              568 	.byte	15
00000072 8641            569 	.byte	134,65
00000074 0d              570 	.byte	13
00000075 9241            571 	.byte	146,65
00000077 0f              572 	.byte	15
00000078 3c0c            573 	.byte	60,12
0000007a 200b            574 	.byte	32,11
0000007c 3f0c            575 	.byte	63,12
0000007e 320b            576 	.byte	50,11
00000080 4c0b            577 	.byte	76,11
00000082 270c            578 	.byte	39,12
00000084 0000            579 	.byte	0,0
                         580 
                         581 	.section	.debug_frame
                         582 .LDW_16e4a48:
00000090 00000000*       583 	.word	.LDW_unq_4-.LDW_unq_3
                         584 .LDW_unq_3:
00000094 00000000*       585 	.word	.LDW_16fd2c0
00000098 00000000*       586 	.word	_FblMemSetInteger
0000009c 00000000*       587 	.word	___ghs_eofn_FblMemSetInteger-_FblMemSetInteger

                                                                      Page 12
                                                              C:\Users\nhuliyap\AppData\Local\Temp\gh_000010c1.s
000000a0 01              588 	.byte	1
000000a1 00000000*       589 	.word	.LDW11
000000a5 00              590 	.byte	0
000000a6 00              591 	.byte	0
000000a7 00              592 	.byte	0
                         593 .LDW_unq_4:
                         594 	.section	.debug_line
00000159 000502          595 	.byte	0,5,2
0000015c 00000000*       596 	.word	_FblMemSetInteger
00000160 06              597 	.byte	6
00000161 03              598 	.byte	3
00000162 05              599 	.byte	5
00000163 02              600 	.byte	2
00000164 00              601 	.byte	0
00000165 01              602 	.byte	1
00000166 000502          603 	.byte	0,5,2
00000169 00000000*       604 	.word	.LDWlin1
0000016d 0c              605 	.byte	12
0000016e 0c              606 	.byte	12
0000016f 14              607 	.byte	20
00000170 24              608 	.byte	36
00000171 03              609 	.byte	3
00000172 7a              610 	.byte	122
00000173 02              611 	.byte	2
00000174 02              612 	.byte	2
00000175 01              613 	.byte	1
00000176 000502          614 	.byte	0,5,2
00000179 00000000*       615 	.word	.LDWlin2
0000017d 03              616 	.byte	3
0000017e 07              617 	.byte	7
0000017f 02              618 	.byte	2
00000180 00              619 	.byte	0
00000181 01              620 	.byte	1
00000182 0b              621 	.byte	11
00000183 02              622 	.byte	2
00000184 02              623 	.byte	2
00000185 000101          624 	.byte	0,1,1
                         625 	.section	.debug_info
                         626 .LDW_16f9ff8:
0000014c 0f              627 	.byte	15
0000014d 636f756e7400    628 	.strz	"count"
00000153 05              629 	.byte	5
00000154 1f              630 	.byte	31
00000155 01              631 	.byte	1
00000156 00000000*       632 	.word	.LDW_16f9eb0
0000015a 00              633 	.byte	0
0000015b 0156            634 	.byte	1,86
                         635 
                         636 	.section	.debug_abbrev
00000086 0f              637 	.byte	15
00000087 05              638 	.byte	5
00000088 00              639 	.byte	0
00000089 0308            640 	.byte	3,8
0000008b 3b0f            641 	.byte	59,15
0000008d 390f            642 	.byte	57,15
0000008f 3a0f            643 	.byte	58,15
00000091 4910            644 	.byte	73,16
00000093 4b0c            645 	.byte	75,12
00000095 020a            646 	.byte	2,10
00000097 0000            647 	.byte	0,0
                         648 

                                                                      Page 13
                                                              C:\Users\nhuliyap\AppData\Local\Temp\gh_000010c1.s
                         649 	.section	.debug_info
                         650 .LDW_16fa050:
0000015d 0f              651 	.byte	15
0000015e 696e70757400    652 	.strz	"input"
00000164 05              653 	.byte	5
00000165 2d              654 	.byte	45
00000166 01              655 	.byte	1
00000167 00000000*       656 	.word	.LDW_16f9eb0
0000016b 00              657 	.byte	0
0000016c 0157            658 	.byte	1,87
                         659 
                         660 .LDW_16fa0a8:
0000016e 0f              661 	.byte	15
0000016f 627566666572    662 	.strz	"buffer"
00000175 00 
00000176 05              663 	.byte	5
00000177 3b              664 	.byte	59
00000178 01              665 	.byte	1
00000179 00000000*       666 	.word	.LDW_16b7408
0000017d 00              667 	.byte	0
0000017e 0158            668 	.byte	1,88
                         669 
                         670 .LDW_16fa4f0:
00000180 1d              671 	.byte	29
00000181 00000000*       672 	.word	.LDW01
00000185 00000000*       673 	.word	.LDW11
                         674 
                         675 	.section	.debug_abbrev
00000099 1d              676 	.byte	29
0000009a 0b              677 	.byte	11
0000009b 01              678 	.byte	1
0000009c 1101            679 	.byte	17,1
0000009e 1201            680 	.byte	18,1
000000a0 0000            681 	.byte	0,0
                         682 
                         683 	.section	.debug_info
00000189 00              684 	.byte	0
                         685 
0000018a 00              686 	.byte	0
                         687 
                         688 .LDW_16fa158:
0000018b 14              689 	.byte	20
0000018c 46626c4d656d    690 	.strz	"FblMemGetInteger"
00000192 476574496e74 
00000198 6567657200 
0000019d 12              691 	.byte	18
0000019e 08              692 	.byte	8
0000019f 01              693 	.byte	1
000001a0 00000000*       694 	.word	.LDW_16f9eb0
000001a4 00000000*       695 	.word	_FblMemGetInteger
000001a8 00000000*       696 	.word	___ghs_eofn_FblMemGetInteger
000001ac 0153            697 	.byte	1,83
000001ae 02              698 	.byte	2
000001af 00              699 	.byte	0
000001b0 02              700 	.byte	2
000001b1 00              701 	.byte	0
000001b2 00              702 	.byte	0
000001b3 00              703 	.byte	0
000001b4 00              704 	.byte	0
000001b5 01              705 	.byte	1
000001b6 01              706 	.byte	1

                                                                      Page 14
                                                              C:\Users\nhuliyap\AppData\Local\Temp\gh_000010c1.s
000001b7 00              707 	.byte	0
000001b8 01              708 	.byte	1
                         709 
                         710 	.section	.debug_abbrev
000000a2 14              711 	.byte	20
000000a3 2e              712 	.byte	46
000000a4 01              713 	.byte	1
000000a5 0308            714 	.byte	3,8
000000a7 3b0f            715 	.byte	59,15
000000a9 390f            716 	.byte	57,15
000000ab 3a0f            717 	.byte	58,15
000000ad 4910            718 	.byte	73,16
000000af 1101            719 	.byte	17,1
000000b1 1201            720 	.byte	18,1
000000b3 400a            721 	.byte	64,10
000000b5 8341            722 	.byte	131,65
000000b7 0f              723 	.byte	15
000000b8 8741            724 	.byte	135,65
000000ba 0d              725 	.byte	13
000000bb 8541            726 	.byte	133,65
000000bd 0f              727 	.byte	15
000000be 8641            728 	.byte	134,65
000000c0 0d              729 	.byte	13
000000c1 9241            730 	.byte	146,65
000000c3 0f              731 	.byte	15
000000c4 3c0c            732 	.byte	60,12
000000c6 200b            733 	.byte	32,11
000000c8 3f0c            734 	.byte	63,12
000000ca 320b            735 	.byte	50,11
000000cc 4c0b            736 	.byte	76,11
000000ce 270c            737 	.byte	39,12
000000d0 0000            738 	.byte	0,0
                         739 
                         740 	.section	.debug_frame
                         741 .LDW_4d55778:
000000a8 00000000*       742 	.word	.LDW_unq_6-.LDW_unq_5
                         743 .LDW_unq_5:
000000ac 00000000*       744 	.word	.LDW_16fd2c0
000000b0 00000000*       745 	.word	_FblMemGetInteger
000000b4 00000000*       746 	.word	___ghs_eofn_FblMemGetInteger-_FblMemGetInteger
000000b8 01              747 	.byte	1
000000b9 00000000*       748 	.word	.LDW31
000000bd 00              749 	.byte	0
000000be 00              750 	.byte	0
000000bf 00              751 	.byte	0
                         752 .LDW_unq_6:
                         753 	.section	.debug_line
00000188 000502          754 	.byte	0,5,2
0000018b 00000000*       755 	.word	_FblMemGetInteger
0000018f 06              756 	.byte	6
00000190 03              757 	.byte	3
00000191 16              758 	.byte	22
00000192 02              759 	.byte	2
00000193 00              760 	.byte	0
00000194 01              761 	.byte	1
00000195 13              762 	.byte	19
00000196 14              763 	.byte	20
00000197 000502          764 	.byte	0,5,2
0000019a 00000000*       765 	.word	.LDWlin3
0000019e 03              766 	.byte	3
0000019f 05              767 	.byte	5

                                                                      Page 15
                                                              C:\Users\nhuliyap\AppData\Local\Temp\gh_000010c1.s
000001a0 02              768 	.byte	2
000001a1 00              769 	.byte	0
000001a2 01              770 	.byte	1
000001a3 03              771 	.byte	3
000001a4 7e              772 	.byte	126
000001a5 02              773 	.byte	2
000001a6 06              774 	.byte	6
000001a7 01              775 	.byte	1
000001a8 03              776 	.byte	3
000001a9 04              777 	.byte	4
000001aa 02              778 	.byte	2
000001ab 02              779 	.byte	2
000001ac 01              780 	.byte	1
000001ad 13              781 	.byte	19
000001ae 03              782 	.byte	3
000001af 78              783 	.byte	120
000001b0 02              784 	.byte	2
000001b1 04              785 	.byte	4
000001b2 01              786 	.byte	1
000001b3 000502          787 	.byte	0,5,2
000001b6 00000000*       788 	.word	.LDWlin4
000001ba 03              789 	.byte	3
000001bb 09              790 	.byte	9
000001bc 02              791 	.byte	2
000001bd 00              792 	.byte	0
000001be 01              793 	.byte	1
000001bf 0c              794 	.byte	12
000001c0 02              795 	.byte	2
000001c1 02              796 	.byte	2
000001c2 000101          797 	.byte	0,1,1
                         798 	.section	.debug_info
                         799 .LDW_16fa1f0:
000001b9 0f              800 	.byte	15
000001ba 636f756e7400    801 	.strz	"count"
000001c0 12              802 	.byte	18
000001c1 21              803 	.byte	33
000001c2 01              804 	.byte	1
000001c3 00000000*       805 	.word	.LDW_16f9eb0
000001c7 00              806 	.byte	0
000001c8 0156            807 	.byte	1,86
                         808 
                         809 .LDW_16fa248:
000001ca 0f              810 	.byte	15
000001cb 627566666572    811 	.strz	"buffer"
000001d1 00 
000001d2 12              812 	.byte	18
000001d3 35              813 	.byte	53
000001d4 01              814 	.byte	1
000001d5 00000000*       815 	.word	.LDW_16b7168
000001d9 00              816 	.byte	0
000001da 0157            817 	.byte	1,87
                         818 
                         819 .LDW_16fa580:
000001dc 1d              820 	.byte	29
000001dd 00000000*       821 	.word	.LDW21
000001e1 00000000*       822 	.word	.LDW31
                         823 
                         824 .LDW_16fa2a0:
000001e5 04              825 	.byte	4
000001e6 6f7574707574    826 	.strz	"output"
000001ec 00 

                                                                      Page 16
                                                              C:\Users\nhuliyap\AppData\Local\Temp\gh_000010c1.s
000001ed 14              827 	.byte	20
000001ee 0b              828 	.byte	11
000001ef 01              829 	.byte	1
000001f0 00000000*       830 	.word	.LDW_16f9eb0
000001f4 00              831 	.byte	0
000001f5 00              832 	.byte	0
000001f6 015a            833 	.byte	1,90
                         834 
                         835 	.section	.debug_abbrev
000000d2 04              836 	.byte	4
000000d3 34              837 	.byte	52
000000d4 00              838 	.byte	0
000000d5 0308            839 	.byte	3,8
000000d7 3b0f            840 	.byte	59,15
000000d9 390f            841 	.byte	57,15
000000db 3a0f            842 	.byte	58,15
000000dd 4910            843 	.byte	73,16
000000df 3f0c            844 	.byte	63,12
000000e1 3c0c            845 	.byte	60,12
000000e3 020a            846 	.byte	2,10
000000e5 0000            847 	.byte	0,0
                         848 
                         849 	.section	.debug_info
                         850 .LDW_16fa2f8:
000001f8 04              851 	.byte	4
000001f9 69647800        852 	.strz	"idx"
000001fd 15              853 	.byte	21
000001fe 0b              854 	.byte	11
000001ff 01              855 	.byte	1
00000200 00000000*       856 	.word	.LDW_16f9eb0
00000204 00              857 	.byte	0
00000205 00              858 	.byte	0
00000206 0159            859 	.byte	1,89
                         860 
00000208 00              861 	.byte	0
                         862 
00000209 00              863 	.byte	0
                         864 
0000020a 00              865 	.byte	0
                         866 
                         867 	.section	.debug_line
                         868 .Ldw_line_end:
                         869 	.section	.debug_macinfo
00000000 01              870 	.byte	1
00000001 00              871 	.byte	0
00000002 5f5f6768735f    872 	.strz	"__ghs__ 1"
00000008 5f203100 
0000000c 01              873 	.byte	1
0000000d 00              874 	.byte	0
0000000e 5f5f4c4c4f4e    875 	.strz	"__LLONG_BIT 64"
00000014 475f42495420 
0000001a 363400 
0000001d 03              876 	.byte	3
0000001e 00              877 	.byte	0
0000001f 01              878 	.byte	1
00000020 03              879 	.byte	3
00000021 03              880 	.byte	3
00000022 02              881 	.byte	2
00000023 03              882 	.byte	3
00000024 06              883 	.byte	6
00000025 03              884 	.byte	3

                                                                      Page 17
                                                              C:\Users\nhuliyap\AppData\Local\Temp\gh_000010c1.s
00000026 03              885 	.byte	3
00000027 07              886 	.byte	7
00000028 04              887 	.byte	4
00000029 03              888 	.byte	3
0000002a 1c              889 	.byte	28
0000002b 05              890 	.byte	5
0000002c 04              891 	.byte	4
0000002d 03              892 	.byte	3
0000002e 1d              893 	.byte	29
0000002f 06              894 	.byte	6
00000030 03              895 	.byte	3
00000031 1b              896 	.byte	27
00000032 07              897 	.byte	7
00000033 03              898 	.byte	3
00000034 54              899 	.byte	84
00000035 08              900 	.byte	8
00000036 04              901 	.byte	4
00000037 04              902 	.byte	4
00000038 04              903 	.byte	4
00000039 04              904 	.byte	4
0000003a 04              905 	.byte	4
0000003b 04              906 	.byte	4
0000003c 04              907 	.byte	4
0000003d 00              908 	.byte	0
                         909 	.section	.debug_abbrev
000000e7 00              910 	.byte	0
                         911 	.section	.debug_info
                         912 .Ldw_end:
                         913 .rh850_flags REGMODE32,DATA_ALIGN8,GP_FIX,EP_NONFIX,TP_FIX,REG2_RESERVE,G3K,GHS_MISALIGN,SDA_EXTRA_REGS_0
