                                                                      Page 1
                                                              C:\Users\nhuliyap\AppData\Local\Temp\gh_0000bj41.s
Command Line: C:\ghs\comp_201517\ease850.exe -w -elf -b0 -I../source/common -I../source/ProjectCompiler -I../source/ProjectCfg -I../source/SwcApplTpms -I../source/SwcApplTpms/Intface -I../source/SwcApplEcuM -I../source/SwcServiceEcuM -I../source/SwcServiceNvM -I../source/SwcServiceOs -I../source/SwcServiceStartUp -I../source/McalAdc -I../source/McalDio -I../source/McalGpt -I../source/McalMcu -I../source/McalWdg -I../source/wrappers -I../source/wrappers/McalAta -I../source/McalLin -I../source/McalCan -I../source/wrappers/OS -I../source/McalFls -I../source/EcuabFee -I../source/EcuabMemIf -I../source/wrappers/VStdLib -I../source/wrappers/Crc -I../source/wrappers/FBL_APPL -I../source/wrappers/CAN_MANAGER -I../source/wrappers/NVM_MANAGER -I../source/wrappers/DEM_MANAGER -I../source/wrappers/RDC_MANAGER -I../source/wrappers/ENV_MANAGER -I../source/wrappers/SYS_MANAGER -I../source/wrappers/EcuabCanIf -I../source/wrappers/SwcServiceCanSM -I../source/wrappers/SwcServiceCanTp -I../source/wrappers/SwcServiceCanTp_PreCompile -I../source/wrappers/SwcServiceCom -I../source/wrappers/SwcServiceComM -I../source/wrappers/SwcServiceComStack -I../source/wrappers/SwcServiceDcm -I../source/wrappers/SwcServicePduR -I../source/wrappers/SwcServiceEcuM -I../source/wrappers/Bfx -I../source/wrappers/SwcServiceDem -I../source/SwcServiceDet -I../source/SwcServiceFiM -I../source/wrappers/LibAutosarDiag -I../source/wrappers/rba_BswSrv -I../source/SwcServiceSchM -I../source/wrappers/SwcServiceComM/Integration -I../source/wrappers/SwcServicePduR/Integration -I../source/wrappers/EcuabCanIf/Integration -I../source/wrappers/SwcServiceCom/Integration -I../source/wrappers/SwcServiceCanTp/Integration -I../source/wrappers/SwcServiceEcuM/Integration -I../source/SwcServiceDet/Integration -I../source/wrappers/SwcServiceDcm/Integration -I../source/wrappers/SwcServiceDem/Integration -I../source/SwcServiceFiM/Integration -I../source/wrappers/EcuabCanIf/api -I../source/wrappers/SwcServiceCom/api -I../source/wrappers/SwcServiceComM/api -I../source/wrappers/SwcServicePduR/api -I../source/wrappers/Bfx/api -I../source/SwcServiceDet/api -I../source/SwcServiceFiM/api -I../source/wrappers/LibAutosarDiag/api -I../source/wrappers/rba_BswSrv/api -IC:\ghs\comp_201517\lib\rh850 -cg_underscore -cpu=rh850g3k -no_v850_simd -rh850_fpsimd=none -nomacro -patch_dbo=C:\_ECU2\ECU_Rivian_A1\Target\repo_projects\pRealEcu\cL_LATEST\make\output\objects\rba_BswSrv_MemCompare.dbo -source=rba_BswSrv_MemCompare.c -o output\objects\gh_0000bj41.o -list=output\list\rba_BswSrv_MemCompare.lst C:\Users\nhuliyap\AppData\Local\Temp\gh_0000bj41.s 
Original File: C:\Users\nhuliyap\AppData\Local\Temp\gh_0000bj41.s
Source File: rba_BswSrv_MemCompare.c
Directory: C:\_ECU2\ECU_Rivian_A1\Target\repo_projects\pRealEcu\cL_LATEST\make
Host OS: Windows
EASE: Copyright (C) 1983-2015 Green Hills Software.  All Rights Reserved.
Release: Compiler v2015.1.7
Build Directory: [Directory] BTOWORKER6:c:/build_2015_1_bto/2015-10-21.2100-2015_1_bto/win32-comp-ecom
Revision: [VCInfo] http://toolsvc/branches/release-branch-70-bto/src@544153 (built by build)
Revision Date: Thu Oct 22 07:50:13 2015

Release Date: Thu Oct 22 09:32:32 2015

                           1 --Driver Command: ccv850 ../source/wrappers/rba_BswSrv/rba_BswSrv_MemCompare.c
                           2 --		-cpu=rh850 -fhard -ignore_callt_state_in_interrupts -large_sda
                           3 --		-misalign_pack -nofarcalls -nofloatio -no_callt -Ogeneral
                           4 --		-Onounroll -prepare_dispose -registermode=32 -reserve_r2 -sda=0
                           5 --		-shorten_loads -Wshadow --brief_diagnostics --no_commons
                           6 --		--no_wrap_diagnostics --prototype_errors --short_enum -list -G
                           7 --		-dual_debug -dwarf -X5523 -lnk=-no_xda_modifications -D
                           8 --		NOT_READY_FOR_TESTING_OR_DEPLOYMENT -D IBTCM_SW_ANPASSUNGEN -D
                           9 --		BUILD_LORDSTOWN -c -inline_prologue -I../source/common
                          10 --		-I../source/ProjectCompiler -I../source/ProjectCfg
                          11 --		-I../source/SwcApplTpms -I../source/SwcApplTpms/Intface
                          12 --		-I../source/SwcApplEcuM -I../source/SwcServiceEcuM
                          13 --		-I../source/SwcServiceNvM -I../source/SwcServiceOs
                          14 --		-I../source/SwcServiceStartUp -I../source/McalAdc
                          15 --		-I../source/McalDio -I../source/McalGpt -I../source/McalMcu
                          16 --		-I../source/McalWdg -I../source/wrappers
                          17 --		-I../source/wrappers/McalAta -I../source/McalLin
                          18 --		-I../source/McalCan -I../source/wrappers/OS -I../source/McalFls
                          19 --		-I../source/EcuabFee -I../source/EcuabMemIf
                          20 --		-I../source/wrappers/VStdLib -I../source/wrappers
                          21 --		-I../source/wrappers/Crc -I../source/wrappers/FBL_APPL
                          22 --		-I../source/wrappers/CAN_MANAGER -I../source/wrappers/NVM_MANAGER
                          23 --		-I../source/wrappers/DEM_MANAGER -I../source/wrappers/RDC_MANAGER
                          24 --		-I../source/wrappers/ENV_MANAGER -I../source/wrappers/SYS_MANAGER
                          25 --		-I../source/wrappers/EcuabCanIf
                          26 --		-I../source/wrappers/SwcServiceCanSM
                          27 --		-I../source/wrappers/SwcServiceCanTp
                          28 --		-I../source/wrappers/SwcServiceCanTp_PreCompile
                          29 --		-I../source/wrappers/SwcServiceCom
                          30 --		-I../source/wrappers/SwcServiceComM
                          31 --		-I../source/wrappers/SwcServiceComStack
                          32 --		-I../source/wrappers/SwcServiceDcm
                          33 --		-I../source/wrappers/SwcServicePduR
                          34 --		-I../source/wrappers/SwcServiceEcuM -I../source/wrappers/Bfx
                          35 --		-I../source/wrappers/SwcServiceDem -I../source/SwcServiceDet
                          36 --		-I../source/SwcServiceFiM -I../source/wrappers/LibAutosarDiag
                          37 --		-I../source/wrappers/rba_BswSrv -I../source/SwcServiceSchM
                          38 --		-I../source/wrappers/SwcServiceComM/Integration
                          39 --		-I../source/wrappers/SwcServicePduR/Integration
                          40 --		-I../source/wrappers/EcuabCanIf/Integration
                          41 --		-I../source/wrappers/SwcServiceCom/Integration
                          42 --		-I../source/wrappers/SwcServiceCanTp/Integration
                          43 --		-I../source/wrappers/SwcServiceEcuM/Integration
                          44 --		-I../source/SwcServiceDet/Integration
                          45 --		-I../source/wrappers/SwcServiceDcm/Integration
                          46 --		-I../source/wrappers/SwcServiceDem/Integration
                          47 --		-I../source/SwcServiceFiM/Integration
                          48 --		-I../source/wrappers/EcuabCanIf/api
                          49 --		-I../source/wrappers/SwcServiceCom/api
                          50 --		-I../source/wrappers/SwcServiceComM/api

                                                                      Page 2
                                                              C:\Users\nhuliyap\AppData\Local\Temp\gh_0000bj41.s
                          51 --		-I../source/wrappers/SwcServicePduR/api
                          52 --		-I../source/wrappers/Bfx/api -I../source/SwcServiceDet/api
                          53 --		-I../source/SwcServiceFiM/api
                          54 --		-I../source/wrappers/LibAutosarDiag/api
                          55 --		-I../source/wrappers/rba_BswSrv/api -object_dir=output/objects
                          56 --		-list_dir=output/list
                          57 --Source File:   ../source/wrappers/rba_BswSrv/rba_BswSrv_MemCompare.c
                          58 --Directory:     
                          59 --		C:\_ECU2\ECU_Rivian_A1\Target\repo_projects\pRealEcu\cL_LATEST\make
                          60 --Compile Date:  Wed Sep 06 09:44:45 2023
                          61 --Host OS:       Win32
                          62 --Version:       C-RH850 2015.1.7 RELEASE VERSION
                          63 --Release:       Compiler v2015.1.7
                          64 --Revision Date: Thu Oct 22 08:06:12 2015
                          65 --Release Date:  Thu Oct 22 09:34:32 2015
                          66 -- ecom  -g -w -OM
                          67 	.text
                          68 ..bof.C.3A.5C_ECU2.5CECU_Rivian_A1.5CTarget.5Crepo_projects.5CpRealEcu.5CcL_LATEST.5Cmake.5Coutput.5Cobjects.5Crba_BswSrv_MemCompare...43.3A.5C_ECU2.5CECU_Rivian_A1.5CTarget.5Crepo_projects.5CpRealEcu.5CcL_LATEST.5Cmake..64F82DED..0::
                          69 	.align	2
                          70 ..gh.f.f.1.e.0:
                          71 	.type	..gh.f.f.1.e.0,@object
                          72 	.size	..gh.f.f.1.e.0,0
                          73 	.global	_rba_BswSrv_MemCompare
                          74 _rba_BswSrv_MemCompare:
00000000 541a             75 	add	-12,sp
                          76 --	    .bf
                          77 .LDW01:
00000002 07f0             78 	mov	r7,ep
00000004 6442             79 	cmp	4,r8
00000006 c11d*            80 	bl	.L4
00000008 0639             81 	or	r6,r7
0000000a c7060300         82 	andi	3,r7,zero
0000000e 8a1d*            83 	bne	.L4
                          84 --line23
                          85 ..lin.C.3A.5C_ECU2.5CECU_Rivian_A1.5CTarget.5Crepo_projects.5CpRealEcu.5CcL_LATEST.5Cmake.5Coutput.5Cobjects.5Crba_BswSrv_MemCompare.1::
                          86 .LDWlin1:
00000010 0890             87 	mov	r8,r18
00000012 8292             88 	shr	2,r18
00000014 c8460300         89 	andi	3,r8,r8
                          90 .L9:
00000018 268f0100         91 	ld.w	0[r6],r17
0000001c 0085             92 	sld.w	0[ep],r16
0000001e f089             93 	cmp	r16,r17
00000020 b20d*            94 	be	.L10
                          95 --line30
                          96 ..lin.C.3A.5C_ECU2.5CECU_Rivian_A1.5CTarget.5Crepo_projects.5CpRealEcu.5CcL_LATEST.5Cmake.5Coutput.5Cobjects.5Crba_BswSrv_MemCompare.2::
                          97 .LDWlin2:
00000022 638f0100         98 	st.w	r17,0[sp]
00000026 007d             99 	sld.w	0[ep],r15
00000028 0442            100 	mov	4,r8
0000002a 0330            101 	mov	sp,r6
0000002c 23f60400        102 	movea	4,sp,ep
00000030 637f0500        103 	st.w	r15,4[sp]
00000034 d505*           104 	br	.L4
                         105 .L10:
                         106 --line36
                         107 ..lin.C.3A.5C_ECU2.5CECU_Rivian_A1.5CTarget.5Crepo_projects.5CpRealEcu.5CcL_LATEST.5Cmake.5Coutput.5Cobjects.5Crba_BswSrv_MemCompare.3::
                         108 .LDWlin3:
00000036 4432            109 	add	4,r6
00000038 44f2            110 	add	4,ep
0000003a f2062300*       111 	loop	r18,.L9

                                                                      Page 3
                                                              C:\Users\nhuliyap\AppData\Local\Temp\gh_0000bj41.s
                         112 .L4:
                         113 --line45
                         114 ..lin.C.3A.5C_ECU2.5CECU_Rivian_A1.5CTarget.5Crepo_projects.5CpRealEcu.5CcL_LATEST.5Cmake.5Coutput.5Cobjects.5Crba_BswSrv_MemCompare.4::
                         115 .LDWlin4:
0000003e 6242            116 	cmp	2,r8
00000040 811d*           117 	bl	.L14
00000042 1e90            118 	mov	ep,r18
00000044 0691            119 	or	r6,r18
00000046 8192            120 	shr	1,r18
00000048 c115*           121 	bl	.L14
                         122 --line47
                         123 ..lin.C.3A.5C_ECU2.5CECU_Rivian_A1.5CTarget.5Crepo_projects.5CpRealEcu.5CcL_LATEST.5Cmake.5Coutput.5Cobjects.5Crba_BswSrv_MemCompare.5::
                         124 .LDWlin5:
0000004a 0890            125 	mov	r8,r18
0000004c 8192            126 	shr	1,r18
0000004e c8460100        127 	andi	1,r8,r8
                         128 .L19:
00000052 e6870100        129 	ld.hu	0[r6],r16
00000056 7068            130 	sld.hu	0[ep],r13
00000058 ed81            131 	cmp	r13,r16
0000005a d20d*           132 	be	.L20
                         133 --line54
                         134 ..lin.C.3A.5C_ECU2.5CECU_Rivian_A1.5CTarget.5Crepo_projects.5CpRealEcu.5CcL_LATEST.5Cmake.5Coutput.5Cobjects.5Crba_BswSrv_MemCompare.6::
                         135 .LDWlin6:
0000005c 63870800        136 	st.h	r16,8[sp]
00000060 7060            137 	sld.hu	0[ep],r12
00000062 0242            138 	mov	2,r8
00000064 23360800        139 	movea	8,sp,r6
00000068 23f60a00        140 	movea	10,sp,ep
0000006c 63670a00        141 	st.h	r12,10[sp]
                         142 .L14:
00000070 0092            143 	mov	0,r18
00000072 9515*           144 	br	.L27
                         145 .L20:
                         146 --line60
                         147 ..lin.C.3A.5C_ECU2.5CECU_Rivian_A1.5CTarget.5Crepo_projects.5CpRealEcu.5CcL_LATEST.5Cmake.5Coutput.5Cobjects.5Crba_BswSrv_MemCompare.7::
                         148 .LDWlin7:
00000074 4232            149 	add	2,r6
00000076 42f2            150 	add	2,ep
00000078 5f92            151 	add	-1,r18
0000007a caed*           152 	bne	.L19
0000007c 0092            153 	mov	0,r18
0000007e b50d*           154 	br	.L27
                         155 .L26:
                         156 --line71
                         157 ..lin.C.3A.5C_ECU2.5CECU_Rivian_A1.5CTarget.5Crepo_projects.5CpRealEcu.5CcL_LATEST.5Cmake.5Coutput.5Cobjects.5Crba_BswSrv_MemCompare.8::
                         158 .LDWlin8:
00000080 86570100        159 	ld.bu	0[r6],r10
00000084 6078            160 	sld.bu	0[ep],r15
00000086 ef51            161 	cmp	r15,r10
00000088 b205*           162 	be	.L28
                         163 --line73
                         164 ..lin.C.3A.5C_ECU2.5CECU_Rivian_A1.5CTarget.5Crepo_projects.5CpRealEcu.5CcL_LATEST.5Cmake.5Coutput.5Cobjects.5Crba_BswSrv_MemCompare.9::
                         165 .LDWlin9:
0000008a af51            166 	sub	r15,r10
0000008c f505*           167 	br	.L2
                         168 .L28:
                         169 --line75
                         170 ..lin.C.3A.5C_ECU2.5CECU_Rivian_A1.5CTarget.5Crepo_projects.5CpRealEcu.5CcL_LATEST.5Cmake.5Coutput.5Cobjects.5Crba_BswSrv_MemCompare.10::
                         171 .LDWlin10:
0000008e 4132            172 	add	1,r6

                                                                      Page 4
                                                              C:\Users\nhuliyap\AppData\Local\Temp\gh_0000bj41.s
00000090 41f2            173 	add	1,ep
00000092 4192            174 	add	1,r18
                         175 .L27:
00000094 e891            176 	cmp	r8,r18
00000096 0052            177 	mov	0,r10
00000098 c1f5*           178 	bl	.L26
                         179 .L2:
                         180 --	    .ef
                         181 .LDW11:
                         182 --line75
                         183 ..lin.C.3A.5C_ECU2.5CECU_Rivian_A1.5CTarget.5Crepo_projects.5CpRealEcu.5CcL_LATEST.5Cmake.5Coutput.5Cobjects.5Crba_BswSrv_MemCompare.11::
                         184 .LDWlin11:
0000009a 4c1a            185 	add	12,sp
0000009c 7f00            186 	jmp	[lp]
                         187 	.global	___ghs_eofn_rba_BswSrv_MemCompare
                         188 ___ghs_eofn_rba_BswSrv_MemCompare:
                         189 	.type	_rba_BswSrv_MemCompare,@function
                         190 	.size	_rba_BswSrv_MemCompare,.-_rba_BswSrv_MemCompare
                         191 	.align	2
                         192 --_xSrc1_pcu32	r6	local
                         193 --_xSrc2_pcu32	ep	local
                         194 --_xSrc1_pcu16	r6	local
                         195 --_xSrc2_pcu16	ep	local
                         196 --_xSrc1_pcu8	r6	local
                         197 --_xSrc2_pcu8	ep	local
                         198 --_ctLoop_u32	r18	local
                         199 --_xTemp1_u32	0[sp]	local
                         200 --_xTemp2_u32	4[sp]	local
                         201 --_xTemp1_u16	8[sp]	local
                         202 --_xTemp2_u16	10[sp]	local
                         203 
                         204 --_xSrc1_pcv	r6	param
                         205 --_xSrc2_pcv	r7	param
                         206 --_numBytes_u32	r8	param
                         207 
                         208 	.section ".bss","awb"
                         209 .L1310:
                         210 	.type	.L1310,@object
                         211 	.size	.L1310,0
                         212 	.data
                         213 	.text
                         214 	.align	2
                         215 
                         216 	.data
                         217 	.ghsnote version,17
                         218 	.ghsnote tools,3
                         219 	.ghsnote options,144
                         220 	.text
                         221 	.align	2
                         222 ..eof.C.3A.5C_ECU2.5CECU_Rivian_A1.5CTarget.5Crepo_projects.5CpRealEcu.5CcL_LATEST.5Cmake.5Coutput.5Cobjects.5Crba_BswSrv_MemCompare...43.3A.5C_ECU2.5CECU_Rivian_A1.5CTarget.5Crepo_projects.5CpRealEcu.5CcL_LATEST.5Cmake..64F82DED..0::
                         223 	.section	.debug_info
                         224 .Ldw_begin:
00000000 ef020000        225 	.word	.Ldw_end-.Ldw_begin-4
00000004 0200            226 	.byte	2,0
00000006 00000000*       227 	.word	.Ldw_abbr_begin
0000000a 04              228 	.byte	4
                         229 	.section	.debug_abbrev
                         230 .Ldw_abbr_begin:
                         231 	.section	.debug_info
0000000b 01              232 	.byte	1
0000000c 00000000*       233 	.word	..bof.C.3A.5C_ECU2.5CECU_Rivian_A1.5CTarget.5Crepo_projects.5CpRealEcu.5CcL_LATEST.5Cmake.5Coutput.5Cobjects.5Crba_BswSrv_MemCompare...43.3A.5C_ECU2.5CECU_Rivian_A1.5CTarget.5Crepo_projects.5CpRealEcu.5CcL_LATEST.5Cmake..64F82DED..0

                                                                      Page 5
                                                              C:\Users\nhuliyap\AppData\Local\Temp\gh_0000bj41.s
00000010 00000000*       234 	.word	..eof.C.3A.5C_ECU2.5CECU_Rivian_A1.5CTarget.5Crepo_projects.5CpRealEcu.5CcL_LATEST.5Cmake.5Coutput.5Cobjects.5Crba_BswSrv_MemCompare...43.3A.5C_ECU2.5CECU_Rivian_A1.5CTarget.5Crepo_projects.5CpRealEcu.5CcL_LATEST.5Cmake..64F82DED..0
00000014 2e2e2f736f75    235 	.strz	"../source/wrappers/rba_BswSrv/rba_BswSrv_MemCompare.c"
0000001a 7263652f7772 
00000020 617070657273 
00000026 2f7262615f42 
0000002c 73775372762f 
00000032 7262615f4273 
00000038 775372765f4d 
0000003e 656d436f6d70 
00000044 6172652e6300 
0000004a 433a5c5f4543    236 	.strz	"C:\\_ECU2\\ECU_Rivian_A1\\Target\\repo_projects\\pRealEcu\\cL_LATEST\\make"
00000050 55325c454355 
00000056 5f5269766961 
0000005c 6e5f41315c54 
00000062 61726765745c 
00000068 7265706f5f70 
0000006e 726f6a656374 
00000074 735c70526561 
0000007a 6c4563755c63 
00000080 4c5f4c415445 
00000086 53545c6d616b 
0000008c 6500 
0000008e 474853204320    237 	.strz	"GHS C 2015.1.7 [dual]"
00000094 323031352e31 
0000009a 2e37205b6475 
000000a0 616c5d00 
000000a4 0100            238 	.byte	1,0
000000a6 00000000*       239 	.word	.Ldw_line_begin
000000aa 00000000*       240 	.word	.Ldw_macinfo_begin
000000ae 00              241 	.byte	0
                         242 
                         243 	.section	.debug_abbrev
00000000 01              244 	.byte	1
00000001 11              245 	.byte	17
00000002 01              246 	.byte	1
00000003 1101            247 	.byte	17,1
00000005 1201            248 	.byte	18,1
00000007 0308            249 	.byte	3,8
00000009 1b08            250 	.byte	27,8
0000000b 2508            251 	.byte	37,8
0000000d 1305            252 	.byte	19,5
0000000f 1006            253 	.byte	16,6
00000011 4306            254 	.byte	67,6
00000013 420b            255 	.byte	66,11
00000015 0000            256 	.byte	0,0
                         257 
                         258 	.section	.debug_line
                         259 .Ldw_line_begin:
00000000 ab020000        260 	.word	.Ldw_line_end-.Ldw_line_begin-4
00000004 0200            261 	.byte	2,0
00000006 00000000*       262 	.word	.Ldw_lpro_end-.Ldw_lpro_begin
                         263 .Ldw_lpro_begin:
0000000a 01              264 	.byte	1
0000000b 00              265 	.byte	0
0000000c 00              266 	.byte	0
0000000d 04              267 	.byte	4
0000000e 0a              268 	.byte	10
0000000f 000101          269 	.byte	0,1,1
00000012 010100          270 	.byte	1,1,0
00000015 000001          271 	.byte	0,0,1
00000018 00              272 	.byte	0

                                                                      Page 6
                                                              C:\Users\nhuliyap\AppData\Local\Temp\gh_0000bj41.s
00000019 2e2e2f736f75    273 	.strz	"../source/wrappers/rba_BswSrv/rba_BswSrv_MemCompare.c"
0000001f 7263652f7772 
00000025 617070657273 
0000002b 2f7262615f42 
00000031 73775372762f 
00000037 7262615f4273 
0000003d 775372765f4d 
00000043 656d436f6d70 
00000049 6172652e6300 
0000004f 000000          274 	.byte	0,0,0
00000052 2e2e2f736f75    275 	.strz	"../source/wrappers/rba_BswSrv/api/rba_BswSrv.hpp"
00000058 7263652f7772 
0000005e 617070657273 
00000064 2f7262615f42 
0000006a 73775372762f 
00000070 6170692f7262 
00000076 615f42737753 
0000007c 72762e687070 
00000082 00 
00000083 000000          276 	.byte	0,0,0
00000086 2e2e2f736f75    277 	.strz	"../source/common/Std_Types.hpp"
0000008c 7263652f636f 
00000092 6d6d6f6e2f53 
00000098 74645f547970 
0000009e 65732e687070 
000000a4 00 
000000a5 000000          278 	.byte	0,0,0
000000a8 2e2e2f736f75    279 	.strz	"../source/common/Platform_Types.hpp"
000000ae 7263652f636f 
000000b4 6d6d6f6e2f50 
000000ba 6c6174666f72 
000000c0 6d5f54797065 
000000c6 732e68707000 
000000cc 000000          280 	.byte	0,0,0
000000cf 2e2e2f736f75    281 	.strz	"../source/common/Compiler.hpp"
000000d5 7263652f636f 
000000db 6d6d6f6e2f43 
000000e1 6f6d70696c65 
000000e7 722e68707000 
000000ed 000000          282 	.byte	0,0,0
000000f0 2e2e2f736f75    283 	.strz	"../source/ProjectCompiler/Compiler_Cfg.hpp"
000000f6 7263652f5072 
000000fc 6f6a65637443 
00000102 6f6d70696c65 
00000108 722f436f6d70 
0000010e 696c65725f43 
00000114 66672e687070 
0000011a 00 
0000011b 000000          284 	.byte	0,0,0
0000011e 2e2e2f736f75    285 	.strz	"../source/ProjectCompiler/CompilerCfg_SwcServiceOs.hpp"
00000124 7263652f5072 
0000012a 6f6a65637443 
00000130 6f6d70696c65 
00000136 722f436f6d70 
0000013c 696c65724366 
00000142 675f53776353 
00000148 657276696365 
0000014e 4f732e687070 
00000154 00 
00000155 000000          286 	.byte	0,0,0
00000158 2e2e2f736f75    287 	.strz	"../source/ProjectCompiler/rba_BswSrv_MemMap.hpp"

                                                                      Page 7
                                                              C:\Users\nhuliyap\AppData\Local\Temp\gh_0000bj41.s
0000015e 7263652f5072 
00000164 6f6a65637443 
0000016a 6f6d70696c65 
00000170 722f7262615f 
00000176 427377537276 
0000017c 5f4d656d4d61 
00000182 702e68707000 
00000188 000000          288 	.byte	0,0,0
0000018b 2e2e2f736f75    289 	.strz	"../source/ProjectCompiler/Bsw_MemMap.hpp"
00000191 7263652f5072 
00000197 6f6a65637443 
0000019d 6f6d70696c65 
000001a3 722f4273775f 
000001a9 4d656d4d6170 
000001af 2e68707000 
000001b4 000000          290 	.byte	0,0,0
000001b7 2e2e2f736f75    291 	.strz	"../source/ProjectCompiler/MemMap_Common.hpp"
000001bd 7263652f5072 
000001c3 6f6a65637443 
000001c9 6f6d70696c65 
000001cf 722f4d656d4d 
000001d5 61705f436f6d 
000001db 6d6f6e2e6870 
000001e1 7000 
000001e3 000000          292 	.byte	0,0,0
000001e6 00              293 	.byte	0
                         294 .Ldw_lpro_end:
                         295 	.section	.debug_macinfo
                         296 .Ldw_macinfo_begin:
                         297 	.section	.debug_frame
                         298 .LDW_404b4c8:
00000000 00000000*       299 	.word	.LDW_unq_2-.LDW_unq_1
                         300 .LDW_unq_1:
00000004 ffffffff        301 	.byte	255,255,255,255
00000008 01              302 	.byte	1
00000009 00              303 	.byte	0
0000000a 01              304 	.byte	1
0000000b 01              305 	.byte	1
0000000c 1f              306 	.byte	31
0000000d 0c              307 	.byte	12
0000000e 03              308 	.byte	3
0000000f 00              309 	.byte	0
00000010 07              310 	.byte	7
00000011 00              311 	.byte	0
00000012 07              312 	.byte	7
00000013 01              313 	.byte	1
00000014 07              314 	.byte	7
00000015 02              315 	.byte	2
00000016 07              316 	.byte	7
00000017 03              317 	.byte	3
00000018 07              318 	.byte	7
00000019 04              319 	.byte	4
0000001a 07              320 	.byte	7
0000001b 05              321 	.byte	5
0000001c 07              322 	.byte	7
0000001d 06              323 	.byte	6
0000001e 07              324 	.byte	7
0000001f 07              325 	.byte	7
00000020 07              326 	.byte	7
00000021 08              327 	.byte	8
00000022 07              328 	.byte	7

                                                                      Page 8
                                                              C:\Users\nhuliyap\AppData\Local\Temp\gh_0000bj41.s
00000023 09              329 	.byte	9
00000024 07              330 	.byte	7
00000025 0a              331 	.byte	10
00000026 07              332 	.byte	7
00000027 0b              333 	.byte	11
00000028 07              334 	.byte	7
00000029 0c              335 	.byte	12
0000002a 07              336 	.byte	7
0000002b 0d              337 	.byte	13
0000002c 07              338 	.byte	7
0000002d 0e              339 	.byte	14
0000002e 07              340 	.byte	7
0000002f 0f              341 	.byte	15
00000030 07              342 	.byte	7
00000031 10              343 	.byte	16
00000032 07              344 	.byte	7
00000033 11              345 	.byte	17
00000034 07              346 	.byte	7
00000035 12              347 	.byte	18
00000036 07              348 	.byte	7
00000037 13              349 	.byte	19
00000038 08              350 	.byte	8
00000039 14              351 	.byte	20
0000003a 08              352 	.byte	8
0000003b 15              353 	.byte	21
0000003c 08              354 	.byte	8
0000003d 16              355 	.byte	22
0000003e 08              356 	.byte	8
0000003f 17              357 	.byte	23
00000040 08              358 	.byte	8
00000041 18              359 	.byte	24
00000042 08              360 	.byte	8
00000043 19              361 	.byte	25
00000044 08              362 	.byte	8
00000045 1a              363 	.byte	26
00000046 08              364 	.byte	8
00000047 1b              365 	.byte	27
00000048 08              366 	.byte	8
00000049 1c              367 	.byte	28
0000004a 08              368 	.byte	8
0000004b 1d              369 	.byte	29
0000004c 07              370 	.byte	7
0000004d 1e              371 	.byte	30
0000004e 08              372 	.byte	8
0000004f 1f              373 	.byte	31
00000050 07              374 	.byte	7
00000051 20              375 	.byte	32
00000052 07              376 	.byte	7
00000053 21              377 	.byte	33
00000054 07              378 	.byte	7
00000055 22              379 	.byte	34
00000056 07              380 	.byte	7
00000057 23              381 	.byte	35
00000058 07              382 	.byte	7
00000059 24              383 	.byte	36
0000005a 07              384 	.byte	7
0000005b 25              385 	.byte	37
0000005c 07              386 	.byte	7
0000005d 26              387 	.byte	38
0000005e 07              388 	.byte	7
0000005f 27              389 	.byte	39

                                                                      Page 9
                                                              C:\Users\nhuliyap\AppData\Local\Temp\gh_0000bj41.s
00000060 07              390 	.byte	7
00000061 28              391 	.byte	40
00000062 07              392 	.byte	7
00000063 29              393 	.byte	41
00000064 07              394 	.byte	7
00000065 2a              395 	.byte	42
00000066 07              396 	.byte	7
00000067 2b              397 	.byte	43
00000068 07              398 	.byte	7
00000069 2c              399 	.byte	44
0000006a 07              400 	.byte	7
0000006b 2d              401 	.byte	45
0000006c 07              402 	.byte	7
0000006d 2e              403 	.byte	46
0000006e 07              404 	.byte	7
0000006f 2f              405 	.byte	47
00000070 07              406 	.byte	7
00000071 30              407 	.byte	48
00000072 07              408 	.byte	7
00000073 31              409 	.byte	49
00000074 07              410 	.byte	7
00000075 32              411 	.byte	50
00000076 07              412 	.byte	7
00000077 33              413 	.byte	51
00000078 07              414 	.byte	7
00000079 34              415 	.byte	52
0000007a 07              416 	.byte	7
0000007b 35              417 	.byte	53
0000007c 07              418 	.byte	7
0000007d 36              419 	.byte	54
0000007e 07              420 	.byte	7
0000007f 37              421 	.byte	55
00000080 07              422 	.byte	7
00000081 38              423 	.byte	56
00000082 07              424 	.byte	7
00000083 39              425 	.byte	57
00000084 07              426 	.byte	7
00000085 3a              427 	.byte	58
00000086 07              428 	.byte	7
00000087 3b              429 	.byte	59
00000088 07              430 	.byte	7
00000089 3c              431 	.byte	60
0000008a 07              432 	.byte	7
0000008b 3d              433 	.byte	61
0000008c 07              434 	.byte	7
0000008d 3e              435 	.byte	62
0000008e 07              436 	.byte	7
0000008f 3f              437 	.byte	63
                         438 .LDW_unq_2:
                         439 	.section	.debug_info
                         440 .LDW_40071c0:
000000af 25              441 	.byte	37
000000b0 756e7369676e    442 	.strz	"unsigned long"
000000b6 6564206c6f6e 
000000bc 6700 
000000be 07              443 	.byte	7
000000bf 04              444 	.byte	4
                         445 
                         446 	.section	.debug_abbrev
00000017 25              447 	.byte	37
00000018 24              448 	.byte	36

                                                                      Page 10
                                                              C:\Users\nhuliyap\AppData\Local\Temp\gh_0000bj41.s
00000019 00              449 	.byte	0
0000001a 0308            450 	.byte	3,8
0000001c 3e0b            451 	.byte	62,11
0000001e 0b0b            452 	.byte	11,11
00000020 0000            453 	.byte	0,0
                         454 
                         455 	.section	.debug_info
                         456 .LDW_40072d8:
000000c0 25              457 	.byte	37
000000c1 756e7369676e    458 	.strz	"unsigned short"
000000c7 65642073686f 
000000cd 727400 
000000d0 07              459 	.byte	7
000000d1 02              460 	.byte	2
                         461 
                         462 .LDW_4006eb0:
000000d2 2f              463 	.byte	47
000000d3 00000000*       464 	.word	.LDW_4b0a610
                         465 
                         466 	.section	.debug_abbrev
00000022 2f              467 	.byte	47
00000023 0f              468 	.byte	15
00000024 00              469 	.byte	0
00000025 4910            470 	.byte	73,16
00000027 0000            471 	.byte	0,0
                         472 
                         473 	.section	.debug_info
                         474 .LDW_401b778:
000000d7 29              475 	.byte	41
000000d8 00000000*       476 	.word	.LDW_4b0a610
                         477 
                         478 	.section	.debug_abbrev
00000029 29              479 	.byte	41
0000002a 26              480 	.byte	38
0000002b 00              481 	.byte	0
0000002c 4910            482 	.byte	73,16
0000002e 0000            483 	.byte	0,0
                         484 
                         485 	.section	.debug_info
                         486 .LDW_4006ee8:
000000dc 2f              487 	.byte	47
000000dd 00000000*       488 	.word	.LDW_401b778
                         489 
                         490 .LDW_4006e40:
000000e1 2f              491 	.byte	47
000000e2 00000000*       492 	.word	.LDW_4b0a7b0
                         493 
                         494 .LDW_4b309c8:
000000e6 29              495 	.byte	41
000000e7 00000000*       496 	.word	.LDW_4b0a7b0
                         497 
                         498 .LDW_4007118:
000000eb 2f              499 	.byte	47
000000ec 00000000*       500 	.word	.LDW_4b309c8
                         501 
                         502 .LDW_4006f58:
000000f0 25              503 	.byte	37
000000f1 756e7369676e    504 	.strz	"unsigned char"
000000f7 656420636861 
000000fd 7200 
000000ff 08              505 	.byte	8

                                                                      Page 11
                                                              C:\Users\nhuliyap\AppData\Local\Temp\gh_0000bj41.s
00000100 01              506 	.byte	1
                         507 
                         508 .LDW_4b30970:
00000101 29              509 	.byte	41
00000102 00000000*       510 	.word	.LDW_4b307b8
                         511 
                         512 .LDW_40070e0:
00000106 2f              513 	.byte	47
00000107 00000000*       514 	.word	.LDW_4b30970
                         515 
                         516 .LDW_4b310f8:
0000010b 25              517 	.byte	37
0000010c 6c6f6e6700      518 	.strz	"long"
00000111 05              519 	.byte	5
00000112 04              520 	.byte	4
                         521 
                         522 .LDW_4b31828:
00000113 2a              523 	.byte	42
                         524 
                         525 	.section	.debug_abbrev
00000030 2a              526 	.byte	42
00000031 26              527 	.byte	38
00000032 00              528 	.byte	0
00000033 0000            529 	.byte	0,0
                         530 
                         531 	.section	.debug_info
                         532 .LDW_4b30e58:
00000114 2f              533 	.byte	47
00000115 00000000*       534 	.word	.LDW_4b31828
                         535 
                         536 .LDW_4b31130:
00000119 44              537 	.byte	68
0000011a 00000000*       538 	.word	.LDW_4b31778
0000011e 01              539 	.byte	1
                         540 
                         541 	.section	.debug_abbrev
00000035 44              542 	.byte	68
00000036 15              543 	.byte	21
00000037 01              544 	.byte	1
00000038 4910            545 	.byte	73,16
0000003a 270c            546 	.byte	39,12
0000003c 0000            547 	.byte	0,0
                         548 
                         549 	.section	.debug_info
                         550 .LDW_4b35158:
0000011f 12              551 	.byte	18
00000120 00000000*       552 	.word	.LDW_4b30e58
00000124 00              553 	.byte	0
                         554 
                         555 	.section	.debug_abbrev
0000003e 12              556 	.byte	18
0000003f 05              557 	.byte	5
00000040 00              558 	.byte	0
00000041 4910            559 	.byte	73,16
00000043 4b0c            560 	.byte	75,12
00000045 0000            561 	.byte	0,0
                         562 
                         563 	.section	.debug_info
                         564 .LDW_4b350c8:
00000125 12              565 	.byte	18
00000126 00000000*       566 	.word	.LDW_4b30e58

                                                                      Page 12
                                                              C:\Users\nhuliyap\AppData\Local\Temp\gh_0000bj41.s
0000012a 00              567 	.byte	0
                         568 
                         569 .LDW_4b350f8:
0000012b 12              570 	.byte	18
0000012c 00000000*       571 	.word	.LDW_4b0a610
00000130 00              572 	.byte	0
                         573 
00000131 00              574 	.byte	0
                         575 
                         576 .LDW_4b307b8:
00000132 28              577 	.byte	40
00000133 75696e743800    578 	.strz	"uint8"
00000139 50              579 	.byte	80
0000013a 4b              580 	.byte	75
0000013b 04              581 	.byte	4
0000013c 00000000*       582 	.word	.LDW_4006f58
                         583 
                         584 	.section	.debug_abbrev
00000047 28              585 	.byte	40
00000048 16              586 	.byte	22
00000049 00              587 	.byte	0
0000004a 0308            588 	.byte	3,8
0000004c 3b0f            589 	.byte	59,15
0000004e 390f            590 	.byte	57,15
00000050 3a0f            591 	.byte	58,15
00000052 4910            592 	.byte	73,16
00000054 0000            593 	.byte	0,0
                         594 
                         595 	.section	.debug_info
                         596 .LDW_4b0a7b0:
00000140 28              597 	.byte	40
00000141 75696e743136    598 	.strz	"uint16"
00000147 00 
00000148 52              599 	.byte	82
00000149 4a              600 	.byte	74
0000014a 04              601 	.byte	4
0000014b 00000000*       602 	.word	.LDW_40072d8
                         603 
                         604 .LDW_4b31778:
0000014f 28              605 	.byte	40
00000150 73696e743332    606 	.strz	"sint32"
00000156 00 
00000157 53              607 	.byte	83
00000158 4a              608 	.byte	74
00000159 04              609 	.byte	4
0000015a 00000000*       610 	.word	.LDW_4b310f8
                         611 
                         612 .LDW_4b0a610:
0000015e 28              613 	.byte	40
0000015f 75696e743332    614 	.strz	"uint32"
00000165 00 
00000166 54              615 	.byte	84
00000167 4a              616 	.byte	74
00000168 04              617 	.byte	4
00000169 00000000*       618 	.word	.LDW_40071c0
                         619 
                         620 .LDW_401bf60:
0000016d 14              621 	.byte	20
0000016e 7262615f4273    622 	.strz	"rba_BswSrv_MemCompare"
00000174 775372765f4d 
0000017a 656d436f6d70 

                                                                      Page 13
                                                              C:\Users\nhuliyap\AppData\Local\Temp\gh_0000bj41.s
00000180 61726500 
00000184 07              623 	.byte	7
00000185 08              624 	.byte	8
00000186 01              625 	.byte	1
00000187 00000000*       626 	.word	.LDW_4b31778
0000018b 00000000*       627 	.word	_rba_BswSrv_MemCompare
0000018f 00000000*       628 	.word	___ghs_eofn_rba_BswSrv_MemCompare
00000193 0153            629 	.byte	1,83
00000195 02              630 	.byte	2
00000196 00              631 	.byte	0
00000197 02              632 	.byte	2
00000198 0c              633 	.byte	12
00000199 00              634 	.byte	0
0000019a 00              635 	.byte	0
0000019b 00              636 	.byte	0
0000019c 01              637 	.byte	1
0000019d 01              638 	.byte	1
0000019e 00              639 	.byte	0
0000019f 01              640 	.byte	1
                         641 
                         642 	.section	.debug_abbrev
00000056 14              643 	.byte	20
00000057 2e              644 	.byte	46
00000058 01              645 	.byte	1
00000059 0308            646 	.byte	3,8
0000005b 3b0f            647 	.byte	59,15
0000005d 390f            648 	.byte	57,15
0000005f 3a0f            649 	.byte	58,15
00000061 4910            650 	.byte	73,16
00000063 1101            651 	.byte	17,1
00000065 1201            652 	.byte	18,1
00000067 400a            653 	.byte	64,10
00000069 8341            654 	.byte	131,65
0000006b 0f              655 	.byte	15
0000006c 8741            656 	.byte	135,65
0000006e 0d              657 	.byte	13
0000006f 8541            658 	.byte	133,65
00000071 0f              659 	.byte	15
00000072 8641            660 	.byte	134,65
00000074 0d              661 	.byte	13
00000075 9241            662 	.byte	146,65
00000077 0f              663 	.byte	15
00000078 3c0c            664 	.byte	60,12
0000007a 200b            665 	.byte	32,11
0000007c 3f0c            666 	.byte	63,12
0000007e 320b            667 	.byte	50,11
00000080 4c0b            668 	.byte	76,11
00000082 270c            669 	.byte	39,12
00000084 0000            670 	.byte	0,0
                         671 
                         672 	.section	.debug_frame
                         673 .LDW_4ba1210:
00000090 00000000*       674 	.word	.LDW_unq_4-.LDW_unq_3
                         675 .LDW_unq_3:
00000094 00000000*       676 	.word	.LDW_404b4c8
00000098 00000000*       677 	.word	_rba_BswSrv_MemCompare
0000009c 00000000*       678 	.word	___ghs_eofn_rba_BswSrv_MemCompare-_rba_BswSrv_MemCompare
000000a0 01              679 	.byte	1
000000a1 00000000*       680 	.word	.LDW11
000000a5 00              681 	.byte	0
000000a6 00              682 	.byte	0

                                                                      Page 14
                                                              C:\Users\nhuliyap\AppData\Local\Temp\gh_0000bj41.s
000000a7 00              683 	.byte	0
                         684 .LDW_unq_4:
                         685 	.section	.debug_line
000001e7 000502          686 	.byte	0,5,2
000001ea 00000000*       687 	.word	_rba_BswSrv_MemCompare
000001ee 03              688 	.byte	3
000001ef 07              689 	.byte	7
000001f0 02              690 	.byte	2
000001f1 00              691 	.byte	0
000001f2 01              692 	.byte	1
000001f3 06              693 	.byte	6
000001f4 14              694 	.byte	20
000001f5 03              695 	.byte	3
000001f6 0b              696 	.byte	11
000001f7 02              697 	.byte	2
000001f8 02              698 	.byte	2
000001f9 01              699 	.byte	1
000001fa 000502          700 	.byte	0,5,2
000001fd 00000000*       701 	.word	.LDWlin1
00000201 0b              702 	.byte	11
00000202 0b              703 	.byte	11
00000203 1b              704 	.byte	27
00000204 1b              705 	.byte	27
00000205 0c              706 	.byte	12
00000206 000502          707 	.byte	0,5,2
00000209 00000000*       708 	.word	.LDWlin2
0000020d 0d              709 	.byte	13
0000020e 1b              710 	.byte	27
0000020f 03              711 	.byte	3
00000210 7d              712 	.byte	125
00000211 02              713 	.byte	2
00000212 02              714 	.byte	2
00000213 01              715 	.byte	1
00000214 0b              716 	.byte	11
00000215 15              717 	.byte	21
00000216 13              718 	.byte	19
00000217 2b              719 	.byte	43
00000218 000502          720 	.byte	0,5,2
0000021b 00000000*       721 	.word	.LDWlin3
0000021f 0b              722 	.byte	11
00000220 02              723 	.byte	2
00000221 00              724 	.byte	0
00000222 0b              725 	.byte	11
00000223 13              726 	.byte	19
00000224 14              727 	.byte	20
00000225 000502          728 	.byte	0,5,2
00000228 00000000*       729 	.word	.LDWlin4
0000022c 02              730 	.byte	2
0000022d 00              731 	.byte	0
0000022e 0b              732 	.byte	11
0000022f 02              733 	.byte	2
00000230 00              734 	.byte	0
00000231 03              735 	.byte	3
00000232 05              736 	.byte	5
00000233 02              737 	.byte	2
00000234 00              738 	.byte	0
00000235 01              739 	.byte	1
00000236 000502          740 	.byte	0,5,2
00000239 00000000*       741 	.word	.LDWlin5
0000023d 0b              742 	.byte	11
0000023e 0b              743 	.byte	11

                                                                      Page 15
                                                              C:\Users\nhuliyap\AppData\Local\Temp\gh_0000bj41.s
0000023f 1b              744 	.byte	27
00000240 1b              745 	.byte	27
00000241 0c              746 	.byte	12
00000242 000502          747 	.byte	0,5,2
00000245 00000000*       748 	.word	.LDWlin6
00000249 0d              749 	.byte	13
0000024a 1b              750 	.byte	27
0000024b 03              751 	.byte	3
0000024c 7d              752 	.byte	125
0000024d 02              753 	.byte	2
0000024e 02              754 	.byte	2
0000024f 01              755 	.byte	1
00000250 0b              756 	.byte	11
00000251 15              757 	.byte	21
00000252 1b              758 	.byte	27
00000253 03              759 	.byte	3
00000254 06              760 	.byte	6
00000255 02              761 	.byte	2
00000256 08              762 	.byte	8
00000257 01              763 	.byte	1
00000258 0b              764 	.byte	11
00000259 02              765 	.byte	2
0000025a 00              766 	.byte	0
0000025b 03              767 	.byte	3
0000025c 05              768 	.byte	5
0000025d 02              769 	.byte	2
0000025e 00              770 	.byte	0
0000025f 01              771 	.byte	1
00000260 02              772 	.byte	2
00000261 02              773 	.byte	2
00000262 000502          774 	.byte	0,5,2
00000265 00000000*       775 	.word	.LDWlin7
00000269 03              776 	.byte	3
0000026a 76              777 	.byte	118
0000026b 02              778 	.byte	2
0000026c 00              779 	.byte	0
0000026d 01              780 	.byte	1
0000026e 02              781 	.byte	2
0000026f 00              782 	.byte	0
00000270 0b              783 	.byte	11
00000271 13              784 	.byte	19
00000272 13              785 	.byte	19
00000273 13              786 	.byte	19
00000274 000502          787 	.byte	0,5,2
00000277 00000000*       788 	.word	.LDWlin8
0000027b 03              789 	.byte	3
0000027c 08              790 	.byte	8
0000027d 02              791 	.byte	2
0000027e 00              792 	.byte	0
0000027f 01              793 	.byte	1
00000280 000502          794 	.byte	0,5,2
00000283 00000000*       795 	.word	.LDWlin9
00000287 0b              796 	.byte	11
00000288 0b              797 	.byte	11
00000289 000502          798 	.byte	0,5,2
0000028c 00000000*       799 	.word	.LDWlin10
00000290 0b              800 	.byte	11
00000291 02              801 	.byte	2
00000292 00              802 	.byte	0
00000293 0b              803 	.byte	11
00000294 13              804 	.byte	19

                                                                      Page 16
                                                              C:\Users\nhuliyap\AppData\Local\Temp\gh_0000bj41.s
00000295 03              805 	.byte	3
00000296 79              806 	.byte	121
00000297 02              807 	.byte	2
00000298 02              808 	.byte	2
00000299 01              809 	.byte	1
0000029a 03              810 	.byte	3
0000029b 08              811 	.byte	8
0000029c 02              812 	.byte	2
0000029d 04              813 	.byte	4
0000029e 01              814 	.byte	1
0000029f 0b              815 	.byte	11
000002a0 06              816 	.byte	6
000002a1 000502          817 	.byte	0,5,2
000002a4 00000000*       818 	.word	.LDWlin11
000002a8 02              819 	.byte	2
000002a9 00              820 	.byte	0
000002aa 02              821 	.byte	2
000002ab 04              822 	.byte	4
000002ac 000101          823 	.byte	0,1,1
                         824 	.section	.debug_info
                         825 .LDW_4b31510:
000001a0 0f              826 	.byte	15
000001a1 78537263315f    827 	.strz	"xSrc1_pcv"
000001a7 70637600 
000001ab 07              828 	.byte	7
000001ac 2a              829 	.byte	42
000001ad 01              830 	.byte	1
000001ae 00000000*       831 	.word	.LDW_4b30e58
000001b2 00              832 	.byte	0
000001b3 0156            833 	.byte	1,86
                         834 
                         835 	.section	.debug_abbrev
00000086 0f              836 	.byte	15
00000087 05              837 	.byte	5
00000088 00              838 	.byte	0
00000089 0308            839 	.byte	3,8
0000008b 3b0f            840 	.byte	59,15
0000008d 390f            841 	.byte	57,15
0000008f 3a0f            842 	.byte	58,15
00000091 4910            843 	.byte	73,16
00000093 4b0c            844 	.byte	75,12
00000095 020a            845 	.byte	2,10
00000097 0000            846 	.byte	0,0
                         847 
                         848 	.section	.debug_info
                         849 .LDW_4b319e0:
000001b5 0f              850 	.byte	15
000001b6 78537263325f    851 	.strz	"xSrc2_pcv"
000001bc 70637600 
000001c0 07              852 	.byte	7
000001c1 41              853 	.byte	65
000001c2 01              854 	.byte	1
000001c3 00000000*       855 	.word	.LDW_4b30e58
000001c7 00              856 	.byte	0
000001c8 0157            857 	.byte	1,87
                         858 
                         859 .LDW_4b31bf0:
000001ca 0f              860 	.byte	15
000001cb 6e756d427974    861 	.strz	"numBytes_u32"
000001d1 65735f753332 
000001d7 00 

                                                                      Page 17
                                                              C:\Users\nhuliyap\AppData\Local\Temp\gh_0000bj41.s
000001d8 07              862 	.byte	7
000001d9 53              863 	.byte	83
000001da 01              864 	.byte	1
000001db 00000000*       865 	.word	.LDW_4b0a610
000001df 00              866 	.byte	0
000001e0 0158            867 	.byte	1,88
                         868 
                         869 .LDW_4b35128:
000001e2 1d              870 	.byte	29
000001e3 00000000*       871 	.word	.LDW01
000001e7 00000000*       872 	.word	.LDW11
                         873 
                         874 	.section	.debug_abbrev
00000099 1d              875 	.byte	29
0000009a 0b              876 	.byte	11
0000009b 01              877 	.byte	1
0000009c 1101            878 	.byte	17,1
0000009e 1201            879 	.byte	18,1
000000a0 0000            880 	.byte	0,0
                         881 
                         882 	.section	.debug_info
                         883 .LDW_4b31a90:
000001eb 04              884 	.byte	4
000001ec 78537263315f    885 	.strz	"xSrc1_pcu32"
000001f2 706375333200 
000001f8 09              886 	.byte	9
000001f9 12              887 	.byte	18
000001fa 01              888 	.byte	1
000001fb 00000000*       889 	.word	.LDW_4006ee8
000001ff 00              890 	.byte	0
00000200 00              891 	.byte	0
00000201 0156            892 	.byte	1,86
                         893 
                         894 	.section	.debug_abbrev
000000a2 04              895 	.byte	4
000000a3 34              896 	.byte	52
000000a4 00              897 	.byte	0
000000a5 0308            898 	.byte	3,8
000000a7 3b0f            899 	.byte	59,15
000000a9 390f            900 	.byte	57,15
000000ab 3a0f            901 	.byte	58,15
000000ad 4910            902 	.byte	73,16
000000af 3f0c            903 	.byte	63,12
000000b1 3c0c            904 	.byte	60,12
000000b3 020a            905 	.byte	2,10
000000b5 0000            906 	.byte	0,0
                         907 
                         908 	.section	.debug_info
                         909 .LDW_4b31b98:
00000203 04              910 	.byte	4
00000204 78537263325f    911 	.strz	"xSrc2_pcu32"
0000020a 706375333200 
00000210 0a              912 	.byte	10
00000211 12              913 	.byte	18
00000212 01              914 	.byte	1
00000213 00000000*       915 	.word	.LDW_4006ee8
00000217 00              916 	.byte	0
00000218 00              917 	.byte	0
00000219 016e            918 	.byte	1,110
                         919 
                         920 .LDW_4b31c48:

                                                                      Page 18
                                                              C:\Users\nhuliyap\AppData\Local\Temp\gh_0000bj41.s
0000021b 04              921 	.byte	4
0000021c 78537263315f    922 	.strz	"xSrc1_pcu16"
00000222 706375313600 
00000228 0b              923 	.byte	11
00000229 12              924 	.byte	18
0000022a 01              925 	.byte	1
0000022b 00000000*       926 	.word	.LDW_4007118
0000022f 00              927 	.byte	0
00000230 00              928 	.byte	0
00000231 0156            929 	.byte	1,86
                         930 
                         931 .LDW_4b31460:
00000233 04              932 	.byte	4
00000234 78537263325f    933 	.strz	"xSrc2_pcu16"
0000023a 706375313600 
00000240 0c              934 	.byte	12
00000241 12              935 	.byte	18
00000242 01              936 	.byte	1
00000243 00000000*       937 	.word	.LDW_4007118
00000247 00              938 	.byte	0
00000248 00              939 	.byte	0
00000249 016e            940 	.byte	1,110
                         941 
                         942 .LDW_4b31408:
0000024b 04              943 	.byte	4
0000024c 78537263315f    944 	.strz	"xSrc1_pcu8"
00000252 7063753800 
00000257 0d              945 	.byte	13
00000258 11              946 	.byte	17
00000259 01              947 	.byte	1
0000025a 00000000*       948 	.word	.LDW_40070e0
0000025e 00              949 	.byte	0
0000025f 00              950 	.byte	0
00000260 0156            951 	.byte	1,86
                         952 
                         953 .LDW_4b31a38:
00000262 04              954 	.byte	4
00000263 78537263325f    955 	.strz	"xSrc2_pcu8"
00000269 7063753800 
0000026e 0e              956 	.byte	14
0000026f 11              957 	.byte	17
00000270 01              958 	.byte	1
00000271 00000000*       959 	.word	.LDW_40070e0
00000275 00              960 	.byte	0
00000276 00              961 	.byte	0
00000277 016e            962 	.byte	1,110
                         963 
                         964 .LDW_4b31b40:
00000279 04              965 	.byte	4
0000027a 63744c6f6f70    966 	.strz	"ctLoop_u32"
00000280 5f75333200 
00000285 0f              967 	.byte	15
00000286 0b              968 	.byte	11
00000287 01              969 	.byte	1
00000288 00000000*       970 	.word	.LDW_4b0a610
0000028c 00              971 	.byte	0
0000028d 00              972 	.byte	0
0000028e 0162            973 	.byte	1,98
                         974 
                         975 .LDW_4b31d50:
00000290 04              976 	.byte	4

                                                                      Page 19
                                                              C:\Users\nhuliyap\AppData\Local\Temp\gh_0000bj41.s
00000291 7854656d7031    977 	.strz	"xTemp1_u32"
00000297 5f75333200 
0000029c 10              978 	.byte	16
0000029d 0b              979 	.byte	11
0000029e 01              980 	.byte	1
0000029f 00000000*       981 	.word	.LDW_4b0a610
000002a3 00              982 	.byte	0
000002a4 00              983 	.byte	0
000002a5 0273            984 	.byte	2,115
000002a7 00              985 	.byte	0
                         986 
                         987 .LDW_4b312a8:
000002a8 04              988 	.byte	4
000002a9 7854656d7032    989 	.strz	"xTemp2_u32"
000002af 5f75333200 
000002b4 11              990 	.byte	17
000002b5 0b              991 	.byte	11
000002b6 01              992 	.byte	1
000002b7 00000000*       993 	.word	.LDW_4b0a610
000002bb 00              994 	.byte	0
000002bc 00              995 	.byte	0
000002bd 0273            996 	.byte	2,115
000002bf 04              997 	.byte	4
                         998 
                         999 .LDW_4b31358:
000002c0 04             1000 	.byte	4
000002c1 7854656d7031   1001 	.strz	"xTemp1_u16"
000002c7 5f75313600 
000002cc 12             1002 	.byte	18
000002cd 0b             1003 	.byte	11
000002ce 01             1004 	.byte	1
000002cf 00000000*      1005 	.word	.LDW_4b0a7b0
000002d3 00             1006 	.byte	0
000002d4 00             1007 	.byte	0
000002d5 0273           1008 	.byte	2,115
000002d7 08             1009 	.byte	8
                        1010 
                        1011 .LDW_4b31568:
000002d8 04             1012 	.byte	4
000002d9 7854656d7032   1013 	.strz	"xTemp2_u16"
000002df 5f75313600 
000002e4 13             1014 	.byte	19
000002e5 0b             1015 	.byte	11
000002e6 01             1016 	.byte	1
000002e7 00000000*      1017 	.word	.LDW_4b0a7b0
000002eb 00             1018 	.byte	0
000002ec 00             1019 	.byte	0
000002ed 0273           1020 	.byte	2,115
000002ef 0a             1021 	.byte	10
                        1022 
000002f0 00             1023 	.byte	0
                        1024 
000002f1 00             1025 	.byte	0
                        1026 
000002f2 00             1027 	.byte	0
                        1028 
                        1029 	.section	.debug_line
                        1030 .Ldw_line_end:
                        1031 	.section	.debug_macinfo
00000000 01             1032 	.byte	1
00000001 00             1033 	.byte	0

                                                                      Page 20
                                                              C:\Users\nhuliyap\AppData\Local\Temp\gh_0000bj41.s
00000002 5f5f6768735f   1034 	.strz	"__ghs__ 1"
00000008 5f203100 
0000000c 01             1035 	.byte	1
0000000d 00             1036 	.byte	0
0000000e 5f5f4c4c4f4e   1037 	.strz	"__LLONG_BIT 64"
00000014 475f42495420 
0000001a 363400 
0000001d 01             1038 	.byte	1
0000001e 00             1039 	.byte	0
0000001f 4e4f545f5245   1040 	.strz	"NOT_READY_FOR_TESTING_OR_DEPLOYMENT 1"
00000025 4144595f464f 
0000002b 525f54455354 
00000031 494e475f4f52 
00000037 5f4445504c4f 
0000003d 594d454e5420 
00000043 3100 
00000045 03             1041 	.byte	3
00000046 00             1042 	.byte	0
00000047 01             1043 	.byte	1
00000048 03             1044 	.byte	3
00000049 02             1045 	.byte	2
0000004a 02             1046 	.byte	2
0000004b 03             1047 	.byte	3
0000004c 0d             1048 	.byte	13
0000004d 03             1049 	.byte	3
0000004e 03             1050 	.byte	3
0000004f 1c             1051 	.byte	28
00000050 04             1052 	.byte	4
00000051 04             1053 	.byte	4
00000052 03             1054 	.byte	3
00000053 1d             1055 	.byte	29
00000054 05             1056 	.byte	5
00000055 03             1057 	.byte	3
00000056 1b             1058 	.byte	27
00000057 06             1059 	.byte	6
00000058 03             1060 	.byte	3
00000059 54             1061 	.byte	84
0000005a 07             1062 	.byte	7
0000005b 04             1063 	.byte	4
0000005c 04             1064 	.byte	4
0000005d 01             1065 	.byte	1
0000005e 33             1066 	.byte	51
0000005f 4c4f43414c5f   1067 	.strz	"LOCAL_INLINE static inline"
00000065 494e4c494e45 
0000006b 207374617469 
00000071 6320696e6c69 
00000077 6e6500 
0000007a 04             1068 	.byte	4
0000007b 04             1069 	.byte	4
0000007c 01             1070 	.byte	1
0000007d 1c             1071 	.byte	28
0000007e 5242415f4253   1072 	.strz	"RBA_BSWSRV_START_SEC_CODE "
00000084 575352565f53 
0000008a 544152545f53 
00000090 45435f434f44 
00000096 452000 
00000099 03             1073 	.byte	3
0000009a 1d             1074 	.byte	29
0000009b 08             1075 	.byte	8
0000009c 01             1076 	.byte	1
0000009d 37             1077 	.byte	55

                                                                      Page 21
                                                              C:\Users\nhuliyap\AppData\Local\Temp\gh_0000bj41.s
0000009e 4253575f5354   1078 	.strz	"BSW_START_SEC_DEFAULT_CODE "
000000a4 4152545f5345 
000000aa 435f44454641 
000000b0 554c545f434f 
000000b6 44452000 
000000ba 03             1079 	.byte	3
000000bb 38             1080 	.byte	56
000000bc 09             1081 	.byte	9
000000bd 01             1082 	.byte	1
000000be dd08           1083 	.byte	221,8
000000c0 53544152545f   1084 	.strz	"START_SEC_CODE "
000000c6 5345435f434f 
000000cc 44452000 
000000d0 03             1085 	.byte	3
000000d1 c509           1086 	.byte	197,9
000000d3 0a             1087 	.byte	10
000000d4 01             1088 	.byte	1
000000d5 f407           1089 	.byte	244,7
000000d7 434f44455f53   1090 	.strz	"CODE_SEC_OPEN "
000000dd 45435f4f5045 
000000e3 4e2000 
000000e6 04             1091 	.byte	4
000000e7 04             1092 	.byte	4
000000e8 04             1093 	.byte	4
000000e9 01             1094 	.byte	1
000000ea 21             1095 	.byte	33
000000eb 5242415f4253   1096 	.strz	"RBA_BSWSRV_STOP_SEC_CODE "
000000f1 575352565f53 
000000f7 544f505f5345 
000000fd 435f434f4445 
00000103 2000 
00000105 03             1097 	.byte	3
00000106 22             1098 	.byte	34
00000107 08             1099 	.byte	8
00000108 01             1100 	.byte	1
00000109 3b             1101 	.byte	59
0000010a 4253575f5354   1102 	.strz	"BSW_STOP_SEC_DEFAULT_CODE "
00000110 4f505f534543 
00000116 5f4445464155 
0000011c 4c545f434f44 
00000122 452000 
00000125 03             1103 	.byte	3
00000126 3c             1104 	.byte	60
00000127 09             1105 	.byte	9
00000128 01             1106 	.byte	1
00000129 e008           1107 	.byte	224,8
0000012b 53544f505f53   1108 	.strz	"STOP_SEC_CODE "
00000131 45435f434f44 
00000137 452000 
0000013a 03             1109 	.byte	3
0000013b c509           1110 	.byte	197,9
0000013d 0a             1111 	.byte	10
0000013e 04             1112 	.byte	4
0000013f 04             1113 	.byte	4
00000140 04             1114 	.byte	4
00000141 04             1115 	.byte	4
00000142 01             1116 	.byte	1
00000143 04             1117 	.byte	4
00000144 5242415f4253   1118 	.strz	"RBA_BSWSRV_START_SEC_CODE "
0000014a 575352565f53 
00000150 544152545f53 

                                                                      Page 22
                                                              C:\Users\nhuliyap\AppData\Local\Temp\gh_0000bj41.s
00000156 45435f434f44 
0000015c 452000 
0000015f 03             1119 	.byte	3
00000160 05             1120 	.byte	5
00000161 08             1121 	.byte	8
00000162 01             1122 	.byte	1
00000163 37             1123 	.byte	55
00000164 4253575f5354   1124 	.strz	"BSW_START_SEC_DEFAULT_CODE "
0000016a 4152545f5345 
00000170 435f44454641 
00000176 554c545f434f 
0000017c 44452000 
00000180 03             1125 	.byte	3
00000181 38             1126 	.byte	56
00000182 09             1127 	.byte	9
00000183 01             1128 	.byte	1
00000184 dd08           1129 	.byte	221,8
00000186 53544152545f   1130 	.strz	"START_SEC_CODE "
0000018c 5345435f434f 
00000192 44452000 
00000196 03             1131 	.byte	3
00000197 c509           1132 	.byte	197,9
00000199 0a             1133 	.byte	10
0000019a 01             1134 	.byte	1
0000019b f407           1135 	.byte	244,7
0000019d 434f44455f53   1136 	.strz	"CODE_SEC_OPEN "
000001a3 45435f4f5045 
000001a9 4e2000 
000001ac 04             1137 	.byte	4
000001ad 04             1138 	.byte	4
000001ae 04             1139 	.byte	4
000001af 01             1140 	.byte	1
000001b0 50             1141 	.byte	80
000001b1 5242415f4253   1142 	.strz	"RBA_BSWSRV_STOP_SEC_CODE "
000001b7 575352565f53 
000001bd 544f505f5345 
000001c3 435f434f4445 
000001c9 2000 
000001cb 03             1143 	.byte	3
000001cc 51             1144 	.byte	81
000001cd 08             1145 	.byte	8
000001ce 01             1146 	.byte	1
000001cf 3b             1147 	.byte	59
000001d0 4253575f5354   1148 	.strz	"BSW_STOP_SEC_DEFAULT_CODE "
000001d6 4f505f534543 
000001dc 5f4445464155 
000001e2 4c545f434f44 
000001e8 452000 
000001eb 03             1149 	.byte	3
000001ec 3c             1150 	.byte	60
000001ed 09             1151 	.byte	9
000001ee 01             1152 	.byte	1
000001ef e008           1153 	.byte	224,8
000001f1 53544f505f53   1154 	.strz	"STOP_SEC_CODE "
000001f7 45435f434f44 
000001fd 452000 
00000200 03             1155 	.byte	3
00000201 c509           1156 	.byte	197,9
00000203 0a             1157 	.byte	10
00000204 04             1158 	.byte	4
00000205 04             1159 	.byte	4

                                                                      Page 23
                                                              C:\Users\nhuliyap\AppData\Local\Temp\gh_0000bj41.s
00000206 04             1160 	.byte	4
00000207 04             1161 	.byte	4
00000208 00             1162 	.byte	0
                        1163 	.section	.debug_abbrev
000000b7 00             1164 	.byte	0
                        1165 	.section	.debug_info
                        1166 .Ldw_end:
                        1167 .rh850_flags REGMODE32,DATA_ALIGN8,GP_FIX,EP_NONFIX,TP_FIX,REG2_RESERVE,G3K,GHS_MISALIGN,SDA_EXTRA_REGS_0
