                                                                      Page 1
                                                              C:\Users\nhuliyap\AppData\Local\Temp\gh_0000dlo1.s
Command Line: C:\ghs\comp_201517\ease850.exe -w -elf -b0 -I../source/common -I../source/ProjectCompiler -I../source/ProjectCfg -I../source/SwcApplTpms -I../source/SwcApplTpms/Intface -I../source/SwcApplEcuM -I../source/SwcServiceEcuM -I../source/SwcServiceNvM -I../source/SwcServiceOs -I../source/SwcServiceStartUp -I../source/McalAdc -I../source/McalDio -I../source/McalGpt -I../source/McalMcu -I../source/McalWdg -I../source/wrappers -I../source/wrappers/McalAta -I../source/McalLin -I../source/McalCan -I../source/wrappers/OS -I../source/McalFls -I../source/EcuabFee -I../source/EcuabMemIf -I../source/wrappers/VStdLib -I../source/wrappers/Crc -I../source/wrappers/FBL_APPL -I../source/wrappers/CAN_MANAGER -I../source/wrappers/NVM_MANAGER -I../source/wrappers/DEM_MANAGER -I../source/wrappers/RDC_MANAGER -I../source/wrappers/ENV_MANAGER -I../source/wrappers/SYS_MANAGER -I../source/wrappers/EcuabCanIf -I../source/wrappers/SwcServiceCanSM -I../source/wrappers/SwcServiceCanTp -I../source/wrappers/SwcServiceCanTp_PreCompile -I../source/wrappers/SwcServiceCom -I../source/wrappers/SwcServiceComM -I../source/wrappers/SwcServiceComStack -I../source/wrappers/SwcServiceDcm -I../source/wrappers/SwcServicePduR -I../source/wrappers/SwcServiceEcuM -I../source/wrappers/Bfx -I../source/wrappers/SwcServiceDem -I../source/SwcServiceDet -I../source/SwcServiceFiM -I../source/wrappers/LibAutosarDiag -I../source/wrappers/rba_BswSrv -I../source/SwcServiceSchM -I../source/wrappers/SwcServiceComM/Integration -I../source/wrappers/SwcServicePduR/Integration -I../source/wrappers/EcuabCanIf/Integration -I../source/wrappers/SwcServiceCom/Integration -I../source/wrappers/SwcServiceCanTp/Integration -I../source/wrappers/SwcServiceEcuM/Integration -I../source/SwcServiceDet/Integration -I../source/wrappers/SwcServiceDcm/Integration -I../source/wrappers/SwcServiceDem/Integration -I../source/SwcServiceFiM/Integration -I../source/wrappers/EcuabCanIf/api -I../source/wrappers/SwcServiceCom/api -I../source/wrappers/SwcServiceComM/api -I../source/wrappers/SwcServicePduR/api -I../source/wrappers/Bfx/api -I../source/SwcServiceDet/api -I../source/SwcServiceFiM/api -I../source/wrappers/LibAutosarDiag/api -I../source/wrappers/rba_BswSrv/api -IC:\ghs\comp_201517\lib\rh850 -cg_underscore -cpu=rh850g3k -no_v850_simd -rh850_fpsimd=none -nomacro -patch_dbo=C:\_ECU2\ECU_Rivian_A1\Target\repo_projects\pRealEcu\cL_LATEST\make\output\objects\SwcApplTpms_Version.dbo -source=SwcApplTpms_Version.c -o output\objects\gh_0000dlo1.o -list=output\list\SwcApplTpms_Version.lst C:\Users\nhuliyap\AppData\Local\Temp\gh_0000dlo1.s 
Original File: C:\Users\nhuliyap\AppData\Local\Temp\gh_0000dlo1.s
Source File: SwcApplTpms_Version.c
Directory: C:\_ECU2\ECU_Rivian_A1\Target\repo_projects\pRealEcu\cL_LATEST\make
Host OS: Windows
EASE: Copyright (C) 1983-2015 Green Hills Software.  All Rights Reserved.
Release: Compiler v2015.1.7
Build Directory: [Directory] BTOWORKER6:c:/build_2015_1_bto/2015-10-21.2100-2015_1_bto/win32-comp-ecom
Revision: [VCInfo] http://toolsvc/branches/release-branch-70-bto/src@544153 (built by build)
Revision Date: Thu Oct 22 07:50:13 2015

Release Date: Thu Oct 22 09:32:32 2015

                           1 --Driver Command: ccv850 ../source/ProjectCfg/SwcApplTpms_Version.c -cpu=rh850
                           2 --		-fhard -ignore_callt_state_in_interrupts -large_sda
                           3 --		-misalign_pack -nofarcalls -nofloatio -no_callt -Ogeneral
                           4 --		-Onounroll -prepare_dispose -registermode=32 -reserve_r2 -sda=0
                           5 --		-shorten_loads -Wshadow --brief_diagnostics --no_commons
                           6 --		--no_wrap_diagnostics --prototype_errors --short_enum -list -G
                           7 --		-dual_debug -dwarf -X5523 -lnk=-no_xda_modifications -D
                           8 --		NOT_READY_FOR_TESTING_OR_DEPLOYMENT -D IBTCM_SW_ANPASSUNGEN -D
                           9 --		BUILD_LORDSTOWN -c -inline_prologue -I../source/common
                          10 --		-I../source/ProjectCompiler -I../source/ProjectCfg
                          11 --		-I../source/SwcApplTpms -I../source/SwcApplTpms/Intface
                          12 --		-I../source/SwcApplEcuM -I../source/SwcServiceEcuM
                          13 --		-I../source/SwcServiceNvM -I../source/SwcServiceOs
                          14 --		-I../source/SwcServiceStartUp -I../source/McalAdc
                          15 --		-I../source/McalDio -I../source/McalGpt -I../source/McalMcu
                          16 --		-I../source/McalWdg -I../source/wrappers
                          17 --		-I../source/wrappers/McalAta -I../source/McalLin
                          18 --		-I../source/McalCan -I../source/wrappers/OS -I../source/McalFls
                          19 --		-I../source/EcuabFee -I../source/EcuabMemIf
                          20 --		-I../source/wrappers/VStdLib -I../source/wrappers
                          21 --		-I../source/wrappers/Crc -I../source/wrappers/FBL_APPL
                          22 --		-I../source/wrappers/CAN_MANAGER -I../source/wrappers/NVM_MANAGER
                          23 --		-I../source/wrappers/DEM_MANAGER -I../source/wrappers/RDC_MANAGER
                          24 --		-I../source/wrappers/ENV_MANAGER -I../source/wrappers/SYS_MANAGER
                          25 --		-I../source/wrappers/EcuabCanIf
                          26 --		-I../source/wrappers/SwcServiceCanSM
                          27 --		-I../source/wrappers/SwcServiceCanTp
                          28 --		-I../source/wrappers/SwcServiceCanTp_PreCompile
                          29 --		-I../source/wrappers/SwcServiceCom
                          30 --		-I../source/wrappers/SwcServiceComM
                          31 --		-I../source/wrappers/SwcServiceComStack
                          32 --		-I../source/wrappers/SwcServiceDcm
                          33 --		-I../source/wrappers/SwcServicePduR
                          34 --		-I../source/wrappers/SwcServiceEcuM -I../source/wrappers/Bfx
                          35 --		-I../source/wrappers/SwcServiceDem -I../source/SwcServiceDet
                          36 --		-I../source/SwcServiceFiM -I../source/wrappers/LibAutosarDiag
                          37 --		-I../source/wrappers/rba_BswSrv -I../source/SwcServiceSchM
                          38 --		-I../source/wrappers/SwcServiceComM/Integration
                          39 --		-I../source/wrappers/SwcServicePduR/Integration
                          40 --		-I../source/wrappers/EcuabCanIf/Integration
                          41 --		-I../source/wrappers/SwcServiceCom/Integration
                          42 --		-I../source/wrappers/SwcServiceCanTp/Integration
                          43 --		-I../source/wrappers/SwcServiceEcuM/Integration
                          44 --		-I../source/SwcServiceDet/Integration
                          45 --		-I../source/wrappers/SwcServiceDcm/Integration
                          46 --		-I../source/wrappers/SwcServiceDem/Integration
                          47 --		-I../source/SwcServiceFiM/Integration
                          48 --		-I../source/wrappers/EcuabCanIf/api
                          49 --		-I../source/wrappers/SwcServiceCom/api
                          50 --		-I../source/wrappers/SwcServiceComM/api

                                                                      Page 2
                                                              C:\Users\nhuliyap\AppData\Local\Temp\gh_0000dlo1.s
                          51 --		-I../source/wrappers/SwcServicePduR/api
                          52 --		-I../source/wrappers/Bfx/api -I../source/SwcServiceDet/api
                          53 --		-I../source/SwcServiceFiM/api
                          54 --		-I../source/wrappers/LibAutosarDiag/api
                          55 --		-I../source/wrappers/rba_BswSrv/api -object_dir=output/objects
                          56 --		-list_dir=output/list
                          57 --Source File:   ../source/ProjectCfg/SwcApplTpms_Version.c
                          58 --Directory:     
                          59 --		C:\_ECU2\ECU_Rivian_A1\Target\repo_projects\pRealEcu\cL_LATEST\make
                          60 --Compile Date:  Wed Sep 06 09:45:19 2023
                          61 --Host OS:       Win32
                          62 --Version:       C-RH850 2015.1.7 RELEASE VERSION
                          63 --Release:       Compiler v2015.1.7
                          64 --Revision Date: Thu Oct 22 08:06:12 2015
                          65 --Release Date:  Thu Oct 22 09:34:32 2015
                          66 -- ecom  -g -w -OM
                          67 	.text
                          68 ..bof.C.3A.5C_ECU2.5CECU_Rivian_A1.5CTarget.5Crepo_projects.5CpRealEcu.5CcL_LATEST.5Cmake.5Coutput.5Cobjects.5CSwcApplTpms_Version...43.3A.5C_ECU2.5CECU_Rivian_A1.5CTarget.5Crepo_projects.5CpRealEcu.5CcL_LATEST.5Cmake..64F82E0F..0::
                          69 	.align	2
                          70 ..gh.f.f.1.e.0:
                          71 	.type	..gh.f.f.1.e.0,@object
                          72 	.size	..gh.f.f.1.e.0,0
                          73 	.global	_HufIf_GetVersion
                          74 _HufIf_GetVersion:
                          75 --	    .bf
                          76 .LDW01:
00000000 3e0600000000*    77 	mov	_g_sHufVersion,ep
00000006 0690             78 	mov	r6,r18
00000008 1e9e4400         79 	addi	68,ep,r19
                          80 .L34:
0000000c 008d             81 	sld.w	0[ep],r17
0000000e 44f2             82 	add	4,ep
00000010 728f0100         83 	st.w	r17,0[r18]
00000014 4492             84 	add	4,r18
00000016 fe99             85 	cmp	ep,r19
00000018 aafd*            86 	bne	.L34
                          87 --line84
                          88 ..lin.C.3A.5C_ECU2.5CECU_Rivian_A1.5CTarget.5Crepo_projects.5CpRealEcu.5CcL_LATEST.5Cmake.5Coutput.5Cobjects.5CSwcApplTpms_Version.1::
                          89 .LDWlin1:
0000001a 80070000*        90 	jr	_ClientIf_Debug_GetVersion
                          91 --	    .ef
                          92 .LDW11:
                          93 	.global	___ghs_eofn_HufIf_GetVersion
                          94 ___ghs_eofn_HufIf_GetVersion:
                          95 	.type	_HufIf_GetVersion,@function
                          96 	.size	_HufIf_GetVersion,.-_HufIf_GetVersion
                          97 	.align	2
                          98 
                          99 --_sVersion	r6	param
                         100 
                         101 	.section ".bss","awb"
                         102 .L33:
                         103 	.type	.L33,@object
                         104 	.size	.L33,0
                         105 	.data
                         106 	.text
                         107 	.align	2
                         108 
                         109 	.section ".rodata","a"
                         110 	.align	4
                         111 	.global	_g_sBCMVersion

                                                                      Page 3
                                                              C:\Users\nhuliyap\AppData\Local\Temp\gh_0000dlo1.s
                         112 _g_sBCMVersion:--	"Vx.x"
00000000 56782e78        113 	.byte	86,120,46,120
00000004 00              114 	.byte	0
                         115 --	"10-Jan-2018"
00000005 31302d4a        116 	.byte	49,48,45,74
00000009 616e2d32        117 	.byte	97,110,45,50
0000000d 30313800        118 	.byte	48,49,56,0
00000011 000000          119 	.space	3
                         120 	.type	_g_sBCMVersion,@object
                         121 	.size	_g_sBCMVersion,20
                         122 	.global	_g_sHufVersion
                         123 _g_sHufVersion:--	"LMC00003"
00000014 4c4d4330        124 	.byte	76,77,67,48
00000018 30303033        125 	.byte	48,48,48,51
0000001c 00              126 	.byte	0
                         127 --	"000002"
0000001d 30303030        128 	.byte	48,48,48,48
00000021 3032            129 	.byte	48,50
00000023 00              130 	.byte	0
                         131 --	"21"
00000024 3231            132 	.byte	50,49
00000026 00              133 	.byte	0
00000027 000000000000    134 	.space	17
0000002d 000000000000 
00000033 0000000000 
                         135 --	"GHS"
00000038 47485300        136 	.byte	71,72,83,0
0000003c 0000            137 	.space	2
                         138 --	"201517"
0000003e 32303135        139 	.byte	50,48,49,53
00000042 3137            140 	.byte	49,55
                         141 --	"21.10.2021-14:34:50"
00000044 32312e31        142 	.byte	50,49,46,49
00000048 302e3230        143 	.byte	48,46,50,48
0000004c 32312d31        144 	.byte	50,49,45,49
00000050 343a3334        145 	.byte	52,58,51,52
00000054 3a353000        146 	.byte	58,53,48,0
                         147 	.type	_g_sHufVersion,@object
                         148 	.size	_g_sHufVersion,68
                         149 	.data
                         150 	.ghsnote version,17
                         151 	.ghsnote tools,3
                         152 	.ghsnote options,144
                         153 	.text
                         154 	.align	2
                         155 ..eof.C.3A.5C_ECU2.5CECU_Rivian_A1.5CTarget.5Crepo_projects.5CpRealEcu.5CcL_LATEST.5Cmake.5Coutput.5Cobjects.5CSwcApplTpms_Version...43.3A.5C_ECU2.5CECU_Rivian_A1.5CTarget.5Crepo_projects.5CpRealEcu.5CcL_LATEST.5Cmake..64F82E0F..0::
                         156 	.section	.debug_info
                         157 .Ldw_begin:
00000000 25030000        158 	.word	.Ldw_end-.Ldw_begin-4
00000004 0200            159 	.byte	2,0
00000006 00000000*       160 	.word	.Ldw_abbr_begin
0000000a 04              161 	.byte	4
                         162 	.section	.debug_abbrev
                         163 .Ldw_abbr_begin:
                         164 	.section	.debug_info
0000000b 01              165 	.byte	1
0000000c 00000000*       166 	.word	..bof.C.3A.5C_ECU2.5CECU_Rivian_A1.5CTarget.5Crepo_projects.5CpRealEcu.5CcL_LATEST.5Cmake.5Coutput.5Cobjects.5CSwcApplTpms_Version...43.3A.5C_ECU2.5CECU_Rivian_A1.5CTarget.5Crepo_projects.5CpRealEcu.5CcL_LATEST.5Cmake..64F82E0F..0
00000010 00000000*       167 	.word	..eof.C.3A.5C_ECU2.5CECU_Rivian_A1.5CTarget.5Crepo_projects.5CpRealEcu.5CcL_LATEST.5Cmake.5Coutput.5Cobjects.5CSwcApplTpms_Version...43.3A.5C_ECU2.5CECU_Rivian_A1.5CTarget.5Crepo_projects.5CpRealEcu.5CcL_LATEST.5Cmake..64F82E0F..0
00000014 2e2e2f736f75    168 	.strz	"../source/ProjectCfg/SwcApplTpms_Version.c"
0000001a 7263652f5072 
00000020 6f6a65637443 

                                                                      Page 4
                                                              C:\Users\nhuliyap\AppData\Local\Temp\gh_0000dlo1.s
00000026 66672f537763 
0000002c 4170706c5470 
00000032 6d735f566572 
00000038 73696f6e2e63 
0000003e 00 
0000003f 433a5c5f4543    169 	.strz	"C:\\_ECU2\\ECU_Rivian_A1\\Target\\repo_projects\\pRealEcu\\cL_LATEST\\make"
00000045 55325c454355 
0000004b 5f5269766961 
00000051 6e5f41315c54 
00000057 61726765745c 
0000005d 7265706f5f70 
00000063 726f6a656374 
00000069 735c70526561 
0000006f 6c4563755c63 
00000075 4c5f4c415445 
0000007b 53545c6d616b 
00000081 6500 
00000083 474853204320    170 	.strz	"GHS C 2015.1.7 [dual]"
00000089 323031352e31 
0000008f 2e37205b6475 
00000095 616c5d00 
00000099 0100            171 	.byte	1,0
0000009b 00000000*       172 	.word	.Ldw_line_begin
0000009f 00000000*       173 	.word	.Ldw_macinfo_begin
000000a3 00              174 	.byte	0
                         175 
                         176 	.section	.debug_abbrev
00000000 01              177 	.byte	1
00000001 11              178 	.byte	17
00000002 01              179 	.byte	1
00000003 1101            180 	.byte	17,1
00000005 1201            181 	.byte	18,1
00000007 0308            182 	.byte	3,8
00000009 1b08            183 	.byte	27,8
0000000b 2508            184 	.byte	37,8
0000000d 1305            185 	.byte	19,5
0000000f 1006            186 	.byte	16,6
00000011 4306            187 	.byte	67,6
00000013 420b            188 	.byte	66,11
00000015 0000            189 	.byte	0,0
                         190 
                         191 	.section	.debug_line
                         192 .Ldw_line_begin:
00000000 0c020000        193 	.word	.Ldw_line_end-.Ldw_line_begin-4
00000004 0200            194 	.byte	2,0
00000006 00000000*       195 	.word	.Ldw_lpro_end-.Ldw_lpro_begin
                         196 .Ldw_lpro_begin:
0000000a 01              197 	.byte	1
0000000b 00              198 	.byte	0
0000000c 00              199 	.byte	0
0000000d 04              200 	.byte	4
0000000e 0a              201 	.byte	10
0000000f 000101          202 	.byte	0,1,1
00000012 010100          203 	.byte	1,1,0
00000015 000001          204 	.byte	0,0,1
00000018 00              205 	.byte	0
00000019 2e2e2f736f75    206 	.strz	"../source/ProjectCfg/SwcApplTpms_Version.c"
0000001f 7263652f5072 
00000025 6f6a65637443 
0000002b 66672f537763 
00000031 4170706c5470 

                                                                      Page 5
                                                              C:\Users\nhuliyap\AppData\Local\Temp\gh_0000dlo1.s
00000037 6d735f566572 
0000003d 73696f6e2e63 
00000043 00 
00000044 000000          207 	.byte	0,0,0
00000047 2e2e2f736f75    208 	.strz	"../source/SwcApplTpms/iTpms_Interface.hpp"
0000004d 7263652f5377 
00000053 634170706c54 
00000059 706d732f6954 
0000005f 706d735f496e 
00000065 746572666163 
0000006b 652e68707000 
00000071 000000          209 	.byte	0,0,0
00000074 2e2e2f736f75    210 	.strz	"../source/SwcApplTpms/Tpms_Rte_Data_Type.hpp"
0000007a 7263652f5377 
00000080 634170706c54 
00000086 706d732f5470 
0000008c 6d735f527465 
00000092 5f446174615f 
00000098 547970652e68 
0000009e 707000 
000000a1 000000          211 	.byte	0,0,0
000000a4 2e2e2f736f75    212 	.strz	"../source/McalMcu/Types.hpp"
000000aa 7263652f4d63 
000000b0 616c4d63752f 
000000b6 54797065732e 
000000bc 68707000 
000000c0 000000          213 	.byte	0,0,0
000000c3 2e2e2f736f75    214 	.strz	"../source/common/Std_Types.hpp"
000000c9 7263652f636f 
000000cf 6d6d6f6e2f53 
000000d5 74645f547970 
000000db 65732e687070 
000000e1 00 
000000e2 000000          215 	.byte	0,0,0
000000e5 2e2e2f736f75    216 	.strz	"../source/common/Platform_Types.hpp"
000000eb 7263652f636f 
000000f1 6d6d6f6e2f50 
000000f7 6c6174666f72 
000000fd 6d5f54797065 
00000103 732e68707000 
00000109 000000          217 	.byte	0,0,0
0000010c 2e2e2f736f75    218 	.strz	"../source/common/Compiler.hpp"
00000112 7263652f636f 
00000118 6d6d6f6e2f43 
0000011e 6f6d70696c65 
00000124 722e68707000 
0000012a 000000          219 	.byte	0,0,0
0000012d 2e2e2f736f75    220 	.strz	"../source/ProjectCompiler/Compiler_Cfg.hpp"
00000133 7263652f5072 
00000139 6f6a65637443 
0000013f 6f6d70696c65 
00000145 722f436f6d70 
0000014b 696c65725f43 
00000151 66672e687070 
00000157 00 
00000158 000000          221 	.byte	0,0,0
0000015b 2e2e2f736f75    222 	.strz	"../source/ProjectCompiler/CompilerCfg_SwcServiceOs.hpp"
00000161 7263652f5072 
00000167 6f6a65637443 
0000016d 6f6d70696c65 
00000173 722f436f6d70 

                                                                      Page 6
                                                              C:\Users\nhuliyap\AppData\Local\Temp\gh_0000dlo1.s
00000179 696c65724366 
0000017f 675f53776353 
00000185 657276696365 
0000018b 4f732e687070 
00000191 00 
00000192 000000          223 	.byte	0,0,0
00000195 2e2e2f736f75    224 	.strz	"../source/SwcApplTpms/SwcApplTpms_Rte.hpp"
0000019b 7263652f5377 
000001a1 634170706c54 
000001a7 706d732f5377 
000001ad 634170706c54 
000001b3 706d735f5274 
000001b9 652e68707000 
000001bf 000000          225 	.byte	0,0,0
000001c2 2e2e2f736f75    226 	.strz	"../source/SwcApplTpms/SwcApplTpms_Rte_Type.hpp"
000001c8 7263652f5377 
000001ce 634170706c54 
000001d4 706d732f5377 
000001da 634170706c54 
000001e0 706d735f5274 
000001e6 655f54797065 
000001ec 2e68707000 
000001f1 000000          227 	.byte	0,0,0
000001f4 00              228 	.byte	0
                         229 .Ldw_lpro_end:
                         230 	.section	.debug_macinfo
                         231 .Ldw_macinfo_begin:
                         232 	.section	.debug_frame
                         233 .LDW_4c4be98:
00000000 00000000*       234 	.word	.LDW_unq_2-.LDW_unq_1
                         235 .LDW_unq_1:
00000004 ffffffff        236 	.byte	255,255,255,255
00000008 01              237 	.byte	1
00000009 00              238 	.byte	0
0000000a 01              239 	.byte	1
0000000b 01              240 	.byte	1
0000000c 1f              241 	.byte	31
0000000d 0c              242 	.byte	12
0000000e 03              243 	.byte	3
0000000f 00              244 	.byte	0
00000010 07              245 	.byte	7
00000011 00              246 	.byte	0
00000012 07              247 	.byte	7
00000013 01              248 	.byte	1
00000014 07              249 	.byte	7
00000015 02              250 	.byte	2
00000016 07              251 	.byte	7
00000017 03              252 	.byte	3
00000018 07              253 	.byte	7
00000019 04              254 	.byte	4
0000001a 07              255 	.byte	7
0000001b 05              256 	.byte	5
0000001c 07              257 	.byte	7
0000001d 06              258 	.byte	6
0000001e 07              259 	.byte	7
0000001f 07              260 	.byte	7
00000020 07              261 	.byte	7
00000021 08              262 	.byte	8
00000022 07              263 	.byte	7
00000023 09              264 	.byte	9
00000024 07              265 	.byte	7

                                                                      Page 7
                                                              C:\Users\nhuliyap\AppData\Local\Temp\gh_0000dlo1.s
00000025 0a              266 	.byte	10
00000026 07              267 	.byte	7
00000027 0b              268 	.byte	11
00000028 07              269 	.byte	7
00000029 0c              270 	.byte	12
0000002a 07              271 	.byte	7
0000002b 0d              272 	.byte	13
0000002c 07              273 	.byte	7
0000002d 0e              274 	.byte	14
0000002e 07              275 	.byte	7
0000002f 0f              276 	.byte	15
00000030 07              277 	.byte	7
00000031 10              278 	.byte	16
00000032 07              279 	.byte	7
00000033 11              280 	.byte	17
00000034 07              281 	.byte	7
00000035 12              282 	.byte	18
00000036 07              283 	.byte	7
00000037 13              284 	.byte	19
00000038 08              285 	.byte	8
00000039 14              286 	.byte	20
0000003a 08              287 	.byte	8
0000003b 15              288 	.byte	21
0000003c 08              289 	.byte	8
0000003d 16              290 	.byte	22
0000003e 08              291 	.byte	8
0000003f 17              292 	.byte	23
00000040 08              293 	.byte	8
00000041 18              294 	.byte	24
00000042 08              295 	.byte	8
00000043 19              296 	.byte	25
00000044 08              297 	.byte	8
00000045 1a              298 	.byte	26
00000046 08              299 	.byte	8
00000047 1b              300 	.byte	27
00000048 08              301 	.byte	8
00000049 1c              302 	.byte	28
0000004a 08              303 	.byte	8
0000004b 1d              304 	.byte	29
0000004c 07              305 	.byte	7
0000004d 1e              306 	.byte	30
0000004e 08              307 	.byte	8
0000004f 1f              308 	.byte	31
00000050 07              309 	.byte	7
00000051 20              310 	.byte	32
00000052 07              311 	.byte	7
00000053 21              312 	.byte	33
00000054 07              313 	.byte	7
00000055 22              314 	.byte	34
00000056 07              315 	.byte	7
00000057 23              316 	.byte	35
00000058 07              317 	.byte	7
00000059 24              318 	.byte	36
0000005a 07              319 	.byte	7
0000005b 25              320 	.byte	37
0000005c 07              321 	.byte	7
0000005d 26              322 	.byte	38
0000005e 07              323 	.byte	7
0000005f 27              324 	.byte	39
00000060 07              325 	.byte	7
00000061 28              326 	.byte	40

                                                                      Page 8
                                                              C:\Users\nhuliyap\AppData\Local\Temp\gh_0000dlo1.s
00000062 07              327 	.byte	7
00000063 29              328 	.byte	41
00000064 07              329 	.byte	7
00000065 2a              330 	.byte	42
00000066 07              331 	.byte	7
00000067 2b              332 	.byte	43
00000068 07              333 	.byte	7
00000069 2c              334 	.byte	44
0000006a 07              335 	.byte	7
0000006b 2d              336 	.byte	45
0000006c 07              337 	.byte	7
0000006d 2e              338 	.byte	46
0000006e 07              339 	.byte	7
0000006f 2f              340 	.byte	47
00000070 07              341 	.byte	7
00000071 30              342 	.byte	48
00000072 07              343 	.byte	7
00000073 31              344 	.byte	49
00000074 07              345 	.byte	7
00000075 32              346 	.byte	50
00000076 07              347 	.byte	7
00000077 33              348 	.byte	51
00000078 07              349 	.byte	7
00000079 34              350 	.byte	52
0000007a 07              351 	.byte	7
0000007b 35              352 	.byte	53
0000007c 07              353 	.byte	7
0000007d 36              354 	.byte	54
0000007e 07              355 	.byte	7
0000007f 37              356 	.byte	55
00000080 07              357 	.byte	7
00000081 38              358 	.byte	56
00000082 07              359 	.byte	7
00000083 39              360 	.byte	57
00000084 07              361 	.byte	7
00000085 3a              362 	.byte	58
00000086 07              363 	.byte	7
00000087 3b              364 	.byte	59
00000088 07              365 	.byte	7
00000089 3c              366 	.byte	60
0000008a 07              367 	.byte	7
0000008b 3d              368 	.byte	61
0000008c 07              369 	.byte	7
0000008d 3e              370 	.byte	62
0000008e 07              371 	.byte	7
0000008f 3f              372 	.byte	63
                         373 .LDW_unq_2:
                         374 	.section	.debug_info
                         375 .LDW_1866d80:
000000a4 2f              376 	.byte	47
000000a5 00000000*       377 	.word	.LDW_18a9eb8
                         378 
                         379 	.section	.debug_abbrev
00000017 2f              380 	.byte	47
00000018 0f              381 	.byte	15
00000019 00              382 	.byte	0
0000001a 4910            383 	.byte	73,16
0000001c 0000            384 	.byte	0,0
                         385 
                         386 	.section	.debug_info
                         387 .LDW_1867138:

                                                                      Page 9
                                                              C:\Users\nhuliyap\AppData\Local\Temp\gh_0000dlo1.s
000000a9 45              388 	.byte	69
000000aa 01              389 	.byte	1
                         390 
                         391 	.section	.debug_abbrev
0000001e 45              392 	.byte	69
0000001f 15              393 	.byte	21
00000020 01              394 	.byte	1
00000021 270c            395 	.byte	39,12
00000023 0000            396 	.byte	0,0
                         397 
                         398 	.section	.debug_info
                         399 .LDW_18aeb48:
000000ab 12              400 	.byte	18
000000ac 00000000*       401 	.word	.LDW_1866d80
000000b0 00              402 	.byte	0
                         403 
                         404 	.section	.debug_abbrev
00000025 12              405 	.byte	18
00000026 05              406 	.byte	5
00000027 00              407 	.byte	0
00000028 4910            408 	.byte	73,16
0000002a 4b0c            409 	.byte	75,12
0000002c 0000            410 	.byte	0,0
                         411 
                         412 	.section	.debug_info
000000b1 00              413 	.byte	0
                         414 
                         415 .LDW_1867170:
000000b2 25              416 	.byte	37
000000b3 756e7369676e    417 	.strz	"unsigned char"
000000b9 656420636861 
000000bf 7200 
000000c1 08              418 	.byte	8
000000c2 01              419 	.byte	1
                         420 
                         421 	.section	.debug_abbrev
0000002e 25              422 	.byte	37
0000002f 24              423 	.byte	36
00000030 00              424 	.byte	0
00000031 0308            425 	.byte	3,8
00000033 3e0b            426 	.byte	62,11
00000035 0b0b            427 	.byte	11,11
00000037 0000            428 	.byte	0,0
                         429 
                         430 	.section	.debug_info
                         431 .LDW_1867448:
000000c3 25              432 	.byte	37
000000c4 696e7400        433 	.strz	"int"
000000c8 05              434 	.byte	5
000000c9 04              435 	.byte	4
                         436 
                         437 .LDW_4bf0c98:
000000ca 3a              438 	.byte	58
000000cb 00              439 	.byte	0
000000cc 09              440 	.byte	9
000000cd 00000000*       441 	.word	.LDW_18aa0b0
                         442 
                         443 	.section	.debug_abbrev
00000039 3a              444 	.byte	58
0000003a 01              445 	.byte	1
0000003b 01              446 	.byte	1

                                                                      Page 10
                                                              C:\Users\nhuliyap\AppData\Local\Temp\gh_0000dlo1.s
0000003c 090b            447 	.byte	9,11
0000003e 0b0f            448 	.byte	11,15
00000040 4910            449 	.byte	73,16
00000042 0000            450 	.byte	0,0
                         451 
                         452 	.section	.debug_info
000000d1 32              453 	.byte	50
000000d2 00000000*       454 	.word	.LDW_1867448
000000d6 04              455 	.byte	4
000000d7 00              456 	.byte	0
000000d8 08              457 	.byte	8
                         458 
                         459 	.section	.debug_abbrev
00000044 32              460 	.byte	50
00000045 21              461 	.byte	33
00000046 00              462 	.byte	0
00000047 4910            463 	.byte	73,16
00000049 0b0f            464 	.byte	11,15
0000004b 220d            465 	.byte	34,13
0000004d 2f0d            466 	.byte	47,13
0000004f 0000            467 	.byte	0,0
                         468 
                         469 	.section	.debug_info
000000d9 00              470 	.byte	0
                         471 
                         472 .LDW_4bf0d20:
000000da 3a              473 	.byte	58
000000db 00              474 	.byte	0
000000dc 07              475 	.byte	7
000000dd 00000000*       476 	.word	.LDW_18aa0b0
                         477 
000000e1 32              478 	.byte	50
000000e2 00000000*       479 	.word	.LDW_1867448
000000e6 04              480 	.byte	4
000000e7 00              481 	.byte	0
000000e8 06              482 	.byte	6
                         483 
000000e9 00              484 	.byte	0
                         485 
                         486 .LDW_4bf0da8:
000000ea 3a              487 	.byte	58
000000eb 00              488 	.byte	0
000000ec 14              489 	.byte	20
000000ed 00000000*       490 	.word	.LDW_18aa0b0
                         491 
000000f1 32              492 	.byte	50
000000f2 00000000*       493 	.word	.LDW_1867448
000000f6 04              494 	.byte	4
000000f7 00              495 	.byte	0
000000f8 13              496 	.byte	19
                         497 
000000f9 00              498 	.byte	0
                         499 
                         500 .LDW_4bf0e30:
000000fa 3a              501 	.byte	58
000000fb 00              502 	.byte	0
000000fc 06              503 	.byte	6
000000fd 00000000*       504 	.word	.LDW_18aa0b0
                         505 
00000101 32              506 	.byte	50
00000102 00000000*       507 	.word	.LDW_1867448

                                                                      Page 11
                                                              C:\Users\nhuliyap\AppData\Local\Temp\gh_0000dlo1.s
00000106 04              508 	.byte	4
00000107 00              509 	.byte	0
00000108 05              510 	.byte	5
                         511 
00000109 00              512 	.byte	0
                         513 
                         514 .LDW_4bf0eb8:
0000010a 3a              515 	.byte	58
0000010b 00              516 	.byte	0
0000010c 06              517 	.byte	6
0000010d 00000000*       518 	.word	.LDW_18aa0b0
                         519 
00000111 32              520 	.byte	50
00000112 00000000*       521 	.word	.LDW_1867448
00000116 04              522 	.byte	4
00000117 00              523 	.byte	0
00000118 05              524 	.byte	5
                         525 
00000119 00              526 	.byte	0
                         527 
                         528 .LDW_4bf0f40:
0000011a 3a              529 	.byte	58
0000011b 00              530 	.byte	0
0000011c 14              531 	.byte	20
0000011d 00000000*       532 	.word	.LDW_18aa0b0
                         533 
00000121 32              534 	.byte	50
00000122 00000000*       535 	.word	.LDW_1867448
00000126 04              536 	.byte	4
00000127 00              537 	.byte	0
00000128 13              538 	.byte	19
                         539 
00000129 00              540 	.byte	0
                         541 
                         542 .LDW_4c16e38:
0000012a 3a              543 	.byte	58
0000012b 00              544 	.byte	0
0000012c 05              545 	.byte	5
0000012d 00000000*       546 	.word	.LDW_18aa0b0
                         547 
00000131 32              548 	.byte	50
00000132 00000000*       549 	.word	.LDW_1867448
00000136 04              550 	.byte	4
00000137 00              551 	.byte	0
00000138 04              552 	.byte	4
                         553 
00000139 00              554 	.byte	0
                         555 
                         556 .LDW_4c16ec0:
0000013a 3a              557 	.byte	58
0000013b 00              558 	.byte	0
0000013c 0c              559 	.byte	12
0000013d 00000000*       560 	.word	.LDW_18aa0b0
                         561 
00000141 32              562 	.byte	50
00000142 00000000*       563 	.word	.LDW_1867448
00000146 04              564 	.byte	4
00000147 00              565 	.byte	0
00000148 0b              566 	.byte	11
                         567 
00000149 00              568 	.byte	0

                                                                      Page 12
                                                              C:\Users\nhuliyap\AppData\Local\Temp\gh_0000dlo1.s
                         569 
                         570 .LDW_4c6f950:
0000014a 29              571 	.byte	41
0000014b 00000000*       572 	.word	.LDW_18a9eb8
                         573 
                         574 	.section	.debug_abbrev
00000051 29              575 	.byte	41
00000052 26              576 	.byte	38
00000053 00              577 	.byte	0
00000054 4910            578 	.byte	73,16
00000056 0000            579 	.byte	0,0
                         580 
                         581 	.section	.debug_info
                         582 .LDW_4c6fbb8:
0000014f 29              583 	.byte	41
00000150 00000000*       584 	.word	.LDW_4c6fb08
                         585 
                         586 .LDW_4c71e68:
00000154 45              587 	.byte	69
00000155 01              588 	.byte	1
                         589 
                         590 .LDW_4c738c0:
00000156 12              591 	.byte	18
00000157 00000000*       592 	.word	.LDW_1866d80
0000015b 00              593 	.byte	0
                         594 
0000015c 00              595 	.byte	0
                         596 
                         597 .LDW_18aa0b0:
0000015d 28              598 	.byte	40
0000015e 75696e743800    599 	.strz	"uint8"
00000164 50              600 	.byte	80
00000165 4b              601 	.byte	75
00000166 06              602 	.byte	6
00000167 00000000*       603 	.word	.LDW_1867170
                         604 
                         605 	.section	.debug_abbrev
00000058 28              606 	.byte	40
00000059 16              607 	.byte	22
0000005a 00              608 	.byte	0
0000005b 0308            609 	.byte	3,8
0000005d 3b0f            610 	.byte	59,15
0000005f 390f            611 	.byte	57,15
00000061 3a0f            612 	.byte	58,15
00000063 4910            613 	.byte	73,16
00000065 0000            614 	.byte	0,0
                         615 
                         616 	.section	.debug_info
                         617 .LDW_18a9eb8:
0000016b 40              618 	.byte	64
0000016c 737472756374    619 	.strz	"struct_Version"
00000172 5f5665727369 
00000178 6f6e00 
0000017b 5b              620 	.byte	91
0000017c 08              621 	.byte	8
0000017d 02              622 	.byte	2
0000017e 44              623 	.byte	68
0000017f 01              624 	.byte	1
                         625 
                         626 	.section	.debug_abbrev
00000067 40              627 	.byte	64

                                                                      Page 13
                                                              C:\Users\nhuliyap\AppData\Local\Temp\gh_0000dlo1.s
00000068 13              628 	.byte	19
00000069 01              629 	.byte	1
0000006a 0308            630 	.byte	3,8
0000006c 3b0f            631 	.byte	59,15
0000006e 390f            632 	.byte	57,15
00000070 3a0f            633 	.byte	58,15
00000072 0b0f            634 	.byte	11,15
00000074 320b            635 	.byte	50,11
00000076 0000            636 	.byte	0,0
                         637 
                         638 	.section	.debug_info
                         639 .LDW_4c165e8:
00000180 23              640 	.byte	35
00000181 756361417070    641 	.strz	"ucaApplVersionHuf"
00000187 6c5665727369 
0000018d 6f6e48756600 
00000193 5d              642 	.byte	93
00000194 09              643 	.byte	9
00000195 02              644 	.byte	2
00000196 00000000*       645 	.word	.LDW_4bf0c98
0000019a 0223            646 	.byte	2,35
0000019c 00              647 	.byte	0
0000019d 01              648 	.byte	1
                         649 
                         650 	.section	.debug_abbrev
00000078 23              651 	.byte	35
00000079 0d              652 	.byte	13
0000007a 00              653 	.byte	0
0000007b 0308            654 	.byte	3,8
0000007d 3b0f            655 	.byte	59,15
0000007f 390f            656 	.byte	57,15
00000081 3a0f            657 	.byte	58,15
00000083 4910            658 	.byte	73,16
00000085 380a            659 	.byte	56,10
00000087 320b            660 	.byte	50,11
00000089 0000            661 	.byte	0,0
                         662 
                         663 	.section	.debug_info
                         664 .LDW_4c15e50:
0000019e 23              665 	.byte	35
0000019f 756361417070    666 	.strz	"ucaApplVersionCst"
000001a5 6c5665727369 
000001ab 6f6e43737400 
000001b1 5e              667 	.byte	94
000001b2 09              668 	.byte	9
000001b3 02              669 	.byte	2
000001b4 00000000*       670 	.word	.LDW_4bf0d20
000001b8 0223            671 	.byte	2,35
000001ba 09              672 	.byte	9
000001bb 01              673 	.byte	1
                         674 
                         675 .LDW_4c16318:
000001bc 23              676 	.byte	35
000001bd 756361417070    677 	.strz	"ucaApplVersionCDD"
000001c3 6c5665727369 
000001c9 6f6e43444400 
000001cf 5f              678 	.byte	95
000001d0 09              679 	.byte	9
000001d1 02              680 	.byte	2
000001d2 00000000*       681 	.word	.LDW_4bf0da8
000001d6 0223            682 	.byte	2,35

                                                                      Page 14
                                                              C:\Users\nhuliyap\AppData\Local\Temp\gh_0000dlo1.s
000001d8 10              683 	.byte	16
000001d9 01              684 	.byte	1
                         685 
                         686 .LDW_4c15f70:
000001da 23              687 	.byte	35
000001db 756361436f6d    688 	.strz	"ucaCompilerName"
000001e1 70696c65724e 
000001e7 616d6500 
000001eb 60              689 	.byte	96
000001ec 09              690 	.byte	9
000001ed 02              691 	.byte	2
000001ee 00000000*       692 	.word	.LDW_4bf0e30
000001f2 0223            693 	.byte	2,35
000001f4 24              694 	.byte	36
000001f5 01              695 	.byte	1
                         696 
                         697 .LDW_4c16000:
000001f6 23              698 	.byte	35
000001f7 756361436f6d    699 	.strz	"ucaCompilerVersion"
000001fd 70696c657256 
00000203 657273696f6e 
00000209 00 
0000020a 61              700 	.byte	97
0000020b 09              701 	.byte	9
0000020c 02              702 	.byte	2
0000020d 00000000*       703 	.word	.LDW_4bf0eb8
00000211 0223            704 	.byte	2,35
00000213 2a              705 	.byte	42
00000214 01              706 	.byte	1
                         707 
                         708 .LDW_4c16360:
00000215 23              709 	.byte	35
00000216 756361427569    710 	.strz	"ucaBuild_Date"
0000021c 6c645f446174 
00000222 6500 
00000224 62              711 	.byte	98
00000225 09              712 	.byte	9
00000226 02              713 	.byte	2
00000227 00000000*       714 	.word	.LDW_4bf0f40
0000022b 0223            715 	.byte	2,35
0000022d 30              716 	.byte	48
0000022e 01              717 	.byte	1
                         718 
0000022f 00              719 	.byte	0
                         720 
                         721 .LDW_4c6fb08:
00000230 40              722 	.byte	64
00000231 737472756374    723 	.strz	"struct_BCM_Version"
00000237 5f42434d5f56 
0000023d 657273696f6e 
00000243 00 
00000244 43              724 	.byte	67
00000245 08              725 	.byte	8
00000246 0a              726 	.byte	10
00000247 11              727 	.byte	17
00000248 01              728 	.byte	1
                         729 
                         730 .LDW_4c70a08:
00000249 23              731 	.byte	35
0000024a 75636142434d    732 	.strz	"ucaBCM_Version"
00000250 5f5665727369 

                                                                      Page 15
                                                              C:\Users\nhuliyap\AppData\Local\Temp\gh_0000dlo1.s
00000256 6f6e00 
00000259 45              733 	.byte	69
0000025a 0a              734 	.byte	10
0000025b 0a              735 	.byte	10
0000025c 00000000*       736 	.word	.LDW_4c16e38
00000260 0223            737 	.byte	2,35
00000262 00              738 	.byte	0
00000263 01              739 	.byte	1
                         740 
                         741 .LDW_4c708a0:
00000264 23              742 	.byte	35
00000265 75636142434d    743 	.strz	"ucaBCM_Date"
0000026b 5f4461746500 
00000271 46              744 	.byte	70
00000272 09              745 	.byte	9
00000273 0a              746 	.byte	10
00000274 00000000*       747 	.word	.LDW_4c16ec0
00000278 0223            748 	.byte	2,35
0000027a 05              749 	.byte	5
0000027b 01              750 	.byte	1
                         751 
0000027c 00              752 	.byte	0
                         753 
                         754 .LDW_4c6fb60:
0000027d 04              755 	.byte	4
0000027e 675f73487566    756 	.strz	"g_sHufVersion"
00000284 56657273696f 
0000028a 6e00 
0000028c 36              757 	.byte	54
0000028d 1d              758 	.byte	29
0000028e 01              759 	.byte	1
0000028f 00000000*       760 	.word	.LDW_4c6f950
00000293 01              761 	.byte	1
00000294 00              762 	.byte	0
00000295 0503            763 	.byte	5,3
00000297 00000000*       764 	.word	_g_sHufVersion
                         765 
                         766 	.section	.debug_abbrev
0000008b 04              767 	.byte	4
0000008c 34              768 	.byte	52
0000008d 00              769 	.byte	0
0000008e 0308            770 	.byte	3,8
00000090 3b0f            771 	.byte	59,15
00000092 390f            772 	.byte	57,15
00000094 3a0f            773 	.byte	58,15
00000096 4910            774 	.byte	73,16
00000098 3f0c            775 	.byte	63,12
0000009a 3c0c            776 	.byte	60,12
0000009c 020a            777 	.byte	2,10
0000009e 0000            778 	.byte	0,0
                         779 
                         780 	.section	.debug_info
                         781 .LDW_4c6fa58:
0000029b 04              782 	.byte	4
0000029c 675f7342434d    783 	.strz	"g_sBCMVersion"
000002a2 56657273696f 
000002a8 6e00 
000002aa 42              784 	.byte	66
000002ab 21              785 	.byte	33
000002ac 01              786 	.byte	1
000002ad 00000000*       787 	.word	.LDW_4c6fbb8

                                                                      Page 16
                                                              C:\Users\nhuliyap\AppData\Local\Temp\gh_0000dlo1.s
000002b1 01              788 	.byte	1
000002b2 00              789 	.byte	0
000002b3 0503            790 	.byte	5,3
000002b5 00000000*       791 	.word	_g_sBCMVersion
                         792 
                         793 .LDW_4c724e8:
000002b9 15              794 	.byte	21
000002ba 436c69656e74    795 	.strz	"ClientIf_Debug_GetVersion"
000002c0 49665f446562 
000002c6 75675f476574 
000002cc 56657273696f 
000002d2 6e00 
000002d4 f501            796 	.byte	245,1
000002d6 0d              797 	.byte	13
000002d7 02              798 	.byte	2
000002d8 01              799 	.byte	1
000002d9 00              800 	.byte	0
000002da 01              801 	.byte	1
000002db 01              802 	.byte	1
000002dc 00              803 	.byte	0
000002dd 01              804 	.byte	1
                         805 
                         806 	.section	.debug_abbrev
000000a0 15              807 	.byte	21
000000a1 2e              808 	.byte	46
000000a2 01              809 	.byte	1
000000a3 0308            810 	.byte	3,8
000000a5 3b0f            811 	.byte	59,15
000000a7 390f            812 	.byte	57,15
000000a9 3a0f            813 	.byte	58,15
000000ab 3c0c            814 	.byte	60,12
000000ad 200b            815 	.byte	32,11
000000af 3f0c            816 	.byte	63,12
000000b1 320b            817 	.byte	50,11
000000b3 4c0b            818 	.byte	76,11
000000b5 270c            819 	.byte	39,12
000000b7 0000            820 	.byte	0,0
                         821 
                         822 	.section	.debug_info
000002de 00              823 	.byte	0
                         824 
                         825 .LDW_18a9f10:
000002df 13              826 	.byte	19
000002e0 48756649665f    827 	.strz	"HufIf_GetVersion"
000002e6 476574566572 
000002ec 73696f6e00 
000002f1 52              828 	.byte	82
000002f2 06              829 	.byte	6
000002f3 01              830 	.byte	1
000002f4 00000000*       831 	.word	_HufIf_GetVersion
000002f8 00000000*       832 	.word	___ghs_eofn_HufIf_GetVersion
000002fc 0153            833 	.byte	1,83
000002fe 02              834 	.byte	2
000002ff 00              835 	.byte	0
00000300 02              836 	.byte	2
00000301 00              837 	.byte	0
00000302 00              838 	.byte	0
00000303 00              839 	.byte	0
00000304 00              840 	.byte	0
00000305 01              841 	.byte	1
00000306 01              842 	.byte	1

                                                                      Page 17
                                                              C:\Users\nhuliyap\AppData\Local\Temp\gh_0000dlo1.s
00000307 00              843 	.byte	0
00000308 01              844 	.byte	1
                         845 
                         846 	.section	.debug_abbrev
000000b9 13              847 	.byte	19
000000ba 2e              848 	.byte	46
000000bb 01              849 	.byte	1
000000bc 0308            850 	.byte	3,8
000000be 3b0f            851 	.byte	59,15
000000c0 390f            852 	.byte	57,15
000000c2 3a0f            853 	.byte	58,15
000000c4 1101            854 	.byte	17,1
000000c6 1201            855 	.byte	18,1
000000c8 400a            856 	.byte	64,10
000000ca 8341            857 	.byte	131,65
000000cc 0f              858 	.byte	15
000000cd 8741            859 	.byte	135,65
000000cf 0d              860 	.byte	13
000000d0 8541            861 	.byte	133,65
000000d2 0f              862 	.byte	15
000000d3 8641            863 	.byte	134,65
000000d5 0d              864 	.byte	13
000000d6 9241            865 	.byte	146,65
000000d8 0f              866 	.byte	15
000000d9 3c0c            867 	.byte	60,12
000000db 200b            868 	.byte	32,11
000000dd 3f0c            869 	.byte	63,12
000000df 320b            870 	.byte	50,11
000000e1 4c0b            871 	.byte	76,11
000000e3 270c            872 	.byte	39,12
000000e5 0000            873 	.byte	0,0
                         874 
                         875 	.section	.debug_frame
                         876 .LDW_18ad2f0:
00000090 00000000*       877 	.word	.LDW_unq_4-.LDW_unq_3
                         878 .LDW_unq_3:
00000094 00000000*       879 	.word	.LDW_4c4be98
00000098 00000000*       880 	.word	_HufIf_GetVersion
0000009c 00000000*       881 	.word	___ghs_eofn_HufIf_GetVersion-_HufIf_GetVersion
000000a0 01              882 	.byte	1
000000a1 00000000*       883 	.word	.LDW11
000000a5 00              884 	.byte	0
000000a6 00              885 	.byte	0
000000a7 00              886 	.byte	0
                         887 .LDW_unq_4:
                         888 	.section	.debug_line
000001f5 000502          889 	.byte	0,5,2
000001f8 00000000*       890 	.word	_HufIf_GetVersion
000001fc 06              891 	.byte	6
000001fd 03              892 	.byte	3
000001fe d200            893 	.byte	210,0
00000200 02              894 	.byte	2
00000201 00              895 	.byte	0
00000202 01              896 	.byte	1
00000203 000502          897 	.byte	0,5,2
00000206 00000000*       898 	.word	.LDWlin1
0000020a 0b              899 	.byte	11
0000020b 02              900 	.byte	2
0000020c 04              901 	.byte	4
0000020d 000101          902 	.byte	0,1,1
                         903 	.section	.debug_info

                                                                      Page 18
                                                              C:\Users\nhuliyap\AppData\Local\Temp\gh_0000dlo1.s
                         904 .LDW_18a9fa8:
00000309 0f              905 	.byte	15
0000030a 735665727369    906 	.strz	"sVersion"
00000310 6f6e00 
00000313 52              907 	.byte	82
00000314 2e              908 	.byte	46
00000315 01              909 	.byte	1
00000316 00000000*       910 	.word	.LDW_1866d80
0000031a 00              911 	.byte	0
0000031b 0156            912 	.byte	1,86
                         913 
                         914 	.section	.debug_abbrev
000000e7 0f              915 	.byte	15
000000e8 05              916 	.byte	5
000000e9 00              917 	.byte	0
000000ea 0308            918 	.byte	3,8
000000ec 3b0f            919 	.byte	59,15
000000ee 390f            920 	.byte	57,15
000000f0 3a0f            921 	.byte	58,15
000000f2 4910            922 	.byte	73,16
000000f4 4b0c            923 	.byte	75,12
000000f6 020a            924 	.byte	2,10
000000f8 0000            925 	.byte	0,0
                         926 
                         927 	.section	.debug_info
                         928 .LDW_18aeae8:
0000031d 1d              929 	.byte	29
0000031e 00000000*       930 	.word	.LDW01
00000322 00000000*       931 	.word	.LDW11
                         932 
                         933 	.section	.debug_abbrev
000000fa 1d              934 	.byte	29
000000fb 0b              935 	.byte	11
000000fc 01              936 	.byte	1
000000fd 1101            937 	.byte	17,1
000000ff 1201            938 	.byte	18,1
00000101 0000            939 	.byte	0,0
                         940 
                         941 	.section	.debug_info
00000326 00              942 	.byte	0
                         943 
00000327 00              944 	.byte	0
                         945 
00000328 00              946 	.byte	0
                         947 
                         948 	.section	.debug_line
                         949 .Ldw_line_end:
                         950 	.section	.debug_macinfo
00000000 01              951 	.byte	1
00000001 00              952 	.byte	0
00000002 5f5f6768735f    953 	.strz	"__ghs__ 1"
00000008 5f203100 
0000000c 01              954 	.byte	1
0000000d 00              955 	.byte	0
0000000e 5f5f4c4c4f4e    956 	.strz	"__LLONG_BIT 64"
00000014 475f42495420 
0000001a 363400 
0000001d 03              957 	.byte	3
0000001e 00              958 	.byte	0
0000001f 01              959 	.byte	1
00000020 03              960 	.byte	3

                                                                      Page 19
                                                              C:\Users\nhuliyap\AppData\Local\Temp\gh_0000dlo1.s
00000021 1a              961 	.byte	26
00000022 02              962 	.byte	2
00000023 03              963 	.byte	3
00000024 06              964 	.byte	6
00000025 03              965 	.byte	3
00000026 03              966 	.byte	3
00000027 04              967 	.byte	4
00000028 04              968 	.byte	4
00000029 03              969 	.byte	3
0000002a 07              970 	.byte	7
0000002b 05              971 	.byte	5
0000002c 03              972 	.byte	3
0000002d 1c              973 	.byte	28
0000002e 06              974 	.byte	6
0000002f 01              975 	.byte	1
00000030 3c              976 	.byte	60
00000031 545255452031    977 	.strz	"TRUE 1u"
00000037 7500 
00000039 01              978 	.byte	1
0000003a 40              979 	.byte	64
0000003b 46414c534520    980 	.strz	"FALSE 0u"
00000041 307500 
00000044 04              981 	.byte	4
00000045 03              982 	.byte	3
00000046 1d              983 	.byte	29
00000047 07              984 	.byte	7
00000048 03              985 	.byte	3
00000049 1b              986 	.byte	27
0000004a 08              987 	.byte	8
0000004b 03              988 	.byte	3
0000004c 54              989 	.byte	84
0000004d 09              990 	.byte	9
0000004e 04              991 	.byte	4
0000004f 04              992 	.byte	4
00000050 04              993 	.byte	4
00000051 04              994 	.byte	4
00000052 04              995 	.byte	4
00000053 01              996 	.byte	1
00000054 0e              997 	.byte	14
00000055 50524f445543    998 	.strz	"PRODUCTION_SW 0x0"
0000005b 54494f4e5f53 
00000061 572030783000 
00000067 01              999 	.byte	1
00000068 0f             1000 	.byte	15
00000069 444556454c4f   1001 	.strz	"DEVELOPMENT_SW 0x1"
0000006f 504d454e545f 
00000075 535720307831 
0000007b 00 
0000007c 01             1002 	.byte	1
0000007d 10             1003 	.byte	16
0000007e 53575f434154   1004 	.strz	"SW_CATEGORY PRODUCTION_SW"
00000084 45474f525920 
0000008a 50524f445543 
00000090 54494f4e5f53 
00000096 5700 
00000098 04             1005 	.byte	4
00000099 01             1006 	.byte	1
0000009a 08             1007 	.byte	8
0000009b 4d41585f5349   1008 	.strz	"MAX_SIZE_WS_TELEGRAM 16U"
000000a1 5a455f57535f 
000000a7 54454c454752 

                                                                      Page 20
                                                              C:\Users\nhuliyap\AppData\Local\Temp\gh_0000dlo1.s
000000ad 414d20313655 
000000b3 00 
000000b4 01             1009 	.byte	1
000000b5 11             1010 	.byte	17
000000b6 4e564d5f424c   1011 	.strz	"NVM_BLOCK_TYPE uint32"
000000bc 4f434b5f5459 
000000c2 50452075696e 
000000c8 74333200 
000000cc 04             1012 	.byte	4
000000cd 03             1013 	.byte	3
000000ce 1b             1014 	.byte	27
000000cf 0a             1015 	.byte	10
000000d0 03             1016 	.byte	3
000000d1 06             1017 	.byte	6
000000d2 0b             1018 	.byte	11
000000d3 04             1019 	.byte	4
000000d4 01             1020 	.byte	1
000000d5 18             1021 	.byte	24
000000d6 53454e534f52   1022 	.strz	"SENSOR_AUFLOESUNG_25MBAR "
000000dc 5f4155464c4f 
000000e2 4553554e475f 
000000e8 32354d424152 
000000ee 2000 
000000f0 04             1023 	.byte	4
000000f1 01             1024 	.byte	1
000000f2 21             1025 	.byte	33
000000f3 4150504c5f56   1026 	.strz	"APPL_VERSION \"LMC00003\""
000000f9 455253494f4e 
000000ff 20224c4d4330 
00000105 303030332200 
0000010b 01             1027 	.byte	1
0000010c 22             1028 	.byte	34
0000010d 4150504c5f56   1029 	.strz	"APPL_VERSION_CST \"000002\""
00000113 455253494f4e 
00000119 5f4353542022 
0000011f 303030303032 
00000125 2200 
00000127 01             1030 	.byte	1
00000128 24             1031 	.byte	36
00000129 4150504c5f42   1032 	.strz	"APPL_BUILD_TIME_DATE \"21.10.2021-14:34:50\""
0000012f 55494c445f54 
00000135 494d455f4441 
0000013b 544520223231 
00000141 2e31302e3230 
00000147 32312d31343a 
0000014d 33343a353022 
00000153 00 
00000154 01             1033 	.byte	1
00000155 27             1034 	.byte	39
00000156 4150504c5f56   1035 	.strz	"APPL_VERSION_CDD \"21\""
0000015c 455253494f4e 
00000162 5f4344442022 
00000168 32312200 
0000016c 01             1036 	.byte	1
0000016d 28             1037 	.byte	40
0000016e 434f4d50494c   1038 	.strz	"COMPILER_NAME \"GHS\""
00000174 45525f4e414d 
0000017a 452022474853 
00000180 2200 
00000182 01             1039 	.byte	1
00000183 29             1040 	.byte	41

                                                                      Page 21
                                                              C:\Users\nhuliyap\AppData\Local\Temp\gh_0000dlo1.s
00000184 434f4d50494c   1041 	.strz	"COMPILER_VERSION \"201517\""
0000018a 45525f564552 
00000190 53494f4e2022 
00000196 323031353137 
0000019c 2200 
0000019e 01             1042 	.byte	1
0000019f 3f             1043 	.byte	63
000001a0 42434d5f5645   1044 	.strz	"BCM_VERSION \"Vx.x\""
000001a6 5253494f4e20 
000001ac 2256782e7822 
000001b2 00 
000001b3 01             1045 	.byte	1
000001b4 40             1046 	.byte	64
000001b5 42434d5f4441   1047 	.strz	"BCM_DATE \"10-Jan-2018\""
000001bb 544520223130 
000001c1 2d4a616e2d32 
000001c7 3031382200 
000001cc 04             1048 	.byte	4
000001cd 00             1049 	.byte	0
                        1050 	.section	.debug_abbrev
00000103 00             1051 	.byte	0
                        1052 	.section	.debug_info
                        1053 .Ldw_end:
                        1054 .rh850_flags REGMODE32,DATA_ALIGN8,GP_FIX,EP_NONFIX,TP_FIX,REG2_RESERVE,G3K,GHS_MISALIGN,SDA_EXTRA_REGS_0
