                                                                      Page 1
                                                              C:\Users\nhuliyap\AppData\Local\Temp\gh_000003o1.s
Command Line: C:\ghs\comp_201517\ease850.exe -w -elf -b0 -I../source/common -I../source/ProjectCompiler -I../source/ProjectCfg -I../source/SwcApplTpms -I../source/SwcApplTpms/Intface -I../source/SwcApplEcuM -I../source/SwcServiceEcuM -I../source/SwcServiceNvM -I../source/SwcServiceOs -I../source/SwcServiceStartUp -I../source/McalAdc -I../source/McalDio -I../source/McalGpt -I../source/McalMcu -I../source/McalWdg -I../source/wrappers -I../source/wrappers/McalAta -I../source/McalLin -I../source/McalCan -I../source/wrappers/OS -I../source/McalFls -I../source/EcuabFee -I../source/EcuabMemIf -I../source/wrappers/VStdLib -I../source/wrappers/Crc -I../source/wrappers/FBL_APPL -I../source/wrappers/CAN_MANAGER -I../source/wrappers/NVM_MANAGER -I../source/wrappers/DEM_MANAGER -I../source/wrappers/RDC_MANAGER -I../source/wrappers/ENV_MANAGER -I../source/wrappers/SYS_MANAGER -I../source/wrappers/EcuabCanIf -I../source/wrappers/SwcServiceCanSM -I../source/wrappers/SwcServiceCanTp -I../source/wrappers/SwcServiceCanTp_PreCompile -I../source/wrappers/SwcServiceCom -I../source/wrappers/SwcServiceComM -I../source/wrappers/SwcServiceComStack -I../source/wrappers/SwcServiceDcm -I../source/wrappers/SwcServicePduR -I../source/wrappers/SwcServiceEcuM -I../source/wrappers/Bfx -I../source/wrappers/SwcServiceDem -I../source/SwcServiceDet -I../source/SwcServiceFiM -I../source/wrappers/LibAutosarDiag -I../source/wrappers/rba_BswSrv -I../source/SwcServiceSchM -I../source/wrappers/SwcServiceComM/Integration -I../source/wrappers/SwcServicePduR/Integration -I../source/wrappers/EcuabCanIf/Integration -I../source/wrappers/SwcServiceCom/Integration -I../source/wrappers/SwcServiceCanTp/Integration -I../source/wrappers/SwcServiceEcuM/Integration -I../source/SwcServiceDet/Integration -I../source/wrappers/SwcServiceDcm/Integration -I../source/wrappers/SwcServiceDem/Integration -I../source/SwcServiceFiM/Integration -I../source/wrappers/EcuabCanIf/api -I../source/wrappers/SwcServiceCom/api -I../source/wrappers/SwcServiceComM/api -I../source/wrappers/SwcServicePduR/api -I../source/wrappers/Bfx/api -I../source/SwcServiceDet/api -I../source/SwcServiceFiM/api -I../source/wrappers/LibAutosarDiag/api -I../source/wrappers/rba_BswSrv/api -IC:\ghs\comp_201517\lib\rh850 -cg_underscore -cpu=rh850g3k -no_v850_simd -rh850_fpsimd=none -nomacro -patch_dbo=C:\_ECU2\ECU_Rivian_A1\Target\repo_projects\pRealEcu\cL_LATEST\make\output\objects\SwcApplTpms_NvM_Cat01_If.dbo -source=SwcApplTpms_NvM_Cat01_If.c -o output\objects\gh_000003o1.o -list=output\list\SwcApplTpms_NvM_Cat01_If.lst C:\Users\nhuliyap\AppData\Local\Temp\gh_000003o1.s 
Original File: C:\Users\nhuliyap\AppData\Local\Temp\gh_000003o1.s
Source File: SwcApplTpms_NvM_Cat01_If.c
Directory: C:\_ECU2\ECU_Rivian_A1\Target\repo_projects\pRealEcu\cL_LATEST\make
Host OS: Windows
EASE: Copyright (C) 1983-2015 Green Hills Software.  All Rights Reserved.
Release: Compiler v2015.1.7
Build Directory: [Directory] BTOWORKER6:c:/build_2015_1_bto/2015-10-21.2100-2015_1_bto/win32-comp-ecom
Revision: [VCInfo] http://toolsvc/branches/release-branch-70-bto/src@544153 (built by build)
Revision Date: Thu Oct 22 07:50:13 2015

Release Date: Thu Oct 22 09:32:32 2015

                           1 --Driver Command: ccv850 ../source/SwcApplTpms/SwcApplTpms_NvM_Cat01_If.c
                           2 --		-cpu=rh850 -fhard -ignore_callt_state_in_interrupts -large_sda
                           3 --		-misalign_pack -nofarcalls -nofloatio -no_callt -Ogeneral
                           4 --		-Onounroll -prepare_dispose -registermode=32 -reserve_r2 -sda=0
                           5 --		-shorten_loads -Wshadow --brief_diagnostics --no_commons
                           6 --		--no_wrap_diagnostics --prototype_errors --short_enum -list -G
                           7 --		-dual_debug -dwarf -X5523 -lnk=-no_xda_modifications -D
                           8 --		NOT_READY_FOR_TESTING_OR_DEPLOYMENT -D IBTCM_SW_ANPASSUNGEN -D
                           9 --		BUILD_LORDSTOWN -c -inline_prologue -I../source/common
                          10 --		-I../source/ProjectCompiler -I../source/ProjectCfg
                          11 --		-I../source/SwcApplTpms -I../source/SwcApplTpms/Intface
                          12 --		-I../source/SwcApplEcuM -I../source/SwcServiceEcuM
                          13 --		-I../source/SwcServiceNvM -I../source/SwcServiceOs
                          14 --		-I../source/SwcServiceStartUp -I../source/McalAdc
                          15 --		-I../source/McalDio -I../source/McalGpt -I../source/McalMcu
                          16 --		-I../source/McalWdg -I../source/wrappers
                          17 --		-I../source/wrappers/McalAta -I../source/McalLin
                          18 --		-I../source/McalCan -I../source/wrappers/OS -I../source/McalFls
                          19 --		-I../source/EcuabFee -I../source/EcuabMemIf
                          20 --		-I../source/wrappers/VStdLib -I../source/wrappers
                          21 --		-I../source/wrappers/Crc -I../source/wrappers/FBL_APPL
                          22 --		-I../source/wrappers/CAN_MANAGER -I../source/wrappers/NVM_MANAGER
                          23 --		-I../source/wrappers/DEM_MANAGER -I../source/wrappers/RDC_MANAGER
                          24 --		-I../source/wrappers/ENV_MANAGER -I../source/wrappers/SYS_MANAGER
                          25 --		-I../source/wrappers/EcuabCanIf
                          26 --		-I../source/wrappers/SwcServiceCanSM
                          27 --		-I../source/wrappers/SwcServiceCanTp
                          28 --		-I../source/wrappers/SwcServiceCanTp_PreCompile
                          29 --		-I../source/wrappers/SwcServiceCom
                          30 --		-I../source/wrappers/SwcServiceComM
                          31 --		-I../source/wrappers/SwcServiceComStack
                          32 --		-I../source/wrappers/SwcServiceDcm
                          33 --		-I../source/wrappers/SwcServicePduR
                          34 --		-I../source/wrappers/SwcServiceEcuM -I../source/wrappers/Bfx
                          35 --		-I../source/wrappers/SwcServiceDem -I../source/SwcServiceDet
                          36 --		-I../source/SwcServiceFiM -I../source/wrappers/LibAutosarDiag
                          37 --		-I../source/wrappers/rba_BswSrv -I../source/SwcServiceSchM
                          38 --		-I../source/wrappers/SwcServiceComM/Integration
                          39 --		-I../source/wrappers/SwcServicePduR/Integration
                          40 --		-I../source/wrappers/EcuabCanIf/Integration
                          41 --		-I../source/wrappers/SwcServiceCom/Integration
                          42 --		-I../source/wrappers/SwcServiceCanTp/Integration
                          43 --		-I../source/wrappers/SwcServiceEcuM/Integration
                          44 --		-I../source/SwcServiceDet/Integration
                          45 --		-I../source/wrappers/SwcServiceDcm/Integration
                          46 --		-I../source/wrappers/SwcServiceDem/Integration
                          47 --		-I../source/SwcServiceFiM/Integration
                          48 --		-I../source/wrappers/EcuabCanIf/api
                          49 --		-I../source/wrappers/SwcServiceCom/api
                          50 --		-I../source/wrappers/SwcServiceComM/api

                                                                      Page 2
                                                              C:\Users\nhuliyap\AppData\Local\Temp\gh_000003o1.s
                          51 --		-I../source/wrappers/SwcServicePduR/api
                          52 --		-I../source/wrappers/Bfx/api -I../source/SwcServiceDet/api
                          53 --		-I../source/SwcServiceFiM/api
                          54 --		-I../source/wrappers/LibAutosarDiag/api
                          55 --		-I../source/wrappers/rba_BswSrv/api -object_dir=output/objects
                          56 --		-list_dir=output/list
                          57 --Source File:   ../source/SwcApplTpms/SwcApplTpms_NvM_Cat01_If.c
                          58 --Directory:     
                          59 --		C:\_ECU2\ECU_Rivian_A1\Target\repo_projects\pRealEcu\cL_LATEST\make
                          60 --Compile Date:  Wed Sep 06 09:45:13 2023
                          61 --Host OS:       Win32
                          62 --Version:       C-RH850 2015.1.7 RELEASE VERSION
                          63 --Release:       Compiler v2015.1.7
                          64 --Revision Date: Thu Oct 22 08:06:12 2015
                          65 --Release Date:  Thu Oct 22 09:34:32 2015
                          66 -- ecom  -g -w -OM
                          67 	.text
                          68 ..bof.C.3A.5C_ECU2.5CECU_Rivian_A1.5CTarget.5Crepo_projects.5CpRealEcu.5CcL_LATEST.5Cmake.5Coutput.5Cobjects.5CSwcApplTpms_NvM_Cat01_If...43.3A.5C_ECU2.5CECU_Rivian_A1.5CTarget.5Crepo_projects.5CpRealEcu.5CcL_LATEST.5Cmake..64F82E09..0::
                          69 	.align	2
                          70 ..gh.f.f.1.e.0:
                          71 	.type	..gh.f.f.1.e.0,@object
                          72 	.size	..gh.f.f.1.e.0,0
                          73 	.global	_GETucResetWarnPressRefEE
                          74 _GETucResetWarnPressRefEE:
00000000 84076100         75 	prepare	{r29,r31},2
00000004 8600             76 	zxb	r6
                          77 --	    .bf
                          78 .LDW01:
00000006 6532             79 	cmp	5,r6
00000008 e43712eb         80 	cmovnl	4,r6,r29
0000000c 0092             81 	mov	0,r18
                          82 .L9:
0000000e 12f0             83 	mov	r18,ep
00000010 c3f1             84 	add	sp,ep
00000012 4192             85 	add	1,r18
00000014 8003             86 	sst.b	zero,0[ep]
00000016 6592             87 	cmp	5,r18
00000018 b1fd*            88 	bl	.L9
                          89 --line19
                          90 ..lin.C.3A.5C_ECU2.5CECU_Rivian_A1.5CTarget.5Crepo_projects.5CpRealEcu.5CcL_LATEST.5Cmake.5Coutput.5Cobjects.5CSwcApplTpms_NvM_Cat01_If.1::
                          91 .LDWlin1:
0000001a 0132             92 	mov	1,r6
0000001c 073a             93 	mov	7,r7
0000001e 0340             94 	mov	sp,r8
                          95 	jarl	_ReadBlock2Member,lp
                          95 <EXPANSION BEGIN>
                          95 jarl22 _ReadBlock2Member , lp 
00000020 80ff0000*        95 <EXPANSION END>
                          96 --line21
                          97 ..lin.C.3A.5C_ECU2.5CECU_Rivian_A1.5CTarget.5Crepo_projects.5CpRealEcu.5CcL_LATEST.5Cmake.5Coutput.5Cobjects.5CSwcApplTpms_NvM_Cat01_If.2::
                          98 .LDWlin2:
00000024 1df0             99 	mov	r29,ep
00000026 c3f1            100 	add	sp,ep
00000028 6050            101 	sld.bu	0[ep],r10
                         102 --	    .ef
                         103 .LDW11:
0000002a 44067f00        104 	dispose	2,{r29,r31},[lp]
                         105 	.global	___ghs_eofn_GETucResetWarnPressRefEE
                         106 ___ghs_eofn_GETucResetWarnPressRefEE:
                         107 	.type	_GETucResetWarnPressRefEE,@function
                         108 	.size	_GETucResetWarnPressRefEE,.-_GETucResetWarnPressRefEE

                                                                      Page 3
                                                              C:\Users\nhuliyap\AppData\Local\Temp\gh_000003o1.s
                         109 	.align	2
                         110 --_LocalCnt	r18	local
                         111 --_l_ucaData	0[sp]	local
                         112 
                         113 --_ucIndex	r29	param
                         114 
                         115 	.section ".bss","awb"
                         116 .L60:
                         117 	.type	.L60,@object
                         118 	.size	.L60,0
                         119 	.data
                         120 	.text
                         121 	.align	2
                         122 	.align	2
                         123 ..gh.f.f.1.e.1:
                         124 	.type	..gh.f.f.1.e.1,@object
                         125 	.size	..gh.f.f.1.e.1,0
                         126 	.global	_PUTucResetWarnPressRefEE
                         127 _PUTucResetWarnPressRefEE:
0000002e 8407e100        128 	prepare	{r28,r29,r31},2
00000032 8600            129 	zxb	r6
00000034 07e0            130 	mov	r7,r28
                         131 --	    .bf
                         132 .LDW21:
00000036 6532            133 	cmp	5,r6
00000038 e43712eb        134 	cmovnl	4,r6,r29
0000003c 0132            135 	mov	1,r6
0000003e 073a            136 	mov	7,r7
00000040 0340            137 	mov	sp,r8
                         138 	jarl	_ReadBlock2Member,lp
                         138 <EXPANSION BEGIN>
                         138 jarl22 _ReadBlock2Member , lp 
00000042 80ff0000*       138 <EXPANSION END>
                         139 --line31
                         140 ..lin.C.3A.5C_ECU2.5CECU_Rivian_A1.5CTarget.5Crepo_projects.5CpRealEcu.5CcL_LATEST.5Cmake.5Coutput.5Cobjects.5CSwcApplTpms_NvM_Cat01_If.3::
                         141 .LDWlin3:
00000046 1df0            142 	mov	r29,ep
00000048 c3f1            143 	add	sp,ep
0000004a 0340            144 	mov	sp,r8
0000004c 80e3            145 	sst.b	r28,0[ep]
0000004e 0132            146 	mov	1,r6
00000050 073a            147 	mov	7,r7
                         148 	jarl	_WriteMember2Blocks,lp
                         148 <EXPANSION BEGIN>
                         148 jarl22 _WriteMember2Blocks , lp 
00000052 80ff0000*       148 <EXPANSION END>
                         149 --	    .ef
                         150 .LDW31:
                         151 --line34
                         152 ..lin.C.3A.5C_ECU2.5CECU_Rivian_A1.5CTarget.5Crepo_projects.5CpRealEcu.5CcL_LATEST.5Cmake.5Coutput.5Cobjects.5CSwcApplTpms_NvM_Cat01_If.4::
                         153 .LDWlin4:
00000056 4406ff00        154 	dispose	2,{r28,r29,r31},[lp]
                         155 	.global	___ghs_eofn_PUTucResetWarnPressRefEE
                         156 ___ghs_eofn_PUTucResetWarnPressRefEE:
                         157 	.type	_PUTucResetWarnPressRefEE,@function
                         158 	.size	_PUTucResetWarnPressRefEE,.-_PUTucResetWarnPressRefEE
                         159 	.align	2
                         160 --_l_ucaData	0[sp]	local
                         161 
                         162 --_ucIndex	r29	param
                         163 --_ucData	r28	param

                                                                      Page 4
                                                              C:\Users\nhuliyap\AppData\Local\Temp\gh_000003o1.s
                         164 
                         165 	.section ".bss","awb"
                         166 .L144:
                         167 	.type	.L144,@object
                         168 	.size	.L144,0
                         169 	.data
                         170 	.text
                         171 	.align	2
                         172 	.align	2
                         173 ..gh.f.f.1.e.2:
                         174 	.type	..gh.f.f.1.e.2,@object
                         175 	.size	..gh.f.f.1.e.2,0
                         176 	.global	_PUTucPatmoEE
                         177 _PUTucPatmoEE:
0000005a 82072100        178 	prepare	{r31},1
0000005e 43370300        179 	st.b	r6,3[sp]
                         180 --	    .bf
                         181 .LDW41:
00000062 0132            182 	mov	1,r6
00000064 083a            183 	mov	8,r7
00000066 23460300        184 	movea	3,sp,r8
                         185 	jarl	_WriteMember2Blocks,lp
                         185 <EXPANSION BEGIN>
                         185 jarl22 _WriteMember2Blocks , lp 
0000006a 80ff0000*       185 <EXPANSION END>
                         186 --	    .ef
                         187 .LDW51:
                         188 --line39
                         189 ..lin.C.3A.5C_ECU2.5CECU_Rivian_A1.5CTarget.5Crepo_projects.5CpRealEcu.5CcL_LATEST.5Cmake.5Coutput.5Cobjects.5CSwcApplTpms_NvM_Cat01_If.5::
                         190 .LDWlin5:
0000006e 42063f00        191 	dispose	1,{r31},[lp]
                         192 	.global	___ghs_eofn_PUTucPatmoEE
                         193 ___ghs_eofn_PUTucPatmoEE:
                         194 	.type	_PUTucPatmoEE,@function
                         195 	.size	_PUTucPatmoEE,.-_PUTucPatmoEE
                         196 	.align	2
                         197 
                         198 --_ucData	3[sp]	param
                         199 
                         200 	.section ".bss","awb"
                         201 .L193:
                         202 	.type	.L193,@object
                         203 	.size	.L193,0
                         204 	.data
                         205 	.text
                         206 	.align	2
                         207 	.align	2
                         208 ..gh.f.f.1.e.3:
                         209 	.type	..gh.f.f.1.e.3,@object
                         210 	.size	..gh.f.f.1.e.3,0
                         211 	.global	_GETucPatmoEE
                         212 _GETucPatmoEE:
00000072 82072100        213 	prepare	{r31},1
                         214 --	    .bf
                         215 .LDW61:
00000076 43070300        216 	st.b	zero,3[sp]
0000007a 0132            217 	mov	1,r6
0000007c 083a            218 	mov	8,r7
0000007e 23460300        219 	movea	3,sp,r8
                         220 	jarl	_ReadBlock2Member,lp
                         220 <EXPANSION BEGIN>

                                                                      Page 5
                                                              C:\Users\nhuliyap\AppData\Local\Temp\gh_000003o1.s
                         220 jarl22 _ReadBlock2Member , lp 
00000082 80ff0000*       220 <EXPANSION END>
                         221 --line47
                         222 ..lin.C.3A.5C_ECU2.5CECU_Rivian_A1.5CTarget.5Crepo_projects.5CpRealEcu.5CcL_LATEST.5Cmake.5Coutput.5Cobjects.5CSwcApplTpms_NvM_Cat01_If.6::
                         223 .LDWlin6:
00000086 a3570300        224 	ld.bu	3[sp],r10
                         225 --	    .ef
                         226 .LDW71:
0000008a 42063f00        227 	dispose	1,{r31},[lp]
                         228 	.global	___ghs_eofn_GETucPatmoEE
                         229 ___ghs_eofn_GETucPatmoEE:
                         230 	.type	_GETucPatmoEE,@function
                         231 	.size	_GETucPatmoEE,.-_GETucPatmoEE
                         232 	.align	2
                         233 --_l_ucaData	3[sp]	local
                         234 
                         235 	.section ".bss","awb"
                         236 .L244:
                         237 	.type	.L244,@object
                         238 	.size	.L244,0
                         239 	.data
                         240 	.text
                         241 	.align	2
                         242 	.align	2
                         243 ..gh.f.f.1.e.4:
                         244 	.type	..gh.f.f.1.e.4,@object
                         245 	.size	..gh.f.f.1.e.4,0
                         246 	.global	_PUTscAdaptedTrefEE
                         247 _PUTscAdaptedTrefEE:
0000008e 82072100        248 	prepare	{r31},1
00000092 43370300        249 	st.b	r6,3[sp]
                         250 --	    .bf
                         251 .LDW81:
00000096 23460300        252 	movea	3,sp,r8
0000009a 0132            253 	mov	1,r6
0000009c 093a            254 	mov	9,r7
                         255 	jarl	_WriteMember2Blocks,lp
                         255 <EXPANSION BEGIN>
                         255 jarl22 _WriteMember2Blocks , lp 
0000009e 80ff0000*       255 <EXPANSION END>
                         256 --	    .ef
                         257 .LDW91:
                         258 --line55
                         259 ..lin.C.3A.5C_ECU2.5CECU_Rivian_A1.5CTarget.5Crepo_projects.5CpRealEcu.5CcL_LATEST.5Cmake.5Coutput.5Cobjects.5CSwcApplTpms_NvM_Cat01_If.7::
                         260 .LDWlin7:
000000a2 42063f00        261 	dispose	1,{r31},[lp]
                         262 	.global	___ghs_eofn_PUTscAdaptedTrefEE
                         263 ___ghs_eofn_PUTscAdaptedTrefEE:
                         264 	.type	_PUTscAdaptedTrefEE,@function
                         265 	.size	_PUTscAdaptedTrefEE,.-_PUTscAdaptedTrefEE
                         266 	.align	2
                         267 
                         268 --_scData	3[sp]	param
                         269 
                         270 	.section ".bss","awb"
                         271 .L289:
                         272 	.type	.L289,@object
                         273 	.size	.L289,0
                         274 	.data
                         275 	.text
                         276 	.align	2

                                                                      Page 6
                                                              C:\Users\nhuliyap\AppData\Local\Temp\gh_000003o1.s
                         277 	.align	2
                         278 ..gh.f.f.1.e.5:
                         279 	.type	..gh.f.f.1.e.5,@object
                         280 	.size	..gh.f.f.1.e.5,0
                         281 	.global	_GETscAdaptedTrefEE
                         282 _GETscAdaptedTrefEE:
000000a6 82072100        283 	prepare	{r31},1
                         284 --	    .bf
                         285 .LDW02:
000000aa 43070300        286 	st.b	zero,3[sp]
000000ae 23460300        287 	movea	3,sp,r8
000000b2 0132            288 	mov	1,r6
000000b4 093a            289 	mov	9,r7
                         290 	jarl	_ReadBlock2Member,lp
                         290 <EXPANSION BEGIN>
                         290 jarl22 _ReadBlock2Member , lp 
000000b6 80ff0000*       290 <EXPANSION END>
                         291 --line63
                         292 ..lin.C.3A.5C_ECU2.5CECU_Rivian_A1.5CTarget.5Crepo_projects.5CpRealEcu.5CcL_LATEST.5Cmake.5Coutput.5Cobjects.5CSwcApplTpms_NvM_Cat01_If.8::
                         293 .LDWlin8:
000000ba 03570300        294 	ld.b	3[sp],r10
                         295 --	    .ef
                         296 .LDW12:
000000be 42063f00        297 	dispose	1,{r31},[lp]
                         298 	.global	___ghs_eofn_GETscAdaptedTrefEE
                         299 ___ghs_eofn_GETscAdaptedTrefEE:
                         300 	.type	_GETscAdaptedTrefEE,@function
                         301 	.size	_GETscAdaptedTrefEE,.-_GETscAdaptedTrefEE
                         302 	.align	2
                         303 --_l_scaData	3[sp]	local
                         304 
                         305 	.section ".bss","awb"
                         306 .L340:
                         307 	.type	.L340,@object
                         308 	.size	.L340,0
                         309 	.data
                         310 	.text
                         311 	.align	2
                         312 
                         313 	.data
                         314 	.ghsnote version,17
                         315 	.ghsnote tools,3
                         316 	.ghsnote options,144
                         317 	.text
                         318 	.align	2
                         319 ..eof.C.3A.5C_ECU2.5CECU_Rivian_A1.5CTarget.5Crepo_projects.5CpRealEcu.5CcL_LATEST.5Cmake.5Coutput.5Cobjects.5CSwcApplTpms_NvM_Cat01_If...43.3A.5C_ECU2.5CECU_Rivian_A1.5CTarget.5Crepo_projects.5CpRealEcu.5CcL_LATEST.5Cmake..64F82E09..0::
                         320 	.section	.debug_info
                         321 .Ldw_begin:
00000000 1e040000        322 	.word	.Ldw_end-.Ldw_begin-4
00000004 0200            323 	.byte	2,0
00000006 00000000*       324 	.word	.Ldw_abbr_begin
0000000a 04              325 	.byte	4
                         326 	.section	.debug_abbrev
                         327 .Ldw_abbr_begin:
                         328 	.section	.debug_info
0000000b 01              329 	.byte	1
0000000c 00000000*       330 	.word	..bof.C.3A.5C_ECU2.5CECU_Rivian_A1.5CTarget.5Crepo_projects.5CpRealEcu.5CcL_LATEST.5Cmake.5Coutput.5Cobjects.5CSwcApplTpms_NvM_Cat01_If...43.3A.5C_ECU2.5CECU_Rivian_A1.5CTarget.5Crepo_projects.5CpRealEcu.5CcL_LATEST.5Cmake..64F82E09..0
00000010 00000000*       331 	.word	..eof.C.3A.5C_ECU2.5CECU_Rivian_A1.5CTarget.5Crepo_projects.5CpRealEcu.5CcL_LATEST.5Cmake.5Coutput.5Cobjects.5CSwcApplTpms_NvM_Cat01_If...43.3A.5C_ECU2.5CECU_Rivian_A1.5CTarget.5Crepo_projects.5CpRealEcu.5CcL_LATEST.5Cmake..64F82E09..0
00000014 2e2e2f736f75    332 	.strz	"../source/SwcApplTpms/SwcApplTpms_NvM_Cat01_If.c"
0000001a 7263652f5377 
00000020 634170706c54 

                                                                      Page 7
                                                              C:\Users\nhuliyap\AppData\Local\Temp\gh_000003o1.s
00000026 706d732f5377 
0000002c 634170706c54 
00000032 706d735f4e76 
00000038 4d5f43617430 
0000003e 315f49662e63 
00000044 00 
00000045 433a5c5f4543    333 	.strz	"C:\\_ECU2\\ECU_Rivian_A1\\Target\\repo_projects\\pRealEcu\\cL_LATEST\\make"
0000004b 55325c454355 
00000051 5f5269766961 
00000057 6e5f41315c54 
0000005d 61726765745c 
00000063 7265706f5f70 
00000069 726f6a656374 
0000006f 735c70526561 
00000075 6c4563755c63 
0000007b 4c5f4c415445 
00000081 53545c6d616b 
00000087 6500 
00000089 474853204320    334 	.strz	"GHS C 2015.1.7 [dual]"
0000008f 323031352e31 
00000095 2e37205b6475 
0000009b 616c5d00 
0000009f 0100            335 	.byte	1,0
000000a1 00000000*       336 	.word	.Ldw_line_begin
000000a5 00000000*       337 	.word	.Ldw_macinfo_begin
000000a9 00              338 	.byte	0
                         339 
                         340 	.section	.debug_abbrev
00000000 01              341 	.byte	1
00000001 11              342 	.byte	17
00000002 01              343 	.byte	1
00000003 1101            344 	.byte	17,1
00000005 1201            345 	.byte	18,1
00000007 0308            346 	.byte	3,8
00000009 1b08            347 	.byte	27,8
0000000b 2508            348 	.byte	37,8
0000000d 1305            349 	.byte	19,5
0000000f 1006            350 	.byte	16,6
00000011 4306            351 	.byte	67,6
00000013 420b            352 	.byte	66,11
00000015 0000            353 	.byte	0,0
                         354 
                         355 	.section	.debug_line
                         356 .Ldw_line_begin:
00000000 41030000        357 	.word	.Ldw_line_end-.Ldw_line_begin-4
00000004 0200            358 	.byte	2,0
00000006 00000000*       359 	.word	.Ldw_lpro_end-.Ldw_lpro_begin
                         360 .Ldw_lpro_begin:
0000000a 01              361 	.byte	1
0000000b 00              362 	.byte	0
0000000c 00              363 	.byte	0
0000000d 04              364 	.byte	4
0000000e 0a              365 	.byte	10
0000000f 000101          366 	.byte	0,1,1
00000012 010100          367 	.byte	1,1,0
00000015 000001          368 	.byte	0,0,1
00000018 00              369 	.byte	0
00000019 2e2e2f736f75    370 	.strz	"../source/SwcApplTpms/SwcApplTpms_NvM_Cat01_If.c"
0000001f 7263652f5377 
00000025 634170706c54 
0000002b 706d732f5377 

                                                                      Page 8
                                                              C:\Users\nhuliyap\AppData\Local\Temp\gh_000003o1.s
00000031 634170706c54 
00000037 706d735f4e76 
0000003d 4d5f43617430 
00000043 315f49662e63 
00000049 00 
0000004a 000000          371 	.byte	0,0,0
0000004d 2e2e2f736f75    372 	.strz	"../source/SwcApplTpms/iTpms_Interface.hpp"
00000053 7263652f5377 
00000059 634170706c54 
0000005f 706d732f6954 
00000065 706d735f496e 
0000006b 746572666163 
00000071 652e68707000 
00000077 000000          373 	.byte	0,0,0
0000007a 2e2e2f736f75    374 	.strz	"../source/SwcApplTpms/Tpms_Rte_Data_Type.hpp"
00000080 7263652f5377 
00000086 634170706c54 
0000008c 706d732f5470 
00000092 6d735f527465 
00000098 5f446174615f 
0000009e 547970652e68 
000000a4 707000 
000000a7 000000          375 	.byte	0,0,0
000000aa 2e2e2f736f75    376 	.strz	"../source/McalMcu/Types.hpp"
000000b0 7263652f4d63 
000000b6 616c4d63752f 
000000bc 54797065732e 
000000c2 68707000 
000000c6 000000          377 	.byte	0,0,0
000000c9 2e2e2f736f75    378 	.strz	"../source/common/Std_Types.hpp"
000000cf 7263652f636f 
000000d5 6d6d6f6e2f53 
000000db 74645f547970 
000000e1 65732e687070 
000000e7 00 
000000e8 000000          379 	.byte	0,0,0
000000eb 2e2e2f736f75    380 	.strz	"../source/common/Platform_Types.hpp"
000000f1 7263652f636f 
000000f7 6d6d6f6e2f50 
000000fd 6c6174666f72 
00000103 6d5f54797065 
00000109 732e68707000 
0000010f 000000          381 	.byte	0,0,0
00000112 2e2e2f736f75    382 	.strz	"../source/common/Compiler.hpp"
00000118 7263652f636f 
0000011e 6d6d6f6e2f43 
00000124 6f6d70696c65 
0000012a 722e68707000 
00000130 000000          383 	.byte	0,0,0
00000133 2e2e2f736f75    384 	.strz	"../source/ProjectCompiler/Compiler_Cfg.hpp"
00000139 7263652f5072 
0000013f 6f6a65637443 
00000145 6f6d70696c65 
0000014b 722f436f6d70 
00000151 696c65725f43 
00000157 66672e687070 
0000015d 00 
0000015e 000000          385 	.byte	0,0,0
00000161 2e2e2f736f75    386 	.strz	"../source/ProjectCompiler/CompilerCfg_SwcServiceOs.hpp"
00000167 7263652f5072 
0000016d 6f6a65637443 

                                                                      Page 9
                                                              C:\Users\nhuliyap\AppData\Local\Temp\gh_000003o1.s
00000173 6f6d70696c65 
00000179 722f436f6d70 
0000017f 696c65724366 
00000185 675f53776353 
0000018b 657276696365 
00000191 4f732e687070 
00000197 00 
00000198 000000          387 	.byte	0,0,0
0000019b 2e2e2f736f75    388 	.strz	"../source/SwcApplTpms/SwcApplTpms_Rte.hpp"
000001a1 7263652f5377 
000001a7 634170706c54 
000001ad 706d732f5377 
000001b3 634170706c54 
000001b9 706d735f5274 
000001bf 652e68707000 
000001c5 000000          389 	.byte	0,0,0
000001c8 2e2e2f736f75    390 	.strz	"../source/SwcApplTpms/SwcApplTpms_Rte_Type.hpp"
000001ce 7263652f5377 
000001d4 634170706c54 
000001da 706d732f5377 
000001e0 634170706c54 
000001e6 706d735f5274 
000001ec 655f54797065 
000001f2 2e68707000 
000001f7 000000          391 	.byte	0,0,0
000001fa 2e2e2f736f75    392 	.strz	"../source/SwcApplTpms/SwcApplTpms_NvM.hpp"
00000200 7263652f5377 
00000206 634170706c54 
0000020c 706d732f5377 
00000212 634170706c54 
00000218 706d735f4e76 
0000021e 4d2e68707000 
00000224 000000          393 	.byte	0,0,0
00000227 2e2e2f736f75    394 	.strz	"../source/ProjectCfg/SwcApplTpms_NvM_If.hpp"
0000022d 7263652f5072 
00000233 6f6a65637443 
00000239 66672f537763 
0000023f 4170706c5470 
00000245 6d735f4e764d 
0000024b 5f49662e6870 
00000251 7000 
00000253 000000          395 	.byte	0,0,0
00000256 2e2e2f736f75    396 	.strz	"../source/SwcApplTpms/WallocX.hpp"
0000025c 7263652f5377 
00000262 634170706c54 
00000268 706d732f5761 
0000026e 6c6c6f63582e 
00000274 68707000 
00000278 000000          397 	.byte	0,0,0
0000027b 00              398 	.byte	0
                         399 .Ldw_lpro_end:
                         400 	.section	.debug_macinfo
                         401 .Ldw_macinfo_begin:
                         402 	.section	.debug_frame
                         403 .LDW_4d72798:
00000000 00000000*       404 	.word	.LDW_unq_2-.LDW_unq_1
                         405 .LDW_unq_1:
00000004 ffffffff        406 	.byte	255,255,255,255
00000008 01              407 	.byte	1
00000009 00              408 	.byte	0
0000000a 01              409 	.byte	1

                                                                      Page 10
                                                              C:\Users\nhuliyap\AppData\Local\Temp\gh_000003o1.s
0000000b 01              410 	.byte	1
0000000c 1f              411 	.byte	31
0000000d 0c              412 	.byte	12
0000000e 03              413 	.byte	3
0000000f 00              414 	.byte	0
00000010 07              415 	.byte	7
00000011 00              416 	.byte	0
00000012 07              417 	.byte	7
00000013 01              418 	.byte	1
00000014 07              419 	.byte	7
00000015 02              420 	.byte	2
00000016 07              421 	.byte	7
00000017 03              422 	.byte	3
00000018 07              423 	.byte	7
00000019 04              424 	.byte	4
0000001a 07              425 	.byte	7
0000001b 05              426 	.byte	5
0000001c 07              427 	.byte	7
0000001d 06              428 	.byte	6
0000001e 07              429 	.byte	7
0000001f 07              430 	.byte	7
00000020 07              431 	.byte	7
00000021 08              432 	.byte	8
00000022 07              433 	.byte	7
00000023 09              434 	.byte	9
00000024 07              435 	.byte	7
00000025 0a              436 	.byte	10
00000026 07              437 	.byte	7
00000027 0b              438 	.byte	11
00000028 07              439 	.byte	7
00000029 0c              440 	.byte	12
0000002a 07              441 	.byte	7
0000002b 0d              442 	.byte	13
0000002c 07              443 	.byte	7
0000002d 0e              444 	.byte	14
0000002e 07              445 	.byte	7
0000002f 0f              446 	.byte	15
00000030 07              447 	.byte	7
00000031 10              448 	.byte	16
00000032 07              449 	.byte	7
00000033 11              450 	.byte	17
00000034 07              451 	.byte	7
00000035 12              452 	.byte	18
00000036 07              453 	.byte	7
00000037 13              454 	.byte	19
00000038 08              455 	.byte	8
00000039 14              456 	.byte	20
0000003a 08              457 	.byte	8
0000003b 15              458 	.byte	21
0000003c 08              459 	.byte	8
0000003d 16              460 	.byte	22
0000003e 08              461 	.byte	8
0000003f 17              462 	.byte	23
00000040 08              463 	.byte	8
00000041 18              464 	.byte	24
00000042 08              465 	.byte	8
00000043 19              466 	.byte	25
00000044 08              467 	.byte	8
00000045 1a              468 	.byte	26
00000046 08              469 	.byte	8
00000047 1b              470 	.byte	27

                                                                      Page 11
                                                              C:\Users\nhuliyap\AppData\Local\Temp\gh_000003o1.s
00000048 08              471 	.byte	8
00000049 1c              472 	.byte	28
0000004a 08              473 	.byte	8
0000004b 1d              474 	.byte	29
0000004c 07              475 	.byte	7
0000004d 1e              476 	.byte	30
0000004e 08              477 	.byte	8
0000004f 1f              478 	.byte	31
00000050 07              479 	.byte	7
00000051 20              480 	.byte	32
00000052 07              481 	.byte	7
00000053 21              482 	.byte	33
00000054 07              483 	.byte	7
00000055 22              484 	.byte	34
00000056 07              485 	.byte	7
00000057 23              486 	.byte	35
00000058 07              487 	.byte	7
00000059 24              488 	.byte	36
0000005a 07              489 	.byte	7
0000005b 25              490 	.byte	37
0000005c 07              491 	.byte	7
0000005d 26              492 	.byte	38
0000005e 07              493 	.byte	7
0000005f 27              494 	.byte	39
00000060 07              495 	.byte	7
00000061 28              496 	.byte	40
00000062 07              497 	.byte	7
00000063 29              498 	.byte	41
00000064 07              499 	.byte	7
00000065 2a              500 	.byte	42
00000066 07              501 	.byte	7
00000067 2b              502 	.byte	43
00000068 07              503 	.byte	7
00000069 2c              504 	.byte	44
0000006a 07              505 	.byte	7
0000006b 2d              506 	.byte	45
0000006c 07              507 	.byte	7
0000006d 2e              508 	.byte	46
0000006e 07              509 	.byte	7
0000006f 2f              510 	.byte	47
00000070 07              511 	.byte	7
00000071 30              512 	.byte	48
00000072 07              513 	.byte	7
00000073 31              514 	.byte	49
00000074 07              515 	.byte	7
00000075 32              516 	.byte	50
00000076 07              517 	.byte	7
00000077 33              518 	.byte	51
00000078 07              519 	.byte	7
00000079 34              520 	.byte	52
0000007a 07              521 	.byte	7
0000007b 35              522 	.byte	53
0000007c 07              523 	.byte	7
0000007d 36              524 	.byte	54
0000007e 07              525 	.byte	7
0000007f 37              526 	.byte	55
00000080 07              527 	.byte	7
00000081 38              528 	.byte	56
00000082 07              529 	.byte	7
00000083 39              530 	.byte	57
00000084 07              531 	.byte	7

                                                                      Page 12
                                                              C:\Users\nhuliyap\AppData\Local\Temp\gh_000003o1.s
00000085 3a              532 	.byte	58
00000086 07              533 	.byte	7
00000087 3b              534 	.byte	59
00000088 07              535 	.byte	7
00000089 3c              536 	.byte	60
0000008a 07              537 	.byte	7
0000008b 3d              538 	.byte	61
0000008c 07              539 	.byte	7
0000008d 3e              540 	.byte	62
0000008e 07              541 	.byte	7
0000008f 3f              542 	.byte	63
                         543 .LDW_unq_2:
                         544 	.section	.debug_info
                         545 .LDW_4996e78:
000000aa 25              546 	.byte	37
000000ab 756e7369676e    547 	.strz	"unsigned char"
000000b1 656420636861 
000000b7 7200 
000000b9 08              548 	.byte	8
000000ba 01              549 	.byte	1
                         550 
                         551 	.section	.debug_abbrev
00000017 25              552 	.byte	37
00000018 24              553 	.byte	36
00000019 00              554 	.byte	0
0000001a 0308            555 	.byte	3,8
0000001c 3e0b            556 	.byte	62,11
0000001e 0b0b            557 	.byte	11,11
00000020 0000            558 	.byte	0,0
                         559 
                         560 	.section	.debug_info
                         561 .LDW_4997348:
000000bb 44              562 	.byte	68
000000bc 00000000*       563 	.word	.LDW_49d9ed0
000000c0 01              564 	.byte	1
                         565 
                         566 	.section	.debug_abbrev
00000022 44              567 	.byte	68
00000023 15              568 	.byte	21
00000024 01              569 	.byte	1
00000025 4910            570 	.byte	73,16
00000027 270c            571 	.byte	39,12
00000029 0000            572 	.byte	0,0
                         573 
                         574 	.section	.debug_info
                         575 .LDW_49de9e0:
000000c1 12              576 	.byte	18
000000c2 00000000*       577 	.word	.LDW_49d9ed0
000000c6 00              578 	.byte	0
                         579 
                         580 	.section	.debug_abbrev
0000002b 12              581 	.byte	18
0000002c 05              582 	.byte	5
0000002d 00              583 	.byte	0
0000002e 4910            584 	.byte	73,16
00000030 4b0c            585 	.byte	75,12
00000032 0000            586 	.byte	0,0
                         587 
                         588 	.section	.debug_info
000000c7 00              589 	.byte	0
                         590 

                                                                      Page 13
                                                              C:\Users\nhuliyap\AppData\Local\Temp\gh_000003o1.s
                         591 .LDW_49970a8:
000000c8 25              592 	.byte	37
000000c9 696e7400        593 	.strz	"int"
000000cd 05              594 	.byte	5
000000ce 04              595 	.byte	4
                         596 
                         597 .LDW_49da070:
000000cf 3a              598 	.byte	58
000000d0 00              599 	.byte	0
000000d1 05              600 	.byte	5
000000d2 00000000*       601 	.word	.LDW_49d9ed0
                         602 
                         603 	.section	.debug_abbrev
00000034 3a              604 	.byte	58
00000035 01              605 	.byte	1
00000036 01              606 	.byte	1
00000037 090b            607 	.byte	9,11
00000039 0b0f            608 	.byte	11,15
0000003b 4910            609 	.byte	73,16
0000003d 0000            610 	.byte	0,0
                         611 
                         612 	.section	.debug_info
000000d6 32              613 	.byte	50
000000d7 00000000*       614 	.word	.LDW_49970a8
000000db 04              615 	.byte	4
000000dc 00              616 	.byte	0
000000dd 04              617 	.byte	4
                         618 
                         619 	.section	.debug_abbrev
0000003f 32              620 	.byte	50
00000040 21              621 	.byte	33
00000041 00              622 	.byte	0
00000042 4910            623 	.byte	73,16
00000044 0b0f            624 	.byte	11,15
00000046 220d            625 	.byte	34,13
00000048 2f0d            626 	.byte	47,13
0000004a 0000            627 	.byte	0,0
                         628 
                         629 	.section	.debug_info
000000de 00              630 	.byte	0
                         631 
                         632 .LDW_49973f0:
000000df 45              633 	.byte	69
000000e0 01              634 	.byte	1
                         635 
                         636 	.section	.debug_abbrev
0000004c 45              637 	.byte	69
0000004d 15              638 	.byte	21
0000004e 01              639 	.byte	1
0000004f 270c            640 	.byte	39,12
00000051 0000            641 	.byte	0,0
                         642 
                         643 	.section	.debug_info
                         644 .LDW_49dea70:
000000e1 12              645 	.byte	18
000000e2 00000000*       646 	.word	.LDW_49d9ed0
000000e6 00              647 	.byte	0
                         648 
                         649 .LDW_49deaa0:
000000e7 12              650 	.byte	18
000000e8 00000000*       651 	.word	.LDW_49d9ed0

                                                                      Page 14
                                                              C:\Users\nhuliyap\AppData\Local\Temp\gh_000003o1.s
000000ec 00              652 	.byte	0
                         653 
000000ed 00              654 	.byte	0
                         655 
                         656 .LDW_49da298:
000000ee 3a              657 	.byte	58
000000ef 00              658 	.byte	0
000000f0 05              659 	.byte	5
000000f1 00000000*       660 	.word	.LDW_49d9ed0
                         661 
000000f5 32              662 	.byte	50
000000f6 00000000*       663 	.word	.LDW_49970a8
000000fa 04              664 	.byte	4
000000fb 00              665 	.byte	0
000000fc 04              666 	.byte	4
                         667 
000000fd 00              668 	.byte	0
                         669 
                         670 .LDW_4997428:
000000fe 45              671 	.byte	69
000000ff 01              672 	.byte	1
                         673 
                         674 .LDW_49de410:
00000100 12              675 	.byte	18
00000101 00000000*       676 	.word	.LDW_49d9ed0
00000105 00              677 	.byte	0
                         678 
00000106 00              679 	.byte	0
                         680 
                         681 .LDW_4996e08:
00000107 44              682 	.byte	68
00000108 00000000*       683 	.word	.LDW_49d9ed0
0000010c 01              684 	.byte	1
                         685 
0000010d 00              686 	.byte	0
                         687 
                         688 .LDW_49dc520:
0000010e 3a              689 	.byte	58
0000010f 00              690 	.byte	0
00000110 01              691 	.byte	1
00000111 00000000*       692 	.word	.LDW_49d9ed0
                         693 
00000115 32              694 	.byte	50
00000116 00000000*       695 	.word	.LDW_49970a8
0000011a 04              696 	.byte	4
0000011b 00              697 	.byte	0
0000011c 00              698 	.byte	0
                         699 
0000011d 00              700 	.byte	0
                         701 
                         702 .LDW_4996f20:
0000011e 25              703 	.byte	37
0000011f 7369676e6564    704 	.strz	"signed char"
00000125 206368617200 
0000012b 06              705 	.byte	6
0000012c 01              706 	.byte	1
                         707 
                         708 .LDW_4996eb0:
0000012d 45              709 	.byte	69
0000012e 01              710 	.byte	1
                         711 

                                                                      Page 15
                                                              C:\Users\nhuliyap\AppData\Local\Temp\gh_000003o1.s
                         712 .LDW_49de860:
0000012f 12              713 	.byte	18
00000130 00000000*       714 	.word	.LDW_49dc600
00000134 00              715 	.byte	0
                         716 
00000135 00              717 	.byte	0
                         718 
                         719 .LDW_4997070:
00000136 44              720 	.byte	68
00000137 00000000*       721 	.word	.LDW_49dc600
0000013b 01              722 	.byte	1
                         723 
0000013c 00              724 	.byte	0
                         725 
                         726 .LDW_49dc7e0:
0000013d 3a              727 	.byte	58
0000013e 00              728 	.byte	0
0000013f 01              729 	.byte	1
00000140 00000000*       730 	.word	.LDW_49dc600
                         731 
00000144 32              732 	.byte	50
00000145 00000000*       733 	.word	.LDW_49970a8
00000149 04              734 	.byte	4
0000014a 00              735 	.byte	0
0000014b 00              736 	.byte	0
                         737 
0000014c 00              738 	.byte	0
                         739 
                         740 .LDW_49974d0:
0000014d 25              741 	.byte	37
0000014e 756e7369676e    742 	.strz	"unsigned int"
00000154 656420696e74 
0000015a 00 
0000015b 07              743 	.byte	7
0000015c 04              744 	.byte	4
                         745 
                         746 .LDW_4d004a8:
0000015d 2f              747 	.byte	47
0000015e 00000000*       748 	.word	.LDW_49d9ed0
                         749 
                         750 	.section	.debug_abbrev
00000053 2f              751 	.byte	47
00000054 0f              752 	.byte	15
00000055 00              753 	.byte	0
00000056 4910            754 	.byte	73,16
00000058 0000            755 	.byte	0,0
                         756 
                         757 	.section	.debug_info
                         758 .LDW_4dc94f0:
00000162 45              759 	.byte	69
00000163 01              760 	.byte	1
                         761 
                         762 .LDW_4dc63e8:
00000164 12              763 	.byte	18
00000165 00000000*       764 	.word	.LDW_49d9ed0
00000169 00              765 	.byte	0
                         766 
                         767 .LDW_4dc62f8:
0000016a 12              768 	.byte	18
0000016b 00000000*       769 	.word	.LDW_49d9ed0
0000016f 00              770 	.byte	0

                                                                      Page 16
                                                              C:\Users\nhuliyap\AppData\Local\Temp\gh_000003o1.s
                         771 
                         772 .LDW_4dc5ed8:
00000170 12              773 	.byte	18
00000171 00000000*       774 	.word	.LDW_4d004a8
00000175 00              775 	.byte	0
                         776 
00000176 00              777 	.byte	0
                         778 
                         779 .LDW_4dc9528:
00000177 45              780 	.byte	69
00000178 01              781 	.byte	1
                         782 
                         783 .LDW_4dc6448:
00000179 12              784 	.byte	18
0000017a 00000000*       785 	.word	.LDW_49d9ed0
0000017e 00              786 	.byte	0
                         787 
                         788 .LDW_4dc5e78:
0000017f 12              789 	.byte	18
00000180 00000000*       790 	.word	.LDW_49d9ed0
00000184 00              791 	.byte	0
                         792 
                         793 .LDW_4dc6118:
00000185 12              794 	.byte	18
00000186 00000000*       795 	.word	.LDW_4d004a8
0000018a 00              796 	.byte	0
                         797 
0000018b 00              798 	.byte	0
                         799 
                         800 .LDW_49dc600:
0000018c 28              801 	.byte	40
0000018d 73696e743800    802 	.strz	"sint8"
00000193 4f              803 	.byte	79
00000194 4b              804 	.byte	75
00000195 06              805 	.byte	6
00000196 00000000*       806 	.word	.LDW_4996f20
                         807 
                         808 	.section	.debug_abbrev
0000005a 28              809 	.byte	40
0000005b 16              810 	.byte	22
0000005c 00              811 	.byte	0
0000005d 0308            812 	.byte	3,8
0000005f 3b0f            813 	.byte	59,15
00000061 390f            814 	.byte	57,15
00000063 3a0f            815 	.byte	58,15
00000065 4910            816 	.byte	73,16
00000067 0000            817 	.byte	0,0
                         818 
                         819 	.section	.debug_info
                         820 .LDW_49d9ed0:
0000019a 28              821 	.byte	40
0000019b 75696e743800    822 	.strz	"uint8"
000001a1 50              823 	.byte	80
000001a2 4b              824 	.byte	75
000001a3 06              825 	.byte	6
000001a4 00000000*       826 	.word	.LDW_4996e78
                         827 
                         828 .LDW_4dc7c68:
000001a8 15              829 	.byte	21
000001a9 52656164426c    830 	.strz	"ReadBlock2Member"
000001af 6f636b324d65 

                                                                      Page 17
                                                              C:\Users\nhuliyap\AppData\Local\Temp\gh_000003o1.s
000001b5 6d62657200 
000001ba 8402            831 	.byte	132,2
000001bc 0d              832 	.byte	13
000001bd 0c              833 	.byte	12
000001be 01              834 	.byte	1
000001bf 00              835 	.byte	0
000001c0 01              836 	.byte	1
000001c1 01              837 	.byte	1
000001c2 00              838 	.byte	0
000001c3 01              839 	.byte	1
                         840 
                         841 	.section	.debug_abbrev
00000069 15              842 	.byte	21
0000006a 2e              843 	.byte	46
0000006b 01              844 	.byte	1
0000006c 0308            845 	.byte	3,8
0000006e 3b0f            846 	.byte	59,15
00000070 390f            847 	.byte	57,15
00000072 3a0f            848 	.byte	58,15
00000074 3c0c            849 	.byte	60,12
00000076 200b            850 	.byte	32,11
00000078 3f0c            851 	.byte	63,12
0000007a 320b            852 	.byte	50,11
0000007c 4c0b            853 	.byte	76,11
0000007e 270c            854 	.byte	39,12
00000080 0000            855 	.byte	0,0
                         856 
                         857 	.section	.debug_info
000001c4 00              858 	.byte	0
                         859 
                         860 .LDW_4dc7d00:
000001c5 15              861 	.byte	21
000001c6 57726974654d    862 	.strz	"WriteMember2Blocks"
000001cc 656d62657232 
000001d2 426c6f636b73 
000001d8 00 
000001d9 8502            863 	.byte	133,2
000001db 0d              864 	.byte	13
000001dc 0c              865 	.byte	12
000001dd 01              866 	.byte	1
000001de 00              867 	.byte	0
000001df 01              868 	.byte	1
000001e0 01              869 	.byte	1
000001e1 00              870 	.byte	0
000001e2 01              871 	.byte	1
                         872 
000001e3 00              873 	.byte	0
                         874 
                         875 .LDW_49d9f28:
000001e4 14              876 	.byte	20
000001e5 474554756352    877 	.strz	"GETucResetWarnPressRefEE"
000001eb 657365745761 
000001f1 726e50726573 
000001f7 735265664545 
000001fd 00 
000001fe 08              878 	.byte	8
000001ff 07              879 	.byte	7
00000200 01              880 	.byte	1
00000201 00000000*       881 	.word	.LDW_49d9ed0
00000205 00000000*       882 	.word	_GETucResetWarnPressRefEE
00000209 00000000*       883 	.word	___ghs_eofn_GETucResetWarnPressRefEE

                                                                      Page 18
                                                              C:\Users\nhuliyap\AppData\Local\Temp\gh_000003o1.s
0000020d 0153            884 	.byte	1,83
0000020f 828080800a      885 	.byte	130,128,128,128,10
00000214 08              886 	.byte	8
00000215 03              887 	.byte	3
00000216 10              888 	.byte	16
00000217 00              889 	.byte	0
00000218 00              890 	.byte	0
00000219 00              891 	.byte	0
0000021a 01              892 	.byte	1
0000021b 01              893 	.byte	1
0000021c 00              894 	.byte	0
0000021d 01              895 	.byte	1
                         896 
                         897 	.section	.debug_abbrev
00000082 14              898 	.byte	20
00000083 2e              899 	.byte	46
00000084 01              900 	.byte	1
00000085 0308            901 	.byte	3,8
00000087 3b0f            902 	.byte	59,15
00000089 390f            903 	.byte	57,15
0000008b 3a0f            904 	.byte	58,15
0000008d 4910            905 	.byte	73,16
0000008f 1101            906 	.byte	17,1
00000091 1201            907 	.byte	18,1
00000093 400a            908 	.byte	64,10
00000095 8341            909 	.byte	131,65
00000097 0f              910 	.byte	15
00000098 8741            911 	.byte	135,65
0000009a 0d              912 	.byte	13
0000009b 8541            913 	.byte	133,65
0000009d 0f              914 	.byte	15
0000009e 8641            915 	.byte	134,65
000000a0 0d              916 	.byte	13
000000a1 9241            917 	.byte	146,65
000000a3 0f              918 	.byte	15
000000a4 3c0c            919 	.byte	60,12
000000a6 200b            920 	.byte	32,11
000000a8 3f0c            921 	.byte	63,12
000000aa 320b            922 	.byte	50,11
000000ac 4c0b            923 	.byte	76,11
000000ae 270c            924 	.byte	39,12
000000b0 0000            925 	.byte	0,0
                         926 
                         927 	.section	.debug_frame
                         928 .LDW_4dc28f0:
00000090 00000000*       929 	.word	.LDW_unq_4-.LDW_unq_3
                         930 .LDW_unq_3:
00000094 00000000*       931 	.word	.LDW_4d72798
00000098 00000000*       932 	.word	_GETucResetWarnPressRefEE
0000009c 00000000*       933 	.word	___ghs_eofn_GETucResetWarnPressRefEE-_GETucResetWarnPressRefEE
000000a0 44              934 	.byte	68
000000a1 9f              935 	.byte	159
000000a2 06              936 	.byte	6
000000a3 40              937 	.byte	64
000000a4 9d              938 	.byte	157
000000a5 0a              939 	.byte	10
000000a6 01              940 	.byte	1
000000a7 00000000*       941 	.word	.LDW11
000000ab 00              942 	.byte	0
                         943 .LDW_unq_4:
                         944 	.section	.debug_line

                                                                      Page 19
                                                              C:\Users\nhuliyap\AppData\Local\Temp\gh_000003o1.s
0000027c 000502          945 	.byte	0,5,2
0000027f 00000000*       946 	.word	_GETucResetWarnPressRefEE
00000283 03              947 	.byte	3
00000284 08              948 	.byte	8
00000285 02              949 	.byte	2
00000286 00              950 	.byte	0
00000287 01              951 	.byte	1
00000288 06              952 	.byte	6
00000289 25              953 	.byte	37
0000028a 24              954 	.byte	36
0000028b 02              955 	.byte	2
0000028c 02              956 	.byte	2
0000028d 0c              957 	.byte	12
0000028e 03              958 	.byte	3
0000028f 7e              959 	.byte	126
00000290 02              960 	.byte	2
00000291 04              961 	.byte	4
00000292 01              962 	.byte	1
00000293 000502          963 	.byte	0,5,2
00000296 00000000*       964 	.word	.LDWlin1
0000029a 0d              965 	.byte	13
0000029b 0c              966 	.byte	12
0000029c 000502          967 	.byte	0,5,2
0000029f 00000000*       968 	.word	.LDWlin2
000002a3 0c              969 	.byte	12
000002a4 06              970 	.byte	6
000002a5 02              971 	.byte	2
000002a6 06              972 	.byte	6
000002a7 02              973 	.byte	2
000002a8 04              974 	.byte	4
000002a9 000101          975 	.byte	0,1,1
                         976 	.section	.debug_info
                         977 .LDW_49d9fc0:
0000021e 0f              978 	.byte	15
0000021f 7563496e6465    979 	.strz	"ucIndex"
00000225 7800 
00000227 08              980 	.byte	8
00000228 26              981 	.byte	38
00000229 01              982 	.byte	1
0000022a 00000000*       983 	.word	.LDW_49d9ed0
0000022e 00              984 	.byte	0
0000022f 016d            985 	.byte	1,109
                         986 
                         987 	.section	.debug_abbrev
000000b2 0f              988 	.byte	15
000000b3 05              989 	.byte	5
000000b4 00              990 	.byte	0
000000b5 0308            991 	.byte	3,8
000000b7 3b0f            992 	.byte	59,15
000000b9 390f            993 	.byte	57,15
000000bb 3a0f            994 	.byte	58,15
000000bd 4910            995 	.byte	73,16
000000bf 4b0c            996 	.byte	75,12
000000c1 020a            997 	.byte	2,10
000000c3 0000            998 	.byte	0,0
                         999 
                        1000 	.section	.debug_info
                        1001 .LDW_49dead0:
00000231 1d             1002 	.byte	29
00000232 00000000*      1003 	.word	.LDW01
00000236 00000000*      1004 	.word	.LDW11

                                                                      Page 20
                                                              C:\Users\nhuliyap\AppData\Local\Temp\gh_000003o1.s
                        1005 
                        1006 	.section	.debug_abbrev
000000c5 1d             1007 	.byte	29
000000c6 0b             1008 	.byte	11
000000c7 01             1009 	.byte	1
000000c8 1101           1010 	.byte	17,1
000000ca 1201           1011 	.byte	18,1
000000cc 0000           1012 	.byte	0,0
                        1013 
                        1014 	.section	.debug_info
                        1015 .LDW_49da018:
0000023a 04             1016 	.byte	4
0000023b 4c6f63616c43   1017 	.strz	"LocalCnt"
00000241 6e7400 
00000244 0a             1018 	.byte	10
00000245 0a             1019 	.byte	10
00000246 01             1020 	.byte	1
00000247 00000000*      1021 	.word	.LDW_49d9ed0
0000024b 00             1022 	.byte	0
0000024c 00             1023 	.byte	0
0000024d 0162           1024 	.byte	1,98
                        1025 
                        1026 	.section	.debug_abbrev
000000ce 04             1027 	.byte	4
000000cf 34             1028 	.byte	52
000000d0 00             1029 	.byte	0
000000d1 0308           1030 	.byte	3,8
000000d3 3b0f           1031 	.byte	59,15
000000d5 390f           1032 	.byte	57,15
000000d7 3a0f           1033 	.byte	58,15
000000d9 4910           1034 	.byte	73,16
000000db 3f0c           1035 	.byte	63,12
000000dd 3c0c           1036 	.byte	60,12
000000df 020a           1037 	.byte	2,10
000000e1 0000           1038 	.byte	0,0
                        1039 
                        1040 	.section	.debug_info
                        1041 .LDW_49da0f8:
0000024f 04             1042 	.byte	4
00000250 6c5f75636144   1043 	.strz	"l_ucaData"
00000256 61746100 
0000025a 0b             1044 	.byte	11
0000025b 0b             1045 	.byte	11
0000025c 01             1046 	.byte	1
0000025d 00000000*      1047 	.word	.LDW_49da070
00000261 00             1048 	.byte	0
00000262 00             1049 	.byte	0
00000263 0273           1050 	.byte	2,115
00000265 00             1051 	.byte	0
                        1052 
00000266 00             1053 	.byte	0
                        1054 
00000267 00             1055 	.byte	0
                        1056 
                        1057 .LDW_49da150:
00000268 13             1058 	.byte	19
00000269 505554756352   1059 	.strz	"PUTucResetWarnPressRefEE"
0000026f 657365745761 
00000275 726e50726573 
0000027b 735265664545 
00000281 00 

                                                                      Page 21
                                                              C:\Users\nhuliyap\AppData\Local\Temp\gh_000003o1.s
00000282 18             1060 	.byte	24
00000283 06             1061 	.byte	6
00000284 01             1062 	.byte	1
00000285 00000000*      1063 	.word	_PUTucResetWarnPressRefEE
00000289 00000000*      1064 	.word	___ghs_eofn_PUTucResetWarnPressRefEE
0000028d 0153           1065 	.byte	1,83
0000028f 828080800b     1066 	.byte	130,128,128,128,11
00000294 0c             1067 	.byte	12
00000295 03             1068 	.byte	3
00000296 14             1069 	.byte	20
00000297 00             1070 	.byte	0
00000298 00             1071 	.byte	0
00000299 00             1072 	.byte	0
0000029a 01             1073 	.byte	1
0000029b 01             1074 	.byte	1
0000029c 00             1075 	.byte	0
0000029d 01             1076 	.byte	1
                        1077 
                        1078 	.section	.debug_abbrev
000000e3 13             1079 	.byte	19
000000e4 2e             1080 	.byte	46
000000e5 01             1081 	.byte	1
000000e6 0308           1082 	.byte	3,8
000000e8 3b0f           1083 	.byte	59,15
000000ea 390f           1084 	.byte	57,15
000000ec 3a0f           1085 	.byte	58,15
000000ee 1101           1086 	.byte	17,1
000000f0 1201           1087 	.byte	18,1
000000f2 400a           1088 	.byte	64,10
000000f4 8341           1089 	.byte	131,65
000000f6 0f             1090 	.byte	15
000000f7 8741           1091 	.byte	135,65
000000f9 0d             1092 	.byte	13
000000fa 8541           1093 	.byte	133,65
000000fc 0f             1094 	.byte	15
000000fd 8641           1095 	.byte	134,65
000000ff 0d             1096 	.byte	13
00000100 9241           1097 	.byte	146,65
00000102 0f             1098 	.byte	15
00000103 3c0c           1099 	.byte	60,12
00000105 200b           1100 	.byte	32,11
00000107 3f0c           1101 	.byte	63,12
00000109 320b           1102 	.byte	50,11
0000010b 4c0b           1103 	.byte	76,11
0000010d 270c           1104 	.byte	39,12
0000010f 0000           1105 	.byte	0,0
                        1106 
                        1107 	.section	.debug_frame
                        1108 .LDW_4dc2af0:
000000ac 00000000*      1109 	.word	.LDW_unq_6-.LDW_unq_5
                        1110 .LDW_unq_5:
000000b0 00000000*      1111 	.word	.LDW_4d72798
000000b4 00000000*      1112 	.word	_PUTucResetWarnPressRefEE
000000b8 00000000*      1113 	.word	___ghs_eofn_PUTucResetWarnPressRefEE-_PUTucResetWarnPressRefEE
000000bc 44             1114 	.byte	68
000000bd 9f             1115 	.byte	159
000000be 06             1116 	.byte	6
000000bf 40             1117 	.byte	64
000000c0 9d             1118 	.byte	157
000000c1 0a             1119 	.byte	10
000000c2 40             1120 	.byte	64

                                                                      Page 22
                                                              C:\Users\nhuliyap\AppData\Local\Temp\gh_000003o1.s
000000c3 9c             1121 	.byte	156
000000c4 0e             1122 	.byte	14
000000c5 01             1123 	.byte	1
000000c6 00000000*      1124 	.word	.LDW31
000000ca 44             1125 	.byte	68
000000cb df             1126 	.byte	223
000000cc 40             1127 	.byte	64
000000cd dd             1128 	.byte	221
000000ce 40             1129 	.byte	64
000000cf dc             1130 	.byte	220
                        1131 .LDW_unq_6:
                        1132 	.section	.debug_line
000002ac 000502         1133 	.byte	0,5,2
000002af 00000000*      1134 	.word	_PUTucResetWarnPressRefEE
000002b3 03             1135 	.byte	3
000002b4 18             1136 	.byte	24
000002b5 02             1137 	.byte	2
000002b6 00             1138 	.byte	0
000002b7 01             1139 	.byte	1
000002b8 06             1140 	.byte	6
000002b9 2c             1141 	.byte	44
000002ba 24             1142 	.byte	36
000002bb 000502         1143 	.byte	0,5,2
000002be 00000000*      1144 	.word	.LDWlin3
000002c2 0c             1145 	.byte	12
000002c3 2c             1146 	.byte	44
000002c4 000502         1147 	.byte	0,5,2
000002c7 00000000*      1148 	.word	.LDWlin4
000002cb 0b             1149 	.byte	11
000002cc 02             1150 	.byte	2
000002cd 04             1151 	.byte	4
000002ce 000101         1152 	.byte	0,1,1
                        1153 	.section	.debug_info
                        1154 .LDW_49da1e8:
0000029e 0f             1155 	.byte	15
0000029f 7563496e6465   1156 	.strz	"ucIndex"
000002a5 7800 
000002a7 18             1157 	.byte	24
000002a8 25             1158 	.byte	37
000002a9 01             1159 	.byte	1
000002aa 00000000*      1160 	.word	.LDW_49d9ed0
000002ae 00             1161 	.byte	0
000002af 016d           1162 	.byte	1,109
                        1163 
                        1164 .LDW_49da240:
000002b1 0f             1165 	.byte	15
000002b2 756344617461   1166 	.strz	"ucData"
000002b8 00 
000002b9 18             1167 	.byte	24
000002ba 34             1168 	.byte	52
000002bb 01             1169 	.byte	1
000002bc 00000000*      1170 	.word	.LDW_49d9ed0
000002c0 00             1171 	.byte	0
000002c1 016c           1172 	.byte	1,108
                        1173 
                        1174 .LDW_49de7d0:
000002c3 1d             1175 	.byte	29
000002c4 00000000*      1176 	.word	.LDW21
000002c8 00000000*      1177 	.word	.LDW31
                        1178 
                        1179 .LDW_49da320:

                                                                      Page 23
                                                              C:\Users\nhuliyap\AppData\Local\Temp\gh_000003o1.s
000002cc 04             1180 	.byte	4
000002cd 6c5f75636144   1181 	.strz	"l_ucaData"
000002d3 61746100 
000002d7 1a             1182 	.byte	26
000002d8 0b             1183 	.byte	11
000002d9 01             1184 	.byte	1
000002da 00000000*      1185 	.word	.LDW_49da298
000002de 00             1186 	.byte	0
000002df 00             1187 	.byte	0
000002e0 0273           1188 	.byte	2,115
000002e2 00             1189 	.byte	0
                        1190 
000002e3 00             1191 	.byte	0
                        1192 
000002e4 00             1193 	.byte	0
                        1194 
                        1195 .LDW_49dc398:
000002e5 13             1196 	.byte	19
000002e6 505554756350   1197 	.strz	"PUTucPatmoEE"
000002ec 61746d6f4545 
000002f2 00 
000002f3 24             1198 	.byte	36
000002f4 06             1199 	.byte	6
000002f5 01             1200 	.byte	1
000002f6 00000000*      1201 	.word	_PUTucPatmoEE
000002fa 00000000*      1202 	.word	___ghs_eofn_PUTucPatmoEE
000002fe 0153           1203 	.byte	1,83
00000300 8280808008     1204 	.byte	130,128,128,128,8
00000305 04             1205 	.byte	4
00000306 03             1206 	.byte	3
00000307 08             1207 	.byte	8
00000308 00             1208 	.byte	0
00000309 00             1209 	.byte	0
0000030a 00             1210 	.byte	0
0000030b 01             1211 	.byte	1
0000030c 01             1212 	.byte	1
0000030d 00             1213 	.byte	0
0000030e 01             1214 	.byte	1
                        1215 
                        1216 	.section	.debug_frame
                        1217 .LDW_4dc2530:
000000d0 00000000*      1218 	.word	.LDW_unq_8-.LDW_unq_7
                        1219 .LDW_unq_7:
000000d4 00000000*      1220 	.word	.LDW_4d72798
000000d8 00000000*      1221 	.word	_PUTucPatmoEE
000000dc 00000000*      1222 	.word	___ghs_eofn_PUTucPatmoEE-_PUTucPatmoEE
000000e0 44             1223 	.byte	68
000000e1 9f             1224 	.byte	159
000000e2 03             1225 	.byte	3
000000e3 01             1226 	.byte	1
000000e4 00000000*      1227 	.word	.LDW51
000000e8 44             1228 	.byte	68
000000e9 df             1229 	.byte	223
000000ea 00             1230 	.byte	0
000000eb 00             1231 	.byte	0
                        1232 .LDW_unq_8:
                        1233 	.section	.debug_line
000002d1 000502         1234 	.byte	0,5,2
000002d4 00000000*      1235 	.word	_PUTucPatmoEE
000002d8 03             1236 	.byte	3
000002d9 24             1237 	.byte	36

                                                                      Page 24
                                                              C:\Users\nhuliyap\AppData\Local\Temp\gh_000003o1.s
000002da 02             1238 	.byte	2
000002db 00             1239 	.byte	0
000002dc 01             1240 	.byte	1
000002dd 06             1241 	.byte	6
000002de 2b             1242 	.byte	43
000002df 000502         1243 	.byte	0,5,2
000002e2 00000000*      1244 	.word	.LDWlin5
000002e6 0b             1245 	.byte	11
000002e7 02             1246 	.byte	2
000002e8 04             1247 	.byte	4
000002e9 000101         1248 	.byte	0,1,1
                        1249 	.section	.debug_info
                        1250 .LDW_49dc430:
0000030f 0f             1251 	.byte	15
00000310 756344617461   1252 	.strz	"ucData"
00000316 00 
00000317 24             1253 	.byte	36
00000318 19             1254 	.byte	25
00000319 01             1255 	.byte	1
0000031a 00000000*      1256 	.word	.LDW_49d9ed0
0000031e 00             1257 	.byte	0
0000031f 0273           1258 	.byte	2,115
00000321 03             1259 	.byte	3
                        1260 
                        1261 .LDW_49de500:
00000322 1d             1262 	.byte	29
00000323 00000000*      1263 	.word	.LDW41
00000327 00000000*      1264 	.word	.LDW51
                        1265 
0000032b 00             1266 	.byte	0
                        1267 
0000032c 00             1268 	.byte	0
                        1269 
                        1270 .LDW_49dc488:
0000032d 14             1271 	.byte	20
0000032e 474554756350   1272 	.strz	"GETucPatmoEE"
00000334 61746d6f4545 
0000033a 00 
0000033b 29             1273 	.byte	41
0000033c 07             1274 	.byte	7
0000033d 01             1275 	.byte	1
0000033e 00000000*      1276 	.word	.LDW_49d9ed0
00000342 00000000*      1277 	.word	_GETucPatmoEE
00000346 00000000*      1278 	.word	___ghs_eofn_GETucPatmoEE
0000034a 0153           1279 	.byte	1,83
0000034c 8280808008     1280 	.byte	130,128,128,128,8
00000351 04             1281 	.byte	4
00000352 03             1282 	.byte	3
00000353 08             1283 	.byte	8
00000354 00             1284 	.byte	0
00000355 00             1285 	.byte	0
00000356 00             1286 	.byte	0
00000357 01             1287 	.byte	1
00000358 01             1288 	.byte	1
00000359 00             1289 	.byte	0
0000035a 01             1290 	.byte	1
                        1291 
                        1292 	.section	.debug_frame
                        1293 .LDW_4dc2430:
000000ec 00000000*      1294 	.word	.LDW_unq_a-.LDW_unq_9
                        1295 .LDW_unq_9:

                                                                      Page 25
                                                              C:\Users\nhuliyap\AppData\Local\Temp\gh_000003o1.s
000000f0 00000000*      1296 	.word	.LDW_4d72798
000000f4 00000000*      1297 	.word	_GETucPatmoEE
000000f8 00000000*      1298 	.word	___ghs_eofn_GETucPatmoEE-_GETucPatmoEE
000000fc 44             1299 	.byte	68
000000fd 9f             1300 	.byte	159
000000fe 03             1301 	.byte	3
000000ff 01             1302 	.byte	1
00000100 00000000*      1303 	.word	.LDW71
00000104 44             1304 	.byte	68
00000105 df             1305 	.byte	223
00000106 00             1306 	.byte	0
00000107 00             1307 	.byte	0
                        1308 .LDW_unq_a:
                        1309 	.section	.debug_line
000002ec 000502         1310 	.byte	0,5,2
000002ef 00000000*      1311 	.word	_GETucPatmoEE
000002f3 03             1312 	.byte	3
000002f4 28             1313 	.byte	40
000002f5 02             1314 	.byte	2
000002f6 00             1315 	.byte	0
000002f7 01             1316 	.byte	1
000002f8 06             1317 	.byte	6
000002f9 1d             1318 	.byte	29
000002fa 1c             1319 	.byte	28
000002fb 000502         1320 	.byte	0,5,2
000002fe 00000000*      1321 	.word	.LDWlin6
00000302 0b             1322 	.byte	11
00000303 06             1323 	.byte	6
00000304 02             1324 	.byte	2
00000305 04             1325 	.byte	4
00000306 02             1326 	.byte	2
00000307 04             1327 	.byte	4
00000308 000101         1328 	.byte	0,1,1
                        1329 	.section	.debug_info
                        1330 .LDW_49de740:
0000035b 1d             1331 	.byte	29
0000035c 00000000*      1332 	.word	.LDW61
00000360 00000000*      1333 	.word	.LDW71
                        1334 
                        1335 .LDW_49dc5a8:
00000364 04             1336 	.byte	4
00000365 6c5f75636144   1337 	.strz	"l_ucaData"
0000036b 61746100 
0000036f 2a             1338 	.byte	42
00000370 0b             1339 	.byte	11
00000371 01             1340 	.byte	1
00000372 00000000*      1341 	.word	.LDW_49dc520
00000376 00             1342 	.byte	0
00000377 00             1343 	.byte	0
00000378 0273           1344 	.byte	2,115
0000037a 03             1345 	.byte	3
                        1346 
0000037b 00             1347 	.byte	0
                        1348 
0000037c 00             1349 	.byte	0
                        1350 
                        1351 .LDW_49dc658:
0000037d 13             1352 	.byte	19
0000037e 505554736341   1353 	.strz	"PUTscAdaptedTrefEE"
00000384 646170746564 
0000038a 547265664545 

                                                                      Page 26
                                                              C:\Users\nhuliyap\AppData\Local\Temp\gh_000003o1.s
00000390 00 
00000391 34             1354 	.byte	52
00000392 06             1355 	.byte	6
00000393 01             1356 	.byte	1
00000394 00000000*      1357 	.word	_PUTscAdaptedTrefEE
00000398 00000000*      1358 	.word	___ghs_eofn_PUTscAdaptedTrefEE
0000039c 0153           1359 	.byte	1,83
0000039e 8280808008     1360 	.byte	130,128,128,128,8
000003a3 04             1361 	.byte	4
000003a4 03             1362 	.byte	3
000003a5 08             1363 	.byte	8
000003a6 00             1364 	.byte	0
000003a7 00             1365 	.byte	0
000003a8 00             1366 	.byte	0
000003a9 01             1367 	.byte	1
000003aa 01             1368 	.byte	1
000003ab 00             1369 	.byte	0
000003ac 01             1370 	.byte	1
                        1371 
                        1372 	.section	.debug_frame
                        1373 .LDW_4dc25b0:
00000108 00000000*      1374 	.word	.LDW_unq_c-.LDW_unq_b
                        1375 .LDW_unq_b:
0000010c 00000000*      1376 	.word	.LDW_4d72798
00000110 00000000*      1377 	.word	_PUTscAdaptedTrefEE
00000114 00000000*      1378 	.word	___ghs_eofn_PUTscAdaptedTrefEE-_PUTscAdaptedTrefEE
00000118 44             1379 	.byte	68
00000119 9f             1380 	.byte	159
0000011a 03             1381 	.byte	3
0000011b 01             1382 	.byte	1
0000011c 00000000*      1383 	.word	.LDW91
00000120 44             1384 	.byte	68
00000121 df             1385 	.byte	223
00000122 00             1386 	.byte	0
00000123 00             1387 	.byte	0
                        1388 .LDW_unq_c:
                        1389 	.section	.debug_line
0000030b 000502         1390 	.byte	0,5,2
0000030e 00000000*      1391 	.word	_PUTscAdaptedTrefEE
00000312 03             1392 	.byte	3
00000313 34             1393 	.byte	52
00000314 02             1394 	.byte	2
00000315 00             1395 	.byte	0
00000316 01             1396 	.byte	1
00000317 06             1397 	.byte	6
00000318 2b             1398 	.byte	43
00000319 000502         1399 	.byte	0,5,2
0000031c 00000000*      1400 	.word	.LDWlin7
00000320 0b             1401 	.byte	11
00000321 02             1402 	.byte	2
00000322 04             1403 	.byte	4
00000323 000101         1404 	.byte	0,1,1
                        1405 	.section	.debug_info
                        1406 .LDW_49dc6f0:
000003ad 0f             1407 	.byte	15
000003ae 736344617461   1408 	.strz	"scData"
000003b4 00 
000003b5 34             1409 	.byte	52
000003b6 1f             1410 	.byte	31
000003b7 01             1411 	.byte	1
000003b8 00000000*      1412 	.word	.LDW_49dc600

                                                                      Page 27
                                                              C:\Users\nhuliyap\AppData\Local\Temp\gh_000003o1.s
000003bc 00             1413 	.byte	0
000003bd 0273           1414 	.byte	2,115
000003bf 03             1415 	.byte	3
                        1416 
                        1417 .LDW_49de4a0:
000003c0 1d             1418 	.byte	29
000003c1 00000000*      1419 	.word	.LDW81
000003c5 00000000*      1420 	.word	.LDW91
                        1421 
000003c9 00             1422 	.byte	0
                        1423 
000003ca 00             1424 	.byte	0
                        1425 
                        1426 .LDW_49dc748:
000003cb 14             1427 	.byte	20
000003cc 474554736341   1428 	.strz	"GETscAdaptedTrefEE"
000003d2 646170746564 
000003d8 547265664545 
000003de 00 
000003df 39             1429 	.byte	57
000003e0 07             1430 	.byte	7
000003e1 01             1431 	.byte	1
000003e2 00000000*      1432 	.word	.LDW_49dc600
000003e6 00000000*      1433 	.word	_GETscAdaptedTrefEE
000003ea 00000000*      1434 	.word	___ghs_eofn_GETscAdaptedTrefEE
000003ee 0153           1435 	.byte	1,83
000003f0 8280808008     1436 	.byte	130,128,128,128,8
000003f5 04             1437 	.byte	4
000003f6 03             1438 	.byte	3
000003f7 08             1439 	.byte	8
000003f8 00             1440 	.byte	0
000003f9 00             1441 	.byte	0
000003fa 00             1442 	.byte	0
000003fb 01             1443 	.byte	1
000003fc 01             1444 	.byte	1
000003fd 00             1445 	.byte	0
000003fe 01             1446 	.byte	1
                        1447 
                        1448 	.section	.debug_frame
                        1449 .LDW_4dc25f0:
00000124 00000000*      1450 	.word	.LDW_unq_e-.LDW_unq_d
                        1451 .LDW_unq_d:
00000128 00000000*      1452 	.word	.LDW_4d72798
0000012c 00000000*      1453 	.word	_GETscAdaptedTrefEE
00000130 00000000*      1454 	.word	___ghs_eofn_GETscAdaptedTrefEE-_GETscAdaptedTrefEE
00000134 44             1455 	.byte	68
00000135 9f             1456 	.byte	159
00000136 03             1457 	.byte	3
00000137 01             1458 	.byte	1
00000138 00000000*      1459 	.word	.LDW12
0000013c 44             1460 	.byte	68
0000013d df             1461 	.byte	223
0000013e 00             1462 	.byte	0
0000013f 00             1463 	.byte	0
                        1464 .LDW_unq_e:
                        1465 	.section	.debug_line
00000326 000502         1466 	.byte	0,5,2
00000329 00000000*      1467 	.word	_GETscAdaptedTrefEE
0000032d 03             1468 	.byte	3
0000032e 38             1469 	.byte	56
0000032f 02             1470 	.byte	2

                                                                      Page 28
                                                              C:\Users\nhuliyap\AppData\Local\Temp\gh_000003o1.s
00000330 00             1471 	.byte	0
00000331 01             1472 	.byte	1
00000332 06             1473 	.byte	6
00000333 1d             1474 	.byte	29
00000334 1c             1475 	.byte	28
00000335 000502         1476 	.byte	0,5,2
00000338 00000000*      1477 	.word	.LDWlin8
0000033c 0b             1478 	.byte	11
0000033d 06             1479 	.byte	6
0000033e 02             1480 	.byte	2
0000033f 04             1481 	.byte	4
00000340 02             1482 	.byte	2
00000341 04             1483 	.byte	4
00000342 000101         1484 	.byte	0,1,1
                        1485 	.section	.debug_info
                        1486 .LDW_49de4d0:
000003ff 1d             1487 	.byte	29
00000400 00000000*      1488 	.word	.LDW02
00000404 00000000*      1489 	.word	.LDW12
                        1490 
                        1491 .LDW_49dc868:
00000408 04             1492 	.byte	4
00000409 6c5f73636144   1493 	.strz	"l_scaData"
0000040f 61746100 
00000413 3a             1494 	.byte	58
00000414 0b             1495 	.byte	11
00000415 01             1496 	.byte	1
00000416 00000000*      1497 	.word	.LDW_49dc7e0
0000041a 00             1498 	.byte	0
0000041b 00             1499 	.byte	0
0000041c 0273           1500 	.byte	2,115
0000041e 03             1501 	.byte	3
                        1502 
0000041f 00             1503 	.byte	0
                        1504 
00000420 00             1505 	.byte	0
                        1506 
00000421 00             1507 	.byte	0
                        1508 
                        1509 	.section	.debug_line
                        1510 .Ldw_line_end:
                        1511 	.section	.debug_macinfo
00000000 01             1512 	.byte	1
00000001 00             1513 	.byte	0
00000002 5f5f6768735f   1514 	.strz	"__ghs__ 1"
00000008 5f203100 
0000000c 01             1515 	.byte	1
0000000d 00             1516 	.byte	0
0000000e 5f5f4c4c4f4e   1517 	.strz	"__LLONG_BIT 64"
00000014 475f42495420 
0000001a 363400 
0000001d 01             1518 	.byte	1
0000001e 00             1519 	.byte	0
0000001f 494254434d5f   1520 	.strz	"IBTCM_SW_ANPASSUNGEN 1"
00000025 53575f414e50 
0000002b 415353554e47 
00000031 454e203100 
00000036 01             1521 	.byte	1
00000037 00             1522 	.byte	0
00000038 4255494c445f   1523 	.strz	"BUILD_LORDSTOWN 1"
0000003e 4c4f52445354 

                                                                      Page 29
                                                              C:\Users\nhuliyap\AppData\Local\Temp\gh_000003o1.s
00000044 4f574e203100 
0000004a 03             1524 	.byte	3
0000004b 00             1525 	.byte	0
0000004c 01             1526 	.byte	1
0000004d 03             1527 	.byte	3
0000004e 03             1528 	.byte	3
0000004f 02             1529 	.byte	2
00000050 03             1530 	.byte	3
00000051 06             1531 	.byte	6
00000052 03             1532 	.byte	3
00000053 03             1533 	.byte	3
00000054 04             1534 	.byte	4
00000055 04             1535 	.byte	4
00000056 03             1536 	.byte	3
00000057 07             1537 	.byte	7
00000058 05             1538 	.byte	5
00000059 03             1539 	.byte	3
0000005a 1c             1540 	.byte	28
0000005b 06             1541 	.byte	6
0000005c 01             1542 	.byte	1
0000005d 3c             1543 	.byte	60
0000005e 545255452031   1544 	.strz	"TRUE 1u"
00000064 7500 
00000066 01             1545 	.byte	1
00000067 40             1546 	.byte	64
00000068 46414c534520   1547 	.strz	"FALSE 0u"
0000006e 307500 
00000071 04             1548 	.byte	4
00000072 03             1549 	.byte	3
00000073 1d             1550 	.byte	29
00000074 07             1551 	.byte	7
00000075 03             1552 	.byte	3
00000076 1b             1553 	.byte	27
00000077 08             1554 	.byte	8
00000078 03             1555 	.byte	3
00000079 54             1556 	.byte	84
0000007a 09             1557 	.byte	9
0000007b 04             1558 	.byte	4
0000007c 04             1559 	.byte	4
0000007d 04             1560 	.byte	4
0000007e 04             1561 	.byte	4
0000007f 04             1562 	.byte	4
00000080 01             1563 	.byte	1
00000081 0e             1564 	.byte	14
00000082 50524f445543   1565 	.strz	"PRODUCTION_SW 0x0"
00000088 54494f4e5f53 
0000008e 572030783000 
00000094 01             1566 	.byte	1
00000095 0f             1567 	.byte	15
00000096 444556454c4f   1568 	.strz	"DEVELOPMENT_SW 0x1"
0000009c 504d454e545f 
000000a2 535720307831 
000000a8 00 
000000a9 01             1569 	.byte	1
000000aa 10             1570 	.byte	16
000000ab 53575f434154   1571 	.strz	"SW_CATEGORY PRODUCTION_SW"
000000b1 45474f525920 
000000b7 50524f445543 
000000bd 54494f4e5f53 
000000c3 5700 
000000c5 04             1572 	.byte	4

                                                                      Page 30
                                                              C:\Users\nhuliyap\AppData\Local\Temp\gh_000003o1.s
000000c6 01             1573 	.byte	1
000000c7 08             1574 	.byte	8
000000c8 4d41585f5349   1575 	.strz	"MAX_SIZE_WS_TELEGRAM 16U"
000000ce 5a455f57535f 
000000d4 54454c454752 
000000da 414d20313655 
000000e0 00 
000000e1 01             1576 	.byte	1
000000e2 11             1577 	.byte	17
000000e3 4e564d5f424c   1578 	.strz	"NVM_BLOCK_TYPE uint32"
000000e9 4f434b5f5459 
000000ef 50452075696e 
000000f5 74333200 
000000f9 04             1579 	.byte	4
000000fa 03             1580 	.byte	3
000000fb 04             1581 	.byte	4
000000fc 0a             1582 	.byte	10
000000fd 03             1583 	.byte	3
000000fe 06             1584 	.byte	6
000000ff 0b             1585 	.byte	11
00000100 04             1586 	.byte	4
00000101 01             1587 	.byte	1
00000102 18             1588 	.byte	24
00000103 53454e534f52   1589 	.strz	"SENSOR_AUFLOESUNG_25MBAR "
00000109 5f4155464c4f 
0000010f 4553554e475f 
00000115 32354d424152 
0000011b 2000 
0000011d 04             1590 	.byte	4
0000011e 03             1591 	.byte	3
0000011f 05             1592 	.byte	5
00000120 0c             1593 	.byte	12
00000121 01             1594 	.byte	1
00000122 1c             1595 	.byte	28
00000123 4e564d5f4341   1596 	.strz	"NVM_CAT01_IDX07_REAL_SIZE 5U"
00000129 5430315f4944 
0000012f 5830375f5245 
00000135 414c5f53495a 
0000013b 4520355500 
00000140 01             1597 	.byte	1
00000141 1d             1598 	.byte	29
00000142 4e564d5f4341   1599 	.strz	"NVM_CAT01_IDX08_REAL_SIZE 1U"
00000148 5430315f4944 
0000014e 5830385f5245 
00000154 414c5f53495a 
0000015a 4520315500 
0000015f 01             1600 	.byte	1
00000160 1e             1601 	.byte	30
00000161 4e564d5f4341   1602 	.strz	"NVM_CAT01_IDX09_REAL_SIZE 1U"
00000167 5430315f4944 
0000016d 5830395f5245 
00000173 414c5f53495a 
00000179 4520315500 
0000017e 04             1603 	.byte	4
0000017f 03             1604 	.byte	3
00000180 06             1605 	.byte	6
00000181 0d             1606 	.byte	13
00000182 03             1607 	.byte	3
00000183 1b             1608 	.byte	27
00000184 0e             1609 	.byte	14
00000185 01             1610 	.byte	1

                                                                      Page 31
                                                              C:\Users\nhuliyap\AppData\Local\Temp\gh_000003o1.s
00000186 9d01           1611 	.byte	157,1
00000188 4650412000     1612 	.strz	"FPA "
0000018d 01             1613 	.byte	1
0000018e 9f01           1614 	.byte	159,1
00000190 4142535f5465   1615 	.strz	"ABS_Test_LOG_ENABLE "
00000196 73745f4c4f47 
0000019c 5f454e41424c 
000001a2 452000 
000001a5 04             1616 	.byte	4
000001a6 04             1617 	.byte	4
000001a7 04             1618 	.byte	4
000001a8 00             1619 	.byte	0
                        1620 	.section	.debug_abbrev
00000111 00             1621 	.byte	0
                        1622 	.section	.debug_info
                        1623 .Ldw_end:
                        1624 .rh850_flags REGMODE32,DATA_ALIGN8,GP_FIX,EP_NONFIX,TP_FIX,REG2_RESERVE,G3K,GHS_MISALIGN,SDA_EXTRA_REGS_0
