                                                                      Page 1
                                                              C:\Users\nhuliyap\AppData\Local\Temp\gh_0000abo1.s
Command Line: C:\ghs\comp_201517\ease850.exe -w -elf -b0 -I../source/common -I../source/ProjectCompiler -I../source/ProjectCfg -I../source/SwcApplTpms -I../source/SwcApplTpms/Intface -I../source/SwcApplEcuM -I../source/SwcServiceEcuM -I../source/SwcServiceNvM -I../source/SwcServiceOs -I../source/SwcServiceStartUp -I../source/McalAdc -I../source/McalDio -I../source/McalGpt -I../source/McalMcu -I../source/McalWdg -I../source/wrappers -I../source/wrappers/McalAta -I../source/McalLin -I../source/McalCan -I../source/wrappers/OS -I../source/McalFls -I../source/EcuabFee -I../source/EcuabMemIf -I../source/wrappers/VStdLib -I../source/wrappers/Crc -I../source/wrappers/FBL_APPL -I../source/wrappers/CAN_MANAGER -I../source/wrappers/NVM_MANAGER -I../source/wrappers/DEM_MANAGER -I../source/wrappers/RDC_MANAGER -I../source/wrappers/ENV_MANAGER -I../source/wrappers/SYS_MANAGER -I../source/wrappers/EcuabCanIf -I../source/wrappers/SwcServiceCanSM -I../source/wrappers/SwcServiceCanTp -I../source/wrappers/SwcServiceCanTp_PreCompile -I../source/wrappers/SwcServiceCom -I../source/wrappers/SwcServiceComM -I../source/wrappers/SwcServiceComStack -I../source/wrappers/SwcServiceDcm -I../source/wrappers/SwcServicePduR -I../source/wrappers/SwcServiceEcuM -I../source/wrappers/Bfx -I../source/wrappers/SwcServiceDem -I../source/SwcServiceDet -I../source/SwcServiceFiM -I../source/wrappers/LibAutosarDiag -I../source/wrappers/rba_BswSrv -I../source/SwcServiceSchM -I../source/wrappers/SwcServiceComM/Integration -I../source/wrappers/SwcServicePduR/Integration -I../source/wrappers/EcuabCanIf/Integration -I../source/wrappers/SwcServiceCom/Integration -I../source/wrappers/SwcServiceCanTp/Integration -I../source/wrappers/SwcServiceEcuM/Integration -I../source/SwcServiceDet/Integration -I../source/wrappers/SwcServiceDcm/Integration -I../source/wrappers/SwcServiceDem/Integration -I../source/SwcServiceFiM/Integration -I../source/wrappers/EcuabCanIf/api -I../source/wrappers/SwcServiceCom/api -I../source/wrappers/SwcServiceComM/api -I../source/wrappers/SwcServicePduR/api -I../source/wrappers/Bfx/api -I../source/SwcServiceDet/api -I../source/SwcServiceFiM/api -I../source/wrappers/LibAutosarDiag/api -I../source/wrappers/rba_BswSrv/api -IC:\ghs\comp_201517\lib\rh850 -cg_underscore -cpu=rh850g3k -no_v850_simd -rh850_fpsimd=none -nomacro -patch_dbo=C:\_ECU2\ECU_Rivian_A1\Target\repo_projects\pRealEcu\cL_LATEST\make\output\objects\Walloc_IF.dbo -source=Walloc_IF.c -o output\objects\gh_0000abo1.o -list=output\list\Walloc_IF.lst C:\Users\nhuliyap\AppData\Local\Temp\gh_0000abo1.s 
Original File: C:\Users\nhuliyap\AppData\Local\Temp\gh_0000abo1.s
Source File: Walloc_IF.c
Directory: C:\_ECU2\ECU_Rivian_A1\Target\repo_projects\pRealEcu\cL_LATEST\make
Host OS: Windows
EASE: Copyright (C) 1983-2015 Green Hills Software.  All Rights Reserved.
Release: Compiler v2015.1.7
Build Directory: [Directory] BTOWORKER6:c:/build_2015_1_bto/2015-10-21.2100-2015_1_bto/win32-comp-ecom
Revision: [VCInfo] http://toolsvc/branches/release-branch-70-bto/src@544153 (built by build)
Revision Date: Thu Oct 22 07:50:13 2015

Release Date: Thu Oct 22 09:32:32 2015

                           1 --Driver Command: ccv850 ../source/SwcApplTpms/Walloc_IF.c -cpu=rh850 -fhard
                           2 --		-ignore_callt_state_in_interrupts -large_sda -misalign_pack
                           3 --		-nofarcalls -nofloatio -no_callt -Ogeneral -Onounroll
                           4 --		-prepare_dispose -registermode=32 -reserve_r2 -sda=0
                           5 --		-shorten_loads -Wshadow --brief_diagnostics --no_commons
                           6 --		--no_wrap_diagnostics --prototype_errors --short_enum -list -G
                           7 --		-dual_debug -dwarf -X5523 -lnk=-no_xda_modifications -D
                           8 --		NOT_READY_FOR_TESTING_OR_DEPLOYMENT -D IBTCM_SW_ANPASSUNGEN -D
                           9 --		BUILD_LORDSTOWN -c -inline_prologue -I../source/common
                          10 --		-I../source/ProjectCompiler -I../source/ProjectCfg
                          11 --		-I../source/SwcApplTpms -I../source/SwcApplTpms/Intface
                          12 --		-I../source/SwcApplEcuM -I../source/SwcServiceEcuM
                          13 --		-I../source/SwcServiceNvM -I../source/SwcServiceOs
                          14 --		-I../source/SwcServiceStartUp -I../source/McalAdc
                          15 --		-I../source/McalDio -I../source/McalGpt -I../source/McalMcu
                          16 --		-I../source/McalWdg -I../source/wrappers
                          17 --		-I../source/wrappers/McalAta -I../source/McalLin
                          18 --		-I../source/McalCan -I../source/wrappers/OS -I../source/McalFls
                          19 --		-I../source/EcuabFee -I../source/EcuabMemIf
                          20 --		-I../source/wrappers/VStdLib -I../source/wrappers
                          21 --		-I../source/wrappers/Crc -I../source/wrappers/FBL_APPL
                          22 --		-I../source/wrappers/CAN_MANAGER -I../source/wrappers/NVM_MANAGER
                          23 --		-I../source/wrappers/DEM_MANAGER -I../source/wrappers/RDC_MANAGER
                          24 --		-I../source/wrappers/ENV_MANAGER -I../source/wrappers/SYS_MANAGER
                          25 --		-I../source/wrappers/EcuabCanIf
                          26 --		-I../source/wrappers/SwcServiceCanSM
                          27 --		-I../source/wrappers/SwcServiceCanTp
                          28 --		-I../source/wrappers/SwcServiceCanTp_PreCompile
                          29 --		-I../source/wrappers/SwcServiceCom
                          30 --		-I../source/wrappers/SwcServiceComM
                          31 --		-I../source/wrappers/SwcServiceComStack
                          32 --		-I../source/wrappers/SwcServiceDcm
                          33 --		-I../source/wrappers/SwcServicePduR
                          34 --		-I../source/wrappers/SwcServiceEcuM -I../source/wrappers/Bfx
                          35 --		-I../source/wrappers/SwcServiceDem -I../source/SwcServiceDet
                          36 --		-I../source/SwcServiceFiM -I../source/wrappers/LibAutosarDiag
                          37 --		-I../source/wrappers/rba_BswSrv -I../source/SwcServiceSchM
                          38 --		-I../source/wrappers/SwcServiceComM/Integration
                          39 --		-I../source/wrappers/SwcServicePduR/Integration
                          40 --		-I../source/wrappers/EcuabCanIf/Integration
                          41 --		-I../source/wrappers/SwcServiceCom/Integration
                          42 --		-I../source/wrappers/SwcServiceCanTp/Integration
                          43 --		-I../source/wrappers/SwcServiceEcuM/Integration
                          44 --		-I../source/SwcServiceDet/Integration
                          45 --		-I../source/wrappers/SwcServiceDcm/Integration
                          46 --		-I../source/wrappers/SwcServiceDem/Integration
                          47 --		-I../source/SwcServiceFiM/Integration
                          48 --		-I../source/wrappers/EcuabCanIf/api
                          49 --		-I../source/wrappers/SwcServiceCom/api
                          50 --		-I../source/wrappers/SwcServiceComM/api

                                                                      Page 2
                                                              C:\Users\nhuliyap\AppData\Local\Temp\gh_0000abo1.s
                          51 --		-I../source/wrappers/SwcServicePduR/api
                          52 --		-I../source/wrappers/Bfx/api -I../source/SwcServiceDet/api
                          53 --		-I../source/SwcServiceFiM/api
                          54 --		-I../source/wrappers/LibAutosarDiag/api
                          55 --		-I../source/wrappers/rba_BswSrv/api -object_dir=output/objects
                          56 --		-list_dir=output/list
                          57 --Source File:   ../source/SwcApplTpms/Walloc_IF.c
                          58 --Directory:     
                          59 --		C:\_ECU2\ECU_Rivian_A1\Target\repo_projects\pRealEcu\cL_LATEST\make
                          60 --Compile Date:  Wed Sep 06 09:45:29 2023
                          61 --Host OS:       Win32
                          62 --Version:       C-RH850 2015.1.7 RELEASE VERSION
                          63 --Release:       Compiler v2015.1.7
                          64 --Revision Date: Thu Oct 22 08:06:12 2015
                          65 --Release Date:  Thu Oct 22 09:34:32 2015
                          66 -- ecom  -g -w -OM
                          67 	.text
                          68 ..bof.C.3A.5C_ECU2.5CECU_Rivian_A1.5CTarget.5Crepo_projects.5CpRealEcu.5CcL_LATEST.5Cmake.5Coutput.5Cobjects.5CWalloc_IF...43.3A.5C_ECU2.5CECU_Rivian_A1.5CTarget.5Crepo_projects.5CpRealEcu.5CcL_LATEST.5Cmake..64F82E19..0::
                          69 	.align	2
                          70 ..gh.f.f.1.e.0:
                          71 	.type	..gh.f.f.1.e.0,@object
                          72 	.size	..gh.f.f.1.e.0,0
                          73 	.global	_CancelWATO
                          74 _CancelWATO:
                          75 --	    .bf
                          76 .LDW01:
00000000 80070000*        77 	jr	_StopWallocTOAlarm
                          78 --	    .ef
                          79 .LDW11:
                          80 	.global	___ghs_eofn_CancelWATO
                          81 ___ghs_eofn_CancelWATO:
                          82 	.type	_CancelWATO,@function
                          83 	.size	_CancelWATO,.-_CancelWATO
                          84 	.align	2
                          85 
                          86 	.section ".bss","awb"
                          87 .L33:
                          88 	.type	.L33,@object
                          89 	.size	.L33,0
                          90 	.data
                          91 	.text
                          92 	.align	2
                          93 	.align	2
                          94 ..gh.f.f.1.e.1:
                          95 	.type	..gh.f.f.1.e.1,@object
                          96 	.size	..gh.f.f.1.e.1,0
                          97 	.global	_StartWATO
                          98 _StartWATO:
                          99 --	    .bf
                         100 .LDW21:
00000004 c636ff00        101 	andi	255,r6,r6
00000008 b205*           102 	be	.L52
0000000a 80070000*       103 	jr	_StartWallocTOAlarm
                         104 .L52:
                         105 --	    .ef
                         106 .LDW31:
                         107 --line84
                         108 ..lin.C.3A.5C_ECU2.5CECU_Rivian_A1.5CTarget.5Crepo_projects.5CpRealEcu.5CcL_LATEST.5Cmake.5Coutput.5Cobjects.5CWalloc_IF.1::
                         109 .LDWlin1:
0000000e 7f00            110 	jmp	[lp]
                         111 	.global	___ghs_eofn_StartWATO

                                                                      Page 3
                                                              C:\Users\nhuliyap\AppData\Local\Temp\gh_0000abo1.s
                         112 ___ghs_eofn_StartWATO:
                         113 	.type	_StartWATO,@function
                         114 	.size	_StartWATO,.-_StartWATO
                         115 	.align	2
                         116 
                         117 --_ucTimeInSec	r6	param
                         118 
                         119 	.section ".bss","awb"
                         120 .L86:
                         121 	.type	.L86,@object
                         122 	.size	.L86,0
                         123 	.data
                         124 	.text
                         125 	.align	2
                         126 	.align	2
                         127 ..gh.f.f.1.e.2:
                         128 	.type	..gh.f.f.1.e.2,@object
                         129 	.size	..gh.f.f.1.e.2,0
                         130 	.global	_ushGetABSingleTick
                         131 _ushGetABSingleTick:
00000010 84076100        132 	prepare	{r29,r31},2
00000014 06e8            133 	mov	r6,r29
00000016 9d00            134 	zxb	r29
                         135 --	    .bf
                         136 .LDW41:
00000018 0092            137 	mov	0,r18
                         138 .L125:
0000001a 12f0            139 	mov	r18,ep
0000001c c1f2            140 	shl	1,ep
0000001e c3f1            141 	add	sp,ep
00000020 4192            142 	add	1,r18
00000022 8004            143 	sst.h	zero,0[ep]
00000024 6492            144 	cmp	4,r18
00000026 a1fd*           145 	bl	.L125
                         146 --line143
                         147 ..lin.C.3A.5C_ECU2.5CECU_Rivian_A1.5CTarget.5Crepo_projects.5CpRealEcu.5CcL_LATEST.5Cmake.5Coutput.5Cobjects.5CWalloc_IF.2::
                         148 .LDWlin2:
00000028 0330            149 	mov	sp,r6
                         150 	jarl	_GetLinABS,lp
                         150 <EXPANSION BEGIN>
                         150 jarl22 _GetLinABS , lp 
0000002a 80ff0000*       150 <EXPANSION END>
                         151 --line145
                         152 ..lin.C.3A.5C_ECU2.5CECU_Rivian_A1.5CTarget.5Crepo_projects.5CpRealEcu.5CcL_LATEST.5Cmake.5Coutput.5Cobjects.5CWalloc_IF.3::
                         153 .LDWlin3:
0000002e 008a            154 	mov	0,r17
00000030 e051            155 	cmp	zero,r10
00000032 da05*           156 	bne	.L128
                         157 --line148
                         158 ..lin.C.3A.5C_ECU2.5CECU_Rivian_A1.5CTarget.5Crepo_projects.5CpRealEcu.5CcL_LATEST.5Cmake.5Coutput.5Cobjects.5CWalloc_IF.4::
                         159 .LDWlin4:
00000034 1df0            160 	mov	r29,ep
00000036 c1f2            161 	shl	1,ep
00000038 c3f1            162 	add	sp,ep
0000003a 7088            163 	sld.hu	0[ep],r17
                         164 .L128:
0000003c 1150            165 	mov	r17,r10
                         166 --	    .ef
                         167 .LDW51:
0000003e 44067f00        168 	dispose	2,{r29,r31},[lp]
                         169 	.global	___ghs_eofn_ushGetABSingleTick

                                                                      Page 4
                                                              C:\Users\nhuliyap\AppData\Local\Temp\gh_0000abo1.s
                         170 ___ghs_eofn_ushGetABSingleTick:
                         171 	.type	_ushGetABSingleTick,@function
                         172 	.size	_ushGetABSingleTick,.-_ushGetABSingleTick
                         173 	.align	2
                         174 --_LocalCnt	r18	local
                         175 --_ushCnt	0[sp]	local
                         176 --_ushCurrentAbsTick	r17	local
                         177 
                         178 --_ucIx	r29	param
                         179 
                         180 	.section ".bss","awb"
                         181 .L185:
                         182 	.type	.L185,@object
                         183 	.size	.L185,0
                         184 	.data
                         185 	.text
                         186 	.align	2
                         187 
                         188 	.data
                         189 	.ghsnote version,17
                         190 	.ghsnote tools,3
                         191 	.ghsnote options,144
                         192 	.text
                         193 	.align	2
                         194 ..eof.C.3A.5C_ECU2.5CECU_Rivian_A1.5CTarget.5Crepo_projects.5CpRealEcu.5CcL_LATEST.5Cmake.5Coutput.5Cobjects.5CWalloc_IF...43.3A.5C_ECU2.5CECU_Rivian_A1.5CTarget.5Crepo_projects.5CpRealEcu.5CcL_LATEST.5Cmake..64F82E19..0::
                         195 	.section	.debug_info
                         196 .Ldw_begin:
00000000 98020000        197 	.word	.Ldw_end-.Ldw_begin-4
00000004 0200            198 	.byte	2,0
00000006 00000000*       199 	.word	.Ldw_abbr_begin
0000000a 04              200 	.byte	4
                         201 	.section	.debug_abbrev
                         202 .Ldw_abbr_begin:
                         203 	.section	.debug_info
0000000b 01              204 	.byte	1
0000000c 00000000*       205 	.word	..bof.C.3A.5C_ECU2.5CECU_Rivian_A1.5CTarget.5Crepo_projects.5CpRealEcu.5CcL_LATEST.5Cmake.5Coutput.5Cobjects.5CWalloc_IF...43.3A.5C_ECU2.5CECU_Rivian_A1.5CTarget.5Crepo_projects.5CpRealEcu.5CcL_LATEST.5Cmake..64F82E19..0
00000010 00000000*       206 	.word	..eof.C.3A.5C_ECU2.5CECU_Rivian_A1.5CTarget.5Crepo_projects.5CpRealEcu.5CcL_LATEST.5Cmake.5Coutput.5Cobjects.5CWalloc_IF...43.3A.5C_ECU2.5CECU_Rivian_A1.5CTarget.5Crepo_projects.5CpRealEcu.5CcL_LATEST.5Cmake..64F82E19..0
00000014 2e2e2f736f75    207 	.strz	"../source/SwcApplTpms/Walloc_IF.c"
0000001a 7263652f5377 
00000020 634170706c54 
00000026 706d732f5761 
0000002c 6c6c6f635f49 
00000032 462e6300 
00000036 433a5c5f4543    208 	.strz	"C:\\_ECU2\\ECU_Rivian_A1\\Target\\repo_projects\\pRealEcu\\cL_LATEST\\make"
0000003c 55325c454355 
00000042 5f5269766961 
00000048 6e5f41315c54 
0000004e 61726765745c 
00000054 7265706f5f70 
0000005a 726f6a656374 
00000060 735c70526561 
00000066 6c4563755c63 
0000006c 4c5f4c415445 
00000072 53545c6d616b 
00000078 6500 
0000007a 474853204320    209 	.strz	"GHS C 2015.1.7 [dual]"
00000080 323031352e31 
00000086 2e37205b6475 
0000008c 616c5d00 
00000090 0100            210 	.byte	1,0
00000092 00000000*       211 	.word	.Ldw_line_begin

                                                                      Page 5
                                                              C:\Users\nhuliyap\AppData\Local\Temp\gh_0000abo1.s
00000096 00000000*       212 	.word	.Ldw_macinfo_begin
0000009a 00              213 	.byte	0
                         214 
                         215 	.section	.debug_abbrev
00000000 01              216 	.byte	1
00000001 11              217 	.byte	17
00000002 01              218 	.byte	1
00000003 1101            219 	.byte	17,1
00000005 1201            220 	.byte	18,1
00000007 0308            221 	.byte	3,8
00000009 1b08            222 	.byte	27,8
0000000b 2508            223 	.byte	37,8
0000000d 1305            224 	.byte	19,5
0000000f 1006            225 	.byte	16,6
00000011 4306            226 	.byte	67,6
00000013 420b            227 	.byte	66,11
00000015 0000            228 	.byte	0,0
                         229 
                         230 	.section	.debug_line
                         231 .Ldw_line_begin:
00000000 00040000        232 	.word	.Ldw_line_end-.Ldw_line_begin-4
00000004 0200            233 	.byte	2,0
00000006 00000000*       234 	.word	.Ldw_lpro_end-.Ldw_lpro_begin
                         235 .Ldw_lpro_begin:
0000000a 01              236 	.byte	1
0000000b 00              237 	.byte	0
0000000c 00              238 	.byte	0
0000000d 04              239 	.byte	4
0000000e 0a              240 	.byte	10
0000000f 000101          241 	.byte	0,1,1
00000012 010100          242 	.byte	1,1,0
00000015 000001          243 	.byte	0,0,1
00000018 00              244 	.byte	0
00000019 2e2e2f736f75    245 	.strz	"../source/SwcApplTpms/Walloc_IF.c"
0000001f 7263652f5377 
00000025 634170706c54 
0000002b 706d732f5761 
00000031 6c6c6f635f49 
00000037 462e6300 
0000003b 000000          246 	.byte	0,0,0
0000003e 2e2e2f736f75    247 	.strz	"../source/SwcApplTpms/Walloc_IF.hpp"
00000044 7263652f5377 
0000004a 634170706c54 
00000050 706d732f5761 
00000056 6c6c6f635f49 
0000005c 462e68707000 
00000062 000000          248 	.byte	0,0,0
00000065 2e2e2f736f75    249 	.strz	"../source/SwcApplTpms/cd_decoder_x.hpp"
0000006b 7263652f5377 
00000071 634170706c54 
00000077 706d732f6364 
0000007d 5f6465636f64 
00000083 65725f782e68 
00000089 707000 
0000008c 000000          250 	.byte	0,0,0
0000008f 2e2e2f736f75    251 	.strz	"../source/SwcApplTpms/iTPMS_Interface.hpp"
00000095 7263652f5377 
0000009b 634170706c54 
000000a1 706d732f6954 
000000a7 504d535f496e 
000000ad 746572666163 

                                                                      Page 6
                                                              C:\Users\nhuliyap\AppData\Local\Temp\gh_0000abo1.s
000000b3 652e68707000 
000000b9 000000          252 	.byte	0,0,0
000000bc 2e2e2f736f75    253 	.strz	"../source/SwcApplTpms/Tpms_Rte_Data_Type.hpp"
000000c2 7263652f5377 
000000c8 634170706c54 
000000ce 706d732f5470 
000000d4 6d735f527465 
000000da 5f446174615f 
000000e0 547970652e68 
000000e6 707000 
000000e9 000000          254 	.byte	0,0,0
000000ec 2e2e2f736f75    255 	.strz	"../source/McalMcu/Types.hpp"
000000f2 7263652f4d63 
000000f8 616c4d63752f 
000000fe 54797065732e 
00000104 68707000 
00000108 000000          256 	.byte	0,0,0
0000010b 2e2e2f736f75    257 	.strz	"../source/common/Std_Types.hpp"
00000111 7263652f636f 
00000117 6d6d6f6e2f53 
0000011d 74645f547970 
00000123 65732e687070 
00000129 00 
0000012a 000000          258 	.byte	0,0,0
0000012d 2e2e2f736f75    259 	.strz	"../source/common/Platform_Types.hpp"
00000133 7263652f636f 
00000139 6d6d6f6e2f50 
0000013f 6c6174666f72 
00000145 6d5f54797065 
0000014b 732e68707000 
00000151 000000          260 	.byte	0,0,0
00000154 2e2e2f736f75    261 	.strz	"../source/common/Compiler.hpp"
0000015a 7263652f636f 
00000160 6d6d6f6e2f43 
00000166 6f6d70696c65 
0000016c 722e68707000 
00000172 000000          262 	.byte	0,0,0
00000175 2e2e2f736f75    263 	.strz	"../source/ProjectCompiler/Compiler_Cfg.hpp"
0000017b 7263652f5072 
00000181 6f6a65637443 
00000187 6f6d70696c65 
0000018d 722f436f6d70 
00000193 696c65725f43 
00000199 66672e687070 
0000019f 00 
000001a0 000000          264 	.byte	0,0,0
000001a3 2e2e2f736f75    265 	.strz	"../source/ProjectCompiler/CompilerCfg_SwcServiceOs.hpp"
000001a9 7263652f5072 
000001af 6f6a65637443 
000001b5 6f6d70696c65 
000001bb 722f436f6d70 
000001c1 696c65724366 
000001c7 675f53776353 
000001cd 657276696365 
000001d3 4f732e687070 
000001d9 00 
000001da 000000          266 	.byte	0,0,0
000001dd 2e2e2f736f75    267 	.strz	"../source/SwcApplTpms/WAllocX.hpp"
000001e3 7263652f5377 
000001e9 634170706c54 
000001ef 706d732f5741 

                                                                      Page 7
                                                              C:\Users\nhuliyap\AppData\Local\Temp\gh_0000abo1.s
000001f5 6c6c6f63582e 
000001fb 68707000 
000001ff 000000          268 	.byte	0,0,0
00000202 2e2e2f736f75    269 	.strz	"../source/SwcApplTpms/SwcApplTpms_Rte.hpp"
00000208 7263652f5377 
0000020e 634170706c54 
00000214 706d732f5377 
0000021a 634170706c54 
00000220 706d735f5274 
00000226 652e68707000 
0000022c 000000          270 	.byte	0,0,0
0000022f 2e2e2f736f75    271 	.strz	"../source/SwcApplTpms/SwcApplTpms_Rte_Type.hpp"
00000235 7263652f5377 
0000023b 634170706c54 
00000241 706d732f5377 
00000247 634170706c54 
0000024d 706d735f5274 
00000253 655f54797065 
00000259 2e68707000 
0000025e 000000          272 	.byte	0,0,0
00000261 2e2e2f736f75    273 	.strz	"../source/SwcApplTpms/SwcApplTpms_NvM.hpp"
00000267 7263652f5377 
0000026d 634170706c54 
00000273 706d732f5377 
00000279 634170706c54 
0000027f 706d735f4e76 
00000285 4d2e68707000 
0000028b 000000          274 	.byte	0,0,0
0000028e 2e2e2f736f75    275 	.strz	"../source/SwcApplTpms/SwcApplTpms_CAN_If.hpp"
00000294 7263652f5377 
0000029a 634170706c54 
000002a0 706d732f5377 
000002a6 634170706c54 
000002ac 706d735f4341 
000002b2 4e5f49662e68 
000002b8 707000 
000002bb 000000          276 	.byte	0,0,0
000002be 2e2e2f736f75    277 	.strz	"../source/SwcApplTpms/statemanagerX.hpp"
000002c4 7263652f5377 
000002ca 634170706c54 
000002d0 706d732f7374 
000002d6 6174656d616e 
000002dc 61676572582e 
000002e2 68707000 
000002e6 000000          278 	.byte	0,0,0
000002e9 2e2e2f736f75    279 	.strz	"../source/SwcApplTpms/abs_linX.hpp"
000002ef 7263652f5377 
000002f5 634170706c54 
000002fb 706d732f6162 
00000301 735f6c696e58 
00000307 2e68707000 
0000030c 000000          280 	.byte	0,0,0
0000030f 2e2e2f736f75    281 	.strz	"../source/SwcApplTpms/Intface/tss_stdx.hpp"
00000315 7263652f5377 
0000031b 634170706c54 
00000321 706d732f496e 
00000327 74666163652f 
0000032d 7473735f7374 
00000333 64782e687070 
00000339 00 
0000033a 000000          282 	.byte	0,0,0

                                                                      Page 8
                                                              C:\Users\nhuliyap\AppData\Local\Temp\gh_0000abo1.s
0000033d 2e2e2f736f75    283 	.strz	"../source/ProjectCfg/CfgSwcApplTpms.hpp"
00000343 7263652f5072 
00000349 6f6a65637443 
0000034f 66672f436667 
00000355 537763417070 
0000035b 6c54706d732e 
00000361 68707000 
00000365 000000          284 	.byte	0,0,0
00000368 2e2e2f736f75    285 	.strz	"../source/SwcApplTpms/watcfX.hpp"
0000036e 7263652f5377 
00000374 634170706c54 
0000037a 706d732f7761 
00000380 746366582e68 
00000386 707000 
00000389 000000          286 	.byte	0,0,0
0000038c 00              287 	.byte	0
                         288 .Ldw_lpro_end:
                         289 	.section	.debug_macinfo
                         290 .Ldw_macinfo_begin:
                         291 	.section	.debug_frame
                         292 .LDW_4d40750:
00000000 00000000*       293 	.word	.LDW_unq_2-.LDW_unq_1
                         294 .LDW_unq_1:
00000004 ffffffff        295 	.byte	255,255,255,255
00000008 01              296 	.byte	1
00000009 00              297 	.byte	0
0000000a 01              298 	.byte	1
0000000b 01              299 	.byte	1
0000000c 1f              300 	.byte	31
0000000d 0c              301 	.byte	12
0000000e 03              302 	.byte	3
0000000f 00              303 	.byte	0
00000010 07              304 	.byte	7
00000011 00              305 	.byte	0
00000012 07              306 	.byte	7
00000013 01              307 	.byte	1
00000014 07              308 	.byte	7
00000015 02              309 	.byte	2
00000016 07              310 	.byte	7
00000017 03              311 	.byte	3
00000018 07              312 	.byte	7
00000019 04              313 	.byte	4
0000001a 07              314 	.byte	7
0000001b 05              315 	.byte	5
0000001c 07              316 	.byte	7
0000001d 06              317 	.byte	6
0000001e 07              318 	.byte	7
0000001f 07              319 	.byte	7
00000020 07              320 	.byte	7
00000021 08              321 	.byte	8
00000022 07              322 	.byte	7
00000023 09              323 	.byte	9
00000024 07              324 	.byte	7
00000025 0a              325 	.byte	10
00000026 07              326 	.byte	7
00000027 0b              327 	.byte	11
00000028 07              328 	.byte	7
00000029 0c              329 	.byte	12
0000002a 07              330 	.byte	7
0000002b 0d              331 	.byte	13
0000002c 07              332 	.byte	7

                                                                      Page 9
                                                              C:\Users\nhuliyap\AppData\Local\Temp\gh_0000abo1.s
0000002d 0e              333 	.byte	14
0000002e 07              334 	.byte	7
0000002f 0f              335 	.byte	15
00000030 07              336 	.byte	7
00000031 10              337 	.byte	16
00000032 07              338 	.byte	7
00000033 11              339 	.byte	17
00000034 07              340 	.byte	7
00000035 12              341 	.byte	18
00000036 07              342 	.byte	7
00000037 13              343 	.byte	19
00000038 08              344 	.byte	8
00000039 14              345 	.byte	20
0000003a 08              346 	.byte	8
0000003b 15              347 	.byte	21
0000003c 08              348 	.byte	8
0000003d 16              349 	.byte	22
0000003e 08              350 	.byte	8
0000003f 17              351 	.byte	23
00000040 08              352 	.byte	8
00000041 18              353 	.byte	24
00000042 08              354 	.byte	8
00000043 19              355 	.byte	25
00000044 08              356 	.byte	8
00000045 1a              357 	.byte	26
00000046 08              358 	.byte	8
00000047 1b              359 	.byte	27
00000048 08              360 	.byte	8
00000049 1c              361 	.byte	28
0000004a 08              362 	.byte	8
0000004b 1d              363 	.byte	29
0000004c 07              364 	.byte	7
0000004d 1e              365 	.byte	30
0000004e 08              366 	.byte	8
0000004f 1f              367 	.byte	31
00000050 07              368 	.byte	7
00000051 20              369 	.byte	32
00000052 07              370 	.byte	7
00000053 21              371 	.byte	33
00000054 07              372 	.byte	7
00000055 22              373 	.byte	34
00000056 07              374 	.byte	7
00000057 23              375 	.byte	35
00000058 07              376 	.byte	7
00000059 24              377 	.byte	36
0000005a 07              378 	.byte	7
0000005b 25              379 	.byte	37
0000005c 07              380 	.byte	7
0000005d 26              381 	.byte	38
0000005e 07              382 	.byte	7
0000005f 27              383 	.byte	39
00000060 07              384 	.byte	7
00000061 28              385 	.byte	40
00000062 07              386 	.byte	7
00000063 29              387 	.byte	41
00000064 07              388 	.byte	7
00000065 2a              389 	.byte	42
00000066 07              390 	.byte	7
00000067 2b              391 	.byte	43
00000068 07              392 	.byte	7
00000069 2c              393 	.byte	44

                                                                      Page 10
                                                              C:\Users\nhuliyap\AppData\Local\Temp\gh_0000abo1.s
0000006a 07              394 	.byte	7
0000006b 2d              395 	.byte	45
0000006c 07              396 	.byte	7
0000006d 2e              397 	.byte	46
0000006e 07              398 	.byte	7
0000006f 2f              399 	.byte	47
00000070 07              400 	.byte	7
00000071 30              401 	.byte	48
00000072 07              402 	.byte	7
00000073 31              403 	.byte	49
00000074 07              404 	.byte	7
00000075 32              405 	.byte	50
00000076 07              406 	.byte	7
00000077 33              407 	.byte	51
00000078 07              408 	.byte	7
00000079 34              409 	.byte	52
0000007a 07              410 	.byte	7
0000007b 35              411 	.byte	53
0000007c 07              412 	.byte	7
0000007d 36              413 	.byte	54
0000007e 07              414 	.byte	7
0000007f 37              415 	.byte	55
00000080 07              416 	.byte	7
00000081 38              417 	.byte	56
00000082 07              418 	.byte	7
00000083 39              419 	.byte	57
00000084 07              420 	.byte	7
00000085 3a              421 	.byte	58
00000086 07              422 	.byte	7
00000087 3b              423 	.byte	59
00000088 07              424 	.byte	7
00000089 3c              425 	.byte	60
0000008a 07              426 	.byte	7
0000008b 3d              427 	.byte	61
0000008c 07              428 	.byte	7
0000008d 3e              429 	.byte	62
0000008e 07              430 	.byte	7
0000008f 3f              431 	.byte	63
                         432 .LDW_unq_2:
                         433 	.section	.debug_info
                         434 .LDW_18373f0:
0000009b 45              435 	.byte	69
0000009c 01              436 	.byte	1
                         437 
                         438 	.section	.debug_abbrev
00000017 45              439 	.byte	69
00000018 15              440 	.byte	21
00000019 01              441 	.byte	1
0000001a 270c            442 	.byte	39,12
0000001c 0000            443 	.byte	0,0
                         444 
                         445 	.section	.debug_info
0000009d 00              446 	.byte	0
                         447 
                         448 .LDW_1837268:
0000009e 25              449 	.byte	37
0000009f 756e7369676e    450 	.strz	"unsigned char"
000000a5 656420636861 
000000ab 7200 
000000ad 08              451 	.byte	8
000000ae 01              452 	.byte	1

                                                                      Page 11
                                                              C:\Users\nhuliyap\AppData\Local\Temp\gh_0000abo1.s
                         453 
                         454 	.section	.debug_abbrev
0000001e 25              455 	.byte	37
0000001f 24              456 	.byte	36
00000020 00              457 	.byte	0
00000021 0308            458 	.byte	3,8
00000023 3e0b            459 	.byte	62,11
00000025 0b0b            460 	.byte	11,11
00000027 0000            461 	.byte	0,0
                         462 
                         463 	.section	.debug_info
                         464 .LDW_1837038:
000000af 45              465 	.byte	69
000000b0 01              466 	.byte	1
                         467 
                         468 .LDW_187a7a8:
000000b1 12              469 	.byte	18
000000b2 00000000*       470 	.word	.LDW_1837268
000000b6 00              471 	.byte	0
                         472 
                         473 	.section	.debug_abbrev
00000029 12              474 	.byte	18
0000002a 05              475 	.byte	5
0000002b 00              476 	.byte	0
0000002c 4910            477 	.byte	73,16
0000002e 4b0c            478 	.byte	75,12
00000030 0000            479 	.byte	0,0
                         480 
                         481 	.section	.debug_info
000000b7 00              482 	.byte	0
                         483 
                         484 .LDW_1836d60:
000000b8 25              485 	.byte	37
000000b9 756e7369676e    486 	.strz	"unsigned short"
000000bf 65642073686f 
000000c5 727400 
000000c8 07              487 	.byte	7
000000c9 02              488 	.byte	2
                         489 
                         490 .LDW_1836ee8:
000000ca 44              491 	.byte	68
000000cb 00000000*       492 	.word	.LDW_1836d60
000000cf 01              493 	.byte	1
                         494 
                         495 	.section	.debug_abbrev
00000032 44              496 	.byte	68
00000033 15              497 	.byte	21
00000034 01              498 	.byte	1
00000035 4910            499 	.byte	73,16
00000037 270c            500 	.byte	39,12
00000039 0000            501 	.byte	0,0
                         502 
                         503 	.section	.debug_info
                         504 .LDW_187a6b8:
000000d0 12              505 	.byte	18
000000d1 00000000*       506 	.word	.LDW_1837268
000000d5 00              507 	.byte	0
                         508 
000000d6 00              509 	.byte	0
                         510 
                         511 .LDW_1836d28:

                                                                      Page 12
                                                              C:\Users\nhuliyap\AppData\Local\Temp\gh_0000abo1.s
000000d7 25              512 	.byte	37
000000d8 696e7400        513 	.strz	"int"
000000dc 05              514 	.byte	5
000000dd 04              515 	.byte	4
                         516 
                         517 .LDW_4cb7ca0:
000000de 3a              518 	.byte	58
000000df 00              519 	.byte	0
000000e0 08              520 	.byte	8
000000e1 00000000*       521 	.word	.LDW_1836d60
                         522 
                         523 	.section	.debug_abbrev
0000003b 3a              524 	.byte	58
0000003c 01              525 	.byte	1
0000003d 01              526 	.byte	1
0000003e 090b            527 	.byte	9,11
00000040 0b0f            528 	.byte	11,15
00000042 4910            529 	.byte	73,16
00000044 0000            530 	.byte	0,0
                         531 
                         532 	.section	.debug_info
000000e5 32              533 	.byte	50
000000e6 00000000*       534 	.word	.LDW_1836d28
000000ea 04              535 	.byte	4
000000eb 00              536 	.byte	0
000000ec 03              537 	.byte	3
                         538 
                         539 	.section	.debug_abbrev
00000046 32              540 	.byte	50
00000047 21              541 	.byte	33
00000048 00              542 	.byte	0
00000049 4910            543 	.byte	73,16
0000004b 0b0f            544 	.byte	11,15
0000004d 220d            545 	.byte	34,13
0000004f 2f0d            546 	.byte	47,13
00000051 0000            547 	.byte	0,0
                         548 
                         549 	.section	.debug_info
000000ed 00              550 	.byte	0
                         551 
                         552 .LDW_4d458e8:
000000ee 2f              553 	.byte	47
000000ef 00000000*       554 	.word	.LDW_1879458
                         555 
                         556 	.section	.debug_abbrev
00000053 2f              557 	.byte	47
00000054 0f              558 	.byte	15
00000055 00              559 	.byte	0
00000056 4910            560 	.byte	73,16
00000058 0000            561 	.byte	0,0
                         562 
                         563 	.section	.debug_info
                         564 .LDW_4d66490:
000000f3 44              565 	.byte	68
000000f4 00000000*       566 	.word	.LDW_18793a8
000000f8 01              567 	.byte	1
                         568 
                         569 .LDW_4d673e8:
000000f9 12              570 	.byte	18
000000fa 00000000*       571 	.word	.LDW_4d458e8
000000fe 00              572 	.byte	0

                                                                      Page 13
                                                              C:\Users\nhuliyap\AppData\Local\Temp\gh_0000abo1.s
                         573 
000000ff 00              574 	.byte	0
                         575 
                         576 .LDW_4d66880:
00000100 45              577 	.byte	69
00000101 01              578 	.byte	1
                         579 
                         580 .LDW_4d67598:
00000102 12              581 	.byte	18
00000103 00000000*       582 	.word	.LDW_18793a8
00000107 00              583 	.byte	0
                         584 
00000108 00              585 	.byte	0
                         586 
                         587 .LDW_4d66c00:
00000109 45              588 	.byte	69
0000010a 01              589 	.byte	1
                         590 
0000010b 00              591 	.byte	0
                         592 
                         593 .LDW_18793a8:
0000010c 28              594 	.byte	40
0000010d 75696e743800    595 	.strz	"uint8"
00000113 50              596 	.byte	80
00000114 4b              597 	.byte	75
00000115 08              598 	.byte	8
00000116 00000000*       599 	.word	.LDW_1837268
                         600 
                         601 	.section	.debug_abbrev
0000005a 28              602 	.byte	40
0000005b 16              603 	.byte	22
0000005c 00              604 	.byte	0
0000005d 0308            605 	.byte	3,8
0000005f 3b0f            606 	.byte	59,15
00000061 390f            607 	.byte	57,15
00000063 3a0f            608 	.byte	58,15
00000065 4910            609 	.byte	73,16
00000067 0000            610 	.byte	0,0
                         611 
                         612 	.section	.debug_info
                         613 .LDW_1879458:
0000011a 28              614 	.byte	40
0000011b 75696e743136    615 	.strz	"uint16"
00000121 00 
00000122 52              616 	.byte	82
00000123 4a              617 	.byte	74
00000124 08              618 	.byte	8
00000125 00000000*       619 	.word	.LDW_1836d60
                         620 
                         621 .LDW_4d65788:
00000129 16              622 	.byte	22
0000012a 4765744c696e    623 	.strz	"GetLinABS"
00000130 41425300 
00000134 14              624 	.byte	20
00000135 0e              625 	.byte	14
00000136 12              626 	.byte	18
00000137 00000000*       627 	.word	.LDW_18793a8
0000013b 01              628 	.byte	1
0000013c 00              629 	.byte	0
0000013d 01              630 	.byte	1
0000013e 01              631 	.byte	1

                                                                      Page 14
                                                              C:\Users\nhuliyap\AppData\Local\Temp\gh_0000abo1.s
0000013f 00              632 	.byte	0
00000140 01              633 	.byte	1
                         634 
                         635 	.section	.debug_abbrev
00000069 16              636 	.byte	22
0000006a 2e              637 	.byte	46
0000006b 01              638 	.byte	1
0000006c 0308            639 	.byte	3,8
0000006e 3b0f            640 	.byte	59,15
00000070 390f            641 	.byte	57,15
00000072 3a0f            642 	.byte	58,15
00000074 4910            643 	.byte	73,16
00000076 3c0c            644 	.byte	60,12
00000078 200b            645 	.byte	32,11
0000007a 3f0c            646 	.byte	63,12
0000007c 320b            647 	.byte	50,11
0000007e 4c0b            648 	.byte	76,11
00000080 270c            649 	.byte	39,12
00000082 0000            650 	.byte	0,0
                         651 
                         652 	.section	.debug_info
00000141 00              653 	.byte	0
                         654 
                         655 .LDW_4d65fd8:
00000142 15              656 	.byte	21
00000143 537461727457    657 	.strz	"StartWallocTOAlarm"
00000149 616c6c6f6354 
0000014f 4f416c61726d 
00000155 00 
00000156 10              658 	.byte	16
00000157 0d              659 	.byte	13
00000158 15              660 	.byte	21
00000159 01              661 	.byte	1
0000015a 00              662 	.byte	0
0000015b 01              663 	.byte	1
0000015c 01              664 	.byte	1
0000015d 00              665 	.byte	0
0000015e 01              666 	.byte	1
                         667 
                         668 	.section	.debug_abbrev
00000084 15              669 	.byte	21
00000085 2e              670 	.byte	46
00000086 01              671 	.byte	1
00000087 0308            672 	.byte	3,8
00000089 3b0f            673 	.byte	59,15
0000008b 390f            674 	.byte	57,15
0000008d 3a0f            675 	.byte	58,15
0000008f 3c0c            676 	.byte	60,12
00000091 200b            677 	.byte	32,11
00000093 3f0c            678 	.byte	63,12
00000095 320b            679 	.byte	50,11
00000097 4c0b            680 	.byte	76,11
00000099 270c            681 	.byte	39,12
0000009b 0000            682 	.byte	0,0
                         683 
                         684 	.section	.debug_info
0000015f 00              685 	.byte	0
                         686 
                         687 .LDW_4d66070:
00000160 15              688 	.byte	21
00000161 53746f705761    689 	.strz	"StopWallocTOAlarm"

                                                                      Page 15
                                                              C:\Users\nhuliyap\AppData\Local\Temp\gh_0000abo1.s
00000167 6c6c6f63544f 
0000016d 416c61726d00 
00000173 11              690 	.byte	17
00000174 0d              691 	.byte	13
00000175 15              692 	.byte	21
00000176 01              693 	.byte	1
00000177 00              694 	.byte	0
00000178 01              695 	.byte	1
00000179 01              696 	.byte	1
0000017a 00              697 	.byte	0
0000017b 01              698 	.byte	1
                         699 
0000017c 00              700 	.byte	0
                         701 
                         702 .LDW_4cb7978:
0000017d 13              703 	.byte	19
0000017e 43616e63656c    704 	.strz	"CancelWATO"
00000184 5741544f00 
00000189 42              705 	.byte	66
0000018a 06              706 	.byte	6
0000018b 01              707 	.byte	1
0000018c 00000000*       708 	.word	_CancelWATO
00000190 00000000*       709 	.word	___ghs_eofn_CancelWATO
00000194 0153            710 	.byte	1,83
00000196 02              711 	.byte	2
00000197 00              712 	.byte	0
00000198 02              713 	.byte	2
00000199 00              714 	.byte	0
0000019a 00              715 	.byte	0
0000019b 00              716 	.byte	0
0000019c 00              717 	.byte	0
0000019d 01              718 	.byte	1
0000019e 01              719 	.byte	1
0000019f 00              720 	.byte	0
000001a0 01              721 	.byte	1
                         722 
                         723 	.section	.debug_abbrev
0000009d 13              724 	.byte	19
0000009e 2e              725 	.byte	46
0000009f 01              726 	.byte	1
000000a0 0308            727 	.byte	3,8
000000a2 3b0f            728 	.byte	59,15
000000a4 390f            729 	.byte	57,15
000000a6 3a0f            730 	.byte	58,15
000000a8 1101            731 	.byte	17,1
000000aa 1201            732 	.byte	18,1
000000ac 400a            733 	.byte	64,10
000000ae 8341            734 	.byte	131,65
000000b0 0f              735 	.byte	15
000000b1 8741            736 	.byte	135,65
000000b3 0d              737 	.byte	13
000000b4 8541            738 	.byte	133,65
000000b6 0f              739 	.byte	15
000000b7 8641            740 	.byte	134,65
000000b9 0d              741 	.byte	13
000000ba 9241            742 	.byte	146,65
000000bc 0f              743 	.byte	15
000000bd 3c0c            744 	.byte	60,12
000000bf 200b            745 	.byte	32,11
000000c1 3f0c            746 	.byte	63,12
000000c3 320b            747 	.byte	50,11

                                                                      Page 16
                                                              C:\Users\nhuliyap\AppData\Local\Temp\gh_0000abo1.s
000000c5 4c0b            748 	.byte	76,11
000000c7 270c            749 	.byte	39,12
000000c9 0000            750 	.byte	0,0
                         751 
                         752 	.section	.debug_frame
                         753 .LDW_4d58510:
00000090 00000000*       754 	.word	.LDW_unq_4-.LDW_unq_3
                         755 .LDW_unq_3:
00000094 00000000*       756 	.word	.LDW_4d40750
00000098 00000000*       757 	.word	_CancelWATO
0000009c 00000000*       758 	.word	___ghs_eofn_CancelWATO-_CancelWATO
000000a0 01              759 	.byte	1
000000a1 00000000*       760 	.word	.LDW11
000000a5 00              761 	.byte	0
000000a6 00              762 	.byte	0
000000a7 00              763 	.byte	0
                         764 .LDW_unq_4:
                         765 	.section	.debug_line
0000038d 000502          766 	.byte	0,5,2
00000390 00000000*       767 	.word	_CancelWATO
00000394 06              768 	.byte	6
00000395 03              769 	.byte	3
00000396 c500            770 	.byte	197,0
00000398 02              771 	.byte	2
00000399 00              772 	.byte	0
0000039a 01              773 	.byte	1
0000039b 02              774 	.byte	2
0000039c 04              775 	.byte	4
0000039d 000101          776 	.byte	0,1,1
                         777 	.section	.debug_info
                         778 .LDW_187a4a8:
000001a1 1d              779 	.byte	29
000001a2 00000000*       780 	.word	.LDW01
000001a6 00000000*       781 	.word	.LDW11
                         782 
                         783 	.section	.debug_abbrev
000000cb 1d              784 	.byte	29
000000cc 0b              785 	.byte	11
000000cd 01              786 	.byte	1
000000ce 1101            787 	.byte	17,1
000000d0 1201            788 	.byte	18,1
000000d2 0000            789 	.byte	0,0
                         790 
                         791 	.section	.debug_info
000001aa 00              792 	.byte	0
                         793 
000001ab 00              794 	.byte	0
                         795 
                         796 .LDW_4cb7a10:
000001ac 13              797 	.byte	19
000001ad 537461727457    798 	.strz	"StartWATO"
000001b3 41544f00 
000001b7 4a              799 	.byte	74
000001b8 06              800 	.byte	6
000001b9 01              801 	.byte	1
000001ba 00000000*       802 	.word	_StartWATO
000001be 00000000*       803 	.word	___ghs_eofn_StartWATO
000001c2 0153            804 	.byte	1,83
000001c4 02              805 	.byte	2
000001c5 00              806 	.byte	0
000001c6 02              807 	.byte	2

                                                                      Page 17
                                                              C:\Users\nhuliyap\AppData\Local\Temp\gh_0000abo1.s
000001c7 00              808 	.byte	0
000001c8 00              809 	.byte	0
000001c9 00              810 	.byte	0
000001ca 00              811 	.byte	0
000001cb 01              812 	.byte	1
000001cc 01              813 	.byte	1
000001cd 00              814 	.byte	0
000001ce 01              815 	.byte	1
                         816 
                         817 	.section	.debug_frame
                         818 .LDW_4d58690:
000000a8 00000000*       819 	.word	.LDW_unq_6-.LDW_unq_5
                         820 .LDW_unq_5:
000000ac 00000000*       821 	.word	.LDW_4d40750
000000b0 00000000*       822 	.word	_StartWATO
000000b4 00000000*       823 	.word	___ghs_eofn_StartWATO-_StartWATO
000000b8 01              824 	.byte	1
000000b9 00000000*       825 	.word	.LDW31
000000bd 00              826 	.byte	0
000000be 00              827 	.byte	0
000000bf 00              828 	.byte	0
                         829 .LDW_unq_6:
                         830 	.section	.debug_line
000003a0 000502          831 	.byte	0,5,2
000003a3 00000000*       832 	.word	_StartWATO
000003a7 06              833 	.byte	6
000003a8 03              834 	.byte	3
000003a9 ce00            835 	.byte	206,0
000003ab 02              836 	.byte	2
000003ac 00              837 	.byte	0
000003ad 01              838 	.byte	1
000003ae 000502          839 	.byte	0,5,2
000003b1 00000000*       840 	.word	.LDWlin1
000003b5 0b              841 	.byte	11
000003b6 0c              842 	.byte	12
000003b7 02              843 	.byte	2
000003b8 00              844 	.byte	0
000003b9 0c              845 	.byte	12
000003ba 02              846 	.byte	2
000003bb 02              847 	.byte	2
000003bc 000101          848 	.byte	0,1,1
                         849 	.section	.debug_info
                         850 .LDW_4cb7aa8:
000001cf 0f              851 	.byte	15
000001d0 756354696d65    852 	.strz	"ucTimeInSec"
000001d6 496e53656300 
000001dc 4a              853 	.byte	74
000001dd 1e              854 	.byte	30
000001de 01              855 	.byte	1
000001df 00000000*       856 	.word	.LDW_1837268
000001e3 00              857 	.byte	0
000001e4 0156            858 	.byte	1,86
                         859 
                         860 	.section	.debug_abbrev
000000d4 0f              861 	.byte	15
000000d5 05              862 	.byte	5
000000d6 00              863 	.byte	0
000000d7 0308            864 	.byte	3,8
000000d9 3b0f            865 	.byte	59,15
000000db 390f            866 	.byte	57,15
000000dd 3a0f            867 	.byte	58,15

                                                                      Page 18
                                                              C:\Users\nhuliyap\AppData\Local\Temp\gh_0000abo1.s
000000df 4910            868 	.byte	73,16
000000e1 4b0c            869 	.byte	75,12
000000e3 020a            870 	.byte	2,10
000000e5 0000            871 	.byte	0,0
                         872 
                         873 	.section	.debug_info
                         874 .LDW_187a7d8:
000001e6 1d              875 	.byte	29
000001e7 00000000*       876 	.word	.LDW21
000001eb 00000000*       877 	.word	.LDW31
                         878 
000001ef 00              879 	.byte	0
                         880 
000001f0 00              881 	.byte	0
                         882 
                         883 .LDW_4cb7b00:
000001f1 14              884 	.byte	20
000001f2 757368476574    885 	.strz	"ushGetABSingleTick"
000001f8 414253696e67 
000001fe 6c655469636b 
00000204 00 
00000205 7c              886 	.byte	124
00000206 10              887 	.byte	16
00000207 01              888 	.byte	1
00000208 00000000*       889 	.word	.LDW_1836d60
0000020c 00000000*       890 	.word	_ushGetABSingleTick
00000210 00000000*       891 	.word	___ghs_eofn_ushGetABSingleTick
00000214 0153            892 	.byte	1,83
00000216 828080800a      893 	.byte	130,128,128,128,10
0000021b 08              894 	.byte	8
0000021c 03              895 	.byte	3
0000021d 10              896 	.byte	16
0000021e 00              897 	.byte	0
0000021f 00              898 	.byte	0
00000220 00              899 	.byte	0
00000221 01              900 	.byte	1
00000222 01              901 	.byte	1
00000223 00              902 	.byte	0
00000224 01              903 	.byte	1
                         904 
                         905 	.section	.debug_abbrev
000000e7 14              906 	.byte	20
000000e8 2e              907 	.byte	46
000000e9 01              908 	.byte	1
000000ea 0308            909 	.byte	3,8
000000ec 3b0f            910 	.byte	59,15
000000ee 390f            911 	.byte	57,15
000000f0 3a0f            912 	.byte	58,15
000000f2 4910            913 	.byte	73,16
000000f4 1101            914 	.byte	17,1
000000f6 1201            915 	.byte	18,1
000000f8 400a            916 	.byte	64,10
000000fa 8341            917 	.byte	131,65
000000fc 0f              918 	.byte	15
000000fd 8741            919 	.byte	135,65
000000ff 0d              920 	.byte	13
00000100 8541            921 	.byte	133,65
00000102 0f              922 	.byte	15
00000103 8641            923 	.byte	134,65
00000105 0d              924 	.byte	13
00000106 9241            925 	.byte	146,65

                                                                      Page 19
                                                              C:\Users\nhuliyap\AppData\Local\Temp\gh_0000abo1.s
00000108 0f              926 	.byte	15
00000109 3c0c            927 	.byte	60,12
0000010b 200b            928 	.byte	32,11
0000010d 3f0c            929 	.byte	63,12
0000010f 320b            930 	.byte	50,11
00000111 4c0b            931 	.byte	76,11
00000113 270c            932 	.byte	39,12
00000115 0000            933 	.byte	0,0
                         934 
                         935 	.section	.debug_frame
                         936 .LDW_4d59250:
000000c0 00000000*       937 	.word	.LDW_unq_8-.LDW_unq_7
                         938 .LDW_unq_7:
000000c4 00000000*       939 	.word	.LDW_4d40750
000000c8 00000000*       940 	.word	_ushGetABSingleTick
000000cc 00000000*       941 	.word	___ghs_eofn_ushGetABSingleTick-_ushGetABSingleTick
000000d0 44              942 	.byte	68
000000d1 9f              943 	.byte	159
000000d2 06              944 	.byte	6
000000d3 40              945 	.byte	64
000000d4 9d              946 	.byte	157
000000d5 0a              947 	.byte	10
000000d6 01              948 	.byte	1
000000d7 00000000*       949 	.word	.LDW51
000000db 00              950 	.byte	0
                         951 .LDW_unq_8:
                         952 	.section	.debug_line
000003bf 000502          953 	.byte	0,5,2
000003c2 00000000*       954 	.word	_ushGetABSingleTick
000003c6 03              955 	.byte	3
000003c7 fc00            956 	.byte	252,0
000003c9 02              957 	.byte	2
000003ca 00              958 	.byte	0
000003cb 01              959 	.byte	1
000003cc 06              960 	.byte	6
000003cd 03              961 	.byte	3
000003ce 0d              962 	.byte	13
000003cf 02              963 	.byte	2
000003d0 08              964 	.byte	8
000003d1 01              965 	.byte	1
000003d2 02              966 	.byte	2
000003d3 02              967 	.byte	2
000003d4 0c              968 	.byte	12
000003d5 03              969 	.byte	3
000003d6 7e              970 	.byte	126
000003d7 02              971 	.byte	2
000003d8 06              972 	.byte	6
000003d9 01              973 	.byte	1
000003da 000502          974 	.byte	0,5,2
000003dd 00000000*       975 	.word	.LDWlin2
000003e1 0d              976 	.byte	13
000003e2 0c              977 	.byte	12
000003e3 000502          978 	.byte	0,5,2
000003e6 00000000*       979 	.word	.LDWlin3
000003ea 0c              980 	.byte	12
000003eb 000502          981 	.byte	0,5,2
000003ee 00000000*       982 	.word	.LDWlin4
000003f2 0b              983 	.byte	11
000003f3 0c              984 	.byte	12
000003f4 03              985 	.byte	3
000003f5 04              986 	.byte	4

                                                                      Page 20
                                                              C:\Users\nhuliyap\AppData\Local\Temp\gh_0000abo1.s
000003f6 02              987 	.byte	2
000003f7 08              988 	.byte	8
000003f8 01              989 	.byte	1
000003f9 02              990 	.byte	2
000003fa 00              991 	.byte	0
000003fb 0c              992 	.byte	12
000003fc 06              993 	.byte	6
000003fd 02              994 	.byte	2
000003fe 02              995 	.byte	2
000003ff 02              996 	.byte	2
00000400 04              997 	.byte	4
00000401 000101          998 	.byte	0,1,1
                         999 	.section	.debug_info
                        1000 .LDW_4cb7b98:
00000225 0f             1001 	.byte	15
00000226 7563497800     1002 	.strz	"ucIx"
0000022b 7c             1003 	.byte	124
0000022c 31             1004 	.byte	49
0000022d 01             1005 	.byte	1
0000022e 00000000*      1006 	.word	.LDW_1837268
00000232 00             1007 	.byte	0
00000233 016d           1008 	.byte	1,109
                        1009 
                        1010 .LDW_187a718:
00000235 1d             1011 	.byte	29
00000236 00000000*      1012 	.word	.LDW41
0000023a 00000000*      1013 	.word	.LDW51
                        1014 
                        1015 .LDW_4cb7bf0:
0000023e 04             1016 	.byte	4
0000023f 4c6f63616c43   1017 	.strz	"LocalCnt"
00000245 6e7400 
00000248 8501           1018 	.byte	133,1
0000024a 11             1019 	.byte	17
0000024b 01             1020 	.byte	1
0000024c 00000000*      1021 	.word	.LDW_1837268
00000250 00             1022 	.byte	0
00000251 00             1023 	.byte	0
00000252 0162           1024 	.byte	1,98
                        1025 
                        1026 	.section	.debug_abbrev
00000117 04             1027 	.byte	4
00000118 34             1028 	.byte	52
00000119 00             1029 	.byte	0
0000011a 0308           1030 	.byte	3,8
0000011c 3b0f           1031 	.byte	59,15
0000011e 390f           1032 	.byte	57,15
00000120 3a0f           1033 	.byte	58,15
00000122 4910           1034 	.byte	73,16
00000124 3f0c           1035 	.byte	63,12
00000126 3c0c           1036 	.byte	60,12
00000128 020a           1037 	.byte	2,10
0000012a 0000           1038 	.byte	0,0
                        1039 
                        1040 	.section	.debug_info
                        1041 .LDW_4cb7c48:
00000254 05             1042 	.byte	5
00000255 756352657400   1043 	.strz	"ucRet"
0000025b 8601           1044 	.byte	134,1
0000025d 12             1045 	.byte	18
0000025e 01             1046 	.byte	1

                                                                      Page 21
                                                              C:\Users\nhuliyap\AppData\Local\Temp\gh_0000abo1.s
0000025f 00000000*      1047 	.word	.LDW_1837268
00000263 00             1048 	.byte	0
00000264 00             1049 	.byte	0
                        1050 
                        1051 	.section	.debug_abbrev
0000012c 05             1052 	.byte	5
0000012d 34             1053 	.byte	52
0000012e 00             1054 	.byte	0
0000012f 0308           1055 	.byte	3,8
00000131 3b0f           1056 	.byte	59,15
00000133 390f           1057 	.byte	57,15
00000135 3a0f           1058 	.byte	58,15
00000137 4910           1059 	.byte	73,16
00000139 3f0c           1060 	.byte	63,12
0000013b 3c0c           1061 	.byte	60,12
0000013d 0000           1062 	.byte	0,0
                        1063 
                        1064 	.section	.debug_info
                        1065 .LDW_4cb7d28:
00000265 04             1066 	.byte	4
00000266 757368436e74   1067 	.strz	"ushCnt"
0000026c 00 
0000026d 8701           1068 	.byte	135,1
0000026f 12             1069 	.byte	18
00000270 01             1070 	.byte	1
00000271 00000000*      1071 	.word	.LDW_4cb7ca0
00000275 00             1072 	.byte	0
00000276 00             1073 	.byte	0
00000277 0273           1074 	.byte	2,115
00000279 00             1075 	.byte	0
                        1076 
                        1077 .LDW_4cb7d80:
0000027a 04             1078 	.byte	4
0000027b 757368437572   1079 	.strz	"ushCurrentAbsTick"
00000281 72656e744162 
00000287 735469636b00 
0000028d 8801           1080 	.byte	136,1
0000028f 12             1081 	.byte	18
00000290 01             1082 	.byte	1
00000291 00000000*      1083 	.word	.LDW_1836d60
00000295 00             1084 	.byte	0
00000296 00             1085 	.byte	0
00000297 0161           1086 	.byte	1,97
                        1087 
00000299 00             1088 	.byte	0
                        1089 
0000029a 00             1090 	.byte	0
                        1091 
0000029b 00             1092 	.byte	0
                        1093 
                        1094 	.section	.debug_line
                        1095 .Ldw_line_end:
                        1096 	.section	.debug_macinfo
00000000 01             1097 	.byte	1
00000001 00             1098 	.byte	0
00000002 5f5f6768735f   1099 	.strz	"__ghs__ 1"
00000008 5f203100 
0000000c 01             1100 	.byte	1
0000000d 00             1101 	.byte	0
0000000e 5f5f4c4c4f4e   1102 	.strz	"__LLONG_BIT 64"
00000014 475f42495420 

                                                                      Page 22
                                                              C:\Users\nhuliyap\AppData\Local\Temp\gh_0000abo1.s
0000001a 363400 
0000001d 01             1103 	.byte	1
0000001e 00             1104 	.byte	0
0000001f 494254434d5f   1105 	.strz	"IBTCM_SW_ANPASSUNGEN 1"
00000025 53575f414e50 
0000002b 415353554e47 
00000031 454e203100 
00000036 01             1106 	.byte	1
00000037 00             1107 	.byte	0
00000038 4255494c445f   1108 	.strz	"BUILD_LORDSTOWN 1"
0000003e 4c4f52445354 
00000044 4f574e203100 
0000004a 03             1109 	.byte	3
0000004b 00             1110 	.byte	0
0000004c 01             1111 	.byte	1
0000004d 03             1112 	.byte	3
0000004e 03             1113 	.byte	3
0000004f 02             1114 	.byte	2
00000050 03             1115 	.byte	3
00000051 06             1116 	.byte	6
00000052 03             1117 	.byte	3
00000053 03             1118 	.byte	3
00000054 06             1119 	.byte	6
00000055 04             1120 	.byte	4
00000056 03             1121 	.byte	3
00000057 06             1122 	.byte	6
00000058 05             1123 	.byte	5
00000059 03             1124 	.byte	3
0000005a 04             1125 	.byte	4
0000005b 06             1126 	.byte	6
0000005c 03             1127 	.byte	3
0000005d 07             1128 	.byte	7
0000005e 07             1129 	.byte	7
0000005f 03             1130 	.byte	3
00000060 1c             1131 	.byte	28
00000061 08             1132 	.byte	8
00000062 01             1133 	.byte	1
00000063 3c             1134 	.byte	60
00000064 545255452031   1135 	.strz	"TRUE 1u"
0000006a 7500 
0000006c 01             1136 	.byte	1
0000006d 40             1137 	.byte	64
0000006e 46414c534520   1138 	.strz	"FALSE 0u"
00000074 307500 
00000077 04             1139 	.byte	4
00000078 03             1140 	.byte	3
00000079 1d             1141 	.byte	29
0000007a 09             1142 	.byte	9
0000007b 03             1143 	.byte	3
0000007c 1b             1144 	.byte	27
0000007d 0a             1145 	.byte	10
0000007e 03             1146 	.byte	3
0000007f 54             1147 	.byte	84
00000080 0b             1148 	.byte	11
00000081 04             1149 	.byte	4
00000082 04             1150 	.byte	4
00000083 04             1151 	.byte	4
00000084 04             1152 	.byte	4
00000085 04             1153 	.byte	4
00000086 01             1154 	.byte	1
00000087 0e             1155 	.byte	14

                                                                      Page 23
                                                              C:\Users\nhuliyap\AppData\Local\Temp\gh_0000abo1.s
00000088 50524f445543   1156 	.strz	"PRODUCTION_SW 0x0"
0000008e 54494f4e5f53 
00000094 572030783000 
0000009a 01             1157 	.byte	1
0000009b 0f             1158 	.byte	15
0000009c 444556454c4f   1159 	.strz	"DEVELOPMENT_SW 0x1"
000000a2 504d454e545f 
000000a8 535720307831 
000000ae 00 
000000af 01             1160 	.byte	1
000000b0 10             1161 	.byte	16
000000b1 53575f434154   1162 	.strz	"SW_CATEGORY PRODUCTION_SW"
000000b7 45474f525920 
000000bd 50524f445543 
000000c3 54494f4e5f53 
000000c9 5700 
000000cb 04             1163 	.byte	4
000000cc 01             1164 	.byte	1
000000cd 08             1165 	.byte	8
000000ce 4d41585f5349   1166 	.strz	"MAX_SIZE_WS_TELEGRAM 16U"
000000d4 5a455f57535f 
000000da 54454c454752 
000000e0 414d20313655 
000000e6 00 
000000e7 01             1167 	.byte	1
000000e8 11             1168 	.byte	17
000000e9 4e564d5f424c   1169 	.strz	"NVM_BLOCK_TYPE uint32"
000000ef 4f434b5f5459 
000000f5 50452075696e 
000000fb 74333200 
000000ff 04             1170 	.byte	4
00000100 01             1171 	.byte	1
00000101 14             1172 	.byte	20
00000102 634d6178414b   1173 	.strz	"cMaxAK35DataBytes 14U"
00000108 333544617461 
0000010e 427974657320 
00000114 31345500 
00000118 04             1174 	.byte	4
00000119 04             1175 	.byte	4
0000011a 03             1176 	.byte	3
0000011b 04             1177 	.byte	4
0000011c 0c             1178 	.byte	12
0000011d 01             1179 	.byte	1
0000011e 9d01           1180 	.byte	157,1
00000120 4650412000     1181 	.strz	"FPA "
00000125 01             1182 	.byte	1
00000126 9f01           1183 	.byte	159,1
00000128 4142535f5465   1184 	.strz	"ABS_Test_LOG_ENABLE "
0000012e 73745f4c4f47 
00000134 5f454e41424c 
0000013a 452000 
0000013d 04             1185 	.byte	4
0000013e 03             1186 	.byte	3
0000013f 0e             1187 	.byte	14
00000140 0d             1188 	.byte	13
00000141 03             1189 	.byte	3
00000142 06             1190 	.byte	6
00000143 0e             1191 	.byte	14
00000144 04             1192 	.byte	4
00000145 01             1193 	.byte	1
00000146 18             1194 	.byte	24

                                                                      Page 24
                                                              C:\Users\nhuliyap\AppData\Local\Temp\gh_0000abo1.s
00000147 53454e534f52   1195 	.strz	"SENSOR_AUFLOESUNG_25MBAR "
0000014d 5f4155464c4f 
00000153 4553554e475f 
00000159 32354d424152 
0000015f 2000 
00000161 04             1196 	.byte	4
00000162 03             1197 	.byte	3
00000163 0f             1198 	.byte	15
00000164 0f             1199 	.byte	15
00000165 04             1200 	.byte	4
00000166 03             1201 	.byte	3
00000167 10             1202 	.byte	16
00000168 10             1203 	.byte	16
00000169 04             1204 	.byte	4
0000016a 03             1205 	.byte	3
0000016b 11             1206 	.byte	17
0000016c 11             1207 	.byte	17
0000016d 04             1208 	.byte	4
0000016e 03             1209 	.byte	3
0000016f 12             1210 	.byte	18
00000170 12             1211 	.byte	18
00000171 03             1212 	.byte	3
00000172 06             1213 	.byte	6
00000173 13             1214 	.byte	19
00000174 03             1215 	.byte	3
00000175 08             1216 	.byte	8
00000176 14             1217 	.byte	20
00000177 04             1218 	.byte	4
00000178 04             1219 	.byte	4
00000179 01             1220 	.byte	1
0000017a 09             1221 	.byte	9
0000017b 634142535f4f   1222 	.strz	"cABS_OK ((uint8) 0x00)"
00000181 4b2028287569 
00000187 6e7438292030 
0000018d 7830302900 
00000192 04             1223 	.byte	4
00000193 03             1224 	.byte	3
00000194 13             1225 	.byte	19
00000195 15             1226 	.byte	21
00000196 04             1227 	.byte	4
00000197 04             1228 	.byte	4
00000198 00             1229 	.byte	0
                        1230 	.section	.debug_abbrev
0000013f 00             1231 	.byte	0
                        1232 	.section	.debug_info
                        1233 .Ldw_end:
                        1234 .rh850_flags REGMODE32,DATA_ALIGN8,GP_FIX,EP_NONFIX,TP_FIX,REG2_RESERVE,G3K,GHS_MISALIGN,SDA_EXTRA_REGS_0
