                                                                      Page 1
                                                              C:\Users\nhuliyap\AppData\Local\Temp\gh_0000d041.s
Command Line: C:\ghs\comp_201517\ease850.exe -w -elf -b0 -I../source/common -I../source/ProjectCompiler -I../source/ProjectCfg -I../source/SwcApplTpms -I../source/SwcApplTpms/Intface -I../source/SwcApplEcuM -I../source/SwcServiceEcuM -I../source/SwcServiceNvM -I../source/SwcServiceOs -I../source/SwcServiceStartUp -I../source/McalAdc -I../source/McalDio -I../source/McalGpt -I../source/McalMcu -I../source/McalWdg -I../source/wrappers -I../source/wrappers/McalAta -I../source/McalLin -I../source/McalCan -I../source/wrappers/OS -I../source/McalFls -I../source/EcuabFee -I../source/EcuabMemIf -I../source/wrappers/VStdLib -I../source/wrappers/Crc -I../source/wrappers/FBL_APPL -I../source/wrappers/CAN_MANAGER -I../source/wrappers/NVM_MANAGER -I../source/wrappers/DEM_MANAGER -I../source/wrappers/RDC_MANAGER -I../source/wrappers/ENV_MANAGER -I../source/wrappers/SYS_MANAGER -I../source/wrappers/EcuabCanIf -I../source/wrappers/SwcServiceCanSM -I../source/wrappers/SwcServiceCanTp -I../source/wrappers/SwcServiceCanTp_PreCompile -I../source/wrappers/SwcServiceCom -I../source/wrappers/SwcServiceComM -I../source/wrappers/SwcServiceComStack -I../source/wrappers/SwcServiceDcm -I../source/wrappers/SwcServicePduR -I../source/wrappers/SwcServiceEcuM -I../source/wrappers/Bfx -I../source/wrappers/SwcServiceDem -I../source/SwcServiceDet -I../source/SwcServiceFiM -I../source/wrappers/LibAutosarDiag -I../source/wrappers/rba_BswSrv -I../source/SwcServiceSchM -I../source/wrappers/SwcServiceComM/Integration -I../source/wrappers/SwcServicePduR/Integration -I../source/wrappers/EcuabCanIf/Integration -I../source/wrappers/SwcServiceCom/Integration -I../source/wrappers/SwcServiceCanTp/Integration -I../source/wrappers/SwcServiceEcuM/Integration -I../source/SwcServiceDet/Integration -I../source/wrappers/SwcServiceDcm/Integration -I../source/wrappers/SwcServiceDem/Integration -I../source/SwcServiceFiM/Integration -I../source/wrappers/EcuabCanIf/api -I../source/wrappers/SwcServiceCom/api -I../source/wrappers/SwcServiceComM/api -I../source/wrappers/SwcServicePduR/api -I../source/wrappers/Bfx/api -I../source/SwcServiceDet/api -I../source/SwcServiceFiM/api -I../source/wrappers/LibAutosarDiag/api -I../source/wrappers/rba_BswSrv/api -IC:\ghs\comp_201517\lib\rh850 -cg_underscore -cpu=rh850g3k -no_v850_simd -rh850_fpsimd=none -nomacro -patch_dbo=C:\_ECU2\ECU_Rivian_A1\Target\repo_projects\pRealEcu\cL_LATEST\make\output\objects\wdt.dbo -source=wdt.c -o output\objects\gh_0000d041.o -list=output\list\wdt.lst C:\Users\nhuliyap\AppData\Local\Temp\gh_0000d041.s 
Original File: C:\Users\nhuliyap\AppData\Local\Temp\gh_0000d041.s
Source File: wdt.c
Directory: C:\_ECU2\ECU_Rivian_A1\Target\repo_projects\pRealEcu\cL_LATEST\make
Host OS: Windows
EASE: Copyright (C) 1983-2015 Green Hills Software.  All Rights Reserved.
Release: Compiler v2015.1.7
Build Directory: [Directory] BTOWORKER6:c:/build_2015_1_bto/2015-10-21.2100-2015_1_bto/win32-comp-ecom
Revision: [VCInfo] http://toolsvc/branches/release-branch-70-bto/src@544153 (built by build)
Revision Date: Thu Oct 22 07:50:13 2015

Release Date: Thu Oct 22 09:32:32 2015

                           1 --Driver Command: ccv850 ../source/McalWdg/wdt.c -cpu=rh850 -fhard
                           2 --		-ignore_callt_state_in_interrupts -large_sda -misalign_pack
                           3 --		-nofarcalls -nofloatio -no_callt -Ogeneral -Onounroll
                           4 --		-prepare_dispose -registermode=32 -reserve_r2 -sda=0
                           5 --		-shorten_loads -Wshadow --brief_diagnostics --no_commons
                           6 --		--no_wrap_diagnostics --prototype_errors --short_enum -list -G
                           7 --		-dual_debug -dwarf -X5523 -lnk=-no_xda_modifications -D
                           8 --		NOT_READY_FOR_TESTING_OR_DEPLOYMENT -D IBTCM_SW_ANPASSUNGEN -D
                           9 --		BUILD_LORDSTOWN -c -inline_prologue -I../source/common
                          10 --		-I../source/ProjectCompiler -I../source/ProjectCfg
                          11 --		-I../source/SwcApplTpms -I../source/SwcApplTpms/Intface
                          12 --		-I../source/SwcApplEcuM -I../source/SwcServiceEcuM
                          13 --		-I../source/SwcServiceNvM -I../source/SwcServiceOs
                          14 --		-I../source/SwcServiceStartUp -I../source/McalAdc
                          15 --		-I../source/McalDio -I../source/McalGpt -I../source/McalMcu
                          16 --		-I../source/McalWdg -I../source/wrappers
                          17 --		-I../source/wrappers/McalAta -I../source/McalLin
                          18 --		-I../source/McalCan -I../source/wrappers/OS -I../source/McalFls
                          19 --		-I../source/EcuabFee -I../source/EcuabMemIf
                          20 --		-I../source/wrappers/VStdLib -I../source/wrappers
                          21 --		-I../source/wrappers/Crc -I../source/wrappers/FBL_APPL
                          22 --		-I../source/wrappers/CAN_MANAGER -I../source/wrappers/NVM_MANAGER
                          23 --		-I../source/wrappers/DEM_MANAGER -I../source/wrappers/RDC_MANAGER
                          24 --		-I../source/wrappers/ENV_MANAGER -I../source/wrappers/SYS_MANAGER
                          25 --		-I../source/wrappers/EcuabCanIf
                          26 --		-I../source/wrappers/SwcServiceCanSM
                          27 --		-I../source/wrappers/SwcServiceCanTp
                          28 --		-I../source/wrappers/SwcServiceCanTp_PreCompile
                          29 --		-I../source/wrappers/SwcServiceCom
                          30 --		-I../source/wrappers/SwcServiceComM
                          31 --		-I../source/wrappers/SwcServiceComStack
                          32 --		-I../source/wrappers/SwcServiceDcm
                          33 --		-I../source/wrappers/SwcServicePduR
                          34 --		-I../source/wrappers/SwcServiceEcuM -I../source/wrappers/Bfx
                          35 --		-I../source/wrappers/SwcServiceDem -I../source/SwcServiceDet
                          36 --		-I../source/SwcServiceFiM -I../source/wrappers/LibAutosarDiag
                          37 --		-I../source/wrappers/rba_BswSrv -I../source/SwcServiceSchM
                          38 --		-I../source/wrappers/SwcServiceComM/Integration
                          39 --		-I../source/wrappers/SwcServicePduR/Integration
                          40 --		-I../source/wrappers/EcuabCanIf/Integration
                          41 --		-I../source/wrappers/SwcServiceCom/Integration
                          42 --		-I../source/wrappers/SwcServiceCanTp/Integration
                          43 --		-I../source/wrappers/SwcServiceEcuM/Integration
                          44 --		-I../source/SwcServiceDet/Integration
                          45 --		-I../source/wrappers/SwcServiceDcm/Integration
                          46 --		-I../source/wrappers/SwcServiceDem/Integration
                          47 --		-I../source/SwcServiceFiM/Integration
                          48 --		-I../source/wrappers/EcuabCanIf/api
                          49 --		-I../source/wrappers/SwcServiceCom/api
                          50 --		-I../source/wrappers/SwcServiceComM/api

                                                                      Page 2
                                                              C:\Users\nhuliyap\AppData\Local\Temp\gh_0000d041.s
                          51 --		-I../source/wrappers/SwcServicePduR/api
                          52 --		-I../source/wrappers/Bfx/api -I../source/SwcServiceDet/api
                          53 --		-I../source/SwcServiceFiM/api
                          54 --		-I../source/wrappers/LibAutosarDiag/api
                          55 --		-I../source/wrappers/rba_BswSrv/api -object_dir=output/objects
                          56 --		-list_dir=output/list
                          57 --Source File:   ../source/McalWdg/wdt.c
                          58 --Directory:     
                          59 --		C:\_ECU2\ECU_Rivian_A1\Target\repo_projects\pRealEcu\cL_LATEST\make
                          60 --Compile Date:  Wed Sep 06 09:45:30 2023
                          61 --Host OS:       Win32
                          62 --Version:       C-RH850 2015.1.7 RELEASE VERSION
                          63 --Release:       Compiler v2015.1.7
                          64 --Revision Date: Thu Oct 22 08:06:12 2015
                          65 --Release Date:  Thu Oct 22 09:34:32 2015
                          66 -- ecom  -g -w -OM
                          67 	.text
                          68 ..bof.C.3A.5C_ECU2.5CECU_Rivian_A1.5CTarget.5Crepo_projects.5CpRealEcu.5CcL_LATEST.5Cmake.5Coutput.5Cobjects.5Cwdt...43.3A.5C_ECU2.5CECU_Rivian_A1.5CTarget.5Crepo_projects.5CpRealEcu.5CcL_LATEST.5Cmake..64F82E1A..0::
                          69 	.align	2
                          70 ..gh.f.f.1.e.0:
                          71 	.type	..gh.f.f.1.e.0,@object
                          72 	.size	..gh.f.f.1.e.0,0
                          73 	.global	_Wdt_ShowTrigger
                          74 _Wdt_ShowTrigger:
                          75 --	    .bf
                          76 .LDW01:
                          77 --	    .ef
                          78 .LDW11:
00000000 7f00             79 	jmp	[lp]
                          80 	.global	___ghs_eofn_Wdt_ShowTrigger
                          81 ___ghs_eofn_Wdt_ShowTrigger:
                          82 	.type	_Wdt_ShowTrigger,@function
                          83 	.size	_Wdt_ShowTrigger,.-_Wdt_ShowTrigger
                          84 	.align	2
                          85 
                          86 	.section ".bss","awb"
                          87 .L32:
                          88 	.type	.L32,@object
                          89 	.size	.L32,0
                          90 	.data
                          91 	.text
                          92 	.align	2
                          93 	.align	2
                          94 	.align	2
                          95 ..gh.f.f.1.e.1:
                          96 	.type	..gh.f.f.1.e.1,@object
                          97 	.size	..gh.f.f.1.e.1,0
                          98 	.global	_Wdt_InitWD0
                          99 _Wdt_InitWD0:
                         100 --	    .bf
                         101 .LDW21:
00000002 20964700        102 	movea	71,zero,r18
00000006 8007cd9000da    103 	st.b	r18,4293722124[zero]
                         104 --	    .ef
                         105 .LDW31:
                         106 --line17
                         107 ..lin.C.3A.5C_ECU2.5CECU_Rivian_A1.5CTarget.5Crepo_projects.5CpRealEcu.5CcL_LATEST.5Cmake.5Coutput.5Cobjects.5Cwdt.1::
                         108 .LDWlin1:
0000000c 7f00            109 	jmp	[lp]
                         110 	.global	___ghs_eofn_Wdt_InitWD0
                         111 ___ghs_eofn_Wdt_InitWD0:

                                                                      Page 3
                                                              C:\Users\nhuliyap\AppData\Local\Temp\gh_0000d041.s
                         112 	.type	_Wdt_InitWD0,@function
                         113 	.size	_Wdt_InitWD0,.-_Wdt_InitWD0
                         114 	.align	2
                         115 
                         116 	.section ".bss","awb"
                         117 .L65:
                         118 	.type	.L65,@object
                         119 	.size	.L65,0
                         120 	.data
                         121 	.text
                         122 	.align	2
                         123 	.align	2
                         124 ..gh.f.f.1.e.2:
                         125 	.type	..gh.f.f.1.e.2,@object
                         126 	.size	..gh.f.f.1.e.2,0
                         127 	.global	_Wdt_TriggerWD0
                         128 _Wdt_TriggerWD0:
                         129 --	    .bf
                         130 .LDW41:
0000000e 2096acff        131 	movea	-84,zero,r18
00000012 80070d9000da    132 	st.b	r18,4293722112[zero]
                         133 --	    .ef
                         134 .LDW51:
                         135 --line22
                         136 ..lin.C.3A.5C_ECU2.5CECU_Rivian_A1.5CTarget.5Crepo_projects.5CpRealEcu.5CcL_LATEST.5Cmake.5Coutput.5Cobjects.5Cwdt.2::
                         137 .LDWlin2:
00000018 7f00            138 	jmp	[lp]
                         139 	.global	___ghs_eofn_Wdt_TriggerWD0
                         140 ___ghs_eofn_Wdt_TriggerWD0:
                         141 	.type	_Wdt_TriggerWD0,@function
                         142 	.size	_Wdt_TriggerWD0,.-_Wdt_TriggerWD0
                         143 	.align	2
                         144 
                         145 	.section ".bss","awb"
                         146 .L113:
                         147 	.type	.L113,@object
                         148 	.size	.L113,0
                         149 	.data
                         150 	.text
                         151 	.align	2
                         152 	.align	2
                         153 ..gh.f.f.1.e.3:
                         154 	.type	..gh.f.f.1.e.3,@object
                         155 	.size	..gh.f.f.1.e.3,0
                         156 	.global	_Wdt_InitWD1
                         157 _Wdt_InitWD1:
                         158 --	    .bf
                         159 .LDW61:
0000001a 0792            160 	mov	7,r18
0000001c 8007cd9020da    161 	st.b	r18,4293726220[zero]
                         162 --	    .ef
                         163 .LDW71:
                         164 --line26
                         165 ..lin.C.3A.5C_ECU2.5CECU_Rivian_A1.5CTarget.5Crepo_projects.5CpRealEcu.5CcL_LATEST.5Cmake.5Coutput.5Cobjects.5Cwdt.3::
                         166 .LDWlin3:
00000022 7f00            167 	jmp	[lp]
                         168 	.global	___ghs_eofn_Wdt_InitWD1
                         169 ___ghs_eofn_Wdt_InitWD1:
                         170 	.type	_Wdt_InitWD1,@function
                         171 	.size	_Wdt_InitWD1,.-_Wdt_InitWD1
                         172 	.align	2

                                                                      Page 4
                                                              C:\Users\nhuliyap\AppData\Local\Temp\gh_0000d041.s
                         173 
                         174 	.section ".bss","awb"
                         175 .L161:
                         176 	.type	.L161,@object
                         177 	.size	.L161,0
                         178 	.data
                         179 	.text
                         180 	.align	2
                         181 	.align	2
                         182 ..gh.f.f.1.e.4:
                         183 	.type	..gh.f.f.1.e.4,@object
                         184 	.size	..gh.f.f.1.e.4,0
                         185 	.global	_Wdt_TriggerWD1
                         186 _Wdt_TriggerWD1:
                         187 --	    .bf
                         188 .LDW81:
00000024 2096acff        189 	movea	-84,zero,r18
00000028 80070d9020da    190 	st.b	r18,4293726208[zero]
                         191 --	    .ef
                         192 .LDW91:
                         193 --line30
                         194 ..lin.C.3A.5C_ECU2.5CECU_Rivian_A1.5CTarget.5Crepo_projects.5CpRealEcu.5CcL_LATEST.5Cmake.5Coutput.5Cobjects.5Cwdt.4::
                         195 .LDWlin4:
0000002e 7f00            196 	jmp	[lp]
                         197 	.global	___ghs_eofn_Wdt_TriggerWD1
                         198 ___ghs_eofn_Wdt_TriggerWD1:
                         199 	.type	_Wdt_TriggerWD1,@function
                         200 	.size	_Wdt_TriggerWD1,.-_Wdt_TriggerWD1
                         201 	.align	2
                         202 
                         203 	.section ".bss","awb"
                         204 .L209:
                         205 	.type	.L209,@object
                         206 	.size	.L209,0
                         207 	.data
                         208 	.text
                         209 	.align	2
                         210 --_WDTA0	4293722112	import
                         211 --_WDTA1	4293726208	import
                         212 
                         213 	.data
                         214 	.ghsnote version,17
                         215 	.ghsnote tools,3
                         216 	.ghsnote options,144
                         217 	.text
                         218 	.align	2
                         219 ..eof.C.3A.5C_ECU2.5CECU_Rivian_A1.5CTarget.5Crepo_projects.5CpRealEcu.5CcL_LATEST.5Cmake.5Coutput.5Cobjects.5Cwdt...43.3A.5C_ECU2.5CECU_Rivian_A1.5CTarget.5Crepo_projects.5CpRealEcu.5CcL_LATEST.5Cmake..64F82E1A..0::
                         220 	.section	.debug_info
                         221 .Ldw_begin:
00000000 e8020000        222 	.word	.Ldw_end-.Ldw_begin-4
00000004 0200            223 	.byte	2,0
00000006 00000000*       224 	.word	.Ldw_abbr_begin
0000000a 04              225 	.byte	4
                         226 	.section	.debug_abbrev
                         227 .Ldw_abbr_begin:
                         228 	.section	.debug_info
0000000b 01              229 	.byte	1
0000000c 00000000*       230 	.word	..bof.C.3A.5C_ECU2.5CECU_Rivian_A1.5CTarget.5Crepo_projects.5CpRealEcu.5CcL_LATEST.5Cmake.5Coutput.5Cobjects.5Cwdt...43.3A.5C_ECU2.5CECU_Rivian_A1.5CTarget.5Crepo_projects.5CpRealEcu.5CcL_LATEST.5Cmake..64F82E1A..0
00000010 00000000*       231 	.word	..eof.C.3A.5C_ECU2.5CECU_Rivian_A1.5CTarget.5Crepo_projects.5CpRealEcu.5CcL_LATEST.5Cmake.5Coutput.5Cobjects.5Cwdt...43.3A.5C_ECU2.5CECU_Rivian_A1.5CTarget.5Crepo_projects.5CpRealEcu.5CcL_LATEST.5Cmake..64F82E1A..0
00000014 2e2e2f736f75    232 	.strz	"../source/McalWdg/wdt.c"
0000001a 7263652f4d63 

                                                                      Page 5
                                                              C:\Users\nhuliyap\AppData\Local\Temp\gh_0000d041.s
00000020 616c5764672f 
00000026 7764742e6300 
0000002c 433a5c5f4543    233 	.strz	"C:\\_ECU2\\ECU_Rivian_A1\\Target\\repo_projects\\pRealEcu\\cL_LATEST\\make"
00000032 55325c454355 
00000038 5f5269766961 
0000003e 6e5f41315c54 
00000044 61726765745c 
0000004a 7265706f5f70 
00000050 726f6a656374 
00000056 735c70526561 
0000005c 6c4563755c63 
00000062 4c5f4c415445 
00000068 53545c6d616b 
0000006e 6500 
00000070 474853204320    234 	.strz	"GHS C 2015.1.7 [dual]"
00000076 323031352e31 
0000007c 2e37205b6475 
00000082 616c5d00 
00000086 0100            235 	.byte	1,0
00000088 00000000*       236 	.word	.Ldw_line_begin
0000008c 00000000*       237 	.word	.Ldw_macinfo_begin
00000090 00              238 	.byte	0
                         239 
                         240 	.section	.debug_abbrev
00000000 01              241 	.byte	1
00000001 11              242 	.byte	17
00000002 01              243 	.byte	1
00000003 1101            244 	.byte	17,1
00000005 1201            245 	.byte	18,1
00000007 0308            246 	.byte	3,8
00000009 1b08            247 	.byte	27,8
0000000b 2508            248 	.byte	37,8
0000000d 1305            249 	.byte	19,5
0000000f 1006            250 	.byte	16,6
00000011 4306            251 	.byte	67,6
00000013 420b            252 	.byte	66,11
00000015 0000            253 	.byte	0,0
                         254 
                         255 	.section	.debug_line
                         256 .Ldw_line_begin:
00000000 40020000        257 	.word	.Ldw_line_end-.Ldw_line_begin-4
00000004 0200            258 	.byte	2,0
00000006 00000000*       259 	.word	.Ldw_lpro_end-.Ldw_lpro_begin
                         260 .Ldw_lpro_begin:
0000000a 01              261 	.byte	1
0000000b 00              262 	.byte	0
0000000c 00              263 	.byte	0
0000000d 04              264 	.byte	4
0000000e 0a              265 	.byte	10
0000000f 000101          266 	.byte	0,1,1
00000012 010100          267 	.byte	1,1,0
00000015 000001          268 	.byte	0,0,1
00000018 00              269 	.byte	0
00000019 2e2e2f736f75    270 	.strz	"../source/McalWdg/wdt.c"
0000001f 7263652f4d63 
00000025 616c5764672f 
0000002b 7764742e6300 
00000031 000000          271 	.byte	0,0,0
00000034 2e2e2f736f75    272 	.strz	"../source/McalWdg/wdt.hpp"
0000003a 7263652f4d63 
00000040 616c5764672f 

                                                                      Page 6
                                                              C:\Users\nhuliyap\AppData\Local\Temp\gh_0000d041.s
00000046 7764742e6870 
0000004c 7000 
0000004e 000000          273 	.byte	0,0,0
00000051 2e2e2f736f75    274 	.strz	"../source/McalMcu/Types.hpp"
00000057 7263652f4d63 
0000005d 616c4d63752f 
00000063 54797065732e 
00000069 68707000 
0000006d 000000          275 	.byte	0,0,0
00000070 2e2e2f736f75    276 	.strz	"../source/common/Std_Types.hpp"
00000076 7263652f636f 
0000007c 6d6d6f6e2f53 
00000082 74645f547970 
00000088 65732e687070 
0000008e 00 
0000008f 000000          277 	.byte	0,0,0
00000092 2e2e2f736f75    278 	.strz	"../source/common/Platform_Types.hpp"
00000098 7263652f636f 
0000009e 6d6d6f6e2f50 
000000a4 6c6174666f72 
000000aa 6d5f54797065 
000000b0 732e68707000 
000000b6 000000          279 	.byte	0,0,0
000000b9 2e2e2f736f75    280 	.strz	"../source/common/Compiler.hpp"
000000bf 7263652f636f 
000000c5 6d6d6f6e2f43 
000000cb 6f6d70696c65 
000000d1 722e68707000 
000000d7 000000          281 	.byte	0,0,0
000000da 2e2e2f736f75    282 	.strz	"../source/ProjectCompiler/Compiler_Cfg.hpp"
000000e0 7263652f5072 
000000e6 6f6a65637443 
000000ec 6f6d70696c65 
000000f2 722f436f6d70 
000000f8 696c65725f43 
000000fe 66672e687070 
00000104 00 
00000105 000000          283 	.byte	0,0,0
00000108 2e2e2f736f75    284 	.strz	"../source/ProjectCompiler/CompilerCfg_SwcServiceOs.hpp"
0000010e 7263652f5072 
00000114 6f6a65637443 
0000011a 6f6d70696c65 
00000120 722f436f6d70 
00000126 696c65724366 
0000012c 675f53776353 
00000132 657276696365 
00000138 4f732e687070 
0000013e 00 
0000013f 000000          285 	.byte	0,0,0
00000142 2e2e2f736f75    286 	.strz	"../source/McalMcu/device.hpp"
00000148 7263652f4d63 
0000014e 616c4d63752f 
00000154 646576696365 
0000015a 2e68707000 
0000015f 000000          287 	.byte	0,0,0
00000162 2e2e2f736f75    288 	.strz	"../source/McalMcu/dr7f701013.dvf.hpp"
00000168 7263652f4d63 
0000016e 616c4d63752f 
00000174 647237663730 
0000017a 313031332e64 
00000180 76662e687070 

                                                                      Page 7
                                                              C:\Users\nhuliyap\AppData\Local\Temp\gh_0000d041.s
00000186 00 
00000187 000000          289 	.byte	0,0,0
0000018a 2e2e2f736f75    290 	.strz	"../source/McalMcu/cpu.hpp"
00000190 7263652f4d63 
00000196 616c4d63752f 
0000019c 6370752e6870 
000001a2 7000 
000001a4 000000          291 	.byte	0,0,0
000001a7 2e2e2f736f75    292 	.strz	"../source/McalMcu/v800_ghs.hpp"
000001ad 7263652f4d63 
000001b3 616c4d63752f 
000001b9 763830305f67 
000001bf 68732e687070 
000001c5 00 
000001c6 000000          293 	.byte	0,0,0
000001c9 00              294 	.byte	0
                         295 .Ldw_lpro_end:
                         296 	.section	.debug_macinfo
                         297 .Ldw_macinfo_begin:
                         298 	.section	.debug_frame
                         299 .LDW_51e6360:
00000000 00000000*       300 	.word	.LDW_unq_2-.LDW_unq_1
                         301 .LDW_unq_1:
00000004 ffffffff        302 	.byte	255,255,255,255
00000008 01              303 	.byte	1
00000009 00              304 	.byte	0
0000000a 01              305 	.byte	1
0000000b 01              306 	.byte	1
0000000c 1f              307 	.byte	31
0000000d 0c              308 	.byte	12
0000000e 03              309 	.byte	3
0000000f 00              310 	.byte	0
00000010 07              311 	.byte	7
00000011 00              312 	.byte	0
00000012 07              313 	.byte	7
00000013 01              314 	.byte	1
00000014 07              315 	.byte	7
00000015 02              316 	.byte	2
00000016 07              317 	.byte	7
00000017 03              318 	.byte	3
00000018 07              319 	.byte	7
00000019 04              320 	.byte	4
0000001a 07              321 	.byte	7
0000001b 05              322 	.byte	5
0000001c 07              323 	.byte	7
0000001d 06              324 	.byte	6
0000001e 07              325 	.byte	7
0000001f 07              326 	.byte	7
00000020 07              327 	.byte	7
00000021 08              328 	.byte	8
00000022 07              329 	.byte	7
00000023 09              330 	.byte	9
00000024 07              331 	.byte	7
00000025 0a              332 	.byte	10
00000026 07              333 	.byte	7
00000027 0b              334 	.byte	11
00000028 07              335 	.byte	7
00000029 0c              336 	.byte	12
0000002a 07              337 	.byte	7
0000002b 0d              338 	.byte	13
0000002c 07              339 	.byte	7

                                                                      Page 8
                                                              C:\Users\nhuliyap\AppData\Local\Temp\gh_0000d041.s
0000002d 0e              340 	.byte	14
0000002e 07              341 	.byte	7
0000002f 0f              342 	.byte	15
00000030 07              343 	.byte	7
00000031 10              344 	.byte	16
00000032 07              345 	.byte	7
00000033 11              346 	.byte	17
00000034 07              347 	.byte	7
00000035 12              348 	.byte	18
00000036 07              349 	.byte	7
00000037 13              350 	.byte	19
00000038 08              351 	.byte	8
00000039 14              352 	.byte	20
0000003a 08              353 	.byte	8
0000003b 15              354 	.byte	21
0000003c 08              355 	.byte	8
0000003d 16              356 	.byte	22
0000003e 08              357 	.byte	8
0000003f 17              358 	.byte	23
00000040 08              359 	.byte	8
00000041 18              360 	.byte	24
00000042 08              361 	.byte	8
00000043 19              362 	.byte	25
00000044 08              363 	.byte	8
00000045 1a              364 	.byte	26
00000046 08              365 	.byte	8
00000047 1b              366 	.byte	27
00000048 08              367 	.byte	8
00000049 1c              368 	.byte	28
0000004a 08              369 	.byte	8
0000004b 1d              370 	.byte	29
0000004c 07              371 	.byte	7
0000004d 1e              372 	.byte	30
0000004e 08              373 	.byte	8
0000004f 1f              374 	.byte	31
00000050 07              375 	.byte	7
00000051 20              376 	.byte	32
00000052 07              377 	.byte	7
00000053 21              378 	.byte	33
00000054 07              379 	.byte	7
00000055 22              380 	.byte	34
00000056 07              381 	.byte	7
00000057 23              382 	.byte	35
00000058 07              383 	.byte	7
00000059 24              384 	.byte	36
0000005a 07              385 	.byte	7
0000005b 25              386 	.byte	37
0000005c 07              387 	.byte	7
0000005d 26              388 	.byte	38
0000005e 07              389 	.byte	7
0000005f 27              390 	.byte	39
00000060 07              391 	.byte	7
00000061 28              392 	.byte	40
00000062 07              393 	.byte	7
00000063 29              394 	.byte	41
00000064 07              395 	.byte	7
00000065 2a              396 	.byte	42
00000066 07              397 	.byte	7
00000067 2b              398 	.byte	43
00000068 07              399 	.byte	7
00000069 2c              400 	.byte	44

                                                                      Page 9
                                                              C:\Users\nhuliyap\AppData\Local\Temp\gh_0000d041.s
0000006a 07              401 	.byte	7
0000006b 2d              402 	.byte	45
0000006c 07              403 	.byte	7
0000006d 2e              404 	.byte	46
0000006e 07              405 	.byte	7
0000006f 2f              406 	.byte	47
00000070 07              407 	.byte	7
00000071 30              408 	.byte	48
00000072 07              409 	.byte	7
00000073 31              410 	.byte	49
00000074 07              411 	.byte	7
00000075 32              412 	.byte	50
00000076 07              413 	.byte	7
00000077 33              414 	.byte	51
00000078 07              415 	.byte	7
00000079 34              416 	.byte	52
0000007a 07              417 	.byte	7
0000007b 35              418 	.byte	53
0000007c 07              419 	.byte	7
0000007d 36              420 	.byte	54
0000007e 07              421 	.byte	7
0000007f 37              422 	.byte	55
00000080 07              423 	.byte	7
00000081 38              424 	.byte	56
00000082 07              425 	.byte	7
00000083 39              426 	.byte	57
00000084 07              427 	.byte	7
00000085 3a              428 	.byte	58
00000086 07              429 	.byte	7
00000087 3b              430 	.byte	59
00000088 07              431 	.byte	7
00000089 3c              432 	.byte	60
0000008a 07              433 	.byte	7
0000008b 3d              434 	.byte	61
0000008c 07              435 	.byte	7
0000008d 3e              436 	.byte	62
0000008e 07              437 	.byte	7
0000008f 3f              438 	.byte	63
                         439 .LDW_unq_2:
                         440 	.section	.debug_info
                         441 .LDW_52c6c50:
00000091 45              442 	.byte	69
00000092 01              443 	.byte	1
                         444 
                         445 	.section	.debug_abbrev
00000017 45              446 	.byte	69
00000018 15              447 	.byte	21
00000019 01              448 	.byte	1
0000001a 270c            449 	.byte	39,12
0000001c 0000            450 	.byte	0,0
                         451 
                         452 	.section	.debug_info
00000093 00              453 	.byte	0
                         454 
                         455 .LDW_52c6940:
00000094 45              456 	.byte	69
00000095 01              457 	.byte	1
                         458 
00000096 00              459 	.byte	0
                         460 
                         461 .LDW_52c6e10:

                                                                      Page 10
                                                              C:\Users\nhuliyap\AppData\Local\Temp\gh_0000d041.s
00000097 45              462 	.byte	69
00000098 01              463 	.byte	1
                         464 
00000099 00              465 	.byte	0
                         466 
                         467 .LDW_52c6ba8:
0000009a 45              468 	.byte	69
0000009b 01              469 	.byte	1
                         470 
0000009c 00              471 	.byte	0
                         472 
                         473 .LDW_52c6e80:
0000009d 45              474 	.byte	69
0000009e 01              475 	.byte	1
                         476 
0000009f 00              477 	.byte	0
                         478 
                         479 .LDW_52c6978:
000000a0 25              480 	.byte	37
000000a1 756e7369676e    481 	.strz	"unsigned char"
000000a7 656420636861 
000000ad 7200 
000000af 08              482 	.byte	8
000000b0 01              483 	.byte	1
                         484 
                         485 	.section	.debug_abbrev
0000001e 25              486 	.byte	37
0000001f 24              487 	.byte	36
00000020 00              488 	.byte	0
00000021 0308            489 	.byte	3,8
00000023 3e0b            490 	.byte	62,11
00000025 0b0b            491 	.byte	11,11
00000027 0000            492 	.byte	0,0
                         493 
                         494 	.section	.debug_info
                         495 .LDW_52c6b70:
000000b1 25              496 	.byte	37
000000b2 696e7400        497 	.strz	"int"
000000b6 05              498 	.byte	5
000000b7 04              499 	.byte	4
                         500 
                         501 .LDW_4c60658:
000000b8 29              502 	.byte	41
000000b9 00000000*       503 	.word	.LDW_5249960
                         504 
                         505 	.section	.debug_abbrev
00000029 29              506 	.byte	41
0000002a 26              507 	.byte	38
0000002b 00              508 	.byte	0
0000002c 4910            509 	.byte	73,16
0000002e 0000            510 	.byte	0,0
                         511 
                         512 	.section	.debug_info
                         513 .LDW_52f6940:
000000bd 3a              514 	.byte	58
000000be 00              515 	.byte	0
000000bf 03              516 	.byte	3
000000c0 00000000*       517 	.word	.LDW_5249960
                         518 
                         519 	.section	.debug_abbrev
00000030 3a              520 	.byte	58

                                                                      Page 11
                                                              C:\Users\nhuliyap\AppData\Local\Temp\gh_0000d041.s
00000031 01              521 	.byte	1
00000032 01              522 	.byte	1
00000033 090b            523 	.byte	9,11
00000035 0b0f            524 	.byte	11,15
00000037 4910            525 	.byte	73,16
00000039 0000            526 	.byte	0,0
                         527 
                         528 	.section	.debug_info
000000c4 32              529 	.byte	50
000000c5 00000000*       530 	.word	.LDW_52c6b70
000000c9 04              531 	.byte	4
000000ca 00              532 	.byte	0
000000cb 02              533 	.byte	2
                         534 
                         535 	.section	.debug_abbrev
0000003b 32              536 	.byte	50
0000003c 21              537 	.byte	33
0000003d 00              538 	.byte	0
0000003e 4910            539 	.byte	73,16
00000040 0b0f            540 	.byte	11,15
00000042 220d            541 	.byte	34,13
00000044 2f0d            542 	.byte	47,13
00000046 0000            543 	.byte	0,0
                         544 
                         545 	.section	.debug_info
000000cc 00              546 	.byte	0
                         547 
                         548 .LDW_52f6be8:
000000cd 3a              549 	.byte	58
000000ce 00              550 	.byte	0
000000cf 03              551 	.byte	3
000000d0 00000000*       552 	.word	.LDW_5249960
                         553 
000000d4 32              554 	.byte	50
000000d5 00000000*       555 	.word	.LDW_52c6b70
000000d9 04              556 	.byte	4
000000da 00              557 	.byte	0
000000db 02              558 	.byte	2
                         559 
000000dc 00              560 	.byte	0
                         561 
                         562 .LDW_52f6e08:
000000dd 3a              563 	.byte	58
000000de 00              564 	.byte	0
000000df 03              565 	.byte	3
000000e0 00000000*       566 	.word	.LDW_5249960
                         567 
000000e4 32              568 	.byte	50
000000e5 00000000*       569 	.word	.LDW_52c6b70
000000e9 04              570 	.byte	4
000000ea 00              571 	.byte	0
000000eb 02              572 	.byte	2
                         573 
000000ec 00              574 	.byte	0
                         575 
                         576 .LDW_52f6cf8:
000000ed 3a              577 	.byte	58
000000ee 00              578 	.byte	0
000000ef f31f            579 	.byte	243,31
000000f1 00000000*       580 	.word	.LDW_5249960
                         581 

                                                                      Page 12
                                                              C:\Users\nhuliyap\AppData\Local\Temp\gh_0000d041.s
000000f5 32              582 	.byte	50
000000f6 00000000*       583 	.word	.LDW_52c6b70
000000fa 04              584 	.byte	4
000000fb 00              585 	.byte	0
000000fc f21f            586 	.byte	242,31
                         587 
000000fe 00              588 	.byte	0
                         589 
                         590 .LDW_5300570:
000000ff 2b              591 	.byte	43
00000100 00000000*       592 	.word	.LDW_5249960
                         593 
                         594 	.section	.debug_abbrev
00000048 2b              595 	.byte	43
00000049 35              596 	.byte	53
0000004a 00              597 	.byte	0
0000004b 4910            598 	.byte	73,16
0000004d 0000            599 	.byte	0,0
                         600 
                         601 	.section	.debug_info
                         602 .LDW_53156c8:
00000104 2b              603 	.byte	43
00000105 00000000*       604 	.word	.LDW_52c9e38
                         605 
                         606 .LDW_5249960:
00000109 28              607 	.byte	40
0000010a 75696e743800    608 	.strz	"uint8"
00000110 50              609 	.byte	80
00000111 4b              610 	.byte	75
00000112 05              611 	.byte	5
00000113 00000000*       612 	.word	.LDW_52c6978
                         613 
                         614 	.section	.debug_abbrev
0000004f 28              615 	.byte	40
00000050 16              616 	.byte	22
00000051 00              617 	.byte	0
00000052 0308            618 	.byte	3,8
00000054 3b0f            619 	.byte	59,15
00000056 390f            620 	.byte	57,15
00000058 3a0f            621 	.byte	58,15
0000005a 4910            622 	.byte	73,16
0000005c 0000            623 	.byte	0,0
                         624 
                         625 	.section	.debug_info
                         626 .LDW_52c9cd8:
00000117 41              627 	.byte	65
00000118 c50d            628 	.byte	197,13
0000011a 0f              629 	.byte	15
0000011b 0a              630 	.byte	10
0000011c 8020            631 	.byte	128,32
0000011e 01              632 	.byte	1
                         633 
                         634 	.section	.debug_abbrev
0000005e 41              635 	.byte	65
0000005f 13              636 	.byte	19
00000060 01              637 	.byte	1
00000061 3b0f            638 	.byte	59,15
00000063 390f            639 	.byte	57,15
00000065 3a0f            640 	.byte	58,15
00000067 0b0f            641 	.byte	11,15
00000069 320b            642 	.byte	50,11

                                                                      Page 13
                                                              C:\Users\nhuliyap\AppData\Local\Temp\gh_0000d041.s
0000006b 0000            643 	.byte	0,0
                         644 
                         645 	.section	.debug_info
                         646 .LDW_52efbb0:
0000011f 23              647 	.byte	35
00000120 5744544500      648 	.strz	"WDTE"
00000125 c60d            649 	.byte	198,13
00000127 0b              650 	.byte	11
00000128 0a              651 	.byte	10
00000129 00000000*       652 	.word	.LDW_5249960
0000012d 0223            653 	.byte	2,35
0000012f 00              654 	.byte	0
00000130 01              655 	.byte	1
                         656 
                         657 	.section	.debug_abbrev
0000006d 23              658 	.byte	35
0000006e 0d              659 	.byte	13
0000006f 00              660 	.byte	0
00000070 0308            661 	.byte	3,8
00000072 3b0f            662 	.byte	59,15
00000074 390f            663 	.byte	57,15
00000076 3a0f            664 	.byte	58,15
00000078 4910            665 	.byte	73,16
0000007a 380a            666 	.byte	56,10
0000007c 320b            667 	.byte	50,11
0000007e 0000            668 	.byte	0,0
                         669 
                         670 	.section	.debug_info
                         671 .LDW_52efc88:
00000131 23              672 	.byte	35
00000132 64756d6d7932    673 	.strz	"dummy289"
00000138 383900 
0000013b c70d            674 	.byte	199,13
0000013d 0b              675 	.byte	11
0000013e 0a              676 	.byte	10
0000013f 00000000*       677 	.word	.LDW_52f6940
00000143 0223            678 	.byte	2,35
00000145 01              679 	.byte	1
00000146 01              680 	.byte	1
                         681 
                         682 .LDW_52f0300:
00000147 23              683 	.byte	35
00000148 4556414300      684 	.strz	"EVAC"
0000014d c80d            685 	.byte	200,13
0000014f 0b              686 	.byte	11
00000150 0a              687 	.byte	10
00000151 00000000*       688 	.word	.LDW_5249960
00000155 0223            689 	.byte	2,35
00000157 04              690 	.byte	4
00000158 01              691 	.byte	1
                         692 
                         693 .LDW_52eff58:
00000159 23              694 	.byte	35
0000015a 64756d6d7932    695 	.strz	"dummy290"
00000160 393000 
00000163 c90d            696 	.byte	201,13
00000165 0b              697 	.byte	11
00000166 0a              698 	.byte	10
00000167 00000000*       699 	.word	.LDW_52f6be8
0000016b 0223            700 	.byte	2,35
0000016d 05              701 	.byte	5

                                                                      Page 14
                                                              C:\Users\nhuliyap\AppData\Local\Temp\gh_0000d041.s
0000016e 01              702 	.byte	1
                         703 
                         704 .LDW_52f0810:
0000016f 23              705 	.byte	35
00000170 52454600        706 	.strz	"REF"
00000174 ca0d            707 	.byte	202,13
00000176 11              708 	.byte	17
00000177 0a              709 	.byte	10
00000178 00000000*       710 	.word	.LDW_4c60658
0000017c 0223            711 	.byte	2,35
0000017e 08              712 	.byte	8
0000017f 01              713 	.byte	1
                         714 
                         715 .LDW_52f0468:
00000180 23              716 	.byte	35
00000181 64756d6d7932    717 	.strz	"dummy291"
00000187 393100 
0000018a cb0d            718 	.byte	203,13
0000018c 0b              719 	.byte	11
0000018d 0a              720 	.byte	10
0000018e 00000000*       721 	.word	.LDW_52f6e08
00000192 0223            722 	.byte	2,35
00000194 09              723 	.byte	9
00000195 01              724 	.byte	1
                         725 
                         726 .LDW_52f0780:
00000196 23              727 	.byte	35
00000197 4d4400          728 	.strz	"MD"
0000019a cc0d            729 	.byte	204,13
0000019c 0b              730 	.byte	11
0000019d 0a              731 	.byte	10
0000019e 00000000*       732 	.word	.LDW_5249960
000001a2 0223            733 	.byte	2,35
000001a4 0c              734 	.byte	12
000001a5 01              735 	.byte	1
                         736 
                         737 .LDW_52f0228:
000001a6 23              738 	.byte	35
000001a7 64756d6d7932    739 	.strz	"dummy292"
000001ad 393200 
000001b0 cd0d            740 	.byte	205,13
000001b2 0b              741 	.byte	11
000001b3 0a              742 	.byte	10
000001b4 00000000*       743 	.word	.LDW_52f6cf8
000001b8 0223            744 	.byte	2,35
000001ba 0d              745 	.byte	13
000001bb 01              746 	.byte	1
                         747 
000001bc 00              748 	.byte	0
                         749 
                         750 .LDW_52c9e38:
000001bd 28              751 	.byte	40
000001be 5f5f74797065    752 	.strz	"__type44"
000001c4 343400 
000001c7 ce0d            753 	.byte	206,13
000001c9 02              754 	.byte	2
000001ca 0a              755 	.byte	10
000001cb 00000000*       756 	.word	.LDW_52c9cd8
                         757 
                         758 .LDW_5315a38:
000001cf 05              759 	.byte	5

                                                                      Page 15
                                                              C:\Users\nhuliyap\AppData\Local\Temp\gh_0000d041.s
000001d0 574454413000    760 	.strz	"WDTA0"
000001d6 ee1e            761 	.byte	238,30
000001d8 01              762 	.byte	1
000001d9 0a              763 	.byte	10
000001da 00000000*       764 	.word	.LDW_53156c8
000001de 01              765 	.byte	1
000001df 01              766 	.byte	1
                         767 
                         768 	.section	.debug_abbrev
00000080 05              769 	.byte	5
00000081 34              770 	.byte	52
00000082 00              771 	.byte	0
00000083 0308            772 	.byte	3,8
00000085 3b0f            773 	.byte	59,15
00000087 390f            774 	.byte	57,15
00000089 3a0f            775 	.byte	58,15
0000008b 4910            776 	.byte	73,16
0000008d 3f0c            777 	.byte	63,12
0000008f 3c0c            778 	.byte	60,12
00000091 0000            779 	.byte	0,0
                         780 
                         781 	.section	.debug_info
                         782 .LDW_5315a90:
000001e0 05              783 	.byte	5
000001e1 574454413100    784 	.strz	"WDTA1"
000001e7 ef1e            785 	.byte	239,30
000001e9 01              786 	.byte	1
000001ea 0a              787 	.byte	10
000001eb 00000000*       788 	.word	.LDW_53156c8
000001ef 01              789 	.byte	1
000001f0 01              790 	.byte	1
                         791 
                         792 .LDW_5249118:
000001f1 13              793 	.byte	19
000001f2 5764745f5368    794 	.strz	"Wdt_ShowTrigger"
000001f8 6f7754726967 
000001fe 67657200 
00000202 04              795 	.byte	4
00000203 06              796 	.byte	6
00000204 01              797 	.byte	1
00000205 00000000*       798 	.word	_Wdt_ShowTrigger
00000209 00000000*       799 	.word	___ghs_eofn_Wdt_ShowTrigger
0000020d 0153            800 	.byte	1,83
0000020f 02              801 	.byte	2
00000210 00              802 	.byte	0
00000211 02              803 	.byte	2
00000212 00              804 	.byte	0
00000213 00              805 	.byte	0
00000214 00              806 	.byte	0
00000215 00              807 	.byte	0
00000216 01              808 	.byte	1
00000217 01              809 	.byte	1
00000218 00              810 	.byte	0
00000219 01              811 	.byte	1
                         812 
                         813 	.section	.debug_abbrev
00000093 13              814 	.byte	19
00000094 2e              815 	.byte	46
00000095 01              816 	.byte	1
00000096 0308            817 	.byte	3,8
00000098 3b0f            818 	.byte	59,15

                                                                      Page 16
                                                              C:\Users\nhuliyap\AppData\Local\Temp\gh_0000d041.s
0000009a 390f            819 	.byte	57,15
0000009c 3a0f            820 	.byte	58,15
0000009e 1101            821 	.byte	17,1
000000a0 1201            822 	.byte	18,1
000000a2 400a            823 	.byte	64,10
000000a4 8341            824 	.byte	131,65
000000a6 0f              825 	.byte	15
000000a7 8741            826 	.byte	135,65
000000a9 0d              827 	.byte	13
000000aa 8541            828 	.byte	133,65
000000ac 0f              829 	.byte	15
000000ad 8641            830 	.byte	134,65
000000af 0d              831 	.byte	13
000000b0 9241            832 	.byte	146,65
000000b2 0f              833 	.byte	15
000000b3 3c0c            834 	.byte	60,12
000000b5 200b            835 	.byte	32,11
000000b7 3f0c            836 	.byte	63,12
000000b9 320b            837 	.byte	50,11
000000bb 4c0b            838 	.byte	76,11
000000bd 270c            839 	.byte	39,12
000000bf 0000            840 	.byte	0,0
                         841 
                         842 	.section	.debug_frame
                         843 .LDW_531af78:
00000090 00000000*       844 	.word	.LDW_unq_4-.LDW_unq_3
                         845 .LDW_unq_3:
00000094 00000000*       846 	.word	.LDW_51e6360
00000098 00000000*       847 	.word	_Wdt_ShowTrigger
0000009c 00000000*       848 	.word	___ghs_eofn_Wdt_ShowTrigger-_Wdt_ShowTrigger
000000a0 01              849 	.byte	1
000000a1 00000000*       850 	.word	.LDW11
000000a5 00              851 	.byte	0
000000a6 00              852 	.byte	0
000000a7 00              853 	.byte	0
                         854 .LDW_unq_4:
                         855 	.section	.debug_line
000001ca 000502          856 	.byte	0,5,2
000001cd 00000000*       857 	.word	_Wdt_ShowTrigger
000001d1 06              858 	.byte	6
000001d2 03              859 	.byte	3
000001d3 0c              860 	.byte	12
000001d4 02              861 	.byte	2
000001d5 00              862 	.byte	0
000001d6 01              863 	.byte	1
000001d7 02              864 	.byte	2
000001d8 02              865 	.byte	2
000001d9 000101          866 	.byte	0,1,1
                         867 	.section	.debug_info
                         868 .LDW_52b5240:
0000021a 1d              869 	.byte	29
0000021b 00000000*       870 	.word	.LDW01
0000021f 00000000*       871 	.word	.LDW11
                         872 
                         873 	.section	.debug_abbrev
000000c1 1d              874 	.byte	29
000000c2 0b              875 	.byte	11
000000c3 01              876 	.byte	1
000000c4 1101            877 	.byte	17,1
000000c6 1201            878 	.byte	18,1
000000c8 0000            879 	.byte	0,0

                                                                      Page 17
                                                              C:\Users\nhuliyap\AppData\Local\Temp\gh_0000d041.s
                         880 
                         881 	.section	.debug_info
00000223 00              882 	.byte	0
                         883 
00000224 00              884 	.byte	0
                         885 
                         886 .LDW_5248798:
00000225 13              887 	.byte	19
00000226 5764745f496e    888 	.strz	"Wdt_InitWD0"
0000022c 697457443000 
00000232 0f              889 	.byte	15
00000233 06              890 	.byte	6
00000234 01              891 	.byte	1
00000235 00000000*       892 	.word	_Wdt_InitWD0
00000239 00000000*       893 	.word	___ghs_eofn_Wdt_InitWD0
0000023d 0153            894 	.byte	1,83
0000023f 02              895 	.byte	2
00000240 00              896 	.byte	0
00000241 02              897 	.byte	2
00000242 00              898 	.byte	0
00000243 00              899 	.byte	0
00000244 00              900 	.byte	0
00000245 00              901 	.byte	0
00000246 01              902 	.byte	1
00000247 01              903 	.byte	1
00000248 00              904 	.byte	0
00000249 01              905 	.byte	1
                         906 
                         907 	.section	.debug_frame
                         908 .LDW_4d21990:
000000a8 00000000*       909 	.word	.LDW_unq_6-.LDW_unq_5
                         910 .LDW_unq_5:
000000ac 00000000*       911 	.word	.LDW_51e6360
000000b0 00000000*       912 	.word	_Wdt_InitWD0
000000b4 00000000*       913 	.word	___ghs_eofn_Wdt_InitWD0-_Wdt_InitWD0
000000b8 01              914 	.byte	1
000000b9 00000000*       915 	.word	.LDW31
000000bd 00              916 	.byte	0
000000be 00              917 	.byte	0
000000bf 00              918 	.byte	0
                         919 .LDW_unq_6:
                         920 	.section	.debug_line
000001dc 000502          921 	.byte	0,5,2
000001df 00000000*       922 	.word	_Wdt_InitWD0
000001e3 06              923 	.byte	6
000001e4 03              924 	.byte	3
000001e5 0f              925 	.byte	15
000001e6 02              926 	.byte	2
000001e7 00              927 	.byte	0
000001e8 01              928 	.byte	1
000001e9 000502          929 	.byte	0,5,2
000001ec 00000000*       930 	.word	.LDWlin1
000001f0 0b              931 	.byte	11
000001f1 02              932 	.byte	2
000001f2 02              933 	.byte	2
000001f3 000101          934 	.byte	0,1,1
                         935 	.section	.debug_info
                         936 .LDW_52b5360:
0000024a 1d              937 	.byte	29
0000024b 00000000*       938 	.word	.LDW21
0000024f 00000000*       939 	.word	.LDW31

                                                                      Page 18
                                                              C:\Users\nhuliyap\AppData\Local\Temp\gh_0000d041.s
                         940 
00000253 00              941 	.byte	0
                         942 
00000254 00              943 	.byte	0
                         944 
                         945 .LDW_52491b0:
00000255 13              946 	.byte	19
00000256 5764745f5472    947 	.strz	"Wdt_TriggerWD0"
0000025c 696767657257 
00000262 443000 
00000265 13              948 	.byte	19
00000266 06              949 	.byte	6
00000267 01              950 	.byte	1
00000268 00000000*       951 	.word	_Wdt_TriggerWD0
0000026c 00000000*       952 	.word	___ghs_eofn_Wdt_TriggerWD0
00000270 0153            953 	.byte	1,83
00000272 02              954 	.byte	2
00000273 00              955 	.byte	0
00000274 02              956 	.byte	2
00000275 00              957 	.byte	0
00000276 00              958 	.byte	0
00000277 00              959 	.byte	0
00000278 00              960 	.byte	0
00000279 01              961 	.byte	1
0000027a 01              962 	.byte	1
0000027b 00              963 	.byte	0
0000027c 01              964 	.byte	1
                         965 
                         966 	.section	.debug_frame
                         967 .LDW_4d20f90:
000000c0 00000000*       968 	.word	.LDW_unq_8-.LDW_unq_7
                         969 .LDW_unq_7:
000000c4 00000000*       970 	.word	.LDW_51e6360
000000c8 00000000*       971 	.word	_Wdt_TriggerWD0
000000cc 00000000*       972 	.word	___ghs_eofn_Wdt_TriggerWD0-_Wdt_TriggerWD0
000000d0 01              973 	.byte	1
000000d1 00000000*       974 	.word	.LDW51
000000d5 00              975 	.byte	0
000000d6 00              976 	.byte	0
000000d7 00              977 	.byte	0
                         978 .LDW_unq_8:
                         979 	.section	.debug_line
000001f6 000502          980 	.byte	0,5,2
000001f9 00000000*       981 	.word	_Wdt_TriggerWD0
000001fd 06              982 	.byte	6
000001fe 03              983 	.byte	3
000001ff 13              984 	.byte	19
00000200 02              985 	.byte	2
00000201 00              986 	.byte	0
00000202 01              987 	.byte	1
00000203 000502          988 	.byte	0,5,2
00000206 00000000*       989 	.word	.LDWlin2
0000020a 0c              990 	.byte	12
0000020b 02              991 	.byte	2
0000020c 02              992 	.byte	2
0000020d 000101          993 	.byte	0,1,1
                         994 	.section	.debug_info
                         995 .LDW_52b5390:
0000027d 1d              996 	.byte	29
0000027e 00000000*       997 	.word	.LDW41
00000282 00000000*       998 	.word	.LDW51

                                                                      Page 19
                                                              C:\Users\nhuliyap\AppData\Local\Temp\gh_0000d041.s
                         999 
00000286 00             1000 	.byte	0
                        1001 
00000287 00             1002 	.byte	0
                        1003 
                        1004 .LDW_5248668:
00000288 13             1005 	.byte	19
00000289 5764745f496e   1006 	.strz	"Wdt_InitWD1"
0000028f 697457443100 
00000295 18             1007 	.byte	24
00000296 06             1008 	.byte	6
00000297 01             1009 	.byte	1
00000298 00000000*      1010 	.word	_Wdt_InitWD1
0000029c 00000000*      1011 	.word	___ghs_eofn_Wdt_InitWD1
000002a0 0153           1012 	.byte	1,83
000002a2 02             1013 	.byte	2
000002a3 00             1014 	.byte	0
000002a4 02             1015 	.byte	2
000002a5 00             1016 	.byte	0
000002a6 00             1017 	.byte	0
000002a7 00             1018 	.byte	0
000002a8 00             1019 	.byte	0
000002a9 01             1020 	.byte	1
000002aa 01             1021 	.byte	1
000002ab 00             1022 	.byte	0
000002ac 01             1023 	.byte	1
                        1024 
                        1025 	.section	.debug_frame
                        1026 .LDW_4d21290:
000000d8 00000000*      1027 	.word	.LDW_unq_a-.LDW_unq_9
                        1028 .LDW_unq_9:
000000dc 00000000*      1029 	.word	.LDW_51e6360
000000e0 00000000*      1030 	.word	_Wdt_InitWD1
000000e4 00000000*      1031 	.word	___ghs_eofn_Wdt_InitWD1-_Wdt_InitWD1
000000e8 01             1032 	.byte	1
000000e9 00000000*      1033 	.word	.LDW71
000000ed 00             1034 	.byte	0
000000ee 00             1035 	.byte	0
000000ef 00             1036 	.byte	0
                        1037 .LDW_unq_a:
                        1038 	.section	.debug_line
00000210 000502         1039 	.byte	0,5,2
00000213 00000000*      1040 	.word	_Wdt_InitWD1
00000217 06             1041 	.byte	6
00000218 03             1042 	.byte	3
00000219 18             1043 	.byte	24
0000021a 02             1044 	.byte	2
0000021b 00             1045 	.byte	0
0000021c 01             1046 	.byte	1
0000021d 000502         1047 	.byte	0,5,2
00000220 00000000*      1048 	.word	.LDWlin3
00000224 0b             1049 	.byte	11
00000225 02             1050 	.byte	2
00000226 02             1051 	.byte	2
00000227 000101         1052 	.byte	0,1,1
                        1053 	.section	.debug_info
                        1054 .LDW_52b5270:
000002ad 1d             1055 	.byte	29
000002ae 00000000*      1056 	.word	.LDW61
000002b2 00000000*      1057 	.word	.LDW71
                        1058 

                                                                      Page 20
                                                              C:\Users\nhuliyap\AppData\Local\Temp\gh_0000d041.s
000002b6 00             1059 	.byte	0
                        1060 
000002b7 00             1061 	.byte	0
                        1062 
                        1063 .LDW_5249080:
000002b8 13             1064 	.byte	19
000002b9 5764745f5472   1065 	.strz	"Wdt_TriggerWD1"
000002bf 696767657257 
000002c5 443100 
000002c8 1c             1066 	.byte	28
000002c9 06             1067 	.byte	6
000002ca 01             1068 	.byte	1
000002cb 00000000*      1069 	.word	_Wdt_TriggerWD1
000002cf 00000000*      1070 	.word	___ghs_eofn_Wdt_TriggerWD1
000002d3 0153           1071 	.byte	1,83
000002d5 02             1072 	.byte	2
000002d6 00             1073 	.byte	0
000002d7 02             1074 	.byte	2
000002d8 00             1075 	.byte	0
000002d9 00             1076 	.byte	0
000002da 00             1077 	.byte	0
000002db 00             1078 	.byte	0
000002dc 01             1079 	.byte	1
000002dd 01             1080 	.byte	1
000002de 00             1081 	.byte	0
000002df 01             1082 	.byte	1
                        1083 
                        1084 	.section	.debug_frame
                        1085 .LDW_4d20b50:
000000f0 00000000*      1086 	.word	.LDW_unq_c-.LDW_unq_b
                        1087 .LDW_unq_b:
000000f4 00000000*      1088 	.word	.LDW_51e6360
000000f8 00000000*      1089 	.word	_Wdt_TriggerWD1
000000fc 00000000*      1090 	.word	___ghs_eofn_Wdt_TriggerWD1-_Wdt_TriggerWD1
00000100 01             1091 	.byte	1
00000101 00000000*      1092 	.word	.LDW91
00000105 00             1093 	.byte	0
00000106 00             1094 	.byte	0
00000107 00             1095 	.byte	0
                        1096 .LDW_unq_c:
                        1097 	.section	.debug_line
0000022a 000502         1098 	.byte	0,5,2
0000022d 00000000*      1099 	.word	_Wdt_TriggerWD1
00000231 06             1100 	.byte	6
00000232 03             1101 	.byte	3
00000233 1c             1102 	.byte	28
00000234 02             1103 	.byte	2
00000235 00             1104 	.byte	0
00000236 01             1105 	.byte	1
00000237 000502         1106 	.byte	0,5,2
0000023a 00000000*      1107 	.word	.LDWlin4
0000023e 0b             1108 	.byte	11
0000023f 02             1109 	.byte	2
00000240 02             1110 	.byte	2
00000241 000101         1111 	.byte	0,1,1
                        1112 	.section	.debug_info
                        1113 .LDW_4c84430:
000002e0 1d             1114 	.byte	29
000002e1 00000000*      1115 	.word	.LDW81
000002e5 00000000*      1116 	.word	.LDW91
                        1117 

                                                                      Page 21
                                                              C:\Users\nhuliyap\AppData\Local\Temp\gh_0000d041.s
000002e9 00             1118 	.byte	0
                        1119 
000002ea 00             1120 	.byte	0
                        1121 
000002eb 00             1122 	.byte	0
                        1123 
                        1124 	.section	.debug_line
                        1125 .Ldw_line_end:
                        1126 	.section	.debug_macinfo
00000000 01             1127 	.byte	1
00000001 00             1128 	.byte	0
00000002 5f5f474e555f   1129 	.strz	"__GNU_ASM_SUPPORT__ 1"
00000008 41534d5f5355 
0000000e 50504f52545f 
00000014 5f203100 
00000018 01             1130 	.byte	1
00000019 00             1131 	.byte	0
0000001a 5f5f67687320   1132 	.strz	"__ghs 1"
00000020 3100 
00000022 01             1133 	.byte	1
00000023 00             1134 	.byte	0
00000024 5f5f6768735f   1135 	.strz	"__ghs__ 1"
0000002a 5f203100 
0000002e 01             1136 	.byte	1
0000002f 00             1137 	.byte	0
00000030 5f5f41545452   1138 	.strz	"__ATTRIBUTES 1"
00000036 494255544553 
0000003c 203100 
0000003f 01             1139 	.byte	1
00000040 00             1140 	.byte	0
00000041 5f5f4544475f   1141 	.strz	"__EDG__ 1"
00000047 5f203100 
0000004b 01             1142 	.byte	1
0000004c 00             1143 	.byte	0
0000004d 5f5f434f5245   1144 	.strz	"__CORE_V850E3V5__ 1"
00000053 5f5638353045 
00000059 3356355f5f20 
0000005f 3100 
00000061 01             1145 	.byte	1
00000062 00             1146 	.byte	0
00000063 5f5f56383530   1147 	.strz	"__V850E__ 1"
00000069 455f5f203100 
0000006f 01             1148 	.byte	1
00000070 00             1149 	.byte	0
00000071 5f5f56383530   1150 	.strz	"__V850E2__ 1"
00000077 45325f5f2031 
0000007d 00 
0000007e 01             1151 	.byte	1
0000007f 00             1152 	.byte	0
00000080 5f5f56383530   1153 	.strz	"__V850E2R__ 1"
00000086 4532525f5f20 
0000008c 3100 
0000008e 01             1154 	.byte	1
0000008f 00             1155 	.byte	0
00000090 5f5f56383530   1156 	.strz	"__V850E2V3__ 1"
00000096 453256335f5f 
0000009c 203100 
0000009f 01             1157 	.byte	1
000000a0 00             1158 	.byte	0
000000a1 5f5f56383530   1159 	.strz	"__V850E3__ 1"
000000a7 45335f5f2031 

                                                                      Page 22
                                                              C:\Users\nhuliyap\AppData\Local\Temp\gh_0000d041.s
000000ad 00 
000000ae 01             1160 	.byte	1
000000af 00             1161 	.byte	0
000000b0 5f5f4c4c4f4e   1162 	.strz	"__LLONG_BIT 64"
000000b6 475f42495420 
000000bc 363400 
000000bf 03             1163 	.byte	3
000000c0 00             1164 	.byte	0
000000c1 01             1165 	.byte	1
000000c2 03             1166 	.byte	3
000000c3 01             1167 	.byte	1
000000c4 02             1168 	.byte	2
000000c5 03             1169 	.byte	3
000000c6 02             1170 	.byte	2
000000c7 03             1171 	.byte	3
000000c8 03             1172 	.byte	3
000000c9 07             1173 	.byte	7
000000ca 04             1174 	.byte	4
000000cb 03             1175 	.byte	3
000000cc 1c             1176 	.byte	28
000000cd 05             1177 	.byte	5
000000ce 04             1178 	.byte	4
000000cf 03             1179 	.byte	3
000000d0 1d             1180 	.byte	29
000000d1 06             1181 	.byte	6
000000d2 03             1182 	.byte	3
000000d3 1b             1183 	.byte	27
000000d4 07             1184 	.byte	7
000000d5 03             1185 	.byte	3
000000d6 54             1186 	.byte	84
000000d7 08             1187 	.byte	8
000000d8 04             1188 	.byte	4
000000d9 04             1189 	.byte	4
000000da 04             1190 	.byte	4
000000db 04             1191 	.byte	4
000000dc 04             1192 	.byte	4
000000dd 04             1193 	.byte	4
000000de 03             1194 	.byte	3
000000df 02             1195 	.byte	2
000000e0 09             1196 	.byte	9
000000e1 03             1197 	.byte	3
000000e2 44             1198 	.byte	68
000000e3 0a             1199 	.byte	10
000000e4 01             1200 	.byte	1
000000e5 17             1201 	.byte	23
000000e6 505241474d41   1202 	.strz	"PRAGMA(x) _Pragma(#x)"
000000ec 287829205f50 
000000f2 7261676d6128 
000000f8 23782900 
000000fc 01             1203 	.byte	1
000000fd 18             1204 	.byte	24
000000fe 5f5f52454144   1205 	.strz	"__READ volatile const"
00000104 20766f6c6174 
0000010a 696c6520636f 
00000110 6e737400 
00000114 01             1206 	.byte	1
00000115 1a             1207 	.byte	26
00000116 5f5f52454144   1208 	.strz	"__READ_WRITE volatile"
0000011c 5f5752495445 
00000122 20766f6c6174 
00000128 696c6500 

                                                                      Page 23
                                                              C:\Users\nhuliyap\AppData\Local\Temp\gh_0000d041.s
0000012c 01             1209 	.byte	1
0000012d 1c             1210 	.byte	28
0000012e 5f5f494f5245   1211 	.strz	"__IOREG(reg,addr,attrib,type) PRAGMA(ghs io reg addr) extern attrib type reg;"
00000134 47287265672c 
0000013a 616464722c61 
00000140 74747269622c 
00000146 747970652920 
0000014c 505241474d41 
00000152 286768732069 
00000158 6f2072656720 
0000015e 616464722920 
00000164 65787465726e 
0000016a 206174747269 
00000170 622074797065 
00000176 207265673b00 
0000017c 01             1212 	.byte	1
0000017d 1f             1213 	.byte	31
0000017e 5f5f494f5245   1214 	.strz	"__IOREGARRAY(reg,array,addr,attrib,type) PRAGMA(ghs io reg addr) extern attrib type reg[array];"
00000184 474152524159 
0000018a 287265672c61 
00000190 727261792c61 
00000196 6464722c6174 
0000019c 747269622c74 
000001a2 797065292050 
000001a8 5241474d4128 
000001ae 67687320696f 
000001b4 207265672061 
000001ba 646472292065 
000001c0 787465726e20 
000001c6 617474726962 
000001cc 207479706520 
000001d2 7265675b6172 
000001d8 7261795d3b00 
000001de 04             1215 	.byte	4
000001df 03             1216 	.byte	3
000001e0 45             1217 	.byte	69
000001e1 0b             1218 	.byte	11
000001e2 01             1219 	.byte	1
000001e3 08             1220 	.byte	8
000001e4 5f494e4c494e   1221 	.strz	"_INLINE_ __inline"
000001ea 455f205f5f69 
000001f0 6e6c696e6500 
000001f6 03             1222 	.byte	3
000001f7 0b             1223 	.byte	11
000001f8 0c             1224 	.byte	12
000001f9 01             1225 	.byte	1
000001fa 0f             1226 	.byte	15
000001fb 5f5f41545452   1227 	.strz	"__ATTRIBUTE(x) __attribute__(x)"
00000201 494255544528 
00000207 7829205f5f61 
0000020d 747472696275 
00000213 74655f5f2878 
00000219 2900 
0000021b 01             1228 	.byte	1
0000021c 74             1229 	.byte	116
0000021d 5f5f47455453   1230 	.strz	"__GETSP_macro() asm (\"mov sp, %0\" : \"=r\" (result));"
00000223 505f6d616372 
00000229 6f2829206173 
0000022f 6d2028226d6f 
00000235 762073702c20 
0000023b 253022203a20 

                                                                      Page 24
                                                              C:\Users\nhuliyap\AppData\Local\Temp\gh_0000d041.s
00000241 223d72222028 
00000247 726573756c74 
0000024d 29293b00 
00000251 04             1231 	.byte	4
00000252 01             1232 	.byte	1
00000253 14             1233 	.byte	20
00000254 7533325f5420   1234 	.strz	"u32_T unsigned long"
0000025a 756e7369676e 
00000260 6564206c6f6e 
00000266 6700 
00000268 01             1235 	.byte	1
00000269 c402           1236 	.byte	196,2
0000026b 50535720352c   1237 	.strz	"PSW 5, 0"
00000271 203000 
00000274 01             1238 	.byte	1
00000275 ce02           1239 	.byte	206,2
00000277 4d4346473020   1240 	.strz	"MCFG0 0, 1"
0000027d 302c203100 
00000282 01             1241 	.byte	1
00000283 d002           1242 	.byte	208,2
00000285 454241534520   1243 	.strz	"EBASE 3, 1"
0000028b 332c203100 
00000290 01             1244 	.byte	1
00000291 d102           1245 	.byte	209,2
00000293 494e54425020   1246 	.strz	"INTBP 4, 1"
00000299 342c203100 
0000029e 01             1247 	.byte	1
0000029f d202           1248 	.byte	210,2
000002a1 4d43544c2035   1249 	.strz	"MCTL 5, 1"
000002a7 2c203100 
000002ab 01             1250 	.byte	1
000002ac d402           1251 	.byte	212,2
000002ae 534343464720   1252 	.strz	"SCCFG 11, 1"
000002b4 31312c203100 
000002ba 01             1253 	.byte	1
000002bb d902           1254 	.byte	217,2
000002bd 415349442037   1255 	.strz	"ASID 7, 2"
000002c3 2c203200 
000002c7 01             1256 	.byte	1
000002c8 db02           1257 	.byte	219,2
000002ca 495350522031   1258 	.strz	"ISPR 10, 2"
000002d0 302c203200 
000002d5 01             1259 	.byte	1
000002d6 dc02           1260 	.byte	220,2
000002d8 504d52203131   1261 	.strz	"PMR 11, 2"
000002de 2c203200 
000002e2 01             1262 	.byte	1
000002e3 dd02           1263 	.byte	221,2
000002e5 494353522031   1264 	.strz	"ICSR 12, 2"
000002eb 322c203200 
000002f0 01             1265 	.byte	1
000002f1 de02           1266 	.byte	222,2
000002f3 494e54434647   1267 	.strz	"INTCFG 13, 2"
000002f9 2031332c2032 
000002ff 00 
00000300 01             1268 	.byte	1
00000301 e002           1269 	.byte	224,2
00000303 4d504d20302c   1270 	.strz	"MPM 0, 5"
00000309 203500 
0000030c 01             1271 	.byte	1
0000030d e102           1272 	.byte	225,2

                                                                      Page 25
                                                              C:\Users\nhuliyap\AppData\Local\Temp\gh_0000d041.s
0000030f 4d5052432031   1273 	.strz	"MPRC 1, 5"
00000315 2c203500 
00000319 01             1274 	.byte	1
0000031a e202           1275 	.byte	226,2
0000031c 4d504252474e   1276 	.strz	"MPBRGN 4, 5"
00000322 20342c203500 
00000328 01             1277 	.byte	1
00000329 e302           1278 	.byte	227,2
0000032b 4d505452474e   1279 	.strz	"MPTRGN 5, 5"
00000331 20352c203500 
00000337 01             1280 	.byte	1
00000338 e402           1281 	.byte	228,2
0000033a 4d434120382c   1282 	.strz	"MCA 8, 5"
00000340 203500 
00000343 01             1283 	.byte	1
00000344 e502           1284 	.byte	229,2
00000346 4d435320392c   1285 	.strz	"MCS 9, 5"
0000034c 203500 
0000034f 01             1286 	.byte	1
00000350 e602           1287 	.byte	230,2
00000352 4d4343203130   1288 	.strz	"MCC 10, 5"
00000358 2c203500 
0000035c 01             1289 	.byte	1
0000035d e702           1290 	.byte	231,2
0000035f 4d4352203131   1291 	.strz	"MCR 11, 5"
00000365 2c203500 
00000369 01             1292 	.byte	1
0000036a e902           1293 	.byte	233,2
0000036c 4d504c413020   1294 	.strz	"MPLA0 0, 6"
00000372 302c203600 
00000377 01             1295 	.byte	1
00000378 ea02           1296 	.byte	234,2
0000037a 4d5055413020   1297 	.strz	"MPUA0 1, 6"
00000380 312c203600 
00000385 01             1298 	.byte	1
00000386 eb02           1299 	.byte	235,2
00000388 4d5041543020   1300 	.strz	"MPAT0 2, 6"
0000038e 322c203600 
00000393 01             1301 	.byte	1
00000394 ec02           1302 	.byte	236,2
00000396 4d504c413120   1303 	.strz	"MPLA1 4, 6"
0000039c 342c203600 
000003a1 01             1304 	.byte	1
000003a2 ed02           1305 	.byte	237,2
000003a4 4d5055413120   1306 	.strz	"MPUA1 5, 6"
000003aa 352c203600 
000003af 01             1307 	.byte	1
000003b0 ee02           1308 	.byte	238,2
000003b2 4d5041543120   1309 	.strz	"MPAT1 6, 6"
000003b8 362c203600 
000003bd 01             1310 	.byte	1
000003be ef02           1311 	.byte	239,2
000003c0 4d504c413220   1312 	.strz	"MPLA2 8, 6"
000003c6 382c203600 
000003cb 01             1313 	.byte	1
000003cc f002           1314 	.byte	240,2
000003ce 4d5055413220   1315 	.strz	"MPUA2 9, 6"
000003d4 392c203600 
000003d9 01             1316 	.byte	1
000003da f102           1317 	.byte	241,2
000003dc 4d5041543220   1318 	.strz	"MPAT2 10, 6"

                                                                      Page 26
                                                              C:\Users\nhuliyap\AppData\Local\Temp\gh_0000d041.s
000003e2 31302c203600 
000003e8 01             1319 	.byte	1
000003e9 f202           1320 	.byte	242,2
000003eb 4d504c413320   1321 	.strz	"MPLA3 12, 6"
000003f1 31322c203600 
000003f7 01             1322 	.byte	1
000003f8 f302           1323 	.byte	243,2
000003fa 4d5055413320   1324 	.strz	"MPUA3 13, 6"
00000400 31332c203600 
00000406 01             1325 	.byte	1
00000407 f402           1326 	.byte	244,2
00000409 4d5041543320   1327 	.strz	"MPAT3 14, 6"
0000040f 31342c203600 
00000415 01             1328 	.byte	1
00000416 f502           1329 	.byte	245,2
00000418 4d504c413420   1330 	.strz	"MPLA4 16, 6"
0000041e 31362c203600 
00000424 01             1331 	.byte	1
00000425 f602           1332 	.byte	246,2
00000427 4d5055413420   1333 	.strz	"MPUA4 17, 6"
0000042d 31372c203600 
00000433 01             1334 	.byte	1
00000434 f702           1335 	.byte	247,2
00000436 4d5041543420   1336 	.strz	"MPAT4 18, 6"
0000043c 31382c203600 
00000442 01             1337 	.byte	1
00000443 f802           1338 	.byte	248,2
00000445 4d504c413520   1339 	.strz	"MPLA5 20, 6"
0000044b 32302c203600 
00000451 01             1340 	.byte	1
00000452 f902           1341 	.byte	249,2
00000454 4d5055413520   1342 	.strz	"MPUA5 21, 6"
0000045a 32312c203600 
00000460 01             1343 	.byte	1
00000461 fa02           1344 	.byte	250,2
00000463 4d5041543520   1345 	.strz	"MPAT5 22, 6"
00000469 32322c203600 
0000046f 01             1346 	.byte	1
00000470 fb02           1347 	.byte	251,2
00000472 4d504c413620   1348 	.strz	"MPLA6 24, 6"
00000478 32342c203600 
0000047e 01             1349 	.byte	1
0000047f fc02           1350 	.byte	252,2
00000481 4d5055413620   1351 	.strz	"MPUA6 25, 6"
00000487 32352c203600 
0000048d 01             1352 	.byte	1
0000048e fd02           1353 	.byte	253,2
00000490 4d5041543620   1354 	.strz	"MPAT6 26, 6"
00000496 32362c203600 
0000049c 01             1355 	.byte	1
0000049d fe02           1356 	.byte	254,2
0000049f 4d4c55413720   1357 	.strz	"MLUA7 28, 6"
000004a5 32382c203600 
000004ab 01             1358 	.byte	1
000004ac ff02           1359 	.byte	255,2
000004ae 4d5055413720   1360 	.strz	"MPUA7 29, 6"
000004b4 32392c203600 
000004ba 01             1361 	.byte	1
000004bb 8003           1362 	.byte	128,3
000004bd 4d5041543720   1363 	.strz	"MPAT7 30, 6"
000004c3 33302c203600 

                                                                      Page 27
                                                              C:\Users\nhuliyap\AppData\Local\Temp\gh_0000d041.s
000004c9 01             1364 	.byte	1
000004ca 8103           1365 	.byte	129,3
000004cc 4d504c413820   1366 	.strz	"MPLA8 0, 7"
000004d2 302c203700 
000004d7 01             1367 	.byte	1
000004d8 8203           1368 	.byte	130,3
000004da 4d5055413820   1369 	.strz	"MPUA8 1, 7"
000004e0 312c203700 
000004e5 01             1370 	.byte	1
000004e6 8303           1371 	.byte	131,3
000004e8 4d5041543820   1372 	.strz	"MPAT8 2, 7"
000004ee 322c203700 
000004f3 01             1373 	.byte	1
000004f4 8403           1374 	.byte	132,3
000004f6 4d504c413920   1375 	.strz	"MPLA9 4, 7"
000004fc 342c203700 
00000501 01             1376 	.byte	1
00000502 8503           1377 	.byte	133,3
00000504 4d5055413920   1378 	.strz	"MPUA9 5, 7"
0000050a 352c203700 
0000050f 01             1379 	.byte	1
00000510 8603           1380 	.byte	134,3
00000512 4d5041543920   1381 	.strz	"MPAT9 6, 7"
00000518 362c203700 
0000051d 01             1382 	.byte	1
0000051e 8703           1383 	.byte	135,3
00000520 4d504c413130   1384 	.strz	"MPLA10 8, 7"
00000526 20382c203700 
0000052c 01             1385 	.byte	1
0000052d 8803           1386 	.byte	136,3
0000052f 4d5055413130   1387 	.strz	"MPUA10 9, 7"
00000535 20392c203700 
0000053b 01             1388 	.byte	1
0000053c 8903           1389 	.byte	137,3
0000053e 4d5041543130   1390 	.strz	"MPAT10 10, 7"
00000544 2031302c2037 
0000054a 00 
0000054b 01             1391 	.byte	1
0000054c 8a03           1392 	.byte	138,3
0000054e 4d504c413131   1393 	.strz	"MPLA11 12, 7"
00000554 2031322c2037 
0000055a 00 
0000055b 01             1394 	.byte	1
0000055c 8b03           1395 	.byte	139,3
0000055e 4d5055413131   1396 	.strz	"MPUA11 13, 7"
00000564 2031332c2037 
0000056a 00 
0000056b 01             1397 	.byte	1
0000056c 8c03           1398 	.byte	140,3
0000056e 4d5041543131   1399 	.strz	"MPAT11 14, 7"
00000574 2031342c2037 
0000057a 00 
0000057b 01             1400 	.byte	1
0000057c 8d03           1401 	.byte	141,3
0000057e 4d504c413132   1402 	.strz	"MPLA12 16, 7"
00000584 2031362c2037 
0000058a 00 
0000058b 01             1403 	.byte	1
0000058c 8e03           1404 	.byte	142,3
0000058e 4d5055413132   1405 	.strz	"MPUA12 17, 7"
00000594 2031372c2037 

                                                                      Page 28
                                                              C:\Users\nhuliyap\AppData\Local\Temp\gh_0000d041.s
0000059a 00 
0000059b 01             1406 	.byte	1
0000059c 8f03           1407 	.byte	143,3
0000059e 4d5041543132   1408 	.strz	"MPAT12 18, 7"
000005a4 2031382c2037 
000005aa 00 
000005ab 01             1409 	.byte	1
000005ac 9003           1410 	.byte	144,3
000005ae 4d504c413133   1411 	.strz	"MPLA13 20, 7"
000005b4 2032302c2037 
000005ba 00 
000005bb 01             1412 	.byte	1
000005bc 9103           1413 	.byte	145,3
000005be 4d5055413133   1414 	.strz	"MPUA13 21, 7"
000005c4 2032312c2037 
000005ca 00 
000005cb 01             1415 	.byte	1
000005cc 9203           1416 	.byte	146,3
000005ce 4d5041543133   1417 	.strz	"MPAT13 22, 7"
000005d4 2032322c2037 
000005da 00 
000005db 01             1418 	.byte	1
000005dc 9303           1419 	.byte	147,3
000005de 4d504c413134   1420 	.strz	"MPLA14 24, 7"
000005e4 2032342c2037 
000005ea 00 
000005eb 01             1421 	.byte	1
000005ec 9403           1422 	.byte	148,3
000005ee 4d5055413134   1423 	.strz	"MPUA14 25, 7"
000005f4 2032352c2037 
000005fa 00 
000005fb 01             1424 	.byte	1
000005fc 9503           1425 	.byte	149,3
000005fe 4d5041543134   1426 	.strz	"MPAT14 26, 7"
00000604 2032362c2037 
0000060a 00 
0000060b 01             1427 	.byte	1
0000060c 9603           1428 	.byte	150,3
0000060e 4d504c413135   1429 	.strz	"MPLA15 28, 7"
00000614 2032382c2037 
0000061a 00 
0000061b 01             1430 	.byte	1
0000061c 9703           1431 	.byte	151,3
0000061e 4d5055413135   1432 	.strz	"MPUA15 29, 7"
00000624 2032392c2037 
0000062a 00 
0000062b 01             1433 	.byte	1
0000062c 9803           1434 	.byte	152,3
0000062e 4d5041543135   1435 	.strz	"MPAT15 30, 7"
00000634 2033302c2037 
0000063a 00 
0000063b 04             1436 	.byte	4
0000063c 04             1437 	.byte	4
0000063d 04             1438 	.byte	4
0000063e 00             1439 	.byte	0
                        1440 	.section	.debug_abbrev
000000ca 00             1441 	.byte	0
                        1442 	.section	.debug_info
                        1443 .Ldw_end:
                        1444 .rh850_flags REGMODE32,DATA_ALIGN8,GP_FIX,EP_NONFIX,TP_FIX,REG2_RESERVE,G3K,GHS_MISALIGN,SDA_EXTRA_REGS_0
