                                                                      Page 1
                                                              C:\Users\nhuliyap\AppData\Local\Temp\gh_00007nc1.s
Command Line: C:\ghs\comp_201517\ease850.exe -w -elf -b0 -I../source/common -I../source/ProjectCompiler -I../source/ProjectCfg -I../source/SwcApplTpms -I../source/SwcApplTpms/Intface -I../source/SwcApplEcuM -I../source/SwcServiceEcuM -I../source/SwcServiceNvM -I../source/SwcServiceOs -I../source/SwcServiceStartUp -I../source/McalAdc -I../source/McalDio -I../source/McalGpt -I../source/McalMcu -I../source/McalWdg -I../source/wrappers -I../source/wrappers/McalAta -I../source/McalLin -I../source/McalCan -I../source/wrappers/OS -I../source/McalFls -I../source/EcuabFee -I../source/EcuabMemIf -I../source/wrappers/VStdLib -I../source/wrappers/Crc -I../source/wrappers/FBL_APPL -I../source/wrappers/CAN_MANAGER -I../source/wrappers/NVM_MANAGER -I../source/wrappers/DEM_MANAGER -I../source/wrappers/RDC_MANAGER -I../source/wrappers/ENV_MANAGER -I../source/wrappers/SYS_MANAGER -I../source/wrappers/EcuabCanIf -I../source/wrappers/SwcServiceCanSM -I../source/wrappers/SwcServiceCanTp -I../source/wrappers/SwcServiceCanTp_PreCompile -I../source/wrappers/SwcServiceCom -I../source/wrappers/SwcServiceComM -I../source/wrappers/SwcServiceComStack -I../source/wrappers/SwcServiceDcm -I../source/wrappers/SwcServicePduR -I../source/wrappers/SwcServiceEcuM -I../source/wrappers/Bfx -I../source/wrappers/SwcServiceDem -I../source/SwcServiceDet -I../source/SwcServiceFiM -I../source/wrappers/LibAutosarDiag -I../source/wrappers/rba_BswSrv -I../source/SwcServiceSchM -I../source/wrappers/SwcServiceComM/Integration -I../source/wrappers/SwcServicePduR/Integration -I../source/wrappers/EcuabCanIf/Integration -I../source/wrappers/SwcServiceCom/Integration -I../source/wrappers/SwcServiceCanTp/Integration -I../source/wrappers/SwcServiceEcuM/Integration -I../source/SwcServiceDet/Integration -I../source/wrappers/SwcServiceDcm/Integration -I../source/wrappers/SwcServiceDem/Integration -I../source/SwcServiceFiM/Integration -I../source/wrappers/EcuabCanIf/api -I../source/wrappers/SwcServiceCom/api -I../source/wrappers/SwcServiceComM/api -I../source/wrappers/SwcServicePduR/api -I../source/wrappers/Bfx/api -I../source/SwcServiceDet/api -I../source/SwcServiceFiM/api -I../source/wrappers/LibAutosarDiag/api -I../source/wrappers/rba_BswSrv/api -IC:\ghs\comp_201517\lib\rh850 -cg_underscore -cpu=rh850g3k -no_v850_simd -rh850_fpsimd=none -nomacro -patch_dbo=C:\_ECU2\ECU_Rivian_A1\Target\repo_projects\pRealEcu\cL_LATEST\make\output\objects\WTHiP.dbo -source=WTHiP.c -o output\objects\gh_00007nc1.o -list=output\list\WTHiP.lst C:\Users\nhuliyap\AppData\Local\Temp\gh_00007nc1.s 
Original File: C:\Users\nhuliyap\AppData\Local\Temp\gh_00007nc1.s
Source File: WTHiP.c
Directory: C:\_ECU2\ECU_Rivian_A1\Target\repo_projects\pRealEcu\cL_LATEST\make
Host OS: Windows
EASE: Copyright (C) 1983-2015 Green Hills Software.  All Rights Reserved.
Release: Compiler v2015.1.7
Build Directory: [Directory] BTOWORKER6:c:/build_2015_1_bto/2015-10-21.2100-2015_1_bto/win32-comp-ecom
Revision: [VCInfo] http://toolsvc/branches/release-branch-70-bto/src@544153 (built by build)
Revision Date: Thu Oct 22 07:50:13 2015

Release Date: Thu Oct 22 09:32:32 2015

                           1 --Driver Command: ccv850 ../source/SwcApplTpms/WTHiP.c -cpu=rh850 -fhard
                           2 --		-ignore_callt_state_in_interrupts -large_sda -misalign_pack
                           3 --		-nofarcalls -nofloatio -no_callt -Ogeneral -Onounroll
                           4 --		-prepare_dispose -registermode=32 -reserve_r2 -sda=0
                           5 --		-shorten_loads -Wshadow --brief_diagnostics --no_commons
                           6 --		--no_wrap_diagnostics --prototype_errors --short_enum -list -G
                           7 --		-dual_debug -dwarf -X5523 -lnk=-no_xda_modifications -D
                           8 --		NOT_READY_FOR_TESTING_OR_DEPLOYMENT -D IBTCM_SW_ANPASSUNGEN -D
                           9 --		BUILD_LORDSTOWN -c -inline_prologue -I../source/common
                          10 --		-I../source/ProjectCompiler -I../source/ProjectCfg
                          11 --		-I../source/SwcApplTpms -I../source/SwcApplTpms/Intface
                          12 --		-I../source/SwcApplEcuM -I../source/SwcServiceEcuM
                          13 --		-I../source/SwcServiceNvM -I../source/SwcServiceOs
                          14 --		-I../source/SwcServiceStartUp -I../source/McalAdc
                          15 --		-I../source/McalDio -I../source/McalGpt -I../source/McalMcu
                          16 --		-I../source/McalWdg -I../source/wrappers
                          17 --		-I../source/wrappers/McalAta -I../source/McalLin
                          18 --		-I../source/McalCan -I../source/wrappers/OS -I../source/McalFls
                          19 --		-I../source/EcuabFee -I../source/EcuabMemIf
                          20 --		-I../source/wrappers/VStdLib -I../source/wrappers
                          21 --		-I../source/wrappers/Crc -I../source/wrappers/FBL_APPL
                          22 --		-I../source/wrappers/CAN_MANAGER -I../source/wrappers/NVM_MANAGER
                          23 --		-I../source/wrappers/DEM_MANAGER -I../source/wrappers/RDC_MANAGER
                          24 --		-I../source/wrappers/ENV_MANAGER -I../source/wrappers/SYS_MANAGER
                          25 --		-I../source/wrappers/EcuabCanIf
                          26 --		-I../source/wrappers/SwcServiceCanSM
                          27 --		-I../source/wrappers/SwcServiceCanTp
                          28 --		-I../source/wrappers/SwcServiceCanTp_PreCompile
                          29 --		-I../source/wrappers/SwcServiceCom
                          30 --		-I../source/wrappers/SwcServiceComM
                          31 --		-I../source/wrappers/SwcServiceComStack
                          32 --		-I../source/wrappers/SwcServiceDcm
                          33 --		-I../source/wrappers/SwcServicePduR
                          34 --		-I../source/wrappers/SwcServiceEcuM -I../source/wrappers/Bfx
                          35 --		-I../source/wrappers/SwcServiceDem -I../source/SwcServiceDet
                          36 --		-I../source/SwcServiceFiM -I../source/wrappers/LibAutosarDiag
                          37 --		-I../source/wrappers/rba_BswSrv -I../source/SwcServiceSchM
                          38 --		-I../source/wrappers/SwcServiceComM/Integration
                          39 --		-I../source/wrappers/SwcServicePduR/Integration
                          40 --		-I../source/wrappers/EcuabCanIf/Integration
                          41 --		-I../source/wrappers/SwcServiceCom/Integration
                          42 --		-I../source/wrappers/SwcServiceCanTp/Integration
                          43 --		-I../source/wrappers/SwcServiceEcuM/Integration
                          44 --		-I../source/SwcServiceDet/Integration
                          45 --		-I../source/wrappers/SwcServiceDcm/Integration
                          46 --		-I../source/wrappers/SwcServiceDem/Integration
                          47 --		-I../source/SwcServiceFiM/Integration
                          48 --		-I../source/wrappers/EcuabCanIf/api
                          49 --		-I../source/wrappers/SwcServiceCom/api
                          50 --		-I../source/wrappers/SwcServiceComM/api

                                                                      Page 2
                                                              C:\Users\nhuliyap\AppData\Local\Temp\gh_00007nc1.s
                          51 --		-I../source/wrappers/SwcServicePduR/api
                          52 --		-I../source/wrappers/Bfx/api -I../source/SwcServiceDet/api
                          53 --		-I../source/SwcServiceFiM/api
                          54 --		-I../source/wrappers/LibAutosarDiag/api
                          55 --		-I../source/wrappers/rba_BswSrv/api -object_dir=output/objects
                          56 --		-list_dir=output/list
                          57 --Source File:   ../source/SwcApplTpms/WTHiP.c
                          58 --Directory:     
                          59 --		C:\_ECU2\ECU_Rivian_A1\Target\repo_projects\pRealEcu\cL_LATEST\make
                          60 --Compile Date:  Wed Sep 06 09:45:33 2023
                          61 --Host OS:       Win32
                          62 --Version:       C-RH850 2015.1.7 RELEASE VERSION
                          63 --Release:       Compiler v2015.1.7
                          64 --Revision Date: Thu Oct 22 08:06:12 2015
                          65 --Release Date:  Thu Oct 22 09:34:32 2015
                          66 -- ecom  -g -w -OM
                          67 	.text
                          68 ..bof.C.3A.5C_ECU2.5CECU_Rivian_A1.5CTarget.5Crepo_projects.5CpRealEcu.5CcL_LATEST.5Cmake.5Coutput.5Cobjects.5CWTHiP...43.3A.5C_ECU2.5CECU_Rivian_A1.5CTarget.5Crepo_projects.5CpRealEcu.5CcL_LATEST.5Cmake..64F82E1D..0::
                          69 	.align	2
                          70 ..gh.f.f.1.e.0:
                          71 	.type	..gh.f.f.1.e.0,@object
                          72 	.size	..gh.f.f.1.e.0,0
                          73 	.global	_bHiP
                          74 _bHiP:
00000000 8007e110         75 	prepare	{r27,r28,r29,r31},0
00000004 06e8             76 	mov	r6,r29
                          77 --	    .bf
                          78 .LDW01:
00000006 3b0600000000*    79 	mov	_tPSSA,r27
0000000c 06f0             80 	mov	r6,ep
0000000e 9b8f0500         81 	ld.bu	4[r27],r17
                          82 --line24
                          83 ..lin.C.3A.5C_ECU2.5CECU_Rivian_A1.5CTarget.5Crepo_projects.5CpRealEcu.5CcL_LATEST.5Cmake.5Coutput.5Cobjects.5CWTHiP.1::
                          84 .LDWlin1:
00000012 6180             85 	sld.bu	1[ep],r16
00000014 6030             86 	sld.bu	0[ep],r6
00000016 043a             87 	mov	4,r7
00000018 908b             88 	sst.b	r17,16[ep]
0000001a f181             89 	cmp	r17,r16
0000001c d105*            90 	bl	.L4
                          91 --line26
                          92 ..lin.C.3A.5C_ECU2.5CECU_Rivian_A1.5CTarget.5Crepo_projects.5CpRealEcu.5CcL_LATEST.5Cmake.5Coutput.5Cobjects.5CWTHiP.2::
                          93 .LDWlin2:
                          94 	jarl	_ucSetWarnBitWN,lp
                          94 <EXPANSION BEGIN>
                          94 jarl22 _ucSetWarnBitWN , lp 
0000001e 80ff0000*        94 <EXPANSION END>
00000022 0ae0             95 	mov	r10,r28
00000024 b51d*            96 	br	.L6
                          97 .L4:
                          98 --line29
                          99 ..lin.C.3A.5C_ECU2.5CECU_Rivian_A1.5CTarget.5Crepo_projects.5CpRealEcu.5CcL_LATEST.5Cmake.5Coutput.5Cobjects.5CWTHiP.3::
                         100 .LDWlin3:
                         101 	jarl	_ucGetWarnBitWN,lp
                         101 <EXPANSION BEGIN>
                         101 jarl22 _ucGetWarnBitWN , lp 
00000026 80ff0000*       101 <EXPANSION END>
0000002a 6152            102 	cmp	1,r10
0000002c 9a15*           103 	bne	.L7
                         104 --line31
                         105 ..lin.C.3A.5C_ECU2.5CECU_Rivian_A1.5CTarget.5Crepo_projects.5CpRealEcu.5CcL_LATEST.5Cmake.5Coutput.5Cobjects.5CWTHiP.4::

                                                                      Page 3
                                                              C:\Users\nhuliyap\AppData\Local\Temp\gh_00007nc1.s
                         106 .LDWlin4:
0000002e 1bf0            107 	mov	r27,ep
00000030 6490            108 	sld.bu	4[ep],r18
00000032 6578            109 	sld.bu	5[ep],r15
00000034 bd770100        110 	ld.bu	1[r29],r14
00000038 0ae0            111 	mov	r10,r28
0000003a af91            112 	sub	r15,r18
0000003c f271            113 	cmp	r18,r14
0000003e ef0d*           114 	bgt	.L6
                         115 --line34
                         116 ..lin.C.3A.5C_ECU2.5CECU_Rivian_A1.5CTarget.5Crepo_projects.5CpRealEcu.5CcL_LATEST.5Cmake.5Coutput.5Cobjects.5CWTHiP.5::
                         117 .LDWlin5:
00000040 9d370100        118 	ld.bu	0[r29],r6
00000044 00e2            119 	mov	0,r28
00000046 043a            120 	mov	4,r7
                         121 	jarl	_ClearWarnBitWN,lp
                         121 <EXPANSION BEGIN>
                         121 jarl22 _ClearWarnBitWN , lp 
00000048 80ff0000*       121 <EXPANSION END>
0000004c f505*           122 	br	.L6
                         123 .L7:
                         124 --line41
                         125 ..lin.C.3A.5C_ECU2.5CECU_Rivian_A1.5CTarget.5Crepo_projects.5CpRealEcu.5CcL_LATEST.5Cmake.5Coutput.5Cobjects.5CWTHiP.6::
                         126 .LDWlin6:
0000004e 9d370100        127 	ld.bu	0[r29],r6
00000052 043a            128 	mov	4,r7
                         129 	jarl	_ClearWarnBitWN,lp
                         129 <EXPANSION BEGIN>
                         129 jarl22 _ClearWarnBitWN , lp 
00000054 80ff0000*       129 <EXPANSION END>
                         130 --line42
                         131 ..lin.C.3A.5C_ECU2.5CECU_Rivian_A1.5CTarget.5Crepo_projects.5CpRealEcu.5CcL_LATEST.5Cmake.5Coutput.5Cobjects.5CWTHiP.7::
                         132 .LDWlin7:
00000058 00e2            133 	mov	0,r28
                         134 .L6:
0000005a 1c50            135 	mov	r28,r10
                         136 --	    .ef
                         137 .LDW11:
0000005c 4006ff10        138 	dispose	0,{r27,r28,r29,r31},[lp]
                         139 	.global	___ghs_eofn_bHiP
                         140 ___ghs_eofn_bHiP:
                         141 	.type	_bHiP,@function
                         142 	.size	_bHiP,.-_bHiP
                         143 	.align	2
                         144 --_ucRet	r28	local
                         145 
                         146 --_ptLWD	r29	param
                         147 --_ucWarnCfg	none	param
                         148 
                         149 	.section ".bss","awb"
                         150 .L87:
                         151 	.type	.L87,@object
                         152 	.size	.L87,0
                         153 	.data
                         154 	.text
                         155 	.align	2
                         156 --_tPSSA	_tPSSA	import
                         157 
                         158 	.data
                         159 	.ghsnote version,17
                         160 	.ghsnote tools,3

                                                                      Page 4
                                                              C:\Users\nhuliyap\AppData\Local\Temp\gh_00007nc1.s
                         161 	.ghsnote options,144
                         162 	.text
                         163 	.align	2
                         164 ..eof.C.3A.5C_ECU2.5CECU_Rivian_A1.5CTarget.5Crepo_projects.5CpRealEcu.5CcL_LATEST.5Cmake.5Coutput.5Cobjects.5CWTHiP...43.3A.5C_ECU2.5CECU_Rivian_A1.5CTarget.5Crepo_projects.5CpRealEcu.5CcL_LATEST.5Cmake..64F82E1D..0::
                         165 	.section	.debug_info
                         166 .Ldw_begin:
00000000 c6040000        167 	.word	.Ldw_end-.Ldw_begin-4
00000004 0200            168 	.byte	2,0
00000006 00000000*       169 	.word	.Ldw_abbr_begin
0000000a 04              170 	.byte	4
                         171 	.section	.debug_abbrev
                         172 .Ldw_abbr_begin:
                         173 	.section	.debug_info
0000000b 01              174 	.byte	1
0000000c 00000000*       175 	.word	..bof.C.3A.5C_ECU2.5CECU_Rivian_A1.5CTarget.5Crepo_projects.5CpRealEcu.5CcL_LATEST.5Cmake.5Coutput.5Cobjects.5CWTHiP...43.3A.5C_ECU2.5CECU_Rivian_A1.5CTarget.5Crepo_projects.5CpRealEcu.5CcL_LATEST.5Cmake..64F82E1D..0
00000010 00000000*       176 	.word	..eof.C.3A.5C_ECU2.5CECU_Rivian_A1.5CTarget.5Crepo_projects.5CpRealEcu.5CcL_LATEST.5Cmake.5Coutput.5Cobjects.5CWTHiP...43.3A.5C_ECU2.5CECU_Rivian_A1.5CTarget.5Crepo_projects.5CpRealEcu.5CcL_LATEST.5Cmake..64F82E1D..0
00000014 2e2e2f736f75    177 	.strz	"../source/SwcApplTpms/WTHiP.c"
0000001a 7263652f5377 
00000020 634170706c54 
00000026 706d732f5754 
0000002c 4869502e6300 
00000032 433a5c5f4543    178 	.strz	"C:\\_ECU2\\ECU_Rivian_A1\\Target\\repo_projects\\pRealEcu\\cL_LATEST\\make"
00000038 55325c454355 
0000003e 5f5269766961 
00000044 6e5f41315c54 
0000004a 61726765745c 
00000050 7265706f5f70 
00000056 726f6a656374 
0000005c 735c70526561 
00000062 6c4563755c63 
00000068 4c5f4c415445 
0000006e 53545c6d616b 
00000074 6500 
00000076 474853204320    179 	.strz	"GHS C 2015.1.7 [dual]"
0000007c 323031352e31 
00000082 2e37205b6475 
00000088 616c5d00 
0000008c 0100            180 	.byte	1,0
0000008e 00000000*       181 	.word	.Ldw_line_begin
00000092 00000000*       182 	.word	.Ldw_macinfo_begin
00000096 00              183 	.byte	0
                         184 
                         185 	.section	.debug_abbrev
00000000 01              186 	.byte	1
00000001 11              187 	.byte	17
00000002 01              188 	.byte	1
00000003 1101            189 	.byte	17,1
00000005 1201            190 	.byte	18,1
00000007 0308            191 	.byte	3,8
00000009 1b08            192 	.byte	27,8
0000000b 2508            193 	.byte	37,8
0000000d 1305            194 	.byte	19,5
0000000f 1006            195 	.byte	16,6
00000011 4306            196 	.byte	67,6
00000013 420b            197 	.byte	66,11
00000015 0000            198 	.byte	0,0
                         199 
                         200 	.section	.debug_line
                         201 .Ldw_line_begin:
00000000 80020000        202 	.word	.Ldw_line_end-.Ldw_line_begin-4
00000004 0200            203 	.byte	2,0

                                                                      Page 5
                                                              C:\Users\nhuliyap\AppData\Local\Temp\gh_00007nc1.s
00000006 00000000*       204 	.word	.Ldw_lpro_end-.Ldw_lpro_begin
                         205 .Ldw_lpro_begin:
0000000a 01              206 	.byte	1
0000000b 00              207 	.byte	0
0000000c 00              208 	.byte	0
0000000d 04              209 	.byte	4
0000000e 0a              210 	.byte	10
0000000f 000101          211 	.byte	0,1,1
00000012 010100          212 	.byte	1,1,0
00000015 000001          213 	.byte	0,0,1
00000018 00              214 	.byte	0
00000019 2e2e2f736f75    215 	.strz	"../source/SwcApplTpms/WTHiP.c"
0000001f 7263652f5377 
00000025 634170706c54 
0000002b 706d732f5754 
00000031 4869502e6300 
00000037 000000          216 	.byte	0,0,0
0000003a 2e2e2f736f75    217 	.strz	"../source/SwcApplTpms/global.hpp"
00000040 7263652f5377 
00000046 634170706c54 
0000004c 706d732f676c 
00000052 6f62616c2e68 
00000058 707000 
0000005b 000000          218 	.byte	0,0,0
0000005e 2e2e2f736f75    219 	.strz	"../source/SwcApplTpms/Tpms_Rte_Data_Type.hpp"
00000064 7263652f5377 
0000006a 634170706c54 
00000070 706d732f5470 
00000076 6d735f527465 
0000007c 5f446174615f 
00000082 547970652e68 
00000088 707000 
0000008b 000000          220 	.byte	0,0,0
0000008e 2e2e2f736f75    221 	.strz	"../source/McalMcu/Types.hpp"
00000094 7263652f4d63 
0000009a 616c4d63752f 
000000a0 54797065732e 
000000a6 68707000 
000000aa 000000          222 	.byte	0,0,0
000000ad 2e2e2f736f75    223 	.strz	"../source/common/Std_Types.hpp"
000000b3 7263652f636f 
000000b9 6d6d6f6e2f53 
000000bf 74645f547970 
000000c5 65732e687070 
000000cb 00 
000000cc 000000          224 	.byte	0,0,0
000000cf 2e2e2f736f75    225 	.strz	"../source/common/Platform_Types.hpp"
000000d5 7263652f636f 
000000db 6d6d6f6e2f50 
000000e1 6c6174666f72 
000000e7 6d5f54797065 
000000ed 732e68707000 
000000f3 000000          226 	.byte	0,0,0
000000f6 2e2e2f736f75    227 	.strz	"../source/common/Compiler.hpp"
000000fc 7263652f636f 
00000102 6d6d6f6e2f43 
00000108 6f6d70696c65 
0000010e 722e68707000 
00000114 000000          228 	.byte	0,0,0
00000117 2e2e2f736f75    229 	.strz	"../source/ProjectCompiler/Compiler_Cfg.hpp"
0000011d 7263652f5072 

                                                                      Page 6
                                                              C:\Users\nhuliyap\AppData\Local\Temp\gh_00007nc1.s
00000123 6f6a65637443 
00000129 6f6d70696c65 
0000012f 722f436f6d70 
00000135 696c65725f43 
0000013b 66672e687070 
00000141 00 
00000142 000000          230 	.byte	0,0,0
00000145 2e2e2f736f75    231 	.strz	"../source/ProjectCompiler/CompilerCfg_SwcServiceOs.hpp"
0000014b 7263652f5072 
00000151 6f6a65637443 
00000157 6f6d70696c65 
0000015d 722f436f6d70 
00000163 696c65724366 
00000169 675f53776353 
0000016f 657276696365 
00000175 4f732e687070 
0000017b 00 
0000017c 000000          232 	.byte	0,0,0
0000017f 2e2e2f736f75    233 	.strz	"../source/SwcApplTpms/uswarn.hpp"
00000185 7263652f5377 
0000018b 634170706c54 
00000191 706d732f7573 
00000197 7761726e2e68 
0000019d 707000 
000001a0 000000          234 	.byte	0,0,0
000001a3 2e2e2f736f75    235 	.strz	"../source/SwcApplTpms/WnTypePar.hpp"
000001a9 7263652f5377 
000001af 634170706c54 
000001b5 706d732f576e 
000001bb 547970655061 
000001c1 722e68707000 
000001c7 000000          236 	.byte	0,0,0
000001ca 2e2e2f736f75    237 	.strz	"../source/SwcApplTpms/uswarn_ifx.hpp"
000001d0 7263652f5377 
000001d6 634170706c54 
000001dc 706d732f7573 
000001e2 7761726e5f69 
000001e8 66782e687070 
000001ee 00 
000001ef 000000          238 	.byte	0,0,0
000001f2 2e2e2f736f75    239 	.strz	"../source/SwcApplTpms/uswarnX.hpp"
000001f8 7263652f5377 
000001fe 634170706c54 
00000204 706d732f7573 
0000020a 7761726e582e 
00000210 68707000 
00000214 000000          240 	.byte	0,0,0
00000217 00              241 	.byte	0
                         242 .Ldw_lpro_end:
                         243 	.section	.debug_macinfo
                         244 .Ldw_macinfo_begin:
                         245 	.section	.debug_frame
                         246 .LDW_4c4f228:
00000000 00000000*       247 	.word	.LDW_unq_2-.LDW_unq_1
                         248 .LDW_unq_1:
00000004 ffffffff        249 	.byte	255,255,255,255
00000008 01              250 	.byte	1
00000009 00              251 	.byte	0
0000000a 01              252 	.byte	1
0000000b 01              253 	.byte	1
0000000c 1f              254 	.byte	31

                                                                      Page 7
                                                              C:\Users\nhuliyap\AppData\Local\Temp\gh_00007nc1.s
0000000d 0c              255 	.byte	12
0000000e 03              256 	.byte	3
0000000f 00              257 	.byte	0
00000010 07              258 	.byte	7
00000011 00              259 	.byte	0
00000012 07              260 	.byte	7
00000013 01              261 	.byte	1
00000014 07              262 	.byte	7
00000015 02              263 	.byte	2
00000016 07              264 	.byte	7
00000017 03              265 	.byte	3
00000018 07              266 	.byte	7
00000019 04              267 	.byte	4
0000001a 07              268 	.byte	7
0000001b 05              269 	.byte	5
0000001c 07              270 	.byte	7
0000001d 06              271 	.byte	6
0000001e 07              272 	.byte	7
0000001f 07              273 	.byte	7
00000020 07              274 	.byte	7
00000021 08              275 	.byte	8
00000022 07              276 	.byte	7
00000023 09              277 	.byte	9
00000024 07              278 	.byte	7
00000025 0a              279 	.byte	10
00000026 07              280 	.byte	7
00000027 0b              281 	.byte	11
00000028 07              282 	.byte	7
00000029 0c              283 	.byte	12
0000002a 07              284 	.byte	7
0000002b 0d              285 	.byte	13
0000002c 07              286 	.byte	7
0000002d 0e              287 	.byte	14
0000002e 07              288 	.byte	7
0000002f 0f              289 	.byte	15
00000030 07              290 	.byte	7
00000031 10              291 	.byte	16
00000032 07              292 	.byte	7
00000033 11              293 	.byte	17
00000034 07              294 	.byte	7
00000035 12              295 	.byte	18
00000036 07              296 	.byte	7
00000037 13              297 	.byte	19
00000038 08              298 	.byte	8
00000039 14              299 	.byte	20
0000003a 08              300 	.byte	8
0000003b 15              301 	.byte	21
0000003c 08              302 	.byte	8
0000003d 16              303 	.byte	22
0000003e 08              304 	.byte	8
0000003f 17              305 	.byte	23
00000040 08              306 	.byte	8
00000041 18              307 	.byte	24
00000042 08              308 	.byte	8
00000043 19              309 	.byte	25
00000044 08              310 	.byte	8
00000045 1a              311 	.byte	26
00000046 08              312 	.byte	8
00000047 1b              313 	.byte	27
00000048 08              314 	.byte	8
00000049 1c              315 	.byte	28

                                                                      Page 8
                                                              C:\Users\nhuliyap\AppData\Local\Temp\gh_00007nc1.s
0000004a 08              316 	.byte	8
0000004b 1d              317 	.byte	29
0000004c 07              318 	.byte	7
0000004d 1e              319 	.byte	30
0000004e 08              320 	.byte	8
0000004f 1f              321 	.byte	31
00000050 07              322 	.byte	7
00000051 20              323 	.byte	32
00000052 07              324 	.byte	7
00000053 21              325 	.byte	33
00000054 07              326 	.byte	7
00000055 22              327 	.byte	34
00000056 07              328 	.byte	7
00000057 23              329 	.byte	35
00000058 07              330 	.byte	7
00000059 24              331 	.byte	36
0000005a 07              332 	.byte	7
0000005b 25              333 	.byte	37
0000005c 07              334 	.byte	7
0000005d 26              335 	.byte	38
0000005e 07              336 	.byte	7
0000005f 27              337 	.byte	39
00000060 07              338 	.byte	7
00000061 28              339 	.byte	40
00000062 07              340 	.byte	7
00000063 29              341 	.byte	41
00000064 07              342 	.byte	7
00000065 2a              343 	.byte	42
00000066 07              344 	.byte	7
00000067 2b              345 	.byte	43
00000068 07              346 	.byte	7
00000069 2c              347 	.byte	44
0000006a 07              348 	.byte	7
0000006b 2d              349 	.byte	45
0000006c 07              350 	.byte	7
0000006d 2e              351 	.byte	46
0000006e 07              352 	.byte	7
0000006f 2f              353 	.byte	47
00000070 07              354 	.byte	7
00000071 30              355 	.byte	48
00000072 07              356 	.byte	7
00000073 31              357 	.byte	49
00000074 07              358 	.byte	7
00000075 32              359 	.byte	50
00000076 07              360 	.byte	7
00000077 33              361 	.byte	51
00000078 07              362 	.byte	7
00000079 34              363 	.byte	52
0000007a 07              364 	.byte	7
0000007b 35              365 	.byte	53
0000007c 07              366 	.byte	7
0000007d 36              367 	.byte	54
0000007e 07              368 	.byte	7
0000007f 37              369 	.byte	55
00000080 07              370 	.byte	7
00000081 38              371 	.byte	56
00000082 07              372 	.byte	7
00000083 39              373 	.byte	57
00000084 07              374 	.byte	7
00000085 3a              375 	.byte	58
00000086 07              376 	.byte	7

                                                                      Page 9
                                                              C:\Users\nhuliyap\AppData\Local\Temp\gh_00007nc1.s
00000087 3b              377 	.byte	59
00000088 07              378 	.byte	7
00000089 3c              379 	.byte	60
0000008a 07              380 	.byte	7
0000008b 3d              381 	.byte	61
0000008c 07              382 	.byte	7
0000008d 3e              383 	.byte	62
0000008e 07              384 	.byte	7
0000008f 3f              385 	.byte	63
                         386 .LDW_unq_2:
                         387 	.section	.debug_info
                         388 .LDW_2867228:
00000097 25              389 	.byte	37
00000098 756e7369676e    390 	.strz	"unsigned char"
0000009e 656420636861 
000000a4 7200 
000000a6 08              391 	.byte	8
000000a7 01              392 	.byte	1
                         393 
                         394 	.section	.debug_abbrev
00000017 25              395 	.byte	37
00000018 24              396 	.byte	36
00000019 00              397 	.byte	0
0000001a 0308            398 	.byte	3,8
0000001c 3e0b            399 	.byte	62,11
0000001e 0b0b            400 	.byte	11,11
00000020 0000            401 	.byte	0,0
                         402 
                         403 	.section	.debug_info
                         404 .LDW_2866dc8:
000000a8 2f              405 	.byte	47
000000a9 00000000*       406 	.word	.LDW_28a9fd8
                         407 
                         408 	.section	.debug_abbrev
00000022 2f              409 	.byte	47
00000023 0f              410 	.byte	15
00000024 00              411 	.byte	0
00000025 4910            412 	.byte	73,16
00000027 0000            413 	.byte	0,0
                         414 
                         415 	.section	.debug_info
                         416 .LDW_2866e00:
000000ad 44              417 	.byte	68
000000ae 00000000*       418 	.word	.LDW_2867228
000000b2 01              419 	.byte	1
                         420 
                         421 	.section	.debug_abbrev
00000029 44              422 	.byte	68
0000002a 15              423 	.byte	21
0000002b 01              424 	.byte	1
0000002c 4910            425 	.byte	73,16
0000002e 270c            426 	.byte	39,12
00000030 0000            427 	.byte	0,0
                         428 
                         429 	.section	.debug_info
                         430 .LDW_28aa530:
000000b3 12              431 	.byte	18
000000b4 00000000*       432 	.word	.LDW_2866dc8
000000b8 00              433 	.byte	0
                         434 
                         435 	.section	.debug_abbrev

                                                                      Page 10
                                                              C:\Users\nhuliyap\AppData\Local\Temp\gh_00007nc1.s
00000032 12              436 	.byte	18
00000033 05              437 	.byte	5
00000034 00              438 	.byte	0
00000035 4910            439 	.byte	73,16
00000037 4b0c            440 	.byte	75,12
00000039 0000            441 	.byte	0,0
                         442 
                         443 	.section	.debug_info
                         444 .LDW_28aa440:
000000b9 12              445 	.byte	18
000000ba 00000000*       446 	.word	.LDW_2867228
000000be 00              447 	.byte	0
                         448 
000000bf 00              449 	.byte	0
                         450 
                         451 .LDW_28672d0:
000000c0 25              452 	.byte	37
000000c1 7369676e6564    453 	.strz	"signed char"
000000c7 206368617200 
000000cd 06              454 	.byte	6
000000ce 01              455 	.byte	1
                         456 
                         457 .LDW_2866d20:
000000cf 25              458 	.byte	37
000000d0 756e7369676e    459 	.strz	"unsigned short"
000000d6 65642073686f 
000000dc 727400 
000000df 07              460 	.byte	7
000000e0 02              461 	.byte	2
                         462 
                         463 .LDW_2867030:
000000e1 25              464 	.byte	37
000000e2 696e7400        465 	.strz	"int"
000000e6 05              466 	.byte	5
000000e7 04              467 	.byte	4
                         468 
                         469 .LDW_4c78dd8:
000000e8 3a              470 	.byte	58
000000e9 00              471 	.byte	0
000000ea 0c              472 	.byte	12
000000eb 00000000*       473 	.word	.LDW_2867228
                         474 
                         475 	.section	.debug_abbrev
0000003b 3a              476 	.byte	58
0000003c 01              477 	.byte	1
0000003d 01              478 	.byte	1
0000003e 090b            479 	.byte	9,11
00000040 0b0f            480 	.byte	11,15
00000042 4910            481 	.byte	73,16
00000044 0000            482 	.byte	0,0
                         483 
                         484 	.section	.debug_info
000000ef 32              485 	.byte	50
000000f0 00000000*       486 	.word	.LDW_2867030
000000f4 04              487 	.byte	4
000000f5 00              488 	.byte	0
000000f6 0b              489 	.byte	11
                         490 
                         491 	.section	.debug_abbrev
00000046 32              492 	.byte	50
00000047 21              493 	.byte	33

                                                                      Page 11
                                                              C:\Users\nhuliyap\AppData\Local\Temp\gh_00007nc1.s
00000048 00              494 	.byte	0
00000049 4910            495 	.byte	73,16
0000004b 0b0f            496 	.byte	11,15
0000004d 220d            497 	.byte	34,13
0000004f 2f0d            498 	.byte	47,13
00000051 0000            499 	.byte	0,0
                         500 
                         501 	.section	.debug_info
000000f7 00              502 	.byte	0
                         503 
                         504 .LDW_4c78e60:
000000f8 3a              505 	.byte	58
000000f9 00              506 	.byte	0
000000fa 02              507 	.byte	2
000000fb 00000000*       508 	.word	.LDW_2867228
                         509 
000000ff 32              510 	.byte	50
00000100 00000000*       511 	.word	.LDW_2867030
00000104 04              512 	.byte	4
00000105 00              513 	.byte	0
00000106 01              514 	.byte	1
                         515 
00000107 00              516 	.byte	0
                         517 
                         518 .LDW_28670a0:
00000108 44              519 	.byte	68
00000109 00000000*       520 	.word	.LDW_2867228
0000010d 01              521 	.byte	1
                         522 
                         523 .LDW_28aa560:
0000010e 12              524 	.byte	18
0000010f 00000000*       525 	.word	.LDW_2867228
00000113 00              526 	.byte	0
                         527 
                         528 .LDW_28aa410:
00000114 12              529 	.byte	18
00000115 00000000*       530 	.word	.LDW_2867228
00000119 00              531 	.byte	0
                         532 
0000011a 00              533 	.byte	0
                         534 
                         535 .LDW_2867458:
0000011b 45              536 	.byte	69
0000011c 01              537 	.byte	1
                         538 
                         539 	.section	.debug_abbrev
00000053 45              540 	.byte	69
00000054 15              541 	.byte	21
00000055 01              542 	.byte	1
00000056 270c            543 	.byte	39,12
00000058 0000            544 	.byte	0,0
                         545 
                         546 	.section	.debug_info
                         547 .LDW_28aa950:
0000011d 12              548 	.byte	18
0000011e 00000000*       549 	.word	.LDW_2867228
00000122 00              550 	.byte	0
                         551 
                         552 .LDW_28aa740:
00000123 12              553 	.byte	18
00000124 00000000*       554 	.word	.LDW_2867228

                                                                      Page 12
                                                              C:\Users\nhuliyap\AppData\Local\Temp\gh_00007nc1.s
00000128 00              555 	.byte	0
                         556 
00000129 00              557 	.byte	0
                         558 
                         559 .LDW_2867420:
0000012a 44              560 	.byte	68
0000012b 00000000*       561 	.word	.LDW_2867228
0000012f 01              562 	.byte	1
                         563 
                         564 .LDW_28aa650:
00000130 12              565 	.byte	18
00000131 00000000*       566 	.word	.LDW_2867228
00000135 00              567 	.byte	0
                         568 
                         569 .LDW_28aa920:
00000136 12              570 	.byte	18
00000137 00000000*       571 	.word	.LDW_2867228
0000013b 00              572 	.byte	0
                         573 
0000013c 00              574 	.byte	0
                         575 
                         576 .LDW_28aa1d0:
0000013d 28              577 	.byte	40
0000013e 75696e743800    578 	.strz	"uint8"
00000144 50              579 	.byte	80
00000145 4b              580 	.byte	75
00000146 06              581 	.byte	6
00000147 00000000*       582 	.word	.LDW_2867228
                         583 
                         584 	.section	.debug_abbrev
0000005a 28              585 	.byte	40
0000005b 16              586 	.byte	22
0000005c 00              587 	.byte	0
0000005d 0308            588 	.byte	3,8
0000005f 3b0f            589 	.byte	59,15
00000061 390f            590 	.byte	57,15
00000063 3a0f            591 	.byte	58,15
00000065 4910            592 	.byte	73,16
00000067 0000            593 	.byte	0,0
                         594 
                         595 	.section	.debug_info
                         596 .LDW_4c78ab8:
0000014b 40              597 	.byte	64
0000014c 536f6c6c4461    598 	.strz	"SollDat"
00000152 7400 
00000154 29              599 	.byte	41
00000155 08              600 	.byte	8
00000156 0a              601 	.byte	10
00000157 04              602 	.byte	4
00000158 01              603 	.byte	1
                         604 
                         605 	.section	.debug_abbrev
00000069 40              606 	.byte	64
0000006a 13              607 	.byte	19
0000006b 01              608 	.byte	1
0000006c 0308            609 	.byte	3,8
0000006e 3b0f            610 	.byte	59,15
00000070 390f            611 	.byte	57,15
00000072 3a0f            612 	.byte	58,15
00000074 0b0f            613 	.byte	11,15
00000076 320b            614 	.byte	50,11

                                                                      Page 13
                                                              C:\Users\nhuliyap\AppData\Local\Temp\gh_00007nc1.s
00000078 0000            615 	.byte	0,0
                         616 
                         617 	.section	.debug_info
                         618 .LDW_4c27bf0:
00000159 23              619 	.byte	35
0000015a 756350536f6c    620 	.strz	"ucPSoll"
00000160 6c00 
00000162 2b              621 	.byte	43
00000163 11              622 	.byte	17
00000164 0a              623 	.byte	10
00000165 00000000*       624 	.word	.LDW_2867228
00000169 0223            625 	.byte	2,35
0000016b 00              626 	.byte	0
0000016c 01              627 	.byte	1
                         628 
                         629 	.section	.debug_abbrev
0000007a 23              630 	.byte	35
0000007b 0d              631 	.byte	13
0000007c 00              632 	.byte	0
0000007d 0308            633 	.byte	3,8
0000007f 3b0f            634 	.byte	59,15
00000081 390f            635 	.byte	57,15
00000083 3a0f            636 	.byte	58,15
00000085 4910            637 	.byte	73,16
00000087 380a            638 	.byte	56,10
00000089 320b            639 	.byte	50,11
0000008b 0000            640 	.byte	0,0
                         641 
                         642 	.section	.debug_info
                         643 .LDW_4c27c38:
0000016d 23              644 	.byte	35
0000016e 736354536f6c    645 	.strz	"scTSoll"
00000174 6c00 
00000176 2c              646 	.byte	44
00000177 0f              647 	.byte	15
00000178 0a              648 	.byte	10
00000179 00000000*       649 	.word	.LDW_28672d0
0000017d 0223            650 	.byte	2,35
0000017f 01              651 	.byte	1
00000180 01              652 	.byte	1
                         653 
                         654 .LDW_4c27800:
00000181 23              655 	.byte	35
00000182 7573684d536f    656 	.strz	"ushMSoll"
00000188 6c6c00 
0000018b 2d              657 	.byte	45
0000018c 12              658 	.byte	18
0000018d 0a              659 	.byte	10
0000018e 00000000*       660 	.word	.LDW_2866d20
00000192 0223            661 	.byte	2,35
00000194 02              662 	.byte	2
00000195 01              663 	.byte	1
                         664 
00000196 00              665 	.byte	0
                         666 
                         667 .LDW_4c789b0:
00000197 40              668 	.byte	64
00000198 484654656c49    669 	.strz	"HFTelIntern"
0000019e 6e7465726e00 
000001a4 30              670 	.byte	48
000001a5 08              671 	.byte	8

                                                                      Page 14
                                                              C:\Users\nhuliyap\AppData\Local\Temp\gh_00007nc1.s
000001a6 0a              672 	.byte	10
000001a7 0c              673 	.byte	12
000001a8 01              674 	.byte	1
                         675 
                         676 .LDW_4c27848:
000001a9 23              677 	.byte	35
000001aa 7563496400      678 	.strz	"ucId"
000001af 32              679 	.byte	50
000001b0 11              680 	.byte	17
000001b1 0a              681 	.byte	10
000001b2 00000000*       682 	.word	.LDW_2867228
000001b6 0223            683 	.byte	2,35
000001b8 00              684 	.byte	0
000001b9 01              685 	.byte	1
                         686 
                         687 .LDW_4c27968:
000001ba 23              688 	.byte	35
000001bb 75635000        689 	.strz	"ucP"
000001bf 33              690 	.byte	51
000001c0 11              691 	.byte	17
000001c1 0a              692 	.byte	10
000001c2 00000000*       693 	.word	.LDW_2867228
000001c6 0223            694 	.byte	2,35
000001c8 01              695 	.byte	1
000001c9 01              696 	.byte	1
                         697 
                         698 .LDW_4c279f8:
000001ca 23              699 	.byte	35
000001cb 736354574500    700 	.strz	"scTWE"
000001d1 34              701 	.byte	52
000001d2 0f              702 	.byte	15
000001d3 0a              703 	.byte	10
000001d4 00000000*       704 	.word	.LDW_28672d0
000001d8 0223            705 	.byte	2,35
000001da 02              706 	.byte	2
000001db 01              707 	.byte	1
                         708 
                         709 .LDW_4c279b0:
000001dc 23              710 	.byte	35
000001dd 75634c696665    711 	.strz	"ucLifeTime"
000001e3 54696d6500 
000001e8 35              712 	.byte	53
000001e9 11              713 	.byte	17
000001ea 0a              714 	.byte	10
000001eb 00000000*       715 	.word	.LDW_2867228
000001ef 0223            716 	.byte	2,35
000001f1 03              717 	.byte	3
000001f2 01              718 	.byte	1
                         719 
                         720 .LDW_4c27890:
000001f3 23              721 	.byte	35
000001f4 756353746174    722 	.strz	"ucState"
000001fa 6500 
000001fc 36              723 	.byte	54
000001fd 11              724 	.byte	17
000001fe 0a              725 	.byte	10
000001ff 00000000*       726 	.word	.LDW_2867228
00000203 0223            727 	.byte	2,35
00000205 04              728 	.byte	4
00000206 01              729 	.byte	1
                         730 

                                                                      Page 15
                                                              C:\Users\nhuliyap\AppData\Local\Temp\gh_00007nc1.s
                         731 .LDW_4c27a40:
00000207 23              732 	.byte	35
00000208 757368566568    733 	.strz	"ushVehicleSpeed"
0000020e 69636c655370 
00000214 65656400 
00000218 37              734 	.byte	55
00000219 12              735 	.byte	18
0000021a 0a              736 	.byte	10
0000021b 00000000*       737 	.word	.LDW_2866d20
0000021f 0223            738 	.byte	2,35
00000221 06              739 	.byte	6
00000222 01              740 	.byte	1
                         741 
                         742 .LDW_4c27ad0:
00000223 23              743 	.byte	35
00000224 7363546100      744 	.strz	"scTa"
00000229 38              745 	.byte	56
0000022a 0f              746 	.byte	15
0000022b 0a              747 	.byte	10
0000022c 00000000*       748 	.word	.LDW_28672d0
00000230 0223            749 	.byte	2,35
00000232 08              750 	.byte	8
00000233 01              751 	.byte	1
                         752 
                         753 .LDW_4c277b8:
00000234 23              754 	.byte	35
00000235 736354726566    755 	.strz	"scTref"
0000023b 00 
0000023c 39              756 	.byte	57
0000023d 0f              757 	.byte	15
0000023e 0a              758 	.byte	10
0000023f 00000000*       759 	.word	.LDW_28672d0
00000243 0223            760 	.byte	2,35
00000245 09              761 	.byte	9
00000246 01              762 	.byte	1
                         763 
                         764 .LDW_4c278d8:
00000247 23              765 	.byte	35
00000248 75634b4c5374    766 	.strz	"ucKLState"
0000024e 61746500 
00000252 3a              767 	.byte	58
00000253 11              768 	.byte	17
00000254 0a              769 	.byte	10
00000255 00000000*       770 	.word	.LDW_2867228
00000259 0223            771 	.byte	2,35
0000025b 0a              772 	.byte	10
0000025c 01              773 	.byte	1
                         774 
0000025d 00              775 	.byte	0
                         776 
                         777 .LDW_4c78b10:
0000025e 42              778 	.byte	66
0000025f 484654656c41    779 	.strz	"HFTelAccess"
00000265 636365737300 
0000026b 3d              780 	.byte	61
0000026c 07              781 	.byte	7
0000026d 0a              782 	.byte	10
0000026e 0c              783 	.byte	12
0000026f 01              784 	.byte	1
                         785 
                         786 	.section	.debug_abbrev

                                                                      Page 16
                                                              C:\Users\nhuliyap\AppData\Local\Temp\gh_00007nc1.s
0000008d 42              787 	.byte	66
0000008e 17              788 	.byte	23
0000008f 01              789 	.byte	1
00000090 0308            790 	.byte	3,8
00000092 3b0f            791 	.byte	59,15
00000094 390f            792 	.byte	57,15
00000096 3a0f            793 	.byte	58,15
00000098 0b0f            794 	.byte	11,15
0000009a 320b            795 	.byte	50,11
0000009c 0000            796 	.byte	0,0
                         797 
                         798 	.section	.debug_info
                         799 .LDW_4c27b18:
00000270 23              800 	.byte	35
00000271 74484600        801 	.strz	"tHF"
00000275 3f              802 	.byte	63
00000276 16              803 	.byte	22
00000277 0a              804 	.byte	10
00000278 00000000*       805 	.word	.LDW_4c789b0
0000027c 0223            806 	.byte	2,35
0000027e 00              807 	.byte	0
0000027f 01              808 	.byte	1
                         809 
                         810 .LDW_4c27c80:
00000280 23              811 	.byte	35
00000281 756342797465    812 	.strz	"ucByte"
00000287 00 
00000288 40              813 	.byte	64
00000289 11              814 	.byte	17
0000028a 0a              815 	.byte	10
0000028b 00000000*       816 	.word	.LDW_4c78dd8
0000028f 0223            817 	.byte	2,35
00000291 00              818 	.byte	0
00000292 01              819 	.byte	1
                         820 
00000293 00              821 	.byte	0
                         822 
                         823 .LDW_28a9fd8:
00000294 40              824 	.byte	64
00000295 4c6f63616c57    825 	.strz	"LocalWarnDat"
0000029b 61726e446174 
000002a1 00 
000002a2 43              826 	.byte	67
000002a3 08              827 	.byte	8
000002a4 0a              828 	.byte	10
000002a5 12              829 	.byte	18
000002a6 01              830 	.byte	1
                         831 
                         832 .LDW_4c27cc8:
000002a7 23              833 	.byte	35
000002a8 7448464400      834 	.strz	"tHFD"
000002ad 45              835 	.byte	69
000002ae 15              836 	.byte	21
000002af 0a              837 	.byte	10
000002b0 00000000*       838 	.word	.LDW_4c78b10
000002b4 0223            839 	.byte	2,35
000002b6 00              840 	.byte	0
000002b7 01              841 	.byte	1
                         842 
                         843 .LDW_4c27650:
000002b8 23              844 	.byte	35

                                                                      Page 17
                                                              C:\Users\nhuliyap\AppData\Local\Temp\gh_00007nc1.s
000002b9 74534400        845 	.strz	"tSD"
000002bd 46              846 	.byte	70
000002be 12              847 	.byte	18
000002bf 0a              848 	.byte	10
000002c0 00000000*       849 	.word	.LDW_4c78ab8
000002c4 0223            850 	.byte	2,35
000002c6 0c              851 	.byte	12
000002c7 01              852 	.byte	1
                         853 
                         854 .LDW_4c27068:
000002c8 23              855 	.byte	35
000002c9 756343757257    856 	.strz	"ucCurWarnLevel"
000002cf 61726e4c6576 
000002d5 656c00 
000002d8 47              857 	.byte	71
000002d9 11              858 	.byte	17
000002da 0a              859 	.byte	10
000002db 00000000*       860 	.word	.LDW_2867228
000002df 0223            861 	.byte	2,35
000002e1 10              862 	.byte	16
000002e2 01              863 	.byte	1
                         864 
                         865 .LDW_4c275c0:
000002e3 23              866 	.byte	35
000002e4 505761726d00    867 	.strz	"PWarm"
000002ea 48              868 	.byte	72
000002eb 11              869 	.byte	17
000002ec 0a              870 	.byte	10
000002ed 00000000*       871 	.word	.LDW_2867228
000002f1 0223            872 	.byte	2,35
000002f3 11              873 	.byte	17
000002f4 01              874 	.byte	1
                         875 
000002f5 00              876 	.byte	0
                         877 
                         878 .LDW_4c78a60:
000002f6 40              879 	.byte	64
000002f7 506172615375    880 	.strz	"ParaSubSet"
000002fd 6253657400 
00000302 08              881 	.byte	8
00000303 08              882 	.byte	8
00000304 0d              883 	.byte	13
00000305 08              884 	.byte	8
00000306 01              885 	.byte	1
                         886 
                         887 .LDW_4c272f0:
00000307 23              888 	.byte	35
00000308 756341636365    889 	.strz	"ucAccess"
0000030e 737300 
00000311 0a              890 	.byte	10
00000312 11              891 	.byte	17
00000313 0d              892 	.byte	13
00000314 00000000*       893 	.word	.LDW_2867228
00000318 0223            894 	.byte	2,35
0000031a 00              895 	.byte	0
0000031b 01              896 	.byte	1
                         897 
                         898 .LDW_4c274e8:
0000031c 23              899 	.byte	35
0000031d 756350617261    900 	.strz	"ucParaByte"
00000323 4279746500 

                                                                      Page 18
                                                              C:\Users\nhuliyap\AppData\Local\Temp\gh_00007nc1.s
00000328 0c              901 	.byte	12
00000329 11              902 	.byte	17
0000032a 0d              903 	.byte	13
0000032b 00000000*       904 	.word	.LDW_4c78e60
0000032f 0223            905 	.byte	2,35
00000331 01              906 	.byte	1
00000332 01              907 	.byte	1
                         908 
                         909 .LDW_4c272a8:
00000333 23              910 	.byte	35
00000334 736354526573    911 	.strz	"scTResLimit"
0000033a 4c696d697400 
00000340 0e              912 	.byte	14
00000341 0f              913 	.byte	15
00000342 0d              914 	.byte	13
00000343 00000000*       915 	.word	.LDW_28672d0
00000347 0223            916 	.byte	2,35
00000349 03              917 	.byte	3
0000034a 01              918 	.byte	1
                         919 
                         920 .LDW_4c27338:
0000034b 23              921 	.byte	35
0000034c 756350617261    922 	.strz	"ucParaHighPressThres"
00000352 486967685072 
00000358 657373546872 
0000035e 657300 
00000361 10              923 	.byte	16
00000362 11              924 	.byte	17
00000363 0d              925 	.byte	13
00000364 00000000*       926 	.word	.LDW_2867228
00000368 0223            927 	.byte	2,35
0000036a 04              928 	.byte	4
0000036b 01              929 	.byte	1
                         930 
                         931 .LDW_4c27410:
0000036c 23              932 	.byte	35
0000036d 756350617261    933 	.strz	"ucParaHighPressResetThres"
00000373 486967685072 
00000379 657373526573 
0000037f 657454687265 
00000385 7300 
00000387 11              934 	.byte	17
00000388 11              935 	.byte	17
00000389 0d              936 	.byte	13
0000038a 00000000*       937 	.word	.LDW_2867228
0000038e 0223            938 	.byte	2,35
00000390 05              939 	.byte	5
00000391 01              940 	.byte	1
                         941 
                         942 .LDW_4c26eb8:
00000392 23              943 	.byte	35
00000393 756350617261    944 	.strz	"ucParaAxImbSetThres"
00000399 4178496d6253 
0000039f 657454687265 
000003a5 7300 
000003a7 12              945 	.byte	18
000003a8 11              946 	.byte	17
000003a9 0d              947 	.byte	13
000003aa 00000000*       948 	.word	.LDW_2867228
000003ae 0223            949 	.byte	2,35
000003b0 06              950 	.byte	6

                                                                      Page 19
                                                              C:\Users\nhuliyap\AppData\Local\Temp\gh_00007nc1.s
000003b1 01              951 	.byte	1
                         952 
                         953 .LDW_4c27380:
000003b2 23              954 	.byte	35
000003b3 756350617261    955 	.strz	"ucParaAxImbResThres"
000003b9 4178496d6252 
000003bf 657354687265 
000003c5 7300 
000003c7 13              956 	.byte	19
000003c8 11              957 	.byte	17
000003c9 0d              958 	.byte	13
000003ca 00000000*       959 	.word	.LDW_2867228
000003ce 0223            960 	.byte	2,35
000003d0 07              961 	.byte	7
000003d1 01              962 	.byte	1
                         963 
000003d2 00              964 	.byte	0
                         965 
                         966 .LDW_4c787f8:
000003d3 05              967 	.byte	5
000003d4 745053534100    968 	.strz	"tPSSA"
000003da c901            969 	.byte	201,1
000003dc 1a              970 	.byte	26
000003dd 0d              971 	.byte	13
000003de 00000000*       972 	.word	.LDW_4c78a60
000003e2 01              973 	.byte	1
000003e3 01              974 	.byte	1
                         975 
                         976 	.section	.debug_abbrev
0000009e 05              977 	.byte	5
0000009f 34              978 	.byte	52
000000a0 00              979 	.byte	0
000000a1 0308            980 	.byte	3,8
000000a3 3b0f            981 	.byte	59,15
000000a5 390f            982 	.byte	57,15
000000a7 3a0f            983 	.byte	58,15
000000a9 4910            984 	.byte	73,16
000000ab 3f0c            985 	.byte	63,12
000000ad 3c0c            986 	.byte	60,12
000000af 0000            987 	.byte	0,0
                         988 
                         989 	.section	.debug_info
                         990 .LDW_28ae7e8:
000003e4 16              991 	.byte	22
000003e5 756347657457    992 	.strz	"ucGetWarnBitWN"
000003eb 61726e426974 
000003f1 574e00 
000003f4 05              993 	.byte	5
000003f5 17              994 	.byte	23
000003f6 0a              995 	.byte	10
000003f7 00000000*       996 	.word	.LDW_2867228
000003fb 01              997 	.byte	1
000003fc 00              998 	.byte	0
000003fd 01              999 	.byte	1
000003fe 01             1000 	.byte	1
000003ff 00             1001 	.byte	0
00000400 01             1002 	.byte	1
                        1003 
                        1004 	.section	.debug_abbrev
000000b1 16             1005 	.byte	22
000000b2 2e             1006 	.byte	46

                                                                      Page 20
                                                              C:\Users\nhuliyap\AppData\Local\Temp\gh_00007nc1.s
000000b3 01             1007 	.byte	1
000000b4 0308           1008 	.byte	3,8
000000b6 3b0f           1009 	.byte	59,15
000000b8 390f           1010 	.byte	57,15
000000ba 3a0f           1011 	.byte	58,15
000000bc 4910           1012 	.byte	73,16
000000be 3c0c           1013 	.byte	60,12
000000c0 200b           1014 	.byte	32,11
000000c2 3f0c           1015 	.byte	63,12
000000c4 320b           1016 	.byte	50,11
000000c6 4c0b           1017 	.byte	76,11
000000c8 270c           1018 	.byte	39,12
000000ca 0000           1019 	.byte	0,0
                        1020 
                        1021 	.section	.debug_info
00000401 00             1022 	.byte	0
                        1023 
                        1024 .LDW_28ae880:
00000402 15             1025 	.byte	21
00000403 436c65617257   1026 	.strz	"ClearWarnBitWN"
00000409 61726e426974 
0000040f 574e00 
00000412 06             1027 	.byte	6
00000413 0d             1028 	.byte	13
00000414 0a             1029 	.byte	10
00000415 01             1030 	.byte	1
00000416 00             1031 	.byte	0
00000417 01             1032 	.byte	1
00000418 01             1033 	.byte	1
00000419 00             1034 	.byte	0
0000041a 01             1035 	.byte	1
                        1036 
                        1037 	.section	.debug_abbrev
000000cc 15             1038 	.byte	21
000000cd 2e             1039 	.byte	46
000000ce 01             1040 	.byte	1
000000cf 0308           1041 	.byte	3,8
000000d1 3b0f           1042 	.byte	59,15
000000d3 390f           1043 	.byte	57,15
000000d5 3a0f           1044 	.byte	58,15
000000d7 3c0c           1045 	.byte	60,12
000000d9 200b           1046 	.byte	32,11
000000db 3f0c           1047 	.byte	63,12
000000dd 320b           1048 	.byte	50,11
000000df 4c0b           1049 	.byte	76,11
000000e1 270c           1050 	.byte	39,12
000000e3 0000           1051 	.byte	0,0
                        1052 
                        1053 	.section	.debug_info
0000041b 00             1054 	.byte	0
                        1055 
                        1056 .LDW_28ae918:
0000041c 16             1057 	.byte	22
0000041d 756353657457   1058 	.strz	"ucSetWarnBitWN"
00000423 61726e426974 
00000429 574e00 
0000042c 07             1059 	.byte	7
0000042d 16             1060 	.byte	22
0000042e 0a             1061 	.byte	10
0000042f 00000000*      1062 	.word	.LDW_2867228
00000433 01             1063 	.byte	1

                                                                      Page 21
                                                              C:\Users\nhuliyap\AppData\Local\Temp\gh_00007nc1.s
00000434 00             1064 	.byte	0
00000435 01             1065 	.byte	1
00000436 01             1066 	.byte	1
00000437 00             1067 	.byte	0
00000438 01             1068 	.byte	1
                        1069 
00000439 00             1070 	.byte	0
                        1071 
                        1072 .LDW_28aa030:
0000043a 14             1073 	.byte	20
0000043b 6248695000     1074 	.strz	"bHiP"
00000440 0e             1075 	.byte	14
00000441 0f             1076 	.byte	15
00000442 01             1077 	.byte	1
00000443 00000000*      1078 	.word	.LDW_2867228
00000447 00000000*      1079 	.word	_bHiP
0000044b 00000000*      1080 	.word	___ghs_eofn_bHiP
0000044f 0153           1081 	.byte	1,83
00000451 828080c00b     1082 	.byte	130,128,128,192,11
00000456 10             1083 	.byte	16
00000457 03             1084 	.byte	3
00000458 10             1085 	.byte	16
00000459 00             1086 	.byte	0
0000045a 00             1087 	.byte	0
0000045b 00             1088 	.byte	0
0000045c 01             1089 	.byte	1
0000045d 01             1090 	.byte	1
0000045e 00             1091 	.byte	0
0000045f 01             1092 	.byte	1
                        1093 
                        1094 	.section	.debug_abbrev
000000e5 14             1095 	.byte	20
000000e6 2e             1096 	.byte	46
000000e7 01             1097 	.byte	1
000000e8 0308           1098 	.byte	3,8
000000ea 3b0f           1099 	.byte	59,15
000000ec 390f           1100 	.byte	57,15
000000ee 3a0f           1101 	.byte	58,15
000000f0 4910           1102 	.byte	73,16
000000f2 1101           1103 	.byte	17,1
000000f4 1201           1104 	.byte	18,1
000000f6 400a           1105 	.byte	64,10
000000f8 8341           1106 	.byte	131,65
000000fa 0f             1107 	.byte	15
000000fb 8741           1108 	.byte	135,65
000000fd 0d             1109 	.byte	13
000000fe 8541           1110 	.byte	133,65
00000100 0f             1111 	.byte	15
00000101 8641           1112 	.byte	134,65
00000103 0d             1113 	.byte	13
00000104 9241           1114 	.byte	146,65
00000106 0f             1115 	.byte	15
00000107 3c0c           1116 	.byte	60,12
00000109 200b           1117 	.byte	32,11
0000010b 3f0c           1118 	.byte	63,12
0000010d 320b           1119 	.byte	50,11
0000010f 4c0b           1120 	.byte	76,11
00000111 270c           1121 	.byte	39,12
00000113 0000           1122 	.byte	0,0
                        1123 
                        1124 	.section	.debug_frame

                                                                      Page 22
                                                              C:\Users\nhuliyap\AppData\Local\Temp\gh_00007nc1.s
                        1125 .LDW_2894d38:
00000090 00000000*      1126 	.word	.LDW_unq_4-.LDW_unq_3
                        1127 .LDW_unq_3:
00000094 00000000*      1128 	.word	.LDW_4c4f228
00000098 00000000*      1129 	.word	_bHiP
0000009c 00000000*      1130 	.word	___ghs_eofn_bHiP-_bHiP
000000a0 44             1131 	.byte	68
000000a1 9f             1132 	.byte	159
000000a2 00             1133 	.byte	0
000000a3 40             1134 	.byte	64
000000a4 9d             1135 	.byte	157
000000a5 04             1136 	.byte	4
000000a6 40             1137 	.byte	64
000000a7 9c             1138 	.byte	156
000000a8 08             1139 	.byte	8
000000a9 40             1140 	.byte	64
000000aa 9b             1141 	.byte	155
000000ab 0c             1142 	.byte	12
000000ac 01             1143 	.byte	1
000000ad 00000000*      1144 	.word	.LDW11
000000b1 00             1145 	.byte	0
000000b2 00             1146 	.byte	0
000000b3 00             1147 	.byte	0
                        1148 .LDW_unq_4:
                        1149 	.section	.debug_line
00000218 000502         1150 	.byte	0,5,2
0000021b 00000000*      1151 	.word	_bHiP
0000021f 03             1152 	.byte	3
00000220 0e             1153 	.byte	14
00000221 02             1154 	.byte	2
00000222 00             1155 	.byte	0
00000223 01             1156 	.byte	1
00000224 06             1157 	.byte	6
00000225 03             1158 	.byte	3
00000226 06             1159 	.byte	6
00000227 02             1160 	.byte	2
00000228 06             1161 	.byte	6
00000229 01             1162 	.byte	1
0000022a 000502         1163 	.byte	0,5,2
0000022d 00000000*      1164 	.word	.LDWlin1
00000231 0d             1165 	.byte	13
00000232 000502         1166 	.byte	0,5,2
00000235 00000000*      1167 	.word	.LDWlin2
00000239 0b             1168 	.byte	11
0000023a 0b             1169 	.byte	11
0000023b 000502         1170 	.byte	0,5,2
0000023e 00000000*      1171 	.word	.LDWlin3
00000242 0b             1172 	.byte	11
00000243 0b             1173 	.byte	11
00000244 0b             1174 	.byte	11
00000245 000502         1175 	.byte	0,5,2
00000248 00000000*      1176 	.word	.LDWlin4
0000024c 0b             1177 	.byte	11
0000024d 0b             1178 	.byte	11
0000024e 000502         1179 	.byte	0,5,2
00000251 00000000*      1180 	.word	.LDWlin5
00000255 0d             1181 	.byte	13
00000256 03             1182 	.byte	3
00000257 7e             1183 	.byte	126
00000258 02             1184 	.byte	2
00000259 04             1185 	.byte	4

                                                                      Page 23
                                                              C:\Users\nhuliyap\AppData\Local\Temp\gh_00007nc1.s
0000025a 01             1186 	.byte	1
0000025b 0b             1187 	.byte	11
0000025c 000502         1188 	.byte	0,5,2
0000025f 00000000*      1189 	.word	.LDWlin6
00000263 03             1190 	.byte	3
00000264 05             1191 	.byte	5
00000265 02             1192 	.byte	2
00000266 00             1193 	.byte	0
00000267 01             1194 	.byte	1
00000268 02             1195 	.byte	2
00000269 00             1196 	.byte	0
0000026a 0b             1197 	.byte	11
0000026b 0b             1198 	.byte	11
0000026c 0b             1199 	.byte	11
0000026d 000502         1200 	.byte	0,5,2
00000270 00000000*      1201 	.word	.LDWlin7
00000274 0b             1202 	.byte	11
00000275 13             1203 	.byte	19
00000276 02             1204 	.byte	2
00000277 00             1205 	.byte	0
00000278 0b             1206 	.byte	11
00000279 02             1207 	.byte	2
0000027a 00             1208 	.byte	0
0000027b 0b             1209 	.byte	11
0000027c 06             1210 	.byte	6
0000027d 02             1211 	.byte	2
0000027e 02             1212 	.byte	2
0000027f 02             1213 	.byte	2
00000280 04             1214 	.byte	4
00000281 000101         1215 	.byte	0,1,1
                        1216 	.section	.debug_info
                        1217 .LDW_28aa0c8:
00000460 0f             1218 	.byte	15
00000461 70744c574400   1219 	.strz	"ptLWD"
00000467 0e             1220 	.byte	14
00000468 2a             1221 	.byte	42
00000469 01             1222 	.byte	1
0000046a 00000000*      1223 	.word	.LDW_2866dc8
0000046e 00             1224 	.byte	0
0000046f 016d           1225 	.byte	1,109
                        1226 
                        1227 	.section	.debug_abbrev
00000115 0f             1228 	.byte	15
00000116 05             1229 	.byte	5
00000117 00             1230 	.byte	0
00000118 0308           1231 	.byte	3,8
0000011a 3b0f           1232 	.byte	59,15
0000011c 390f           1233 	.byte	57,15
0000011e 3a0f           1234 	.byte	58,15
00000120 4910           1235 	.byte	73,16
00000122 4b0c           1236 	.byte	75,12
00000124 020a           1237 	.byte	2,10
00000126 0000           1238 	.byte	0,0
                        1239 
                        1240 	.section	.debug_info
                        1241 .LDW_28aa120:
00000471 0f             1242 	.byte	15
00000472 75635761726e   1243 	.strz	"ucWarnCfg"
00000478 43666700 
0000047c 0e             1244 	.byte	14
0000047d 3f             1245 	.byte	63

                                                                      Page 24
                                                              C:\Users\nhuliyap\AppData\Local\Temp\gh_00007nc1.s
0000047e 01             1246 	.byte	1
0000047f 00000000*      1247 	.word	.LDW_2867228
00000483 00             1248 	.byte	0
00000484 0157           1249 	.byte	1,87
                        1250 
                        1251 .LDW_28aa500:
00000486 1d             1252 	.byte	29
00000487 00000000*      1253 	.word	.LDW01
0000048b 00000000*      1254 	.word	.LDW11
                        1255 
                        1256 	.section	.debug_abbrev
00000128 1d             1257 	.byte	29
00000129 0b             1258 	.byte	11
0000012a 01             1259 	.byte	1
0000012b 1101           1260 	.byte	17,1
0000012d 1201           1261 	.byte	18,1
0000012f 0000           1262 	.byte	0,0
                        1263 
                        1264 	.section	.debug_info
                        1265 .LDW_28aa178:
0000048f 04             1266 	.byte	4
00000490 756352657400   1267 	.strz	"ucRet"
00000496 10             1268 	.byte	16
00000497 12             1269 	.byte	18
00000498 01             1270 	.byte	1
00000499 00000000*      1271 	.word	.LDW_2867228
0000049d 00             1272 	.byte	0
0000049e 00             1273 	.byte	0
0000049f 016c           1274 	.byte	1,108
                        1275 
                        1276 	.section	.debug_abbrev
00000131 04             1277 	.byte	4
00000132 34             1278 	.byte	52
00000133 00             1279 	.byte	0
00000134 0308           1280 	.byte	3,8
00000136 3b0f           1281 	.byte	59,15
00000138 390f           1282 	.byte	57,15
0000013a 3a0f           1283 	.byte	58,15
0000013c 4910           1284 	.byte	73,16
0000013e 3f0c           1285 	.byte	63,12
00000140 3c0c           1286 	.byte	60,12
00000142 020a           1287 	.byte	2,10
00000144 0000           1288 	.byte	0,0
                        1289 
                        1290 	.section	.debug_info
                        1291 .LDW_28aa228:
000004a1 05             1292 	.byte	5
000004a2 4c6f63616c57   1293 	.strz	"LocalWarnCfgToRemoveWarning"
000004a8 61726e436667 
000004ae 546f52656d6f 
000004b4 76655761726e 
000004ba 696e6700 
000004be 11             1294 	.byte	17
000004bf 09             1295 	.byte	9
000004c0 01             1296 	.byte	1
000004c1 00000000*      1297 	.word	.LDW_28aa1d0
000004c5 00             1298 	.byte	0
000004c6 00             1299 	.byte	0
                        1300 
000004c7 00             1301 	.byte	0
                        1302 

                                                                      Page 25
                                                              C:\Users\nhuliyap\AppData\Local\Temp\gh_00007nc1.s
000004c8 00             1303 	.byte	0
                        1304 
000004c9 00             1305 	.byte	0
                        1306 
                        1307 	.section	.debug_line
                        1308 .Ldw_line_end:
                        1309 	.section	.debug_macinfo
00000000 01             1310 	.byte	1
00000001 00             1311 	.byte	0
00000002 5f5f6768735f   1312 	.strz	"__ghs__ 1"
00000008 5f203100 
0000000c 01             1313 	.byte	1
0000000d 00             1314 	.byte	0
0000000e 5f5f4c4c4f4e   1315 	.strz	"__LLONG_BIT 64"
00000014 475f42495420 
0000001a 363400 
0000001d 01             1316 	.byte	1
0000001e 00             1317 	.byte	0
0000001f 494254434d5f   1318 	.strz	"IBTCM_SW_ANPASSUNGEN 1"
00000025 53575f414e50 
0000002b 415353554e47 
00000031 454e203100 
00000036 03             1319 	.byte	3
00000037 00             1320 	.byte	0
00000038 01             1321 	.byte	1
00000039 03             1322 	.byte	3
0000003a 03             1323 	.byte	3
0000003b 02             1324 	.byte	2
0000003c 03             1325 	.byte	3
0000003d 06             1326 	.byte	6
0000003e 03             1327 	.byte	3
0000003f 03             1328 	.byte	3
00000040 04             1329 	.byte	4
00000041 04             1330 	.byte	4
00000042 03             1331 	.byte	3
00000043 07             1332 	.byte	7
00000044 05             1333 	.byte	5
00000045 03             1334 	.byte	3
00000046 1c             1335 	.byte	28
00000047 06             1336 	.byte	6
00000048 01             1337 	.byte	1
00000049 3c             1338 	.byte	60
0000004a 545255452031   1339 	.strz	"TRUE 1u"
00000050 7500 
00000052 01             1340 	.byte	1
00000053 40             1341 	.byte	64
00000054 46414c534520   1342 	.strz	"FALSE 0u"
0000005a 307500 
0000005d 04             1343 	.byte	4
0000005e 03             1344 	.byte	3
0000005f 1d             1345 	.byte	29
00000060 07             1346 	.byte	7
00000061 03             1347 	.byte	3
00000062 1b             1348 	.byte	27
00000063 08             1349 	.byte	8
00000064 03             1350 	.byte	3
00000065 54             1351 	.byte	84
00000066 09             1352 	.byte	9
00000067 04             1353 	.byte	4
00000068 04             1354 	.byte	4
00000069 04             1355 	.byte	4

                                                                      Page 26
                                                              C:\Users\nhuliyap\AppData\Local\Temp\gh_00007nc1.s
0000006a 04             1356 	.byte	4
0000006b 04             1357 	.byte	4
0000006c 01             1358 	.byte	1
0000006d 0e             1359 	.byte	14
0000006e 50524f445543   1360 	.strz	"PRODUCTION_SW 0x0"
00000074 54494f4e5f53 
0000007a 572030783000 
00000080 01             1361 	.byte	1
00000081 0f             1362 	.byte	15
00000082 444556454c4f   1363 	.strz	"DEVELOPMENT_SW 0x1"
00000088 504d454e545f 
0000008e 535720307831 
00000094 00 
00000095 01             1364 	.byte	1
00000096 10             1365 	.byte	16
00000097 53575f434154   1366 	.strz	"SW_CATEGORY PRODUCTION_SW"
0000009d 45474f525920 
000000a3 50524f445543 
000000a9 54494f4e5f53 
000000af 5700 
000000b1 04             1367 	.byte	4
000000b2 01             1368 	.byte	1
000000b3 08             1369 	.byte	8
000000b4 70625f446562   1370 	.strz	"pb_DebugWarnLevels_030203 "
000000ba 75675761726e 
000000c0 4c6576656c73 
000000c6 5f3033303230 
000000cc 332000 
000000cf 01             1371 	.byte	1
000000d0 0e             1372 	.byte	14
000000d1 70625f514143   1373 	.strz	"pb_QACStatic_160503 "
000000d7 537461746963 
000000dd 5f3136303530 
000000e3 332000 
000000e6 01             1374 	.byte	1
000000e7 16             1375 	.byte	22
000000e8 75634d617850   1376 	.strz	"ucMaxPosc 4"
000000ee 6f7363203400 
000000f4 01             1377 	.byte	1
000000f5 17             1378 	.byte	23
000000f6 756353756d57   1379 	.strz	"ucSumWEc (unsigned char) 4"
000000fc 45632028756e 
00000102 7369676e6564 
00000108 206368617229 
0000010e 203400 
00000111 04             1380 	.byte	4
00000112 03             1381 	.byte	3
00000113 04             1382 	.byte	4
00000114 0a             1383 	.byte	10
00000115 04             1384 	.byte	4
00000116 03             1385 	.byte	3
00000117 05             1386 	.byte	5
00000118 0b             1387 	.byte	11
00000119 01             1388 	.byte	1
0000011a 47             1389 	.byte	71
0000011b 756348695049   1390 	.strz	"ucHiPIxc (unsigned char) 4"
00000121 78632028756e 
00000127 7369676e6564 
0000012d 206368617229 
00000133 203400 
00000136 04             1391 	.byte	4

                                                                      Page 27
                                                              C:\Users\nhuliyap\AppData\Local\Temp\gh_00007nc1.s
00000137 03             1392 	.byte	3
00000138 06             1393 	.byte	6
00000139 0c             1394 	.byte	12
0000013a 03             1395 	.byte	3
0000013b 06             1396 	.byte	6
0000013c 0d             1397 	.byte	13
0000013d 04             1398 	.byte	4
0000013e 04             1399 	.byte	4
0000013f 04             1400 	.byte	4
00000140 00             1401 	.byte	0
                        1402 	.section	.debug_abbrev
00000146 00             1403 	.byte	0
                        1404 	.section	.debug_info
                        1405 .Ldw_end:
                        1406 .rh850_flags REGMODE32,DATA_ALIGN8,GP_FIX,EP_NONFIX,TP_FIX,REG2_RESERVE,G3K,GHS_MISALIGN,SDA_EXTRA_REGS_0
