                                                                      Page 1
                                                              C:\Users\nhuliyap\AppData\Local\Temp\gh_0000bl81.s
Command Line: C:\ghs\comp_201517\ease850.exe -w -elf -b0 -I../source/common -I../source/ProjectCompiler -I../source/ProjectCfg -I../source/SwcApplTpms -I../source/SwcApplTpms/Intface -I../source/SwcApplEcuM -I../source/SwcServiceEcuM -I../source/SwcServiceNvM -I../source/SwcServiceOs -I../source/SwcServiceStartUp -I../source/McalAdc -I../source/McalDio -I../source/McalGpt -I../source/McalMcu -I../source/McalWdg -I../source/wrappers -I../source/wrappers/McalAta -I../source/McalLin -I../source/McalCan -I../source/wrappers/OS -I../source/McalFls -I../source/EcuabFee -I../source/EcuabMemIf -I../source/wrappers/VStdLib -I../source/wrappers/Crc -I../source/wrappers/FBL_APPL -I../source/wrappers/CAN_MANAGER -I../source/wrappers/NVM_MANAGER -I../source/wrappers/DEM_MANAGER -I../source/wrappers/RDC_MANAGER -I../source/wrappers/ENV_MANAGER -I../source/wrappers/SYS_MANAGER -I../source/wrappers/EcuabCanIf -I../source/wrappers/SwcServiceCanSM -I../source/wrappers/SwcServiceCanTp -I../source/wrappers/SwcServiceCanTp_PreCompile -I../source/wrappers/SwcServiceCom -I../source/wrappers/SwcServiceComM -I../source/wrappers/SwcServiceComStack -I../source/wrappers/SwcServiceDcm -I../source/wrappers/SwcServicePduR -I../source/wrappers/SwcServiceEcuM -I../source/wrappers/Bfx -I../source/wrappers/SwcServiceDem -I../source/SwcServiceDet -I../source/SwcServiceFiM -I../source/wrappers/LibAutosarDiag -I../source/wrappers/rba_BswSrv -I../source/SwcServiceSchM -I../source/wrappers/SwcServiceComM/Integration -I../source/wrappers/SwcServicePduR/Integration -I../source/wrappers/EcuabCanIf/Integration -I../source/wrappers/SwcServiceCom/Integration -I../source/wrappers/SwcServiceCanTp/Integration -I../source/wrappers/SwcServiceEcuM/Integration -I../source/SwcServiceDet/Integration -I../source/wrappers/SwcServiceDcm/Integration -I../source/wrappers/SwcServiceDem/Integration -I../source/SwcServiceFiM/Integration -I../source/wrappers/EcuabCanIf/api -I../source/wrappers/SwcServiceCom/api -I../source/wrappers/SwcServiceComM/api -I../source/wrappers/SwcServicePduR/api -I../source/wrappers/Bfx/api -I../source/SwcServiceDet/api -I../source/SwcServiceFiM/api -I../source/wrappers/LibAutosarDiag/api -I../source/wrappers/rba_BswSrv/api -IC:\ghs\comp_201517\lib\rh850 -cg_underscore -cpu=rh850g3k -no_v850_simd -rh850_fpsimd=none -nomacro -patch_dbo=C:\_ECU2\ECU_Rivian_A1\Target\repo_projects\pRealEcu\cL_LATEST\make\output\objects\WTT.dbo -source=WTT.c -o output\objects\gh_0000bl81.o -list=output\list\WTT.lst C:\Users\nhuliyap\AppData\Local\Temp\gh_0000bl81.s 
Original File: C:\Users\nhuliyap\AppData\Local\Temp\gh_0000bl81.s
Source File: WTT.c
Directory: C:\_ECU2\ECU_Rivian_A1\Target\repo_projects\pRealEcu\cL_LATEST\make
Host OS: Windows
EASE: Copyright (C) 1983-2015 Green Hills Software.  All Rights Reserved.
Release: Compiler v2015.1.7
Build Directory: [Directory] BTOWORKER6:c:/build_2015_1_bto/2015-10-21.2100-2015_1_bto/win32-comp-ecom
Revision: [VCInfo] http://toolsvc/branches/release-branch-70-bto/src@544153 (built by build)
Revision Date: Thu Oct 22 07:50:13 2015

Release Date: Thu Oct 22 09:32:32 2015

                           1 --Driver Command: ccv850 ../source/SwcApplTpms/WTT.c -cpu=rh850 -fhard
                           2 --		-ignore_callt_state_in_interrupts -large_sda -misalign_pack
                           3 --		-nofarcalls -nofloatio -no_callt -Ogeneral -Onounroll
                           4 --		-prepare_dispose -registermode=32 -reserve_r2 -sda=0
                           5 --		-shorten_loads -Wshadow --brief_diagnostics --no_commons
                           6 --		--no_wrap_diagnostics --prototype_errors --short_enum -list -G
                           7 --		-dual_debug -dwarf -X5523 -lnk=-no_xda_modifications -D
                           8 --		NOT_READY_FOR_TESTING_OR_DEPLOYMENT -D IBTCM_SW_ANPASSUNGEN -D
                           9 --		BUILD_LORDSTOWN -c -inline_prologue -I../source/common
                          10 --		-I../source/ProjectCompiler -I../source/ProjectCfg
                          11 --		-I../source/SwcApplTpms -I../source/SwcApplTpms/Intface
                          12 --		-I../source/SwcApplEcuM -I../source/SwcServiceEcuM
                          13 --		-I../source/SwcServiceNvM -I../source/SwcServiceOs
                          14 --		-I../source/SwcServiceStartUp -I../source/McalAdc
                          15 --		-I../source/McalDio -I../source/McalGpt -I../source/McalMcu
                          16 --		-I../source/McalWdg -I../source/wrappers
                          17 --		-I../source/wrappers/McalAta -I../source/McalLin
                          18 --		-I../source/McalCan -I../source/wrappers/OS -I../source/McalFls
                          19 --		-I../source/EcuabFee -I../source/EcuabMemIf
                          20 --		-I../source/wrappers/VStdLib -I../source/wrappers
                          21 --		-I../source/wrappers/Crc -I../source/wrappers/FBL_APPL
                          22 --		-I../source/wrappers/CAN_MANAGER -I../source/wrappers/NVM_MANAGER
                          23 --		-I../source/wrappers/DEM_MANAGER -I../source/wrappers/RDC_MANAGER
                          24 --		-I../source/wrappers/ENV_MANAGER -I../source/wrappers/SYS_MANAGER
                          25 --		-I../source/wrappers/EcuabCanIf
                          26 --		-I../source/wrappers/SwcServiceCanSM
                          27 --		-I../source/wrappers/SwcServiceCanTp
                          28 --		-I../source/wrappers/SwcServiceCanTp_PreCompile
                          29 --		-I../source/wrappers/SwcServiceCom
                          30 --		-I../source/wrappers/SwcServiceComM
                          31 --		-I../source/wrappers/SwcServiceComStack
                          32 --		-I../source/wrappers/SwcServiceDcm
                          33 --		-I../source/wrappers/SwcServicePduR
                          34 --		-I../source/wrappers/SwcServiceEcuM -I../source/wrappers/Bfx
                          35 --		-I../source/wrappers/SwcServiceDem -I../source/SwcServiceDet
                          36 --		-I../source/SwcServiceFiM -I../source/wrappers/LibAutosarDiag
                          37 --		-I../source/wrappers/rba_BswSrv -I../source/SwcServiceSchM
                          38 --		-I../source/wrappers/SwcServiceComM/Integration
                          39 --		-I../source/wrappers/SwcServicePduR/Integration
                          40 --		-I../source/wrappers/EcuabCanIf/Integration
                          41 --		-I../source/wrappers/SwcServiceCom/Integration
                          42 --		-I../source/wrappers/SwcServiceCanTp/Integration
                          43 --		-I../source/wrappers/SwcServiceEcuM/Integration
                          44 --		-I../source/SwcServiceDet/Integration
                          45 --		-I../source/wrappers/SwcServiceDcm/Integration
                          46 --		-I../source/wrappers/SwcServiceDem/Integration
                          47 --		-I../source/SwcServiceFiM/Integration
                          48 --		-I../source/wrappers/EcuabCanIf/api
                          49 --		-I../source/wrappers/SwcServiceCom/api
                          50 --		-I../source/wrappers/SwcServiceComM/api

                                                                      Page 2
                                                              C:\Users\nhuliyap\AppData\Local\Temp\gh_0000bl81.s
                          51 --		-I../source/wrappers/SwcServicePduR/api
                          52 --		-I../source/wrappers/Bfx/api -I../source/SwcServiceDet/api
                          53 --		-I../source/SwcServiceFiM/api
                          54 --		-I../source/wrappers/LibAutosarDiag/api
                          55 --		-I../source/wrappers/rba_BswSrv/api -object_dir=output/objects
                          56 --		-list_dir=output/list
                          57 --Source File:   ../source/SwcApplTpms/WTT.c
                          58 --Directory:     
                          59 --		C:\_ECU2\ECU_Rivian_A1\Target\repo_projects\pRealEcu\cL_LATEST\make
                          60 --Compile Date:  Wed Sep 06 09:45:36 2023
                          61 --Host OS:       Win32
                          62 --Version:       C-RH850 2015.1.7 RELEASE VERSION
                          63 --Release:       Compiler v2015.1.7
                          64 --Revision Date: Thu Oct 22 08:06:12 2015
                          65 --Release Date:  Thu Oct 22 09:34:32 2015
                          66 -- ecom  -g -w -OM
                          67 	.text
                          68 ..bof.C.3A.5C_ECU2.5CECU_Rivian_A1.5CTarget.5Crepo_projects.5CpRealEcu.5CcL_LATEST.5Cmake.5Coutput.5Cobjects.5CWTT...43.3A.5C_ECU2.5CECU_Rivian_A1.5CTarget.5Crepo_projects.5CpRealEcu.5CcL_LATEST.5Cmake..64F82E20..0::
                          69 	.align	2
                          70 ..gh.f.f.1.e.0:
                          71 	.type	..gh.f.f.1.e.0,@object
                          72 	.size	..gh.f.f.1.e.0,0
                          73 	.global	_bTW
                          74 _bTW:
00000000 8007e110         75 	prepare	{r27,r28,r29,r31},0
00000004 06e8             76 	mov	r6,r29
                          77 --	    .bf
                          78 .LDW01:
00000006 00e2             79 	mov	0,r28
                          80 	jarl	_NvM3_GETucVarCodTemperatureWarningThresEE,lp
                          80 <EXPANSION BEGIN>
                          80 jarl22 _NvM3_GETucVarCodTemperatureWarningThresEE , lp 
00000008 80ff0000*        80 <EXPANSION END>
                          81 --line20
                          82 ..lin.C.3A.5C_ECU2.5CECU_Rivian_A1.5CTarget.5Crepo_projects.5CpRealEcu.5CcL_LATEST.5Cmake.5Coutput.5Cobjects.5CWTT.1::
                          83 .LDWlin1:
0000000c 9d370100         84 	ld.bu	0[r29],r6
00000010 0ad8             85 	mov	r10,r27
00000012 023a             86 	mov	2,r7
                          87 	jarl	_ucGetWarnBitWN,lp
                          87 <EXPANSION BEGIN>
                          87 jarl22 _ucGetWarnBitWN , lp 
00000014 80ff0000*        87 <EXPANSION END>
                          88 --line22
                          89 ..lin.C.3A.5C_ECU2.5CECU_Rivian_A1.5CTarget.5Crepo_projects.5CpRealEcu.5CcL_LATEST.5Cmake.5Coutput.5Cobjects.5CWTT.2::
                          90 .LDWlin2:
00000018 1d970200         91 	ld.b	2[r29],r18
0000001c e051             92 	cmp	zero,r10
0000001e ea05*            93 	bne	.L4
                          94 --line25
                          95 ..lin.C.3A.5C_ECU2.5CECU_Rivian_A1.5CTarget.5Crepo_projects.5CpRealEcu.5CcL_LATEST.5Cmake.5Coutput.5Cobjects.5CWTT.3::
                          96 .LDWlin3:
00000020 fb91             97 	cmp	r27,r18
00000022 ee0d*            98 	bge	.L9
                          99 .L8:
                         100 --line47
                         101 ..lin.C.3A.5C_ECU2.5CECU_Rivian_A1.5CTarget.5Crepo_projects.5CpRealEcu.5CcL_LATEST.5Cmake.5Coutput.5Cobjects.5CWTT.4::
                         102 .LDWlin4:
00000024 1c50            103 	mov	r28,r10
                         104 --	    .ef
                         105 .LDW11:

                                                                      Page 3
                                                              C:\Users\nhuliyap\AppData\Local\Temp\gh_0000bl81.s
00000026 4006ff10        106 	dispose	0,{r27,r28,r29,r31},[lp]
                         107 .L4:
                         108 --line34
                         109 ..lin.C.3A.5C_ECU2.5CECU_Rivian_A1.5CTarget.5Crepo_projects.5CpRealEcu.5CcL_LATEST.5Cmake.5Coutput.5Cobjects.5CWTT.5::
                         110 .LDWlin5:
0000002a 1b8ef6ff        111 	addi	-10,r27,r17
0000002e f191            112 	cmp	r17,r18
00000030 fe05*           113 	bge	.L9
                         114 --line37
                         115 ..lin.C.3A.5C_ECU2.5CECU_Rivian_A1.5CTarget.5Crepo_projects.5CpRealEcu.5CcL_LATEST.5Cmake.5Coutput.5Cobjects.5CWTT.6::
                         116 .LDWlin6:
00000032 9d370100        117 	ld.bu	0[r29],r6
00000036 023a            118 	mov	2,r7
                         119 	jarl	_ClearWarnBitWN,lp
                         119 <EXPANSION BEGIN>
                         119 jarl22 _ClearWarnBitWN , lp 
00000038 80ff0000*       119 <EXPANSION END>
                         120 --line38
                         121 ..lin.C.3A.5C_ECU2.5CECU_Rivian_A1.5CTarget.5Crepo_projects.5CpRealEcu.5CcL_LATEST.5Cmake.5Coutput.5Cobjects.5CWTT.7::
                         122 .LDWlin7:
0000003c c5f5*           123 	br	.L8
                         124 .L9:
                         125 --line43
                         126 ..lin.C.3A.5C_ECU2.5CECU_Rivian_A1.5CTarget.5Crepo_projects.5CpRealEcu.5CcL_LATEST.5Cmake.5Coutput.5Cobjects.5CWTT.8::
                         127 .LDWlin8:
0000003e 9d370100        128 	ld.bu	0[r29],r6
00000042 023a            129 	mov	2,r7
                         130 	jarl	_ucSetWarnBitWN,lp
                         130 <EXPANSION BEGIN>
                         130 jarl22 _ucSetWarnBitWN , lp 
00000044 80ff0000*       130 <EXPANSION END>
00000048 0ae0            131 	mov	r10,r28
0000004a d5ed*           132 	br	.L8
                         133 	.global	___ghs_eofn_bTW
                         134 ___ghs_eofn_bTW:
                         135 	.type	_bTW,@function
                         136 	.size	_bTW,.-_bTW
                         137 	.align	2
                         138 --_ucRet	r28	local
                         139 --_S8_TempThreshold	r27	local
                         140 
                         141 --_ptLWD	r29	param
                         142 --_ucWarnCfg	none	param
                         143 
                         144 	.section ".bss","awb"
                         145 .L76:
                         146 	.type	.L76,@object
                         147 	.size	.L76,0
                         148 	.data
                         149 	.text
                         150 	.align	2
                         151 
                         152 	.data
                         153 	.ghsnote version,17
                         154 	.ghsnote tools,3
                         155 	.ghsnote options,144
                         156 	.text
                         157 	.align	2
                         158 ..eof.C.3A.5C_ECU2.5CECU_Rivian_A1.5CTarget.5Crepo_projects.5CpRealEcu.5CcL_LATEST.5Cmake.5Coutput.5Cobjects.5CWTT...43.3A.5C_ECU2.5CECU_Rivian_A1.5CTarget.5Crepo_projects.5CpRealEcu.5CcL_LATEST.5Cmake..64F82E20..0::
                         159 	.section	.debug_info
                         160 .Ldw_begin:

                                                                      Page 4
                                                              C:\Users\nhuliyap\AppData\Local\Temp\gh_0000bl81.s
00000000 52040000        161 	.word	.Ldw_end-.Ldw_begin-4
00000004 0200            162 	.byte	2,0
00000006 00000000*       163 	.word	.Ldw_abbr_begin
0000000a 04              164 	.byte	4
                         165 	.section	.debug_abbrev
                         166 .Ldw_abbr_begin:
                         167 	.section	.debug_info
0000000b 01              168 	.byte	1
0000000c 00000000*       169 	.word	..bof.C.3A.5C_ECU2.5CECU_Rivian_A1.5CTarget.5Crepo_projects.5CpRealEcu.5CcL_LATEST.5Cmake.5Coutput.5Cobjects.5CWTT...43.3A.5C_ECU2.5CECU_Rivian_A1.5CTarget.5Crepo_projects.5CpRealEcu.5CcL_LATEST.5Cmake..64F82E20..0
00000010 00000000*       170 	.word	..eof.C.3A.5C_ECU2.5CECU_Rivian_A1.5CTarget.5Crepo_projects.5CpRealEcu.5CcL_LATEST.5Cmake.5Coutput.5Cobjects.5CWTT...43.3A.5C_ECU2.5CECU_Rivian_A1.5CTarget.5Crepo_projects.5CpRealEcu.5CcL_LATEST.5Cmake..64F82E20..0
00000014 2e2e2f736f75    171 	.strz	"../source/SwcApplTpms/WTT.c"
0000001a 7263652f5377 
00000020 634170706c54 
00000026 706d732f5754 
0000002c 542e6300 
00000030 433a5c5f4543    172 	.strz	"C:\\_ECU2\\ECU_Rivian_A1\\Target\\repo_projects\\pRealEcu\\cL_LATEST\\make"
00000036 55325c454355 
0000003c 5f5269766961 
00000042 6e5f41315c54 
00000048 61726765745c 
0000004e 7265706f5f70 
00000054 726f6a656374 
0000005a 735c70526561 
00000060 6c4563755c63 
00000066 4c5f4c415445 
0000006c 53545c6d616b 
00000072 6500 
00000074 474853204320    173 	.strz	"GHS C 2015.1.7 [dual]"
0000007a 323031352e31 
00000080 2e37205b6475 
00000086 616c5d00 
0000008a 0100            174 	.byte	1,0
0000008c 00000000*       175 	.word	.Ldw_line_begin
00000090 00000000*       176 	.word	.Ldw_macinfo_begin
00000094 00              177 	.byte	0
                         178 
                         179 	.section	.debug_abbrev
00000000 01              180 	.byte	1
00000001 11              181 	.byte	17
00000002 01              182 	.byte	1
00000003 1101            183 	.byte	17,1
00000005 1201            184 	.byte	18,1
00000007 0308            185 	.byte	3,8
00000009 1b08            186 	.byte	27,8
0000000b 2508            187 	.byte	37,8
0000000d 1305            188 	.byte	19,5
0000000f 1006            189 	.byte	16,6
00000011 4306            190 	.byte	67,6
00000013 420b            191 	.byte	66,11
00000015 0000            192 	.byte	0,0
                         193 
                         194 	.section	.debug_line
                         195 .Ldw_line_begin:
00000000 23030000        196 	.word	.Ldw_line_end-.Ldw_line_begin-4
00000004 0200            197 	.byte	2,0
00000006 00000000*       198 	.word	.Ldw_lpro_end-.Ldw_lpro_begin
                         199 .Ldw_lpro_begin:
0000000a 01              200 	.byte	1
0000000b 00              201 	.byte	0
0000000c 00              202 	.byte	0
0000000d 04              203 	.byte	4

                                                                      Page 5
                                                              C:\Users\nhuliyap\AppData\Local\Temp\gh_0000bl81.s
0000000e 0a              204 	.byte	10
0000000f 000101          205 	.byte	0,1,1
00000012 010100          206 	.byte	1,1,0
00000015 000001          207 	.byte	0,0,1
00000018 00              208 	.byte	0
00000019 2e2e2f736f75    209 	.strz	"../source/SwcApplTpms/WTT.c"
0000001f 7263652f5377 
00000025 634170706c54 
0000002b 706d732f5754 
00000031 542e6300 
00000035 000000          210 	.byte	0,0,0
00000038 2e2e2f736f75    211 	.strz	"../source/SwcApplTpms/iTpms_Interface.hpp"
0000003e 7263652f5377 
00000044 634170706c54 
0000004a 706d732f6954 
00000050 706d735f496e 
00000056 746572666163 
0000005c 652e68707000 
00000062 000000          212 	.byte	0,0,0
00000065 2e2e2f736f75    213 	.strz	"../source/SwcApplTpms/Tpms_Rte_Data_Type.hpp"
0000006b 7263652f5377 
00000071 634170706c54 
00000077 706d732f5470 
0000007d 6d735f527465 
00000083 5f446174615f 
00000089 547970652e68 
0000008f 707000 
00000092 000000          214 	.byte	0,0,0
00000095 2e2e2f736f75    215 	.strz	"../source/McalMcu/Types.hpp"
0000009b 7263652f4d63 
000000a1 616c4d63752f 
000000a7 54797065732e 
000000ad 68707000 
000000b1 000000          216 	.byte	0,0,0
000000b4 2e2e2f736f75    217 	.strz	"../source/common/Std_Types.hpp"
000000ba 7263652f636f 
000000c0 6d6d6f6e2f53 
000000c6 74645f547970 
000000cc 65732e687070 
000000d2 00 
000000d3 000000          218 	.byte	0,0,0
000000d6 2e2e2f736f75    219 	.strz	"../source/common/Platform_Types.hpp"
000000dc 7263652f636f 
000000e2 6d6d6f6e2f50 
000000e8 6c6174666f72 
000000ee 6d5f54797065 
000000f4 732e68707000 
000000fa 000000          220 	.byte	0,0,0
000000fd 2e2e2f736f75    221 	.strz	"../source/common/Compiler.hpp"
00000103 7263652f636f 
00000109 6d6d6f6e2f43 
0000010f 6f6d70696c65 
00000115 722e68707000 
0000011b 000000          222 	.byte	0,0,0
0000011e 2e2e2f736f75    223 	.strz	"../source/ProjectCompiler/Compiler_Cfg.hpp"
00000124 7263652f5072 
0000012a 6f6a65637443 
00000130 6f6d70696c65 
00000136 722f436f6d70 
0000013c 696c65725f43 
00000142 66672e687070 

                                                                      Page 6
                                                              C:\Users\nhuliyap\AppData\Local\Temp\gh_0000bl81.s
00000148 00 
00000149 000000          224 	.byte	0,0,0
0000014c 2e2e2f736f75    225 	.strz	"../source/ProjectCompiler/CompilerCfg_SwcServiceOs.hpp"
00000152 7263652f5072 
00000158 6f6a65637443 
0000015e 6f6d70696c65 
00000164 722f436f6d70 
0000016a 696c65724366 
00000170 675f53776353 
00000176 657276696365 
0000017c 4f732e687070 
00000182 00 
00000183 000000          226 	.byte	0,0,0
00000186 2e2e2f736f75    227 	.strz	"../source/SwcApplTpms/SwcApplTpms_Rte.hpp"
0000018c 7263652f5377 
00000192 634170706c54 
00000198 706d732f5377 
0000019e 634170706c54 
000001a4 706d735f5274 
000001aa 652e68707000 
000001b0 000000          228 	.byte	0,0,0
000001b3 2e2e2f736f75    229 	.strz	"../source/SwcApplTpms/SwcApplTpms_Rte_Type.hpp"
000001b9 7263652f5377 
000001bf 634170706c54 
000001c5 706d732f5377 
000001cb 634170706c54 
000001d1 706d735f5274 
000001d7 655f54797065 
000001dd 2e68707000 
000001e2 000000          230 	.byte	0,0,0
000001e5 2e2e2f736f75    231 	.strz	"../source/ProjectCfg/SwcApplTpms_NvM_If.hpp"
000001eb 7263652f5072 
000001f1 6f6a65637443 
000001f7 66672f537763 
000001fd 4170706c5470 
00000203 6d735f4e764d 
00000209 5f49662e6870 
0000020f 7000 
00000211 000000          232 	.byte	0,0,0
00000214 2e2e2f736f75    233 	.strz	"../source/SwcApplTpms/WallocX.hpp"
0000021a 7263652f5377 
00000220 634170706c54 
00000226 706d732f5761 
0000022c 6c6c6f63582e 
00000232 68707000 
00000236 000000          234 	.byte	0,0,0
00000239 2e2e2f736f75    235 	.strz	"../source/SwcApplTpms/global.hpp"
0000023f 7263652f5377 
00000245 634170706c54 
0000024b 706d732f676c 
00000251 6f62616c2e68 
00000257 707000 
0000025a 000000          236 	.byte	0,0,0
0000025d 2e2e2f736f75    237 	.strz	"../source/SwcApplTpms/uswarn.hpp"
00000263 7263652f5377 
00000269 634170706c54 
0000026f 706d732f7573 
00000275 7761726e2e68 
0000027b 707000 
0000027e 000000          238 	.byte	0,0,0
00000281 2e2e2f736f75    239 	.strz	"../source/SwcApplTpms/WnTypePar.hpp"

                                                                      Page 7
                                                              C:\Users\nhuliyap\AppData\Local\Temp\gh_0000bl81.s
00000287 7263652f5377 
0000028d 634170706c54 
00000293 706d732f576e 
00000299 547970655061 
0000029f 722e68707000 
000002a5 000000          240 	.byte	0,0,0
000002a8 00              241 	.byte	0
                         242 .Ldw_lpro_end:
                         243 	.section	.debug_macinfo
                         244 .Ldw_macinfo_begin:
                         245 	.section	.debug_frame
                         246 .LDW_4c443d0:
00000000 00000000*       247 	.word	.LDW_unq_2-.LDW_unq_1
                         248 .LDW_unq_1:
00000004 ffffffff        249 	.byte	255,255,255,255
00000008 01              250 	.byte	1
00000009 00              251 	.byte	0
0000000a 01              252 	.byte	1
0000000b 01              253 	.byte	1
0000000c 1f              254 	.byte	31
0000000d 0c              255 	.byte	12
0000000e 03              256 	.byte	3
0000000f 00              257 	.byte	0
00000010 07              258 	.byte	7
00000011 00              259 	.byte	0
00000012 07              260 	.byte	7
00000013 01              261 	.byte	1
00000014 07              262 	.byte	7
00000015 02              263 	.byte	2
00000016 07              264 	.byte	7
00000017 03              265 	.byte	3
00000018 07              266 	.byte	7
00000019 04              267 	.byte	4
0000001a 07              268 	.byte	7
0000001b 05              269 	.byte	5
0000001c 07              270 	.byte	7
0000001d 06              271 	.byte	6
0000001e 07              272 	.byte	7
0000001f 07              273 	.byte	7
00000020 07              274 	.byte	7
00000021 08              275 	.byte	8
00000022 07              276 	.byte	7
00000023 09              277 	.byte	9
00000024 07              278 	.byte	7
00000025 0a              279 	.byte	10
00000026 07              280 	.byte	7
00000027 0b              281 	.byte	11
00000028 07              282 	.byte	7
00000029 0c              283 	.byte	12
0000002a 07              284 	.byte	7
0000002b 0d              285 	.byte	13
0000002c 07              286 	.byte	7
0000002d 0e              287 	.byte	14
0000002e 07              288 	.byte	7
0000002f 0f              289 	.byte	15
00000030 07              290 	.byte	7
00000031 10              291 	.byte	16
00000032 07              292 	.byte	7
00000033 11              293 	.byte	17
00000034 07              294 	.byte	7
00000035 12              295 	.byte	18

                                                                      Page 8
                                                              C:\Users\nhuliyap\AppData\Local\Temp\gh_0000bl81.s
00000036 07              296 	.byte	7
00000037 13              297 	.byte	19
00000038 08              298 	.byte	8
00000039 14              299 	.byte	20
0000003a 08              300 	.byte	8
0000003b 15              301 	.byte	21
0000003c 08              302 	.byte	8
0000003d 16              303 	.byte	22
0000003e 08              304 	.byte	8
0000003f 17              305 	.byte	23
00000040 08              306 	.byte	8
00000041 18              307 	.byte	24
00000042 08              308 	.byte	8
00000043 19              309 	.byte	25
00000044 08              310 	.byte	8
00000045 1a              311 	.byte	26
00000046 08              312 	.byte	8
00000047 1b              313 	.byte	27
00000048 08              314 	.byte	8
00000049 1c              315 	.byte	28
0000004a 08              316 	.byte	8
0000004b 1d              317 	.byte	29
0000004c 07              318 	.byte	7
0000004d 1e              319 	.byte	30
0000004e 08              320 	.byte	8
0000004f 1f              321 	.byte	31
00000050 07              322 	.byte	7
00000051 20              323 	.byte	32
00000052 07              324 	.byte	7
00000053 21              325 	.byte	33
00000054 07              326 	.byte	7
00000055 22              327 	.byte	34
00000056 07              328 	.byte	7
00000057 23              329 	.byte	35
00000058 07              330 	.byte	7
00000059 24              331 	.byte	36
0000005a 07              332 	.byte	7
0000005b 25              333 	.byte	37
0000005c 07              334 	.byte	7
0000005d 26              335 	.byte	38
0000005e 07              336 	.byte	7
0000005f 27              337 	.byte	39
00000060 07              338 	.byte	7
00000061 28              339 	.byte	40
00000062 07              340 	.byte	7
00000063 29              341 	.byte	41
00000064 07              342 	.byte	7
00000065 2a              343 	.byte	42
00000066 07              344 	.byte	7
00000067 2b              345 	.byte	43
00000068 07              346 	.byte	7
00000069 2c              347 	.byte	44
0000006a 07              348 	.byte	7
0000006b 2d              349 	.byte	45
0000006c 07              350 	.byte	7
0000006d 2e              351 	.byte	46
0000006e 07              352 	.byte	7
0000006f 2f              353 	.byte	47
00000070 07              354 	.byte	7
00000071 30              355 	.byte	48
00000072 07              356 	.byte	7

                                                                      Page 9
                                                              C:\Users\nhuliyap\AppData\Local\Temp\gh_0000bl81.s
00000073 31              357 	.byte	49
00000074 07              358 	.byte	7
00000075 32              359 	.byte	50
00000076 07              360 	.byte	7
00000077 33              361 	.byte	51
00000078 07              362 	.byte	7
00000079 34              363 	.byte	52
0000007a 07              364 	.byte	7
0000007b 35              365 	.byte	53
0000007c 07              366 	.byte	7
0000007d 36              367 	.byte	54
0000007e 07              368 	.byte	7
0000007f 37              369 	.byte	55
00000080 07              370 	.byte	7
00000081 38              371 	.byte	56
00000082 07              372 	.byte	7
00000083 39              373 	.byte	57
00000084 07              374 	.byte	7
00000085 3a              375 	.byte	58
00000086 07              376 	.byte	7
00000087 3b              377 	.byte	59
00000088 07              378 	.byte	7
00000089 3c              379 	.byte	60
0000008a 07              380 	.byte	7
0000008b 3d              381 	.byte	61
0000008c 07              382 	.byte	7
0000008d 3e              383 	.byte	62
0000008e 07              384 	.byte	7
0000008f 3f              385 	.byte	63
                         386 .LDW_unq_2:
                         387 	.section	.debug_info
                         388 .LDW_4127308:
00000095 25              389 	.byte	37
00000096 756e7369676e    390 	.strz	"unsigned char"
0000009c 656420636861 
000000a2 7200 
000000a4 08              391 	.byte	8
000000a5 01              392 	.byte	1
                         393 
                         394 	.section	.debug_abbrev
00000017 25              395 	.byte	37
00000018 24              396 	.byte	36
00000019 00              397 	.byte	0
0000001a 0308            398 	.byte	3,8
0000001c 3e0b            399 	.byte	62,11
0000001e 0b0b            400 	.byte	11,11
00000020 0000            401 	.byte	0,0
                         402 
                         403 	.section	.debug_info
                         404 .LDW_4126e38:
000000a6 2f              405 	.byte	47
000000a7 00000000*       406 	.word	.LDW_4169fd8
                         407 
                         408 	.section	.debug_abbrev
00000022 2f              409 	.byte	47
00000023 0f              410 	.byte	15
00000024 00              411 	.byte	0
00000025 4910            412 	.byte	73,16
00000027 0000            413 	.byte	0,0
                         414 
                         415 	.section	.debug_info

                                                                      Page 10
                                                              C:\Users\nhuliyap\AppData\Local\Temp\gh_0000bl81.s
                         416 .LDW_4126d90:
000000ab 44              417 	.byte	68
000000ac 00000000*       418 	.word	.LDW_4127308
000000b0 01              419 	.byte	1
                         420 
                         421 	.section	.debug_abbrev
00000029 44              422 	.byte	68
0000002a 15              423 	.byte	21
0000002b 01              424 	.byte	1
0000002c 4910            425 	.byte	73,16
0000002e 270c            426 	.byte	39,12
00000030 0000            427 	.byte	0,0
                         428 
                         429 	.section	.debug_info
                         430 .LDW_416e8e0:
000000b1 12              431 	.byte	18
000000b2 00000000*       432 	.word	.LDW_4126e38
000000b6 00              433 	.byte	0
                         434 
                         435 	.section	.debug_abbrev
00000032 12              436 	.byte	18
00000033 05              437 	.byte	5
00000034 00              438 	.byte	0
00000035 4910            439 	.byte	73,16
00000037 4b0c            440 	.byte	75,12
00000039 0000            441 	.byte	0,0
                         442 
                         443 	.section	.debug_info
                         444 .LDW_416e4c0:
000000b7 12              445 	.byte	18
000000b8 00000000*       446 	.word	.LDW_4127308
000000bc 00              447 	.byte	0
                         448 
000000bd 00              449 	.byte	0
                         450 
                         451 .LDW_4126ee0:
000000be 25              452 	.byte	37
000000bf 7369676e6564    453 	.strz	"signed char"
000000c5 206368617200 
000000cb 06              454 	.byte	6
000000cc 01              455 	.byte	1
                         456 
                         457 .LDW_4126e70:
000000cd 25              458 	.byte	37
000000ce 756e7369676e    459 	.strz	"unsigned short"
000000d4 65642073686f 
000000da 727400 
000000dd 07              460 	.byte	7
000000de 02              461 	.byte	2
                         462 
                         463 .LDW_4127420:
000000df 25              464 	.byte	37
000000e0 696e7400        465 	.strz	"int"
000000e4 05              466 	.byte	5
000000e5 04              467 	.byte	4
                         468 
                         469 .LDW_4b90f70:
000000e6 3a              470 	.byte	58
000000e7 00              471 	.byte	0
000000e8 0c              472 	.byte	12
000000e9 00000000*       473 	.word	.LDW_4127308

                                                                      Page 11
                                                              C:\Users\nhuliyap\AppData\Local\Temp\gh_0000bl81.s
                         474 
                         475 	.section	.debug_abbrev
0000003b 3a              476 	.byte	58
0000003c 01              477 	.byte	1
0000003d 01              478 	.byte	1
0000003e 090b            479 	.byte	9,11
00000040 0b0f            480 	.byte	11,15
00000042 4910            481 	.byte	73,16
00000044 0000            482 	.byte	0,0
                         483 
                         484 	.section	.debug_info
000000ed 32              485 	.byte	50
000000ee 00000000*       486 	.word	.LDW_4127420
000000f2 04              487 	.byte	4
000000f3 00              488 	.byte	0
000000f4 0b              489 	.byte	11
                         490 
                         491 	.section	.debug_abbrev
00000046 32              492 	.byte	50
00000047 21              493 	.byte	33
00000048 00              494 	.byte	0
00000049 4910            495 	.byte	73,16
0000004b 0b0f            496 	.byte	11,15
0000004d 220d            497 	.byte	34,13
0000004f 2f0d            498 	.byte	47,13
00000051 0000            499 	.byte	0,0
                         500 
                         501 	.section	.debug_info
000000f5 00              502 	.byte	0
                         503 
                         504 .LDW_4c64460:
000000f6 44              505 	.byte	68
000000f7 00000000*       506 	.word	.LDW_416a1d0
000000fb 01              507 	.byte	1
                         508 
000000fc 00              509 	.byte	0
                         510 
                         511 .LDW_4c67d90:
000000fd 44              512 	.byte	68
000000fe 00000000*       513 	.word	.LDW_4127308
00000102 01              514 	.byte	1
                         515 
                         516 .LDW_4c65158:
00000103 12              517 	.byte	18
00000104 00000000*       518 	.word	.LDW_4127308
00000108 00              519 	.byte	0
                         520 
                         521 .LDW_4c65398:
00000109 12              522 	.byte	18
0000010a 00000000*       523 	.word	.LDW_4127308
0000010e 00              524 	.byte	0
                         525 
0000010f 00              526 	.byte	0
                         527 
                         528 .LDW_4c67e00:
00000110 45              529 	.byte	69
00000111 01              530 	.byte	1
                         531 
                         532 	.section	.debug_abbrev
00000053 45              533 	.byte	69
00000054 15              534 	.byte	21

                                                                      Page 12
                                                              C:\Users\nhuliyap\AppData\Local\Temp\gh_0000bl81.s
00000055 01              535 	.byte	1
00000056 270c            536 	.byte	39,12
00000058 0000            537 	.byte	0,0
                         538 
                         539 	.section	.debug_info
                         540 .LDW_4c65188:
00000112 12              541 	.byte	18
00000113 00000000*       542 	.word	.LDW_4127308
00000117 00              543 	.byte	0
                         544 
                         545 .LDW_4c65038:
00000118 12              546 	.byte	18
00000119 00000000*       547 	.word	.LDW_4127308
0000011d 00              548 	.byte	0
                         549 
0000011e 00              550 	.byte	0
                         551 
                         552 .LDW_4c67dc8:
0000011f 44              553 	.byte	68
00000120 00000000*       554 	.word	.LDW_4127308
00000124 01              555 	.byte	1
                         556 
                         557 .LDW_4c65008:
00000125 12              558 	.byte	18
00000126 00000000*       559 	.word	.LDW_4127308
0000012a 00              560 	.byte	0
                         561 
                         562 .LDW_4c65428:
0000012b 12              563 	.byte	18
0000012c 00000000*       564 	.word	.LDW_4127308
00000130 00              565 	.byte	0
                         566 
00000131 00              567 	.byte	0
                         568 
                         569 .LDW_416a1d0:
00000132 28              570 	.byte	40
00000133 73696e743800    571 	.strz	"sint8"
00000139 4f              572 	.byte	79
0000013a 4b              573 	.byte	75
0000013b 06              574 	.byte	6
0000013c 00000000*       575 	.word	.LDW_4126ee0
                         576 
                         577 	.section	.debug_abbrev
0000005a 28              578 	.byte	40
0000005b 16              579 	.byte	22
0000005c 00              580 	.byte	0
0000005d 0308            581 	.byte	3,8
0000005f 3b0f            582 	.byte	59,15
00000061 390f            583 	.byte	57,15
00000063 3a0f            584 	.byte	58,15
00000065 4910            585 	.byte	73,16
00000067 0000            586 	.byte	0,0
                         587 
                         588 	.section	.debug_info
                         589 .LDW_416a280:
00000140 28              590 	.byte	40
00000141 75696e743800    591 	.strz	"uint8"
00000147 50              592 	.byte	80
00000148 4b              593 	.byte	75
00000149 06              594 	.byte	6
0000014a 00000000*       595 	.word	.LDW_4127308

                                                                      Page 13
                                                              C:\Users\nhuliyap\AppData\Local\Temp\gh_0000bl81.s
                         596 
                         597 .LDW_4c56078:
0000014e 40              598 	.byte	64
0000014f 536f6c6c4461    599 	.strz	"SollDat"
00000155 7400 
00000157 29              600 	.byte	41
00000158 08              601 	.byte	8
00000159 0f              602 	.byte	15
0000015a 04              603 	.byte	4
0000015b 01              604 	.byte	1
                         605 
                         606 	.section	.debug_abbrev
00000069 40              607 	.byte	64
0000006a 13              608 	.byte	19
0000006b 01              609 	.byte	1
0000006c 0308            610 	.byte	3,8
0000006e 3b0f            611 	.byte	59,15
00000070 390f            612 	.byte	57,15
00000072 3a0f            613 	.byte	58,15
00000074 0b0f            614 	.byte	11,15
00000076 320b            615 	.byte	50,11
00000078 0000            616 	.byte	0,0
                         617 
                         618 	.section	.debug_info
                         619 .LDW_4c591c0:
0000015c 23              620 	.byte	35
0000015d 756350536f6c    621 	.strz	"ucPSoll"
00000163 6c00 
00000165 2b              622 	.byte	43
00000166 11              623 	.byte	17
00000167 0f              624 	.byte	15
00000168 00000000*       625 	.word	.LDW_4127308
0000016c 0223            626 	.byte	2,35
0000016e 00              627 	.byte	0
0000016f 01              628 	.byte	1
                         629 
                         630 	.section	.debug_abbrev
0000007a 23              631 	.byte	35
0000007b 0d              632 	.byte	13
0000007c 00              633 	.byte	0
0000007d 0308            634 	.byte	3,8
0000007f 3b0f            635 	.byte	59,15
00000081 390f            636 	.byte	57,15
00000083 3a0f            637 	.byte	58,15
00000085 4910            638 	.byte	73,16
00000087 380a            639 	.byte	56,10
00000089 320b            640 	.byte	50,11
0000008b 0000            641 	.byte	0,0
                         642 
                         643 	.section	.debug_info
                         644 .LDW_4c593b8:
00000170 23              645 	.byte	35
00000171 736354536f6c    646 	.strz	"scTSoll"
00000177 6c00 
00000179 2c              647 	.byte	44
0000017a 0f              648 	.byte	15
0000017b 0f              649 	.byte	15
0000017c 00000000*       650 	.word	.LDW_4126ee0
00000180 0223            651 	.byte	2,35
00000182 01              652 	.byte	1
00000183 01              653 	.byte	1

                                                                      Page 14
                                                              C:\Users\nhuliyap\AppData\Local\Temp\gh_0000bl81.s
                         654 
                         655 .LDW_4c59400:
00000184 23              656 	.byte	35
00000185 7573684d536f    657 	.strz	"ushMSoll"
0000018b 6c6c00 
0000018e 2d              658 	.byte	45
0000018f 12              659 	.byte	18
00000190 0f              660 	.byte	15
00000191 00000000*       661 	.word	.LDW_4126e70
00000195 0223            662 	.byte	2,35
00000197 02              663 	.byte	2
00000198 01              664 	.byte	1
                         665 
00000199 00              666 	.byte	0
                         667 
                         668 .LDW_4c566a8:
0000019a 40              669 	.byte	64
0000019b 484654656c49    670 	.strz	"HFTelIntern"
000001a1 6e7465726e00 
000001a7 30              671 	.byte	48
000001a8 08              672 	.byte	8
000001a9 0f              673 	.byte	15
000001aa 0c              674 	.byte	12
000001ab 01              675 	.byte	1
                         676 
                         677 .LDW_4c59448:
000001ac 23              678 	.byte	35
000001ad 7563496400      679 	.strz	"ucId"
000001b2 32              680 	.byte	50
000001b3 11              681 	.byte	17
000001b4 0f              682 	.byte	15
000001b5 00000000*       683 	.word	.LDW_4127308
000001b9 0223            684 	.byte	2,35
000001bb 00              685 	.byte	0
000001bc 01              686 	.byte	1
                         687 
                         688 .LDW_4c5a600:
000001bd 23              689 	.byte	35
000001be 75635000        690 	.strz	"ucP"
000001c2 33              691 	.byte	51
000001c3 11              692 	.byte	17
000001c4 0f              693 	.byte	15
000001c5 00000000*       694 	.word	.LDW_4127308
000001c9 0223            695 	.byte	2,35
000001cb 01              696 	.byte	1
000001cc 01              697 	.byte	1
                         698 
                         699 .LDW_4c5a498:
000001cd 23              700 	.byte	35
000001ce 736354574500    701 	.strz	"scTWE"
000001d4 34              702 	.byte	52
000001d5 0f              703 	.byte	15
000001d6 0f              704 	.byte	15
000001d7 00000000*       705 	.word	.LDW_4126ee0
000001db 0223            706 	.byte	2,35
000001dd 02              707 	.byte	2
000001de 01              708 	.byte	1
                         709 
                         710 .LDW_4c5a4e0:
000001df 23              711 	.byte	35
000001e0 75634c696665    712 	.strz	"ucLifeTime"

                                                                      Page 15
                                                              C:\Users\nhuliyap\AppData\Local\Temp\gh_0000bl81.s
000001e6 54696d6500 
000001eb 35              713 	.byte	53
000001ec 11              714 	.byte	17
000001ed 0f              715 	.byte	15
000001ee 00000000*       716 	.word	.LDW_4127308
000001f2 0223            717 	.byte	2,35
000001f4 03              718 	.byte	3
000001f5 01              719 	.byte	1
                         720 
                         721 .LDW_4c59fd0:
000001f6 23              722 	.byte	35
000001f7 756353746174    723 	.strz	"ucState"
000001fd 6500 
000001ff 36              724 	.byte	54
00000200 11              725 	.byte	17
00000201 0f              726 	.byte	15
00000202 00000000*       727 	.word	.LDW_4127308
00000206 0223            728 	.byte	2,35
00000208 04              729 	.byte	4
00000209 01              730 	.byte	1
                         731 
                         732 .LDW_4c5a2e8:
0000020a 23              733 	.byte	35
0000020b 757368566568    734 	.strz	"ushVehicleSpeed"
00000211 69636c655370 
00000217 65656400 
0000021b 37              735 	.byte	55
0000021c 12              736 	.byte	18
0000021d 0f              737 	.byte	15
0000021e 00000000*       738 	.word	.LDW_4126e70
00000222 0223            739 	.byte	2,35
00000224 06              740 	.byte	6
00000225 01              741 	.byte	1
                         742 
                         743 .LDW_4c5a378:
00000226 23              744 	.byte	35
00000227 7363546100      745 	.strz	"scTa"
0000022c 38              746 	.byte	56
0000022d 0f              747 	.byte	15
0000022e 0f              748 	.byte	15
0000022f 00000000*       749 	.word	.LDW_4126ee0
00000233 0223            750 	.byte	2,35
00000235 08              751 	.byte	8
00000236 01              752 	.byte	1
                         753 
                         754 .LDW_4c5a060:
00000237 23              755 	.byte	35
00000238 736354726566    756 	.strz	"scTref"
0000023e 00 
0000023f 39              757 	.byte	57
00000240 0f              758 	.byte	15
00000241 0f              759 	.byte	15
00000242 00000000*       760 	.word	.LDW_4126ee0
00000246 0223            761 	.byte	2,35
00000248 09              762 	.byte	9
00000249 01              763 	.byte	1
                         764 
                         765 .LDW_4c5a138:
0000024a 23              766 	.byte	35
0000024b 75634b4c5374    767 	.strz	"ucKLState"
00000251 61746500 

                                                                      Page 16
                                                              C:\Users\nhuliyap\AppData\Local\Temp\gh_0000bl81.s
00000255 3a              768 	.byte	58
00000256 11              769 	.byte	17
00000257 0f              770 	.byte	15
00000258 00000000*       771 	.word	.LDW_4127308
0000025c 0223            772 	.byte	2,35
0000025e 0a              773 	.byte	10
0000025f 01              774 	.byte	1
                         775 
00000260 00              776 	.byte	0
                         777 
                         778 .LDW_4c567b0:
00000261 42              779 	.byte	66
00000262 484654656c41    780 	.strz	"HFTelAccess"
00000268 636365737300 
0000026e 3d              781 	.byte	61
0000026f 07              782 	.byte	7
00000270 0f              783 	.byte	15
00000271 0c              784 	.byte	12
00000272 01              785 	.byte	1
                         786 
                         787 	.section	.debug_abbrev
0000008d 42              788 	.byte	66
0000008e 17              789 	.byte	23
0000008f 01              790 	.byte	1
00000090 0308            791 	.byte	3,8
00000092 3b0f            792 	.byte	59,15
00000094 390f            793 	.byte	57,15
00000096 3a0f            794 	.byte	58,15
00000098 0b0f            795 	.byte	11,15
0000009a 320b            796 	.byte	50,11
0000009c 0000            797 	.byte	0,0
                         798 
                         799 	.section	.debug_info
                         800 .LDW_4c5a0a8:
00000273 23              801 	.byte	35
00000274 74484600        802 	.strz	"tHF"
00000278 3f              803 	.byte	63
00000279 16              804 	.byte	22
0000027a 0f              805 	.byte	15
0000027b 00000000*       806 	.word	.LDW_4c566a8
0000027f 0223            807 	.byte	2,35
00000281 00              808 	.byte	0
00000282 01              809 	.byte	1
                         810 
                         811 .LDW_4c5a450:
00000283 23              812 	.byte	35
00000284 756342797465    813 	.strz	"ucByte"
0000028a 00 
0000028b 40              814 	.byte	64
0000028c 11              815 	.byte	17
0000028d 0f              816 	.byte	15
0000028e 00000000*       817 	.word	.LDW_4b90f70
00000292 0223            818 	.byte	2,35
00000294 00              819 	.byte	0
00000295 01              820 	.byte	1
                         821 
00000296 00              822 	.byte	0
                         823 
                         824 .LDW_4169fd8:
00000297 40              825 	.byte	64
00000298 4c6f63616c57    826 	.strz	"LocalWarnDat"

                                                                      Page 17
                                                              C:\Users\nhuliyap\AppData\Local\Temp\gh_0000bl81.s
0000029e 61726e446174 
000002a4 00 
000002a5 43              827 	.byte	67
000002a6 08              828 	.byte	8
000002a7 0f              829 	.byte	15
000002a8 12              830 	.byte	18
000002a9 01              831 	.byte	1
                         832 
                         833 .LDW_4c5a210:
000002aa 23              834 	.byte	35
000002ab 7448464400      835 	.strz	"tHFD"
000002b0 45              836 	.byte	69
000002b1 15              837 	.byte	21
000002b2 0f              838 	.byte	15
000002b3 00000000*       839 	.word	.LDW_4c567b0
000002b7 0223            840 	.byte	2,35
000002b9 00              841 	.byte	0
000002ba 01              842 	.byte	1
                         843 
                         844 .LDW_4c5a330:
000002bb 23              845 	.byte	35
000002bc 74534400        846 	.strz	"tSD"
000002c0 46              847 	.byte	70
000002c1 12              848 	.byte	18
000002c2 0f              849 	.byte	15
000002c3 00000000*       850 	.word	.LDW_4c56078
000002c7 0223            851 	.byte	2,35
000002c9 0c              852 	.byte	12
000002ca 01              853 	.byte	1
                         854 
                         855 .LDW_4c5a018:
000002cb 23              856 	.byte	35
000002cc 756343757257    857 	.strz	"ucCurWarnLevel"
000002d2 61726e4c6576 
000002d8 656c00 
000002db 47              858 	.byte	71
000002dc 11              859 	.byte	17
000002dd 0f              860 	.byte	15
000002de 00000000*       861 	.word	.LDW_4127308
000002e2 0223            862 	.byte	2,35
000002e4 10              863 	.byte	16
000002e5 01              864 	.byte	1
                         865 
                         866 .LDW_4c5a3c0:
000002e6 23              867 	.byte	35
000002e7 505761726d00    868 	.strz	"PWarm"
000002ed 48              869 	.byte	72
000002ee 11              870 	.byte	17
000002ef 0f              871 	.byte	15
000002f0 00000000*       872 	.word	.LDW_4127308
000002f4 0223            873 	.byte	2,35
000002f6 11              874 	.byte	17
000002f7 01              875 	.byte	1
                         876 
000002f8 00              877 	.byte	0
                         878 
                         879 .LDW_4c65b50:
000002f9 16              880 	.byte	22
000002fa 4e764d335f47    881 	.strz	"NvM3_GETucVarCodTemperatureWarningThresEE"
00000300 455475635661 
00000306 72436f645465 

                                                                      Page 18
                                                              C:\Users\nhuliyap\AppData\Local\Temp\gh_0000bl81.s
0000030c 6d7065726174 
00000312 757265576172 
00000318 6e696e675468 
0000031e 726573454500 
00000324 a701            882 	.byte	167,1
00000326 0e              883 	.byte	14
00000327 0c              884 	.byte	12
00000328 00000000*       885 	.word	.LDW_416a1d0
0000032c 01              886 	.byte	1
0000032d 00              887 	.byte	0
0000032e 01              888 	.byte	1
0000032f 01              889 	.byte	1
00000330 00              890 	.byte	0
00000331 01              891 	.byte	1
                         892 
                         893 	.section	.debug_abbrev
0000009e 16              894 	.byte	22
0000009f 2e              895 	.byte	46
000000a0 01              896 	.byte	1
000000a1 0308            897 	.byte	3,8
000000a3 3b0f            898 	.byte	59,15
000000a5 390f            899 	.byte	57,15
000000a7 3a0f            900 	.byte	58,15
000000a9 4910            901 	.byte	73,16
000000ab 3c0c            902 	.byte	60,12
000000ad 200b            903 	.byte	32,11
000000af 3f0c            904 	.byte	63,12
000000b1 320b            905 	.byte	50,11
000000b3 4c0b            906 	.byte	76,11
000000b5 270c            907 	.byte	39,12
000000b7 0000            908 	.byte	0,0
                         909 
                         910 	.section	.debug_info
00000332 00              911 	.byte	0
                         912 
                         913 .LDW_4c67570:
00000333 16              914 	.byte	22
00000334 756347657457    915 	.strz	"ucGetWarnBitWN"
0000033a 61726e426974 
00000340 574e00 
00000343 05              916 	.byte	5
00000344 17              917 	.byte	23
00000345 0f              918 	.byte	15
00000346 00000000*       919 	.word	.LDW_4127308
0000034a 01              920 	.byte	1
0000034b 00              921 	.byte	0
0000034c 01              922 	.byte	1
0000034d 01              923 	.byte	1
0000034e 00              924 	.byte	0
0000034f 01              925 	.byte	1
                         926 
00000350 00              927 	.byte	0
                         928 
                         929 .LDW_4c67608:
00000351 15              930 	.byte	21
00000352 436c65617257    931 	.strz	"ClearWarnBitWN"
00000358 61726e426974 
0000035e 574e00 
00000361 06              932 	.byte	6
00000362 0d              933 	.byte	13
00000363 0f              934 	.byte	15

                                                                      Page 19
                                                              C:\Users\nhuliyap\AppData\Local\Temp\gh_0000bl81.s
00000364 01              935 	.byte	1
00000365 00              936 	.byte	0
00000366 01              937 	.byte	1
00000367 01              938 	.byte	1
00000368 00              939 	.byte	0
00000369 01              940 	.byte	1
                         941 
                         942 	.section	.debug_abbrev
000000b9 15              943 	.byte	21
000000ba 2e              944 	.byte	46
000000bb 01              945 	.byte	1
000000bc 0308            946 	.byte	3,8
000000be 3b0f            947 	.byte	59,15
000000c0 390f            948 	.byte	57,15
000000c2 3a0f            949 	.byte	58,15
000000c4 3c0c            950 	.byte	60,12
000000c6 200b            951 	.byte	32,11
000000c8 3f0c            952 	.byte	63,12
000000ca 320b            953 	.byte	50,11
000000cc 4c0b            954 	.byte	76,11
000000ce 270c            955 	.byte	39,12
000000d0 0000            956 	.byte	0,0
                         957 
                         958 	.section	.debug_info
0000036a 00              959 	.byte	0
                         960 
                         961 .LDW_4c670b0:
0000036b 16              962 	.byte	22
0000036c 756353657457    963 	.strz	"ucSetWarnBitWN"
00000372 61726e426974 
00000378 574e00 
0000037b 07              964 	.byte	7
0000037c 16              965 	.byte	22
0000037d 0f              966 	.byte	15
0000037e 00000000*       967 	.word	.LDW_4127308
00000382 01              968 	.byte	1
00000383 00              969 	.byte	0
00000384 01              970 	.byte	1
00000385 01              971 	.byte	1
00000386 00              972 	.byte	0
00000387 01              973 	.byte	1
                         974 
00000388 00              975 	.byte	0
                         976 
                         977 .LDW_416a030:
00000389 14              978 	.byte	20
0000038a 62545700        979 	.strz	"bTW"
0000038e 0a              980 	.byte	10
0000038f 0f              981 	.byte	15
00000390 01              982 	.byte	1
00000391 00000000*       983 	.word	.LDW_4127308
00000395 00000000*       984 	.word	_bTW
00000399 00000000*       985 	.word	___ghs_eofn_bTW
0000039d 0153            986 	.byte	1,83
0000039f 828080c00b      987 	.byte	130,128,128,192,11
000003a4 10              988 	.byte	16
000003a5 03              989 	.byte	3
000003a6 10              990 	.byte	16
000003a7 00              991 	.byte	0
000003a8 00              992 	.byte	0
000003a9 00              993 	.byte	0

                                                                      Page 20
                                                              C:\Users\nhuliyap\AppData\Local\Temp\gh_0000bl81.s
000003aa 01              994 	.byte	1
000003ab 01              995 	.byte	1
000003ac 00              996 	.byte	0
000003ad 01              997 	.byte	1
                         998 
                         999 	.section	.debug_abbrev
000000d2 14             1000 	.byte	20
000000d3 2e             1001 	.byte	46
000000d4 01             1002 	.byte	1
000000d5 0308           1003 	.byte	3,8
000000d7 3b0f           1004 	.byte	59,15
000000d9 390f           1005 	.byte	57,15
000000db 3a0f           1006 	.byte	58,15
000000dd 4910           1007 	.byte	73,16
000000df 1101           1008 	.byte	17,1
000000e1 1201           1009 	.byte	18,1
000000e3 400a           1010 	.byte	64,10
000000e5 8341           1011 	.byte	131,65
000000e7 0f             1012 	.byte	15
000000e8 8741           1013 	.byte	135,65
000000ea 0d             1014 	.byte	13
000000eb 8541           1015 	.byte	133,65
000000ed 0f             1016 	.byte	15
000000ee 8641           1017 	.byte	134,65
000000f0 0d             1018 	.byte	13
000000f1 9241           1019 	.byte	146,65
000000f3 0f             1020 	.byte	15
000000f4 3c0c           1021 	.byte	60,12
000000f6 200b           1022 	.byte	32,11
000000f8 3f0c           1023 	.byte	63,12
000000fa 320b           1024 	.byte	50,11
000000fc 4c0b           1025 	.byte	76,11
000000fe 270c           1026 	.byte	39,12
00000100 0000           1027 	.byte	0,0
                        1028 
                        1029 	.section	.debug_frame
                        1030 .LDW_4c57ff8:
00000090 00000000*      1031 	.word	.LDW_unq_4-.LDW_unq_3
                        1032 .LDW_unq_3:
00000094 00000000*      1033 	.word	.LDW_4c443d0
00000098 00000000*      1034 	.word	_bTW
0000009c 00000000*      1035 	.word	___ghs_eofn_bTW-_bTW
000000a0 44             1036 	.byte	68
000000a1 9f             1037 	.byte	159
000000a2 00             1038 	.byte	0
000000a3 40             1039 	.byte	64
000000a4 9d             1040 	.byte	157
000000a5 04             1041 	.byte	4
000000a6 40             1042 	.byte	64
000000a7 9c             1043 	.byte	156
000000a8 08             1044 	.byte	8
000000a9 40             1045 	.byte	64
000000aa 9b             1046 	.byte	155
000000ab 0c             1047 	.byte	12
000000ac 01             1048 	.byte	1
000000ad 00000000*      1049 	.word	.LDW11
000000b1 00             1050 	.byte	0
000000b2 00             1051 	.byte	0
000000b3 00             1052 	.byte	0
                        1053 .LDW_unq_4:
                        1054 	.section	.debug_line

                                                                      Page 21
                                                              C:\Users\nhuliyap\AppData\Local\Temp\gh_0000bl81.s
000002a9 000502         1055 	.byte	0,5,2
000002ac 00000000*      1056 	.word	_bTW
000002b0 03             1057 	.byte	3
000002b1 0a             1058 	.byte	10
000002b2 02             1059 	.byte	2
000002b3 00             1060 	.byte	0
000002b4 01             1061 	.byte	1
000002b5 06             1062 	.byte	6
000002b6 23             1063 	.byte	35
000002b7 03             1064 	.byte	3
000002b8 07             1065 	.byte	7
000002b9 02             1066 	.byte	2
000002ba 02             1067 	.byte	2
000002bb 01             1068 	.byte	1
000002bc 000502         1069 	.byte	0,5,2
000002bf 00000000*      1070 	.word	.LDWlin1
000002c3 0b             1071 	.byte	11
000002c4 000502         1072 	.byte	0,5,2
000002c7 00000000*      1073 	.word	.LDWlin2
000002cb 0c             1074 	.byte	12
000002cc 000502         1075 	.byte	0,5,2
000002cf 00000000*      1076 	.word	.LDWlin3
000002d3 0b             1077 	.byte	11
000002d4 0c             1078 	.byte	12
000002d5 000502         1079 	.byte	0,5,2
000002d8 00000000*      1080 	.word	.LDWlin4
000002dc 03             1081 	.byte	3
000002dd 13             1082 	.byte	19
000002de 02             1083 	.byte	2
000002df 00             1084 	.byte	0
000002e0 01             1085 	.byte	1
000002e1 02             1086 	.byte	2
000002e2 00             1087 	.byte	0
000002e3 0b             1088 	.byte	11
000002e4 02             1089 	.byte	2
000002e5 00             1090 	.byte	0
000002e6 0c             1091 	.byte	12
000002e7 06             1092 	.byte	6
000002e8 02             1093 	.byte	2
000002e9 02             1094 	.byte	2
000002ea 06             1095 	.byte	6
000002eb 000502         1096 	.byte	0,5,2
000002ee 00000000*      1097 	.word	.LDWlin5
000002f2 03             1098 	.byte	3
000002f3 6e             1099 	.byte	110
000002f4 02             1100 	.byte	2
000002f5 00             1101 	.byte	0
000002f6 01             1102 	.byte	1
000002f7 02             1103 	.byte	2
000002f8 00             1104 	.byte	0
000002f9 0b             1105 	.byte	11
000002fa 0c             1106 	.byte	12
000002fb 0c             1107 	.byte	12
000002fc 000502         1108 	.byte	0,5,2
000002ff 00000000*      1109 	.word	.LDWlin6
00000303 0b             1110 	.byte	11
00000304 0c             1111 	.byte	12
00000305 000502         1112 	.byte	0,5,2
00000308 00000000*      1113 	.word	.LDWlin7
0000030c 0b             1114 	.byte	11
0000030d 06             1115 	.byte	6

                                                                      Page 22
                                                              C:\Users\nhuliyap\AppData\Local\Temp\gh_0000bl81.s
0000030e 000502         1116 	.byte	0,5,2
00000311 00000000*      1117 	.word	.LDWlin8
00000315 03             1118 	.byte	3
00000316 76             1119 	.byte	118
00000317 02             1120 	.byte	2
00000318 00             1121 	.byte	0
00000319 01             1122 	.byte	1
0000031a 06             1123 	.byte	6
0000031b 03             1124 	.byte	3
0000031c 0b             1125 	.byte	11
0000031d 02             1126 	.byte	2
0000031e 00             1127 	.byte	0
0000031f 01             1128 	.byte	1
00000320 0c             1129 	.byte	12
00000321 0c             1130 	.byte	12
00000322 02             1131 	.byte	2
00000323 0e             1132 	.byte	14
00000324 000101         1133 	.byte	0,1,1
                        1134 	.section	.debug_info
                        1135 .LDW_416a0c8:
000003ae 0f             1136 	.byte	15
000003af 70744c574400   1137 	.strz	"ptLWD"
000003b5 0a             1138 	.byte	10
000003b6 29             1139 	.byte	41
000003b7 01             1140 	.byte	1
000003b8 00000000*      1141 	.word	.LDW_4126e38
000003bc 00             1142 	.byte	0
000003bd 016d           1143 	.byte	1,109
                        1144 
                        1145 	.section	.debug_abbrev
00000102 0f             1146 	.byte	15
00000103 05             1147 	.byte	5
00000104 00             1148 	.byte	0
00000105 0308           1149 	.byte	3,8
00000107 3b0f           1150 	.byte	59,15
00000109 390f           1151 	.byte	57,15
0000010b 3a0f           1152 	.byte	58,15
0000010d 4910           1153 	.byte	73,16
0000010f 4b0c           1154 	.byte	75,12
00000111 020a           1155 	.byte	2,10
00000113 0000           1156 	.byte	0,0
                        1157 
                        1158 	.section	.debug_info
                        1159 .LDW_416a120:
000003bf 0f             1160 	.byte	15
000003c0 75635761726e   1161 	.strz	"ucWarnCfg"
000003c6 43666700 
000003ca 0a             1162 	.byte	10
000003cb 3e             1163 	.byte	62
000003cc 01             1164 	.byte	1
000003cd 00000000*      1165 	.word	.LDW_4127308
000003d1 00             1166 	.byte	0
000003d2 0157           1167 	.byte	1,87
                        1168 
                        1169 .LDW_416e6a0:
000003d4 1d             1170 	.byte	29
000003d5 00000000*      1171 	.word	.LDW01
000003d9 00000000*      1172 	.word	.LDW11
                        1173 
                        1174 	.section	.debug_abbrev
00000115 1d             1175 	.byte	29

                                                                      Page 23
                                                              C:\Users\nhuliyap\AppData\Local\Temp\gh_0000bl81.s
00000116 0b             1176 	.byte	11
00000117 01             1177 	.byte	1
00000118 1101           1178 	.byte	17,1
0000011a 1201           1179 	.byte	18,1
0000011c 0000           1180 	.byte	0,0
                        1181 
                        1182 	.section	.debug_info
                        1183 .LDW_416a178:
000003dd 04             1184 	.byte	4
000003de 756352657400   1185 	.strz	"ucRet"
000003e4 0c             1186 	.byte	12
000003e5 11             1187 	.byte	17
000003e6 01             1188 	.byte	1
000003e7 00000000*      1189 	.word	.LDW_4127308
000003eb 00             1190 	.byte	0
000003ec 00             1191 	.byte	0
000003ed 016c           1192 	.byte	1,108
                        1193 
                        1194 	.section	.debug_abbrev
0000011e 04             1195 	.byte	4
0000011f 34             1196 	.byte	52
00000120 00             1197 	.byte	0
00000121 0308           1198 	.byte	3,8
00000123 3b0f           1199 	.byte	59,15
00000125 390f           1200 	.byte	57,15
00000127 3a0f           1201 	.byte	58,15
00000129 4910           1202 	.byte	73,16
0000012b 3f0c           1203 	.byte	63,12
0000012d 3c0c           1204 	.byte	60,12
0000012f 020a           1205 	.byte	2,10
00000131 0000           1206 	.byte	0,0
                        1207 
                        1208 	.section	.debug_info
                        1209 .LDW_416a228:
000003ef 04             1210 	.byte	4
000003f0 53385f54656d   1211 	.strz	"S8_TempThreshold"
000003f6 705468726573 
000003fc 686f6c6400 
00000401 0d             1212 	.byte	13
00000402 09             1213 	.byte	9
00000403 01             1214 	.byte	1
00000404 00000000*      1215 	.word	.LDW_416a1d0
00000408 00             1216 	.byte	0
00000409 00             1217 	.byte	0
0000040a 016b           1218 	.byte	1,107
                        1219 
                        1220 .LDW_416a2d8:
0000040c 05             1221 	.byte	5
0000040d 55385f437572   1222 	.strz	"U8_CurrentWarnBitState"
00000413 72656e745761 
00000419 726e42697453 
0000041f 7461746500 
00000424 0e             1223 	.byte	14
00000425 09             1224 	.byte	9
00000426 01             1225 	.byte	1
00000427 00000000*      1226 	.word	.LDW_416a280
0000042b 00             1227 	.byte	0
0000042c 00             1228 	.byte	0
                        1229 
                        1230 	.section	.debug_abbrev
00000133 05             1231 	.byte	5

                                                                      Page 24
                                                              C:\Users\nhuliyap\AppData\Local\Temp\gh_0000bl81.s
00000134 34             1232 	.byte	52
00000135 00             1233 	.byte	0
00000136 0308           1234 	.byte	3,8
00000138 3b0f           1235 	.byte	59,15
0000013a 390f           1236 	.byte	57,15
0000013c 3a0f           1237 	.byte	58,15
0000013e 4910           1238 	.byte	73,16
00000140 3f0c           1239 	.byte	63,12
00000142 3c0c           1240 	.byte	60,12
00000144 0000           1241 	.byte	0,0
                        1242 
                        1243 	.section	.debug_info
                        1244 .LDW_416dc00:
0000042d 05             1245 	.byte	5
0000042e 4c6f63616c57   1246 	.strz	"LocalWarnCfgToRemoveWarning"
00000434 61726e436667 
0000043a 546f52656d6f 
00000440 76655761726e 
00000446 696e6700 
0000044a 0f             1247 	.byte	15
0000044b 09             1248 	.byte	9
0000044c 01             1249 	.byte	1
0000044d 00000000*      1250 	.word	.LDW_416a280
00000451 00             1251 	.byte	0
00000452 00             1252 	.byte	0
                        1253 
00000453 00             1254 	.byte	0
                        1255 
00000454 00             1256 	.byte	0
                        1257 
00000455 00             1258 	.byte	0
                        1259 
                        1260 	.section	.debug_line
                        1261 .Ldw_line_end:
                        1262 	.section	.debug_macinfo
00000000 01             1263 	.byte	1
00000001 00             1264 	.byte	0
00000002 5f5f6768735f   1265 	.strz	"__ghs__ 1"
00000008 5f203100 
0000000c 01             1266 	.byte	1
0000000d 00             1267 	.byte	0
0000000e 5f5f4c4c4f4e   1268 	.strz	"__LLONG_BIT 64"
00000014 475f42495420 
0000001a 363400 
0000001d 01             1269 	.byte	1
0000001e 00             1270 	.byte	0
0000001f 494254434d5f   1271 	.strz	"IBTCM_SW_ANPASSUNGEN 1"
00000025 53575f414e50 
0000002b 415353554e47 
00000031 454e203100 
00000036 01             1272 	.byte	1
00000037 00             1273 	.byte	0
00000038 4255494c445f   1274 	.strz	"BUILD_LORDSTOWN 1"
0000003e 4c4f52445354 
00000044 4f574e203100 
0000004a 03             1275 	.byte	3
0000004b 00             1276 	.byte	0
0000004c 01             1277 	.byte	1
0000004d 03             1278 	.byte	3
0000004e 03             1279 	.byte	3
0000004f 02             1280 	.byte	2

                                                                      Page 25
                                                              C:\Users\nhuliyap\AppData\Local\Temp\gh_0000bl81.s
00000050 03             1281 	.byte	3
00000051 06             1282 	.byte	6
00000052 03             1283 	.byte	3
00000053 03             1284 	.byte	3
00000054 04             1285 	.byte	4
00000055 04             1286 	.byte	4
00000056 03             1287 	.byte	3
00000057 07             1288 	.byte	7
00000058 05             1289 	.byte	5
00000059 03             1290 	.byte	3
0000005a 1c             1291 	.byte	28
0000005b 06             1292 	.byte	6
0000005c 01             1293 	.byte	1
0000005d 3c             1294 	.byte	60
0000005e 545255452031   1295 	.strz	"TRUE 1u"
00000064 7500 
00000066 01             1296 	.byte	1
00000067 40             1297 	.byte	64
00000068 46414c534520   1298 	.strz	"FALSE 0u"
0000006e 307500 
00000071 04             1299 	.byte	4
00000072 03             1300 	.byte	3
00000073 1d             1301 	.byte	29
00000074 07             1302 	.byte	7
00000075 03             1303 	.byte	3
00000076 1b             1304 	.byte	27
00000077 08             1305 	.byte	8
00000078 03             1306 	.byte	3
00000079 54             1307 	.byte	84
0000007a 09             1308 	.byte	9
0000007b 04             1309 	.byte	4
0000007c 04             1310 	.byte	4
0000007d 04             1311 	.byte	4
0000007e 04             1312 	.byte	4
0000007f 04             1313 	.byte	4
00000080 01             1314 	.byte	1
00000081 0e             1315 	.byte	14
00000082 50524f445543   1316 	.strz	"PRODUCTION_SW 0x0"
00000088 54494f4e5f53 
0000008e 572030783000 
00000094 01             1317 	.byte	1
00000095 0f             1318 	.byte	15
00000096 444556454c4f   1319 	.strz	"DEVELOPMENT_SW 0x1"
0000009c 504d454e545f 
000000a2 535720307831 
000000a8 00 
000000a9 01             1320 	.byte	1
000000aa 10             1321 	.byte	16
000000ab 53575f434154   1322 	.strz	"SW_CATEGORY PRODUCTION_SW"
000000b1 45474f525920 
000000b7 50524f445543 
000000bd 54494f4e5f53 
000000c3 5700 
000000c5 04             1323 	.byte	4
000000c6 01             1324 	.byte	1
000000c7 08             1325 	.byte	8
000000c8 4d41585f5349   1326 	.strz	"MAX_SIZE_WS_TELEGRAM 16U"
000000ce 5a455f57535f 
000000d4 54454c454752 
000000da 414d20313655 
000000e0 00 

                                                                      Page 26
                                                              C:\Users\nhuliyap\AppData\Local\Temp\gh_0000bl81.s
000000e1 01             1327 	.byte	1
000000e2 11             1328 	.byte	17
000000e3 4e564d5f424c   1329 	.strz	"NVM_BLOCK_TYPE uint32"
000000e9 4f434b5f5459 
000000ef 50452075696e 
000000f5 74333200 
000000f9 04             1330 	.byte	4
000000fa 03             1331 	.byte	3
000000fb 04             1332 	.byte	4
000000fc 0a             1333 	.byte	10
000000fd 03             1334 	.byte	3
000000fe 06             1335 	.byte	6
000000ff 0b             1336 	.byte	11
00000100 04             1337 	.byte	4
00000101 01             1338 	.byte	1
00000102 18             1339 	.byte	24
00000103 53454e534f52   1340 	.strz	"SENSOR_AUFLOESUNG_25MBAR "
00000109 5f4155464c4f 
0000010f 4553554e475f 
00000115 32354d424152 
0000011b 2000 
0000011d 04             1341 	.byte	4
0000011e 03             1342 	.byte	3
0000011f 05             1343 	.byte	5
00000120 0c             1344 	.byte	12
00000121 03             1345 	.byte	3
00000122 1b             1346 	.byte	27
00000123 0d             1347 	.byte	13
00000124 01             1348 	.byte	1
00000125 9d01           1349 	.byte	157,1
00000127 4650412000     1350 	.strz	"FPA "
0000012c 01             1351 	.byte	1
0000012d 9f01           1352 	.byte	159,1
0000012f 4142535f5465   1353 	.strz	"ABS_Test_LOG_ENABLE "
00000135 73745f4c4f47 
0000013b 5f454e41424c 
00000141 452000 
00000144 04             1354 	.byte	4
00000145 04             1355 	.byte	4
00000146 03             1356 	.byte	3
00000147 06             1357 	.byte	6
00000148 0e             1358 	.byte	14
00000149 01             1359 	.byte	1
0000014a 0e             1360 	.byte	14
0000014b 70625f514143   1361 	.strz	"pb_QACStatic_160503 "
00000151 537461746963 
00000157 5f3136303530 
0000015d 332000 
00000160 01             1362 	.byte	1
00000161 17             1363 	.byte	23
00000162 756353756d57   1364 	.strz	"ucSumWEc (unsigned char) 4"
00000168 45632028756e 
0000016e 7369676e6564 
00000174 206368617229 
0000017a 203400 
0000017d 04             1365 	.byte	4
0000017e 03             1366 	.byte	3
0000017f 07             1367 	.byte	7
00000180 0f             1368 	.byte	15
00000181 04             1369 	.byte	4
00000182 03             1370 	.byte	3

                                                                      Page 27
                                                              C:\Users\nhuliyap\AppData\Local\Temp\gh_0000bl81.s
00000183 08             1371 	.byte	8
00000184 10             1372 	.byte	16
00000185 01             1373 	.byte	1
00000186 49             1374 	.byte	73
00000187 756354577863   1375 	.strz	"ucTWxc (unsigned char) 2"
0000018d 2028756e7369 
00000193 676e65642063 
00000199 686172292032 
0000019f 00 
000001a0 04             1376 	.byte	4
000001a1 04             1377 	.byte	4
000001a2 00             1378 	.byte	0
                        1379 	.section	.debug_abbrev
00000146 00             1380 	.byte	0
                        1381 	.section	.debug_info
                        1382 .Ldw_end:
                        1383 .rh850_flags REGMODE32,DATA_ALIGN8,GP_FIX,EP_NONFIX,TP_FIX,REG2_RESERVE,G3K,GHS_MISALIGN,SDA_EXTRA_REGS_0
