                                                                      Page 1
                                                              C:\Users\nhuliyap\AppData\Local\Temp\gh_00005241.s
Command Line: C:\ghs\comp_201517\ease850.exe -w -elf -b0 -I../source/common -I../source/ProjectCompiler -I../source/ProjectCfg -I../source/SwcApplTpms -I../source/SwcApplEcuM -I../source/SwcServiceBswM -I../source/SwcServiceEcuM -I../source/SwcServiceNvM -I../source/SwcServiceOs -I../source/SwcServiceStartUp -I../source/McalAdc -I../source/McalDio -I../source/McalGpt -I../source/McalMcu -I../source/McalWdg -I../source/wrappers -I../source/wrappers/McalAta -I../source/McalLin -I../source/McalCan -I../source/wrappers/OS -I../source/McalFls -I../source/EcuabFee -I../source/EcuabMemIf -I../source/wrappers/VStdLib -I../source/wrappers/Crc -I../source/wrappers/FBL_APPL -I../source/wrappers/NVM_MANAGER -I../source/wrappers/DEM_MANAGER -I../source/wrappers/RDC_MANAGER -I../source/wrappers/ENV_MANAGER -I../source/wrappers/SYS_MANAGER -I../source/wrappers/EcuabCanIf -I../source/EcuabCanTrcv -I../source/wrappers/SwcServiceCanSM -I../source/wrappers/SwcServiceCanTp -I../source/wrappers/SwcServiceCanTp_PreCompile -I../source/wrappers/SwcServiceCom -I../source/wrappers/SwcServiceComM -I../source/wrappers/SwcServiceDcm -I../source/wrappers/SwcServicePduR -I../source/wrappers/SwcServiceEcuM -I../source/wrappers/Bfx -I../source/wrappers/SwcServiceDem -I../source/SwcServiceCom -I../source/SwcServiceDet -I../source/SwcServiceFiM -I../source/SwcServicePduR -I../source/SwcServiceSchM -I../source/wrappers/LibAutosarDiag -I../source/wrappers/rba_BswSrv -IC:\ghs\comp_201517\lib\rh850 -cg_underscore -cpu=rh850g3k -no_v850_simd -rh850_fpsimd=none -nomacro -patch_dbo=C:\_ECU2\ECU_Rivian_A1\Target\repo_projects\pRealEcu\cR_R2023.09.15\make\output\objects\Bfx_TstParityEven_u16_u8.dbo -source=Bfx_TstParityEven_u16_u8.c -o output\objects\gh_00005241.o -list=output\list\Bfx_TstParityEven_u16_u8.lst C:\Users\nhuliyap\AppData\Local\Temp\gh_00005241.s 
Original File: C:\Users\nhuliyap\AppData\Local\Temp\gh_00005241.s
Source File: Bfx_TstParityEven_u16_u8.c
Directory: C:\_ECU2\ECU_Rivian_A1\Target\repo_projects\pRealEcu\cR_R2023.09.15\make
Host OS: Windows
EASE: Copyright (C) 1983-2015 Green Hills Software.  All Rights Reserved.
Release: Compiler v2015.1.7
Build Directory: [Directory] BTOWORKER6:c:/build_2015_1_bto/2015-10-21.2100-2015_1_bto/win32-comp-ecom
Revision: [VCInfo] http://toolsvc/branches/release-branch-70-bto/src@544153 (built by build)
Revision Date: Thu Oct 22 07:50:13 2015

Release Date: Thu Oct 22 09:32:32 2015

                           1 --Driver Command: ccv850 ../source/wrappers/Bfx/Bfx_TstParityEven_u16_u8.c
                           2 --		-cpu=rh850 -fhard -ignore_callt_state_in_interrupts -large_sda
                           3 --		-misalign_pack -nofarcalls -nofloatio -no_callt -Ogeneral
                           4 --		-Onounroll -prepare_dispose -registermode=32 -reserve_r2 -sda=0
                           5 --		-shorten_loads -Wshadow --brief_diagnostics --no_commons
                           6 --		--no_wrap_diagnostics --prototype_errors --short_enum -list -G
                           7 --		-dual_debug -dwarf -X5523 -lnk=-no_xda_modifications -D
                           8 --		NOT_READY_FOR_TESTING_OR_DEPLOYMENT -D IBTCM_SW_ANPASSUNGEN -D
                           9 --		BUILD_RIVIAN -c -inline_prologue -I../source/common
                          10 --		-I../source/ProjectCompiler -I../source/ProjectCfg
                          11 --		-I../source/SwcApplTpms -I../source/SwcApplEcuM
                          12 --		-I../source/SwcServiceBswM -I../source/SwcServiceEcuM
                          13 --		-I../source/SwcServiceNvM -I../source/SwcServiceOs
                          14 --		-I../source/SwcServiceStartUp -I../source/McalAdc
                          15 --		-I../source/McalDio -I../source/McalGpt -I../source/McalMcu
                          16 --		-I../source/McalWdg -I../source/wrappers
                          17 --		-I../source/wrappers/McalAta -I../source/McalLin
                          18 --		-I../source/McalCan -I../source/wrappers/OS -I../source/McalFls
                          19 --		-I../source/EcuabFee -I../source/EcuabMemIf
                          20 --		-I../source/wrappers/VStdLib -I../source/wrappers
                          21 --		-I../source/wrappers/Crc -I../source/wrappers/FBL_APPL
                          22 --		-I../source/wrappers/NVM_MANAGER -I../source/wrappers/DEM_MANAGER
                          23 --		-I../source/wrappers/RDC_MANAGER -I../source/wrappers/ENV_MANAGER
                          24 --		-I../source/wrappers/SYS_MANAGER -I../source/wrappers/EcuabCanIf
                          25 --		-I../source/EcuabCanTrcv -I../source/wrappers/SwcServiceCanSM
                          26 --		-I../source/wrappers/SwcServiceCanTp
                          27 --		-I../source/wrappers/SwcServiceCanTp_PreCompile
                          28 --		-I../source/wrappers/SwcServiceCom
                          29 --		-I../source/wrappers/SwcServiceComM
                          30 --		-I../source/wrappers/SwcServiceDcm
                          31 --		-I../source/wrappers/SwcServicePduR
                          32 --		-I../source/wrappers/SwcServiceEcuM -I../source/wrappers/Bfx
                          33 --		-I../source/wrappers/SwcServiceDem -I../source/SwcServiceCom
                          34 --		-I../source/SwcServiceDet -I../source/SwcServiceFiM
                          35 --		-I../source/SwcServicePduR -I../source/SwcServiceSchM
                          36 --		-I../source/wrappers/LibAutosarDiag
                          37 --		-I../source/wrappers/rba_BswSrv -object_dir=output/objects
                          38 --		-list_dir=output/list
                          39 --Source File:   ../source/wrappers/Bfx/Bfx_TstParityEven_u16_u8.c
                          40 --Directory:     
                          41 --		C:\_ECU2\ECU_Rivian_A1\Target\repo_projects\pRealEcu\cR_R2023.09.15\make
                          42 --Compile Date:  Fri Sep 15 15:22:36 2023
                          43 --Host OS:       Win32
                          44 --Version:       C-RH850 2015.1.7 RELEASE VERSION
                          45 --Release:       Compiler v2015.1.7
                          46 --Revision Date: Thu Oct 22 08:06:12 2015
                          47 --Release Date:  Thu Oct 22 09:34:32 2015
                          48 -- ecom  -g -w -OM
                          49 	.text
                          50 ..bof.C.3A.5C_ECU2.5CECU_Rivian_A1.5CTarget.5Crepo_projects.5CpRealEcu.5CcR_R2023.2E09.2E15.5Cmake.5Coutput.5Cobjects.5CBfx_TstParityEven_u16_u8...43.3A.5C_ECU2.5CECU_Rivian_A1.5CTarget.5Crepo_projects.5CpRealEcu.5CcR_R2023.2E09.2E15.5Cmake..65045A9C..0::

                                                                      Page 2
                                                              C:\Users\nhuliyap\AppData\Local\Temp\gh_00005241.s
                          51 	.align	2
                          52 ..gh.f.f.1.e.0:
                          53 	.type	..gh.f.f.1.e.0,@object
                          54 	.size	..gh.f.f.1.e.0,0
                          55 	.global	_Bfx_TstParityEven_u16_u8
                          56 _Bfx_TstParityEven_u16_u8:
00000000 c600             57 	zxh	r6
                          58 --	    .bf
                          59 .LDW01:
00000002 019a             60 	mov	1,r19
00000004 d505*            61 	br	.L49
                          62 .L48:
00000006 c6960100         63 	andi	1,r6,r18
0000000a 3299             64 	xor	r18,r19
0000000c 8132             65 	shr	1,r6
                          66 .L49:
0000000e e031             67 	cmp	zero,r6
00000010 bafd*            68 	bne	.L48
00000012 e099             69 	cmp	zero,r19
00000014 ea570000         70 	setfne	r10
                          71 --	    .ef
                          72 .LDW11:
                          73 --line20
                          74 ..lin.C.3A.5C_ECU2.5CECU_Rivian_A1.5CTarget.5Crepo_projects.5CpRealEcu.5CcR_R2023.2E09.2E15.5Cmake.5Coutput.5Cobjects.5CBfx_TstParityEven_u16_u8.1::
                          75 .LDWlin1:
00000018 7f00             76 	jmp	[lp]
                          77 	.global	___ghs_eofn_Bfx_TstParityEven_u16_u8
                          78 ___ghs_eofn_Bfx_TstParityEven_u16_u8:
                          79 	.type	_Bfx_TstParityEven_u16_u8,@function
                          80 	.size	_Bfx_TstParityEven_u16_u8,.-_Bfx_TstParityEven_u16_u8
                          81 	.align	2
                          82 --_tmp_u32	r6	local
                          83 --_Parity_Bit_u32	r19	local
                          84 
                          85 --_Data	r6	param
                          86 
                          87 	.section ".bss","awb"
                          88 .L96:
                          89 	.type	.L96,@object
                          90 	.size	.L96,0
                          91 	.data
                          92 	.text
                          93 	.align	2
                          94 
                          95 	.data
                          96 	.ghsnote version,17
                          97 	.ghsnote tools,3
                          98 	.ghsnote options,144
                          99 	.text
                         100 	.align	2
                         101 ..eof.C.3A.5C_ECU2.5CECU_Rivian_A1.5CTarget.5Crepo_projects.5CpRealEcu.5CcR_R2023.2E09.2E15.5Cmake.5Coutput.5Cobjects.5CBfx_TstParityEven_u16_u8...43.3A.5C_ECU2.5CECU_Rivian_A1.5CTarget.5Crepo_projects.5CpRealEcu.5CcR_R2023.2E09.2E15.5Cmake..65045A9C..0::
                         102 	.section	.debug_info
                         103 .Ldw_begin:
00000000 48020000        104 	.word	.Ldw_end-.Ldw_begin-4
00000004 0200            105 	.byte	2,0
00000006 00000000*       106 	.word	.Ldw_abbr_begin
0000000a 04              107 	.byte	4
                         108 	.section	.debug_abbrev
                         109 .Ldw_abbr_begin:
                         110 	.section	.debug_info
0000000b 01              111 	.byte	1

                                                                      Page 3
                                                              C:\Users\nhuliyap\AppData\Local\Temp\gh_00005241.s
0000000c 00000000*       112 	.word	..bof.C.3A.5C_ECU2.5CECU_Rivian_A1.5CTarget.5Crepo_projects.5CpRealEcu.5CcR_R2023.2E09.2E15.5Cmake.5Coutput.5Cobjects.5CBfx_TstParityEven_u16_u8...43.3A.5C_ECU2.5CECU_Rivian_A1.5CTarget.5Crepo_projects.5CpRealEcu.5CcR_R2023.2E09.2E15.5Cmake..65045A9C..0
00000010 00000000*       113 	.word	..eof.C.3A.5C_ECU2.5CECU_Rivian_A1.5CTarget.5Crepo_projects.5CpRealEcu.5CcR_R2023.2E09.2E15.5Cmake.5Coutput.5Cobjects.5CBfx_TstParityEven_u16_u8...43.3A.5C_ECU2.5CECU_Rivian_A1.5CTarget.5Crepo_projects.5CpRealEcu.5CcR_R2023.2E09.2E15.5Cmake..65045A9C..0
00000014 2e2e2f736f75    114 	.strz	"../source/wrappers/Bfx/Bfx_TstParityEven_u16_u8.c"
0000001a 7263652f7772 
00000020 617070657273 
00000026 2f4266782f42 
0000002c 66785f547374 
00000032 506172697479 
00000038 4576656e5f75 
0000003e 31365f75382e 
00000044 6300 
00000046 433a5c5f4543    115 	.strz	"C:\\_ECU2\\ECU_Rivian_A1\\Target\\repo_projects\\pRealEcu\\cR_R2023.09.15\\make"
0000004c 55325c454355 
00000052 5f5269766961 
00000058 6e5f41315c54 
0000005e 61726765745c 
00000064 7265706f5f70 
0000006a 726f6a656374 
00000070 735c70526561 
00000076 6c4563755c63 
0000007c 525f52323032 
00000082 332e30392e31 
00000088 355c6d616b65 
0000008e 00 
0000008f 474853204320    116 	.strz	"GHS C 2015.1.7 [dual]"
00000095 323031352e31 
0000009b 2e37205b6475 
000000a1 616c5d00 
000000a5 0100            117 	.byte	1,0
000000a7 00000000*       118 	.word	.Ldw_line_begin
000000ab 00000000*       119 	.word	.Ldw_macinfo_begin
000000af 00              120 	.byte	0
                         121 
                         122 	.section	.debug_abbrev
00000000 01              123 	.byte	1
00000001 11              124 	.byte	17
00000002 01              125 	.byte	1
00000003 1101            126 	.byte	17,1
00000005 1201            127 	.byte	18,1
00000007 0308            128 	.byte	3,8
00000009 1b08            129 	.byte	27,8
0000000b 2508            130 	.byte	37,8
0000000d 1305            131 	.byte	19,5
0000000f 1006            132 	.byte	16,6
00000011 4306            133 	.byte	67,6
00000013 420b            134 	.byte	66,11
00000015 0000            135 	.byte	0,0
                         136 
                         137 	.section	.debug_line
                         138 .Ldw_line_begin:
00000000 59020000        139 	.word	.Ldw_line_end-.Ldw_line_begin-4
00000004 0200            140 	.byte	2,0
00000006 00000000*       141 	.word	.Ldw_lpro_end-.Ldw_lpro_begin
                         142 .Ldw_lpro_begin:
0000000a 01              143 	.byte	1
0000000b 00              144 	.byte	0
0000000c 00              145 	.byte	0
0000000d 04              146 	.byte	4
0000000e 0a              147 	.byte	10
0000000f 000101          148 	.byte	0,1,1
00000012 010100          149 	.byte	1,1,0

                                                                      Page 4
                                                              C:\Users\nhuliyap\AppData\Local\Temp\gh_00005241.s
00000015 000001          150 	.byte	0,0,1
00000018 00              151 	.byte	0
00000019 2e2e2f736f75    152 	.strz	"../source/wrappers/Bfx/Bfx_TstParityEven_u16_u8.c"
0000001f 7263652f7772 
00000025 617070657273 
0000002b 2f4266782f42 
00000031 66785f547374 
00000037 506172697479 
0000003d 4576656e5f75 
00000043 31365f75382e 
00000049 6300 
0000004b 000000          153 	.byte	0,0,0
0000004e 2e2e2f736f75    154 	.strz	"../source/common/Std_Types.hpp"
00000054 7263652f636f 
0000005a 6d6d6f6e2f53 
00000060 74645f547970 
00000066 65732e687070 
0000006c 00 
0000006d 000000          155 	.byte	0,0,0
00000070 2e2e2f736f75    156 	.strz	"../source/common/Platform_Types.hpp"
00000076 7263652f636f 
0000007c 6d6d6f6e2f50 
00000082 6c6174666f72 
00000088 6d5f54797065 
0000008e 732e68707000 
00000094 000000          157 	.byte	0,0,0
00000097 2e2e2f736f75    158 	.strz	"../source/common/Compiler.hpp"
0000009d 7263652f636f 
000000a3 6d6d6f6e2f43 
000000a9 6f6d70696c65 
000000af 722e68707000 
000000b5 000000          159 	.byte	0,0,0
000000b8 2e2e2f736f75    160 	.strz	"../source/ProjectCompiler/Compiler_Cfg.hpp"
000000be 7263652f5072 
000000c4 6f6a65637443 
000000ca 6f6d70696c65 
000000d0 722f436f6d70 
000000d6 696c65725f43 
000000dc 66672e687070 
000000e2 00 
000000e3 000000          161 	.byte	0,0,0
000000e6 2e2e2f736f75    162 	.strz	"../source/ProjectCompiler/CompilerCfg_SwcServiceOs.hpp"
000000ec 7263652f5072 
000000f2 6f6a65637443 
000000f8 6f6d70696c65 
000000fe 722f436f6d70 
00000104 696c65724366 
0000010a 675f53776353 
00000110 657276696365 
00000116 4f732e687070 
0000011c 00 
0000011d 000000          163 	.byte	0,0,0
00000120 2e2e2f736f75    164 	.strz	"../source/wrappers/Bfx/Bfx.hpp"
00000126 7263652f7772 
0000012c 617070657273 
00000132 2f4266782f42 
00000138 66782e687070 
0000013e 00 
0000013f 000000          165 	.byte	0,0,0
00000142 2e2e2f736f75    166 	.strz	"../source/wrappers/Bfx/Bfx_Types.hpp"
00000148 7263652f7772 

                                                                      Page 5
                                                              C:\Users\nhuliyap\AppData\Local\Temp\gh_00005241.s
0000014e 617070657273 
00000154 2f4266782f42 
0000015a 66785f547970 
00000160 65732e687070 
00000166 00 
00000167 000000          167 	.byte	0,0,0
0000016a 2e2e2f736f75    168 	.strz	"../source/ProjectCfg/Bfx_Cfg.hpp"
00000170 7263652f5072 
00000176 6f6a65637443 
0000017c 66672f426678 
00000182 5f4366672e68 
00000188 707000 
0000018b 000000          169 	.byte	0,0,0
0000018e 2e2e2f736f75    170 	.strz	"../source/ProjectCompiler/Bfx_MemMap.hpp"
00000194 7263652f5072 
0000019a 6f6a65637443 
000001a0 6f6d70696c65 
000001a6 722f4266785f 
000001ac 4d656d4d6170 
000001b2 2e68707000 
000001b7 000000          171 	.byte	0,0,0
000001ba 2e2e2f736f75    172 	.strz	"../source/ProjectCompiler/Bsw_MemMap.hpp"
000001c0 7263652f5072 
000001c6 6f6a65637443 
000001cc 6f6d70696c65 
000001d2 722f4273775f 
000001d8 4d656d4d6170 
000001de 2e68707000 
000001e3 000000          173 	.byte	0,0,0
000001e6 2e2e2f736f75    174 	.strz	"../source/ProjectCompiler/MemMap_Common.hpp"
000001ec 7263652f5072 
000001f2 6f6a65637443 
000001f8 6f6d70696c65 
000001fe 722f4d656d4d 
00000204 61705f436f6d 
0000020a 6d6f6e2e6870 
00000210 7000 
00000212 000000          175 	.byte	0,0,0
00000215 2e2e2f736f75    176 	.strz	"../source/wrappers/Bfx/Bfx_Bit_Inl.hpp"
0000021b 7263652f7772 
00000221 617070657273 
00000227 2f4266782f42 
0000022d 66785f426974 
00000233 5f496e6c2e68 
00000239 707000 
0000023c 000000          177 	.byte	0,0,0
0000023f 00              178 	.byte	0
                         179 .Ldw_lpro_end:
                         180 	.section	.debug_macinfo
                         181 .Ldw_macinfo_begin:
                         182 	.section	.debug_frame
                         183 .LDW_4d53510:
00000000 00000000*       184 	.word	.LDW_unq_2-.LDW_unq_1
                         185 .LDW_unq_1:
00000004 ffffffff        186 	.byte	255,255,255,255
00000008 01              187 	.byte	1
00000009 00              188 	.byte	0
0000000a 01              189 	.byte	1
0000000b 01              190 	.byte	1
0000000c 1f              191 	.byte	31
0000000d 0c              192 	.byte	12

                                                                      Page 6
                                                              C:\Users\nhuliyap\AppData\Local\Temp\gh_00005241.s
0000000e 03              193 	.byte	3
0000000f 00              194 	.byte	0
00000010 07              195 	.byte	7
00000011 00              196 	.byte	0
00000012 07              197 	.byte	7
00000013 01              198 	.byte	1
00000014 07              199 	.byte	7
00000015 02              200 	.byte	2
00000016 07              201 	.byte	7
00000017 03              202 	.byte	3
00000018 07              203 	.byte	7
00000019 04              204 	.byte	4
0000001a 07              205 	.byte	7
0000001b 05              206 	.byte	5
0000001c 07              207 	.byte	7
0000001d 06              208 	.byte	6
0000001e 07              209 	.byte	7
0000001f 07              210 	.byte	7
00000020 07              211 	.byte	7
00000021 08              212 	.byte	8
00000022 07              213 	.byte	7
00000023 09              214 	.byte	9
00000024 07              215 	.byte	7
00000025 0a              216 	.byte	10
00000026 07              217 	.byte	7
00000027 0b              218 	.byte	11
00000028 07              219 	.byte	7
00000029 0c              220 	.byte	12
0000002a 07              221 	.byte	7
0000002b 0d              222 	.byte	13
0000002c 07              223 	.byte	7
0000002d 0e              224 	.byte	14
0000002e 07              225 	.byte	7
0000002f 0f              226 	.byte	15
00000030 07              227 	.byte	7
00000031 10              228 	.byte	16
00000032 07              229 	.byte	7
00000033 11              230 	.byte	17
00000034 07              231 	.byte	7
00000035 12              232 	.byte	18
00000036 07              233 	.byte	7
00000037 13              234 	.byte	19
00000038 08              235 	.byte	8
00000039 14              236 	.byte	20
0000003a 08              237 	.byte	8
0000003b 15              238 	.byte	21
0000003c 08              239 	.byte	8
0000003d 16              240 	.byte	22
0000003e 08              241 	.byte	8
0000003f 17              242 	.byte	23
00000040 08              243 	.byte	8
00000041 18              244 	.byte	24
00000042 08              245 	.byte	8
00000043 19              246 	.byte	25
00000044 08              247 	.byte	8
00000045 1a              248 	.byte	26
00000046 08              249 	.byte	8
00000047 1b              250 	.byte	27
00000048 08              251 	.byte	8
00000049 1c              252 	.byte	28
0000004a 08              253 	.byte	8

                                                                      Page 7
                                                              C:\Users\nhuliyap\AppData\Local\Temp\gh_00005241.s
0000004b 1d              254 	.byte	29
0000004c 07              255 	.byte	7
0000004d 1e              256 	.byte	30
0000004e 08              257 	.byte	8
0000004f 1f              258 	.byte	31
00000050 07              259 	.byte	7
00000051 20              260 	.byte	32
00000052 07              261 	.byte	7
00000053 21              262 	.byte	33
00000054 07              263 	.byte	7
00000055 22              264 	.byte	34
00000056 07              265 	.byte	7
00000057 23              266 	.byte	35
00000058 07              267 	.byte	7
00000059 24              268 	.byte	36
0000005a 07              269 	.byte	7
0000005b 25              270 	.byte	37
0000005c 07              271 	.byte	7
0000005d 26              272 	.byte	38
0000005e 07              273 	.byte	7
0000005f 27              274 	.byte	39
00000060 07              275 	.byte	7
00000061 28              276 	.byte	40
00000062 07              277 	.byte	7
00000063 29              278 	.byte	41
00000064 07              279 	.byte	7
00000065 2a              280 	.byte	42
00000066 07              281 	.byte	7
00000067 2b              282 	.byte	43
00000068 07              283 	.byte	7
00000069 2c              284 	.byte	44
0000006a 07              285 	.byte	7
0000006b 2d              286 	.byte	45
0000006c 07              287 	.byte	7
0000006d 2e              288 	.byte	46
0000006e 07              289 	.byte	7
0000006f 2f              290 	.byte	47
00000070 07              291 	.byte	7
00000071 30              292 	.byte	48
00000072 07              293 	.byte	7
00000073 31              294 	.byte	49
00000074 07              295 	.byte	7
00000075 32              296 	.byte	50
00000076 07              297 	.byte	7
00000077 33              298 	.byte	51
00000078 07              299 	.byte	7
00000079 34              300 	.byte	52
0000007a 07              301 	.byte	7
0000007b 35              302 	.byte	53
0000007c 07              303 	.byte	7
0000007d 36              304 	.byte	54
0000007e 07              305 	.byte	7
0000007f 37              306 	.byte	55
00000080 07              307 	.byte	7
00000081 38              308 	.byte	56
00000082 07              309 	.byte	7
00000083 39              310 	.byte	57
00000084 07              311 	.byte	7
00000085 3a              312 	.byte	58
00000086 07              313 	.byte	7
00000087 3b              314 	.byte	59

                                                                      Page 8
                                                              C:\Users\nhuliyap\AppData\Local\Temp\gh_00005241.s
00000088 07              315 	.byte	7
00000089 3c              316 	.byte	60
0000008a 07              317 	.byte	7
0000008b 3d              318 	.byte	61
0000008c 07              319 	.byte	7
0000008d 3e              320 	.byte	62
0000008e 07              321 	.byte	7
0000008f 3f              322 	.byte	63
                         323 .LDW_unq_2:
                         324 	.section	.debug_info
                         325 .LDW_41f6d70:
000000b0 25              326 	.byte	37
000000b1 756e7369676e    327 	.strz	"unsigned short"
000000b7 65642073686f 
000000bd 727400 
000000c0 07              328 	.byte	7
000000c1 02              329 	.byte	2
                         330 
                         331 	.section	.debug_abbrev
00000017 25              332 	.byte	37
00000018 24              333 	.byte	36
00000019 00              334 	.byte	0
0000001a 0308            335 	.byte	3,8
0000001c 3e0b            336 	.byte	62,11
0000001e 0b0b            337 	.byte	11,11
00000020 0000            338 	.byte	0,0
                         339 
                         340 	.section	.debug_info
                         341 .LDW_41f6f30:
000000c2 25              342 	.byte	37
000000c3 756e7369676e    343 	.strz	"unsigned char"
000000c9 656420636861 
000000cf 7200 
000000d1 08              344 	.byte	8
000000d2 01              345 	.byte	1
                         346 
                         347 .LDW_41f6de0:
000000d3 25              348 	.byte	37
000000d4 756e7369676e    349 	.strz	"unsigned long"
000000da 6564206c6f6e 
000000e0 6700 
000000e2 07              350 	.byte	7
000000e3 04              351 	.byte	4
                         352 
                         353 .LDW_4dad110:
000000e4 44              354 	.byte	68
000000e5 00000000*       355 	.word	.LDW_4d38b58
000000e9 01              356 	.byte	1
                         357 
                         358 	.section	.debug_abbrev
00000022 44              359 	.byte	68
00000023 15              360 	.byte	21
00000024 01              361 	.byte	1
00000025 4910            362 	.byte	73,16
00000027 270c            363 	.byte	39,12
00000029 0000            364 	.byte	0,0
                         365 
                         366 	.section	.debug_info
                         367 .LDW_4da9a20:
000000ea 12              368 	.byte	18
000000eb 00000000*       369 	.word	.LDW_420ba90

                                                                      Page 9
                                                              C:\Users\nhuliyap\AppData\Local\Temp\gh_00005241.s
000000ef 00              370 	.byte	0
                         371 
                         372 	.section	.debug_abbrev
0000002b 12              373 	.byte	18
0000002c 05              374 	.byte	5
0000002d 00              375 	.byte	0
0000002e 4910            376 	.byte	73,16
00000030 4b0c            377 	.byte	75,12
00000032 0000            378 	.byte	0,0
                         379 
                         380 	.section	.debug_info
000000f0 00              381 	.byte	0
                         382 
                         383 .LDW_4dacc08:
000000f1 44              384 	.byte	68
000000f2 00000000*       385 	.word	.LDW_4d38b58
000000f6 01              386 	.byte	1
                         387 
                         388 .LDW_4da9780:
000000f7 12              389 	.byte	18
000000f8 00000000*       390 	.word	.LDW_423ef38
000000fc 00              391 	.byte	0
                         392 
000000fd 00              393 	.byte	0
                         394 
                         395 .LDW_4dacf88:
000000fe 44              396 	.byte	68
000000ff 00000000*       397 	.word	.LDW_4d38b58
00000103 01              398 	.byte	1
                         399 
                         400 .LDW_4da8c70:
00000104 12              401 	.byte	18
00000105 00000000*       402 	.word	.LDW_420ba90
00000109 00              403 	.byte	0
                         404 
0000010a 00              405 	.byte	0
                         406 
                         407 .LDW_4daccb0:
0000010b 25              408 	.byte	37
0000010c 756e7369676e    409 	.strz	"unsigned int"
00000112 656420696e74 
00000118 00 
00000119 07              410 	.byte	7
0000011a 04              411 	.byte	4
                         412 
                         413 .LDW_4d38b58:
0000011b 28              414 	.byte	40
0000011c 626f6f6c6561    415 	.strz	"boolean"
00000122 6e00 
00000124 4e              416 	.byte	78
00000125 49              417 	.byte	73
00000126 03              418 	.byte	3
00000127 00000000*       419 	.word	.LDW_41f6f30
                         420 
                         421 	.section	.debug_abbrev
00000034 28              422 	.byte	40
00000035 16              423 	.byte	22
00000036 00              424 	.byte	0
00000037 0308            425 	.byte	3,8
00000039 3b0f            426 	.byte	59,15
0000003b 390f            427 	.byte	57,15

                                                                      Page 10
                                                              C:\Users\nhuliyap\AppData\Local\Temp\gh_00005241.s
0000003d 3a0f            428 	.byte	58,15
0000003f 4910            429 	.byte	73,16
00000041 0000            430 	.byte	0,0
                         431 
                         432 	.section	.debug_info
                         433 .LDW_420ba90:
0000012b 28              434 	.byte	40
0000012c 75696e743136    435 	.strz	"uint16"
00000132 00 
00000133 52              436 	.byte	82
00000134 4a              437 	.byte	74
00000135 03              438 	.byte	3
00000136 00000000*       439 	.word	.LDW_41f6d70
                         440 
                         441 .LDW_423ef38:
0000013a 28              442 	.byte	40
0000013b 75696e743332    443 	.strz	"uint32"
00000141 00 
00000142 54              444 	.byte	84
00000143 4a              445 	.byte	74
00000144 03              446 	.byte	3
00000145 00000000*       447 	.word	.LDW_41f6de0
                         448 
                         449 .LDW_4daa470:
00000149 16              450 	.byte	22
0000014a 4266785f4c6f    451 	.strz	"Bfx_Lok_TstParityEven_u16_u8_Inl"
00000150 6b5f54737450 
00000156 617269747945 
0000015c 76656e5f7531 
00000162 365f75385f49 
00000168 6e6c00 
0000016b 9303            452 	.byte	147,3
0000016d 17              453 	.byte	23
0000016e 0d              454 	.byte	13
0000016f 00000000*       455 	.word	.LDW_4d38b58
00000173 00              456 	.byte	0
00000174 03              457 	.byte	3
00000175 00              458 	.byte	0
00000176 01              459 	.byte	1
00000177 00              460 	.byte	0
00000178 01              461 	.byte	1
                         462 
                         463 	.section	.debug_abbrev
00000043 16              464 	.byte	22
00000044 2e              465 	.byte	46
00000045 01              466 	.byte	1
00000046 0308            467 	.byte	3,8
00000048 3b0f            468 	.byte	59,15
0000004a 390f            469 	.byte	57,15
0000004c 3a0f            470 	.byte	58,15
0000004e 4910            471 	.byte	73,16
00000050 3c0c            472 	.byte	60,12
00000052 200b            473 	.byte	32,11
00000054 3f0c            474 	.byte	63,12
00000056 320b            475 	.byte	50,11
00000058 4c0b            476 	.byte	76,11
0000005a 270c            477 	.byte	39,12
0000005c 0000            478 	.byte	0,0
                         479 
                         480 	.section	.debug_info
                         481 .LDW_4dabfb0:

                                                                      Page 11
                                                              C:\Users\nhuliyap\AppData\Local\Temp\gh_00005241.s
00000179 10              482 	.byte	16
0000017a 4461746100      483 	.strz	"Data"
0000017f 9303            484 	.byte	147,3
00000181 3f              485 	.byte	63
00000182 0d              486 	.byte	13
00000183 00000000*       487 	.word	.LDW_420ba90
00000187 00              488 	.byte	0
                         489 
                         490 	.section	.debug_abbrev
0000005e 10              491 	.byte	16
0000005f 05              492 	.byte	5
00000060 00              493 	.byte	0
00000061 0308            494 	.byte	3,8
00000063 3b0f            495 	.byte	59,15
00000065 390f            496 	.byte	57,15
00000067 3a0f            497 	.byte	58,15
00000069 4910            498 	.byte	73,16
0000006b 4b0c            499 	.byte	75,12
0000006d 0000            500 	.byte	0,0
                         501 
                         502 	.section	.debug_info
                         503 .LDW_4da9b10:
00000188 20              504 	.byte	32
                         505 
                         506 	.section	.debug_abbrev
0000006f 20              507 	.byte	32
00000070 0b              508 	.byte	11
00000071 01              509 	.byte	1
00000072 0000            510 	.byte	0,0
                         511 
                         512 	.section	.debug_info
00000189 00              513 	.byte	0
                         514 
0000018a 00              515 	.byte	0
                         516 
                         517 .LDW_4daacc0:
0000018b 16              518 	.byte	22
0000018c 4266785f4c6f    519 	.strz	"Bfx_Lok_TstParityEven_u32_u8_Inl"
00000192 6b5f54737450 
00000198 617269747945 
0000019e 76656e5f7533 
000001a4 325f75385f49 
000001aa 6e6c00 
000001ad 9803            520 	.byte	152,3
000001af 16              521 	.byte	22
000001b0 0d              522 	.byte	13
000001b1 00000000*       523 	.word	.LDW_4d38b58
000001b5 00              524 	.byte	0
000001b6 03              525 	.byte	3
000001b7 00              526 	.byte	0
000001b8 01              527 	.byte	1
000001b9 00              528 	.byte	0
000001ba 01              529 	.byte	1
                         530 
                         531 .LDW_4dac008:
000001bb 10              532 	.byte	16
000001bc 4461746100      533 	.strz	"Data"
000001c1 9803            534 	.byte	152,3
000001c3 3e              535 	.byte	62
000001c4 0d              536 	.byte	13
000001c5 00000000*       537 	.word	.LDW_423ef38

                                                                      Page 12
                                                              C:\Users\nhuliyap\AppData\Local\Temp\gh_00005241.s
000001c9 00              538 	.byte	0
                         539 
                         540 .LDW_4da9a80:
000001ca 20              541 	.byte	32
                         542 
                         543 .LDW_4dac060:
000001cb 05              544 	.byte	5
000001cc 746d705f7533    545 	.strz	"tmp_u32"
000001d2 3200 
000001d4 9a03            546 	.byte	154,3
000001d6 0b              547 	.byte	11
000001d7 0d              548 	.byte	13
000001d8 00000000*       549 	.word	.LDW_423ef38
000001dc 00              550 	.byte	0
000001dd 00              551 	.byte	0
                         552 
                         553 	.section	.debug_abbrev
00000074 05              554 	.byte	5
00000075 34              555 	.byte	52
00000076 00              556 	.byte	0
00000077 0308            557 	.byte	3,8
00000079 3b0f            558 	.byte	59,15
0000007b 390f            559 	.byte	57,15
0000007d 3a0f            560 	.byte	58,15
0000007f 4910            561 	.byte	73,16
00000081 3f0c            562 	.byte	63,12
00000083 3c0c            563 	.byte	60,12
00000085 0000            564 	.byte	0,0
                         565 
                         566 	.section	.debug_info
                         567 .LDW_4dabf00:
000001de 05              568 	.byte	5
000001df 506172697479    569 	.strz	"Parity_Bit_u32"
000001e5 5f4269745f75 
000001eb 333200 
000001ee 9c03            570 	.byte	156,3
000001f0 0b              571 	.byte	11
000001f1 0d              572 	.byte	13
000001f2 00000000*       573 	.word	.LDW_423ef38
000001f6 00              574 	.byte	0
000001f7 00              575 	.byte	0
                         576 
000001f8 00              577 	.byte	0
                         578 
000001f9 00              579 	.byte	0
                         580 
                         581 .LDW_4da9b88:
000001fa 14              582 	.byte	20
000001fb 4266785f5473    583 	.strz	"Bfx_TstParityEven_u16_u8"
00000201 745061726974 
00000207 794576656e5f 
0000020d 7531365f7538 
00000213 00 
00000214 13              584 	.byte	19
00000215 0c              585 	.byte	12
00000216 01              586 	.byte	1
00000217 00000000*       587 	.word	.LDW_4d38b58
0000021b 00000000*       588 	.word	_Bfx_TstParityEven_u16_u8
0000021f 00000000*       589 	.word	___ghs_eofn_Bfx_TstParityEven_u16_u8
00000223 0153            590 	.byte	1,83
00000225 02              591 	.byte	2

                                                                      Page 13
                                                              C:\Users\nhuliyap\AppData\Local\Temp\gh_00005241.s
00000226 00              592 	.byte	0
00000227 02              593 	.byte	2
00000228 00              594 	.byte	0
00000229 00              595 	.byte	0
0000022a 00              596 	.byte	0
0000022b 00              597 	.byte	0
0000022c 01              598 	.byte	1
0000022d 01              599 	.byte	1
0000022e 00              600 	.byte	0
0000022f 01              601 	.byte	1
                         602 
                         603 	.section	.debug_abbrev
00000087 14              604 	.byte	20
00000088 2e              605 	.byte	46
00000089 01              606 	.byte	1
0000008a 0308            607 	.byte	3,8
0000008c 3b0f            608 	.byte	59,15
0000008e 390f            609 	.byte	57,15
00000090 3a0f            610 	.byte	58,15
00000092 4910            611 	.byte	73,16
00000094 1101            612 	.byte	17,1
00000096 1201            613 	.byte	18,1
00000098 400a            614 	.byte	64,10
0000009a 8341            615 	.byte	131,65
0000009c 0f              616 	.byte	15
0000009d 8741            617 	.byte	135,65
0000009f 0d              618 	.byte	13
000000a0 8541            619 	.byte	133,65
000000a2 0f              620 	.byte	15
000000a3 8641            621 	.byte	134,65
000000a5 0d              622 	.byte	13
000000a6 9241            623 	.byte	146,65
000000a8 0f              624 	.byte	15
000000a9 3c0c            625 	.byte	60,12
000000ab 200b            626 	.byte	32,11
000000ad 3f0c            627 	.byte	63,12
000000af 320b            628 	.byte	50,11
000000b1 4c0b            629 	.byte	76,11
000000b3 270c            630 	.byte	39,12
000000b5 0000            631 	.byte	0,0
                         632 
                         633 	.section	.debug_frame
                         634 .LDW_4ddcae8:
00000090 00000000*       635 	.word	.LDW_unq_4-.LDW_unq_3
                         636 .LDW_unq_3:
00000094 00000000*       637 	.word	.LDW_4d53510
00000098 00000000*       638 	.word	_Bfx_TstParityEven_u16_u8
0000009c 00000000*       639 	.word	___ghs_eofn_Bfx_TstParityEven_u16_u8-_Bfx_TstParityEven_u16_u8
000000a0 01              640 	.byte	1
000000a1 00000000*       641 	.word	.LDW11
000000a5 00              642 	.byte	0
000000a6 00              643 	.byte	0
000000a7 00              644 	.byte	0
                         645 .LDW_unq_4:
                         646 	.section	.debug_line
00000240 000502          647 	.byte	0,5,2
00000243 00000000*       648 	.word	_Bfx_TstParityEven_u16_u8
00000247 03              649 	.byte	3
00000248 13              650 	.byte	19
00000249 02              651 	.byte	2
0000024a 00              652 	.byte	0

                                                                      Page 14
                                                              C:\Users\nhuliyap\AppData\Local\Temp\gh_00005241.s
0000024b 01              653 	.byte	1
0000024c 06              654 	.byte	6
0000024d 13              655 	.byte	19
0000024e 06              656 	.byte	6
0000024f 000502          657 	.byte	0,5,2
00000252 00000000*       658 	.word	.LDWlin1
00000256 02              659 	.byte	2
00000257 00              660 	.byte	0
00000258 02              661 	.byte	2
00000259 02              662 	.byte	2
0000025a 000101          663 	.byte	0,1,1
                         664 	.section	.debug_info
                         665 .LDW_4dac588:
00000230 0f              666 	.byte	15
00000231 4461746100      667 	.strz	"Data"
00000236 13              668 	.byte	19
00000237 2c              669 	.byte	44
00000238 01              670 	.byte	1
00000239 00000000*       671 	.word	.LDW_420ba90
0000023d 00              672 	.byte	0
0000023e 0156            673 	.byte	1,86
                         674 
                         675 	.section	.debug_abbrev
000000b7 0f              676 	.byte	15
000000b8 05              677 	.byte	5
000000b9 00              678 	.byte	0
000000ba 0308            679 	.byte	3,8
000000bc 3b0f            680 	.byte	59,15
000000be 390f            681 	.byte	57,15
000000c0 3a0f            682 	.byte	58,15
000000c2 4910            683 	.byte	73,16
000000c4 4b0c            684 	.byte	75,12
000000c6 020a            685 	.byte	2,10
000000c8 0000            686 	.byte	0,0
                         687 
                         688 	.section	.debug_info
                         689 .LDW_4da8e50:
00000240 1d              690 	.byte	29
00000241 00000000*       691 	.word	.LDW01
00000245 00000000*       692 	.word	.LDW11
                         693 
                         694 	.section	.debug_abbrev
000000ca 1d              695 	.byte	29
000000cb 0b              696 	.byte	11
000000cc 01              697 	.byte	1
000000cd 1101            698 	.byte	17,1
000000cf 1201            699 	.byte	18,1
000000d1 0000            700 	.byte	0,0
                         701 
                         702 	.section	.debug_info
00000249 00              703 	.byte	0
                         704 
0000024a 00              705 	.byte	0
                         706 
0000024b 00              707 	.byte	0
                         708 
                         709 	.section	.debug_line
                         710 .Ldw_line_end:
                         711 	.section	.debug_macinfo
00000000 01              712 	.byte	1
00000001 00              713 	.byte	0

                                                                      Page 15
                                                              C:\Users\nhuliyap\AppData\Local\Temp\gh_00005241.s
00000002 5f5f6768735f    714 	.strz	"__ghs__ 1"
00000008 5f203100 
0000000c 01              715 	.byte	1
0000000d 00              716 	.byte	0
0000000e 5f5f4c4c4f4e    717 	.strz	"__LLONG_BIT 64"
00000014 475f42495420 
0000001a 363400 
0000001d 01              718 	.byte	1
0000001e 00              719 	.byte	0
0000001f 4e4f545f5245    720 	.strz	"NOT_READY_FOR_TESTING_OR_DEPLOYMENT 1"
00000025 4144595f464f 
0000002b 525f54455354 
00000031 494e475f4f52 
00000037 5f4445504c4f 
0000003d 594d454e5420 
00000043 3100 
00000045 03              721 	.byte	3
00000046 00              722 	.byte	0
00000047 01              723 	.byte	1
00000048 01              724 	.byte	1
00000049 01              725 	.byte	1
0000004a 5352564c4942    726 	.strz	"SRVLIBS "
00000050 532000 
00000053 03              727 	.byte	3
00000054 03              728 	.byte	3
00000055 02              729 	.byte	2
00000056 03              730 	.byte	3
00000057 1c              731 	.byte	28
00000058 03              732 	.byte	3
00000059 04              733 	.byte	4
0000005a 03              734 	.byte	3
0000005b 1d              735 	.byte	29
0000005c 04              736 	.byte	4
0000005d 03              737 	.byte	3
0000005e 1b              738 	.byte	27
0000005f 05              739 	.byte	5
00000060 03              740 	.byte	3
00000061 54              741 	.byte	84
00000062 06              742 	.byte	6
00000063 04              743 	.byte	4
00000064 04              744 	.byte	4
00000065 01              745 	.byte	1
00000066 33              746 	.byte	51
00000067 4c4f43414c5f    747 	.strz	"LOCAL_INLINE static inline"
0000006d 494e4c494e45 
00000073 207374617469 
00000079 6320696e6c69 
0000007f 6e6500 
00000082 04              748 	.byte	4
00000083 01              749 	.byte	1
00000084 3c              750 	.byte	60
00000085 5354445f4f4e    751 	.strz	"STD_ON 1u"
0000008b 20317500 
0000008f 01              752 	.byte	1
00000090 3d              753 	.byte	61
00000091 5354445f4f46    754 	.strz	"STD_OFF 0u"
00000097 4620307500 
0000009c 04              755 	.byte	4
0000009d 03              756 	.byte	3
0000009e 05              757 	.byte	5
0000009f 07              758 	.byte	7

                                                                      Page 16
                                                              C:\Users\nhuliyap\AppData\Local\Temp\gh_00005241.s
000000a0 03              759 	.byte	3
000000a1 04              760 	.byte	4
000000a2 08              761 	.byte	8
000000a3 01              762 	.byte	1
000000a4 07              763 	.byte	7
000000a5 4246585f4d41    764 	.strz	"BFX_MAXUINT8_U (0xffu)"
000000ab 5855494e5438 
000000b1 5f5520283078 
000000b7 6666752900 
000000bc 01              765 	.byte	1
000000bd 0c              766 	.byte	12
000000be 4246585f4d41    767 	.strz	"BFX_MAXUINT16_U (0xffffu)"
000000c4 5855494e5431 
000000ca 365f55202830 
000000d0 786666666675 
000000d6 2900 
000000d8 01              768 	.byte	1
000000d9 11              769 	.byte	17
000000da 4246585f4d41    770 	.strz	"BFX_MAXUINT32_U (0xffffffffuL)"
000000e0 5855494e5433 
000000e6 325f55202830 
000000ec 786666666666 
000000f2 666666754c29 
000000f8 00 
000000f9 04              771 	.byte	4
000000fa 03              772 	.byte	3
000000fb 05              773 	.byte	5
000000fc 09              774 	.byte	9
000000fd 01              775 	.byte	1
000000fe 1f              776 	.byte	31
000000ff 4246585f5645    777 	.strz	"BFX_VERSIONINFOAPI STD_OFF"
00000105 5253494f4e49 
0000010b 4e464f415049 
00000111 205354445f4f 
00000117 464600 
0000011a 01              778 	.byte	1
0000011b 21              779 	.byte	33
0000011c 4246585f4346    780 	.strz	"BFX_CFG_LOCATION_NORMAL 1"
00000122 475f4c4f4341 
00000128 54494f4e5f4e 
0000012e 4f524d414c20 
00000134 3100 
00000136 01              781 	.byte	1
00000137 24              782 	.byte	36
00000138 4246585f4346    783 	.strz	"BFX_CFG_LOCATION_INLINE 4"
0000013e 475f4c4f4341 
00000144 54494f4e5f49 
0000014a 4e4c494e4520 
00000150 3400 
00000152 01              784 	.byte	1
00000153 67              785 	.byte	103
00000154 4246585f4346    786 	.strz	"BFX_CFG_TSTPARITYEVEN_U16_U8_LOCATION BFX_CFG_LOCATION_NORMAL"
0000015a 475f54535450 
00000160 415249545945 
00000166 56454e5f5531 
0000016c 365f55385f4c 
00000172 4f434154494f 
00000178 4e204246585f 
0000017e 4346475f4c4f 
00000184 434154494f4e 
0000018a 5f4e4f524d41 

                                                                      Page 17
                                                              C:\Users\nhuliyap\AppData\Local\Temp\gh_00005241.s
00000190 4c00 
00000192 01              787 	.byte	1
00000193 8301            788 	.byte	131,1
00000195 4246585f5354    789 	.strz	"BFX_START_SEC_CODE "
0000019b 4152545f5345 
000001a1 435f434f4445 
000001a7 2000 
000001a9 03              790 	.byte	3
000001aa 8401            791 	.byte	132,1
000001ac 0a              792 	.byte	10
000001ad 01              793 	.byte	1
000001ae 07              794 	.byte	7
000001af 4246585f4d45    795 	.strz	"BFX_MEMMAP_H "
000001b5 4d4d41505f48 
000001bb 2000 
000001bd 01              796 	.byte	1
000001be 0b              797 	.byte	11
000001bf 4246585f4d45    798 	.strz	"BFX_MEMMAP_ERROR "
000001c5 4d4d41505f45 
000001cb 52524f522000 
000001d1 01              799 	.byte	1
000001d2 0e              800 	.byte	14
000001d3 4253575f5354    801 	.strz	"BSW_START_SEC_CODE "
000001d9 4152545f5345 
000001df 435f434f4445 
000001e5 2000 
000001e7 03              802 	.byte	3
000001e8 0f              803 	.byte	15
000001e9 0b              804 	.byte	11
000001ea 01              805 	.byte	1
000001eb da08            806 	.byte	218,8
000001ed 53544152545f    807 	.strz	"START_SEC_CODE "
000001f3 5345435f434f 
000001f9 44452000 
000001fd 03              808 	.byte	3
000001fe bb09            809 	.byte	187,9
00000200 0c              810 	.byte	12
00000201 01              811 	.byte	1
00000202 f307            812 	.byte	243,7
00000204 434f44455f53    813 	.strz	"CODE_SEC_OPEN "
0000020a 45435f4f5045 
00000210 4e2000 
00000213 04              814 	.byte	4
00000214 04              815 	.byte	4
00000215 04              816 	.byte	4
00000216 01              817 	.byte	1
00000217 c101            818 	.byte	193,1
00000219 4246585f5354    819 	.strz	"BFX_STOP_SEC_CODE "
0000021f 4f505f534543 
00000225 5f434f444520 
0000022b 00 
0000022c 03              820 	.byte	3
0000022d c201            821 	.byte	194,1
0000022f 0a              822 	.byte	10
00000230 01              823 	.byte	1
00000231 0b              824 	.byte	11
00000232 4246585f4d45    825 	.strz	"BFX_MEMMAP_ERROR "
00000238 4d4d41505f45 
0000023e 52524f522000 
00000244 01              826 	.byte	1
00000245 13              827 	.byte	19

                                                                      Page 18
                                                              C:\Users\nhuliyap\AppData\Local\Temp\gh_00005241.s
00000246 4253575f5354    828 	.strz	"BSW_STOP_SEC_CODE "
0000024c 4f505f534543 
00000252 5f434f444520 
00000258 00 
00000259 03              829 	.byte	3
0000025a 14              830 	.byte	20
0000025b 0b              831 	.byte	11
0000025c 01              832 	.byte	1
0000025d de08            833 	.byte	222,8
0000025f 53544f505f53    834 	.strz	"STOP_SEC_CODE "
00000265 45435f434f44 
0000026b 452000 
0000026e 03              835 	.byte	3
0000026f bb09            836 	.byte	187,9
00000271 0c              837 	.byte	12
00000272 04              838 	.byte	4
00000273 04              839 	.byte	4
00000274 04              840 	.byte	4
00000275 04              841 	.byte	4
00000276 03              842 	.byte	3
00000277 08              843 	.byte	8
00000278 0d              844 	.byte	13
00000279 04              845 	.byte	4
0000027a 04              846 	.byte	4
0000027b 01              847 	.byte	1
0000027c 09              848 	.byte	9
0000027d 4246585f5354    849 	.strz	"BFX_START_SEC_CODE "
00000283 4152545f5345 
00000289 435f434f4445 
0000028f 2000 
00000291 03              850 	.byte	3
00000292 11              851 	.byte	17
00000293 0a              852 	.byte	10
00000294 01              853 	.byte	1
00000295 0b              854 	.byte	11
00000296 4246585f4d45    855 	.strz	"BFX_MEMMAP_ERROR "
0000029c 4d4d41505f45 
000002a2 52524f522000 
000002a8 01              856 	.byte	1
000002a9 0e              857 	.byte	14
000002aa 4253575f5354    858 	.strz	"BSW_START_SEC_CODE "
000002b0 4152545f5345 
000002b6 435f434f4445 
000002bc 2000 
000002be 03              859 	.byte	3
000002bf 0f              860 	.byte	15
000002c0 0b              861 	.byte	11
000002c1 01              862 	.byte	1
000002c2 da08            863 	.byte	218,8
000002c4 53544152545f    864 	.strz	"START_SEC_CODE "
000002ca 5345435f434f 
000002d0 44452000 
000002d4 03              865 	.byte	3
000002d5 bb09            866 	.byte	187,9
000002d7 0c              867 	.byte	12
000002d8 01              868 	.byte	1
000002d9 f307            869 	.byte	243,7
000002db 434f44455f53    870 	.strz	"CODE_SEC_OPEN "
000002e1 45435f4f5045 
000002e7 4e2000 
000002ea 04              871 	.byte	4

                                                                      Page 19
                                                              C:\Users\nhuliyap\AppData\Local\Temp\gh_00005241.s
000002eb 04              872 	.byte	4
000002ec 04              873 	.byte	4
000002ed 01              874 	.byte	1
000002ee 19              875 	.byte	25
000002ef 4246585f5354    876 	.strz	"BFX_STOP_SEC_CODE "
000002f5 4f505f534543 
000002fb 5f434f444520 
00000301 00 
00000302 03              877 	.byte	3
00000303 21              878 	.byte	33
00000304 0a              879 	.byte	10
00000305 01              880 	.byte	1
00000306 0b              881 	.byte	11
00000307 4246585f4d45    882 	.strz	"BFX_MEMMAP_ERROR "
0000030d 4d4d41505f45 
00000313 52524f522000 
00000319 01              883 	.byte	1
0000031a 13              884 	.byte	19
0000031b 4253575f5354    885 	.strz	"BSW_STOP_SEC_CODE "
00000321 4f505f534543 
00000327 5f434f444520 
0000032d 00 
0000032e 03              886 	.byte	3
0000032f 14              887 	.byte	20
00000330 0b              888 	.byte	11
00000331 01              889 	.byte	1
00000332 de08            890 	.byte	222,8
00000334 53544f505f53    891 	.strz	"STOP_SEC_CODE "
0000033a 45435f434f44 
00000340 452000 
00000343 03              892 	.byte	3
00000344 bb09            893 	.byte	187,9
00000346 0c              894 	.byte	12
00000347 04              895 	.byte	4
00000348 04              896 	.byte	4
00000349 04              897 	.byte	4
0000034a 04              898 	.byte	4
0000034b 00              899 	.byte	0
                         900 	.section	.debug_abbrev
000000d3 00              901 	.byte	0
                         902 	.section	.debug_info
                         903 .Ldw_end:
                         904 .rh850_flags REGMODE32,DATA_ALIGN8,GP_FIX,EP_NONFIX,TP_FIX,REG2_RESERVE,G3K,GHS_MISALIGN,SDA_EXTRA_REGS_0
