                                                                      Page 1
                                                              C:\Users\nhuliyap\AppData\Local\Temp\gh_000093k1.s
Command Line: C:\ghs\comp_201517\ease850.exe -w -elf -b0 -I../source/common -I../source/ProjectCompiler -I../source/ProjectCfg -I../source/SwcApplTpms -I../source/SwcApplEcuM -I../source/SwcServiceBswM -I../source/SwcServiceEcuM -I../source/SwcServiceNvM -I../source/SwcServiceOs -I../source/SwcServiceStartUp -I../source/McalAdc -I../source/McalDio -I../source/McalGpt -I../source/McalMcu -I../source/McalWdg -I../source/wrappers -I../source/wrappers/McalAta -I../source/McalLin -I../source/McalCan -I../source/wrappers/OS -I../source/McalFls -I../source/EcuabFee -I../source/EcuabMemIf -I../source/wrappers/VStdLib -I../source/wrappers/Crc -I../source/wrappers/FBL_APPL -I../source/wrappers/NVM_MANAGER -I../source/wrappers/DEM_MANAGER -I../source/wrappers/RDC_MANAGER -I../source/wrappers/ENV_MANAGER -I../source/wrappers/SYS_MANAGER -I../source/wrappers/EcuabCanIf -I../source/EcuabCanTrcv -I../source/wrappers/SwcServiceCanSM -I../source/wrappers/SwcServiceCanTp -I../source/wrappers/SwcServiceCanTp_PreCompile -I../source/wrappers/SwcServiceCom -I../source/wrappers/SwcServiceComM -I../source/wrappers/SwcServiceDcm -I../source/wrappers/SwcServicePduR -I../source/wrappers/SwcServiceEcuM -I../source/wrappers/Bfx -I../source/wrappers/SwcServiceDem -I../source/SwcServiceCom -I../source/SwcServiceDet -I../source/SwcServiceFiM -I../source/SwcServicePduR -I../source/SwcServiceSchM -I../source/wrappers/LibAutosarDiag -I../source/wrappers/rba_BswSrv -IC:\ghs\comp_201517\lib\rh850 -cg_underscore -cpu=rh850g3k -no_v850_simd -rh850_fpsimd=none -nomacro -patch_dbo=C:\_ECU2\ECU_Rivian_A1\Target\repo_projects\pRealEcu\cR_R2023.09.15\make\output\objects\CanTp_CallOut.dbo -source=CanTp_CallOut.c -o output\objects\gh_000093k1.o -list=output\list\CanTp_CallOut.lst C:\Users\nhuliyap\AppData\Local\Temp\gh_000093k1.s 
Original File: C:\Users\nhuliyap\AppData\Local\Temp\gh_000093k1.s
Source File: CanTp_CallOut.c
Directory: C:\_ECU2\ECU_Rivian_A1\Target\repo_projects\pRealEcu\cR_R2023.09.15\make
Host OS: Windows
EASE: Copyright (C) 1983-2015 Green Hills Software.  All Rights Reserved.
Release: Compiler v2015.1.7
Build Directory: [Directory] BTOWORKER6:c:/build_2015_1_bto/2015-10-21.2100-2015_1_bto/win32-comp-ecom
Revision: [VCInfo] http://toolsvc/branches/release-branch-70-bto/src@544153 (built by build)
Revision Date: Thu Oct 22 07:50:13 2015

Release Date: Thu Oct 22 09:32:32 2015

                           1 --Driver Command: ccv850 ../source/wrappers/SwcServiceCanTp/CanTp_CallOut.c
                           2 --		-cpu=rh850 -fhard -ignore_callt_state_in_interrupts -large_sda
                           3 --		-misalign_pack -nofarcalls -nofloatio -no_callt -Ogeneral
                           4 --		-Onounroll -prepare_dispose -registermode=32 -reserve_r2 -sda=0
                           5 --		-shorten_loads -Wshadow --brief_diagnostics --no_commons
                           6 --		--no_wrap_diagnostics --prototype_errors --short_enum -list -G
                           7 --		-dual_debug -dwarf -X5523 -lnk=-no_xda_modifications -D
                           8 --		NOT_READY_FOR_TESTING_OR_DEPLOYMENT -D IBTCM_SW_ANPASSUNGEN -D
                           9 --		BUILD_RIVIAN -c -inline_prologue -I../source/common
                          10 --		-I../source/ProjectCompiler -I../source/ProjectCfg
                          11 --		-I../source/SwcApplTpms -I../source/SwcApplEcuM
                          12 --		-I../source/SwcServiceBswM -I../source/SwcServiceEcuM
                          13 --		-I../source/SwcServiceNvM -I../source/SwcServiceOs
                          14 --		-I../source/SwcServiceStartUp -I../source/McalAdc
                          15 --		-I../source/McalDio -I../source/McalGpt -I../source/McalMcu
                          16 --		-I../source/McalWdg -I../source/wrappers
                          17 --		-I../source/wrappers/McalAta -I../source/McalLin
                          18 --		-I../source/McalCan -I../source/wrappers/OS -I../source/McalFls
                          19 --		-I../source/EcuabFee -I../source/EcuabMemIf
                          20 --		-I../source/wrappers/VStdLib -I../source/wrappers
                          21 --		-I../source/wrappers/Crc -I../source/wrappers/FBL_APPL
                          22 --		-I../source/wrappers/NVM_MANAGER -I../source/wrappers/DEM_MANAGER
                          23 --		-I../source/wrappers/RDC_MANAGER -I../source/wrappers/ENV_MANAGER
                          24 --		-I../source/wrappers/SYS_MANAGER -I../source/wrappers/EcuabCanIf
                          25 --		-I../source/EcuabCanTrcv -I../source/wrappers/SwcServiceCanSM
                          26 --		-I../source/wrappers/SwcServiceCanTp
                          27 --		-I../source/wrappers/SwcServiceCanTp_PreCompile
                          28 --		-I../source/wrappers/SwcServiceCom
                          29 --		-I../source/wrappers/SwcServiceComM
                          30 --		-I../source/wrappers/SwcServiceDcm
                          31 --		-I../source/wrappers/SwcServicePduR
                          32 --		-I../source/wrappers/SwcServiceEcuM -I../source/wrappers/Bfx
                          33 --		-I../source/wrappers/SwcServiceDem -I../source/SwcServiceCom
                          34 --		-I../source/SwcServiceDet -I../source/SwcServiceFiM
                          35 --		-I../source/SwcServicePduR -I../source/SwcServiceSchM
                          36 --		-I../source/wrappers/LibAutosarDiag
                          37 --		-I../source/wrappers/rba_BswSrv -object_dir=output/objects
                          38 --		-list_dir=output/list
                          39 --Source File:   ../source/wrappers/SwcServiceCanTp/CanTp_CallOut.c
                          40 --Directory:     
                          41 --		C:\_ECU2\ECU_Rivian_A1\Target\repo_projects\pRealEcu\cR_R2023.09.15\make
                          42 --Compile Date:  Fri Sep 15 15:23:22 2023
                          43 --Host OS:       Win32
                          44 --Version:       C-RH850 2015.1.7 RELEASE VERSION
                          45 --Release:       Compiler v2015.1.7
                          46 --Revision Date: Thu Oct 22 08:06:12 2015
                          47 --Release Date:  Thu Oct 22 09:34:32 2015
                          48 -- ecom  -g -w -OM
                          49 	.text
                          50 ..bof.C.3A.5C_ECU2.5CECU_Rivian_A1.5CTarget.5Crepo_projects.5CpRealEcu.5CcR_R2023.2E09.2E15.5Cmake.5Coutput.5Cobjects.5CCanTp_CallOut...43.3A.5C_ECU2.5CECU_Rivian_A1.5CTarget.5Crepo_projects.5CpRealEcu.5CcR_R2023.2E09.2E15.5Cmake..65045ACA..0::

                                                                      Page 2
                                                              C:\Users\nhuliyap\AppData\Local\Temp\gh_000093k1.s
                          51 	.align	2
                          52 ..gh.f.f.1.e.0:
                          53 	.type	..gh.f.f.1.e.0,@object
                          54 	.size	..gh.f.f.1.e.0,0
                          55 	.global	_CanTp_XX_YY_ExternalFdSupportCallback
                          56 _CanTp_XX_YY_ExternalFdSupportCallback:
                          57 --	    .bf
                          58 .LDW01:
00000000 0052             59 	mov	0,r10
                          60 --	    .ef
                          61 .LDW11:
00000002 7f00             62 	jmp	[lp]
                          63 	.global	___ghs_eofn_CanTp_XX_YY_ExternalFdSupportCallback
                          64 ___ghs_eofn_CanTp_XX_YY_ExternalFdSupportCallback:
                          65 	.type	_CanTp_XX_YY_ExternalFdSupportCallback,@function
                          66 	.size	_CanTp_XX_YY_ExternalFdSupportCallback,.-_CanTp_XX_YY_ExternalFdSupportCallback
                          67 	.align	2
                          68 
                          69 --_RxPduId	none	param
                          70 --_PduInfoPtr	none	param
                          71 --_FdEnabled	none	param
                          72 
                          73 	.section ".bss","awb"
                          74 .L33:
                          75 	.type	.L33,@object
                          76 	.size	.L33,0
                          77 	.data
                          78 	.text
                          79 	.align	2
                          80 
                          81 	.data
                          82 	.ghsnote version,17
                          83 	.ghsnote tools,3
                          84 	.ghsnote options,144
                          85 	.text
                          86 	.align	2
                          87 ..eof.C.3A.5C_ECU2.5CECU_Rivian_A1.5CTarget.5Crepo_projects.5CpRealEcu.5CcR_R2023.2E09.2E15.5Cmake.5Coutput.5Cobjects.5CCanTp_CallOut...43.3A.5C_ECU2.5CECU_Rivian_A1.5CTarget.5Crepo_projects.5CpRealEcu.5CcR_R2023.2E09.2E15.5Cmake..65045ACA..0::
                          88 	.section	.debug_info
                          89 .Ldw_begin:
00000000 6f020000         90 	.word	.Ldw_end-.Ldw_begin-4
00000004 0200             91 	.byte	2,0
00000006 00000000*        92 	.word	.Ldw_abbr_begin
0000000a 04               93 	.byte	4
                          94 	.section	.debug_abbrev
                          95 .Ldw_abbr_begin:
                          96 	.section	.debug_info
0000000b 01               97 	.byte	1
0000000c 00000000*        98 	.word	..bof.C.3A.5C_ECU2.5CECU_Rivian_A1.5CTarget.5Crepo_projects.5CpRealEcu.5CcR_R2023.2E09.2E15.5Cmake.5Coutput.5Cobjects.5CCanTp_CallOut...43.3A.5C_ECU2.5CECU_Rivian_A1.5CTarget.5Crepo_projects.5CpRealEcu.5CcR_R2023.2E09.2E15.5Cmake..65045ACA..0
00000010 00000000*        99 	.word	..eof.C.3A.5C_ECU2.5CECU_Rivian_A1.5CTarget.5Crepo_projects.5CpRealEcu.5CcR_R2023.2E09.2E15.5Cmake.5Coutput.5Cobjects.5CCanTp_CallOut...43.3A.5C_ECU2.5CECU_Rivian_A1.5CTarget.5Crepo_projects.5CpRealEcu.5CcR_R2023.2E09.2E15.5Cmake..65045ACA..0
00000014 2e2e2f736f75    100 	.strz	"../source/wrappers/SwcServiceCanTp/CanTp_CallOut.c"
0000001a 7263652f7772 
00000020 617070657273 
00000026 2f5377635365 
0000002c 727669636543 
00000032 616e54702f43 
00000038 616e54705f43 
0000003e 616c6c4f7574 
00000044 2e6300 
00000047 433a5c5f4543    101 	.strz	"C:\\_ECU2\\ECU_Rivian_A1\\Target\\repo_projects\\pRealEcu\\cR_R2023.09.15\\make"
0000004d 55325c454355 
00000053 5f5269766961 

                                                                      Page 3
                                                              C:\Users\nhuliyap\AppData\Local\Temp\gh_000093k1.s
00000059 6e5f41315c54 
0000005f 61726765745c 
00000065 7265706f5f70 
0000006b 726f6a656374 
00000071 735c70526561 
00000077 6c4563755c63 
0000007d 525f52323032 
00000083 332e30392e31 
00000089 355c6d616b65 
0000008f 00 
00000090 474853204320    102 	.strz	"GHS C 2015.1.7 [dual]"
00000096 323031352e31 
0000009c 2e37205b6475 
000000a2 616c5d00 
000000a6 0100            103 	.byte	1,0
000000a8 00000000*       104 	.word	.Ldw_line_begin
000000ac 00000000*       105 	.word	.Ldw_macinfo_begin
000000b0 00              106 	.byte	0
                         107 
                         108 	.section	.debug_abbrev
00000000 01              109 	.byte	1
00000001 11              110 	.byte	17
00000002 01              111 	.byte	1
00000003 1101            112 	.byte	17,1
00000005 1201            113 	.byte	18,1
00000007 0308            114 	.byte	3,8
00000009 1b08            115 	.byte	27,8
0000000b 2508            116 	.byte	37,8
0000000d 1305            117 	.byte	19,5
0000000f 1006            118 	.byte	16,6
00000011 4306            119 	.byte	67,6
00000013 420b            120 	.byte	66,11
00000015 0000            121 	.byte	0,0
                         122 
                         123 	.section	.debug_line
                         124 .Ldw_line_begin:
00000000 d9020000        125 	.word	.Ldw_line_end-.Ldw_line_begin-4
00000004 0200            126 	.byte	2,0
00000006 00000000*       127 	.word	.Ldw_lpro_end-.Ldw_lpro_begin
                         128 .Ldw_lpro_begin:
0000000a 01              129 	.byte	1
0000000b 00              130 	.byte	0
0000000c 00              131 	.byte	0
0000000d 04              132 	.byte	4
0000000e 0a              133 	.byte	10
0000000f 000101          134 	.byte	0,1,1
00000012 010100          135 	.byte	1,1,0
00000015 000001          136 	.byte	0,0,1
00000018 00              137 	.byte	0
00000019 2e2e2f736f75    138 	.strz	"../source/wrappers/SwcServiceCanTp/CanTp_CallOut.c"
0000001f 7263652f7772 
00000025 617070657273 
0000002b 2f5377635365 
00000031 727669636543 
00000037 616e54702f43 
0000003d 616e54705f43 
00000043 616c6c4f7574 
00000049 2e6300 
0000004c 000000          139 	.byte	0,0,0
0000004f 2e2e2f736f75    140 	.strz	"../source/common/Std_Types.hpp"
00000055 7263652f636f 

                                                                      Page 4
                                                              C:\Users\nhuliyap\AppData\Local\Temp\gh_000093k1.s
0000005b 6d6d6f6e2f53 
00000061 74645f547970 
00000067 65732e687070 
0000006d 00 
0000006e 000000          141 	.byte	0,0,0
00000071 2e2e2f736f75    142 	.strz	"../source/common/Platform_Types.hpp"
00000077 7263652f636f 
0000007d 6d6d6f6e2f50 
00000083 6c6174666f72 
00000089 6d5f54797065 
0000008f 732e68707000 
00000095 000000          143 	.byte	0,0,0
00000098 2e2e2f736f75    144 	.strz	"../source/common/Compiler.hpp"
0000009e 7263652f636f 
000000a4 6d6d6f6e2f43 
000000aa 6f6d70696c65 
000000b0 722e68707000 
000000b6 000000          145 	.byte	0,0,0
000000b9 2e2e2f736f75    146 	.strz	"../source/ProjectCompiler/Compiler_Cfg.hpp"
000000bf 7263652f5072 
000000c5 6f6a65637443 
000000cb 6f6d70696c65 
000000d1 722f436f6d70 
000000d7 696c65725f43 
000000dd 66672e687070 
000000e3 00 
000000e4 000000          147 	.byte	0,0,0
000000e7 2e2e2f736f75    148 	.strz	"../source/ProjectCompiler/CompilerCfg_SwcServiceOs.hpp"
000000ed 7263652f5072 
000000f3 6f6a65637443 
000000f9 6f6d70696c65 
000000ff 722f436f6d70 
00000105 696c65724366 
0000010b 675f53776353 
00000111 657276696365 
00000117 4f732e687070 
0000011d 00 
0000011e 000000          149 	.byte	0,0,0
00000121 2e2e2f736f75    150 	.strz	"../source/SwcServiceCom/ComStack_Types.hpp"
00000127 7263652f5377 
0000012d 635365727669 
00000133 6365436f6d2f 
00000139 436f6d537461 
0000013f 636b5f547970 
00000145 65732e687070 
0000014b 00 
0000014c 000000          151 	.byte	0,0,0
0000014f 2e2e2f736f75    152 	.strz	"../source/ProjectCfg/ComStack_Cfg.hpp"
00000155 7263652f5072 
0000015b 6f6a65637443 
00000161 66672f436f6d 
00000167 537461636b5f 
0000016d 4366672e6870 
00000173 7000 
00000175 000000          153 	.byte	0,0,0
00000178 2e2e2f736f75    154 	.strz	"../source/wrappers/SwcServiceCanTp/CanTp.hpp"
0000017e 7263652f7772 
00000184 617070657273 
0000018a 2f5377635365 
00000190 727669636543 
00000196 616e54702f43 

                                                                      Page 5
                                                              C:\Users\nhuliyap\AppData\Local\Temp\gh_000093k1.s
0000019c 616e54702e68 
000001a2 707000 
000001a5 000000          155 	.byte	0,0,0
000001a8 2e2e2f736f75    156 	.strz	"../source/ProjectCfg/CanTp_Cfg.hpp"
000001ae 7263652f5072 
000001b4 6f6a65637443 
000001ba 66672f43616e 
000001c0 54705f436667 
000001c6 2e68707000 
000001cb 000000          157 	.byte	0,0,0
000001ce 2e2e2f736f75    158 	.strz	"../source/ProjectCfg/CfgSwcServiceCanTp.hpp"
000001d4 7263652f5072 
000001da 6f6a65637443 
000001e0 66672f436667 
000001e6 537763536572 
000001ec 766963654361 
000001f2 6e54702e6870 
000001f8 7000 
000001fa 000000          159 	.byte	0,0,0
000001fd 2e2e2f736f75    160 	.strz	"../source/wrappers/SwcServiceCanTp_PreCompile/CanTp_Types.hpp"
00000203 7263652f7772 
00000209 617070657273 
0000020f 2f5377635365 
00000215 727669636543 
0000021b 616e54705f50 
00000221 7265436f6d70 
00000227 696c652f4361 
0000022d 6e54705f5479 
00000233 7065732e6870 
00000239 7000 
0000023b 000000          161 	.byte	0,0,0
0000023e 2e2e2f736f75    162 	.strz	"../source/ProjectCompiler/CanTp_MemMap.hpp"
00000244 7263652f5072 
0000024a 6f6a65637443 
00000250 6f6d70696c65 
00000256 722f43616e54 
0000025c 705f4d656d4d 
00000262 61702e687070 
00000268 00 
00000269 000000          163 	.byte	0,0,0
0000026c 2e2e2f736f75    164 	.strz	"../source/ProjectCompiler/Bsw_MemMap.hpp"
00000272 7263652f5072 
00000278 6f6a65637443 
0000027e 6f6d70696c65 
00000284 722f4273775f 
0000028a 4d656d4d6170 
00000290 2e68707000 
00000295 000000          165 	.byte	0,0,0
00000298 2e2e2f736f75    166 	.strz	"../source/ProjectCompiler/MemMap_Common.hpp"
0000029e 7263652f5072 
000002a4 6f6a65637443 
000002aa 6f6d70696c65 
000002b0 722f4d656d4d 
000002b6 61705f436f6d 
000002bc 6d6f6e2e6870 
000002c2 7000 
000002c4 000000          167 	.byte	0,0,0
000002c7 00              168 	.byte	0
                         169 .Ldw_lpro_end:
                         170 	.section	.debug_macinfo
                         171 .Ldw_macinfo_begin:

                                                                      Page 6
                                                              C:\Users\nhuliyap\AppData\Local\Temp\gh_000093k1.s
                         172 	.section	.debug_frame
                         173 .LDW_4bbd660:
00000000 00000000*       174 	.word	.LDW_unq_2-.LDW_unq_1
                         175 .LDW_unq_1:
00000004 ffffffff        176 	.byte	255,255,255,255
00000008 01              177 	.byte	1
00000009 00              178 	.byte	0
0000000a 01              179 	.byte	1
0000000b 01              180 	.byte	1
0000000c 1f              181 	.byte	31
0000000d 0c              182 	.byte	12
0000000e 03              183 	.byte	3
0000000f 00              184 	.byte	0
00000010 07              185 	.byte	7
00000011 00              186 	.byte	0
00000012 07              187 	.byte	7
00000013 01              188 	.byte	1
00000014 07              189 	.byte	7
00000015 02              190 	.byte	2
00000016 07              191 	.byte	7
00000017 03              192 	.byte	3
00000018 07              193 	.byte	7
00000019 04              194 	.byte	4
0000001a 07              195 	.byte	7
0000001b 05              196 	.byte	5
0000001c 07              197 	.byte	7
0000001d 06              198 	.byte	6
0000001e 07              199 	.byte	7
0000001f 07              200 	.byte	7
00000020 07              201 	.byte	7
00000021 08              202 	.byte	8
00000022 07              203 	.byte	7
00000023 09              204 	.byte	9
00000024 07              205 	.byte	7
00000025 0a              206 	.byte	10
00000026 07              207 	.byte	7
00000027 0b              208 	.byte	11
00000028 07              209 	.byte	7
00000029 0c              210 	.byte	12
0000002a 07              211 	.byte	7
0000002b 0d              212 	.byte	13
0000002c 07              213 	.byte	7
0000002d 0e              214 	.byte	14
0000002e 07              215 	.byte	7
0000002f 0f              216 	.byte	15
00000030 07              217 	.byte	7
00000031 10              218 	.byte	16
00000032 07              219 	.byte	7
00000033 11              220 	.byte	17
00000034 07              221 	.byte	7
00000035 12              222 	.byte	18
00000036 07              223 	.byte	7
00000037 13              224 	.byte	19
00000038 08              225 	.byte	8
00000039 14              226 	.byte	20
0000003a 08              227 	.byte	8
0000003b 15              228 	.byte	21
0000003c 08              229 	.byte	8
0000003d 16              230 	.byte	22
0000003e 08              231 	.byte	8
0000003f 17              232 	.byte	23

                                                                      Page 7
                                                              C:\Users\nhuliyap\AppData\Local\Temp\gh_000093k1.s
00000040 08              233 	.byte	8
00000041 18              234 	.byte	24
00000042 08              235 	.byte	8
00000043 19              236 	.byte	25
00000044 08              237 	.byte	8
00000045 1a              238 	.byte	26
00000046 08              239 	.byte	8
00000047 1b              240 	.byte	27
00000048 08              241 	.byte	8
00000049 1c              242 	.byte	28
0000004a 08              243 	.byte	8
0000004b 1d              244 	.byte	29
0000004c 07              245 	.byte	7
0000004d 1e              246 	.byte	30
0000004e 08              247 	.byte	8
0000004f 1f              248 	.byte	31
00000050 07              249 	.byte	7
00000051 20              250 	.byte	32
00000052 07              251 	.byte	7
00000053 21              252 	.byte	33
00000054 07              253 	.byte	7
00000055 22              254 	.byte	34
00000056 07              255 	.byte	7
00000057 23              256 	.byte	35
00000058 07              257 	.byte	7
00000059 24              258 	.byte	36
0000005a 07              259 	.byte	7
0000005b 25              260 	.byte	37
0000005c 07              261 	.byte	7
0000005d 26              262 	.byte	38
0000005e 07              263 	.byte	7
0000005f 27              264 	.byte	39
00000060 07              265 	.byte	7
00000061 28              266 	.byte	40
00000062 07              267 	.byte	7
00000063 29              268 	.byte	41
00000064 07              269 	.byte	7
00000065 2a              270 	.byte	42
00000066 07              271 	.byte	7
00000067 2b              272 	.byte	43
00000068 07              273 	.byte	7
00000069 2c              274 	.byte	44
0000006a 07              275 	.byte	7
0000006b 2d              276 	.byte	45
0000006c 07              277 	.byte	7
0000006d 2e              278 	.byte	46
0000006e 07              279 	.byte	7
0000006f 2f              280 	.byte	47
00000070 07              281 	.byte	7
00000071 30              282 	.byte	48
00000072 07              283 	.byte	7
00000073 31              284 	.byte	49
00000074 07              285 	.byte	7
00000075 32              286 	.byte	50
00000076 07              287 	.byte	7
00000077 33              288 	.byte	51
00000078 07              289 	.byte	7
00000079 34              290 	.byte	52
0000007a 07              291 	.byte	7
0000007b 35              292 	.byte	53
0000007c 07              293 	.byte	7

                                                                      Page 8
                                                              C:\Users\nhuliyap\AppData\Local\Temp\gh_000093k1.s
0000007d 36              294 	.byte	54
0000007e 07              295 	.byte	7
0000007f 37              296 	.byte	55
00000080 07              297 	.byte	7
00000081 38              298 	.byte	56
00000082 07              299 	.byte	7
00000083 39              300 	.byte	57
00000084 07              301 	.byte	7
00000085 3a              302 	.byte	58
00000086 07              303 	.byte	7
00000087 3b              304 	.byte	59
00000088 07              305 	.byte	7
00000089 3c              306 	.byte	60
0000008a 07              307 	.byte	7
0000008b 3d              308 	.byte	61
0000008c 07              309 	.byte	7
0000008d 3e              310 	.byte	62
0000008e 07              311 	.byte	7
0000008f 3f              312 	.byte	63
                         313 .LDW_unq_2:
                         314 	.section	.debug_info
                         315 .LDW_4026cc0:
000000b1 25              316 	.byte	37
000000b2 756e7369676e    317 	.strz	"unsigned char"
000000b8 656420636861 
000000be 7200 
000000c0 08              318 	.byte	8
000000c1 01              319 	.byte	1
                         320 
                         321 	.section	.debug_abbrev
00000017 25              322 	.byte	37
00000018 24              323 	.byte	36
00000019 00              324 	.byte	0
0000001a 0308            325 	.byte	3,8
0000001c 3e0b            326 	.byte	62,11
0000001e 0b0b            327 	.byte	11,11
00000020 0000            328 	.byte	0,0
                         329 
                         330 	.section	.debug_info
                         331 .LDW_4026a58:
000000c2 25              332 	.byte	37
000000c3 756e7369676e    333 	.strz	"unsigned short"
000000c9 65642073686f 
000000cf 727400 
000000d2 07              334 	.byte	7
000000d3 02              335 	.byte	2
                         336 
                         337 .LDW_4067418:
000000d4 29              338 	.byte	41
000000d5 00000000*       339 	.word	.LDW_40673c0
                         340 
                         341 	.section	.debug_abbrev
00000022 29              342 	.byte	41
00000023 26              343 	.byte	38
00000024 00              344 	.byte	0
00000025 4910            345 	.byte	73,16
00000027 0000            346 	.byte	0,0
                         347 
                         348 	.section	.debug_info
                         349 .LDW_4026eb8:
000000d9 2f              350 	.byte	47

                                                                      Page 9
                                                              C:\Users\nhuliyap\AppData\Local\Temp\gh_000093k1.s
000000da 00000000*       351 	.word	.LDW_4067418
                         352 
                         353 	.section	.debug_abbrev
00000029 2f              354 	.byte	47
0000002a 0f              355 	.byte	15
0000002b 00              356 	.byte	0
0000002c 4910            357 	.byte	73,16
0000002e 0000            358 	.byte	0,0
                         359 
                         360 	.section	.debug_info
                         361 .LDW_40674c8:
000000de 29              362 	.byte	41
000000df 00000000*       363 	.word	.LDW_4067470
                         364 
                         365 .LDW_4026e80:
000000e3 44              366 	.byte	68
000000e4 00000000*       367 	.word	.LDW_4068e50
000000e8 01              368 	.byte	1
                         369 
                         370 	.section	.debug_abbrev
00000030 44              371 	.byte	68
00000031 15              372 	.byte	21
00000032 01              373 	.byte	1
00000033 4910            374 	.byte	73,16
00000035 270c            375 	.byte	39,12
00000037 0000            376 	.byte	0,0
                         377 
                         378 	.section	.debug_info
                         379 .LDW_4021458:
000000e9 12              380 	.byte	18
000000ea 00000000*       381 	.word	.LDW_4068f00
000000ee 00              382 	.byte	0
                         383 
                         384 	.section	.debug_abbrev
00000039 12              385 	.byte	18
0000003a 05              386 	.byte	5
0000003b 00              387 	.byte	0
0000003c 4910            388 	.byte	73,16
0000003e 4b0c            389 	.byte	75,12
00000040 0000            390 	.byte	0,0
                         391 
                         392 	.section	.debug_info
                         393 .LDW_4021548:
000000ef 12              394 	.byte	18
000000f0 00000000*       395 	.word	.LDW_4026eb8
000000f4 00              396 	.byte	0
                         397 
                         398 .LDW_4021338:
000000f5 12              399 	.byte	18
000000f6 00000000*       400 	.word	.LDW_40674c8
000000fa 00              401 	.byte	0
                         402 
000000fb 00              403 	.byte	0
                         404 
                         405 .LDW_4026f28:
000000fc 2f              406 	.byte	47
000000fd 00000000*       407 	.word	.LDW_403ba88
                         408 
                         409 .LDW_4067470:
00000101 28              410 	.byte	40
00000102 626f6f6c6561    411 	.strz	"boolean"

                                                                      Page 10
                                                              C:\Users\nhuliyap\AppData\Local\Temp\gh_000093k1.s
00000108 6e00 
0000010a 4e              412 	.byte	78
0000010b 49              413 	.byte	73
0000010c 03              414 	.byte	3
0000010d 00000000*       415 	.word	.LDW_4026cc0
                         416 
                         417 	.section	.debug_abbrev
00000042 28              418 	.byte	40
00000043 16              419 	.byte	22
00000044 00              420 	.byte	0
00000045 0308            421 	.byte	3,8
00000047 3b0f            422 	.byte	59,15
00000049 390f            423 	.byte	57,15
0000004b 3a0f            424 	.byte	58,15
0000004d 4910            425 	.byte	73,16
0000004f 0000            426 	.byte	0,0
                         427 
                         428 	.section	.debug_info
                         429 .LDW_403ba88:
00000111 28              430 	.byte	40
00000112 75696e743800    431 	.strz	"uint8"
00000118 50              432 	.byte	80
00000119 4b              433 	.byte	75
0000011a 03              434 	.byte	3
0000011b 00000000*       435 	.word	.LDW_4026cc0
                         436 
                         437 .LDW_4068ea8:
0000011f 28              438 	.byte	40
00000120 75696e743136    439 	.strz	"uint16"
00000126 00 
00000127 52              440 	.byte	82
00000128 4a              441 	.byte	74
00000129 03              442 	.byte	3
0000012a 00000000*       443 	.word	.LDW_4026a58
                         444 
                         445 .LDW_4068e50:
0000012e 28              446 	.byte	40
0000012f 5374645f5265    447 	.strz	"Std_ReturnType"
00000135 7475726e5479 
0000013b 706500 
0000013e 4e              448 	.byte	78
0000013f 0f              449 	.byte	15
00000140 02              450 	.byte	2
00000141 00000000*       451 	.word	.LDW_403ba88
                         452 
                         453 .LDW_4068f00:
00000145 28              454 	.byte	40
00000146 547970655f53    455 	.strz	"Type_SwcServiceCom_tIdPdu"
0000014c 776353657276 
00000152 696365436f6d 
00000158 5f7449645064 
0000015e 7500 
00000160 04              456 	.byte	4
00000161 10              457 	.byte	16
00000162 08              458 	.byte	8
00000163 00000000*       459 	.word	.LDW_4068ea8
                         460 
                         461 .LDW_4067e78:
00000167 28              462 	.byte	40
00000168 547970655f53    463 	.strz	"Type_SwcServiceCom_tLengthPdu"
0000016e 776353657276 

                                                                      Page 11
                                                              C:\Users\nhuliyap\AppData\Local\Temp\gh_000093k1.s
00000174 696365436f6d 
0000017a 5f744c656e67 
00000180 746850647500 
00000186 05              464 	.byte	5
00000187 10              465 	.byte	16
00000188 08              466 	.byte	8
00000189 00000000*       467 	.word	.LDW_4068ea8
                         468 
                         469 .LDW_4068f58:
0000018d 41              470 	.byte	65
0000018e 20              471 	.byte	32
0000018f 0f              472 	.byte	15
00000190 07              473 	.byte	7
00000191 08              474 	.byte	8
00000192 01              475 	.byte	1
                         476 
                         477 	.section	.debug_abbrev
00000051 41              478 	.byte	65
00000052 13              479 	.byte	19
00000053 01              480 	.byte	1
00000054 3b0f            481 	.byte	59,15
00000056 390f            482 	.byte	57,15
00000058 3a0f            483 	.byte	58,15
0000005a 0b0f            484 	.byte	11,15
0000005c 320b            485 	.byte	50,11
0000005e 0000            486 	.byte	0,0
                         487 
                         488 	.section	.debug_info
                         489 .LDW_4b90f68:
00000193 23              490 	.byte	35
00000194 536475446174    491 	.strz	"SduDataPtr"
0000019a 6150747200 
0000019f 21              492 	.byte	33
000001a0 32              493 	.byte	50
000001a1 07              494 	.byte	7
000001a2 00000000*       495 	.word	.LDW_4026f28
000001a6 0223            496 	.byte	2,35
000001a8 00              497 	.byte	0
000001a9 01              498 	.byte	1
                         499 
                         500 	.section	.debug_abbrev
00000060 23              501 	.byte	35
00000061 0d              502 	.byte	13
00000062 00              503 	.byte	0
00000063 0308            504 	.byte	3,8
00000065 3b0f            505 	.byte	59,15
00000067 390f            506 	.byte	57,15
00000069 3a0f            507 	.byte	58,15
0000006b 4910            508 	.byte	73,16
0000006d 380a            509 	.byte	56,10
0000006f 320b            510 	.byte	50,11
00000071 0000            511 	.byte	0,0
                         512 
                         513 	.section	.debug_info
                         514 .LDW_4b909c8:
000001aa 23              515 	.byte	35
000001ab 5364754c656e    516 	.strz	"SduLength"
000001b1 67746800 
000001b5 25              517 	.byte	37
000001b6 22              518 	.byte	34
000001b7 07              519 	.byte	7

                                                                      Page 12
                                                              C:\Users\nhuliyap\AppData\Local\Temp\gh_000093k1.s
000001b8 00000000*       520 	.word	.LDW_4067e78
000001bc 0223            521 	.byte	2,35
000001be 04              522 	.byte	4
000001bf 01              523 	.byte	1
                         524 
000001c0 00              525 	.byte	0
                         526 
                         527 .LDW_40673c0:
000001c1 28              528 	.byte	40
000001c2 547970655f53    529 	.strz	"Type_SwcServiceCom_stInfoPdu"
000001c8 776353657276 
000001ce 696365436f6d 
000001d4 5f7374496e66 
000001da 6f50647500 
000001df 26              530 	.byte	38
000001e0 02              531 	.byte	2
000001e1 07              532 	.byte	7
000001e2 00000000*       533 	.word	.LDW_4068f58
                         534 
                         535 .LDW_4067520:
000001e6 14              536 	.byte	20
000001e7 43616e54705f    537 	.strz	"CanTp_XX_YY_ExternalFdSupportCallback"
000001ed 58585f59595f 
000001f3 45787465726e 
000001f9 616c46645375 
000001ff 70706f727443 
00000205 616c6c626163 
0000020b 6b00 
0000020d 08              538 	.byte	8
0000020e 10              539 	.byte	16
0000020f 01              540 	.byte	1
00000210 00000000*       541 	.word	.LDW_4068e50
00000214 00000000*       542 	.word	_CanTp_XX_YY_ExternalFdSupportCallback
00000218 00000000*       543 	.word	___ghs_eofn_CanTp_XX_YY_ExternalFdSupportCallback
0000021c 0153            544 	.byte	1,83
0000021e 02              545 	.byte	2
0000021f 00              546 	.byte	0
00000220 02              547 	.byte	2
00000221 00              548 	.byte	0
00000222 00              549 	.byte	0
00000223 00              550 	.byte	0
00000224 00              551 	.byte	0
00000225 01              552 	.byte	1
00000226 01              553 	.byte	1
00000227 00              554 	.byte	0
00000228 01              555 	.byte	1
                         556 
                         557 	.section	.debug_abbrev
00000073 14              558 	.byte	20
00000074 2e              559 	.byte	46
00000075 01              560 	.byte	1
00000076 0308            561 	.byte	3,8
00000078 3b0f            562 	.byte	59,15
0000007a 390f            563 	.byte	57,15
0000007c 3a0f            564 	.byte	58,15
0000007e 4910            565 	.byte	73,16
00000080 1101            566 	.byte	17,1
00000082 1201            567 	.byte	18,1
00000084 400a            568 	.byte	64,10
00000086 8341            569 	.byte	131,65
00000088 0f              570 	.byte	15

                                                                      Page 13
                                                              C:\Users\nhuliyap\AppData\Local\Temp\gh_000093k1.s
00000089 8741            571 	.byte	135,65
0000008b 0d              572 	.byte	13
0000008c 8541            573 	.byte	133,65
0000008e 0f              574 	.byte	15
0000008f 8641            575 	.byte	134,65
00000091 0d              576 	.byte	13
00000092 9241            577 	.byte	146,65
00000094 0f              578 	.byte	15
00000095 3c0c            579 	.byte	60,12
00000097 200b            580 	.byte	32,11
00000099 3f0c            581 	.byte	63,12
0000009b 320b            582 	.byte	50,11
0000009d 4c0b            583 	.byte	76,11
0000009f 270c            584 	.byte	39,12
000000a1 0000            585 	.byte	0,0
                         586 
                         587 	.section	.debug_frame
                         588 .LDW_4c07a50:
00000090 00000000*       589 	.word	.LDW_unq_4-.LDW_unq_3
                         590 .LDW_unq_3:
00000094 00000000*       591 	.word	.LDW_4bbd660
00000098 00000000*       592 	.word	_CanTp_XX_YY_ExternalFdSupportCallback
0000009c 00000000*       593 	.word	___ghs_eofn_CanTp_XX_YY_ExternalFdSupportCallback-_CanTp_XX_YY_ExternalFdSupportCallback
000000a0 01              594 	.byte	1
000000a1 00000000*       595 	.word	.LDW11
000000a5 00              596 	.byte	0
000000a6 00              597 	.byte	0
000000a7 00              598 	.byte	0
                         599 .LDW_unq_4:
                         600 	.section	.debug_line
000002c8 000502          601 	.byte	0,5,2
000002cb 00000000*       602 	.word	_CanTp_XX_YY_ExternalFdSupportCallback
000002cf 06              603 	.byte	6
000002d0 03              604 	.byte	3
000002d1 0e              605 	.byte	14
000002d2 02              606 	.byte	2
000002d3 00              607 	.byte	0
000002d4 01              608 	.byte	1
000002d5 06              609 	.byte	6
000002d6 02              610 	.byte	2
000002d7 02              611 	.byte	2
000002d8 02              612 	.byte	2
000002d9 02              613 	.byte	2
000002da 000101          614 	.byte	0,1,1
                         615 	.section	.debug_info
                         616 .LDW_40675b8:
00000229 0f              617 	.byte	15
0000022a 527850647549    618 	.strz	"RxPduId"
00000230 6400 
00000232 08              619 	.byte	8
00000233 50              620 	.byte	80
00000234 01              621 	.byte	1
00000235 00000000*       622 	.word	.LDW_4068f00
00000239 00              623 	.byte	0
0000023a 0156            624 	.byte	1,86
                         625 
                         626 	.section	.debug_abbrev
000000a3 0f              627 	.byte	15
000000a4 05              628 	.byte	5
000000a5 00              629 	.byte	0
000000a6 0308            630 	.byte	3,8

                                                                      Page 14
                                                              C:\Users\nhuliyap\AppData\Local\Temp\gh_000093k1.s
000000a8 3b0f            631 	.byte	59,15
000000aa 390f            632 	.byte	57,15
000000ac 3a0f            633 	.byte	58,15
000000ae 4910            634 	.byte	73,16
000000b0 4b0c            635 	.byte	75,12
000000b2 020a            636 	.byte	2,10
000000b4 0000            637 	.byte	0,0
                         638 
                         639 	.section	.debug_info
                         640 .LDW_4067610:
0000023c 0f              641 	.byte	15
0000023d 506475496e66    642 	.strz	"PduInfoPtr"
00000243 6f50747200 
00000248 08              643 	.byte	8
00000249 7d              644 	.byte	125
0000024a 01              645 	.byte	1
0000024b 00000000*       646 	.word	.LDW_4026eb8
0000024f 00              647 	.byte	0
00000250 0157            648 	.byte	1,87
                         649 
                         650 .LDW_4067668:
00000252 0f              651 	.byte	15
00000253 4664456e6162    652 	.strz	"FdEnabled"
00000259 6c656400 
0000025d 09              653 	.byte	9
0000025e 18              654 	.byte	24
0000025f 01              655 	.byte	1
00000260 00000000*       656 	.word	.LDW_40674c8
00000264 00              657 	.byte	0
00000265 0158            658 	.byte	1,88
                         659 
                         660 .LDW_40214b8:
00000267 1d              661 	.byte	29
00000268 00000000*       662 	.word	.LDW01
0000026c 00000000*       663 	.word	.LDW11
                         664 
                         665 	.section	.debug_abbrev
000000b6 1d              666 	.byte	29
000000b7 0b              667 	.byte	11
000000b8 01              668 	.byte	1
000000b9 1101            669 	.byte	17,1
000000bb 1201            670 	.byte	18,1
000000bd 0000            671 	.byte	0,0
                         672 
                         673 	.section	.debug_info
00000270 00              674 	.byte	0
                         675 
00000271 00              676 	.byte	0
                         677 
00000272 00              678 	.byte	0
                         679 
                         680 	.section	.debug_line
                         681 .Ldw_line_end:
                         682 	.section	.debug_macinfo
00000000 01              683 	.byte	1
00000001 00              684 	.byte	0
00000002 5f5f6768735f    685 	.strz	"__ghs__ 1"
00000008 5f203100 
0000000c 01              686 	.byte	1
0000000d 00              687 	.byte	0
0000000e 5f5f4c4c4f4e    688 	.strz	"__LLONG_BIT 64"

                                                                      Page 15
                                                              C:\Users\nhuliyap\AppData\Local\Temp\gh_000093k1.s
00000014 475f42495420 
0000001a 363400 
0000001d 01              689 	.byte	1
0000001e 00              690 	.byte	0
0000001f 4e4f545f5245    691 	.strz	"NOT_READY_FOR_TESTING_OR_DEPLOYMENT 1"
00000025 4144595f464f 
0000002b 525f54455354 
00000031 494e475f4f52 
00000037 5f4445504c4f 
0000003d 594d454e5420 
00000043 3100 
00000045 03              692 	.byte	3
00000046 00              693 	.byte	0
00000047 01              694 	.byte	1
00000048 03              695 	.byte	3
00000049 01              696 	.byte	1
0000004a 02              697 	.byte	2
0000004b 03              698 	.byte	3
0000004c 1c              699 	.byte	28
0000004d 03              700 	.byte	3
0000004e 04              701 	.byte	4
0000004f 03              702 	.byte	3
00000050 1d              703 	.byte	29
00000051 04              704 	.byte	4
00000052 03              705 	.byte	3
00000053 1b              706 	.byte	27
00000054 05              707 	.byte	5
00000055 03              708 	.byte	3
00000056 54              709 	.byte	84
00000057 06              710 	.byte	6
00000058 04              711 	.byte	4
00000059 04              712 	.byte	4
0000005a 01              713 	.byte	1
0000005b 37              714 	.byte	55
0000005c 503256415228    715 	.strz	"P2VAR(ptrtype,memclass,ptrclass) ptrtype*"
00000062 707472747970 
00000068 652c6d656d63 
0000006e 6c6173732c70 
00000074 7472636c6173 
0000007a 732920707472 
00000080 747970652a00 
00000086 04              716 	.byte	4
00000087 01              717 	.byte	1
00000088 3c              718 	.byte	60
00000089 5354445f4f4e    719 	.strz	"STD_ON 1u"
0000008f 20317500 
00000093 01              720 	.byte	1
00000094 3e              721 	.byte	62
00000095 455f4f4b2030    722 	.strz	"E_OK 0u"
0000009b 7500 
0000009d 04              723 	.byte	4
0000009e 03              724 	.byte	3
0000009f 03              725 	.byte	3
000000a0 07              726 	.byte	7
000000a1 03              727 	.byte	3
000000a2 04              728 	.byte	4
000000a3 08              729 	.byte	8
000000a4 04              730 	.byte	4
000000a5 04              731 	.byte	4
000000a6 03              732 	.byte	3
000000a7 04              733 	.byte	4

                                                                      Page 16
                                                              C:\Users\nhuliyap\AppData\Local\Temp\gh_000093k1.s
000000a8 09              734 	.byte	9
000000a9 03              735 	.byte	3
000000aa 04              736 	.byte	4
000000ab 0a              737 	.byte	10
000000ac 03              738 	.byte	3
000000ad 1d              739 	.byte	29
000000ae 0b              740 	.byte	11
000000af 03              741 	.byte	3
000000b0 1b              742 	.byte	27
000000b1 0c              743 	.byte	12
000000b2 04              744 	.byte	4
000000b3 04              745 	.byte	4
000000b4 01              746 	.byte	1
000000b5 2b              747 	.byte	43
000000b6 43414e54505f    748 	.strz	"CANTP_ON (1u)"
000000bc 4f4e20283175 
000000c2 2900 
000000c4 01              749 	.byte	1
000000c5 2c              750 	.byte	44
000000c6 43414e54505f    751 	.strz	"CANTP_OFF (0u)"
000000cc 4f4646202830 
000000d2 752900 
000000d5 01              752 	.byte	1
000000d6 2e              753 	.byte	46
000000d7 43414e54505f    754 	.strz	"CANTP_VERSION_INFO_API CANTP_ON"
000000dd 56455253494f 
000000e3 4e5f494e464f 
000000e9 5f4150492043 
000000ef 414e54505f4f 
000000f5 4e00 
000000f7 01              755 	.byte	1
000000f8 2f              756 	.byte	47
000000f9 43414e54505f    757 	.strz	"CANTP_READ_PARAMETER_API CANTP_OFF"
000000ff 524541445f50 
00000105 4152414d4554 
0000010b 45525f415049 
00000111 2043414e5450 
00000117 5f4f464600 
0000011c 01              758 	.byte	1
0000011d 30              759 	.byte	48
0000011e 43414e54505f    760 	.strz	"CANTP_CHANGE_PARAMETER_API CANTP_OFF"
00000124 4348414e4745 
0000012a 5f504152414d 
00000130 455445525f41 
00000136 50492043414e 
0000013c 54505f4f4646 
00000142 00 
00000143 01              761 	.byte	1
00000144 3b              762 	.byte	59
00000145 43414e54505f    763 	.strz	"CANTP_CANTPLITE_SUPPORT CANTP_OFF"
0000014b 43414e54504c 
00000151 4954455f5355 
00000157 50504f525420 
0000015d 43414e54505f 
00000163 4f464600 
00000167 04              764 	.byte	4
00000168 01              765 	.byte	1
00000169 20              766 	.byte	32
0000016a 43414e54505f    767 	.strz	"CANTP_START_SEC_VAR_CLEARED_8 "
00000170 53544152545f 
00000176 5345435f5641 

                                                                      Page 17
                                                              C:\Users\nhuliyap\AppData\Local\Temp\gh_000093k1.s
0000017c 525f434c4541 
00000182 5245445f3820 
00000188 00 
00000189 03              768 	.byte	3
0000018a 21              769 	.byte	33
0000018b 0d              770 	.byte	13
0000018c 01              771 	.byte	1
0000018d 05              772 	.byte	5
0000018e 4d454d4d4150    773 	.strz	"MEMMAP_ERROR "
00000194 5f4552524f52 
0000019a 2000 
0000019c 01              774 	.byte	1
0000019d 08              775 	.byte	8
0000019e 4253575f5354    776 	.strz	"BSW_START_SEC_VAR_CLEARED_8 "
000001a4 4152545f5345 
000001aa 435f5641525f 
000001b0 434c45415245 
000001b6 445f382000 
000001bb 03              777 	.byte	3
000001bc 09              778 	.byte	9
000001bd 0e              779 	.byte	14
000001be 01              780 	.byte	1
000001bf 2a              781 	.byte	42
000001c0 53544152545f    782 	.strz	"START_SEC_VAR_CLEARED_8 "
000001c6 5345435f5641 
000001cc 525f434c4541 
000001d2 5245445f3820 
000001d8 00 
000001d9 03              783 	.byte	3
000001da bb09            784 	.byte	187,9
000001dc 0f              785 	.byte	15
000001dd 01              786 	.byte	1
000001de 46              787 	.byte	70
000001df 53544152545f    788 	.strz	"START_SEC_VAR_ZERO_INIT_8BIT "
000001e5 5345435f5641 
000001eb 525f5a45524f 
000001f1 5f494e49545f 
000001f7 384249542000 
000001fd 01              789 	.byte	1
000001fe e009            790 	.byte	224,9
00000200 5641525f5345    791 	.strz	"VAR_SEC_OPEN "
00000206 435f4f50454e 
0000020c 2000 
0000020e 04              792 	.byte	4
0000020f 04              793 	.byte	4
00000210 04              794 	.byte	4
00000211 01              795 	.byte	1
00000212 23              796 	.byte	35
00000213 43414e54505f    797 	.strz	"CANTP_STOP_SEC_VAR_CLEARED_8 "
00000219 53544f505f53 
0000021f 45435f564152 
00000225 5f434c454152 
0000022b 45445f382000 
00000231 03              798 	.byte	3
00000232 24              799 	.byte	36
00000233 0d              800 	.byte	13
00000234 01              801 	.byte	1
00000235 05              802 	.byte	5
00000236 4d454d4d4150    803 	.strz	"MEMMAP_ERROR "
0000023c 5f4552524f52 
00000242 2000 

                                                                      Page 18
                                                              C:\Users\nhuliyap\AppData\Local\Temp\gh_000093k1.s
00000244 01              804 	.byte	1
00000245 0d              805 	.byte	13
00000246 4253575f5354    806 	.strz	"BSW_STOP_SEC_VAR_CLEARED_8 "
0000024c 4f505f534543 
00000252 5f5641525f43 
00000258 4c4541524544 
0000025e 5f382000 
00000262 03              807 	.byte	3
00000263 0e              808 	.byte	14
00000264 0e              809 	.byte	14
00000265 01              810 	.byte	1
00000266 2e              811 	.byte	46
00000267 53544f505f53    812 	.strz	"STOP_SEC_VAR "
0000026d 45435f564152 
00000273 2000 
00000275 03              813 	.byte	3
00000276 bb09            814 	.byte	187,9
00000278 0f              815 	.byte	15
00000279 04              816 	.byte	4
0000027a 04              817 	.byte	4
0000027b 04              818 	.byte	4
0000027c 01              819 	.byte	1
0000027d 26              820 	.byte	38
0000027e 43414e54505f    821 	.strz	"CANTP_START_SEC_CODE "
00000284 53544152545f 
0000028a 5345435f434f 
00000290 44452000 
00000294 03              822 	.byte	3
00000295 27              823 	.byte	39
00000296 0d              824 	.byte	13
00000297 01              825 	.byte	1
00000298 05              826 	.byte	5
00000299 4d454d4d4150    827 	.strz	"MEMMAP_ERROR "
0000029f 5f4552524f52 
000002a5 2000 
000002a7 01              828 	.byte	1
000002a8 34              829 	.byte	52
000002a9 4253575f5354    830 	.strz	"BSW_START_SEC_CODE "
000002af 4152545f5345 
000002b5 435f434f4445 
000002bb 2000 
000002bd 03              831 	.byte	3
000002be 35              832 	.byte	53
000002bf 0e              833 	.byte	14
000002c0 01              834 	.byte	1
000002c1 da08            835 	.byte	218,8
000002c3 53544152545f    836 	.strz	"START_SEC_CODE "
000002c9 5345435f434f 
000002cf 44452000 
000002d3 03              837 	.byte	3
000002d4 bb09            838 	.byte	187,9
000002d6 0f              839 	.byte	15
000002d7 01              840 	.byte	1
000002d8 f307            841 	.byte	243,7
000002da 434f44455f53    842 	.strz	"CODE_SEC_OPEN "
000002e0 45435f4f5045 
000002e6 4e2000 
000002e9 04              843 	.byte	4
000002ea 04              844 	.byte	4
000002eb 04              845 	.byte	4
000002ec 01              846 	.byte	1

                                                                      Page 19
                                                              C:\Users\nhuliyap\AppData\Local\Temp\gh_000093k1.s
000002ed 40              847 	.byte	64
000002ee 43414e54505f    848 	.strz	"CANTP_STOP_SEC_CODE "
000002f4 53544f505f53 
000002fa 45435f434f44 
00000300 452000 
00000303 03              849 	.byte	3
00000304 41              850 	.byte	65
00000305 0d              851 	.byte	13
00000306 01              852 	.byte	1
00000307 05              853 	.byte	5
00000308 4d454d4d4150    854 	.strz	"MEMMAP_ERROR "
0000030e 5f4552524f52 
00000314 2000 
00000316 01              855 	.byte	1
00000317 39              856 	.byte	57
00000318 4253575f5354    857 	.strz	"BSW_STOP_SEC_CODE "
0000031e 4f505f534543 
00000324 5f434f444520 
0000032a 00 
0000032b 03              858 	.byte	3
0000032c 3a              859 	.byte	58
0000032d 0e              860 	.byte	14
0000032e 01              861 	.byte	1
0000032f de08            862 	.byte	222,8
00000331 53544f505f53    863 	.strz	"STOP_SEC_CODE "
00000337 45435f434f44 
0000033d 452000 
00000340 03              864 	.byte	3
00000341 bb09            865 	.byte	187,9
00000343 0f              866 	.byte	15
00000344 04              867 	.byte	4
00000345 04              868 	.byte	4
00000346 04              869 	.byte	4
00000347 04              870 	.byte	4
00000348 01              871 	.byte	1
00000349 06              872 	.byte	6
0000034a 43414e54505f    873 	.strz	"CANTP_START_SEC_FDCALLOUT_CODE "
00000350 53544152545f 
00000356 5345435f4644 
0000035c 43414c4c4f55 
00000362 545f434f4445 
00000368 2000 
0000036a 03              874 	.byte	3
0000036b 07              875 	.byte	7
0000036c 0d              876 	.byte	13
0000036d 01              877 	.byte	1
0000036e 05              878 	.byte	5
0000036f 4d454d4d4150    879 	.strz	"MEMMAP_ERROR "
00000375 5f4552524f52 
0000037b 2000 
0000037d 01              880 	.byte	1
0000037e 3f              881 	.byte	63
0000037f 4253575f5354    882 	.strz	"BSW_START_SEC_CODE "
00000385 4152545f5345 
0000038b 435f434f4445 
00000391 2000 
00000393 03              883 	.byte	3
00000394 40              884 	.byte	64
00000395 0e              885 	.byte	14
00000396 01              886 	.byte	1
00000397 da08            887 	.byte	218,8

                                                                      Page 20
                                                              C:\Users\nhuliyap\AppData\Local\Temp\gh_000093k1.s
00000399 53544152545f    888 	.strz	"START_SEC_CODE "
0000039f 5345435f434f 
000003a5 44452000 
000003a9 03              889 	.byte	3
000003aa bb09            890 	.byte	187,9
000003ac 0f              891 	.byte	15
000003ad 01              892 	.byte	1
000003ae f307            893 	.byte	243,7
000003b0 434f44455f53    894 	.strz	"CODE_SEC_OPEN "
000003b6 45435f4f5045 
000003bc 4e2000 
000003bf 04              895 	.byte	4
000003c0 04              896 	.byte	4
000003c1 04              897 	.byte	4
000003c2 01              898 	.byte	1
000003c3 12              899 	.byte	18
000003c4 43414e54505f    900 	.strz	"CANTP_STOP_SEC_FDCALLOUT_CODE "
000003ca 53544f505f53 
000003d0 45435f464443 
000003d6 414c4c4f5554 
000003dc 5f434f444520 
000003e2 00 
000003e3 03              901 	.byte	3
000003e4 13              902 	.byte	19
000003e5 0d              903 	.byte	13
000003e6 01              904 	.byte	1
000003e7 05              905 	.byte	5
000003e8 4d454d4d4150    906 	.strz	"MEMMAP_ERROR "
000003ee 5f4552524f52 
000003f4 2000 
000003f6 01              907 	.byte	1
000003f7 44              908 	.byte	68
000003f8 4253575f5354    909 	.strz	"BSW_STOP_SEC_CODE "
000003fe 4f505f534543 
00000404 5f434f444520 
0000040a 00 
0000040b 03              910 	.byte	3
0000040c 45              911 	.byte	69
0000040d 0e              912 	.byte	14
0000040e 01              913 	.byte	1
0000040f de08            914 	.byte	222,8
00000411 53544f505f53    915 	.strz	"STOP_SEC_CODE "
00000417 45435f434f44 
0000041d 452000 
00000420 03              916 	.byte	3
00000421 bb09            917 	.byte	187,9
00000423 0f              918 	.byte	15
00000424 04              919 	.byte	4
00000425 04              920 	.byte	4
00000426 04              921 	.byte	4
00000427 04              922 	.byte	4
00000428 00              923 	.byte	0
                         924 	.section	.debug_abbrev
000000bf 00              925 	.byte	0
                         926 	.section	.debug_info
                         927 .Ldw_end:
                         928 .rh850_flags REGMODE32,DATA_ALIGN8,GP_FIX,EP_NONFIX,TP_FIX,REG2_RESERVE,G3K,GHS_MISALIGN,SDA_EXTRA_REGS_0
