                                                                      Page 1
                                                              C:\Users\nhuliyap\AppData\Local\Temp\gh_00008vs1.s
Command Line: C:\ghs\comp_201517\ease850.exe -w -elf -b0 -I../source/common -I../source/ProjectCompiler -I../source/ProjectCfg -I../source/SwcApplTpms -I../source/SwcApplEcuM -I../source/SwcServiceBswM -I../source/SwcServiceEcuM -I../source/SwcServiceNvM -I../source/SwcServiceOs -I../source/SwcServiceStartUp -I../source/McalAdc -I../source/McalDio -I../source/McalGpt -I../source/McalMcu -I../source/McalWdg -I../source/wrappers -I../source/wrappers/McalAta -I../source/McalLin -I../source/McalCan -I../source/wrappers/OS -I../source/McalFls -I../source/EcuabFee -I../source/EcuabMemIf -I../source/wrappers/VStdLib -I../source/wrappers/Crc -I../source/wrappers/FBL_APPL -I../source/wrappers/NVM_MANAGER -I../source/wrappers/DEM_MANAGER -I../source/wrappers/RDC_MANAGER -I../source/wrappers/ENV_MANAGER -I../source/wrappers/SYS_MANAGER -I../source/wrappers/EcuabCanIf -I../source/EcuabCanTrcv -I../source/wrappers/SwcServiceCanSM -I../source/wrappers/SwcServiceCanTp -I../source/wrappers/SwcServiceCanTp_PreCompile -I../source/wrappers/SwcServiceCom -I../source/wrappers/SwcServiceComM -I../source/wrappers/SwcServiceDcm -I../source/wrappers/SwcServicePduR -I../source/wrappers/SwcServiceEcuM -I../source/wrappers/Bfx -I../source/wrappers/SwcServiceDem -I../source/SwcServiceCom -I../source/SwcServiceDet -I../source/SwcServiceFiM -I../source/SwcServicePduR -I../source/SwcServiceSchM -I../source/wrappers/LibAutosarDiag -I../source/wrappers/rba_BswSrv -IC:\ghs\comp_201517\lib\rh850 -cg_underscore -cpu=rh850g3k -no_v850_simd -rh850_fpsimd=none -nomacro -patch_dbo=C:\_ECU2\ECU_Rivian_A1\Target\repo_projects\pRealEcu\cR_R2023.09.15\make\output\objects\CanTrcv.dbo -source=CanTrcv.c -o output\objects\gh_00008vs1.o -list=output\list\CanTrcv.lst C:\Users\nhuliyap\AppData\Local\Temp\gh_00008vs1.s 
Original File: C:\Users\nhuliyap\AppData\Local\Temp\gh_00008vs1.s
Source File: CanTrcv.c
Directory: C:\_ECU2\ECU_Rivian_A1\Target\repo_projects\pRealEcu\cR_R2023.09.15\make
Host OS: Windows
EASE: Copyright (C) 1983-2015 Green Hills Software.  All Rights Reserved.
Release: Compiler v2015.1.7
Build Directory: [Directory] BTOWORKER6:c:/build_2015_1_bto/2015-10-21.2100-2015_1_bto/win32-comp-ecom
Revision: [VCInfo] http://toolsvc/branches/release-branch-70-bto/src@544153 (built by build)
Revision Date: Thu Oct 22 07:50:13 2015

Release Date: Thu Oct 22 09:32:32 2015

                           1 --Driver Command: ccv850 ../source/EcuabCanTrcv/CanTrcv.c -cpu=rh850 -fhard
                           2 --		-ignore_callt_state_in_interrupts -large_sda -misalign_pack
                           3 --		-nofarcalls -nofloatio -no_callt -Ogeneral -Onounroll
                           4 --		-prepare_dispose -registermode=32 -reserve_r2 -sda=0
                           5 --		-shorten_loads -Wshadow --brief_diagnostics --no_commons
                           6 --		--no_wrap_diagnostics --prototype_errors --short_enum -list -G
                           7 --		-dual_debug -dwarf -X5523 -lnk=-no_xda_modifications -D
                           8 --		NOT_READY_FOR_TESTING_OR_DEPLOYMENT -D IBTCM_SW_ANPASSUNGEN -D
                           9 --		BUILD_RIVIAN -c -inline_prologue -I../source/common
                          10 --		-I../source/ProjectCompiler -I../source/ProjectCfg
                          11 --		-I../source/SwcApplTpms -I../source/SwcApplEcuM
                          12 --		-I../source/SwcServiceBswM -I../source/SwcServiceEcuM
                          13 --		-I../source/SwcServiceNvM -I../source/SwcServiceOs
                          14 --		-I../source/SwcServiceStartUp -I../source/McalAdc
                          15 --		-I../source/McalDio -I../source/McalGpt -I../source/McalMcu
                          16 --		-I../source/McalWdg -I../source/wrappers
                          17 --		-I../source/wrappers/McalAta -I../source/McalLin
                          18 --		-I../source/McalCan -I../source/wrappers/OS -I../source/McalFls
                          19 --		-I../source/EcuabFee -I../source/EcuabMemIf
                          20 --		-I../source/wrappers/VStdLib -I../source/wrappers
                          21 --		-I../source/wrappers/Crc -I../source/wrappers/FBL_APPL
                          22 --		-I../source/wrappers/NVM_MANAGER -I../source/wrappers/DEM_MANAGER
                          23 --		-I../source/wrappers/RDC_MANAGER -I../source/wrappers/ENV_MANAGER
                          24 --		-I../source/wrappers/SYS_MANAGER -I../source/wrappers/EcuabCanIf
                          25 --		-I../source/EcuabCanTrcv -I../source/wrappers/SwcServiceCanSM
                          26 --		-I../source/wrappers/SwcServiceCanTp
                          27 --		-I../source/wrappers/SwcServiceCanTp_PreCompile
                          28 --		-I../source/wrappers/SwcServiceCom
                          29 --		-I../source/wrappers/SwcServiceComM
                          30 --		-I../source/wrappers/SwcServiceDcm
                          31 --		-I../source/wrappers/SwcServicePduR
                          32 --		-I../source/wrappers/SwcServiceEcuM -I../source/wrappers/Bfx
                          33 --		-I../source/wrappers/SwcServiceDem -I../source/SwcServiceCom
                          34 --		-I../source/SwcServiceDet -I../source/SwcServiceFiM
                          35 --		-I../source/SwcServicePduR -I../source/SwcServiceSchM
                          36 --		-I../source/wrappers/LibAutosarDiag
                          37 --		-I../source/wrappers/rba_BswSrv -object_dir=output/objects
                          38 --		-list_dir=output/list
                          39 --Source File:   ../source/EcuabCanTrcv/CanTrcv.c
                          40 --Directory:     
                          41 --		C:\_ECU2\ECU_Rivian_A1\Target\repo_projects\pRealEcu\cR_R2023.09.15\make
                          42 --Compile Date:  Fri Sep 15 15:23:25 2023
                          43 --Host OS:       Win32
                          44 --Version:       C-RH850 2015.1.7 RELEASE VERSION
                          45 --Release:       Compiler v2015.1.7
                          46 --Revision Date: Thu Oct 22 08:06:12 2015
                          47 --Release Date:  Thu Oct 22 09:34:32 2015
                          48 -- ecom  -g -w -OM
                          49 	.text
                          50 ..bof.C.3A.5C_ECU2.5CECU_Rivian_A1.5CTarget.5Crepo_projects.5CpRealEcu.5CcR_R2023.2E09.2E15.5Cmake.5Coutput.5Cobjects.5CCanTrcv...43.3A.5C_ECU2.5CECU_Rivian_A1.5CTarget.5Crepo_projects.5CpRealEcu.5CcR_R2023.2E09.2E15.5Cmake..65045ACD..0::

                                                                      Page 2
                                                              C:\Users\nhuliyap\AppData\Local\Temp\gh_00008vs1.s
                          51 	.align	2
                          52 ..gh.f.f.1.e.0:
                          53 	.type	..gh.f.f.1.e.0,@object
                          54 	.size	..gh.f.f.1.e.0,0
                          55 	.global	_TRCV_Standby
                          56 _TRCV_Standby:
00000000 80072100         57 	prepare	{r31},0
                          58 --	    .bf
                          59 .LDW01:
00000004 0a32             60 	mov	10,r6
                          61 	jarl	_McalDio_vInitOutputOff,lp
                          61 <EXPANSION BEGIN>
                          61 jarl22 _McalDio_vInitOutputOff , lp 
00000006 80ff0000*        61 <EXPANSION END>
                          62 --line10
                          63 ..lin.C.3A.5C_ECU2.5CECU_Rivian_A1.5CTarget.5Crepo_projects.5CpRealEcu.5CcR_R2023.2E09.2E15.5Cmake.5Coutput.5Cobjects.5CCanTrcv.1::
                          64 .LDWlin1:
0000000a 20361400         65 	movea	20,zero,r6
                          66 	jarl	_WaitHard,lp
                          66 <EXPANSION BEGIN>
                          66 jarl22 _WaitHard , lp 
0000000e 80ff0000*        66 <EXPANSION END>
                          67 --line11
                          68 ..lin.C.3A.5C_ECU2.5CECU_Rivian_A1.5CTarget.5Crepo_projects.5CpRealEcu.5CcR_R2023.2E09.2E15.5Cmake.5Coutput.5Cobjects.5CCanTrcv.2::
                          69 .LDWlin2:
00000012 0c32             70 	mov	12,r6
                          71 	jarl	_McalDio_vInitOutputOff,lp
                          71 <EXPANSION BEGIN>
                          71 jarl22 _McalDio_vInitOutputOff , lp 
00000014 80ff0000*        71 <EXPANSION END>
                          72 --line12
                          73 ..lin.C.3A.5C_ECU2.5CECU_Rivian_A1.5CTarget.5Crepo_projects.5CpRealEcu.5CcR_R2023.2E09.2E15.5Cmake.5Coutput.5Cobjects.5CCanTrcv.3::
                          74 .LDWlin3:
00000018 20361400         75 	movea	20,zero,r6
                          76 	jarl	_WaitHard,lp
                          76 <EXPANSION BEGIN>
                          76 jarl22 _WaitHard , lp 
0000001c 80ff0000*        76 <EXPANSION END>
                          77 --	    .ef
                          78 .LDW11:
                          79 --line13
                          80 ..lin.C.3A.5C_ECU2.5CECU_Rivian_A1.5CTarget.5Crepo_projects.5CpRealEcu.5CcR_R2023.2E09.2E15.5Cmake.5Coutput.5Cobjects.5CCanTrcv.4::
                          81 .LDWlin4:
00000020 40063f00         82 	dispose	0,{r31},[lp]
                          83 	.global	___ghs_eofn_TRCV_Standby
                          84 ___ghs_eofn_TRCV_Standby:
                          85 	.type	_TRCV_Standby,@function
                          86 	.size	_TRCV_Standby,.-_TRCV_Standby
                          87 	.align	2
                          88 
                          89 	.section ".bss","awb"
                          90 .L33:
                          91 	.type	.L33,@object
                          92 	.size	.L33,0
                          93 	.data
                          94 	.text
                          95 	.align	2
                          96 	.align	2
                          97 ..gh.f.f.1.e.1:
                          98 	.type	..gh.f.f.1.e.1,@object
                          99 	.size	..gh.f.f.1.e.1,0

                                                                      Page 3
                                                              C:\Users\nhuliyap\AppData\Local\Temp\gh_00008vs1.s
                         100 	.global	_TRCV_Normal
                         101 _TRCV_Normal:
00000024 80072100        102 	prepare	{r31},0
                         103 --	    .bf
                         104 .LDW21:
00000028 0c32            105 	mov	12,r6
                         106 	jarl	_GPIO_output_on,lp
                         106 <EXPANSION BEGIN>
                         106 jarl22 _GPIO_output_on , lp 
0000002a 80ff0000*       106 <EXPANSION END>
                         107 --line17
                         108 ..lin.C.3A.5C_ECU2.5CECU_Rivian_A1.5CTarget.5Crepo_projects.5CpRealEcu.5CcR_R2023.2E09.2E15.5Cmake.5Coutput.5Cobjects.5CCanTrcv.5::
                         109 .LDWlin5:
0000002e 0a32            110 	mov	10,r6
                         111 	jarl	_GPIO_output_on,lp
                         111 <EXPANSION BEGIN>
                         111 jarl22 _GPIO_output_on , lp 
00000030 80ff0000*       111 <EXPANSION END>
                         112 --	    .ef
                         113 .LDW31:
                         114 --line18
                         115 ..lin.C.3A.5C_ECU2.5CECU_Rivian_A1.5CTarget.5Crepo_projects.5CpRealEcu.5CcR_R2023.2E09.2E15.5Cmake.5Coutput.5Cobjects.5CCanTrcv.6::
                         116 .LDWlin6:
00000034 40063f00        117 	dispose	0,{r31},[lp]
                         118 	.global	___ghs_eofn_TRCV_Normal
                         119 ___ghs_eofn_TRCV_Normal:
                         120 	.type	_TRCV_Normal,@function
                         121 	.size	_TRCV_Normal,.-_TRCV_Normal
                         122 	.align	2
                         123 
                         124 	.section ".bss","awb"
                         125 .L81:
                         126 	.type	.L81,@object
                         127 	.size	.L81,0
                         128 	.data
                         129 	.text
                         130 	.align	2
                         131 	.align	2
                         132 ..gh.f.f.1.e.2:
                         133 	.type	..gh.f.f.1.e.2,@object
                         134 	.size	..gh.f.f.1.e.2,0
                         135 	.global	_TRCV_GetWakeupFlag
                         136 _TRCV_GetWakeupFlag:
00000038 80072100        137 	prepare	{r31},0
                         138 --	    .bf
                         139 .LDW41:
0000003c 0b32            140 	mov	11,r6
                         141 	jarl	_GPIO_input_read,lp
                         141 <EXPANSION BEGIN>
                         141 jarl22 _GPIO_input_read , lp 
0000003e 80ff0000*       141 <EXPANSION END>
00000042 e051            142 	cmp	zero,r10
00000044 e2570000        143 	setfe	r10
                         144 --	    .ef
                         145 .LDW51:
                         146 --line29
                         147 ..lin.C.3A.5C_ECU2.5CECU_Rivian_A1.5CTarget.5Crepo_projects.5CpRealEcu.5CcR_R2023.2E09.2E15.5Cmake.5Coutput.5Cobjects.5CCanTrcv.7::
                         148 .LDWlin7:
00000048 40063f00        149 	dispose	0,{r31},[lp]
                         150 	.global	___ghs_eofn_TRCV_GetWakeupFlag
                         151 ___ghs_eofn_TRCV_GetWakeupFlag:

                                                                      Page 4
                                                              C:\Users\nhuliyap\AppData\Local\Temp\gh_00008vs1.s
                         152 	.type	_TRCV_GetWakeupFlag,@function
                         153 	.size	_TRCV_GetWakeupFlag,.-_TRCV_GetWakeupFlag
                         154 	.align	2
                         155 --_bRetVal	r10	local
                         156 
                         157 	.section ".bss","awb"
                         158 .L146:
                         159 	.type	.L146,@object
                         160 	.size	.L146,0
                         161 	.data
                         162 	.text
                         163 	.align	2
                         164 
                         165 	.data
                         166 	.ghsnote version,17
                         167 	.ghsnote tools,3
                         168 	.ghsnote options,144
                         169 	.text
                         170 	.align	2
                         171 ..eof.C.3A.5C_ECU2.5CECU_Rivian_A1.5CTarget.5Crepo_projects.5CpRealEcu.5CcR_R2023.2E09.2E15.5Cmake.5Coutput.5Cobjects.5CCanTrcv...43.3A.5C_ECU2.5CECU_Rivian_A1.5CTarget.5Crepo_projects.5CpRealEcu.5CcR_R2023.2E09.2E15.5Cmake..65045ACD..0::
                         172 	.section	.debug_info
                         173 .Ldw_begin:
00000000 40040000        174 	.word	.Ldw_end-.Ldw_begin-4
00000004 0200            175 	.byte	2,0
00000006 00000000*       176 	.word	.Ldw_abbr_begin
0000000a 04              177 	.byte	4
                         178 	.section	.debug_abbrev
                         179 .Ldw_abbr_begin:
                         180 	.section	.debug_info
0000000b 01              181 	.byte	1
0000000c 00000000*       182 	.word	..bof.C.3A.5C_ECU2.5CECU_Rivian_A1.5CTarget.5Crepo_projects.5CpRealEcu.5CcR_R2023.2E09.2E15.5Cmake.5Coutput.5Cobjects.5CCanTrcv...43.3A.5C_ECU2.5CECU_Rivian_A1.5CTarget.5Crepo_projects.5CpRealEcu.5CcR_R2023.2E09.2E15.5Cmake..65045ACD..0
00000010 00000000*       183 	.word	..eof.C.3A.5C_ECU2.5CECU_Rivian_A1.5CTarget.5Crepo_projects.5CpRealEcu.5CcR_R2023.2E09.2E15.5Cmake.5Coutput.5Cobjects.5CCanTrcv...43.3A.5C_ECU2.5CECU_Rivian_A1.5CTarget.5Crepo_projects.5CpRealEcu.5CcR_R2023.2E09.2E15.5Cmake..65045ACD..0
00000014 2e2e2f736f75    184 	.strz	"../source/EcuabCanTrcv/CanTrcv.c"
0000001a 7263652f4563 
00000020 75616243616e 
00000026 547263762f43 
0000002c 616e54726376 
00000032 2e6300 
00000035 433a5c5f4543    185 	.strz	"C:\\_ECU2\\ECU_Rivian_A1\\Target\\repo_projects\\pRealEcu\\cR_R2023.09.15\\make"
0000003b 55325c454355 
00000041 5f5269766961 
00000047 6e5f41315c54 
0000004d 61726765745c 
00000053 7265706f5f70 
00000059 726f6a656374 
0000005f 735c70526561 
00000065 6c4563755c63 
0000006b 525f52323032 
00000071 332e30392e31 
00000077 355c6d616b65 
0000007d 00 
0000007e 474853204320    186 	.strz	"GHS C 2015.1.7 [dual]"
00000084 323031352e31 
0000008a 2e37205b6475 
00000090 616c5d00 
00000094 0100            187 	.byte	1,0
00000096 00000000*       188 	.word	.Ldw_line_begin
0000009a 00000000*       189 	.word	.Ldw_macinfo_begin
0000009e 00              190 	.byte	0
                         191 
                         192 	.section	.debug_abbrev

                                                                      Page 5
                                                              C:\Users\nhuliyap\AppData\Local\Temp\gh_00008vs1.s
00000000 01              193 	.byte	1
00000001 11              194 	.byte	17
00000002 01              195 	.byte	1
00000003 1101            196 	.byte	17,1
00000005 1201            197 	.byte	18,1
00000007 0308            198 	.byte	3,8
00000009 1b08            199 	.byte	27,8
0000000b 2508            200 	.byte	37,8
0000000d 1305            201 	.byte	19,5
0000000f 1006            202 	.byte	16,6
00000011 4306            203 	.byte	67,6
00000013 420b            204 	.byte	66,11
00000015 0000            205 	.byte	0,0
                         206 
                         207 	.section	.debug_line
                         208 .Ldw_line_begin:
00000000 41030000        209 	.word	.Ldw_line_end-.Ldw_line_begin-4
00000004 0200            210 	.byte	2,0
00000006 00000000*       211 	.word	.Ldw_lpro_end-.Ldw_lpro_begin
                         212 .Ldw_lpro_begin:
0000000a 01              213 	.byte	1
0000000b 00              214 	.byte	0
0000000c 00              215 	.byte	0
0000000d 04              216 	.byte	4
0000000e 0a              217 	.byte	10
0000000f 000101          218 	.byte	0,1,1
00000012 010100          219 	.byte	1,1,0
00000015 000001          220 	.byte	0,0,1
00000018 00              221 	.byte	0
00000019 2e2e2f736f75    222 	.strz	"../source/EcuabCanTrcv/CanTrcv.c"
0000001f 7263652f4563 
00000025 75616243616e 
0000002b 547263762f43 
00000031 616e54726376 
00000037 2e6300 
0000003a 000000          223 	.byte	0,0,0
0000003d 2e2e2f736f75    224 	.strz	"../source/common/Std_Types.hpp"
00000043 7263652f636f 
00000049 6d6d6f6e2f53 
0000004f 74645f547970 
00000055 65732e687070 
0000005b 00 
0000005c 000000          225 	.byte	0,0,0
0000005f 2e2e2f736f75    226 	.strz	"../source/common/Platform_Types.hpp"
00000065 7263652f636f 
0000006b 6d6d6f6e2f50 
00000071 6c6174666f72 
00000077 6d5f54797065 
0000007d 732e68707000 
00000083 000000          227 	.byte	0,0,0
00000086 2e2e2f736f75    228 	.strz	"../source/common/Compiler.hpp"
0000008c 7263652f636f 
00000092 6d6d6f6e2f43 
00000098 6f6d70696c65 
0000009e 722e68707000 
000000a4 000000          229 	.byte	0,0,0
000000a7 2e2e2f736f75    230 	.strz	"../source/ProjectCompiler/Compiler_Cfg.hpp"
000000ad 7263652f5072 
000000b3 6f6a65637443 
000000b9 6f6d70696c65 
000000bf 722f436f6d70 

                                                                      Page 6
                                                              C:\Users\nhuliyap\AppData\Local\Temp\gh_00008vs1.s
000000c5 696c65725f43 
000000cb 66672e687070 
000000d1 00 
000000d2 000000          231 	.byte	0,0,0
000000d5 2e2e2f736f75    232 	.strz	"../source/ProjectCompiler/CompilerCfg_SwcServiceOs.hpp"
000000db 7263652f5072 
000000e1 6f6a65637443 
000000e7 6f6d70696c65 
000000ed 722f436f6d70 
000000f3 696c65724366 
000000f9 675f53776353 
000000ff 657276696365 
00000105 4f732e687070 
0000010b 00 
0000010c 000000          233 	.byte	0,0,0
0000010f 2e2e2f736f75    234 	.strz	"../source/EcuabCanTrcv/CanTrcv.hpp"
00000115 7263652f4563 
0000011b 75616243616e 
00000121 547263762f43 
00000127 616e54726376 
0000012d 2e68707000 
00000132 000000          235 	.byte	0,0,0
00000135 2e2e2f736f75    236 	.strz	"../source/wrappers/EcuabCanIf/Can_GeneralTypes.hpp"
0000013b 7263652f7772 
00000141 617070657273 
00000147 2f4563756162 
0000014d 43616e49662f 
00000153 43616e5f4765 
00000159 6e6572616c54 
0000015f 797065732e68 
00000165 707000 
00000168 000000          237 	.byte	0,0,0
0000016b 2e2e2f736f75    238 	.strz	"../source/SwcServiceCom/ComStack_Types.hpp"
00000171 7263652f5377 
00000177 635365727669 
0000017d 6365436f6d2f 
00000183 436f6d537461 
00000189 636b5f547970 
0000018f 65732e687070 
00000195 00 
00000196 000000          239 	.byte	0,0,0
00000199 2e2e2f736f75    240 	.strz	"../source/ProjectCfg/ComStack_Cfg.hpp"
0000019f 7263652f5072 
000001a5 6f6a65637443 
000001ab 66672f436f6d 
000001b1 537461636b5f 
000001b7 4366672e6870 
000001bd 7000 
000001bf 000000          241 	.byte	0,0,0
000001c2 2e2e2f736f75    242 	.strz	"../source/McalMcu/types.hpp"
000001c8 7263652f4d63 
000001ce 616c4d63752f 
000001d4 74797065732e 
000001da 68707000 
000001de 000000          243 	.byte	0,0,0
000001e1 2e2e2f736f75    244 	.strz	"../source/McalDio/gpioX.hpp"
000001e7 7263652f4d63 
000001ed 616c44696f2f 
000001f3 6770696f582e 
000001f9 68707000 
000001fd 000000          245 	.byte	0,0,0

                                                                      Page 7
                                                              C:\Users\nhuliyap\AppData\Local\Temp\gh_00008vs1.s
00000200 2e2e2f736f75    246 	.strz	"../source/ProjectCfg/CfgMcalDio.hpp"
00000206 7263652f5072 
0000020c 6f6a65637443 
00000212 66672f436667 
00000218 4d63616c4469 
0000021e 6f2e68707000 
00000224 000000          247 	.byte	0,0,0
00000227 2e2e2f736f75    248 	.strz	"../source/McalDio/Types_McalDio.hpp"
0000022d 7263652f4d63 
00000233 616c44696f2f 
00000239 54797065735f 
0000023f 4d63616c4469 
00000245 6f2e68707000 
0000024b 000000          249 	.byte	0,0,0
0000024e 2e2e2f736f75    250 	.strz	"../source/ProjectCfg/CfgSwcServiceOs.hpp"
00000254 7263652f5072 
0000025a 6f6a65637443 
00000260 66672f436667 
00000266 537763536572 
0000026c 766963654f73 
00000272 2e68707000 
00000277 000000          251 	.byte	0,0,0
0000027a 2e2e2f736f75    252 	.strz	"../source/SwcServiceOs/Types_SwcServiceOs.hpp"
00000280 7263652f5377 
00000286 635365727669 
0000028c 63654f732f54 
00000292 797065735f53 
00000298 776353657276 
0000029e 6963654f732e 
000002a4 68707000 
000002a8 000000          253 	.byte	0,0,0
000002ab 2e2e2f736f75    254 	.strz	"../source/McalGpt/clocksX.hpp"
000002b1 7263652f4d63 
000002b7 616c4770742f 
000002bd 636c6f636b73 
000002c3 582e68707000 
000002c9 000000          255 	.byte	0,0,0
000002cc 00              256 	.byte	0
                         257 .Ldw_lpro_end:
                         258 	.section	.debug_macinfo
                         259 .Ldw_macinfo_begin:
                         260 	.section	.debug_frame
                         261 .LDW_4b04240:
00000000 00000000*       262 	.word	.LDW_unq_2-.LDW_unq_1
                         263 .LDW_unq_1:
00000004 ffffffff        264 	.byte	255,255,255,255
00000008 01              265 	.byte	1
00000009 00              266 	.byte	0
0000000a 01              267 	.byte	1
0000000b 01              268 	.byte	1
0000000c 1f              269 	.byte	31
0000000d 0c              270 	.byte	12
0000000e 03              271 	.byte	3
0000000f 00              272 	.byte	0
00000010 07              273 	.byte	7
00000011 00              274 	.byte	0
00000012 07              275 	.byte	7
00000013 01              276 	.byte	1
00000014 07              277 	.byte	7
00000015 02              278 	.byte	2
00000016 07              279 	.byte	7

                                                                      Page 8
                                                              C:\Users\nhuliyap\AppData\Local\Temp\gh_00008vs1.s
00000017 03              280 	.byte	3
00000018 07              281 	.byte	7
00000019 04              282 	.byte	4
0000001a 07              283 	.byte	7
0000001b 05              284 	.byte	5
0000001c 07              285 	.byte	7
0000001d 06              286 	.byte	6
0000001e 07              287 	.byte	7
0000001f 07              288 	.byte	7
00000020 07              289 	.byte	7
00000021 08              290 	.byte	8
00000022 07              291 	.byte	7
00000023 09              292 	.byte	9
00000024 07              293 	.byte	7
00000025 0a              294 	.byte	10
00000026 07              295 	.byte	7
00000027 0b              296 	.byte	11
00000028 07              297 	.byte	7
00000029 0c              298 	.byte	12
0000002a 07              299 	.byte	7
0000002b 0d              300 	.byte	13
0000002c 07              301 	.byte	7
0000002d 0e              302 	.byte	14
0000002e 07              303 	.byte	7
0000002f 0f              304 	.byte	15
00000030 07              305 	.byte	7
00000031 10              306 	.byte	16
00000032 07              307 	.byte	7
00000033 11              308 	.byte	17
00000034 07              309 	.byte	7
00000035 12              310 	.byte	18
00000036 07              311 	.byte	7
00000037 13              312 	.byte	19
00000038 08              313 	.byte	8
00000039 14              314 	.byte	20
0000003a 08              315 	.byte	8
0000003b 15              316 	.byte	21
0000003c 08              317 	.byte	8
0000003d 16              318 	.byte	22
0000003e 08              319 	.byte	8
0000003f 17              320 	.byte	23
00000040 08              321 	.byte	8
00000041 18              322 	.byte	24
00000042 08              323 	.byte	8
00000043 19              324 	.byte	25
00000044 08              325 	.byte	8
00000045 1a              326 	.byte	26
00000046 08              327 	.byte	8
00000047 1b              328 	.byte	27
00000048 08              329 	.byte	8
00000049 1c              330 	.byte	28
0000004a 08              331 	.byte	8
0000004b 1d              332 	.byte	29
0000004c 07              333 	.byte	7
0000004d 1e              334 	.byte	30
0000004e 08              335 	.byte	8
0000004f 1f              336 	.byte	31
00000050 07              337 	.byte	7
00000051 20              338 	.byte	32
00000052 07              339 	.byte	7
00000053 21              340 	.byte	33

                                                                      Page 9
                                                              C:\Users\nhuliyap\AppData\Local\Temp\gh_00008vs1.s
00000054 07              341 	.byte	7
00000055 22              342 	.byte	34
00000056 07              343 	.byte	7
00000057 23              344 	.byte	35
00000058 07              345 	.byte	7
00000059 24              346 	.byte	36
0000005a 07              347 	.byte	7
0000005b 25              348 	.byte	37
0000005c 07              349 	.byte	7
0000005d 26              350 	.byte	38
0000005e 07              351 	.byte	7
0000005f 27              352 	.byte	39
00000060 07              353 	.byte	7
00000061 28              354 	.byte	40
00000062 07              355 	.byte	7
00000063 29              356 	.byte	41
00000064 07              357 	.byte	7
00000065 2a              358 	.byte	42
00000066 07              359 	.byte	7
00000067 2b              360 	.byte	43
00000068 07              361 	.byte	7
00000069 2c              362 	.byte	44
0000006a 07              363 	.byte	7
0000006b 2d              364 	.byte	45
0000006c 07              365 	.byte	7
0000006d 2e              366 	.byte	46
0000006e 07              367 	.byte	7
0000006f 2f              368 	.byte	47
00000070 07              369 	.byte	7
00000071 30              370 	.byte	48
00000072 07              371 	.byte	7
00000073 31              372 	.byte	49
00000074 07              373 	.byte	7
00000075 32              374 	.byte	50
00000076 07              375 	.byte	7
00000077 33              376 	.byte	51
00000078 07              377 	.byte	7
00000079 34              378 	.byte	52
0000007a 07              379 	.byte	7
0000007b 35              380 	.byte	53
0000007c 07              381 	.byte	7
0000007d 36              382 	.byte	54
0000007e 07              383 	.byte	7
0000007f 37              384 	.byte	55
00000080 07              385 	.byte	7
00000081 38              386 	.byte	56
00000082 07              387 	.byte	7
00000083 39              388 	.byte	57
00000084 07              389 	.byte	7
00000085 3a              390 	.byte	58
00000086 07              391 	.byte	7
00000087 3b              392 	.byte	59
00000088 07              393 	.byte	7
00000089 3c              394 	.byte	60
0000008a 07              395 	.byte	7
0000008b 3d              396 	.byte	61
0000008c 07              397 	.byte	7
0000008d 3e              398 	.byte	62
0000008e 07              399 	.byte	7
0000008f 3f              400 	.byte	63
                         401 .LDW_unq_2:

                                                                      Page 10
                                                              C:\Users\nhuliyap\AppData\Local\Temp\gh_00008vs1.s
                         402 	.section	.debug_info
                         403 .LDW_4006cc0:
0000009f 45              404 	.byte	69
000000a0 01              405 	.byte	1
                         406 
                         407 	.section	.debug_abbrev
00000017 45              408 	.byte	69
00000018 15              409 	.byte	21
00000019 01              410 	.byte	1
0000001a 270c            411 	.byte	39,12
0000001c 0000            412 	.byte	0,0
                         413 
                         414 	.section	.debug_info
000000a1 00              415 	.byte	0
                         416 
                         417 .LDW_4006e48:
000000a2 45              418 	.byte	69
000000a3 01              419 	.byte	1
                         420 
000000a4 00              421 	.byte	0
                         422 
                         423 .LDW_4006da0:
000000a5 25              424 	.byte	37
000000a6 756e7369676e    425 	.strz	"unsigned char"
000000ac 656420636861 
000000b2 7200 
000000b4 08              426 	.byte	8
000000b5 01              427 	.byte	1
                         428 
                         429 	.section	.debug_abbrev
0000001e 25              430 	.byte	37
0000001f 24              431 	.byte	36
00000020 00              432 	.byte	0
00000021 0308            433 	.byte	3,8
00000023 3e0b            434 	.byte	62,11
00000025 0b0b            435 	.byte	11,11
00000027 0000            436 	.byte	0,0
                         437 
                         438 	.section	.debug_info
                         439 .LDW_4006b38:
000000b6 44              440 	.byte	68
000000b7 00000000*       441 	.word	.LDW_404d088
000000bb 01              442 	.byte	1
                         443 
                         444 	.section	.debug_abbrev
00000029 44              445 	.byte	68
0000002a 15              446 	.byte	21
0000002b 01              447 	.byte	1
0000002c 4910            448 	.byte	73,16
0000002e 270c            449 	.byte	39,12
00000030 0000            450 	.byte	0,0
                         451 
                         452 	.section	.debug_info
000000bc 00              453 	.byte	0
                         454 
                         455 .LDW_4006e80:
000000bd 25              456 	.byte	37
000000be 756e7369676e    457 	.strz	"unsigned short"
000000c4 65642073686f 
000000ca 727400 
000000cd 07              458 	.byte	7

                                                                      Page 11
                                                              C:\Users\nhuliyap\AppData\Local\Temp\gh_00008vs1.s
000000ce 02              459 	.byte	2
                         460 
                         461 .LDW_4007078:
000000cf 25              462 	.byte	37
000000d0 756e7369676e    463 	.strz	"unsigned long"
000000d6 6564206c6f6e 
000000dc 6700 
000000de 07              464 	.byte	7
000000df 04              465 	.byte	4
                         466 
                         467 .LDW_4006f60:
000000e0 25              468 	.byte	37
000000e1 696e7400        469 	.strz	"int"
000000e5 05              470 	.byte	5
000000e6 04              471 	.byte	4
                         472 
                         473 .LDW_4b2f070:
000000e7 44              474 	.byte	68
000000e8 00000000*       475 	.word	.LDW_404d2d8
000000ec 01              476 	.byte	1
                         477 
                         478 .LDW_4001548:
000000ed 12              479 	.byte	18
000000ee 00000000*       480 	.word	.LDW_4ae6948
000000f2 00              481 	.byte	0
                         482 
                         483 	.section	.debug_abbrev
00000032 12              484 	.byte	18
00000033 05              485 	.byte	5
00000034 00              486 	.byte	0
00000035 4910            487 	.byte	73,16
00000037 4b0c            488 	.byte	75,12
00000039 0000            489 	.byte	0,0
                         490 
                         491 	.section	.debug_info
000000f3 00              492 	.byte	0
                         493 
                         494 .LDW_4b2f188:
000000f4 45              495 	.byte	69
000000f5 01              496 	.byte	1
                         497 
                         498 .LDW_4001668:
000000f6 12              499 	.byte	18
000000f7 00000000*       500 	.word	.LDW_4ae6948
000000fb 00              501 	.byte	0
                         502 
000000fc 00              503 	.byte	0
                         504 
                         505 .LDW_4b2edd0:
000000fd 45              506 	.byte	69
000000fe 01              507 	.byte	1
                         508 
                         509 .LDW_4001338:
000000ff 12              510 	.byte	18
00000100 00000000*       511 	.word	.LDW_4ae6948
00000104 00              512 	.byte	0
                         513 
00000105 00              514 	.byte	0
                         515 
                         516 .LDW_4b2ee08:
00000106 45              517 	.byte	69

                                                                      Page 12
                                                              C:\Users\nhuliyap\AppData\Local\Temp\gh_00008vs1.s
00000107 01              518 	.byte	1
                         519 
                         520 .LDW_4001638:
00000108 12              521 	.byte	18
00000109 00000000*       522 	.word	.LDW_404d388
0000010d 00              523 	.byte	0
                         524 
0000010e 00              525 	.byte	0
                         526 
                         527 .LDW_404d088:
0000010f 28              528 	.byte	40
00000110 626f6f6c6561    529 	.strz	"boolean"
00000116 6e00 
00000118 4e              530 	.byte	78
00000119 49              531 	.byte	73
0000011a 03              532 	.byte	3
0000011b 00000000*       533 	.word	.LDW_4006da0
                         534 
                         535 	.section	.debug_abbrev
0000003b 28              536 	.byte	40
0000003c 16              537 	.byte	22
0000003d 00              538 	.byte	0
0000003e 0308            539 	.byte	3,8
00000040 3b0f            540 	.byte	59,15
00000042 390f            541 	.byte	57,15
00000044 3a0f            542 	.byte	58,15
00000046 4910            543 	.byte	73,16
00000048 0000            544 	.byte	0,0
                         545 
                         546 	.section	.debug_info
                         547 .LDW_404d2d8:
0000011f 28              548 	.byte	40
00000120 75696e743136    549 	.strz	"uint16"
00000126 00 
00000127 52              550 	.byte	82
00000128 4a              551 	.byte	74
00000129 03              552 	.byte	3
0000012a 00000000*       553 	.word	.LDW_4006e80
                         554 
                         555 .LDW_404d388:
0000012e 28              556 	.byte	40
0000012f 75696e743332    557 	.strz	"uint32"
00000135 00 
00000136 54              558 	.byte	84
00000137 4a              559 	.byte	74
00000138 03              560 	.byte	3
00000139 00000000*       561 	.word	.LDW_4007078
                         562 
                         563 .LDW_4ac0b88:
0000013d 2e              564 	.byte	46
0000013e 00              565 	.byte	0
0000013f 27              566 	.byte	39
00000140 0d              567 	.byte	13
00000141 0e              568 	.byte	14
00000142 01              569 	.byte	1
00000143 01              570 	.byte	1
                         571 
                         572 	.section	.debug_abbrev
0000004a 2e              573 	.byte	46
0000004b 04              574 	.byte	4
0000004c 01              575 	.byte	1

                                                                      Page 13
                                                              C:\Users\nhuliyap\AppData\Local\Temp\gh_00008vs1.s
0000004d 0308            576 	.byte	3,8
0000004f 3b0f            577 	.byte	59,15
00000051 390f            578 	.byte	57,15
00000053 3a0f            579 	.byte	58,15
00000055 0b0f            580 	.byte	11,15
00000057 320b            581 	.byte	50,11
00000059 0000            582 	.byte	0,0
                         583 
                         584 	.section	.debug_info
                         585 .LDW_4ac0448:
00000144 2d              586 	.byte	45
00000145 4750494f5f4c    587 	.strz	"GPIO_LED1"
0000014b 45443100 
0000014f 28              588 	.byte	40
00000150 07              589 	.byte	7
00000151 0e              590 	.byte	14
00000152 00              591 	.byte	0
                         592 
                         593 	.section	.debug_abbrev
0000005b 2d              594 	.byte	45
0000005c 28              595 	.byte	40
0000005d 00              596 	.byte	0
0000005e 0308            597 	.byte	3,8
00000060 3b0f            598 	.byte	59,15
00000062 390f            599 	.byte	57,15
00000064 3a0f            600 	.byte	58,15
00000066 1c0d            601 	.byte	28,13
00000068 0000            602 	.byte	0,0
                         603 
                         604 	.section	.debug_info
                         605 .LDW_4ac0488:
00000153 2d              606 	.byte	45
00000154 4750494f5f4c    607 	.strz	"GPIO_LCD_E"
0000015a 43445f4500 
0000015f 29              608 	.byte	41
00000160 07              609 	.byte	7
00000161 0e              610 	.byte	14
00000162 01              611 	.byte	1
                         612 
                         613 .LDW_4ac04c8:
00000163 2d              614 	.byte	45
00000164 4750494f5f4c    615 	.strz	"GPIO_LCD_RW"
0000016a 43445f525700 
00000170 2a              616 	.byte	42
00000171 07              617 	.byte	7
00000172 0e              618 	.byte	14
00000173 02              619 	.byte	2
                         620 
                         621 .LDW_4ac0508:
00000174 2d              622 	.byte	45
00000175 4750494f5f4c    623 	.strz	"GPIO_LCD_RS"
0000017b 43445f525300 
00000181 2b              624 	.byte	43
00000182 07              625 	.byte	7
00000183 0e              626 	.byte	14
00000184 03              627 	.byte	3
                         628 
                         629 .LDW_4ac0688:
00000185 2d              630 	.byte	45
00000186 4750494f5f52    631 	.strz	"GPIO_RES_OUT"
0000018c 45535f4f5554 

                                                                      Page 14
                                                              C:\Users\nhuliyap\AppData\Local\Temp\gh_00008vs1.s
00000192 00 
00000193 2c              632 	.byte	44
00000194 07              633 	.byte	7
00000195 0e              634 	.byte	14
00000196 04              635 	.byte	4
                         636 
                         637 .LDW_4b2e2e0:
00000197 2d              638 	.byte	45
00000198 4750494f5f44    639 	.strz	"GPIO_DIN"
0000019e 494e00 
000001a1 2d              640 	.byte	45
000001a2 07              641 	.byte	7
000001a3 0e              642 	.byte	14
000001a4 05              643 	.byte	5
                         644 
                         645 .LDW_4b2e260:
000001a5 2d              646 	.byte	45
000001a6 4750494f5f53    647 	.strz	"GPIO_SELDP0"
000001ac 454c44503000 
000001b2 2e              648 	.byte	46
000001b3 07              649 	.byte	7
000001b4 0e              650 	.byte	14
000001b5 06              651 	.byte	6
                         652 
                         653 .LDW_4b2e320:
000001b6 2d              654 	.byte	45
000001b7 4750494f5f53    655 	.strz	"GPIO_SELDP1"
000001bd 454c44503100 
000001c3 2f              656 	.byte	47
000001c4 07              657 	.byte	7
000001c5 0e              658 	.byte	14
000001c6 07              659 	.byte	7
                         660 
                         661 .LDW_4b2e8a0:
000001c7 2d              662 	.byte	45
000001c8 4750494f5f53    663 	.strz	"GPIO_SELDP2"
000001ce 454c44503200 
000001d4 30              664 	.byte	48
000001d5 07              665 	.byte	7
000001d6 0e              666 	.byte	14
000001d7 08              667 	.byte	8
                         668 
                         669 .LDW_4b2e2a0:
000001d8 2d              670 	.byte	45
000001d9 4750494f5f49    671 	.strz	"GPIO_INTP"
000001df 4e545000 
000001e3 31              672 	.byte	49
000001e4 07              673 	.byte	7
000001e5 0e              674 	.byte	14
000001e6 09              675 	.byte	9
                         676 
                         677 .LDW_4b2e3e0:
000001e7 2d              678 	.byte	45
000001e8 4750494f5f45    679 	.strz	"GPIO_EN_TJA"
000001ee 4e5f544a4100 
000001f4 32              680 	.byte	50
000001f5 07              681 	.byte	7
000001f6 0e              682 	.byte	14
000001f7 0a              683 	.byte	10
                         684 
                         685 .LDW_4b2e9a0:

                                                                      Page 15
                                                              C:\Users\nhuliyap\AppData\Local\Temp\gh_00008vs1.s
000001f8 2d              686 	.byte	45
000001f9 4750494f5f45    687 	.strz	"GPIO_ERR_TJA"
000001ff 52525f544a41 
00000205 00 
00000206 33              688 	.byte	51
00000207 07              689 	.byte	7
00000208 0e              690 	.byte	14
00000209 0b              691 	.byte	11
                         692 
                         693 .LDW_4b2e820:
0000020a 2d              694 	.byte	45
0000020b 4750494f5f53    695 	.strz	"GPIO_STB_TJA"
00000211 54425f544a41 
00000217 00 
00000218 34              696 	.byte	52
00000219 07              697 	.byte	7
0000021a 0e              698 	.byte	14
0000021b 0c              699 	.byte	12
                         700 
                         701 .LDW_4b2e360:
0000021c 2d              702 	.byte	45
0000021d 4750494f5f43    703 	.strz	"GPIO_CS_ATA"
00000223 535f41544100 
00000229 35              704 	.byte	53
0000022a 07              705 	.byte	7
0000022b 0e              706 	.byte	14
0000022c 0d              707 	.byte	13
                         708 
                         709 .LDW_4b2e8e0:
0000022d 2d              710 	.byte	45
0000022e 4750494f5f53    711 	.strz	"GPIO_SPI_MOSI"
00000234 50495f4d4f53 
0000023a 4900 
0000023c 36              712 	.byte	54
0000023d 07              713 	.byte	7
0000023e 0e              714 	.byte	14
0000023f 0e              715 	.byte	14
                         716 
                         717 .LDW_4b2e5a0:
00000240 2d              718 	.byte	45
00000241 4750494f5f53    719 	.strz	"GPIO_SPI_CLK"
00000247 50495f434c4b 
0000024d 00 
0000024e 37              720 	.byte	55
0000024f 07              721 	.byte	7
00000250 0e              722 	.byte	14
00000251 0f              723 	.byte	15
                         724 
                         725 .LDW_4b2e3a0:
00000252 2d              726 	.byte	45
00000253 4750494f5f53    727 	.strz	"GPIO_SPI_MISO"
00000259 50495f4d4953 
0000025f 4f00 
00000261 38              728 	.byte	56
00000262 07              729 	.byte	7
00000263 0e              730 	.byte	14
00000264 10              731 	.byte	16
                         732 
                         733 .LDW_4b2e760:
00000265 2d              734 	.byte	45
00000266 4750494f5f43    735 	.strz	"GPIO_CHK_FREQ"

                                                                      Page 16
                                                              C:\Users\nhuliyap\AppData\Local\Temp\gh_00008vs1.s
0000026c 484b5f465245 
00000272 5100 
00000274 39              736 	.byte	57
00000275 07              737 	.byte	7
00000276 0e              738 	.byte	14
00000277 11              739 	.byte	17
                         740 
                         741 .LDW_4b2e7a0:
00000278 2d              742 	.byte	45
00000279 4750494f5f50    743 	.strz	"GPIO_PWR_ATA"
0000027f 57525f415441 
00000285 00 
00000286 3a              744 	.byte	58
00000287 07              745 	.byte	7
00000288 0e              746 	.byte	14
00000289 12              747 	.byte	18
                         748 
                         749 .LDW_4b2e7e0:
0000028a 2d              750 	.byte	45
0000028b 4750494f5f50    751 	.strz	"GPIO_PWR_B1ATA"
00000291 57525f423141 
00000297 544100 
0000029a 3b              752 	.byte	59
0000029b 07              753 	.byte	7
0000029c 0e              754 	.byte	14
0000029d 13              755 	.byte	19
                         756 
                         757 .LDW_4b2e620:
0000029e 2d              758 	.byte	45
0000029f 4750494f5f50    759 	.strz	"GPIO_PWR_B2ATA"
000002a5 57525f423241 
000002ab 544100 
000002ae 3c              760 	.byte	60
000002af 07              761 	.byte	7
000002b0 0e              762 	.byte	14
000002b1 14              763 	.byte	20
                         764 
                         765 .LDW_4b2e220:
000002b2 2d              766 	.byte	45
000002b3 4750494f5f49    767 	.strz	"GPIO_IRQ_ATA"
000002b9 52515f415441 
000002bf 00 
000002c0 3d              768 	.byte	61
000002c1 07              769 	.byte	7
000002c2 0e              770 	.byte	14
000002c3 15              771 	.byte	21
                         772 
                         773 .LDW_4b2e660:
000002c4 2d              774 	.byte	45
000002c5 4750494f5f54    775 	.strz	"GPIO_TP0"
000002cb 503000 
000002ce 3e              776 	.byte	62
000002cf 07              777 	.byte	7
000002d0 0e              778 	.byte	14
000002d1 16              779 	.byte	22
                         780 
                         781 .LDW_4b2e420:
000002d2 2d              782 	.byte	45
000002d3 4750494f5f54    783 	.strz	"GPIO_TP1"
000002d9 503100 
000002dc 3f              784 	.byte	63

                                                                      Page 17
                                                              C:\Users\nhuliyap\AppData\Local\Temp\gh_00008vs1.s
000002dd 07              785 	.byte	7
000002de 0e              786 	.byte	14
000002df 17              787 	.byte	23
                         788 
                         789 .LDW_4b2e860:
000002e0 2d              790 	.byte	45
000002e1 4750494f5f54    791 	.strz	"GPIO_TP2"
000002e7 503200 
000002ea 40              792 	.byte	64
000002eb 07              793 	.byte	7
000002ec 0e              794 	.byte	14
000002ed 18              795 	.byte	24
                         796 
                         797 .LDW_4b2e920:
000002ee 2d              798 	.byte	45
000002ef 4750494f5f54    799 	.strz	"GPIO_TP3"
000002f5 503300 
000002f8 41              800 	.byte	65
000002f9 07              801 	.byte	7
000002fa 0e              802 	.byte	14
000002fb 19              803 	.byte	25
                         804 
000002fc 00              805 	.byte	0
                         806 
                         807 .LDW_4ae6948:
000002fd 28              808 	.byte	40
000002fe 547970655f4d    809 	.strz	"Type_McalDio_eName"
00000304 63616c44696f 
0000030a 5f654e616d65 
00000310 00 
00000311 42              810 	.byte	66
00000312 02              811 	.byte	2
00000313 0e              812 	.byte	14
00000314 00000000*       813 	.word	.LDW_4ac0b88
                         814 
                         815 .LDW_4b2f298:
00000318 16              816 	.byte	22
00000319 4750494f5f69    817 	.strz	"GPIO_input_read"
0000031f 6e7075745f72 
00000325 65616400 
00000329 11              818 	.byte	17
0000032a 11              819 	.byte	17
0000032b 0c              820 	.byte	12
0000032c 00000000*       821 	.word	.LDW_404d2d8
00000330 01              822 	.byte	1
00000331 00              823 	.byte	0
00000332 01              824 	.byte	1
00000333 01              825 	.byte	1
00000334 00              826 	.byte	0
00000335 01              827 	.byte	1
                         828 
                         829 	.section	.debug_abbrev
0000006a 16              830 	.byte	22
0000006b 2e              831 	.byte	46
0000006c 01              832 	.byte	1
0000006d 0308            833 	.byte	3,8
0000006f 3b0f            834 	.byte	59,15
00000071 390f            835 	.byte	57,15
00000073 3a0f            836 	.byte	58,15
00000075 4910            837 	.byte	73,16
00000077 3c0c            838 	.byte	60,12

                                                                      Page 18
                                                              C:\Users\nhuliyap\AppData\Local\Temp\gh_00008vs1.s
00000079 200b            839 	.byte	32,11
0000007b 3f0c            840 	.byte	63,12
0000007d 320b            841 	.byte	50,11
0000007f 4c0b            842 	.byte	76,11
00000081 270c            843 	.byte	39,12
00000083 0000            844 	.byte	0,0
                         845 
                         846 	.section	.debug_info
00000336 00              847 	.byte	0
                         848 
                         849 .LDW_4b2f330:
00000337 15              850 	.byte	21
00000338 4750494f5f6f    851 	.strz	"GPIO_output_on"
0000033e 75747075745f 
00000344 6f6e00 
00000347 12              852 	.byte	18
00000348 11              853 	.byte	17
00000349 0c              854 	.byte	12
0000034a 01              855 	.byte	1
0000034b 00              856 	.byte	0
0000034c 01              857 	.byte	1
0000034d 01              858 	.byte	1
0000034e 00              859 	.byte	0
0000034f 01              860 	.byte	1
                         861 
                         862 	.section	.debug_abbrev
00000085 15              863 	.byte	21
00000086 2e              864 	.byte	46
00000087 01              865 	.byte	1
00000088 0308            866 	.byte	3,8
0000008a 3b0f            867 	.byte	59,15
0000008c 390f            868 	.byte	57,15
0000008e 3a0f            869 	.byte	58,15
00000090 3c0c            870 	.byte	60,12
00000092 200b            871 	.byte	32,11
00000094 3f0c            872 	.byte	63,12
00000096 320b            873 	.byte	50,11
00000098 4c0b            874 	.byte	76,11
0000009a 270c            875 	.byte	39,12
0000009c 0000            876 	.byte	0,0
                         877 
                         878 	.section	.debug_info
00000350 00              879 	.byte	0
                         880 
                         881 .LDW_4b2f818:
00000351 15              882 	.byte	21
00000352 4d63616c4469    883 	.strz	"McalDio_vInitOutputOff"
00000358 6f5f76496e69 
0000035e 744f75747075 
00000364 744f666600 
00000369 18              884 	.byte	24
0000036a 11              885 	.byte	17
0000036b 0c              886 	.byte	12
0000036c 01              887 	.byte	1
0000036d 00              888 	.byte	0
0000036e 01              889 	.byte	1
0000036f 01              890 	.byte	1
00000370 00              891 	.byte	0
00000371 01              892 	.byte	1
                         893 
00000372 00              894 	.byte	0

                                                                      Page 19
                                                              C:\Users\nhuliyap\AppData\Local\Temp\gh_00008vs1.s
                         895 
                         896 .LDW_4b2fd70:
00000373 15              897 	.byte	21
00000374 576169744861    898 	.strz	"WaitHard"
0000037a 726400 
0000037d 17              899 	.byte	23
0000037e 0d              900 	.byte	13
0000037f 11              901 	.byte	17
00000380 01              902 	.byte	1
00000381 00              903 	.byte	0
00000382 01              904 	.byte	1
00000383 01              905 	.byte	1
00000384 00              906 	.byte	0
00000385 01              907 	.byte	1
                         908 
00000386 00              909 	.byte	0
                         910 
                         911 .LDW_4048f20:
00000387 13              912 	.byte	19
00000388 545243565f53    913 	.strz	"TRCV_Standby"
0000038e 74616e646279 
00000394 00 
00000395 08              914 	.byte	8
00000396 06              915 	.byte	6
00000397 01              916 	.byte	1
00000398 00000000*       917 	.word	_TRCV_Standby
0000039c 00000000*       918 	.word	___ghs_eofn_TRCV_Standby
000003a0 0153            919 	.byte	1,83
000003a2 8280808008      920 	.byte	130,128,128,128,8
000003a7 04              921 	.byte	4
000003a8 03              922 	.byte	3
000003a9 04              923 	.byte	4
000003aa 00              924 	.byte	0
000003ab 00              925 	.byte	0
000003ac 00              926 	.byte	0
000003ad 01              927 	.byte	1
000003ae 01              928 	.byte	1
000003af 00              929 	.byte	0
000003b0 01              930 	.byte	1
                         931 
                         932 	.section	.debug_abbrev
0000009e 13              933 	.byte	19
0000009f 2e              934 	.byte	46
000000a0 01              935 	.byte	1
000000a1 0308            936 	.byte	3,8
000000a3 3b0f            937 	.byte	59,15
000000a5 390f            938 	.byte	57,15
000000a7 3a0f            939 	.byte	58,15
000000a9 1101            940 	.byte	17,1
000000ab 1201            941 	.byte	18,1
000000ad 400a            942 	.byte	64,10
000000af 8341            943 	.byte	131,65
000000b1 0f              944 	.byte	15
000000b2 8741            945 	.byte	135,65
000000b4 0d              946 	.byte	13
000000b5 8541            947 	.byte	133,65
000000b7 0f              948 	.byte	15
000000b8 8641            949 	.byte	134,65
000000ba 0d              950 	.byte	13
000000bb 9241            951 	.byte	146,65
000000bd 0f              952 	.byte	15

                                                                      Page 20
                                                              C:\Users\nhuliyap\AppData\Local\Temp\gh_00008vs1.s
000000be 3c0c            953 	.byte	60,12
000000c0 200b            954 	.byte	32,11
000000c2 3f0c            955 	.byte	63,12
000000c4 320b            956 	.byte	50,11
000000c6 4c0b            957 	.byte	76,11
000000c8 270c            958 	.byte	39,12
000000ca 0000            959 	.byte	0,0
                         960 
                         961 	.section	.debug_frame
                         962 .LDW_4b2e5e0:
00000090 00000000*       963 	.word	.LDW_unq_4-.LDW_unq_3
                         964 .LDW_unq_3:
00000094 00000000*       965 	.word	.LDW_4b04240
00000098 00000000*       966 	.word	_TRCV_Standby
0000009c 00000000*       967 	.word	___ghs_eofn_TRCV_Standby-_TRCV_Standby
000000a0 44              968 	.byte	68
000000a1 9f              969 	.byte	159
000000a2 00              970 	.byte	0
000000a3 01              971 	.byte	1
000000a4 00000000*       972 	.word	.LDW11
000000a8 44              973 	.byte	68
000000a9 df              974 	.byte	223
000000aa 00              975 	.byte	0
000000ab 00              976 	.byte	0
                         977 .LDW_unq_4:
                         978 	.section	.debug_line
000002cd 000502          979 	.byte	0,5,2
000002d0 00000000*       980 	.word	_TRCV_Standby
000002d4 03              981 	.byte	3
000002d5 07              982 	.byte	7
000002d6 02              983 	.byte	2
000002d7 00              984 	.byte	0
000002d8 01              985 	.byte	1
000002d9 06              986 	.byte	6
000002da 1b              987 	.byte	27
000002db 000502          988 	.byte	0,5,2
000002de 00000000*       989 	.word	.LDWlin1
000002e2 0b              990 	.byte	11
000002e3 000502          991 	.byte	0,5,2
000002e6 00000000*       992 	.word	.LDWlin2
000002ea 0b              993 	.byte	11
000002eb 000502          994 	.byte	0,5,2
000002ee 00000000*       995 	.word	.LDWlin3
000002f2 0b              996 	.byte	11
000002f3 000502          997 	.byte	0,5,2
000002f6 00000000*       998 	.word	.LDWlin4
000002fa 0b              999 	.byte	11
000002fb 02             1000 	.byte	2
000002fc 04             1001 	.byte	4
000002fd 000101         1002 	.byte	0,1,1
                        1003 	.section	.debug_info
                        1004 .LDW_40012a8:
000003b1 1d             1005 	.byte	29
000003b2 00000000*      1006 	.word	.LDW01
000003b6 00000000*      1007 	.word	.LDW11
                        1008 
                        1009 	.section	.debug_abbrev
000000cc 1d             1010 	.byte	29
000000cd 0b             1011 	.byte	11
000000ce 01             1012 	.byte	1
000000cf 1101           1013 	.byte	17,1

                                                                      Page 21
                                                              C:\Users\nhuliyap\AppData\Local\Temp\gh_00008vs1.s
000000d1 1201           1014 	.byte	18,1
000000d3 0000           1015 	.byte	0,0
                        1016 
                        1017 	.section	.debug_info
000003ba 00             1018 	.byte	0
                        1019 
000003bb 00             1020 	.byte	0
                        1021 
                        1022 .LDW_404cff0:
000003bc 13             1023 	.byte	19
000003bd 545243565f4e   1024 	.strz	"TRCV_Normal"
000003c3 6f726d616c00 
000003c9 0f             1025 	.byte	15
000003ca 06             1026 	.byte	6
000003cb 01             1027 	.byte	1
000003cc 00000000*      1028 	.word	_TRCV_Normal
000003d0 00000000*      1029 	.word	___ghs_eofn_TRCV_Normal
000003d4 0153           1030 	.byte	1,83
000003d6 8280808008     1031 	.byte	130,128,128,128,8
000003db 04             1032 	.byte	4
000003dc 03             1033 	.byte	3
000003dd 04             1034 	.byte	4
000003de 00             1035 	.byte	0
000003df 00             1036 	.byte	0
000003e0 00             1037 	.byte	0
000003e1 01             1038 	.byte	1
000003e2 01             1039 	.byte	1
000003e3 00             1040 	.byte	0
000003e4 01             1041 	.byte	1
                        1042 
                        1043 	.section	.debug_frame
                        1044 .LDW_4b2e560:
000000ac 00000000*      1045 	.word	.LDW_unq_6-.LDW_unq_5
                        1046 .LDW_unq_5:
000000b0 00000000*      1047 	.word	.LDW_4b04240
000000b4 00000000*      1048 	.word	_TRCV_Normal
000000b8 00000000*      1049 	.word	___ghs_eofn_TRCV_Normal-_TRCV_Normal
000000bc 44             1050 	.byte	68
000000bd 9f             1051 	.byte	159
000000be 00             1052 	.byte	0
000000bf 01             1053 	.byte	1
000000c0 00000000*      1054 	.word	.LDW31
000000c4 44             1055 	.byte	68
000000c5 df             1056 	.byte	223
000000c6 00             1057 	.byte	0
000000c7 00             1058 	.byte	0
                        1059 .LDW_unq_6:
                        1060 	.section	.debug_line
00000300 000502         1061 	.byte	0,5,2
00000303 00000000*      1062 	.word	_TRCV_Normal
00000307 03             1063 	.byte	3
00000308 0e             1064 	.byte	14
00000309 02             1065 	.byte	2
0000030a 00             1066 	.byte	0
0000030b 01             1067 	.byte	1
0000030c 06             1068 	.byte	6
0000030d 1b             1069 	.byte	27
0000030e 000502         1070 	.byte	0,5,2
00000311 00000000*      1071 	.word	.LDWlin5
00000315 0b             1072 	.byte	11
00000316 000502         1073 	.byte	0,5,2

                                                                      Page 22
                                                              C:\Users\nhuliyap\AppData\Local\Temp\gh_00008vs1.s
00000319 00000000*      1074 	.word	.LDWlin6
0000031d 0b             1075 	.byte	11
0000031e 02             1076 	.byte	2
0000031f 04             1077 	.byte	4
00000320 000101         1078 	.byte	0,1,1
                        1079 	.section	.debug_info
                        1080 .LDW_4001758:
000003e5 1d             1081 	.byte	29
000003e6 00000000*      1082 	.word	.LDW21
000003ea 00000000*      1083 	.word	.LDW31
                        1084 
000003ee 00             1085 	.byte	0
                        1086 
000003ef 00             1087 	.byte	0
                        1088 
                        1089 .LDW_404d0e0:
000003f0 14             1090 	.byte	20
000003f1 545243565f47   1091 	.strz	"TRCV_GetWakeupFlag"
000003f7 657457616b65 
000003fd 7570466c6167 
00000403 00 
00000404 14             1092 	.byte	20
00000405 09             1093 	.byte	9
00000406 01             1094 	.byte	1
00000407 00000000*      1095 	.word	.LDW_404d088
0000040b 00000000*      1096 	.word	_TRCV_GetWakeupFlag
0000040f 00000000*      1097 	.word	___ghs_eofn_TRCV_GetWakeupFlag
00000413 0153           1098 	.byte	1,83
00000415 8280808008     1099 	.byte	130,128,128,128,8
0000041a 04             1100 	.byte	4
0000041b 03             1101 	.byte	3
0000041c 04             1102 	.byte	4
0000041d 00             1103 	.byte	0
0000041e 00             1104 	.byte	0
0000041f 00             1105 	.byte	0
00000420 01             1106 	.byte	1
00000421 01             1107 	.byte	1
00000422 00             1108 	.byte	0
00000423 01             1109 	.byte	1
                        1110 
                        1111 	.section	.debug_abbrev
000000d5 14             1112 	.byte	20
000000d6 2e             1113 	.byte	46
000000d7 01             1114 	.byte	1
000000d8 0308           1115 	.byte	3,8
000000da 3b0f           1116 	.byte	59,15
000000dc 390f           1117 	.byte	57,15
000000de 3a0f           1118 	.byte	58,15
000000e0 4910           1119 	.byte	73,16
000000e2 1101           1120 	.byte	17,1
000000e4 1201           1121 	.byte	18,1
000000e6 400a           1122 	.byte	64,10
000000e8 8341           1123 	.byte	131,65
000000ea 0f             1124 	.byte	15
000000eb 8741           1125 	.byte	135,65
000000ed 0d             1126 	.byte	13
000000ee 8541           1127 	.byte	133,65
000000f0 0f             1128 	.byte	15
000000f1 8641           1129 	.byte	134,65
000000f3 0d             1130 	.byte	13
000000f4 9241           1131 	.byte	146,65

                                                                      Page 23
                                                              C:\Users\nhuliyap\AppData\Local\Temp\gh_00008vs1.s
000000f6 0f             1132 	.byte	15
000000f7 3c0c           1133 	.byte	60,12
000000f9 200b           1134 	.byte	32,11
000000fb 3f0c           1135 	.byte	63,12
000000fd 320b           1136 	.byte	50,11
000000ff 4c0b           1137 	.byte	76,11
00000101 270c           1138 	.byte	39,12
00000103 0000           1139 	.byte	0,0
                        1140 
                        1141 	.section	.debug_frame
                        1142 .LDW_4b2e1a0:
000000c8 00000000*      1143 	.word	.LDW_unq_8-.LDW_unq_7
                        1144 .LDW_unq_7:
000000cc 00000000*      1145 	.word	.LDW_4b04240
000000d0 00000000*      1146 	.word	_TRCV_GetWakeupFlag
000000d4 00000000*      1147 	.word	___ghs_eofn_TRCV_GetWakeupFlag-_TRCV_GetWakeupFlag
000000d8 44             1148 	.byte	68
000000d9 9f             1149 	.byte	159
000000da 00             1150 	.byte	0
000000db 01             1151 	.byte	1
000000dc 00000000*      1152 	.word	.LDW51
000000e0 44             1153 	.byte	68
000000e1 df             1154 	.byte	223
000000e2 00             1155 	.byte	0
000000e3 00             1156 	.byte	0
                        1157 .LDW_unq_8:
                        1158 	.section	.debug_line
00000323 000502         1159 	.byte	0,5,2
00000326 00000000*      1160 	.word	_TRCV_GetWakeupFlag
0000032a 03             1161 	.byte	3
0000032b 13             1162 	.byte	19
0000032c 02             1163 	.byte	2
0000032d 00             1164 	.byte	0
0000032e 01             1165 	.byte	1
0000032f 06             1166 	.byte	6
00000330 1c             1167 	.byte	28
00000331 000502         1168 	.byte	0,5,2
00000334 00000000*      1169 	.word	.LDWlin7
00000338 03             1170 	.byte	3
00000339 06             1171 	.byte	6
0000033a 02             1172 	.byte	2
0000033b 00             1173 	.byte	0
0000033c 01             1174 	.byte	1
0000033d 02             1175 	.byte	2
0000033e 00             1176 	.byte	0
0000033f 0b             1177 	.byte	11
00000340 02             1178 	.byte	2
00000341 04             1179 	.byte	4
00000342 000101         1180 	.byte	0,1,1
                        1181 	.section	.debug_info
                        1182 .LDW_40016c8:
00000424 1d             1183 	.byte	29
00000425 00000000*      1184 	.word	.LDW41
00000429 00000000*      1185 	.word	.LDW51
                        1186 
                        1187 .LDW_404d178:
0000042d 04             1188 	.byte	4
0000042e 625265745661   1189 	.strz	"bRetVal"
00000434 6c00 
00000436 15             1190 	.byte	21
00000437 0b             1191 	.byte	11

                                                                      Page 24
                                                              C:\Users\nhuliyap\AppData\Local\Temp\gh_00008vs1.s
00000438 01             1192 	.byte	1
00000439 00000000*      1193 	.word	.LDW_404d088
0000043d 00             1194 	.byte	0
0000043e 00             1195 	.byte	0
0000043f 015a           1196 	.byte	1,90
                        1197 
                        1198 	.section	.debug_abbrev
00000105 04             1199 	.byte	4
00000106 34             1200 	.byte	52
00000107 00             1201 	.byte	0
00000108 0308           1202 	.byte	3,8
0000010a 3b0f           1203 	.byte	59,15
0000010c 390f           1204 	.byte	57,15
0000010e 3a0f           1205 	.byte	58,15
00000110 4910           1206 	.byte	73,16
00000112 3f0c           1207 	.byte	63,12
00000114 3c0c           1208 	.byte	60,12
00000116 020a           1209 	.byte	2,10
00000118 0000           1210 	.byte	0,0
                        1211 
                        1212 	.section	.debug_info
00000441 00             1213 	.byte	0
                        1214 
00000442 00             1215 	.byte	0
                        1216 
00000443 00             1217 	.byte	0
                        1218 
                        1219 	.section	.debug_line
                        1220 .Ldw_line_end:
                        1221 	.section	.debug_macinfo
00000000 01             1222 	.byte	1
00000001 00             1223 	.byte	0
00000002 5f5f6768735f   1224 	.strz	"__ghs__ 1"
00000008 5f203100 
0000000c 01             1225 	.byte	1
0000000d 00             1226 	.byte	0
0000000e 5f5f4c4c4f4e   1227 	.strz	"__LLONG_BIT 64"
00000014 475f42495420 
0000001a 363400 
0000001d 03             1228 	.byte	3
0000001e 00             1229 	.byte	0
0000001f 01             1230 	.byte	1
00000020 03             1231 	.byte	3
00000021 01             1232 	.byte	1
00000022 02             1233 	.byte	2
00000023 03             1234 	.byte	3
00000024 1c             1235 	.byte	28
00000025 03             1236 	.byte	3
00000026 01             1237 	.byte	1
00000027 3c             1238 	.byte	60
00000028 545255452031   1239 	.strz	"TRUE 1u"
0000002e 7500 
00000030 01             1240 	.byte	1
00000031 40             1241 	.byte	64
00000032 46414c534520   1242 	.strz	"FALSE 0u"
00000038 307500 
0000003b 04             1243 	.byte	4
0000003c 03             1244 	.byte	3
0000003d 1d             1245 	.byte	29
0000003e 04             1246 	.byte	4
0000003f 03             1247 	.byte	3

                                                                      Page 25
                                                              C:\Users\nhuliyap\AppData\Local\Temp\gh_00008vs1.s
00000040 1b             1248 	.byte	27
00000041 05             1249 	.byte	5
00000042 03             1250 	.byte	3
00000043 54             1251 	.byte	84
00000044 06             1252 	.byte	6
00000045 04             1253 	.byte	4
00000046 04             1254 	.byte	4
00000047 01             1255 	.byte	1
00000048 37             1256 	.byte	55
00000049 503256415228   1257 	.strz	"P2VAR(ptrtype,memclass,ptrclass) ptrtype*"
0000004f 707472747970 
00000055 652c6d656d63 
0000005b 6c6173732c70 
00000061 7472636c6173 
00000067 732920707472 
0000006d 747970652a00 
00000073 01             1258 	.byte	1
00000074 3d             1259 	.byte	61
00000075 434f4e535428   1260 	.strz	"CONST(type,memclass) const type"
0000007b 747970652c6d 
00000081 656d636c6173 
00000087 732920636f6e 
0000008d 737420747970 
00000093 6500 
00000095 04             1261 	.byte	4
00000096 04             1262 	.byte	4
00000097 03             1263 	.byte	3
00000098 03             1264 	.byte	3
00000099 07             1265 	.byte	7
0000009a 03             1266 	.byte	3
0000009b 04             1267 	.byte	4
0000009c 08             1268 	.byte	8
0000009d 03             1269 	.byte	3
0000009e 04             1270 	.byte	4
0000009f 09             1271 	.byte	9
000000a0 03             1272 	.byte	3
000000a1 04             1273 	.byte	4
000000a2 0a             1274 	.byte	10
000000a3 04             1275 	.byte	4
000000a4 04             1276 	.byte	4
000000a5 04             1277 	.byte	4
000000a6 04             1278 	.byte	4
000000a7 03             1279 	.byte	3
000000a8 04             1280 	.byte	4
000000a9 0b             1281 	.byte	11
000000aa 04             1282 	.byte	4
000000ab 03             1283 	.byte	3
000000ac 05             1284 	.byte	5
000000ad 0c             1285 	.byte	12
000000ae 03             1286 	.byte	3
000000af 04             1287 	.byte	4
000000b0 0d             1288 	.byte	13
000000b1 03             1289 	.byte	3
000000b2 1b             1290 	.byte	27
000000b3 0e             1291 	.byte	14
000000b4 04             1292 	.byte	4
000000b5 04             1293 	.byte	4
000000b6 03             1294 	.byte	3
000000b7 05             1295 	.byte	5
000000b8 0f             1296 	.byte	15
000000b9 03             1297 	.byte	3

                                                                      Page 26
                                                              C:\Users\nhuliyap\AppData\Local\Temp\gh_00008vs1.s
000000ba 1b             1298 	.byte	27
000000bb 10             1299 	.byte	16
000000bc 04             1300 	.byte	4
000000bd 04             1301 	.byte	4
000000be 04             1302 	.byte	4
000000bf 03             1303 	.byte	3
000000c0 06             1304 	.byte	6
000000c1 11             1305 	.byte	17
000000c2 04             1306 	.byte	4
000000c3 04             1307 	.byte	4
000000c4 00             1308 	.byte	0
                        1309 	.section	.debug_abbrev
0000011a 00             1310 	.byte	0
                        1311 	.section	.debug_info
                        1312 .Ldw_end:
                        1313 .rh850_flags REGMODE32,DATA_ALIGN8,GP_FIX,EP_NONFIX,TP_FIX,REG2_RESERVE,G3K,GHS_MISALIGN,SDA_EXTRA_REGS_0
