                                                                      Page 1
                                                              C:\Users\nhuliyap\AppData\Local\Temp\gh_00005qg1.s
Command Line: C:\ghs\comp_201517\ease850.exe -w -elf -b0 -I../source/common -I../source/ProjectCompiler -I../source/ProjectCfg -I../source/SwcApplTpms -I../source/SwcApplEcuM -I../source/SwcServiceBswM -I../source/SwcServiceEcuM -I../source/SwcServiceNvM -I../source/SwcServiceOs -I../source/SwcServiceStartUp -I../source/McalAdc -I../source/McalDio -I../source/McalGpt -I../source/McalMcu -I../source/McalWdg -I../source/wrappers -I../source/wrappers/McalAta -I../source/McalLin -I../source/McalCan -I../source/wrappers/OS -I../source/McalFls -I../source/EcuabFee -I../source/EcuabMemIf -I../source/wrappers/VStdLib -I../source/wrappers/Crc -I../source/wrappers/FBL_APPL -I../source/wrappers/NVM_MANAGER -I../source/wrappers/DEM_MANAGER -I../source/wrappers/RDC_MANAGER -I../source/wrappers/ENV_MANAGER -I../source/wrappers/SYS_MANAGER -I../source/wrappers/EcuabCanIf -I../source/EcuabCanTrcv -I../source/wrappers/SwcServiceCanSM -I../source/wrappers/SwcServiceCanTp -I../source/wrappers/SwcServiceCanTp_PreCompile -I../source/wrappers/SwcServiceCom -I../source/wrappers/SwcServiceComM -I../source/wrappers/SwcServiceDcm -I../source/wrappers/SwcServicePduR -I../source/wrappers/SwcServiceEcuM -I../source/wrappers/Bfx -I../source/wrappers/SwcServiceDem -I../source/SwcServiceCom -I../source/SwcServiceDet -I../source/SwcServiceFiM -I../source/SwcServicePduR -I../source/SwcServiceSchM -I../source/wrappers/LibAutosarDiag -I../source/wrappers/rba_BswSrv -IC:\ghs\comp_201517\lib\rh850 -cg_underscore -cpu=rh850g3k -no_v850_simd -rh850_fpsimd=none -nomacro -patch_dbo=C:\_ECU2\ECU_Rivian_A1\Target\repo_projects\pRealEcu\cR_R2023.09.15\make\output\objects\CfgMcalAdc.dbo -source=CfgMcalAdc.c -o output\objects\gh_00005qg1.o -list=output\list\CfgMcalAdc.lst C:\Users\nhuliyap\AppData\Local\Temp\gh_00005qg1.s 
Original File: C:\Users\nhuliyap\AppData\Local\Temp\gh_00005qg1.s
Source File: CfgMcalAdc.c
Directory: C:\_ECU2\ECU_Rivian_A1\Target\repo_projects\pRealEcu\cR_R2023.09.15\make
Host OS: Windows
EASE: Copyright (C) 1983-2015 Green Hills Software.  All Rights Reserved.
Release: Compiler v2015.1.7
Build Directory: [Directory] BTOWORKER6:c:/build_2015_1_bto/2015-10-21.2100-2015_1_bto/win32-comp-ecom
Revision: [VCInfo] http://toolsvc/branches/release-branch-70-bto/src@544153 (built by build)
Revision Date: Thu Oct 22 07:50:13 2015

Release Date: Thu Oct 22 09:32:32 2015

                           1 --Driver Command: ccv850 ../source/ProjectCfg/CfgMcalAdc.c -cpu=rh850 -fhard
                           2 --		-ignore_callt_state_in_interrupts -large_sda -misalign_pack
                           3 --		-nofarcalls -nofloatio -no_callt -Ogeneral -Onounroll
                           4 --		-prepare_dispose -registermode=32 -reserve_r2 -sda=0
                           5 --		-shorten_loads -Wshadow --brief_diagnostics --no_commons
                           6 --		--no_wrap_diagnostics --prototype_errors --short_enum -list -G
                           7 --		-dual_debug -dwarf -X5523 -lnk=-no_xda_modifications -D
                           8 --		NOT_READY_FOR_TESTING_OR_DEPLOYMENT -D IBTCM_SW_ANPASSUNGEN -D
                           9 --		BUILD_RIVIAN -c -inline_prologue -I../source/common
                          10 --		-I../source/ProjectCompiler -I../source/ProjectCfg
                          11 --		-I../source/SwcApplTpms -I../source/SwcApplEcuM
                          12 --		-I../source/SwcServiceBswM -I../source/SwcServiceEcuM
                          13 --		-I../source/SwcServiceNvM -I../source/SwcServiceOs
                          14 --		-I../source/SwcServiceStartUp -I../source/McalAdc
                          15 --		-I../source/McalDio -I../source/McalGpt -I../source/McalMcu
                          16 --		-I../source/McalWdg -I../source/wrappers
                          17 --		-I../source/wrappers/McalAta -I../source/McalLin
                          18 --		-I../source/McalCan -I../source/wrappers/OS -I../source/McalFls
                          19 --		-I../source/EcuabFee -I../source/EcuabMemIf
                          20 --		-I../source/wrappers/VStdLib -I../source/wrappers
                          21 --		-I../source/wrappers/Crc -I../source/wrappers/FBL_APPL
                          22 --		-I../source/wrappers/NVM_MANAGER -I../source/wrappers/DEM_MANAGER
                          23 --		-I../source/wrappers/RDC_MANAGER -I../source/wrappers/ENV_MANAGER
                          24 --		-I../source/wrappers/SYS_MANAGER -I../source/wrappers/EcuabCanIf
                          25 --		-I../source/EcuabCanTrcv -I../source/wrappers/SwcServiceCanSM
                          26 --		-I../source/wrappers/SwcServiceCanTp
                          27 --		-I../source/wrappers/SwcServiceCanTp_PreCompile
                          28 --		-I../source/wrappers/SwcServiceCom
                          29 --		-I../source/wrappers/SwcServiceComM
                          30 --		-I../source/wrappers/SwcServiceDcm
                          31 --		-I../source/wrappers/SwcServicePduR
                          32 --		-I../source/wrappers/SwcServiceEcuM -I../source/wrappers/Bfx
                          33 --		-I../source/wrappers/SwcServiceDem -I../source/SwcServiceCom
                          34 --		-I../source/SwcServiceDet -I../source/SwcServiceFiM
                          35 --		-I../source/SwcServicePduR -I../source/SwcServiceSchM
                          36 --		-I../source/wrappers/LibAutosarDiag
                          37 --		-I../source/wrappers/rba_BswSrv -object_dir=output/objects
                          38 --		-list_dir=output/list
                          39 --Source File:   ../source/ProjectCfg/CfgMcalAdc.c
                          40 --Directory:     
                          41 --		C:\_ECU2\ECU_Rivian_A1\Target\repo_projects\pRealEcu\cR_R2023.09.15\make
                          42 --Compile Date:  Fri Sep 15 15:23:26 2023
                          43 --Host OS:       Win32
                          44 --Version:       C-RH850 2015.1.7 RELEASE VERSION
                          45 --Release:       Compiler v2015.1.7
                          46 --Revision Date: Thu Oct 22 08:06:12 2015
                          47 --Release Date:  Thu Oct 22 09:34:32 2015
                          48 -- ecom  -g -w -OM
                          49 
                          50 	.section ".rodata","a"

                                                                      Page 2
                                                              C:\Users\nhuliyap\AppData\Local\Temp\gh_00005qg1.s
                          51 	.align	4
                          52 	.global	_CfgMcalAdc_st
00000000 02000000         53 _CfgMcalAdc_st:	.byte	2,0,0,0
00000004 02000000         54 	.byte	2,0,0,0
00000008 12000000         55 	.byte	18,0,0,0
0000000c 08000000         56 	.byte	8,0,0,0
00000010 10000000         57 	.byte	16,0,0,0
00000014 02000000         58 	.byte	2,0,0,0
00000018 02000000         59 	.byte	2,0,0,0
0000001c 16033208         60 	.byte	22,3,50,8
                          61 	.type	_CfgMcalAdc_st,@object
                          62 	.size	_CfgMcalAdc_st,32
                          63 	.data
                          64 	.ghsnote version,17
                          65 	.ghsnote tools,3
                          66 	.ghsnote options,144
                          67 	.text
                          68 ..bof.C.3A.5C_ECU2.5CECU_Rivian_A1.5CTarget.5Crepo_projects.5CpRealEcu.5CcR_R2023.2E09.2E15.5Cmake.5Coutput.5Cobjects.5CCfgMcalAdc...43.3A.5C_ECU2.5CECU_Rivian_A1.5CTarget.5Crepo_projects.5CpRealEcu.5CcR_R2023.2E09.2E15.5Cmake..65045ACE..0::
                          69 ..eof.C.3A.5C_ECU2.5CECU_Rivian_A1.5CTarget.5Crepo_projects.5CpRealEcu.5CcR_R2023.2E09.2E15.5Cmake.5Coutput.5Cobjects.5CCfgMcalAdc...43.3A.5C_ECU2.5CECU_Rivian_A1.5CTarget.5Crepo_projects.5CpRealEcu.5CcR_R2023.2E09.2E15.5Cmake..65045ACE..0::
                          70 	.section	.debug_info
                          71 .Ldw_begin:
00000000 7d020000         72 	.word	.Ldw_end-.Ldw_begin-4
00000004 0200             73 	.byte	2,0
00000006 00000000*        74 	.word	.Ldw_abbr_begin
0000000a 04               75 	.byte	4
                          76 	.section	.debug_abbrev
                          77 .Ldw_abbr_begin:
                          78 	.section	.debug_info
0000000b 01               79 	.byte	1
0000000c 00000000*        80 	.word	..bof.C.3A.5C_ECU2.5CECU_Rivian_A1.5CTarget.5Crepo_projects.5CpRealEcu.5CcR_R2023.2E09.2E15.5Cmake.5Coutput.5Cobjects.5CCfgMcalAdc...43.3A.5C_ECU2.5CECU_Rivian_A1.5CTarget.5Crepo_projects.5CpRealEcu.5CcR_R2023.2E09.2E15.5Cmake..65045ACE..0
00000010 00000000*        81 	.word	..eof.C.3A.5C_ECU2.5CECU_Rivian_A1.5CTarget.5Crepo_projects.5CpRealEcu.5CcR_R2023.2E09.2E15.5Cmake.5Coutput.5Cobjects.5CCfgMcalAdc...43.3A.5C_ECU2.5CECU_Rivian_A1.5CTarget.5Crepo_projects.5CpRealEcu.5CcR_R2023.2E09.2E15.5Cmake..65045ACE..0
00000014 2e2e2f736f75     82 	.strz	"../source/ProjectCfg/CfgMcalAdc.c"
0000001a 7263652f5072 
00000020 6f6a65637443 
00000026 66672f436667 
0000002c 4d63616c4164 
00000032 632e6300 
00000036 433a5c5f4543     83 	.strz	"C:\\_ECU2\\ECU_Rivian_A1\\Target\\repo_projects\\pRealEcu\\cR_R2023.09.15\\make"
0000003c 55325c454355 
00000042 5f5269766961 
00000048 6e5f41315c54 
0000004e 61726765745c 
00000054 7265706f5f70 
0000005a 726f6a656374 
00000060 735c70526561 
00000066 6c4563755c63 
0000006c 525f52323032 
00000072 332e30392e31 
00000078 355c6d616b65 
0000007e 00 
0000007f 474853204320     84 	.strz	"GHS C 2015.1.7 [dual]"
00000085 323031352e31 
0000008b 2e37205b6475 
00000091 616c5d00 
00000095 0100             85 	.byte	1,0
00000097 00000000*        86 	.word	.Ldw_line_begin
0000009b 00000000*        87 	.word	.Ldw_macinfo_begin
0000009f 00               88 	.byte	0
                          89 
                          90 	.section	.debug_abbrev
00000000 01               91 	.byte	1

                                                                      Page 3
                                                              C:\Users\nhuliyap\AppData\Local\Temp\gh_00005qg1.s
00000001 11               92 	.byte	17
00000002 01               93 	.byte	1
00000003 1101             94 	.byte	17,1
00000005 1201             95 	.byte	18,1
00000007 0308             96 	.byte	3,8
00000009 1b08             97 	.byte	27,8
0000000b 2508             98 	.byte	37,8
0000000d 1305             99 	.byte	19,5
0000000f 1006            100 	.byte	16,6
00000011 4306            101 	.byte	67,6
00000013 420b            102 	.byte	66,11
00000015 0000            103 	.byte	0,0
                         104 
                         105 	.section	.debug_line
                         106 .Ldw_line_begin:
00000000 69010000        107 	.word	.Ldw_line_end-.Ldw_line_begin-4
00000004 0200            108 	.byte	2,0
00000006 00000000*       109 	.word	.Ldw_lpro_end-.Ldw_lpro_begin
                         110 .Ldw_lpro_begin:
0000000a 01              111 	.byte	1
0000000b 00              112 	.byte	0
0000000c 00              113 	.byte	0
0000000d 04              114 	.byte	4
0000000e 0a              115 	.byte	10
0000000f 000101          116 	.byte	0,1,1
00000012 010100          117 	.byte	1,1,0
00000015 000001          118 	.byte	0,0,1
00000018 00              119 	.byte	0
00000019 2e2e2f736f75    120 	.strz	"../source/ProjectCfg/CfgMcalAdc.c"
0000001f 7263652f5072 
00000025 6f6a65637443 
0000002b 66672f436667 
00000031 4d63616c4164 
00000037 632e6300 
0000003b 000000          121 	.byte	0,0,0
0000003e 2e2e2f736f75    122 	.strz	"../source/common/Std_Types.hpp"
00000044 7263652f636f 
0000004a 6d6d6f6e2f53 
00000050 74645f547970 
00000056 65732e687070 
0000005c 00 
0000005d 000000          123 	.byte	0,0,0
00000060 2e2e2f736f75    124 	.strz	"../source/common/Platform_Types.hpp"
00000066 7263652f636f 
0000006c 6d6d6f6e2f50 
00000072 6c6174666f72 
00000078 6d5f54797065 
0000007e 732e68707000 
00000084 000000          125 	.byte	0,0,0
00000087 2e2e2f736f75    126 	.strz	"../source/common/Compiler.hpp"
0000008d 7263652f636f 
00000093 6d6d6f6e2f43 
00000099 6f6d70696c65 
0000009f 722e68707000 
000000a5 000000          127 	.byte	0,0,0
000000a8 2e2e2f736f75    128 	.strz	"../source/ProjectCompiler/Compiler_Cfg.hpp"
000000ae 7263652f5072 
000000b4 6f6a65637443 
000000ba 6f6d70696c65 
000000c0 722f436f6d70 
000000c6 696c65725f43 

                                                                      Page 4
                                                              C:\Users\nhuliyap\AppData\Local\Temp\gh_00005qg1.s
000000cc 66672e687070 
000000d2 00 
000000d3 000000          129 	.byte	0,0,0
000000d6 2e2e2f736f75    130 	.strz	"../source/ProjectCompiler/CompilerCfg_SwcServiceOs.hpp"
000000dc 7263652f5072 
000000e2 6f6a65637443 
000000e8 6f6d70696c65 
000000ee 722f436f6d70 
000000f4 696c65724366 
000000fa 675f53776353 
00000100 657276696365 
00000106 4f732e687070 
0000010c 00 
0000010d 000000          131 	.byte	0,0,0
00000110 2e2e2f736f75    132 	.strz	"../source/ProjectCfg/CfgMcalAdc.hpp"
00000116 7263652f5072 
0000011c 6f6a65637443 
00000122 66672f436667 
00000128 4d63616c4164 
0000012e 632e68707000 
00000134 000000          133 	.byte	0,0,0
00000137 2e2e2f736f75    134 	.strz	"../source/ProjectCompiler/CompilerCfg_McalAdc.hpp"
0000013d 7263652f5072 
00000143 6f6a65637443 
00000149 6f6d70696c65 
0000014f 722f436f6d70 
00000155 696c65724366 
0000015b 675f4d63616c 
00000161 4164632e6870 
00000167 7000 
00000169 000000          135 	.byte	0,0,0
0000016c 00              136 	.byte	0
                         137 .Ldw_lpro_end:
                         138 	.section	.debug_macinfo
                         139 .Ldw_macinfo_begin:
                         140 	.section	.debug_info
                         141 .LDW_4086f90:
000000a0 25              142 	.byte	37
000000a1 756e7369676e    143 	.strz	"unsigned char"
000000a7 656420636861 
000000ad 7200 
000000af 08              144 	.byte	8
000000b0 01              145 	.byte	1
                         146 
                         147 	.section	.debug_abbrev
00000017 25              148 	.byte	37
00000018 24              149 	.byte	36
00000019 00              150 	.byte	0
0000001a 0308            151 	.byte	3,8
0000001c 3e0b            152 	.byte	62,11
0000001e 0b0b            153 	.byte	11,11
00000020 0000            154 	.byte	0,0
                         155 
                         156 	.section	.debug_info
                         157 .LDW_4086e78:
000000b1 25              158 	.byte	37
000000b2 756e7369676e    159 	.strz	"unsigned short"
000000b8 65642073686f 
000000be 727400 
000000c1 07              160 	.byte	7
000000c2 02              161 	.byte	2

                                                                      Page 5
                                                              C:\Users\nhuliyap\AppData\Local\Temp\gh_00005qg1.s
                         162 
                         163 .LDW_4086f20:
000000c3 25              164 	.byte	37
000000c4 756e7369676e    165 	.strz	"unsigned long"
000000ca 6564206c6f6e 
000000d0 6700 
000000d2 07              166 	.byte	7
000000d3 04              167 	.byte	4
                         168 
                         169 .LDW_4b10a70:
000000d4 29              170 	.byte	41
000000d5 00000000*       171 	.word	.LDW_4b10c28
                         172 
                         173 	.section	.debug_abbrev
00000022 29              174 	.byte	41
00000023 26              175 	.byte	38
00000024 00              176 	.byte	0
00000025 4910            177 	.byte	73,16
00000027 0000            178 	.byte	0,0
                         179 
                         180 	.section	.debug_info
                         181 .LDW_4b10100:
000000d9 28              182 	.byte	40
000000da 75696e743800    183 	.strz	"uint8"
000000e0 50              184 	.byte	80
000000e1 4b              185 	.byte	75
000000e2 03              186 	.byte	3
000000e3 00000000*       187 	.word	.LDW_4086f90
                         188 
                         189 	.section	.debug_abbrev
00000029 28              190 	.byte	40
0000002a 16              191 	.byte	22
0000002b 00              192 	.byte	0
0000002c 0308            193 	.byte	3,8
0000002e 3b0f            194 	.byte	59,15
00000030 390f            195 	.byte	57,15
00000032 3a0f            196 	.byte	58,15
00000034 4910            197 	.byte	73,16
00000036 0000            198 	.byte	0,0
                         199 
                         200 	.section	.debug_info
                         201 .LDW_4b101b0:
000000e7 28              202 	.byte	40
000000e8 75696e743136    203 	.strz	"uint16"
000000ee 00 
000000ef 52              204 	.byte	82
000000f0 4a              205 	.byte	74
000000f1 03              206 	.byte	3
000000f2 00000000*       207 	.word	.LDW_4086e78
                         208 
                         209 .LDW_4b10260:
000000f6 28              210 	.byte	40
000000f7 75696e743332    211 	.strz	"uint32"
000000fd 00 
000000fe 54              212 	.byte	84
000000ff 4a              213 	.byte	74
00000100 03              214 	.byte	3
00000101 00000000*       215 	.word	.LDW_4086f20
                         216 
                         217 .LDW_4b105f8:
00000105 41              218 	.byte	65

                                                                      Page 6
                                                              C:\Users\nhuliyap\AppData\Local\Temp\gh_00005qg1.s
00000106 36              219 	.byte	54
00000107 0f              220 	.byte	15
00000108 07              221 	.byte	7
00000109 20              222 	.byte	32
0000010a 01              223 	.byte	1
                         224 
                         225 	.section	.debug_abbrev
00000038 41              226 	.byte	65
00000039 13              227 	.byte	19
0000003a 01              228 	.byte	1
0000003b 3b0f            229 	.byte	59,15
0000003d 390f            230 	.byte	57,15
0000003f 3a0f            231 	.byte	58,15
00000041 0b0f            232 	.byte	11,15
00000043 320b            233 	.byte	50,11
00000045 0000            234 	.byte	0,0
                         235 
                         236 	.section	.debug_info
                         237 .LDW_40ce3f8:
0000010b 23              238 	.byte	35
0000010c 753332414443    239 	.strz	"u32ADCA0VCR02"
00000112 413056435230 
00000118 3200 
0000011a 37              240 	.byte	55
0000011b 0b              241 	.byte	11
0000011c 07              242 	.byte	7
0000011d 00000000*       243 	.word	.LDW_4b10260
00000121 0223            244 	.byte	2,35
00000123 00              245 	.byte	0
00000124 01              246 	.byte	1
                         247 
                         248 	.section	.debug_abbrev
00000047 23              249 	.byte	35
00000048 0d              250 	.byte	13
00000049 00              251 	.byte	0
0000004a 0308            252 	.byte	3,8
0000004c 3b0f            253 	.byte	59,15
0000004e 390f            254 	.byte	57,15
00000050 3a0f            255 	.byte	58,15
00000052 4910            256 	.byte	73,16
00000054 380a            257 	.byte	56,10
00000056 320b            258 	.byte	50,11
00000058 0000            259 	.byte	0,0
                         260 
                         261 	.section	.debug_info
                         262 .LDW_40ce680:
00000125 23              263 	.byte	35
00000126 753332414443    264 	.strz	"u32ADCA0ADCR"
0000012c 413041444352 
00000132 00 
00000133 38              265 	.byte	56
00000134 0b              266 	.byte	11
00000135 07              267 	.byte	7
00000136 00000000*       268 	.word	.LDW_4b10260
0000013a 0223            269 	.byte	2,35
0000013c 04              270 	.byte	4
0000013d 01              271 	.byte	1
                         272 
                         273 .LDW_40ce710:
0000013e 23              274 	.byte	35
0000013f 753332414443    275 	.strz	"u32ADCA0SMPCR"

                                                                      Page 7
                                                              C:\Users\nhuliyap\AppData\Local\Temp\gh_00005qg1.s
00000145 4130534d5043 
0000014b 5200 
0000014d 39              276 	.byte	57
0000014e 0b              277 	.byte	11
0000014f 07              278 	.byte	7
00000150 00000000*       279 	.word	.LDW_4b10260
00000154 0223            280 	.byte	2,35
00000156 08              281 	.byte	8
00000157 01              282 	.byte	1
                         283 
                         284 .LDW_40ce518:
00000158 23              285 	.byte	35
00000159 753332414443    286 	.strz	"u32ADCA0SFTCR"
0000015f 413053465443 
00000165 5200 
00000167 3a              287 	.byte	58
00000168 0b              288 	.byte	11
00000169 07              289 	.byte	7
0000016a 00000000*       290 	.word	.LDW_4b10260
0000016e 0223            291 	.byte	2,35
00000170 0c              292 	.byte	12
00000171 01              293 	.byte	1
                         294 
                         295 .LDW_40ce7a0:
00000172 23              296 	.byte	35
00000173 753332414443    297 	.strz	"u32ADCA0SGCR1"
00000179 413053474352 
0000017f 3100 
00000181 3b              298 	.byte	59
00000182 0b              299 	.byte	11
00000183 07              300 	.byte	7
00000184 00000000*       301 	.word	.LDW_4b10260
00000188 0223            302 	.byte	2,35
0000018a 10              303 	.byte	16
0000018b 01              304 	.byte	1
                         305 
                         306 .LDW_40ce7e8:
0000018c 23              307 	.byte	35
0000018d 753332414443    308 	.strz	"u32ADCA0SGVCSP1"
00000193 413053475643 
00000199 53503100 
0000019d 3c              309 	.byte	60
0000019e 0b              310 	.byte	11
0000019f 07              311 	.byte	7
000001a0 00000000*       312 	.word	.LDW_4b10260
000001a4 0223            313 	.byte	2,35
000001a6 14              314 	.byte	20
000001a7 01              315 	.byte	1
                         316 
                         317 .LDW_40ce290:
000001a8 23              318 	.byte	35
000001a9 753332414443    319 	.strz	"u32ADCA0SGVCEP1"
000001af 413053475643 
000001b5 45503100 
000001b9 3d              320 	.byte	61
000001ba 0b              321 	.byte	11
000001bb 07              322 	.byte	7
000001bc 00000000*       323 	.word	.LDW_4b10260
000001c0 0223            324 	.byte	2,35
000001c2 18              325 	.byte	24
000001c3 01              326 	.byte	1

                                                                      Page 8
                                                              C:\Users\nhuliyap\AppData\Local\Temp\gh_00005qg1.s
                         327 
                         328 .LDW_40ce170:
000001c4 23              329 	.byte	35
000001c5 75313656616c    330 	.strz	"u16ValueCompensationErrorNonLinearityDiodeDS3"
000001cb 7565436f6d70 
000001d1 656e73617469 
000001d7 6f6e4572726f 
000001dd 724e6f6e4c69 
000001e3 6e6561726974 
000001e9 7944696f6465 
000001ef 44533300 
000001f3 3e              331 	.byte	62
000001f4 0b              332 	.byte	11
000001f5 07              333 	.byte	7
000001f6 00000000*       334 	.word	.LDW_4b101b0
000001fa 0223            335 	.byte	2,35
000001fc 1c              336 	.byte	28
000001fd 01              337 	.byte	1
                         338 
                         339 .LDW_40ce1b8:
000001fe 23              340 	.byte	35
000001ff 753856616c75    341 	.strz	"u8ValueCompensationErrorRounding"
00000205 65436f6d7065 
0000020b 6e736174696f 
00000211 6e4572726f72 
00000217 526f756e6469 
0000021d 6e6700 
00000220 3f              342 	.byte	63
00000221 0b              343 	.byte	11
00000222 07              344 	.byte	7
00000223 00000000*       345 	.word	.LDW_4b10100
00000227 0223            346 	.byte	2,35
00000229 1e              347 	.byte	30
0000022a 01              348 	.byte	1
                         349 
                         350 .LDW_40ce248:
0000022b 23              351 	.byte	35
0000022c 753856616c75    352 	.strz	"u8ValueGain_mV"
00000232 654761696e5f 
00000238 6d5600 
0000023b 40              353 	.byte	64
0000023c 0b              354 	.byte	11
0000023d 07              355 	.byte	7
0000023e 00000000*       356 	.word	.LDW_4b10100
00000242 0223            357 	.byte	2,35
00000244 1f              358 	.byte	31
00000245 01              359 	.byte	1
                         360 
00000246 00              361 	.byte	0
                         362 
                         363 .LDW_4b10c28:
00000247 28              364 	.byte	40
00000248 547970655f43    365 	.strz	"Type_CfgMcalAdc_st"
0000024e 66674d63616c 
00000254 4164635f7374 
0000025a 00 
0000025b 41              366 	.byte	65
0000025c 02              367 	.byte	2
0000025d 07              368 	.byte	7
0000025e 00000000*       369 	.word	.LDW_4b105f8
                         370 

                                                                      Page 9
                                                              C:\Users\nhuliyap\AppData\Local\Temp\gh_00005qg1.s
                         371 .LDW_4b108b8:
00000262 04              372 	.byte	4
00000263 4366674d6361    373 	.strz	"CfgMcalAdc_st"
00000269 6c4164635f73 
0000026f 7400 
00000271 30              374 	.byte	48
00000272 30              375 	.byte	48
00000273 01              376 	.byte	1
00000274 00000000*       377 	.word	.LDW_4b10a70
00000278 01              378 	.byte	1
00000279 00              379 	.byte	0
0000027a 0503            380 	.byte	5,3
0000027c 00000000*       381 	.word	_CfgMcalAdc_st
                         382 
                         383 	.section	.debug_abbrev
0000005a 04              384 	.byte	4
0000005b 34              385 	.byte	52
0000005c 00              386 	.byte	0
0000005d 0308            387 	.byte	3,8
0000005f 3b0f            388 	.byte	59,15
00000061 390f            389 	.byte	57,15
00000063 3a0f            390 	.byte	58,15
00000065 4910            391 	.byte	73,16
00000067 3f0c            392 	.byte	63,12
00000069 3c0c            393 	.byte	60,12
0000006b 020a            394 	.byte	2,10
0000006d 0000            395 	.byte	0,0
                         396 
                         397 	.section	.debug_info
00000280 00              398 	.byte	0
                         399 
                         400 	.section	.debug_line
                         401 .Ldw_line_end:
                         402 	.section	.debug_macinfo
00000000 01              403 	.byte	1
00000001 00              404 	.byte	0
00000002 5f5f6768735f    405 	.strz	"__ghs__ 1"
00000008 5f203100 
0000000c 01              406 	.byte	1
0000000d 00              407 	.byte	0
0000000e 5f5f4c4c4f4e    408 	.strz	"__LLONG_BIT 64"
00000014 475f42495420 
0000001a 363400 
0000001d 03              409 	.byte	3
0000001e 00              410 	.byte	0
0000001f 01              411 	.byte	1
00000020 03              412 	.byte	3
00000021 1a              413 	.byte	26
00000022 02              414 	.byte	2
00000023 03              415 	.byte	3
00000024 1c              416 	.byte	28
00000025 03              417 	.byte	3
00000026 04              418 	.byte	4
00000027 03              419 	.byte	3
00000028 1d              420 	.byte	29
00000029 04              421 	.byte	4
0000002a 03              422 	.byte	3
0000002b 1b              423 	.byte	27
0000002c 05              424 	.byte	5
0000002d 03              425 	.byte	3
0000002e 54              426 	.byte	84

                                                                      Page 10
                                                              C:\Users\nhuliyap\AppData\Local\Temp\gh_00005qg1.s
0000002f 06              427 	.byte	6
00000030 04              428 	.byte	4
00000031 04              429 	.byte	4
00000032 01              430 	.byte	1
00000033 3d              431 	.byte	61
00000034 434f4e535428    432 	.strz	"CONST(type,memclass) const type"
0000003a 747970652c6d 
00000040 656d636c6173 
00000046 732920636f6e 
0000004c 737420747970 
00000052 6500 
00000054 04              433 	.byte	4
00000055 04              434 	.byte	4
00000056 03              435 	.byte	3
00000057 1b              436 	.byte	27
00000058 07              437 	.byte	7
00000059 03              438 	.byte	3
0000005a 1b              439 	.byte	27
0000005b 08              440 	.byte	8
0000005c 04              441 	.byte	4
0000005d 04              442 	.byte	4
0000005e 04              443 	.byte	4
0000005f 00              444 	.byte	0
                         445 	.section	.debug_abbrev
0000006f 00              446 	.byte	0
                         447 	.section	.debug_info
                         448 .Ldw_end:
                         449 .rh850_flags REGMODE32,DATA_ALIGN8,GP_FIX,EP_NONFIX,TP_FIX,REG2_RESERVE,G3K,GHS_MISALIGN,SDA_EXTRA_REGS_0
