                                                                      Page 1
                                                              C:\Users\nhuliyap\AppData\Local\Temp\gh_0000cr41.s
Command Line: C:\ghs\comp_201517\ease850.exe -w -elf -b0 -I../source/common -I../source/ProjectCompiler -I../source/ProjectCfg -I../source/SwcApplTpms -I../source/SwcApplEcuM -I../source/SwcServiceBswM -I../source/SwcServiceEcuM -I../source/SwcServiceNvM -I../source/SwcServiceOs -I../source/SwcServiceStartUp -I../source/McalAdc -I../source/McalDio -I../source/McalGpt -I../source/McalMcu -I../source/McalWdg -I../source/wrappers -I../source/wrappers/McalAta -I../source/McalLin -I../source/McalCan -I../source/wrappers/OS -I../source/McalFls -I../source/EcuabFee -I../source/EcuabMemIf -I../source/wrappers/VStdLib -I../source/wrappers/Crc -I../source/wrappers/FBL_APPL -I../source/wrappers/NVM_MANAGER -I../source/wrappers/DEM_MANAGER -I../source/wrappers/RDC_MANAGER -I../source/wrappers/ENV_MANAGER -I../source/wrappers/SYS_MANAGER -I../source/wrappers/EcuabCanIf -I../source/EcuabCanTrcv -I../source/wrappers/SwcServiceCanSM -I../source/wrappers/SwcServiceCanTp -I../source/wrappers/SwcServiceCanTp_PreCompile -I../source/wrappers/SwcServiceCom -I../source/wrappers/SwcServiceComM -I../source/wrappers/SwcServiceDcm -I../source/wrappers/SwcServicePduR -I../source/wrappers/SwcServiceEcuM -I../source/wrappers/Bfx -I../source/wrappers/SwcServiceDem -I../source/SwcServiceCom -I../source/SwcServiceDet -I../source/SwcServiceFiM -I../source/SwcServicePduR -I../source/SwcServiceSchM -I../source/wrappers/LibAutosarDiag -I../source/wrappers/rba_BswSrv -IC:\ghs\comp_201517\lib\rh850 -cg_underscore -cpu=rh850g3k -no_v850_simd -rh850_fpsimd=none -nomacro -patch_dbo=C:\_ECU2\ECU_Rivian_A1\Target\repo_projects\pRealEcu\cR_R2023.09.15\make\output\objects\CfgMcalDio.dbo -source=CfgMcalDio.c -o output\objects\gh_0000cr41.o -list=output\list\CfgMcalDio.lst C:\Users\nhuliyap\AppData\Local\Temp\gh_0000cr41.s 
Original File: C:\Users\nhuliyap\AppData\Local\Temp\gh_0000cr41.s
Source File: CfgMcalDio.c
Directory: C:\_ECU2\ECU_Rivian_A1\Target\repo_projects\pRealEcu\cR_R2023.09.15\make
Host OS: Windows
EASE: Copyright (C) 1983-2015 Green Hills Software.  All Rights Reserved.
Release: Compiler v2015.1.7
Build Directory: [Directory] BTOWORKER6:c:/build_2015_1_bto/2015-10-21.2100-2015_1_bto/win32-comp-ecom
Revision: [VCInfo] http://toolsvc/branches/release-branch-70-bto/src@544153 (built by build)
Revision Date: Thu Oct 22 07:50:13 2015

Release Date: Thu Oct 22 09:32:32 2015

                           1 --Driver Command: ccv850 ../source/ProjectCfg/CfgMcalDio.c -cpu=rh850 -fhard
                           2 --		-ignore_callt_state_in_interrupts -large_sda -misalign_pack
                           3 --		-nofarcalls -nofloatio -no_callt -Ogeneral -Onounroll
                           4 --		-prepare_dispose -registermode=32 -reserve_r2 -sda=0
                           5 --		-shorten_loads -Wshadow --brief_diagnostics --no_commons
                           6 --		--no_wrap_diagnostics --prototype_errors --short_enum -list -G
                           7 --		-dual_debug -dwarf -X5523 -lnk=-no_xda_modifications -D
                           8 --		NOT_READY_FOR_TESTING_OR_DEPLOYMENT -D IBTCM_SW_ANPASSUNGEN -D
                           9 --		BUILD_RIVIAN -c -inline_prologue -I../source/common
                          10 --		-I../source/ProjectCompiler -I../source/ProjectCfg
                          11 --		-I../source/SwcApplTpms -I../source/SwcApplEcuM
                          12 --		-I../source/SwcServiceBswM -I../source/SwcServiceEcuM
                          13 --		-I../source/SwcServiceNvM -I../source/SwcServiceOs
                          14 --		-I../source/SwcServiceStartUp -I../source/McalAdc
                          15 --		-I../source/McalDio -I../source/McalGpt -I../source/McalMcu
                          16 --		-I../source/McalWdg -I../source/wrappers
                          17 --		-I../source/wrappers/McalAta -I../source/McalLin
                          18 --		-I../source/McalCan -I../source/wrappers/OS -I../source/McalFls
                          19 --		-I../source/EcuabFee -I../source/EcuabMemIf
                          20 --		-I../source/wrappers/VStdLib -I../source/wrappers
                          21 --		-I../source/wrappers/Crc -I../source/wrappers/FBL_APPL
                          22 --		-I../source/wrappers/NVM_MANAGER -I../source/wrappers/DEM_MANAGER
                          23 --		-I../source/wrappers/RDC_MANAGER -I../source/wrappers/ENV_MANAGER
                          24 --		-I../source/wrappers/SYS_MANAGER -I../source/wrappers/EcuabCanIf
                          25 --		-I../source/EcuabCanTrcv -I../source/wrappers/SwcServiceCanSM
                          26 --		-I../source/wrappers/SwcServiceCanTp
                          27 --		-I../source/wrappers/SwcServiceCanTp_PreCompile
                          28 --		-I../source/wrappers/SwcServiceCom
                          29 --		-I../source/wrappers/SwcServiceComM
                          30 --		-I../source/wrappers/SwcServiceDcm
                          31 --		-I../source/wrappers/SwcServicePduR
                          32 --		-I../source/wrappers/SwcServiceEcuM -I../source/wrappers/Bfx
                          33 --		-I../source/wrappers/SwcServiceDem -I../source/SwcServiceCom
                          34 --		-I../source/SwcServiceDet -I../source/SwcServiceFiM
                          35 --		-I../source/SwcServicePduR -I../source/SwcServiceSchM
                          36 --		-I../source/wrappers/LibAutosarDiag
                          37 --		-I../source/wrappers/rba_BswSrv -object_dir=output/objects
                          38 --		-list_dir=output/list
                          39 --Source File:   ../source/ProjectCfg/CfgMcalDio.c
                          40 --Directory:     
                          41 --		C:\_ECU2\ECU_Rivian_A1\Target\repo_projects\pRealEcu\cR_R2023.09.15\make
                          42 --Compile Date:  Fri Sep 15 15:23:26 2023
                          43 --Host OS:       Win32
                          44 --Version:       C-RH850 2015.1.7 RELEASE VERSION
                          45 --Release:       Compiler v2015.1.7
                          46 --Revision Date: Thu Oct 22 08:06:12 2015
                          47 --Release Date:  Thu Oct 22 09:34:32 2015
                          48 -- ecom  -g -w -OM
                          49 --_P0	4290838528	import
                          50 --_P8	4290838560	import

                                                                      Page 2
                                                              C:\Users\nhuliyap\AppData\Local\Temp\gh_0000cr41.s
                          51 --_P9	4290838564	import
                          52 --_P10	4290838568	import
                          53 --_PPR0	4290839040	import
                          54 --_PPR8	4290839072	import
                          55 --_PPR9	4290839076	import
                          56 --_PPR10	4290839080	import
                          57 --_PM0	4290839296	import
                          58 --_PM8	4290839328	import
                          59 --_PM9	4290839332	import
                          60 --_PM10	4290839336	import
                          61 --_PMC0	4290839552	import
                          62 --_PMC8	4290839584	import
                          63 --_PMC9	4290839588	import
                          64 --_PMC10	4290839592	import
                          65 --_PIBC0	4290854912	import
                          66 --_PIBC8	4290854944	import
                          67 --_PIBC9	4290854948	import
                          68 --_PIBC10	4290854952	import
                          69 
                          70 	.section ".rodata","a"
                          71 	.align	4
                          72 	.global	_CfgMcalDio_castListPins
00000000 00               73 _CfgMcalDio_castListPins:	.space	1
00000001 00               74 	.space	1
00000002 03002804         75 	.byte	3,0,40,4
00000006 c1ff2803         76 	.byte	193,255,40,3
0000000a c1ff2802         77 	.byte	193,255,40,2
0000000e c1ff2840         78 	.byte	193,255,40,64
00000012 c1ff2800         79 	.byte	193,255,40,0
00000016 c1ff             80 	.byte	193,255
00000018 01               81 	.byte	1
00000019 00               82 	.space	1
0000001a 06002004         83 	.byte	6,0,32,4
0000001e c1ff2003         84 	.byte	193,255,32,3
00000022 c1ff2002         85 	.byte	193,255,32,2
00000026 c1ff2040         86 	.byte	193,255,32,64
0000002a c1ff2000         87 	.byte	193,255,32,0
0000002e c1ff             88 	.byte	193,255
00000030 02               89 	.byte	2
00000031 00               90 	.space	1
00000032 05002004         91 	.byte	5,0,32,4
00000036 c1ff2003         92 	.byte	193,255,32,3
0000003a c1ff2002         93 	.byte	193,255,32,2
0000003e c1ff2040         94 	.byte	193,255,32,64
00000042 c1ff2000         95 	.byte	193,255,32,0
00000046 c1ff             96 	.byte	193,255
00000048 03               97 	.byte	3
00000049 00               98 	.space	1
0000004a 04002004         99 	.byte	4,0,32,4
0000004e c1ff2003        100 	.byte	193,255,32,3
00000052 c1ff2002        101 	.byte	193,255,32,2
00000056 c1ff2040        102 	.byte	193,255,32,64
0000005a c1ff2000        103 	.byte	193,255,32,0
0000005e c1ff            104 	.byte	193,255
00000060 04              105 	.byte	4
00000061 00              106 	.space	1
00000062 0000            107 	.space	2
00000064 0004c1ff        108 	.byte	0,4,193,255
00000068 0003c1ff        109 	.byte	0,3,193,255
0000006c 0002c1ff        110 	.byte	0,2,193,255
00000070 0040c1ff        111 	.byte	0,64,193,255

                                                                      Page 3
                                                              C:\Users\nhuliyap\AppData\Local\Temp\gh_0000cr41.s
00000074 0000c1ff        112 	.byte	0,0,193,255
00000078 05              113 	.byte	5
00000079 00              114 	.space	1
0000007a 01002004        115 	.byte	1,0,32,4
0000007e c1ff2003        116 	.byte	193,255,32,3
00000082 c1ff2002        117 	.byte	193,255,32,2
00000086 c1ff2040        118 	.byte	193,255,32,64
0000008a c1ff2000        119 	.byte	193,255,32,0
0000008e c1ff            120 	.byte	193,255
00000090 06              121 	.byte	6
00000091 00              122 	.space	1
00000092 04000004        123 	.byte	4,0,0,4
00000096 c1ff0003        124 	.byte	193,255,0,3
0000009a c1ff0002        125 	.byte	193,255,0,2
0000009e c1ff0040        126 	.byte	193,255,0,64
000000a2 c1ff0000        127 	.byte	193,255,0,0
000000a6 c1ff            128 	.byte	193,255
000000a8 07              129 	.byte	7
000000a9 00              130 	.space	1
000000aa 05000004        131 	.byte	5,0,0,4
000000ae c1ff0003        132 	.byte	193,255,0,3
000000b2 c1ff0002        133 	.byte	193,255,0,2
000000b6 c1ff0040        134 	.byte	193,255,0,64
000000ba c1ff0000        135 	.byte	193,255,0,0
000000be c1ff            136 	.byte	193,255
000000c0 08              137 	.byte	8
000000c1 00              138 	.space	1
000000c2 06000004        139 	.byte	6,0,0,4
000000c6 c1ff0003        140 	.byte	193,255,0,3
000000ca c1ff0002        141 	.byte	193,255,0,2
000000ce c1ff0040        142 	.byte	193,255,0,64
000000d2 c1ff0000        143 	.byte	193,255,0,0
000000d6 c1ff            144 	.byte	193,255
000000d8 09              145 	.byte	9
000000d9 00              146 	.space	1
000000da 09000004        147 	.byte	9,0,0,4
000000de c1ff0003        148 	.byte	193,255,0,3
000000e2 c1ff0002        149 	.byte	193,255,0,2
000000e6 c1ff0040        150 	.byte	193,255,0,64
000000ea c1ff0000        151 	.byte	193,255,0,0
000000ee c1ff            152 	.byte	193,255
000000f0 0a              153 	.byte	10
000000f1 00              154 	.space	1
000000f2 01000004        155 	.byte	1,0,0,4
000000f6 c1ff0003        156 	.byte	193,255,0,3
000000fa c1ff0002        157 	.byte	193,255,0,2
000000fe c1ff0040        158 	.byte	193,255,0,64
00000102 c1ff0000        159 	.byte	193,255,0,0
00000106 c1ff            160 	.byte	193,255
00000108 0b              161 	.byte	11
00000109 00              162 	.space	1
0000010a 02000004        163 	.byte	2,0,0,4
0000010e c1ff0003        164 	.byte	193,255,0,3
00000112 c1ff0002        165 	.byte	193,255,0,2
00000116 c1ff0040        166 	.byte	193,255,0,64
0000011a c1ff0000        167 	.byte	193,255,0,0
0000011e c1ff            168 	.byte	193,255
00000120 0c              169 	.byte	12
00000121 00              170 	.space	1
00000122 03002804        171 	.byte	3,0,40,4
00000126 c1ff2803        172 	.byte	193,255,40,3

                                                                      Page 4
                                                              C:\Users\nhuliyap\AppData\Local\Temp\gh_0000cr41.s
0000012a c1ff2802        173 	.byte	193,255,40,2
0000012e c1ff2840        174 	.byte	193,255,40,64
00000132 c1ff2800        175 	.byte	193,255,40,0
00000136 c1ff            176 	.byte	193,255
00000138 0d              177 	.byte	13
00000139 00              178 	.space	1
0000013a 05002804        179 	.byte	5,0,40,4
0000013e c1ff2803        180 	.byte	193,255,40,3
00000142 c1ff2802        181 	.byte	193,255,40,2
00000146 c1ff2840        182 	.byte	193,255,40,64
0000014a c1ff2800        183 	.byte	193,255,40,0
0000014e c1ff            184 	.byte	193,255
00000150 0e              185 	.byte	14
00000151 00              186 	.space	1
00000152 06002804        187 	.byte	6,0,40,4
00000156 c1ff2803        188 	.byte	193,255,40,3
0000015a c1ff2802        189 	.byte	193,255,40,2
0000015e c1ff2840        190 	.byte	193,255,40,64
00000162 c1ff2800        191 	.byte	193,255,40,0
00000166 c1ff            192 	.byte	193,255
00000168 0f              193 	.byte	15
00000169 00              194 	.space	1
0000016a 07002804        195 	.byte	7,0,40,4
0000016e c1ff2803        196 	.byte	193,255,40,3
00000172 c1ff2802        197 	.byte	193,255,40,2
00000176 c1ff2840        198 	.byte	193,255,40,64
0000017a c1ff2800        199 	.byte	193,255,40,0
0000017e c1ff            200 	.byte	193,255
00000180 10              201 	.byte	16
00000181 00              202 	.space	1
00000182 08002804        203 	.byte	8,0,40,4
00000186 c1ff2803        204 	.byte	193,255,40,3
0000018a c1ff2802        205 	.byte	193,255,40,2
0000018e c1ff2840        206 	.byte	193,255,40,64
00000192 c1ff2800        207 	.byte	193,255,40,0
00000196 c1ff            208 	.byte	193,255
00000198 11              209 	.byte	17
00000199 00              210 	.space	1
0000019a 09002804        211 	.byte	9,0,40,4
0000019e c1ff2803        212 	.byte	193,255,40,3
000001a2 c1ff2802        213 	.byte	193,255,40,2
000001a6 c1ff2840        214 	.byte	193,255,40,64
000001aa c1ff2800        215 	.byte	193,255,40,0
000001ae c1ff            216 	.byte	193,255
000001b0 12              217 	.byte	18
000001b1 00              218 	.space	1
000001b2 0e002804        219 	.byte	14,0,40,4
000001b6 c1ff2803        220 	.byte	193,255,40,3
000001ba c1ff2802        221 	.byte	193,255,40,2
000001be c1ff2840        222 	.byte	193,255,40,64
000001c2 c1ff2800        223 	.byte	193,255,40,0
000001c6 c1ff            224 	.byte	193,255
000001c8 13              225 	.byte	19
000001c9 00              226 	.space	1
000001ca 0d002804        227 	.byte	13,0,40,4
000001ce c1ff2803        228 	.byte	193,255,40,3
000001d2 c1ff2802        229 	.byte	193,255,40,2
000001d6 c1ff2840        230 	.byte	193,255,40,64
000001da c1ff2800        231 	.byte	193,255,40,0
000001de c1ff            232 	.byte	193,255
000001e0 14              233 	.byte	20

                                                                      Page 5
                                                              C:\Users\nhuliyap\AppData\Local\Temp\gh_0000cr41.s
000001e1 00              234 	.space	1
000001e2 0c002804        235 	.byte	12,0,40,4
000001e6 c1ff2803        236 	.byte	193,255,40,3
000001ea c1ff2802        237 	.byte	193,255,40,2
000001ee c1ff2840        238 	.byte	193,255,40,64
000001f2 c1ff2800        239 	.byte	193,255,40,0
000001f6 c1ff            240 	.byte	193,255
000001f8 15              241 	.byte	21
000001f9 00              242 	.space	1
000001fa 0b002804        243 	.byte	11,0,40,4
000001fe c1ff2803        244 	.byte	193,255,40,3
00000202 c1ff2802        245 	.byte	193,255,40,2
00000206 c1ff2840        246 	.byte	193,255,40,64
0000020a c1ff2800        247 	.byte	193,255,40,0
0000020e c1ff            248 	.byte	193,255
00000210 16              249 	.byte	22
00000211 00              250 	.space	1
00000212 0000            251 	.space	2
00000214 2404c1ff        252 	.byte	36,4,193,255
00000218 2403c1ff        253 	.byte	36,3,193,255
0000021c 2402c1ff        254 	.byte	36,2,193,255
00000220 2440c1ff        255 	.byte	36,64,193,255
00000224 2400c1ff        256 	.byte	36,0,193,255
00000228 17              257 	.byte	23
00000229 00              258 	.space	1
0000022a 01002404        259 	.byte	1,0,36,4
0000022e c1ff2403        260 	.byte	193,255,36,3
00000232 c1ff2402        261 	.byte	193,255,36,2
00000236 c1ff2440        262 	.byte	193,255,36,64
0000023a c1ff2400        263 	.byte	193,255,36,0
0000023e c1ff            264 	.byte	193,255
00000240 18              265 	.byte	24
00000241 00              266 	.space	1
00000242 02002404        267 	.byte	2,0,36,4
00000246 c1ff2403        268 	.byte	193,255,36,3
0000024a c1ff2402        269 	.byte	193,255,36,2
0000024e c1ff2440        270 	.byte	193,255,36,64
00000252 c1ff2400        271 	.byte	193,255,36,0
00000256 c1ff            272 	.byte	193,255
00000258 19              273 	.byte	25
00000259 00              274 	.space	1
0000025a 03002404        275 	.byte	3,0,36,4
0000025e c1ff2403        276 	.byte	193,255,36,3
00000262 c1ff2402        277 	.byte	193,255,36,2
00000266 c1ff2440        278 	.byte	193,255,36,64
0000026a c1ff2400        279 	.byte	193,255,36,0
0000026e c1ff            280 	.byte	193,255
                         281 	.type	_CfgMcalDio_castListPins,@object
                         282 	.size	_CfgMcalDio_castListPins,624
                         283 	.data
                         284 	.ghsnote version,17
                         285 	.ghsnote tools,3
                         286 	.ghsnote options,144
                         287 	.text
                         288 ..bof.C.3A.5C_ECU2.5CECU_Rivian_A1.5CTarget.5Crepo_projects.5CpRealEcu.5CcR_R2023.2E09.2E15.5Cmake.5Coutput.5Cobjects.5CCfgMcalDio...43.3A.5C_ECU2.5CECU_Rivian_A1.5CTarget.5Crepo_projects.5CpRealEcu.5CcR_R2023.2E09.2E15.5Cmake..65045ACE..0::
                         289 ..eof.C.3A.5C_ECU2.5CECU_Rivian_A1.5CTarget.5Crepo_projects.5CpRealEcu.5CcR_R2023.2E09.2E15.5Cmake.5Coutput.5Cobjects.5CCfgMcalDio...43.3A.5C_ECU2.5CECU_Rivian_A1.5CTarget.5Crepo_projects.5CpRealEcu.5CcR_R2023.2E09.2E15.5Cmake..65045ACE..0::
                         290 	.section	.debug_info
                         291 .Ldw_begin:
00000000 cb040000        292 	.word	.Ldw_end-.Ldw_begin-4
00000004 0200            293 	.byte	2,0
00000006 00000000*       294 	.word	.Ldw_abbr_begin

                                                                      Page 6
                                                              C:\Users\nhuliyap\AppData\Local\Temp\gh_0000cr41.s
0000000a 04              295 	.byte	4
                         296 	.section	.debug_abbrev
                         297 .Ldw_abbr_begin:
                         298 	.section	.debug_info
0000000b 01              299 	.byte	1
0000000c 00000000*       300 	.word	..bof.C.3A.5C_ECU2.5CECU_Rivian_A1.5CTarget.5Crepo_projects.5CpRealEcu.5CcR_R2023.2E09.2E15.5Cmake.5Coutput.5Cobjects.5CCfgMcalDio...43.3A.5C_ECU2.5CECU_Rivian_A1.5CTarget.5Crepo_projects.5CpRealEcu.5CcR_R2023.2E09.2E15.5Cmake..65045ACE..0
00000010 00000000*       301 	.word	..eof.C.3A.5C_ECU2.5CECU_Rivian_A1.5CTarget.5Crepo_projects.5CpRealEcu.5CcR_R2023.2E09.2E15.5Cmake.5Coutput.5Cobjects.5CCfgMcalDio...43.3A.5C_ECU2.5CECU_Rivian_A1.5CTarget.5Crepo_projects.5CpRealEcu.5CcR_R2023.2E09.2E15.5Cmake..65045ACE..0
00000014 2e2e2f736f75    302 	.strz	"../source/ProjectCfg/CfgMcalDio.c"
0000001a 7263652f5072 
00000020 6f6a65637443 
00000026 66672f436667 
0000002c 4d63616c4469 
00000032 6f2e6300 
00000036 433a5c5f4543    303 	.strz	"C:\\_ECU2\\ECU_Rivian_A1\\Target\\repo_projects\\pRealEcu\\cR_R2023.09.15\\make"
0000003c 55325c454355 
00000042 5f5269766961 
00000048 6e5f41315c54 
0000004e 61726765745c 
00000054 7265706f5f70 
0000005a 726f6a656374 
00000060 735c70526561 
00000066 6c4563755c63 
0000006c 525f52323032 
00000072 332e30392e31 
00000078 355c6d616b65 
0000007e 00 
0000007f 474853204320    304 	.strz	"GHS C 2015.1.7 [dual]"
00000085 323031352e31 
0000008b 2e37205b6475 
00000091 616c5d00 
00000095 0100            305 	.byte	1,0
00000097 00000000*       306 	.word	.Ldw_line_begin
0000009b 00000000*       307 	.word	.Ldw_macinfo_begin
0000009f 00              308 	.byte	0
                         309 
                         310 	.section	.debug_abbrev
00000000 01              311 	.byte	1
00000001 11              312 	.byte	17
00000002 01              313 	.byte	1
00000003 1101            314 	.byte	17,1
00000005 1201            315 	.byte	18,1
00000007 0308            316 	.byte	3,8
00000009 1b08            317 	.byte	27,8
0000000b 2508            318 	.byte	37,8
0000000d 1305            319 	.byte	19,5
0000000f 1006            320 	.byte	16,6
00000011 4306            321 	.byte	67,6
00000013 420b            322 	.byte	66,11
00000015 0000            323 	.byte	0,0
                         324 
                         325 	.section	.debug_line
                         326 .Ldw_line_begin:
00000000 97010000        327 	.word	.Ldw_line_end-.Ldw_line_begin-4
00000004 0200            328 	.byte	2,0
00000006 00000000*       329 	.word	.Ldw_lpro_end-.Ldw_lpro_begin
                         330 .Ldw_lpro_begin:
0000000a 01              331 	.byte	1
0000000b 00              332 	.byte	0
0000000c 00              333 	.byte	0
0000000d 04              334 	.byte	4
0000000e 0a              335 	.byte	10

                                                                      Page 7
                                                              C:\Users\nhuliyap\AppData\Local\Temp\gh_0000cr41.s
0000000f 000101          336 	.byte	0,1,1
00000012 010100          337 	.byte	1,1,0
00000015 000001          338 	.byte	0,0,1
00000018 00              339 	.byte	0
00000019 2e2e2f736f75    340 	.strz	"../source/ProjectCfg/CfgMcalDio.c"
0000001f 7263652f5072 
00000025 6f6a65637443 
0000002b 66672f436667 
00000031 4d63616c4469 
00000037 6f2e6300 
0000003b 000000          341 	.byte	0,0,0
0000003e 2e2e2f736f75    342 	.strz	"../source/common/Std_Types.hpp"
00000044 7263652f636f 
0000004a 6d6d6f6e2f53 
00000050 74645f547970 
00000056 65732e687070 
0000005c 00 
0000005d 000000          343 	.byte	0,0,0
00000060 2e2e2f736f75    344 	.strz	"../source/common/Platform_Types.hpp"
00000066 7263652f636f 
0000006c 6d6d6f6e2f50 
00000072 6c6174666f72 
00000078 6d5f54797065 
0000007e 732e68707000 
00000084 000000          345 	.byte	0,0,0
00000087 2e2e2f736f75    346 	.strz	"../source/common/Compiler.hpp"
0000008d 7263652f636f 
00000093 6d6d6f6e2f43 
00000099 6f6d70696c65 
0000009f 722e68707000 
000000a5 000000          347 	.byte	0,0,0
000000a8 2e2e2f736f75    348 	.strz	"../source/ProjectCompiler/Compiler_Cfg.hpp"
000000ae 7263652f5072 
000000b4 6f6a65637443 
000000ba 6f6d70696c65 
000000c0 722f436f6d70 
000000c6 696c65725f43 
000000cc 66672e687070 
000000d2 00 
000000d3 000000          349 	.byte	0,0,0
000000d6 2e2e2f736f75    350 	.strz	"../source/ProjectCompiler/CompilerCfg_SwcServiceOs.hpp"
000000dc 7263652f5072 
000000e2 6f6a65637443 
000000e8 6f6d70696c65 
000000ee 722f436f6d70 
000000f4 696c65724366 
000000fa 675f53776353 
00000100 657276696365 
00000106 4f732e687070 
0000010c 00 
0000010d 000000          351 	.byte	0,0,0
00000110 2e2e2f736f75    352 	.strz	"../source/McalMcu/uC_Dio.hpp"
00000116 7263652f4d63 
0000011c 616c4d63752f 
00000122 75435f44696f 
00000128 2e68707000 
0000012d 000000          353 	.byte	0,0,0
00000130 2e2e2f736f75    354 	.strz	"../source/McalMcu/uC.hpp"
00000136 7263652f4d63 
0000013c 616c4d63752f 
00000142 75432e687070 

                                                                      Page 8
                                                              C:\Users\nhuliyap\AppData\Local\Temp\gh_0000cr41.s
00000148 00 
00000149 000000          355 	.byte	0,0,0
0000014c 2e2e2f736f75    356 	.strz	"../source/ProjectCfg/CfgMcalDio.hpp"
00000152 7263652f5072 
00000158 6f6a65637443 
0000015e 66672f436667 
00000164 4d63616c4469 
0000016a 6f2e68707000 
00000170 000000          357 	.byte	0,0,0
00000173 2e2e2f736f75    358 	.strz	"../source/McalDio/Types_McalDio.hpp"
00000179 7263652f4d63 
0000017f 616c44696f2f 
00000185 54797065735f 
0000018b 4d63616c4469 
00000191 6f2e68707000 
00000197 000000          359 	.byte	0,0,0
0000019a 00              360 	.byte	0
                         361 .Ldw_lpro_end:
                         362 	.section	.debug_macinfo
                         363 .Ldw_macinfo_begin:
                         364 	.section	.debug_info
                         365 .LDW_3036f58:
000000a0 25              366 	.byte	37
000000a1 756e7369676e    367 	.strz	"unsigned short"
000000a7 65642073686f 
000000ad 727400 
000000b0 07              368 	.byte	7
000000b1 02              369 	.byte	2
                         370 
                         371 	.section	.debug_abbrev
00000017 25              372 	.byte	37
00000018 24              373 	.byte	36
00000019 00              374 	.byte	0
0000001a 0308            375 	.byte	3,8
0000001c 3e0b            376 	.byte	62,11
0000001e 0b0b            377 	.byte	11,11
00000020 0000            378 	.byte	0,0
                         379 
                         380 	.section	.debug_info
                         381 .LDW_3037070:
000000b2 25              382 	.byte	37
000000b3 696e7400        383 	.strz	"int"
000000b7 05              384 	.byte	5
000000b8 04              385 	.byte	4
                         386 
                         387 .LDW_4b605f8:
000000b9 2b              388 	.byte	43
000000ba 00000000*       389 	.word	.LDW_3078798
                         390 
                         391 	.section	.debug_abbrev
00000022 2b              392 	.byte	43
00000023 35              393 	.byte	53
00000024 00              394 	.byte	0
00000025 4910            395 	.byte	73,16
00000027 0000            396 	.byte	0,0
                         397 
                         398 	.section	.debug_info
                         399 .LDW_3036fc8:
000000be 2f              400 	.byte	47
000000bf 00000000*       401 	.word	.LDW_4b605f8
                         402 

                                                                      Page 9
                                                              C:\Users\nhuliyap\AppData\Local\Temp\gh_0000cr41.s
                         403 	.section	.debug_abbrev
00000029 2f              404 	.byte	47
0000002a 0f              405 	.byte	15
0000002b 00              406 	.byte	0
0000002c 4910            407 	.byte	73,16
0000002e 0000            408 	.byte	0,0
                         409 
                         410 	.section	.debug_info
                         411 .LDW_4b60338:
000000c3 29              412 	.byte	41
000000c4 00000000*       413 	.word	.LDW_unq_1
                         414 
                         415 	.section	.debug_abbrev
00000030 29              416 	.byte	41
00000031 26              417 	.byte	38
00000032 00              418 	.byte	0
00000033 4910            419 	.byte	73,16
00000035 0000            420 	.byte	0,0
                         421 
                         422 	.section	.debug_info
                         423 .LDW_unq_1:
000000c8 2b              424 	.byte	43
000000c9 00000000*       425 	.word	.LDW_3078798
                         426 
                         427 .LDW_3036c48:
000000cd 2f              428 	.byte	47
000000ce 00000000*       429 	.word	.LDW_4b60338
                         430 
                         431 .LDW_4b9e050:
000000d2 29              432 	.byte	41
000000d3 00000000*       433 	.word	.LDW_4b60700
                         434 
                         435 .LDW_4b9ee70:
000000d7 3a              436 	.byte	58
000000d8 00              437 	.byte	0
000000d9 f004            438 	.byte	240,4
000000db 00000000*       439 	.word	.LDW_4b9e050
                         440 
                         441 	.section	.debug_abbrev
00000037 3a              442 	.byte	58
00000038 01              443 	.byte	1
00000039 01              444 	.byte	1
0000003a 090b            445 	.byte	9,11
0000003c 0b0f            446 	.byte	11,15
0000003e 4910            447 	.byte	73,16
00000040 0000            448 	.byte	0,0
                         449 
                         450 	.section	.debug_info
000000df 32              451 	.byte	50
000000e0 00000000*       452 	.word	.LDW_3037070
000000e4 04              453 	.byte	4
000000e5 00              454 	.byte	0
000000e6 19              455 	.byte	25
                         456 
                         457 	.section	.debug_abbrev
00000042 32              458 	.byte	50
00000043 21              459 	.byte	33
00000044 00              460 	.byte	0
00000045 4910            461 	.byte	73,16
00000047 0b0f            462 	.byte	11,15
00000049 220d            463 	.byte	34,13

                                                                      Page 10
                                                              C:\Users\nhuliyap\AppData\Local\Temp\gh_0000cr41.s
0000004b 2f0d            464 	.byte	47,13
0000004d 0000            465 	.byte	0,0
                         466 
                         467 	.section	.debug_info
000000e7 00              468 	.byte	0
                         469 
                         470 .LDW_3078798:
000000e8 28              471 	.byte	40
000000e9 75696e743136    472 	.strz	"uint16"
000000ef 00 
000000f0 52              473 	.byte	82
000000f1 4a              474 	.byte	74
000000f2 03              475 	.byte	3
000000f3 00000000*       476 	.word	.LDW_3036f58
                         477 
                         478 	.section	.debug_abbrev
0000004f 28              479 	.byte	40
00000050 16              480 	.byte	22
00000051 00              481 	.byte	0
00000052 0308            482 	.byte	3,8
00000054 3b0f            483 	.byte	59,15
00000056 390f            484 	.byte	57,15
00000058 3a0f            485 	.byte	58,15
0000005a 4910            486 	.byte	73,16
0000005c 0000            487 	.byte	0,0
                         488 
                         489 	.section	.debug_info
                         490 .LDW_3078cf8:
000000f7 2e              491 	.byte	46
000000f8 00              492 	.byte	0
000000f9 27              493 	.byte	39
000000fa 0d              494 	.byte	13
000000fb 0a              495 	.byte	10
000000fc 01              496 	.byte	1
000000fd 01              497 	.byte	1
                         498 
                         499 	.section	.debug_abbrev
0000005e 2e              500 	.byte	46
0000005f 04              501 	.byte	4
00000060 01              502 	.byte	1
00000061 0308            503 	.byte	3,8
00000063 3b0f            504 	.byte	59,15
00000065 390f            505 	.byte	57,15
00000067 3a0f            506 	.byte	58,15
00000069 0b0f            507 	.byte	11,15
0000006b 320b            508 	.byte	50,11
0000006d 0000            509 	.byte	0,0
                         510 
                         511 	.section	.debug_info
                         512 .LDW_3078d48:
000000fe 2d              513 	.byte	45
000000ff 4750494f5f4c    514 	.strz	"GPIO_LED1"
00000105 45443100 
00000109 28              515 	.byte	40
0000010a 07              516 	.byte	7
0000010b 0a              517 	.byte	10
0000010c 00              518 	.byte	0
                         519 
                         520 	.section	.debug_abbrev
0000006f 2d              521 	.byte	45
00000070 28              522 	.byte	40

                                                                      Page 11
                                                              C:\Users\nhuliyap\AppData\Local\Temp\gh_0000cr41.s
00000071 00              523 	.byte	0
00000072 0308            524 	.byte	3,8
00000074 3b0f            525 	.byte	59,15
00000076 390f            526 	.byte	57,15
00000078 3a0f            527 	.byte	58,15
0000007a 1c0d            528 	.byte	28,13
0000007c 0000            529 	.byte	0,0
                         530 
                         531 	.section	.debug_info
                         532 .LDW_3078d88:
0000010d 2d              533 	.byte	45
0000010e 4750494f5f4c    534 	.strz	"GPIO_LCD_E"
00000114 43445f4500 
00000119 29              535 	.byte	41
0000011a 07              536 	.byte	7
0000011b 0a              537 	.byte	10
0000011c 01              538 	.byte	1
                         539 
                         540 .LDW_3078dc8:
0000011d 2d              541 	.byte	45
0000011e 4750494f5f4c    542 	.strz	"GPIO_LCD_RW"
00000124 43445f525700 
0000012a 2a              543 	.byte	42
0000012b 07              544 	.byte	7
0000012c 0a              545 	.byte	10
0000012d 02              546 	.byte	2
                         547 
                         548 .LDW_3078e08:
0000012e 2d              549 	.byte	45
0000012f 4750494f5f4c    550 	.strz	"GPIO_LCD_RS"
00000135 43445f525300 
0000013b 2b              551 	.byte	43
0000013c 07              552 	.byte	7
0000013d 0a              553 	.byte	10
0000013e 03              554 	.byte	3
                         555 
                         556 .LDW_3078e48:
0000013f 2d              557 	.byte	45
00000140 4750494f5f52    558 	.strz	"GPIO_RES_OUT"
00000146 45535f4f5554 
0000014c 00 
0000014d 2c              559 	.byte	44
0000014e 07              560 	.byte	7
0000014f 0a              561 	.byte	10
00000150 04              562 	.byte	4
                         563 
                         564 .LDW_3078e88:
00000151 2d              565 	.byte	45
00000152 4750494f5f44    566 	.strz	"GPIO_DIN"
00000158 494e00 
0000015b 2d              567 	.byte	45
0000015c 07              568 	.byte	7
0000015d 0a              569 	.byte	10
0000015e 05              570 	.byte	5
                         571 
                         572 .LDW_3078ec8:
0000015f 2d              573 	.byte	45
00000160 4750494f5f53    574 	.strz	"GPIO_SELDP0"
00000166 454c44503000 
0000016c 2e              575 	.byte	46
0000016d 07              576 	.byte	7

                                                                      Page 12
                                                              C:\Users\nhuliyap\AppData\Local\Temp\gh_0000cr41.s
0000016e 0a              577 	.byte	10
0000016f 06              578 	.byte	6
                         579 
                         580 .LDW_3078f08:
00000170 2d              581 	.byte	45
00000171 4750494f5f53    582 	.strz	"GPIO_SELDP1"
00000177 454c44503100 
0000017d 2f              583 	.byte	47
0000017e 07              584 	.byte	7
0000017f 0a              585 	.byte	10
00000180 07              586 	.byte	7
                         587 
                         588 .LDW_3078f48:
00000181 2d              589 	.byte	45
00000182 4750494f5f53    590 	.strz	"GPIO_SELDP2"
00000188 454c44503200 
0000018e 30              591 	.byte	48
0000018f 07              592 	.byte	7
00000190 0a              593 	.byte	10
00000191 08              594 	.byte	8
                         595 
                         596 .LDW_4b89fb0:
00000192 2d              597 	.byte	45
00000193 4750494f5f49    598 	.strz	"GPIO_INTP"
00000199 4e545000 
0000019d 31              599 	.byte	49
0000019e 07              600 	.byte	7
0000019f 0a              601 	.byte	10
000001a0 09              602 	.byte	9
                         603 
                         604 .LDW_4b89e70:
000001a1 2d              605 	.byte	45
000001a2 4750494f5f45    606 	.strz	"GPIO_EN_TJA"
000001a8 4e5f544a4100 
000001ae 32              607 	.byte	50
000001af 07              608 	.byte	7
000001b0 0a              609 	.byte	10
000001b1 0a              610 	.byte	10
                         611 
                         612 .LDW_4b8a270:
000001b2 2d              613 	.byte	45
000001b3 4750494f5f45    614 	.strz	"GPIO_ERR_TJA"
000001b9 52525f544a41 
000001bf 00 
000001c0 33              615 	.byte	51
000001c1 07              616 	.byte	7
000001c2 0a              617 	.byte	10
000001c3 0b              618 	.byte	11
                         619 
                         620 .LDW_4b8a230:
000001c4 2d              621 	.byte	45
000001c5 4750494f5f53    622 	.strz	"GPIO_STB_TJA"
000001cb 54425f544a41 
000001d1 00 
000001d2 34              623 	.byte	52
000001d3 07              624 	.byte	7
000001d4 0a              625 	.byte	10
000001d5 0c              626 	.byte	12
                         627 
                         628 .LDW_4b8a0b0:
000001d6 2d              629 	.byte	45

                                                                      Page 13
                                                              C:\Users\nhuliyap\AppData\Local\Temp\gh_0000cr41.s
000001d7 4750494f5f43    630 	.strz	"GPIO_CS_ATA"
000001dd 535f41544100 
000001e3 35              631 	.byte	53
000001e4 07              632 	.byte	7
000001e5 0a              633 	.byte	10
000001e6 0d              634 	.byte	13
                         635 
                         636 .LDW_4b8a470:
000001e7 2d              637 	.byte	45
000001e8 4750494f5f53    638 	.strz	"GPIO_SPI_MOSI"
000001ee 50495f4d4f53 
000001f4 4900 
000001f6 36              639 	.byte	54
000001f7 07              640 	.byte	7
000001f8 0a              641 	.byte	10
000001f9 0e              642 	.byte	14
                         643 
                         644 .LDW_4b8a5f0:
000001fa 2d              645 	.byte	45
000001fb 4750494f5f53    646 	.strz	"GPIO_SPI_CLK"
00000201 50495f434c4b 
00000207 00 
00000208 37              647 	.byte	55
00000209 07              648 	.byte	7
0000020a 0a              649 	.byte	10
0000020b 0f              650 	.byte	15
                         651 
                         652 .LDW_4b8a0f0:
0000020c 2d              653 	.byte	45
0000020d 4750494f5f53    654 	.strz	"GPIO_SPI_MISO"
00000213 50495f4d4953 
00000219 4f00 
0000021b 38              655 	.byte	56
0000021c 07              656 	.byte	7
0000021d 0a              657 	.byte	10
0000021e 10              658 	.byte	16
                         659 
                         660 .LDW_4b8a1b0:
0000021f 2d              661 	.byte	45
00000220 4750494f5f43    662 	.strz	"GPIO_CHK_FREQ"
00000226 484b5f465245 
0000022c 5100 
0000022e 39              663 	.byte	57
0000022f 07              664 	.byte	7
00000230 0a              665 	.byte	10
00000231 11              666 	.byte	17
                         667 
                         668 .LDW_4b8a1f0:
00000232 2d              669 	.byte	45
00000233 4750494f5f50    670 	.strz	"GPIO_PWR_ATA"
00000239 57525f415441 
0000023f 00 
00000240 3a              671 	.byte	58
00000241 07              672 	.byte	7
00000242 0a              673 	.byte	10
00000243 12              674 	.byte	18
                         675 
                         676 .LDW_4b8a3f0:
00000244 2d              677 	.byte	45
00000245 4750494f5f50    678 	.strz	"GPIO_PWR_B1ATA"
0000024b 57525f423141 

                                                                      Page 14
                                                              C:\Users\nhuliyap\AppData\Local\Temp\gh_0000cr41.s
00000251 544100 
00000254 3b              679 	.byte	59
00000255 07              680 	.byte	7
00000256 0a              681 	.byte	10
00000257 13              682 	.byte	19
                         683 
                         684 .LDW_4b89eb0:
00000258 2d              685 	.byte	45
00000259 4750494f5f50    686 	.strz	"GPIO_PWR_B2ATA"
0000025f 57525f423241 
00000265 544100 
00000268 3c              687 	.byte	60
00000269 07              688 	.byte	7
0000026a 0a              689 	.byte	10
0000026b 14              690 	.byte	20
                         691 
                         692 .LDW_4b8a130:
0000026c 2d              693 	.byte	45
0000026d 4750494f5f49    694 	.strz	"GPIO_IRQ_ATA"
00000273 52515f415441 
00000279 00 
0000027a 3d              695 	.byte	61
0000027b 07              696 	.byte	7
0000027c 0a              697 	.byte	10
0000027d 15              698 	.byte	21
                         699 
                         700 .LDW_4b8a030:
0000027e 2d              701 	.byte	45
0000027f 4750494f5f54    702 	.strz	"GPIO_TP0"
00000285 503000 
00000288 3e              703 	.byte	62
00000289 07              704 	.byte	7
0000028a 0a              705 	.byte	10
0000028b 16              706 	.byte	22
                         707 
                         708 .LDW_4b89f70:
0000028c 2d              709 	.byte	45
0000028d 4750494f5f54    710 	.strz	"GPIO_TP1"
00000293 503100 
00000296 3f              711 	.byte	63
00000297 07              712 	.byte	7
00000298 0a              713 	.byte	10
00000299 17              714 	.byte	23
                         715 
                         716 .LDW_4b8a2b0:
0000029a 2d              717 	.byte	45
0000029b 4750494f5f54    718 	.strz	"GPIO_TP2"
000002a1 503200 
000002a4 40              719 	.byte	64
000002a5 07              720 	.byte	7
000002a6 0a              721 	.byte	10
000002a7 18              722 	.byte	24
                         723 
                         724 .LDW_4b89ff0:
000002a8 2d              725 	.byte	45
000002a9 4750494f5f54    726 	.strz	"GPIO_TP3"
000002af 503300 
000002b2 41              727 	.byte	65
000002b3 07              728 	.byte	7
000002b4 0a              729 	.byte	10
000002b5 19              730 	.byte	25

                                                                      Page 15
                                                              C:\Users\nhuliyap\AppData\Local\Temp\gh_0000cr41.s
                         731 
000002b6 00              732 	.byte	0
                         733 
                         734 .LDW_4b602e0:
000002b7 28              735 	.byte	40
000002b8 547970655f4d    736 	.strz	"Type_McalDio_eName"
000002be 63616c44696f 
000002c4 5f654e616d65 
000002ca 00 
000002cb 42              737 	.byte	66
000002cc 02              738 	.byte	2
000002cd 0a              739 	.byte	10
000002ce 00000000*       740 	.word	.LDW_3078cf8
                         741 
                         742 .LDW_4b606a8:
000002d2 41              743 	.byte	65
000002d3 44              744 	.byte	68
000002d4 0f              745 	.byte	15
000002d5 0a              746 	.byte	10
000002d6 18              747 	.byte	24
000002d7 01              748 	.byte	1
                         749 
                         750 	.section	.debug_abbrev
0000007e 41              751 	.byte	65
0000007f 13              752 	.byte	19
00000080 01              753 	.byte	1
00000081 3b0f            754 	.byte	59,15
00000083 390f            755 	.byte	57,15
00000085 3a0f            756 	.byte	58,15
00000087 0b0f            757 	.byte	11,15
00000089 320b            758 	.byte	50,11
0000008b 0000            759 	.byte	0,0
                         760 
                         761 	.section	.debug_info
                         762 .LDW_307dc20:
000002d8 23              763 	.byte	35
000002d9 4e616d6500      764 	.strz	"Name"
000002de 45              765 	.byte	69
000002df 26              766 	.byte	38
000002e0 0a              767 	.byte	10
000002e1 00000000*       768 	.word	.LDW_4b602e0
000002e5 0223            769 	.byte	2,35
000002e7 00              770 	.byte	0
000002e8 01              771 	.byte	1
                         772 
                         773 	.section	.debug_abbrev
0000008d 23              774 	.byte	35
0000008e 0d              775 	.byte	13
0000008f 00              776 	.byte	0
00000090 0308            777 	.byte	3,8
00000092 3b0f            778 	.byte	59,15
00000094 390f            779 	.byte	57,15
00000096 3a0f            780 	.byte	58,15
00000098 4910            781 	.byte	73,16
0000009a 380a            782 	.byte	56,10
0000009c 320b            783 	.byte	50,11
0000009e 0000            784 	.byte	0,0
                         785 
                         786 	.section	.debug_info
                         787 .LDW_307dea8:
000002e9 23              788 	.byte	35

                                                                      Page 16
                                                              C:\Users\nhuliyap\AppData\Local\Temp\gh_0000cr41.s
000002ea 50696e4e756d    789 	.strz	"PinNumber"
000002f0 62657200 
000002f4 46              790 	.byte	70
000002f5 26              791 	.byte	38
000002f6 0a              792 	.byte	10
000002f7 00000000*       793 	.word	.LDW_3078798
000002fb 0223            794 	.byte	2,35
000002fd 02              795 	.byte	2
000002fe 01              796 	.byte	1
                         797 
                         798 .LDW_307df80:
000002ff 23              799 	.byte	35
00000300 504d435f5265    800 	.strz	"PMC_Reg"
00000306 6700 
00000308 47              801 	.byte	71
00000309 26              802 	.byte	38
0000030a 0a              803 	.byte	10
0000030b 00000000*       804 	.word	.LDW_3036fc8
0000030f 0223            805 	.byte	2,35
00000311 04              806 	.byte	4
00000312 01              807 	.byte	1
                         808 
                         809 .LDW_307def0:
00000313 23              810 	.byte	35
00000314 504d5f526567    811 	.strz	"PM_Reg"
0000031a 00 
0000031b 48              812 	.byte	72
0000031c 26              813 	.byte	38
0000031d 0a              814 	.byte	10
0000031e 00000000*       815 	.word	.LDW_3036fc8
00000322 0223            816 	.byte	2,35
00000324 08              817 	.byte	8
00000325 01              818 	.byte	1
                         819 
                         820 .LDW_307de18:
00000326 23              821 	.byte	35
00000327 5050525f5265    822 	.strz	"PPR_Reg"
0000032d 6700 
0000032f 49              823 	.byte	73
00000330 26              824 	.byte	38
00000331 0a              825 	.byte	10
00000332 00000000*       826 	.word	.LDW_3036c48
00000336 0223            827 	.byte	2,35
00000338 0c              828 	.byte	12
00000339 01              829 	.byte	1
                         830 
                         831 .LDW_307dcb0:
0000033a 23              832 	.byte	35
0000033b 504942435f52    833 	.strz	"PIBC_Reg"
00000341 656700 
00000344 4a              834 	.byte	74
00000345 26              835 	.byte	38
00000346 0a              836 	.byte	10
00000347 00000000*       837 	.word	.LDW_3036fc8
0000034b 0223            838 	.byte	2,35
0000034d 10              839 	.byte	16
0000034e 01              840 	.byte	1
                         841 
                         842 .LDW_307d998:
0000034f 23              843 	.byte	35
00000350 505f52656700    844 	.strz	"P_Reg"

                                                                      Page 17
                                                              C:\Users\nhuliyap\AppData\Local\Temp\gh_0000cr41.s
00000356 4b              845 	.byte	75
00000357 26              846 	.byte	38
00000358 0a              847 	.byte	10
00000359 00000000*       848 	.word	.LDW_3036fc8
0000035d 0223            849 	.byte	2,35
0000035f 14              850 	.byte	20
00000360 01              851 	.byte	1
                         852 
00000361 00              853 	.byte	0
                         854 
                         855 .LDW_4b60700:
00000362 28              856 	.byte	40
00000363 547970655f4d    857 	.strz	"Type_McalDio_stPin"
00000369 63616c44696f 
0000036f 5f737450696e 
00000375 00 
00000376 4c              858 	.byte	76
00000377 02              859 	.byte	2
00000378 0a              860 	.byte	10
00000379 00000000*       861 	.word	.LDW_4b606a8
                         862 
                         863 .LDW_4b60498:
0000037d 05              864 	.byte	5
0000037e 503000          865 	.strz	"P0"
00000381 2c              866 	.byte	44
00000382 01              867 	.byte	1
00000383 07              868 	.byte	7
00000384 00000000*       869 	.word	.LDW_4b605f8
00000388 01              870 	.byte	1
00000389 01              871 	.byte	1
                         872 
                         873 	.section	.debug_abbrev
000000a0 05              874 	.byte	5
000000a1 34              875 	.byte	52
000000a2 00              876 	.byte	0
000000a3 0308            877 	.byte	3,8
000000a5 3b0f            878 	.byte	59,15
000000a7 390f            879 	.byte	57,15
000000a9 3a0f            880 	.byte	58,15
000000ab 4910            881 	.byte	73,16
000000ad 3f0c            882 	.byte	63,12
000000af 3c0c            883 	.byte	60,12
000000b1 0000            884 	.byte	0,0
                         885 
                         886 	.section	.debug_info
                         887 .LDW_4b604f0:
0000038a 05              888 	.byte	5
0000038b 503800          889 	.strz	"P8"
0000038e 2d              890 	.byte	45
0000038f 01              891 	.byte	1
00000390 07              892 	.byte	7
00000391 00000000*       893 	.word	.LDW_4b605f8
00000395 01              894 	.byte	1
00000396 01              895 	.byte	1
                         896 
                         897 .LDW_4b9e730:
00000397 05              898 	.byte	5
00000398 503900          899 	.strz	"P9"
0000039b 2e              900 	.byte	46
0000039c 01              901 	.byte	1
0000039d 07              902 	.byte	7

                                                                      Page 18
                                                              C:\Users\nhuliyap\AppData\Local\Temp\gh_0000cr41.s
0000039e 00000000*       903 	.word	.LDW_4b605f8
000003a2 01              904 	.byte	1
000003a3 01              905 	.byte	1
                         906 
                         907 .LDW_4b9e940:
000003a4 05              908 	.byte	5
000003a5 50313000        909 	.strz	"P10"
000003a9 2f              910 	.byte	47
000003aa 01              911 	.byte	1
000003ab 07              912 	.byte	7
000003ac 00000000*       913 	.word	.LDW_4b605f8
000003b0 01              914 	.byte	1
000003b1 01              915 	.byte	1
                         916 
                         917 .LDW_4b9e628:
000003b2 05              918 	.byte	5
000003b3 5050523000      919 	.strz	"PPR0"
000003b8 30              920 	.byte	48
000003b9 01              921 	.byte	1
000003ba 07              922 	.byte	7
000003bb 00000000*       923 	.word	.LDW_4b60338
000003bf 01              924 	.byte	1
000003c0 01              925 	.byte	1
                         926 
                         927 .LDW_4b9e260:
000003c1 05              928 	.byte	5
000003c2 5050523800      929 	.strz	"PPR8"
000003c7 31              930 	.byte	49
000003c8 01              931 	.byte	1
000003c9 07              932 	.byte	7
000003ca 00000000*       933 	.word	.LDW_4b60338
000003ce 01              934 	.byte	1
000003cf 01              935 	.byte	1
                         936 
                         937 .LDW_4b9e680:
000003d0 05              938 	.byte	5
000003d1 5050523900      939 	.strz	"PPR9"
000003d6 32              940 	.byte	50
000003d7 01              941 	.byte	1
000003d8 07              942 	.byte	7
000003d9 00000000*       943 	.word	.LDW_4b60338
000003dd 01              944 	.byte	1
000003de 01              945 	.byte	1
                         946 
                         947 .LDW_4b9de98:
000003df 05              948 	.byte	5
000003e0 505052313000    949 	.strz	"PPR10"
000003e6 33              950 	.byte	51
000003e7 01              951 	.byte	1
000003e8 07              952 	.byte	7
000003e9 00000000*       953 	.word	.LDW_4b60338
000003ed 01              954 	.byte	1
000003ee 01              955 	.byte	1
                         956 
                         957 .LDW_4b9e838:
000003ef 05              958 	.byte	5
000003f0 504d3000        959 	.strz	"PM0"
000003f4 34              960 	.byte	52
000003f5 01              961 	.byte	1
000003f6 07              962 	.byte	7
000003f7 00000000*       963 	.word	.LDW_4b605f8

                                                                      Page 19
                                                              C:\Users\nhuliyap\AppData\Local\Temp\gh_0000cr41.s
000003fb 01              964 	.byte	1
000003fc 01              965 	.byte	1
                         966 
                         967 .LDW_4b9e310:
000003fd 05              968 	.byte	5
000003fe 504d3800        969 	.strz	"PM8"
00000402 35              970 	.byte	53
00000403 01              971 	.byte	1
00000404 07              972 	.byte	7
00000405 00000000*       973 	.word	.LDW_4b605f8
00000409 01              974 	.byte	1
0000040a 01              975 	.byte	1
                         976 
                         977 .LDW_4b9e890:
0000040b 05              978 	.byte	5
0000040c 504d3900        979 	.strz	"PM9"
00000410 36              980 	.byte	54
00000411 01              981 	.byte	1
00000412 07              982 	.byte	7
00000413 00000000*       983 	.word	.LDW_4b605f8
00000417 01              984 	.byte	1
00000418 01              985 	.byte	1
                         986 
                         987 .LDW_4b9e208:
00000419 05              988 	.byte	5
0000041a 504d313000      989 	.strz	"PM10"
0000041f 37              990 	.byte	55
00000420 01              991 	.byte	1
00000421 07              992 	.byte	7
00000422 00000000*       993 	.word	.LDW_4b605f8
00000426 01              994 	.byte	1
00000427 01              995 	.byte	1
                         996 
                         997 .LDW_4b9e470:
00000428 05              998 	.byte	5
00000429 504d433000      999 	.strz	"PMC0"
0000042e 38             1000 	.byte	56
0000042f 01             1001 	.byte	1
00000430 07             1002 	.byte	7
00000431 00000000*      1003 	.word	.LDW_4b605f8
00000435 01             1004 	.byte	1
00000436 01             1005 	.byte	1
                        1006 
                        1007 .LDW_4b9dff8:
00000437 05             1008 	.byte	5
00000438 504d433800     1009 	.strz	"PMC8"
0000043d 39             1010 	.byte	57
0000043e 01             1011 	.byte	1
0000043f 07             1012 	.byte	7
00000440 00000000*      1013 	.word	.LDW_4b605f8
00000444 01             1014 	.byte	1
00000445 01             1015 	.byte	1
                        1016 
                        1017 .LDW_4b9def0:
00000446 05             1018 	.byte	5
00000447 504d433900     1019 	.strz	"PMC9"
0000044c 3a             1020 	.byte	58
0000044d 01             1021 	.byte	1
0000044e 07             1022 	.byte	7
0000044f 00000000*      1023 	.word	.LDW_4b605f8
00000453 01             1024 	.byte	1

                                                                      Page 20
                                                              C:\Users\nhuliyap\AppData\Local\Temp\gh_0000cr41.s
00000454 01             1025 	.byte	1
                        1026 
                        1027 .LDW_4b9e8e8:
00000455 05             1028 	.byte	5
00000456 504d43313000   1029 	.strz	"PMC10"
0000045c 3b             1030 	.byte	59
0000045d 01             1031 	.byte	1
0000045e 07             1032 	.byte	7
0000045f 00000000*      1033 	.word	.LDW_4b605f8
00000463 01             1034 	.byte	1
00000464 01             1035 	.byte	1
                        1036 
                        1037 .LDW_4b9df48:
00000465 05             1038 	.byte	5
00000466 504942433000   1039 	.strz	"PIBC0"
0000046c 3f             1040 	.byte	63
0000046d 01             1041 	.byte	1
0000046e 07             1042 	.byte	7
0000046f 00000000*      1043 	.word	.LDW_4b605f8
00000473 01             1044 	.byte	1
00000474 01             1045 	.byte	1
                        1046 
                        1047 .LDW_4b9e7e0:
00000475 05             1048 	.byte	5
00000476 504942433800   1049 	.strz	"PIBC8"
0000047c 40             1050 	.byte	64
0000047d 01             1051 	.byte	1
0000047e 07             1052 	.byte	7
0000047f 00000000*      1053 	.word	.LDW_4b605f8
00000483 01             1054 	.byte	1
00000484 01             1055 	.byte	1
                        1056 
                        1057 .LDW_4b9e4c8:
00000485 05             1058 	.byte	5
00000486 504942433900   1059 	.strz	"PIBC9"
0000048c 41             1060 	.byte	65
0000048d 01             1061 	.byte	1
0000048e 07             1062 	.byte	7
0000048f 00000000*      1063 	.word	.LDW_4b605f8
00000493 01             1064 	.byte	1
00000494 01             1065 	.byte	1
                        1066 
                        1067 .LDW_4b9e2b8:
00000495 05             1068 	.byte	5
00000496 504942433130   1069 	.strz	"PIBC10"
0000049c 00 
0000049d 42             1070 	.byte	66
0000049e 01             1071 	.byte	1
0000049f 07             1072 	.byte	7
000004a0 00000000*      1073 	.word	.LDW_4b605f8
000004a4 01             1074 	.byte	1
000004a5 01             1075 	.byte	1
                        1076 
                        1077 .LDW_4b9e788:
000004a6 04             1078 	.byte	4
000004a7 4366674d6361   1079 	.strz	"CfgMcalDio_castListPins"
000004ad 6c44696f5f63 
000004b3 6173744c6973 
000004b9 7450696e7300 
000004bf 36             1080 	.byte	54
000004c0 30             1081 	.byte	48

                                                                      Page 21
                                                              C:\Users\nhuliyap\AppData\Local\Temp\gh_0000cr41.s
000004c1 01             1082 	.byte	1
000004c2 00000000*      1083 	.word	.LDW_4b9ee70
000004c6 01             1084 	.byte	1
000004c7 00             1085 	.byte	0
000004c8 0503           1086 	.byte	5,3
000004ca 00000000*      1087 	.word	_CfgMcalDio_castListPins
                        1088 
                        1089 	.section	.debug_abbrev
000000b3 04             1090 	.byte	4
000000b4 34             1091 	.byte	52
000000b5 00             1092 	.byte	0
000000b6 0308           1093 	.byte	3,8
000000b8 3b0f           1094 	.byte	59,15
000000ba 390f           1095 	.byte	57,15
000000bc 3a0f           1096 	.byte	58,15
000000be 4910           1097 	.byte	73,16
000000c0 3f0c           1098 	.byte	63,12
000000c2 3c0c           1099 	.byte	60,12
000000c4 020a           1100 	.byte	2,10
000000c6 0000           1101 	.byte	0,0
                        1102 
                        1103 	.section	.debug_info
000004ce 00             1104 	.byte	0
                        1105 
                        1106 	.section	.debug_line
                        1107 .Ldw_line_end:
                        1108 	.section	.debug_macinfo
00000000 01             1109 	.byte	1
00000001 00             1110 	.byte	0
00000002 5f5f6768735f   1111 	.strz	"__ghs__ 1"
00000008 5f203100 
0000000c 01             1112 	.byte	1
0000000d 00             1113 	.byte	0
0000000e 5f5f4c4c4f4e   1114 	.strz	"__LLONG_BIT 64"
00000014 475f42495420 
0000001a 363400 
0000001d 03             1115 	.byte	3
0000001e 00             1116 	.byte	0
0000001f 01             1117 	.byte	1
00000020 03             1118 	.byte	3
00000021 1a             1119 	.byte	26
00000022 02             1120 	.byte	2
00000023 03             1121 	.byte	3
00000024 1c             1122 	.byte	28
00000025 03             1123 	.byte	3
00000026 04             1124 	.byte	4
00000027 03             1125 	.byte	3
00000028 1d             1126 	.byte	29
00000029 04             1127 	.byte	4
0000002a 03             1128 	.byte	3
0000002b 1b             1129 	.byte	27
0000002c 05             1130 	.byte	5
0000002d 03             1131 	.byte	3
0000002e 54             1132 	.byte	84
0000002f 06             1133 	.byte	6
00000030 04             1134 	.byte	4
00000031 04             1135 	.byte	4
00000032 01             1136 	.byte	1
00000033 3d             1137 	.byte	61
00000034 434f4e535428   1138 	.strz	"CONST(type,memclass) const type"
0000003a 747970652c6d 

                                                                      Page 22
                                                              C:\Users\nhuliyap\AppData\Local\Temp\gh_0000cr41.s
00000040 656d636c6173 
00000046 732920636f6e 
0000004c 737420747970 
00000052 6500 
00000054 04             1139 	.byte	4
00000055 04             1140 	.byte	4
00000056 03             1141 	.byte	3
00000057 1c             1142 	.byte	28
00000058 07             1143 	.byte	7
00000059 03             1144 	.byte	3
0000005a 1b             1145 	.byte	27
0000005b 08             1146 	.byte	8
0000005c 01             1147 	.byte	1
0000005d 25             1148 	.byte	37
0000005e 505241474d41   1149 	.strz	"PRAGMA(x) _Pragma(#x)"
00000064 287829205f50 
0000006a 7261676d6128 
00000070 23782900 
00000074 01             1150 	.byte	1
00000075 26             1151 	.byte	38
00000076 5f5f52454144   1152 	.strz	"__READ volatile const"
0000007c 20766f6c6174 
00000082 696c6520636f 
00000088 6e737400 
0000008c 01             1153 	.byte	1
0000008d 28             1154 	.byte	40
0000008e 5f5f52454144   1155 	.strz	"__READ_WRITE volatile"
00000094 5f5752495445 
0000009a 20766f6c6174 
000000a0 696c6500 
000000a4 01             1156 	.byte	1
000000a5 2a             1157 	.byte	42
000000a6 5f5f494f5245   1158 	.strz	"__IOREG(reg,addr,attrib,type) PRAGMA(ghs io reg addr) extern attrib type reg;"
000000ac 47287265672c 
000000b2 616464722c61 
000000b8 74747269622c 
000000be 747970652920 
000000c4 505241474d41 
000000ca 286768732069 
000000d0 6f2072656720 
000000d6 616464722920 
000000dc 65787465726e 
000000e2 206174747269 
000000e8 622074797065 
000000ee 207265673b00 
000000f4 04             1159 	.byte	4
000000f5 04             1160 	.byte	4
000000f6 03             1161 	.byte	3
000000f7 1d             1162 	.byte	29
000000f8 09             1163 	.byte	9
000000f9 03             1164 	.byte	3
000000fa 1b             1165 	.byte	27
000000fb 0a             1166 	.byte	10
000000fc 04             1167 	.byte	4
000000fd 04             1168 	.byte	4
000000fe 04             1169 	.byte	4
000000ff 00             1170 	.byte	0
                        1171 	.section	.debug_abbrev
000000c8 00             1172 	.byte	0
                        1173 	.section	.debug_info
                        1174 .Ldw_end:

                                                                      Page 23
                                                              C:\Users\nhuliyap\AppData\Local\Temp\gh_0000cr41.s
                        1175 .rh850_flags REGMODE32,DATA_ALIGN8,GP_FIX,EP_NONFIX,TP_FIX,REG2_RESERVE,G3K,GHS_MISALIGN,SDA_EXTRA_REGS_0
