                                                                      Page 1
                                                              C:\Users\nhuliyap\AppData\Local\Temp\gh_00004n01.s
Command Line: C:\ghs\comp_201517\ease850.exe -w -elf -b0 -I../source/common -I../source/ProjectCompiler -I../source/ProjectCfg -I../source/SwcApplTpms -I../source/SwcApplEcuM -I../source/SwcServiceBswM -I../source/SwcServiceEcuM -I../source/SwcServiceNvM -I../source/SwcServiceOs -I../source/SwcServiceStartUp -I../source/McalAdc -I../source/McalDio -I../source/McalGpt -I../source/McalMcu -I../source/McalWdg -I../source/wrappers -I../source/wrappers/McalAta -I../source/McalLin -I../source/McalCan -I../source/wrappers/OS -I../source/McalFls -I../source/EcuabFee -I../source/EcuabMemIf -I../source/wrappers/VStdLib -I../source/wrappers/Crc -I../source/wrappers/FBL_APPL -I../source/wrappers/NVM_MANAGER -I../source/wrappers/DEM_MANAGER -I../source/wrappers/RDC_MANAGER -I../source/wrappers/ENV_MANAGER -I../source/wrappers/SYS_MANAGER -I../source/wrappers/EcuabCanIf -I../source/EcuabCanTrcv -I../source/wrappers/SwcServiceCanSM -I../source/wrappers/SwcServiceCanTp -I../source/wrappers/SwcServiceCanTp_PreCompile -I../source/wrappers/SwcServiceCom -I../source/wrappers/SwcServiceComM -I../source/wrappers/SwcServiceDcm -I../source/wrappers/SwcServicePduR -I../source/wrappers/SwcServiceEcuM -I../source/wrappers/Bfx -I../source/wrappers/SwcServiceDem -I../source/SwcServiceCom -I../source/SwcServiceDet -I../source/SwcServiceFiM -I../source/SwcServicePduR -I../source/SwcServiceSchM -I../source/wrappers/LibAutosarDiag -I../source/wrappers/rba_BswSrv -IC:\ghs\comp_201517\lib\rh850 -cg_underscore -cpu=rh850g3k -no_v850_simd -rh850_fpsimd=none -nomacro -patch_dbo=C:\_ECU2\ECU_Rivian_A1\Target\repo_projects\pRealEcu\cR_R2023.09.15\make\output\objects\Crc.dbo -source=Crc.c -o output\objects\gh_00004n01.o -list=output\list\Crc.lst C:\Users\nhuliyap\AppData\Local\Temp\gh_00004n01.s 
Original File: C:\Users\nhuliyap\AppData\Local\Temp\gh_00004n01.s
Source File: Crc.c
Directory: C:\_ECU2\ECU_Rivian_A1\Target\repo_projects\pRealEcu\cR_R2023.09.15\make
Host OS: Windows
EASE: Copyright (C) 1983-2015 Green Hills Software.  All Rights Reserved.
Release: Compiler v2015.1.7
Build Directory: [Directory] BTOWORKER6:c:/build_2015_1_bto/2015-10-21.2100-2015_1_bto/win32-comp-ecom
Revision: [VCInfo] http://toolsvc/branches/release-branch-70-bto/src@544153 (built by build)
Revision Date: Thu Oct 22 07:50:13 2015

Release Date: Thu Oct 22 09:32:32 2015

                           1 --Driver Command: ccv850 ../source/wrappers/Crc/Crc.c -cpu=rh850 -fhard
                           2 --		-ignore_callt_state_in_interrupts -large_sda -misalign_pack
                           3 --		-nofarcalls -nofloatio -no_callt -Ogeneral -Onounroll
                           4 --		-prepare_dispose -registermode=32 -reserve_r2 -sda=0
                           5 --		-shorten_loads -Wshadow --brief_diagnostics --no_commons
                           6 --		--no_wrap_diagnostics --prototype_errors --short_enum -list -G
                           7 --		-dual_debug -dwarf -X5523 -lnk=-no_xda_modifications -D
                           8 --		NOT_READY_FOR_TESTING_OR_DEPLOYMENT -D IBTCM_SW_ANPASSUNGEN -D
                           9 --		BUILD_RIVIAN -c -inline_prologue -I../source/common
                          10 --		-I../source/ProjectCompiler -I../source/ProjectCfg
                          11 --		-I../source/SwcApplTpms -I../source/SwcApplEcuM
                          12 --		-I../source/SwcServiceBswM -I../source/SwcServiceEcuM
                          13 --		-I../source/SwcServiceNvM -I../source/SwcServiceOs
                          14 --		-I../source/SwcServiceStartUp -I../source/McalAdc
                          15 --		-I../source/McalDio -I../source/McalGpt -I../source/McalMcu
                          16 --		-I../source/McalWdg -I../source/wrappers
                          17 --		-I../source/wrappers/McalAta -I../source/McalLin
                          18 --		-I../source/McalCan -I../source/wrappers/OS -I../source/McalFls
                          19 --		-I../source/EcuabFee -I../source/EcuabMemIf
                          20 --		-I../source/wrappers/VStdLib -I../source/wrappers
                          21 --		-I../source/wrappers/Crc -I../source/wrappers/FBL_APPL
                          22 --		-I../source/wrappers/NVM_MANAGER -I../source/wrappers/DEM_MANAGER
                          23 --		-I../source/wrappers/RDC_MANAGER -I../source/wrappers/ENV_MANAGER
                          24 --		-I../source/wrappers/SYS_MANAGER -I../source/wrappers/EcuabCanIf
                          25 --		-I../source/EcuabCanTrcv -I../source/wrappers/SwcServiceCanSM
                          26 --		-I../source/wrappers/SwcServiceCanTp
                          27 --		-I../source/wrappers/SwcServiceCanTp_PreCompile
                          28 --		-I../source/wrappers/SwcServiceCom
                          29 --		-I../source/wrappers/SwcServiceComM
                          30 --		-I../source/wrappers/SwcServiceDcm
                          31 --		-I../source/wrappers/SwcServicePduR
                          32 --		-I../source/wrappers/SwcServiceEcuM -I../source/wrappers/Bfx
                          33 --		-I../source/wrappers/SwcServiceDem -I../source/SwcServiceCom
                          34 --		-I../source/SwcServiceDet -I../source/SwcServiceFiM
                          35 --		-I../source/SwcServicePduR -I../source/SwcServiceSchM
                          36 --		-I../source/wrappers/LibAutosarDiag
                          37 --		-I../source/wrappers/rba_BswSrv -object_dir=output/objects
                          38 --		-list_dir=output/list
                          39 --Source File:   ../source/wrappers/Crc/Crc.c
                          40 --Directory:     
                          41 --		C:\_ECU2\ECU_Rivian_A1\Target\repo_projects\pRealEcu\cR_R2023.09.15\make
                          42 --Compile Date:  Fri Sep 15 15:24:50 2023
                          43 --Host OS:       Win32
                          44 --Version:       C-RH850 2015.1.7 RELEASE VERSION
                          45 --Release:       Compiler v2015.1.7
                          46 --Revision Date: Thu Oct 22 08:06:12 2015
                          47 --Release Date:  Thu Oct 22 09:34:32 2015
                          48 -- ecom  -g -w -OM
                          49 	.text
                          50 ..bof.C.3A.5C_ECU2.5CECU_Rivian_A1.5CTarget.5Crepo_projects.5CpRealEcu.5CcR_R2023.2E09.2E15.5Cmake.5Coutput.5Cobjects.5CCrc...43.3A.5C_ECU2.5CECU_Rivian_A1.5CTarget.5Crepo_projects.5CpRealEcu.5CcR_R2023.2E09.2E15.5Cmake..65045B22..0::

                                                                      Page 2
                                                              C:\Users\nhuliyap\AppData\Local\Temp\gh_00004n01.s
                          51 	.align	2
                          52 ..gh.f.f.1.e.0:
                          53 	.type	..gh.f.f.1.e.0,@object
                          54 	.size	..gh.f.f.1.e.0,0
                          55 	.global	_Crc_GetVersionInfo
                          56 _Crc_GetVersionInfo:
00000000 06f0             57 	mov	r6,ep
                          58 --	    .bf
                          59 .LDW01:
00000002 0692             60 	mov	6,r18
00000004 208ec900         61 	movea	201,zero,r17
00000008 0282             62 	mov	2,r16
0000000a 8094             63 	sst.h	r18,0[ep]
0000000c 818c             64 	sst.h	r17,2[ep]
0000000e 8483             65 	sst.b	r16,4[ep]
00000010 8503             66 	sst.b	zero,5[ep]
00000012 8603             67 	sst.b	zero,6[ep]
                          68 --	    .ef
                          69 .LDW11:
00000014 7f00             70 	jmp	[lp]
                          71 	.global	___ghs_eofn_Crc_GetVersionInfo
                          72 ___ghs_eofn_Crc_GetVersionInfo:
                          73 	.type	_Crc_GetVersionInfo,@function
                          74 	.size	_Crc_GetVersionInfo,.-_Crc_GetVersionInfo
                          75 	.align	2
                          76 
                          77 --_VersionInfo	ep	param
                          78 
                          79 	.section ".bss","awb"
                          80 .L33:
                          81 	.type	.L33,@object
                          82 	.size	.L33,0
                          83 	.data
                          84 	.text
                          85 	.align	2
                          86 
                          87 	.data
                          88 	.ghsnote version,17
                          89 	.ghsnote tools,3
                          90 	.ghsnote options,144
                          91 	.text
                          92 	.align	2
                          93 ..eof.C.3A.5C_ECU2.5CECU_Rivian_A1.5CTarget.5Crepo_projects.5CpRealEcu.5CcR_R2023.2E09.2E15.5Cmake.5Coutput.5Cobjects.5CCrc...43.3A.5C_ECU2.5CECU_Rivian_A1.5CTarget.5Crepo_projects.5CpRealEcu.5CcR_R2023.2E09.2E15.5Cmake..65045B22..0::
                          94 	.section	.debug_info
                          95 .Ldw_begin:
00000000 dd010000         96 	.word	.Ldw_end-.Ldw_begin-4
00000004 0200             97 	.byte	2,0
00000006 00000000*        98 	.word	.Ldw_abbr_begin
0000000a 04               99 	.byte	4
                         100 	.section	.debug_abbrev
                         101 .Ldw_abbr_begin:
                         102 	.section	.debug_info
0000000b 01              103 	.byte	1
0000000c 00000000*       104 	.word	..bof.C.3A.5C_ECU2.5CECU_Rivian_A1.5CTarget.5Crepo_projects.5CpRealEcu.5CcR_R2023.2E09.2E15.5Cmake.5Coutput.5Cobjects.5CCrc...43.3A.5C_ECU2.5CECU_Rivian_A1.5CTarget.5Crepo_projects.5CpRealEcu.5CcR_R2023.2E09.2E15.5Cmake..65045B22..0
00000010 00000000*       105 	.word	..eof.C.3A.5C_ECU2.5CECU_Rivian_A1.5CTarget.5Crepo_projects.5CpRealEcu.5CcR_R2023.2E09.2E15.5Cmake.5Coutput.5Cobjects.5CCrc...43.3A.5C_ECU2.5CECU_Rivian_A1.5CTarget.5Crepo_projects.5CpRealEcu.5CcR_R2023.2E09.2E15.5Cmake..65045B22..0
00000014 2e2e2f736f75    106 	.strz	"../source/wrappers/Crc/Crc.c"
0000001a 7263652f7772 
00000020 617070657273 
00000026 2f4372632f43 
0000002c 72632e6300 
00000031 433a5c5f4543    107 	.strz	"C:\\_ECU2\\ECU_Rivian_A1\\Target\\repo_projects\\pRealEcu\\cR_R2023.09.15\\make"

                                                                      Page 3
                                                              C:\Users\nhuliyap\AppData\Local\Temp\gh_00004n01.s
00000037 55325c454355 
0000003d 5f5269766961 
00000043 6e5f41315c54 
00000049 61726765745c 
0000004f 7265706f5f70 
00000055 726f6a656374 
0000005b 735c70526561 
00000061 6c4563755c63 
00000067 525f52323032 
0000006d 332e30392e31 
00000073 355c6d616b65 
00000079 00 
0000007a 474853204320    108 	.strz	"GHS C 2015.1.7 [dual]"
00000080 323031352e31 
00000086 2e37205b6475 
0000008c 616c5d00 
00000090 0100            109 	.byte	1,0
00000092 00000000*       110 	.word	.Ldw_line_begin
00000096 00000000*       111 	.word	.Ldw_macinfo_begin
0000009a 00              112 	.byte	0
                         113 
                         114 	.section	.debug_abbrev
00000000 01              115 	.byte	1
00000001 11              116 	.byte	17
00000002 01              117 	.byte	1
00000003 1101            118 	.byte	17,1
00000005 1201            119 	.byte	18,1
00000007 0308            120 	.byte	3,8
00000009 1b08            121 	.byte	27,8
0000000b 2508            122 	.byte	37,8
0000000d 1305            123 	.byte	19,5
0000000f 1006            124 	.byte	16,6
00000011 4306            125 	.byte	67,6
00000013 420b            126 	.byte	66,11
00000015 0000            127 	.byte	0,0
                         128 
                         129 	.section	.debug_line
                         130 .Ldw_line_begin:
00000000 5e020000        131 	.word	.Ldw_line_end-.Ldw_line_begin-4
00000004 0200            132 	.byte	2,0
00000006 00000000*       133 	.word	.Ldw_lpro_end-.Ldw_lpro_begin
                         134 .Ldw_lpro_begin:
0000000a 01              135 	.byte	1
0000000b 00              136 	.byte	0
0000000c 00              137 	.byte	0
0000000d 04              138 	.byte	4
0000000e 0a              139 	.byte	10
0000000f 000101          140 	.byte	0,1,1
00000012 010100          141 	.byte	1,1,0
00000015 000001          142 	.byte	0,0,1
00000018 00              143 	.byte	0
00000019 2e2e2f736f75    144 	.strz	"../source/wrappers/Crc/Crc.c"
0000001f 7263652f7772 
00000025 617070657273 
0000002b 2f4372632f43 
00000031 72632e6300 
00000036 000000          145 	.byte	0,0,0
00000039 2e2e2f736f75    146 	.strz	"../source/common/Std_Types.hpp"
0000003f 7263652f636f 
00000045 6d6d6f6e2f53 
0000004b 74645f547970 

                                                                      Page 4
                                                              C:\Users\nhuliyap\AppData\Local\Temp\gh_00004n01.s
00000051 65732e687070 
00000057 00 
00000058 000000          147 	.byte	0,0,0
0000005b 2e2e2f736f75    148 	.strz	"../source/common/Platform_Types.hpp"
00000061 7263652f636f 
00000067 6d6d6f6e2f50 
0000006d 6c6174666f72 
00000073 6d5f54797065 
00000079 732e68707000 
0000007f 000000          149 	.byte	0,0,0
00000082 2e2e2f736f75    150 	.strz	"../source/common/Compiler.hpp"
00000088 7263652f636f 
0000008e 6d6d6f6e2f43 
00000094 6f6d70696c65 
0000009a 722e68707000 
000000a0 000000          151 	.byte	0,0,0
000000a3 2e2e2f736f75    152 	.strz	"../source/ProjectCompiler/Compiler_Cfg.hpp"
000000a9 7263652f5072 
000000af 6f6a65637443 
000000b5 6f6d70696c65 
000000bb 722f436f6d70 
000000c1 696c65725f43 
000000c7 66672e687070 
000000cd 00 
000000ce 000000          153 	.byte	0,0,0
000000d1 2e2e2f736f75    154 	.strz	"../source/ProjectCompiler/CompilerCfg_SwcServiceOs.hpp"
000000d7 7263652f5072 
000000dd 6f6a65637443 
000000e3 6f6d70696c65 
000000e9 722f436f6d70 
000000ef 696c65724366 
000000f5 675f53776353 
000000fb 657276696365 
00000101 4f732e687070 
00000107 00 
00000108 000000          155 	.byte	0,0,0
0000010b 2e2e2f736f75    156 	.strz	"../source/wrappers/Crc/Crc.hpp"
00000111 7263652f7772 
00000117 617070657273 
0000011d 2f4372632f43 
00000123 72632e687070 
00000129 00 
0000012a 000000          157 	.byte	0,0,0
0000012d 2e2e2f736f75    158 	.strz	"../source/ProjectCfg/Crc_Cfg.hpp"
00000133 7263652f5072 
00000139 6f6a65637443 
0000013f 66672f437263 
00000145 5f4366672e68 
0000014b 707000 
0000014e 000000          159 	.byte	0,0,0
00000151 2e2e2f736f75    160 	.strz	"../source/wrappers/Crc/Crc_16.hpp"
00000157 7263652f7772 
0000015d 617070657273 
00000163 2f4372632f43 
00000169 72635f31362e 
0000016f 68707000 
00000173 000000          161 	.byte	0,0,0
00000176 2e2e2f736f75    162 	.strz	"../source/ProjectCompiler/Crc_MemMap.hpp"
0000017c 7263652f5072 
00000182 6f6a65637443 
00000188 6f6d70696c65 

                                                                      Page 5
                                                              C:\Users\nhuliyap\AppData\Local\Temp\gh_00004n01.s
0000018e 722f4372635f 
00000194 4d656d4d6170 
0000019a 2e68707000 
0000019f 000000          163 	.byte	0,0,0
000001a2 2e2e2f736f75    164 	.strz	"../source/ProjectCompiler/Bsw_MemMap.hpp"
000001a8 7263652f5072 
000001ae 6f6a65637443 
000001b4 6f6d70696c65 
000001ba 722f4273775f 
000001c0 4d656d4d6170 
000001c6 2e68707000 
000001cb 000000          165 	.byte	0,0,0
000001ce 2e2e2f736f75    166 	.strz	"../source/ProjectCompiler/MemMap_Common.hpp"
000001d4 7263652f5072 
000001da 6f6a65637443 
000001e0 6f6d70696c65 
000001e6 722f4d656d4d 
000001ec 61705f436f6d 
000001f2 6d6f6e2e6870 
000001f8 7000 
000001fa 000000          167 	.byte	0,0,0
000001fd 2e2e2f736f75    168 	.strz	"../source/wrappers/Crc/Crc_32.hpp"
00000203 7263652f7772 
00000209 617070657273 
0000020f 2f4372632f43 
00000215 72635f33322e 
0000021b 68707000 
0000021f 000000          169 	.byte	0,0,0
00000222 2e2e2f736f75    170 	.strz	"../source/wrappers/Crc/Crc_32P4.hpp"
00000228 7263652f7772 
0000022e 617070657273 
00000234 2f4372632f43 
0000023a 72635f333250 
00000240 342e68707000 
00000246 000000          171 	.byte	0,0,0
00000249 00              172 	.byte	0
                         173 .Ldw_lpro_end:
                         174 	.section	.debug_macinfo
                         175 .Ldw_macinfo_begin:
                         176 	.section	.debug_frame
                         177 .LDW_4bfb828:
00000000 00000000*       178 	.word	.LDW_unq_2-.LDW_unq_1
                         179 .LDW_unq_1:
00000004 ffffffff        180 	.byte	255,255,255,255
00000008 01              181 	.byte	1
00000009 00              182 	.byte	0
0000000a 01              183 	.byte	1
0000000b 01              184 	.byte	1
0000000c 1f              185 	.byte	31
0000000d 0c              186 	.byte	12
0000000e 03              187 	.byte	3
0000000f 00              188 	.byte	0
00000010 07              189 	.byte	7
00000011 00              190 	.byte	0
00000012 07              191 	.byte	7
00000013 01              192 	.byte	1
00000014 07              193 	.byte	7
00000015 02              194 	.byte	2
00000016 07              195 	.byte	7
00000017 03              196 	.byte	3
00000018 07              197 	.byte	7

                                                                      Page 6
                                                              C:\Users\nhuliyap\AppData\Local\Temp\gh_00004n01.s
00000019 04              198 	.byte	4
0000001a 07              199 	.byte	7
0000001b 05              200 	.byte	5
0000001c 07              201 	.byte	7
0000001d 06              202 	.byte	6
0000001e 07              203 	.byte	7
0000001f 07              204 	.byte	7
00000020 07              205 	.byte	7
00000021 08              206 	.byte	8
00000022 07              207 	.byte	7
00000023 09              208 	.byte	9
00000024 07              209 	.byte	7
00000025 0a              210 	.byte	10
00000026 07              211 	.byte	7
00000027 0b              212 	.byte	11
00000028 07              213 	.byte	7
00000029 0c              214 	.byte	12
0000002a 07              215 	.byte	7
0000002b 0d              216 	.byte	13
0000002c 07              217 	.byte	7
0000002d 0e              218 	.byte	14
0000002e 07              219 	.byte	7
0000002f 0f              220 	.byte	15
00000030 07              221 	.byte	7
00000031 10              222 	.byte	16
00000032 07              223 	.byte	7
00000033 11              224 	.byte	17
00000034 07              225 	.byte	7
00000035 12              226 	.byte	18
00000036 07              227 	.byte	7
00000037 13              228 	.byte	19
00000038 08              229 	.byte	8
00000039 14              230 	.byte	20
0000003a 08              231 	.byte	8
0000003b 15              232 	.byte	21
0000003c 08              233 	.byte	8
0000003d 16              234 	.byte	22
0000003e 08              235 	.byte	8
0000003f 17              236 	.byte	23
00000040 08              237 	.byte	8
00000041 18              238 	.byte	24
00000042 08              239 	.byte	8
00000043 19              240 	.byte	25
00000044 08              241 	.byte	8
00000045 1a              242 	.byte	26
00000046 08              243 	.byte	8
00000047 1b              244 	.byte	27
00000048 08              245 	.byte	8
00000049 1c              246 	.byte	28
0000004a 08              247 	.byte	8
0000004b 1d              248 	.byte	29
0000004c 07              249 	.byte	7
0000004d 1e              250 	.byte	30
0000004e 08              251 	.byte	8
0000004f 1f              252 	.byte	31
00000050 07              253 	.byte	7
00000051 20              254 	.byte	32
00000052 07              255 	.byte	7
00000053 21              256 	.byte	33
00000054 07              257 	.byte	7
00000055 22              258 	.byte	34

                                                                      Page 7
                                                              C:\Users\nhuliyap\AppData\Local\Temp\gh_00004n01.s
00000056 07              259 	.byte	7
00000057 23              260 	.byte	35
00000058 07              261 	.byte	7
00000059 24              262 	.byte	36
0000005a 07              263 	.byte	7
0000005b 25              264 	.byte	37
0000005c 07              265 	.byte	7
0000005d 26              266 	.byte	38
0000005e 07              267 	.byte	7
0000005f 27              268 	.byte	39
00000060 07              269 	.byte	7
00000061 28              270 	.byte	40
00000062 07              271 	.byte	7
00000063 29              272 	.byte	41
00000064 07              273 	.byte	7
00000065 2a              274 	.byte	42
00000066 07              275 	.byte	7
00000067 2b              276 	.byte	43
00000068 07              277 	.byte	7
00000069 2c              278 	.byte	44
0000006a 07              279 	.byte	7
0000006b 2d              280 	.byte	45
0000006c 07              281 	.byte	7
0000006d 2e              282 	.byte	46
0000006e 07              283 	.byte	7
0000006f 2f              284 	.byte	47
00000070 07              285 	.byte	7
00000071 30              286 	.byte	48
00000072 07              287 	.byte	7
00000073 31              288 	.byte	49
00000074 07              289 	.byte	7
00000075 32              290 	.byte	50
00000076 07              291 	.byte	7
00000077 33              292 	.byte	51
00000078 07              293 	.byte	7
00000079 34              294 	.byte	52
0000007a 07              295 	.byte	7
0000007b 35              296 	.byte	53
0000007c 07              297 	.byte	7
0000007d 36              298 	.byte	54
0000007e 07              299 	.byte	7
0000007f 37              300 	.byte	55
00000080 07              301 	.byte	7
00000081 38              302 	.byte	56
00000082 07              303 	.byte	7
00000083 39              304 	.byte	57
00000084 07              305 	.byte	7
00000085 3a              306 	.byte	58
00000086 07              307 	.byte	7
00000087 3b              308 	.byte	59
00000088 07              309 	.byte	7
00000089 3c              310 	.byte	60
0000008a 07              311 	.byte	7
0000008b 3d              312 	.byte	61
0000008c 07              313 	.byte	7
0000008d 3e              314 	.byte	62
0000008e 07              315 	.byte	7
0000008f 3f              316 	.byte	63
                         317 .LDW_unq_2:
                         318 	.section	.debug_info
                         319 .LDW_4836b00:

                                                                      Page 8
                                                              C:\Users\nhuliyap\AppData\Local\Temp\gh_00004n01.s
0000009b 2f              320 	.byte	47
0000009c 00000000*       321 	.word	.LDW_487eda0
                         322 
                         323 	.section	.debug_abbrev
00000017 2f              324 	.byte	47
00000018 0f              325 	.byte	15
00000019 00              326 	.byte	0
0000001a 4910            327 	.byte	73,16
0000001c 0000            328 	.byte	0,0
                         329 
                         330 	.section	.debug_info
                         331 .LDW_487edf8:
000000a0 29              332 	.byte	41
000000a1 00000000*       333 	.word	.LDW_4836b00
                         334 
                         335 	.section	.debug_abbrev
0000001e 29              336 	.byte	41
0000001f 26              337 	.byte	38
00000020 00              338 	.byte	0
00000021 4910            339 	.byte	73,16
00000023 0000            340 	.byte	0,0
                         341 
                         342 	.section	.debug_info
                         343 .LDW_48370b0:
000000a5 45              344 	.byte	69
000000a6 01              345 	.byte	1
                         346 
                         347 	.section	.debug_abbrev
00000025 45              348 	.byte	69
00000026 15              349 	.byte	21
00000027 01              350 	.byte	1
00000028 270c            351 	.byte	39,12
0000002a 0000            352 	.byte	0,0
                         353 
                         354 	.section	.debug_info
                         355 .LDW_4831578:
000000a7 12              356 	.byte	18
000000a8 00000000*       357 	.word	.LDW_487edf8
000000ac 00              358 	.byte	0
                         359 
                         360 	.section	.debug_abbrev
0000002c 12              361 	.byte	18
0000002d 05              362 	.byte	5
0000002e 00              363 	.byte	0
0000002f 4910            364 	.byte	73,16
00000031 4b0c            365 	.byte	75,12
00000033 0000            366 	.byte	0,0
                         367 
                         368 	.section	.debug_info
000000ad 00              369 	.byte	0
                         370 
                         371 .LDW_4836a58:
000000ae 25              372 	.byte	37
000000af 756e7369676e    373 	.strz	"unsigned char"
000000b5 656420636861 
000000bb 7200 
000000bd 08              374 	.byte	8
000000be 01              375 	.byte	1
                         376 
                         377 	.section	.debug_abbrev
00000035 25              378 	.byte	37

                                                                      Page 9
                                                              C:\Users\nhuliyap\AppData\Local\Temp\gh_00004n01.s
00000036 24              379 	.byte	36
00000037 00              380 	.byte	0
00000038 0308            381 	.byte	3,8
0000003a 3e0b            382 	.byte	62,11
0000003c 0b0b            383 	.byte	11,11
0000003e 0000            384 	.byte	0,0
                         385 
                         386 	.section	.debug_info
                         387 .LDW_4836f98:
000000bf 25              388 	.byte	37
000000c0 756e7369676e    389 	.strz	"unsigned short"
000000c6 65642073686f 
000000cc 727400 
000000cf 07              390 	.byte	7
000000d0 02              391 	.byte	2
                         392 
                         393 .LDW_4bb00a8:
000000d1 28              394 	.byte	40
000000d2 75696e743800    395 	.strz	"uint8"
000000d8 50              396 	.byte	80
000000d9 4b              397 	.byte	75
000000da 03              398 	.byte	3
000000db 00000000*       399 	.word	.LDW_4836a58
                         400 
                         401 	.section	.debug_abbrev
00000040 28              402 	.byte	40
00000041 16              403 	.byte	22
00000042 00              404 	.byte	0
00000043 0308            405 	.byte	3,8
00000045 3b0f            406 	.byte	59,15
00000047 390f            407 	.byte	57,15
00000049 3a0f            408 	.byte	58,15
0000004b 4910            409 	.byte	73,16
0000004d 0000            410 	.byte	0,0
                         411 
                         412 	.section	.debug_info
                         413 .LDW_4bb0158:
000000df 28              414 	.byte	40
000000e0 75696e743136    415 	.strz	"uint16"
000000e6 00 
000000e7 52              416 	.byte	82
000000e8 4a              417 	.byte	74
000000e9 03              418 	.byte	3
000000ea 00000000*       419 	.word	.LDW_4836f98
                         420 
                         421 .LDW_484ba50:
000000ee 41              422 	.byte	65
000000ef 50              423 	.byte	80
000000f0 0f              424 	.byte	15
000000f1 02              425 	.byte	2
000000f2 08              426 	.byte	8
000000f3 01              427 	.byte	1
                         428 
                         429 	.section	.debug_abbrev
0000004f 41              430 	.byte	65
00000050 13              431 	.byte	19
00000051 01              432 	.byte	1
00000052 3b0f            433 	.byte	59,15
00000054 390f            434 	.byte	57,15
00000056 3a0f            435 	.byte	58,15
00000058 0b0f            436 	.byte	11,15

                                                                      Page 10
                                                              C:\Users\nhuliyap\AppData\Local\Temp\gh_00004n01.s
0000005a 320b            437 	.byte	50,11
0000005c 0000            438 	.byte	0,0
                         439 
                         440 	.section	.debug_info
                         441 .LDW_487e728:
000000f4 23              442 	.byte	35
000000f5 76656e646f72    443 	.strz	"vendorID"
000000fb 494400 
000000fe 51              444 	.byte	81
000000ff 0b              445 	.byte	11
00000100 02              446 	.byte	2
00000101 00000000*       447 	.word	.LDW_4bb0158
00000105 0223            448 	.byte	2,35
00000107 00              449 	.byte	0
00000108 01              450 	.byte	1
                         451 
                         452 	.section	.debug_abbrev
0000005e 23              453 	.byte	35
0000005f 0d              454 	.byte	13
00000060 00              455 	.byte	0
00000061 0308            456 	.byte	3,8
00000063 3b0f            457 	.byte	59,15
00000065 390f            458 	.byte	57,15
00000067 3a0f            459 	.byte	58,15
00000069 4910            460 	.byte	73,16
0000006b 380a            461 	.byte	56,10
0000006d 320b            462 	.byte	50,11
0000006f 0000            463 	.byte	0,0
                         464 
                         465 	.section	.debug_info
                         466 .LDW_487e7b8:
00000109 23              467 	.byte	35
0000010a 6d6f64756c65    468 	.strz	"moduleID"
00000110 494400 
00000113 52              469 	.byte	82
00000114 0b              470 	.byte	11
00000115 02              471 	.byte	2
00000116 00000000*       472 	.word	.LDW_4bb0158
0000011a 0223            473 	.byte	2,35
0000011c 02              474 	.byte	2
0000011d 01              475 	.byte	1
                         476 
                         477 .LDW_487d920:
0000011e 23              478 	.byte	35
0000011f 73775f6d616a    479 	.strz	"sw_major_version"
00000125 6f725f766572 
0000012b 73696f6e00 
00000130 53              480 	.byte	83
00000131 0b              481 	.byte	11
00000132 02              482 	.byte	2
00000133 00000000*       483 	.word	.LDW_4bb00a8
00000137 0223            484 	.byte	2,35
00000139 04              485 	.byte	4
0000013a 01              486 	.byte	1
                         487 
                         488 .LDW_487df98:
0000013b 23              489 	.byte	35
0000013c 73775f6d696e    490 	.strz	"sw_minor_version"
00000142 6f725f766572 
00000148 73696f6e00 
0000014d 54              491 	.byte	84

                                                                      Page 11
                                                              C:\Users\nhuliyap\AppData\Local\Temp\gh_00004n01.s
0000014e 0b              492 	.byte	11
0000014f 02              493 	.byte	2
00000150 00000000*       494 	.word	.LDW_4bb00a8
00000154 0223            495 	.byte	2,35
00000156 05              496 	.byte	5
00000157 01              497 	.byte	1
                         498 
                         499 .LDW_487dbf0:
00000158 23              500 	.byte	35
00000159 73775f706174    501 	.strz	"sw_patch_version"
0000015f 63685f766572 
00000165 73696f6e00 
0000016a 55              502 	.byte	85
0000016b 0b              503 	.byte	11
0000016c 02              504 	.byte	2
0000016d 00000000*       505 	.word	.LDW_4bb00a8
00000171 0223            506 	.byte	2,35
00000173 06              507 	.byte	6
00000174 01              508 	.byte	1
                         509 
00000175 00              510 	.byte	0
                         511 
                         512 .LDW_487eda0:
00000176 28              513 	.byte	40
00000177 5374645f5665    514 	.strz	"Std_VersionInfoType"
0000017d 7273696f6e49 
00000183 6e666f547970 
00000189 6500 
0000018b 56              515 	.byte	86
0000018c 02              516 	.byte	2
0000018d 02              517 	.byte	2
0000018e 00000000*       518 	.word	.LDW_484ba50
                         519 
                         520 .LDW_487ee50:
00000192 13              521 	.byte	19
00000193 4372635f4765    522 	.strz	"Crc_GetVersionInfo"
00000199 745665727369 
0000019f 6f6e496e666f 
000001a5 00 
000001a6 07              523 	.byte	7
000001a7 06              524 	.byte	6
000001a8 01              525 	.byte	1
000001a9 00000000*       526 	.word	_Crc_GetVersionInfo
000001ad 00000000*       527 	.word	___ghs_eofn_Crc_GetVersionInfo
000001b1 0153            528 	.byte	1,83
000001b3 02              529 	.byte	2
000001b4 00              530 	.byte	0
000001b5 02              531 	.byte	2
000001b6 00              532 	.byte	0
000001b7 00              533 	.byte	0
000001b8 00              534 	.byte	0
000001b9 00              535 	.byte	0
000001ba 01              536 	.byte	1
000001bb 01              537 	.byte	1
000001bc 00              538 	.byte	0
000001bd 01              539 	.byte	1
                         540 
                         541 	.section	.debug_abbrev
00000071 13              542 	.byte	19
00000072 2e              543 	.byte	46
00000073 01              544 	.byte	1

                                                                      Page 12
                                                              C:\Users\nhuliyap\AppData\Local\Temp\gh_00004n01.s
00000074 0308            545 	.byte	3,8
00000076 3b0f            546 	.byte	59,15
00000078 390f            547 	.byte	57,15
0000007a 3a0f            548 	.byte	58,15
0000007c 1101            549 	.byte	17,1
0000007e 1201            550 	.byte	18,1
00000080 400a            551 	.byte	64,10
00000082 8341            552 	.byte	131,65
00000084 0f              553 	.byte	15
00000085 8741            554 	.byte	135,65
00000087 0d              555 	.byte	13
00000088 8541            556 	.byte	133,65
0000008a 0f              557 	.byte	15
0000008b 8641            558 	.byte	134,65
0000008d 0d              559 	.byte	13
0000008e 9241            560 	.byte	146,65
00000090 0f              561 	.byte	15
00000091 3c0c            562 	.byte	60,12
00000093 200b            563 	.byte	32,11
00000095 3f0c            564 	.byte	63,12
00000097 320b            565 	.byte	50,11
00000099 4c0b            566 	.byte	76,11
0000009b 270c            567 	.byte	39,12
0000009d 0000            568 	.byte	0,0
                         569 
                         570 	.section	.debug_frame
                         571 .LDW_4862ae8:
00000090 00000000*       572 	.word	.LDW_unq_4-.LDW_unq_3
                         573 .LDW_unq_3:
00000094 00000000*       574 	.word	.LDW_4bfb828
00000098 00000000*       575 	.word	_Crc_GetVersionInfo
0000009c 00000000*       576 	.word	___ghs_eofn_Crc_GetVersionInfo-_Crc_GetVersionInfo
000000a0 01              577 	.byte	1
000000a1 00000000*       578 	.word	.LDW11
000000a5 00              579 	.byte	0
000000a6 00              580 	.byte	0
000000a7 00              581 	.byte	0
                         582 .LDW_unq_4:
                         583 	.section	.debug_line
0000024a 000502          584 	.byte	0,5,2
0000024d 00000000*       585 	.word	_Crc_GetVersionInfo
00000251 03              586 	.byte	3
00000252 07              587 	.byte	7
00000253 02              588 	.byte	2
00000254 00              589 	.byte	0
00000255 01              590 	.byte	1
00000256 06              591 	.byte	6
00000257 13              592 	.byte	19
00000258 13              593 	.byte	19
00000259 1b              594 	.byte	27
0000025a 2b              595 	.byte	43
0000025b 13              596 	.byte	19
0000025c 13              597 	.byte	19
0000025d 02              598 	.byte	2
0000025e 02              599 	.byte	2
0000025f 000101          600 	.byte	0,1,1
                         601 	.section	.debug_info
                         602 .LDW_487eee8:
000001be 0f              603 	.byte	15
000001bf 56657273696f    604 	.strz	"VersionInfo"
000001c5 6e496e666f00 

                                                                      Page 13
                                                              C:\Users\nhuliyap\AppData\Local\Temp\gh_00004n01.s
000001cb 07              605 	.byte	7
000001cc 35              606 	.byte	53
000001cd 01              607 	.byte	1
000001ce 00000000*       608 	.word	.LDW_487edf8
000001d2 00              609 	.byte	0
000001d3 016e            610 	.byte	1,110
                         611 
                         612 	.section	.debug_abbrev
0000009f 0f              613 	.byte	15
000000a0 05              614 	.byte	5
000000a1 00              615 	.byte	0
000000a2 0308            616 	.byte	3,8
000000a4 3b0f            617 	.byte	59,15
000000a6 390f            618 	.byte	57,15
000000a8 3a0f            619 	.byte	58,15
000000aa 4910            620 	.byte	73,16
000000ac 4b0c            621 	.byte	75,12
000000ae 020a            622 	.byte	2,10
000000b0 0000            623 	.byte	0,0
                         624 
                         625 	.section	.debug_info
                         626 .LDW_4831758:
000001d5 1d              627 	.byte	29
000001d6 00000000*       628 	.word	.LDW01
000001da 00000000*       629 	.word	.LDW11
                         630 
                         631 	.section	.debug_abbrev
000000b2 1d              632 	.byte	29
000000b3 0b              633 	.byte	11
000000b4 01              634 	.byte	1
000000b5 1101            635 	.byte	17,1
000000b7 1201            636 	.byte	18,1
000000b9 0000            637 	.byte	0,0
                         638 
                         639 	.section	.debug_info
000001de 00              640 	.byte	0
                         641 
000001df 00              642 	.byte	0
                         643 
000001e0 00              644 	.byte	0
                         645 
                         646 	.section	.debug_line
                         647 .Ldw_line_end:
                         648 	.section	.debug_macinfo
00000000 01              649 	.byte	1
00000001 00              650 	.byte	0
00000002 5f5f6768735f    651 	.strz	"__ghs__ 1"
00000008 5f203100 
0000000c 01              652 	.byte	1
0000000d 00              653 	.byte	0
0000000e 5f5f4c4c4f4e    654 	.strz	"__LLONG_BIT 64"
00000014 475f42495420 
0000001a 363400 
0000001d 01              655 	.byte	1
0000001e 00              656 	.byte	0
0000001f 4e4f545f5245    657 	.strz	"NOT_READY_FOR_TESTING_OR_DEPLOYMENT 1"
00000025 4144595f464f 
0000002b 525f54455354 
00000031 494e475f4f52 
00000037 5f4445504c4f 
0000003d 594d454e5420 

                                                                      Page 14
                                                              C:\Users\nhuliyap\AppData\Local\Temp\gh_00004n01.s
00000043 3100 
00000045 03              658 	.byte	3
00000046 00              659 	.byte	0
00000047 01              660 	.byte	1
00000048 03              661 	.byte	3
00000049 01              662 	.byte	1
0000004a 02              663 	.byte	2
0000004b 03              664 	.byte	3
0000004c 1c              665 	.byte	28
0000004d 03              666 	.byte	3
0000004e 04              667 	.byte	4
0000004f 03              668 	.byte	3
00000050 1d              669 	.byte	29
00000051 04              670 	.byte	4
00000052 03              671 	.byte	3
00000053 1b              672 	.byte	27
00000054 05              673 	.byte	5
00000055 03              674 	.byte	3
00000056 54              675 	.byte	84
00000057 06              676 	.byte	6
00000058 04              677 	.byte	4
00000059 04              678 	.byte	4
0000005a 04              679 	.byte	4
0000005b 04              680 	.byte	4
0000005c 03              681 	.byte	3
0000005d 03              682 	.byte	3
0000005e 07              683 	.byte	7
0000005f 03              684 	.byte	3
00000060 04              685 	.byte	4
00000061 08              686 	.byte	8
00000062 04              687 	.byte	4
00000063 03              688 	.byte	3
00000064 05              689 	.byte	5
00000065 09              690 	.byte	9
00000066 01              691 	.byte	1
00000067 10              692 	.byte	16
00000068 4352435f5354    693 	.strz	"CRC_START_SEC_CONST_16 "
0000006e 4152545f5345 
00000074 435f434f4e53 
0000007a 545f31362000 
00000080 03              694 	.byte	3
00000081 11              695 	.byte	17
00000082 0a              696 	.byte	10
00000083 01              697 	.byte	1
00000084 23              698 	.byte	35
00000085 4253575f5354    699 	.strz	"BSW_START_SEC_CONST_16 "
0000008b 4152545f5345 
00000091 435f434f4e53 
00000097 545f31362000 
0000009d 03              700 	.byte	3
0000009e 24              701 	.byte	36
0000009f 0b              702 	.byte	11
000000a0 03              703 	.byte	3
000000a1 bb09            704 	.byte	187,9
000000a3 0c              705 	.byte	12
000000a4 04              706 	.byte	4
000000a5 04              707 	.byte	4
000000a6 04              708 	.byte	4
000000a7 01              709 	.byte	1
000000a8 13              710 	.byte	19
000000a9 4352435f5354    711 	.strz	"CRC_STOP_SEC_CONST_16 "

                                                                      Page 15
                                                              C:\Users\nhuliyap\AppData\Local\Temp\gh_00004n01.s
000000af 4f505f534543 
000000b5 5f434f4e5354 
000000bb 5f31362000 
000000c0 03              712 	.byte	3
000000c1 14              713 	.byte	20
000000c2 0a              714 	.byte	10
000000c3 01              715 	.byte	1
000000c4 27              716 	.byte	39
000000c5 4253575f5354    717 	.strz	"BSW_STOP_SEC_CONST_16 "
000000cb 4f505f534543 
000000d1 5f434f4e5354 
000000d7 5f31362000 
000000dc 03              718 	.byte	3
000000dd 28              719 	.byte	40
000000de 0b              720 	.byte	11
000000df 03              721 	.byte	3
000000e0 bb09            722 	.byte	187,9
000000e2 0c              723 	.byte	12
000000e3 04              724 	.byte	4
000000e4 04              725 	.byte	4
000000e5 04              726 	.byte	4
000000e6 01              727 	.byte	1
000000e7 16              728 	.byte	22
000000e8 4352435f5354    729 	.strz	"CRC_START_SEC_CODE "
000000ee 4152545f5345 
000000f4 435f434f4445 
000000fa 2000 
000000fc 03              730 	.byte	3
000000fd 17              731 	.byte	23
000000fe 0a              732 	.byte	10
000000ff 01              733 	.byte	1
00000100 07              734 	.byte	7
00000101 4253575f5354    735 	.strz	"BSW_START_SEC_CODE "
00000107 4152545f5345 
0000010d 435f434f4445 
00000113 2000 
00000115 03              736 	.byte	3
00000116 08              737 	.byte	8
00000117 0b              738 	.byte	11
00000118 01              739 	.byte	1
00000119 da08            740 	.byte	218,8
0000011b 53544152545f    741 	.strz	"START_SEC_CODE "
00000121 5345435f434f 
00000127 44452000 
0000012b 03              742 	.byte	3
0000012c bb09            743 	.byte	187,9
0000012e 0c              744 	.byte	12
0000012f 01              745 	.byte	1
00000130 f307            746 	.byte	243,7
00000132 434f44455f53    747 	.strz	"CODE_SEC_OPEN "
00000138 45435f4f5045 
0000013e 4e2000 
00000141 04              748 	.byte	4
00000142 04              749 	.byte	4
00000143 04              750 	.byte	4
00000144 01              751 	.byte	1
00000145 1a              752 	.byte	26
00000146 4352435f5354    753 	.strz	"CRC_STOP_SEC_CODE "
0000014c 4f505f534543 
00000152 5f434f444520 
00000158 00 

                                                                      Page 16
                                                              C:\Users\nhuliyap\AppData\Local\Temp\gh_00004n01.s
00000159 03              754 	.byte	3
0000015a 1b              755 	.byte	27
0000015b 0a              756 	.byte	10
0000015c 01              757 	.byte	1
0000015d 0c              758 	.byte	12
0000015e 4253575f5354    759 	.strz	"BSW_STOP_SEC_CODE "
00000164 4f505f534543 
0000016a 5f434f444520 
00000170 00 
00000171 03              760 	.byte	3
00000172 0d              761 	.byte	13
00000173 0b              762 	.byte	11
00000174 01              763 	.byte	1
00000175 de08            764 	.byte	222,8
00000177 53544f505f53    765 	.strz	"STOP_SEC_CODE "
0000017d 45435f434f44 
00000183 452000 
00000186 03              766 	.byte	3
00000187 bb09            767 	.byte	187,9
00000189 0c              768 	.byte	12
0000018a 04              769 	.byte	4
0000018b 04              770 	.byte	4
0000018c 04              771 	.byte	4
0000018d 04              772 	.byte	4
0000018e 03              773 	.byte	3
0000018f 06              774 	.byte	6
00000190 0d              775 	.byte	13
00000191 01              776 	.byte	1
00000192 0f              777 	.byte	15
00000193 4352435f5354    778 	.strz	"CRC_START_SEC_CONST_32 "
00000199 4152545f5345 
0000019f 435f434f4e53 
000001a5 545f33322000 
000001ab 03              779 	.byte	3
000001ac 10              780 	.byte	16
000001ad 0a              781 	.byte	10
000001ae 01              782 	.byte	1
000001af 1a              783 	.byte	26
000001b0 4253575f5354    784 	.strz	"BSW_START_SEC_CONST_32 "
000001b6 4152545f5345 
000001bc 435f434f4e53 
000001c2 545f33322000 
000001c8 03              785 	.byte	3
000001c9 1b              786 	.byte	27
000001ca 0b              787 	.byte	11
000001cb 03              788 	.byte	3
000001cc bb09            789 	.byte	187,9
000001ce 0c              790 	.byte	12
000001cf 04              791 	.byte	4
000001d0 04              792 	.byte	4
000001d1 04              793 	.byte	4
000001d2 01              794 	.byte	1
000001d3 12              795 	.byte	18
000001d4 4352435f5354    796 	.strz	"CRC_STOP_SEC_CONST_32 "
000001da 4f505f534543 
000001e0 5f434f4e5354 
000001e6 5f33322000 
000001eb 03              797 	.byte	3
000001ec 13              798 	.byte	19
000001ed 0a              799 	.byte	10
000001ee 01              800 	.byte	1

                                                                      Page 17
                                                              C:\Users\nhuliyap\AppData\Local\Temp\gh_00004n01.s
000001ef 1e              801 	.byte	30
000001f0 4253575f5354    802 	.strz	"BSW_STOP_SEC_CONST_32 "
000001f6 4f505f534543 
000001fc 5f434f4e5354 
00000202 5f33322000 
00000207 03              803 	.byte	3
00000208 1f              804 	.byte	31
00000209 0b              805 	.byte	11
0000020a 03              806 	.byte	3
0000020b bb09            807 	.byte	187,9
0000020d 0c              808 	.byte	12
0000020e 04              809 	.byte	4
0000020f 04              810 	.byte	4
00000210 04              811 	.byte	4
00000211 01              812 	.byte	1
00000212 15              813 	.byte	21
00000213 4352435f5354    814 	.strz	"CRC_START_SEC_CODE "
00000219 4152545f5345 
0000021f 435f434f4445 
00000225 2000 
00000227 03              815 	.byte	3
00000228 16              816 	.byte	22
00000229 0a              817 	.byte	10
0000022a 01              818 	.byte	1
0000022b 07              819 	.byte	7
0000022c 4253575f5354    820 	.strz	"BSW_START_SEC_CODE "
00000232 4152545f5345 
00000238 435f434f4445 
0000023e 2000 
00000240 03              821 	.byte	3
00000241 08              822 	.byte	8
00000242 0b              823 	.byte	11
00000243 01              824 	.byte	1
00000244 da08            825 	.byte	218,8
00000246 53544152545f    826 	.strz	"START_SEC_CODE "
0000024c 5345435f434f 
00000252 44452000 
00000256 03              827 	.byte	3
00000257 bb09            828 	.byte	187,9
00000259 0c              829 	.byte	12
0000025a 01              830 	.byte	1
0000025b f307            831 	.byte	243,7
0000025d 434f44455f53    832 	.strz	"CODE_SEC_OPEN "
00000263 45435f4f5045 
00000269 4e2000 
0000026c 04              833 	.byte	4
0000026d 04              834 	.byte	4
0000026e 04              835 	.byte	4
0000026f 01              836 	.byte	1
00000270 19              837 	.byte	25
00000271 4352435f5354    838 	.strz	"CRC_STOP_SEC_CODE "
00000277 4f505f534543 
0000027d 5f434f444520 
00000283 00 
00000284 03              839 	.byte	3
00000285 1a              840 	.byte	26
00000286 0a              841 	.byte	10
00000287 01              842 	.byte	1
00000288 0c              843 	.byte	12
00000289 4253575f5354    844 	.strz	"BSW_STOP_SEC_CODE "
0000028f 4f505f534543 

                                                                      Page 18
                                                              C:\Users\nhuliyap\AppData\Local\Temp\gh_00004n01.s
00000295 5f434f444520 
0000029b 00 
0000029c 03              845 	.byte	3
0000029d 0d              846 	.byte	13
0000029e 0b              847 	.byte	11
0000029f 01              848 	.byte	1
000002a0 de08            849 	.byte	222,8
000002a2 53544f505f53    850 	.strz	"STOP_SEC_CODE "
000002a8 45435f434f44 
000002ae 452000 
000002b1 03              851 	.byte	3
000002b2 bb09            852 	.byte	187,9
000002b4 0c              853 	.byte	12
000002b5 04              854 	.byte	4
000002b6 04              855 	.byte	4
000002b7 04              856 	.byte	4
000002b8 04              857 	.byte	4
000002b9 03              858 	.byte	3
000002ba 07              859 	.byte	7
000002bb 0e              860 	.byte	14
000002bc 01              861 	.byte	1
000002bd 0f              862 	.byte	15
000002be 4352435f5354    863 	.strz	"CRC_START_SEC_CONST_32 "
000002c4 4152545f5345 
000002ca 435f434f4e53 
000002d0 545f33322000 
000002d6 03              864 	.byte	3
000002d7 10              865 	.byte	16
000002d8 0a              866 	.byte	10
000002d9 01              867 	.byte	1
000002da 1a              868 	.byte	26
000002db 4253575f5354    869 	.strz	"BSW_START_SEC_CONST_32 "
000002e1 4152545f5345 
000002e7 435f434f4e53 
000002ed 545f33322000 
000002f3 03              870 	.byte	3
000002f4 1b              871 	.byte	27
000002f5 0b              872 	.byte	11
000002f6 03              873 	.byte	3
000002f7 bb09            874 	.byte	187,9
000002f9 0c              875 	.byte	12
000002fa 04              876 	.byte	4
000002fb 04              877 	.byte	4
000002fc 04              878 	.byte	4
000002fd 01              879 	.byte	1
000002fe 12              880 	.byte	18
000002ff 4352435f5354    881 	.strz	"CRC_STOP_SEC_CONST_32 "
00000305 4f505f534543 
0000030b 5f434f4e5354 
00000311 5f33322000 
00000316 03              882 	.byte	3
00000317 13              883 	.byte	19
00000318 0a              884 	.byte	10
00000319 01              885 	.byte	1
0000031a 1e              886 	.byte	30
0000031b 4253575f5354    887 	.strz	"BSW_STOP_SEC_CONST_32 "
00000321 4f505f534543 
00000327 5f434f4e5354 
0000032d 5f33322000 
00000332 03              888 	.byte	3
00000333 1f              889 	.byte	31

                                                                      Page 19
                                                              C:\Users\nhuliyap\AppData\Local\Temp\gh_00004n01.s
00000334 0b              890 	.byte	11
00000335 03              891 	.byte	3
00000336 bb09            892 	.byte	187,9
00000338 0c              893 	.byte	12
00000339 04              894 	.byte	4
0000033a 04              895 	.byte	4
0000033b 04              896 	.byte	4
0000033c 01              897 	.byte	1
0000033d 15              898 	.byte	21
0000033e 4352435f5354    899 	.strz	"CRC_START_SEC_CODE "
00000344 4152545f5345 
0000034a 435f434f4445 
00000350 2000 
00000352 03              900 	.byte	3
00000353 16              901 	.byte	22
00000354 0a              902 	.byte	10
00000355 01              903 	.byte	1
00000356 07              904 	.byte	7
00000357 4253575f5354    905 	.strz	"BSW_START_SEC_CODE "
0000035d 4152545f5345 
00000363 435f434f4445 
00000369 2000 
0000036b 03              906 	.byte	3
0000036c 08              907 	.byte	8
0000036d 0b              908 	.byte	11
0000036e 01              909 	.byte	1
0000036f da08            910 	.byte	218,8
00000371 53544152545f    911 	.strz	"START_SEC_CODE "
00000377 5345435f434f 
0000037d 44452000 
00000381 03              912 	.byte	3
00000382 bb09            913 	.byte	187,9
00000384 0c              914 	.byte	12
00000385 01              915 	.byte	1
00000386 f307            916 	.byte	243,7
00000388 434f44455f53    917 	.strz	"CODE_SEC_OPEN "
0000038e 45435f4f5045 
00000394 4e2000 
00000397 04              918 	.byte	4
00000398 04              919 	.byte	4
00000399 04              920 	.byte	4
0000039a 01              921 	.byte	1
0000039b 19              922 	.byte	25
0000039c 4352435f5354    923 	.strz	"CRC_STOP_SEC_CODE "
000003a2 4f505f534543 
000003a8 5f434f444520 
000003ae 00 
000003af 03              924 	.byte	3
000003b0 1a              925 	.byte	26
000003b1 0a              926 	.byte	10
000003b2 01              927 	.byte	1
000003b3 0c              928 	.byte	12
000003b4 4253575f5354    929 	.strz	"BSW_STOP_SEC_CODE "
000003ba 4f505f534543 
000003c0 5f434f444520 
000003c6 00 
000003c7 03              930 	.byte	3
000003c8 0d              931 	.byte	13
000003c9 0b              932 	.byte	11
000003ca 01              933 	.byte	1
000003cb de08            934 	.byte	222,8

                                                                      Page 20
                                                              C:\Users\nhuliyap\AppData\Local\Temp\gh_00004n01.s
000003cd 53544f505f53    935 	.strz	"STOP_SEC_CODE "
000003d3 45435f434f44 
000003d9 452000 
000003dc 03              936 	.byte	3
000003dd bb09            937 	.byte	187,9
000003df 0c              938 	.byte	12
000003e0 04              939 	.byte	4
000003e1 04              940 	.byte	4
000003e2 04              941 	.byte	4
000003e3 04              942 	.byte	4
000003e4 01              943 	.byte	1
000003e5 09              944 	.byte	9
000003e6 4352435f5645    945 	.strz	"CRC_VENDOR_ID 6"
000003ec 4e444f525f49 
000003f2 44203600 
000003f6 01              946 	.byte	1
000003f7 0a              947 	.byte	10
000003f8 4352435f4d4f    948 	.strz	"CRC_MODULE_ID 201"
000003fe 44554c455f49 
00000404 442032303100 
0000040a 01              949 	.byte	1
0000040b 0b              950 	.byte	11
0000040c 4352435f5357    951 	.strz	"CRC_SW_MAJOR_VERSION 2"
00000412 5f4d414a4f52 
00000418 5f5645525349 
0000041e 4f4e203200 
00000423 01              952 	.byte	1
00000424 0c              953 	.byte	12
00000425 4352435f5357    954 	.strz	"CRC_SW_MINOR_VERSION 0"
0000042b 5f4d494e4f52 
00000431 5f5645525349 
00000437 4f4e203000 
0000043c 01              955 	.byte	1
0000043d 0d              956 	.byte	13
0000043e 4352435f5357    957 	.strz	"CRC_SW_PATCH_VERSION 0"
00000444 5f5041544348 
0000044a 5f5645525349 
00000450 4f4e203000 
00000455 01              958 	.byte	1
00000456 11              959 	.byte	17
00000457 4352435f5354    960 	.strz	"CRC_START_SEC_CODE "
0000045d 4152545f5345 
00000463 435f434f4445 
00000469 2000 
0000046b 03              961 	.byte	3
0000046c 12              962 	.byte	18
0000046d 0a              963 	.byte	10
0000046e 01              964 	.byte	1
0000046f 07              965 	.byte	7
00000470 4253575f5354    966 	.strz	"BSW_START_SEC_CODE "
00000476 4152545f5345 
0000047c 435f434f4445 
00000482 2000 
00000484 03              967 	.byte	3
00000485 08              968 	.byte	8
00000486 0b              969 	.byte	11
00000487 01              970 	.byte	1
00000488 da08            971 	.byte	218,8
0000048a 53544152545f    972 	.strz	"START_SEC_CODE "
00000490 5345435f434f 
00000496 44452000 

                                                                      Page 21
                                                              C:\Users\nhuliyap\AppData\Local\Temp\gh_00004n01.s
0000049a 03              973 	.byte	3
0000049b bb09            974 	.byte	187,9
0000049d 0c              975 	.byte	12
0000049e 01              976 	.byte	1
0000049f f307            977 	.byte	243,7
000004a1 434f44455f53    978 	.strz	"CODE_SEC_OPEN "
000004a7 45435f4f5045 
000004ad 4e2000 
000004b0 04              979 	.byte	4
000004b1 04              980 	.byte	4
000004b2 04              981 	.byte	4
000004b3 01              982 	.byte	1
000004b4 14              983 	.byte	20
000004b5 4352435f5354    984 	.strz	"CRC_STOP_SEC_CODE "
000004bb 4f505f534543 
000004c1 5f434f444520 
000004c7 00 
000004c8 03              985 	.byte	3
000004c9 15              986 	.byte	21
000004ca 0a              987 	.byte	10
000004cb 01              988 	.byte	1
000004cc 0c              989 	.byte	12
000004cd 4253575f5354    990 	.strz	"BSW_STOP_SEC_CODE "
000004d3 4f505f534543 
000004d9 5f434f444520 
000004df 00 
000004e0 03              991 	.byte	3
000004e1 0d              992 	.byte	13
000004e2 0b              993 	.byte	11
000004e3 01              994 	.byte	1
000004e4 de08            995 	.byte	222,8
000004e6 53544f505f53    996 	.strz	"STOP_SEC_CODE "
000004ec 45435f434f44 
000004f2 452000 
000004f5 03              997 	.byte	3
000004f6 bb09            998 	.byte	187,9
000004f8 0c              999 	.byte	12
000004f9 04             1000 	.byte	4
000004fa 04             1001 	.byte	4
000004fb 04             1002 	.byte	4
000004fc 04             1003 	.byte	4
000004fd 01             1004 	.byte	1
000004fe 05             1005 	.byte	5
000004ff 4352435f5354   1006 	.strz	"CRC_START_SEC_CODE "
00000505 4152545f5345 
0000050b 435f434f4445 
00000511 2000 
00000513 03             1007 	.byte	3
00000514 06             1008 	.byte	6
00000515 0a             1009 	.byte	10
00000516 01             1010 	.byte	1
00000517 07             1011 	.byte	7
00000518 4253575f5354   1012 	.strz	"BSW_START_SEC_CODE "
0000051e 4152545f5345 
00000524 435f434f4445 
0000052a 2000 
0000052c 03             1013 	.byte	3
0000052d 08             1014 	.byte	8
0000052e 0b             1015 	.byte	11
0000052f 01             1016 	.byte	1
00000530 da08           1017 	.byte	218,8

                                                                      Page 22
                                                              C:\Users\nhuliyap\AppData\Local\Temp\gh_00004n01.s
00000532 53544152545f   1018 	.strz	"START_SEC_CODE "
00000538 5345435f434f 
0000053e 44452000 
00000542 03             1019 	.byte	3
00000543 bb09           1020 	.byte	187,9
00000545 0c             1021 	.byte	12
00000546 01             1022 	.byte	1
00000547 f307           1023 	.byte	243,7
00000549 434f44455f53   1024 	.strz	"CODE_SEC_OPEN "
0000054f 45435f4f5045 
00000555 4e2000 
00000558 04             1025 	.byte	4
00000559 04             1026 	.byte	4
0000055a 04             1027 	.byte	4
0000055b 01             1028 	.byte	1
0000055c 0f             1029 	.byte	15
0000055d 4352435f5354   1030 	.strz	"CRC_STOP_SEC_CODE "
00000563 4f505f534543 
00000569 5f434f444520 
0000056f 00 
00000570 03             1031 	.byte	3
00000571 10             1032 	.byte	16
00000572 0a             1033 	.byte	10
00000573 01             1034 	.byte	1
00000574 0c             1035 	.byte	12
00000575 4253575f5354   1036 	.strz	"BSW_STOP_SEC_CODE "
0000057b 4f505f534543 
00000581 5f434f444520 
00000587 00 
00000588 03             1037 	.byte	3
00000589 0d             1038 	.byte	13
0000058a 0b             1039 	.byte	11
0000058b 01             1040 	.byte	1
0000058c de08           1041 	.byte	222,8
0000058e 53544f505f53   1042 	.strz	"STOP_SEC_CODE "
00000594 45435f434f44 
0000059a 452000 
0000059d 03             1043 	.byte	3
0000059e bb09           1044 	.byte	187,9
000005a0 0c             1045 	.byte	12
000005a1 04             1046 	.byte	4
000005a2 04             1047 	.byte	4
000005a3 04             1048 	.byte	4
000005a4 04             1049 	.byte	4
000005a5 00             1050 	.byte	0
                        1051 	.section	.debug_abbrev
000000bb 00             1052 	.byte	0
                        1053 	.section	.debug_info
                        1054 .Ldw_end:
                        1055 .rh850_flags REGMODE32,DATA_ALIGN8,GP_FIX,EP_NONFIX,TP_FIX,REG2_RESERVE,G3K,GHS_MISALIGN,SDA_EXTRA_REGS_0
