                                                                      Page 1
                                                              C:\Users\nhuliyap\AppData\Local\Temp\gh_0000drs1.s
Command Line: C:\ghs\comp_201517\ease850.exe -w -elf -b0 -I../source/common -I../source/ProjectCompiler -I../source/ProjectCfg -I../source/SwcApplTpms -I../source/SwcApplEcuM -I../source/SwcServiceBswM -I../source/SwcServiceEcuM -I../source/SwcServiceNvM -I../source/SwcServiceOs -I../source/SwcServiceStartUp -I../source/McalAdc -I../source/McalDio -I../source/McalGpt -I../source/McalMcu -I../source/McalWdg -I../source/wrappers -I../source/wrappers/McalAta -I../source/McalLin -I../source/McalCan -I../source/wrappers/OS -I../source/McalFls -I../source/EcuabFee -I../source/EcuabMemIf -I../source/wrappers/VStdLib -I../source/wrappers/Crc -I../source/wrappers/FBL_APPL -I../source/wrappers/NVM_MANAGER -I../source/wrappers/DEM_MANAGER -I../source/wrappers/RDC_MANAGER -I../source/wrappers/ENV_MANAGER -I../source/wrappers/SYS_MANAGER -I../source/wrappers/EcuabCanIf -I../source/EcuabCanTrcv -I../source/wrappers/SwcServiceCanSM -I../source/wrappers/SwcServiceCanTp -I../source/wrappers/SwcServiceCanTp_PreCompile -I../source/wrappers/SwcServiceCom -I../source/wrappers/SwcServiceComM -I../source/wrappers/SwcServiceDcm -I../source/wrappers/SwcServicePduR -I../source/wrappers/SwcServiceEcuM -I../source/wrappers/Bfx -I../source/wrappers/SwcServiceDem -I../source/SwcServiceCom -I../source/SwcServiceDet -I../source/SwcServiceFiM -I../source/SwcServicePduR -I../source/SwcServiceSchM -I../source/wrappers/LibAutosarDiag -I../source/wrappers/rba_BswSrv -IC:\ghs\comp_201517\lib\rh850 -cg_underscore -cpu=rh850g3k -no_v850_simd -rh850_fpsimd=none -nomacro -patch_dbo=C:\_ECU2\ECU_Rivian_A1\Target\repo_projects\pRealEcu\cR_R2023.09.15\make\output\objects\Crc_16.dbo -source=Crc_16.c -o output\objects\gh_0000drs1.o -list=output\list\Crc_16.lst C:\Users\nhuliyap\AppData\Local\Temp\gh_0000drs1.s 
Original File: C:\Users\nhuliyap\AppData\Local\Temp\gh_0000drs1.s
Source File: Crc_16.c
Directory: C:\_ECU2\ECU_Rivian_A1\Target\repo_projects\pRealEcu\cR_R2023.09.15\make
Host OS: Windows
EASE: Copyright (C) 1983-2015 Green Hills Software.  All Rights Reserved.
Release: Compiler v2015.1.7
Build Directory: [Directory] BTOWORKER6:c:/build_2015_1_bto/2015-10-21.2100-2015_1_bto/win32-comp-ecom
Revision: [VCInfo] http://toolsvc/branches/release-branch-70-bto/src@544153 (built by build)
Revision Date: Thu Oct 22 07:50:13 2015

Release Date: Thu Oct 22 09:32:32 2015

                           1 --Driver Command: ccv850 ../source/wrappers/Crc/Crc_16.c -cpu=rh850 -fhard
                           2 --		-ignore_callt_state_in_interrupts -large_sda -misalign_pack
                           3 --		-nofarcalls -nofloatio -no_callt -Ogeneral -Onounroll
                           4 --		-prepare_dispose -registermode=32 -reserve_r2 -sda=0
                           5 --		-shorten_loads -Wshadow --brief_diagnostics --no_commons
                           6 --		--no_wrap_diagnostics --prototype_errors --short_enum -list -G
                           7 --		-dual_debug -dwarf -X5523 -lnk=-no_xda_modifications -D
                           8 --		NOT_READY_FOR_TESTING_OR_DEPLOYMENT -D IBTCM_SW_ANPASSUNGEN -D
                           9 --		BUILD_RIVIAN -c -inline_prologue -I../source/common
                          10 --		-I../source/ProjectCompiler -I../source/ProjectCfg
                          11 --		-I../source/SwcApplTpms -I../source/SwcApplEcuM
                          12 --		-I../source/SwcServiceBswM -I../source/SwcServiceEcuM
                          13 --		-I../source/SwcServiceNvM -I../source/SwcServiceOs
                          14 --		-I../source/SwcServiceStartUp -I../source/McalAdc
                          15 --		-I../source/McalDio -I../source/McalGpt -I../source/McalMcu
                          16 --		-I../source/McalWdg -I../source/wrappers
                          17 --		-I../source/wrappers/McalAta -I../source/McalLin
                          18 --		-I../source/McalCan -I../source/wrappers/OS -I../source/McalFls
                          19 --		-I../source/EcuabFee -I../source/EcuabMemIf
                          20 --		-I../source/wrappers/VStdLib -I../source/wrappers
                          21 --		-I../source/wrappers/Crc -I../source/wrappers/FBL_APPL
                          22 --		-I../source/wrappers/NVM_MANAGER -I../source/wrappers/DEM_MANAGER
                          23 --		-I../source/wrappers/RDC_MANAGER -I../source/wrappers/ENV_MANAGER
                          24 --		-I../source/wrappers/SYS_MANAGER -I../source/wrappers/EcuabCanIf
                          25 --		-I../source/EcuabCanTrcv -I../source/wrappers/SwcServiceCanSM
                          26 --		-I../source/wrappers/SwcServiceCanTp
                          27 --		-I../source/wrappers/SwcServiceCanTp_PreCompile
                          28 --		-I../source/wrappers/SwcServiceCom
                          29 --		-I../source/wrappers/SwcServiceComM
                          30 --		-I../source/wrappers/SwcServiceDcm
                          31 --		-I../source/wrappers/SwcServicePduR
                          32 --		-I../source/wrappers/SwcServiceEcuM -I../source/wrappers/Bfx
                          33 --		-I../source/wrappers/SwcServiceDem -I../source/SwcServiceCom
                          34 --		-I../source/SwcServiceDet -I../source/SwcServiceFiM
                          35 --		-I../source/SwcServicePduR -I../source/SwcServiceSchM
                          36 --		-I../source/wrappers/LibAutosarDiag
                          37 --		-I../source/wrappers/rba_BswSrv -object_dir=output/objects
                          38 --		-list_dir=output/list
                          39 --Source File:   ../source/wrappers/Crc/Crc_16.c
                          40 --Directory:     
                          41 --		C:\_ECU2\ECU_Rivian_A1\Target\repo_projects\pRealEcu\cR_R2023.09.15\make
                          42 --Compile Date:  Fri Sep 15 15:24:51 2023
                          43 --Host OS:       Win32
                          44 --Version:       C-RH850 2015.1.7 RELEASE VERSION
                          45 --Release:       Compiler v2015.1.7
                          46 --Revision Date: Thu Oct 22 08:06:12 2015
                          47 --Release Date:  Thu Oct 22 09:34:32 2015
                          48 -- ecom  -g -w -OM
                          49 	.text
                          50 ..bof.C.3A.5C_ECU2.5CECU_Rivian_A1.5CTarget.5Crepo_projects.5CpRealEcu.5CcR_R2023.2E09.2E15.5Cmake.5Coutput.5Cobjects.5CCrc_16...43.3A.5C_ECU2.5CECU_Rivian_A1.5CTarget.5Crepo_projects.5CpRealEcu.5CcR_R2023.2E09.2E15.5Cmake..65045B23..0::

                                                                      Page 2
                                                              C:\Users\nhuliyap\AppData\Local\Temp\gh_0000drs1.s
                          51 	.align	2
                          52 ..gh.f.f.1.e.0:
                          53 	.type	..gh.f.f.1.e.0,@object
                          54 	.size	..gh.f.f.1.e.0,0
                          55 	.global	_Crc_CalculateCRC16
                          56 _Crc_CalculateCRC16:
00000000 0798             57 	mov	r7,r19
00000002 c800             58 	zxh	r8
                          59 --	    .bf
                          60 .LDW01:
00000004 803effff         61 	ori	65535,zero,r7
00000008 d84a             62 	shl	24,r9
0000000a e83f2453         63 	cmove	r8,r7,r10
0000000e 004a             64 	mov	0,r9
00000010 b515*            65 	br	.L10
                          66 .L9:
                          67 --line65
                          68 ..lin.C.3A.5C_ECU2.5CECU_Rivian_A1.5CTarget.5Crepo_projects.5CpRealEcu.5CcR_R2023.2E09.2E15.5Cmake.5Coutput.5Cobjects.5CCrc_16.1::
                          69 .LDWlin1:
00000012 09f0             70 	mov	r9,ep
00000014 c6f1             71 	add	r6,ep
00000016 6040             72 	sld.bu	0[ep],r8
00000018 320600000000*    73 	mov	_CRC_16_H1021_Tbl,r18
                          74 --line62
                          75 ..lin.C.3A.5C_ECU2.5CECU_Rivian_A1.5CTarget.5Crepo_projects.5CpRealEcu.5CcR_R2023.2E09.2E15.5Cmake.5Coutput.5Cobjects.5CCrc_16.2::
                          76 .LDWlin2:
0000001e 414a             77 	add	1,r9
00000020 c842             78 	shl	8,r8
00000022 2851             79 	xor	r8,r10
00000024 0a38             80 	mov	r10,r7
00000026 a852             81 	sar	8,r10
00000028 0af0             82 	mov	r10,ep
0000002a c1f2             83 	shl	1,ep
0000002c d2f1             84 	add	r18,ep
0000002e 7050             85 	sld.hu	0[ep],r10
00000030 c83a             86 	shl	8,r7
00000032 2751             87 	xor	r7,r10
00000034 ca00             88 	zxh	r10
                          89 .L10:
00000036 f349             90 	cmp	r19,r9
00000038 d1ed*            91 	bl	.L9
                          92 --	    .ef
                          93 .LDW11:
                          94 --line70
                          95 ..lin.C.3A.5C_ECU2.5CECU_Rivian_A1.5CTarget.5Crepo_projects.5CpRealEcu.5CcR_R2023.2E09.2E15.5Cmake.5Coutput.5Cobjects.5CCrc_16.3::
                          96 .LDWlin3:
0000003a 7f00             97 	jmp	[lp]
                          98 	.global	___ghs_eofn_Crc_CalculateCRC16
                          99 ___ghs_eofn_Crc_CalculateCRC16:
                         100 	.type	_Crc_CalculateCRC16,@function
                         101 	.size	_Crc_CalculateCRC16,.-_Crc_CalculateCRC16
                         102 	.align	2
                         103 --_index	r9	local
                         104 --_crcTemp	r10	local
                         105 
                         106 --_Crc_DataPtr	r6	param
                         107 --_Crc_Length	r19	param
                         108 --_Crc_StartValue16	r8	param
                         109 --_Crc_IsFirstCall	r9	param
                         110 
                         111 	.section ".bss","awb"

                                                                      Page 3
                                                              C:\Users\nhuliyap\AppData\Local\Temp\gh_0000drs1.s
                         112 .L66:
                         113 	.type	.L66,@object
                         114 	.size	.L66,0
                         115 	.data
                         116 	.text
                         117 	.align	2
                         118 
                         119 	.section ".rodata","a"
                         120 	.align	4
                         121 	.global	_CRC_16_H1021_Tbl
00000000 0000            122 _CRC_16_H1021_Tbl:	.space	2
00000002 21104220        123 	.byte	33,16,66,32
00000006 63308440        124 	.byte	99,48,132,64
0000000a a550c660        125 	.byte	165,80,198,96
0000000e e7700881        126 	.byte	231,112,8,129
00000012 29914aa1        127 	.byte	41,145,74,161
00000016 6bb18cc1        128 	.byte	107,177,140,193
0000001a add1cee1        129 	.byte	173,209,206,225
0000001e eff13112        130 	.byte	239,241,49,18
00000022 10027332        131 	.byte	16,2,115,50
00000026 5222b552        132 	.byte	82,34,181,82
0000002a 9442f772        133 	.byte	148,66,247,114
0000002e d6623993        134 	.byte	214,98,57,147
00000032 18837bb3        135 	.byte	24,131,123,179
00000036 5aa3bdd3        136 	.byte	90,163,189,211
0000003a 9cc3fff3        137 	.byte	156,195,255,243
0000003e dee36224        138 	.byte	222,227,98,36
00000042 43342004        139 	.byte	67,52,32,4
00000046 0114e664        140 	.byte	1,20,230,100
0000004a c774a444        141 	.byte	199,116,164,68
0000004e 85546aa5        142 	.byte	133,84,106,165
00000052 4bb52885        143 	.byte	75,181,40,133
00000056 0995eee5        144 	.byte	9,149,238,229
0000005a cff5acc5        145 	.byte	207,245,172,197
0000005e 8dd55336        146 	.byte	141,213,83,54
00000062 72261116        147 	.byte	114,38,17,22
00000066 3006d776        148 	.byte	48,6,215,118
0000006a f6669556        149 	.byte	246,102,149,86
0000006e b4465bb7        150 	.byte	180,70,91,183
00000072 7aa71997        151 	.byte	122,167,25,151
00000076 3887dff7        152 	.byte	56,135,223,247
0000007a fee79dd7        153 	.byte	254,231,157,215
0000007e bcc7c448        154 	.byte	188,199,196,72
00000082 e5588668        155 	.byte	229,88,134,104
00000086 a7784008        156 	.byte	167,120,64,8
0000008a 61180228        157 	.byte	97,24,2,40
0000008e 2338ccc9        158 	.byte	35,56,204,201
00000092 edd98ee9        159 	.byte	237,217,142,233
00000096 aff94889        160 	.byte	175,249,72,137
0000009a 69990aa9        161 	.byte	105,153,10,169
0000009e 2bb9f55a        162 	.byte	43,185,245,90
000000a2 d44ab77a        163 	.byte	212,74,183,122
000000a6 966a711a        164 	.byte	150,106,113,26
000000aa 500a333a        165 	.byte	80,10,51,58
000000ae 122afddb        166 	.byte	18,42,253,219
000000b2 dccbbffb        167 	.byte	220,203,191,251
000000b6 9eeb799b        168 	.byte	158,235,121,155
000000ba 588b3bbb        169 	.byte	88,139,59,187
000000be 1aaba66c        170 	.byte	26,171,166,108
000000c2 877ce44c        171 	.byte	135,124,228,76
000000c6 c55c222c        172 	.byte	197,92,34,44

                                                                      Page 4
                                                              C:\Users\nhuliyap\AppData\Local\Temp\gh_0000drs1.s
000000ca 033c600c        173 	.byte	3,60,96,12
000000ce 411caeed        174 	.byte	65,28,174,237
000000d2 8ffdeccd        175 	.byte	143,253,236,205
000000d6 cddd2aad        176 	.byte	205,221,42,173
000000da 0bbd688d        177 	.byte	11,189,104,141
000000de 499d977e        178 	.byte	73,157,151,126
000000e2 b66ed55e        179 	.byte	182,110,213,94
000000e6 f44e133e        180 	.byte	244,78,19,62
000000ea 322e511e        181 	.byte	50,46,81,30
000000ee 700e9fff        182 	.byte	112,14,159,255
000000f2 beefdddf        183 	.byte	190,239,221,223
000000f6 fccf1bbf        184 	.byte	252,207,27,191
000000fa 3aaf599f        185 	.byte	58,175,89,159
000000fe 788f8891        186 	.byte	120,143,136,145
00000102 a981cab1        187 	.byte	169,129,202,177
00000106 eba10cd1        188 	.byte	235,161,12,209
0000010a 2dc14ef1        189 	.byte	45,193,78,241
0000010e 6fe18010        190 	.byte	111,225,128,16
00000112 a100c230        191 	.byte	161,0,194,48
00000116 e3200450        192 	.byte	227,32,4,80
0000011a 25404670        193 	.byte	37,64,70,112
0000011e 6760b983        194 	.byte	103,96,185,131
00000122 9893fba3        195 	.byte	152,147,251,163
00000126 dab33dc3        196 	.byte	218,179,61,195
0000012a 1cd37fe3        197 	.byte	28,211,127,227
0000012e 5ef3b102        198 	.byte	94,243,177,2
00000132 9012f322        199 	.byte	144,18,243,34
00000136 d2323542        200 	.byte	210,50,53,66
0000013a 14527762        201 	.byte	20,82,119,98
0000013e 5672eab5        202 	.byte	86,114,234,181
00000142 cba5a895        203 	.byte	203,165,168,149
00000146 89856ef5        204 	.byte	137,133,110,245
0000014a 4fe52cd5        205 	.byte	79,229,44,213
0000014e 0dc5e234        206 	.byte	13,197,226,52
00000152 c324a014        207 	.byte	195,36,160,20
00000156 81046674        208 	.byte	129,4,102,116
0000015a 47642454        209 	.byte	71,100,36,84
0000015e 0544dba7        210 	.byte	5,68,219,167
00000162 fab79987        211 	.byte	250,183,153,135
00000166 b8975fe7        212 	.byte	184,151,95,231
0000016a 7ef71dc7        213 	.byte	126,247,29,199
0000016e 3cd7d326        214 	.byte	60,215,211,38
00000172 f2369106        215 	.byte	242,54,145,6
00000176 b0165766        216 	.byte	176,22,87,102
0000017a 76761546        217 	.byte	118,118,21,70
0000017e 34564cd9        218 	.byte	52,86,76,217
00000182 6dc90ef9        219 	.byte	109,201,14,249
00000186 2fe9c899        220 	.byte	47,233,200,153
0000018a e9898ab9        221 	.byte	233,137,138,185
0000018e aba94458        222 	.byte	171,169,68,88
00000192 65480678        223 	.byte	101,72,6,120
00000196 2768c018        224 	.byte	39,104,192,24
0000019a e1088238        225 	.byte	225,8,130,56
0000019e a3287dcb        226 	.byte	163,40,125,203
000001a2 5cdb3feb        227 	.byte	92,219,63,235
000001a6 1efbf98b        228 	.byte	30,251,249,139
000001aa d89bbbab        229 	.byte	216,155,187,171
000001ae 9abb754a        230 	.byte	154,187,117,74
000001b2 545a376a        231 	.byte	84,90,55,106
000001b6 167af10a        232 	.byte	22,122,241,10
000001ba d01ab32a        233 	.byte	208,26,179,42

                                                                      Page 5
                                                              C:\Users\nhuliyap\AppData\Local\Temp\gh_0000drs1.s
000001be 923a2efd        234 	.byte	146,58,46,253
000001c2 0fed6cdd        235 	.byte	15,237,108,221
000001c6 4dcdaabd        236 	.byte	77,205,170,189
000001ca 8bade89d        237 	.byte	139,173,232,157
000001ce c98d267c        238 	.byte	201,141,38,124
000001d2 076c645c        239 	.byte	7,108,100,92
000001d6 454ca23c        240 	.byte	69,76,162,60
000001da 832ce01c        241 	.byte	131,44,224,28
000001de c10c1fef        242 	.byte	193,12,31,239
000001e2 3eff5dcf        243 	.byte	62,255,93,207
000001e6 7cdf9baf        244 	.byte	124,223,155,175
000001ea babfd98f        245 	.byte	186,191,217,143
000001ee f89f176e        246 	.byte	248,159,23,110
000001f2 367e554e        247 	.byte	54,126,85,78
000001f6 745e932e        248 	.byte	116,94,147,46
000001fa b23ed10e        249 	.byte	178,62,209,14
000001fe f01e            250 	.byte	240,30
                         251 	.type	_CRC_16_H1021_Tbl,@object
                         252 	.size	_CRC_16_H1021_Tbl,512
                         253 	.data
                         254 	.ghsnote version,17
                         255 	.ghsnote tools,3
                         256 	.ghsnote options,144
                         257 	.text
                         258 	.align	2
                         259 ..eof.C.3A.5C_ECU2.5CECU_Rivian_A1.5CTarget.5Crepo_projects.5CpRealEcu.5CcR_R2023.2E09.2E15.5Cmake.5Coutput.5Cobjects.5CCrc_16...43.3A.5C_ECU2.5CECU_Rivian_A1.5CTarget.5Crepo_projects.5CpRealEcu.5CcR_R2023.2E09.2E15.5Cmake..65045B23..0::
                         260 	.section	.debug_info
                         261 .Ldw_begin:
00000000 5d020000        262 	.word	.Ldw_end-.Ldw_begin-4
00000004 0200            263 	.byte	2,0
00000006 00000000*       264 	.word	.Ldw_abbr_begin
0000000a 04              265 	.byte	4
                         266 	.section	.debug_abbrev
                         267 .Ldw_abbr_begin:
                         268 	.section	.debug_info
0000000b 01              269 	.byte	1
0000000c 00000000*       270 	.word	..bof.C.3A.5C_ECU2.5CECU_Rivian_A1.5CTarget.5Crepo_projects.5CpRealEcu.5CcR_R2023.2E09.2E15.5Cmake.5Coutput.5Cobjects.5CCrc_16...43.3A.5C_ECU2.5CECU_Rivian_A1.5CTarget.5Crepo_projects.5CpRealEcu.5CcR_R2023.2E09.2E15.5Cmake..65045B23..0
00000010 00000000*       271 	.word	..eof.C.3A.5C_ECU2.5CECU_Rivian_A1.5CTarget.5Crepo_projects.5CpRealEcu.5CcR_R2023.2E09.2E15.5Cmake.5Coutput.5Cobjects.5CCrc_16...43.3A.5C_ECU2.5CECU_Rivian_A1.5CTarget.5Crepo_projects.5CpRealEcu.5CcR_R2023.2E09.2E15.5Cmake..65045B23..0
00000014 2e2e2f736f75    272 	.strz	"../source/wrappers/Crc/Crc_16.c"
0000001a 7263652f7772 
00000020 617070657273 
00000026 2f4372632f43 
0000002c 72635f31362e 
00000032 6300 
00000034 433a5c5f4543    273 	.strz	"C:\\_ECU2\\ECU_Rivian_A1\\Target\\repo_projects\\pRealEcu\\cR_R2023.09.15\\make"
0000003a 55325c454355 
00000040 5f5269766961 
00000046 6e5f41315c54 
0000004c 61726765745c 
00000052 7265706f5f70 
00000058 726f6a656374 
0000005e 735c70526561 
00000064 6c4563755c63 
0000006a 525f52323032 
00000070 332e30392e31 
00000076 355c6d616b65 
0000007c 00 
0000007d 474853204320    274 	.strz	"GHS C 2015.1.7 [dual]"
00000083 323031352e31 
00000089 2e37205b6475 
0000008f 616c5d00 

                                                                      Page 6
                                                              C:\Users\nhuliyap\AppData\Local\Temp\gh_0000drs1.s
00000093 0100            275 	.byte	1,0
00000095 00000000*       276 	.word	.Ldw_line_begin
00000099 00000000*       277 	.word	.Ldw_macinfo_begin
0000009d 00              278 	.byte	0
                         279 
                         280 	.section	.debug_abbrev
00000000 01              281 	.byte	1
00000001 11              282 	.byte	17
00000002 01              283 	.byte	1
00000003 1101            284 	.byte	17,1
00000005 1201            285 	.byte	18,1
00000007 0308            286 	.byte	3,8
00000009 1b08            287 	.byte	27,8
0000000b 2508            288 	.byte	37,8
0000000d 1305            289 	.byte	19,5
0000000f 1006            290 	.byte	16,6
00000011 4306            291 	.byte	67,6
00000013 420b            292 	.byte	66,11
00000015 0000            293 	.byte	0,0
                         294 
                         295 	.section	.debug_line
                         296 .Ldw_line_begin:
00000000 8b020000        297 	.word	.Ldw_line_end-.Ldw_line_begin-4
00000004 0200            298 	.byte	2,0
00000006 00000000*       299 	.word	.Ldw_lpro_end-.Ldw_lpro_begin
                         300 .Ldw_lpro_begin:
0000000a 01              301 	.byte	1
0000000b 00              302 	.byte	0
0000000c 00              303 	.byte	0
0000000d 04              304 	.byte	4
0000000e 0a              305 	.byte	10
0000000f 000101          306 	.byte	0,1,1
00000012 010100          307 	.byte	1,1,0
00000015 000001          308 	.byte	0,0,1
00000018 00              309 	.byte	0
00000019 2e2e2f736f75    310 	.strz	"../source/wrappers/Crc/Crc_16.c"
0000001f 7263652f7772 
00000025 617070657273 
0000002b 2f4372632f43 
00000031 72635f31362e 
00000037 6300 
00000039 000000          311 	.byte	0,0,0
0000003c 2e2e2f736f75    312 	.strz	"../source/common/Std_Types.hpp"
00000042 7263652f636f 
00000048 6d6d6f6e2f53 
0000004e 74645f547970 
00000054 65732e687070 
0000005a 00 
0000005b 000000          313 	.byte	0,0,0
0000005e 2e2e2f736f75    314 	.strz	"../source/common/Platform_Types.hpp"
00000064 7263652f636f 
0000006a 6d6d6f6e2f50 
00000070 6c6174666f72 
00000076 6d5f54797065 
0000007c 732e68707000 
00000082 000000          315 	.byte	0,0,0
00000085 2e2e2f736f75    316 	.strz	"../source/common/Compiler.hpp"
0000008b 7263652f636f 
00000091 6d6d6f6e2f43 
00000097 6f6d70696c65 
0000009d 722e68707000 

                                                                      Page 7
                                                              C:\Users\nhuliyap\AppData\Local\Temp\gh_0000drs1.s
000000a3 000000          317 	.byte	0,0,0
000000a6 2e2e2f736f75    318 	.strz	"../source/ProjectCompiler/Compiler_Cfg.hpp"
000000ac 7263652f5072 
000000b2 6f6a65637443 
000000b8 6f6d70696c65 
000000be 722f436f6d70 
000000c4 696c65725f43 
000000ca 66672e687070 
000000d0 00 
000000d1 000000          319 	.byte	0,0,0
000000d4 2e2e2f736f75    320 	.strz	"../source/ProjectCompiler/CompilerCfg_SwcServiceOs.hpp"
000000da 7263652f5072 
000000e0 6f6a65637443 
000000e6 6f6d70696c65 
000000ec 722f436f6d70 
000000f2 696c65724366 
000000f8 675f53776353 
000000fe 657276696365 
00000104 4f732e687070 
0000010a 00 
0000010b 000000          321 	.byte	0,0,0
0000010e 2e2e2f736f75    322 	.strz	"../source/wrappers/Crc/Crc.hpp"
00000114 7263652f7772 
0000011a 617070657273 
00000120 2f4372632f43 
00000126 72632e687070 
0000012c 00 
0000012d 000000          323 	.byte	0,0,0
00000130 2e2e2f736f75    324 	.strz	"../source/ProjectCfg/Crc_Cfg.hpp"
00000136 7263652f5072 
0000013c 6f6a65637443 
00000142 66672f437263 
00000148 5f4366672e68 
0000014e 707000 
00000151 000000          325 	.byte	0,0,0
00000154 2e2e2f736f75    326 	.strz	"../source/wrappers/Crc/Crc_16.hpp"
0000015a 7263652f7772 
00000160 617070657273 
00000166 2f4372632f43 
0000016c 72635f31362e 
00000172 68707000 
00000176 000000          327 	.byte	0,0,0
00000179 2e2e2f736f75    328 	.strz	"../source/ProjectCompiler/Crc_MemMap.hpp"
0000017f 7263652f5072 
00000185 6f6a65637443 
0000018b 6f6d70696c65 
00000191 722f4372635f 
00000197 4d656d4d6170 
0000019d 2e68707000 
000001a2 000000          329 	.byte	0,0,0
000001a5 2e2e2f736f75    330 	.strz	"../source/ProjectCompiler/Bsw_MemMap.hpp"
000001ab 7263652f5072 
000001b1 6f6a65637443 
000001b7 6f6d70696c65 
000001bd 722f4273775f 
000001c3 4d656d4d6170 
000001c9 2e68707000 
000001ce 000000          331 	.byte	0,0,0
000001d1 2e2e2f736f75    332 	.strz	"../source/ProjectCompiler/MemMap_Common.hpp"
000001d7 7263652f5072 
000001dd 6f6a65637443 

                                                                      Page 8
                                                              C:\Users\nhuliyap\AppData\Local\Temp\gh_0000drs1.s
000001e3 6f6d70696c65 
000001e9 722f4d656d4d 
000001ef 61705f436f6d 
000001f5 6d6f6e2e6870 
000001fb 7000 
000001fd 000000          333 	.byte	0,0,0
00000200 2e2e2f736f75    334 	.strz	"../source/wrappers/Crc/Crc_32.hpp"
00000206 7263652f7772 
0000020c 617070657273 
00000212 2f4372632f43 
00000218 72635f33322e 
0000021e 68707000 
00000222 000000          335 	.byte	0,0,0
00000225 2e2e2f736f75    336 	.strz	"../source/wrappers/Crc/Crc_32P4.hpp"
0000022b 7263652f7772 
00000231 617070657273 
00000237 2f4372632f43 
0000023d 72635f333250 
00000243 342e68707000 
00000249 000000          337 	.byte	0,0,0
0000024c 00              338 	.byte	0
                         339 .Ldw_lpro_end:
                         340 	.section	.debug_macinfo
                         341 .Ldw_macinfo_begin:
                         342 	.section	.debug_frame
                         343 .LDW_4bcafc8:
00000000 00000000*       344 	.word	.LDW_unq_2-.LDW_unq_1
                         345 .LDW_unq_1:
00000004 ffffffff        346 	.byte	255,255,255,255
00000008 01              347 	.byte	1
00000009 00              348 	.byte	0
0000000a 01              349 	.byte	1
0000000b 01              350 	.byte	1
0000000c 1f              351 	.byte	31
0000000d 0c              352 	.byte	12
0000000e 03              353 	.byte	3
0000000f 00              354 	.byte	0
00000010 07              355 	.byte	7
00000011 00              356 	.byte	0
00000012 07              357 	.byte	7
00000013 01              358 	.byte	1
00000014 07              359 	.byte	7
00000015 02              360 	.byte	2
00000016 07              361 	.byte	7
00000017 03              362 	.byte	3
00000018 07              363 	.byte	7
00000019 04              364 	.byte	4
0000001a 07              365 	.byte	7
0000001b 05              366 	.byte	5
0000001c 07              367 	.byte	7
0000001d 06              368 	.byte	6
0000001e 07              369 	.byte	7
0000001f 07              370 	.byte	7
00000020 07              371 	.byte	7
00000021 08              372 	.byte	8
00000022 07              373 	.byte	7
00000023 09              374 	.byte	9
00000024 07              375 	.byte	7
00000025 0a              376 	.byte	10
00000026 07              377 	.byte	7
00000027 0b              378 	.byte	11

                                                                      Page 9
                                                              C:\Users\nhuliyap\AppData\Local\Temp\gh_0000drs1.s
00000028 07              379 	.byte	7
00000029 0c              380 	.byte	12
0000002a 07              381 	.byte	7
0000002b 0d              382 	.byte	13
0000002c 07              383 	.byte	7
0000002d 0e              384 	.byte	14
0000002e 07              385 	.byte	7
0000002f 0f              386 	.byte	15
00000030 07              387 	.byte	7
00000031 10              388 	.byte	16
00000032 07              389 	.byte	7
00000033 11              390 	.byte	17
00000034 07              391 	.byte	7
00000035 12              392 	.byte	18
00000036 07              393 	.byte	7
00000037 13              394 	.byte	19
00000038 08              395 	.byte	8
00000039 14              396 	.byte	20
0000003a 08              397 	.byte	8
0000003b 15              398 	.byte	21
0000003c 08              399 	.byte	8
0000003d 16              400 	.byte	22
0000003e 08              401 	.byte	8
0000003f 17              402 	.byte	23
00000040 08              403 	.byte	8
00000041 18              404 	.byte	24
00000042 08              405 	.byte	8
00000043 19              406 	.byte	25
00000044 08              407 	.byte	8
00000045 1a              408 	.byte	26
00000046 08              409 	.byte	8
00000047 1b              410 	.byte	27
00000048 08              411 	.byte	8
00000049 1c              412 	.byte	28
0000004a 08              413 	.byte	8
0000004b 1d              414 	.byte	29
0000004c 07              415 	.byte	7
0000004d 1e              416 	.byte	30
0000004e 08              417 	.byte	8
0000004f 1f              418 	.byte	31
00000050 07              419 	.byte	7
00000051 20              420 	.byte	32
00000052 07              421 	.byte	7
00000053 21              422 	.byte	33
00000054 07              423 	.byte	7
00000055 22              424 	.byte	34
00000056 07              425 	.byte	7
00000057 23              426 	.byte	35
00000058 07              427 	.byte	7
00000059 24              428 	.byte	36
0000005a 07              429 	.byte	7
0000005b 25              430 	.byte	37
0000005c 07              431 	.byte	7
0000005d 26              432 	.byte	38
0000005e 07              433 	.byte	7
0000005f 27              434 	.byte	39
00000060 07              435 	.byte	7
00000061 28              436 	.byte	40
00000062 07              437 	.byte	7
00000063 29              438 	.byte	41
00000064 07              439 	.byte	7

                                                                      Page 10
                                                              C:\Users\nhuliyap\AppData\Local\Temp\gh_0000drs1.s
00000065 2a              440 	.byte	42
00000066 07              441 	.byte	7
00000067 2b              442 	.byte	43
00000068 07              443 	.byte	7
00000069 2c              444 	.byte	44
0000006a 07              445 	.byte	7
0000006b 2d              446 	.byte	45
0000006c 07              447 	.byte	7
0000006d 2e              448 	.byte	46
0000006e 07              449 	.byte	7
0000006f 2f              450 	.byte	47
00000070 07              451 	.byte	7
00000071 30              452 	.byte	48
00000072 07              453 	.byte	7
00000073 31              454 	.byte	49
00000074 07              455 	.byte	7
00000075 32              456 	.byte	50
00000076 07              457 	.byte	7
00000077 33              458 	.byte	51
00000078 07              459 	.byte	7
00000079 34              460 	.byte	52
0000007a 07              461 	.byte	7
0000007b 35              462 	.byte	53
0000007c 07              463 	.byte	7
0000007d 36              464 	.byte	54
0000007e 07              465 	.byte	7
0000007f 37              466 	.byte	55
00000080 07              467 	.byte	7
00000081 38              468 	.byte	56
00000082 07              469 	.byte	7
00000083 39              470 	.byte	57
00000084 07              471 	.byte	7
00000085 3a              472 	.byte	58
00000086 07              473 	.byte	7
00000087 3b              474 	.byte	59
00000088 07              475 	.byte	7
00000089 3c              476 	.byte	60
0000008a 07              477 	.byte	7
0000008b 3d              478 	.byte	61
0000008c 07              479 	.byte	7
0000008d 3e              480 	.byte	62
0000008e 07              481 	.byte	7
0000008f 3f              482 	.byte	63
                         483 .LDW_unq_2:
                         484 	.section	.debug_info
                         485 .LDW_40370b0:
0000009e 25              486 	.byte	37
0000009f 756e7369676e    487 	.strz	"unsigned short"
000000a5 65642073686f 
000000ab 727400 
000000ae 07              488 	.byte	7
000000af 02              489 	.byte	2
                         490 
                         491 	.section	.debug_abbrev
00000017 25              492 	.byte	37
00000018 24              493 	.byte	36
00000019 00              494 	.byte	0
0000001a 0308            495 	.byte	3,8
0000001c 3e0b            496 	.byte	62,11
0000001e 0b0b            497 	.byte	11,11
00000020 0000            498 	.byte	0,0

                                                                      Page 11
                                                              C:\Users\nhuliyap\AppData\Local\Temp\gh_0000drs1.s
                         499 
                         500 	.section	.debug_info
                         501 .LDW_4037078:
000000b0 25              502 	.byte	37
000000b1 756e7369676e    503 	.strz	"unsigned char"
000000b7 656420636861 
000000bd 7200 
000000bf 08              504 	.byte	8
000000c0 01              505 	.byte	1
                         506 
                         507 .LDW_407edf8:
000000c1 29              508 	.byte	41
000000c2 00000000*       509 	.word	.LDW_407eda0
                         510 
                         511 	.section	.debug_abbrev
00000022 29              512 	.byte	41
00000023 26              513 	.byte	38
00000024 00              514 	.byte	0
00000025 4910            515 	.byte	73,16
00000027 0000            516 	.byte	0,0
                         517 
                         518 	.section	.debug_info
                         519 .LDW_4036f60:
000000c6 2f              520 	.byte	47
000000c7 00000000*       521 	.word	.LDW_407edf8
                         522 
                         523 	.section	.debug_abbrev
00000029 2f              524 	.byte	47
0000002a 0f              525 	.byte	15
0000002b 00              526 	.byte	0
0000002c 4910            527 	.byte	73,16
0000002e 0000            528 	.byte	0,0
                         529 
                         530 	.section	.debug_info
                         531 .LDW_4036da0:
000000cb 25              532 	.byte	37
000000cc 756e7369676e    533 	.strz	"unsigned long"
000000d2 6564206c6f6e 
000000d8 6700 
000000da 07              534 	.byte	7
000000db 04              535 	.byte	4
                         536 
                         537 .LDW_4036e10:
000000dc 44              538 	.byte	68
000000dd 00000000*       539 	.word	.LDW_404ba50
000000e1 01              540 	.byte	1
                         541 
                         542 	.section	.debug_abbrev
00000030 44              543 	.byte	68
00000031 15              544 	.byte	21
00000032 01              545 	.byte	1
00000033 4910            546 	.byte	73,16
00000035 270c            547 	.byte	39,12
00000037 0000            548 	.byte	0,0
                         549 
                         550 	.section	.debug_info
                         551 .LDW_4031638:
000000e2 12              552 	.byte	18
000000e3 00000000*       553 	.word	.LDW_4036f60
000000e7 00              554 	.byte	0
                         555 

                                                                      Page 12
                                                              C:\Users\nhuliyap\AppData\Local\Temp\gh_0000drs1.s
                         556 	.section	.debug_abbrev
00000039 12              557 	.byte	18
0000003a 05              558 	.byte	5
0000003b 00              559 	.byte	0
0000003c 4910            560 	.byte	73,16
0000003e 4b0c            561 	.byte	75,12
00000040 0000            562 	.byte	0,0
                         563 
                         564 	.section	.debug_info
                         565 .LDW_4031758:
000000e8 12              566 	.byte	18
000000e9 00000000*       567 	.word	.LDW_407ee50
000000ed 00              568 	.byte	0
                         569 
                         570 .LDW_4031488:
000000ee 12              571 	.byte	18
000000ef 00000000*       572 	.word	.LDW_404ba50
000000f3 00              573 	.byte	0
                         574 
                         575 .LDW_40312a8:
000000f4 12              576 	.byte	18
000000f5 00000000*       577 	.word	.LDW_407eea8
000000f9 00              578 	.byte	0
                         579 
000000fa 00              580 	.byte	0
                         581 
                         582 .LDW_4036b38:
000000fb 25              583 	.byte	37
000000fc 756e7369676e    584 	.strz	"unsigned int"
00000102 656420696e74 
00000108 00 
00000109 07              585 	.byte	7
0000010a 04              586 	.byte	4
                         587 
                         588 .LDW_4036a58:
0000010b 25              589 	.byte	37
0000010c 696e7400        590 	.strz	"int"
00000110 05              591 	.byte	5
00000111 04              592 	.byte	4
                         593 
                         594 .LDW_407d9b8:
00000112 29              595 	.byte	41
00000113 00000000*       596 	.word	.LDW_404ba50
                         597 
                         598 .LDW_407dc78:
00000117 3a              599 	.byte	58
00000118 00              600 	.byte	0
00000119 8004            601 	.byte	128,4
0000011b 00000000*       602 	.word	.LDW_407d9b8
                         603 
                         604 	.section	.debug_abbrev
00000042 3a              605 	.byte	58
00000043 01              606 	.byte	1
00000044 01              607 	.byte	1
00000045 090b            608 	.byte	9,11
00000047 0b0f            609 	.byte	11,15
00000049 4910            610 	.byte	73,16
0000004b 0000            611 	.byte	0,0
                         612 
                         613 	.section	.debug_info
0000011f 32              614 	.byte	50

                                                                      Page 13
                                                              C:\Users\nhuliyap\AppData\Local\Temp\gh_0000drs1.s
00000120 00000000*       615 	.word	.LDW_4036a58
00000124 04              616 	.byte	4
00000125 00              617 	.byte	0
00000126 ff01            618 	.byte	255,1
                         619 
                         620 	.section	.debug_abbrev
0000004d 32              621 	.byte	50
0000004e 21              622 	.byte	33
0000004f 00              623 	.byte	0
00000050 4910            624 	.byte	73,16
00000052 0b0f            625 	.byte	11,15
00000054 220d            626 	.byte	34,13
00000056 2f0d            627 	.byte	47,13
00000058 0000            628 	.byte	0,0
                         629 
                         630 	.section	.debug_info
00000128 00              631 	.byte	0
                         632 
                         633 .LDW_407eea8:
00000129 28              634 	.byte	40
0000012a 626f6f6c6561    635 	.strz	"boolean"
00000130 6e00 
00000132 4e              636 	.byte	78
00000133 49              637 	.byte	73
00000134 03              638 	.byte	3
00000135 00000000*       639 	.word	.LDW_4037078
                         640 
                         641 	.section	.debug_abbrev
0000005a 28              642 	.byte	40
0000005b 16              643 	.byte	22
0000005c 00              644 	.byte	0
0000005d 0308            645 	.byte	3,8
0000005f 3b0f            646 	.byte	59,15
00000061 390f            647 	.byte	57,15
00000063 3a0f            648 	.byte	58,15
00000065 4910            649 	.byte	73,16
00000067 0000            650 	.byte	0,0
                         651 
                         652 	.section	.debug_info
                         653 .LDW_407eda0:
00000139 28              654 	.byte	40
0000013a 75696e743800    655 	.strz	"uint8"
00000140 50              656 	.byte	80
00000141 4b              657 	.byte	75
00000142 03              658 	.byte	3
00000143 00000000*       659 	.word	.LDW_4037078
                         660 
                         661 .LDW_404ba50:
00000147 28              662 	.byte	40
00000148 75696e743136    663 	.strz	"uint16"
0000014e 00 
0000014f 52              664 	.byte	82
00000150 4a              665 	.byte	74
00000151 03              666 	.byte	3
00000152 00000000*       667 	.word	.LDW_40370b0
                         668 
                         669 .LDW_407ee50:
00000156 28              670 	.byte	40
00000157 75696e743332    671 	.strz	"uint32"
0000015d 00 
0000015e 54              672 	.byte	84

                                                                      Page 14
                                                              C:\Users\nhuliyap\AppData\Local\Temp\gh_0000drs1.s
0000015f 4a              673 	.byte	74
00000160 03              674 	.byte	3
00000161 00000000*       675 	.word	.LDW_4036da0
                         676 
                         677 .LDW_407d150:
00000165 28              678 	.byte	40
00000166 75696e743332    679 	.strz	"uint32_least"
0000016c 5f6c65617374 
00000172 00 
00000173 5a              680 	.byte	90
00000174 44              681 	.byte	68
00000175 03              682 	.byte	3
00000176 00000000*       683 	.word	.LDW_4036b38
                         684 
                         685 .LDW_407d7a8:
0000017a 04              686 	.byte	4
0000017b 4352435f3136    687 	.strz	"CRC_16_H1021_Tbl"
00000181 5f4831303231 
00000187 5f54626c00 
0000018c 07              688 	.byte	7
0000018d 0f              689 	.byte	15
0000018e 01              690 	.byte	1
0000018f 00000000*       691 	.word	.LDW_407dc78
00000193 01              692 	.byte	1
00000194 00              693 	.byte	0
00000195 0503            694 	.byte	5,3
00000197 00000000*       695 	.word	_CRC_16_H1021_Tbl
                         696 
                         697 	.section	.debug_abbrev
00000069 04              698 	.byte	4
0000006a 34              699 	.byte	52
0000006b 00              700 	.byte	0
0000006c 0308            701 	.byte	3,8
0000006e 3b0f            702 	.byte	59,15
00000070 390f            703 	.byte	57,15
00000072 3a0f            704 	.byte	58,15
00000074 4910            705 	.byte	73,16
00000076 3f0c            706 	.byte	63,12
00000078 3c0c            707 	.byte	60,12
0000007a 020a            708 	.byte	2,10
0000007c 0000            709 	.byte	0,0
                         710 
                         711 	.section	.debug_info
                         712 .LDW_407ef00:
0000019b 14              713 	.byte	20
0000019c 4372635f4361    714 	.strz	"Crc_CalculateCRC16"
000001a2 6c63756c6174 
000001a8 654352433136 
000001ae 00 
000001af 30              715 	.byte	48
000001b0 08              716 	.byte	8
000001b1 01              717 	.byte	1
000001b2 00000000*       718 	.word	.LDW_404ba50
000001b6 00000000*       719 	.word	_Crc_CalculateCRC16
000001ba 00000000*       720 	.word	___ghs_eofn_Crc_CalculateCRC16
000001be 0153            721 	.byte	1,83
000001c0 02              722 	.byte	2
000001c1 00              723 	.byte	0
000001c2 02              724 	.byte	2
000001c3 00              725 	.byte	0
000001c4 00              726 	.byte	0

                                                                      Page 15
                                                              C:\Users\nhuliyap\AppData\Local\Temp\gh_0000drs1.s
000001c5 00              727 	.byte	0
000001c6 00              728 	.byte	0
000001c7 01              729 	.byte	1
000001c8 01              730 	.byte	1
000001c9 00              731 	.byte	0
000001ca 01              732 	.byte	1
                         733 
                         734 	.section	.debug_abbrev
0000007e 14              735 	.byte	20
0000007f 2e              736 	.byte	46
00000080 01              737 	.byte	1
00000081 0308            738 	.byte	3,8
00000083 3b0f            739 	.byte	59,15
00000085 390f            740 	.byte	57,15
00000087 3a0f            741 	.byte	58,15
00000089 4910            742 	.byte	73,16
0000008b 1101            743 	.byte	17,1
0000008d 1201            744 	.byte	18,1
0000008f 400a            745 	.byte	64,10
00000091 8341            746 	.byte	131,65
00000093 0f              747 	.byte	15
00000094 8741            748 	.byte	135,65
00000096 0d              749 	.byte	13
00000097 8541            750 	.byte	133,65
00000099 0f              751 	.byte	15
0000009a 8641            752 	.byte	134,65
0000009c 0d              753 	.byte	13
0000009d 9241            754 	.byte	146,65
0000009f 0f              755 	.byte	15
000000a0 3c0c            756 	.byte	60,12
000000a2 200b            757 	.byte	32,11
000000a4 3f0c            758 	.byte	63,12
000000a6 320b            759 	.byte	50,11
000000a8 4c0b            760 	.byte	76,11
000000aa 270c            761 	.byte	39,12
000000ac 0000            762 	.byte	0,0
                         763 
                         764 	.section	.debug_frame
                         765 .LDW_4bb68c0:
00000090 00000000*       766 	.word	.LDW_unq_4-.LDW_unq_3
                         767 .LDW_unq_3:
00000094 00000000*       768 	.word	.LDW_4bcafc8
00000098 00000000*       769 	.word	_Crc_CalculateCRC16
0000009c 00000000*       770 	.word	___ghs_eofn_Crc_CalculateCRC16-_Crc_CalculateCRC16
000000a0 01              771 	.byte	1
000000a1 00000000*       772 	.word	.LDW11
000000a5 00              773 	.byte	0
000000a6 00              774 	.byte	0
000000a7 00              775 	.byte	0
                         776 .LDW_unq_4:
                         777 	.section	.debug_line
0000024d 000502          778 	.byte	0,5,2
00000250 00000000*       779 	.word	_Crc_CalculateCRC16
00000254 03              780 	.byte	3
00000255 31              781 	.byte	49
00000256 02              782 	.byte	2
00000257 00              783 	.byte	0
00000258 01              784 	.byte	1
00000259 06              785 	.byte	6
0000025a 03              786 	.byte	3
0000025b 04              787 	.byte	4

                                                                      Page 16
                                                              C:\Users\nhuliyap\AppData\Local\Temp\gh_0000drs1.s
0000025c 02              788 	.byte	2
0000025d 04              789 	.byte	4
0000025e 01              790 	.byte	1
0000025f 33              791 	.byte	51
00000260 0c              792 	.byte	12
00000261 0b              793 	.byte	11
00000262 0c              794 	.byte	12
00000263 02              795 	.byte	2
00000264 00              796 	.byte	0
00000265 0c              797 	.byte	12
00000266 02              798 	.byte	2
00000267 02              799 	.byte	2
00000268 000502          800 	.byte	0,5,2
0000026b 00000000*       801 	.word	.LDWlin1
0000026f 0d              802 	.byte	13
00000270 24              803 	.byte	36
00000271 000502          804 	.byte	0,5,2
00000274 00000000*       805 	.word	.LDWlin2
00000278 03              806 	.byte	3
00000279 7b              807 	.byte	123
0000027a 02              808 	.byte	2
0000027b 00              809 	.byte	0
0000027c 01              810 	.byte	1
0000027d 000502          811 	.byte	0,5,2
00000280 00000000*       812 	.word	.LDWlin3
00000284 03              813 	.byte	3
00000285 06              814 	.byte	6
00000286 02              815 	.byte	2
00000287 00              816 	.byte	0
00000288 01              817 	.byte	1
00000289 0c              818 	.byte	12
0000028a 02              819 	.byte	2
0000028b 02              820 	.byte	2
0000028c 000101          821 	.byte	0,1,1
                         822 	.section	.debug_info
                         823 .LDW_407cff0:
000001cb 0f              824 	.byte	15
000001cc 4372635f4461    825 	.strz	"Crc_DataPtr"
000001d2 746150747200 
000001d8 30              826 	.byte	48
000001d9 28              827 	.byte	40
000001da 01              828 	.byte	1
000001db 00000000*       829 	.word	.LDW_4036f60
000001df 00              830 	.byte	0
000001e0 0156            831 	.byte	1,86
                         832 
                         833 	.section	.debug_abbrev
000000ae 0f              834 	.byte	15
000000af 05              835 	.byte	5
000000b0 00              836 	.byte	0
000000b1 0308            837 	.byte	3,8
000000b3 3b0f            838 	.byte	59,15
000000b5 390f            839 	.byte	57,15
000000b7 3a0f            840 	.byte	58,15
000000b9 4910            841 	.byte	73,16
000000bb 4b0c            842 	.byte	75,12
000000bd 020a            843 	.byte	2,10
000000bf 0000            844 	.byte	0,0
                         845 
                         846 	.section	.debug_info
                         847 .LDW_407d048:

                                                                      Page 17
                                                              C:\Users\nhuliyap\AppData\Local\Temp\gh_0000drs1.s
000001e2 0f              848 	.byte	15
000001e3 4372635f4c65    849 	.strz	"Crc_Length"
000001e9 6e67746800 
000001ee 30              850 	.byte	48
000001ef 3c              851 	.byte	60
000001f0 01              852 	.byte	1
000001f1 00000000*       853 	.word	.LDW_407ee50
000001f5 00              854 	.byte	0
000001f6 0163            855 	.byte	1,99
                         856 
                         857 .LDW_407d0a0:
000001f8 0f              858 	.byte	15
000001f9 4372635f5374    859 	.strz	"Crc_StartValue16"
000001ff 61727456616c 
00000205 7565313600 
0000020a 30              860 	.byte	48
0000020b 4f              861 	.byte	79
0000020c 01              862 	.byte	1
0000020d 00000000*       863 	.word	.LDW_404ba50
00000211 00              864 	.byte	0
00000212 0158            865 	.byte	1,88
                         866 
                         867 .LDW_407d0f8:
00000214 0f              868 	.byte	15
00000215 4372635f4973    869 	.strz	"Crc_IsFirstCall"
0000021b 466972737443 
00000221 616c6c00 
00000225 31              870 	.byte	49
00000226 12              871 	.byte	18
00000227 01              872 	.byte	1
00000228 00000000*       873 	.word	.LDW_407eea8
0000022c 00              874 	.byte	0
0000022d 0159            875 	.byte	1,89
                         876 
                         877 .LDW_4031668:
0000022f 1d              878 	.byte	29
00000230 00000000*       879 	.word	.LDW01
00000234 00000000*       880 	.word	.LDW11
                         881 
                         882 	.section	.debug_abbrev
000000c1 1d              883 	.byte	29
000000c2 0b              884 	.byte	11
000000c3 01              885 	.byte	1
000000c4 1101            886 	.byte	17,1
000000c6 1201            887 	.byte	18,1
000000c8 0000            888 	.byte	0,0
                         889 
                         890 	.section	.debug_info
                         891 .LDW_407d1a8:
00000238 04              892 	.byte	4
00000239 696e64657800    893 	.strz	"index"
0000023f 33              894 	.byte	51
00000240 14              895 	.byte	20
00000241 01              896 	.byte	1
00000242 00000000*       897 	.word	.LDW_407d150
00000246 00              898 	.byte	0
00000247 00              899 	.byte	0
00000248 0159            900 	.byte	1,89
                         901 
                         902 .LDW_407d200:
0000024a 04              903 	.byte	4

                                                                      Page 18
                                                              C:\Users\nhuliyap\AppData\Local\Temp\gh_0000drs1.s
0000024b 63726354656d    904 	.strz	"crcTemp"
00000251 7000 
00000253 34              905 	.byte	52
00000254 14              906 	.byte	20
00000255 01              907 	.byte	1
00000256 00000000*       908 	.word	.LDW_404ba50
0000025a 00              909 	.byte	0
0000025b 00              910 	.byte	0
0000025c 015a            911 	.byte	1,90
                         912 
0000025e 00              913 	.byte	0
                         914 
0000025f 00              915 	.byte	0
                         916 
00000260 00              917 	.byte	0
                         918 
                         919 	.section	.debug_line
                         920 .Ldw_line_end:
                         921 	.section	.debug_macinfo
00000000 01              922 	.byte	1
00000001 00              923 	.byte	0
00000002 5f5f6768735f    924 	.strz	"__ghs__ 1"
00000008 5f203100 
0000000c 01              925 	.byte	1
0000000d 00              926 	.byte	0
0000000e 5f5f4c4c4f4e    927 	.strz	"__LLONG_BIT 64"
00000014 475f42495420 
0000001a 363400 
0000001d 01              928 	.byte	1
0000001e 00              929 	.byte	0
0000001f 4e4f545f5245    930 	.strz	"NOT_READY_FOR_TESTING_OR_DEPLOYMENT 1"
00000025 4144595f464f 
0000002b 525f54455354 
00000031 494e475f4f52 
00000037 5f4445504c4f 
0000003d 594d454e5420 
00000043 3100 
00000045 03              931 	.byte	3
00000046 00              932 	.byte	0
00000047 01              933 	.byte	1
00000048 03              934 	.byte	3
00000049 01              935 	.byte	1
0000004a 02              936 	.byte	2
0000004b 03              937 	.byte	3
0000004c 1c              938 	.byte	28
0000004d 03              939 	.byte	3
0000004e 01              940 	.byte	1
0000004f 40              941 	.byte	64
00000050 46414c534520    942 	.strz	"FALSE 0u"
00000056 307500 
00000059 04              943 	.byte	4
0000005a 03              944 	.byte	3
0000005b 1d              945 	.byte	29
0000005c 04              946 	.byte	4
0000005d 03              947 	.byte	3
0000005e 1b              948 	.byte	27
0000005f 05              949 	.byte	5
00000060 03              950 	.byte	3
00000061 54              951 	.byte	84
00000062 06              952 	.byte	6
00000063 04              953 	.byte	4

                                                                      Page 19
                                                              C:\Users\nhuliyap\AppData\Local\Temp\gh_0000drs1.s
00000064 04              954 	.byte	4
00000065 04              955 	.byte	4
00000066 04              956 	.byte	4
00000067 03              957 	.byte	3
00000068 03              958 	.byte	3
00000069 07              959 	.byte	7
0000006a 03              960 	.byte	3
0000006b 04              961 	.byte	4
0000006c 08              962 	.byte	8
0000006d 04              963 	.byte	4
0000006e 03              964 	.byte	3
0000006f 05              965 	.byte	5
00000070 09              966 	.byte	9
00000071 01              967 	.byte	1
00000072 06              968 	.byte	6
00000073 4352435f494e    969 	.strz	"CRC_INITIAL_VALUE16 ((uint16)0xFFFFU)"
00000079 495449414c5f 
0000007f 56414c554531 
00000085 362028287569 
0000008b 6e7431362930 
00000091 784646464655 
00000097 2900 
00000099 01              970 	.byte	1
0000009a 0a              971 	.byte	10
0000009b 4352435f3136    972 	.strz	"CRC_16_H1021_JUNK 8U"
000000a1 5f4831303231 
000000a7 5f4a554e4b20 
000000ad 385500 
000000b0 01              973 	.byte	1
000000b1 0b              974 	.byte	11
000000b2 4352435f3136    975 	.strz	"CRC_16_H1021_JUNKREST 8U"
000000b8 5f4831303231 
000000be 5f4a554e4b52 
000000c4 455354203855 
000000ca 00 
000000cb 01              976 	.byte	1
000000cc 0d              977 	.byte	13
000000cd 4352435f3136    978 	.strz	"CRC_16_TABLESIZE 256U"
000000d3 5f5441424c45 
000000d9 53495a452032 
000000df 35365500 
000000e3 01              979 	.byte	1
000000e4 0e              980 	.byte	14
000000e5 4352435f3136    981 	.strz	"CRC_16_TABLEMASK 0xFFU"
000000eb 5f5441424c45 
000000f1 4d41534b2030 
000000f7 7846465500 
000000fc 01              982 	.byte	1
000000fd 10              983 	.byte	16
000000fe 4352435f5354    984 	.strz	"CRC_START_SEC_CONST_16 "
00000104 4152545f5345 
0000010a 435f434f4e53 
00000110 545f31362000 
00000116 03              985 	.byte	3
00000117 11              986 	.byte	17
00000118 0a              987 	.byte	10
00000119 01              988 	.byte	1
0000011a 23              989 	.byte	35
0000011b 4253575f5354    990 	.strz	"BSW_START_SEC_CONST_16 "
00000121 4152545f5345 
00000127 435f434f4e53 

                                                                      Page 20
                                                              C:\Users\nhuliyap\AppData\Local\Temp\gh_0000drs1.s
0000012d 545f31362000 
00000133 03              991 	.byte	3
00000134 24              992 	.byte	36
00000135 0b              993 	.byte	11
00000136 03              994 	.byte	3
00000137 bb09            995 	.byte	187,9
00000139 0c              996 	.byte	12
0000013a 04              997 	.byte	4
0000013b 04              998 	.byte	4
0000013c 04              999 	.byte	4
0000013d 01             1000 	.byte	1
0000013e 13             1001 	.byte	19
0000013f 4352435f5354   1002 	.strz	"CRC_STOP_SEC_CONST_16 "
00000145 4f505f534543 
0000014b 5f434f4e5354 
00000151 5f31362000 
00000156 03             1003 	.byte	3
00000157 14             1004 	.byte	20
00000158 0a             1005 	.byte	10
00000159 01             1006 	.byte	1
0000015a 27             1007 	.byte	39
0000015b 4253575f5354   1008 	.strz	"BSW_STOP_SEC_CONST_16 "
00000161 4f505f534543 
00000167 5f434f4e5354 
0000016d 5f31362000 
00000172 03             1009 	.byte	3
00000173 28             1010 	.byte	40
00000174 0b             1011 	.byte	11
00000175 03             1012 	.byte	3
00000176 bb09           1013 	.byte	187,9
00000178 0c             1014 	.byte	12
00000179 04             1015 	.byte	4
0000017a 04             1016 	.byte	4
0000017b 04             1017 	.byte	4
0000017c 01             1018 	.byte	1
0000017d 16             1019 	.byte	22
0000017e 4352435f5354   1020 	.strz	"CRC_START_SEC_CODE "
00000184 4152545f5345 
0000018a 435f434f4445 
00000190 2000 
00000192 03             1021 	.byte	3
00000193 17             1022 	.byte	23
00000194 0a             1023 	.byte	10
00000195 01             1024 	.byte	1
00000196 07             1025 	.byte	7
00000197 4253575f5354   1026 	.strz	"BSW_START_SEC_CODE "
0000019d 4152545f5345 
000001a3 435f434f4445 
000001a9 2000 
000001ab 03             1027 	.byte	3
000001ac 08             1028 	.byte	8
000001ad 0b             1029 	.byte	11
000001ae 01             1030 	.byte	1
000001af da08           1031 	.byte	218,8
000001b1 53544152545f   1032 	.strz	"START_SEC_CODE "
000001b7 5345435f434f 
000001bd 44452000 
000001c1 03             1033 	.byte	3
000001c2 bb09           1034 	.byte	187,9
000001c4 0c             1035 	.byte	12
000001c5 01             1036 	.byte	1

                                                                      Page 21
                                                              C:\Users\nhuliyap\AppData\Local\Temp\gh_0000drs1.s
000001c6 f307           1037 	.byte	243,7
000001c8 434f44455f53   1038 	.strz	"CODE_SEC_OPEN "
000001ce 45435f4f5045 
000001d4 4e2000 
000001d7 04             1039 	.byte	4
000001d8 04             1040 	.byte	4
000001d9 04             1041 	.byte	4
000001da 01             1042 	.byte	1
000001db 1a             1043 	.byte	26
000001dc 4352435f5354   1044 	.strz	"CRC_STOP_SEC_CODE "
000001e2 4f505f534543 
000001e8 5f434f444520 
000001ee 00 
000001ef 03             1045 	.byte	3
000001f0 1b             1046 	.byte	27
000001f1 0a             1047 	.byte	10
000001f2 01             1048 	.byte	1
000001f3 0c             1049 	.byte	12
000001f4 4253575f5354   1050 	.strz	"BSW_STOP_SEC_CODE "
000001fa 4f505f534543 
00000200 5f434f444520 
00000206 00 
00000207 03             1051 	.byte	3
00000208 0d             1052 	.byte	13
00000209 0b             1053 	.byte	11
0000020a 01             1054 	.byte	1
0000020b de08           1055 	.byte	222,8
0000020d 53544f505f53   1056 	.strz	"STOP_SEC_CODE "
00000213 45435f434f44 
00000219 452000 
0000021c 03             1057 	.byte	3
0000021d bb09           1058 	.byte	187,9
0000021f 0c             1059 	.byte	12
00000220 04             1060 	.byte	4
00000221 04             1061 	.byte	4
00000222 04             1062 	.byte	4
00000223 04             1063 	.byte	4
00000224 03             1064 	.byte	3
00000225 06             1065 	.byte	6
00000226 0d             1066 	.byte	13
00000227 01             1067 	.byte	1
00000228 0f             1068 	.byte	15
00000229 4352435f5354   1069 	.strz	"CRC_START_SEC_CONST_32 "
0000022f 4152545f5345 
00000235 435f434f4e53 
0000023b 545f33322000 
00000241 03             1070 	.byte	3
00000242 10             1071 	.byte	16
00000243 0a             1072 	.byte	10
00000244 01             1073 	.byte	1
00000245 1a             1074 	.byte	26
00000246 4253575f5354   1075 	.strz	"BSW_START_SEC_CONST_32 "
0000024c 4152545f5345 
00000252 435f434f4e53 
00000258 545f33322000 
0000025e 03             1076 	.byte	3
0000025f 1b             1077 	.byte	27
00000260 0b             1078 	.byte	11
00000261 03             1079 	.byte	3
00000262 bb09           1080 	.byte	187,9
00000264 0c             1081 	.byte	12

                                                                      Page 22
                                                              C:\Users\nhuliyap\AppData\Local\Temp\gh_0000drs1.s
00000265 04             1082 	.byte	4
00000266 04             1083 	.byte	4
00000267 04             1084 	.byte	4
00000268 01             1085 	.byte	1
00000269 12             1086 	.byte	18
0000026a 4352435f5354   1087 	.strz	"CRC_STOP_SEC_CONST_32 "
00000270 4f505f534543 
00000276 5f434f4e5354 
0000027c 5f33322000 
00000281 03             1088 	.byte	3
00000282 13             1089 	.byte	19
00000283 0a             1090 	.byte	10
00000284 01             1091 	.byte	1
00000285 1e             1092 	.byte	30
00000286 4253575f5354   1093 	.strz	"BSW_STOP_SEC_CONST_32 "
0000028c 4f505f534543 
00000292 5f434f4e5354 
00000298 5f33322000 
0000029d 03             1094 	.byte	3
0000029e 1f             1095 	.byte	31
0000029f 0b             1096 	.byte	11
000002a0 03             1097 	.byte	3
000002a1 bb09           1098 	.byte	187,9
000002a3 0c             1099 	.byte	12
000002a4 04             1100 	.byte	4
000002a5 04             1101 	.byte	4
000002a6 04             1102 	.byte	4
000002a7 01             1103 	.byte	1
000002a8 15             1104 	.byte	21
000002a9 4352435f5354   1105 	.strz	"CRC_START_SEC_CODE "
000002af 4152545f5345 
000002b5 435f434f4445 
000002bb 2000 
000002bd 03             1106 	.byte	3
000002be 16             1107 	.byte	22
000002bf 0a             1108 	.byte	10
000002c0 01             1109 	.byte	1
000002c1 07             1110 	.byte	7
000002c2 4253575f5354   1111 	.strz	"BSW_START_SEC_CODE "
000002c8 4152545f5345 
000002ce 435f434f4445 
000002d4 2000 
000002d6 03             1112 	.byte	3
000002d7 08             1113 	.byte	8
000002d8 0b             1114 	.byte	11
000002d9 01             1115 	.byte	1
000002da da08           1116 	.byte	218,8
000002dc 53544152545f   1117 	.strz	"START_SEC_CODE "
000002e2 5345435f434f 
000002e8 44452000 
000002ec 03             1118 	.byte	3
000002ed bb09           1119 	.byte	187,9
000002ef 0c             1120 	.byte	12
000002f0 01             1121 	.byte	1
000002f1 f307           1122 	.byte	243,7
000002f3 434f44455f53   1123 	.strz	"CODE_SEC_OPEN "
000002f9 45435f4f5045 
000002ff 4e2000 
00000302 04             1124 	.byte	4
00000303 04             1125 	.byte	4
00000304 04             1126 	.byte	4

                                                                      Page 23
                                                              C:\Users\nhuliyap\AppData\Local\Temp\gh_0000drs1.s
00000305 01             1127 	.byte	1
00000306 19             1128 	.byte	25
00000307 4352435f5354   1129 	.strz	"CRC_STOP_SEC_CODE "
0000030d 4f505f534543 
00000313 5f434f444520 
00000319 00 
0000031a 03             1130 	.byte	3
0000031b 1a             1131 	.byte	26
0000031c 0a             1132 	.byte	10
0000031d 01             1133 	.byte	1
0000031e 0c             1134 	.byte	12
0000031f 4253575f5354   1135 	.strz	"BSW_STOP_SEC_CODE "
00000325 4f505f534543 
0000032b 5f434f444520 
00000331 00 
00000332 03             1136 	.byte	3
00000333 0d             1137 	.byte	13
00000334 0b             1138 	.byte	11
00000335 01             1139 	.byte	1
00000336 de08           1140 	.byte	222,8
00000338 53544f505f53   1141 	.strz	"STOP_SEC_CODE "
0000033e 45435f434f44 
00000344 452000 
00000347 03             1142 	.byte	3
00000348 bb09           1143 	.byte	187,9
0000034a 0c             1144 	.byte	12
0000034b 04             1145 	.byte	4
0000034c 04             1146 	.byte	4
0000034d 04             1147 	.byte	4
0000034e 04             1148 	.byte	4
0000034f 03             1149 	.byte	3
00000350 07             1150 	.byte	7
00000351 0e             1151 	.byte	14
00000352 01             1152 	.byte	1
00000353 0f             1153 	.byte	15
00000354 4352435f5354   1154 	.strz	"CRC_START_SEC_CONST_32 "
0000035a 4152545f5345 
00000360 435f434f4e53 
00000366 545f33322000 
0000036c 03             1155 	.byte	3
0000036d 10             1156 	.byte	16
0000036e 0a             1157 	.byte	10
0000036f 01             1158 	.byte	1
00000370 1a             1159 	.byte	26
00000371 4253575f5354   1160 	.strz	"BSW_START_SEC_CONST_32 "
00000377 4152545f5345 
0000037d 435f434f4e53 
00000383 545f33322000 
00000389 03             1161 	.byte	3
0000038a 1b             1162 	.byte	27
0000038b 0b             1163 	.byte	11
0000038c 03             1164 	.byte	3
0000038d bb09           1165 	.byte	187,9
0000038f 0c             1166 	.byte	12
00000390 04             1167 	.byte	4
00000391 04             1168 	.byte	4
00000392 04             1169 	.byte	4
00000393 01             1170 	.byte	1
00000394 12             1171 	.byte	18
00000395 4352435f5354   1172 	.strz	"CRC_STOP_SEC_CONST_32 "
0000039b 4f505f534543 

                                                                      Page 24
                                                              C:\Users\nhuliyap\AppData\Local\Temp\gh_0000drs1.s
000003a1 5f434f4e5354 
000003a7 5f33322000 
000003ac 03             1173 	.byte	3
000003ad 13             1174 	.byte	19
000003ae 0a             1175 	.byte	10
000003af 01             1176 	.byte	1
000003b0 1e             1177 	.byte	30
000003b1 4253575f5354   1178 	.strz	"BSW_STOP_SEC_CONST_32 "
000003b7 4f505f534543 
000003bd 5f434f4e5354 
000003c3 5f33322000 
000003c8 03             1179 	.byte	3
000003c9 1f             1180 	.byte	31
000003ca 0b             1181 	.byte	11
000003cb 03             1182 	.byte	3
000003cc bb09           1183 	.byte	187,9
000003ce 0c             1184 	.byte	12
000003cf 04             1185 	.byte	4
000003d0 04             1186 	.byte	4
000003d1 04             1187 	.byte	4
000003d2 01             1188 	.byte	1
000003d3 15             1189 	.byte	21
000003d4 4352435f5354   1190 	.strz	"CRC_START_SEC_CODE "
000003da 4152545f5345 
000003e0 435f434f4445 
000003e6 2000 
000003e8 03             1191 	.byte	3
000003e9 16             1192 	.byte	22
000003ea 0a             1193 	.byte	10
000003eb 01             1194 	.byte	1
000003ec 07             1195 	.byte	7
000003ed 4253575f5354   1196 	.strz	"BSW_START_SEC_CODE "
000003f3 4152545f5345 
000003f9 435f434f4445 
000003ff 2000 
00000401 03             1197 	.byte	3
00000402 08             1198 	.byte	8
00000403 0b             1199 	.byte	11
00000404 01             1200 	.byte	1
00000405 da08           1201 	.byte	218,8
00000407 53544152545f   1202 	.strz	"START_SEC_CODE "
0000040d 5345435f434f 
00000413 44452000 
00000417 03             1203 	.byte	3
00000418 bb09           1204 	.byte	187,9
0000041a 0c             1205 	.byte	12
0000041b 01             1206 	.byte	1
0000041c f307           1207 	.byte	243,7
0000041e 434f44455f53   1208 	.strz	"CODE_SEC_OPEN "
00000424 45435f4f5045 
0000042a 4e2000 
0000042d 04             1209 	.byte	4
0000042e 04             1210 	.byte	4
0000042f 04             1211 	.byte	4
00000430 01             1212 	.byte	1
00000431 19             1213 	.byte	25
00000432 4352435f5354   1214 	.strz	"CRC_STOP_SEC_CODE "
00000438 4f505f534543 
0000043e 5f434f444520 
00000444 00 
00000445 03             1215 	.byte	3

                                                                      Page 25
                                                              C:\Users\nhuliyap\AppData\Local\Temp\gh_0000drs1.s
00000446 1a             1216 	.byte	26
00000447 0a             1217 	.byte	10
00000448 01             1218 	.byte	1
00000449 0c             1219 	.byte	12
0000044a 4253575f5354   1220 	.strz	"BSW_STOP_SEC_CODE "
00000450 4f505f534543 
00000456 5f434f444520 
0000045c 00 
0000045d 03             1221 	.byte	3
0000045e 0d             1222 	.byte	13
0000045f 0b             1223 	.byte	11
00000460 01             1224 	.byte	1
00000461 de08           1225 	.byte	222,8
00000463 53544f505f53   1226 	.strz	"STOP_SEC_CODE "
00000469 45435f434f44 
0000046f 452000 
00000472 03             1227 	.byte	3
00000473 bb09           1228 	.byte	187,9
00000475 0c             1229 	.byte	12
00000476 04             1230 	.byte	4
00000477 04             1231 	.byte	4
00000478 04             1232 	.byte	4
00000479 04             1233 	.byte	4
0000047a 01             1234 	.byte	1
0000047b 11             1235 	.byte	17
0000047c 4352435f5354   1236 	.strz	"CRC_START_SEC_CODE "
00000482 4152545f5345 
00000488 435f434f4445 
0000048e 2000 
00000490 03             1237 	.byte	3
00000491 12             1238 	.byte	18
00000492 0a             1239 	.byte	10
00000493 01             1240 	.byte	1
00000494 07             1241 	.byte	7
00000495 4253575f5354   1242 	.strz	"BSW_START_SEC_CODE "
0000049b 4152545f5345 
000004a1 435f434f4445 
000004a7 2000 
000004a9 03             1243 	.byte	3
000004aa 08             1244 	.byte	8
000004ab 0b             1245 	.byte	11
000004ac 01             1246 	.byte	1
000004ad da08           1247 	.byte	218,8
000004af 53544152545f   1248 	.strz	"START_SEC_CODE "
000004b5 5345435f434f 
000004bb 44452000 
000004bf 03             1249 	.byte	3
000004c0 bb09           1250 	.byte	187,9
000004c2 0c             1251 	.byte	12
000004c3 01             1252 	.byte	1
000004c4 f307           1253 	.byte	243,7
000004c6 434f44455f53   1254 	.strz	"CODE_SEC_OPEN "
000004cc 45435f4f5045 
000004d2 4e2000 
000004d5 04             1255 	.byte	4
000004d6 04             1256 	.byte	4
000004d7 04             1257 	.byte	4
000004d8 01             1258 	.byte	1
000004d9 14             1259 	.byte	20
000004da 4352435f5354   1260 	.strz	"CRC_STOP_SEC_CODE "
000004e0 4f505f534543 

                                                                      Page 26
                                                              C:\Users\nhuliyap\AppData\Local\Temp\gh_0000drs1.s
000004e6 5f434f444520 
000004ec 00 
000004ed 03             1261 	.byte	3
000004ee 15             1262 	.byte	21
000004ef 0a             1263 	.byte	10
000004f0 01             1264 	.byte	1
000004f1 0c             1265 	.byte	12
000004f2 4253575f5354   1266 	.strz	"BSW_STOP_SEC_CODE "
000004f8 4f505f534543 
000004fe 5f434f444520 
00000504 00 
00000505 03             1267 	.byte	3
00000506 0d             1268 	.byte	13
00000507 0b             1269 	.byte	11
00000508 01             1270 	.byte	1
00000509 de08           1271 	.byte	222,8
0000050b 53544f505f53   1272 	.strz	"STOP_SEC_CODE "
00000511 45435f434f44 
00000517 452000 
0000051a 03             1273 	.byte	3
0000051b bb09           1274 	.byte	187,9
0000051d 0c             1275 	.byte	12
0000051e 04             1276 	.byte	4
0000051f 04             1277 	.byte	4
00000520 04             1278 	.byte	4
00000521 04             1279 	.byte	4
00000522 01             1280 	.byte	1
00000523 05             1281 	.byte	5
00000524 4352435f5354   1282 	.strz	"CRC_START_SEC_CONST_16 "
0000052a 4152545f5345 
00000530 435f434f4e53 
00000536 545f31362000 
0000053c 03             1283 	.byte	3
0000053d 06             1284 	.byte	6
0000053e 0a             1285 	.byte	10
0000053f 01             1286 	.byte	1
00000540 23             1287 	.byte	35
00000541 4253575f5354   1288 	.strz	"BSW_START_SEC_CONST_16 "
00000547 4152545f5345 
0000054d 435f434f4e53 
00000553 545f31362000 
00000559 03             1289 	.byte	3
0000055a 24             1290 	.byte	36
0000055b 0b             1291 	.byte	11
0000055c 03             1292 	.byte	3
0000055d bb09           1293 	.byte	187,9
0000055f 0c             1294 	.byte	12
00000560 04             1295 	.byte	4
00000561 04             1296 	.byte	4
00000562 04             1297 	.byte	4
00000563 01             1298 	.byte	1
00000564 2a             1299 	.byte	42
00000565 4352435f5354   1300 	.strz	"CRC_STOP_SEC_CONST_16 "
0000056b 4f505f534543 
00000571 5f434f4e5354 
00000577 5f31362000 
0000057c 03             1301 	.byte	3
0000057d 2b             1302 	.byte	43
0000057e 0a             1303 	.byte	10
0000057f 01             1304 	.byte	1
00000580 27             1305 	.byte	39

                                                                      Page 27
                                                              C:\Users\nhuliyap\AppData\Local\Temp\gh_0000drs1.s
00000581 4253575f5354   1306 	.strz	"BSW_STOP_SEC_CONST_16 "
00000587 4f505f534543 
0000058d 5f434f4e5354 
00000593 5f31362000 
00000598 03             1307 	.byte	3
00000599 28             1308 	.byte	40
0000059a 0b             1309 	.byte	11
0000059b 03             1310 	.byte	3
0000059c bb09           1311 	.byte	187,9
0000059e 0c             1312 	.byte	12
0000059f 04             1313 	.byte	4
000005a0 04             1314 	.byte	4
000005a1 04             1315 	.byte	4
000005a2 01             1316 	.byte	1
000005a3 2d             1317 	.byte	45
000005a4 4352435f5354   1318 	.strz	"CRC_START_SEC_CODE "
000005aa 4152545f5345 
000005b0 435f434f4445 
000005b6 2000 
000005b8 03             1319 	.byte	3
000005b9 2e             1320 	.byte	46
000005ba 0a             1321 	.byte	10
000005bb 01             1322 	.byte	1
000005bc 07             1323 	.byte	7
000005bd 4253575f5354   1324 	.strz	"BSW_START_SEC_CODE "
000005c3 4152545f5345 
000005c9 435f434f4445 
000005cf 2000 
000005d1 03             1325 	.byte	3
000005d2 08             1326 	.byte	8
000005d3 0b             1327 	.byte	11
000005d4 01             1328 	.byte	1
000005d5 da08           1329 	.byte	218,8
000005d7 53544152545f   1330 	.strz	"START_SEC_CODE "
000005dd 5345435f434f 
000005e3 44452000 
000005e7 03             1331 	.byte	3
000005e8 bb09           1332 	.byte	187,9
000005ea 0c             1333 	.byte	12
000005eb 01             1334 	.byte	1
000005ec f307           1335 	.byte	243,7
000005ee 434f44455f53   1336 	.strz	"CODE_SEC_OPEN "
000005f4 45435f4f5045 
000005fa 4e2000 
000005fd 04             1337 	.byte	4
000005fe 04             1338 	.byte	4
000005ff 04             1339 	.byte	4
00000600 01             1340 	.byte	1
00000601 49             1341 	.byte	73
00000602 4352435f5354   1342 	.strz	"CRC_STOP_SEC_CODE "
00000608 4f505f534543 
0000060e 5f434f444520 
00000614 00 
00000615 03             1343 	.byte	3
00000616 4a             1344 	.byte	74
00000617 0a             1345 	.byte	10
00000618 01             1346 	.byte	1
00000619 0c             1347 	.byte	12
0000061a 4253575f5354   1348 	.strz	"BSW_STOP_SEC_CODE "
00000620 4f505f534543 
00000626 5f434f444520 

                                                                      Page 28
                                                              C:\Users\nhuliyap\AppData\Local\Temp\gh_0000drs1.s
0000062c 00 
0000062d 03             1349 	.byte	3
0000062e 0d             1350 	.byte	13
0000062f 0b             1351 	.byte	11
00000630 01             1352 	.byte	1
00000631 de08           1353 	.byte	222,8
00000633 53544f505f53   1354 	.strz	"STOP_SEC_CODE "
00000639 45435f434f44 
0000063f 452000 
00000642 03             1355 	.byte	3
00000643 bb09           1356 	.byte	187,9
00000645 0c             1357 	.byte	12
00000646 04             1358 	.byte	4
00000647 04             1359 	.byte	4
00000648 04             1360 	.byte	4
00000649 04             1361 	.byte	4
0000064a 00             1362 	.byte	0
                        1363 	.section	.debug_abbrev
000000ca 00             1364 	.byte	0
                        1365 	.section	.debug_info
                        1366 .Ldw_end:
                        1367 .rh850_flags REGMODE32,DATA_ALIGN8,GP_FIX,EP_NONFIX,TP_FIX,REG2_RESERVE,G3K,GHS_MISALIGN,SDA_EXTRA_REGS_0
