                                                                      Page 1
                                                              C:\Users\nhuliyap\AppData\Local\Temp\gh_0000dg01.s
Command Line: C:\ghs\comp_201517\ease850.exe -w -elf -b0 -I../source/common -I../source/ProjectCompiler -I../source/ProjectCfg -I../source/SwcApplTpms -I../source/SwcApplEcuM -I../source/SwcServiceBswM -I../source/SwcServiceEcuM -I../source/SwcServiceNvM -I../source/SwcServiceOs -I../source/SwcServiceStartUp -I../source/McalAdc -I../source/McalDio -I../source/McalGpt -I../source/McalMcu -I../source/McalWdg -I../source/wrappers -I../source/wrappers/McalAta -I../source/McalLin -I../source/McalCan -I../source/wrappers/OS -I../source/McalFls -I../source/EcuabFee -I../source/EcuabMemIf -I../source/wrappers/VStdLib -I../source/wrappers/Crc -I../source/wrappers/FBL_APPL -I../source/wrappers/NVM_MANAGER -I../source/wrappers/DEM_MANAGER -I../source/wrappers/RDC_MANAGER -I../source/wrappers/ENV_MANAGER -I../source/wrappers/SYS_MANAGER -I../source/wrappers/EcuabCanIf -I../source/EcuabCanTrcv -I../source/wrappers/SwcServiceCanSM -I../source/wrappers/SwcServiceCanTp -I../source/wrappers/SwcServiceCanTp_PreCompile -I../source/wrappers/SwcServiceCom -I../source/wrappers/SwcServiceComM -I../source/wrappers/SwcServiceDcm -I../source/wrappers/SwcServicePduR -I../source/wrappers/SwcServiceEcuM -I../source/wrappers/Bfx -I../source/wrappers/SwcServiceDem -I../source/SwcServiceCom -I../source/SwcServiceDet -I../source/SwcServiceFiM -I../source/SwcServicePduR -I../source/SwcServiceSchM -I../source/wrappers/LibAutosarDiag -I../source/wrappers/rba_BswSrv -IC:\ghs\comp_201517\lib\rh850 -cg_underscore -cpu=rh850g3k -no_v850_simd -rh850_fpsimd=none -nomacro -patch_dbo=C:\_ECU2\ECU_Rivian_A1\Target\repo_projects\pRealEcu\cR_R2023.09.15\make\output\objects\ctrl.dbo -source=ctrl.c -o output\objects\gh_0000dg01.o -list=output\list\ctrl.lst C:\Users\nhuliyap\AppData\Local\Temp\gh_0000dg01.s 
Original File: C:\Users\nhuliyap\AppData\Local\Temp\gh_0000dg01.s
Source File: ctrl.c
Directory: C:\_ECU2\ECU_Rivian_A1\Target\repo_projects\pRealEcu\cR_R2023.09.15\make
Host OS: Windows
EASE: Copyright (C) 1983-2015 Green Hills Software.  All Rights Reserved.
Release: Compiler v2015.1.7
Build Directory: [Directory] BTOWORKER6:c:/build_2015_1_bto/2015-10-21.2100-2015_1_bto/win32-comp-ecom
Revision: [VCInfo] http://toolsvc/branches/release-branch-70-bto/src@544153 (built by build)
Revision Date: Thu Oct 22 07:50:13 2015

Release Date: Thu Oct 22 09:32:32 2015

                           1 --Driver Command: ccv850 ../source/SwcApplTpms/ctrl.c -cpu=rh850 -fhard
                           2 --		-ignore_callt_state_in_interrupts -large_sda -misalign_pack
                           3 --		-nofarcalls -nofloatio -no_callt -Ogeneral -Onounroll
                           4 --		-prepare_dispose -registermode=32 -reserve_r2 -sda=0
                           5 --		-shorten_loads -Wshadow --brief_diagnostics --no_commons
                           6 --		--no_wrap_diagnostics --prototype_errors --short_enum -list -G
                           7 --		-dual_debug -dwarf -X5523 -lnk=-no_xda_modifications -D
                           8 --		NOT_READY_FOR_TESTING_OR_DEPLOYMENT -D IBTCM_SW_ANPASSUNGEN -D
                           9 --		BUILD_RIVIAN -c -inline_prologue -I../source/common
                          10 --		-I../source/ProjectCompiler -I../source/ProjectCfg
                          11 --		-I../source/SwcApplTpms -I../source/SwcApplEcuM
                          12 --		-I../source/SwcServiceBswM -I../source/SwcServiceEcuM
                          13 --		-I../source/SwcServiceNvM -I../source/SwcServiceOs
                          14 --		-I../source/SwcServiceStartUp -I../source/McalAdc
                          15 --		-I../source/McalDio -I../source/McalGpt -I../source/McalMcu
                          16 --		-I../source/McalWdg -I../source/wrappers
                          17 --		-I../source/wrappers/McalAta -I../source/McalLin
                          18 --		-I../source/McalCan -I../source/wrappers/OS -I../source/McalFls
                          19 --		-I../source/EcuabFee -I../source/EcuabMemIf
                          20 --		-I../source/wrappers/VStdLib -I../source/wrappers
                          21 --		-I../source/wrappers/Crc -I../source/wrappers/FBL_APPL
                          22 --		-I../source/wrappers/NVM_MANAGER -I../source/wrappers/DEM_MANAGER
                          23 --		-I../source/wrappers/RDC_MANAGER -I../source/wrappers/ENV_MANAGER
                          24 --		-I../source/wrappers/SYS_MANAGER -I../source/wrappers/EcuabCanIf
                          25 --		-I../source/EcuabCanTrcv -I../source/wrappers/SwcServiceCanSM
                          26 --		-I../source/wrappers/SwcServiceCanTp
                          27 --		-I../source/wrappers/SwcServiceCanTp_PreCompile
                          28 --		-I../source/wrappers/SwcServiceCom
                          29 --		-I../source/wrappers/SwcServiceComM
                          30 --		-I../source/wrappers/SwcServiceDcm
                          31 --		-I../source/wrappers/SwcServicePduR
                          32 --		-I../source/wrappers/SwcServiceEcuM -I../source/wrappers/Bfx
                          33 --		-I../source/wrappers/SwcServiceDem -I../source/SwcServiceCom
                          34 --		-I../source/SwcServiceDet -I../source/SwcServiceFiM
                          35 --		-I../source/SwcServicePduR -I../source/SwcServiceSchM
                          36 --		-I../source/wrappers/LibAutosarDiag
                          37 --		-I../source/wrappers/rba_BswSrv -object_dir=output/objects
                          38 --		-list_dir=output/list
                          39 --Source File:   ../source/SwcApplTpms/ctrl.c
                          40 --Directory:     
                          41 --		C:\_ECU2\ECU_Rivian_A1\Target\repo_projects\pRealEcu\cR_R2023.09.15\make
                          42 --Compile Date:  Fri Sep 15 15:24:53 2023
                          43 --Host OS:       Win32
                          44 --Version:       C-RH850 2015.1.7 RELEASE VERSION
                          45 --Release:       Compiler v2015.1.7
                          46 --Revision Date: Thu Oct 22 08:06:12 2015
                          47 --Release Date:  Thu Oct 22 09:34:32 2015
                          48 -- ecom  -g -w -OM
                          49 	.text
                          50 ..bof.C.3A.5C_ECU2.5CECU_Rivian_A1.5CTarget.5Crepo_projects.5CpRealEcu.5CcR_R2023.2E09.2E15.5Cmake.5Coutput.5Cobjects.5Cctrl...43.3A.5C_ECU2.5CECU_Rivian_A1.5CTarget.5Crepo_projects.5CpRealEcu.5CcR_R2023.2E09.2E15.5Cmake..65045B25..0::

                                                                      Page 2
                                                              C:\Users\nhuliyap\AppData\Local\Temp\gh_0000dg01.s
                          51 	.align	2
                          52 ..gh.f.f.1.e.0:
                          53 	.type	..gh.f.f.1.e.0,@object
                          54 	.size	..gh.f.f.1.e.0,0
                          55 	.global	_ChangeWNParaSubSet
                          56 _ChangeWNParaSubSet:
00000000 80076100         57 	prepare	{r29,r31},0
                          58 --	    .bf
                          59 .LDW01:
00000004 3d0600000000*    60 	mov	_tPSSA,r29
0000000a 9d970100         61 	ld.bu	0[r29],r18
0000000e 6c92             62 	cmp	12,r18
00000010 da0d*            63 	bne	.L4
                          64 --line11
                          65 ..lin.C.3A.5C_ECU2.5CECU_Rivian_A1.5CTarget.5Crepo_projects.5CpRealEcu.5CcR_R2023.2E09.2E15.5Cmake.5Coutput.5Cobjects.5Cctrl.1::
                          66 .LDWlin1:
00000012 1d30             67 	mov	r29,r6
                          68 	jarl	_RdParaSubSet,lp
                          68 <EXPANSION BEGIN>
                          68 jarl22 _RdParaSubSet , lp 
00000014 80ff0000*        68 <EXPANSION END>
                          69 --line13
                          70 ..lin.C.3A.5C_ECU2.5CECU_Rivian_A1.5CTarget.5Crepo_projects.5CpRealEcu.5CcR_R2023.2E09.2E15.5Cmake.5Coutput.5Cobjects.5Cctrl.2::
                          71 .LDWlin2:
00000018 058a             72 	mov	5,r17
0000001a 5d8f0000         73 	st.b	r17,0[r29]
0000001e 1d30             74 	mov	r29,r6
                          75 	jarl	_RdWnValidTMc,lp
                          75 <EXPANSION BEGIN>
                          75 jarl22 _RdWnValidTMc , lp 
00000020 80ff0000*        75 <EXPANSION END>
                          76 --line16
                          77 ..lin.C.3A.5C_ECU2.5CECU_Rivian_A1.5CTarget.5Crepo_projects.5CpRealEcu.5CcR_R2023.2E09.2E15.5Cmake.5Coutput.5Cobjects.5Cctrl.3::
                          78 .LDWlin3:
00000024 0092             79 	mov	0,r18
00000026 5d070000         80 	st.b	zero,0[r29]
                          81 .L4:
0000002a 6d92             82 	cmp	13,r18
0000002c aa15*            83 	bne	.L2
                          84 --line19
                          85 ..lin.C.3A.5C_ECU2.5CECU_Rivian_A1.5CTarget.5Crepo_projects.5CpRealEcu.5CcR_R2023.2E09.2E15.5Cmake.5Coutput.5Cobjects.5Cctrl.4::
                          86 .LDWlin4:
0000002e 5d970000         87 	st.b	r18,0[r29]
00000032 1d30             88 	mov	r29,r6
                          89 	jarl	_WrParaSubSet,lp
                          89 <EXPANSION BEGIN>
                          89 jarl22 _WrParaSubSet , lp 
00000034 80ff0000*        89 <EXPANSION END>
                          90 --line22
                          91 ..lin.C.3A.5C_ECU2.5CECU_Rivian_A1.5CTarget.5Crepo_projects.5CpRealEcu.5CcR_R2023.2E09.2E15.5Cmake.5Coutput.5Cobjects.5Cctrl.5::
                          92 .LDWlin5:
00000038 0482             93 	mov	4,r16
0000003a 5d870000         94 	st.b	r16,0[r29]
0000003e 1d30             95 	mov	r29,r6
                          96 	jarl	_WrWnValidTMc,lp
                          96 <EXPANSION BEGIN>
                          96 jarl22 _WrWnValidTMc , lp 
00000040 80ff0000*        96 <EXPANSION END>
                          97 --line25
                          98 ..lin.C.3A.5C_ECU2.5CECU_Rivian_A1.5CTarget.5Crepo_projects.5CpRealEcu.5CcR_R2023.2E09.2E15.5Cmake.5Coutput.5Cobjects.5Cctrl.6::
                          99 .LDWlin6:

                                                                      Page 3
                                                              C:\Users\nhuliyap\AppData\Local\Temp\gh_0000dg01.s
00000044 0c7a            100 	mov	12,r15
00000046 5d7f0000        101 	st.b	r15,0[r29]
0000004a 1d30            102 	mov	r29,r6
                         103 	jarl	_RdParaSubSet,lp
                         103 <EXPANSION BEGIN>
                         103 jarl22 _RdParaSubSet , lp 
0000004c 80ff0000*       103 <EXPANSION END>
                         104 .L2:
                         105 --	    .ef
                         106 .LDW11:
                         107 --line29
                         108 ..lin.C.3A.5C_ECU2.5CECU_Rivian_A1.5CTarget.5Crepo_projects.5CpRealEcu.5CcR_R2023.2E09.2E15.5Cmake.5Coutput.5Cobjects.5Cctrl.7::
                         109 .LDWlin7:
00000050 40067f00        110 	dispose	0,{r29,r31},[lp]
                         111 	.global	___ghs_eofn_ChangeWNParaSubSet
                         112 ___ghs_eofn_ChangeWNParaSubSet:
                         113 	.type	_ChangeWNParaSubSet,@function
                         114 	.size	_ChangeWNParaSubSet,.-_ChangeWNParaSubSet
                         115 	.align	2
                         116 
                         117 	.section ".bss","awb"
                         118 .L60:
                         119 	.type	.L60,@object
                         120 	.size	.L60,0
                         121 	.data
                         122 	.text
                         123 	.align	2
                         124 	.align	2
                         125 ..gh.f.f.1.e.1:
                         126 	.type	..gh.f.f.1.e.1,@object
                         127 	.size	..gh.f.f.1.e.1,0
                         128 	.global	_ucUSWAlgoPara
                         129 _ucUSWAlgoPara:
00000054 8407e130        130 	prepare	{r26,r27,r28,r29,r31},2
00000058 07d0            131 	mov	r7,r26
0000005a 06d8            132 	mov	r6,r27
0000005c 9a00            133 	zxb	r26
0000005e 08e0            134 	mov	r8,r28
                         135 --	    .bf
                         136 .LDW21:
00000060 3d0600000000*   137 	mov	_tPSSA,r29
00000066 0c7a            138 	mov	12,r15
00000068 5d7f0000        139 	st.b	r15,0[r29]
                         140 --line41
                         141 ..lin.C.3A.5C_ECU2.5CECU_Rivian_A1.5CTarget.5Crepo_projects.5CpRealEcu.5CcR_R2023.2E09.2E15.5Cmake.5Coutput.5Cobjects.5Cctrl.8::
                         142 .LDWlin8:
                         143 	jarl	_ChangeWNParaSubSet,lp
                         143 <EXPANSION BEGIN>
                         143 jarl22 _ChangeWNParaSubSet , lp 
0000006c bfff94ff*       143 <EXPANSION END>
                         144 --line42
                         145 ..lin.C.3A.5C_ECU2.5CECU_Rivian_A1.5CTarget.5Crepo_projects.5CpRealEcu.5CcR_R2023.2E09.2E15.5Cmake.5Coutput.5Cobjects.5Cctrl.9::
                         146 .LDWlin9:
00000070 bc4f0100        147 	ld.bu	1[r28],r9
00000074 1df60100        148 	addi	1,r29,ep
00000078 db864000        149 	andi	64,r27,r16
0000007c c94ebf00        150 	andi	191,r9,r9
00000080 5d4f0100        151 	st.b	r9,1[r29]
00000084 1006c0ff        152 	addi	-64,r16,zero
00000088 ca05*           153 	bne	.L113
                         154 --line45

                                                                      Page 4
                                                              C:\Users\nhuliyap\AppData\Local\Temp\gh_0000dg01.s
                         155 ..lin.C.3A.5C_ECU2.5CECU_Rivian_A1.5CTarget.5Crepo_projects.5CpRealEcu.5CcR_R2023.2E09.2E15.5Cmake.5Coutput.5Cobjects.5Cctrl.10::
                         156 .LDWlin10:
0000008a 897e4000        157 	ori	64,r9,r15
0000008e 807b            158 	sst.b	r15,0[ep]
                         159 .L113:
00000090 9c770300        160 	ld.bu	2[r28],r14
00000094 0d42            161 	mov	13,r8
00000096 8173            162 	sst.b	r14,1[ep]
00000098 1cf0            163 	mov	r28,ep
0000009a 036b            164 	sld.b	3[ep],r13
0000009c 5d6f0300        165 	st.b	r13,3[r29]
000000a0 6460            166 	sld.bu	4[ep],r12
000000a2 5d670400        167 	st.b	r12,4[r29]
000000a6 6558            168 	sld.bu	5[ep],r11
000000a8 5d5f0500        169 	st.b	r11,5[r29]
000000ac 6650            170 	sld.bu	6[ep],r10
000000ae 5d570600        171 	st.b	r10,6[r29]
000000b2 6748            172 	sld.bu	7[ep],r9
000000b4 1df0            173 	mov	r29,ep
000000b6 8043            174 	sst.b	r8,0[ep]
000000b8 874b            175 	sst.b	r9,7[ep]
                         176 	jarl	_ChangeWNParaSubSet,lp
                         176 <EXPANSION BEGIN>
                         176 jarl22 _ChangeWNParaSubSet , lp 
000000ba bfff46ff*       176 <EXPANSION END>
                         177 --line56
                         178 ..lin.C.3A.5C_ECU2.5CECU_Rivian_A1.5CTarget.5Crepo_projects.5CpRealEcu.5CcR_R2023.2E09.2E15.5Cmake.5Coutput.5Cobjects.5Cctrl.11::
                         179 .LDWlin11:
000000be db3e0300        180 	andi	3,r27,r7
000000c2 1a50            181 	mov	r26,r10
000000c4 30061f85eb51    182 	mov	1374389535,r16
000000ca 613a            183 	cmp	1,r7
000000cc 8a0d*           184 	bne	.L115
                         185 --line57
                         186 ..lin.C.3A.5C_ECU2.5CECU_Rivian_A1.5CTarget.5Crepo_projects.5CpRealEcu.5CcR_R2023.2E09.2E15.5Cmake.5Coutput.5Cobjects.5Cctrl.12::
                         187 .LDWlin12:
000000ce fa7e1900        188 	mulhi	25,r26,r15
000000d2 cf00            189 	zxh	r15
000000d4 f07f204a        190 	mul	r16,r15,r9
000000d8 854a            191 	shr	5,r9
000000da f505*           192 	br	.L117
                         193 .L115:
                         194 --line60
                         195 ..lin.C.3A.5C_ECU2.5CECU_Rivian_A1.5CTarget.5Crepo_projects.5CpRealEcu.5CcR_R2023.2E09.2E15.5Cmake.5Coutput.5Cobjects.5Cctrl.13::
                         196 .LDWlin13:
000000dc 1a30            197 	mov	r26,r6
000000de c432            198 	shl	4,r6
000000e0 f037203a        199 	mul	r16,r6,r7
000000e4 853a            200 	shr	5,r7
000000e6 0748            201 	mov	r7,r9
                         202 .L117:
000000e8 a951            203 	sub	r9,r10
000000ea 20861700        204 	movea	23,zero,r16
000000ee 03f0            205 	mov	sp,ep
000000f0 8083            206 	sst.b	r16,0[ep]
000000f2 8153            207 	sst.b	r10,1[ep]
000000f4 0432            208 	mov	4,r6
000000f6 0338            209 	mov	sp,r7
                         210 	jarl	_ucWarnManagerWN,lp
                         210 <EXPANSION BEGIN>
                         210 jarl22 _ucWarnManagerWN , lp 

                                                                      Page 5
                                                              C:\Users\nhuliyap\AppData\Local\Temp\gh_0000dg01.s
000000f8 80ff0000*       210 <EXPANSION END>
                         211 --line67
                         212 ..lin.C.3A.5C_ECU2.5CECU_Rivian_A1.5CTarget.5Crepo_projects.5CpRealEcu.5CcR_R2023.2E09.2E15.5Cmake.5Coutput.5Cobjects.5Cctrl.14::
                         213 .LDWlin14:
000000fc 0f7a            214 	mov	15,r15
000000fe 03f0            215 	mov	sp,ep
00000100 807b            216 	sst.b	r15,0[ep]
00000102 82d3            217 	sst.b	r26,2[ep]
00000104 8303            218 	sst.b	zero,3[ep]
00000106 00ea            219 	mov	0,r29
                         220 .L122:
00000108 0a0601ff        221 	addi	-255,r10,zero
0000010c b20d*           222 	be	.L118
                         223 --line71
                         224 ..lin.C.3A.5C_ECU2.5CECU_Rivian_A1.5CTarget.5Crepo_projects.5CpRealEcu.5CcR_R2023.2E09.2E15.5Cmake.5Coutput.5Cobjects.5Cctrl.15::
                         225 .LDWlin15:
0000010e 43ef0100        226 	st.b	r29,1[sp]
00000112 0432            227 	mov	4,r6
00000114 0338            228 	mov	sp,r7
                         229 	jarl	_ucWarnManagerWN,lp
                         229 <EXPANSION BEGIN>
                         229 jarl22 _ucWarnManagerWN , lp 
00000116 80ff0000*       229 <EXPANSION END>
                         230 --line70
                         231 ..lin.C.3A.5C_ECU2.5CECU_Rivian_A1.5CTarget.5Crepo_projects.5CpRealEcu.5CcR_R2023.2E09.2E15.5Cmake.5Coutput.5Cobjects.5Cctrl.16::
                         232 .LDWlin16:
0000011a 41ea            233 	add	1,r29
0000011c 9d00            234 	zxb	r29
0000011e 64ea            235 	cmp	4,r29
00000120 c1f5*           236 	bl	.L122
                         237 .L118:
                         238 --	    .ef
                         239 .LDW31:
                         240 --line76
                         241 ..lin.C.3A.5C_ECU2.5CECU_Rivian_A1.5CTarget.5Crepo_projects.5CpRealEcu.5CcR_R2023.2E09.2E15.5Cmake.5Coutput.5Cobjects.5Cctrl.17::
                         242 .LDWlin17:
00000122 4406ff30        243 	dispose	2,{r26,r27,r28,r29,r31},[lp]
                         244 	.global	___ghs_eofn_ucUSWAlgoPara
                         245 ___ghs_eofn_ucUSWAlgoPara:
                         246 	.type	_ucUSWAlgoPara,@function
                         247 	.size	_ucUSWAlgoPara,.-_ucUSWAlgoPara
                         248 	.align	2
                         249 --_ucHelp	r10	local
                         250 --_aucDgService	0[sp]	local
                         251 --_ucLoop	r29	local
                         252 
                         253 --_ucType	r27	param
                         254 --_ucPres	r26	param
                         255 --_ptPara	r28	param
                         256 
                         257 	.section ".bss","awb"
                         258 .L250:
                         259 	.type	.L250,@object
                         260 	.size	.L250,0
                         261 	.data
                         262 	.text
                         263 	.align	2
                         264 	.align	2
                         265 ..gh.f.f.1.e.2:
                         266 	.type	..gh.f.f.1.e.2,@object
                         267 	.size	..gh.f.f.1.e.2,0

                                                                      Page 6
                                                              C:\Users\nhuliyap\AppData\Local\Temp\gh_0000dg01.s
                         268 	.global	_InitUSWAlgo
                         269 _InitUSWAlgo:
00000126 8607a100        270 	prepare	{r28,r31},3
0000012a 06e0            271 	mov	r6,r28
                         272 --	    .bf
                         273 .LDW41:
0000012c 43070000        274 	st.b	zero,0[sp]
00000130 0132            275 	mov	1,r6
00000132 0338            276 	mov	sp,r7
                         277 	jarl	_ucWarnManagerWN,lp
                         277 <EXPANSION BEGIN>
                         277 jarl22 _ucWarnManagerWN , lp 
00000134 80ff0000*       277 <EXPANSION END>
                         278 --line86
                         279 ..lin.C.3A.5C_ECU2.5CECU_Rivian_A1.5CTarget.5Crepo_projects.5CpRealEcu.5CcR_R2023.2E09.2E15.5Cmake.5Coutput.5Cobjects.5Cctrl.18::
                         280 .LDWlin18:
00000138 03f0            281 	mov	sp,ep
0000013a 8003            282 	sst.b	zero,0[ep]
0000013c 8103            283 	sst.b	zero,1[ep]
0000013e 8203            284 	sst.b	zero,2[ep]
00000140 0132            285 	mov	1,r6
00000142 0338            286 	mov	sp,r7
                         287 	jarl	_ucTSSMsgManagerTM,lp
                         287 <EXPANSION BEGIN>
                         287 jarl22 _ucTSSMsgManagerTM , lp 
00000144 80ff0000*       287 <EXPANSION END>
00000148 43570000        288 	st.b	r10,0[sp]
                         289 --line92
                         290 ..lin.C.3A.5C_ECU2.5CECU_Rivian_A1.5CTarget.5Crepo_projects.5CpRealEcu.5CcR_R2023.2E09.2E15.5Cmake.5Coutput.5Cobjects.5Cctrl.19::
                         291 .LDWlin19:
0000014c 0832            292 	mov	8,r6
                         293 	jarl	_TimerWT,lp
                         293 <EXPANSION BEGIN>
                         293 jarl22 _TimerWT , lp 
0000014e 80ff0000*       293 <EXPANSION END>
                         294 --line94
                         295 ..lin.C.3A.5C_ECU2.5CECU_Rivian_A1.5CTarget.5Crepo_projects.5CpRealEcu.5CcR_R2023.2E09.2E15.5Cmake.5Coutput.5Cobjects.5Cctrl.20::
                         296 .LDWlin20:
00000152 20861300        297 	movea	19,zero,r16
00000156 43870100        298 	st.b	r16,1[sp]
0000015a 033e0100        299 	addi	1,sp,r7
0000015e 0432            300 	mov	4,r6
                         301 	jarl	_ucWarnManagerWN,lp
                         301 <EXPANSION BEGIN>
                         301 jarl22 _ucWarnManagerWN , lp 
00000160 80ff0000*       301 <EXPANSION END>
                         302 --line98
                         303 ..lin.C.3A.5C_ECU2.5CECU_Rivian_A1.5CTarget.5Crepo_projects.5CpRealEcu.5CcR_R2023.2E09.2E15.5Cmake.5Coutput.5Cobjects.5Cctrl.21::
                         304 .LDWlin21:
00000164 097a            305 	mov	9,r15
00000166 437f0000        306 	st.b	r15,0[sp]
0000016a 0432            307 	mov	4,r6
0000016c 0338            308 	mov	sp,r7
                         309 	jarl	_ucTSSMsgManagerTM,lp
                         309 <EXPANSION BEGIN>
                         309 jarl22 _ucTSSMsgManagerTM , lp 
0000016e 80ff0000*       309 <EXPANSION END>
                         310 --line103
                         311 ..lin.C.3A.5C_ECU2.5CECU_Rivian_A1.5CTarget.5Crepo_projects.5CpRealEcu.5CcR_R2023.2E09.2E15.5Cmake.5Coutput.5Cobjects.5Cctrl.22::
                         312 .LDWlin22:
00000172 9c6f0100        313 	ld.bu	0[r28],r13

                                                                      Page 7
                                                              C:\Users\nhuliyap\AppData\Local\Temp\gh_0000dg01.s
00000176 0272            314 	mov	2,r14
00000178 03f0            315 	mov	sp,ep
0000017a 8073            316 	sst.b	r14,0[ep]
0000017c 816b            317 	sst.b	r13,1[ep]
0000017e 0092            318 	mov	0,r18
                         319 .L347:
00000180 1288            320 	mov	r18,r17
00000182 dc89            321 	add	r28,r17
00000184 b15f0100        322 	ld.bu	1[r17],r11
00000188 12f0            323 	mov	r18,ep
0000018a c3f1            324 	add	sp,ep
0000018c 4192            325 	add	1,r18
0000018e 825b            326 	sst.b	r11,2[ep]
00000190 6392            327 	cmp	3,r18
00000192 f1f5*           328 	bl	.L347
                         329 --line107
                         330 ..lin.C.3A.5C_ECU2.5CECU_Rivian_A1.5CTarget.5Crepo_projects.5CpRealEcu.5CcR_R2023.2E09.2E15.5Cmake.5Coutput.5Cobjects.5Cctrl.23::
                         331 .LDWlin23:
00000194 0432            332 	mov	4,r6
00000196 0338            333 	mov	sp,r7
                         334 	jarl	_ucTSSMsgManagerTM,lp
                         334 <EXPANSION BEGIN>
                         334 jarl22 _ucTSSMsgManagerTM , lp 
00000198 80ff0000*       334 <EXPANSION END>
                         335 --	    .ef
                         336 .LDW51:
                         337 --line110
                         338 ..lin.C.3A.5C_ECU2.5CECU_Rivian_A1.5CTarget.5Crepo_projects.5CpRealEcu.5CcR_R2023.2E09.2E15.5Cmake.5Coutput.5Cobjects.5Cctrl.24::
                         339 .LDWlin24:
0000019c 4606bf00        340 	dispose	3,{r28,r31},[lp]
                         341 	.global	___ghs_eofn_InitUSWAlgo
                         342 ___ghs_eofn_InitUSWAlgo:
                         343 	.type	_InitUSWAlgo,@function
                         344 	.size	_InitUSWAlgo,.-_InitUSWAlgo
                         345 	.align	2
                         346 --_aucDgServ	0[sp]	local
                         347 --_i	r18	local
                         348 
                         349 --_ptWPos	r28	param
                         350 
                         351 	.section ".bss","awb"
                         352 .L379:
                         353 	.type	.L379,@object
                         354 	.size	.L379,0
                         355 	.data
                         356 	.text
                         357 	.align	2
                         358 
                         359 	.data
                         360 	.section ".bss","awb"
                         361 	.align	4
                         362 	.align	4
                         363 	.global	_tPSSA
00000000 000000000000    364 _tPSSA:	.space	8
00000006 0000 
                         365 	.type	_tPSSA,@object
                         366 	.size	_tPSSA,8
                         367 	.data
                         368 	.ghsnote version,17
                         369 	.ghsnote tools,3
                         370 	.ghsnote options,144

                                                                      Page 8
                                                              C:\Users\nhuliyap\AppData\Local\Temp\gh_0000dg01.s
                         371 	.text
                         372 	.align	2
                         373 ..eof.C.3A.5C_ECU2.5CECU_Rivian_A1.5CTarget.5Crepo_projects.5CpRealEcu.5CcR_R2023.2E09.2E15.5Cmake.5Coutput.5Cobjects.5Cctrl...43.3A.5C_ECU2.5CECU_Rivian_A1.5CTarget.5Crepo_projects.5CpRealEcu.5CcR_R2023.2E09.2E15.5Cmake..65045B25..0::
                         374 	.section	.debug_info
                         375 .Ldw_begin:
00000000 bb040000        376 	.word	.Ldw_end-.Ldw_begin-4
00000004 0200            377 	.byte	2,0
00000006 00000000*       378 	.word	.Ldw_abbr_begin
0000000a 04              379 	.byte	4
                         380 	.section	.debug_abbrev
                         381 .Ldw_abbr_begin:
                         382 	.section	.debug_info
0000000b 01              383 	.byte	1
0000000c 00000000*       384 	.word	..bof.C.3A.5C_ECU2.5CECU_Rivian_A1.5CTarget.5Crepo_projects.5CpRealEcu.5CcR_R2023.2E09.2E15.5Cmake.5Coutput.5Cobjects.5Cctrl...43.3A.5C_ECU2.5CECU_Rivian_A1.5CTarget.5Crepo_projects.5CpRealEcu.5CcR_R2023.2E09.2E15.5Cmake..65045B25..0
00000010 00000000*       385 	.word	..eof.C.3A.5C_ECU2.5CECU_Rivian_A1.5CTarget.5Crepo_projects.5CpRealEcu.5CcR_R2023.2E09.2E15.5Cmake.5Coutput.5Cobjects.5Cctrl...43.3A.5C_ECU2.5CECU_Rivian_A1.5CTarget.5Crepo_projects.5CpRealEcu.5CcR_R2023.2E09.2E15.5Cmake..65045B25..0
00000014 2e2e2f736f75    386 	.strz	"../source/SwcApplTpms/ctrl.c"
0000001a 7263652f5377 
00000020 634170706c54 
00000026 706d732f6374 
0000002c 726c2e6300 
00000031 433a5c5f4543    387 	.strz	"C:\\_ECU2\\ECU_Rivian_A1\\Target\\repo_projects\\pRealEcu\\cR_R2023.09.15\\make"
00000037 55325c454355 
0000003d 5f5269766961 
00000043 6e5f41315c54 
00000049 61726765745c 
0000004f 7265706f5f70 
00000055 726f6a656374 
0000005b 735c70526561 
00000061 6c4563755c63 
00000067 525f52323032 
0000006d 332e30392e31 
00000073 355c6d616b65 
00000079 00 
0000007a 474853204320    388 	.strz	"GHS C 2015.1.7 [dual]"
00000080 323031352e31 
00000086 2e37205b6475 
0000008c 616c5d00 
00000090 0100            389 	.byte	1,0
00000092 00000000*       390 	.word	.Ldw_line_begin
00000096 00000000*       391 	.word	.Ldw_macinfo_begin
0000009a 00              392 	.byte	0
                         393 
                         394 	.section	.debug_abbrev
00000000 01              395 	.byte	1
00000001 11              396 	.byte	17
00000002 01              397 	.byte	1
00000003 1101            398 	.byte	17,1
00000005 1201            399 	.byte	18,1
00000007 0308            400 	.byte	3,8
00000009 1b08            401 	.byte	27,8
0000000b 2508            402 	.byte	37,8
0000000d 1305            403 	.byte	19,5
0000000f 1006            404 	.byte	16,6
00000011 4306            405 	.byte	67,6
00000013 420b            406 	.byte	66,11
00000015 0000            407 	.byte	0,0
                         408 
                         409 	.section	.debug_line
                         410 .Ldw_line_begin:
00000000 fd020000        411 	.word	.Ldw_line_end-.Ldw_line_begin-4
00000004 0200            412 	.byte	2,0

                                                                      Page 9
                                                              C:\Users\nhuliyap\AppData\Local\Temp\gh_0000dg01.s
00000006 00000000*       413 	.word	.Ldw_lpro_end-.Ldw_lpro_begin
                         414 .Ldw_lpro_begin:
0000000a 01              415 	.byte	1
0000000b 00              416 	.byte	0
0000000c 00              417 	.byte	0
0000000d 04              418 	.byte	4
0000000e 0a              419 	.byte	10
0000000f 000101          420 	.byte	0,1,1
00000012 010100          421 	.byte	1,1,0
00000015 000001          422 	.byte	0,0,1
00000018 00              423 	.byte	0
00000019 2e2e2f736f75    424 	.strz	"../source/SwcApplTpms/ctrl.c"
0000001f 7263652f5377 
00000025 634170706c54 
0000002b 706d732f6374 
00000031 726c2e6300 
00000036 000000          425 	.byte	0,0,0
00000039 2e2e2f736f75    426 	.strz	"../source/common/Std_Types.hpp"
0000003f 7263652f636f 
00000045 6d6d6f6e2f53 
0000004b 74645f547970 
00000051 65732e687070 
00000057 00 
00000058 000000          427 	.byte	0,0,0
0000005b 2e2e2f736f75    428 	.strz	"../source/common/Platform_Types.hpp"
00000061 7263652f636f 
00000067 6d6d6f6e2f50 
0000006d 6c6174666f72 
00000073 6d5f54797065 
00000079 732e68707000 
0000007f 000000          429 	.byte	0,0,0
00000082 2e2e2f736f75    430 	.strz	"../source/common/Compiler.hpp"
00000088 7263652f636f 
0000008e 6d6d6f6e2f43 
00000094 6f6d70696c65 
0000009a 722e68707000 
000000a0 000000          431 	.byte	0,0,0
000000a3 2e2e2f736f75    432 	.strz	"../source/ProjectCompiler/Compiler_Cfg.hpp"
000000a9 7263652f5072 
000000af 6f6a65637443 
000000b5 6f6d70696c65 
000000bb 722f436f6d70 
000000c1 696c65725f43 
000000c7 66672e687070 
000000cd 00 
000000ce 000000          433 	.byte	0,0,0
000000d1 2e2e2f736f75    434 	.strz	"../source/ProjectCompiler/CompilerCfg_SwcServiceOs.hpp"
000000d7 7263652f5072 
000000dd 6f6a65637443 
000000e3 6f6d70696c65 
000000e9 722f436f6d70 
000000ef 696c65724366 
000000f5 675f53776353 
000000fb 657276696365 
00000101 4f732e687070 
00000107 00 
00000108 000000          435 	.byte	0,0,0
0000010b 2e2e2f736f75    436 	.strz	"../source/SwcApplTpms/USWarnX.hpp"
00000111 7263652f5377 
00000117 634170706c54 
0000011d 706d732f5553 

                                                                      Page 10
                                                              C:\Users\nhuliyap\AppData\Local\Temp\gh_0000dg01.s
00000123 5761726e582e 
00000129 68707000 
0000012d 000000          437 	.byte	0,0,0
00000130 2e2e2f736f75    438 	.strz	"../source/SwcApplTpms/global.hpp"
00000136 7263652f5377 
0000013c 634170706c54 
00000142 706d732f676c 
00000148 6f62616c2e68 
0000014e 707000 
00000151 000000          439 	.byte	0,0,0
00000154 2e2e2f736f75    440 	.strz	"../source/SwcApplTpms/Tpms_Rte_Data_Type.hpp"
0000015a 7263652f5377 
00000160 634170706c54 
00000166 706d732f5470 
0000016c 6d735f527465 
00000172 5f446174615f 
00000178 547970652e68 
0000017e 707000 
00000181 000000          441 	.byte	0,0,0
00000184 2e2e2f736f75    442 	.strz	"../source/McalMcu/Types.hpp"
0000018a 7263652f4d63 
00000190 616c4d63752f 
00000196 54797065732e 
0000019c 68707000 
000001a0 000000          443 	.byte	0,0,0
000001a3 00              444 	.byte	0
                         445 .Ldw_lpro_end:
                         446 	.section	.debug_macinfo
                         447 .Ldw_macinfo_begin:
                         448 	.section	.debug_frame
                         449 .LDW_4948310:
00000000 00000000*       450 	.word	.LDW_unq_2-.LDW_unq_1
                         451 .LDW_unq_1:
00000004 ffffffff        452 	.byte	255,255,255,255
00000008 01              453 	.byte	1
00000009 00              454 	.byte	0
0000000a 01              455 	.byte	1
0000000b 01              456 	.byte	1
0000000c 1f              457 	.byte	31
0000000d 0c              458 	.byte	12
0000000e 03              459 	.byte	3
0000000f 00              460 	.byte	0
00000010 07              461 	.byte	7
00000011 00              462 	.byte	0
00000012 07              463 	.byte	7
00000013 01              464 	.byte	1
00000014 07              465 	.byte	7
00000015 02              466 	.byte	2
00000016 07              467 	.byte	7
00000017 03              468 	.byte	3
00000018 07              469 	.byte	7
00000019 04              470 	.byte	4
0000001a 07              471 	.byte	7
0000001b 05              472 	.byte	5
0000001c 07              473 	.byte	7
0000001d 06              474 	.byte	6
0000001e 07              475 	.byte	7
0000001f 07              476 	.byte	7
00000020 07              477 	.byte	7
00000021 08              478 	.byte	8
00000022 07              479 	.byte	7

                                                                      Page 11
                                                              C:\Users\nhuliyap\AppData\Local\Temp\gh_0000dg01.s
00000023 09              480 	.byte	9
00000024 07              481 	.byte	7
00000025 0a              482 	.byte	10
00000026 07              483 	.byte	7
00000027 0b              484 	.byte	11
00000028 07              485 	.byte	7
00000029 0c              486 	.byte	12
0000002a 07              487 	.byte	7
0000002b 0d              488 	.byte	13
0000002c 07              489 	.byte	7
0000002d 0e              490 	.byte	14
0000002e 07              491 	.byte	7
0000002f 0f              492 	.byte	15
00000030 07              493 	.byte	7
00000031 10              494 	.byte	16
00000032 07              495 	.byte	7
00000033 11              496 	.byte	17
00000034 07              497 	.byte	7
00000035 12              498 	.byte	18
00000036 07              499 	.byte	7
00000037 13              500 	.byte	19
00000038 08              501 	.byte	8
00000039 14              502 	.byte	20
0000003a 08              503 	.byte	8
0000003b 15              504 	.byte	21
0000003c 08              505 	.byte	8
0000003d 16              506 	.byte	22
0000003e 08              507 	.byte	8
0000003f 17              508 	.byte	23
00000040 08              509 	.byte	8
00000041 18              510 	.byte	24
00000042 08              511 	.byte	8
00000043 19              512 	.byte	25
00000044 08              513 	.byte	8
00000045 1a              514 	.byte	26
00000046 08              515 	.byte	8
00000047 1b              516 	.byte	27
00000048 08              517 	.byte	8
00000049 1c              518 	.byte	28
0000004a 08              519 	.byte	8
0000004b 1d              520 	.byte	29
0000004c 07              521 	.byte	7
0000004d 1e              522 	.byte	30
0000004e 08              523 	.byte	8
0000004f 1f              524 	.byte	31
00000050 07              525 	.byte	7
00000051 20              526 	.byte	32
00000052 07              527 	.byte	7
00000053 21              528 	.byte	33
00000054 07              529 	.byte	7
00000055 22              530 	.byte	34
00000056 07              531 	.byte	7
00000057 23              532 	.byte	35
00000058 07              533 	.byte	7
00000059 24              534 	.byte	36
0000005a 07              535 	.byte	7
0000005b 25              536 	.byte	37
0000005c 07              537 	.byte	7
0000005d 26              538 	.byte	38
0000005e 07              539 	.byte	7
0000005f 27              540 	.byte	39

                                                                      Page 12
                                                              C:\Users\nhuliyap\AppData\Local\Temp\gh_0000dg01.s
00000060 07              541 	.byte	7
00000061 28              542 	.byte	40
00000062 07              543 	.byte	7
00000063 29              544 	.byte	41
00000064 07              545 	.byte	7
00000065 2a              546 	.byte	42
00000066 07              547 	.byte	7
00000067 2b              548 	.byte	43
00000068 07              549 	.byte	7
00000069 2c              550 	.byte	44
0000006a 07              551 	.byte	7
0000006b 2d              552 	.byte	45
0000006c 07              553 	.byte	7
0000006d 2e              554 	.byte	46
0000006e 07              555 	.byte	7
0000006f 2f              556 	.byte	47
00000070 07              557 	.byte	7
00000071 30              558 	.byte	48
00000072 07              559 	.byte	7
00000073 31              560 	.byte	49
00000074 07              561 	.byte	7
00000075 32              562 	.byte	50
00000076 07              563 	.byte	7
00000077 33              564 	.byte	51
00000078 07              565 	.byte	7
00000079 34              566 	.byte	52
0000007a 07              567 	.byte	7
0000007b 35              568 	.byte	53
0000007c 07              569 	.byte	7
0000007d 36              570 	.byte	54
0000007e 07              571 	.byte	7
0000007f 37              572 	.byte	55
00000080 07              573 	.byte	7
00000081 38              574 	.byte	56
00000082 07              575 	.byte	7
00000083 39              576 	.byte	57
00000084 07              577 	.byte	7
00000085 3a              578 	.byte	58
00000086 07              579 	.byte	7
00000087 3b              580 	.byte	59
00000088 07              581 	.byte	7
00000089 3c              582 	.byte	60
0000008a 07              583 	.byte	7
0000008b 3d              584 	.byte	61
0000008c 07              585 	.byte	7
0000008d 3e              586 	.byte	62
0000008e 07              587 	.byte	7
0000008f 3f              588 	.byte	63
                         589 .LDW_unq_2:
                         590 	.section	.debug_info
                         591 .LDW_4906de0:
0000009b 45              592 	.byte	69
0000009c 01              593 	.byte	1
                         594 
                         595 	.section	.debug_abbrev
00000017 45              596 	.byte	69
00000018 15              597 	.byte	21
00000019 01              598 	.byte	1
0000001a 270c            599 	.byte	39,12
0000001c 0000            600 	.byte	0,0
                         601 

                                                                      Page 13
                                                              C:\Users\nhuliyap\AppData\Local\Temp\gh_0000dg01.s
                         602 	.section	.debug_info
0000009d 00              603 	.byte	0
                         604 
                         605 .LDW_4906f68:
0000009e 25              606 	.byte	37
0000009f 756e7369676e    607 	.strz	"unsigned char"
000000a5 656420636861 
000000ab 7200 
000000ad 08              608 	.byte	8
000000ae 01              609 	.byte	1
                         610 
                         611 	.section	.debug_abbrev
0000001e 25              612 	.byte	37
0000001f 24              613 	.byte	36
00000020 00              614 	.byte	0
00000021 0308            615 	.byte	3,8
00000023 3e0b            616 	.byte	62,11
00000025 0b0b            617 	.byte	11,11
00000027 0000            618 	.byte	0,0
                         619 
                         620 	.section	.debug_info
                         621 .LDW_4906e18:
000000af 2f              622 	.byte	47
000000b0 00000000*       623 	.word	.LDW_494ed38
                         624 
                         625 	.section	.debug_abbrev
00000029 2f              626 	.byte	47
0000002a 0f              627 	.byte	15
0000002b 00              628 	.byte	0
0000002c 4910            629 	.byte	73,16
0000002e 0000            630 	.byte	0,0
                         631 
                         632 	.section	.debug_info
                         633 .LDW_4906fa0:
000000b4 44              634 	.byte	68
000000b5 00000000*       635 	.word	.LDW_4906f68
000000b9 01              636 	.byte	1
                         637 
                         638 	.section	.debug_abbrev
00000030 44              639 	.byte	68
00000031 15              640 	.byte	21
00000032 01              641 	.byte	1
00000033 4910            642 	.byte	73,16
00000035 270c            643 	.byte	39,12
00000037 0000            644 	.byte	0,0
                         645 
                         646 	.section	.debug_info
                         647 .LDW_4901248:
000000ba 12              648 	.byte	18
000000bb 00000000*       649 	.word	.LDW_4906f68
000000bf 00              650 	.byte	0
                         651 
                         652 	.section	.debug_abbrev
00000039 12              653 	.byte	18
0000003a 05              654 	.byte	5
0000003b 00              655 	.byte	0
0000003c 4910            656 	.byte	73,16
0000003e 4b0c            657 	.byte	75,12
00000040 0000            658 	.byte	0,0
                         659 
                         660 	.section	.debug_info

                                                                      Page 14
                                                              C:\Users\nhuliyap\AppData\Local\Temp\gh_0000dg01.s
                         661 .LDW_4901728:
000000c0 12              662 	.byte	18
000000c1 00000000*       663 	.word	.LDW_4906f68
000000c5 00              664 	.byte	0
                         665 
                         666 .LDW_4901608:
000000c6 12              667 	.byte	18
000000c7 00000000*       668 	.word	.LDW_4906e18
000000cb 00              669 	.byte	0
                         670 
000000cc 00              671 	.byte	0
                         672 
                         673 .LDW_4906ec0:
000000cd 25              674 	.byte	37
000000ce 696e7400        675 	.strz	"int"
000000d2 05              676 	.byte	5
000000d3 04              677 	.byte	4
                         678 
                         679 .LDW_494db48:
000000d4 3a              680 	.byte	58
000000d5 00              681 	.byte	0
000000d6 05              682 	.byte	5
000000d7 00000000*       683 	.word	.LDW_4906f68
                         684 
                         685 	.section	.debug_abbrev
00000042 3a              686 	.byte	58
00000043 01              687 	.byte	1
00000044 01              688 	.byte	1
00000045 090b            689 	.byte	9,11
00000047 0b0f            690 	.byte	11,15
00000049 4910            691 	.byte	73,16
0000004b 0000            692 	.byte	0,0
                         693 
                         694 	.section	.debug_info
000000db 32              695 	.byte	50
000000dc 00000000*       696 	.word	.LDW_4906ec0
000000e0 04              697 	.byte	4
000000e1 00              698 	.byte	0
000000e2 04              699 	.byte	4
                         700 
                         701 	.section	.debug_abbrev
0000004d 32              702 	.byte	50
0000004e 21              703 	.byte	33
0000004f 00              704 	.byte	0
00000050 4910            705 	.byte	73,16
00000052 0b0f            706 	.byte	11,15
00000054 220d            707 	.byte	34,13
00000056 2f0d            708 	.byte	47,13
00000058 0000            709 	.byte	0,0
                         710 
                         711 	.section	.debug_info
000000e3 00              712 	.byte	0
                         713 
                         714 .LDW_494dc28:
000000e4 29              715 	.byte	41
000000e5 00000000*       716 	.word	.LDW_4906f68
                         717 
                         718 	.section	.debug_abbrev
0000005a 29              719 	.byte	41
0000005b 26              720 	.byte	38
0000005c 00              721 	.byte	0

                                                                      Page 15
                                                              C:\Users\nhuliyap\AppData\Local\Temp\gh_0000dg01.s
0000005d 4910            722 	.byte	73,16
0000005f 0000            723 	.byte	0,0
                         724 
                         725 	.section	.debug_info
                         726 .LDW_4906c20:
000000e9 2f              727 	.byte	47
000000ea 00000000*       728 	.word	.LDW_494dc28
                         729 
                         730 .LDW_4906d00:
000000ee 45              731 	.byte	69
000000ef 01              732 	.byte	1
                         733 
                         734 .LDW_49014b8:
000000f0 12              735 	.byte	18
000000f1 00000000*       736 	.word	.LDW_4906c20
000000f5 00              737 	.byte	0
                         738 
000000f6 00              739 	.byte	0
                         740 
                         741 .LDW_494de20:
000000f7 3a              742 	.byte	58
000000f8 00              743 	.byte	0
000000f9 06              744 	.byte	6
000000fa 00000000*       745 	.word	.LDW_4906f68
                         746 
000000fe 32              747 	.byte	50
000000ff 00000000*       748 	.word	.LDW_4906ec0
00000103 04              749 	.byte	4
00000104 00              750 	.byte	0
00000105 05              751 	.byte	5
                         752 
00000106 00              753 	.byte	0
                         754 
                         755 .LDW_4906b78:
00000107 25              756 	.byte	37
00000108 7369676e6564    757 	.strz	"signed char"
0000010e 206368617200 
00000114 06              758 	.byte	6
00000115 01              759 	.byte	1
                         760 
                         761 .LDW_4906c58:
00000116 25              762 	.byte	37
00000117 756e7369676e    763 	.strz	"unsigned short"
0000011d 65642073686f 
00000123 727400 
00000126 07              764 	.byte	7
00000127 02              765 	.byte	2
                         766 
                         767 .LDW_4c10858:
00000128 3a              768 	.byte	58
00000129 00              769 	.byte	0
0000012a 02              770 	.byte	2
0000012b 00000000*       771 	.word	.LDW_4906f68
                         772 
0000012f 32              773 	.byte	50
00000130 00000000*       774 	.word	.LDW_4906ec0
00000134 04              775 	.byte	4
00000135 00              776 	.byte	0
00000136 01              777 	.byte	1
                         778 
00000137 00              779 	.byte	0

                                                                      Page 16
                                                              C:\Users\nhuliyap\AppData\Local\Temp\gh_0000dg01.s
                         780 
                         781 .LDW_4906a60:
00000138 2f              782 	.byte	47
00000139 00000000*       783 	.word	.LDW_4906f68
                         784 
                         785 .LDW_4906d70:
0000013d 44              786 	.byte	68
0000013e 00000000*       787 	.word	.LDW_4906f68
00000142 01              788 	.byte	1
                         789 
                         790 .LDW_4901308:
00000143 12              791 	.byte	18
00000144 00000000*       792 	.word	.LDW_4906f68
00000148 00              793 	.byte	0
                         794 
                         795 .LDW_4901458:
00000149 12              796 	.byte	18
0000014a 00000000*       797 	.word	.LDW_4906a60
0000014e 00              798 	.byte	0
                         799 
0000014f 00              800 	.byte	0
                         801 
                         802 .LDW_4906e50:
00000150 44              803 	.byte	68
00000151 00000000*       804 	.word	.LDW_4906f68
00000155 01              805 	.byte	1
                         806 
                         807 .LDW_49013c8:
00000156 12              808 	.byte	18
00000157 00000000*       809 	.word	.LDW_4906f68
0000015b 00              810 	.byte	0
                         811 
                         812 .LDW_49012d8:
0000015c 12              813 	.byte	18
0000015d 00000000*       814 	.word	.LDW_4906a60
00000161 00              815 	.byte	0
                         816 
00000162 00              817 	.byte	0
                         818 
                         819 .LDW_4907080:
00000163 45              820 	.byte	69
00000164 01              821 	.byte	1
                         822 
                         823 .LDW_49013f8:
00000165 12              824 	.byte	18
00000166 00000000*       825 	.word	.LDW_4906e18
0000016a 00              826 	.byte	0
                         827 
0000016b 00              828 	.byte	0
                         829 
                         830 .LDW_4906a28:
0000016c 45              831 	.byte	69
0000016d 01              832 	.byte	1
                         833 
                         834 .LDW_4901428:
0000016e 12              835 	.byte	18
0000016f 00000000*       836 	.word	.LDW_4906e18
00000173 00              837 	.byte	0
                         838 
00000174 00              839 	.byte	0
                         840 

                                                                      Page 17
                                                              C:\Users\nhuliyap\AppData\Local\Temp\gh_0000dg01.s
                         841 .LDW_4906b08:
00000175 45              842 	.byte	69
00000176 01              843 	.byte	1
                         844 
                         845 .LDW_4901488:
00000177 12              846 	.byte	18
00000178 00000000*       847 	.word	.LDW_4906f68
0000017c 00              848 	.byte	0
                         849 
0000017d 00              850 	.byte	0
                         851 
                         852 .LDW_4906a98:
0000017e 45              853 	.byte	69
0000017f 01              854 	.byte	1
                         855 
                         856 .LDW_4901698:
00000180 12              857 	.byte	18
00000181 00000000*       858 	.word	.LDW_4906e18
00000185 00              859 	.byte	0
                         860 
00000186 00              861 	.byte	0
                         862 
                         863 .LDW_4906ad0:
00000187 45              864 	.byte	69
00000188 01              865 	.byte	1
                         866 
                         867 .LDW_4901518:
00000189 12              868 	.byte	18
0000018a 00000000*       869 	.word	.LDW_4906e18
0000018e 00              870 	.byte	0
                         871 
0000018f 00              872 	.byte	0
                         873 
                         874 .LDW_494ed38:
00000190 40              875 	.byte	64
00000191 506172615375    876 	.strz	"ParaSubSet"
00000197 6253657400 
0000019c 08              877 	.byte	8
0000019d 08              878 	.byte	8
0000019e 07              879 	.byte	7
0000019f 08              880 	.byte	8
000001a0 01              881 	.byte	1
                         882 
                         883 	.section	.debug_abbrev
00000061 40              884 	.byte	64
00000062 13              885 	.byte	19
00000063 01              886 	.byte	1
00000064 0308            887 	.byte	3,8
00000066 3b0f            888 	.byte	59,15
00000068 390f            889 	.byte	57,15
0000006a 3a0f            890 	.byte	58,15
0000006c 0b0f            891 	.byte	11,15
0000006e 320b            892 	.byte	50,11
00000070 0000            893 	.byte	0,0
                         894 
                         895 	.section	.debug_info
                         896 .LDW_494e2b8:
000001a1 23              897 	.byte	35
000001a2 756341636365    898 	.strz	"ucAccess"
000001a8 737300 
000001ab 0a              899 	.byte	10

                                                                      Page 18
                                                              C:\Users\nhuliyap\AppData\Local\Temp\gh_0000dg01.s
000001ac 11              900 	.byte	17
000001ad 07              901 	.byte	7
000001ae 00000000*       902 	.word	.LDW_4906f68
000001b2 0223            903 	.byte	2,35
000001b4 00              904 	.byte	0
000001b5 01              905 	.byte	1
                         906 
                         907 	.section	.debug_abbrev
00000072 23              908 	.byte	35
00000073 0d              909 	.byte	13
00000074 00              910 	.byte	0
00000075 0308            911 	.byte	3,8
00000077 3b0f            912 	.byte	59,15
00000079 390f            913 	.byte	57,15
0000007b 3a0f            914 	.byte	58,15
0000007d 4910            915 	.byte	73,16
0000007f 380a            916 	.byte	56,10
00000081 320b            917 	.byte	50,11
00000083 0000            918 	.byte	0,0
                         919 
                         920 	.section	.debug_info
                         921 .LDW_494e738:
000001b6 23              922 	.byte	35
000001b7 756350617261    923 	.strz	"ucParaByte"
000001bd 4279746500 
000001c2 0c              924 	.byte	12
000001c3 11              925 	.byte	17
000001c4 07              926 	.byte	7
000001c5 00000000*       927 	.word	.LDW_4c10858
000001c9 0223            928 	.byte	2,35
000001cb 01              929 	.byte	1
000001cc 01              930 	.byte	1
                         931 
                         932 .LDW_494e7c8:
000001cd 23              933 	.byte	35
000001ce 736354526573    934 	.strz	"scTResLimit"
000001d4 4c696d697400 
000001da 0e              935 	.byte	14
000001db 0f              936 	.byte	15
000001dc 07              937 	.byte	7
000001dd 00000000*       938 	.word	.LDW_4906b78
000001e1 0223            939 	.byte	2,35
000001e3 03              940 	.byte	3
000001e4 01              941 	.byte	1
                         942 
                         943 .LDW_4c6d328:
000001e5 23              944 	.byte	35
000001e6 756350617261    945 	.strz	"ucParaHighPressThres"
000001ec 486967685072 
000001f2 657373546872 
000001f8 657300 
000001fb 10              946 	.byte	16
000001fc 11              947 	.byte	17
000001fd 07              948 	.byte	7
000001fe 00000000*       949 	.word	.LDW_4906f68
00000202 0223            950 	.byte	2,35
00000204 04              951 	.byte	4
00000205 01              952 	.byte	1
                         953 
                         954 .LDW_4c6cf80:
00000206 23              955 	.byte	35

                                                                      Page 19
                                                              C:\Users\nhuliyap\AppData\Local\Temp\gh_0000dg01.s
00000207 756350617261    956 	.strz	"ucParaHighPressResetThres"
0000020d 486967685072 
00000213 657373526573 
00000219 657454687265 
0000021f 7300 
00000221 11              957 	.byte	17
00000222 11              958 	.byte	17
00000223 07              959 	.byte	7
00000224 00000000*       960 	.word	.LDW_4906f68
00000228 0223            961 	.byte	2,35
0000022a 05              962 	.byte	5
0000022b 01              963 	.byte	1
                         964 
                         965 .LDW_4c6d4d8:
0000022c 23              966 	.byte	35
0000022d 756350617261    967 	.strz	"ucParaAxImbSetThres"
00000233 4178496d6253 
00000239 657454687265 
0000023f 7300 
00000241 12              968 	.byte	18
00000242 11              969 	.byte	17
00000243 07              970 	.byte	7
00000244 00000000*       971 	.word	.LDW_4906f68
00000248 0223            972 	.byte	2,35
0000024a 06              973 	.byte	6
0000024b 01              974 	.byte	1
                         975 
                         976 .LDW_4c6d298:
0000024c 23              977 	.byte	35
0000024d 756350617261    978 	.strz	"ucParaAxImbResThres"
00000253 4178496d6252 
00000259 657354687265 
0000025f 7300 
00000261 13              979 	.byte	19
00000262 11              980 	.byte	17
00000263 07              981 	.byte	7
00000264 00000000*       982 	.word	.LDW_4906f68
00000268 0223            983 	.byte	2,35
0000026a 07              984 	.byte	7
0000026b 01              985 	.byte	1
                         986 
0000026c 00              987 	.byte	0
                         988 
                         989 .LDW_4c6c170:
0000026d 04              990 	.byte	4
0000026e 745053534100    991 	.strz	"tPSSA"
00000274 06              992 	.byte	6
00000275 13              993 	.byte	19
00000276 01              994 	.byte	1
00000277 00000000*       995 	.word	.LDW_494ed38
0000027b 01              996 	.byte	1
0000027c 00              997 	.byte	0
0000027d 0503            998 	.byte	5,3
0000027f 00000000*       999 	.word	_tPSSA
                        1000 
                        1001 	.section	.debug_abbrev
00000085 04             1002 	.byte	4
00000086 34             1003 	.byte	52
00000087 00             1004 	.byte	0
00000088 0308           1005 	.byte	3,8
0000008a 3b0f           1006 	.byte	59,15

                                                                      Page 20
                                                              C:\Users\nhuliyap\AppData\Local\Temp\gh_0000dg01.s
0000008c 390f           1007 	.byte	57,15
0000008e 3a0f           1008 	.byte	58,15
00000090 4910           1009 	.byte	73,16
00000092 3f0c           1010 	.byte	63,12
00000094 3c0c           1011 	.byte	60,12
00000096 020a           1012 	.byte	2,10
00000098 0000           1013 	.byte	0,0
                        1014 
                        1015 	.section	.debug_info
                        1016 .LDW_4c109f0:
00000283 16             1017 	.byte	22
00000284 75635761726e   1018 	.strz	"ucWarnManagerWN"
0000028a 4d616e616765 
00000290 72574e00 
00000294 18             1019 	.byte	24
00000295 16             1020 	.byte	22
00000296 07             1021 	.byte	7
00000297 00000000*      1022 	.word	.LDW_4906f68
0000029b 01             1023 	.byte	1
0000029c 00             1024 	.byte	0
0000029d 01             1025 	.byte	1
0000029e 01             1026 	.byte	1
0000029f 00             1027 	.byte	0
000002a0 01             1028 	.byte	1
                        1029 
                        1030 	.section	.debug_abbrev
0000009a 16             1031 	.byte	22
0000009b 2e             1032 	.byte	46
0000009c 01             1033 	.byte	1
0000009d 0308           1034 	.byte	3,8
0000009f 3b0f           1035 	.byte	59,15
000000a1 390f           1036 	.byte	57,15
000000a3 3a0f           1037 	.byte	58,15
000000a5 4910           1038 	.byte	73,16
000000a7 3c0c           1039 	.byte	60,12
000000a9 200b           1040 	.byte	32,11
000000ab 3f0c           1041 	.byte	63,12
000000ad 320b           1042 	.byte	50,11
000000af 4c0b           1043 	.byte	76,11
000000b1 270c           1044 	.byte	39,12
000000b3 0000           1045 	.byte	0,0
                        1046 
                        1047 	.section	.debug_info
000002a1 00             1048 	.byte	0
                        1049 
                        1050 .LDW_4c10a88:
000002a2 16             1051 	.byte	22
000002a3 75635453534d   1052 	.strz	"ucTSSMsgManagerTM"
000002a9 73674d616e61 
000002af 676572544d00 
000002b5 35             1053 	.byte	53
000002b6 16             1054 	.byte	22
000002b7 07             1055 	.byte	7
000002b8 00000000*      1056 	.word	.LDW_4906f68
000002bc 01             1057 	.byte	1
000002bd 00             1058 	.byte	0
000002be 01             1059 	.byte	1
000002bf 01             1060 	.byte	1
000002c0 00             1061 	.byte	0
000002c1 01             1062 	.byte	1
                        1063 

                                                                      Page 21
                                                              C:\Users\nhuliyap\AppData\Local\Temp\gh_0000dg01.s
000002c2 00             1064 	.byte	0
                        1065 
                        1066 .LDW_4c10b20:
000002c3 15             1067 	.byte	21
000002c4 5772576e5661   1068 	.strz	"WrWnValidTMc"
000002ca 6c6964544d63 
000002d0 00 
000002d1 37             1069 	.byte	55
000002d2 0d             1070 	.byte	13
000002d3 07             1071 	.byte	7
000002d4 01             1072 	.byte	1
000002d5 00             1073 	.byte	0
000002d6 01             1074 	.byte	1
000002d7 01             1075 	.byte	1
000002d8 00             1076 	.byte	0
000002d9 01             1077 	.byte	1
                        1078 
                        1079 	.section	.debug_abbrev
000000b5 15             1080 	.byte	21
000000b6 2e             1081 	.byte	46
000000b7 01             1082 	.byte	1
000000b8 0308           1083 	.byte	3,8
000000ba 3b0f           1084 	.byte	59,15
000000bc 390f           1085 	.byte	57,15
000000be 3a0f           1086 	.byte	58,15
000000c0 3c0c           1087 	.byte	60,12
000000c2 200b           1088 	.byte	32,11
000000c4 3f0c           1089 	.byte	63,12
000000c6 320b           1090 	.byte	50,11
000000c8 4c0b           1091 	.byte	76,11
000000ca 270c           1092 	.byte	39,12
000000cc 0000           1093 	.byte	0,0
                        1094 
                        1095 	.section	.debug_info
000002da 00             1096 	.byte	0
                        1097 
                        1098 .LDW_4c10bb8:
000002db 15             1099 	.byte	21
000002dc 5264576e5661   1100 	.strz	"RdWnValidTMc"
000002e2 6c6964544d63 
000002e8 00 
000002e9 39             1101 	.byte	57
000002ea 0d             1102 	.byte	13
000002eb 07             1103 	.byte	7
000002ec 01             1104 	.byte	1
000002ed 00             1105 	.byte	0
000002ee 01             1106 	.byte	1
000002ef 01             1107 	.byte	1
000002f0 00             1108 	.byte	0
000002f1 01             1109 	.byte	1
                        1110 
000002f2 00             1111 	.byte	0
                        1112 
                        1113 .LDW_4c10c50:
000002f3 15             1114 	.byte	21
000002f4 54696d657257   1115 	.strz	"TimerWT"
000002fa 5400 
000002fc 43             1116 	.byte	67
000002fd 0d             1117 	.byte	13
000002fe 07             1118 	.byte	7
000002ff 01             1119 	.byte	1

                                                                      Page 22
                                                              C:\Users\nhuliyap\AppData\Local\Temp\gh_0000dg01.s
00000300 00             1120 	.byte	0
00000301 01             1121 	.byte	1
00000302 01             1122 	.byte	1
00000303 00             1123 	.byte	0
00000304 01             1124 	.byte	1
                        1125 
00000305 00             1126 	.byte	0
                        1127 
                        1128 .LDW_4c10ce8:
00000306 15             1129 	.byte	21
00000307 526450617261   1130 	.strz	"RdParaSubSet"
0000030d 537562536574 
00000313 00 
00000314 49             1131 	.byte	73
00000315 0d             1132 	.byte	13
00000316 07             1133 	.byte	7
00000317 01             1134 	.byte	1
00000318 00             1135 	.byte	0
00000319 01             1136 	.byte	1
0000031a 01             1137 	.byte	1
0000031b 00             1138 	.byte	0
0000031c 01             1139 	.byte	1
                        1140 
0000031d 00             1141 	.byte	0
                        1142 
                        1143 .LDW_4c10d80:
0000031e 15             1144 	.byte	21
0000031f 577250617261   1145 	.strz	"WrParaSubSet"
00000325 537562536574 
0000032b 00 
0000032c 4a             1146 	.byte	74
0000032d 0d             1147 	.byte	13
0000032e 07             1148 	.byte	7
0000032f 01             1149 	.byte	1
00000330 00             1150 	.byte	0
00000331 01             1151 	.byte	1
00000332 01             1152 	.byte	1
00000333 00             1153 	.byte	0
00000334 01             1154 	.byte	1
                        1155 
00000335 00             1156 	.byte	0
                        1157 
                        1158 .LDW_494eca0:
00000336 13             1159 	.byte	19
00000337 4368616e6765   1160 	.strz	"ChangeWNParaSubSet"
0000033d 574e50617261 
00000343 537562536574 
00000349 00 
0000034a 08             1161 	.byte	8
0000034b 06             1162 	.byte	6
0000034c 01             1163 	.byte	1
0000034d 00000000*      1164 	.word	_ChangeWNParaSubSet
00000351 00000000*      1165 	.word	___ghs_eofn_ChangeWNParaSubSet
00000355 0153           1166 	.byte	1,83
00000357 828080800a     1167 	.byte	130,128,128,128,10
0000035c 08             1168 	.byte	8
0000035d 03             1169 	.byte	3
0000035e 08             1170 	.byte	8
0000035f 00             1171 	.byte	0
00000360 00             1172 	.byte	0
00000361 00             1173 	.byte	0

                                                                      Page 23
                                                              C:\Users\nhuliyap\AppData\Local\Temp\gh_0000dg01.s
00000362 01             1174 	.byte	1
00000363 01             1175 	.byte	1
00000364 00             1176 	.byte	0
00000365 01             1177 	.byte	1
                        1178 
                        1179 	.section	.debug_abbrev
000000ce 13             1180 	.byte	19
000000cf 2e             1181 	.byte	46
000000d0 01             1182 	.byte	1
000000d1 0308           1183 	.byte	3,8
000000d3 3b0f           1184 	.byte	59,15
000000d5 390f           1185 	.byte	57,15
000000d7 3a0f           1186 	.byte	58,15
000000d9 1101           1187 	.byte	17,1
000000db 1201           1188 	.byte	18,1
000000dd 400a           1189 	.byte	64,10
000000df 8341           1190 	.byte	131,65
000000e1 0f             1191 	.byte	15
000000e2 8741           1192 	.byte	135,65
000000e4 0d             1193 	.byte	13
000000e5 8541           1194 	.byte	133,65
000000e7 0f             1195 	.byte	15
000000e8 8641           1196 	.byte	134,65
000000ea 0d             1197 	.byte	13
000000eb 9241           1198 	.byte	146,65
000000ed 0f             1199 	.byte	15
000000ee 3c0c           1200 	.byte	60,12
000000f0 200b           1201 	.byte	32,11
000000f2 3f0c           1202 	.byte	63,12
000000f4 320b           1203 	.byte	50,11
000000f6 4c0b           1204 	.byte	76,11
000000f8 270c           1205 	.byte	39,12
000000fa 0000           1206 	.byte	0,0
                        1207 
                        1208 	.section	.debug_frame
                        1209 .LDW_4cddec0:
00000090 00000000*      1210 	.word	.LDW_unq_4-.LDW_unq_3
                        1211 .LDW_unq_3:
00000094 00000000*      1212 	.word	.LDW_4948310
00000098 00000000*      1213 	.word	_ChangeWNParaSubSet
0000009c 00000000*      1214 	.word	___ghs_eofn_ChangeWNParaSubSet-_ChangeWNParaSubSet
000000a0 44             1215 	.byte	68
000000a1 9f             1216 	.byte	159
000000a2 00             1217 	.byte	0
000000a3 40             1218 	.byte	64
000000a4 9d             1219 	.byte	157
000000a5 04             1220 	.byte	4
000000a6 01             1221 	.byte	1
000000a7 00000000*      1222 	.word	.LDW11
000000ab 00             1223 	.byte	0
                        1224 .LDW_unq_4:
                        1225 	.section	.debug_line
000001a4 000502         1226 	.byte	0,5,2
000001a7 00000000*      1227 	.word	_ChangeWNParaSubSet
000001ab 03             1228 	.byte	3
000001ac 08             1229 	.byte	8
000001ad 02             1230 	.byte	2
000001ae 00             1231 	.byte	0
000001af 01             1232 	.byte	1
000001b0 06             1233 	.byte	6
000001b1 1b             1234 	.byte	27

                                                                      Page 24
                                                              C:\Users\nhuliyap\AppData\Local\Temp\gh_0000dg01.s
000001b2 000502         1235 	.byte	0,5,2
000001b5 00000000*      1236 	.word	.LDWlin1
000001b9 02             1237 	.byte	2
000001ba 00             1238 	.byte	0
000001bb 0b             1239 	.byte	11
000001bc 000502         1240 	.byte	0,5,2
000001bf 00000000*      1241 	.word	.LDWlin2
000001c3 0c             1242 	.byte	12
000001c4 23             1243 	.byte	35
000001c5 000502         1244 	.byte	0,5,2
000001c8 00000000*      1245 	.word	.LDWlin3
000001cc 0c             1246 	.byte	12
000001cd 23             1247 	.byte	35
000001ce 02             1248 	.byte	2
000001cf 00             1249 	.byte	0
000001d0 0b             1250 	.byte	11
000001d1 000502         1251 	.byte	0,5,2
000001d4 00000000*      1252 	.word	.LDWlin4
000001d8 02             1253 	.byte	2
000001d9 00             1254 	.byte	0
000001da 0b             1255 	.byte	11
000001db 1b             1256 	.byte	27
000001dc 000502         1257 	.byte	0,5,2
000001df 00000000*      1258 	.word	.LDWlin5
000001e3 0c             1259 	.byte	12
000001e4 23             1260 	.byte	35
000001e5 000502         1261 	.byte	0,5,2
000001e8 00000000*      1262 	.word	.LDWlin6
000001ec 0c             1263 	.byte	12
000001ed 23             1264 	.byte	35
000001ee 000502         1265 	.byte	0,5,2
000001f1 00000000*      1266 	.word	.LDWlin7
000001f5 0c             1267 	.byte	12
000001f6 02             1268 	.byte	2
000001f7 00             1269 	.byte	0
000001f8 0b             1270 	.byte	11
000001f9 02             1271 	.byte	2
000001fa 04             1272 	.byte	4
000001fb 000101         1273 	.byte	0,1,1
                        1274 	.section	.debug_info
                        1275 .LDW_4901818:
00000366 1d             1276 	.byte	29
00000367 00000000*      1277 	.word	.LDW01
0000036b 00000000*      1278 	.word	.LDW11
                        1279 
                        1280 	.section	.debug_abbrev
000000fc 1d             1281 	.byte	29
000000fd 0b             1282 	.byte	11
000000fe 01             1283 	.byte	1
000000ff 1101           1284 	.byte	17,1
00000101 1201           1285 	.byte	18,1
00000103 0000           1286 	.byte	0,0
                        1287 
                        1288 	.section	.debug_info
0000036f 00             1289 	.byte	0
                        1290 
00000370 00             1291 	.byte	0
                        1292 
                        1293 .LDW_494ed90:
00000371 14             1294 	.byte	20
00000372 756355535741   1295 	.strz	"ucUSWAlgoPara"

                                                                      Page 25
                                                              C:\Users\nhuliyap\AppData\Local\Temp\gh_0000dg01.s
00000378 6c676f506172 
0000037e 6100 
00000380 1f             1296 	.byte	31
00000381 0f             1297 	.byte	15
00000382 01             1298 	.byte	1
00000383 00000000*      1299 	.word	.LDW_4906f68
00000387 00000000*      1300 	.word	_ucUSWAlgoPara
0000038b 00000000*      1301 	.word	___ghs_eofn_ucUSWAlgoPara
0000038f 0153           1302 	.byte	1,83
00000391 828080e00b     1303 	.byte	130,128,128,224,11
00000396 14             1304 	.byte	20
00000397 03             1305 	.byte	3
00000398 1c             1306 	.byte	28
00000399 00             1307 	.byte	0
0000039a 00             1308 	.byte	0
0000039b 00             1309 	.byte	0
0000039c 01             1310 	.byte	1
0000039d 01             1311 	.byte	1
0000039e 00             1312 	.byte	0
0000039f 01             1313 	.byte	1
                        1314 
                        1315 	.section	.debug_abbrev
00000105 14             1316 	.byte	20
00000106 2e             1317 	.byte	46
00000107 01             1318 	.byte	1
00000108 0308           1319 	.byte	3,8
0000010a 3b0f           1320 	.byte	59,15
0000010c 390f           1321 	.byte	57,15
0000010e 3a0f           1322 	.byte	58,15
00000110 4910           1323 	.byte	73,16
00000112 1101           1324 	.byte	17,1
00000114 1201           1325 	.byte	18,1
00000116 400a           1326 	.byte	64,10
00000118 8341           1327 	.byte	131,65
0000011a 0f             1328 	.byte	15
0000011b 8741           1329 	.byte	135,65
0000011d 0d             1330 	.byte	13
0000011e 8541           1331 	.byte	133,65
00000120 0f             1332 	.byte	15
00000121 8641           1333 	.byte	134,65
00000123 0d             1334 	.byte	13
00000124 9241           1335 	.byte	146,65
00000126 0f             1336 	.byte	15
00000127 3c0c           1337 	.byte	60,12
00000129 200b           1338 	.byte	32,11
0000012b 3f0c           1339 	.byte	63,12
0000012d 320b           1340 	.byte	50,11
0000012f 4c0b           1341 	.byte	76,11
00000131 270c           1342 	.byte	39,12
00000133 0000           1343 	.byte	0,0
                        1344 
                        1345 	.section	.debug_frame
                        1346 .LDW_4932af0:
000000ac 00000000*      1347 	.word	.LDW_unq_6-.LDW_unq_5
                        1348 .LDW_unq_5:
000000b0 00000000*      1349 	.word	.LDW_4948310
000000b4 00000000*      1350 	.word	_ucUSWAlgoPara
000000b8 00000000*      1351 	.word	___ghs_eofn_ucUSWAlgoPara-_ucUSWAlgoPara
000000bc 44             1352 	.byte	68
000000bd 9f             1353 	.byte	159
000000be 06             1354 	.byte	6

                                                                      Page 26
                                                              C:\Users\nhuliyap\AppData\Local\Temp\gh_0000dg01.s
000000bf 40             1355 	.byte	64
000000c0 9d             1356 	.byte	157
000000c1 0a             1357 	.byte	10
000000c2 40             1358 	.byte	64
000000c3 9c             1359 	.byte	156
000000c4 0e             1360 	.byte	14
000000c5 40             1361 	.byte	64
000000c6 9b             1362 	.byte	155
000000c7 12             1363 	.byte	18
000000c8 40             1364 	.byte	64
000000c9 9a             1365 	.byte	154
000000ca 16             1366 	.byte	22
000000cb 01             1367 	.byte	1
000000cc 00000000*      1368 	.word	.LDW31
                        1369 .LDW_unq_6:
                        1370 	.section	.debug_line
000001fe 000502         1371 	.byte	0,5,2
00000201 00000000*      1372 	.word	_ucUSWAlgoPara
00000205 03             1373 	.byte	3
00000206 21             1374 	.byte	33
00000207 02             1375 	.byte	2
00000208 00             1376 	.byte	0
00000209 01             1377 	.byte	1
0000020a 06             1378 	.byte	6
0000020b 03             1379 	.byte	3
0000020c 06             1380 	.byte	6
0000020d 02             1381 	.byte	2
0000020e 0c             1382 	.byte	12
0000020f 01             1383 	.byte	1
00000210 000502         1384 	.byte	0,5,2
00000213 00000000*      1385 	.word	.LDWlin8
00000217 0b             1386 	.byte	11
00000218 000502         1387 	.byte	0,5,2
0000021b 00000000*      1388 	.word	.LDWlin9
0000021f 0b             1389 	.byte	11
00000220 2c             1390 	.byte	44
00000221 03             1391 	.byte	3
00000222 7f             1392 	.byte	127
00000223 02             1393 	.byte	2
00000224 08             1394 	.byte	8
00000225 01             1395 	.byte	1
00000226 000502         1396 	.byte	0,5,2
00000229 00000000*      1397 	.word	.LDWlin10
0000022d 0b             1398 	.byte	11
0000022e 0b             1399 	.byte	11
0000022f 23             1400 	.byte	35
00000230 02             1401 	.byte	2
00000231 00             1402 	.byte	0
00000232 0b             1403 	.byte	11
00000233 03             1404 	.byte	3
00000234 06             1405 	.byte	6
00000235 02             1406 	.byte	2
00000236 04             1407 	.byte	4
00000237 01             1408 	.byte	1
00000238 03             1409 	.byte	3
00000239 7b             1410 	.byte	123
0000023a 02             1411 	.byte	2
0000023b 04             1412 	.byte	4
0000023c 01             1413 	.byte	1
0000023d 2b             1414 	.byte	43
0000023e 23             1415 	.byte	35

                                                                      Page 27
                                                              C:\Users\nhuliyap\AppData\Local\Temp\gh_0000dg01.s
0000023f 23             1416 	.byte	35
00000240 23             1417 	.byte	35
00000241 2c             1418 	.byte	44
00000242 000502         1419 	.byte	0,5,2
00000245 00000000*      1420 	.word	.LDWlin11
00000249 0c             1421 	.byte	12
0000024a 03             1422 	.byte	3
0000024b 7f             1423 	.byte	127
0000024c 02             1424 	.byte	2
0000024d 04             1425 	.byte	4
0000024e 01             1426 	.byte	1
0000024f 000502         1427 	.byte	0,5,2
00000252 00000000*      1428 	.word	.LDWlin12
00000256 0b             1429 	.byte	11
00000257 0b             1430 	.byte	11
00000258 000502         1431 	.byte	0,5,2
0000025b 00000000*      1432 	.word	.LDWlin13
0000025f 0b             1433 	.byte	11
00000260 0b             1434 	.byte	11
00000261 0b             1435 	.byte	11
00000262 43             1436 	.byte	67
00000263 02             1437 	.byte	2
00000264 00             1438 	.byte	0
00000265 0b             1439 	.byte	11
00000266 2b             1440 	.byte	43
00000267 13             1441 	.byte	19
00000268 000502         1442 	.byte	0,5,2
0000026b 00000000*      1443 	.word	.LDWlin14
0000026f 0d             1444 	.byte	13
00000270 23             1445 	.byte	35
00000271 13             1446 	.byte	19
00000272 13             1447 	.byte	19
00000273 02             1448 	.byte	2
00000274 02             1449 	.byte	2
00000275 000502         1450 	.byte	0,5,2
00000278 00000000*      1451 	.word	.LDWlin15
0000027c 0b             1452 	.byte	11
0000027d 1b             1453 	.byte	27
0000027e 000502         1454 	.byte	0,5,2
00000281 00000000*      1455 	.word	.LDWlin16
00000285 03             1456 	.byte	3
00000286 7e             1457 	.byte	126
00000287 02             1458 	.byte	2
00000288 00             1459 	.byte	0
00000289 01             1460 	.byte	1
0000028a 000502         1461 	.byte	0,5,2
0000028d 00000000*      1462 	.word	.LDWlin17
00000291 03             1463 	.byte	3
00000292 05             1464 	.byte	5
00000293 02             1465 	.byte	2
00000294 00             1466 	.byte	0
00000295 01             1467 	.byte	1
00000296 0b             1468 	.byte	11
00000297 02             1469 	.byte	2
00000298 04             1470 	.byte	4
00000299 000101         1471 	.byte	0,1,1
                        1472 	.section	.debug_info
                        1473 .LDW_494ee28:
000003a0 0f             1474 	.byte	15
000003a1 756354797065   1475 	.strz	"ucType"
000003a7 00 

                                                                      Page 28
                                                              C:\Users\nhuliyap\AppData\Local\Temp\gh_0000dg01.s
000003a8 20             1476 	.byte	32
000003a9 12             1477 	.byte	18
000003aa 01             1478 	.byte	1
000003ab 00000000*      1479 	.word	.LDW_4906f68
000003af 00             1480 	.byte	0
000003b0 016b           1481 	.byte	1,107
                        1482 
                        1483 	.section	.debug_abbrev
00000135 0f             1484 	.byte	15
00000136 05             1485 	.byte	5
00000137 00             1486 	.byte	0
00000138 0308           1487 	.byte	3,8
0000013a 3b0f           1488 	.byte	59,15
0000013c 390f           1489 	.byte	57,15
0000013e 3a0f           1490 	.byte	58,15
00000140 4910           1491 	.byte	73,16
00000142 4b0c           1492 	.byte	75,12
00000144 020a           1493 	.byte	2,10
00000146 0000           1494 	.byte	0,0
                        1495 
                        1496 	.section	.debug_info
                        1497 .LDW_494ee80:
000003b2 0f             1498 	.byte	15
000003b3 756350726573   1499 	.strz	"ucPres"
000003b9 00 
000003ba 21             1500 	.byte	33
000003bb 12             1501 	.byte	18
000003bc 01             1502 	.byte	1
000003bd 00000000*      1503 	.word	.LDW_4906f68
000003c1 00             1504 	.byte	0
000003c2 016a           1505 	.byte	1,106
                        1506 
                        1507 .LDW_494eed8:
000003c4 0f             1508 	.byte	15
000003c5 707450617261   1509 	.strz	"ptPara"
000003cb 00 
000003cc 22             1510 	.byte	34
000003cd 17             1511 	.byte	23
000003ce 01             1512 	.byte	1
000003cf 00000000*      1513 	.word	.LDW_4906e18
000003d3 00             1514 	.byte	0
000003d4 016c           1515 	.byte	1,108
                        1516 
                        1517 .LDW_49017b8:
000003d6 1d             1518 	.byte	29
000003d7 00000000*      1519 	.word	.LDW21
000003db 00000000*      1520 	.word	.LDW31
                        1521 
                        1522 .LDW_494ef30:
000003df 04             1523 	.byte	4
000003e0 756348656c70   1524 	.strz	"ucHelp"
000003e6 00 
000003e7 23             1525 	.byte	35
000003e8 12             1526 	.byte	18
000003e9 01             1527 	.byte	1
000003ea 00000000*      1528 	.word	.LDW_4906f68
000003ee 00             1529 	.byte	0
000003ef 00             1530 	.byte	0
000003f0 015a           1531 	.byte	1,90
                        1532 
                        1533 .LDW_494ef88:

                                                                      Page 29
                                                              C:\Users\nhuliyap\AppData\Local\Temp\gh_0000dg01.s
000003f2 04             1534 	.byte	4
000003f3 617563446753   1535 	.strz	"aucDgService"
000003f9 657276696365 
000003ff 00 
00000400 24             1536 	.byte	36
00000401 12             1537 	.byte	18
00000402 01             1538 	.byte	1
00000403 00000000*      1539 	.word	.LDW_494db48
00000407 00             1540 	.byte	0
00000408 00             1541 	.byte	0
00000409 0273           1542 	.byte	2,115
0000040b 00             1543 	.byte	0
                        1544 
                        1545 .LDW_494dbd0:
0000040c 04             1546 	.byte	4
0000040d 75634c6f6f70   1547 	.strz	"ucLoop"
00000413 00 
00000414 25             1548 	.byte	37
00000415 12             1549 	.byte	18
00000416 01             1550 	.byte	1
00000417 00000000*      1551 	.word	.LDW_4906f68
0000041b 00             1552 	.byte	0
0000041c 00             1553 	.byte	0
0000041d 016d           1554 	.byte	1,109
                        1555 
                        1556 .LDW_494dc80:
0000041f 06             1557 	.byte	6
00000420 756355534661   1558 	.strz	"ucUSFactorPFc"
00000426 63746f725046 
0000042c 6300 
0000042e 26             1559 	.byte	38
0000042f 18             1560 	.byte	24
00000430 01             1561 	.byte	1
00000431 00000000*      1562 	.word	.LDW_494dc28
00000435 00             1563 	.byte	0
00000436 00             1564 	.byte	0
00000437 19             1565 	.byte	25
                        1566 
                        1567 	.section	.debug_abbrev
00000148 06             1568 	.byte	6
00000149 34             1569 	.byte	52
0000014a 00             1570 	.byte	0
0000014b 0308           1571 	.byte	3,8
0000014d 3b0f           1572 	.byte	59,15
0000014f 390f           1573 	.byte	57,15
00000151 3a0f           1574 	.byte	58,15
00000153 4910           1575 	.byte	73,16
00000155 3f0c           1576 	.byte	63,12
00000157 3c0c           1577 	.byte	60,12
00000159 1c0d           1578 	.byte	28,13
0000015b 0000           1579 	.byte	0,0
                        1580 
                        1581 	.section	.debug_info
                        1582 .LDW_494dcd8:
00000438 06             1583 	.byte	6
00000439 756345554661   1584 	.strz	"ucEUFactorPFc"
0000043f 63746f725046 
00000445 6300 
00000447 27             1585 	.byte	39
00000448 18             1586 	.byte	24
00000449 01             1587 	.byte	1

                                                                      Page 30
                                                              C:\Users\nhuliyap\AppData\Local\Temp\gh_0000dg01.s
0000044a 00000000*      1588 	.word	.LDW_494dc28
0000044e 00             1589 	.byte	0
0000044f 00             1590 	.byte	0
00000450 10             1591 	.byte	16
                        1592 
00000451 00             1593 	.byte	0
                        1594 
00000452 00             1595 	.byte	0
                        1596 
                        1597 .LDW_494dd30:
00000453 13             1598 	.byte	19
00000454 496e69745553   1599 	.strz	"InitUSWAlgo"
0000045a 57416c676f00 
00000460 4f             1600 	.byte	79
00000461 06             1601 	.byte	6
00000462 01             1602 	.byte	1
00000463 00000000*      1603 	.word	_InitUSWAlgo
00000467 00000000*      1604 	.word	___ghs_eofn_InitUSWAlgo
0000046b 0153           1605 	.byte	1,83
0000046d 8280808009     1606 	.byte	130,128,128,128,9
00000472 0c             1607 	.byte	12
00000473 03             1608 	.byte	3
00000474 14             1609 	.byte	20
00000475 00             1610 	.byte	0
00000476 00             1611 	.byte	0
00000477 00             1612 	.byte	0
00000478 01             1613 	.byte	1
00000479 01             1614 	.byte	1
0000047a 00             1615 	.byte	0
0000047b 01             1616 	.byte	1
                        1617 
                        1618 	.section	.debug_frame
                        1619 .LDW_49324e0:
000000d0 00000000*      1620 	.word	.LDW_unq_8-.LDW_unq_7
                        1621 .LDW_unq_7:
000000d4 00000000*      1622 	.word	.LDW_4948310
000000d8 00000000*      1623 	.word	_InitUSWAlgo
000000dc 00000000*      1624 	.word	___ghs_eofn_InitUSWAlgo-_InitUSWAlgo
000000e0 44             1625 	.byte	68
000000e1 9f             1626 	.byte	159
000000e2 09             1627 	.byte	9
000000e3 40             1628 	.byte	64
000000e4 9c             1629 	.byte	156
000000e5 0d             1630 	.byte	13
000000e6 01             1631 	.byte	1
000000e7 00000000*      1632 	.word	.LDW51
000000eb 00             1633 	.byte	0
                        1634 .LDW_unq_8:
                        1635 	.section	.debug_line
0000029c 000502         1636 	.byte	0,5,2
0000029f 00000000*      1637 	.word	_InitUSWAlgo
000002a3 03             1638 	.byte	3
000002a4 cf00           1639 	.byte	207,0
000002a6 02             1640 	.byte	2
000002a7 00             1641 	.byte	0
000002a8 01             1642 	.byte	1
000002a9 06             1643 	.byte	6
000002aa 24             1644 	.byte	36
000002ab 1b             1645 	.byte	27
000002ac 000502         1646 	.byte	0,5,2
000002af 00000000*      1647 	.word	.LDWlin18

                                                                      Page 31
                                                              C:\Users\nhuliyap\AppData\Local\Temp\gh_0000dg01.s
000002b3 0d             1648 	.byte	13
000002b4 1b             1649 	.byte	27
000002b5 13             1650 	.byte	19
000002b6 13             1651 	.byte	19
000002b7 000502         1652 	.byte	0,5,2
000002ba 00000000*      1653 	.word	.LDWlin19
000002be 0d             1654 	.byte	13
000002bf 000502         1655 	.byte	0,5,2
000002c2 00000000*      1656 	.word	.LDWlin20
000002c6 0c             1657 	.byte	12
000002c7 2b             1658 	.byte	43
000002c8 000502         1659 	.byte	0,5,2
000002cb 00000000*      1660 	.word	.LDWlin21
000002cf 0d             1661 	.byte	13
000002d0 23             1662 	.byte	35
000002d1 000502         1663 	.byte	0,5,2
000002d4 00000000*      1664 	.word	.LDWlin22
000002d8 03             1665 	.byte	3
000002d9 04             1666 	.byte	4
000002da 02             1667 	.byte	2
000002db 00             1668 	.byte	0
000002dc 01             1669 	.byte	1
000002dd 03             1670 	.byte	3
000002de 7f             1671 	.byte	127
000002df 02             1672 	.byte	2
000002e0 04             1673 	.byte	4
000002e1 01             1674 	.byte	1
000002e2 2c             1675 	.byte	44
000002e3 02             1676 	.byte	2
000002e4 02             1677 	.byte	2
000002e5 0b             1678 	.byte	11
000002e6 03             1679 	.byte	3
000002e7 7f             1680 	.byte	127
000002e8 02             1681 	.byte	2
000002e9 0c             1682 	.byte	12
000002ea 01             1683 	.byte	1
000002eb 000502         1684 	.byte	0,5,2
000002ee 00000000*      1685 	.word	.LDWlin23
000002f2 0c             1686 	.byte	12
000002f3 0b             1687 	.byte	11
000002f4 000502         1688 	.byte	0,5,2
000002f7 00000000*      1689 	.word	.LDWlin24
000002fb 0d             1690 	.byte	13
000002fc 02             1691 	.byte	2
000002fd 04             1692 	.byte	4
000002fe 000101         1693 	.byte	0,1,1
                        1694 	.section	.debug_info
                        1695 .LDW_494ddc8:
0000047c 0f             1696 	.byte	15
0000047d 707457506f73   1697 	.strz	"ptWPos"
00000483 00 
00000484 50             1698 	.byte	80
00000485 19             1699 	.byte	25
00000486 01             1700 	.byte	1
00000487 00000000*      1701 	.word	.LDW_4906c20
0000048b 00             1702 	.byte	0
0000048c 016c           1703 	.byte	1,108
                        1704 
                        1705 .LDW_4901278:
0000048e 1d             1706 	.byte	29
0000048f 00000000*      1707 	.word	.LDW41

                                                                      Page 32
                                                              C:\Users\nhuliyap\AppData\Local\Temp\gh_0000dg01.s
00000493 00000000*      1708 	.word	.LDW51
                        1709 
                        1710 .LDW_494dea8:
00000497 04             1711 	.byte	4
00000498 617563446753   1712 	.strz	"aucDgServ"
0000049e 65727600 
000004a2 51             1713 	.byte	81
000004a3 12             1714 	.byte	18
000004a4 01             1715 	.byte	1
000004a5 00000000*      1716 	.word	.LDW_494de20
000004a9 00             1717 	.byte	0
000004aa 00             1718 	.byte	0
000004ab 0273           1719 	.byte	2,115
000004ad 00             1720 	.byte	0
                        1721 
                        1722 .LDW_494df00:
000004ae 04             1723 	.byte	4
000004af 6900           1724 	.strz	"i"
000004b1 51             1725 	.byte	81
000004b2 20             1726 	.byte	32
000004b3 01             1727 	.byte	1
000004b4 00000000*      1728 	.word	.LDW_4906f68
000004b8 00             1729 	.byte	0
000004b9 00             1730 	.byte	0
000004ba 0162           1731 	.byte	1,98
                        1732 
000004bc 00             1733 	.byte	0
                        1734 
000004bd 00             1735 	.byte	0
                        1736 
000004be 00             1737 	.byte	0
                        1738 
                        1739 	.section	.debug_line
                        1740 .Ldw_line_end:
                        1741 	.section	.debug_macinfo
00000000 01             1742 	.byte	1
00000001 00             1743 	.byte	0
00000002 5f5f6768735f   1744 	.strz	"__ghs__ 1"
00000008 5f203100 
0000000c 01             1745 	.byte	1
0000000d 00             1746 	.byte	0
0000000e 5f5f4c4c4f4e   1747 	.strz	"__LLONG_BIT 64"
00000014 475f42495420 
0000001a 363400 
0000001d 03             1748 	.byte	3
0000001e 00             1749 	.byte	0
0000001f 01             1750 	.byte	1
00000020 03             1751 	.byte	3
00000021 01             1752 	.byte	1
00000022 02             1753 	.byte	2
00000023 03             1754 	.byte	3
00000024 1c             1755 	.byte	28
00000025 03             1756 	.byte	3
00000026 01             1757 	.byte	1
00000027 3c             1758 	.byte	60
00000028 545255452031   1759 	.strz	"TRUE 1u"
0000002e 7500 
00000030 01             1760 	.byte	1
00000031 40             1761 	.byte	64
00000032 46414c534520   1762 	.strz	"FALSE 0u"
00000038 307500 

                                                                      Page 33
                                                              C:\Users\nhuliyap\AppData\Local\Temp\gh_0000dg01.s
0000003b 04             1763 	.byte	4
0000003c 03             1764 	.byte	3
0000003d 1d             1765 	.byte	29
0000003e 04             1766 	.byte	4
0000003f 03             1767 	.byte	3
00000040 1b             1768 	.byte	27
00000041 05             1769 	.byte	5
00000042 03             1770 	.byte	3
00000043 54             1771 	.byte	84
00000044 06             1772 	.byte	6
00000045 04             1773 	.byte	4
00000046 04             1774 	.byte	4
00000047 04             1775 	.byte	4
00000048 04             1776 	.byte	4
00000049 03             1777 	.byte	3
0000004a 03             1778 	.byte	3
0000004b 07             1779 	.byte	7
0000004c 03             1780 	.byte	3
0000004d 06             1781 	.byte	6
0000004e 08             1782 	.byte	8
0000004f 03             1783 	.byte	3
00000050 06             1784 	.byte	6
00000051 09             1785 	.byte	9
00000052 03             1786 	.byte	3
00000053 04             1787 	.byte	4
00000054 0a             1788 	.byte	10
00000055 04             1789 	.byte	4
00000056 01             1790 	.byte	1
00000057 0e             1791 	.byte	14
00000058 50524f445543   1792 	.strz	"PRODUCTION_SW 0x0"
0000005e 54494f4e5f53 
00000064 572030783000 
0000006a 01             1793 	.byte	1
0000006b 0f             1794 	.byte	15
0000006c 444556454c4f   1795 	.strz	"DEVELOPMENT_SW 0x1"
00000072 504d454e545f 
00000078 535720307831 
0000007e 00 
0000007f 01             1796 	.byte	1
00000080 10             1797 	.byte	16
00000081 53575f434154   1798 	.strz	"SW_CATEGORY PRODUCTION_SW"
00000087 45474f525920 
0000008d 50524f445543 
00000093 54494f4e5f53 
00000099 5700 
0000009b 04             1799 	.byte	4
0000009c 01             1800 	.byte	1
0000009d 0e             1801 	.byte	14
0000009e 70625f514143   1802 	.strz	"pb_QACStatic_160503 "
000000a4 537461746963 
000000aa 5f3136303530 
000000b0 332000 
000000b3 01             1803 	.byte	1
000000b4 16             1804 	.byte	22
000000b5 75634d617850   1805 	.strz	"ucMaxPosc 4"
000000bb 6f7363203400 
000000c1 01             1806 	.byte	1
000000c2 17             1807 	.byte	23
000000c3 756353756d57   1808 	.strz	"ucSumWEc (unsigned char) 4"
000000c9 45632028756e 
000000cf 7369676e6564 

                                                                      Page 34
                                                              C:\Users\nhuliyap\AppData\Local\Temp\gh_0000dg01.s
000000d5 206368617229 
000000db 203400 
000000de 01             1809 	.byte	1
000000df 23             1810 	.byte	35
000000e0 75634978576e   1811 	.strz	"ucIxWnCfgc 0"
000000e6 436667632030 
000000ec 00 
000000ed 01             1812 	.byte	1
000000ee 24             1813 	.byte	36
000000ef 756349784d73   1814 	.strz	"ucIxMsCfgc 1"
000000f5 436667632031 
000000fb 00 
000000fc 04             1815 	.byte	4
000000fd 01             1816 	.byte	1
000000fe 58             1817 	.byte	88
000000ff 7563506f7249   1818 	.strz	"ucPorInitc 1"
00000105 6e6974632031 
0000010b 00 
0000010c 01             1819 	.byte	1
0000010d 5b             1820 	.byte	91
0000010e 756344696167   1821 	.strz	"ucDiagServicec 4"
00000114 536572766963 
0000011a 6563203400 
0000011f 01             1822 	.byte	1
00000120 62             1823 	.byte	98
00000121 756352645061   1824 	.strz	"ucRdParaSubSetc 12"
00000127 726153756253 
0000012d 657463203132 
00000133 00 
00000134 01             1825 	.byte	1
00000135 63             1826 	.byte	99
00000136 756357725061   1827 	.strz	"ucWrParaSubSetc 13"
0000013c 726153756253 
00000142 657463203133 
00000148 00 
00000149 01             1828 	.byte	1
0000014a 65             1829 	.byte	101
0000014b 756343666750   1830 	.strz	"ucCfgPSollMinAtIdc 15"
00000151 536f6c6c4d69 
00000157 6e4174496463 
0000015d 20313500 
00000161 01             1831 	.byte	1
00000162 69             1832 	.byte	105
00000163 756347657457   1833 	.strz	"ucGetWarnVectorsc 19"
00000169 61726e566563 
0000016f 746f72736320 
00000175 313900 
00000178 01             1834 	.byte	1
00000179 6c             1835 	.byte	108
0000017a 756343666750   1836 	.strz	"ucCfgPMinc (unsigned char) 23"
00000180 4d696e632028 
00000186 756e7369676e 
0000018c 656420636861 
00000192 722920323300 
00000198 01             1837 	.byte	1
00000199 7b             1838 	.byte	123
0000019a 75634e657750   1839 	.strz	"ucNewPositionsc 2"
000001a0 6f736974696f 
000001a6 6e7363203200 
000001ac 01             1840 	.byte	1
000001ad 7d             1841 	.byte	125

                                                                      Page 35
                                                              C:\Users\nhuliyap\AppData\Local\Temp\gh_0000dg01.s
000001ae 75635772576e   1842 	.strz	"ucWrWnValidTMc 4"
000001b4 56616c696454 
000001ba 4d63203400 
000001bf 01             1843 	.byte	1
000001c0 7e             1844 	.byte	126
000001c1 75635264576e   1845 	.strz	"ucRdWnValidTMc 5"
000001c7 56616c696454 
000001cd 4d63203500 
000001d2 01             1846 	.byte	1
000001d3 8101           1847 	.byte	129,1
000001d5 756350757457   1848 	.strz	"ucPutWarnVectorSetc 9"
000001db 61726e566563 
000001e1 746f72536574 
000001e7 63203900 
000001eb 01             1849 	.byte	1
000001ec 8601           1850 	.byte	134,1
000001ee 7563496e6954   1851 	.strz	"ucIniTimec (unsigned char) 8"
000001f4 696d65632028 
000001fa 756e7369676e 
00000200 656420636861 
00000206 7229203800 
0000020b 04             1852 	.byte	4
0000020c 04             1853 	.byte	4
0000020d 00             1854 	.byte	0
                        1855 	.section	.debug_abbrev
0000015d 00             1856 	.byte	0
                        1857 	.section	.debug_info
                        1858 .Ldw_end:
                        1859 .rh850_flags REGMODE32,DATA_ALIGN8,GP_FIX,EP_NONFIX,TP_FIX,REG2_RESERVE,G3K,GHS_MISALIGN,SDA_EXTRA_REGS_0
