                                                                      Page 1
                                                              C:\Users\nhuliyap\AppData\Local\Temp\gh_0000d441.s
Command Line: C:\ghs\comp_201517\ease850.exe -w -elf -b0 -I../source/common -I../source/ProjectCompiler -I../source/ProjectCfg -I../source/SwcApplTpms -I../source/SwcApplEcuM -I../source/SwcServiceBswM -I../source/SwcServiceEcuM -I../source/SwcServiceNvM -I../source/SwcServiceOs -I../source/SwcServiceStartUp -I../source/McalAdc -I../source/McalDio -I../source/McalGpt -I../source/McalMcu -I../source/McalWdg -I../source/wrappers -I../source/wrappers/McalAta -I../source/McalLin -I../source/McalCan -I../source/wrappers/OS -I../source/McalFls -I../source/EcuabFee -I../source/EcuabMemIf -I../source/wrappers/VStdLib -I../source/wrappers/Crc -I../source/wrappers/FBL_APPL -I../source/wrappers/NVM_MANAGER -I../source/wrappers/DEM_MANAGER -I../source/wrappers/RDC_MANAGER -I../source/wrappers/ENV_MANAGER -I../source/wrappers/SYS_MANAGER -I../source/wrappers/EcuabCanIf -I../source/EcuabCanTrcv -I../source/wrappers/SwcServiceCanSM -I../source/wrappers/SwcServiceCanTp -I../source/wrappers/SwcServiceCanTp_PreCompile -I../source/wrappers/SwcServiceCom -I../source/wrappers/SwcServiceComM -I../source/wrappers/SwcServiceDcm -I../source/wrappers/SwcServicePduR -I../source/wrappers/SwcServiceEcuM -I../source/wrappers/Bfx -I../source/wrappers/SwcServiceDem -I../source/SwcServiceCom -I../source/SwcServiceDet -I../source/SwcServiceFiM -I../source/SwcServicePduR -I../source/SwcServiceSchM -I../source/wrappers/LibAutosarDiag -I../source/wrappers/rba_BswSrv -IC:\ghs\comp_201517\lib\rh850 -cg_underscore -cpu=rh850g3k -no_v850_simd -rh850_fpsimd=none -nomacro -patch_dbo=C:\_ECU2\ECU_Rivian_A1\Target\repo_projects\pRealEcu\cR_R2023.09.15\make\output\objects\Dem_Cfg_DTC_DataStructures.dbo -source=Dem_Cfg_DTC_DataStructures.c -o output\objects\gh_0000d441.o -list=output\list\Dem_Cfg_DTC_DataStructures.lst C:\Users\nhuliyap\AppData\Local\Temp\gh_0000d441.s 
Original File: C:\Users\nhuliyap\AppData\Local\Temp\gh_0000d441.s
Source File: Dem_Cfg_DTC_DataStructures.c
Directory: C:\_ECU2\ECU_Rivian_A1\Target\repo_projects\pRealEcu\cR_R2023.09.15\make
Host OS: Windows
EASE: Copyright (C) 1983-2015 Green Hills Software.  All Rights Reserved.
Release: Compiler v2015.1.7
Build Directory: [Directory] BTOWORKER6:c:/build_2015_1_bto/2015-10-21.2100-2015_1_bto/win32-comp-ecom
Revision: [VCInfo] http://toolsvc/branches/release-branch-70-bto/src@544153 (built by build)
Revision Date: Thu Oct 22 07:50:13 2015

Release Date: Thu Oct 22 09:32:32 2015

                           1 --Driver Command: ccv850 ../source/ProjectCfg/Dem_Cfg_DTC_DataStructures.c
                           2 --		-cpu=rh850 -fhard -ignore_callt_state_in_interrupts -large_sda
                           3 --		-misalign_pack -nofarcalls -nofloatio -no_callt -Ogeneral
                           4 --		-Onounroll -prepare_dispose -registermode=32 -reserve_r2 -sda=0
                           5 --		-shorten_loads -Wshadow --brief_diagnostics --no_commons
                           6 --		--no_wrap_diagnostics --prototype_errors --short_enum -list -G
                           7 --		-dual_debug -dwarf -X5523 -lnk=-no_xda_modifications -D
                           8 --		NOT_READY_FOR_TESTING_OR_DEPLOYMENT -D IBTCM_SW_ANPASSUNGEN -D
                           9 --		BUILD_RIVIAN -c -inline_prologue -I../source/common
                          10 --		-I../source/ProjectCompiler -I../source/ProjectCfg
                          11 --		-I../source/SwcApplTpms -I../source/SwcApplEcuM
                          12 --		-I../source/SwcServiceBswM -I../source/SwcServiceEcuM
                          13 --		-I../source/SwcServiceNvM -I../source/SwcServiceOs
                          14 --		-I../source/SwcServiceStartUp -I../source/McalAdc
                          15 --		-I../source/McalDio -I../source/McalGpt -I../source/McalMcu
                          16 --		-I../source/McalWdg -I../source/wrappers
                          17 --		-I../source/wrappers/McalAta -I../source/McalLin
                          18 --		-I../source/McalCan -I../source/wrappers/OS -I../source/McalFls
                          19 --		-I../source/EcuabFee -I../source/EcuabMemIf
                          20 --		-I../source/wrappers/VStdLib -I../source/wrappers
                          21 --		-I../source/wrappers/Crc -I../source/wrappers/FBL_APPL
                          22 --		-I../source/wrappers/NVM_MANAGER -I../source/wrappers/DEM_MANAGER
                          23 --		-I../source/wrappers/RDC_MANAGER -I../source/wrappers/ENV_MANAGER
                          24 --		-I../source/wrappers/SYS_MANAGER -I../source/wrappers/EcuabCanIf
                          25 --		-I../source/EcuabCanTrcv -I../source/wrappers/SwcServiceCanSM
                          26 --		-I../source/wrappers/SwcServiceCanTp
                          27 --		-I../source/wrappers/SwcServiceCanTp_PreCompile
                          28 --		-I../source/wrappers/SwcServiceCom
                          29 --		-I../source/wrappers/SwcServiceComM
                          30 --		-I../source/wrappers/SwcServiceDcm
                          31 --		-I../source/wrappers/SwcServicePduR
                          32 --		-I../source/wrappers/SwcServiceEcuM -I../source/wrappers/Bfx
                          33 --		-I../source/wrappers/SwcServiceDem -I../source/SwcServiceCom
                          34 --		-I../source/SwcServiceDet -I../source/SwcServiceFiM
                          35 --		-I../source/SwcServicePduR -I../source/SwcServiceSchM
                          36 --		-I../source/wrappers/LibAutosarDiag
                          37 --		-I../source/wrappers/rba_BswSrv -object_dir=output/objects
                          38 --		-list_dir=output/list
                          39 --Source File:   ../source/ProjectCfg/Dem_Cfg_DTC_DataStructures.c
                          40 --Directory:     
                          41 --		C:\_ECU2\ECU_Rivian_A1\Target\repo_projects\pRealEcu\cR_R2023.09.15\make
                          42 --Compile Date:  Fri Sep 15 15:27:58 2023
                          43 --Host OS:       Win32
                          44 --Version:       C-RH850 2015.1.7 RELEASE VERSION
                          45 --Release:       Compiler v2015.1.7
                          46 --Revision Date: Thu Oct 22 08:06:12 2015
                          47 --Release Date:  Thu Oct 22 09:34:32 2015
                          48 -- ecom  -g -w -OM
                          49 
                          50 	.section ".rodata","a"

                                                                      Page 2
                                                              C:\Users\nhuliyap\AppData\Local\Temp\gh_0000d441.s
                          51 	.align	4
                          52 	.global	_Dem_Cfg_Dtc
00000000 00000000         53 _Dem_Cfg_Dtc:	.space	4
00000004 00               54 	.space	1
00000005 00               55 	.space	1
00000006 00               56 	.space	1
00000007 00               57 	.space	1
00000008 00               58 	.space	1
00000009 000000           59 	.space	3
0000000c 8740c100         60 	.byte	135,64,193,0
00000010 4003             61 	.byte	64,3
00000012 01               62 	.byte	1
00000013 00               63 	.space	1
00000014 01               64 	.byte	1
00000015 000000           65 	.space	3
00000018 8786c100         66 	.byte	135,134,193,0
0000001c 4003             67 	.byte	64,3
0000001e 01               68 	.byte	1
0000001f 00               69 	.space	1
00000020 01               70 	.byte	1
00000021 000000           71 	.space	3
00000024 8799c100         72 	.byte	135,153,193,0
00000028 4003             73 	.byte	64,3
0000002a 01               74 	.byte	1
0000002b 00               75 	.space	1
0000002c 01               76 	.byte	1
0000002d 000000           77 	.space	3
00000030 8700c200         78 	.byte	135,0,194,0
00000034 4003             79 	.byte	64,3
00000036 01               80 	.byte	1
00000037 00               81 	.space	1
00000038 01               82 	.byte	1
00000039 000000           83 	.space	3
0000003c 8708c200         84 	.byte	135,8,194,0
00000040 4003             85 	.byte	64,3
00000042 01               86 	.byte	1
00000043 00               87 	.space	1
00000044 01               88 	.byte	1
00000045 000000           89 	.space	3
00000048 2901d600         90 	.byte	41,1,214,0
0000004c 4003             91 	.byte	64,3
0000004e 01               92 	.byte	1
0000004f 00               93 	.space	1
00000050 01               94 	.byte	1
00000051 000000           95 	.space	3
00000054 8801d600         96 	.byte	136,1,214,0
00000058 00               97 	.space	1
00000059 0801             98 	.byte	8,1
0000005b 00               99 	.space	1
0000005c 01              100 	.byte	1
0000005d 000000          101 	.space	3
00000060 2902d600        102 	.byte	41,2,214,0
00000064 4003            103 	.byte	64,3
00000066 01              104 	.byte	1
00000067 00              105 	.space	1
00000068 01              106 	.byte	1
00000069 000000          107 	.space	3
0000006c 2903d600        108 	.byte	41,3,214,0
00000070 4003            109 	.byte	64,3
00000072 01              110 	.byte	1
00000073 00              111 	.space	1

                                                                      Page 3
                                                              C:\Users\nhuliyap\AppData\Local\Temp\gh_0000d441.s
00000074 01              112 	.byte	1
00000075 000000          113 	.space	3
00000078 2904d600        114 	.byte	41,4,214,0
0000007c 40              115 	.byte	64
0000007d 00              116 	.space	1
0000007e 01              117 	.byte	1
0000007f 00              118 	.space	1
00000080 01              119 	.byte	1
00000081 000000          120 	.space	3
00000084 2905d600        121 	.byte	41,5,214,0
00000088 40              122 	.byte	64
00000089 00              123 	.space	1
0000008a 01              124 	.byte	1
0000008b 00              125 	.space	1
0000008c 01              126 	.byte	1
0000008d 000000          127 	.space	3
00000090 2906d600        128 	.byte	41,6,214,0
00000094 4003            129 	.byte	64,3
00000096 01              130 	.byte	1
00000097 00              131 	.space	1
00000098 01              132 	.byte	1
00000099 000000          133 	.space	3
0000009c 2907d600        134 	.byte	41,7,214,0
000000a0 4003            135 	.byte	64,3
000000a2 01              136 	.byte	1
000000a3 00              137 	.space	1
000000a4 01              138 	.byte	1
000000a5 000000          139 	.space	3
000000a8 2908d600        140 	.byte	41,8,214,0
000000ac 4003            141 	.byte	64,3
000000ae 01              142 	.byte	1
000000af 00              143 	.space	1
000000b0 01              144 	.byte	1
000000b1 000000          145 	.space	3
000000b4 2909d600        146 	.byte	41,9,214,0
000000b8 4003            147 	.byte	64,3
000000ba 01              148 	.byte	1
000000bb 00              149 	.space	1
000000bc 01              150 	.byte	1
000000bd 000000          151 	.space	3
000000c0 42005000        152 	.byte	66,0,80,0
000000c4 4002            153 	.byte	64,2
000000c6 01              154 	.byte	1
000000c7 00              155 	.space	1
000000c8 01              156 	.byte	1
000000c9 000000          157 	.space	3
000000cc 51005000        158 	.byte	81,0,80,0
000000d0 4004            159 	.byte	64,4
000000d2 01              160 	.byte	1
000000d3 00              161 	.space	1
000000d4 00              162 	.space	1
000000d5 000000          163 	.space	3
000000d8 a2005000        164 	.byte	162,0,80,0
000000dc 4005            165 	.byte	64,5
000000de 01              166 	.byte	1
000000df 00              167 	.space	1
000000e0 01              168 	.byte	1
000000e1 000000          169 	.space	3
000000e4 a3005000        170 	.byte	163,0,80,0
000000e8 4005            171 	.byte	64,5
000000ea 01              172 	.byte	1

                                                                      Page 4
                                                              C:\Users\nhuliyap\AppData\Local\Temp\gh_0000d441.s
000000eb 00              173 	.space	1
000000ec 01              174 	.byte	1
000000ed 000000          175 	.space	3
000000f0 51015000        176 	.byte	81,1,80,0
000000f4 4004            177 	.byte	64,4
000000f6 01              178 	.byte	1
000000f7 00              179 	.space	1
000000f8 00              180 	.space	1
000000f9 000000          181 	.space	3
000000fc 16015600        182 	.byte	22,1,86,0
00000100 4001            183 	.byte	64,1
00000102 01              184 	.byte	1
00000103 00              185 	.space	1
00000104 01              186 	.byte	1
00000105 000000          187 	.space	3
00000108 31015600        188 	.byte	49,1,86,0
0000010c 4001            189 	.byte	64,1
0000010e 01              190 	.byte	1
0000010f 00              191 	.space	1
00000110 01              192 	.byte	1
00000111 000000          193 	.space	3
00000114 49015600        194 	.byte	73,1,86,0
00000118 4001            195 	.byte	64,1
0000011a 01              196 	.byte	1
0000011b 00              197 	.space	1
0000011c 01              198 	.byte	1
0000011d 000000          199 	.space	3
00000120 4b015600        200 	.byte	75,1,86,0
00000124 4001            201 	.byte	64,1
00000126 01              202 	.byte	1
00000127 00              203 	.space	1
00000128 01              204 	.byte	1
00000129 000000          205 	.space	3
0000012c 16025600        206 	.byte	22,2,86,0
00000130 4001            207 	.byte	64,1
00000132 01              208 	.byte	1
00000133 00              209 	.space	1
00000134 01              210 	.byte	1
00000135 000000          211 	.space	3
00000138 31025600        212 	.byte	49,2,86,0
0000013c 4001            213 	.byte	64,1
0000013e 01              214 	.byte	1
0000013f 00              215 	.space	1
00000140 01              216 	.byte	1
00000141 000000          217 	.space	3
00000144 49025600        218 	.byte	73,2,86,0
00000148 4001            219 	.byte	64,1
0000014a 01              220 	.byte	1
0000014b 00              221 	.space	1
0000014c 01              222 	.byte	1
0000014d 000000          223 	.space	3
00000150 4b025600        224 	.byte	75,2,86,0
00000154 4001            225 	.byte	64,1
00000156 01              226 	.byte	1
00000157 00              227 	.space	1
00000158 01              228 	.byte	1
00000159 000000          229 	.space	3
0000015c 16035600        230 	.byte	22,3,86,0
00000160 4001            231 	.byte	64,1
00000162 01              232 	.byte	1
00000163 00              233 	.space	1

                                                                      Page 5
                                                              C:\Users\nhuliyap\AppData\Local\Temp\gh_0000d441.s
00000164 01              234 	.byte	1
00000165 000000          235 	.space	3
00000168 31035600        236 	.byte	49,3,86,0
0000016c 4001            237 	.byte	64,1
0000016e 01              238 	.byte	1
0000016f 00              239 	.space	1
00000170 01              240 	.byte	1
00000171 000000          241 	.space	3
00000174 49035600        242 	.byte	73,3,86,0
00000178 4001            243 	.byte	64,1
0000017a 01              244 	.byte	1
0000017b 00              245 	.space	1
0000017c 01              246 	.byte	1
0000017d 000000          247 	.space	3
00000180 4b035600        248 	.byte	75,3,86,0
00000184 4001            249 	.byte	64,1
00000186 01              250 	.byte	1
00000187 00              251 	.space	1
00000188 01              252 	.byte	1
00000189 000000          253 	.space	3
0000018c 16045600        254 	.byte	22,4,86,0
00000190 4001            255 	.byte	64,1
00000192 01              256 	.byte	1
00000193 00              257 	.space	1
00000194 01              258 	.byte	1
00000195 000000          259 	.space	3
00000198 31045600        260 	.byte	49,4,86,0
0000019c 4001            261 	.byte	64,1
0000019e 01              262 	.byte	1
0000019f 00              263 	.space	1
000001a0 01              264 	.byte	1
000001a1 000000          265 	.space	3
000001a4 49045600        266 	.byte	73,4,86,0
000001a8 4001            267 	.byte	64,1
000001aa 01              268 	.byte	1
000001ab 00              269 	.space	1
000001ac 01              270 	.byte	1
000001ad 000000          271 	.space	3
000001b0 4b045600        272 	.byte	75,4,86,0
000001b4 4001            273 	.byte	64,1
000001b6 01              274 	.byte	1
000001b7 00              275 	.space	1
000001b8 01              276 	.byte	1
000001b9 000000          277 	.space	3
000001bc 04055600        278 	.byte	4,5,86,0
000001c0 4001            279 	.byte	64,1
000001c2 01              280 	.byte	1
000001c3 00              281 	.space	1
000001c4 01              282 	.byte	1
000001c5 000000          283 	.space	3
000001c8 31055600        284 	.byte	49,5,86,0
000001cc 4001            285 	.byte	64,1
000001ce 01              286 	.byte	1
000001cf 00              287 	.space	1
000001d0 01              288 	.byte	1
000001d1 000000          289 	.space	3
000001d4 4a065600        290 	.byte	74,6,86,0
000001d8 40              291 	.byte	64
000001d9 00              292 	.space	1
000001da 01              293 	.byte	1
000001db 00              294 	.space	1

                                                                      Page 6
                                                              C:\Users\nhuliyap\AppData\Local\Temp\gh_0000d441.s
000001dc 01              295 	.byte	1
000001dd 000000          296 	.space	3
000001e0 93075600        297 	.byte	147,7,86,0
000001e4 4002            298 	.byte	64,2
000001e6 01              299 	.byte	1
000001e7 00              300 	.space	1
000001e8 01              301 	.byte	1
000001e9 000000          302 	.space	3
000001ec 29095600        303 	.byte	41,9,86,0
000001f0 40              304 	.byte	64
000001f1 00              305 	.space	1
000001f2 01              306 	.byte	1
000001f3 00              307 	.space	1
000001f4 01              308 	.byte	1
000001f5 000000          309 	.space	3
                         310 	.type	_Dem_Cfg_Dtc,@object
                         311 	.size	_Dem_Cfg_Dtc,504
                         312 	.data
                         313 	.ghsnote version,17
                         314 	.ghsnote tools,3
                         315 	.ghsnote options,144
                         316 	.text
                         317 ..bof.C.3A.5C_ECU2.5CECU_Rivian_A1.5CTarget.5Crepo_projects.5CpRealEcu.5CcR_R2023.2E09.2E15.5Cmake.5Coutput.5Cobjects.5CDem_Cfg_DTC_DataStructures...43.3A.5C_ECU2.5CECU_Rivian_A1.5CTarget.5Crepo_projects.5CpRealEcu.5CcR_R2023.2E09.2E15.5Cmake..65045BDE..0::
                         318 ..eof.C.3A.5C_ECU2.5CECU_Rivian_A1.5CTarget.5Crepo_projects.5CpRealEcu.5CcR_R2023.2E09.2E15.5Cmake.5Coutput.5Cobjects.5CDem_Cfg_DTC_DataStructures...43.3A.5C_ECU2.5CECU_Rivian_A1.5CTarget.5Crepo_projects.5CpRealEcu.5CcR_R2023.2E09.2E15.5Cmake..65045BDE..0::
                         319 	.section	.debug_info
                         320 .Ldw_begin:
00000000 25020000        321 	.word	.Ldw_end-.Ldw_begin-4
00000004 0200            322 	.byte	2,0
00000006 00000000*       323 	.word	.Ldw_abbr_begin
0000000a 04              324 	.byte	4
                         325 	.section	.debug_abbrev
                         326 .Ldw_abbr_begin:
                         327 	.section	.debug_info
0000000b 01              328 	.byte	1
0000000c 00000000*       329 	.word	..bof.C.3A.5C_ECU2.5CECU_Rivian_A1.5CTarget.5Crepo_projects.5CpRealEcu.5CcR_R2023.2E09.2E15.5Cmake.5Coutput.5Cobjects.5CDem_Cfg_DTC_DataStructures...43.3A.5C_ECU2.5CECU_Rivian_A1.5CTarget.5Crepo_projects.5CpRealEcu.5CcR_R2023.2E09.2E15.5Cmake..65045BDE..0
00000010 00000000*       330 	.word	..eof.C.3A.5C_ECU2.5CECU_Rivian_A1.5CTarget.5Crepo_projects.5CpRealEcu.5CcR_R2023.2E09.2E15.5Cmake.5Coutput.5Cobjects.5CDem_Cfg_DTC_DataStructures...43.3A.5C_ECU2.5CECU_Rivian_A1.5CTarget.5Crepo_projects.5CpRealEcu.5CcR_R2023.2E09.2E15.5Cmake..65045BDE..0
00000014 2e2e2f736f75    331 	.strz	"../source/ProjectCfg/Dem_Cfg_DTC_DataStructures.c"
0000001a 7263652f5072 
00000020 6f6a65637443 
00000026 66672f44656d 
0000002c 5f4366675f44 
00000032 54435f446174 
00000038 615374727563 
0000003e 74757265732e 
00000044 6300 
00000046 433a5c5f4543    332 	.strz	"C:\\_ECU2\\ECU_Rivian_A1\\Target\\repo_projects\\pRealEcu\\cR_R2023.09.15\\make"
0000004c 55325c454355 
00000052 5f5269766961 
00000058 6e5f41315c54 
0000005e 61726765745c 
00000064 7265706f5f70 
0000006a 726f6a656374 
00000070 735c70526561 
00000076 6c4563755c63 
0000007c 525f52323032 
00000082 332e30392e31 
00000088 355c6d616b65 
0000008e 00 
0000008f 474853204320    333 	.strz	"GHS C 2015.1.7 [dual]"
00000095 323031352e31 
0000009b 2e37205b6475 

                                                                      Page 7
                                                              C:\Users\nhuliyap\AppData\Local\Temp\gh_0000d441.s
000000a1 616c5d00 
000000a5 0100            334 	.byte	1,0
000000a7 00000000*       335 	.word	.Ldw_line_begin
000000ab 00000000*       336 	.word	.Ldw_macinfo_begin
000000af 00              337 	.byte	0
                         338 
                         339 	.section	.debug_abbrev
00000000 01              340 	.byte	1
00000001 11              341 	.byte	17
00000002 01              342 	.byte	1
00000003 1101            343 	.byte	17,1
00000005 1201            344 	.byte	18,1
00000007 0308            345 	.byte	3,8
00000009 1b08            346 	.byte	27,8
0000000b 2508            347 	.byte	37,8
0000000d 1305            348 	.byte	19,5
0000000f 1006            349 	.byte	16,6
00000011 4306            350 	.byte	67,6
00000013 420b            351 	.byte	66,11
00000015 0000            352 	.byte	0,0
                         353 
                         354 	.section	.debug_line
                         355 .Ldw_line_begin:
00000000 3d050000        356 	.word	.Ldw_line_end-.Ldw_line_begin-4
00000004 0200            357 	.byte	2,0
00000006 00000000*       358 	.word	.Ldw_lpro_end-.Ldw_lpro_begin
                         359 .Ldw_lpro_begin:
0000000a 01              360 	.byte	1
0000000b 00              361 	.byte	0
0000000c 00              362 	.byte	0
0000000d 04              363 	.byte	4
0000000e 0a              364 	.byte	10
0000000f 000101          365 	.byte	0,1,1
00000012 010100          366 	.byte	1,1,0
00000015 000001          367 	.byte	0,0,1
00000018 00              368 	.byte	0
00000019 2e2e2f736f75    369 	.strz	"../source/ProjectCfg/Dem_Cfg_DTC_DataStructures.c"
0000001f 7263652f5072 
00000025 6f6a65637443 
0000002b 66672f44656d 
00000031 5f4366675f44 
00000037 54435f446174 
0000003d 615374727563 
00000043 74757265732e 
00000049 6300 
0000004b 000000          370 	.byte	0,0,0
0000004e 2e2e2f736f75    371 	.strz	"../source/common/Std_Types.hpp"
00000054 7263652f636f 
0000005a 6d6d6f6e2f53 
00000060 74645f547970 
00000066 65732e687070 
0000006c 00 
0000006d 000000          372 	.byte	0,0,0
00000070 2e2e2f736f75    373 	.strz	"../source/common/Platform_Types.hpp"
00000076 7263652f636f 
0000007c 6d6d6f6e2f50 
00000082 6c6174666f72 
00000088 6d5f54797065 
0000008e 732e68707000 
00000094 000000          374 	.byte	0,0,0
00000097 2e2e2f736f75    375 	.strz	"../source/common/Compiler.hpp"

                                                                      Page 8
                                                              C:\Users\nhuliyap\AppData\Local\Temp\gh_0000d441.s
0000009d 7263652f636f 
000000a3 6d6d6f6e2f43 
000000a9 6f6d70696c65 
000000af 722e68707000 
000000b5 000000          376 	.byte	0,0,0
000000b8 2e2e2f736f75    377 	.strz	"../source/ProjectCompiler/Compiler_Cfg.hpp"
000000be 7263652f5072 
000000c4 6f6a65637443 
000000ca 6f6d70696c65 
000000d0 722f436f6d70 
000000d6 696c65725f43 
000000dc 66672e687070 
000000e2 00 
000000e3 000000          378 	.byte	0,0,0
000000e6 2e2e2f736f75    379 	.strz	"../source/ProjectCompiler/CompilerCfg_SwcServiceOs.hpp"
000000ec 7263652f5072 
000000f2 6f6a65637443 
000000f8 6f6d70696c65 
000000fe 722f436f6d70 
00000104 696c65724366 
0000010a 675f53776353 
00000110 657276696365 
00000116 4f732e687070 
0000011c 00 
0000011d 000000          380 	.byte	0,0,0
00000120 2e2e2f736f75    381 	.strz	"../source/ProjectCfg/Dem_Cfg_DTC_DataStructures.hpp"
00000126 7263652f5072 
0000012c 6f6a65637443 
00000132 66672f44656d 
00000138 5f4366675f44 
0000013e 54435f446174 
00000144 615374727563 
0000014a 74757265732e 
00000150 68707000 
00000154 000000          382 	.byte	0,0,0
00000157 2e2e2f736f75    383 	.strz	"../source/ProjectCfg/Dem_Cfg_DTCs.hpp"
0000015d 7263652f5072 
00000163 6f6a65637443 
00000169 66672f44656d 
0000016f 5f4366675f44 
00000175 5443732e6870 
0000017b 7000 
0000017d 000000          384 	.byte	0,0,0
00000180 2e2e2f736f75    385 	.strz	"../source/wrappers/SwcServiceDem/Dem_Lok_Det.hpp"
00000186 7263652f7772 
0000018c 617070657273 
00000192 2f5377635365 
00000198 727669636544 
0000019e 656d2f44656d 
000001a4 5f4c6f6b5f44 
000001aa 65742e687070 
000001b0 00 
000001b1 000000          386 	.byte	0,0,0
000001b4 2e2e2f736f75    387 	.strz	"../source/ProjectCfg/Dem_Cfg_Main.hpp"
000001ba 7263652f5072 
000001c0 6f6a65637443 
000001c6 66672f44656d 
000001cc 5f4366675f4d 
000001d2 61696e2e6870 
000001d8 7000 
000001da 000000          388 	.byte	0,0,0

                                                                      Page 9
                                                              C:\Users\nhuliyap\AppData\Local\Temp\gh_0000d441.s
000001dd 2e2e2f736f75    389 	.strz	"../source/SwcServiceDet/Det.hpp"
000001e3 7263652f5377 
000001e9 635365727669 
000001ef 63654465742f 
000001f5 4465742e6870 
000001fb 7000 
000001fd 000000          390 	.byte	0,0,0
00000200 2e2e2f736f75    391 	.strz	"../source/SwcServiceDet/Types_SwcServiceDet.hpp"
00000206 7263652f5377 
0000020c 635365727669 
00000212 63654465742f 
00000218 54797065735f 
0000021e 537763536572 
00000224 766963654465 
0000022a 742e68707000 
00000230 000000          392 	.byte	0,0,0
00000233 2e2e2f736f75    393 	.strz	"../source/wrappers/Rte_Det_Type.hpp"
00000239 7263652f7772 
0000023f 617070657273 
00000245 2f5274655f44 
0000024b 65745f547970 
00000251 652e68707000 
00000257 000000          394 	.byte	0,0,0
0000025a 2e2e2f736f75    395 	.strz	"../source/McalMcu/types.hpp"
00000260 7263652f4d63 
00000266 616c4d63752f 
0000026c 74797065732e 
00000272 68707000 
00000276 000000          396 	.byte	0,0,0
00000279 2e2e2f736f75    397 	.strz	"../source/ProjectCompiler/Det_MemMap.hpp"
0000027f 7263652f5072 
00000285 6f6a65637443 
0000028b 6f6d70696c65 
00000291 722f4465745f 
00000297 4d656d4d6170 
0000029d 2e68707000 
000002a2 000000          398 	.byte	0,0,0
000002a5 2e2e2f736f75    399 	.strz	"../source/ProjectCompiler/Bsw_MemMap.hpp"
000002ab 7263652f5072 
000002b1 6f6a65637443 
000002b7 6f6d70696c65 
000002bd 722f4273775f 
000002c3 4d656d4d6170 
000002c9 2e68707000 
000002ce 000000          400 	.byte	0,0,0
000002d1 2e2e2f736f75    401 	.strz	"../source/ProjectCompiler/MemMap_Common.hpp"
000002d7 7263652f5072 
000002dd 6f6a65637443 
000002e3 6f6d70696c65 
000002e9 722f4d656d4d 
000002ef 61705f436f6d 
000002f5 6d6f6e2e6870 
000002fb 7000 
000002fd 000000          402 	.byte	0,0,0
00000300 2e2e2f736f75    403 	.strz	"../source/wrappers/SwcServiceDem/Dem_Types.hpp"
00000306 7263652f7772 
0000030c 617070657273 
00000312 2f5377635365 
00000318 727669636544 
0000031e 656d2f44656d 
00000324 5f5479706573 

                                                                      Page 10
                                                              C:\Users\nhuliyap\AppData\Local\Temp\gh_0000d441.s
0000032a 2e68707000 
0000032f 000000          404 	.byte	0,0,0
00000332 2e2e2f736f75    405 	.strz	"../source/ProjectCfg/Dem_Cfg.hpp"
00000338 7263652f5072 
0000033e 6f6a65637443 
00000344 66672f44656d 
0000034a 5f4366672e68 
00000350 707000 
00000353 000000          406 	.byte	0,0,0
00000356 2e2e2f736f75    407 	.strz	"../source/ProjectCfg/Dem_Cfg_Client.hpp"
0000035c 7263652f5072 
00000362 6f6a65637443 
00000368 66672f44656d 
0000036e 5f4366675f43 
00000374 6c69656e742e 
0000037a 68707000 
0000037e 000000          408 	.byte	0,0,0
00000381 2e2e2f736f75    409 	.strz	"../source/wrappers/SwcServiceDem/Dem_ClientHandlingTypes.hpp"
00000387 7263652f7772 
0000038d 617070657273 
00000393 2f5377635365 
00000399 727669636544 
0000039f 656d2f44656d 
000003a5 5f436c69656e 
000003ab 7448616e646c 
000003b1 696e67547970 
000003b7 65732e687070 
000003bd 00 
000003be 000000          410 	.byte	0,0,0
000003c1 2e2e2f736f75    411 	.strz	"../source/ProjectCfg/Dem_Cfg_NodeId.hpp"
000003c7 7263652f5072 
000003cd 6f6a65637443 
000003d3 66672f44656d 
000003d9 5f4366675f4e 
000003df 6f646549642e 
000003e5 68707000 
000003e9 000000          412 	.byte	0,0,0
000003ec 2e2e2f736f75    413 	.strz	"../source/ProjectCfg/Dem_Cfg_Version.hpp"
000003f2 7263652f5072 
000003f8 6f6a65637443 
000003fe 66672f44656d 
00000404 5f4366675f56 
0000040a 657273696f6e 
00000410 2e68707000 
00000415 000000          414 	.byte	0,0,0
00000418 2e2e2f736f75    415 	.strz	"../source/wrappers/Rte_Dem_Type.hpp"
0000041e 7263652f7772 
00000424 617070657273 
0000042a 2f5274655f44 
00000430 656d5f547970 
00000436 652e68707000 
0000043c 000000          416 	.byte	0,0,0
0000043f 2e2e2f736f75    417 	.strz	"../source/wrappers/SwcServiceDem/Dem_Lib.hpp"
00000445 7263652f7772 
0000044b 617070657273 
00000451 2f5377635365 
00000457 727669636544 
0000045d 656d2f44656d 
00000463 5f4c69622e68 
00000469 707000 
0000046c 000000          418 	.byte	0,0,0

                                                                      Page 11
                                                              C:\Users\nhuliyap\AppData\Local\Temp\gh_0000d441.s
0000046f 2e2e2f736f75    419 	.strz	"../source/wrappers/LibAutosarDiag/rba_DiagLib_MemUtils.hpp"
00000475 7263652f7772 
0000047b 617070657273 
00000481 2f4c69624175 
00000487 746f73617244 
0000048d 6961672f7262 
00000493 615f44696167 
00000499 4c69625f4d65 
0000049f 6d5574696c73 
000004a5 2e68707000 
000004aa 000000          420 	.byte	0,0,0
000004ad 2e2e2f736f75    421 	.strz	"../source/wrappers/rba_BswSrv/rba_BswSrv.hpp"
000004b3 7263652f7772 
000004b9 617070657273 
000004bf 2f7262615f42 
000004c5 73775372762f 
000004cb 7262615f4273 
000004d1 775372762e68 
000004d7 707000 
000004da 000000          422 	.byte	0,0,0
000004dd 2e2e2f736f75    423 	.strz	"../source/ProjectCompiler/rba_BswSrv_MemMap.hpp"
000004e3 7263652f5072 
000004e9 6f6a65637443 
000004ef 6f6d70696c65 
000004f5 722f7262615f 
000004fb 427377537276 
00000501 5f4d656d4d61 
00000507 702e68707000 
0000050d 000000          424 	.byte	0,0,0
00000510 2e2e2f736f75    425 	.strz	"../source/ProjectCompiler/Dem_Cfg_MemMap.hpp"
00000516 7263652f5072 
0000051c 6f6a65637443 
00000522 6f6d70696c65 
00000528 722f44656d5f 
0000052e 4366675f4d65 
00000534 6d4d61702e68 
0000053a 707000 
0000053d 000000          426 	.byte	0,0,0
00000540 00              427 	.byte	0
                         428 .Ldw_lpro_end:
                         429 	.section	.debug_macinfo
                         430 .Ldw_macinfo_begin:
                         431 	.section	.debug_info
                         432 .LDW_48c6c90:
000000b0 25              433 	.byte	37
000000b1 756e7369676e    434 	.strz	"unsigned long"
000000b7 6564206c6f6e 
000000bd 6700 
000000bf 07              435 	.byte	7
000000c0 04              436 	.byte	4
                         437 
                         438 	.section	.debug_abbrev
00000017 25              439 	.byte	37
00000018 24              440 	.byte	36
00000019 00              441 	.byte	0
0000001a 0308            442 	.byte	3,8
0000001c 3e0b            443 	.byte	62,11
0000001e 0b0b            444 	.byte	11,11
00000020 0000            445 	.byte	0,0
                         446 
                         447 	.section	.debug_info

                                                                      Page 12
                                                              C:\Users\nhuliyap\AppData\Local\Temp\gh_0000d441.s
                         448 .LDW_48c6c58:
000000c1 25              449 	.byte	37
000000c2 756e7369676e    450 	.strz	"unsigned char"
000000c8 656420636861 
000000ce 7200 
000000d0 08              451 	.byte	8
000000d1 01              452 	.byte	1
                         453 
                         454 .LDW_4bdee20:
000000d2 25              455 	.byte	37
000000d3 696e7400        456 	.strz	"int"
000000d7 05              457 	.byte	5
000000d8 04              458 	.byte	4
                         459 
                         460 .LDW_4b70f98:
000000d9 29              461 	.byte	41
000000da 00000000*       462 	.word	.LDW_4b71360
                         463 
                         464 	.section	.debug_abbrev
00000022 29              465 	.byte	41
00000023 26              466 	.byte	38
00000024 00              467 	.byte	0
00000025 4910            468 	.byte	73,16
00000027 0000            469 	.byte	0,0
                         470 
                         471 	.section	.debug_info
                         472 .LDW_490d8e0:
000000de 3a              473 	.byte	58
000000df 00              474 	.byte	0
000000e0 f803            475 	.byte	248,3
000000e2 00000000*       476 	.word	.LDW_4b70f98
                         477 
                         478 	.section	.debug_abbrev
00000029 3a              479 	.byte	58
0000002a 01              480 	.byte	1
0000002b 01              481 	.byte	1
0000002c 090b            482 	.byte	9,11
0000002e 0b0f            483 	.byte	11,15
00000030 4910            484 	.byte	73,16
00000032 0000            485 	.byte	0,0
                         486 
                         487 	.section	.debug_info
000000e6 32              488 	.byte	50
000000e7 00000000*       489 	.word	.LDW_4bdee20
000000eb 04              490 	.byte	4
000000ec 00              491 	.byte	0
000000ed 29              492 	.byte	41
                         493 
                         494 	.section	.debug_abbrev
00000034 32              495 	.byte	50
00000035 21              496 	.byte	33
00000036 00              497 	.byte	0
00000037 4910            498 	.byte	73,16
00000039 0b0f            499 	.byte	11,15
0000003b 220d            500 	.byte	34,13
0000003d 2f0d            501 	.byte	47,13
0000003f 0000            502 	.byte	0,0
                         503 
                         504 	.section	.debug_info
000000ee 00              505 	.byte	0
                         506 

                                                                      Page 13
                                                              C:\Users\nhuliyap\AppData\Local\Temp\gh_0000d441.s
                         507 .LDW_4bdfb88:
000000ef 28              508 	.byte	40
000000f0 626f6f6c6561    509 	.strz	"boolean"
000000f6 6e00 
000000f8 4e              510 	.byte	78
000000f9 49              511 	.byte	73
000000fa 03              512 	.byte	3
000000fb 00000000*       513 	.word	.LDW_48c6c58
                         514 
                         515 	.section	.debug_abbrev
00000041 28              516 	.byte	40
00000042 16              517 	.byte	22
00000043 00              518 	.byte	0
00000044 0308            519 	.byte	3,8
00000046 3b0f            520 	.byte	59,15
00000048 390f            521 	.byte	57,15
0000004a 3a0f            522 	.byte	58,15
0000004c 4910            523 	.byte	73,16
0000004e 0000            524 	.byte	0,0
                         525 
                         526 	.section	.debug_info
                         527 .LDW_4bdbc80:
000000ff 28              528 	.byte	40
00000100 75696e743800    529 	.strz	"uint8"
00000106 50              530 	.byte	80
00000107 4b              531 	.byte	75
00000108 03              532 	.byte	3
00000109 00000000*       533 	.word	.LDW_48c6c58
                         534 
                         535 .LDW_490ee18:
0000010d 28              536 	.byte	40
0000010e 75696e743332    537 	.strz	"uint32"
00000114 00 
00000115 54              538 	.byte	84
00000116 4a              539 	.byte	74
00000117 03              540 	.byte	3
00000118 00000000*       541 	.word	.LDW_48c6c90
                         542 
                         543 .LDW_4be80e8:
0000011c 28              544 	.byte	40
0000011d 44656d5f4474    545 	.strz	"Dem_DtcCodeType"
00000123 63436f646554 
00000129 79706500 
0000012d 26              546 	.byte	38
0000012e 10              547 	.byte	16
0000012f 12              548 	.byte	18
00000130 00000000*       549 	.word	.LDW_490ee18
                         550 
                         551 .LDW_4be8560:
00000134 28              552 	.byte	40
00000135 44656d5f4454    553 	.strz	"Dem_DTCSeverityType"
0000013b 435365766572 
00000141 697479547970 
00000147 6500 
00000149 6d              554 	.byte	109
0000014a 0f              555 	.byte	15
0000014b 12              556 	.byte	18
0000014c 00000000*       557 	.word	.LDW_4bdbc80
                         558 
                         559 .LDW_4be8140:
00000150 28              560 	.byte	40

                                                                      Page 14
                                                              C:\Users\nhuliyap\AppData\Local\Temp\gh_0000d441.s
00000151 44656d5f4454    561 	.strz	"Dem_DTCKindType"
00000157 434b696e6454 
0000015d 79706500 
00000161 c001            562 	.byte	192,1
00000163 10              563 	.byte	16
00000164 12              564 	.byte	18
00000165 00000000*       565 	.word	.LDW_4bdbc80
                         566 
                         567 .LDW_4b717d8:
00000169 41              568 	.byte	65
0000016a 0e              569 	.byte	14
0000016b 01              570 	.byte	1
0000016c 07              571 	.byte	7
0000016d 0c              572 	.byte	12
0000016e 01              573 	.byte	1
                         574 
                         575 	.section	.debug_abbrev
00000050 41              576 	.byte	65
00000051 13              577 	.byte	19
00000052 01              578 	.byte	1
00000053 3b0f            579 	.byte	59,15
00000055 390f            580 	.byte	57,15
00000057 3a0f            581 	.byte	58,15
00000059 0b0f            582 	.byte	11,15
0000005b 320b            583 	.byte	50,11
0000005d 0000            584 	.byte	0,0
                         585 
                         586 	.section	.debug_info
                         587 .LDW_4b5b658:
0000016f 23              588 	.byte	35
00000170 447463436f64    589 	.strz	"DtcCode"
00000176 6500 
00000178 0f              590 	.byte	15
00000179 12              591 	.byte	18
0000017a 07              592 	.byte	7
0000017b 00000000*       593 	.word	.LDW_4be80e8
0000017f 0223            594 	.byte	2,35
00000181 00              595 	.byte	0
00000182 01              596 	.byte	1
                         597 
                         598 	.section	.debug_abbrev
0000005f 23              599 	.byte	35
00000060 0d              600 	.byte	13
00000061 00              601 	.byte	0
00000062 0308            602 	.byte	3,8
00000064 3b0f            603 	.byte	59,15
00000066 390f            604 	.byte	57,15
00000068 3a0f            605 	.byte	58,15
0000006a 4910            606 	.byte	73,16
0000006c 380a            607 	.byte	56,10
0000006e 320b            608 	.byte	50,11
00000070 0000            609 	.byte	0,0
                         610 
                         611 	.section	.debug_info
                         612 .LDW_4b5b5c8:
00000183 23              613 	.byte	35
00000184 536576657269    614 	.strz	"Severity"
0000018a 747900 
0000018d 10              615 	.byte	16
0000018e 16              616 	.byte	22
0000018f 07              617 	.byte	7

                                                                      Page 15
                                                              C:\Users\nhuliyap\AppData\Local\Temp\gh_0000d441.s
00000190 00000000*       618 	.word	.LDW_4be8560
00000194 0223            619 	.byte	2,35
00000196 04              620 	.byte	4
00000197 01              621 	.byte	1
                         622 
                         623 .LDW_4b5b4a8:
00000198 23              624 	.byte	35
00000199 46756e635f55    625 	.strz	"Func_Unit"
0000019f 6e697400 
000001a3 11              626 	.byte	17
000001a4 08              627 	.byte	8
000001a5 07              628 	.byte	7
000001a6 00000000*       629 	.word	.LDW_4bdbc80
000001aa 0223            630 	.byte	2,35
000001ac 05              631 	.byte	5
000001ad 01              632 	.byte	1
                         633 
                         634 .LDW_4b5b778:
000001ae 23              635 	.byte	35
000001af 4b696e6400      636 	.strz	"Kind"
000001b4 12              637 	.byte	18
000001b5 12              638 	.byte	18
000001b6 07              639 	.byte	7
000001b7 00000000*       640 	.word	.LDW_4be8140
000001bb 0223            641 	.byte	2,35
000001bd 06              642 	.byte	6
000001be 01              643 	.byte	1
                         644 
                         645 .LDW_4b5b538:
000001bf 23              646 	.byte	35
000001c0 447463436f64    647 	.strz	"DtcCode_Is_Index"
000001c6 655f49735f49 
000001cc 6e64657800 
000001d1 13              648 	.byte	19
000001d2 0a              649 	.byte	10
000001d3 07              650 	.byte	7
000001d4 00000000*       651 	.word	.LDW_4bdfb88
000001d8 0223            652 	.byte	2,35
000001da 07              653 	.byte	7
000001db 01              654 	.byte	1
                         655 
                         656 .LDW_4b5aec0:
000001dc 23              657 	.byte	35
000001dd 4e765f53746f    658 	.strz	"Nv_Storage"
000001e3 7261676500 
000001e8 14              659 	.byte	20
000001e9 0a              660 	.byte	10
000001ea 07              661 	.byte	7
000001eb 00000000*       662 	.word	.LDW_4bdfb88
000001ef 0223            663 	.byte	2,35
000001f1 08              664 	.byte	8
000001f2 01              665 	.byte	1
                         666 
000001f3 00              667 	.byte	0
                         668 
                         669 .LDW_4b71360:
000001f4 28              670 	.byte	40
000001f5 44656d5f4366    671 	.strz	"Dem_Cfg_DtcType"
000001fb 675f44746354 
00000201 79706500 
00000205 15              672 	.byte	21

                                                                      Page 16
                                                              C:\Users\nhuliyap\AppData\Local\Temp\gh_0000d441.s
00000206 02              673 	.byte	2
00000207 07              674 	.byte	7
00000208 00000000*       675 	.word	.LDW_4b717d8
                         676 
                         677 .LDW_4b710f8:
0000020c 04              678 	.byte	4
0000020d 44656d5f4366    679 	.strz	"Dem_Cfg_Dtc"
00000213 675f44746300 
00000219 06              680 	.byte	6
0000021a 17              681 	.byte	23
0000021b 01              682 	.byte	1
0000021c 00000000*       683 	.word	.LDW_490d8e0
00000220 01              684 	.byte	1
00000221 00              685 	.byte	0
00000222 0503            686 	.byte	5,3
00000224 00000000*       687 	.word	_Dem_Cfg_Dtc
                         688 
                         689 	.section	.debug_abbrev
00000072 04              690 	.byte	4
00000073 34              691 	.byte	52
00000074 00              692 	.byte	0
00000075 0308            693 	.byte	3,8
00000077 3b0f            694 	.byte	59,15
00000079 390f            695 	.byte	57,15
0000007b 3a0f            696 	.byte	58,15
0000007d 4910            697 	.byte	73,16
0000007f 3f0c            698 	.byte	63,12
00000081 3c0c            699 	.byte	60,12
00000083 020a            700 	.byte	2,10
00000085 0000            701 	.byte	0,0
                         702 
                         703 	.section	.debug_info
00000228 00              704 	.byte	0
                         705 
                         706 	.section	.debug_line
                         707 .Ldw_line_end:
                         708 	.section	.debug_macinfo
00000000 01              709 	.byte	1
00000001 00              710 	.byte	0
00000002 5f5f6768735f    711 	.strz	"__ghs__ 1"
00000008 5f203100 
0000000c 01              712 	.byte	1
0000000d 00              713 	.byte	0
0000000e 5f5f4c4c4f4e    714 	.strz	"__LLONG_BIT 64"
00000014 475f42495420 
0000001a 363400 
0000001d 01              715 	.byte	1
0000001e 00              716 	.byte	0
0000001f 4e4f545f5245    717 	.strz	"NOT_READY_FOR_TESTING_OR_DEPLOYMENT 1"
00000025 4144595f464f 
0000002b 525f54455354 
00000031 494e475f4f52 
00000037 5f4445504c4f 
0000003d 594d454e5420 
00000043 3100 
00000045 03              718 	.byte	3
00000046 00              719 	.byte	0
00000047 01              720 	.byte	1
00000048 03              721 	.byte	3
00000049 01              722 	.byte	1
0000004a 02              723 	.byte	2

                                                                      Page 17
                                                              C:\Users\nhuliyap\AppData\Local\Temp\gh_0000d441.s
0000004b 03              724 	.byte	3
0000004c 1c              725 	.byte	28
0000004d 03              726 	.byte	3
0000004e 01              727 	.byte	1
0000004f 3c              728 	.byte	60
00000050 545255452031    729 	.strz	"TRUE 1u"
00000056 7500 
00000058 01              730 	.byte	1
00000059 40              731 	.byte	64
0000005a 46414c534520    732 	.strz	"FALSE 0u"
00000060 307500 
00000063 04              733 	.byte	4
00000064 03              734 	.byte	3
00000065 1d              735 	.byte	29
00000066 04              736 	.byte	4
00000067 03              737 	.byte	3
00000068 1b              738 	.byte	27
00000069 05              739 	.byte	5
0000006a 03              740 	.byte	3
0000006b 54              741 	.byte	84
0000006c 06              742 	.byte	6
0000006d 04              743 	.byte	4
0000006e 04              744 	.byte	4
0000006f 01              745 	.byte	1
00000070 33              746 	.byte	51
00000071 4c4f43414c5f    747 	.strz	"LOCAL_INLINE static inline"
00000077 494e4c494e45 
0000007d 207374617469 
00000083 6320696e6c69 
00000089 6e6500 
0000008c 04              748 	.byte	4
0000008d 01              749 	.byte	1
0000008e 3c              750 	.byte	60
0000008f 5354445f4f4e    751 	.strz	"STD_ON 1u"
00000095 20317500 
00000099 04              752 	.byte	4
0000009a 03              753 	.byte	3
0000009b 03              754 	.byte	3
0000009c 07              755 	.byte	7
0000009d 03              756 	.byte	3
0000009e 06              757 	.byte	6
0000009f 08              758 	.byte	8
000000a0 04              759 	.byte	4
000000a1 03              760 	.byte	3
000000a2 07              761 	.byte	7
000000a3 09              762 	.byte	9
000000a4 03              763 	.byte	3
000000a5 04              764 	.byte	4
000000a6 0a              765 	.byte	10
000000a7 01              766 	.byte	1
000000a8 06              767 	.byte	6
000000a9 44454d5f4346    768 	.strz	"DEM_CFG_BUILDTARGET_ECU 1"
000000af 475f4255494c 
000000b5 445441524745 
000000bb 545f45435520 
000000c1 3100 
000000c3 01              769 	.byte	1
000000c4 07              770 	.byte	7
000000c5 44454d5f4346    771 	.strz	"DEM_CFG_BUILDTARGET_DEMTESTSUITE 2"
000000cb 475f4255494c 
000000d1 445441524745 

                                                                      Page 18
                                                              C:\Users\nhuliyap\AppData\Local\Temp\gh_0000d441.s
000000d7 545f44454d54 
000000dd 455354535549 
000000e3 5445203200 
000000e8 01              772 	.byte	1
000000e9 10              773 	.byte	16
000000ea 44454d5f4346    774 	.strz	"DEM_CFG_BUILDTARGET DEM_CFG_BUILDTARGET_ECU"
000000f0 475f4255494c 
000000f6 445441524745 
000000fc 542044454d5f 
00000102 4346475f4255 
00000108 494c44544152 
0000010e 4745545f4543 
00000114 5500 
00000116 01              775 	.byte	1
00000117 17              776 	.byte	23
00000118 44454d5f4346    777 	.strz	"DEM_CFG_DEVERRORDETECT_ON STD_ON"
0000011e 475f44455645 
00000124 52524f524445 
0000012a 544543545f4f 
00000130 4e205354445f 
00000136 4f4e00 
00000139 01              778 	.byte	1
0000013a 18              779 	.byte	24
0000013b 44454d5f4346    780 	.strz	"DEM_CFG_DEVERRORDETECT DEM_CFG_DEVERRORDETECT_ON"
00000141 475f44455645 
00000147 52524f524445 
0000014d 544543542044 
00000153 454d5f434647 
00000159 5f4445564552 
0000015f 524f52444554 
00000165 4543545f4f4e 
0000016b 00 
0000016c 04              781 	.byte	4
0000016d 03              782 	.byte	3
0000016e 07              783 	.byte	7
0000016f 0b              784 	.byte	11
00000170 03              785 	.byte	3
00000171 04              786 	.byte	4
00000172 0c              787 	.byte	12
00000173 03              788 	.byte	3
00000174 04              789 	.byte	4
00000175 0d              790 	.byte	13
00000176 03              791 	.byte	3
00000177 06              792 	.byte	6
00000178 0e              793 	.byte	14
00000179 04              794 	.byte	4
0000017a 04              795 	.byte	4
0000017b 04              796 	.byte	4
0000017c 01              797 	.byte	1
0000017d 08              798 	.byte	8
0000017e 4445545f4346    799 	.strz	"DET_CFG_CHECK_API_CONSISTENCY TRUE"
00000184 475f43484543 
0000018a 4b5f4150495f 
00000190 434f4e534953 
00000196 54454e435920 
0000019c 5452554500 
000001a1 01              800 	.byte	1
000001a2 0a              801 	.byte	10
000001a3 4445545f5354    802 	.strz	"DET_START_SEC_ROM_CODE "
000001a9 4152545f5345 
000001af 435f524f4d5f 

                                                                      Page 19
                                                              C:\Users\nhuliyap\AppData\Local\Temp\gh_0000d441.s
000001b5 434f44452000 
000001bb 03              803 	.byte	3
000001bc 0b              804 	.byte	11
000001bd 0f              805 	.byte	15
000001be 01              806 	.byte	1
000001bf 06              807 	.byte	6
000001c0 4d454d4d4150    808 	.strz	"MEMMAP_ERROR "
000001c6 5f4552524f52 
000001cc 2000 
000001ce 01              809 	.byte	1
000001cf 51              810 	.byte	81
000001d0 4253575f5354    811 	.strz	"BSW_START_SEC_DEFAULT_CODE "
000001d6 4152545f5345 
000001dc 435f44454641 
000001e2 554c545f434f 
000001e8 44452000 
000001ec 03              812 	.byte	3
000001ed 52              813 	.byte	82
000001ee 10              814 	.byte	16
000001ef 01              815 	.byte	1
000001f0 d308            816 	.byte	211,8
000001f2 53544152545f    817 	.strz	"START_SEC_CODE "
000001f8 5345435f434f 
000001fe 44452000 
00000202 03              818 	.byte	3
00000203 bb09            819 	.byte	187,9
00000205 11              820 	.byte	17
00000206 01              821 	.byte	1
00000207 f307            822 	.byte	243,7
00000209 434f44455f53    823 	.strz	"CODE_SEC_OPEN "
0000020f 45435f4f5045 
00000215 4e2000 
00000218 04              824 	.byte	4
00000219 04              825 	.byte	4
0000021a 01              826 	.byte	1
0000021b 56              827 	.byte	86
0000021c 4445545f5741    828 	.strz	"DET_WAS_STARTED_SEC_ROM_CODE "
00000222 535f53544152 
00000228 5445445f5345 
0000022e 435f524f4d5f 
00000234 434f44452000 
0000023a 04              829 	.byte	4
0000023b 01              830 	.byte	1
0000023c 20              831 	.byte	32
0000023d 4445545f5354    832 	.strz	"DET_STOP_SEC_ROM_CODE "
00000243 4f505f534543 
00000249 5f524f4d5f43 
0000024f 4f44452000 
00000254 03              833 	.byte	3
00000255 21              834 	.byte	33
00000256 0f              835 	.byte	15
00000257 01              836 	.byte	1
00000258 06              837 	.byte	6
00000259 4d454d4d4150    838 	.strz	"MEMMAP_ERROR "
0000025f 5f4552524f52 
00000265 2000 
00000267 01              839 	.byte	1
00000268 5e              840 	.byte	94
00000269 4253575f5354    841 	.strz	"BSW_STOP_SEC_DEFAULT_CODE "
0000026f 4f505f534543 
00000275 5f4445464155 

                                                                      Page 20
                                                              C:\Users\nhuliyap\AppData\Local\Temp\gh_0000d441.s
0000027b 4c545f434f44 
00000281 452000 
00000284 03              842 	.byte	3
00000285 5f              843 	.byte	95
00000286 10              844 	.byte	16
00000287 01              845 	.byte	1
00000288 d608            846 	.byte	214,8
0000028a 53544f505f53    847 	.strz	"STOP_SEC_CODE "
00000290 45435f434f44 
00000296 452000 
00000299 03              848 	.byte	3
0000029a bb09            849 	.byte	187,9
0000029c 11              850 	.byte	17
0000029d 04              851 	.byte	4
0000029e 04              852 	.byte	4
0000029f 04              853 	.byte	4
000002a0 04              854 	.byte	4
000002a1 04              855 	.byte	4
000002a2 03              856 	.byte	3
000002a3 08              857 	.byte	8
000002a4 12              858 	.byte	18
000002a5 01              859 	.byte	1
000002a6 02              860 	.byte	2
000002a7 44454d5f5459    861 	.strz	"DEM_TYPES_H "
000002ad 5045535f4820 
000002b3 00 
000002b4 03              862 	.byte	3
000002b5 04              863 	.byte	4
000002b6 13              864 	.byte	19
000002b7 01              865 	.byte	1
000002b8 04              866 	.byte	4
000002b9 44454d5f4346    867 	.strz	"DEM_CFG_OBD_OFF 0"
000002bf 475f4f42445f 
000002c5 4f4646203000 
000002cb 01              868 	.byte	1
000002cc 05              869 	.byte	5
000002cd 44454d5f4346    870 	.strz	"DEM_CFG_OBD_ON 1"
000002d3 475f4f42445f 
000002d9 4f4e203100 
000002de 01              871 	.byte	1
000002df 06              872 	.byte	6
000002e0 44454d5f4346    873 	.strz	"DEM_CFG_OBD DEM_CFG_OBD_OFF"
000002e6 475f4f424420 
000002ec 44454d5f4346 
000002f2 475f4f42445f 
000002f8 4f464600 
000002fc 01              874 	.byte	1
000002fd 07              875 	.byte	7
000002fe 44454d5f4346    876 	.strz	"DEM_CFG_J1939DCM_OFF 0"
00000304 475f4a313933 
0000030a 3944434d5f4f 
00000310 4646203000 
00000315 01              877 	.byte	1
00000316 09              878 	.byte	9
00000317 44454d5f4346    879 	.strz	"DEM_CFG_J1939DCM DEM_CFG_J1939DCM_OFF"
0000031d 475f4a313933 
00000323 3944434d2044 
00000329 454d5f434647 
0000032f 5f4a31393339 
00000335 44434d5f4f46 
0000033b 4600 

                                                                      Page 21
                                                              C:\Users\nhuliyap\AppData\Local\Temp\gh_0000d441.s
0000033d 01              880 	.byte	1
0000033e 35              881 	.byte	53
0000033f 44454d5f4346    882 	.strz	"DEM_CFG_DEBUGDATA_OFF 0"
00000345 475f44454255 
0000034b 47444154415f 
00000351 4f4646203000 
00000357 01              883 	.byte	1
00000358 37              884 	.byte	55
00000359 44454d5f4346    885 	.strz	"DEM_CFG_DEBUGDATA_32BIT (0+4)"
0000035f 475f44454255 
00000365 47444154415f 
0000036b 333242495420 
00000371 28302b342900 
00000377 01              886 	.byte	1
00000378 38              887 	.byte	56
00000379 44454d5f4346    888 	.strz	"DEM_CFG_DEBUGDATA DEM_CFG_DEBUGDATA_32BIT"
0000037f 475f44454255 
00000385 474441544120 
0000038b 44454d5f4346 
00000391 475f44454255 
00000397 47444154415f 
0000039d 333242495400 
000003a3 04              889 	.byte	4
000003a4 03              890 	.byte	3
000003a5 05              891 	.byte	5
000003a6 14              892 	.byte	20
000003a7 03              893 	.byte	3
000003a8 04              894 	.byte	4
000003a9 15              895 	.byte	21
000003aa 03              896 	.byte	3
000003ab 06              897 	.byte	6
000003ac 12              898 	.byte	18
000003ad 04              899 	.byte	4
000003ae 01              900 	.byte	1
000003af 22              901 	.byte	34
000003b0 44454d5f494e    902 	.strz	"DEM_INVALID_DTC 0xAA000000u"
000003b6 56414c49445f 
000003bc 445443203078 
000003c2 414130303030 
000003c8 30307500 
000003cc 04              903 	.byte	4
000003cd 04              904 	.byte	4
000003ce 03              905 	.byte	3
000003cf 06              906 	.byte	6
000003d0 16              907 	.byte	22
000003d1 01              908 	.byte	1
000003d2 05              909 	.byte	5
000003d3 44454d5f4e4f    910 	.strz	"DEM_NODEID_COUNT 6u"
000003d9 444549445f43 
000003df 4f554e542036 
000003e5 7500 
000003e7 01              911 	.byte	1
000003e8 06              912 	.byte	6
000003e9 44454d5f4e4f    913 	.strz	"DEM_NODEID_ARRAYLENGTH (DEM_NODEID_COUNT+1u)"
000003ef 444549445f41 
000003f5 525241594c45 
000003fb 4e4754482028 
00000401 44454d5f4e4f 
00000407 444549445f43 
0000040d 4f554e542b31 
00000413 752900 

                                                                      Page 22
                                                              C:\Users\nhuliyap\AppData\Local\Temp\gh_0000d441.s
00000416 04              914 	.byte	4
00000417 03              915 	.byte	3
00000418 07              916 	.byte	7
00000419 17              917 	.byte	23
0000041a 04              918 	.byte	4
0000041b 03              919 	.byte	3
0000041c 08              920 	.byte	8
0000041d 18              921 	.byte	24
0000041e 04              922 	.byte	4
0000041f 01              923 	.byte	1
00000420 0e              924 	.byte	14
00000421 44454d5f494e    925 	.strz	"DEM_INLINE LOCAL_INLINE"
00000427 4c494e45204c 
0000042d 4f43414c5f49 
00000433 4e4c494e4500 
00000439 01              926 	.byte	1
0000043a 10              927 	.byte	16
0000043b 44454d5f455f    928 	.strz	"DEM_E_NO_DTC_AVAILABLE 2"
00000441 4e4f5f445443 
00000447 5f415641494c 
0000044d 41424c452032 
00000453 00 
00000454 01              929 	.byte	1
00000455 12              930 	.byte	18
00000456 455f4e4f5f44    931 	.strz	"E_NO_DTC_AVAILABLE DEM_E_NO_DTC_AVAILABLE"
0000045c 54435f415641 
00000462 494c41424c45 
00000468 2044454d5f45 
0000046e 5f4e4f5f4454 
00000474 435f41564149 
0000047a 4c41424c4500 
00000480 01              932 	.byte	1
00000481 19              933 	.byte	25
00000482 44454d5f455f    934 	.strz	"DEM_E_NO_FDC_AVAILABLE 3"
00000488 4e4f5f464443 
0000048e 5f415641494c 
00000494 41424c452033 
0000049a 00 
0000049b 01              935 	.byte	1
0000049c 1b              936 	.byte	27
0000049d 455f4e4f5f46    937 	.strz	"E_NO_FDC_AVAILABLE DEM_E_NO_FDC_AVAILABLE"
000004a3 44435f415641 
000004a9 494c41424c45 
000004af 2044454d5f45 
000004b5 5f4e4f5f4644 
000004bb 435f41564149 
000004c1 4c41424c4500 
000004c7 01              938 	.byte	1
000004c8 6e              939 	.byte	110
000004c9 44454d5f5345    940 	.strz	"DEM_SEVERITY_NO_SEVERITY 0x00u"
000004cf 564552495459 
000004d5 5f4e4f5f5345 
000004db 564552495459 
000004e1 203078303075 
000004e7 00 
000004e8 01              941 	.byte	1
000004e9 70              942 	.byte	112
000004ea 44454d5f5345    943 	.strz	"DEM_SEVERITY_CHECK_AT_NEXT_HALT 0x40u"
000004f0 564552495459 
000004f6 5f434845434b 
000004fc 5f41545f4e45 

                                                                      Page 23
                                                              C:\Users\nhuliyap\AppData\Local\Temp\gh_0000d441.s
00000502 58545f48414c 
00000508 542030783430 
0000050e 7500 
00000510 01              944 	.byte	1
00000511 c101            945 	.byte	193,1
00000513 44454d5f4454    946 	.strz	"DEM_DTC_KIND_ALL_DTCS 0x01u"
00000519 435f4b494e44 
0000051f 5f414c4c5f44 
00000525 544353203078 
0000052b 30317500 
0000052f 04              947 	.byte	4
00000530 03              948 	.byte	3
00000531 09              949 	.byte	9
00000532 19              950 	.byte	25
00000533 03              951 	.byte	3
00000534 06              952 	.byte	6
00000535 1a              953 	.byte	26
00000536 03              954 	.byte	3
00000537 04              955 	.byte	4
00000538 1b              956 	.byte	27
00000539 01              957 	.byte	1
0000053a 10              958 	.byte	16
0000053b 5242415f4253    959 	.strz	"RBA_BSWSRV_START_SEC_CODE "
00000541 575352565f53 
00000547 544152545f53 
0000054d 45435f434f44 
00000553 452000 
00000556 03              960 	.byte	3
00000557 11              961 	.byte	17
00000558 1c              962 	.byte	28
00000559 01              963 	.byte	1
0000055a 37              964 	.byte	55
0000055b 4253575f5354    965 	.strz	"BSW_START_SEC_DEFAULT_CODE "
00000561 4152545f5345 
00000567 435f44454641 
0000056d 554c545f434f 
00000573 44452000 
00000577 03              966 	.byte	3
00000578 38              967 	.byte	56
00000579 10              968 	.byte	16
0000057a 01              969 	.byte	1
0000057b d308            970 	.byte	211,8
0000057d 53544152545f    971 	.strz	"START_SEC_CODE "
00000583 5345435f434f 
00000589 44452000 
0000058d 03              972 	.byte	3
0000058e bb09            973 	.byte	187,9
00000590 11              974 	.byte	17
00000591 01              975 	.byte	1
00000592 f307            976 	.byte	243,7
00000594 434f44455f53    977 	.strz	"CODE_SEC_OPEN "
0000059a 45435f4f5045 
000005a0 4e2000 
000005a3 04              978 	.byte	4
000005a4 04              979 	.byte	4
000005a5 04              980 	.byte	4
000005a6 01              981 	.byte	1
000005a7 15              982 	.byte	21
000005a8 5242415f4253    983 	.strz	"RBA_BSWSRV_STOP_SEC_CODE "
000005ae 575352565f53 
000005b4 544f505f5345 

                                                                      Page 24
                                                              C:\Users\nhuliyap\AppData\Local\Temp\gh_0000d441.s
000005ba 435f434f4445 
000005c0 2000 
000005c2 03              984 	.byte	3
000005c3 16              985 	.byte	22
000005c4 1c              986 	.byte	28
000005c5 01              987 	.byte	1
000005c6 3b              988 	.byte	59
000005c7 4253575f5354    989 	.strz	"BSW_STOP_SEC_DEFAULT_CODE "
000005cd 4f505f534543 
000005d3 5f4445464155 
000005d9 4c545f434f44 
000005df 452000 
000005e2 03              990 	.byte	3
000005e3 3c              991 	.byte	60
000005e4 10              992 	.byte	16
000005e5 01              993 	.byte	1
000005e6 d608            994 	.byte	214,8
000005e8 53544f505f53    995 	.strz	"STOP_SEC_CODE "
000005ee 45435f434f44 
000005f4 452000 
000005f7 03              996 	.byte	3
000005f8 bb09            997 	.byte	187,9
000005fa 11              998 	.byte	17
000005fb 04              999 	.byte	4
000005fc 04             1000 	.byte	4
000005fd 04             1001 	.byte	4
000005fe 04             1002 	.byte	4
000005ff 04             1003 	.byte	4
00000600 01             1004 	.byte	1
00000601 0e             1005 	.byte	14
00000602 44454d5f4153   1006 	.strz	"DEM_ASSERT_RANGECHECK(CONDITION) do {}while(0)"
00000608 534552545f52 
0000060e 414e47454348 
00000614 45434b28434f 
0000061a 4e444954494f 
00000620 4e2920646f20 
00000626 7b7d7768696c 
0000062c 6528302900 
00000631 04             1007 	.byte	4
00000632 01             1008 	.byte	1
00000633 17             1009 	.byte	23
00000634 44454d5f5354   1010 	.strz	"DEM_START_SEC_ROM_CONST "
0000063a 4152545f5345 
00000640 435f524f4d5f 
00000646 434f4e535420 
0000064c 00 
0000064d 03             1011 	.byte	3
0000064e 18             1012 	.byte	24
0000064f 1d             1013 	.byte	29
00000650 01             1014 	.byte	1
00000651 06             1015 	.byte	6
00000652 44454d5f4d45   1016 	.strz	"DEM_MEMMAP_ERROR "
00000658 4d4d41505f45 
0000065e 52524f522000 
00000664 01             1017 	.byte	1
00000665 3a             1018 	.byte	58
00000666 4253575f5354   1019 	.strz	"BSW_START_SEC_CONST_UNSPECIFIED "
0000066c 4152545f5345 
00000672 435f434f4e53 
00000678 545f554e5350 
0000067e 454349464945 

                                                                      Page 25
                                                              C:\Users\nhuliyap\AppData\Local\Temp\gh_0000d441.s
00000684 442000 
00000687 03             1020 	.byte	3
00000688 3b             1021 	.byte	59
00000689 10             1022 	.byte	16
0000068a 01             1023 	.byte	1
0000068b f005           1024 	.byte	240,5
0000068d 53544152545f   1025 	.strz	"START_SEC_CONST_UNSPECIFIED "
00000693 5345435f434f 
00000699 4e53545f554e 
0000069f 535045434946 
000006a5 4945442000 
000006aa 03             1026 	.byte	3
000006ab bb09           1027 	.byte	187,9
000006ad 11             1028 	.byte	17
000006ae 01             1029 	.byte	1
000006af b408           1030 	.byte	180,8
000006b1 434f4e53545f   1031 	.strz	"CONST_SEC_OPEN "
000006b7 5345435f4f50 
000006bd 454e2000 
000006c1 04             1032 	.byte	4
000006c2 04             1033 	.byte	4
000006c3 01             1034 	.byte	1
000006c4 3f             1035 	.byte	63
000006c5 44454d5f5741   1036 	.strz	"DEM_WAS_STARTED_SEC_ROM_CONST "
000006cb 535f53544152 
000006d1 5445445f5345 
000006d7 435f524f4d5f 
000006dd 434f4e535420 
000006e3 00 
000006e4 04             1037 	.byte	4
000006e5 01             1038 	.byte	1
000006e6 1a             1039 	.byte	26
000006e7 44454d5f5354   1040 	.strz	"DEM_STOP_SEC_ROM_CONST "
000006ed 4f505f534543 
000006f3 5f524f4d5f43 
000006f9 4f4e53542000 
000006ff 03             1041 	.byte	3
00000700 1b             1042 	.byte	27
00000701 1d             1043 	.byte	29
00000702 01             1044 	.byte	1
00000703 06             1045 	.byte	6
00000704 44454d5f4d45   1046 	.strz	"DEM_MEMMAP_ERROR "
0000070a 4d4d41505f45 
00000710 52524f522000 
00000716 01             1047 	.byte	1
00000717 47             1048 	.byte	71
00000718 4253575f5354   1049 	.strz	"BSW_STOP_SEC_CONST_UNSPECIFIED "
0000071e 4f505f534543 
00000724 5f434f4e5354 
0000072a 5f554e535045 
00000730 434946494544 
00000736 2000 
00000738 03             1050 	.byte	3
00000739 48             1051 	.byte	72
0000073a 10             1052 	.byte	16
0000073b 01             1053 	.byte	1
0000073c f405           1054 	.byte	244,5
0000073e 53544f505f53   1055 	.strz	"STOP_SEC_CONST "
00000744 45435f434f4e 
0000074a 53542000 
0000074e 03             1056 	.byte	3

                                                                      Page 26
                                                              C:\Users\nhuliyap\AppData\Local\Temp\gh_0000d441.s
0000074f bb09           1057 	.byte	187,9
00000751 11             1058 	.byte	17
00000752 04             1059 	.byte	4
00000753 04             1060 	.byte	4
00000754 04             1061 	.byte	4
00000755 04             1062 	.byte	4
00000756 01             1063 	.byte	1
00000757 04             1064 	.byte	4
00000758 44454d5f5354   1065 	.strz	"DEM_START_SEC_ROM_CONST "
0000075e 4152545f5345 
00000764 435f524f4d5f 
0000076a 434f4e535420 
00000770 00 
00000771 03             1066 	.byte	3
00000772 05             1067 	.byte	5
00000773 1d             1068 	.byte	29
00000774 01             1069 	.byte	1
00000775 06             1070 	.byte	6
00000776 44454d5f4d45   1071 	.strz	"DEM_MEMMAP_ERROR "
0000077c 4d4d41505f45 
00000782 52524f522000 
00000788 01             1072 	.byte	1
00000789 3a             1073 	.byte	58
0000078a 4253575f5354   1074 	.strz	"BSW_START_SEC_CONST_UNSPECIFIED "
00000790 4152545f5345 
00000796 435f434f4e53 
0000079c 545f554e5350 
000007a2 454349464945 
000007a8 442000 
000007ab 03             1075 	.byte	3
000007ac 3b             1076 	.byte	59
000007ad 10             1077 	.byte	16
000007ae 01             1078 	.byte	1
000007af f005           1079 	.byte	240,5
000007b1 53544152545f   1080 	.strz	"START_SEC_CONST_UNSPECIFIED "
000007b7 5345435f434f 
000007bd 4e53545f554e 
000007c3 535045434946 
000007c9 4945442000 
000007ce 03             1081 	.byte	3
000007cf bb09           1082 	.byte	187,9
000007d1 11             1083 	.byte	17
000007d2 01             1084 	.byte	1
000007d3 b408           1085 	.byte	180,8
000007d5 434f4e53545f   1086 	.strz	"CONST_SEC_OPEN "
000007db 5345435f4f50 
000007e1 454e2000 
000007e5 04             1087 	.byte	4
000007e6 04             1088 	.byte	4
000007e7 01             1089 	.byte	1
000007e8 3f             1090 	.byte	63
000007e9 44454d5f5741   1091 	.strz	"DEM_WAS_STARTED_SEC_ROM_CONST "
000007ef 535f53544152 
000007f5 5445445f5345 
000007fb 435f524f4d5f 
00000801 434f4e535420 
00000807 00 
00000808 04             1092 	.byte	4
00000809 01             1093 	.byte	1
0000080a 33             1094 	.byte	51
0000080b 44454d5f5354   1095 	.strz	"DEM_STOP_SEC_ROM_CONST "

                                                                      Page 27
                                                              C:\Users\nhuliyap\AppData\Local\Temp\gh_0000d441.s
00000811 4f505f534543 
00000817 5f524f4d5f43 
0000081d 4f4e53542000 
00000823 03             1096 	.byte	3
00000824 34             1097 	.byte	52
00000825 1d             1098 	.byte	29
00000826 01             1099 	.byte	1
00000827 06             1100 	.byte	6
00000828 44454d5f4d45   1101 	.strz	"DEM_MEMMAP_ERROR "
0000082e 4d4d41505f45 
00000834 52524f522000 
0000083a 01             1102 	.byte	1
0000083b 47             1103 	.byte	71
0000083c 4253575f5354   1104 	.strz	"BSW_STOP_SEC_CONST_UNSPECIFIED "
00000842 4f505f534543 
00000848 5f434f4e5354 
0000084e 5f554e535045 
00000854 434946494544 
0000085a 2000 
0000085c 03             1105 	.byte	3
0000085d 48             1106 	.byte	72
0000085e 10             1107 	.byte	16
0000085f 01             1108 	.byte	1
00000860 f405           1109 	.byte	244,5
00000862 53544f505f53   1110 	.strz	"STOP_SEC_CONST "
00000868 45435f434f4e 
0000086e 53542000 
00000872 03             1111 	.byte	3
00000873 bb09           1112 	.byte	187,9
00000875 11             1113 	.byte	17
00000876 04             1114 	.byte	4
00000877 04             1115 	.byte	4
00000878 04             1116 	.byte	4
00000879 04             1117 	.byte	4
0000087a 00             1118 	.byte	0
                        1119 	.section	.debug_abbrev
00000087 00             1120 	.byte	0
                        1121 	.section	.debug_info
                        1122 .Ldw_end:
                        1123 .rh850_flags REGMODE32,DATA_ALIGN8,GP_FIX,EP_NONFIX,TP_FIX,REG2_RESERVE,G3K,GHS_MISALIGN,SDA_EXTRA_REGS_0
