                                                                      Page 1
                                                              C:\Users\nhuliyap\AppData\Local\Temp\gh_00006oc1.s
Command Line: C:\ghs\comp_201517\ease850.exe -w -elf -b0 -I../source/common -I../source/ProjectCompiler -I../source/ProjectCfg -I../source/SwcApplTpms -I../source/SwcApplEcuM -I../source/SwcServiceBswM -I../source/SwcServiceEcuM -I../source/SwcServiceNvM -I../source/SwcServiceOs -I../source/SwcServiceStartUp -I../source/McalAdc -I../source/McalDio -I../source/McalGpt -I../source/McalMcu -I../source/McalWdg -I../source/wrappers -I../source/wrappers/McalAta -I../source/McalLin -I../source/McalCan -I../source/wrappers/OS -I../source/McalFls -I../source/EcuabFee -I../source/EcuabMemIf -I../source/wrappers/VStdLib -I../source/wrappers/Crc -I../source/wrappers/FBL_APPL -I../source/wrappers/NVM_MANAGER -I../source/wrappers/DEM_MANAGER -I../source/wrappers/RDC_MANAGER -I../source/wrappers/ENV_MANAGER -I../source/wrappers/SYS_MANAGER -I../source/wrappers/EcuabCanIf -I../source/EcuabCanTrcv -I../source/wrappers/SwcServiceCanSM -I../source/wrappers/SwcServiceCanTp -I../source/wrappers/SwcServiceCanTp_PreCompile -I../source/wrappers/SwcServiceCom -I../source/wrappers/SwcServiceComM -I../source/wrappers/SwcServiceDcm -I../source/wrappers/SwcServicePduR -I../source/wrappers/SwcServiceEcuM -I../source/wrappers/Bfx -I../source/wrappers/SwcServiceDem -I../source/SwcServiceCom -I../source/SwcServiceDet -I../source/SwcServiceFiM -I../source/SwcServicePduR -I../source/SwcServiceSchM -I../source/wrappers/LibAutosarDiag -I../source/wrappers/rba_BswSrv -IC:\ghs\comp_201517\lib\rh850 -cg_underscore -cpu=rh850g3k -no_v850_simd -rh850_fpsimd=none -nomacro -patch_dbo=C:\_ECU2\ECU_Rivian_A1\Target\repo_projects\pRealEcu\cR_R2023.09.15\make\output\objects\IDOM_IF.dbo -source=IDOM_IF.c -o output\objects\gh_00006oc1.o -list=output\list\IDOM_IF.lst C:\Users\nhuliyap\AppData\Local\Temp\gh_00006oc1.s 
Original File: C:\Users\nhuliyap\AppData\Local\Temp\gh_00006oc1.s
Source File: IDOM_IF.c
Directory: C:\_ECU2\ECU_Rivian_A1\Target\repo_projects\pRealEcu\cR_R2023.09.15\make
Host OS: Windows
EASE: Copyright (C) 1983-2015 Green Hills Software.  All Rights Reserved.
Release: Compiler v2015.1.7
Build Directory: [Directory] BTOWORKER6:c:/build_2015_1_bto/2015-10-21.2100-2015_1_bto/win32-comp-ecom
Revision: [VCInfo] http://toolsvc/branches/release-branch-70-bto/src@544153 (built by build)
Revision Date: Thu Oct 22 07:50:13 2015

Release Date: Thu Oct 22 09:32:32 2015

                           1 --Driver Command: ccv850 ../source/SwcApplTpms/IDOM_IF.c -cpu=rh850 -fhard
                           2 --		-ignore_callt_state_in_interrupts -large_sda -misalign_pack
                           3 --		-nofarcalls -nofloatio -no_callt -Ogeneral -Onounroll
                           4 --		-prepare_dispose -registermode=32 -reserve_r2 -sda=0
                           5 --		-shorten_loads -Wshadow --brief_diagnostics --no_commons
                           6 --		--no_wrap_diagnostics --prototype_errors --short_enum -list -G
                           7 --		-dual_debug -dwarf -X5523 -lnk=-no_xda_modifications -D
                           8 --		NOT_READY_FOR_TESTING_OR_DEPLOYMENT -D IBTCM_SW_ANPASSUNGEN -D
                           9 --		BUILD_RIVIAN -c -inline_prologue -I../source/common
                          10 --		-I../source/ProjectCompiler -I../source/ProjectCfg
                          11 --		-I../source/SwcApplTpms -I../source/SwcApplEcuM
                          12 --		-I../source/SwcServiceBswM -I../source/SwcServiceEcuM
                          13 --		-I../source/SwcServiceNvM -I../source/SwcServiceOs
                          14 --		-I../source/SwcServiceStartUp -I../source/McalAdc
                          15 --		-I../source/McalDio -I../source/McalGpt -I../source/McalMcu
                          16 --		-I../source/McalWdg -I../source/wrappers
                          17 --		-I../source/wrappers/McalAta -I../source/McalLin
                          18 --		-I../source/McalCan -I../source/wrappers/OS -I../source/McalFls
                          19 --		-I../source/EcuabFee -I../source/EcuabMemIf
                          20 --		-I../source/wrappers/VStdLib -I../source/wrappers
                          21 --		-I../source/wrappers/Crc -I../source/wrappers/FBL_APPL
                          22 --		-I../source/wrappers/NVM_MANAGER -I../source/wrappers/DEM_MANAGER
                          23 --		-I../source/wrappers/RDC_MANAGER -I../source/wrappers/ENV_MANAGER
                          24 --		-I../source/wrappers/SYS_MANAGER -I../source/wrappers/EcuabCanIf
                          25 --		-I../source/EcuabCanTrcv -I../source/wrappers/SwcServiceCanSM
                          26 --		-I../source/wrappers/SwcServiceCanTp
                          27 --		-I../source/wrappers/SwcServiceCanTp_PreCompile
                          28 --		-I../source/wrappers/SwcServiceCom
                          29 --		-I../source/wrappers/SwcServiceComM
                          30 --		-I../source/wrappers/SwcServiceDcm
                          31 --		-I../source/wrappers/SwcServicePduR
                          32 --		-I../source/wrappers/SwcServiceEcuM -I../source/wrappers/Bfx
                          33 --		-I../source/wrappers/SwcServiceDem -I../source/SwcServiceCom
                          34 --		-I../source/SwcServiceDet -I../source/SwcServiceFiM
                          35 --		-I../source/SwcServicePduR -I../source/SwcServiceSchM
                          36 --		-I../source/wrappers/LibAutosarDiag
                          37 --		-I../source/wrappers/rba_BswSrv -object_dir=output/objects
                          38 --		-list_dir=output/list
                          39 --Source File:   ../source/SwcApplTpms/IDOM_IF.c
                          40 --Directory:     
                          41 --		C:\_ECU2\ECU_Rivian_A1\Target\repo_projects\pRealEcu\cR_R2023.09.15\make
                          42 --Compile Date:  Fri Sep 15 15:29:44 2023
                          43 --Host OS:       Win32
                          44 --Version:       C-RH850 2015.1.7 RELEASE VERSION
                          45 --Release:       Compiler v2015.1.7
                          46 --Revision Date: Thu Oct 22 08:06:12 2015
                          47 --Release Date:  Thu Oct 22 09:34:32 2015
                          48 -- ecom  -g -w -OM
                          49 	.text
                          50 ..bof.C.3A.5C_ECU2.5CECU_Rivian_A1.5CTarget.5Crepo_projects.5CpRealEcu.5CcR_R2023.2E09.2E15.5Cmake.5Coutput.5Cobjects.5CIDOM_IF...43.3A.5C_ECU2.5CECU_Rivian_A1.5CTarget.5Crepo_projects.5CpRealEcu.5CcR_R2023.2E09.2E15.5Cmake..65045C48..0::

                                                                      Page 2
                                                              C:\Users\nhuliyap\AppData\Local\Temp\gh_00006oc1.s
                          51 	.align	2
                          52 ..gh.f.f.1.e.0:
                          53 	.type	..gh.f.f.1.e.0,@object
                          54 	.size	..gh.f.f.1.e.0,0
                          55 	.global	_StartIDOMAlarm
                          56 _StartIDOMAlarm:
00000000 c600             57 	zxh	r6
                          58 --	    .bf
                          59 .LDW01:
00000002 408e0000*        60 	movhi	hi(_ushAlarmTimeInSec),zero,r17
00000006 f18f0100*        61 	ld.hu	lo(_ushAlarmTimeInSec)[r17],r17
0000000a 1198             62 	mov	r17,r19
0000000c c699             63 	add	r6,r19
0000000e 1306e4fd         64 	addi	-540,r19,zero
00000012 960d*            65 	blt	.L4
00000014 0606e4fd         66 	addi	-540,r6,zero
00000018 e105*            67 	bl	.L4
                          68 --line17
                          69 ..lin.C.3A.5C_ECU2.5CECU_Rivian_A1.5CTarget.5Crepo_projects.5CpRealEcu.5CcR_R2023.2E09.2E15.5Cmake.5Coutput.5Cobjects.5CIDOM_IF.1::
                          70 .LDWlin1:
0000001a 20961c02         71 	movea	540,zero,r18
0000001e a691             72 	sub	r6,r18
00000020 d200             73 	zxh	r18
00000022 a505*            74 	br	.L30
                          75 .L4:
                          76 --line22
                          77 ..lin.C.3A.5C_ECU2.5CECU_Rivian_A1.5CTarget.5Crepo_projects.5CpRealEcu.5CcR_R2023.2E09.2E15.5Cmake.5Coutput.5Cobjects.5CIDOM_IF.2::
                          78 .LDWlin2:
00000024 1190             79 	mov	r17,r18
                          80 .L30:
00000026 1230             81 	mov	r18,r6
00000028 003a             82 	mov	0,r7
0000002a 80070000*        83 	jr	_SetRelAlarmAlIDOMOS
                          84 --	    .ef
                          85 .LDW11:
                          86 	.global	___ghs_eofn_StartIDOMAlarm
                          87 ___ghs_eofn_StartIDOMAlarm:
                          88 	.type	_StartIDOMAlarm,@function
                          89 	.size	_StartIDOMAlarm,.-_StartIDOMAlarm
                          90 	.align	2
                          91 
                          92 --_ushNrOfCurFF	r6	param
                          93 
                          94 	.section ".bss","awb"
                          95 	.align	2
                          96 .L59:
                          97 	.type	.L59,@object
                          98 	.size	.L59,0
                          99 	.global	_ushAlarmTimeInSec..C.3A.5C_ECU2.5CECU_Rivian_A1.5CTarget.5Crepo_projects.5CpRealEcu.5CcR_R2023.2E09.2E15.5Cmake.5Coutput.5Cobjects.5CIDOM_IF.
                         100 _ushAlarmTimeInSec..C.3A.5C_ECU2.5CECU_Rivian_A1.5CTarget.5Crepo_projects.5CpRealEcu.5CcR_R2023.2E09.2E15.5Cmake.5Coutput.5Cobjects.5CIDOM_IF.:
00000000 0000            101 _ushAlarmTimeInSec:	.space	2
                         102 	.type	_ushAlarmTimeInSec..C.3A.5C_ECU2.5CECU_Rivian_A1.5CTarget.5Crepo_projects.5CpRealEcu.5CcR_R2023.2E09.2E15.5Cmake.5Coutput.5Cobjects.5CIDOM_IF.,@object
                         103 	.size	_ushAlarmTimeInSec..C.3A.5C_ECU2.5CECU_Rivian_A1.5CTarget.5Crepo_projects.5CpRealEcu.5CcR_R2023.2E09.2E15.5Cmake.5Coutput.5Cobjects.5CIDOM_IF.,2
                         104 	.type	_ushAlarmTimeInSec,@object
                         105 	.size	_ushAlarmTimeInSec,2
                         106 	.data
                         107 	.text
                         108 	.align	2
                         109 	.align	2
                         110 ..gh.f.f.1.e.1:
                         111 	.type	..gh.f.f.1.e.1,@object

                                                                      Page 3
                                                              C:\Users\nhuliyap\AppData\Local\Temp\gh_00006oc1.s
                         112 	.size	..gh.f.f.1.e.1,0
                         113 	.global	_StopIDOMAlarm
                         114 _StopIDOMAlarm:
0000002e 80072100        115 	prepare	{r31},0
                         116 --	    .bf
                         117 .LDW21:
                         118 	jarl	_CancelAlarmAlIDOMOS,lp
                         118 <EXPANSION BEGIN>
                         118 jarl22 _CancelAlarmAlIDOMOS , lp 
00000032 80ff0000*       118 <EXPANSION END>
                         119 --line30
                         120 ..lin.C.3A.5C_ECU2.5CECU_Rivian_A1.5CTarget.5Crepo_projects.5CpRealEcu.5CcR_R2023.2E09.2E15.5Cmake.5Coutput.5Cobjects.5CIDOM_IF.3::
                         121 .LDWlin3:
00000036 20965802        122 	movea	600,zero,r18
0000003a 405e0000*       123 	movhi	hi(_ushAlarmTimeInSec),zero,r11
0000003e 6b970000*       124 	st.h	r18,lo(_ushAlarmTimeInSec)[r11]
                         125 --	    .ef
                         126 .LDW31:
                         127 --line31
                         128 ..lin.C.3A.5C_ECU2.5CECU_Rivian_A1.5CTarget.5Crepo_projects.5CpRealEcu.5CcR_R2023.2E09.2E15.5Cmake.5Coutput.5Cobjects.5CIDOM_IF.4::
                         129 .LDWlin4:
00000042 40063f00        130 	dispose	0,{r31},[lp]
                         131 	.global	___ghs_eofn_StopIDOMAlarm
                         132 ___ghs_eofn_StopIDOMAlarm:
                         133 	.type	_StopIDOMAlarm,@function
                         134 	.size	_StopIDOMAlarm,.-_StopIDOMAlarm
                         135 	.align	2
                         136 
                         137 	.data
                         138 	.text
                         139 	.align	2
                         140 	.align	2
                         141 ..gh.f.f.1.e.2:
                         142 	.type	..gh.f.f.1.e.2,@object
                         143 	.size	..gh.f.f.1.e.2,0
                         144 	.global	_BreakIDOMAlarm
                         145 _BreakIDOMAlarm:
00000046 82072100        146 	prepare	{r31},1
                         147 --	    .bf
                         148 .LDW41:
0000004a 63070200        149 	st.h	zero,2[sp]
0000004e 23360200        150 	movea	2,sp,r6
                         151 	jarl	_GetAlarmAlIDOMOS,lp
                         151 <EXPANSION BEGIN>
                         151 jarl22 _GetAlarmAlIDOMOS , lp 
00000052 80ff0000*       151 <EXPANSION END>
                         152 --line39
                         153 ..lin.C.3A.5C_ECU2.5CECU_Rivian_A1.5CTarget.5Crepo_projects.5CpRealEcu.5CcR_R2023.2E09.2E15.5Cmake.5Coutput.5Cobjects.5CIDOM_IF.5::
                         154 .LDWlin5:
00000056 0092            155 	mov	0,r18
00000058 e051            156 	cmp	zero,r10
0000005a b205*           157 	be	.L166
                         158 --line40
                         159 ..lin.C.3A.5C_ECU2.5CECU_Rivian_A1.5CTarget.5Crepo_projects.5CpRealEcu.5CcR_R2023.2E09.2E15.5Cmake.5Coutput.5Cobjects.5CIDOM_IF.6::
                         160 .LDWlin6:
0000005c e3970300        161 	ld.hu	2[sp],r18
                         162 .L166:
00000060 405e0000*       163 	movhi	hi(_ushAlarmTimeInSec),zero,r11
00000064 6b970000*       164 	st.h	r18,lo(_ushAlarmTimeInSec)[r11]
                         165 	jarl	_CancelAlarmAlIDOMOS,lp
                         165 <EXPANSION BEGIN>

                                                                      Page 4
                                                              C:\Users\nhuliyap\AppData\Local\Temp\gh_00006oc1.s
                         165 jarl22 _CancelAlarmAlIDOMOS , lp 
00000068 80ff0000*       165 <EXPANSION END>
                         166 --	    .ef
                         167 .LDW51:
                         168 --line46
                         169 ..lin.C.3A.5C_ECU2.5CECU_Rivian_A1.5CTarget.5Crepo_projects.5CpRealEcu.5CcR_R2023.2E09.2E15.5Cmake.5Coutput.5Cobjects.5CIDOM_IF.7::
                         170 .LDWlin7:
0000006c 42063f00        171 	dispose	1,{r31},[lp]
                         172 	.global	___ghs_eofn_BreakIDOMAlarm
                         173 ___ghs_eofn_BreakIDOMAlarm:
                         174 	.type	_BreakIDOMAlarm,@function
                         175 	.size	_BreakIDOMAlarm,.-_BreakIDOMAlarm
                         176 	.align	2
                         177 --_ushHelp	2[sp]	local
                         178 
                         179 	.data
                         180 	.text
                         181 	.align	2
                         182 	.align	2
                         183 ..gh.f.f.1.e.3:
                         184 	.type	..gh.f.f.1.e.3,@object
                         185 	.size	..gh.f.f.1.e.3,0
                         186 	.global	_GetIDOMInput
                         187 _GetIDOMInput:
00000070 8007e110        188 	prepare	{r27,r28,r29,r31},0
00000074 06d8            189 	mov	r6,r27
                         190 --	    .bf
                         191 .LDW61:
00000076 00e2            192 	mov	0,r28
00000078 1ce8            193 	mov	r28,r29
                         194 .L360:
0000007a 1d30            195 	mov	r29,r6
                         196 	jarl	_GETusFolgeAusfallCntSTATISTICS,lp
                         196 <EXPANSION BEGIN>
                         196 jarl22 _GETusFolgeAusfallCntSTATISTICS , lp 
0000007c 80ff0000*       196 <EXPANSION END>
00000080 fc51            197 	cmp	r28,r10
00000082 d305*           198 	bnh	.L361
                         199 --line55
                         200 ..lin.C.3A.5C_ECU2.5CECU_Rivian_A1.5CTarget.5Crepo_projects.5CpRealEcu.5CcR_R2023.2E09.2E15.5Cmake.5Coutput.5Cobjects.5CIDOM_IF.8::
                         201 .LDWlin8:
00000084 1d30            202 	mov	r29,r6
                         203 	jarl	_GETusFolgeAusfallCntSTATISTICS,lp
                         203 <EXPANSION BEGIN>
                         203 jarl22 _GETusFolgeAusfallCntSTATISTICS , lp 
00000086 80ff0000*       203 <EXPANSION END>
0000008a 0ae0            204 	mov	r10,r28
                         205 .L361:
                         206 --line52
                         207 ..lin.C.3A.5C_ECU2.5CECU_Rivian_A1.5CTarget.5Crepo_projects.5CpRealEcu.5CcR_R2023.2E09.2E15.5Cmake.5Coutput.5Cobjects.5CIDOM_IF.9::
                         208 .LDWlin9:
0000008c 41ea            209 	add	1,r29
0000008e 64ea            210 	cmp	4,r29
00000090 d1f5*           211 	bl	.L360
                         212 --line59
                         213 ..lin.C.3A.5C_ECU2.5CECU_Rivian_A1.5CTarget.5Crepo_projects.5CpRealEcu.5CcR_R2023.2E09.2E15.5Cmake.5Coutput.5Cobjects.5CIDOM_IF.10::
                         214 .LDWlin10:
00000092 0232            215 	mov	2,r6
                         216 	jarl	_bGetBitFahrzeugzustandFZZ,lp
                         216 <EXPANSION BEGIN>
                         216 jarl22 _bGetBitFahrzeugzustandFZZ , lp 

                                                                      Page 5
                                                              C:\Users\nhuliyap\AppData\Local\Temp\gh_00006oc1.s
00000094 80ff0000*       216 <EXPANSION END>
00000098 1bf0            217 	mov	r27,ep
0000009a 8053            218 	sst.b	r10,0[ep]
                         219 --line61
                         220 ..lin.C.3A.5C_ECU2.5CECU_Rivian_A1.5CTarget.5Crepo_projects.5CpRealEcu.5CcR_R2023.2E09.2E15.5Cmake.5Coutput.5Cobjects.5CIDOM_IF.11::
                         221 .LDWlin11:
0000009c 81e4            222 	sst.h	r28,2[ep]
                         223 	jarl	_GetBaseLevel,lp
                         223 <EXPANSION BEGIN>
                         223 jarl22 _GetBaseLevel , lp 
0000009e 80ff0000*       223 <EXPANSION END>
000000a2 7b570400        224 	st.h	r10,4[r27]
                         225 --	    .ef
                         226 .LDW71:
                         227 --line63
                         228 ..lin.C.3A.5C_ECU2.5CECU_Rivian_A1.5CTarget.5Crepo_projects.5CpRealEcu.5CcR_R2023.2E09.2E15.5Cmake.5Coutput.5Cobjects.5CIDOM_IF.12::
                         229 .LDWlin12:
000000a6 4006ff10        230 	dispose	0,{r27,r28,r29,r31},[lp]
                         231 	.global	___ghs_eofn_GetIDOMInput
                         232 ___ghs_eofn_GetIDOMInput:
                         233 	.type	_GetIDOMInput,@function
                         234 	.size	_GetIDOMInput,.-_GetIDOMInput
                         235 	.align	2
                         236 --_i	r29	local
                         237 --_usMaxFF	r28	local
                         238 
                         239 --_pIDOMInput	r27	param
                         240 
                         241 	.section ".bss","awb"
                         242 .L405:
                         243 	.type	.L405,@object
                         244 	.size	.L405,0
                         245 	.data
                         246 	.text
                         247 	.align	2
                         248 	.align	2
                         249 ..gh.f.f.1.e.4:
                         250 	.type	..gh.f.f.1.e.4,@object
                         251 	.size	..gh.f.f.1.e.4,0
                         252 	.global	_GetParaOffset
                         253 _GetParaOffset:
                         254 --	    .bf
                         255 .LDW81:
000000aa 80070000*       256 	jr	_GETucMinOffsetGXeEE
                         257 --	    .ef
                         258 .LDW91:
                         259 	.global	___ghs_eofn_GetParaOffset
                         260 ___ghs_eofn_GetParaOffset:
                         261 	.type	_GetParaOffset,@function
                         262 	.size	_GetParaOffset,.-_GetParaOffset
                         263 	.align	2
                         264 
                         265 	.section ".bss","awb"
                         266 .L484:
                         267 	.type	.L484,@object
                         268 	.size	.L484,0
                         269 	.data
                         270 	.text
                         271 	.align	2
                         272 	.align	2
                         273 ..gh.f.f.1.e.5:

                                                                      Page 6
                                                              C:\Users\nhuliyap\AppData\Local\Temp\gh_00006oc1.s
                         274 	.type	..gh.f.f.1.e.5,@object
                         275 	.size	..gh.f.f.1.e.5,0
                         276 	.global	_GetParaOverlaps
                         277 _GetParaOverlaps:
                         278 --	    .bf
                         279 .LDW02:
000000ae 80070000*       280 	jr	_GETucOffsetOverlapsGXeEE
                         281 --	    .ef
                         282 .LDW12:
                         283 	.global	___ghs_eofn_GetParaOverlaps
                         284 ___ghs_eofn_GetParaOverlaps:
                         285 	.type	_GetParaOverlaps,@function
                         286 	.size	_GetParaOverlaps,.-_GetParaOverlaps
                         287 	.align	2
                         288 
                         289 	.section ".bss","awb"
                         290 .L532:
                         291 	.type	.L532,@object
                         292 	.size	.L532,0
                         293 	.data
                         294 	.text
                         295 	.align	2
                         296 --_ushAlarmTimeInSec	_ushAlarmTimeInSec	static
                         297 
                         298 	.data
                         299 	.ghsnote version,17
                         300 	.ghsnote tools,3
                         301 	.ghsnote options,144
                         302 	.text
                         303 	.align	2
                         304 ..eof.C.3A.5C_ECU2.5CECU_Rivian_A1.5CTarget.5Crepo_projects.5CpRealEcu.5CcR_R2023.2E09.2E15.5Cmake.5Coutput.5Cobjects.5CIDOM_IF...43.3A.5C_ECU2.5CECU_Rivian_A1.5CTarget.5Crepo_projects.5CpRealEcu.5CcR_R2023.2E09.2E15.5Cmake..65045C48..0::
                         305 	.section	.debug_info
                         306 .Ldw_begin:
00000000 e6040000        307 	.word	.Ldw_end-.Ldw_begin-4
00000004 0200            308 	.byte	2,0
00000006 00000000*       309 	.word	.Ldw_abbr_begin
0000000a 04              310 	.byte	4
                         311 	.section	.debug_abbrev
                         312 .Ldw_abbr_begin:
                         313 	.section	.debug_info
0000000b 01              314 	.byte	1
0000000c 00000000*       315 	.word	..bof.C.3A.5C_ECU2.5CECU_Rivian_A1.5CTarget.5Crepo_projects.5CpRealEcu.5CcR_R2023.2E09.2E15.5Cmake.5Coutput.5Cobjects.5CIDOM_IF...43.3A.5C_ECU2.5CECU_Rivian_A1.5CTarget.5Crepo_projects.5CpRealEcu.5CcR_R2023.2E09.2E15.5Cmake..65045C48..0
00000010 00000000*       316 	.word	..eof.C.3A.5C_ECU2.5CECU_Rivian_A1.5CTarget.5Crepo_projects.5CpRealEcu.5CcR_R2023.2E09.2E15.5Cmake.5Coutput.5Cobjects.5CIDOM_IF...43.3A.5C_ECU2.5CECU_Rivian_A1.5CTarget.5Crepo_projects.5CpRealEcu.5CcR_R2023.2E09.2E15.5Cmake..65045C48..0
00000014 2e2e2f736f75    317 	.strz	"../source/SwcApplTpms/IDOM_IF.c"
0000001a 7263652f5377 
00000020 634170706c54 
00000026 706d732f4944 
0000002c 4f4d5f49462e 
00000032 6300 
00000034 433a5c5f4543    318 	.strz	"C:\\_ECU2\\ECU_Rivian_A1\\Target\\repo_projects\\pRealEcu\\cR_R2023.09.15\\make"
0000003a 55325c454355 
00000040 5f5269766961 
00000046 6e5f41315c54 
0000004c 61726765745c 
00000052 7265706f5f70 
00000058 726f6a656374 
0000005e 735c70526561 
00000064 6c4563755c63 
0000006a 525f52323032 
00000070 332e30392e31 
00000076 355c6d616b65 

                                                                      Page 7
                                                              C:\Users\nhuliyap\AppData\Local\Temp\gh_00006oc1.s
0000007c 00 
0000007d 474853204320    319 	.strz	"GHS C 2015.1.7 [dual]"
00000083 323031352e31 
00000089 2e37205b6475 
0000008f 616c5d00 
00000093 0100            320 	.byte	1,0
00000095 00000000*       321 	.word	.Ldw_line_begin
00000099 00000000*       322 	.word	.Ldw_macinfo_begin
0000009d 00              323 	.byte	0
                         324 
                         325 	.section	.debug_abbrev
00000000 01              326 	.byte	1
00000001 11              327 	.byte	17
00000002 01              328 	.byte	1
00000003 1101            329 	.byte	17,1
00000005 1201            330 	.byte	18,1
00000007 0308            331 	.byte	3,8
00000009 1b08            332 	.byte	27,8
0000000b 2508            333 	.byte	37,8
0000000d 1305            334 	.byte	19,5
0000000f 1006            335 	.byte	16,6
00000011 4306            336 	.byte	67,6
00000013 420b            337 	.byte	66,11
00000015 0000            338 	.byte	0,0
                         339 
                         340 	.section	.debug_line
                         341 .Ldw_line_begin:
00000000 24040000        342 	.word	.Ldw_line_end-.Ldw_line_begin-4
00000004 0200            343 	.byte	2,0
00000006 00000000*       344 	.word	.Ldw_lpro_end-.Ldw_lpro_begin
                         345 .Ldw_lpro_begin:
0000000a 01              346 	.byte	1
0000000b 00              347 	.byte	0
0000000c 00              348 	.byte	0
0000000d 04              349 	.byte	4
0000000e 0a              350 	.byte	10
0000000f 000101          351 	.byte	0,1,1
00000012 010100          352 	.byte	1,1,0
00000015 000001          353 	.byte	0,0,1
00000018 00              354 	.byte	0
00000019 2e2e2f736f75    355 	.strz	"../source/SwcApplTpms/IDOM_IF.c"
0000001f 7263652f5377 
00000025 634170706c54 
0000002b 706d732f4944 
00000031 4f4d5f49462e 
00000037 6300 
00000039 000000          356 	.byte	0,0,0
0000003c 2e2e2f736f75    357 	.strz	"../source/common/Std_Types.hpp"
00000042 7263652f636f 
00000048 6d6d6f6e2f53 
0000004e 74645f547970 
00000054 65732e687070 
0000005a 00 
0000005b 000000          358 	.byte	0,0,0
0000005e 2e2e2f736f75    359 	.strz	"../source/common/Platform_Types.hpp"
00000064 7263652f636f 
0000006a 6d6d6f6e2f50 
00000070 6c6174666f72 
00000076 6d5f54797065 
0000007c 732e68707000 
00000082 000000          360 	.byte	0,0,0

                                                                      Page 8
                                                              C:\Users\nhuliyap\AppData\Local\Temp\gh_00006oc1.s
00000085 2e2e2f736f75    361 	.strz	"../source/common/Compiler.hpp"
0000008b 7263652f636f 
00000091 6d6d6f6e2f43 
00000097 6f6d70696c65 
0000009d 722e68707000 
000000a3 000000          362 	.byte	0,0,0
000000a6 2e2e2f736f75    363 	.strz	"../source/ProjectCompiler/Compiler_Cfg.hpp"
000000ac 7263652f5072 
000000b2 6f6a65637443 
000000b8 6f6d70696c65 
000000be 722f436f6d70 
000000c4 696c65725f43 
000000ca 66672e687070 
000000d0 00 
000000d1 000000          364 	.byte	0,0,0
000000d4 2e2e2f736f75    365 	.strz	"../source/ProjectCompiler/CompilerCfg_SwcServiceOs.hpp"
000000da 7263652f5072 
000000e0 6f6a65637443 
000000e6 6f6d70696c65 
000000ec 722f436f6d70 
000000f2 696c65724366 
000000f8 675f53776353 
000000fe 657276696365 
00000104 4f732e687070 
0000010a 00 
0000010b 000000          366 	.byte	0,0,0
0000010e 2e2e2f736f75    367 	.strz	"../source/SwcApplTpms/Tpms_Rte_Data_Type.hpp"
00000114 7263652f5377 
0000011a 634170706c54 
00000120 706d732f5470 
00000126 6d735f527465 
0000012c 5f446174615f 
00000132 547970652e68 
00000138 707000 
0000013b 000000          368 	.byte	0,0,0
0000013e 2e2e2f736f75    369 	.strz	"../source/McalMcu/Types.hpp"
00000144 7263652f4d63 
0000014a 616c4d63752f 
00000150 54797065732e 
00000156 68707000 
0000015a 000000          370 	.byte	0,0,0
0000015d 2e2e2f736f75    371 	.strz	"../source/SwcApplTpms/iTPMS_Interface.hpp"
00000163 7263652f5377 
00000169 634170706c54 
0000016f 706d732f6954 
00000175 504d535f496e 
0000017b 746572666163 
00000181 652e68707000 
00000187 000000          372 	.byte	0,0,0
0000018a 2e2e2f736f75    373 	.strz	"../source/ProjectCfg/SwcApplTpms_NvM_If.hpp"
00000190 7263652f5072 
00000196 6f6a65637443 
0000019c 66672f537763 
000001a2 4170706c5470 
000001a8 6d735f4e764d 
000001ae 5f49662e6870 
000001b4 7000 
000001b6 000000          374 	.byte	0,0,0
000001b9 2e2e2f736f75    375 	.strz	"../source/SwcApplTpms/WallocX.hpp"
000001bf 7263652f5377 
000001c5 634170706c54 

                                                                      Page 9
                                                              C:\Users\nhuliyap\AppData\Local\Temp\gh_00006oc1.s
000001cb 706d732f5761 
000001d1 6c6c6f63582e 
000001d7 68707000 
000001db 000000          376 	.byte	0,0,0
000001de 2e2e2f736f75    377 	.strz	"../source/SwcApplTpms/SwcApplTpms_Rte.hpp"
000001e4 7263652f5377 
000001ea 634170706c54 
000001f0 706d732f5377 
000001f6 634170706c54 
000001fc 706d735f5274 
00000202 652e68707000 
00000208 000000          378 	.byte	0,0,0
0000020b 2e2e2f736f75    379 	.strz	"../source/SwcApplTpms/SwcApplTpms_Rte_Type.hpp"
00000211 7263652f5377 
00000217 634170706c54 
0000021d 706d732f5377 
00000223 634170706c54 
00000229 706d735f5274 
0000022f 655f54797065 
00000235 2e68707000 
0000023a 000000          380 	.byte	0,0,0
0000023d 2e2e2f736f75    381 	.strz	"../source/SwcApplTpms/IDOM_IF.hpp"
00000243 7263652f5377 
00000249 634170706c54 
0000024f 706d732f4944 
00000255 4f4d5f49462e 
0000025b 68707000 
0000025f 000000          382 	.byte	0,0,0
00000262 2e2e2f736f75    383 	.strz	"../source/ProjectCfg/CfgSwcApplTpms_IDOM.hpp"
00000268 7263652f5072 
0000026e 6f6a65637443 
00000274 66672f436667 
0000027a 537763417070 
00000280 6c54706d735f 
00000286 49444f4d2e68 
0000028c 707000 
0000028f 000000          384 	.byte	0,0,0
00000292 2e2e2f736f75    385 	.strz	"../source/SwcApplTpms/state_fzzX.hpp"
00000298 7263652f5377 
0000029e 634170706c54 
000002a4 706d732f7374 
000002aa 6174655f667a 
000002b0 7a582e687070 
000002b6 00 
000002b7 000000          386 	.byte	0,0,0
000002ba 2e2e2f736f75    387 	.strz	"../source/SwcApplTpms/tss_stdx.hpp"
000002c0 7263652f5377 
000002c6 634170706c54 
000002cc 706d732f7473 
000002d2 735f73746478 
000002d8 2e68707000 
000002dd 000000          388 	.byte	0,0,0
000002e0 2e2e2f736f75    389 	.strz	"../source/ProjectCfg/CfgSwcApplTpms.hpp"
000002e6 7263652f5072 
000002ec 6f6a65637443 
000002f2 66672f436667 
000002f8 537763417070 
000002fe 6c54706d732e 
00000304 68707000 
00000308 000000          390 	.byte	0,0,0
0000030b 2e2e2f736f75    391 	.strz	"../source/SwcApplTpms/statisticsX.hpp"

                                                                      Page 10
                                                              C:\Users\nhuliyap\AppData\Local\Temp\gh_00006oc1.s
00000311 7263652f5377 
00000317 634170706c54 
0000031d 706d732f7374 
00000323 617469737469 
00000329 6373582e6870 
0000032f 7000 
00000331 000000          392 	.byte	0,0,0
00000334 00              393 	.byte	0
                         394 .Ldw_lpro_end:
                         395 	.section	.debug_macinfo
                         396 .Ldw_macinfo_begin:
                         397 	.section	.debug_frame
                         398 .LDW_4c16ac0:
00000000 00000000*       399 	.word	.LDW_unq_2-.LDW_unq_1
                         400 .LDW_unq_1:
00000004 ffffffff        401 	.byte	255,255,255,255
00000008 01              402 	.byte	1
00000009 00              403 	.byte	0
0000000a 01              404 	.byte	1
0000000b 01              405 	.byte	1
0000000c 1f              406 	.byte	31
0000000d 0c              407 	.byte	12
0000000e 03              408 	.byte	3
0000000f 00              409 	.byte	0
00000010 07              410 	.byte	7
00000011 00              411 	.byte	0
00000012 07              412 	.byte	7
00000013 01              413 	.byte	1
00000014 07              414 	.byte	7
00000015 02              415 	.byte	2
00000016 07              416 	.byte	7
00000017 03              417 	.byte	3
00000018 07              418 	.byte	7
00000019 04              419 	.byte	4
0000001a 07              420 	.byte	7
0000001b 05              421 	.byte	5
0000001c 07              422 	.byte	7
0000001d 06              423 	.byte	6
0000001e 07              424 	.byte	7
0000001f 07              425 	.byte	7
00000020 07              426 	.byte	7
00000021 08              427 	.byte	8
00000022 07              428 	.byte	7
00000023 09              429 	.byte	9
00000024 07              430 	.byte	7
00000025 0a              431 	.byte	10
00000026 07              432 	.byte	7
00000027 0b              433 	.byte	11
00000028 07              434 	.byte	7
00000029 0c              435 	.byte	12
0000002a 07              436 	.byte	7
0000002b 0d              437 	.byte	13
0000002c 07              438 	.byte	7
0000002d 0e              439 	.byte	14
0000002e 07              440 	.byte	7
0000002f 0f              441 	.byte	15
00000030 07              442 	.byte	7
00000031 10              443 	.byte	16
00000032 07              444 	.byte	7
00000033 11              445 	.byte	17
00000034 07              446 	.byte	7

                                                                      Page 11
                                                              C:\Users\nhuliyap\AppData\Local\Temp\gh_00006oc1.s
00000035 12              447 	.byte	18
00000036 07              448 	.byte	7
00000037 13              449 	.byte	19
00000038 08              450 	.byte	8
00000039 14              451 	.byte	20
0000003a 08              452 	.byte	8
0000003b 15              453 	.byte	21
0000003c 08              454 	.byte	8
0000003d 16              455 	.byte	22
0000003e 08              456 	.byte	8
0000003f 17              457 	.byte	23
00000040 08              458 	.byte	8
00000041 18              459 	.byte	24
00000042 08              460 	.byte	8
00000043 19              461 	.byte	25
00000044 08              462 	.byte	8
00000045 1a              463 	.byte	26
00000046 08              464 	.byte	8
00000047 1b              465 	.byte	27
00000048 08              466 	.byte	8
00000049 1c              467 	.byte	28
0000004a 08              468 	.byte	8
0000004b 1d              469 	.byte	29
0000004c 07              470 	.byte	7
0000004d 1e              471 	.byte	30
0000004e 08              472 	.byte	8
0000004f 1f              473 	.byte	31
00000050 07              474 	.byte	7
00000051 20              475 	.byte	32
00000052 07              476 	.byte	7
00000053 21              477 	.byte	33
00000054 07              478 	.byte	7
00000055 22              479 	.byte	34
00000056 07              480 	.byte	7
00000057 23              481 	.byte	35
00000058 07              482 	.byte	7
00000059 24              483 	.byte	36
0000005a 07              484 	.byte	7
0000005b 25              485 	.byte	37
0000005c 07              486 	.byte	7
0000005d 26              487 	.byte	38
0000005e 07              488 	.byte	7
0000005f 27              489 	.byte	39
00000060 07              490 	.byte	7
00000061 28              491 	.byte	40
00000062 07              492 	.byte	7
00000063 29              493 	.byte	41
00000064 07              494 	.byte	7
00000065 2a              495 	.byte	42
00000066 07              496 	.byte	7
00000067 2b              497 	.byte	43
00000068 07              498 	.byte	7
00000069 2c              499 	.byte	44
0000006a 07              500 	.byte	7
0000006b 2d              501 	.byte	45
0000006c 07              502 	.byte	7
0000006d 2e              503 	.byte	46
0000006e 07              504 	.byte	7
0000006f 2f              505 	.byte	47
00000070 07              506 	.byte	7
00000071 30              507 	.byte	48

                                                                      Page 12
                                                              C:\Users\nhuliyap\AppData\Local\Temp\gh_00006oc1.s
00000072 07              508 	.byte	7
00000073 31              509 	.byte	49
00000074 07              510 	.byte	7
00000075 32              511 	.byte	50
00000076 07              512 	.byte	7
00000077 33              513 	.byte	51
00000078 07              514 	.byte	7
00000079 34              515 	.byte	52
0000007a 07              516 	.byte	7
0000007b 35              517 	.byte	53
0000007c 07              518 	.byte	7
0000007d 36              519 	.byte	54
0000007e 07              520 	.byte	7
0000007f 37              521 	.byte	55
00000080 07              522 	.byte	7
00000081 38              523 	.byte	56
00000082 07              524 	.byte	7
00000083 39              525 	.byte	57
00000084 07              526 	.byte	7
00000085 3a              527 	.byte	58
00000086 07              528 	.byte	7
00000087 3b              529 	.byte	59
00000088 07              530 	.byte	7
00000089 3c              531 	.byte	60
0000008a 07              532 	.byte	7
0000008b 3d              533 	.byte	61
0000008c 07              534 	.byte	7
0000008d 3e              535 	.byte	62
0000008e 07              536 	.byte	7
0000008f 3f              537 	.byte	63
                         538 .LDW_unq_2:
                         539 	.section	.debug_info
                         540 .LDW_4876d30:
0000009e 25              541 	.byte	37
0000009f 756e7369676e    542 	.strz	"unsigned short"
000000a5 65642073686f 
000000ab 727400 
000000ae 07              543 	.byte	7
000000af 02              544 	.byte	2
                         545 
                         546 	.section	.debug_abbrev
00000017 25              547 	.byte	37
00000018 24              548 	.byte	36
00000019 00              549 	.byte	0
0000001a 0308            550 	.byte	3,8
0000001c 3e0b            551 	.byte	62,11
0000001e 0b0b            552 	.byte	11,11
00000020 0000            553 	.byte	0,0
                         554 
                         555 	.section	.debug_info
                         556 .LDW_4876c50:
000000b0 45              557 	.byte	69
000000b1 01              558 	.byte	1
                         559 
                         560 	.section	.debug_abbrev
00000022 45              561 	.byte	69
00000023 15              562 	.byte	21
00000024 01              563 	.byte	1
00000025 270c            564 	.byte	39,12
00000027 0000            565 	.byte	0,0
                         566 

                                                                      Page 13
                                                              C:\Users\nhuliyap\AppData\Local\Temp\gh_00006oc1.s
                         567 	.section	.debug_info
                         568 .LDW_4871818:
000000b2 12              569 	.byte	18
000000b3 00000000*       570 	.word	.LDW_4be8d90
000000b7 00              571 	.byte	0
                         572 
                         573 	.section	.debug_abbrev
00000029 12              574 	.byte	18
0000002a 05              575 	.byte	5
0000002b 00              576 	.byte	0
0000002c 4910            577 	.byte	73,16
0000002e 4b0c            578 	.byte	75,12
00000030 0000            579 	.byte	0,0
                         580 
                         581 	.section	.debug_info
000000b8 00              582 	.byte	0
                         583 
                         584 .LDW_4876cf8:
000000b9 45              585 	.byte	69
000000ba 01              586 	.byte	1
                         587 
000000bb 00              588 	.byte	0
                         589 
                         590 .LDW_48769e8:
000000bc 45              591 	.byte	69
000000bd 01              592 	.byte	1
                         593 
000000be 00              594 	.byte	0
                         595 
                         596 .LDW_4876d68:
000000bf 25              597 	.byte	37
000000c0 756e7369676e    598 	.strz	"unsigned char"
000000c6 656420636861 
000000cc 7200 
000000ce 08              599 	.byte	8
000000cf 01              600 	.byte	1
                         601 
                         602 .LDW_4876be0:
000000d0 2f              603 	.byte	47
000000d1 00000000*       604 	.word	.LDW_48bcff0
                         605 
                         606 	.section	.debug_abbrev
00000032 2f              607 	.byte	47
00000033 0f              608 	.byte	15
00000034 00              609 	.byte	0
00000035 4910            610 	.byte	73,16
00000037 0000            611 	.byte	0,0
                         612 
                         613 	.section	.debug_info
                         614 .LDW_4877008:
000000d5 45              615 	.byte	69
000000d6 01              616 	.byte	1
                         617 
                         618 .LDW_48713c8:
000000d7 12              619 	.byte	18
000000d8 00000000*       620 	.word	.LDW_4876be0
000000dc 00              621 	.byte	0
                         622 
000000dd 00              623 	.byte	0
                         624 
                         625 .LDW_4876a20:

                                                                      Page 14
                                                              C:\Users\nhuliyap\AppData\Local\Temp\gh_00006oc1.s
000000de 44              626 	.byte	68
000000df 00000000*       627 	.word	.LDW_4be8d90
000000e3 01              628 	.byte	1
                         629 
                         630 	.section	.debug_abbrev
00000039 44              631 	.byte	68
0000003a 15              632 	.byte	21
0000003b 01              633 	.byte	1
0000003c 4910            634 	.byte	73,16
0000003e 270c            635 	.byte	39,12
00000040 0000            636 	.byte	0,0
                         637 
                         638 	.section	.debug_info
000000e4 00              639 	.byte	0
                         640 
                         641 .LDW_4876da0:
000000e5 44              642 	.byte	68
000000e6 00000000*       643 	.word	.LDW_4be8d90
000000ea 01              644 	.byte	1
                         645 
000000eb 00              646 	.byte	0
                         647 
                         648 .LDW_4876e48:
000000ec 25              649 	.byte	37
000000ed 756e7369676e    650 	.strz	"unsigned int"
000000f3 656420696e74 
000000f9 00 
000000fa 07              651 	.byte	7
000000fb 04              652 	.byte	4
                         653 
                         654 .LDW_48770e8:
000000fc 25              655 	.byte	37
000000fd 696e7400        656 	.strz	"int"
00000101 05              657 	.byte	5
00000102 04              658 	.byte	4
                         659 
                         660 .LDW_4877120:
00000103 2f              661 	.byte	47
00000104 00000000*       662 	.word	.LDW_4be8d90
                         663 
                         664 .LDW_4c5f2b0:
00000108 44              665 	.byte	68
00000109 00000000*       666 	.word	.LDW_48beeb0
0000010d 01              667 	.byte	1
                         668 
0000010e 00              669 	.byte	0
                         670 
                         671 .LDW_4c5f550:
0000010f 44              672 	.byte	68
00000110 00000000*       673 	.word	.LDW_48beeb0
00000114 01              674 	.byte	1
                         675 
00000115 00              676 	.byte	0
                         677 
                         678 .LDW_4c625d8:
00000116 44              679 	.byte	68
00000117 00000000*       680 	.word	.LDW_4be8d90
0000011b 01              681 	.byte	1
                         682 
0000011c 00              683 	.byte	0
                         684 

                                                                      Page 15
                                                              C:\Users\nhuliyap\AppData\Local\Temp\gh_00006oc1.s
                         685 .LDW_4c62220:
0000011d 45              686 	.byte	69
0000011e 01              687 	.byte	1
                         688 
                         689 .LDW_4c5ec28:
0000011f 12              690 	.byte	18
00000120 00000000*       691 	.word	.LDW_4be8d90
00000124 00              692 	.byte	0
                         693 
                         694 .LDW_4c5ec88:
00000125 12              695 	.byte	18
00000126 00000000*       696 	.word	.LDW_4be8d90
0000012a 00              697 	.byte	0
                         698 
0000012b 00              699 	.byte	0
                         700 
                         701 .LDW_4c65ca0:
0000012c 45              702 	.byte	69
0000012d 01              703 	.byte	1
                         704 
0000012e 00              705 	.byte	0
                         706 
                         707 .LDW_4c65d10:
0000012f 44              708 	.byte	68
00000130 00000000*       709 	.word	.LDW_48bd318
00000134 01              710 	.byte	1
                         711 
                         712 .LDW_4c648e8:
00000135 12              713 	.byte	18
00000136 00000000*       714 	.word	.LDW_4877120
0000013a 00              715 	.byte	0
                         716 
0000013b 00              717 	.byte	0
                         718 
                         719 .LDW_4c65990:
0000013c 44              720 	.byte	68
0000013d 00000000*       721 	.word	.LDW_48bd318
00000141 01              722 	.byte	1
                         723 
                         724 .LDW_4c64948:
00000142 12              725 	.byte	18
00000143 00000000*       726 	.word	.LDW_4be8d90
00000147 00              727 	.byte	0
                         728 
00000148 00              729 	.byte	0
                         730 
                         731 .LDW_4c65878:
00000149 44              732 	.byte	68
0000014a 00000000*       733 	.word	.LDW_4be8d90
0000014e 01              734 	.byte	1
                         735 
                         736 .LDW_4c64a98:
0000014f 12              737 	.byte	18
00000150 00000000*       738 	.word	.LDW_48beeb0
00000154 00              739 	.byte	0
                         740 
00000155 00              741 	.byte	0
                         742 
                         743 .LDW_48bd318:
00000156 28              744 	.byte	40
00000157 626f6f6c6561    745 	.strz	"boolean"

                                                                      Page 16
                                                              C:\Users\nhuliyap\AppData\Local\Temp\gh_00006oc1.s
0000015d 6e00 
0000015f 4e              746 	.byte	78
00000160 49              747 	.byte	73
00000161 03              748 	.byte	3
00000162 00000000*       749 	.word	.LDW_4876d68
                         750 
                         751 	.section	.debug_abbrev
00000042 28              752 	.byte	40
00000043 16              753 	.byte	22
00000044 00              754 	.byte	0
00000045 0308            755 	.byte	3,8
00000047 3b0f            756 	.byte	59,15
00000049 390f            757 	.byte	57,15
0000004b 3a0f            758 	.byte	58,15
0000004d 4910            759 	.byte	73,16
0000004f 0000            760 	.byte	0,0
                         761 
                         762 	.section	.debug_info
                         763 .LDW_48beeb0:
00000166 28              764 	.byte	40
00000167 75696e743800    765 	.strz	"uint8"
0000016d 50              766 	.byte	80
0000016e 4b              767 	.byte	75
0000016f 03              768 	.byte	3
00000170 00000000*       769 	.word	.LDW_4876d68
                         770 
                         771 .LDW_4be8d90:
00000174 28              772 	.byte	40
00000175 75696e743136    773 	.strz	"uint16"
0000017b 00 
0000017c 52              774 	.byte	82
0000017d 4a              775 	.byte	74
0000017e 03              776 	.byte	3
0000017f 00000000*       777 	.word	.LDW_4876d30
                         778 
                         779 .LDW_48bef60:
00000183 41              780 	.byte	65
00000184 0b              781 	.byte	11
00000185 0f              782 	.byte	15
00000186 0e              783 	.byte	14
00000187 06              784 	.byte	6
00000188 01              785 	.byte	1
                         786 
                         787 	.section	.debug_abbrev
00000051 41              788 	.byte	65
00000052 13              789 	.byte	19
00000053 01              790 	.byte	1
00000054 3b0f            791 	.byte	59,15
00000056 390f            792 	.byte	57,15
00000058 3a0f            793 	.byte	58,15
0000005a 0b0f            794 	.byte	11,15
0000005c 320b            795 	.byte	50,11
0000005e 0000            796 	.byte	0,0
                         797 
                         798 	.section	.debug_info
                         799 .LDW_4c56cc0:
00000189 23              800 	.byte	35
0000018a 75634170706c    801 	.strz	"ucApplState"
00000190 537461746500 
00000196 0c              802 	.byte	12
00000197 11              803 	.byte	17

                                                                      Page 17
                                                              C:\Users\nhuliyap\AppData\Local\Temp\gh_00006oc1.s
00000198 0e              804 	.byte	14
00000199 00000000*       805 	.word	.LDW_4876d68
0000019d 0223            806 	.byte	2,35
0000019f 00              807 	.byte	0
000001a0 01              808 	.byte	1
                         809 
                         810 	.section	.debug_abbrev
00000060 23              811 	.byte	35
00000061 0d              812 	.byte	13
00000062 00              813 	.byte	0
00000063 0308            814 	.byte	3,8
00000065 3b0f            815 	.byte	59,15
00000067 390f            816 	.byte	57,15
00000069 3a0f            817 	.byte	58,15
0000006b 4910            818 	.byte	73,16
0000006d 380a            819 	.byte	56,10
0000006f 320b            820 	.byte	50,11
00000071 0000            821 	.byte	0,0
                         822 
                         823 	.section	.debug_info
                         824 .LDW_4c56e28:
000001a1 23              825 	.byte	35
000001a2 7573684d6178    826 	.strz	"ushMaxFFCtVal"
000001a8 464643745661 
000001ae 6c00 
000001b0 0d              827 	.byte	13
000001b1 12              828 	.byte	18
000001b2 0e              829 	.byte	14
000001b3 00000000*       830 	.word	.LDW_4876d30
000001b7 0223            831 	.byte	2,35
000001b9 02              832 	.byte	2
000001ba 01              833 	.byte	1
                         834 
                         835 .LDW_4c567b0:
000001bb 23              836 	.byte	35
000001bc 757368437572    837 	.strz	"ushCurBaseLevel"
000001c2 426173654c65 
000001c8 76656c00 
000001cc 0e              838 	.byte	14
000001cd 12              839 	.byte	18
000001ce 0e              840 	.byte	14
000001cf 00000000*       841 	.word	.LDW_4876d30
000001d3 0223            842 	.byte	2,35
000001d5 04              843 	.byte	4
000001d6 01              844 	.byte	1
                         845 
000001d7 00              846 	.byte	0
                         847 
                         848 .LDW_48bcff0:
000001d8 28              849 	.byte	40
000001d9 7449444f4d49    850 	.strz	"tIDOMInput"
000001df 6e70757400 
000001e4 0f              851 	.byte	15
000001e5 02              852 	.byte	2
000001e6 0e              853 	.byte	14
000001e7 00000000*       854 	.word	.LDW_48bef60
                         855 
                         856 .LDW_4c2fc88:
000001eb 04              857 	.byte	4
000001ec 757368416c61    858 	.strz	"ushAlarmTimeInSec"
000001f2 726d54696d65 

                                                                      Page 18
                                                              C:\Users\nhuliyap\AppData\Local\Temp\gh_00006oc1.s
000001f8 496e53656300 
000001fe 0c              859 	.byte	12
000001ff 0f              860 	.byte	15
00000200 01              861 	.byte	1
00000201 00000000*       862 	.word	.LDW_4be8d90
00000205 00              863 	.byte	0
00000206 00              864 	.byte	0
00000207 0503            865 	.byte	5,3
00000209 00000000*       866 	.word	_ushAlarmTimeInSec..C.3A.5C_ECU2.5CECU_Rivian_A1.5CTarget.5Crepo_projects.5CpRealEcu.5CcR_R2023.2E09.2E15.5Cmake.5Coutput.5Cobjects.5CIDOM_IF.
                         867 
                         868 	.section	.debug_abbrev
00000073 04              869 	.byte	4
00000074 34              870 	.byte	52
00000075 00              871 	.byte	0
00000076 0308            872 	.byte	3,8
00000078 3b0f            873 	.byte	59,15
0000007a 390f            874 	.byte	57,15
0000007c 3a0f            875 	.byte	58,15
0000007e 4910            876 	.byte	73,16
00000080 3f0c            877 	.byte	63,12
00000082 3c0c            878 	.byte	60,12
00000084 020a            879 	.byte	2,10
00000086 0000            880 	.byte	0,0
                         881 
                         882 	.section	.debug_info
                         883 .LDW_4c5c320:
0000020d 16              884 	.byte	22
0000020e 47455475634d    885 	.strz	"GETucMinOffsetGXeEE"
00000214 696e4f666673 
0000021a 657447586545 
00000220 4500 
00000222 28              886 	.byte	40
00000223 0f              887 	.byte	15
00000224 0a              888 	.byte	10
00000225 00000000*       889 	.word	.LDW_48beeb0
00000229 01              890 	.byte	1
0000022a 00              891 	.byte	0
0000022b 01              892 	.byte	1
0000022c 01              893 	.byte	1
0000022d 00              894 	.byte	0
0000022e 01              895 	.byte	1
                         896 
                         897 	.section	.debug_abbrev
00000088 16              898 	.byte	22
00000089 2e              899 	.byte	46
0000008a 01              900 	.byte	1
0000008b 0308            901 	.byte	3,8
0000008d 3b0f            902 	.byte	59,15
0000008f 390f            903 	.byte	57,15
00000091 3a0f            904 	.byte	58,15
00000093 4910            905 	.byte	73,16
00000095 3c0c            906 	.byte	60,12
00000097 200b            907 	.byte	32,11
00000099 3f0c            908 	.byte	63,12
0000009b 320b            909 	.byte	50,11
0000009d 4c0b            910 	.byte	76,11
0000009f 270c            911 	.byte	39,12
000000a1 0000            912 	.byte	0,0
                         913 
                         914 	.section	.debug_info
0000022f 00              915 	.byte	0

                                                                      Page 19
                                                              C:\Users\nhuliyap\AppData\Local\Temp\gh_00006oc1.s
                         916 
                         917 .LDW_4c5c3b8:
00000230 16              918 	.byte	22
00000231 47455475634f    919 	.strz	"GETucOffsetOverlapsGXeEE"
00000237 66667365744f 
0000023d 7665726c6170 
00000243 734758654545 
00000249 00 
0000024a 29              920 	.byte	41
0000024b 0f              921 	.byte	15
0000024c 0a              922 	.byte	10
0000024d 00000000*       923 	.word	.LDW_48beeb0
00000251 01              924 	.byte	1
00000252 00              925 	.byte	0
00000253 01              926 	.byte	1
00000254 01              927 	.byte	1
00000255 00              928 	.byte	0
00000256 01              929 	.byte	1
                         930 
00000257 00              931 	.byte	0
                         932 
                         933 .LDW_4c61558:
00000258 16              934 	.byte	22
00000259 476574426173    935 	.strz	"GetBaseLevel"
0000025f 654c6576656c 
00000265 00 
00000266 52              936 	.byte	82
00000267 10              937 	.byte	16
00000268 0c              938 	.byte	12
00000269 00000000*       939 	.word	.LDW_4be8d90
0000026d 01              940 	.byte	1
0000026e 00              941 	.byte	0
0000026f 01              942 	.byte	1
00000270 01              943 	.byte	1
00000271 00              944 	.byte	0
00000272 01              945 	.byte	1
                         946 
00000273 00              947 	.byte	0
                         948 
                         949 .LDW_4c64608:
00000274 15              950 	.byte	21
00000275 53657452656c    951 	.strz	"SetRelAlarmAlIDOMOS"
0000027b 416c61726d41 
00000281 6c49444f4d4f 
00000287 5300 
00000289 72              952 	.byte	114
0000028a 10              953 	.byte	16
0000028b 0c              954 	.byte	12
0000028c 01              955 	.byte	1
0000028d 00              956 	.byte	0
0000028e 01              957 	.byte	1
0000028f 01              958 	.byte	1
00000290 00              959 	.byte	0
00000291 01              960 	.byte	1
                         961 
                         962 	.section	.debug_abbrev
000000a3 15              963 	.byte	21
000000a4 2e              964 	.byte	46
000000a5 01              965 	.byte	1
000000a6 0308            966 	.byte	3,8
000000a8 3b0f            967 	.byte	59,15

                                                                      Page 20
                                                              C:\Users\nhuliyap\AppData\Local\Temp\gh_00006oc1.s
000000aa 390f            968 	.byte	57,15
000000ac 3a0f            969 	.byte	58,15
000000ae 3c0c            970 	.byte	60,12
000000b0 200b            971 	.byte	32,11
000000b2 3f0c            972 	.byte	63,12
000000b4 320b            973 	.byte	50,11
000000b6 4c0b            974 	.byte	76,11
000000b8 270c            975 	.byte	39,12
000000ba 0000            976 	.byte	0,0
                         977 
                         978 	.section	.debug_info
00000292 00              979 	.byte	0
                         980 
                         981 .LDW_4c63b58:
00000293 15              982 	.byte	21
00000294 43616e63656c    983 	.strz	"CancelAlarmAlIDOMOS"
0000029a 416c61726d41 
000002a0 6c49444f4d4f 
000002a6 5300 
000002a8 7a              984 	.byte	122
000002a9 10              985 	.byte	16
000002aa 0c              986 	.byte	12
000002ab 01              987 	.byte	1
000002ac 00              988 	.byte	0
000002ad 01              989 	.byte	1
000002ae 01              990 	.byte	1
000002af 00              991 	.byte	0
000002b0 01              992 	.byte	1
                         993 
000002b1 00              994 	.byte	0
                         995 
                         996 .LDW_4c62d18:
000002b2 16              997 	.byte	22
000002b3 476574416c61    998 	.strz	"GetAlarmAlIDOMOS"
000002b9 726d416c4944 
000002bf 4f4d4f5300 
000002c4 7d              999 	.byte	125
000002c5 10             1000 	.byte	16
000002c6 0c             1001 	.byte	12
000002c7 00000000*      1002 	.word	.LDW_48bd318
000002cb 01             1003 	.byte	1
000002cc 00             1004 	.byte	0
000002cd 01             1005 	.byte	1
000002ce 01             1006 	.byte	1
000002cf 00             1007 	.byte	0
000002d0 01             1008 	.byte	1
                        1009 
000002d1 00             1010 	.byte	0
                        1011 
                        1012 .LDW_4c62988:
000002d2 16             1013 	.byte	22
000002d3 624765744269   1014 	.strz	"bGetBitFahrzeugzustandFZZ"
000002d9 74466168727a 
000002df 6575677a7573 
000002e5 74616e64465a 
000002eb 5a00 
000002ed 11             1015 	.byte	17
000002ee 10             1016 	.byte	16
000002ef 10             1017 	.byte	16
000002f0 00000000*      1018 	.word	.LDW_48bd318
000002f4 01             1019 	.byte	1

                                                                      Page 21
                                                              C:\Users\nhuliyap\AppData\Local\Temp\gh_00006oc1.s
000002f5 00             1020 	.byte	0
000002f6 01             1021 	.byte	1
000002f7 01             1022 	.byte	1
000002f8 00             1023 	.byte	0
000002f9 01             1024 	.byte	1
                        1025 
000002fa 00             1026 	.byte	0
                        1027 
                        1028 .LDW_4c627c0:
000002fb 16             1029 	.byte	22
000002fc 474554757346   1030 	.strz	"GETusFolgeAusfallCntSTATISTICS"
00000302 6f6c67654175 
00000308 7366616c6c43 
0000030e 6e7453544154 
00000314 495354494353 
0000031a 00 
0000031b 09             1031 	.byte	9
0000031c 0f             1032 	.byte	15
0000031d 13             1033 	.byte	19
0000031e 00000000*      1034 	.word	.LDW_4be8d90
00000322 01             1035 	.byte	1
00000323 00             1036 	.byte	0
00000324 01             1037 	.byte	1
00000325 01             1038 	.byte	1
00000326 00             1039 	.byte	0
00000327 01             1040 	.byte	1
                        1041 
00000328 00             1042 	.byte	0
                        1043 
                        1044 .LDW_48bec90:
00000329 13             1045 	.byte	19
0000032a 537461727449   1046 	.strz	"StartIDOMAlarm"
00000330 444f4d416c61 
00000336 726d00 
00000339 0e             1047 	.byte	14
0000033a 06             1048 	.byte	6
0000033b 01             1049 	.byte	1
0000033c 00000000*      1050 	.word	_StartIDOMAlarm
00000340 00000000*      1051 	.word	___ghs_eofn_StartIDOMAlarm
00000344 0153           1052 	.byte	1,83
00000346 02             1053 	.byte	2
00000347 00             1054 	.byte	0
00000348 02             1055 	.byte	2
00000349 00             1056 	.byte	0
0000034a 00             1057 	.byte	0
0000034b 00             1058 	.byte	0
0000034c 00             1059 	.byte	0
0000034d 01             1060 	.byte	1
0000034e 01             1061 	.byte	1
0000034f 00             1062 	.byte	0
00000350 01             1063 	.byte	1
                        1064 
                        1065 	.section	.debug_abbrev
000000bc 13             1066 	.byte	19
000000bd 2e             1067 	.byte	46
000000be 01             1068 	.byte	1
000000bf 0308           1069 	.byte	3,8
000000c1 3b0f           1070 	.byte	59,15
000000c3 390f           1071 	.byte	57,15
000000c5 3a0f           1072 	.byte	58,15
000000c7 1101           1073 	.byte	17,1

                                                                      Page 22
                                                              C:\Users\nhuliyap\AppData\Local\Temp\gh_00006oc1.s
000000c9 1201           1074 	.byte	18,1
000000cb 400a           1075 	.byte	64,10
000000cd 8341           1076 	.byte	131,65
000000cf 0f             1077 	.byte	15
000000d0 8741           1078 	.byte	135,65
000000d2 0d             1079 	.byte	13
000000d3 8541           1080 	.byte	133,65
000000d5 0f             1081 	.byte	15
000000d6 8641           1082 	.byte	134,65
000000d8 0d             1083 	.byte	13
000000d9 9241           1084 	.byte	146,65
000000db 0f             1085 	.byte	15
000000dc 3c0c           1086 	.byte	60,12
000000de 200b           1087 	.byte	32,11
000000e0 3f0c           1088 	.byte	63,12
000000e2 320b           1089 	.byte	50,11
000000e4 4c0b           1090 	.byte	76,11
000000e6 270c           1091 	.byte	39,12
000000e8 0000           1092 	.byte	0,0
                        1093 
                        1094 	.section	.debug_frame
                        1095 .LDW_4c55170:
00000090 00000000*      1096 	.word	.LDW_unq_4-.LDW_unq_3
                        1097 .LDW_unq_3:
00000094 00000000*      1098 	.word	.LDW_4c16ac0
00000098 00000000*      1099 	.word	_StartIDOMAlarm
0000009c 00000000*      1100 	.word	___ghs_eofn_StartIDOMAlarm-_StartIDOMAlarm
000000a0 01             1101 	.byte	1
000000a1 00000000*      1102 	.word	.LDW11
000000a5 00             1103 	.byte	0
000000a6 00             1104 	.byte	0
000000a7 00             1105 	.byte	0
                        1106 .LDW_unq_4:
                        1107 	.section	.debug_line
00000335 000502         1108 	.byte	0,5,2
00000338 00000000*      1109 	.word	_StartIDOMAlarm
0000033c 03             1110 	.byte	3
0000033d 0e             1111 	.byte	14
0000033e 02             1112 	.byte	2
0000033f 00             1113 	.byte	0
00000340 01             1114 	.byte	1
00000341 06             1115 	.byte	6
00000342 13             1116 	.byte	19
00000343 000502         1117 	.byte	0,5,2
00000346 00000000*      1118 	.word	.LDWlin1
0000034a 02             1119 	.byte	2
0000034b 00             1120 	.byte	0
0000034c 0b             1121 	.byte	11
0000034d 000502         1122 	.byte	0,5,2
00000350 00000000*      1123 	.word	.LDWlin2
00000354 0d             1124 	.byte	13
00000355 0b             1125 	.byte	11
00000356 0b             1126 	.byte	11
00000357 02             1127 	.byte	2
00000358 0a             1128 	.byte	10
00000359 000101         1129 	.byte	0,1,1
                        1130 	.section	.debug_info
                        1131 .LDW_4be8de8:
00000351 0f             1132 	.byte	15
00000352 7573684e724f   1133 	.strz	"ushNrOfCurFF"
00000358 664375724646 

                                                                      Page 23
                                                              C:\Users\nhuliyap\AppData\Local\Temp\gh_00006oc1.s
0000035e 00 
0000035f 0f             1134 	.byte	15
00000360 0b             1135 	.byte	11
00000361 01             1136 	.byte	1
00000362 00000000*      1137 	.word	.LDW_4be8d90
00000366 00             1138 	.byte	0
00000367 0156           1139 	.byte	1,86
                        1140 
                        1141 	.section	.debug_abbrev
000000ea 0f             1142 	.byte	15
000000eb 05             1143 	.byte	5
000000ec 00             1144 	.byte	0
000000ed 0308           1145 	.byte	3,8
000000ef 3b0f           1146 	.byte	59,15
000000f1 390f           1147 	.byte	57,15
000000f3 3a0f           1148 	.byte	58,15
000000f5 4910           1149 	.byte	73,16
000000f7 4b0c           1150 	.byte	75,12
000000f9 020a           1151 	.byte	2,10
000000fb 0000           1152 	.byte	0,0
                        1153 
                        1154 	.section	.debug_info
                        1155 .LDW_4871848:
00000369 1d             1156 	.byte	29
0000036a 00000000*      1157 	.word	.LDW01
0000036e 00000000*      1158 	.word	.LDW11
                        1159 
                        1160 	.section	.debug_abbrev
000000fd 1d             1161 	.byte	29
000000fe 0b             1162 	.byte	11
000000ff 01             1163 	.byte	1
00000100 1101           1164 	.byte	17,1
00000102 1201           1165 	.byte	18,1
00000104 0000           1166 	.byte	0,0
                        1167 
                        1168 	.section	.debug_info
00000372 00             1169 	.byte	0
                        1170 
00000373 00             1171 	.byte	0
                        1172 
                        1173 .LDW_48bed28:
00000374 13             1174 	.byte	19
00000375 53746f704944   1175 	.strz	"StopIDOMAlarm"
0000037b 4f4d416c6172 
00000381 6d00 
00000383 1c             1176 	.byte	28
00000384 06             1177 	.byte	6
00000385 01             1178 	.byte	1
00000386 00000000*      1179 	.word	_StopIDOMAlarm
0000038a 00000000*      1180 	.word	___ghs_eofn_StopIDOMAlarm
0000038e 0153           1181 	.byte	1,83
00000390 8280808008     1182 	.byte	130,128,128,128,8
00000395 04             1183 	.byte	4
00000396 03             1184 	.byte	3
00000397 04             1185 	.byte	4
00000398 00             1186 	.byte	0
00000399 00             1187 	.byte	0
0000039a 00             1188 	.byte	0
0000039b 01             1189 	.byte	1
0000039c 01             1190 	.byte	1
0000039d 00             1191 	.byte	0

                                                                      Page 24
                                                              C:\Users\nhuliyap\AppData\Local\Temp\gh_00006oc1.s
0000039e 01             1192 	.byte	1
                        1193 
                        1194 	.section	.debug_frame
                        1195 .LDW_4c55270:
000000a8 00000000*      1196 	.word	.LDW_unq_6-.LDW_unq_5
                        1197 .LDW_unq_5:
000000ac 00000000*      1198 	.word	.LDW_4c16ac0
000000b0 00000000*      1199 	.word	_StopIDOMAlarm
000000b4 00000000*      1200 	.word	___ghs_eofn_StopIDOMAlarm-_StopIDOMAlarm
000000b8 44             1201 	.byte	68
000000b9 9f             1202 	.byte	159
000000ba 00             1203 	.byte	0
000000bb 01             1204 	.byte	1
000000bc 00000000*      1205 	.word	.LDW31
000000c0 44             1206 	.byte	68
000000c1 df             1207 	.byte	223
000000c2 00             1208 	.byte	0
000000c3 00             1209 	.byte	0
                        1210 .LDW_unq_6:
                        1211 	.section	.debug_line
0000035c 000502         1212 	.byte	0,5,2
0000035f 00000000*      1213 	.word	_StopIDOMAlarm
00000363 03             1214 	.byte	3
00000364 1b             1215 	.byte	27
00000365 02             1216 	.byte	2
00000366 00             1217 	.byte	0
00000367 01             1218 	.byte	1
00000368 06             1219 	.byte	6
00000369 1b             1220 	.byte	27
0000036a 000502         1221 	.byte	0,5,2
0000036d 00000000*      1222 	.word	.LDWlin3
00000371 0b             1223 	.byte	11
00000372 000502         1224 	.byte	0,5,2
00000375 00000000*      1225 	.word	.LDWlin4
00000379 0b             1226 	.byte	11
0000037a 02             1227 	.byte	2
0000037b 04             1228 	.byte	4
0000037c 000101         1229 	.byte	0,1,1
                        1230 	.section	.debug_info
                        1231 .LDW_48712d8:
0000039f 1d             1232 	.byte	29
000003a0 00000000*      1233 	.word	.LDW21
000003a4 00000000*      1234 	.word	.LDW31
                        1235 
000003a8 00             1236 	.byte	0
                        1237 
000003a9 00             1238 	.byte	0
                        1239 
                        1240 .LDW_48bedc0:
000003aa 13             1241 	.byte	19
000003ab 427265616b49   1242 	.strz	"BreakIDOMAlarm"
000003b1 444f4d416c61 
000003b7 726d00 
000003ba 21             1243 	.byte	33
000003bb 06             1244 	.byte	6
000003bc 01             1245 	.byte	1
000003bd 00000000*      1246 	.word	_BreakIDOMAlarm
000003c1 00000000*      1247 	.word	___ghs_eofn_BreakIDOMAlarm
000003c5 0153           1248 	.byte	1,83
000003c7 8280808008     1249 	.byte	130,128,128,128,8
000003cc 04             1250 	.byte	4

                                                                      Page 25
                                                              C:\Users\nhuliyap\AppData\Local\Temp\gh_00006oc1.s
000003cd 03             1251 	.byte	3
000003ce 08             1252 	.byte	8
000003cf 00             1253 	.byte	0
000003d0 00             1254 	.byte	0
000003d1 00             1255 	.byte	0
000003d2 01             1256 	.byte	1
000003d3 01             1257 	.byte	1
000003d4 00             1258 	.byte	0
000003d5 01             1259 	.byte	1
                        1260 
                        1261 	.section	.debug_frame
                        1262 .LDW_4c55330:
000000c4 00000000*      1263 	.word	.LDW_unq_8-.LDW_unq_7
                        1264 .LDW_unq_7:
000000c8 00000000*      1265 	.word	.LDW_4c16ac0
000000cc 00000000*      1266 	.word	_BreakIDOMAlarm
000000d0 00000000*      1267 	.word	___ghs_eofn_BreakIDOMAlarm-_BreakIDOMAlarm
000000d4 44             1268 	.byte	68
000000d5 9f             1269 	.byte	159
000000d6 03             1270 	.byte	3
000000d7 01             1271 	.byte	1
000000d8 00000000*      1272 	.word	.LDW51
                        1273 .LDW_unq_8:
                        1274 	.section	.debug_line
0000037f 000502         1275 	.byte	0,5,2
00000382 00000000*      1276 	.word	_BreakIDOMAlarm
00000386 03             1277 	.byte	3
00000387 20             1278 	.byte	32
00000388 02             1279 	.byte	2
00000389 00             1280 	.byte	0
0000038a 01             1281 	.byte	1
0000038b 06             1282 	.byte	6
0000038c 1d             1283 	.byte	29
0000038d 1b             1284 	.byte	27
0000038e 000502         1285 	.byte	0,5,2
00000391 00000000*      1286 	.word	.LDWlin5
00000395 0c             1287 	.byte	12
00000396 000502         1288 	.byte	0,5,2
00000399 00000000*      1289 	.word	.LDWlin6
0000039d 02             1290 	.byte	2
0000039e 00             1291 	.byte	0
0000039f 0b             1292 	.byte	11
000003a0 03             1293 	.byte	3
000003a1 04             1294 	.byte	4
000003a2 02             1295 	.byte	2
000003a3 04             1296 	.byte	4
000003a4 01             1297 	.byte	1
000003a5 02             1298 	.byte	2
000003a6 00             1299 	.byte	0
000003a7 0b             1300 	.byte	11
000003a8 000502         1301 	.byte	0,5,2
000003ab 00000000*      1302 	.word	.LDWlin7
000003af 0b             1303 	.byte	11
000003b0 02             1304 	.byte	2
000003b1 04             1305 	.byte	4
000003b2 000101         1306 	.byte	0,1,1
                        1307 	.section	.debug_info
                        1308 .LDW_4871308:
000003d6 1d             1309 	.byte	29
000003d7 00000000*      1310 	.word	.LDW41
000003db 00000000*      1311 	.word	.LDW51

                                                                      Page 26
                                                              C:\Users\nhuliyap\AppData\Local\Temp\gh_00006oc1.s
                        1312 
                        1313 .LDW_48bee58:
000003df 04             1314 	.byte	4
000003e0 75736848656c   1315 	.strz	"ushHelp"
000003e6 7000 
000003e8 22             1316 	.byte	34
000003e9 0b             1317 	.byte	11
000003ea 01             1318 	.byte	1
000003eb 00000000*      1319 	.word	.LDW_4be8d90
000003ef 00             1320 	.byte	0
000003f0 00             1321 	.byte	0
000003f1 0273           1322 	.byte	2,115
000003f3 02             1323 	.byte	2
                        1324 
                        1325 .LDW_48bef08:
000003f4 05             1326 	.byte	5
000003f5 7538416c6172   1327 	.strz	"u8AlarmStatus"
000003fb 6d5374617475 
00000401 7300 
00000403 23             1328 	.byte	35
00000404 0a             1329 	.byte	10
00000405 01             1330 	.byte	1
00000406 00000000*      1331 	.word	.LDW_48beeb0
0000040a 00             1332 	.byte	0
0000040b 00             1333 	.byte	0
                        1334 
                        1335 	.section	.debug_abbrev
00000106 05             1336 	.byte	5
00000107 34             1337 	.byte	52
00000108 00             1338 	.byte	0
00000109 0308           1339 	.byte	3,8
0000010b 3b0f           1340 	.byte	59,15
0000010d 390f           1341 	.byte	57,15
0000010f 3a0f           1342 	.byte	58,15
00000111 4910           1343 	.byte	73,16
00000113 3f0c           1344 	.byte	63,12
00000115 3c0c           1345 	.byte	60,12
00000117 0000           1346 	.byte	0,0
                        1347 
                        1348 	.section	.debug_info
0000040c 00             1349 	.byte	0
                        1350 
0000040d 00             1351 	.byte	0
                        1352 
                        1353 .LDW_48bd048:
0000040e 13             1354 	.byte	19
0000040f 47657449444f   1355 	.strz	"GetIDOMInput"
00000415 4d496e707574 
0000041b 00 
0000041c 30             1356 	.byte	48
0000041d 06             1357 	.byte	6
0000041e 01             1358 	.byte	1
0000041f 00000000*      1359 	.word	_GetIDOMInput
00000423 00000000*      1360 	.word	___ghs_eofn_GetIDOMInput
00000427 0153           1361 	.byte	1,83
00000429 828080c00b     1362 	.byte	130,128,128,192,11
0000042e 10             1363 	.byte	16
0000042f 03             1364 	.byte	3
00000430 10             1365 	.byte	16
00000431 00             1366 	.byte	0
00000432 00             1367 	.byte	0

                                                                      Page 27
                                                              C:\Users\nhuliyap\AppData\Local\Temp\gh_00006oc1.s
00000433 00             1368 	.byte	0
00000434 01             1369 	.byte	1
00000435 01             1370 	.byte	1
00000436 00             1371 	.byte	0
00000437 01             1372 	.byte	1
                        1373 
                        1374 	.section	.debug_frame
                        1375 .LDW_4c54d70:
000000dc 00000000*      1376 	.word	.LDW_unq_a-.LDW_unq_9
                        1377 .LDW_unq_9:
000000e0 00000000*      1378 	.word	.LDW_4c16ac0
000000e4 00000000*      1379 	.word	_GetIDOMInput
000000e8 00000000*      1380 	.word	___ghs_eofn_GetIDOMInput-_GetIDOMInput
000000ec 44             1381 	.byte	68
000000ed 9f             1382 	.byte	159
000000ee 00             1383 	.byte	0
000000ef 40             1384 	.byte	64
000000f0 9d             1385 	.byte	157
000000f1 04             1386 	.byte	4
000000f2 40             1387 	.byte	64
000000f3 9c             1388 	.byte	156
000000f4 08             1389 	.byte	8
000000f5 40             1390 	.byte	64
000000f6 9b             1391 	.byte	155
000000f7 0c             1392 	.byte	12
000000f8 01             1393 	.byte	1
000000f9 00000000*      1394 	.word	.LDW71
000000fd 00             1395 	.byte	0
000000fe 00             1396 	.byte	0
000000ff 00             1397 	.byte	0
                        1398 .LDW_unq_a:
                        1399 	.section	.debug_line
000003b5 000502         1400 	.byte	0,5,2
000003b8 00000000*      1401 	.word	_GetIDOMInput
000003bc 03             1402 	.byte	3
000003bd 30             1403 	.byte	48
000003be 02             1404 	.byte	2
000003bf 00             1405 	.byte	0
000003c0 01             1406 	.byte	1
000003c1 06             1407 	.byte	6
000003c2 24             1408 	.byte	36
000003c3 13             1409 	.byte	19
000003c4 02             1410 	.byte	2
000003c5 02             1411 	.byte	2
000003c6 0b             1412 	.byte	11
000003c7 000502         1413 	.byte	0,5,2
000003ca 00000000*      1414 	.word	.LDWlin8
000003ce 0b             1415 	.byte	11
000003cf 0b             1416 	.byte	11
000003d0 000502         1417 	.byte	0,5,2
000003d3 00000000*      1418 	.word	.LDWlin9
000003d7 0c             1419 	.byte	12
000003d8 02             1420 	.byte	2
000003d9 00             1421 	.byte	0
000003da 03             1422 	.byte	3
000003db 7b             1423 	.byte	123
000003dc 02             1424 	.byte	2
000003dd 00             1425 	.byte	0
000003de 01             1426 	.byte	1
000003df 000502         1427 	.byte	0,5,2
000003e2 00000000*      1428 	.word	.LDWlin10

                                                                      Page 28
                                                              C:\Users\nhuliyap\AppData\Local\Temp\gh_00006oc1.s
000003e6 03             1429 	.byte	3
000003e7 06             1430 	.byte	6
000003e8 02             1431 	.byte	2
000003e9 00             1432 	.byte	0
000003ea 01             1433 	.byte	1
000003eb 0b             1434 	.byte	11
000003ec 000502         1435 	.byte	0,5,2
000003ef 00000000*      1436 	.word	.LDWlin11
000003f3 0c             1437 	.byte	12
000003f4 13             1438 	.byte	19
000003f5 000502         1439 	.byte	0,5,2
000003f8 00000000*      1440 	.word	.LDWlin12
000003fc 0b             1441 	.byte	11
000003fd 02             1442 	.byte	2
000003fe 04             1443 	.byte	4
000003ff 000101         1444 	.byte	0,1,1
                        1445 	.section	.debug_info
                        1446 .LDW_48bd0e0:
00000438 0f             1447 	.byte	15
00000439 7049444f4d49   1448 	.strz	"pIDOMInput"
0000043f 6e70757400 
00000444 31             1449 	.byte	49
00000445 10             1450 	.byte	16
00000446 01             1451 	.byte	1
00000447 00000000*      1452 	.word	.LDW_4876be0
0000044b 00             1453 	.byte	0
0000044c 016b           1454 	.byte	1,107
                        1455 
                        1456 .LDW_48713f8:
0000044e 1d             1457 	.byte	29
0000044f 00000000*      1458 	.word	.LDW61
00000453 00000000*      1459 	.word	.LDW71
                        1460 
                        1461 .LDW_48bd138:
00000457 04             1462 	.byte	4
00000458 6900           1463 	.strz	"i"
0000045a 32             1464 	.byte	50
0000045b 0a             1465 	.byte	10
0000045c 01             1466 	.byte	1
0000045d 00000000*      1467 	.word	.LDW_48beeb0
00000461 00             1468 	.byte	0
00000462 00             1469 	.byte	0
00000463 016d           1470 	.byte	1,109
                        1471 
                        1472 .LDW_48bd190:
00000465 04             1473 	.byte	4
00000466 75734d617846   1474 	.strz	"usMaxFF"
0000046c 4600 
0000046e 33             1475 	.byte	51
0000046f 0b             1476 	.byte	11
00000470 01             1477 	.byte	1
00000471 00000000*      1478 	.word	.LDW_4be8d90
00000475 00             1479 	.byte	0
00000476 00             1480 	.byte	0
00000477 016c           1481 	.byte	1,108
                        1482 
00000479 00             1483 	.byte	0
                        1484 
0000047a 00             1485 	.byte	0
                        1486 
                        1487 .LDW_48bd1e8:

                                                                      Page 29
                                                              C:\Users\nhuliyap\AppData\Local\Temp\gh_00006oc1.s
0000047b 14             1488 	.byte	20
0000047c 476574506172   1489 	.strz	"GetParaOffset"
00000482 614f66667365 
00000488 7400 
0000048a 41             1490 	.byte	65
0000048b 08             1491 	.byte	8
0000048c 01             1492 	.byte	1
0000048d 00000000*      1493 	.word	.LDW_4be8d90
00000491 00000000*      1494 	.word	_GetParaOffset
00000495 00000000*      1495 	.word	___ghs_eofn_GetParaOffset
00000499 0153           1496 	.byte	1,83
0000049b 02             1497 	.byte	2
0000049c 00             1498 	.byte	0
0000049d 02             1499 	.byte	2
0000049e 00             1500 	.byte	0
0000049f 00             1501 	.byte	0
000004a0 00             1502 	.byte	0
000004a1 00             1503 	.byte	0
000004a2 01             1504 	.byte	1
000004a3 01             1505 	.byte	1
000004a4 00             1506 	.byte	0
000004a5 01             1507 	.byte	1
                        1508 
                        1509 	.section	.debug_abbrev
00000119 14             1510 	.byte	20
0000011a 2e             1511 	.byte	46
0000011b 01             1512 	.byte	1
0000011c 0308           1513 	.byte	3,8
0000011e 3b0f           1514 	.byte	59,15
00000120 390f           1515 	.byte	57,15
00000122 3a0f           1516 	.byte	58,15
00000124 4910           1517 	.byte	73,16
00000126 1101           1518 	.byte	17,1
00000128 1201           1519 	.byte	18,1
0000012a 400a           1520 	.byte	64,10
0000012c 8341           1521 	.byte	131,65
0000012e 0f             1522 	.byte	15
0000012f 8741           1523 	.byte	135,65
00000131 0d             1524 	.byte	13
00000132 8541           1525 	.byte	133,65
00000134 0f             1526 	.byte	15
00000135 8641           1527 	.byte	134,65
00000137 0d             1528 	.byte	13
00000138 9241           1529 	.byte	146,65
0000013a 0f             1530 	.byte	15
0000013b 3c0c           1531 	.byte	60,12
0000013d 200b           1532 	.byte	32,11
0000013f 3f0c           1533 	.byte	63,12
00000141 320b           1534 	.byte	50,11
00000143 4c0b           1535 	.byte	76,11
00000145 270c           1536 	.byte	39,12
00000147 0000           1537 	.byte	0,0
                        1538 
                        1539 	.section	.debug_frame
                        1540 .LDW_4c54b30:
00000100 00000000*      1541 	.word	.LDW_unq_c-.LDW_unq_b
                        1542 .LDW_unq_b:
00000104 00000000*      1543 	.word	.LDW_4c16ac0
00000108 00000000*      1544 	.word	_GetParaOffset
0000010c 00000000*      1545 	.word	___ghs_eofn_GetParaOffset-_GetParaOffset
00000110 01             1546 	.byte	1

                                                                      Page 30
                                                              C:\Users\nhuliyap\AppData\Local\Temp\gh_00006oc1.s
00000111 00000000*      1547 	.word	.LDW91
00000115 00             1548 	.byte	0
00000116 00             1549 	.byte	0
00000117 00             1550 	.byte	0
                        1551 .LDW_unq_c:
                        1552 	.section	.debug_line
00000402 000502         1553 	.byte	0,5,2
00000405 00000000*      1554 	.word	_GetParaOffset
00000409 06             1555 	.byte	6
0000040a 03             1556 	.byte	3
0000040b c100           1557 	.byte	193,0
0000040d 02             1558 	.byte	2
0000040e 00             1559 	.byte	0
0000040f 01             1560 	.byte	1
00000410 02             1561 	.byte	2
00000411 04             1562 	.byte	4
00000412 000101         1563 	.byte	0,1,1
                        1564 	.section	.debug_info
                        1565 .LDW_48714b8:
000004a6 1d             1566 	.byte	29
000004a7 00000000*      1567 	.word	.LDW81
000004ab 00000000*      1568 	.word	.LDW91
                        1569 
000004af 00             1570 	.byte	0
                        1571 
000004b0 00             1572 	.byte	0
                        1573 
                        1574 .LDW_48bd280:
000004b1 14             1575 	.byte	20
000004b2 476574506172   1576 	.strz	"GetParaOverlaps"
000004b8 614f7665726c 
000004be 61707300 
000004c2 45             1577 	.byte	69
000004c3 08             1578 	.byte	8
000004c4 01             1579 	.byte	1
000004c5 00000000*      1580 	.word	.LDW_4be8d90
000004c9 00000000*      1581 	.word	_GetParaOverlaps
000004cd 00000000*      1582 	.word	___ghs_eofn_GetParaOverlaps
000004d1 0153           1583 	.byte	1,83
000004d3 02             1584 	.byte	2
000004d4 00             1585 	.byte	0
000004d5 02             1586 	.byte	2
000004d6 00             1587 	.byte	0
000004d7 00             1588 	.byte	0
000004d8 00             1589 	.byte	0
000004d9 00             1590 	.byte	0
000004da 01             1591 	.byte	1
000004db 01             1592 	.byte	1
000004dc 00             1593 	.byte	0
000004dd 01             1594 	.byte	1
                        1595 
                        1596 	.section	.debug_frame
                        1597 .LDW_4c54e70:
00000118 00000000*      1598 	.word	.LDW_unq_e-.LDW_unq_d
                        1599 .LDW_unq_d:
0000011c 00000000*      1600 	.word	.LDW_4c16ac0
00000120 00000000*      1601 	.word	_GetParaOverlaps
00000124 00000000*      1602 	.word	___ghs_eofn_GetParaOverlaps-_GetParaOverlaps
00000128 01             1603 	.byte	1
00000129 00000000*      1604 	.word	.LDW12
0000012d 00             1605 	.byte	0

                                                                      Page 31
                                                              C:\Users\nhuliyap\AppData\Local\Temp\gh_00006oc1.s
0000012e 00             1606 	.byte	0
0000012f 00             1607 	.byte	0
                        1608 .LDW_unq_e:
                        1609 	.section	.debug_line
00000415 000502         1610 	.byte	0,5,2
00000418 00000000*      1611 	.word	_GetParaOverlaps
0000041c 06             1612 	.byte	6
0000041d 03             1613 	.byte	3
0000041e c500           1614 	.byte	197,0
00000420 02             1615 	.byte	2
00000421 00             1616 	.byte	0
00000422 01             1617 	.byte	1
00000423 02             1618 	.byte	2
00000424 04             1619 	.byte	4
00000425 000101         1620 	.byte	0,1,1
                        1621 	.section	.debug_info
                        1622 .LDW_4871458:
000004de 1d             1623 	.byte	29
000004df 00000000*      1624 	.word	.LDW02
000004e3 00000000*      1625 	.word	.LDW12
                        1626 
000004e7 00             1627 	.byte	0
                        1628 
000004e8 00             1629 	.byte	0
                        1630 
000004e9 00             1631 	.byte	0
                        1632 
                        1633 	.section	.debug_line
                        1634 .Ldw_line_end:
                        1635 	.section	.debug_macinfo
00000000 01             1636 	.byte	1
00000001 00             1637 	.byte	0
00000002 5f5f6768735f   1638 	.strz	"__ghs__ 1"
00000008 5f203100 
0000000c 01             1639 	.byte	1
0000000d 00             1640 	.byte	0
0000000e 5f5f4c4c4f4e   1641 	.strz	"__LLONG_BIT 64"
00000014 475f42495420 
0000001a 363400 
0000001d 03             1642 	.byte	3
0000001e 00             1643 	.byte	0
0000001f 01             1644 	.byte	1
00000020 03             1645 	.byte	3
00000021 01             1646 	.byte	1
00000022 02             1647 	.byte	2
00000023 03             1648 	.byte	3
00000024 1c             1649 	.byte	28
00000025 03             1650 	.byte	3
00000026 01             1651 	.byte	1
00000027 3c             1652 	.byte	60
00000028 545255452031   1653 	.strz	"TRUE 1u"
0000002e 7500 
00000030 01             1654 	.byte	1
00000031 40             1655 	.byte	64
00000032 46414c534520   1656 	.strz	"FALSE 0u"
00000038 307500 
0000003b 04             1657 	.byte	4
0000003c 03             1658 	.byte	3
0000003d 1d             1659 	.byte	29
0000003e 04             1660 	.byte	4
0000003f 03             1661 	.byte	3

                                                                      Page 32
                                                              C:\Users\nhuliyap\AppData\Local\Temp\gh_00006oc1.s
00000040 1b             1662 	.byte	27
00000041 05             1663 	.byte	5
00000042 03             1664 	.byte	3
00000043 54             1665 	.byte	84
00000044 06             1666 	.byte	6
00000045 04             1667 	.byte	4
00000046 04             1668 	.byte	4
00000047 04             1669 	.byte	4
00000048 04             1670 	.byte	4
00000049 03             1671 	.byte	3
0000004a 03             1672 	.byte	3
0000004b 07             1673 	.byte	7
0000004c 03             1674 	.byte	3
0000004d 04             1675 	.byte	4
0000004e 08             1676 	.byte	8
0000004f 04             1677 	.byte	4
00000050 01             1678 	.byte	1
00000051 0e             1679 	.byte	14
00000052 50524f445543   1680 	.strz	"PRODUCTION_SW 0x0"
00000058 54494f4e5f53 
0000005e 572030783000 
00000064 01             1681 	.byte	1
00000065 0f             1682 	.byte	15
00000066 444556454c4f   1683 	.strz	"DEVELOPMENT_SW 0x1"
0000006c 504d454e545f 
00000072 535720307831 
00000078 00 
00000079 01             1684 	.byte	1
0000007a 10             1685 	.byte	16
0000007b 53575f434154   1686 	.strz	"SW_CATEGORY PRODUCTION_SW"
00000081 45474f525920 
00000087 50524f445543 
0000008d 54494f4e5f53 
00000093 5700 
00000095 04             1687 	.byte	4
00000096 03             1688 	.byte	3
00000097 04             1689 	.byte	4
00000098 09             1690 	.byte	9
00000099 01             1691 	.byte	1
0000009a 06             1692 	.byte	6
0000009b 4d41585f5349   1693 	.strz	"MAX_SIZE_WS_TELEGRAM 16U"
000000a1 5a455f57535f 
000000a7 54454c454752 
000000ad 414d20313655 
000000b3 00 
000000b4 01             1694 	.byte	1
000000b5 0e             1695 	.byte	14
000000b6 4e564d5f424c   1696 	.strz	"NVM_BLOCK_TYPE uint32"
000000bc 4f434b5f5459 
000000c2 50452075696e 
000000c8 74333200 
000000cc 04             1697 	.byte	4
000000cd 03             1698 	.byte	3
000000ce 05             1699 	.byte	5
000000cf 0a             1700 	.byte	10
000000d0 03             1701 	.byte	3
000000d1 03             1702 	.byte	3
000000d2 0b             1703 	.byte	11
000000d3 01             1704 	.byte	1
000000d4 7b             1705 	.byte	123
000000d5 4650412000     1706 	.strz	"FPA "

                                                                      Page 33
                                                              C:\Users\nhuliyap\AppData\Local\Temp\gh_00006oc1.s
000000da 01             1707 	.byte	1
000000db 7c             1708 	.byte	124
000000dc 4142535f5465   1709 	.strz	"ABS_Test_LOG_ENABLE "
000000e2 73745f4c4f47 
000000e8 5f454e41424c 
000000ee 452000 
000000f1 04             1710 	.byte	4
000000f2 04             1711 	.byte	4
000000f3 03             1712 	.byte	3
000000f4 06             1713 	.byte	6
000000f5 0c             1714 	.byte	12
000000f6 03             1715 	.byte	3
000000f7 06             1716 	.byte	6
000000f8 0d             1717 	.byte	13
000000f9 04             1718 	.byte	4
000000fa 01             1719 	.byte	1
000000fb 18             1720 	.byte	24
000000fc 53454e534f52   1721 	.strz	"SENSOR_AUFLOESUNG_25MBAR "
00000102 5f4155464c4f 
00000108 4553554e475f 
0000010e 32354d424152 
00000114 2000 
00000116 04             1722 	.byte	4
00000117 03             1723 	.byte	3
00000118 07             1724 	.byte	7
00000119 0e             1725 	.byte	14
0000011a 04             1726 	.byte	4
0000011b 03             1727 	.byte	3
0000011c 08             1728 	.byte	8
0000011d 0f             1729 	.byte	15
0000011e 01             1730 	.byte	1
0000011f 07             1731 	.byte	7
00000120 757368484669   1732 	.strz	"ushHFiAlarmTimeInSec ((unsigned short)600)"
00000126 416c61726d54 
0000012c 696d65496e53 
00000132 656320282875 
00000138 6e7369676e65 
0000013e 642073686f72 
00000144 742936303029 
0000014a 00 
0000014b 01             1733 	.byte	1
0000014c 09             1734 	.byte	9
0000014d 7573684d6178   1735 	.strz	"ushMaxTimeWithoutMsgInSec ((unsigned short)(9*60))"
00000153 54696d655769 
00000159 74686f75744d 
0000015f 7367496e5365 
00000165 63202828756e 
0000016b 7369676e6564 
00000171 2073686f7274 
00000177 2928392a3630 
0000017d 292900 
00000180 04             1736 	.byte	4
00000181 03             1737 	.byte	3
00000182 09             1738 	.byte	9
00000183 10             1739 	.byte	16
00000184 03             1740 	.byte	3
00000185 04             1741 	.byte	4
00000186 11             1742 	.byte	17
00000187 03             1743 	.byte	3
00000188 05             1744 	.byte	5
00000189 12             1745 	.byte	18

                                                                      Page 34
                                                              C:\Users\nhuliyap\AppData\Local\Temp\gh_00006oc1.s
0000018a 04             1746 	.byte	4
0000018b 04             1747 	.byte	4
0000018c 01             1748 	.byte	1
0000018d 07             1749 	.byte	7
0000018e 6352535f5654   1750 	.strz	"cRS_VTHRES ((uint16) 0x0002)"
00000194 485245532028 
0000019a 2875696e7431 
000001a0 362920307830 
000001a6 3030322900 
000001ab 04             1751 	.byte	4
000001ac 03             1752 	.byte	3
000001ad 0a             1753 	.byte	10
000001ae 13             1754 	.byte	19
000001af 04             1755 	.byte	4
000001b0 04             1756 	.byte	4
000001b1 00             1757 	.byte	0
                        1758 	.section	.debug_abbrev
00000149 00             1759 	.byte	0
                        1760 	.section	.debug_info
                        1761 .Ldw_end:
                        1762 .rh850_flags REGMODE32,DATA_ALIGN8,GP_FIX,EP_NONFIX,TP_FIX,REG2_RESERVE,G3K,GHS_MISALIGN,SDA_EXTRA_REGS_0
