                                                                      Page 1
                                                              C:\Users\nhuliyap\AppData\Local\Temp\gh_0000ddg1.s
Command Line: C:\ghs\comp_201517\ease850.exe -w -elf -b0 -I../source/common -I../source/ProjectCompiler -I../source/ProjectCfg -I../source/SwcApplTpms -I../source/SwcApplEcuM -I../source/SwcServiceBswM -I../source/SwcServiceEcuM -I../source/SwcServiceNvM -I../source/SwcServiceOs -I../source/SwcServiceStartUp -I../source/McalAdc -I../source/McalDio -I../source/McalGpt -I../source/McalMcu -I../source/McalWdg -I../source/wrappers -I../source/wrappers/McalAta -I../source/McalLin -I../source/McalCan -I../source/wrappers/OS -I../source/McalFls -I../source/EcuabFee -I../source/EcuabMemIf -I../source/wrappers/VStdLib -I../source/wrappers/Crc -I../source/wrappers/FBL_APPL -I../source/wrappers/NVM_MANAGER -I../source/wrappers/DEM_MANAGER -I../source/wrappers/RDC_MANAGER -I../source/wrappers/ENV_MANAGER -I../source/wrappers/SYS_MANAGER -I../source/wrappers/EcuabCanIf -I../source/EcuabCanTrcv -I../source/wrappers/SwcServiceCanSM -I../source/wrappers/SwcServiceCanTp -I../source/wrappers/SwcServiceCanTp_PreCompile -I../source/wrappers/SwcServiceCom -I../source/wrappers/SwcServiceComM -I../source/wrappers/SwcServiceDcm -I../source/wrappers/SwcServicePduR -I../source/wrappers/SwcServiceEcuM -I../source/wrappers/Bfx -I../source/wrappers/SwcServiceDem -I../source/SwcServiceCom -I../source/SwcServiceDet -I../source/SwcServiceFiM -I../source/SwcServicePduR -I../source/SwcServiceSchM -I../source/wrappers/LibAutosarDiag -I../source/wrappers/rba_BswSrv -IC:\ghs\comp_201517\lib\rh850 -cg_underscore -cpu=rh850g3k -no_v850_simd -rh850_fpsimd=none -nomacro -patch_dbo=C:\_ECU2\ECU_Rivian_A1\Target\repo_projects\pRealEcu\cR_R2023.09.15\make\output\objects\McalMcu.dbo -source=McalMcu.c -o output\objects\gh_0000ddg1.o -list=output\list\McalMcu.lst C:\Users\nhuliyap\AppData\Local\Temp\gh_0000ddg1.s 
Original File: C:\Users\nhuliyap\AppData\Local\Temp\gh_0000ddg1.s
Source File: McalMcu.c
Directory: C:\_ECU2\ECU_Rivian_A1\Target\repo_projects\pRealEcu\cR_R2023.09.15\make
Host OS: Windows
EASE: Copyright (C) 1983-2015 Green Hills Software.  All Rights Reserved.
Release: Compiler v2015.1.7
Build Directory: [Directory] BTOWORKER6:c:/build_2015_1_bto/2015-10-21.2100-2015_1_bto/win32-comp-ecom
Revision: [VCInfo] http://toolsvc/branches/release-branch-70-bto/src@544153 (built by build)
Revision Date: Thu Oct 22 07:50:13 2015

Release Date: Thu Oct 22 09:32:32 2015

                           1 --Driver Command: ccv850 ../source/McalMcu/McalMcu.c -cpu=rh850 -fhard
                           2 --		-ignore_callt_state_in_interrupts -large_sda -misalign_pack
                           3 --		-nofarcalls -nofloatio -no_callt -Ogeneral -Onounroll
                           4 --		-prepare_dispose -registermode=32 -reserve_r2 -sda=0
                           5 --		-shorten_loads -Wshadow --brief_diagnostics --no_commons
                           6 --		--no_wrap_diagnostics --prototype_errors --short_enum -list -G
                           7 --		-dual_debug -dwarf -X5523 -lnk=-no_xda_modifications -D
                           8 --		NOT_READY_FOR_TESTING_OR_DEPLOYMENT -D IBTCM_SW_ANPASSUNGEN -D
                           9 --		BUILD_RIVIAN -c -inline_prologue -I../source/common
                          10 --		-I../source/ProjectCompiler -I../source/ProjectCfg
                          11 --		-I../source/SwcApplTpms -I../source/SwcApplEcuM
                          12 --		-I../source/SwcServiceBswM -I../source/SwcServiceEcuM
                          13 --		-I../source/SwcServiceNvM -I../source/SwcServiceOs
                          14 --		-I../source/SwcServiceStartUp -I../source/McalAdc
                          15 --		-I../source/McalDio -I../source/McalGpt -I../source/McalMcu
                          16 --		-I../source/McalWdg -I../source/wrappers
                          17 --		-I../source/wrappers/McalAta -I../source/McalLin
                          18 --		-I../source/McalCan -I../source/wrappers/OS -I../source/McalFls
                          19 --		-I../source/EcuabFee -I../source/EcuabMemIf
                          20 --		-I../source/wrappers/VStdLib -I../source/wrappers
                          21 --		-I../source/wrappers/Crc -I../source/wrappers/FBL_APPL
                          22 --		-I../source/wrappers/NVM_MANAGER -I../source/wrappers/DEM_MANAGER
                          23 --		-I../source/wrappers/RDC_MANAGER -I../source/wrappers/ENV_MANAGER
                          24 --		-I../source/wrappers/SYS_MANAGER -I../source/wrappers/EcuabCanIf
                          25 --		-I../source/EcuabCanTrcv -I../source/wrappers/SwcServiceCanSM
                          26 --		-I../source/wrappers/SwcServiceCanTp
                          27 --		-I../source/wrappers/SwcServiceCanTp_PreCompile
                          28 --		-I../source/wrappers/SwcServiceCom
                          29 --		-I../source/wrappers/SwcServiceComM
                          30 --		-I../source/wrappers/SwcServiceDcm
                          31 --		-I../source/wrappers/SwcServicePduR
                          32 --		-I../source/wrappers/SwcServiceEcuM -I../source/wrappers/Bfx
                          33 --		-I../source/wrappers/SwcServiceDem -I../source/SwcServiceCom
                          34 --		-I../source/SwcServiceDet -I../source/SwcServiceFiM
                          35 --		-I../source/SwcServicePduR -I../source/SwcServiceSchM
                          36 --		-I../source/wrappers/LibAutosarDiag
                          37 --		-I../source/wrappers/rba_BswSrv -object_dir=output/objects
                          38 --		-list_dir=output/list
                          39 --Source File:   ../source/McalMcu/McalMcu.c
                          40 --Directory:     
                          41 --		C:\_ECU2\ECU_Rivian_A1\Target\repo_projects\pRealEcu\cR_R2023.09.15\make
                          42 --Compile Date:  Fri Sep 15 15:29:46 2023
                          43 --Host OS:       Win32
                          44 --Version:       C-RH850 2015.1.7 RELEASE VERSION
                          45 --Release:       Compiler v2015.1.7
                          46 --Revision Date: Thu Oct 22 08:06:12 2015
                          47 --Release Date:  Thu Oct 22 09:34:32 2015
                          48 -- ecom  -g -w -OM
                          49 	.text
                          50 ..bof.C.3A.5C_ECU2.5CECU_Rivian_A1.5CTarget.5Crepo_projects.5CpRealEcu.5CcR_R2023.2E09.2E15.5Cmake.5Coutput.5Cobjects.5CMcalMcu...43.3A.5C_ECU2.5CECU_Rivian_A1.5CTarget.5Crepo_projects.5CpRealEcu.5CcR_R2023.2E09.2E15.5Cmake..65045C4A..0::

                                                                      Page 2
                                                              C:\Users\nhuliyap\AppData\Local\Temp\gh_0000ddg1.s
                          51 	.align	2
                          52 ..gh.f.f.1.e.0:
                          53 	.type	..gh.f.f.1.e.0,@object
                          54 	.size	..gh.f.f.1.e.0,0
                          55 	.global	_McalMcu_eGetReasonReset
                          56 _McalMcu_eGetReasonReset:
                          57 --	    .bf
                          58 .LDW01:
00000000 40560000*        59 	movhi	hi(_McalMcu_eReasonReset),zero,r10
00000004 0a570000*        60 	ld.b	lo(_McalMcu_eReasonReset)[r10],r10
                          61 --	    .ef
                          62 .LDW11:
                          63 --line66
                          64 ..lin.C.3A.5C_ECU2.5CECU_Rivian_A1.5CTarget.5Crepo_projects.5CpRealEcu.5CcR_R2023.2E09.2E15.5Cmake.5Coutput.5Cobjects.5CMcalMcu.1::
                          65 .LDWlin1:
00000008 7f00             66 	jmp	[lp]
                          67 	.global	___ghs_eofn_McalMcu_eGetReasonReset
                          68 ___ghs_eofn_McalMcu_eGetReasonReset:
                          69 	.type	_McalMcu_eGetReasonReset,@function
                          70 	.size	_McalMcu_eGetReasonReset,.-_McalMcu_eGetReasonReset
                          71 	.align	2
                          72 
                          73 	.data
                          74 .L33:
                          75 	.type	.L33,@object
                          76 	.size	.L33,0
                          77 	.text
                          78 	.align	2
                          79 	.align	2
                          80 ..gh.f.f.1.e.1:
                          81 	.type	..gh.f.f.1.e.1,@object
                          82 	.size	..gh.f.f.1.e.1,0
                          83 	.global	_McalMcu_PerformReasonReset
                          84 _McalMcu_PerformReasonReset:
0000000a 80077b000004     85 	prepare	{r29,r31},0,-523264
00000010 f8ff 
                          86 --	    .bf
                          87 .LDW21:
00000012 008d             88 	sld.w	0[ep],r17
00000014 2d0600800700     89 	mov	491520,r13
                          90 --line71
                          91 ..lin.C.3A.5C_ECU2.5CECU_Rivian_A1.5CTarget.5Crepo_projects.5CpRealEcu.5CcR_R2023.2E09.2E15.5Cmake.5Coutput.5Cobjects.5CMcalMcu.2::
                          92 .LDWlin2:
0000001a 07ea             93 	mov	7,r29
0000001c 0432             94 	mov	4,r6
0000001e 4d89             95 	and	r13,r17
00000020 e9ef14eb         96 	cmovne	9,r29,r29
00000024 ca25*            97 	bne	.L108
                          98 --line87
                          99 ..lin.C.3A.5C_ECU2.5CECU_Rivian_A1.5CTarget.5Crepo_projects.5CpRealEcu.5CcR_R2023.2E09.2E15.5Cmake.5Coutput.5Cobjects.5CMcalMcu.3::
                         100 .LDWlin3:
00000026 009d            101 	sld.w	0[ep],r19
00000028 0132            102 	mov	1,r6
0000002a d39e4000        103 	andi	64,r19,r19
0000002e 1306c0ff        104 	addi	-64,r19,zero
00000032 e8ef04eb        105 	cmove	8,r29,r29
00000036 b21d*           106 	be	.L108
                         107 --line94
                         108 ..lin.C.3A.5C_ECU2.5CECU_Rivian_A1.5CTarget.5Crepo_projects.5CpRealEcu.5CcR_R2023.2E09.2E15.5Cmake.5Coutput.5Cobjects.5CMcalMcu.4::
                         109 .LDWlin4:
00000038 3e066007f8ff    110 	mov	-522400,ep

                                                                      Page 3
                                                              C:\Users\nhuliyap\AppData\Local\Temp\gh_0000ddg1.s
0000003e 0085            111 	sld.w	0[ep],r16
00000040 df82            112 	shl	31,r16
00000042 e205*           113 	be	.L59
                         114 --line98
                         115 ..lin.C.3A.5C_ECU2.5CECU_Rivian_A1.5CTarget.5Crepo_projects.5CpRealEcu.5CcR_R2023.2E09.2E15.5Cmake.5Coutput.5Cobjects.5CMcalMcu.5::
                         116 .LDWlin5:
00000044 02ea            117 	mov	2,r29
                         118 	jarl	_DCMMGR_TriggerPositiveResponse,lp
                         118 <EXPANSION BEGIN>
                         118 jarl22 _DCMMGR_TriggerPositiveResponse , lp 
00000046 80ff0000*       118 <EXPANSION END>
                         119 --line102
                         120 ..lin.C.3A.5C_ECU2.5CECU_Rivian_A1.5CTarget.5Crepo_projects.5CpRealEcu.5CcR_R2023.2E09.2E15.5Cmake.5Coutput.5Cobjects.5CMcalMcu.6::
                         121 .LDWlin6:
0000004a 0132            122 	mov	1,r6
0000004c 8515*           123 	br	.L108
                         124 .L59:
                         125 --line104
                         126 ..lin.C.3A.5C_ECU2.5CECU_Rivian_A1.5CTarget.5Crepo_projects.5CpRealEcu.5CcR_R2023.2E09.2E15.5Cmake.5Coutput.5Cobjects.5CMcalMcu.7::
                         127 .LDWlin7:
0000004e 007d            128 	sld.w	0[ep],r15
00000050 cf7e0600        129 	andi	6,r15,r15
00000054 e1ef14eb        130 	cmovne	1,r29,r29
00000058 aa0d*           131 	bne	.L108
                         132 --line111
                         133 ..lin.C.3A.5C_ECU2.5CECU_Rivian_A1.5CTarget.5Crepo_projects.5CpRealEcu.5CcR_R2023.2E09.2E15.5Cmake.5Coutput.5Cobjects.5CMcalMcu.8::
                         134 .LDWlin8:
0000005a 8007099610f0    135 	ld.w	4294445152[zero],r18
00000060 d2960002        136 	andi	512,r18,r18
00000064 120600fe        137 	addi	-512,r18,zero
                         138 --line116
                         139 ..lin.C.3A.5C_ECU2.5CECU_Rivian_A1.5CTarget.5Crepo_projects.5CpRealEcu.5CcR_R2023.2E09.2E15.5Cmake.5Coutput.5Cobjects.5CMcalMcu.9::
                         140 .LDWlin9:
00000068 ca05*           141 	bne	.L55
0000006a 0fe8            142 	mov	r15,r29
                         143 .L108:
                         144 	jarl	_SYSMGR_SetEcuMode,lp
                         144 <EXPANSION BEGIN>
                         144 jarl22 _SYSMGR_SetEcuMode , lp 
0000006c 80ff0000*       144 <EXPANSION END>
                         145 .L55:
                         146 --line120
                         147 ..lin.C.3A.5C_ECU2.5CECU_Rivian_A1.5CTarget.5Crepo_projects.5CpRealEcu.5CcR_R2023.2E09.2E15.5Cmake.5Coutput.5Cobjects.5CMcalMcu.10::
                         148 .LDWlin10:
00000070 2076ff07        149 	movea	2047,zero,r14
00000074 80078f760ef0    150 	st.w	r14,4294444904[zero]
                         151 --line122
                         152 ..lin.C.3A.5C_ECU2.5CECU_Rivian_A1.5CTarget.5Crepo_projects.5CpRealEcu.5CcR_R2023.2E09.2E15.5Cmake.5Coutput.5Cobjects.5CMcalMcu.11::
                         153 .LDWlin11:
0000007a 405e0000*       154 	movhi	hi(_McalMcu_eReasonReset),zero,r11
                         155 --line121
                         156 ..lin.C.3A.5C_ECU2.5CECU_Rivian_A1.5CTarget.5Crepo_projects.5CpRealEcu.5CcR_R2023.2E09.2E15.5Cmake.5Coutput.5Cobjects.5CMcalMcu.12::
                         157 .LDWlin12:
0000007e 80078f7610f0    158 	st.w	r14,4294445160[zero]
00000084 4bef0000*       159 	st.b	r29,lo(_McalMcu_eReasonReset)[r11]
                         160 --line123
                         161 ..lin.C.3A.5C_ECU2.5CECU_Rivian_A1.5CTarget.5Crepo_projects.5CpRealEcu.5CcR_R2023.2E09.2E15.5Cmake.5Coutput.5Cobjects.5CMcalMcu.13::
                         162 .LDWlin13:
00000088 1d50            163 	mov	r29,r10
                         164 --	    .ef
                         165 .LDW31:

                                                                      Page 4
                                                              C:\Users\nhuliyap\AppData\Local\Temp\gh_0000ddg1.s
0000008a 40067f00        166 	dispose	0,{r29,r31},[lp]
                         167 	.global	___ghs_eofn_McalMcu_PerformReasonReset
                         168 ___ghs_eofn_McalMcu_PerformReasonReset:
                         169 	.type	_McalMcu_PerformReasonReset,@function
                         170 	.size	_McalMcu_PerformReasonReset,.-_McalMcu_PerformReasonReset
                         171 	.align	2
                         172 --_ucRetVal	r29	local
                         173 
                         174 	.section ".bss","awb"
                         175 .L165:
                         176 	.type	.L165,@object
                         177 	.size	.L165,0
                         178 	.data
                         179 	.text
                         180 	.align	2
                         181 	.align	2
                         182 ..gh.f.f.1.e.2:
                         183 	.type	..gh.f.f.1.e.2,@object
                         184 	.size	..gh.f.f.1.e.2,0
                         185 	.global	_infMcalMcuSwcApplEcuM_InitFunction
                         186 _infMcalMcuSwcApplEcuM_InitFunction:
0000008e 80072100        187 	prepare	{r31},0
                         188 --	    .bf
                         189 .LDW41:
                         190 	jarl	_McalMcu_PerformReasonReset,lp
                         190 <EXPANSION BEGIN>
                         190 jarl22 _McalMcu_PerformReasonReset , lp 
00000092 bfff78ff*       190 <EXPANSION END>
                         191 --line128
                         192 ..lin.C.3A.5C_ECU2.5CECU_Rivian_A1.5CTarget.5Crepo_projects.5CpRealEcu.5CcR_R2023.2E09.2E15.5Cmake.5Coutput.5Cobjects.5CMcalMcu.14::
                         193 .LDWlin14:
                         194 	jarl	_ApplMcu_vReleaseIoBuffers,lp
                         194 <EXPANSION BEGIN>
                         194 jarl22 _ApplMcu_vReleaseIoBuffers , lp 
00000096 80ff0000*       194 <EXPANSION END>
                         195 --	    .ef
                         196 .LDW51:
                         197 --line129
                         198 ..lin.C.3A.5C_ECU2.5CECU_Rivian_A1.5CTarget.5Crepo_projects.5CpRealEcu.5CcR_R2023.2E09.2E15.5Cmake.5Coutput.5Cobjects.5CMcalMcu.15::
                         199 .LDWlin15:
0000009a 40063f00        200 	dispose	0,{r31},[lp]
                         201 	.global	___ghs_eofn_infMcalMcuSwcApplEcuM_InitFunction
                         202 ___ghs_eofn_infMcalMcuSwcApplEcuM_InitFunction:
                         203 	.type	_infMcalMcuSwcApplEcuM_InitFunction,@function
                         204 	.size	_infMcalMcuSwcApplEcuM_InitFunction,.-_infMcalMcuSwcApplEcuM_InitFunction
                         205 	.align	2
                         206 
                         207 	.section ".bss","awb"
                         208 .L289:
                         209 	.type	.L289,@object
                         210 	.size	.L289,0
                         211 	.data
                         212 	.text
                         213 	.align	2
                         214 --_WUF0	4294444032	import
                         215 --_RESF	4294444896	import
                         216 --_RESFC	4294444904	import
                         217 --_RESFR	4294445152	import
                         218 --_RESFCR	4294445160	import
                         219 
                         220 	.data

                                                                      Page 5
                                                              C:\Users\nhuliyap\AppData\Local\Temp\gh_0000ddg1.s
                         221 	.global	_McalMcu_eReasonReset
00000000 00              222 _McalMcu_eReasonReset:	.byte	0
                         223 	.type	_McalMcu_eReasonReset,@object
                         224 	.size	_McalMcu_eReasonReset,1
                         225 	.ghsnote version,17
                         226 	.ghsnote tools,3
                         227 	.ghsnote options,144
                         228 	.text
                         229 	.align	2
                         230 ..eof.C.3A.5C_ECU2.5CECU_Rivian_A1.5CTarget.5Crepo_projects.5CpRealEcu.5CcR_R2023.2E09.2E15.5Cmake.5Coutput.5Cobjects.5CMcalMcu...43.3A.5C_ECU2.5CECU_Rivian_A1.5CTarget.5Crepo_projects.5CpRealEcu.5CcR_R2023.2E09.2E15.5Cmake..65045C4A..0::
                         231 	.section	.debug_info
                         232 .Ldw_begin:
00000000 b5040000        233 	.word	.Ldw_end-.Ldw_begin-4
00000004 0200            234 	.byte	2,0
00000006 00000000*       235 	.word	.Ldw_abbr_begin
0000000a 04              236 	.byte	4
                         237 	.section	.debug_abbrev
                         238 .Ldw_abbr_begin:
                         239 	.section	.debug_info
0000000b 01              240 	.byte	1
0000000c 00000000*       241 	.word	..bof.C.3A.5C_ECU2.5CECU_Rivian_A1.5CTarget.5Crepo_projects.5CpRealEcu.5CcR_R2023.2E09.2E15.5Cmake.5Coutput.5Cobjects.5CMcalMcu...43.3A.5C_ECU2.5CECU_Rivian_A1.5CTarget.5Crepo_projects.5CpRealEcu.5CcR_R2023.2E09.2E15.5Cmake..65045C4A..0
00000010 00000000*       242 	.word	..eof.C.3A.5C_ECU2.5CECU_Rivian_A1.5CTarget.5Crepo_projects.5CpRealEcu.5CcR_R2023.2E09.2E15.5Cmake.5Coutput.5Cobjects.5CMcalMcu...43.3A.5C_ECU2.5CECU_Rivian_A1.5CTarget.5Crepo_projects.5CpRealEcu.5CcR_R2023.2E09.2E15.5Cmake..65045C4A..0
00000014 2e2e2f736f75    243 	.strz	"../source/McalMcu/McalMcu.c"
0000001a 7263652f4d63 
00000020 616c4d63752f 
00000026 4d63616c4d63 
0000002c 752e6300 
00000030 433a5c5f4543    244 	.strz	"C:\\_ECU2\\ECU_Rivian_A1\\Target\\repo_projects\\pRealEcu\\cR_R2023.09.15\\make"
00000036 55325c454355 
0000003c 5f5269766961 
00000042 6e5f41315c54 
00000048 61726765745c 
0000004e 7265706f5f70 
00000054 726f6a656374 
0000005a 735c70526561 
00000060 6c4563755c63 
00000066 525f52323032 
0000006c 332e30392e31 
00000072 355c6d616b65 
00000078 00 
00000079 474853204320    245 	.strz	"GHS C 2015.1.7 [dual]"
0000007f 323031352e31 
00000085 2e37205b6475 
0000008b 616c5d00 
0000008f 0100            246 	.byte	1,0
00000091 00000000*       247 	.word	.Ldw_line_begin
00000095 00000000*       248 	.word	.Ldw_macinfo_begin
00000099 00              249 	.byte	0
                         250 
                         251 	.section	.debug_abbrev
00000000 01              252 	.byte	1
00000001 11              253 	.byte	17
00000002 01              254 	.byte	1
00000003 1101            255 	.byte	17,1
00000005 1201            256 	.byte	18,1
00000007 0308            257 	.byte	3,8
00000009 1b08            258 	.byte	27,8
0000000b 2508            259 	.byte	37,8
0000000d 1305            260 	.byte	19,5
0000000f 1006            261 	.byte	16,6
00000011 4306            262 	.byte	67,6

                                                                      Page 6
                                                              C:\Users\nhuliyap\AppData\Local\Temp\gh_0000ddg1.s
00000013 420b            263 	.byte	66,11
00000015 0000            264 	.byte	0,0
                         265 
                         266 	.section	.debug_line
                         267 .Ldw_line_begin:
00000000 ee020000        268 	.word	.Ldw_line_end-.Ldw_line_begin-4
00000004 0200            269 	.byte	2,0
00000006 00000000*       270 	.word	.Ldw_lpro_end-.Ldw_lpro_begin
                         271 .Ldw_lpro_begin:
0000000a 01              272 	.byte	1
0000000b 00              273 	.byte	0
0000000c 00              274 	.byte	0
0000000d 04              275 	.byte	4
0000000e 0a              276 	.byte	10
0000000f 000101          277 	.byte	0,1,1
00000012 010100          278 	.byte	1,1,0
00000015 000001          279 	.byte	0,0,1
00000018 00              280 	.byte	0
00000019 2e2e2f736f75    281 	.strz	"../source/McalMcu/McalMcu.c"
0000001f 7263652f4d63 
00000025 616c4d63752f 
0000002b 4d63616c4d63 
00000031 752e6300 
00000035 000000          282 	.byte	0,0,0
00000038 2e2e2f736f75    283 	.strz	"../source/common/Std_Types.hpp"
0000003e 7263652f636f 
00000044 6d6d6f6e2f53 
0000004a 74645f547970 
00000050 65732e687070 
00000056 00 
00000057 000000          284 	.byte	0,0,0
0000005a 2e2e2f736f75    285 	.strz	"../source/common/Platform_Types.hpp"
00000060 7263652f636f 
00000066 6d6d6f6e2f50 
0000006c 6c6174666f72 
00000072 6d5f54797065 
00000078 732e68707000 
0000007e 000000          286 	.byte	0,0,0
00000081 2e2e2f736f75    287 	.strz	"../source/common/Compiler.hpp"
00000087 7263652f636f 
0000008d 6d6d6f6e2f43 
00000093 6f6d70696c65 
00000099 722e68707000 
0000009f 000000          288 	.byte	0,0,0
000000a2 2e2e2f736f75    289 	.strz	"../source/ProjectCompiler/Compiler_Cfg.hpp"
000000a8 7263652f5072 
000000ae 6f6a65637443 
000000b4 6f6d70696c65 
000000ba 722f436f6d70 
000000c0 696c65725f43 
000000c6 66672e687070 
000000cc 00 
000000cd 000000          290 	.byte	0,0,0
000000d0 2e2e2f736f75    291 	.strz	"../source/ProjectCompiler/CompilerCfg_SwcServiceOs.hpp"
000000d6 7263652f5072 
000000dc 6f6a65637443 
000000e2 6f6d70696c65 
000000e8 722f436f6d70 
000000ee 696c65724366 
000000f4 675f53776353 
000000fa 657276696365 

                                                                      Page 7
                                                              C:\Users\nhuliyap\AppData\Local\Temp\gh_0000ddg1.s
00000100 4f732e687070 
00000106 00 
00000107 000000          292 	.byte	0,0,0
0000010a 2e2e2f736f75    293 	.strz	"../source/McalMcu/infMcalMcuSwcApplEcuM.hpp"
00000110 7263652f4d63 
00000116 616c4d63752f 
0000011c 696e664d6361 
00000122 6c4d63755377 
00000128 634170706c45 
0000012e 63754d2e6870 
00000134 7000 
00000136 000000          294 	.byte	0,0,0
00000139 2e2e2f736f75    295 	.strz	"../source/ProjectCompiler/CompilerCfg_McalMcu.hpp"
0000013f 7263652f5072 
00000145 6f6a65637443 
0000014b 6f6d70696c65 
00000151 722f436f6d70 
00000157 696c65724366 
0000015d 675f4d63616c 
00000163 4d63752e6870 
00000169 7000 
0000016b 000000          296 	.byte	0,0,0
0000016e 2e2e2f736f75    297 	.strz	"../source/ProjectCfg/CfgMcalMcu.hpp"
00000174 7263652f5072 
0000017a 6f6a65637443 
00000180 66672f436667 
00000186 4d63616c4d63 
0000018c 752e68707000 
00000192 000000          298 	.byte	0,0,0
00000195 2e2e2f736f75    299 	.strz	"../source/McalMcu/uC_Mcu.hpp"
0000019b 7263652f4d63 
000001a1 616c4d63752f 
000001a7 75435f4d6375 
000001ad 2e68707000 
000001b2 000000          300 	.byte	0,0,0
000001b5 2e2e2f736f75    301 	.strz	"../source/McalMcu/uC.hpp"
000001bb 7263652f4d63 
000001c1 616c4d63752f 
000001c7 75432e687070 
000001cd 00 
000001ce 000000          302 	.byte	0,0,0
000001d1 2e2e2f736f75    303 	.strz	"../source/wrappers/SYS_MANAGER/SysManagerX.hpp"
000001d7 7263652f7772 
000001dd 617070657273 
000001e3 2f5359535f4d 
000001e9 414e41474552 
000001ef 2f5379734d61 
000001f5 6e6167657258 
000001fb 2e68707000 
00000200 000000          304 	.byte	0,0,0
00000203 00              305 	.byte	0
                         306 .Ldw_lpro_end:
                         307 	.section	.debug_macinfo
                         308 .Ldw_macinfo_begin:
                         309 	.section	.debug_frame
                         310 .LDW_4b7aca8:
00000000 00000000*       311 	.word	.LDW_unq_2-.LDW_unq_1
                         312 .LDW_unq_1:
00000004 ffffffff        313 	.byte	255,255,255,255
00000008 01              314 	.byte	1
00000009 00              315 	.byte	0

                                                                      Page 8
                                                              C:\Users\nhuliyap\AppData\Local\Temp\gh_0000ddg1.s
0000000a 01              316 	.byte	1
0000000b 01              317 	.byte	1
0000000c 1f              318 	.byte	31
0000000d 0c              319 	.byte	12
0000000e 03              320 	.byte	3
0000000f 00              321 	.byte	0
00000010 07              322 	.byte	7
00000011 00              323 	.byte	0
00000012 07              324 	.byte	7
00000013 01              325 	.byte	1
00000014 07              326 	.byte	7
00000015 02              327 	.byte	2
00000016 07              328 	.byte	7
00000017 03              329 	.byte	3
00000018 07              330 	.byte	7
00000019 04              331 	.byte	4
0000001a 07              332 	.byte	7
0000001b 05              333 	.byte	5
0000001c 07              334 	.byte	7
0000001d 06              335 	.byte	6
0000001e 07              336 	.byte	7
0000001f 07              337 	.byte	7
00000020 07              338 	.byte	7
00000021 08              339 	.byte	8
00000022 07              340 	.byte	7
00000023 09              341 	.byte	9
00000024 07              342 	.byte	7
00000025 0a              343 	.byte	10
00000026 07              344 	.byte	7
00000027 0b              345 	.byte	11
00000028 07              346 	.byte	7
00000029 0c              347 	.byte	12
0000002a 07              348 	.byte	7
0000002b 0d              349 	.byte	13
0000002c 07              350 	.byte	7
0000002d 0e              351 	.byte	14
0000002e 07              352 	.byte	7
0000002f 0f              353 	.byte	15
00000030 07              354 	.byte	7
00000031 10              355 	.byte	16
00000032 07              356 	.byte	7
00000033 11              357 	.byte	17
00000034 07              358 	.byte	7
00000035 12              359 	.byte	18
00000036 07              360 	.byte	7
00000037 13              361 	.byte	19
00000038 08              362 	.byte	8
00000039 14              363 	.byte	20
0000003a 08              364 	.byte	8
0000003b 15              365 	.byte	21
0000003c 08              366 	.byte	8
0000003d 16              367 	.byte	22
0000003e 08              368 	.byte	8
0000003f 17              369 	.byte	23
00000040 08              370 	.byte	8
00000041 18              371 	.byte	24
00000042 08              372 	.byte	8
00000043 19              373 	.byte	25
00000044 08              374 	.byte	8
00000045 1a              375 	.byte	26
00000046 08              376 	.byte	8

                                                                      Page 9
                                                              C:\Users\nhuliyap\AppData\Local\Temp\gh_0000ddg1.s
00000047 1b              377 	.byte	27
00000048 08              378 	.byte	8
00000049 1c              379 	.byte	28
0000004a 08              380 	.byte	8
0000004b 1d              381 	.byte	29
0000004c 07              382 	.byte	7
0000004d 1e              383 	.byte	30
0000004e 08              384 	.byte	8
0000004f 1f              385 	.byte	31
00000050 07              386 	.byte	7
00000051 20              387 	.byte	32
00000052 07              388 	.byte	7
00000053 21              389 	.byte	33
00000054 07              390 	.byte	7
00000055 22              391 	.byte	34
00000056 07              392 	.byte	7
00000057 23              393 	.byte	35
00000058 07              394 	.byte	7
00000059 24              395 	.byte	36
0000005a 07              396 	.byte	7
0000005b 25              397 	.byte	37
0000005c 07              398 	.byte	7
0000005d 26              399 	.byte	38
0000005e 07              400 	.byte	7
0000005f 27              401 	.byte	39
00000060 07              402 	.byte	7
00000061 28              403 	.byte	40
00000062 07              404 	.byte	7
00000063 29              405 	.byte	41
00000064 07              406 	.byte	7
00000065 2a              407 	.byte	42
00000066 07              408 	.byte	7
00000067 2b              409 	.byte	43
00000068 07              410 	.byte	7
00000069 2c              411 	.byte	44
0000006a 07              412 	.byte	7
0000006b 2d              413 	.byte	45
0000006c 07              414 	.byte	7
0000006d 2e              415 	.byte	46
0000006e 07              416 	.byte	7
0000006f 2f              417 	.byte	47
00000070 07              418 	.byte	7
00000071 30              419 	.byte	48
00000072 07              420 	.byte	7
00000073 31              421 	.byte	49
00000074 07              422 	.byte	7
00000075 32              423 	.byte	50
00000076 07              424 	.byte	7
00000077 33              425 	.byte	51
00000078 07              426 	.byte	7
00000079 34              427 	.byte	52
0000007a 07              428 	.byte	7
0000007b 35              429 	.byte	53
0000007c 07              430 	.byte	7
0000007d 36              431 	.byte	54
0000007e 07              432 	.byte	7
0000007f 37              433 	.byte	55
00000080 07              434 	.byte	7
00000081 38              435 	.byte	56
00000082 07              436 	.byte	7
00000083 39              437 	.byte	57

                                                                      Page 10
                                                              C:\Users\nhuliyap\AppData\Local\Temp\gh_0000ddg1.s
00000084 07              438 	.byte	7
00000085 3a              439 	.byte	58
00000086 07              440 	.byte	7
00000087 3b              441 	.byte	59
00000088 07              442 	.byte	7
00000089 3c              443 	.byte	60
0000008a 07              444 	.byte	7
0000008b 3d              445 	.byte	61
0000008c 07              446 	.byte	7
0000008d 3e              447 	.byte	62
0000008e 07              448 	.byte	7
0000008f 3f              449 	.byte	63
                         450 .LDW_unq_2:
                         451 	.section	.debug_info
                         452 .LDW_17c6cc0:
0000009a 44              453 	.byte	68
0000009b 00000000*       454 	.word	.LDW_180dd88
0000009f 01              455 	.byte	1
                         456 
                         457 	.section	.debug_abbrev
00000017 44              458 	.byte	68
00000018 15              459 	.byte	21
00000019 01              460 	.byte	1
0000001a 4910            461 	.byte	73,16
0000001c 270c            462 	.byte	39,12
0000001e 0000            463 	.byte	0,0
                         464 
                         465 	.section	.debug_info
000000a0 00              466 	.byte	0
                         467 
                         468 .LDW_17c6dd8:
000000a1 44              469 	.byte	68
000000a2 00000000*       470 	.word	.LDW_180dd88
000000a6 01              471 	.byte	1
                         472 
000000a7 00              473 	.byte	0
                         474 
                         475 .LDW_17c7040:
000000a8 45              476 	.byte	69
000000a9 01              477 	.byte	1
                         478 
                         479 	.section	.debug_abbrev
00000020 45              480 	.byte	69
00000021 15              481 	.byte	21
00000022 01              482 	.byte	1
00000023 270c            483 	.byte	39,12
00000025 0000            484 	.byte	0,0
                         485 
                         486 	.section	.debug_info
000000aa 00              487 	.byte	0
                         488 
                         489 .LDW_17c6f60:
000000ab 25              490 	.byte	37
000000ac 756e7369676e    491 	.strz	"unsigned long"
000000b2 6564206c6f6e 
000000b8 6700 
000000ba 07              492 	.byte	7
000000bb 04              493 	.byte	4
                         494 
                         495 	.section	.debug_abbrev
00000027 25              496 	.byte	37

                                                                      Page 11
                                                              C:\Users\nhuliyap\AppData\Local\Temp\gh_0000ddg1.s
00000028 24              497 	.byte	36
00000029 00              498 	.byte	0
0000002a 0308            499 	.byte	3,8
0000002c 3e0b            500 	.byte	62,11
0000002e 0b0b            501 	.byte	11,11
00000030 0000            502 	.byte	0,0
                         503 
                         504 	.section	.debug_info
                         505 .LDW_4b40180:
000000bc 29              506 	.byte	41
000000bd 00000000*       507 	.word	.LDW_unq_3
                         508 
                         509 	.section	.debug_abbrev
00000032 29              510 	.byte	41
00000033 26              511 	.byte	38
00000034 00              512 	.byte	0
00000035 4910            513 	.byte	73,16
00000037 0000            514 	.byte	0,0
                         515 
                         516 	.section	.debug_info
                         517 .LDW_unq_3:
000000c1 2b              518 	.byte	43
000000c2 00000000*       519 	.word	.LDW_1808b08
                         520 
                         521 	.section	.debug_abbrev
00000039 2b              522 	.byte	43
0000003a 35              523 	.byte	53
0000003b 00              524 	.byte	0
0000003c 4910            525 	.byte	73,16
0000003e 0000            526 	.byte	0,0
                         527 
                         528 	.section	.debug_info
                         529 .LDW_4b8f608:
000000c6 2b              530 	.byte	43
000000c7 00000000*       531 	.word	.LDW_1808b08
                         532 
                         533 .LDW_17c6a58:
000000cb 45              534 	.byte	69
000000cc 01              535 	.byte	1
                         536 
000000cd 00              537 	.byte	0
                         538 
                         539 .LDW_17c6ac8:
000000ce 45              540 	.byte	69
000000cf 01              541 	.byte	1
                         542 
                         543 .LDW_17c16c8:
000000d0 12              544 	.byte	18
000000d1 00000000*       545 	.word	.LDW_4b40078
000000d5 00              546 	.byte	0
                         547 
                         548 	.section	.debug_abbrev
00000040 12              549 	.byte	18
00000041 05              550 	.byte	5
00000042 00              551 	.byte	0
00000043 4910            552 	.byte	73,16
00000045 4b0c            553 	.byte	75,12
00000047 0000            554 	.byte	0,0
                         555 
                         556 	.section	.debug_info
000000d6 00              557 	.byte	0

                                                                      Page 12
                                                              C:\Users\nhuliyap\AppData\Local\Temp\gh_0000ddg1.s
                         558 
                         559 .LDW_4b8f8f8:
000000d7 45              560 	.byte	69
000000d8 01              561 	.byte	1
                         562 
000000d9 00              563 	.byte	0
                         564 
                         565 .LDW_1808b08:
000000da 28              566 	.byte	40
000000db 75696e743332    567 	.strz	"uint32"
000000e1 00 
000000e2 54              568 	.byte	84
000000e3 4a              569 	.byte	74
000000e4 03              570 	.byte	3
000000e5 00000000*       571 	.word	.LDW_17c6f60
                         572 
                         573 	.section	.debug_abbrev
00000049 28              574 	.byte	40
0000004a 16              575 	.byte	22
0000004b 00              576 	.byte	0
0000004c 0308            577 	.byte	3,8
0000004e 3b0f            578 	.byte	59,15
00000050 390f            579 	.byte	57,15
00000052 3a0f            580 	.byte	58,15
00000054 4910            581 	.byte	73,16
00000056 0000            582 	.byte	0,0
                         583 
                         584 	.section	.debug_info
                         585 .LDW_180db38:
000000e9 2e              586 	.byte	46
000000ea 00              587 	.byte	0
000000eb 28              588 	.byte	40
000000ec 0d              589 	.byte	13
000000ed 07              590 	.byte	7
000000ee 01              591 	.byte	1
000000ef 01              592 	.byte	1
                         593 
                         594 	.section	.debug_abbrev
00000058 2e              595 	.byte	46
00000059 04              596 	.byte	4
0000005a 01              597 	.byte	1
0000005b 0308            598 	.byte	3,8
0000005d 3b0f            599 	.byte	59,15
0000005f 390f            600 	.byte	57,15
00000061 3a0f            601 	.byte	58,15
00000063 0b0f            602 	.byte	11,15
00000065 320b            603 	.byte	50,11
00000067 0000            604 	.byte	0,0
                         605 
                         606 	.section	.debug_info
                         607 .LDW_180db88:
000000f0 2d              608 	.byte	45
000000f1 4d63616c4d63    609 	.strz	"McalMcu_eReasonReset_OnPower"
000000f7 755f65526561 
000000fd 736f6e526573 
00000103 65745f4f6e50 
00000109 6f77657200 
0000010e 29              610 	.byte	41
0000010f 07              611 	.byte	7
00000110 07              612 	.byte	7
00000111 00              613 	.byte	0

                                                                      Page 13
                                                              C:\Users\nhuliyap\AppData\Local\Temp\gh_0000ddg1.s
                         614 
                         615 	.section	.debug_abbrev
00000069 2d              616 	.byte	45
0000006a 28              617 	.byte	40
0000006b 00              618 	.byte	0
0000006c 0308            619 	.byte	3,8
0000006e 3b0f            620 	.byte	59,15
00000070 390f            621 	.byte	57,15
00000072 3a0f            622 	.byte	58,15
00000074 1c0d            623 	.byte	28,13
00000076 0000            624 	.byte	0,0
                         625 
                         626 	.section	.debug_info
                         627 .LDW_180dbc8:
00000112 2d              628 	.byte	45
00000113 4d63616c4d63    629 	.strz	"McalMcu_eReasonReset_Wdg"
00000119 755f65526561 
0000011f 736f6e526573 
00000125 65745f576467 
0000012b 00 
0000012c 2a              630 	.byte	42
0000012d 07              631 	.byte	7
0000012e 07              632 	.byte	7
0000012f 01              633 	.byte	1
                         634 
                         635 .LDW_180dc08:
00000130 2d              636 	.byte	45
00000131 4d63616c4d63    637 	.strz	"McalMcu_eReasonReset_Sw"
00000137 755f65526561 
0000013d 736f6e526573 
00000143 65745f537700 
00000149 2b              638 	.byte	43
0000014a 07              639 	.byte	7
0000014b 07              640 	.byte	7
0000014c 02              641 	.byte	2
                         642 
                         643 .LDW_180dc48:
0000014d 2d              644 	.byte	45
0000014e 4d63616c4d63    645 	.strz	"McalMcu_eReasonReset_AddressIllegal"
00000154 755f65526561 
0000015a 736f6e526573 
00000160 65745f416464 
00000166 72657373496c 
0000016c 6c6567616c00 
00000172 2c              646 	.byte	44
00000173 07              647 	.byte	7
00000174 07              648 	.byte	7
00000175 03              649 	.byte	3
                         650 
                         651 .LDW_180dc88:
00000176 2d              652 	.byte	45
00000177 4d63616c4d63    653 	.strz	"McalMcu_eReasonReset_LowVoltage"
0000017d 755f65526561 
00000183 736f6e526573 
00000189 65745f4c6f77 
0000018f 566f6c746167 
00000195 6500 
00000197 2d              654 	.byte	45
00000198 07              655 	.byte	7
00000199 07              656 	.byte	7
0000019a 04              657 	.byte	4

                                                                      Page 14
                                                              C:\Users\nhuliyap\AppData\Local\Temp\gh_0000ddg1.s
                         658 
                         659 .LDW_180dcc8:
0000019b 2d              660 	.byte	45
0000019c 4d63616c4d63    661 	.strz	"McalMcu_eReasonReset_Ext"
000001a2 755f65526561 
000001a8 736f6e526573 
000001ae 65745f457874 
000001b4 00 
000001b5 2e              662 	.byte	46
000001b6 07              663 	.byte	7
000001b7 07              664 	.byte	7
000001b8 05              665 	.byte	5
                         666 
                         667 .LDW_180dd08:
000001b9 2d              668 	.byte	45
000001ba 4d63616c4d63    669 	.strz	"McalMcu_eReasonReset_MonitorClock"
000001c0 755f65526561 
000001c6 736f6e526573 
000001cc 65745f4d6f6e 
000001d2 69746f72436c 
000001d8 6f636b00 
000001dc 2f              670 	.byte	47
000001dd 07              671 	.byte	7
000001de 07              672 	.byte	7
000001df 06              673 	.byte	6
                         674 
                         675 .LDW_180dd48:
000001e0 2d              676 	.byte	45
000001e1 4d63616c4d63    677 	.strz	"McalMcu_eReasonReset_Undefined"
000001e7 755f65526561 
000001ed 736f6e526573 
000001f3 65745f556e64 
000001f9 6566696e6564 
000001ff 00 
00000200 30              678 	.byte	48
00000201 07              679 	.byte	7
00000202 07              680 	.byte	7
00000203 07              681 	.byte	7
                         682 
                         683 .LDW_4b8d370:
00000204 2d              684 	.byte	45
00000205 4d63616c4d63    685 	.strz	"McalMcu_eReasonReset_WakeupCan"
0000020b 755f65526561 
00000211 736f6e526573 
00000217 65745f57616b 
0000021d 65757043616e 
00000223 00 
00000224 31              686 	.byte	49
00000225 07              687 	.byte	7
00000226 07              688 	.byte	7
00000227 08              689 	.byte	8
                         690 
                         691 .LDW_4b8d030:
00000228 2d              692 	.byte	45
00000229 4d63616c4d63    693 	.strz	"McalMcu_eReasonReset_WakeupTimer"
0000022f 755f65526561 
00000235 736f6e526573 
0000023b 65745f57616b 
00000241 65757054696d 
00000247 657200 
0000024a 32              694 	.byte	50

                                                                      Page 15
                                                              C:\Users\nhuliyap\AppData\Local\Temp\gh_0000ddg1.s
0000024b 07              695 	.byte	7
0000024c 07              696 	.byte	7
0000024d 09              697 	.byte	9
                         698 
0000024e 00              699 	.byte	0
                         700 
                         701 .LDW_180dd88:
0000024f 28              702 	.byte	40
00000250 547970655f4d    703 	.strz	"Type_McalMcu_eReasonReset"
00000256 63616c4d6375 
0000025c 5f6552656173 
00000262 6f6e52657365 
00000268 7400 
0000026a 33              704 	.byte	51
0000026b 02              705 	.byte	2
0000026c 07              706 	.byte	7
0000026d 00000000*       707 	.word	.LDW_180db38
                         708 
                         709 .LDW_1808f08:
00000271 2e              710 	.byte	46
00000272 00              711 	.byte	0
00000273 04              712 	.byte	4
00000274 0d              713 	.byte	13
00000275 0c              714 	.byte	12
00000276 01              715 	.byte	1
00000277 01              716 	.byte	1
                         717 
                         718 .LDW_4b8d670:
00000278 2d              719 	.byte	45
00000279 634543554d4f    720 	.strz	"cECUMODE_OFF"
0000027f 44455f4f4646 
00000285 00 
00000286 05              721 	.byte	5
00000287 03              722 	.byte	3
00000288 0c              723 	.byte	12
00000289 00              724 	.byte	0
                         725 
                         726 .LDW_4b8d6b0:
0000028a 2d              727 	.byte	45
0000028b 634543554d4f    728 	.strz	"cECUMODE_QUIET"
00000291 44455f515549 
00000297 455400 
0000029a 06              729 	.byte	6
0000029b 07              730 	.byte	7
0000029c 0c              731 	.byte	12
0000029d 01              732 	.byte	1
                         733 
                         734 .LDW_4b8d3f0:
0000029e 2d              735 	.byte	45
0000029f 634543554d4f    736 	.strz	"cECUMODE_FULL"
000002a5 44455f46554c 
000002ab 4c00 
000002ad 07              737 	.byte	7
000002ae 07              738 	.byte	7
000002af 0c              739 	.byte	12
000002b0 02              740 	.byte	2
                         741 
                         742 .LDW_4b8d4b0:
000002b1 2d              743 	.byte	45
000002b2 634543554d4f    744 	.strz	"cECUMODE_MONITOR"
000002b8 44455f4d4f4e 

                                                                      Page 16
                                                              C:\Users\nhuliyap\AppData\Local\Temp\gh_0000ddg1.s
000002be 49544f5200 
000002c3 08              745 	.byte	8
000002c4 07              746 	.byte	7
000002c5 0c              747 	.byte	12
000002c6 03              748 	.byte	3
                         749 
                         750 .LDW_4b8d7b0:
000002c7 2d              751 	.byte	45
000002c8 634543554d4f    752 	.strz	"cECUMODE_WAKE"
000002ce 44455f57414b 
000002d4 4500 
000002d6 09              753 	.byte	9
000002d7 07              754 	.byte	7
000002d8 0c              755 	.byte	12
000002d9 04              756 	.byte	4
                         757 
000002da 00              758 	.byte	0
                         759 
                         760 .LDW_4b40078:
000002db 28              761 	.byte	40
000002dc 654563754d6f    762 	.strz	"eEcuModesType"
000002e2 646573547970 
000002e8 6500 
000002ea 0a              763 	.byte	10
000002eb 02              764 	.byte	2
000002ec 0c              765 	.byte	12
000002ed 00000000*       766 	.word	.LDW_1808f08
                         767 
                         768 .LDW_4b400d0:
000002f1 05              769 	.byte	5
000002f2 5755463000      770 	.strz	"WUF0"
000002f7 29              771 	.byte	41
000002f8 01              772 	.byte	1
000002f9 0a              773 	.byte	10
000002fa 00000000*       774 	.word	.LDW_4b40180
000002fe 01              775 	.byte	1
000002ff 01              776 	.byte	1
                         777 
                         778 	.section	.debug_abbrev
00000078 05              779 	.byte	5
00000079 34              780 	.byte	52
0000007a 00              781 	.byte	0
0000007b 0308            782 	.byte	3,8
0000007d 3b0f            783 	.byte	59,15
0000007f 390f            784 	.byte	57,15
00000081 3a0f            785 	.byte	58,15
00000083 4910            786 	.byte	73,16
00000085 3f0c            787 	.byte	63,12
00000087 3c0c            788 	.byte	60,12
00000089 0000            789 	.byte	0,0
                         790 
                         791 	.section	.debug_info
                         792 .LDW_4b8f3a0:
00000300 05              793 	.byte	5
00000301 5245534600      794 	.strz	"RESF"
00000306 2a              795 	.byte	42
00000307 01              796 	.byte	1
00000308 0a              797 	.byte	10
00000309 00000000*       798 	.word	.LDW_4b40180
0000030d 01              799 	.byte	1
0000030e 01              800 	.byte	1

                                                                      Page 17
                                                              C:\Users\nhuliyap\AppData\Local\Temp\gh_0000ddg1.s
                         801 
                         802 .LDW_4b8f6b8:
0000030f 05              803 	.byte	5
00000310 524553464300    804 	.strz	"RESFC"
00000316 2b              805 	.byte	43
00000317 01              806 	.byte	1
00000318 0a              807 	.byte	10
00000319 00000000*       808 	.word	.LDW_4b8f608
0000031d 01              809 	.byte	1
0000031e 01              810 	.byte	1
                         811 
                         812 .LDW_4b8f7c0:
0000031f 05              813 	.byte	5
00000320 524553465200    814 	.strz	"RESFR"
00000326 2c              815 	.byte	44
00000327 01              816 	.byte	1
00000328 0a              817 	.byte	10
00000329 00000000*       818 	.word	.LDW_4b40180
0000032d 01              819 	.byte	1
0000032e 01              820 	.byte	1
                         821 
                         822 .LDW_4b8f710:
0000032f 05              823 	.byte	5
00000330 524553464352    824 	.strz	"RESFCR"
00000336 00 
00000337 2d              825 	.byte	45
00000338 01              826 	.byte	1
00000339 0a              827 	.byte	10
0000033a 00000000*       828 	.word	.LDW_4b8f608
0000033e 01              829 	.byte	1
0000033f 01              830 	.byte	1
                         831 
                         832 .LDW_4b8f3f8:
00000340 04              833 	.byte	4
00000341 4d63616c4d63    834 	.strz	"McalMcu_eReasonReset"
00000347 755f65526561 
0000034d 736f6e526573 
00000353 657400 
00000356 39              835 	.byte	57
00000357 28              836 	.byte	40
00000358 01              837 	.byte	1
00000359 00000000*       838 	.word	.LDW_180dd88
0000035d 01              839 	.byte	1
0000035e 00              840 	.byte	0
0000035f 0503            841 	.byte	5,3
00000361 00000000*       842 	.word	_McalMcu_eReasonReset
                         843 
                         844 	.section	.debug_abbrev
0000008b 04              845 	.byte	4
0000008c 34              846 	.byte	52
0000008d 00              847 	.byte	0
0000008e 0308            848 	.byte	3,8
00000090 3b0f            849 	.byte	59,15
00000092 390f            850 	.byte	57,15
00000094 3a0f            851 	.byte	58,15
00000096 4910            852 	.byte	73,16
00000098 3f0c            853 	.byte	63,12
0000009a 3c0c            854 	.byte	60,12
0000009c 020a            855 	.byte	2,10
0000009e 0000            856 	.byte	0,0
                         857 

                                                                      Page 18
                                                              C:\Users\nhuliyap\AppData\Local\Temp\gh_0000ddg1.s
                         858 	.section	.debug_info
                         859 .LDW_4b40b08:
00000365 15              860 	.byte	21
00000366 4170706c4d63    861 	.strz	"ApplMcu_vReleaseIoBuffers"
0000036c 755f7652656c 
00000372 65617365496f 
00000378 427566666572 
0000037e 7300 
00000380 49              862 	.byte	73
00000381 0d              863 	.byte	13
00000382 09              864 	.byte	9
00000383 01              865 	.byte	1
00000384 00              866 	.byte	0
00000385 01              867 	.byte	1
00000386 01              868 	.byte	1
00000387 00              869 	.byte	0
00000388 01              870 	.byte	1
                         871 
                         872 	.section	.debug_abbrev
000000a0 15              873 	.byte	21
000000a1 2e              874 	.byte	46
000000a2 01              875 	.byte	1
000000a3 0308            876 	.byte	3,8
000000a5 3b0f            877 	.byte	59,15
000000a7 390f            878 	.byte	57,15
000000a9 3a0f            879 	.byte	58,15
000000ab 3c0c            880 	.byte	60,12
000000ad 200b            881 	.byte	32,11
000000af 3f0c            882 	.byte	63,12
000000b1 320b            883 	.byte	50,11
000000b3 4c0b            884 	.byte	76,11
000000b5 270c            885 	.byte	39,12
000000b7 0000            886 	.byte	0,0
                         887 
                         888 	.section	.debug_info
00000389 00              889 	.byte	0
                         890 
                         891 .LDW_4b40ba0:
0000038a 15              892 	.byte	21
0000038b 5359534d4752    893 	.strz	"SYSMGR_SetEcuMode"
00000391 5f5365744563 
00000397 754d6f646500 
0000039d 25              894 	.byte	37
0000039e 0d              895 	.byte	13
0000039f 0c              896 	.byte	12
000003a0 01              897 	.byte	1
000003a1 00              898 	.byte	0
000003a2 01              899 	.byte	1
000003a3 01              900 	.byte	1
000003a4 00              901 	.byte	0
000003a5 01              902 	.byte	1
                         903 
000003a6 00              904 	.byte	0
                         905 
                         906 .LDW_4b902b0:
000003a7 15              907 	.byte	21
000003a8 44434d4d4752    908 	.strz	"DCMMGR_TriggerPositiveResponse"
000003ae 5f5472696767 
000003b4 6572506f7369 
000003ba 746976655265 
000003c0 73706f6e7365 

                                                                      Page 19
                                                              C:\Users\nhuliyap\AppData\Local\Temp\gh_0000ddg1.s
000003c6 00 
000003c7 40              909 	.byte	64
000003c8 0d              910 	.byte	13
000003c9 01              911 	.byte	1
000003ca 01              912 	.byte	1
000003cb 00              913 	.byte	0
000003cc 01              914 	.byte	1
000003cd 01              915 	.byte	1
000003ce 00              916 	.byte	0
000003cf 01              917 	.byte	1
                         918 
000003d0 00              919 	.byte	0
                         920 
                         921 .LDW_180dde0:
000003d1 14              922 	.byte	20
000003d2 4d63616c4d63    923 	.strz	"McalMcu_eGetReasonReset"
000003d8 755f65476574 
000003de 526561736f6e 
000003e4 526573657400 
000003ea 42              924 	.byte	66
000003eb 2f              925 	.byte	47
000003ec 01              926 	.byte	1
000003ed 00000000*       927 	.word	.LDW_180dd88
000003f1 00000000*       928 	.word	_McalMcu_eGetReasonReset
000003f5 00000000*       929 	.word	___ghs_eofn_McalMcu_eGetReasonReset
000003f9 0153            930 	.byte	1,83
000003fb 02              931 	.byte	2
000003fc 00              932 	.byte	0
000003fd 02              933 	.byte	2
000003fe 00              934 	.byte	0
000003ff 00              935 	.byte	0
00000400 00              936 	.byte	0
00000401 00              937 	.byte	0
00000402 01              938 	.byte	1
00000403 01              939 	.byte	1
00000404 00              940 	.byte	0
00000405 01              941 	.byte	1
                         942 
                         943 	.section	.debug_abbrev
000000b9 14              944 	.byte	20
000000ba 2e              945 	.byte	46
000000bb 01              946 	.byte	1
000000bc 0308            947 	.byte	3,8
000000be 3b0f            948 	.byte	59,15
000000c0 390f            949 	.byte	57,15
000000c2 3a0f            950 	.byte	58,15
000000c4 4910            951 	.byte	73,16
000000c6 1101            952 	.byte	17,1
000000c8 1201            953 	.byte	18,1
000000ca 400a            954 	.byte	64,10
000000cc 8341            955 	.byte	131,65
000000ce 0f              956 	.byte	15
000000cf 8741            957 	.byte	135,65
000000d1 0d              958 	.byte	13
000000d2 8541            959 	.byte	133,65
000000d4 0f              960 	.byte	15
000000d5 8641            961 	.byte	134,65
000000d7 0d              962 	.byte	13
000000d8 9241            963 	.byte	146,65
000000da 0f              964 	.byte	15
000000db 3c0c            965 	.byte	60,12

                                                                      Page 20
                                                              C:\Users\nhuliyap\AppData\Local\Temp\gh_0000ddg1.s
000000dd 200b            966 	.byte	32,11
000000df 3f0c            967 	.byte	63,12
000000e1 320b            968 	.byte	50,11
000000e3 4c0b            969 	.byte	76,11
000000e5 270c            970 	.byte	39,12
000000e7 0000            971 	.byte	0,0
                         972 
                         973 	.section	.debug_frame
                         974 .LDW_4b8d070:
00000090 00000000*       975 	.word	.LDW_unq_5-.LDW_unq_4
                         976 .LDW_unq_4:
00000094 00000000*       977 	.word	.LDW_4b7aca8
00000098 00000000*       978 	.word	_McalMcu_eGetReasonReset
0000009c 00000000*       979 	.word	___ghs_eofn_McalMcu_eGetReasonReset-_McalMcu_eGetReasonReset
000000a0 01              980 	.byte	1
000000a1 00000000*       981 	.word	.LDW11
000000a5 00              982 	.byte	0
000000a6 00              983 	.byte	0
000000a7 00              984 	.byte	0
                         985 .LDW_unq_5:
                         986 	.section	.debug_line
00000204 000502          987 	.byte	0,5,2
00000207 00000000*       988 	.word	_McalMcu_eGetReasonReset
0000020b 06              989 	.byte	6
0000020c 03              990 	.byte	3
0000020d c200            991 	.byte	194,0
0000020f 02              992 	.byte	2
00000210 00              993 	.byte	0
00000211 01              994 	.byte	1
00000212 06              995 	.byte	6
00000213 000502          996 	.byte	0,5,2
00000216 00000000*       997 	.word	.LDWlin1
0000021a 02              998 	.byte	2
0000021b 00              999 	.byte	0
0000021c 02             1000 	.byte	2
0000021d 02             1001 	.byte	2
0000021e 000101         1002 	.byte	0,1,1
                        1003 	.section	.debug_info
                        1004 .LDW_17c1398:
00000406 1d             1005 	.byte	29
00000407 00000000*      1006 	.word	.LDW01
0000040b 00000000*      1007 	.word	.LDW11
                        1008 
                        1009 	.section	.debug_abbrev
000000e9 1d             1010 	.byte	29
000000ea 0b             1011 	.byte	11
000000eb 01             1012 	.byte	1
000000ec 1101           1013 	.byte	17,1
000000ee 1201           1014 	.byte	18,1
000000f0 0000           1015 	.byte	0,0
                        1016 
                        1017 	.section	.debug_info
0000040f 00             1018 	.byte	0
                        1019 
00000410 00             1020 	.byte	0
                        1021 
                        1022 .LDW_180de78:
00000411 14             1023 	.byte	20
00000412 4d63616c4d63   1024 	.strz	"McalMcu_PerformReasonReset"
00000418 755f50657266 
0000041e 6f726d526561 

                                                                      Page 21
                                                              C:\Users\nhuliyap\AppData\Local\Temp\gh_0000ddg1.s
00000424 736f6e526573 
0000042a 657400 
0000042d 46             1025 	.byte	70
0000042e 1b             1026 	.byte	27
0000042f 01             1027 	.byte	1
00000430 00000000*      1028 	.word	.LDW_180dd88
00000434 00000000*      1029 	.word	_McalMcu_PerformReasonReset
00000438 00000000*      1030 	.word	___ghs_eofn_McalMcu_PerformReasonReset
0000043c 0153           1031 	.byte	1,83
0000043e 828080800a     1032 	.byte	130,128,128,128,10
00000443 08             1033 	.byte	8
00000444 03             1034 	.byte	3
00000445 08             1035 	.byte	8
00000446 00             1036 	.byte	0
00000447 00             1037 	.byte	0
00000448 00             1038 	.byte	0
00000449 01             1039 	.byte	1
0000044a 01             1040 	.byte	1
0000044b 00             1041 	.byte	0
0000044c 01             1042 	.byte	1
                        1043 
                        1044 	.section	.debug_frame
                        1045 .LDW_4b8d130:
000000a8 00000000*      1046 	.word	.LDW_unq_7-.LDW_unq_6
                        1047 .LDW_unq_6:
000000ac 00000000*      1048 	.word	.LDW_4b7aca8
000000b0 00000000*      1049 	.word	_McalMcu_PerformReasonReset
000000b4 00000000*      1050 	.word	___ghs_eofn_McalMcu_PerformReasonReset-_McalMcu_PerformReasonReset
000000b8 48             1051 	.byte	72
000000b9 9f             1052 	.byte	159
000000ba 00             1053 	.byte	0
000000bb 40             1054 	.byte	64
000000bc 9d             1055 	.byte	157
000000bd 04             1056 	.byte	4
000000be 01             1057 	.byte	1
000000bf 00000000*      1058 	.word	.LDW31
000000c3 00             1059 	.byte	0
                        1060 .LDW_unq_7:
                        1061 	.section	.debug_line
00000221 000502         1062 	.byte	0,5,2
00000224 00000000*      1063 	.word	_McalMcu_PerformReasonReset
00000228 03             1064 	.byte	3
00000229 c500           1065 	.byte	197,0
0000022b 02             1066 	.byte	2
0000022c 00             1067 	.byte	0
0000022d 01             1068 	.byte	1
0000022e 06             1069 	.byte	6
0000022f 2c             1070 	.byte	44
00000230 000502         1071 	.byte	0,5,2
00000233 00000000*      1072 	.word	.LDWlin2
00000237 03             1073 	.byte	3
00000238 7f             1074 	.byte	127
00000239 02             1075 	.byte	2
0000023a 00             1076 	.byte	0
0000023b 01             1077 	.byte	1
0000023c 03             1078 	.byte	3
0000023d 0c             1079 	.byte	12
0000023e 02             1080 	.byte	2
0000023f 02             1081 	.byte	2
00000240 01             1082 	.byte	1
00000241 0c             1083 	.byte	12

                                                                      Page 22
                                                              C:\Users\nhuliyap\AppData\Local\Temp\gh_0000ddg1.s
00000242 000502         1084 	.byte	0,5,2
00000245 00000000*      1085 	.word	.LDWlin3
00000249 0b             1086 	.byte	11
0000024a 0b             1087 	.byte	11
0000024b 02             1088 	.byte	2
0000024c 00             1089 	.byte	0
0000024d 15             1090 	.byte	21
0000024e 0c             1091 	.byte	12
0000024f 000502         1092 	.byte	0,5,2
00000252 00000000*      1093 	.word	.LDWlin4
00000256 0b             1094 	.byte	11
00000257 0b             1095 	.byte	11
00000258 02             1096 	.byte	2
00000259 00             1097 	.byte	0
0000025a 000502         1098 	.byte	0,5,2
0000025d 00000000*      1099 	.word	.LDWlin5
00000261 0d             1100 	.byte	13
00000262 0b             1101 	.byte	11
00000263 14             1102 	.byte	20
00000264 000502         1103 	.byte	0,5,2
00000267 00000000*      1104 	.word	.LDWlin6
0000026b 0c             1105 	.byte	12
0000026c 000502         1106 	.byte	0,5,2
0000026f 00000000*      1107 	.word	.LDWlin7
00000273 0b             1108 	.byte	11
00000274 0b             1109 	.byte	11
00000275 02             1110 	.byte	2
00000276 00             1111 	.byte	0
00000277 25             1112 	.byte	37
00000278 0c             1113 	.byte	12
00000279 000502         1114 	.byte	0,5,2
0000027c 00000000*      1115 	.word	.LDWlin8
00000280 0b             1116 	.byte	11
00000281 0b             1117 	.byte	11
00000282 02             1118 	.byte	2
00000283 00             1119 	.byte	0
00000284 000502         1120 	.byte	0,5,2
00000287 00000000*      1121 	.word	.LDWlin9
0000028b 0d             1122 	.byte	13
0000028c 0c             1123 	.byte	12
0000028d 000502         1124 	.byte	0,5,2
00000290 00000000*      1125 	.word	.LDWlin10
00000294 0b             1126 	.byte	11
00000295 0b             1127 	.byte	11
00000296 0b             1128 	.byte	11
00000297 02             1129 	.byte	2
00000298 00             1130 	.byte	0
00000299 02             1131 	.byte	2
0000029a 00             1132 	.byte	0
0000029b 02             1133 	.byte	2
0000029c 00             1134 	.byte	0
0000029d 02             1135 	.byte	2
0000029e 00             1136 	.byte	0
0000029f 02             1137 	.byte	2
000002a0 00             1138 	.byte	0
000002a1 02             1139 	.byte	2
000002a2 00             1140 	.byte	0
000002a3 02             1141 	.byte	2
000002a4 00             1142 	.byte	0
000002a5 02             1143 	.byte	2
000002a6 00             1144 	.byte	0

                                                                      Page 23
                                                              C:\Users\nhuliyap\AppData\Local\Temp\gh_0000ddg1.s
000002a7 02             1145 	.byte	2
000002a8 00             1146 	.byte	0
000002a9 0b             1147 	.byte	11
000002aa 000502         1148 	.byte	0,5,2
000002ad 00000000*      1149 	.word	.LDWlin11
000002b1 0c             1150 	.byte	12
000002b2 000502         1151 	.byte	0,5,2
000002b5 00000000*      1152 	.word	.LDWlin12
000002b9 03             1153 	.byte	3
000002ba 7f             1154 	.byte	127
000002bb 02             1155 	.byte	2
000002bc 00             1156 	.byte	0
000002bd 01             1157 	.byte	1
000002be 000502         1158 	.byte	0,5,2
000002c1 00000000*      1159 	.word	.LDWlin13
000002c5 0c             1160 	.byte	12
000002c6 06             1161 	.byte	6
000002c7 02             1162 	.byte	2
000002c8 02             1163 	.byte	2
000002c9 02             1164 	.byte	2
000002ca 04             1165 	.byte	4
000002cb 000101         1166 	.byte	0,1,1
                        1167 	.section	.debug_info
                        1168 .LDW_17c1638:
0000044d 1d             1169 	.byte	29
0000044e 00000000*      1170 	.word	.LDW21
00000452 00000000*      1171 	.word	.LDW31
                        1172 
                        1173 .LDW_180df10:
00000456 04             1174 	.byte	4
00000457 756352657456   1175 	.strz	"ucRetVal"
0000045d 616c00 
00000460 47             1176 	.byte	71
00000461 1e             1177 	.byte	30
00000462 01             1178 	.byte	1
00000463 00000000*      1179 	.word	.LDW_180dd88
00000467 00             1180 	.byte	0
00000468 00             1181 	.byte	0
00000469 016d           1182 	.byte	1,109
                        1183 
0000046b 00             1184 	.byte	0
                        1185 
0000046c 00             1186 	.byte	0
                        1187 
                        1188 .LDW_18088b8:
0000046d 13             1189 	.byte	19
0000046e 696e664d6361   1190 	.strz	"infMcalMcuSwcApplEcuM_InitFunction"
00000474 6c4d63755377 
0000047a 634170706c45 
00000480 63754d5f496e 
00000486 697446756e63 
0000048c 74696f6e00 
00000491 7e             1191 	.byte	126
00000492 1a             1192 	.byte	26
00000493 01             1193 	.byte	1
00000494 00000000*      1194 	.word	_infMcalMcuSwcApplEcuM_InitFunction
00000498 00000000*      1195 	.word	___ghs_eofn_infMcalMcuSwcApplEcuM_InitFunction
0000049c 0153           1196 	.byte	1,83
0000049e 8280808008     1197 	.byte	130,128,128,128,8
000004a3 04             1198 	.byte	4
000004a4 03             1199 	.byte	3

                                                                      Page 24
                                                              C:\Users\nhuliyap\AppData\Local\Temp\gh_0000ddg1.s
000004a5 04             1200 	.byte	4
000004a6 00             1201 	.byte	0
000004a7 00             1202 	.byte	0
000004a8 00             1203 	.byte	0
000004a9 01             1204 	.byte	1
000004aa 01             1205 	.byte	1
000004ab 00             1206 	.byte	0
000004ac 01             1207 	.byte	1
                        1208 
                        1209 	.section	.debug_abbrev
000000f2 13             1210 	.byte	19
000000f3 2e             1211 	.byte	46
000000f4 01             1212 	.byte	1
000000f5 0308           1213 	.byte	3,8
000000f7 3b0f           1214 	.byte	59,15
000000f9 390f           1215 	.byte	57,15
000000fb 3a0f           1216 	.byte	58,15
000000fd 1101           1217 	.byte	17,1
000000ff 1201           1218 	.byte	18,1
00000101 400a           1219 	.byte	64,10
00000103 8341           1220 	.byte	131,65
00000105 0f             1221 	.byte	15
00000106 8741           1222 	.byte	135,65
00000108 0d             1223 	.byte	13
00000109 8541           1224 	.byte	133,65
0000010b 0f             1225 	.byte	15
0000010c 8641           1226 	.byte	134,65
0000010e 0d             1227 	.byte	13
0000010f 9241           1228 	.byte	146,65
00000111 0f             1229 	.byte	15
00000112 3c0c           1230 	.byte	60,12
00000114 200b           1231 	.byte	32,11
00000116 3f0c           1232 	.byte	63,12
00000118 320b           1233 	.byte	50,11
0000011a 4c0b           1234 	.byte	76,11
0000011c 270c           1235 	.byte	39,12
0000011e 0000           1236 	.byte	0,0
                        1237 
                        1238 	.section	.debug_frame
                        1239 .LDW_4b508a0:
000000c4 00000000*      1240 	.word	.LDW_unq_9-.LDW_unq_8
                        1241 .LDW_unq_8:
000000c8 00000000*      1242 	.word	.LDW_4b7aca8
000000cc 00000000*      1243 	.word	_infMcalMcuSwcApplEcuM_InitFunction
000000d0 00000000*      1244 	.word	___ghs_eofn_infMcalMcuSwcApplEcuM_InitFunction-_infMcalMcuSwcApplEcuM_InitFunction
000000d4 44             1245 	.byte	68
000000d5 9f             1246 	.byte	159
000000d6 00             1247 	.byte	0
000000d7 01             1248 	.byte	1
000000d8 00000000*      1249 	.word	.LDW51
000000dc 44             1250 	.byte	68
000000dd df             1251 	.byte	223
000000de 00             1252 	.byte	0
000000df 00             1253 	.byte	0
                        1254 .LDW_unq_9:
                        1255 	.section	.debug_line
000002ce 000502         1256 	.byte	0,5,2
000002d1 00000000*      1257 	.word	_infMcalMcuSwcApplEcuM_InitFunction
000002d5 03             1258 	.byte	3
000002d6 fd00           1259 	.byte	253,0
000002d8 02             1260 	.byte	2

                                                                      Page 25
                                                              C:\Users\nhuliyap\AppData\Local\Temp\gh_0000ddg1.s
000002d9 00             1261 	.byte	0
000002da 01             1262 	.byte	1
000002db 06             1263 	.byte	6
000002dc 1b             1264 	.byte	27
000002dd 000502         1265 	.byte	0,5,2
000002e0 00000000*      1266 	.word	.LDWlin14
000002e4 0b             1267 	.byte	11
000002e5 000502         1268 	.byte	0,5,2
000002e8 00000000*      1269 	.word	.LDWlin15
000002ec 0b             1270 	.byte	11
000002ed 02             1271 	.byte	2
000002ee 04             1272 	.byte	4
000002ef 000101         1273 	.byte	0,1,1
                        1274 	.section	.debug_info
                        1275 .LDW_17c1818:
000004ad 1d             1276 	.byte	29
000004ae 00000000*      1277 	.word	.LDW41
000004b2 00000000*      1278 	.word	.LDW51
                        1279 
000004b6 00             1280 	.byte	0
                        1281 
000004b7 00             1282 	.byte	0
                        1283 
000004b8 00             1284 	.byte	0
                        1285 
                        1286 	.section	.debug_line
                        1287 .Ldw_line_end:
                        1288 	.section	.debug_macinfo
00000000 01             1289 	.byte	1
00000001 00             1290 	.byte	0
00000002 5f5f6768735f   1291 	.strz	"__ghs__ 1"
00000008 5f203100 
0000000c 01             1292 	.byte	1
0000000d 00             1293 	.byte	0
0000000e 5f5f4c4c4f4e   1294 	.strz	"__LLONG_BIT 64"
00000014 475f42495420 
0000001a 363400 
0000001d 03             1295 	.byte	3
0000001e 00             1296 	.byte	0
0000001f 01             1297 	.byte	1
00000020 03             1298 	.byte	3
00000021 1a             1299 	.byte	26
00000022 02             1300 	.byte	2
00000023 03             1301 	.byte	3
00000024 1c             1302 	.byte	28
00000025 03             1303 	.byte	3
00000026 04             1304 	.byte	4
00000027 03             1305 	.byte	3
00000028 1d             1306 	.byte	29
00000029 04             1307 	.byte	4
0000002a 03             1308 	.byte	3
0000002b 1b             1309 	.byte	27
0000002c 05             1310 	.byte	5
0000002d 03             1311 	.byte	3
0000002e 54             1312 	.byte	84
0000002f 06             1313 	.byte	6
00000030 04             1314 	.byte	4
00000031 04             1315 	.byte	4
00000032 01             1316 	.byte	1
00000033 34             1317 	.byte	52
00000034 46554e432872   1318 	.strz	"FUNC(rettype,memclass) rettype"

                                                                      Page 26
                                                              C:\Users\nhuliyap\AppData\Local\Temp\gh_0000ddg1.s
0000003a 657474797065 
00000040 2c6d656d636c 
00000046 617373292072 
0000004c 657474797065 
00000052 00 
00000053 04             1319 	.byte	4
00000054 04             1320 	.byte	4
00000055 03             1321 	.byte	3
00000056 1c             1322 	.byte	28
00000057 07             1323 	.byte	7
00000058 03             1324 	.byte	3
00000059 1b             1325 	.byte	27
0000005a 08             1326 	.byte	8
0000005b 04             1327 	.byte	4
0000005c 04             1328 	.byte	4
0000005d 03             1329 	.byte	3
0000005e 1e             1330 	.byte	30
0000005f 09             1331 	.byte	9
00000060 01             1332 	.byte	1
00000061 26             1333 	.byte	38
00000062 4346474d4341   1334 	.strz	"CFGMCALMCU_WUP_FACTOR_TJA_ERR (1<<6)"
00000068 4c4d43555f57 
0000006e 55505f464143 
00000074 544f525f544a 
0000007a 415f45525220 
00000080 28313c3c3629 
00000086 00 
00000087 01             1335 	.byte	1
00000088 27             1336 	.byte	39
00000089 4346474d4341   1337 	.strz	"CFGMCALMCU_RESF_POWER_ON_RESET (1<<9)"
0000008f 4c4d43555f52 
00000095 4553465f504f 
0000009b 5745525f4f4e 
000000a1 5f5245534554 
000000a7 2028313c3c39 
000000ad 2900 
000000af 01             1338 	.byte	1
000000b0 29             1339 	.byte	41
000000b1 4346474d4341   1340 	.strz	"CFGMCALMCU_WUP_FACTOR_TAUJ00 (1<<15)"
000000b7 4c4d43555f57 
000000bd 55505f464143 
000000c3 544f525f5441 
000000c9 554a30302028 
000000cf 313c3c313529 
000000d5 00 
000000d6 01             1341 	.byte	1
000000d7 2a             1342 	.byte	42
000000d8 4346474d4341   1343 	.strz	"CFGMCALMCU_WUP_FACTOR_TAUJ01 (1<<16)"
000000de 4c4d43555f57 
000000e4 55505f464143 
000000ea 544f525f5441 
000000f0 554a30312028 
000000f6 313c3c313629 
000000fc 00 
000000fd 01             1344 	.byte	1
000000fe 2b             1345 	.byte	43
000000ff 4346474d4341   1346 	.strz	"CFGMCALMCU_WUP_FACTOR_TAUJ02 (1<<17)"
00000105 4c4d43555f57 
0000010b 55505f464143 
00000111 544f525f5441 
00000117 554a30322028 

                                                                      Page 27
                                                              C:\Users\nhuliyap\AppData\Local\Temp\gh_0000ddg1.s
0000011d 313c3c313729 
00000123 00 
00000124 01             1347 	.byte	1
00000125 2c             1348 	.byte	44
00000126 4346474d4341   1349 	.strz	"CFGMCALMCU_WUP_FACTOR_TAUJ03 (1<<18)"
0000012c 4c4d43555f57 
00000132 55505f464143 
00000138 544f525f5441 
0000013e 554a30332028 
00000144 313c3c313829 
0000014a 00 
0000014b 04             1350 	.byte	4
0000014c 03             1351 	.byte	3
0000014d 1f             1352 	.byte	31
0000014e 0a             1353 	.byte	10
0000014f 03             1354 	.byte	3
00000150 1b             1355 	.byte	27
00000151 0b             1356 	.byte	11
00000152 01             1357 	.byte	1
00000153 25             1358 	.byte	37
00000154 505241474d41   1359 	.strz	"PRAGMA(x) _Pragma(#x)"
0000015a 287829205f50 
00000160 7261676d6128 
00000166 23782900 
0000016a 01             1360 	.byte	1
0000016b 26             1361 	.byte	38
0000016c 5f5f52454144   1362 	.strz	"__READ volatile const"
00000172 20766f6c6174 
00000178 696c6520636f 
0000017e 6e737400 
00000182 01             1363 	.byte	1
00000183 28             1364 	.byte	40
00000184 5f5f52454144   1365 	.strz	"__READ_WRITE volatile"
0000018a 5f5752495445 
00000190 20766f6c6174 
00000196 696c6500 
0000019a 01             1366 	.byte	1
0000019b 2a             1367 	.byte	42
0000019c 5f5f494f5245   1368 	.strz	"__IOREG(reg,addr,attrib,type) PRAGMA(ghs io reg addr) extern attrib type reg;"
000001a2 47287265672c 
000001a8 616464722c61 
000001ae 74747269622c 
000001b4 747970652920 
000001ba 505241474d41 
000001c0 286768732069 
000001c6 6f2072656720 
000001cc 616464722920 
000001d2 65787465726e 
000001d8 206174747269 
000001de 622074797065 
000001e4 207265673b00 
000001ea 04             1369 	.byte	4
000001eb 04             1370 	.byte	4
000001ec 03             1371 	.byte	3
000001ed 20             1372 	.byte	32
000001ee 0c             1373 	.byte	12
000001ef 04             1374 	.byte	4
000001f0 04             1375 	.byte	4
000001f1 00             1376 	.byte	0
                        1377 	.section	.debug_abbrev
00000120 00             1378 	.byte	0

                                                                      Page 28
                                                              C:\Users\nhuliyap\AppData\Local\Temp\gh_0000ddg1.s
                        1379 	.section	.debug_info
                        1380 .Ldw_end:
                        1381 .rh850_flags REGMODE32,DATA_ALIGN8,GP_FIX,EP_NONFIX,TP_FIX,REG2_RESERVE,G3K,GHS_MISALIGN,SDA_EXTRA_REGS_0
