                                                                      Page 1
                                                              C:\Users\nhuliyap\AppData\Local\Temp\gh_0000c7k1.s
Command Line: C:\ghs\comp_201517\ease850.exe -w -elf -b0 -I../source/common -I../source/ProjectCompiler -I../source/ProjectCfg -I../source/SwcApplTpms -I../source/SwcApplEcuM -I../source/SwcServiceBswM -I../source/SwcServiceEcuM -I../source/SwcServiceNvM -I../source/SwcServiceOs -I../source/SwcServiceStartUp -I../source/McalAdc -I../source/McalDio -I../source/McalGpt -I../source/McalMcu -I../source/McalWdg -I../source/wrappers -I../source/wrappers/McalAta -I../source/McalLin -I../source/McalCan -I../source/wrappers/OS -I../source/McalFls -I../source/EcuabFee -I../source/EcuabMemIf -I../source/wrappers/VStdLib -I../source/wrappers/Crc -I../source/wrappers/FBL_APPL -I../source/wrappers/NVM_MANAGER -I../source/wrappers/DEM_MANAGER -I../source/wrappers/RDC_MANAGER -I../source/wrappers/ENV_MANAGER -I../source/wrappers/SYS_MANAGER -I../source/wrappers/EcuabCanIf -I../source/EcuabCanTrcv -I../source/wrappers/SwcServiceCanSM -I../source/wrappers/SwcServiceCanTp -I../source/wrappers/SwcServiceCanTp_PreCompile -I../source/wrappers/SwcServiceCom -I../source/wrappers/SwcServiceComM -I../source/wrappers/SwcServiceDcm -I../source/wrappers/SwcServicePduR -I../source/wrappers/SwcServiceEcuM -I../source/wrappers/Bfx -I../source/wrappers/SwcServiceDem -I../source/SwcServiceCom -I../source/SwcServiceDet -I../source/SwcServiceFiM -I../source/SwcServicePduR -I../source/SwcServiceSchM -I../source/wrappers/LibAutosarDiag -I../source/wrappers/rba_BswSrv -IC:\ghs\comp_201517\lib\rh850 -cg_underscore -cpu=rh850g3k -no_v850_simd -rh850_fpsimd=none -nomacro -patch_dbo=C:\_ECU2\ECU_Rivian_A1\Target\repo_projects\pRealEcu\cR_R2023.09.15\make\output\objects\MemConversion.dbo -source=MemConversion.c -o output\objects\gh_0000c7k1.o -list=output\list\MemConversion.lst C:\Users\nhuliyap\AppData\Local\Temp\gh_0000c7k1.s 
Original File: C:\Users\nhuliyap\AppData\Local\Temp\gh_0000c7k1.s
Source File: MemConversion.c
Directory: C:\_ECU2\ECU_Rivian_A1\Target\repo_projects\pRealEcu\cR_R2023.09.15\make
Host OS: Windows
EASE: Copyright (C) 1983-2015 Green Hills Software.  All Rights Reserved.
Release: Compiler v2015.1.7
Build Directory: [Directory] BTOWORKER6:c:/build_2015_1_bto/2015-10-21.2100-2015_1_bto/win32-comp-ecom
Revision: [VCInfo] http://toolsvc/branches/release-branch-70-bto/src@544153 (built by build)
Revision Date: Thu Oct 22 07:50:13 2015

Release Date: Thu Oct 22 09:32:32 2015

                           1 --Driver Command: ccv850 ../source/wrappers/MemConversion.c -cpu=rh850 -fhard
                           2 --		-ignore_callt_state_in_interrupts -large_sda -misalign_pack
                           3 --		-nofarcalls -nofloatio -no_callt -Ogeneral -Onounroll
                           4 --		-prepare_dispose -registermode=32 -reserve_r2 -sda=0
                           5 --		-shorten_loads -Wshadow --brief_diagnostics --no_commons
                           6 --		--no_wrap_diagnostics --prototype_errors --short_enum -list -G
                           7 --		-dual_debug -dwarf -X5523 -lnk=-no_xda_modifications -D
                           8 --		NOT_READY_FOR_TESTING_OR_DEPLOYMENT -D IBTCM_SW_ANPASSUNGEN -D
                           9 --		BUILD_RIVIAN -c -inline_prologue -I../source/common
                          10 --		-I../source/ProjectCompiler -I../source/ProjectCfg
                          11 --		-I../source/SwcApplTpms -I../source/SwcApplEcuM
                          12 --		-I../source/SwcServiceBswM -I../source/SwcServiceEcuM
                          13 --		-I../source/SwcServiceNvM -I../source/SwcServiceOs
                          14 --		-I../source/SwcServiceStartUp -I../source/McalAdc
                          15 --		-I../source/McalDio -I../source/McalGpt -I../source/McalMcu
                          16 --		-I../source/McalWdg -I../source/wrappers
                          17 --		-I../source/wrappers/McalAta -I../source/McalLin
                          18 --		-I../source/McalCan -I../source/wrappers/OS -I../source/McalFls
                          19 --		-I../source/EcuabFee -I../source/EcuabMemIf
                          20 --		-I../source/wrappers/VStdLib -I../source/wrappers
                          21 --		-I../source/wrappers/Crc -I../source/wrappers/FBL_APPL
                          22 --		-I../source/wrappers/NVM_MANAGER -I../source/wrappers/DEM_MANAGER
                          23 --		-I../source/wrappers/RDC_MANAGER -I../source/wrappers/ENV_MANAGER
                          24 --		-I../source/wrappers/SYS_MANAGER -I../source/wrappers/EcuabCanIf
                          25 --		-I../source/EcuabCanTrcv -I../source/wrappers/SwcServiceCanSM
                          26 --		-I../source/wrappers/SwcServiceCanTp
                          27 --		-I../source/wrappers/SwcServiceCanTp_PreCompile
                          28 --		-I../source/wrappers/SwcServiceCom
                          29 --		-I../source/wrappers/SwcServiceComM
                          30 --		-I../source/wrappers/SwcServiceDcm
                          31 --		-I../source/wrappers/SwcServicePduR
                          32 --		-I../source/wrappers/SwcServiceEcuM -I../source/wrappers/Bfx
                          33 --		-I../source/wrappers/SwcServiceDem -I../source/SwcServiceCom
                          34 --		-I../source/SwcServiceDet -I../source/SwcServiceFiM
                          35 --		-I../source/SwcServicePduR -I../source/SwcServiceSchM
                          36 --		-I../source/wrappers/LibAutosarDiag
                          37 --		-I../source/wrappers/rba_BswSrv -object_dir=output/objects
                          38 --		-list_dir=output/list
                          39 --Source File:   ../source/wrappers/MemConversion.c
                          40 --Directory:     
                          41 --		C:\_ECU2\ECU_Rivian_A1\Target\repo_projects\pRealEcu\cR_R2023.09.15\make
                          42 --Compile Date:  Fri Sep 15 15:29:48 2023
                          43 --Host OS:       Win32
                          44 --Version:       C-RH850 2015.1.7 RELEASE VERSION
                          45 --Release:       Compiler v2015.1.7
                          46 --Revision Date: Thu Oct 22 08:06:12 2015
                          47 --Release Date:  Thu Oct 22 09:34:32 2015
                          48 -- ecom  -g -w -OM
                          49 	.text
                          50 ..bof.C.3A.5C_ECU2.5CECU_Rivian_A1.5CTarget.5Crepo_projects.5CpRealEcu.5CcR_R2023.2E09.2E15.5Cmake.5Coutput.5Cobjects.5CMemConversion...43.3A.5C_ECU2.5CECU_Rivian_A1.5CTarget.5Crepo_projects.5CpRealEcu.5CcR_R2023.2E09.2E15.5Cmake..65045C4C..0::

                                                                      Page 2
                                                              C:\Users\nhuliyap\AppData\Local\Temp\gh_0000c7k1.s
                          51 	.align	2
                          52 ..gh.f.f.1.e.0:
                          53 	.type	..gh.f.f.1.e.0,@object
                          54 	.size	..gh.f.f.1.e.0,0
                          55 	.global	_FblMemSetInteger
                          56 _FblMemSetInteger:
                          57 --	    .bf
                          58 .LDW01:
00000000 e505*            59 	br	.L4
                          60 .L6:
                          61 --line10
                          62 ..lin.C.3A.5C_ECU2.5CECU_Rivian_A1.5CTarget.5Crepo_projects.5CpRealEcu.5CcR_R2023.2E09.2E15.5Cmake.5Coutput.5Cobjects.5CMemConversion.1::
                          63 .LDWlin1:
00000002 5f32             64 	add	-1,r6
00000004 06f0             65 	mov	r6,ep
00000006 c8f1             66 	add	r8,ep
00000008 803b             67 	sst.b	r7,0[ep]
0000000a 883a             68 	shr	8,r7
                          69 .L4:
0000000c e031             70 	cmp	zero,r6
0000000e aafd*            71 	bne	.L6
                          72 --	    .ef
                          73 .LDW11:
                          74 --line16
                          75 ..lin.C.3A.5C_ECU2.5CECU_Rivian_A1.5CTarget.5Crepo_projects.5CpRealEcu.5CcR_R2023.2E09.2E15.5Cmake.5Coutput.5Cobjects.5CMemConversion.2::
                          76 .LDWlin2:
00000010 7f00             77 	jmp	[lp]
                          78 	.global	___ghs_eofn_FblMemSetInteger
                          79 ___ghs_eofn_FblMemSetInteger:
                          80 	.type	_FblMemSetInteger,@function
                          81 	.size	_FblMemSetInteger,.-_FblMemSetInteger
                          82 	.align	2
                          83 
                          84 --_count	r6	param
                          85 --_input	r7	param
                          86 --_buffer	r8	param
                          87 
                          88 	.section ".bss","awb"
                          89 .L44:
                          90 	.type	.L44,@object
                          91 	.size	.L44,0
                          92 	.data
                          93 	.text
                          94 	.align	2
                          95 	.align	2
                          96 ..gh.f.f.1.e.1:
                          97 	.type	..gh.f.f.1.e.1,@object
                          98 	.size	..gh.f.f.1.e.1,0
                          99 	.global	_FblMemGetInteger
                         100 _FblMemGetInteger:
                         101 --	    .bf
                         102 .LDW21:
00000012 0052            103 	mov	0,r10
00000014 0a48            104 	mov	r10,r9
00000016 850d*           105 	br	.L85
                         106 .L87:
                         107 --line31
                         108 ..lin.C.3A.5C_ECU2.5CECU_Rivian_A1.5CTarget.5Crepo_projects.5CpRealEcu.5CcR_R2023.2E09.2E15.5Cmake.5Coutput.5Cobjects.5CMemConversion.3::
                         109 .LDWlin3:
00000018 09f0            110 	mov	r9,ep
0000001a c7f1            111 	add	r7,ep

                                                                      Page 3
                                                              C:\Users\nhuliyap\AppData\Local\Temp\gh_0000c7k1.s
0000001c 6098            112 	sld.bu	0[ep],r19
0000001e c852            113 	shl	8,r10
00000020 414a            114 	add	1,r9
00000022 5f32            115 	add	-1,r6
00000024 1351            116 	or	r19,r10
                         117 .L85:
00000026 e031            118 	cmp	zero,r6
00000028 8afd*           119 	bne	.L87
                         120 --	    .ef
                         121 .LDW31:
                         122 --line37
                         123 ..lin.C.3A.5C_ECU2.5CECU_Rivian_A1.5CTarget.5Crepo_projects.5CpRealEcu.5CcR_R2023.2E09.2E15.5Cmake.5Coutput.5Cobjects.5CMemConversion.4::
                         124 .LDWlin4:
0000002a 7f00            125 	jmp	[lp]
                         126 	.global	___ghs_eofn_FblMemGetInteger
                         127 ___ghs_eofn_FblMemGetInteger:
                         128 	.type	_FblMemGetInteger,@function
                         129 	.size	_FblMemGetInteger,.-_FblMemGetInteger
                         130 	.align	2
                         131 --_output	r10	local
                         132 --_idx	r9	local
                         133 
                         134 --_count	r6	param
                         135 --_buffer	r7	param
                         136 
                         137 	.section ".bss","awb"
                         138 .L128:
                         139 	.type	.L128,@object
                         140 	.size	.L128,0
                         141 	.data
                         142 	.text
                         143 	.align	2
                         144 
                         145 	.data
                         146 	.ghsnote version,17
                         147 	.ghsnote tools,3
                         148 	.ghsnote options,144
                         149 	.text
                         150 	.align	2
                         151 ..eof.C.3A.5C_ECU2.5CECU_Rivian_A1.5CTarget.5Crepo_projects.5CpRealEcu.5CcR_R2023.2E09.2E15.5Cmake.5Coutput.5Cobjects.5CMemConversion...43.3A.5C_ECU2.5CECU_Rivian_A1.5CTarget.5Crepo_projects.5CpRealEcu.5CcR_R2023.2E09.2E15.5Cmake..65045C4C..0::
                         152 	.section	.debug_info
                         153 .Ldw_begin:
00000000 0c020000        154 	.word	.Ldw_end-.Ldw_begin-4
00000004 0200            155 	.byte	2,0
00000006 00000000*       156 	.word	.Ldw_abbr_begin
0000000a 04              157 	.byte	4
                         158 	.section	.debug_abbrev
                         159 .Ldw_abbr_begin:
                         160 	.section	.debug_info
0000000b 01              161 	.byte	1
0000000c 00000000*       162 	.word	..bof.C.3A.5C_ECU2.5CECU_Rivian_A1.5CTarget.5Crepo_projects.5CpRealEcu.5CcR_R2023.2E09.2E15.5Cmake.5Coutput.5Cobjects.5CMemConversion...43.3A.5C_ECU2.5CECU_Rivian_A1.5CTarget.5Crepo_projects.5CpRealEcu.5CcR_R2023.2E09.2E15.5Cmake..65045C4C..0
00000010 00000000*       163 	.word	..eof.C.3A.5C_ECU2.5CECU_Rivian_A1.5CTarget.5Crepo_projects.5CpRealEcu.5CcR_R2023.2E09.2E15.5Cmake.5Coutput.5Cobjects.5CMemConversion...43.3A.5C_ECU2.5CECU_Rivian_A1.5CTarget.5Crepo_projects.5CpRealEcu.5CcR_R2023.2E09.2E15.5Cmake..65045C4C..0
00000014 2e2e2f736f75    164 	.strz	"../source/wrappers/MemConversion.c"
0000001a 7263652f7772 
00000020 617070657273 
00000026 2f4d656d436f 
0000002c 6e7665727369 
00000032 6f6e2e6300 
00000037 433a5c5f4543    165 	.strz	"C:\\_ECU2\\ECU_Rivian_A1\\Target\\repo_projects\\pRealEcu\\cR_R2023.09.15\\make"
0000003d 55325c454355 
00000043 5f5269766961 

                                                                      Page 4
                                                              C:\Users\nhuliyap\AppData\Local\Temp\gh_0000c7k1.s
00000049 6e5f41315c54 
0000004f 61726765745c 
00000055 7265706f5f70 
0000005b 726f6a656374 
00000061 735c70526561 
00000067 6c4563755c63 
0000006d 525f52323032 
00000073 332e30392e31 
00000079 355c6d616b65 
0000007f 00 
00000080 474853204320    166 	.strz	"GHS C 2015.1.7 [dual]"
00000086 323031352e31 
0000008c 2e37205b6475 
00000092 616c5d00 
00000096 0100            167 	.byte	1,0
00000098 00000000*       168 	.word	.Ldw_line_begin
0000009c 00000000*       169 	.word	.Ldw_macinfo_begin
000000a0 00              170 	.byte	0
                         171 
                         172 	.section	.debug_abbrev
00000000 01              173 	.byte	1
00000001 11              174 	.byte	17
00000002 01              175 	.byte	1
00000003 1101            176 	.byte	17,1
00000005 1201            177 	.byte	18,1
00000007 0308            178 	.byte	3,8
00000009 1b08            179 	.byte	27,8
0000000b 2508            180 	.byte	37,8
0000000d 1305            181 	.byte	19,5
0000000f 1006            182 	.byte	16,6
00000011 4306            183 	.byte	67,6
00000013 420b            184 	.byte	66,11
00000015 0000            185 	.byte	0,0
                         186 
                         187 	.section	.debug_line
                         188 .Ldw_line_begin:
00000000 c1010000        189 	.word	.Ldw_line_end-.Ldw_line_begin-4
00000004 0200            190 	.byte	2,0
00000006 00000000*       191 	.word	.Ldw_lpro_end-.Ldw_lpro_begin
                         192 .Ldw_lpro_begin:
0000000a 01              193 	.byte	1
0000000b 00              194 	.byte	0
0000000c 00              195 	.byte	0
0000000d 04              196 	.byte	4
0000000e 0a              197 	.byte	10
0000000f 000101          198 	.byte	0,1,1
00000012 010100          199 	.byte	1,1,0
00000015 000001          200 	.byte	0,0,1
00000018 00              201 	.byte	0
00000019 2e2e2f736f75    202 	.strz	"../source/wrappers/MemConversion.c"
0000001f 7263652f7772 
00000025 617070657273 
0000002b 2f4d656d436f 
00000031 6e7665727369 
00000037 6f6e2e6300 
0000003c 000000          203 	.byte	0,0,0
0000003f 2e2e2f736f75    204 	.strz	"../source/common/Std_Types.hpp"
00000045 7263652f636f 
0000004b 6d6d6f6e2f53 
00000051 74645f547970 
00000057 65732e687070 

                                                                      Page 5
                                                              C:\Users\nhuliyap\AppData\Local\Temp\gh_0000c7k1.s
0000005d 00 
0000005e 000000          205 	.byte	0,0,0
00000061 2e2e2f736f75    206 	.strz	"../source/common/Platform_Types.hpp"
00000067 7263652f636f 
0000006d 6d6d6f6e2f50 
00000073 6c6174666f72 
00000079 6d5f54797065 
0000007f 732e68707000 
00000085 000000          207 	.byte	0,0,0
00000088 2e2e2f736f75    208 	.strz	"../source/common/Compiler.hpp"
0000008e 7263652f636f 
00000094 6d6d6f6e2f43 
0000009a 6f6d70696c65 
000000a0 722e68707000 
000000a6 000000          209 	.byte	0,0,0
000000a9 2e2e2f736f75    210 	.strz	"../source/ProjectCompiler/Compiler_Cfg.hpp"
000000af 7263652f5072 
000000b5 6f6a65637443 
000000bb 6f6d70696c65 
000000c1 722f436f6d70 
000000c7 696c65725f43 
000000cd 66672e687070 
000000d3 00 
000000d4 000000          211 	.byte	0,0,0
000000d7 2e2e2f736f75    212 	.strz	"../source/ProjectCompiler/CompilerCfg_SwcServiceOs.hpp"
000000dd 7263652f5072 
000000e3 6f6a65637443 
000000e9 6f6d70696c65 
000000ef 722f436f6d70 
000000f5 696c65724366 
000000fb 675f53776353 
00000101 657276696365 
00000107 4f732e687070 
0000010d 00 
0000010e 000000          213 	.byte	0,0,0
00000111 2e2e2f736f75    214 	.strz	"../source/wrappers/MemConversion.hpp"
00000117 7263652f7772 
0000011d 617070657273 
00000123 2f4d656d436f 
00000129 6e7665727369 
0000012f 6f6e2e687070 
00000135 00 
00000136 000000          215 	.byte	0,0,0
00000139 2e2e2f736f75    216 	.strz	"../source/McalMcu/types.hpp"
0000013f 7263652f4d63 
00000145 616c4d63752f 
0000014b 74797065732e 
00000151 68707000 
00000155 000000          217 	.byte	0,0,0
00000158 00              218 	.byte	0
                         219 .Ldw_lpro_end:
                         220 	.section	.debug_macinfo
                         221 .Ldw_macinfo_begin:
                         222 	.section	.debug_frame
                         223 .LDW_2927cb0:
00000000 00000000*       224 	.word	.LDW_unq_2-.LDW_unq_1
                         225 .LDW_unq_1:
00000004 ffffffff        226 	.byte	255,255,255,255
00000008 01              227 	.byte	1
00000009 00              228 	.byte	0
0000000a 01              229 	.byte	1

                                                                      Page 6
                                                              C:\Users\nhuliyap\AppData\Local\Temp\gh_0000c7k1.s
0000000b 01              230 	.byte	1
0000000c 1f              231 	.byte	31
0000000d 0c              232 	.byte	12
0000000e 03              233 	.byte	3
0000000f 00              234 	.byte	0
00000010 07              235 	.byte	7
00000011 00              236 	.byte	0
00000012 07              237 	.byte	7
00000013 01              238 	.byte	1
00000014 07              239 	.byte	7
00000015 02              240 	.byte	2
00000016 07              241 	.byte	7
00000017 03              242 	.byte	3
00000018 07              243 	.byte	7
00000019 04              244 	.byte	4
0000001a 07              245 	.byte	7
0000001b 05              246 	.byte	5
0000001c 07              247 	.byte	7
0000001d 06              248 	.byte	6
0000001e 07              249 	.byte	7
0000001f 07              250 	.byte	7
00000020 07              251 	.byte	7
00000021 08              252 	.byte	8
00000022 07              253 	.byte	7
00000023 09              254 	.byte	9
00000024 07              255 	.byte	7
00000025 0a              256 	.byte	10
00000026 07              257 	.byte	7
00000027 0b              258 	.byte	11
00000028 07              259 	.byte	7
00000029 0c              260 	.byte	12
0000002a 07              261 	.byte	7
0000002b 0d              262 	.byte	13
0000002c 07              263 	.byte	7
0000002d 0e              264 	.byte	14
0000002e 07              265 	.byte	7
0000002f 0f              266 	.byte	15
00000030 07              267 	.byte	7
00000031 10              268 	.byte	16
00000032 07              269 	.byte	7
00000033 11              270 	.byte	17
00000034 07              271 	.byte	7
00000035 12              272 	.byte	18
00000036 07              273 	.byte	7
00000037 13              274 	.byte	19
00000038 08              275 	.byte	8
00000039 14              276 	.byte	20
0000003a 08              277 	.byte	8
0000003b 15              278 	.byte	21
0000003c 08              279 	.byte	8
0000003d 16              280 	.byte	22
0000003e 08              281 	.byte	8
0000003f 17              282 	.byte	23
00000040 08              283 	.byte	8
00000041 18              284 	.byte	24
00000042 08              285 	.byte	8
00000043 19              286 	.byte	25
00000044 08              287 	.byte	8
00000045 1a              288 	.byte	26
00000046 08              289 	.byte	8
00000047 1b              290 	.byte	27

                                                                      Page 7
                                                              C:\Users\nhuliyap\AppData\Local\Temp\gh_0000c7k1.s
00000048 08              291 	.byte	8
00000049 1c              292 	.byte	28
0000004a 08              293 	.byte	8
0000004b 1d              294 	.byte	29
0000004c 07              295 	.byte	7
0000004d 1e              296 	.byte	30
0000004e 08              297 	.byte	8
0000004f 1f              298 	.byte	31
00000050 07              299 	.byte	7
00000051 20              300 	.byte	32
00000052 07              301 	.byte	7
00000053 21              302 	.byte	33
00000054 07              303 	.byte	7
00000055 22              304 	.byte	34
00000056 07              305 	.byte	7
00000057 23              306 	.byte	35
00000058 07              307 	.byte	7
00000059 24              308 	.byte	36
0000005a 07              309 	.byte	7
0000005b 25              310 	.byte	37
0000005c 07              311 	.byte	7
0000005d 26              312 	.byte	38
0000005e 07              313 	.byte	7
0000005f 27              314 	.byte	39
00000060 07              315 	.byte	7
00000061 28              316 	.byte	40
00000062 07              317 	.byte	7
00000063 29              318 	.byte	41
00000064 07              319 	.byte	7
00000065 2a              320 	.byte	42
00000066 07              321 	.byte	7
00000067 2b              322 	.byte	43
00000068 07              323 	.byte	7
00000069 2c              324 	.byte	44
0000006a 07              325 	.byte	7
0000006b 2d              326 	.byte	45
0000006c 07              327 	.byte	7
0000006d 2e              328 	.byte	46
0000006e 07              329 	.byte	7
0000006f 2f              330 	.byte	47
00000070 07              331 	.byte	7
00000071 30              332 	.byte	48
00000072 07              333 	.byte	7
00000073 31              334 	.byte	49
00000074 07              335 	.byte	7
00000075 32              336 	.byte	50
00000076 07              337 	.byte	7
00000077 33              338 	.byte	51
00000078 07              339 	.byte	7
00000079 34              340 	.byte	52
0000007a 07              341 	.byte	7
0000007b 35              342 	.byte	53
0000007c 07              343 	.byte	7
0000007d 36              344 	.byte	54
0000007e 07              345 	.byte	7
0000007f 37              346 	.byte	55
00000080 07              347 	.byte	7
00000081 38              348 	.byte	56
00000082 07              349 	.byte	7
00000083 39              350 	.byte	57
00000084 07              351 	.byte	7

                                                                      Page 8
                                                              C:\Users\nhuliyap\AppData\Local\Temp\gh_0000c7k1.s
00000085 3a              352 	.byte	58
00000086 07              353 	.byte	7
00000087 3b              354 	.byte	59
00000088 07              355 	.byte	7
00000089 3c              356 	.byte	60
0000008a 07              357 	.byte	7
0000008b 3d              358 	.byte	61
0000008c 07              359 	.byte	7
0000008d 3e              360 	.byte	62
0000008e 07              361 	.byte	7
0000008f 3f              362 	.byte	63
                         363 .LDW_unq_2:
                         364 	.section	.debug_info
                         365 .LDW_28e6cc0:
000000a1 25              366 	.byte	37
000000a2 756e7369676e    367 	.strz	"unsigned long"
000000a8 6564206c6f6e 
000000ae 6700 
000000b0 07              368 	.byte	7
000000b1 04              369 	.byte	4
                         370 
                         371 	.section	.debug_abbrev
00000017 25              372 	.byte	37
00000018 24              373 	.byte	36
00000019 00              374 	.byte	0
0000001a 0308            375 	.byte	3,8
0000001c 3e0b            376 	.byte	62,11
0000001e 0b0b            377 	.byte	11,11
00000020 0000            378 	.byte	0,0
                         379 
                         380 	.section	.debug_info
                         381 .LDW_28e6d30:
000000b2 25              382 	.byte	37
000000b3 756e7369676e    383 	.strz	"unsigned char"
000000b9 656420636861 
000000bf 7200 
000000c1 08              384 	.byte	8
000000c2 01              385 	.byte	1
                         386 
                         387 .LDW_28e6da0:
000000c3 2f              388 	.byte	47
000000c4 00000000*       389 	.word	.LDW_292ecd8
                         390 
                         391 	.section	.debug_abbrev
00000022 2f              392 	.byte	47
00000023 0f              393 	.byte	15
00000024 00              394 	.byte	0
00000025 4910            395 	.byte	73,16
00000027 0000            396 	.byte	0,0
                         397 
                         398 	.section	.debug_info
                         399 .LDW_28e7008:
000000c8 45              400 	.byte	69
000000c9 01              401 	.byte	1
                         402 
                         403 	.section	.debug_abbrev
00000029 45              404 	.byte	69
0000002a 15              405 	.byte	21
0000002b 01              406 	.byte	1
0000002c 270c            407 	.byte	39,12
0000002e 0000            408 	.byte	0,0

                                                                      Page 9
                                                              C:\Users\nhuliyap\AppData\Local\Temp\gh_0000c7k1.s
                         409 
                         410 	.section	.debug_info
                         411 .LDW_28e16c8:
000000ca 12              412 	.byte	18
000000cb 00000000*       413 	.word	.LDW_292ec80
000000cf 00              414 	.byte	0
                         415 
                         416 	.section	.debug_abbrev
00000030 12              417 	.byte	18
00000031 05              418 	.byte	5
00000032 00              419 	.byte	0
00000033 4910            420 	.byte	73,16
00000035 4b0c            421 	.byte	75,12
00000037 0000            422 	.byte	0,0
                         423 
                         424 	.section	.debug_info
                         425 .LDW_28e1638:
000000d0 12              426 	.byte	18
000000d1 00000000*       427 	.word	.LDW_292ec80
000000d5 00              428 	.byte	0
                         429 
                         430 .LDW_28e15a8:
000000d6 12              431 	.byte	18
000000d7 00000000*       432 	.word	.LDW_28e6da0
000000db 00              433 	.byte	0
                         434 
000000dc 00              435 	.byte	0
                         436 
                         437 .LDW_292eed0:
000000dd 29              438 	.byte	41
000000de 00000000*       439 	.word	.LDW_292ecd8
                         440 
                         441 	.section	.debug_abbrev
00000039 29              442 	.byte	41
0000003a 26              443 	.byte	38
0000003b 00              444 	.byte	0
0000003c 4910            445 	.byte	73,16
0000003e 0000            446 	.byte	0,0
                         447 
                         448 	.section	.debug_info
                         449 .LDW_28e6eb8:
000000e2 2f              450 	.byte	47
000000e3 00000000*       451 	.word	.LDW_292eed0
                         452 
                         453 .LDW_28e6e80:
000000e7 44              454 	.byte	68
000000e8 00000000*       455 	.word	.LDW_292ec80
000000ec 01              456 	.byte	1
                         457 
                         458 	.section	.debug_abbrev
00000040 44              459 	.byte	68
00000041 15              460 	.byte	21
00000042 01              461 	.byte	1
00000043 4910            462 	.byte	73,16
00000045 270c            463 	.byte	39,12
00000047 0000            464 	.byte	0,0
                         465 
                         466 	.section	.debug_info
                         467 .LDW_28e1458:
000000ed 12              468 	.byte	18
000000ee 00000000*       469 	.word	.LDW_292ec80

                                                                      Page 10
                                                              C:\Users\nhuliyap\AppData\Local\Temp\gh_0000c7k1.s
000000f2 00              470 	.byte	0
                         471 
                         472 .LDW_28e1728:
000000f3 12              473 	.byte	18
000000f4 00000000*       474 	.word	.LDW_28e6eb8
000000f8 00              475 	.byte	0
                         476 
000000f9 00              477 	.byte	0
                         478 
                         479 .LDW_28e6ac8:
000000fa 25              480 	.byte	37
000000fb 756e7369676e    481 	.strz	"unsigned int"
00000101 656420696e74 
00000107 00 
00000108 07              482 	.byte	7
00000109 04              483 	.byte	4
                         484 
                         485 .LDW_292ecd8:
0000010a 28              486 	.byte	40
0000010b 75696e743800    487 	.strz	"uint8"
00000111 50              488 	.byte	80
00000112 4b              489 	.byte	75
00000113 03              490 	.byte	3
00000114 00000000*       491 	.word	.LDW_28e6d30
                         492 
                         493 	.section	.debug_abbrev
00000049 28              494 	.byte	40
0000004a 16              495 	.byte	22
0000004b 00              496 	.byte	0
0000004c 0308            497 	.byte	3,8
0000004e 3b0f            498 	.byte	59,15
00000050 390f            499 	.byte	57,15
00000052 3a0f            500 	.byte	58,15
00000054 4910            501 	.byte	73,16
00000056 0000            502 	.byte	0,0
                         503 
                         504 	.section	.debug_info
                         505 .LDW_292ec80:
00000118 28              506 	.byte	40
00000119 75696e743332    507 	.strz	"uint32"
0000011f 00 
00000120 54              508 	.byte	84
00000121 4a              509 	.byte	74
00000122 03              510 	.byte	3
00000123 00000000*       511 	.word	.LDW_28e6cc0
                         512 
                         513 .LDW_292ed30:
00000127 13              514 	.byte	19
00000128 46626c4d656d    515 	.strz	"FblMemSetInteger"
0000012e 536574496e74 
00000134 6567657200 
00000139 05              516 	.byte	5
0000013a 06              517 	.byte	6
0000013b 01              518 	.byte	1
0000013c 00000000*       519 	.word	_FblMemSetInteger
00000140 00000000*       520 	.word	___ghs_eofn_FblMemSetInteger
00000144 0153            521 	.byte	1,83
00000146 02              522 	.byte	2
00000147 00              523 	.byte	0
00000148 02              524 	.byte	2
00000149 00              525 	.byte	0

                                                                      Page 11
                                                              C:\Users\nhuliyap\AppData\Local\Temp\gh_0000c7k1.s
0000014a 00              526 	.byte	0
0000014b 00              527 	.byte	0
0000014c 00              528 	.byte	0
0000014d 01              529 	.byte	1
0000014e 01              530 	.byte	1
0000014f 00              531 	.byte	0
00000150 01              532 	.byte	1
                         533 
                         534 	.section	.debug_abbrev
00000058 13              535 	.byte	19
00000059 2e              536 	.byte	46
0000005a 01              537 	.byte	1
0000005b 0308            538 	.byte	3,8
0000005d 3b0f            539 	.byte	59,15
0000005f 390f            540 	.byte	57,15
00000061 3a0f            541 	.byte	58,15
00000063 1101            542 	.byte	17,1
00000065 1201            543 	.byte	18,1
00000067 400a            544 	.byte	64,10
00000069 8341            545 	.byte	131,65
0000006b 0f              546 	.byte	15
0000006c 8741            547 	.byte	135,65
0000006e 0d              548 	.byte	13
0000006f 8541            549 	.byte	133,65
00000071 0f              550 	.byte	15
00000072 8641            551 	.byte	134,65
00000074 0d              552 	.byte	13
00000075 9241            553 	.byte	146,65
00000077 0f              554 	.byte	15
00000078 3c0c            555 	.byte	60,12
0000007a 200b            556 	.byte	32,11
0000007c 3f0c            557 	.byte	63,12
0000007e 320b            558 	.byte	50,11
00000080 4c0b            559 	.byte	76,11
00000082 270c            560 	.byte	39,12
00000084 0000            561 	.byte	0,0
                         562 
                         563 	.section	.debug_frame
                         564 .LDW_4c20788:
00000090 00000000*       565 	.word	.LDW_unq_4-.LDW_unq_3
                         566 .LDW_unq_3:
00000094 00000000*       567 	.word	.LDW_2927cb0
00000098 00000000*       568 	.word	_FblMemSetInteger
0000009c 00000000*       569 	.word	___ghs_eofn_FblMemSetInteger-_FblMemSetInteger
000000a0 01              570 	.byte	1
000000a1 00000000*       571 	.word	.LDW11
000000a5 00              572 	.byte	0
000000a6 00              573 	.byte	0
000000a7 00              574 	.byte	0
                         575 .LDW_unq_4:
                         576 	.section	.debug_line
00000159 000502          577 	.byte	0,5,2
0000015c 00000000*       578 	.word	_FblMemSetInteger
00000160 06              579 	.byte	6
00000161 03              580 	.byte	3
00000162 05              581 	.byte	5
00000163 02              582 	.byte	2
00000164 00              583 	.byte	0
00000165 01              584 	.byte	1
00000166 000502          585 	.byte	0,5,2
00000169 00000000*       586 	.word	.LDWlin1

                                                                      Page 12
                                                              C:\Users\nhuliyap\AppData\Local\Temp\gh_0000c7k1.s
0000016d 0c              587 	.byte	12
0000016e 0c              588 	.byte	12
0000016f 14              589 	.byte	20
00000170 24              590 	.byte	36
00000171 03              591 	.byte	3
00000172 7a              592 	.byte	122
00000173 02              593 	.byte	2
00000174 02              594 	.byte	2
00000175 01              595 	.byte	1
00000176 000502          596 	.byte	0,5,2
00000179 00000000*       597 	.word	.LDWlin2
0000017d 03              598 	.byte	3
0000017e 07              599 	.byte	7
0000017f 02              600 	.byte	2
00000180 00              601 	.byte	0
00000181 01              602 	.byte	1
00000182 0b              603 	.byte	11
00000183 02              604 	.byte	2
00000184 02              605 	.byte	2
00000185 000101          606 	.byte	0,1,1
                         607 	.section	.debug_info
                         608 .LDW_292edc8:
00000151 0f              609 	.byte	15
00000152 636f756e7400    610 	.strz	"count"
00000158 05              611 	.byte	5
00000159 1f              612 	.byte	31
0000015a 01              613 	.byte	1
0000015b 00000000*       614 	.word	.LDW_292ec80
0000015f 00              615 	.byte	0
00000160 0156            616 	.byte	1,86
                         617 
                         618 	.section	.debug_abbrev
00000086 0f              619 	.byte	15
00000087 05              620 	.byte	5
00000088 00              621 	.byte	0
00000089 0308            622 	.byte	3,8
0000008b 3b0f            623 	.byte	59,15
0000008d 390f            624 	.byte	57,15
0000008f 3a0f            625 	.byte	58,15
00000091 4910            626 	.byte	73,16
00000093 4b0c            627 	.byte	75,12
00000095 020a            628 	.byte	2,10
00000097 0000            629 	.byte	0,0
                         630 
                         631 	.section	.debug_info
                         632 .LDW_292ee20:
00000162 0f              633 	.byte	15
00000163 696e70757400    634 	.strz	"input"
00000169 05              635 	.byte	5
0000016a 2d              636 	.byte	45
0000016b 01              637 	.byte	1
0000016c 00000000*       638 	.word	.LDW_292ec80
00000170 00              639 	.byte	0
00000171 0157            640 	.byte	1,87
                         641 
                         642 .LDW_292ee78:
00000173 0f              643 	.byte	15
00000174 627566666572    644 	.strz	"buffer"
0000017a 00 
0000017b 05              645 	.byte	5
0000017c 3b              646 	.byte	59

                                                                      Page 13
                                                              C:\Users\nhuliyap\AppData\Local\Temp\gh_0000c7k1.s
0000017d 01              647 	.byte	1
0000017e 00000000*       648 	.word	.LDW_28e6da0
00000182 00              649 	.byte	0
00000183 0158            650 	.byte	1,88
                         651 
                         652 .LDW_28e16f8:
00000185 1d              653 	.byte	29
00000186 00000000*       654 	.word	.LDW01
0000018a 00000000*       655 	.word	.LDW11
                         656 
                         657 	.section	.debug_abbrev
00000099 1d              658 	.byte	29
0000009a 0b              659 	.byte	11
0000009b 01              660 	.byte	1
0000009c 1101            661 	.byte	17,1
0000009e 1201            662 	.byte	18,1
000000a0 0000            663 	.byte	0,0
                         664 
                         665 	.section	.debug_info
0000018e 00              666 	.byte	0
                         667 
0000018f 00              668 	.byte	0
                         669 
                         670 .LDW_292ef28:
00000190 14              671 	.byte	20
00000191 46626c4d656d    672 	.strz	"FblMemGetInteger"
00000197 476574496e74 
0000019d 6567657200 
000001a2 12              673 	.byte	18
000001a3 08              674 	.byte	8
000001a4 01              675 	.byte	1
000001a5 00000000*       676 	.word	.LDW_292ec80
000001a9 00000000*       677 	.word	_FblMemGetInteger
000001ad 00000000*       678 	.word	___ghs_eofn_FblMemGetInteger
000001b1 0153            679 	.byte	1,83
000001b3 02              680 	.byte	2
000001b4 00              681 	.byte	0
000001b5 02              682 	.byte	2
000001b6 00              683 	.byte	0
000001b7 00              684 	.byte	0
000001b8 00              685 	.byte	0
000001b9 00              686 	.byte	0
000001ba 01              687 	.byte	1
000001bb 01              688 	.byte	1
000001bc 00              689 	.byte	0
000001bd 01              690 	.byte	1
                         691 
                         692 	.section	.debug_abbrev
000000a2 14              693 	.byte	20
000000a3 2e              694 	.byte	46
000000a4 01              695 	.byte	1
000000a5 0308            696 	.byte	3,8
000000a7 3b0f            697 	.byte	59,15
000000a9 390f            698 	.byte	57,15
000000ab 3a0f            699 	.byte	58,15
000000ad 4910            700 	.byte	73,16
000000af 1101            701 	.byte	17,1
000000b1 1201            702 	.byte	18,1
000000b3 400a            703 	.byte	64,10
000000b5 8341            704 	.byte	131,65
000000b7 0f              705 	.byte	15

                                                                      Page 14
                                                              C:\Users\nhuliyap\AppData\Local\Temp\gh_0000c7k1.s
000000b8 8741            706 	.byte	135,65
000000ba 0d              707 	.byte	13
000000bb 8541            708 	.byte	133,65
000000bd 0f              709 	.byte	15
000000be 8641            710 	.byte	134,65
000000c0 0d              711 	.byte	13
000000c1 9241            712 	.byte	146,65
000000c3 0f              713 	.byte	15
000000c4 3c0c            714 	.byte	60,12
000000c6 200b            715 	.byte	32,11
000000c8 3f0c            716 	.byte	63,12
000000ca 320b            717 	.byte	50,11
000000cc 4c0b            718 	.byte	76,11
000000ce 270c            719 	.byte	39,12
000000d0 0000            720 	.byte	0,0
                         721 
                         722 	.section	.debug_frame
                         723 .LDW_4c1f6d0:
000000a8 00000000*       724 	.word	.LDW_unq_6-.LDW_unq_5
                         725 .LDW_unq_5:
000000ac 00000000*       726 	.word	.LDW_2927cb0
000000b0 00000000*       727 	.word	_FblMemGetInteger
000000b4 00000000*       728 	.word	___ghs_eofn_FblMemGetInteger-_FblMemGetInteger
000000b8 01              729 	.byte	1
000000b9 00000000*       730 	.word	.LDW31
000000bd 00              731 	.byte	0
000000be 00              732 	.byte	0
000000bf 00              733 	.byte	0
                         734 .LDW_unq_6:
                         735 	.section	.debug_line
00000188 000502          736 	.byte	0,5,2
0000018b 00000000*       737 	.word	_FblMemGetInteger
0000018f 06              738 	.byte	6
00000190 03              739 	.byte	3
00000191 16              740 	.byte	22
00000192 02              741 	.byte	2
00000193 00              742 	.byte	0
00000194 01              743 	.byte	1
00000195 13              744 	.byte	19
00000196 14              745 	.byte	20
00000197 000502          746 	.byte	0,5,2
0000019a 00000000*       747 	.word	.LDWlin3
0000019e 03              748 	.byte	3
0000019f 05              749 	.byte	5
000001a0 02              750 	.byte	2
000001a1 00              751 	.byte	0
000001a2 01              752 	.byte	1
000001a3 03              753 	.byte	3
000001a4 7e              754 	.byte	126
000001a5 02              755 	.byte	2
000001a6 06              756 	.byte	6
000001a7 01              757 	.byte	1
000001a8 03              758 	.byte	3
000001a9 04              759 	.byte	4
000001aa 02              760 	.byte	2
000001ab 02              761 	.byte	2
000001ac 01              762 	.byte	1
000001ad 13              763 	.byte	19
000001ae 03              764 	.byte	3
000001af 78              765 	.byte	120
000001b0 02              766 	.byte	2

                                                                      Page 15
                                                              C:\Users\nhuliyap\AppData\Local\Temp\gh_0000c7k1.s
000001b1 04              767 	.byte	4
000001b2 01              768 	.byte	1
000001b3 000502          769 	.byte	0,5,2
000001b6 00000000*       770 	.word	.LDWlin4
000001ba 03              771 	.byte	3
000001bb 09              772 	.byte	9
000001bc 02              773 	.byte	2
000001bd 00              774 	.byte	0
000001be 01              775 	.byte	1
000001bf 0c              776 	.byte	12
000001c0 02              777 	.byte	2
000001c1 02              778 	.byte	2
000001c2 000101          779 	.byte	0,1,1
                         780 	.section	.debug_info
                         781 .LDW_292db28:
000001be 0f              782 	.byte	15
000001bf 636f756e7400    783 	.strz	"count"
000001c5 12              784 	.byte	18
000001c6 21              785 	.byte	33
000001c7 01              786 	.byte	1
000001c8 00000000*       787 	.word	.LDW_292ec80
000001cc 00              788 	.byte	0
000001cd 0156            789 	.byte	1,86
                         790 
                         791 .LDW_292db80:
000001cf 0f              792 	.byte	15
000001d0 627566666572    793 	.strz	"buffer"
000001d6 00 
000001d7 12              794 	.byte	18
000001d8 35              795 	.byte	53
000001d9 01              796 	.byte	1
000001da 00000000*       797 	.word	.LDW_28e6eb8
000001de 00              798 	.byte	0
000001df 0157            799 	.byte	1,87
                         800 
                         801 .LDW_28e17e8:
000001e1 1d              802 	.byte	29
000001e2 00000000*       803 	.word	.LDW21
000001e6 00000000*       804 	.word	.LDW31
                         805 
                         806 .LDW_292dbd8:
000001ea 04              807 	.byte	4
000001eb 6f7574707574    808 	.strz	"output"
000001f1 00 
000001f2 14              809 	.byte	20
000001f3 0b              810 	.byte	11
000001f4 01              811 	.byte	1
000001f5 00000000*       812 	.word	.LDW_292ec80
000001f9 00              813 	.byte	0
000001fa 00              814 	.byte	0
000001fb 015a            815 	.byte	1,90
                         816 
                         817 	.section	.debug_abbrev
000000d2 04              818 	.byte	4
000000d3 34              819 	.byte	52
000000d4 00              820 	.byte	0
000000d5 0308            821 	.byte	3,8
000000d7 3b0f            822 	.byte	59,15
000000d9 390f            823 	.byte	57,15
000000db 3a0f            824 	.byte	58,15
000000dd 4910            825 	.byte	73,16

                                                                      Page 16
                                                              C:\Users\nhuliyap\AppData\Local\Temp\gh_0000c7k1.s
000000df 3f0c            826 	.byte	63,12
000000e1 3c0c            827 	.byte	60,12
000000e3 020a            828 	.byte	2,10
000000e5 0000            829 	.byte	0,0
                         830 
                         831 	.section	.debug_info
                         832 .LDW_292dc30:
000001fd 04              833 	.byte	4
000001fe 69647800        834 	.strz	"idx"
00000202 15              835 	.byte	21
00000203 0b              836 	.byte	11
00000204 01              837 	.byte	1
00000205 00000000*       838 	.word	.LDW_292ec80
00000209 00              839 	.byte	0
0000020a 00              840 	.byte	0
0000020b 0159            841 	.byte	1,89
                         842 
0000020d 00              843 	.byte	0
                         844 
0000020e 00              845 	.byte	0
                         846 
0000020f 00              847 	.byte	0
                         848 
                         849 	.section	.debug_line
                         850 .Ldw_line_end:
                         851 	.section	.debug_macinfo
00000000 01              852 	.byte	1
00000001 00              853 	.byte	0
00000002 5f5f6768735f    854 	.strz	"__ghs__ 1"
00000008 5f203100 
0000000c 01              855 	.byte	1
0000000d 00              856 	.byte	0
0000000e 5f5f4c4c4f4e    857 	.strz	"__LLONG_BIT 64"
00000014 475f42495420 
0000001a 363400 
0000001d 03              858 	.byte	3
0000001e 00              859 	.byte	0
0000001f 01              860 	.byte	1
00000020 03              861 	.byte	3
00000021 01              862 	.byte	1
00000022 02              863 	.byte	2
00000023 03              864 	.byte	3
00000024 1c              865 	.byte	28
00000025 03              866 	.byte	3
00000026 04              867 	.byte	4
00000027 03              868 	.byte	3
00000028 1d              869 	.byte	29
00000029 04              870 	.byte	4
0000002a 03              871 	.byte	3
0000002b 1b              872 	.byte	27
0000002c 05              873 	.byte	5
0000002d 03              874 	.byte	3
0000002e 54              875 	.byte	84
0000002f 06              876 	.byte	6
00000030 04              877 	.byte	4
00000031 04              878 	.byte	4
00000032 04              879 	.byte	4
00000033 04              880 	.byte	4
00000034 03              881 	.byte	3
00000035 03              882 	.byte	3
00000036 07              883 	.byte	7

                                                                      Page 17
                                                              C:\Users\nhuliyap\AppData\Local\Temp\gh_0000c7k1.s
00000037 03              884 	.byte	3
00000038 06              885 	.byte	6
00000039 08              886 	.byte	8
0000003a 04              887 	.byte	4
0000003b 04              888 	.byte	4
0000003c 04              889 	.byte	4
0000003d 00              890 	.byte	0
                         891 	.section	.debug_abbrev
000000e7 00              892 	.byte	0
                         893 	.section	.debug_info
                         894 .Ldw_end:
                         895 .rh850_flags REGMODE32,DATA_ALIGN8,GP_FIX,EP_NONFIX,TP_FIX,REG2_RESERVE,G3K,GHS_MISALIGN,SDA_EXTRA_REGS_0
