                                                                      Page 1
                                                              C:\Users\nhuliyap\AppData\Local\Temp\gh_00008is1.s
Command Line: C:\ghs\comp_201517\ease850.exe -w -elf -b0 -I../source/common -I../source/ProjectCompiler -I../source/ProjectCfg -I../source/SwcApplTpms -I../source/SwcApplEcuM -I../source/SwcServiceBswM -I../source/SwcServiceEcuM -I../source/SwcServiceNvM -I../source/SwcServiceOs -I../source/SwcServiceStartUp -I../source/McalAdc -I../source/McalDio -I../source/McalGpt -I../source/McalMcu -I../source/McalWdg -I../source/wrappers -I../source/wrappers/McalAta -I../source/McalLin -I../source/McalCan -I../source/wrappers/OS -I../source/McalFls -I../source/EcuabFee -I../source/EcuabMemIf -I../source/wrappers/VStdLib -I../source/wrappers/Crc -I../source/wrappers/FBL_APPL -I../source/wrappers/NVM_MANAGER -I../source/wrappers/DEM_MANAGER -I../source/wrappers/RDC_MANAGER -I../source/wrappers/ENV_MANAGER -I../source/wrappers/SYS_MANAGER -I../source/wrappers/EcuabCanIf -I../source/EcuabCanTrcv -I../source/wrappers/SwcServiceCanSM -I../source/wrappers/SwcServiceCanTp -I../source/wrappers/SwcServiceCanTp_PreCompile -I../source/wrappers/SwcServiceCom -I../source/wrappers/SwcServiceComM -I../source/wrappers/SwcServiceDcm -I../source/wrappers/SwcServicePduR -I../source/wrappers/SwcServiceEcuM -I../source/wrappers/Bfx -I../source/wrappers/SwcServiceDem -I../source/SwcServiceCom -I../source/SwcServiceDet -I../source/SwcServiceFiM -I../source/SwcServicePduR -I../source/SwcServiceSchM -I../source/wrappers/LibAutosarDiag -I../source/wrappers/rba_BswSrv -IC:\ghs\comp_201517\lib\rh850 -cg_underscore -cpu=rh850g3k -no_v850_simd -rh850_fpsimd=none -nomacro -patch_dbo=C:\_ECU2\ECU_Rivian_A1\Target\repo_projects\pRealEcu\cR_R2023.09.15\make\output\objects\rba_BswSrv_MemSet.dbo -source=rba_BswSrv_MemSet.c -o output\objects\gh_00008is1.o -list=output\list\rba_BswSrv_MemSet.lst C:\Users\nhuliyap\AppData\Local\Temp\gh_00008is1.s 
Original File: C:\Users\nhuliyap\AppData\Local\Temp\gh_00008is1.s
Source File: rba_BswSrv_MemSet.c
Directory: C:\_ECU2\ECU_Rivian_A1\Target\repo_projects\pRealEcu\cR_R2023.09.15\make
Host OS: Windows
EASE: Copyright (C) 1983-2015 Green Hills Software.  All Rights Reserved.
Release: Compiler v2015.1.7
Build Directory: [Directory] BTOWORKER6:c:/build_2015_1_bto/2015-10-21.2100-2015_1_bto/win32-comp-ecom
Revision: [VCInfo] http://toolsvc/branches/release-branch-70-bto/src@544153 (built by build)
Revision Date: Thu Oct 22 07:50:13 2015

Release Date: Thu Oct 22 09:32:32 2015

                           1 --Driver Command: ccv850 ../source/wrappers/rba_BswSrv/rba_BswSrv_MemSet.c
                           2 --		-cpu=rh850 -fhard -ignore_callt_state_in_interrupts -large_sda
                           3 --		-misalign_pack -nofarcalls -nofloatio -no_callt -Ogeneral
                           4 --		-Onounroll -prepare_dispose -registermode=32 -reserve_r2 -sda=0
                           5 --		-shorten_loads -Wshadow --brief_diagnostics --no_commons
                           6 --		--no_wrap_diagnostics --prototype_errors --short_enum -list -G
                           7 --		-dual_debug -dwarf -X5523 -lnk=-no_xda_modifications -D
                           8 --		NOT_READY_FOR_TESTING_OR_DEPLOYMENT -D IBTCM_SW_ANPASSUNGEN -D
                           9 --		BUILD_RIVIAN -c -inline_prologue -I../source/common
                          10 --		-I../source/ProjectCompiler -I../source/ProjectCfg
                          11 --		-I../source/SwcApplTpms -I../source/SwcApplEcuM
                          12 --		-I../source/SwcServiceBswM -I../source/SwcServiceEcuM
                          13 --		-I../source/SwcServiceNvM -I../source/SwcServiceOs
                          14 --		-I../source/SwcServiceStartUp -I../source/McalAdc
                          15 --		-I../source/McalDio -I../source/McalGpt -I../source/McalMcu
                          16 --		-I../source/McalWdg -I../source/wrappers
                          17 --		-I../source/wrappers/McalAta -I../source/McalLin
                          18 --		-I../source/McalCan -I../source/wrappers/OS -I../source/McalFls
                          19 --		-I../source/EcuabFee -I../source/EcuabMemIf
                          20 --		-I../source/wrappers/VStdLib -I../source/wrappers
                          21 --		-I../source/wrappers/Crc -I../source/wrappers/FBL_APPL
                          22 --		-I../source/wrappers/NVM_MANAGER -I../source/wrappers/DEM_MANAGER
                          23 --		-I../source/wrappers/RDC_MANAGER -I../source/wrappers/ENV_MANAGER
                          24 --		-I../source/wrappers/SYS_MANAGER -I../source/wrappers/EcuabCanIf
                          25 --		-I../source/EcuabCanTrcv -I../source/wrappers/SwcServiceCanSM
                          26 --		-I../source/wrappers/SwcServiceCanTp
                          27 --		-I../source/wrappers/SwcServiceCanTp_PreCompile
                          28 --		-I../source/wrappers/SwcServiceCom
                          29 --		-I../source/wrappers/SwcServiceComM
                          30 --		-I../source/wrappers/SwcServiceDcm
                          31 --		-I../source/wrappers/SwcServicePduR
                          32 --		-I../source/wrappers/SwcServiceEcuM -I../source/wrappers/Bfx
                          33 --		-I../source/wrappers/SwcServiceDem -I../source/SwcServiceCom
                          34 --		-I../source/SwcServiceDet -I../source/SwcServiceFiM
                          35 --		-I../source/SwcServicePduR -I../source/SwcServiceSchM
                          36 --		-I../source/wrappers/LibAutosarDiag
                          37 --		-I../source/wrappers/rba_BswSrv -object_dir=output/objects
                          38 --		-list_dir=output/list
                          39 --Source File:   ../source/wrappers/rba_BswSrv/rba_BswSrv_MemSet.c
                          40 --Directory:     
                          41 --		C:\_ECU2\ECU_Rivian_A1\Target\repo_projects\pRealEcu\cR_R2023.09.15\make
                          42 --Compile Date:  Fri Sep 15 15:30:19 2023
                          43 --Host OS:       Win32
                          44 --Version:       C-RH850 2015.1.7 RELEASE VERSION
                          45 --Release:       Compiler v2015.1.7
                          46 --Revision Date: Thu Oct 22 08:06:12 2015
                          47 --Release Date:  Thu Oct 22 09:34:32 2015
                          48 -- ecom  -g -w -OM
                          49 	.text
                          50 ..bof.C.3A.5C_ECU2.5CECU_Rivian_A1.5CTarget.5Crepo_projects.5CpRealEcu.5CcR_R2023.2E09.2E15.5Cmake.5Coutput.5Cobjects.5Crba_BswSrv_MemSet...43.3A.5C_ECU2.5CECU_Rivian_A1.5CTarget.5Crepo_projects.5CpRealEcu.5CcR_R2023.2E09.2E15.5Cmake..65045C6B..0::

                                                                      Page 2
                                                              C:\Users\nhuliyap\AppData\Local\Temp\gh_00008is1.s
                          51 	.align	2
                          52 ..gh.f.f.1.e.0:
                          53 	.type	..gh.f.f.1.e.0,@object
                          54 	.size	..gh.f.f.1.e.0,0
                          55 	.global	_rba_BswSrv_MemSet
                          56 _rba_BswSrv_MemSet:
00000000 0650             57 	mov	r6,r10
                          58 --	    .bf
                          59 .LDW01:
00000002 8700             60 	zxb	r7
00000004 0798             61 	mov	r7,r19
00000006 c89a             62 	shl	8,r19
00000008 0790             63 	mov	r7,r18
0000000a c799             64 	add	r7,r19
0000000c d092             65 	shl	16,r18
0000000e d391             66 	add	r19,r18
00000010 d83a             67 	shl	24,r7
00000012 d239             68 	add	r18,r7
00000014 06f0             69 	mov	r6,ep
00000016 e041             70 	cmp	zero,r8
00000018 8215*            71 	be	.L7
0000001a c6060100         72 	andi	1,r6,zero
0000001e d205*            73 	be	.L4
                          74 --line24
                          75 ..lin.C.3A.5C_ECU2.5CECU_Rivian_A1.5CTarget.5Crepo_projects.5CpRealEcu.5CcR_R2023.2E09.2E15.5Cmake.5Coutput.5Cobjects.5Crba_BswSrv_MemSet.1::
                          76 .LDWlin1:
00000020 803b             77 	sst.b	r7,0[ep]
00000022 5f42             78 	add	-1,r8
00000024 06f60100         79 	addi	1,r6,ep
                          80 .L4:
00000028 6242             81 	cmp	2,r8
0000002a f105*            82 	bl	.L7
0000002c de060200         83 	andi	2,ep,zero
00000030 c205*            84 	be	.L7
                          85 --line33
                          86 ..lin.C.3A.5C_ECU2.5CECU_Rivian_A1.5CTarget.5Crepo_projects.5CpRealEcu.5CcR_R2023.2E09.2E15.5Cmake.5Coutput.5Cobjects.5Crba_BswSrv_MemSet.2::
                          87 .LDWlin2:
00000032 803c             88 	sst.h	r7,0[ep]
00000034 5e42             89 	add	-2,r8
00000036 42f2             90 	add	2,ep
                          91 .L7:
00000038 6442             92 	cmp	4,r8
0000003a 910d*            93 	bl	.L10
                          94 --line40
                          95 ..lin.C.3A.5C_ECU2.5CECU_Rivian_A1.5CTarget.5Crepo_projects.5CpRealEcu.5CcR_R2023.2E09.2E15.5Cmake.5Coutput.5Cobjects.5Crba_BswSrv_MemSet.3::
                          96 .LDWlin3:
0000003c 0830             97 	mov	r8,r6
0000003e 8232             98 	shr	2,r6
00000040 c8460300         99 	andi	3,r8,r8
                         100 .L14:
00000044 013d            101 	sst.w	r7,0[ep]
00000046 44f2            102 	add	4,ep
00000048 e6060500*       103 	loop	r6,.L14
                         104 .L10:
                         105 --line51
                         106 ..lin.C.3A.5C_ECU2.5CECU_Rivian_A1.5CTarget.5Crepo_projects.5CpRealEcu.5CcR_R2023.2E09.2E15.5Cmake.5Coutput.5Cobjects.5Crba_BswSrv_MemSet.4::
                         107 .LDWlin4:
0000004c 6242            108 	cmp	2,r8
0000004e c105*           109 	bl	.L15
                         110 --line54
                         111 ..lin.C.3A.5C_ECU2.5CECU_Rivian_A1.5CTarget.5Crepo_projects.5CpRealEcu.5CcR_R2023.2E09.2E15.5Cmake.5Coutput.5Cobjects.5Crba_BswSrv_MemSet.5::

                                                                      Page 3
                                                              C:\Users\nhuliyap\AppData\Local\Temp\gh_00008is1.s
                         112 .LDWlin5:
00000050 803c            113 	sst.h	r7,0[ep]
00000052 5e42            114 	add	-2,r8
00000054 42f2            115 	add	2,ep
                         116 .L15:
00000056 e041            117 	cmp	zero,r8
00000058 b205*           118 	be	.L2
                         119 --line61
                         120 ..lin.C.3A.5C_ECU2.5CECU_Rivian_A1.5CTarget.5Crepo_projects.5CpRealEcu.5CcR_R2023.2E09.2E15.5Cmake.5Coutput.5Cobjects.5Crba_BswSrv_MemSet.6::
                         121 .LDWlin6:
0000005a 803b            122 	sst.b	r7,0[ep]
0000005c 7f00            123 	jmp	[lp]
                         124 .L2:
                         125 --	    .ef
                         126 .LDW11:
                         127 --line63
                         128 ..lin.C.3A.5C_ECU2.5CECU_Rivian_A1.5CTarget.5Crepo_projects.5CpRealEcu.5CcR_R2023.2E09.2E15.5Cmake.5Coutput.5Cobjects.5Crba_BswSrv_MemSet.7::
                         129 .LDWlin7:
0000005e 7f00            130 	jmp	[lp]
                         131 	.global	___ghs_eofn_rba_BswSrv_MemSet
                         132 ___ghs_eofn_rba_BswSrv_MemSet:
                         133 	.type	_rba_BswSrv_MemSet,@function
                         134 	.size	_rba_BswSrv_MemSet,.-_rba_BswSrv_MemSet
                         135 	.align	2
                         136 --_adDest_u32	ep	local
                         137 --_xDest_pu32	ep	local
                         138 --_xDest_pu16	ep	local
                         139 --_xDest_pu8	ep	local
                         140 --_xPattern_u8	r7	local
                         141 --_ctLoop_u32	r6	local
                         142 
                         143 --_xDest_pv	r10	param
                         144 --_xPattern_u32	r7	param
                         145 --_numBytes_u32	r8	param
                         146 
                         147 	.section ".bss","awb"
                         148 .L1241:
                         149 	.type	.L1241,@object
                         150 	.size	.L1241,0
                         151 	.data
                         152 	.text
                         153 	.align	2
                         154 
                         155 	.data
                         156 	.ghsnote version,17
                         157 	.ghsnote tools,3
                         158 	.ghsnote options,144
                         159 	.text
                         160 	.align	2
                         161 ..eof.C.3A.5C_ECU2.5CECU_Rivian_A1.5CTarget.5Crepo_projects.5CpRealEcu.5CcR_R2023.2E09.2E15.5Cmake.5Coutput.5Cobjects.5Crba_BswSrv_MemSet...43.3A.5C_ECU2.5CECU_Rivian_A1.5CTarget.5Crepo_projects.5CpRealEcu.5CcR_R2023.2E09.2E15.5Cmake..65045C6B..0::
                         162 	.section	.debug_info
                         163 .Ldw_begin:
00000000 5d020000        164 	.word	.Ldw_end-.Ldw_begin-4
00000004 0200            165 	.byte	2,0
00000006 00000000*       166 	.word	.Ldw_abbr_begin
0000000a 04              167 	.byte	4
                         168 	.section	.debug_abbrev
                         169 .Ldw_abbr_begin:
                         170 	.section	.debug_info
0000000b 01              171 	.byte	1
0000000c 00000000*       172 	.word	..bof.C.3A.5C_ECU2.5CECU_Rivian_A1.5CTarget.5Crepo_projects.5CpRealEcu.5CcR_R2023.2E09.2E15.5Cmake.5Coutput.5Cobjects.5Crba_BswSrv_MemSet...43.3A.5C_ECU2.5CECU_Rivian_A1.5CTarget.5Crepo_projects.5CpRealEcu.5CcR_R2023.2E09.2E15.5Cmake..65045C6B..0

                                                                      Page 4
                                                              C:\Users\nhuliyap\AppData\Local\Temp\gh_00008is1.s
00000010 00000000*       173 	.word	..eof.C.3A.5C_ECU2.5CECU_Rivian_A1.5CTarget.5Crepo_projects.5CpRealEcu.5CcR_R2023.2E09.2E15.5Cmake.5Coutput.5Cobjects.5Crba_BswSrv_MemSet...43.3A.5C_ECU2.5CECU_Rivian_A1.5CTarget.5Crepo_projects.5CpRealEcu.5CcR_R2023.2E09.2E15.5Cmake..65045C6B..0
00000014 2e2e2f736f75    174 	.strz	"../source/wrappers/rba_BswSrv/rba_BswSrv_MemSet.c"
0000001a 7263652f7772 
00000020 617070657273 
00000026 2f7262615f42 
0000002c 73775372762f 
00000032 7262615f4273 
00000038 775372765f4d 
0000003e 656d5365742e 
00000044 6300 
00000046 433a5c5f4543    175 	.strz	"C:\\_ECU2\\ECU_Rivian_A1\\Target\\repo_projects\\pRealEcu\\cR_R2023.09.15\\make"
0000004c 55325c454355 
00000052 5f5269766961 
00000058 6e5f41315c54 
0000005e 61726765745c 
00000064 7265706f5f70 
0000006a 726f6a656374 
00000070 735c70526561 
00000076 6c4563755c63 
0000007c 525f52323032 
00000082 332e30392e31 
00000088 355c6d616b65 
0000008e 00 
0000008f 474853204320    176 	.strz	"GHS C 2015.1.7 [dual]"
00000095 323031352e31 
0000009b 2e37205b6475 
000000a1 616c5d00 
000000a5 0100            177 	.byte	1,0
000000a7 00000000*       178 	.word	.Ldw_line_begin
000000ab 00000000*       179 	.word	.Ldw_macinfo_begin
000000af 00              180 	.byte	0
                         181 
                         182 	.section	.debug_abbrev
00000000 01              183 	.byte	1
00000001 11              184 	.byte	17
00000002 01              185 	.byte	1
00000003 1101            186 	.byte	17,1
00000005 1201            187 	.byte	18,1
00000007 0308            188 	.byte	3,8
00000009 1b08            189 	.byte	27,8
0000000b 2508            190 	.byte	37,8
0000000d 1305            191 	.byte	19,5
0000000f 1006            192 	.byte	16,6
00000011 4306            193 	.byte	67,6
00000013 420b            194 	.byte	66,11
00000015 0000            195 	.byte	0,0
                         196 
                         197 	.section	.debug_line
                         198 .Ldw_line_begin:
00000000 6d020000        199 	.word	.Ldw_line_end-.Ldw_line_begin-4
00000004 0200            200 	.byte	2,0
00000006 00000000*       201 	.word	.Ldw_lpro_end-.Ldw_lpro_begin
                         202 .Ldw_lpro_begin:
0000000a 01              203 	.byte	1
0000000b 00              204 	.byte	0
0000000c 00              205 	.byte	0
0000000d 04              206 	.byte	4
0000000e 0a              207 	.byte	10
0000000f 000101          208 	.byte	0,1,1
00000012 010100          209 	.byte	1,1,0
00000015 000001          210 	.byte	0,0,1

                                                                      Page 5
                                                              C:\Users\nhuliyap\AppData\Local\Temp\gh_00008is1.s
00000018 00              211 	.byte	0
00000019 2e2e2f736f75    212 	.strz	"../source/wrappers/rba_BswSrv/rba_BswSrv_MemSet.c"
0000001f 7263652f7772 
00000025 617070657273 
0000002b 2f7262615f42 
00000031 73775372762f 
00000037 7262615f4273 
0000003d 775372765f4d 
00000043 656d5365742e 
00000049 6300 
0000004b 000000          213 	.byte	0,0,0
0000004e 2e2e2f736f75    214 	.strz	"../source/common/Std_Types.hpp"
00000054 7263652f636f 
0000005a 6d6d6f6e2f53 
00000060 74645f547970 
00000066 65732e687070 
0000006c 00 
0000006d 000000          215 	.byte	0,0,0
00000070 2e2e2f736f75    216 	.strz	"../source/common/Platform_Types.hpp"
00000076 7263652f636f 
0000007c 6d6d6f6e2f50 
00000082 6c6174666f72 
00000088 6d5f54797065 
0000008e 732e68707000 
00000094 000000          217 	.byte	0,0,0
00000097 2e2e2f736f75    218 	.strz	"../source/common/Compiler.hpp"
0000009d 7263652f636f 
000000a3 6d6d6f6e2f43 
000000a9 6f6d70696c65 
000000af 722e68707000 
000000b5 000000          219 	.byte	0,0,0
000000b8 2e2e2f736f75    220 	.strz	"../source/ProjectCompiler/Compiler_Cfg.hpp"
000000be 7263652f5072 
000000c4 6f6a65637443 
000000ca 6f6d70696c65 
000000d0 722f436f6d70 
000000d6 696c65725f43 
000000dc 66672e687070 
000000e2 00 
000000e3 000000          221 	.byte	0,0,0
000000e6 2e2e2f736f75    222 	.strz	"../source/ProjectCompiler/CompilerCfg_SwcServiceOs.hpp"
000000ec 7263652f5072 
000000f2 6f6a65637443 
000000f8 6f6d70696c65 
000000fe 722f436f6d70 
00000104 696c65724366 
0000010a 675f53776353 
00000110 657276696365 
00000116 4f732e687070 
0000011c 00 
0000011d 000000          223 	.byte	0,0,0
00000120 2e2e2f736f75    224 	.strz	"../source/wrappers/rba_BswSrv/rba_BswSrv.hpp"
00000126 7263652f7772 
0000012c 617070657273 
00000132 2f7262615f42 
00000138 73775372762f 
0000013e 7262615f4273 
00000144 775372762e68 
0000014a 707000 
0000014d 000000          225 	.byte	0,0,0
00000150 2e2e2f736f75    226 	.strz	"../source/ProjectCompiler/rba_BswSrv_MemMap.hpp"

                                                                      Page 6
                                                              C:\Users\nhuliyap\AppData\Local\Temp\gh_00008is1.s
00000156 7263652f5072 
0000015c 6f6a65637443 
00000162 6f6d70696c65 
00000168 722f7262615f 
0000016e 427377537276 
00000174 5f4d656d4d61 
0000017a 702e68707000 
00000180 000000          227 	.byte	0,0,0
00000183 2e2e2f736f75    228 	.strz	"../source/ProjectCompiler/Bsw_MemMap.hpp"
00000189 7263652f5072 
0000018f 6f6a65637443 
00000195 6f6d70696c65 
0000019b 722f4273775f 
000001a1 4d656d4d6170 
000001a7 2e68707000 
000001ac 000000          229 	.byte	0,0,0
000001af 2e2e2f736f75    230 	.strz	"../source/ProjectCompiler/MemMap_Common.hpp"
000001b5 7263652f5072 
000001bb 6f6a65637443 
000001c1 6f6d70696c65 
000001c7 722f4d656d4d 
000001cd 61705f436f6d 
000001d3 6d6f6e2e6870 
000001d9 7000 
000001db 000000          231 	.byte	0,0,0
000001de 00              232 	.byte	0
                         233 .Ldw_lpro_end:
                         234 	.section	.debug_macinfo
                         235 .Ldw_macinfo_begin:
                         236 	.section	.debug_frame
                         237 .LDW_4c606f8:
00000000 00000000*       238 	.word	.LDW_unq_2-.LDW_unq_1
                         239 .LDW_unq_1:
00000004 ffffffff        240 	.byte	255,255,255,255
00000008 01              241 	.byte	1
00000009 00              242 	.byte	0
0000000a 01              243 	.byte	1
0000000b 01              244 	.byte	1
0000000c 1f              245 	.byte	31
0000000d 0c              246 	.byte	12
0000000e 03              247 	.byte	3
0000000f 00              248 	.byte	0
00000010 07              249 	.byte	7
00000011 00              250 	.byte	0
00000012 07              251 	.byte	7
00000013 01              252 	.byte	1
00000014 07              253 	.byte	7
00000015 02              254 	.byte	2
00000016 07              255 	.byte	7
00000017 03              256 	.byte	3
00000018 07              257 	.byte	7
00000019 04              258 	.byte	4
0000001a 07              259 	.byte	7
0000001b 05              260 	.byte	5
0000001c 07              261 	.byte	7
0000001d 06              262 	.byte	6
0000001e 07              263 	.byte	7
0000001f 07              264 	.byte	7
00000020 07              265 	.byte	7
00000021 08              266 	.byte	8
00000022 07              267 	.byte	7

                                                                      Page 7
                                                              C:\Users\nhuliyap\AppData\Local\Temp\gh_00008is1.s
00000023 09              268 	.byte	9
00000024 07              269 	.byte	7
00000025 0a              270 	.byte	10
00000026 07              271 	.byte	7
00000027 0b              272 	.byte	11
00000028 07              273 	.byte	7
00000029 0c              274 	.byte	12
0000002a 07              275 	.byte	7
0000002b 0d              276 	.byte	13
0000002c 07              277 	.byte	7
0000002d 0e              278 	.byte	14
0000002e 07              279 	.byte	7
0000002f 0f              280 	.byte	15
00000030 07              281 	.byte	7
00000031 10              282 	.byte	16
00000032 07              283 	.byte	7
00000033 11              284 	.byte	17
00000034 07              285 	.byte	7
00000035 12              286 	.byte	18
00000036 07              287 	.byte	7
00000037 13              288 	.byte	19
00000038 08              289 	.byte	8
00000039 14              290 	.byte	20
0000003a 08              291 	.byte	8
0000003b 15              292 	.byte	21
0000003c 08              293 	.byte	8
0000003d 16              294 	.byte	22
0000003e 08              295 	.byte	8
0000003f 17              296 	.byte	23
00000040 08              297 	.byte	8
00000041 18              298 	.byte	24
00000042 08              299 	.byte	8
00000043 19              300 	.byte	25
00000044 08              301 	.byte	8
00000045 1a              302 	.byte	26
00000046 08              303 	.byte	8
00000047 1b              304 	.byte	27
00000048 08              305 	.byte	8
00000049 1c              306 	.byte	28
0000004a 08              307 	.byte	8
0000004b 1d              308 	.byte	29
0000004c 07              309 	.byte	7
0000004d 1e              310 	.byte	30
0000004e 08              311 	.byte	8
0000004f 1f              312 	.byte	31
00000050 07              313 	.byte	7
00000051 20              314 	.byte	32
00000052 07              315 	.byte	7
00000053 21              316 	.byte	33
00000054 07              317 	.byte	7
00000055 22              318 	.byte	34
00000056 07              319 	.byte	7
00000057 23              320 	.byte	35
00000058 07              321 	.byte	7
00000059 24              322 	.byte	36
0000005a 07              323 	.byte	7
0000005b 25              324 	.byte	37
0000005c 07              325 	.byte	7
0000005d 26              326 	.byte	38
0000005e 07              327 	.byte	7
0000005f 27              328 	.byte	39

                                                                      Page 8
                                                              C:\Users\nhuliyap\AppData\Local\Temp\gh_00008is1.s
00000060 07              329 	.byte	7
00000061 28              330 	.byte	40
00000062 07              331 	.byte	7
00000063 29              332 	.byte	41
00000064 07              333 	.byte	7
00000065 2a              334 	.byte	42
00000066 07              335 	.byte	7
00000067 2b              336 	.byte	43
00000068 07              337 	.byte	7
00000069 2c              338 	.byte	44
0000006a 07              339 	.byte	7
0000006b 2d              340 	.byte	45
0000006c 07              341 	.byte	7
0000006d 2e              342 	.byte	46
0000006e 07              343 	.byte	7
0000006f 2f              344 	.byte	47
00000070 07              345 	.byte	7
00000071 30              346 	.byte	48
00000072 07              347 	.byte	7
00000073 31              348 	.byte	49
00000074 07              349 	.byte	7
00000075 32              350 	.byte	50
00000076 07              351 	.byte	7
00000077 33              352 	.byte	51
00000078 07              353 	.byte	7
00000079 34              354 	.byte	52
0000007a 07              355 	.byte	7
0000007b 35              356 	.byte	53
0000007c 07              357 	.byte	7
0000007d 36              358 	.byte	54
0000007e 07              359 	.byte	7
0000007f 37              360 	.byte	55
00000080 07              361 	.byte	7
00000081 38              362 	.byte	56
00000082 07              363 	.byte	7
00000083 39              364 	.byte	57
00000084 07              365 	.byte	7
00000085 3a              366 	.byte	58
00000086 07              367 	.byte	7
00000087 3b              368 	.byte	59
00000088 07              369 	.byte	7
00000089 3c              370 	.byte	60
0000008a 07              371 	.byte	7
0000008b 3d              372 	.byte	61
0000008c 07              373 	.byte	7
0000008d 3e              374 	.byte	62
0000008e 07              375 	.byte	7
0000008f 3f              376 	.byte	63
                         377 .LDW_unq_2:
                         378 	.section	.debug_info
                         379 .LDW_4986b38:
000000b0 25              380 	.byte	37
000000b1 756e7369676e    381 	.strz	"unsigned long"
000000b7 6564206c6f6e 
000000bd 6700 
000000bf 07              382 	.byte	7
000000c0 04              383 	.byte	4
                         384 
                         385 	.section	.debug_abbrev
00000017 25              386 	.byte	37
00000018 24              387 	.byte	36

                                                                      Page 9
                                                              C:\Users\nhuliyap\AppData\Local\Temp\gh_00008is1.s
00000019 00              388 	.byte	0
0000001a 0308            389 	.byte	3,8
0000001c 3e0b            390 	.byte	62,11
0000001e 0b0b            391 	.byte	11,11
00000020 0000            392 	.byte	0,0
                         393 
                         394 	.section	.debug_info
                         395 .LDW_4986fd0:
000000c1 25              396 	.byte	37
000000c2 756e7369676e    397 	.strz	"unsigned short"
000000c8 65642073686f 
000000ce 727400 
000000d1 07              398 	.byte	7
000000d2 02              399 	.byte	2
                         400 
                         401 .LDW_4986a58:
000000d3 2f              402 	.byte	47
000000d4 00000000*       403 	.word	.LDW_499ba88
                         404 
                         405 	.section	.debug_abbrev
00000022 2f              406 	.byte	47
00000023 0f              407 	.byte	15
00000024 00              408 	.byte	0
00000025 4910            409 	.byte	73,16
00000027 0000            410 	.byte	0,0
                         411 
                         412 	.section	.debug_info
                         413 .LDW_4987078:
000000d8 2f              414 	.byte	47
000000d9 00000000*       415 	.word	.LDW_49ceed8
                         416 
                         417 .LDW_49870e8:
000000dd 25              418 	.byte	37
000000de 756e7369676e    419 	.strz	"unsigned char"
000000e4 656420636861 
000000ea 7200 
000000ec 08              420 	.byte	8
000000ed 01              421 	.byte	1
                         422 
                         423 .LDW_4987040:
000000ee 2f              424 	.byte	47
000000ef 00000000*       425 	.word	.LDW_4c5bb20
                         426 
                         427 .LDW_4c37088:
000000f3 25              428 	.byte	37
000000f4 766f69642a00    429 	.strz	"void*"
000000fa 01              430 	.byte	1
000000fb 04              431 	.byte	4
                         432 
                         433 .LDW_4c37670:
000000fc 25              434 	.byte	37
000000fd 6c6f6e6700      435 	.strz	"long"
00000102 05              436 	.byte	5
00000103 04              437 	.byte	4
                         438 
                         439 .LDW_4c37018:
00000104 44              440 	.byte	68
00000105 00000000*       441 	.word	.LDW_4c37088
00000109 01              442 	.byte	1
                         443 
                         444 	.section	.debug_abbrev

                                                                      Page 10
                                                              C:\Users\nhuliyap\AppData\Local\Temp\gh_00008is1.s
00000029 44              445 	.byte	68
0000002a 15              446 	.byte	21
0000002b 01              447 	.byte	1
0000002c 4910            448 	.byte	73,16
0000002e 270c            449 	.byte	39,12
00000030 0000            450 	.byte	0,0
                         451 
                         452 	.section	.debug_info
                         453 .LDW_49c8810:
0000010a 12              454 	.byte	18
0000010b 00000000*       455 	.word	.LDW_4c37088
0000010f 00              456 	.byte	0
                         457 
                         458 	.section	.debug_abbrev
00000032 12              459 	.byte	18
00000033 05              460 	.byte	5
00000034 00              461 	.byte	0
00000035 4910            462 	.byte	73,16
00000037 4b0c            463 	.byte	75,12
00000039 0000            464 	.byte	0,0
                         465 
                         466 	.section	.debug_info
                         467 .LDW_49c8840:
00000110 12              468 	.byte	18
00000111 00000000*       469 	.word	.LDW_4c25ec0
00000115 00              470 	.byte	0
                         471 
                         472 .LDW_49c8ab0:
00000116 12              473 	.byte	18
00000117 00000000*       474 	.word	.LDW_499ba88
0000011b 00              475 	.byte	0
                         476 
0000011c 00              477 	.byte	0
                         478 
                         479 .LDW_4c5bb20:
0000011d 28              480 	.byte	40
0000011e 75696e743800    481 	.strz	"uint8"
00000124 50              482 	.byte	80
00000125 4b              483 	.byte	75
00000126 03              484 	.byte	3
00000127 00000000*       485 	.word	.LDW_49870e8
                         486 
                         487 	.section	.debug_abbrev
0000003b 28              488 	.byte	40
0000003c 16              489 	.byte	22
0000003d 00              490 	.byte	0
0000003e 0308            491 	.byte	3,8
00000040 3b0f            492 	.byte	59,15
00000042 390f            493 	.byte	57,15
00000044 3a0f            494 	.byte	58,15
00000046 4910            495 	.byte	73,16
00000048 0000            496 	.byte	0,0
                         497 
                         498 	.section	.debug_info
                         499 .LDW_49ceed8:
0000012b 28              500 	.byte	40
0000012c 75696e743136    501 	.strz	"uint16"
00000132 00 
00000133 52              502 	.byte	82
00000134 4a              503 	.byte	74
00000135 03              504 	.byte	3

                                                                      Page 11
                                                              C:\Users\nhuliyap\AppData\Local\Temp\gh_00008is1.s
00000136 00000000*       505 	.word	.LDW_4986fd0
                         506 
                         507 .LDW_4c25ec0:
0000013a 28              508 	.byte	40
0000013b 73696e743332    509 	.strz	"sint32"
00000141 00 
00000142 53              510 	.byte	83
00000143 4a              511 	.byte	74
00000144 03              512 	.byte	3
00000145 00000000*       513 	.word	.LDW_4c37670
                         514 
                         515 .LDW_499ba88:
00000149 28              516 	.byte	40
0000014a 75696e743332    517 	.strz	"uint32"
00000150 00 
00000151 54              518 	.byte	84
00000152 4a              519 	.byte	74
00000153 03              520 	.byte	3
00000154 00000000*       521 	.word	.LDW_4986b38
                         522 
                         523 .LDW_4c37818:
00000158 14              524 	.byte	20
00000159 7262615f4273    525 	.strz	"rba_BswSrv_MemSet"
0000015f 775372765f4d 
00000165 656d53657400 
0000016b 07              526 	.byte	7
0000016c 07              527 	.byte	7
0000016d 01              528 	.byte	1
0000016e 00000000*       529 	.word	.LDW_4c37088
00000172 00000000*       530 	.word	_rba_BswSrv_MemSet
00000176 00000000*       531 	.word	___ghs_eofn_rba_BswSrv_MemSet
0000017a 0153            532 	.byte	1,83
0000017c 02              533 	.byte	2
0000017d 00              534 	.byte	0
0000017e 02              535 	.byte	2
0000017f 00              536 	.byte	0
00000180 00              537 	.byte	0
00000181 00              538 	.byte	0
00000182 00              539 	.byte	0
00000183 01              540 	.byte	1
00000184 01              541 	.byte	1
00000185 00              542 	.byte	0
00000186 01              543 	.byte	1
                         544 
                         545 	.section	.debug_abbrev
0000004a 14              546 	.byte	20
0000004b 2e              547 	.byte	46
0000004c 01              548 	.byte	1
0000004d 0308            549 	.byte	3,8
0000004f 3b0f            550 	.byte	59,15
00000051 390f            551 	.byte	57,15
00000053 3a0f            552 	.byte	58,15
00000055 4910            553 	.byte	73,16
00000057 1101            554 	.byte	17,1
00000059 1201            555 	.byte	18,1
0000005b 400a            556 	.byte	64,10
0000005d 8341            557 	.byte	131,65
0000005f 0f              558 	.byte	15
00000060 8741            559 	.byte	135,65
00000062 0d              560 	.byte	13
00000063 8541            561 	.byte	133,65

                                                                      Page 12
                                                              C:\Users\nhuliyap\AppData\Local\Temp\gh_00008is1.s
00000065 0f              562 	.byte	15
00000066 8641            563 	.byte	134,65
00000068 0d              564 	.byte	13
00000069 9241            565 	.byte	146,65
0000006b 0f              566 	.byte	15
0000006c 3c0c            567 	.byte	60,12
0000006e 200b            568 	.byte	32,11
00000070 3f0c            569 	.byte	63,12
00000072 320b            570 	.byte	50,11
00000074 4c0b            571 	.byte	76,11
00000076 270c            572 	.byte	39,12
00000078 0000            573 	.byte	0,0
                         574 
                         575 	.section	.debug_frame
                         576 .LDW_49b2b10:
00000090 00000000*       577 	.word	.LDW_unq_4-.LDW_unq_3
                         578 .LDW_unq_3:
00000094 00000000*       579 	.word	.LDW_4c606f8
00000098 00000000*       580 	.word	_rba_BswSrv_MemSet
0000009c 00000000*       581 	.word	___ghs_eofn_rba_BswSrv_MemSet-_rba_BswSrv_MemSet
000000a0 01              582 	.byte	1
000000a1 00000000*       583 	.word	.LDW11
000000a5 00              584 	.byte	0
000000a6 00              585 	.byte	0
000000a7 00              586 	.byte	0
                         587 .LDW_unq_4:
                         588 	.section	.debug_line
000001df 000502          589 	.byte	0,5,2
000001e2 00000000*       590 	.word	_rba_BswSrv_MemSet
000001e6 03              591 	.byte	3
000001e7 07              592 	.byte	7
000001e8 02              593 	.byte	2
000001e9 00              594 	.byte	0
000001ea 01              595 	.byte	1
000001eb 06              596 	.byte	6
000001ec 03              597 	.byte	3
000001ed 06              598 	.byte	6
000001ee 02              599 	.byte	2
000001ef 02              600 	.byte	2
000001f0 01              601 	.byte	1
000001f1 15              602 	.byte	21
000001f2 03              603 	.byte	3
000001f3 79              604 	.byte	121
000001f4 02              605 	.byte	2
000001f5 10              606 	.byte	16
000001f6 01              607 	.byte	1
000001f7 03              608 	.byte	3
000001f8 09              609 	.byte	9
000001f9 02              610 	.byte	2
000001fa 02              611 	.byte	2
000001fb 01              612 	.byte	1
000001fc 000502          613 	.byte	0,5,2
000001ff 00000000*       614 	.word	.LDWlin1
00000203 03              615 	.byte	3
00000204 05              616 	.byte	5
00000205 02              617 	.byte	2
00000206 00              618 	.byte	0
00000207 01              619 	.byte	1
00000208 03              620 	.byte	3
00000209 7c              621 	.byte	124
0000020a 02              622 	.byte	2

                                                                      Page 13
                                                              C:\Users\nhuliyap\AppData\Local\Temp\gh_00008is1.s
0000020b 02              623 	.byte	2
0000020c 01              624 	.byte	1
0000020d 0d              625 	.byte	13
0000020e 14              626 	.byte	20
0000020f 1b              627 	.byte	27
00000210 02              628 	.byte	2
00000211 00              629 	.byte	0
00000212 0c              630 	.byte	12
00000213 000502          631 	.byte	0,5,2
00000216 00000000*       632 	.word	.LDWlin2
0000021a 03              633 	.byte	3
0000021b 05              634 	.byte	5
0000021c 02              635 	.byte	2
0000021d 00              636 	.byte	0
0000021e 01              637 	.byte	1
0000021f 03              638 	.byte	3
00000220 7c              639 	.byte	124
00000221 02              640 	.byte	2
00000222 02              641 	.byte	2
00000223 01              642 	.byte	1
00000224 0d              643 	.byte	13
00000225 14              644 	.byte	20
00000226 13              645 	.byte	19
00000227 02              646 	.byte	2
00000228 00              647 	.byte	0
00000229 0d              648 	.byte	13
0000022a 000502          649 	.byte	0,5,2
0000022d 00000000*       650 	.word	.LDWlin3
00000231 0b              651 	.byte	11
00000232 0b              652 	.byte	11
00000233 1b              653 	.byte	27
00000234 1b              654 	.byte	27
00000235 0c              655 	.byte	12
00000236 13              656 	.byte	19
00000237 14              657 	.byte	20
00000238 000502          658 	.byte	0,5,2
0000023b 00000000*       659 	.word	.LDWlin4
0000023f 02              660 	.byte	2
00000240 00              661 	.byte	0
00000241 0b              662 	.byte	11
00000242 02              663 	.byte	2
00000243 00              664 	.byte	0
00000244 0d              665 	.byte	13
00000245 000502          666 	.byte	0,5,2
00000248 00000000*       667 	.word	.LDWlin5
0000024c 0d              668 	.byte	13
0000024d 03              669 	.byte	3
0000024e 7e              670 	.byte	126
0000024f 02              671 	.byte	2
00000250 02              672 	.byte	2
00000251 01              673 	.byte	1
00000252 0b              674 	.byte	11
00000253 14              675 	.byte	20
00000254 13              676 	.byte	19
00000255 02              677 	.byte	2
00000256 00              678 	.byte	0
00000257 0d              679 	.byte	13
00000258 000502          680 	.byte	0,5,2
0000025b 00000000*       681 	.word	.LDWlin6
0000025f 0b              682 	.byte	11
00000260 0b              683 	.byte	11

                                                                      Page 14
                                                              C:\Users\nhuliyap\AppData\Local\Temp\gh_00008is1.s
00000261 000502          684 	.byte	0,5,2
00000264 00000000*       685 	.word	.LDWlin7
00000268 0b              686 	.byte	11
00000269 02              687 	.byte	2
0000026a 00              688 	.byte	0
0000026b 0b              689 	.byte	11
0000026c 02              690 	.byte	2
0000026d 02              691 	.byte	2
0000026e 000101          692 	.byte	0,1,1
                         693 	.section	.debug_info
                         694 .LDW_4c260d0:
00000187 0f              695 	.byte	15
00000188 78446573745f    696 	.strz	"xDest_pv"
0000018e 707600 
00000191 07              697 	.byte	7
00000192 1f              698 	.byte	31
00000193 01              699 	.byte	1
00000194 00000000*       700 	.word	.LDW_4c37088
00000198 00              701 	.byte	0
00000199 015a            702 	.byte	1,90
                         703 
                         704 	.section	.debug_abbrev
0000007a 0f              705 	.byte	15
0000007b 05              706 	.byte	5
0000007c 00              707 	.byte	0
0000007d 0308            708 	.byte	3,8
0000007f 3b0f            709 	.byte	59,15
00000081 390f            710 	.byte	57,15
00000083 3a0f            711 	.byte	58,15
00000085 4910            712 	.byte	73,16
00000087 4b0c            713 	.byte	75,12
00000089 020a            714 	.byte	2,10
0000008b 0000            715 	.byte	0,0
                         716 
                         717 	.section	.debug_info
                         718 .LDW_4c26650:
0000019b 0f              719 	.byte	15
0000019c 785061747465    720 	.strz	"xPattern_u32"
000001a2 726e5f753332 
000001a8 00 
000001a9 07              721 	.byte	7
000001aa 30              722 	.byte	48
000001ab 01              723 	.byte	1
000001ac 00000000*       724 	.word	.LDW_4c25ec0
000001b0 00              725 	.byte	0
000001b1 0157            726 	.byte	1,87
                         727 
                         728 .LDW_4c265a0:
000001b3 0f              729 	.byte	15
000001b4 6e756d427974    730 	.strz	"numBytes_u32"
000001ba 65735f753332 
000001c0 00 
000001c1 07              731 	.byte	7
000001c2 45              732 	.byte	69
000001c3 01              733 	.byte	1
000001c4 00000000*       734 	.word	.LDW_499ba88
000001c8 00              735 	.byte	0
000001c9 0158            736 	.byte	1,88
                         737 
                         738 .LDW_49c8ae0:
000001cb 1d              739 	.byte	29

                                                                      Page 15
                                                              C:\Users\nhuliyap\AppData\Local\Temp\gh_00008is1.s
000001cc 00000000*       740 	.word	.LDW01
000001d0 00000000*       741 	.word	.LDW11
                         742 
                         743 	.section	.debug_abbrev
0000008d 1d              744 	.byte	29
0000008e 0b              745 	.byte	11
0000008f 01              746 	.byte	1
00000090 1101            747 	.byte	17,1
00000092 1201            748 	.byte	18,1
00000094 0000            749 	.byte	0,0
                         750 
                         751 	.section	.debug_info
                         752 .LDW_4c26128:
000001d4 04              753 	.byte	4
000001d5 616444657374    754 	.strz	"adDest_u32"
000001db 5f75333200 
000001e0 0a              755 	.byte	10
000001e1 0c              756 	.byte	12
000001e2 01              757 	.byte	1
000001e3 00000000*       758 	.word	.LDW_499ba88
000001e7 00              759 	.byte	0
000001e8 00              760 	.byte	0
000001e9 016e            761 	.byte	1,110
                         762 
                         763 	.section	.debug_abbrev
00000096 04              764 	.byte	4
00000097 34              765 	.byte	52
00000098 00              766 	.byte	0
00000099 0308            767 	.byte	3,8
0000009b 3b0f            768 	.byte	59,15
0000009d 390f            769 	.byte	57,15
0000009f 3a0f            770 	.byte	58,15
000000a1 4910            771 	.byte	73,16
000000a3 3f0c            772 	.byte	63,12
000000a5 3c0c            773 	.byte	60,12
000000a7 020a            774 	.byte	2,10
000000a9 0000            775 	.byte	0,0
                         776 
                         777 	.section	.debug_info
                         778 .LDW_4c263e8:
000001eb 04              779 	.byte	4
000001ec 78446573745f    780 	.strz	"xDest_pu32"
000001f2 7075333200 
000001f7 0b              781 	.byte	11
000001f8 0c              782 	.byte	12
000001f9 01              783 	.byte	1
000001fa 00000000*       784 	.word	.LDW_4986a58
000001fe 00              785 	.byte	0
000001ff 00              786 	.byte	0
00000200 016e            787 	.byte	1,110
                         788 
                         789 .LDW_4c265f8:
00000202 04              790 	.byte	4
00000203 78446573745f    791 	.strz	"xDest_pu16"
00000209 7075313600 
0000020e 0c              792 	.byte	12
0000020f 0c              793 	.byte	12
00000210 01              794 	.byte	1
00000211 00000000*       795 	.word	.LDW_4987078
00000215 00              796 	.byte	0
00000216 00              797 	.byte	0

                                                                      Page 16
                                                              C:\Users\nhuliyap\AppData\Local\Temp\gh_00008is1.s
00000217 016e            798 	.byte	1,110
                         799 
                         800 .LDW_4c261d8:
00000219 04              801 	.byte	4
0000021a 78446573745f    802 	.strz	"xDest_pu8"
00000220 70753800 
00000224 0d              803 	.byte	13
00000225 0b              804 	.byte	11
00000226 01              805 	.byte	1
00000227 00000000*       806 	.word	.LDW_4987040
0000022b 00              807 	.byte	0
0000022c 00              808 	.byte	0
0000022d 016e            809 	.byte	1,110
                         810 
                         811 .LDW_4c26700:
0000022f 04              812 	.byte	4
00000230 785061747465    813 	.strz	"xPattern_u8"
00000236 726e5f753800 
0000023c 0e              814 	.byte	14
0000023d 0b              815 	.byte	11
0000023e 01              816 	.byte	1
0000023f 00000000*       817 	.word	.LDW_4c5bb20
00000243 00              818 	.byte	0
00000244 00              819 	.byte	0
00000245 0157            820 	.byte	1,87
                         821 
                         822 .LDW_4c26230:
00000247 04              823 	.byte	4
00000248 63744c6f6f70    824 	.strz	"ctLoop_u32"
0000024e 5f75333200 
00000253 0f              825 	.byte	15
00000254 0b              826 	.byte	11
00000255 01              827 	.byte	1
00000256 00000000*       828 	.word	.LDW_499ba88
0000025a 00              829 	.byte	0
0000025b 00              830 	.byte	0
0000025c 0156            831 	.byte	1,86
                         832 
0000025e 00              833 	.byte	0
                         834 
0000025f 00              835 	.byte	0
                         836 
00000260 00              837 	.byte	0
                         838 
                         839 	.section	.debug_line
                         840 .Ldw_line_end:
                         841 	.section	.debug_macinfo
00000000 01              842 	.byte	1
00000001 00              843 	.byte	0
00000002 5f5f6768735f    844 	.strz	"__ghs__ 1"
00000008 5f203100 
0000000c 01              845 	.byte	1
0000000d 00              846 	.byte	0
0000000e 5f5f4c4c4f4e    847 	.strz	"__LLONG_BIT 64"
00000014 475f42495420 
0000001a 363400 
0000001d 01              848 	.byte	1
0000001e 00              849 	.byte	0
0000001f 4e4f545f5245    850 	.strz	"NOT_READY_FOR_TESTING_OR_DEPLOYMENT 1"
00000025 4144595f464f 
0000002b 525f54455354 

                                                                      Page 17
                                                              C:\Users\nhuliyap\AppData\Local\Temp\gh_00008is1.s
00000031 494e475f4f52 
00000037 5f4445504c4f 
0000003d 594d454e5420 
00000043 3100 
00000045 03              851 	.byte	3
00000046 00              852 	.byte	0
00000047 01              853 	.byte	1
00000048 03              854 	.byte	3
00000049 01              855 	.byte	1
0000004a 02              856 	.byte	2
0000004b 03              857 	.byte	3
0000004c 1c              858 	.byte	28
0000004d 03              859 	.byte	3
0000004e 04              860 	.byte	4
0000004f 03              861 	.byte	3
00000050 1d              862 	.byte	29
00000051 04              863 	.byte	4
00000052 03              864 	.byte	3
00000053 1b              865 	.byte	27
00000054 05              866 	.byte	5
00000055 03              867 	.byte	3
00000056 54              868 	.byte	84
00000057 06              869 	.byte	6
00000058 04              870 	.byte	4
00000059 04              871 	.byte	4
0000005a 01              872 	.byte	1
0000005b 33              873 	.byte	51
0000005c 4c4f43414c5f    874 	.strz	"LOCAL_INLINE static inline"
00000062 494e4c494e45 
00000068 207374617469 
0000006e 6320696e6c69 
00000074 6e6500 
00000077 04              875 	.byte	4
00000078 04              876 	.byte	4
00000079 03              877 	.byte	3
0000007a 03              878 	.byte	3
0000007b 07              879 	.byte	7
0000007c 01              880 	.byte	1
0000007d 10              881 	.byte	16
0000007e 5242415f4253    882 	.strz	"RBA_BSWSRV_START_SEC_CODE "
00000084 575352565f53 
0000008a 544152545f53 
00000090 45435f434f44 
00000096 452000 
00000099 03              883 	.byte	3
0000009a 11              884 	.byte	17
0000009b 08              885 	.byte	8
0000009c 01              886 	.byte	1
0000009d 37              887 	.byte	55
0000009e 4253575f5354    888 	.strz	"BSW_START_SEC_DEFAULT_CODE "
000000a4 4152545f5345 
000000aa 435f44454641 
000000b0 554c545f434f 
000000b6 44452000 
000000ba 03              889 	.byte	3
000000bb 38              890 	.byte	56
000000bc 09              891 	.byte	9
000000bd 01              892 	.byte	1
000000be d308            893 	.byte	211,8
000000c0 53544152545f    894 	.strz	"START_SEC_CODE "
000000c6 5345435f434f 

                                                                      Page 18
                                                              C:\Users\nhuliyap\AppData\Local\Temp\gh_00008is1.s
000000cc 44452000 
000000d0 03              895 	.byte	3
000000d1 bb09            896 	.byte	187,9
000000d3 0a              897 	.byte	10
000000d4 01              898 	.byte	1
000000d5 f307            899 	.byte	243,7
000000d7 434f44455f53    900 	.strz	"CODE_SEC_OPEN "
000000dd 45435f4f5045 
000000e3 4e2000 
000000e6 04              901 	.byte	4
000000e7 04              902 	.byte	4
000000e8 04              903 	.byte	4
000000e9 01              904 	.byte	1
000000ea 15              905 	.byte	21
000000eb 5242415f4253    906 	.strz	"RBA_BSWSRV_STOP_SEC_CODE "
000000f1 575352565f53 
000000f7 544f505f5345 
000000fd 435f434f4445 
00000103 2000 
00000105 03              907 	.byte	3
00000106 16              908 	.byte	22
00000107 08              909 	.byte	8
00000108 01              910 	.byte	1
00000109 3b              911 	.byte	59
0000010a 4253575f5354    912 	.strz	"BSW_STOP_SEC_DEFAULT_CODE "
00000110 4f505f534543 
00000116 5f4445464155 
0000011c 4c545f434f44 
00000122 452000 
00000125 03              913 	.byte	3
00000126 3c              914 	.byte	60
00000127 09              915 	.byte	9
00000128 01              916 	.byte	1
00000129 d608            917 	.byte	214,8
0000012b 53544f505f53    918 	.strz	"STOP_SEC_CODE "
00000131 45435f434f44 
00000137 452000 
0000013a 03              919 	.byte	3
0000013b bb09            920 	.byte	187,9
0000013d 0a              921 	.byte	10
0000013e 04              922 	.byte	4
0000013f 04              923 	.byte	4
00000140 04              924 	.byte	4
00000141 04              925 	.byte	4
00000142 01              926 	.byte	1
00000143 05              927 	.byte	5
00000144 5242415f4253    928 	.strz	"RBA_BSWSRV_START_SEC_CODE "
0000014a 575352565f53 
00000150 544152545f53 
00000156 45435f434f44 
0000015c 452000 
0000015f 03              929 	.byte	3
00000160 06              930 	.byte	6
00000161 08              931 	.byte	8
00000162 01              932 	.byte	1
00000163 37              933 	.byte	55
00000164 4253575f5354    934 	.strz	"BSW_START_SEC_DEFAULT_CODE "
0000016a 4152545f5345 
00000170 435f44454641 
00000176 554c545f434f 
0000017c 44452000 

                                                                      Page 19
                                                              C:\Users\nhuliyap\AppData\Local\Temp\gh_00008is1.s
00000180 03              935 	.byte	3
00000181 38              936 	.byte	56
00000182 09              937 	.byte	9
00000183 01              938 	.byte	1
00000184 d308            939 	.byte	211,8
00000186 53544152545f    940 	.strz	"START_SEC_CODE "
0000018c 5345435f434f 
00000192 44452000 
00000196 03              941 	.byte	3
00000197 bb09            942 	.byte	187,9
00000199 0a              943 	.byte	10
0000019a 01              944 	.byte	1
0000019b f307            945 	.byte	243,7
0000019d 434f44455f53    946 	.strz	"CODE_SEC_OPEN "
000001a3 45435f4f5045 
000001a9 4e2000 
000001ac 04              947 	.byte	4
000001ad 04              948 	.byte	4
000001ae 04              949 	.byte	4
000001af 01              950 	.byte	1
000001b0 42              951 	.byte	66
000001b1 5242415f4253    952 	.strz	"RBA_BSWSRV_STOP_SEC_CODE "
000001b7 575352565f53 
000001bd 544f505f5345 
000001c3 435f434f4445 
000001c9 2000 
000001cb 03              953 	.byte	3
000001cc 43              954 	.byte	67
000001cd 08              955 	.byte	8
000001ce 01              956 	.byte	1
000001cf 3b              957 	.byte	59
000001d0 4253575f5354    958 	.strz	"BSW_STOP_SEC_DEFAULT_CODE "
000001d6 4f505f534543 
000001dc 5f4445464155 
000001e2 4c545f434f44 
000001e8 452000 
000001eb 03              959 	.byte	3
000001ec 3c              960 	.byte	60
000001ed 09              961 	.byte	9
000001ee 01              962 	.byte	1
000001ef d608            963 	.byte	214,8
000001f1 53544f505f53    964 	.strz	"STOP_SEC_CODE "
000001f7 45435f434f44 
000001fd 452000 
00000200 03              965 	.byte	3
00000201 bb09            966 	.byte	187,9
00000203 0a              967 	.byte	10
00000204 04              968 	.byte	4
00000205 04              969 	.byte	4
00000206 04              970 	.byte	4
00000207 04              971 	.byte	4
00000208 00              972 	.byte	0
                         973 	.section	.debug_abbrev
000000ab 00              974 	.byte	0
                         975 	.section	.debug_info
                         976 .Ldw_end:
                         977 .rh850_flags REGMODE32,DATA_ALIGN8,GP_FIX,EP_NONFIX,TP_FIX,REG2_RESERVE,G3K,GHS_MISALIGN,SDA_EXTRA_REGS_0
