                                                                      Page 1
                                                              C:\Users\nhuliyap\AppData\Local\Temp\gh_0000bl41.s
Command Line: C:\ghs\comp_201517\ease850.exe -w -elf -b0 -I../source/common -I../source/ProjectCompiler -I../source/ProjectCfg -I../source/SwcApplTpms -I../source/SwcApplEcuM -I../source/SwcServiceBswM -I../source/SwcServiceEcuM -I../source/SwcServiceNvM -I../source/SwcServiceOs -I../source/SwcServiceStartUp -I../source/McalAdc -I../source/McalDio -I../source/McalGpt -I../source/McalMcu -I../source/McalWdg -I../source/wrappers -I../source/wrappers/McalAta -I../source/McalLin -I../source/McalCan -I../source/wrappers/OS -I../source/McalFls -I../source/EcuabFee -I../source/EcuabMemIf -I../source/wrappers/VStdLib -I../source/wrappers/Crc -I../source/wrappers/FBL_APPL -I../source/wrappers/NVM_MANAGER -I../source/wrappers/DEM_MANAGER -I../source/wrappers/RDC_MANAGER -I../source/wrappers/ENV_MANAGER -I../source/wrappers/SYS_MANAGER -I../source/wrappers/EcuabCanIf -I../source/EcuabCanTrcv -I../source/wrappers/SwcServiceCanSM -I../source/wrappers/SwcServiceCanTp -I../source/wrappers/SwcServiceCanTp_PreCompile -I../source/wrappers/SwcServiceCom -I../source/wrappers/SwcServiceComM -I../source/wrappers/SwcServiceDcm -I../source/wrappers/SwcServicePduR -I../source/wrappers/SwcServiceEcuM -I../source/wrappers/Bfx -I../source/wrappers/SwcServiceDem -I../source/SwcServiceCom -I../source/SwcServiceDet -I../source/SwcServiceFiM -I../source/SwcServicePduR -I../source/SwcServiceSchM -I../source/wrappers/LibAutosarDiag -I../source/wrappers/rba_BswSrv -IC:\ghs\comp_201517\lib\rh850 -cg_underscore -cpu=rh850g3k -no_v850_simd -rh850_fpsimd=none -nomacro -patch_dbo=C:\_ECU2\ECU_Rivian_A1\Target\repo_projects\pRealEcu\cR_R2023.09.15\make\output\objects\rba_DiagLib_ByteOrderUtils.dbo -source=rba_DiagLib_ByteOrderUtils.c -o output\objects\gh_0000bl41.o -list=output\list\rba_DiagLib_ByteOrderUtils.lst C:\Users\nhuliyap\AppData\Local\Temp\gh_0000bl41.s 
Original File: C:\Users\nhuliyap\AppData\Local\Temp\gh_0000bl41.s
Source File: rba_DiagLib_ByteOrderUtils.c
Directory: C:\_ECU2\ECU_Rivian_A1\Target\repo_projects\pRealEcu\cR_R2023.09.15\make
Host OS: Windows
EASE: Copyright (C) 1983-2015 Green Hills Software.  All Rights Reserved.
Release: Compiler v2015.1.7
Build Directory: [Directory] BTOWORKER6:c:/build_2015_1_bto/2015-10-21.2100-2015_1_bto/win32-comp-ecom
Revision: [VCInfo] http://toolsvc/branches/release-branch-70-bto/src@544153 (built by build)
Revision Date: Thu Oct 22 07:50:13 2015

Release Date: Thu Oct 22 09:32:32 2015

                           1 --Driver Command: ccv850
                           2 --		../source/wrappers/LibAutosarDiag/rba_DiagLib_ByteOrderUtils.c
                           3 --		-cpu=rh850 -fhard -ignore_callt_state_in_interrupts -large_sda
                           4 --		-misalign_pack -nofarcalls -nofloatio -no_callt -Ogeneral
                           5 --		-Onounroll -prepare_dispose -registermode=32 -reserve_r2 -sda=0
                           6 --		-shorten_loads -Wshadow --brief_diagnostics --no_commons
                           7 --		--no_wrap_diagnostics --prototype_errors --short_enum -list -G
                           8 --		-dual_debug -dwarf -X5523 -lnk=-no_xda_modifications -D
                           9 --		NOT_READY_FOR_TESTING_OR_DEPLOYMENT -D IBTCM_SW_ANPASSUNGEN -D
                          10 --		BUILD_RIVIAN -c -inline_prologue -I../source/common
                          11 --		-I../source/ProjectCompiler -I../source/ProjectCfg
                          12 --		-I../source/SwcApplTpms -I../source/SwcApplEcuM
                          13 --		-I../source/SwcServiceBswM -I../source/SwcServiceEcuM
                          14 --		-I../source/SwcServiceNvM -I../source/SwcServiceOs
                          15 --		-I../source/SwcServiceStartUp -I../source/McalAdc
                          16 --		-I../source/McalDio -I../source/McalGpt -I../source/McalMcu
                          17 --		-I../source/McalWdg -I../source/wrappers
                          18 --		-I../source/wrappers/McalAta -I../source/McalLin
                          19 --		-I../source/McalCan -I../source/wrappers/OS -I../source/McalFls
                          20 --		-I../source/EcuabFee -I../source/EcuabMemIf
                          21 --		-I../source/wrappers/VStdLib -I../source/wrappers
                          22 --		-I../source/wrappers/Crc -I../source/wrappers/FBL_APPL
                          23 --		-I../source/wrappers/NVM_MANAGER -I../source/wrappers/DEM_MANAGER
                          24 --		-I../source/wrappers/RDC_MANAGER -I../source/wrappers/ENV_MANAGER
                          25 --		-I../source/wrappers/SYS_MANAGER -I../source/wrappers/EcuabCanIf
                          26 --		-I../source/EcuabCanTrcv -I../source/wrappers/SwcServiceCanSM
                          27 --		-I../source/wrappers/SwcServiceCanTp
                          28 --		-I../source/wrappers/SwcServiceCanTp_PreCompile
                          29 --		-I../source/wrappers/SwcServiceCom
                          30 --		-I../source/wrappers/SwcServiceComM
                          31 --		-I../source/wrappers/SwcServiceDcm
                          32 --		-I../source/wrappers/SwcServicePduR
                          33 --		-I../source/wrappers/SwcServiceEcuM -I../source/wrappers/Bfx
                          34 --		-I../source/wrappers/SwcServiceDem -I../source/SwcServiceCom
                          35 --		-I../source/SwcServiceDet -I../source/SwcServiceFiM
                          36 --		-I../source/SwcServicePduR -I../source/SwcServiceSchM
                          37 --		-I../source/wrappers/LibAutosarDiag
                          38 --		-I../source/wrappers/rba_BswSrv -object_dir=output/objects
                          39 --		-list_dir=output/list
                          40 --Source File:   ../source/wrappers/LibAutosarDiag/rba_DiagLib_ByteOrderUtils.c
                          41 --Directory:     
                          42 --		C:\_ECU2\ECU_Rivian_A1\Target\repo_projects\pRealEcu\cR_R2023.09.15\make
                          43 --Compile Date:  Fri Sep 15 15:30:19 2023
                          44 --Host OS:       Win32
                          45 --Version:       C-RH850 2015.1.7 RELEASE VERSION
                          46 --Release:       Compiler v2015.1.7
                          47 --Revision Date: Thu Oct 22 08:06:12 2015
                          48 --Release Date:  Thu Oct 22 09:34:32 2015
                          49 -- ecom  -g -w -OM
                          50 	.text

                                                                      Page 2
                                                              C:\Users\nhuliyap\AppData\Local\Temp\gh_0000bl41.s
                          51 ..bof.C.3A.5C_ECU2.5CECU_Rivian_A1.5CTarget.5Crepo_projects.5CpRealEcu.5CcR_R2023.2E09.2E15.5Cmake.5Coutput.5Cobjects.5Crba_DiagLib_ByteOrderUtils...43.3A.5C_ECU2.5CECU_Rivian_A1.5CTarget.5Crepo_projects.5CpRealEcu.5CcR_R2023.2E09.2E15.5Cmake..65045C6B..0::
                          52 	.align	2
                          53 ..gh.f.f.1.e.0:
                          54 	.type	..gh.f.f.1.e.0,@object
                          55 	.size	..gh.f.f.1.e.0,0
                          56 	.global	_rba_DiagLib_ByteOrderUtils_Dummy
                          57 _rba_DiagLib_ByteOrderUtils_Dummy:
                          58 --	    .bf
                          59 .LDW01:
00000000 0152             60 	mov	1,r10
                          61 --	    .ef
                          62 .LDW11:
00000002 7f00             63 	jmp	[lp]
                          64 	.global	___ghs_eofn_rba_DiagLib_ByteOrderUtils_Dummy
                          65 ___ghs_eofn_rba_DiagLib_ByteOrderUtils_Dummy:
                          66 	.type	_rba_DiagLib_ByteOrderUtils_Dummy,@function
                          67 	.size	_rba_DiagLib_ByteOrderUtils_Dummy,.-_rba_DiagLib_ByteOrderUtils_Dummy
                          68 	.align	2
                          69 
                          70 	.section ".bss","awb"
                          71 .L33:
                          72 	.type	.L33,@object
                          73 	.size	.L33,0
                          74 	.data
                          75 	.text
                          76 	.align	2
                          77 
                          78 	.data
                          79 	.ghsnote version,17
                          80 	.ghsnote tools,3
                          81 	.ghsnote options,144
                          82 	.text
                          83 	.align	2
                          84 ..eof.C.3A.5C_ECU2.5CECU_Rivian_A1.5CTarget.5Crepo_projects.5CpRealEcu.5CcR_R2023.2E09.2E15.5Cmake.5Coutput.5Cobjects.5Crba_DiagLib_ByteOrderUtils...43.3A.5C_ECU2.5CECU_Rivian_A1.5CTarget.5Crepo_projects.5CpRealEcu.5CcR_R2023.2E09.2E15.5Cmake..65045C6B..0::
                          85 	.section	.debug_info
                          86 .Ldw_begin:
00000000 2b010000         87 	.word	.Ldw_end-.Ldw_begin-4
00000004 0200             88 	.byte	2,0
00000006 00000000*        89 	.word	.Ldw_abbr_begin
0000000a 04               90 	.byte	4
                          91 	.section	.debug_abbrev
                          92 .Ldw_abbr_begin:
                          93 	.section	.debug_info
0000000b 01               94 	.byte	1
0000000c 00000000*        95 	.word	..bof.C.3A.5C_ECU2.5CECU_Rivian_A1.5CTarget.5Crepo_projects.5CpRealEcu.5CcR_R2023.2E09.2E15.5Cmake.5Coutput.5Cobjects.5Crba_DiagLib_ByteOrderUtils...43.3A.5C_ECU2.5CECU_Rivian_A1.5CTarget.5Crepo_projects.5CpRealEcu.5CcR_R2023.2E09.2E15.5Cmake..65045C6B..0
00000010 00000000*        96 	.word	..eof.C.3A.5C_ECU2.5CECU_Rivian_A1.5CTarget.5Crepo_projects.5CpRealEcu.5CcR_R2023.2E09.2E15.5Cmake.5Coutput.5Cobjects.5Crba_DiagLib_ByteOrderUtils...43.3A.5C_ECU2.5CECU_Rivian_A1.5CTarget.5Crepo_projects.5CpRealEcu.5CcR_R2023.2E09.2E15.5Cmake..65045C6B..0
00000014 2e2e2f736f75     97 	.strz	"../source/wrappers/LibAutosarDiag/rba_DiagLib_ByteOrderUtils.c"
0000001a 7263652f7772 
00000020 617070657273 
00000026 2f4c69624175 
0000002c 746f73617244 
00000032 6961672f7262 
00000038 615f44696167 
0000003e 4c69625f4279 
00000044 74654f726465 
0000004a 725574696c73 
00000050 2e6300 
00000053 433a5c5f4543     98 	.strz	"C:\\_ECU2\\ECU_Rivian_A1\\Target\\repo_projects\\pRealEcu\\cR_R2023.09.15\\make"
00000059 55325c454355 
0000005f 5f5269766961 
00000065 6e5f41315c54 

                                                                      Page 3
                                                              C:\Users\nhuliyap\AppData\Local\Temp\gh_0000bl41.s
0000006b 61726765745c 
00000071 7265706f5f70 
00000077 726f6a656374 
0000007d 735c70526561 
00000083 6c4563755c63 
00000089 525f52323032 
0000008f 332e30392e31 
00000095 355c6d616b65 
0000009b 00 
0000009c 474853204320     99 	.strz	"GHS C 2015.1.7 [dual]"
000000a2 323031352e31 
000000a8 2e37205b6475 
000000ae 616c5d00 
000000b2 0100            100 	.byte	1,0
000000b4 00000000*       101 	.word	.Ldw_line_begin
000000b8 00000000*       102 	.word	.Ldw_macinfo_begin
000000bc 00              103 	.byte	0
                         104 
                         105 	.section	.debug_abbrev
00000000 01              106 	.byte	1
00000001 11              107 	.byte	17
00000002 01              108 	.byte	1
00000003 1101            109 	.byte	17,1
00000005 1201            110 	.byte	18,1
00000007 0308            111 	.byte	3,8
00000009 1b08            112 	.byte	27,8
0000000b 2508            113 	.byte	37,8
0000000d 1305            114 	.byte	19,5
0000000f 1006            115 	.byte	16,6
00000011 4306            116 	.byte	67,6
00000013 420b            117 	.byte	66,11
00000015 0000            118 	.byte	0,0
                         119 
                         120 	.section	.debug_line
                         121 .Ldw_line_begin:
00000000 9b030000        122 	.word	.Ldw_line_end-.Ldw_line_begin-4
00000004 0200            123 	.byte	2,0
00000006 00000000*       124 	.word	.Ldw_lpro_end-.Ldw_lpro_begin
                         125 .Ldw_lpro_begin:
0000000a 01              126 	.byte	1
0000000b 00              127 	.byte	0
0000000c 00              128 	.byte	0
0000000d 04              129 	.byte	4
0000000e 0a              130 	.byte	10
0000000f 000101          131 	.byte	0,1,1
00000012 010100          132 	.byte	1,1,0
00000015 000001          133 	.byte	0,0,1
00000018 00              134 	.byte	0
00000019 2e2e2f736f75    135 	.strz	"../source/wrappers/LibAutosarDiag/rba_DiagLib_ByteOrderUtils.c"
0000001f 7263652f7772 
00000025 617070657273 
0000002b 2f4c69624175 
00000031 746f73617244 
00000037 6961672f7262 
0000003d 615f44696167 
00000043 4c69625f4279 
00000049 74654f726465 
0000004f 725574696c73 
00000055 2e6300 
00000058 000000          136 	.byte	0,0,0
0000005b 2e2e2f736f75    137 	.strz	"../source/common/Std_Types.hpp"

                                                                      Page 4
                                                              C:\Users\nhuliyap\AppData\Local\Temp\gh_0000bl41.s
00000061 7263652f636f 
00000067 6d6d6f6e2f53 
0000006d 74645f547970 
00000073 65732e687070 
00000079 00 
0000007a 000000          138 	.byte	0,0,0
0000007d 2e2e2f736f75    139 	.strz	"../source/common/Platform_Types.hpp"
00000083 7263652f636f 
00000089 6d6d6f6e2f50 
0000008f 6c6174666f72 
00000095 6d5f54797065 
0000009b 732e68707000 
000000a1 000000          140 	.byte	0,0,0
000000a4 2e2e2f736f75    141 	.strz	"../source/common/Compiler.hpp"
000000aa 7263652f636f 
000000b0 6d6d6f6e2f43 
000000b6 6f6d70696c65 
000000bc 722e68707000 
000000c2 000000          142 	.byte	0,0,0
000000c5 2e2e2f736f75    143 	.strz	"../source/ProjectCompiler/Compiler_Cfg.hpp"
000000cb 7263652f5072 
000000d1 6f6a65637443 
000000d7 6f6d70696c65 
000000dd 722f436f6d70 
000000e3 696c65725f43 
000000e9 66672e687070 
000000ef 00 
000000f0 000000          144 	.byte	0,0,0
000000f3 2e2e2f736f75    145 	.strz	"../source/ProjectCompiler/CompilerCfg_SwcServiceOs.hpp"
000000f9 7263652f5072 
000000ff 6f6a65637443 
00000105 6f6d70696c65 
0000010b 722f436f6d70 
00000111 696c65724366 
00000117 675f53776353 
0000011d 657276696365 
00000123 4f732e687070 
00000129 00 
0000012a 000000          146 	.byte	0,0,0
0000012d 2e2e2f736f75    147 	.strz	"../source/wrappers/LibAutosarDiag/rba_DiagLib.hpp"
00000133 7263652f7772 
00000139 617070657273 
0000013f 2f4c69624175 
00000145 746f73617244 
0000014b 6961672f7262 
00000151 615f44696167 
00000157 4c69622e6870 
0000015d 7000 
0000015f 000000          148 	.byte	0,0,0
00000162 2e2e2f736f75    149 	.strz	"../source/wrappers/LibAutosarDiag/rba_DiagLib_Bits8.hpp"
00000168 7263652f7772 
0000016e 617070657273 
00000174 2f4c69624175 
0000017a 746f73617244 
00000180 6961672f7262 
00000186 615f44696167 
0000018c 4c69625f4269 
00000192 7473382e6870 
00000198 7000 
0000019a 000000          150 	.byte	0,0,0
0000019d 2e2e2f736f75    151 	.strz	"../source/wrappers/LibAutosarDiag/rba_DiagLib_Bits16.hpp"

                                                                      Page 5
                                                              C:\Users\nhuliyap\AppData\Local\Temp\gh_0000bl41.s
000001a3 7263652f7772 
000001a9 617070657273 
000001af 2f4c69624175 
000001b5 746f73617244 
000001bb 6961672f7262 
000001c1 615f44696167 
000001c7 4c69625f4269 
000001cd 747331362e68 
000001d3 707000 
000001d6 000000          152 	.byte	0,0,0
000001d9 2e2e2f736f75    153 	.strz	"../source/wrappers/LibAutosarDiag/rba_DiagLib_Bits32.hpp"
000001df 7263652f7772 
000001e5 617070657273 
000001eb 2f4c69624175 
000001f1 746f73617244 
000001f7 6961672f7262 
000001fd 615f44696167 
00000203 4c69625f4269 
00000209 747333322e68 
0000020f 707000 
00000212 000000          154 	.byte	0,0,0
00000215 2e2e2f736f75    155 	.strz	"../source/wrappers/LibAutosarDiag/rba_DiagLib_ByteOrderUtils.hpp"
0000021b 7263652f7772 
00000221 617070657273 
00000227 2f4c69624175 
0000022d 746f73617244 
00000233 6961672f7262 
00000239 615f44696167 
0000023f 4c69625f4279 
00000245 74654f726465 
0000024b 725574696c73 
00000251 2e68707000 
00000256 000000          156 	.byte	0,0,0
00000259 2e2e2f736f75    157 	.strz	"../source/wrappers/rba_BswSrv/rba_BswSrv.hpp"
0000025f 7263652f7772 
00000265 617070657273 
0000026b 2f7262615f42 
00000271 73775372762f 
00000277 7262615f4273 
0000027d 775372762e68 
00000283 707000 
00000286 000000          158 	.byte	0,0,0
00000289 2e2e2f736f75    159 	.strz	"../source/ProjectCompiler/rba_BswSrv_MemMap.hpp"
0000028f 7263652f5072 
00000295 6f6a65637443 
0000029b 6f6d70696c65 
000002a1 722f7262615f 
000002a7 427377537276 
000002ad 5f4d656d4d61 
000002b3 702e68707000 
000002b9 000000          160 	.byte	0,0,0
000002bc 2e2e2f736f75    161 	.strz	"../source/ProjectCompiler/Bsw_MemMap.hpp"
000002c2 7263652f5072 
000002c8 6f6a65637443 
000002ce 6f6d70696c65 
000002d4 722f4273775f 
000002da 4d656d4d6170 
000002e0 2e68707000 
000002e5 000000          162 	.byte	0,0,0
000002e8 2e2e2f736f75    163 	.strz	"../source/ProjectCompiler/MemMap_Common.hpp"
000002ee 7263652f5072 

                                                                      Page 6
                                                              C:\Users\nhuliyap\AppData\Local\Temp\gh_0000bl41.s
000002f4 6f6a65637443 
000002fa 6f6d70696c65 
00000300 722f4d656d4d 
00000306 61705f436f6d 
0000030c 6d6f6e2e6870 
00000312 7000 
00000314 000000          164 	.byte	0,0,0
00000317 2e2e2f736f75    165 	.strz	"../source/ProjectCompiler/rba_DiagLib_MemMap.hpp"
0000031d 7263652f5072 
00000323 6f6a65637443 
00000329 6f6d70696c65 
0000032f 722f7262615f 
00000335 446961674c69 
0000033b 625f4d656d4d 
00000341 61702e687070 
00000347 00 
00000348 000000          166 	.byte	0,0,0
0000034b 2e2e2f736f75    167 	.strz	"../source/wrappers/LibAutosarDiag/rba_DiagLib_MemUtils.hpp"
00000351 7263652f7772 
00000357 617070657273 
0000035d 2f4c69624175 
00000363 746f73617244 
00000369 6961672f7262 
0000036f 615f44696167 
00000375 4c69625f4d65 
0000037b 6d5574696c73 
00000381 2e68707000 
00000386 000000          168 	.byte	0,0,0
00000389 00              169 	.byte	0
                         170 .Ldw_lpro_end:
                         171 	.section	.debug_macinfo
                         172 .Ldw_macinfo_begin:
                         173 	.section	.debug_frame
                         174 .LDW_4aff678:
00000000 00000000*       175 	.word	.LDW_unq_2-.LDW_unq_1
                         176 .LDW_unq_1:
00000004 ffffffff        177 	.byte	255,255,255,255
00000008 01              178 	.byte	1
00000009 00              179 	.byte	0
0000000a 01              180 	.byte	1
0000000b 01              181 	.byte	1
0000000c 1f              182 	.byte	31
0000000d 0c              183 	.byte	12
0000000e 03              184 	.byte	3
0000000f 00              185 	.byte	0
00000010 07              186 	.byte	7
00000011 00              187 	.byte	0
00000012 07              188 	.byte	7
00000013 01              189 	.byte	1
00000014 07              190 	.byte	7
00000015 02              191 	.byte	2
00000016 07              192 	.byte	7
00000017 03              193 	.byte	3
00000018 07              194 	.byte	7
00000019 04              195 	.byte	4
0000001a 07              196 	.byte	7
0000001b 05              197 	.byte	5
0000001c 07              198 	.byte	7
0000001d 06              199 	.byte	6
0000001e 07              200 	.byte	7
0000001f 07              201 	.byte	7

                                                                      Page 7
                                                              C:\Users\nhuliyap\AppData\Local\Temp\gh_0000bl41.s
00000020 07              202 	.byte	7
00000021 08              203 	.byte	8
00000022 07              204 	.byte	7
00000023 09              205 	.byte	9
00000024 07              206 	.byte	7
00000025 0a              207 	.byte	10
00000026 07              208 	.byte	7
00000027 0b              209 	.byte	11
00000028 07              210 	.byte	7
00000029 0c              211 	.byte	12
0000002a 07              212 	.byte	7
0000002b 0d              213 	.byte	13
0000002c 07              214 	.byte	7
0000002d 0e              215 	.byte	14
0000002e 07              216 	.byte	7
0000002f 0f              217 	.byte	15
00000030 07              218 	.byte	7
00000031 10              219 	.byte	16
00000032 07              220 	.byte	7
00000033 11              221 	.byte	17
00000034 07              222 	.byte	7
00000035 12              223 	.byte	18
00000036 07              224 	.byte	7
00000037 13              225 	.byte	19
00000038 08              226 	.byte	8
00000039 14              227 	.byte	20
0000003a 08              228 	.byte	8
0000003b 15              229 	.byte	21
0000003c 08              230 	.byte	8
0000003d 16              231 	.byte	22
0000003e 08              232 	.byte	8
0000003f 17              233 	.byte	23
00000040 08              234 	.byte	8
00000041 18              235 	.byte	24
00000042 08              236 	.byte	8
00000043 19              237 	.byte	25
00000044 08              238 	.byte	8
00000045 1a              239 	.byte	26
00000046 08              240 	.byte	8
00000047 1b              241 	.byte	27
00000048 08              242 	.byte	8
00000049 1c              243 	.byte	28
0000004a 08              244 	.byte	8
0000004b 1d              245 	.byte	29
0000004c 07              246 	.byte	7
0000004d 1e              247 	.byte	30
0000004e 08              248 	.byte	8
0000004f 1f              249 	.byte	31
00000050 07              250 	.byte	7
00000051 20              251 	.byte	32
00000052 07              252 	.byte	7
00000053 21              253 	.byte	33
00000054 07              254 	.byte	7
00000055 22              255 	.byte	34
00000056 07              256 	.byte	7
00000057 23              257 	.byte	35
00000058 07              258 	.byte	7
00000059 24              259 	.byte	36
0000005a 07              260 	.byte	7
0000005b 25              261 	.byte	37
0000005c 07              262 	.byte	7

                                                                      Page 8
                                                              C:\Users\nhuliyap\AppData\Local\Temp\gh_0000bl41.s
0000005d 26              263 	.byte	38
0000005e 07              264 	.byte	7
0000005f 27              265 	.byte	39
00000060 07              266 	.byte	7
00000061 28              267 	.byte	40
00000062 07              268 	.byte	7
00000063 29              269 	.byte	41
00000064 07              270 	.byte	7
00000065 2a              271 	.byte	42
00000066 07              272 	.byte	7
00000067 2b              273 	.byte	43
00000068 07              274 	.byte	7
00000069 2c              275 	.byte	44
0000006a 07              276 	.byte	7
0000006b 2d              277 	.byte	45
0000006c 07              278 	.byte	7
0000006d 2e              279 	.byte	46
0000006e 07              280 	.byte	7
0000006f 2f              281 	.byte	47
00000070 07              282 	.byte	7
00000071 30              283 	.byte	48
00000072 07              284 	.byte	7
00000073 31              285 	.byte	49
00000074 07              286 	.byte	7
00000075 32              287 	.byte	50
00000076 07              288 	.byte	7
00000077 33              289 	.byte	51
00000078 07              290 	.byte	7
00000079 34              291 	.byte	52
0000007a 07              292 	.byte	7
0000007b 35              293 	.byte	53
0000007c 07              294 	.byte	7
0000007d 36              295 	.byte	54
0000007e 07              296 	.byte	7
0000007f 37              297 	.byte	55
00000080 07              298 	.byte	7
00000081 38              299 	.byte	56
00000082 07              300 	.byte	7
00000083 39              301 	.byte	57
00000084 07              302 	.byte	7
00000085 3a              303 	.byte	58
00000086 07              304 	.byte	7
00000087 3b              305 	.byte	59
00000088 07              306 	.byte	7
00000089 3c              307 	.byte	60
0000008a 07              308 	.byte	7
0000008b 3d              309 	.byte	61
0000008c 07              310 	.byte	7
0000008d 3e              311 	.byte	62
0000008e 07              312 	.byte	7
0000008f 3f              313 	.byte	63
                         314 .LDW_unq_2:
                         315 	.section	.debug_info
                         316 .LDW_4816d70:
000000bd 25              317 	.byte	37
000000be 756e7369676e    318 	.strz	"unsigned char"
000000c4 656420636861 
000000ca 7200 
000000cc 08              319 	.byte	8
000000cd 01              320 	.byte	1
                         321 

                                                                      Page 9
                                                              C:\Users\nhuliyap\AppData\Local\Temp\gh_0000bl41.s
                         322 	.section	.debug_abbrev
00000017 25              323 	.byte	37
00000018 24              324 	.byte	36
00000019 00              325 	.byte	0
0000001a 0308            326 	.byte	3,8
0000001c 3e0b            327 	.byte	62,11
0000001e 0b0b            328 	.byte	11,11
00000020 0000            329 	.byte	0,0
                         330 
                         331 	.section	.debug_info
                         332 .LDW_482b608:
000000ce 44              333 	.byte	68
000000cf 00000000*       334 	.word	.LDW_4ad72e8
000000d3 01              335 	.byte	1
                         336 
                         337 	.section	.debug_abbrev
00000022 44              338 	.byte	68
00000023 15              339 	.byte	21
00000024 01              340 	.byte	1
00000025 4910            341 	.byte	73,16
00000027 270c            342 	.byte	39,12
00000029 0000            343 	.byte	0,0
                         344 
                         345 	.section	.debug_info
000000d4 00              346 	.byte	0
                         347 
                         348 .LDW_4ad72e8:
000000d5 28              349 	.byte	40
000000d6 626f6f6c6561    350 	.strz	"boolean"
000000dc 6e00 
000000de 4e              351 	.byte	78
000000df 49              352 	.byte	73
000000e0 03              353 	.byte	3
000000e1 00000000*       354 	.word	.LDW_4816d70
                         355 
                         356 	.section	.debug_abbrev
0000002b 28              357 	.byte	40
0000002c 16              358 	.byte	22
0000002d 00              359 	.byte	0
0000002e 0308            360 	.byte	3,8
00000030 3b0f            361 	.byte	59,15
00000032 390f            362 	.byte	57,15
00000034 3a0f            363 	.byte	58,15
00000036 4910            364 	.byte	73,16
00000038 0000            365 	.byte	0,0
                         366 
                         367 	.section	.debug_info
                         368 .LDW_4b36030:
000000e5 14              369 	.byte	20
000000e6 7262615f4469    370 	.strz	"rba_DiagLib_ByteOrderUtils_Dummy"
000000ec 61674c69625f 
000000f2 427974654f72 
000000f8 646572557469 
000000fe 6c735f44756d 
00000104 6d7900 
00000107 05              371 	.byte	5
00000108 09              372 	.byte	9
00000109 01              373 	.byte	1
0000010a 00000000*       374 	.word	.LDW_4ad72e8
0000010e 00000000*       375 	.word	_rba_DiagLib_ByteOrderUtils_Dummy
00000112 00000000*       376 	.word	___ghs_eofn_rba_DiagLib_ByteOrderUtils_Dummy

                                                                      Page 10
                                                              C:\Users\nhuliyap\AppData\Local\Temp\gh_0000bl41.s
00000116 0153            377 	.byte	1,83
00000118 02              378 	.byte	2
00000119 00              379 	.byte	0
0000011a 02              380 	.byte	2
0000011b 00              381 	.byte	0
0000011c 00              382 	.byte	0
0000011d 00              383 	.byte	0
0000011e 00              384 	.byte	0
0000011f 01              385 	.byte	1
00000120 01              386 	.byte	1
00000121 00              387 	.byte	0
00000122 01              388 	.byte	1
                         389 
                         390 	.section	.debug_abbrev
0000003a 14              391 	.byte	20
0000003b 2e              392 	.byte	46
0000003c 01              393 	.byte	1
0000003d 0308            394 	.byte	3,8
0000003f 3b0f            395 	.byte	59,15
00000041 390f            396 	.byte	57,15
00000043 3a0f            397 	.byte	58,15
00000045 4910            398 	.byte	73,16
00000047 1101            399 	.byte	17,1
00000049 1201            400 	.byte	18,1
0000004b 400a            401 	.byte	64,10
0000004d 8341            402 	.byte	131,65
0000004f 0f              403 	.byte	15
00000050 8741            404 	.byte	135,65
00000052 0d              405 	.byte	13
00000053 8541            406 	.byte	133,65
00000055 0f              407 	.byte	15
00000056 8641            408 	.byte	134,65
00000058 0d              409 	.byte	13
00000059 9241            410 	.byte	146,65
0000005b 0f              411 	.byte	15
0000005c 3c0c            412 	.byte	60,12
0000005e 200b            413 	.byte	32,11
00000060 3f0c            414 	.byte	63,12
00000062 320b            415 	.byte	50,11
00000064 4c0b            416 	.byte	76,11
00000066 270c            417 	.byte	39,12
00000068 0000            418 	.byte	0,0
                         419 
                         420 	.section	.debug_frame
                         421 .LDW_4b23b58:
00000090 00000000*       422 	.word	.LDW_unq_4-.LDW_unq_3
                         423 .LDW_unq_3:
00000094 00000000*       424 	.word	.LDW_4aff678
00000098 00000000*       425 	.word	_rba_DiagLib_ByteOrderUtils_Dummy
0000009c 00000000*       426 	.word	___ghs_eofn_rba_DiagLib_ByteOrderUtils_Dummy-_rba_DiagLib_ByteOrderUtils_Dummy
000000a0 01              427 	.byte	1
000000a1 00000000*       428 	.word	.LDW11
000000a5 00              429 	.byte	0
000000a6 00              430 	.byte	0
000000a7 00              431 	.byte	0
                         432 .LDW_unq_4:
                         433 	.section	.debug_line
0000038a 000502          434 	.byte	0,5,2
0000038d 00000000*       435 	.word	_rba_DiagLib_ByteOrderUtils_Dummy
00000391 06              436 	.byte	6
00000392 03              437 	.byte	3

                                                                      Page 11
                                                              C:\Users\nhuliyap\AppData\Local\Temp\gh_0000bl41.s
00000393 05              438 	.byte	5
00000394 02              439 	.byte	2
00000395 00              440 	.byte	0
00000396 01              441 	.byte	1
00000397 06              442 	.byte	6
00000398 02              443 	.byte	2
00000399 02              444 	.byte	2
0000039a 02              445 	.byte	2
0000039b 02              446 	.byte	2
0000039c 000101          447 	.byte	0,1,1
                         448 	.section	.debug_info
                         449 .LDW_4b38720:
00000123 1d              450 	.byte	29
00000124 00000000*       451 	.word	.LDW01
00000128 00000000*       452 	.word	.LDW11
                         453 
                         454 	.section	.debug_abbrev
0000006a 1d              455 	.byte	29
0000006b 0b              456 	.byte	11
0000006c 01              457 	.byte	1
0000006d 1101            458 	.byte	17,1
0000006f 1201            459 	.byte	18,1
00000071 0000            460 	.byte	0,0
                         461 
                         462 	.section	.debug_info
0000012c 00              463 	.byte	0
                         464 
0000012d 00              465 	.byte	0
                         466 
0000012e 00              467 	.byte	0
                         468 
                         469 	.section	.debug_line
                         470 .Ldw_line_end:
                         471 	.section	.debug_macinfo
00000000 01              472 	.byte	1
00000001 00              473 	.byte	0
00000002 5f5f6768735f    474 	.strz	"__ghs__ 1"
00000008 5f203100 
0000000c 01              475 	.byte	1
0000000d 00              476 	.byte	0
0000000e 5f5f4c4c4f4e    477 	.strz	"__LLONG_BIT 64"
00000014 475f42495420 
0000001a 363400 
0000001d 01              478 	.byte	1
0000001e 00              479 	.byte	0
0000001f 4e4f545f5245    480 	.strz	"NOT_READY_FOR_TESTING_OR_DEPLOYMENT 1"
00000025 4144595f464f 
0000002b 525f54455354 
00000031 494e475f4f52 
00000037 5f4445504c4f 
0000003d 594d454e5420 
00000043 3100 
00000045 03              481 	.byte	3
00000046 00              482 	.byte	0
00000047 01              483 	.byte	1
00000048 03              484 	.byte	3
00000049 01              485 	.byte	1
0000004a 02              486 	.byte	2
0000004b 03              487 	.byte	3
0000004c 1c              488 	.byte	28
0000004d 03              489 	.byte	3

                                                                      Page 12
                                                              C:\Users\nhuliyap\AppData\Local\Temp\gh_0000bl41.s
0000004e 01              490 	.byte	1
0000004f 39              491 	.byte	57
00000050 4c4f575f4259    492 	.strz	"LOW_BYTE_FIRST 1u"
00000056 54455f464952 
0000005c 535420317500 
00000062 01              493 	.byte	1
00000063 3c              494 	.byte	60
00000064 545255452031    495 	.strz	"TRUE 1u"
0000006a 7500 
0000006c 01              496 	.byte	1
0000006d 40              497 	.byte	64
0000006e 46414c534520    498 	.strz	"FALSE 0u"
00000074 307500 
00000077 01              499 	.byte	1
00000078 45              500 	.byte	69
00000079 4350555f4259    501 	.strz	"CPU_BYTE_ORDER LOW_BYTE_FIRST"
0000007f 54455f4f5244 
00000085 4552204c4f57 
0000008b 5f425954455f 
00000091 464952535400 
00000097 04              502 	.byte	4
00000098 03              503 	.byte	3
00000099 1d              504 	.byte	29
0000009a 04              505 	.byte	4
0000009b 03              506 	.byte	3
0000009c 1b              507 	.byte	27
0000009d 05              508 	.byte	5
0000009e 03              509 	.byte	3
0000009f 54              510 	.byte	84
000000a0 06              511 	.byte	6
000000a1 04              512 	.byte	4
000000a2 04              513 	.byte	4
000000a3 01              514 	.byte	1
000000a4 33              515 	.byte	51
000000a5 4c4f43414c5f    516 	.strz	"LOCAL_INLINE static inline"
000000ab 494e4c494e45 
000000b1 207374617469 
000000b7 6320696e6c69 
000000bd 6e6500 
000000c0 04              517 	.byte	4
000000c1 04              518 	.byte	4
000000c2 03              519 	.byte	3
000000c3 03              520 	.byte	3
000000c4 07              521 	.byte	7
000000c5 03              522 	.byte	3
000000c6 06              523 	.byte	6
000000c7 08              524 	.byte	8
000000c8 04              525 	.byte	4
000000c9 03              526 	.byte	3
000000ca 07              527 	.byte	7
000000cb 09              528 	.byte	9
000000cc 04              529 	.byte	4
000000cd 03              530 	.byte	3
000000ce 08              531 	.byte	8
000000cf 0a              532 	.byte	10
000000d0 04              533 	.byte	4
000000d1 03              534 	.byte	3
000000d2 09              535 	.byte	9
000000d3 0b              536 	.byte	11
000000d4 03              537 	.byte	3
000000d5 04              538 	.byte	4

                                                                      Page 13
                                                              C:\Users\nhuliyap\AppData\Local\Temp\gh_0000bl41.s
000000d6 0c              539 	.byte	12
000000d7 01              540 	.byte	1
000000d8 10              541 	.byte	16
000000d9 5242415f4253    542 	.strz	"RBA_BSWSRV_START_SEC_CODE "
000000df 575352565f53 
000000e5 544152545f53 
000000eb 45435f434f44 
000000f1 452000 
000000f4 03              543 	.byte	3
000000f5 11              544 	.byte	17
000000f6 0d              545 	.byte	13
000000f7 01              546 	.byte	1
000000f8 37              547 	.byte	55
000000f9 4253575f5354    548 	.strz	"BSW_START_SEC_DEFAULT_CODE "
000000ff 4152545f5345 
00000105 435f44454641 
0000010b 554c545f434f 
00000111 44452000 
00000115 03              549 	.byte	3
00000116 38              550 	.byte	56
00000117 0e              551 	.byte	14
00000118 01              552 	.byte	1
00000119 d308            553 	.byte	211,8
0000011b 53544152545f    554 	.strz	"START_SEC_CODE "
00000121 5345435f434f 
00000127 44452000 
0000012b 03              555 	.byte	3
0000012c bb09            556 	.byte	187,9
0000012e 0f              557 	.byte	15
0000012f 01              558 	.byte	1
00000130 f307            559 	.byte	243,7
00000132 434f44455f53    560 	.strz	"CODE_SEC_OPEN "
00000138 45435f4f5045 
0000013e 4e2000 
00000141 04              561 	.byte	4
00000142 04              562 	.byte	4
00000143 04              563 	.byte	4
00000144 01              564 	.byte	1
00000145 15              565 	.byte	21
00000146 5242415f4253    566 	.strz	"RBA_BSWSRV_STOP_SEC_CODE "
0000014c 575352565f53 
00000152 544f505f5345 
00000158 435f434f4445 
0000015e 2000 
00000160 03              567 	.byte	3
00000161 16              568 	.byte	22
00000162 0d              569 	.byte	13
00000163 01              570 	.byte	1
00000164 3b              571 	.byte	59
00000165 4253575f5354    572 	.strz	"BSW_STOP_SEC_DEFAULT_CODE "
0000016b 4f505f534543 
00000171 5f4445464155 
00000177 4c545f434f44 
0000017d 452000 
00000180 03              573 	.byte	3
00000181 3c              574 	.byte	60
00000182 0e              575 	.byte	14
00000183 01              576 	.byte	1
00000184 d608            577 	.byte	214,8
00000186 53544f505f53    578 	.strz	"STOP_SEC_CODE "
0000018c 45435f434f44 

                                                                      Page 14
                                                              C:\Users\nhuliyap\AppData\Local\Temp\gh_0000bl41.s
00000192 452000 
00000195 03              579 	.byte	3
00000196 bb09            580 	.byte	187,9
00000198 0f              581 	.byte	15
00000199 04              582 	.byte	4
0000019a 04              583 	.byte	4
0000019b 04              584 	.byte	4
0000019c 04              585 	.byte	4
0000019d 01              586 	.byte	1
0000019e 06              587 	.byte	6
0000019f 5242415f4449    588 	.strz	"RBA_DIAGLIB_START_SEC_ROM_CODE "
000001a5 41474c49425f 
000001ab 53544152545f 
000001b1 5345435f524f 
000001b7 4d5f434f4445 
000001bd 2000 
000001bf 03              589 	.byte	3
000001c0 07              590 	.byte	7
000001c1 10              591 	.byte	16
000001c2 01              592 	.byte	1
000001c3 06              593 	.byte	6
000001c4 4d454d4d4150    594 	.strz	"MEMMAP_ERROR "
000001ca 5f4552524f52 
000001d0 2000 
000001d2 01              595 	.byte	1
000001d3 51              596 	.byte	81
000001d4 4253575f5354    597 	.strz	"BSW_START_SEC_DEFAULT_CODE "
000001da 4152545f5345 
000001e0 435f44454641 
000001e6 554c545f434f 
000001ec 44452000 
000001f0 03              598 	.byte	3
000001f1 52              599 	.byte	82
000001f2 0e              600 	.byte	14
000001f3 01              601 	.byte	1
000001f4 d308            602 	.byte	211,8
000001f6 53544152545f    603 	.strz	"START_SEC_CODE "
000001fc 5345435f434f 
00000202 44452000 
00000206 03              604 	.byte	3
00000207 bb09            605 	.byte	187,9
00000209 0f              606 	.byte	15
0000020a 01              607 	.byte	1
0000020b f307            608 	.byte	243,7
0000020d 434f44455f53    609 	.strz	"CODE_SEC_OPEN "
00000213 45435f4f5045 
00000219 4e2000 
0000021c 04              610 	.byte	4
0000021d 04              611 	.byte	4
0000021e 01              612 	.byte	1
0000021f 56              613 	.byte	86
00000220 5242415f4449    614 	.strz	"RBA_DIAGLIB_WAS_STARTED_SEC_ROM_CODE "
00000226 41474c49425f 
0000022c 5741535f5354 
00000232 41525445445f 
00000238 5345435f524f 
0000023e 4d5f434f4445 
00000244 2000 
00000246 04              615 	.byte	4
00000247 01              616 	.byte	1
00000248 3b              617 	.byte	59

                                                                      Page 15
                                                              C:\Users\nhuliyap\AppData\Local\Temp\gh_0000bl41.s
00000249 5242415f4449    618 	.strz	"RBA_DIAGLIB_STOP_SEC_ROM_CODE "
0000024f 41474c49425f 
00000255 53544f505f53 
0000025b 45435f524f4d 
00000261 5f434f444520 
00000267 00 
00000268 03              619 	.byte	3
00000269 3c              620 	.byte	60
0000026a 10              621 	.byte	16
0000026b 01              622 	.byte	1
0000026c 06              623 	.byte	6
0000026d 4d454d4d4150    624 	.strz	"MEMMAP_ERROR "
00000273 5f4552524f52 
00000279 2000 
0000027b 01              625 	.byte	1
0000027c 5e              626 	.byte	94
0000027d 4253575f5354    627 	.strz	"BSW_STOP_SEC_DEFAULT_CODE "
00000283 4f505f534543 
00000289 5f4445464155 
0000028f 4c545f434f44 
00000295 452000 
00000298 03              628 	.byte	3
00000299 5f              629 	.byte	95
0000029a 0e              630 	.byte	14
0000029b 01              631 	.byte	1
0000029c d608            632 	.byte	214,8
0000029e 53544f505f53    633 	.strz	"STOP_SEC_CODE "
000002a4 45435f434f44 
000002aa 452000 
000002ad 03              634 	.byte	3
000002ae bb09            635 	.byte	187,9
000002b0 0f              636 	.byte	15
000002b1 04              637 	.byte	4
000002b2 04              638 	.byte	4
000002b3 04              639 	.byte	4
000002b4 04              640 	.byte	4
000002b5 03              641 	.byte	3
000002b6 0a              642 	.byte	10
000002b7 11              643 	.byte	17
000002b8 04              644 	.byte	4
000002b9 04              645 	.byte	4
000002ba 04              646 	.byte	4
000002bb 00              647 	.byte	0
                         648 	.section	.debug_abbrev
00000073 00              649 	.byte	0
                         650 	.section	.debug_info
                         651 .Ldw_end:
                         652 .rh850_flags REGMODE32,DATA_ALIGN8,GP_FIX,EP_NONFIX,TP_FIX,REG2_RESERVE,G3K,GHS_MISALIGN,SDA_EXTRA_REGS_0
