                                                                      Page 1
                                                              C:\Users\nhuliyap\AppData\Local\Temp\gh_00006sg1.s
Command Line: C:\ghs\comp_201517\ease850.exe -w -elf -b0 -I../source/common -I../source/ProjectCompiler -I../source/ProjectCfg -I../source/SwcApplTpms -I../source/SwcApplEcuM -I../source/SwcServiceBswM -I../source/SwcServiceEcuM -I../source/SwcServiceNvM -I../source/SwcServiceOs -I../source/SwcServiceStartUp -I../source/McalAdc -I../source/McalDio -I../source/McalGpt -I../source/McalMcu -I../source/McalWdg -I../source/wrappers -I../source/wrappers/McalAta -I../source/McalLin -I../source/McalCan -I../source/wrappers/OS -I../source/McalFls -I../source/EcuabFee -I../source/EcuabMemIf -I../source/wrappers/VStdLib -I../source/wrappers/Crc -I../source/wrappers/FBL_APPL -I../source/wrappers/NVM_MANAGER -I../source/wrappers/DEM_MANAGER -I../source/wrappers/RDC_MANAGER -I../source/wrappers/ENV_MANAGER -I../source/wrappers/SYS_MANAGER -I../source/wrappers/EcuabCanIf -I../source/EcuabCanTrcv -I../source/wrappers/SwcServiceCanSM -I../source/wrappers/SwcServiceCanTp -I../source/wrappers/SwcServiceCanTp_PreCompile -I../source/wrappers/SwcServiceCom -I../source/wrappers/SwcServiceComM -I../source/wrappers/SwcServiceDcm -I../source/wrappers/SwcServicePduR -I../source/wrappers/SwcServiceEcuM -I../source/wrappers/Bfx -I../source/wrappers/SwcServiceDem -I../source/SwcServiceCom -I../source/SwcServiceDet -I../source/SwcServiceFiM -I../source/SwcServicePduR -I../source/SwcServiceSchM -I../source/wrappers/LibAutosarDiag -I../source/wrappers/rba_BswSrv -IC:\ghs\comp_201517\lib\rh850 -cg_underscore -cpu=rh850g3k -no_v850_simd -rh850_fpsimd=none -nomacro -patch_dbo=C:\_ECU2\ECU_Rivian_A1\Target\repo_projects\pRealEcu\cR_R2023.09.15\make\output\objects\SchM.dbo -source=SchM.c -o output\objects\gh_00006sg1.o -list=output\list\SchM.lst C:\Users\nhuliyap\AppData\Local\Temp\gh_00006sg1.s 
Original File: C:\Users\nhuliyap\AppData\Local\Temp\gh_00006sg1.s
Source File: SchM.c
Directory: C:\_ECU2\ECU_Rivian_A1\Target\repo_projects\pRealEcu\cR_R2023.09.15\make
Host OS: Windows
EASE: Copyright (C) 1983-2015 Green Hills Software.  All Rights Reserved.
Release: Compiler v2015.1.7
Build Directory: [Directory] BTOWORKER6:c:/build_2015_1_bto/2015-10-21.2100-2015_1_bto/win32-comp-ecom
Revision: [VCInfo] http://toolsvc/branches/release-branch-70-bto/src@544153 (built by build)
Revision Date: Thu Oct 22 07:50:13 2015

Release Date: Thu Oct 22 09:32:32 2015

                           1 --Driver Command: ccv850 ../source/SwcServiceSchM/SchM.c -cpu=rh850 -fhard
                           2 --		-ignore_callt_state_in_interrupts -large_sda -misalign_pack
                           3 --		-nofarcalls -nofloatio -no_callt -Ogeneral -Onounroll
                           4 --		-prepare_dispose -registermode=32 -reserve_r2 -sda=0
                           5 --		-shorten_loads -Wshadow --brief_diagnostics --no_commons
                           6 --		--no_wrap_diagnostics --prototype_errors --short_enum -list -G
                           7 --		-dual_debug -dwarf -X5523 -lnk=-no_xda_modifications -D
                           8 --		NOT_READY_FOR_TESTING_OR_DEPLOYMENT -D IBTCM_SW_ANPASSUNGEN -D
                           9 --		BUILD_RIVIAN -c -inline_prologue -I../source/common
                          10 --		-I../source/ProjectCompiler -I../source/ProjectCfg
                          11 --		-I../source/SwcApplTpms -I../source/SwcApplEcuM
                          12 --		-I../source/SwcServiceBswM -I../source/SwcServiceEcuM
                          13 --		-I../source/SwcServiceNvM -I../source/SwcServiceOs
                          14 --		-I../source/SwcServiceStartUp -I../source/McalAdc
                          15 --		-I../source/McalDio -I../source/McalGpt -I../source/McalMcu
                          16 --		-I../source/McalWdg -I../source/wrappers
                          17 --		-I../source/wrappers/McalAta -I../source/McalLin
                          18 --		-I../source/McalCan -I../source/wrappers/OS -I../source/McalFls
                          19 --		-I../source/EcuabFee -I../source/EcuabMemIf
                          20 --		-I../source/wrappers/VStdLib -I../source/wrappers
                          21 --		-I../source/wrappers/Crc -I../source/wrappers/FBL_APPL
                          22 --		-I../source/wrappers/NVM_MANAGER -I../source/wrappers/DEM_MANAGER
                          23 --		-I../source/wrappers/RDC_MANAGER -I../source/wrappers/ENV_MANAGER
                          24 --		-I../source/wrappers/SYS_MANAGER -I../source/wrappers/EcuabCanIf
                          25 --		-I../source/EcuabCanTrcv -I../source/wrappers/SwcServiceCanSM
                          26 --		-I../source/wrappers/SwcServiceCanTp
                          27 --		-I../source/wrappers/SwcServiceCanTp_PreCompile
                          28 --		-I../source/wrappers/SwcServiceCom
                          29 --		-I../source/wrappers/SwcServiceComM
                          30 --		-I../source/wrappers/SwcServiceDcm
                          31 --		-I../source/wrappers/SwcServicePduR
                          32 --		-I../source/wrappers/SwcServiceEcuM -I../source/wrappers/Bfx
                          33 --		-I../source/wrappers/SwcServiceDem -I../source/SwcServiceCom
                          34 --		-I../source/SwcServiceDet -I../source/SwcServiceFiM
                          35 --		-I../source/SwcServicePduR -I../source/SwcServiceSchM
                          36 --		-I../source/wrappers/LibAutosarDiag
                          37 --		-I../source/wrappers/rba_BswSrv -object_dir=output/objects
                          38 --		-list_dir=output/list
                          39 --Source File:   ../source/SwcServiceSchM/SchM.c
                          40 --Directory:     
                          41 --		C:\_ECU2\ECU_Rivian_A1\Target\repo_projects\pRealEcu\cR_R2023.09.15\make
                          42 --Compile Date:  Fri Sep 15 15:30:25 2023
                          43 --Host OS:       Win32
                          44 --Version:       C-RH850 2015.1.7 RELEASE VERSION
                          45 --Release:       Compiler v2015.1.7
                          46 --Revision Date: Thu Oct 22 08:06:12 2015
                          47 --Release Date:  Thu Oct 22 09:34:32 2015
                          48 -- ecom  -g -w -OM
                          49 	.text
                          50 ..bof.C.3A.5C_ECU2.5CECU_Rivian_A1.5CTarget.5Crepo_projects.5CpRealEcu.5CcR_R2023.2E09.2E15.5Cmake.5Coutput.5Cobjects.5CSchM...43.3A.5C_ECU2.5CECU_Rivian_A1.5CTarget.5Crepo_projects.5CpRealEcu.5CcR_R2023.2E09.2E15.5Cmake..65045C71..0::

                                                                      Page 2
                                                              C:\Users\nhuliyap\AppData\Local\Temp\gh_00006sg1.s
                          51 ..gh.beginasm.0:
                          52 	.type	..gh.beginasm.0,@object
                          53 	.size	..gh.beginasm.0,0
                          54 
                          55 
                          56 
                          57 
                          58 
                          59 
                          60 
                          61     .set  regframe, 21
                          62 
                          63 
                          64     .set  framesize, regframe*4
                          65 
                          66 ..gh.endasm.1:
                          67 	.type	..gh.endasm.1,@object
                          68 	.size	..gh.endasm.1,0
                          69 	.text
                          70 	.align	2
                          71 ..gh.f.f.1.e.2:
                          72 	.type	..gh.f.f.1.e.2,@object
                          73 	.size	..gh.f.f.1.e.2,0
                          74 	.global	_SchM_Deinit
                          75 _SchM_Deinit:
                          76 --	    .bf
                          77 .LDW01:
                          78 --	    .ef
                          79 .LDW11:
00000000 7f00             80 	jmp	[lp]
                          81 	.global	___ghs_eofn_SchM_Deinit
                          82 ___ghs_eofn_SchM_Deinit:
                          83 	.type	_SchM_Deinit,@function
                          84 	.size	_SchM_Deinit,.-_SchM_Deinit
                          85 	.align	2
                          86 
                          87 	.section ".bss","awb"
                          88 .L32:
                          89 	.type	.L32,@object
                          90 	.size	.L32,0
                          91 	.data
                          92 	.text
                          93 	.align	2
                          94 	.align	2
                          95 ..gh.f.f.1.e.3:
                          96 	.type	..gh.f.f.1.e.3,@object
                          97 	.size	..gh.f.f.1.e.3,0
                          98 	.global	_SchM_Init
                          99 _SchM_Init:
                         100 --	    .bf
                         101 .LDW21:
                         102 --	    .ef
                         103 .LDW31:
00000002 7f00            104 	jmp	[lp]
                         105 	.global	___ghs_eofn_SchM_Init
                         106 ___ghs_eofn_SchM_Init:
                         107 	.type	_SchM_Init,@function
                         108 	.size	_SchM_Init,.-_SchM_Init
                         109 	.align	2
                         110 
                         111 	.section ".bss","awb"

                                                                      Page 3
                                                              C:\Users\nhuliyap\AppData\Local\Temp\gh_00006sg1.s
                         112 .L64:
                         113 	.type	.L64,@object
                         114 	.size	.L64,0
                         115 	.data
                         116 	.text
                         117 	.align	2
                         118 	.align	2
                         119 ..gh.f.f.1.e.4:
                         120 	.type	..gh.f.f.1.e.4,@object
                         121 	.size	..gh.f.f.1.e.4,0
                         122 	.global	_SchM_Enter_Det_Monitoring
                         123 _SchM_Enter_Det_Monitoring:
                         124 --	    .bf
                         125 .LDW41:
00000004 e0076001        126 	di
                         127 --	    .ef
                         128 .LDW51:
00000008 7f00            129 	jmp	[lp]
                         130 	.global	___ghs_eofn_SchM_Enter_Det_Monitoring
                         131 ___ghs_eofn_SchM_Enter_Det_Monitoring:
                         132 	.type	_SchM_Enter_Det_Monitoring,@function
                         133 	.size	_SchM_Enter_Det_Monitoring,.-_SchM_Enter_Det_Monitoring
                         134 	.align	2
                         135 
                         136 	.section ".bss","awb"
                         137 .L97:
                         138 	.type	.L97,@object
                         139 	.size	.L97,0
                         140 	.data
                         141 	.text
                         142 	.align	2
                         143 	.align	2
                         144 ..gh.f.f.1.e.5:
                         145 	.type	..gh.f.f.1.e.5,@object
                         146 	.size	..gh.f.f.1.e.5,0
                         147 	.global	_SchM_Exit_Det_Monitoring
                         148 _SchM_Exit_Det_Monitoring:
                         149 --	    .bf
                         150 .LDW61:
0000000a e0876001        151 	ei
                         152 --	    .ef
                         153 .LDW71:
0000000e 7f00            154 	jmp	[lp]
                         155 	.global	___ghs_eofn_SchM_Exit_Det_Monitoring
                         156 ___ghs_eofn_SchM_Exit_Det_Monitoring:
                         157 	.type	_SchM_Exit_Det_Monitoring,@function
                         158 	.size	_SchM_Exit_Det_Monitoring,.-_SchM_Exit_Det_Monitoring
                         159 	.align	2
                         160 
                         161 	.section ".bss","awb"
                         162 .L145:
                         163 	.type	.L145,@object
                         164 	.size	.L145,0
                         165 	.data
                         166 	.text
                         167 	.align	2
                         168 	.align	2
                         169 ..gh.f.f.1.e.6:
                         170 	.type	..gh.f.f.1.e.6,@object
                         171 	.size	..gh.f.f.1.e.6,0
                         172 	.global	_SchM_Enter_CanTrcv_30_Tja1043_CANTRCV_30_TJA1043_EXCLUSIVE_AREA_0

                                                                      Page 4
                                                              C:\Users\nhuliyap\AppData\Local\Temp\gh_00006sg1.s
                         173 _SchM_Enter_CanTrcv_30_Tja1043_CANTRCV_30_TJA1043_EXCLUSIVE_AREA_0:
                         174 --	    .bf
                         175 .LDW81:
00000010 e0076001        176 	di
                         177 --	    .ef
                         178 .LDW91:
00000014 7f00            179 	jmp	[lp]
                         180 	.global	___ghs_eofn_SchM_Enter_CanTrcv_30_Tja1043_CANTRCV_30_TJA1043_EXCLUSIVE_AREA_0
                         181 ___ghs_eofn_SchM_Enter_CanTrcv_30_Tja1043_CANTRCV_30_TJA1043_EXCLUSIVE_AREA_0:
                         182 	.type	_SchM_Enter_CanTrcv_30_Tja1043_CANTRCV_30_TJA1043_EXCLUSIVE_AREA_0,@function
                         183 	.size	_SchM_Enter_CanTrcv_30_Tja1043_CANTRCV_30_TJA1043_EXCLUSIVE_AREA_0,.-_SchM_Enter_CanTrcv_30_Tja1043_CANTRCV_30_TJA1043_EXCLUSIVE_AREA_0
                         184 	.align	2
                         185 
                         186 	.section ".bss","awb"
                         187 .L193:
                         188 	.type	.L193,@object
                         189 	.size	.L193,0
                         190 	.data
                         191 	.text
                         192 	.align	2
                         193 	.align	2
                         194 ..gh.f.f.1.e.7:
                         195 	.type	..gh.f.f.1.e.7,@object
                         196 	.size	..gh.f.f.1.e.7,0
                         197 	.global	_SchM_Exit_CanTrcv_30_Tja1043_CANTRCV_30_TJA1043_EXCLUSIVE_AREA_0
                         198 _SchM_Exit_CanTrcv_30_Tja1043_CANTRCV_30_TJA1043_EXCLUSIVE_AREA_0:
                         199 --	    .bf
                         200 .LDW02:
00000016 e0876001        201 	ei
                         202 --	    .ef
                         203 .LDW12:
0000001a 7f00            204 	jmp	[lp]
                         205 	.global	___ghs_eofn_SchM_Exit_CanTrcv_30_Tja1043_CANTRCV_30_TJA1043_EXCLUSIVE_AREA_0
                         206 ___ghs_eofn_SchM_Exit_CanTrcv_30_Tja1043_CANTRCV_30_TJA1043_EXCLUSIVE_AREA_0:
                         207 	.type	_SchM_Exit_CanTrcv_30_Tja1043_CANTRCV_30_TJA1043_EXCLUSIVE_AREA_0,@function
                         208 	.size	_SchM_Exit_CanTrcv_30_Tja1043_CANTRCV_30_TJA1043_EXCLUSIVE_AREA_0,.-_SchM_Exit_CanTrcv_30_Tja1043_CANTRCV_30_TJA1043_EXCLUSIVE_AREA_0
                         209 	.align	2
                         210 
                         211 	.section ".bss","awb"
                         212 .L241:
                         213 	.type	.L241,@object
                         214 	.size	.L241,0
                         215 	.data
                         216 	.text
                         217 	.align	2
                         218 
                         219 	.data
                         220 	.ghsnote version,17
                         221 	.ghsnote tools,8195
                         222 	.ghsnote options,144
                         223 	.text
                         224 	.align	2
                         225 ..eof.C.3A.5C_ECU2.5CECU_Rivian_A1.5CTarget.5Crepo_projects.5CpRealEcu.5CcR_R2023.2E09.2E15.5Cmake.5Coutput.5Cobjects.5CSchM...43.3A.5C_ECU2.5CECU_Rivian_A1.5CTarget.5Crepo_projects.5CpRealEcu.5CcR_R2023.2E09.2E15.5Cmake..65045C71..0::
                         226 	.section	.debug_info
                         227 .Ldw_begin:
00000000 77020000        228 	.word	.Ldw_end-.Ldw_begin-4
00000004 0200            229 	.byte	2,0
00000006 00000000*       230 	.word	.Ldw_abbr_begin
0000000a 04              231 	.byte	4
                         232 	.section	.debug_abbrev
                         233 .Ldw_abbr_begin:

                                                                      Page 5
                                                              C:\Users\nhuliyap\AppData\Local\Temp\gh_00006sg1.s
                         234 	.section	.debug_info
0000000b 01              235 	.byte	1
0000000c 00000000*       236 	.word	..bof.C.3A.5C_ECU2.5CECU_Rivian_A1.5CTarget.5Crepo_projects.5CpRealEcu.5CcR_R2023.2E09.2E15.5Cmake.5Coutput.5Cobjects.5CSchM...43.3A.5C_ECU2.5CECU_Rivian_A1.5CTarget.5Crepo_projects.5CpRealEcu.5CcR_R2023.2E09.2E15.5Cmake..65045C71..0
00000010 00000000*       237 	.word	..eof.C.3A.5C_ECU2.5CECU_Rivian_A1.5CTarget.5Crepo_projects.5CpRealEcu.5CcR_R2023.2E09.2E15.5Cmake.5Coutput.5Cobjects.5CSchM...43.3A.5C_ECU2.5CECU_Rivian_A1.5CTarget.5Crepo_projects.5CpRealEcu.5CcR_R2023.2E09.2E15.5Cmake..65045C71..0
00000014 2e2e2f736f75    238 	.strz	"../source/SwcServiceSchM/SchM.c"
0000001a 7263652f5377 
00000020 635365727669 
00000026 63655363684d 
0000002c 2f5363684d2e 
00000032 6300 
00000034 433a5c5f4543    239 	.strz	"C:\\_ECU2\\ECU_Rivian_A1\\Target\\repo_projects\\pRealEcu\\cR_R2023.09.15\\make"
0000003a 55325c454355 
00000040 5f5269766961 
00000046 6e5f41315c54 
0000004c 61726765745c 
00000052 7265706f5f70 
00000058 726f6a656374 
0000005e 735c70526561 
00000064 6c4563755c63 
0000006a 525f52323032 
00000070 332e30392e31 
00000076 355c6d616b65 
0000007c 00 
0000007d 474853204320    240 	.strz	"GHS C 2015.1.7 [dual]"
00000083 323031352e31 
00000089 2e37205b6475 
0000008f 616c5d00 
00000093 0100            241 	.byte	1,0
00000095 00000000*       242 	.word	.Ldw_line_begin
00000099 00000000*       243 	.word	.Ldw_macinfo_begin
0000009d 00              244 	.byte	0
                         245 
                         246 	.section	.debug_abbrev
00000000 01              247 	.byte	1
00000001 11              248 	.byte	17
00000002 01              249 	.byte	1
00000003 1101            250 	.byte	17,1
00000005 1201            251 	.byte	18,1
00000007 0308            252 	.byte	3,8
00000009 1b08            253 	.byte	27,8
0000000b 2508            254 	.byte	37,8
0000000d 1305            255 	.byte	19,5
0000000f 1006            256 	.byte	16,6
00000011 4306            257 	.byte	67,6
00000013 420b            258 	.byte	66,11
00000015 0000            259 	.byte	0,0
                         260 
                         261 	.section	.debug_line
                         262 .Ldw_line_begin:
00000000 5e020000        263 	.word	.Ldw_line_end-.Ldw_line_begin-4
00000004 0200            264 	.byte	2,0
00000006 00000000*       265 	.word	.Ldw_lpro_end-.Ldw_lpro_begin
                         266 .Ldw_lpro_begin:
0000000a 01              267 	.byte	1
0000000b 00              268 	.byte	0
0000000c 00              269 	.byte	0
0000000d 04              270 	.byte	4
0000000e 0a              271 	.byte	10
0000000f 000101          272 	.byte	0,1,1
00000012 010100          273 	.byte	1,1,0
00000015 000001          274 	.byte	0,0,1

                                                                      Page 6
                                                              C:\Users\nhuliyap\AppData\Local\Temp\gh_00006sg1.s
00000018 00              275 	.byte	0
00000019 2e2e2f736f75    276 	.strz	"../source/SwcServiceSchM/SchM.c"
0000001f 7263652f5377 
00000025 635365727669 
0000002b 63655363684d 
00000031 2f5363684d2e 
00000037 6300 
00000039 000000          277 	.byte	0,0,0
0000003c 2e2e2f736f75    278 	.strz	"../source/common/Std_Types.hpp"
00000042 7263652f636f 
00000048 6d6d6f6e2f53 
0000004e 74645f547970 
00000054 65732e687070 
0000005a 00 
0000005b 000000          279 	.byte	0,0,0
0000005e 2e2e2f736f75    280 	.strz	"../source/common/Platform_Types.hpp"
00000064 7263652f636f 
0000006a 6d6d6f6e2f50 
00000070 6c6174666f72 
00000076 6d5f54797065 
0000007c 732e68707000 
00000082 000000          281 	.byte	0,0,0
00000085 2e2e2f736f75    282 	.strz	"../source/common/Compiler.hpp"
0000008b 7263652f636f 
00000091 6d6d6f6e2f43 
00000097 6f6d70696c65 
0000009d 722e68707000 
000000a3 000000          283 	.byte	0,0,0
000000a6 2e2e2f736f75    284 	.strz	"../source/ProjectCompiler/Compiler_Cfg.hpp"
000000ac 7263652f5072 
000000b2 6f6a65637443 
000000b8 6f6d70696c65 
000000be 722f436f6d70 
000000c4 696c65725f43 
000000ca 66672e687070 
000000d0 00 
000000d1 000000          285 	.byte	0,0,0
000000d4 2e2e2f736f75    286 	.strz	"../source/ProjectCompiler/CompilerCfg_SwcServiceOs.hpp"
000000da 7263652f5072 
000000e0 6f6a65637443 
000000e6 6f6d70696c65 
000000ec 722f436f6d70 
000000f2 696c65724366 
000000f8 675f53776353 
000000fe 657276696365 
00000104 4f732e687070 
0000010a 00 
0000010b 000000          287 	.byte	0,0,0
0000010e 2e2e2f736f75    288 	.strz	"../source/McalMcu/types.hpp"
00000114 7263652f4d63 
0000011a 616c4d63752f 
00000120 74797065732e 
00000126 68707000 
0000012a 000000          289 	.byte	0,0,0
0000012d 2e2e2f736f75    290 	.strz	"../source/SwcServiceSchM/SchM.hpp"
00000133 7263652f5377 
00000139 635365727669 
0000013f 63655363684d 
00000145 2f5363684d2e 
0000014b 68707000 
0000014f 000000          291 	.byte	0,0,0

                                                                      Page 7
                                                              C:\Users\nhuliyap\AppData\Local\Temp\gh_00006sg1.s
00000152 2e2e2f736f75    292 	.strz	"../source/wrappers/OS/Os.hpp"
00000158 7263652f7772 
0000015e 617070657273 
00000164 2f4f532f4f73 
0000016a 2e68707000 
0000016f 000000          293 	.byte	0,0,0
00000172 2e2e2f736f75    294 	.strz	"../source/SwcServiceOs/Types_SwcServiceOs.hpp"
00000178 7263652f5377 
0000017e 635365727669 
00000184 63654f732f54 
0000018a 797065735f53 
00000190 776353657276 
00000196 6963654f732e 
0000019c 68707000 
000001a0 000000          295 	.byte	0,0,0
000001a3 2e2e2f736f75    296 	.strz	"../source/ProjectCompiler/Os_MemMap.hpp"
000001a9 7263652f5072 
000001af 6f6a65637443 
000001b5 6f6d70696c65 
000001bb 722f4f735f4d 
000001c1 656d4d61702e 
000001c7 68707000 
000001cb 000000          297 	.byte	0,0,0
000001ce 2e2e2f736f75    298 	.strz	"../source/ProjectCfg/Os_Cfg.hpp"
000001d4 7263652f5072 
000001da 6f6a65637443 
000001e0 66672f4f735f 
000001e6 4366672e6870 
000001ec 7000 
000001ee 000000          299 	.byte	0,0,0
000001f1 00              300 	.byte	0
                         301 .Ldw_lpro_end:
                         302 	.section	.debug_macinfo
                         303 .Ldw_macinfo_begin:
                         304 	.section	.debug_frame
                         305 .LDW_4be4a10:
00000000 00000000*       306 	.word	.LDW_unq_2-.LDW_unq_1
                         307 .LDW_unq_1:
00000004 ffffffff        308 	.byte	255,255,255,255
00000008 01              309 	.byte	1
00000009 00              310 	.byte	0
0000000a 01              311 	.byte	1
0000000b 01              312 	.byte	1
0000000c 1f              313 	.byte	31
0000000d 0c              314 	.byte	12
0000000e 03              315 	.byte	3
0000000f 00              316 	.byte	0
00000010 07              317 	.byte	7
00000011 00              318 	.byte	0
00000012 07              319 	.byte	7
00000013 01              320 	.byte	1
00000014 07              321 	.byte	7
00000015 02              322 	.byte	2
00000016 07              323 	.byte	7
00000017 03              324 	.byte	3
00000018 07              325 	.byte	7
00000019 04              326 	.byte	4
0000001a 07              327 	.byte	7
0000001b 05              328 	.byte	5
0000001c 07              329 	.byte	7
0000001d 06              330 	.byte	6

                                                                      Page 8
                                                              C:\Users\nhuliyap\AppData\Local\Temp\gh_00006sg1.s
0000001e 07              331 	.byte	7
0000001f 07              332 	.byte	7
00000020 07              333 	.byte	7
00000021 08              334 	.byte	8
00000022 07              335 	.byte	7
00000023 09              336 	.byte	9
00000024 07              337 	.byte	7
00000025 0a              338 	.byte	10
00000026 07              339 	.byte	7
00000027 0b              340 	.byte	11
00000028 07              341 	.byte	7
00000029 0c              342 	.byte	12
0000002a 07              343 	.byte	7
0000002b 0d              344 	.byte	13
0000002c 07              345 	.byte	7
0000002d 0e              346 	.byte	14
0000002e 07              347 	.byte	7
0000002f 0f              348 	.byte	15
00000030 07              349 	.byte	7
00000031 10              350 	.byte	16
00000032 07              351 	.byte	7
00000033 11              352 	.byte	17
00000034 07              353 	.byte	7
00000035 12              354 	.byte	18
00000036 07              355 	.byte	7
00000037 13              356 	.byte	19
00000038 08              357 	.byte	8
00000039 14              358 	.byte	20
0000003a 08              359 	.byte	8
0000003b 15              360 	.byte	21
0000003c 08              361 	.byte	8
0000003d 16              362 	.byte	22
0000003e 08              363 	.byte	8
0000003f 17              364 	.byte	23
00000040 08              365 	.byte	8
00000041 18              366 	.byte	24
00000042 08              367 	.byte	8
00000043 19              368 	.byte	25
00000044 08              369 	.byte	8
00000045 1a              370 	.byte	26
00000046 08              371 	.byte	8
00000047 1b              372 	.byte	27
00000048 08              373 	.byte	8
00000049 1c              374 	.byte	28
0000004a 08              375 	.byte	8
0000004b 1d              376 	.byte	29
0000004c 07              377 	.byte	7
0000004d 1e              378 	.byte	30
0000004e 08              379 	.byte	8
0000004f 1f              380 	.byte	31
00000050 07              381 	.byte	7
00000051 20              382 	.byte	32
00000052 07              383 	.byte	7
00000053 21              384 	.byte	33
00000054 07              385 	.byte	7
00000055 22              386 	.byte	34
00000056 07              387 	.byte	7
00000057 23              388 	.byte	35
00000058 07              389 	.byte	7
00000059 24              390 	.byte	36
0000005a 07              391 	.byte	7

                                                                      Page 9
                                                              C:\Users\nhuliyap\AppData\Local\Temp\gh_00006sg1.s
0000005b 25              392 	.byte	37
0000005c 07              393 	.byte	7
0000005d 26              394 	.byte	38
0000005e 07              395 	.byte	7
0000005f 27              396 	.byte	39
00000060 07              397 	.byte	7
00000061 28              398 	.byte	40
00000062 07              399 	.byte	7
00000063 29              400 	.byte	41
00000064 07              401 	.byte	7
00000065 2a              402 	.byte	42
00000066 07              403 	.byte	7
00000067 2b              404 	.byte	43
00000068 07              405 	.byte	7
00000069 2c              406 	.byte	44
0000006a 07              407 	.byte	7
0000006b 2d              408 	.byte	45
0000006c 07              409 	.byte	7
0000006d 2e              410 	.byte	46
0000006e 07              411 	.byte	7
0000006f 2f              412 	.byte	47
00000070 07              413 	.byte	7
00000071 30              414 	.byte	48
00000072 07              415 	.byte	7
00000073 31              416 	.byte	49
00000074 07              417 	.byte	7
00000075 32              418 	.byte	50
00000076 07              419 	.byte	7
00000077 33              420 	.byte	51
00000078 07              421 	.byte	7
00000079 34              422 	.byte	52
0000007a 07              423 	.byte	7
0000007b 35              424 	.byte	53
0000007c 07              425 	.byte	7
0000007d 36              426 	.byte	54
0000007e 07              427 	.byte	7
0000007f 37              428 	.byte	55
00000080 07              429 	.byte	7
00000081 38              430 	.byte	56
00000082 07              431 	.byte	7
00000083 39              432 	.byte	57
00000084 07              433 	.byte	7
00000085 3a              434 	.byte	58
00000086 07              435 	.byte	7
00000087 3b              436 	.byte	59
00000088 07              437 	.byte	7
00000089 3c              438 	.byte	60
0000008a 07              439 	.byte	7
0000008b 3d              440 	.byte	61
0000008c 07              441 	.byte	7
0000008d 3e              442 	.byte	62
0000008e 07              443 	.byte	7
0000008f 3f              444 	.byte	63
                         445 .LDW_unq_2:
                         446 	.section	.debug_info
                         447 .LDW_3006ef0:
0000009e 45              448 	.byte	69
0000009f 01              449 	.byte	1
                         450 
                         451 	.section	.debug_abbrev
00000017 45              452 	.byte	69

                                                                      Page 10
                                                              C:\Users\nhuliyap\AppData\Local\Temp\gh_00006sg1.s
00000018 15              453 	.byte	21
00000019 01              454 	.byte	1
0000001a 270c            455 	.byte	39,12
0000001c 0000            456 	.byte	0,0
                         457 
                         458 	.section	.debug_info
000000a0 00              459 	.byte	0
                         460 
                         461 .LDW_3006b70:
000000a1 45              462 	.byte	69
000000a2 01              463 	.byte	1
                         464 
000000a3 00              465 	.byte	0
                         466 
                         467 .LDW_3006c50:
000000a4 45              468 	.byte	69
000000a5 01              469 	.byte	1
                         470 
000000a6 00              471 	.byte	0
                         472 
                         473 .LDW_3006a58:
000000a7 45              474 	.byte	69
000000a8 01              475 	.byte	1
                         476 
000000a9 00              477 	.byte	0
                         478 
                         479 .LDW_3006d68:
000000aa 45              480 	.byte	69
000000ab 01              481 	.byte	1
                         482 
000000ac 00              483 	.byte	0
                         484 
                         485 .LDW_3006e48:
000000ad 45              486 	.byte	69
000000ae 01              487 	.byte	1
                         488 
000000af 00              489 	.byte	0
                         490 
                         491 .LDW_4bf9378:
000000b0 45              492 	.byte	69
000000b1 01              493 	.byte	1
                         494 
000000b2 00              495 	.byte	0
                         496 
                         497 .LDW_4bf8f18:
000000b3 45              498 	.byte	69
000000b4 01              499 	.byte	1
                         500 
000000b5 00              501 	.byte	0
                         502 
                         503 .LDW_4bfaac0:
000000b6 15              504 	.byte	21
000000b7 5f5f444900      505 	.strz	"__DI"
000000bc 2e              506 	.byte	46
000000bd 0d              507 	.byte	13
000000be 09              508 	.byte	9
000000bf 01              509 	.byte	1
000000c0 00              510 	.byte	0
000000c1 01              511 	.byte	1
000000c2 01              512 	.byte	1
000000c3 00              513 	.byte	0

                                                                      Page 11
                                                              C:\Users\nhuliyap\AppData\Local\Temp\gh_00006sg1.s
000000c4 01              514 	.byte	1
                         515 
                         516 	.section	.debug_abbrev
0000001e 15              517 	.byte	21
0000001f 2e              518 	.byte	46
00000020 01              519 	.byte	1
00000021 0308            520 	.byte	3,8
00000023 3b0f            521 	.byte	59,15
00000025 390f            522 	.byte	57,15
00000027 3a0f            523 	.byte	58,15
00000029 3c0c            524 	.byte	60,12
0000002b 200b            525 	.byte	32,11
0000002d 3f0c            526 	.byte	63,12
0000002f 320b            527 	.byte	50,11
00000031 4c0b            528 	.byte	76,11
00000033 270c            529 	.byte	39,12
00000035 0000            530 	.byte	0,0
                         531 
                         532 	.section	.debug_info
000000c5 00              533 	.byte	0
                         534 
                         535 .LDW_4bfab58:
000000c6 15              536 	.byte	21
000000c7 5f5f454900      537 	.strz	"__EI"
000000cc 2f              538 	.byte	47
000000cd 0d              539 	.byte	13
000000ce 09              540 	.byte	9
000000cf 01              541 	.byte	1
000000d0 00              542 	.byte	0
000000d1 01              543 	.byte	1
000000d2 01              544 	.byte	1
000000d3 00              545 	.byte	0
000000d4 01              546 	.byte	1
                         547 
000000d5 00              548 	.byte	0
                         549 
                         550 .LDW_3048b18:
000000d6 13              551 	.byte	19
000000d7 5363684d5f44    552 	.strz	"SchM_Deinit"
000000dd 65696e697400 
000000e3 07              553 	.byte	7
000000e4 06              554 	.byte	6
000000e5 01              555 	.byte	1
000000e6 00000000*       556 	.word	_SchM_Deinit
000000ea 00000000*       557 	.word	___ghs_eofn_SchM_Deinit
000000ee 0153            558 	.byte	1,83
000000f0 02              559 	.byte	2
000000f1 00              560 	.byte	0
000000f2 02              561 	.byte	2
000000f3 00              562 	.byte	0
000000f4 00              563 	.byte	0
000000f5 00              564 	.byte	0
000000f6 00              565 	.byte	0
000000f7 01              566 	.byte	1
000000f8 01              567 	.byte	1
000000f9 00              568 	.byte	0
000000fa 01              569 	.byte	1
                         570 
                         571 	.section	.debug_abbrev
00000037 13              572 	.byte	19
00000038 2e              573 	.byte	46

                                                                      Page 12
                                                              C:\Users\nhuliyap\AppData\Local\Temp\gh_00006sg1.s
00000039 01              574 	.byte	1
0000003a 0308            575 	.byte	3,8
0000003c 3b0f            576 	.byte	59,15
0000003e 390f            577 	.byte	57,15
00000040 3a0f            578 	.byte	58,15
00000042 1101            579 	.byte	17,1
00000044 1201            580 	.byte	18,1
00000046 400a            581 	.byte	64,10
00000048 8341            582 	.byte	131,65
0000004a 0f              583 	.byte	15
0000004b 8741            584 	.byte	135,65
0000004d 0d              585 	.byte	13
0000004e 8541            586 	.byte	133,65
00000050 0f              587 	.byte	15
00000051 8641            588 	.byte	134,65
00000053 0d              589 	.byte	13
00000054 9241            590 	.byte	146,65
00000056 0f              591 	.byte	15
00000057 3c0c            592 	.byte	60,12
00000059 200b            593 	.byte	32,11
0000005b 3f0c            594 	.byte	63,12
0000005d 320b            595 	.byte	50,11
0000005f 4c0b            596 	.byte	76,11
00000061 270c            597 	.byte	39,12
00000063 0000            598 	.byte	0,0
                         599 
                         600 	.section	.debug_frame
                         601 .LDW_4c2d9c0:
00000090 00000000*       602 	.word	.LDW_unq_4-.LDW_unq_3
                         603 .LDW_unq_3:
00000094 00000000*       604 	.word	.LDW_4be4a10
00000098 00000000*       605 	.word	_SchM_Deinit
0000009c 00000000*       606 	.word	___ghs_eofn_SchM_Deinit-_SchM_Deinit
000000a0 01              607 	.byte	1
000000a1 00000000*       608 	.word	.LDW11
000000a5 00              609 	.byte	0
000000a6 00              610 	.byte	0
000000a7 00              611 	.byte	0
                         612 .LDW_unq_4:
                         613 	.section	.debug_line
000001f2 000502          614 	.byte	0,5,2
000001f5 00000000*       615 	.word	_SchM_Deinit
000001f9 06              616 	.byte	6
000001fa 03              617 	.byte	3
000001fb 07              618 	.byte	7
000001fc 02              619 	.byte	2
000001fd 00              620 	.byte	0
000001fe 01              621 	.byte	1
000001ff 02              622 	.byte	2
00000200 02              623 	.byte	2
00000201 000101          624 	.byte	0,1,1
                         625 	.section	.debug_info
                         626 .LDW_30013f8:
000000fb 1d              627 	.byte	29
000000fc 00000000*       628 	.word	.LDW01
00000100 00000000*       629 	.word	.LDW11
                         630 
                         631 	.section	.debug_abbrev
00000065 1d              632 	.byte	29
00000066 0b              633 	.byte	11
00000067 01              634 	.byte	1

                                                                      Page 13
                                                              C:\Users\nhuliyap\AppData\Local\Temp\gh_00006sg1.s
00000068 1101            635 	.byte	17,1
0000006a 1201            636 	.byte	18,1
0000006c 0000            637 	.byte	0,0
                         638 
                         639 	.section	.debug_info
00000104 00              640 	.byte	0
                         641 
00000105 00              642 	.byte	0
                         643 
                         644 .LDW_3048bb0:
00000106 13              645 	.byte	19
00000107 5363684d5f49    646 	.strz	"SchM_Init"
0000010d 6e697400 
00000111 0a              647 	.byte	10
00000112 06              648 	.byte	6
00000113 01              649 	.byte	1
00000114 00000000*       650 	.word	_SchM_Init
00000118 00000000*       651 	.word	___ghs_eofn_SchM_Init
0000011c 0153            652 	.byte	1,83
0000011e 02              653 	.byte	2
0000011f 00              654 	.byte	0
00000120 02              655 	.byte	2
00000121 00              656 	.byte	0
00000122 00              657 	.byte	0
00000123 00              658 	.byte	0
00000124 00              659 	.byte	0
00000125 01              660 	.byte	1
00000126 01              661 	.byte	1
00000127 00              662 	.byte	0
00000128 01              663 	.byte	1
                         664 
                         665 	.section	.debug_frame
                         666 .LDW_4c2d580:
000000a8 00000000*       667 	.word	.LDW_unq_6-.LDW_unq_5
                         668 .LDW_unq_5:
000000ac 00000000*       669 	.word	.LDW_4be4a10
000000b0 00000000*       670 	.word	_SchM_Init
000000b4 00000000*       671 	.word	___ghs_eofn_SchM_Init-_SchM_Init
000000b8 01              672 	.byte	1
000000b9 00000000*       673 	.word	.LDW31
000000bd 00              674 	.byte	0
000000be 00              675 	.byte	0
000000bf 00              676 	.byte	0
                         677 .LDW_unq_6:
                         678 	.section	.debug_line
00000204 000502          679 	.byte	0,5,2
00000207 00000000*       680 	.word	_SchM_Init
0000020b 06              681 	.byte	6
0000020c 03              682 	.byte	3
0000020d 0a              683 	.byte	10
0000020e 02              684 	.byte	2
0000020f 00              685 	.byte	0
00000210 01              686 	.byte	1
00000211 02              687 	.byte	2
00000212 02              688 	.byte	2
00000213 000101          689 	.byte	0,1,1
                         690 	.section	.debug_info
                         691 .LDW_30014b8:
00000129 1d              692 	.byte	29
0000012a 00000000*       693 	.word	.LDW21
0000012e 00000000*       694 	.word	.LDW31

                                                                      Page 14
                                                              C:\Users\nhuliyap\AppData\Local\Temp\gh_00006sg1.s
                         695 
00000132 00              696 	.byte	0
                         697 
00000133 00              698 	.byte	0
                         699 
                         700 .LDW_3048c48:
00000134 13              701 	.byte	19
00000135 5363684d5f45    702 	.strz	"SchM_Enter_Det_Monitoring"
0000013b 6e7465725f44 
00000141 65745f4d6f6e 
00000147 69746f72696e 
0000014d 6700 
0000014f 0d              703 	.byte	13
00000150 06              704 	.byte	6
00000151 01              705 	.byte	1
00000152 00000000*       706 	.word	_SchM_Enter_Det_Monitoring
00000156 00000000*       707 	.word	___ghs_eofn_SchM_Enter_Det_Monitoring
0000015a 0153            708 	.byte	1,83
0000015c 02              709 	.byte	2
0000015d 00              710 	.byte	0
0000015e 02              711 	.byte	2
0000015f 00              712 	.byte	0
00000160 00              713 	.byte	0
00000161 00              714 	.byte	0
00000162 00              715 	.byte	0
00000163 01              716 	.byte	1
00000164 01              717 	.byte	1
00000165 00              718 	.byte	0
00000166 01              719 	.byte	1
                         720 
                         721 	.section	.debug_frame
                         722 .LDW_4c2d480:
000000c0 00000000*       723 	.word	.LDW_unq_8-.LDW_unq_7
                         724 .LDW_unq_7:
000000c4 00000000*       725 	.word	.LDW_4be4a10
000000c8 00000000*       726 	.word	_SchM_Enter_Det_Monitoring
000000cc 00000000*       727 	.word	___ghs_eofn_SchM_Enter_Det_Monitoring-_SchM_Enter_Det_Monitoring
000000d0 01              728 	.byte	1
000000d1 00000000*       729 	.word	.LDW51
000000d5 00              730 	.byte	0
000000d6 00              731 	.byte	0
000000d7 00              732 	.byte	0
                         733 .LDW_unq_8:
                         734 	.section	.debug_line
00000216 000502          735 	.byte	0,5,2
00000219 00000000*       736 	.word	_SchM_Enter_Det_Monitoring
0000021d 06              737 	.byte	6
0000021e 03              738 	.byte	3
0000021f 0d              739 	.byte	13
00000220 02              740 	.byte	2
00000221 00              741 	.byte	0
00000222 01              742 	.byte	1
00000223 1b              743 	.byte	27
00000224 02              744 	.byte	2
00000225 02              745 	.byte	2
00000226 000101          746 	.byte	0,1,1
                         747 	.section	.debug_info
                         748 .LDW_30014e8:
00000167 1d              749 	.byte	29
00000168 00000000*       750 	.word	.LDW41
0000016c 00000000*       751 	.word	.LDW51

                                                                      Page 15
                                                              C:\Users\nhuliyap\AppData\Local\Temp\gh_00006sg1.s
                         752 
00000170 00              753 	.byte	0
                         754 
00000171 00              755 	.byte	0
                         756 
                         757 .LDW_3048ce0:
00000172 13              758 	.byte	19
00000173 5363684d5f45    759 	.strz	"SchM_Exit_Det_Monitoring"
00000179 7869745f4465 
0000017f 745f4d6f6e69 
00000185 746f72696e67 
0000018b 00 
0000018c 11              760 	.byte	17
0000018d 06              761 	.byte	6
0000018e 01              762 	.byte	1
0000018f 00000000*       763 	.word	_SchM_Exit_Det_Monitoring
00000193 00000000*       764 	.word	___ghs_eofn_SchM_Exit_Det_Monitoring
00000197 0153            765 	.byte	1,83
00000199 02              766 	.byte	2
0000019a 00              767 	.byte	0
0000019b 02              768 	.byte	2
0000019c 00              769 	.byte	0
0000019d 00              770 	.byte	0
0000019e 00              771 	.byte	0
0000019f 00              772 	.byte	0
000001a0 01              773 	.byte	1
000001a1 01              774 	.byte	1
000001a2 00              775 	.byte	0
000001a3 01              776 	.byte	1
                         777 
                         778 	.section	.debug_frame
                         779 .LDW_4c2da00:
000000d8 00000000*       780 	.word	.LDW_unq_a-.LDW_unq_9
                         781 .LDW_unq_9:
000000dc 00000000*       782 	.word	.LDW_4be4a10
000000e0 00000000*       783 	.word	_SchM_Exit_Det_Monitoring
000000e4 00000000*       784 	.word	___ghs_eofn_SchM_Exit_Det_Monitoring-_SchM_Exit_Det_Monitoring
000000e8 01              785 	.byte	1
000000e9 00000000*       786 	.word	.LDW71
000000ed 00              787 	.byte	0
000000ee 00              788 	.byte	0
000000ef 00              789 	.byte	0
                         790 .LDW_unq_a:
                         791 	.section	.debug_line
00000229 000502          792 	.byte	0,5,2
0000022c 00000000*       793 	.word	_SchM_Exit_Det_Monitoring
00000230 06              794 	.byte	6
00000231 03              795 	.byte	3
00000232 11              796 	.byte	17
00000233 02              797 	.byte	2
00000234 00              798 	.byte	0
00000235 01              799 	.byte	1
00000236 1b              800 	.byte	27
00000237 02              801 	.byte	2
00000238 02              802 	.byte	2
00000239 000101          803 	.byte	0,1,1
                         804 	.section	.debug_info
                         805 .LDW_3001578:
000001a4 1d              806 	.byte	29
000001a5 00000000*       807 	.word	.LDW61
000001a9 00000000*       808 	.word	.LDW71

                                                                      Page 16
                                                              C:\Users\nhuliyap\AppData\Local\Temp\gh_00006sg1.s
                         809 
000001ad 00              810 	.byte	0
                         811 
000001ae 00              812 	.byte	0
                         813 
                         814 .LDW_3048d78:
000001af 13              815 	.byte	19
000001b0 5363684d5f45    816 	.strz	"SchM_Enter_CanTrcv_30_Tja1043_CANTRCV_30_TJA1043_EXCLUSIVE_AREA_0"
000001b6 6e7465725f43 
000001bc 616e54726376 
000001c2 5f33305f546a 
000001c8 61313034335f 
000001ce 43414e545243 
000001d4 565f33305f54 
000001da 4a4131303433 
000001e0 5f4558434c55 
000001e6 534956455f41 
000001ec 5245415f3000 
000001f2 15              817 	.byte	21
000001f3 06              818 	.byte	6
000001f4 01              819 	.byte	1
000001f5 00000000*       820 	.word	_SchM_Enter_CanTrcv_30_Tja1043_CANTRCV_30_TJA1043_EXCLUSIVE_AREA_0
000001f9 00000000*       821 	.word	___ghs_eofn_SchM_Enter_CanTrcv_30_Tja1043_CANTRCV_30_TJA1043_EXCLUSIVE_AREA_0
000001fd 0153            822 	.byte	1,83
000001ff 02              823 	.byte	2
00000200 00              824 	.byte	0
00000201 02              825 	.byte	2
00000202 00              826 	.byte	0
00000203 00              827 	.byte	0
00000204 00              828 	.byte	0
00000205 00              829 	.byte	0
00000206 01              830 	.byte	1
00000207 01              831 	.byte	1
00000208 00              832 	.byte	0
00000209 01              833 	.byte	1
                         834 
                         835 	.section	.debug_frame
                         836 .LDW_4c2da80:
000000f0 00000000*       837 	.word	.LDW_unq_c-.LDW_unq_b
                         838 .LDW_unq_b:
000000f4 00000000*       839 	.word	.LDW_4be4a10
000000f8 00000000*       840 	.word	_SchM_Enter_CanTrcv_30_Tja1043_CANTRCV_30_TJA1043_EXCLUSIVE_AREA_0
000000fc 00000000*       841 	.word	___ghs_eofn_SchM_Enter_CanTrcv_30_Tja1043_CANTRCV_30_TJA1043_EXCLUSIVE_AREA_0-_SchM_Enter_CanTrcv_30_Tja1043_CANTRCV_30_TJA1043_EXCLUSIVE_AREA_0
00000100 01              842 	.byte	1
00000101 00000000*       843 	.word	.LDW91
00000105 00              844 	.byte	0
00000106 00              845 	.byte	0
00000107 00              846 	.byte	0
                         847 .LDW_unq_c:
                         848 	.section	.debug_line
0000023c 000502          849 	.byte	0,5,2
0000023f 00000000*       850 	.word	_SchM_Enter_CanTrcv_30_Tja1043_CANTRCV_30_TJA1043_EXCLUSIVE_AREA_0
00000243 06              851 	.byte	6
00000244 03              852 	.byte	3
00000245 15              853 	.byte	21
00000246 02              854 	.byte	2
00000247 00              855 	.byte	0
00000248 01              856 	.byte	1
00000249 1b              857 	.byte	27
0000024a 02              858 	.byte	2
0000024b 02              859 	.byte	2

                                                                      Page 17
                                                              C:\Users\nhuliyap\AppData\Local\Temp\gh_00006sg1.s
0000024c 000101          860 	.byte	0,1,1
                         861 	.section	.debug_info
                         862 .LDW_30015a8:
0000020a 1d              863 	.byte	29
0000020b 00000000*       864 	.word	.LDW81
0000020f 00000000*       865 	.word	.LDW91
                         866 
00000213 00              867 	.byte	0
                         868 
00000214 00              869 	.byte	0
                         870 
                         871 .LDW_3048e10:
00000215 13              872 	.byte	19
00000216 5363684d5f45    873 	.strz	"SchM_Exit_CanTrcv_30_Tja1043_CANTRCV_30_TJA1043_EXCLUSIVE_AREA_0"
0000021c 7869745f4361 
00000222 6e547263765f 
00000228 33305f546a61 
0000022e 313034335f43 
00000234 414e54524356 
0000023a 5f33305f544a 
00000240 41313034335f 
00000246 4558434c5553 
0000024c 4956455f4152 
00000252 45415f3000 
00000257 19              874 	.byte	25
00000258 06              875 	.byte	6
00000259 01              876 	.byte	1
0000025a 00000000*       877 	.word	_SchM_Exit_CanTrcv_30_Tja1043_CANTRCV_30_TJA1043_EXCLUSIVE_AREA_0
0000025e 00000000*       878 	.word	___ghs_eofn_SchM_Exit_CanTrcv_30_Tja1043_CANTRCV_30_TJA1043_EXCLUSIVE_AREA_0
00000262 0153            879 	.byte	1,83
00000264 02              880 	.byte	2
00000265 00              881 	.byte	0
00000266 02              882 	.byte	2
00000267 00              883 	.byte	0
00000268 00              884 	.byte	0
00000269 00              885 	.byte	0
0000026a 00              886 	.byte	0
0000026b 01              887 	.byte	1
0000026c 01              888 	.byte	1
0000026d 00              889 	.byte	0
0000026e 01              890 	.byte	1
                         891 
                         892 	.section	.debug_frame
                         893 .LDW_4c2d340:
00000108 00000000*       894 	.word	.LDW_unq_e-.LDW_unq_d
                         895 .LDW_unq_d:
0000010c 00000000*       896 	.word	.LDW_4be4a10
00000110 00000000*       897 	.word	_SchM_Exit_CanTrcv_30_Tja1043_CANTRCV_30_TJA1043_EXCLUSIVE_AREA_0
00000114 00000000*       898 	.word	___ghs_eofn_SchM_Exit_CanTrcv_30_Tja1043_CANTRCV_30_TJA1043_EXCLUSIVE_AREA_0-_SchM_Exit_CanTrcv_30_Tja1043_CANTRCV_30_TJA1043_EXCLUSIVE_AREA_0
00000118 01              899 	.byte	1
00000119 00000000*       900 	.word	.LDW12
0000011d 00              901 	.byte	0
0000011e 00              902 	.byte	0
0000011f 00              903 	.byte	0
                         904 .LDW_unq_e:
                         905 	.section	.debug_line
0000024f 000502          906 	.byte	0,5,2
00000252 00000000*       907 	.word	_SchM_Exit_CanTrcv_30_Tja1043_CANTRCV_30_TJA1043_EXCLUSIVE_AREA_0
00000256 06              908 	.byte	6
00000257 03              909 	.byte	3
00000258 19              910 	.byte	25

                                                                      Page 18
                                                              C:\Users\nhuliyap\AppData\Local\Temp\gh_00006sg1.s
00000259 02              911 	.byte	2
0000025a 00              912 	.byte	0
0000025b 01              913 	.byte	1
0000025c 1b              914 	.byte	27
0000025d 02              915 	.byte	2
0000025e 02              916 	.byte	2
0000025f 000101          917 	.byte	0,1,1
                         918 	.section	.debug_info
                         919 .LDW_3001638:
0000026f 1d              920 	.byte	29
00000270 00000000*       921 	.word	.LDW02
00000274 00000000*       922 	.word	.LDW12
                         923 
00000278 00              924 	.byte	0
                         925 
00000279 00              926 	.byte	0
                         927 
0000027a 00              928 	.byte	0
                         929 
                         930 	.section	.debug_line
                         931 .Ldw_line_end:
                         932 	.section	.debug_macinfo
00000000 01              933 	.byte	1
00000001 00              934 	.byte	0
00000002 5f5f4748535f    935 	.strz	"__GHS_VERSION_NUMBER 201517"
00000008 56455253494f 
0000000e 4e5f4e554d42 
00000014 455220323031 
0000001a 35313700 
0000001e 01              936 	.byte	1
0000001f 00              937 	.byte	0
00000020 5f5f6768735f    938 	.strz	"__ghs__ 1"
00000026 5f203100 
0000002a 01              939 	.byte	1
0000002b 00              940 	.byte	0
0000002c 5f5f56383030    941 	.strz	"__V800_registermode 32"
00000032 5f7265676973 
00000038 7465726d6f64 
0000003e 6520333200 
00000043 01              942 	.byte	1
00000044 00              943 	.byte	0
00000045 5f5f4c4c4f4e    944 	.strz	"__LLONG_BIT 64"
0000004b 475f42495420 
00000051 363400 
00000054 01              945 	.byte	1
00000055 00              946 	.byte	0
00000056 4e4f545f5245    947 	.strz	"NOT_READY_FOR_TESTING_OR_DEPLOYMENT 1"
0000005c 4144595f464f 
00000062 525f54455354 
00000068 494e475f4f52 
0000006e 5f4445504c4f 
00000074 594d454e5420 
0000007a 3100 
0000007c 03              948 	.byte	3
0000007d 00              949 	.byte	0
0000007e 01              950 	.byte	1
0000007f 03              951 	.byte	3
00000080 01              952 	.byte	1
00000081 02              953 	.byte	2
00000082 01              954 	.byte	1
00000083 02              955 	.byte	2

                                                                      Page 19
                                                              C:\Users\nhuliyap\AppData\Local\Temp\gh_00006sg1.s
00000084 5354445f5459    956 	.strz	"STD_TYPES_H "
0000008a 5045535f4820 
00000090 00 
00000091 03              957 	.byte	3
00000092 1c              958 	.byte	28
00000093 03              959 	.byte	3
00000094 04              960 	.byte	4
00000095 03              961 	.byte	3
00000096 1d              962 	.byte	29
00000097 04              963 	.byte	4
00000098 03              964 	.byte	3
00000099 1b              965 	.byte	27
0000009a 05              966 	.byte	5
0000009b 03              967 	.byte	3
0000009c 54              968 	.byte	84
0000009d 06              969 	.byte	6
0000009e 01              970 	.byte	1
0000009f 32              971 	.byte	50
000000a0 4f535f434f4e    972 	.strz	"OS_CONST "
000000a6 53542000 
000000aa 01              973 	.byte	1
000000ab 35              974 	.byte	53
000000ac 4f535f415050    975 	.strz	"OS_APPL_CODE "
000000b2 4c5f434f4445 
000000b8 2000 
000000ba 04              976 	.byte	4
000000bb 04              977 	.byte	4
000000bc 01              978 	.byte	1
000000bd 34              979 	.byte	52
000000be 46554e432872    980 	.strz	"FUNC(rettype,memclass) rettype"
000000c4 657474797065 
000000ca 2c6d656d636c 
000000d0 617373292072 
000000d6 657474797065 
000000dc 00 
000000dd 01              981 	.byte	1
000000de 37              982 	.byte	55
000000df 503256415228    983 	.strz	"P2VAR(ptrtype,memclass,ptrclass) ptrtype*"
000000e5 707472747970 
000000eb 652c6d656d63 
000000f1 6c6173732c70 
000000f7 7472636c6173 
000000fd 732920707472 
00000103 747970652a00 
00000109 01              984 	.byte	1
0000010a 38              985 	.byte	56
0000010b 5032434f4e53    986 	.strz	"P2CONST(ptrtype,memclass,ptrclass) const ptrtype*"
00000111 542870747274 
00000117 7970652c6d65 
0000011d 6d636c617373 
00000123 2c707472636c 
00000129 617373292063 
0000012f 6f6e73742070 
00000135 747274797065 
0000013b 2a00 
0000013d 01              987 	.byte	1
0000013e 39              988 	.byte	57
0000013f 434f4e535450    989 	.strz	"CONSTP2VAR(ptrtype,memclass,ptrclass) ptrtype *const"
00000145 325641522870 
0000014b 747274797065 
00000151 2c6d656d636c 

                                                                      Page 20
                                                              C:\Users\nhuliyap\AppData\Local\Temp\gh_00006sg1.s
00000157 6173732c7074 
0000015d 72636c617373 
00000163 292070747274 
00000169 797065202a63 
0000016f 6f6e737400 
00000174 01              990 	.byte	1
00000175 3a              991 	.byte	58
00000176 434f4e535450    992 	.strz	"CONSTP2CONST(ptrtype,memclass,ptrclass) const ptrtype *const"
0000017c 32434f4e5354 
00000182 287074727479 
00000188 70652c6d656d 
0000018e 636c6173732c 
00000194 707472636c61 
0000019a 73732920636f 
000001a0 6e7374207074 
000001a6 727479706520 
000001ac 2a636f6e7374 
000001b2 00 
000001b3 01              993 	.byte	1
000001b4 3d              994 	.byte	61
000001b5 434f4e535428    995 	.strz	"CONST(type,memclass) const type"
000001bb 747970652c6d 
000001c1 656d636c6173 
000001c7 732920636f6e 
000001cd 737420747970 
000001d3 6500 
000001d5 01              996 	.byte	1
000001d6 3e              997 	.byte	62
000001d7 564152287661    998 	.strz	"VAR(vartype,memclass) vartype"
000001dd 72747970652c 
000001e3 6d656d636c61 
000001e9 737329207661 
000001ef 727479706500 
000001f5 04              999 	.byte	4
000001f6 01             1000 	.byte	1
000001f7 4a             1001 	.byte	74
000001f8 535441545553   1002 	.strz	"STATUSTYPEDEFINED "
000001fe 545950454445 
00000204 46494e454420 
0000020a 00 
0000020b 04             1003 	.byte	4
0000020c 03             1004 	.byte	3
0000020d 03             1005 	.byte	3
0000020e 07             1006 	.byte	7
0000020f 04             1007 	.byte	4
00000210 03             1008 	.byte	3
00000211 04             1009 	.byte	4
00000212 08             1010 	.byte	8
00000213 04             1011 	.byte	4
00000214 03             1012 	.byte	3
00000215 05             1013 	.byte	5
00000216 09             1014 	.byte	9
00000217 03             1015 	.byte	3
00000218 15             1016 	.byte	21
00000219 0a             1017 	.byte	10
0000021a 04             1018 	.byte	4
0000021b 01             1019 	.byte	1
0000021c e401           1020 	.byte	228,1
0000021e 4f535f535441   1021 	.strz	"OS_START_SEC_CODE_LIB "
00000224 52545f534543 
0000022a 5f434f44455f 

                                                                      Page 21
                                                              C:\Users\nhuliyap\AppData\Local\Temp\gh_00006sg1.s
00000230 4c49422000 
00000235 03             1022 	.byte	3
00000236 e501           1023 	.byte	229,1
00000238 0b             1024 	.byte	11
00000239 04             1025 	.byte	4
0000023a 01             1026 	.byte	1
0000023b ea01           1027 	.byte	234,1
0000023d 4f535f53544f   1028 	.strz	"OS_STOP_SEC_CODE_LIB "
00000243 505f5345435f 
00000249 434f44455f4c 
0000024f 49422000 
00000253 03             1029 	.byte	3
00000254 eb01           1030 	.byte	235,1
00000256 0b             1031 	.byte	11
00000257 04             1032 	.byte	4
00000258 01             1033 	.byte	1
00000259 ee01           1034 	.byte	238,1
0000025b 4f535f564f4c   1035 	.strz	"OS_VOLATILE volatile"
00000261 4154494c4520 
00000267 766f6c617469 
0000026d 6c6500 
00000270 01             1036 	.byte	1
00000271 a003           1037 	.byte	160,3
00000273 4465636c6172   1038 	.strz	"DeclareISR(x) "
00000279 654953522878 
0000027f 292000 
00000282 01             1039 	.byte	1
00000283 c803           1040 	.byte	200,3
00000285 4465636c6172   1041 	.strz	"DeclareTask(x) "
0000028b 655461736b28 
00000291 78292000 
00000295 01             1042 	.byte	1
00000296 ee03           1043 	.byte	238,3
00000298 4465636c6172   1044 	.strz	"DeclareAlarm(x) "
0000029e 65416c61726d 
000002a4 2878292000 
000002a9 01             1045 	.byte	1
000002aa 9104           1046 	.byte	145,4
000002ac 4465636c6172   1047 	.strz	"DeclareCounter(x) "
000002b2 65436f756e74 
000002b8 657228782920 
000002be 00 
000002bf 01             1048 	.byte	1
000002c0 a206           1049 	.byte	162,6
000002c2 4f535f535441   1050 	.strz	"OS_START_SEC_OS_CBK_TRACECOMMDATAREADY_CODE "
000002c8 52545f534543 
000002ce 5f4f535f4342 
000002d4 4b5f54524143 
000002da 45434f4d4d44 
000002e0 415441524541 
000002e6 44595f434f44 
000002ec 452000 
000002ef 03             1051 	.byte	3
000002f0 a306           1052 	.byte	163,6
000002f2 0b             1053 	.byte	11
000002f3 04             1054 	.byte	4
000002f4 01             1055 	.byte	1
000002f5 a506           1056 	.byte	165,6
000002f7 4f535f53544f   1057 	.strz	"OS_STOP_SEC_OS_CBK_TRACECOMMDATAREADY_CODE "
000002fd 505f5345435f 
00000303 4f535f43424b 

                                                                      Page 22
                                                              C:\Users\nhuliyap\AppData\Local\Temp\gh_00006sg1.s
00000309 5f5452414345 
0000030f 434f4d4d4441 
00000315 544152454144 
0000031b 595f434f4445 
00000321 2000 
00000323 03             1058 	.byte	3
00000324 a606           1059 	.byte	166,6
00000326 0b             1060 	.byte	11
00000327 04             1061 	.byte	4
00000328 01             1062 	.byte	1
00000329 a806           1063 	.byte	168,6
0000032b 4f535f535441   1064 	.strz	"OS_START_SEC_OS_CBK_TRACECOMMINITTARGET_CODE "
00000331 52545f534543 
00000337 5f4f535f4342 
0000033d 4b5f54524143 
00000343 45434f4d4d49 
00000349 4e4954544152 
0000034f 4745545f434f 
00000355 44452000 
00000359 03             1065 	.byte	3
0000035a a906           1066 	.byte	169,6
0000035c 0b             1067 	.byte	11
0000035d 04             1068 	.byte	4
0000035e 01             1069 	.byte	1
0000035f ab06           1070 	.byte	171,6
00000361 4f535f53544f   1071 	.strz	"OS_STOP_SEC_OS_CBK_TRACECOMMINITTARGET_CODE "
00000367 505f5345435f 
0000036d 4f535f43424b 
00000373 5f5452414345 
00000379 434f4d4d494e 
0000037f 495454415247 
00000385 45545f434f44 
0000038b 452000 
0000038e 03             1072 	.byte	3
0000038f ac06           1073 	.byte	172,6
00000391 0b             1074 	.byte	11
00000392 04             1075 	.byte	4
00000393 01             1076 	.byte	1
00000394 ae06           1077 	.byte	174,6
00000396 4f535f535441   1078 	.strz	"OS_START_SEC_OS_CBK_TRACECOMMTXBYTE_CODE "
0000039c 52545f534543 
000003a2 5f4f535f4342 
000003a8 4b5f54524143 
000003ae 45434f4d4d54 
000003b4 58425954455f 
000003ba 434f44452000 
000003c0 03             1079 	.byte	3
000003c1 af06           1080 	.byte	175,6
000003c3 0b             1081 	.byte	11
000003c4 04             1082 	.byte	4
000003c5 01             1083 	.byte	1
000003c6 b106           1084 	.byte	177,6
000003c8 4f535f53544f   1085 	.strz	"OS_STOP_SEC_OS_CBK_TRACECOMMTXBYTE_CODE "
000003ce 505f5345435f 
000003d4 4f535f43424b 
000003da 5f5452414345 
000003e0 434f4d4d5458 
000003e6 425954455f43 
000003ec 4f44452000 
000003f1 03             1086 	.byte	3
000003f2 b206           1087 	.byte	178,6

                                                                      Page 23
                                                              C:\Users\nhuliyap\AppData\Local\Temp\gh_00006sg1.s
000003f4 0b             1088 	.byte	11
000003f5 04             1089 	.byte	4
000003f6 01             1090 	.byte	1
000003f7 b406           1091 	.byte	180,6
000003f9 4f535f535441   1092 	.strz	"OS_START_SEC_OS_CBK_TRACECOMMTXEND_CODE "
000003ff 52545f534543 
00000405 5f4f535f4342 
0000040b 4b5f54524143 
00000411 45434f4d4d54 
00000417 58454e445f43 
0000041d 4f44452000 
00000422 03             1093 	.byte	3
00000423 b506           1094 	.byte	181,6
00000425 0b             1095 	.byte	11
00000426 04             1096 	.byte	4
00000427 01             1097 	.byte	1
00000428 b706           1098 	.byte	183,6
0000042a 4f535f53544f   1099 	.strz	"OS_STOP_SEC_OS_CBK_TRACECOMMTXEND_CODE "
00000430 505f5345435f 
00000436 4f535f43424b 
0000043c 5f5452414345 
00000442 434f4d4d5458 
00000448 454e445f434f 
0000044e 44452000 
00000452 03             1100 	.byte	3
00000453 b806           1101 	.byte	184,6
00000455 0b             1102 	.byte	11
00000456 04             1103 	.byte	4
00000457 01             1104 	.byte	1
00000458 ba06           1105 	.byte	186,6
0000045a 4f535f535441   1106 	.strz	"OS_START_SEC_OS_CBK_TRACECOMMTXREADY_CODE "
00000460 52545f534543 
00000466 5f4f535f4342 
0000046c 4b5f54524143 
00000472 45434f4d4d54 
00000478 585245414459 
0000047e 5f434f444520 
00000484 00 
00000485 03             1107 	.byte	3
00000486 bb06           1108 	.byte	187,6
00000488 0b             1109 	.byte	11
00000489 04             1110 	.byte	4
0000048a 01             1111 	.byte	1
0000048b bd06           1112 	.byte	189,6
0000048d 4f535f53544f   1113 	.strz	"OS_STOP_SEC_OS_CBK_TRACECOMMTXREADY_CODE "
00000493 505f5345435f 
00000499 4f535f43424b 
0000049f 5f5452414345 
000004a5 434f4d4d5458 
000004ab 52454144595f 
000004b1 434f44452000 
000004b7 03             1114 	.byte	3
000004b8 be06           1115 	.byte	190,6
000004ba 0b             1116 	.byte	11
000004bb 04             1117 	.byte	4
000004bc 01             1118 	.byte	1
000004bd c006           1119 	.byte	192,6
000004bf 4f535f535441   1120 	.strz	"OS_START_SEC_OS_CBK_TRACECOMMTXSTART_CODE "
000004c5 52545f534543 
000004cb 5f4f535f4342 
000004d1 4b5f54524143 

                                                                      Page 24
                                                              C:\Users\nhuliyap\AppData\Local\Temp\gh_00006sg1.s
000004d7 45434f4d4d54 
000004dd 585354415254 
000004e3 5f434f444520 
000004e9 00 
000004ea 03             1121 	.byte	3
000004eb c106           1122 	.byte	193,6
000004ed 0b             1123 	.byte	11
000004ee 04             1124 	.byte	4
000004ef 01             1125 	.byte	1
000004f0 c306           1126 	.byte	195,6
000004f2 4f535f53544f   1127 	.strz	"OS_STOP_SEC_OS_CBK_TRACECOMMTXSTART_CODE "
000004f8 505f5345435f 
000004fe 4f535f43424b 
00000504 5f5452414345 
0000050a 434f4d4d5458 
00000510 53544152545f 
00000516 434f44452000 
0000051c 03             1128 	.byte	3
0000051d c406           1129 	.byte	196,6
0000051f 0b             1130 	.byte	11
00000520 04             1131 	.byte	4
00000521 01             1132 	.byte	1
00000522 c606           1133 	.byte	198,6
00000524 4f535f535441   1134 	.strz	"OS_START_SEC_CODE_LIB "
0000052a 52545f534543 
00000530 5f434f44455f 
00000536 4c49422000 
0000053b 03             1135 	.byte	3
0000053c c706           1136 	.byte	199,6
0000053e 0b             1137 	.byte	11
0000053f 04             1138 	.byte	4
00000540 01             1139 	.byte	1
00000541 9307           1140 	.byte	147,7
00000543 4f535f53544f   1141 	.strz	"OS_STOP_SEC_CODE_LIB "
00000549 505f5345435f 
0000054f 434f44455f4c 
00000555 49422000 
00000559 03             1142 	.byte	3
0000055a 9407           1143 	.byte	148,7
0000055c 0b             1144 	.byte	11
0000055d 04             1145 	.byte	4
0000055e 01             1146 	.byte	1
0000055f 9607           1147 	.byte	150,7
00000561 4f535f535441   1148 	.strz	"OS_START_SEC_CONST_FAST_UNSPECIFIED "
00000567 52545f534543 
0000056d 5f434f4e5354 
00000573 5f464153545f 
00000579 554e53504543 
0000057f 494649454420 
00000585 00 
00000586 03             1149 	.byte	3
00000587 9707           1150 	.byte	151,7
00000589 0b             1151 	.byte	11
0000058a 04             1152 	.byte	4
0000058b 01             1153 	.byte	1
0000058c 9f07           1154 	.byte	159,7
0000058e 4f535f53544f   1155 	.strz	"OS_STOP_SEC_CONST_FAST_UNSPECIFIED "
00000594 505f5345435f 
0000059a 434f4e53545f 
000005a0 464153545f55 
000005a6 4e5350454349 

                                                                      Page 25
                                                              C:\Users\nhuliyap\AppData\Local\Temp\gh_00006sg1.s
000005ac 464945442000 
000005b2 03             1156 	.byte	3
000005b3 a007           1157 	.byte	160,7
000005b5 0b             1158 	.byte	11
000005b6 04             1159 	.byte	4
000005b7 01             1160 	.byte	1
000005b8 a207           1161 	.byte	162,7
000005ba 4f535f535441   1162 	.strz	"OS_START_SEC_CONST_UNSPECIFIED "
000005c0 52545f534543 
000005c6 5f434f4e5354 
000005cc 5f554e535045 
000005d2 434946494544 
000005d8 2000 
000005da 03             1163 	.byte	3
000005db a307           1164 	.byte	163,7
000005dd 0b             1165 	.byte	11
000005de 04             1166 	.byte	4
000005df 01             1167 	.byte	1
000005e0 a507           1168 	.byte	165,7
000005e2 4f535f53544f   1169 	.strz	"OS_STOP_SEC_CONST_UNSPECIFIED "
000005e8 505f5345435f 
000005ee 434f4e53545f 
000005f4 554e53504543 
000005fa 494649454420 
00000600 00 
00000601 03             1170 	.byte	3
00000602 a607           1171 	.byte	166,7
00000604 0b             1172 	.byte	11
00000605 04             1173 	.byte	4
00000606 01             1174 	.byte	1
00000607 a807           1175 	.byte	168,7
00000609 4f535f535441   1176 	.strz	"OS_START_SEC_ERRORHOOK_CODE "
0000060f 52545f534543 
00000615 5f4552524f52 
0000061b 484f4f4b5f43 
00000621 4f44452000 
00000626 03             1177 	.byte	3
00000627 a907           1178 	.byte	169,7
00000629 0b             1179 	.byte	11
0000062a 04             1180 	.byte	4
0000062b 01             1181 	.byte	1
0000062c ab07           1182 	.byte	171,7
0000062e 4f535f53544f   1183 	.strz	"OS_STOP_SEC_ERRORHOOK_CODE "
00000634 505f5345435f 
0000063a 4552524f5248 
00000640 4f4f4b5f434f 
00000646 44452000 
0000064a 03             1184 	.byte	3
0000064b ac07           1185 	.byte	172,7
0000064d 0b             1186 	.byte	11
0000064e 04             1187 	.byte	4
0000064f 01             1188 	.byte	1
00000650 ae07           1189 	.byte	174,7
00000652 4f535f535441   1190 	.strz	"OS_START_SEC_OS_CBK_CHECKMEMORYACCESS_CODE "
00000658 52545f534543 
0000065e 5f4f535f4342 
00000664 4b5f43484543 
0000066a 4b4d454d4f52 
00000670 594143434553 
00000676 535f434f4445 
0000067c 2000 

                                                                      Page 26
                                                              C:\Users\nhuliyap\AppData\Local\Temp\gh_00006sg1.s
0000067e 03             1191 	.byte	3
0000067f af07           1192 	.byte	175,7
00000681 0b             1193 	.byte	11
00000682 04             1194 	.byte	4
00000683 01             1195 	.byte	1
00000684 b107           1196 	.byte	177,7
00000686 4f535f53544f   1197 	.strz	"OS_STOP_SEC_OS_CBK_CHECKMEMORYACCESS_CODE "
0000068c 505f5345435f 
00000692 4f535f43424b 
00000698 5f434845434b 
0000069e 4d454d4f5259 
000006a4 414343455353 
000006aa 5f434f444520 
000006b0 00 
000006b1 03             1198 	.byte	3
000006b2 b207           1199 	.byte	178,7
000006b4 0b             1200 	.byte	11
000006b5 04             1201 	.byte	4
000006b6 01             1202 	.byte	1
000006b7 b407           1203 	.byte	180,7
000006b9 4f535f535441   1204 	.strz	"OS_START_SEC_OS_CBK_CHECKSTACKDEPTH_CODE "
000006bf 52545f534543 
000006c5 5f4f535f4342 
000006cb 4b5f43484543 
000006d1 4b535441434b 
000006d7 44455054485f 
000006dd 434f44452000 
000006e3 03             1205 	.byte	3
000006e4 b507           1206 	.byte	181,7
000006e6 0b             1207 	.byte	11
000006e7 04             1208 	.byte	4
000006e8 01             1209 	.byte	1
000006e9 b707           1210 	.byte	183,7
000006eb 4f535f53544f   1211 	.strz	"OS_STOP_SEC_OS_CBK_CHECKSTACKDEPTH_CODE "
000006f1 505f5345435f 
000006f7 4f535f43424b 
000006fd 5f434845434b 
00000703 535441434b44 
00000709 455054485f43 
0000070f 4f44452000 
00000714 03             1212 	.byte	3
00000715 b807           1213 	.byte	184,7
00000717 0b             1214 	.byte	11
00000718 04             1215 	.byte	4
00000719 01             1216 	.byte	1
0000071a ba07           1217 	.byte	186,7
0000071c 4f535f535441   1218 	.strz	"OS_START_SEC_OS_CBK_GETSTOPWATCH_CODE "
00000722 52545f534543 
00000728 5f4f535f4342 
0000072e 4b5f47455453 
00000734 544f50574154 
0000073a 43485f434f44 
00000740 452000 
00000743 03             1219 	.byte	3
00000744 bb07           1220 	.byte	187,7
00000746 0b             1221 	.byte	11
00000747 04             1222 	.byte	4
00000748 01             1223 	.byte	1
00000749 bf07           1224 	.byte	191,7
0000074b 4f535f53544f   1225 	.strz	"OS_STOP_SEC_OS_CBK_GETSTOPWATCH_CODE "
00000751 505f5345435f 

                                                                      Page 27
                                                              C:\Users\nhuliyap\AppData\Local\Temp\gh_00006sg1.s
00000757 4f535f43424b 
0000075d 5f4745545354 
00000763 4f5057415443 
00000769 485f434f4445 
0000076f 2000 
00000771 03             1226 	.byte	3
00000772 c007           1227 	.byte	192,7
00000774 0b             1228 	.byte	11
00000775 04             1229 	.byte	4
00000776 01             1230 	.byte	1
00000777 c207           1231 	.byte	194,7
00000779 4f535f535441   1232 	.strz	"OS_START_SEC_OS_CBK_IDLE_CODE "
0000077f 52545f534543 
00000785 5f4f535f4342 
0000078b 4b5f49444c45 
00000791 5f434f444520 
00000797 00 
00000798 03             1233 	.byte	3
00000799 c307           1234 	.byte	195,7
0000079b 0b             1235 	.byte	11
0000079c 04             1236 	.byte	4
0000079d 01             1237 	.byte	1
0000079e c507           1238 	.byte	197,7
000007a0 4f535f53544f   1239 	.strz	"OS_STOP_SEC_OS_CBK_IDLE_CODE "
000007a6 505f5345435f 
000007ac 4f535f43424b 
000007b2 5f49444c455f 
000007b8 434f44452000 
000007be 03             1240 	.byte	3
000007bf c607           1241 	.byte	198,7
000007c1 0b             1242 	.byte	11
000007c2 04             1243 	.byte	4
000007c3 01             1244 	.byte	1
000007c4 c807           1245 	.byte	200,7
000007c6 4f535f535441   1246 	.strz	"OS_START_SEC_OS_CBK_INSHUTDOWN_CODE "
000007cc 52545f534543 
000007d2 5f4f535f4342 
000007d8 4b5f494e5348 
000007de 5554444f574e 
000007e4 5f434f444520 
000007ea 00 
000007eb 03             1247 	.byte	3
000007ec c907           1248 	.byte	201,7
000007ee 0b             1249 	.byte	11
000007ef 04             1250 	.byte	4
000007f0 01             1251 	.byte	1
000007f1 cb07           1252 	.byte	203,7
000007f3 4f535f53544f   1253 	.strz	"OS_STOP_SEC_OS_CBK_INSHUTDOWN_CODE "
000007f9 505f5345435f 
000007ff 4f535f43424b 
00000805 5f494e534855 
0000080b 54444f574e5f 
00000811 434f44452000 
00000817 03             1254 	.byte	3
00000818 cc07           1255 	.byte	204,7
0000081a 0b             1256 	.byte	11
0000081b 04             1257 	.byte	4
0000081c 01             1258 	.byte	1
0000081d ce07           1259 	.byte	206,7
0000081f 4f535f535441   1260 	.strz	"OS_START_SEC_OS_CBK_STACKOVERRUNHOOK_CODE "
00000825 52545f534543 

                                                                      Page 28
                                                              C:\Users\nhuliyap\AppData\Local\Temp\gh_00006sg1.s
0000082b 5f4f535f4342 
00000831 4b5f53544143 
00000837 4b4f56455252 
0000083d 554e484f4f4b 
00000843 5f434f444520 
00000849 00 
0000084a 03             1261 	.byte	3
0000084b cf07           1262 	.byte	207,7
0000084d 0b             1263 	.byte	11
0000084e 04             1264 	.byte	4
0000084f 01             1265 	.byte	1
00000850 d107           1266 	.byte	209,7
00000852 4f535f53544f   1267 	.strz	"OS_STOP_SEC_OS_CBK_STACKOVERRUNHOOK_CODE "
00000858 505f5345435f 
0000085e 4f535f43424b 
00000864 5f535441434b 
0000086a 4f5645525255 
00000870 4e484f4f4b5f 
00000876 434f44452000 
0000087c 03             1268 	.byte	3
0000087d d207           1269 	.byte	210,7
0000087f 0b             1270 	.byte	11
00000880 04             1271 	.byte	4
00000881 01             1272 	.byte	1
00000882 d407           1273 	.byte	212,7
00000884 4f535f535441   1274 	.strz	"OS_START_SEC_OS_CBK_TIMEOVERRUNHOOK_CODE "
0000088a 52545f534543 
00000890 5f4f535f4342 
00000896 4b5f54494d45 
0000089c 4f5645525255 
000008a2 4e484f4f4b5f 
000008a8 434f44452000 
000008ae 03             1275 	.byte	3
000008af d507           1276 	.byte	213,7
000008b1 0b             1277 	.byte	11
000008b2 04             1278 	.byte	4
000008b3 01             1279 	.byte	1
000008b4 d707           1280 	.byte	215,7
000008b6 4f535f53544f   1281 	.strz	"OS_STOP_SEC_OS_CBK_TIMEOVERRUNHOOK_CODE "
000008bc 505f5345435f 
000008c2 4f535f43424b 
000008c8 5f54494d454f 
000008ce 56455252554e 
000008d4 484f4f4b5f43 
000008da 4f44452000 
000008df 03             1282 	.byte	3
000008e0 d807           1283 	.byte	216,7
000008e2 0b             1284 	.byte	11
000008e3 04             1285 	.byte	4
000008e4 01             1286 	.byte	1
000008e5 da07           1287 	.byte	218,7
000008e7 4f535f535441   1288 	.strz	"OS_START_SEC_POSTTASKHOOK_CODE "
000008ed 52545f534543 
000008f3 5f504f535454 
000008f9 41534b484f4f 
000008ff 4b5f434f4445 
00000905 2000 
00000907 03             1289 	.byte	3
00000908 db07           1290 	.byte	219,7
0000090a 0b             1291 	.byte	11
0000090b 04             1292 	.byte	4

                                                                      Page 29
                                                              C:\Users\nhuliyap\AppData\Local\Temp\gh_00006sg1.s
0000090c 01             1293 	.byte	1
0000090d dd07           1294 	.byte	221,7
0000090f 4f535f53544f   1295 	.strz	"OS_STOP_SEC_POSTTASKHOOK_CODE "
00000915 505f5345435f 
0000091b 504f53545441 
00000921 534b484f4f4b 
00000927 5f434f444520 
0000092d 00 
0000092e 03             1296 	.byte	3
0000092f de07           1297 	.byte	222,7
00000931 0b             1298 	.byte	11
00000932 04             1299 	.byte	4
00000933 01             1300 	.byte	1
00000934 e007           1301 	.byte	224,7
00000936 4f535f535441   1302 	.strz	"OS_START_SEC_PRETASKHOOK_CODE "
0000093c 52545f534543 
00000942 5f5052455441 
00000948 534b484f4f4b 
0000094e 5f434f444520 
00000954 00 
00000955 03             1303 	.byte	3
00000956 e107           1304 	.byte	225,7
00000958 0b             1305 	.byte	11
00000959 04             1306 	.byte	4
0000095a 01             1307 	.byte	1
0000095b e307           1308 	.byte	227,7
0000095d 4f535f53544f   1309 	.strz	"OS_STOP_SEC_PRETASKHOOK_CODE "
00000963 505f5345435f 
00000969 505245544153 
0000096f 4b484f4f4b5f 
00000975 434f44452000 
0000097b 03             1310 	.byte	3
0000097c e407           1311 	.byte	228,7
0000097e 0b             1312 	.byte	11
0000097f 04             1313 	.byte	4
00000980 01             1314 	.byte	1
00000981 e607           1315 	.byte	230,7
00000983 4f535f535441   1316 	.strz	"OS_START_SEC_PROTECTIONHOOK_CODE "
00000989 52545f534543 
0000098f 5f50524f5445 
00000995 4354494f4e48 
0000099b 4f4f4b5f434f 
000009a1 44452000 
000009a5 03             1317 	.byte	3
000009a6 e707           1318 	.byte	231,7
000009a8 0b             1319 	.byte	11
000009a9 04             1320 	.byte	4
000009aa 01             1321 	.byte	1
000009ab e907           1322 	.byte	233,7
000009ad 4f535f53544f   1323 	.strz	"OS_STOP_SEC_PROTECTIONHOOK_CODE "
000009b3 505f5345435f 
000009b9 50524f544543 
000009bf 54494f4e484f 
000009c5 4f4b5f434f44 
000009cb 452000 
000009ce 03             1324 	.byte	3
000009cf ea07           1325 	.byte	234,7
000009d1 0b             1326 	.byte	11
000009d2 04             1327 	.byte	4
000009d3 01             1328 	.byte	1
000009d4 ec07           1329 	.byte	236,7

                                                                      Page 30
                                                              C:\Users\nhuliyap\AppData\Local\Temp\gh_00006sg1.s
000009d6 4f535f535441   1330 	.strz	"OS_START_SEC_SHUTDOWNHOOK_CODE "
000009dc 52545f534543 
000009e2 5f5348555444 
000009e8 4f574e484f4f 
000009ee 4b5f434f4445 
000009f4 2000 
000009f6 03             1331 	.byte	3
000009f7 ed07           1332 	.byte	237,7
000009f9 0b             1333 	.byte	11
000009fa 04             1334 	.byte	4
000009fb 01             1335 	.byte	1
000009fc ef07           1336 	.byte	239,7
000009fe 4f535f53544f   1337 	.strz	"OS_STOP_SEC_SHUTDOWNHOOK_CODE "
00000a04 505f5345435f 
00000a0a 53485554444f 
00000a10 574e484f4f4b 
00000a16 5f434f444520 
00000a1c 00 
00000a1d 03             1338 	.byte	3
00000a1e f007           1339 	.byte	240,7
00000a20 0b             1340 	.byte	11
00000a21 04             1341 	.byte	4
00000a22 01             1342 	.byte	1
00000a23 f207           1343 	.byte	242,7
00000a25 4f535f535441   1344 	.strz	"OS_START_SEC_STARTUPHOOK_CODE "
00000a2b 52545f534543 
00000a31 5f5354415254 
00000a37 5550484f4f4b 
00000a3d 5f434f444520 
00000a43 00 
00000a44 03             1345 	.byte	3
00000a45 f307           1346 	.byte	243,7
00000a47 0b             1347 	.byte	11
00000a48 04             1348 	.byte	4
00000a49 01             1349 	.byte	1
00000a4a f507           1350 	.byte	245,7
00000a4c 4f535f53544f   1351 	.strz	"OS_STOP_SEC_STARTUPHOOK_CODE "
00000a52 505f5345435f 
00000a58 535441525455 
00000a5e 50484f4f4b5f 
00000a64 434f44452000 
00000a6a 03             1352 	.byte	3
00000a6b f607           1353 	.byte	246,7
00000a6d 0b             1354 	.byte	11
00000a6e 04             1355 	.byte	4
00000a6f 01             1356 	.byte	1
00000a70 f807           1357 	.byte	248,7
00000a72 4f535f535441   1358 	.strz	"OS_START_SEC_VAR_CLEARED_UNSPECIFIED "
00000a78 52545f534543 
00000a7e 5f5641525f43 
00000a84 4c4541524544 
00000a8a 5f554e535045 
00000a90 434946494544 
00000a96 2000 
00000a98 03             1359 	.byte	3
00000a99 f907           1360 	.byte	249,7
00000a9b 0b             1361 	.byte	11
00000a9c 04             1362 	.byte	4
00000a9d 01             1363 	.byte	1
00000a9e ff07           1364 	.byte	255,7
00000aa0 4f535f53544f   1365 	.strz	"OS_STOP_SEC_VAR_CLEARED_UNSPECIFIED "

                                                                      Page 31
                                                              C:\Users\nhuliyap\AppData\Local\Temp\gh_00006sg1.s
00000aa6 505f5345435f 
00000aac 5641525f434c 
00000ab2 45415245445f 
00000ab8 554e53504543 
00000abe 494649454420 
00000ac4 00 
00000ac5 03             1366 	.byte	3
00000ac6 8008           1367 	.byte	128,8
00000ac8 0b             1368 	.byte	11
00000ac9 04             1369 	.byte	4
00000aca 01             1370 	.byte	1
00000acb 8208           1371 	.byte	130,8
00000acd 4f535f535441   1372 	.strz	"OS_START_SEC_VAR_NO_INIT_UNSPECIFIED "
00000ad3 52545f534543 
00000ad9 5f5641525f4e 
00000adf 4f5f494e4954 
00000ae5 5f554e535045 
00000aeb 434946494544 
00000af1 2000 
00000af3 03             1373 	.byte	3
00000af4 8308           1374 	.byte	131,8
00000af6 0b             1375 	.byte	11
00000af7 04             1376 	.byte	4
00000af8 01             1377 	.byte	1
00000af9 9308           1378 	.byte	147,8
00000afb 4f535f53544f   1379 	.strz	"OS_STOP_SEC_VAR_NO_INIT_UNSPECIFIED "
00000b01 505f5345435f 
00000b07 5641525f4e4f 
00000b0d 5f494e49545f 
00000b13 554e53504543 
00000b19 494649454420 
00000b1f 00 
00000b20 03             1380 	.byte	3
00000b21 9408           1381 	.byte	148,8
00000b23 0b             1382 	.byte	11
00000b24 04             1383 	.byte	4
00000b25 03             1384 	.byte	3
00000b26 9608           1385 	.byte	150,8
00000b28 0c             1386 	.byte	12
00000b29 01             1387 	.byte	1
00000b2a 2e             1388 	.byte	46
00000b2b 4f535f535441   1389 	.strz	"OS_START_SEC_CODE_LIB "
00000b31 52545f534543 
00000b37 5f434f44455f 
00000b3d 4c49422000 
00000b42 03             1390 	.byte	3
00000b43 2f             1391 	.byte	47
00000b44 0b             1392 	.byte	11
00000b45 04             1393 	.byte	4
00000b46 01             1394 	.byte	1
00000b47 47             1395 	.byte	71
00000b48 4f535f53544f   1396 	.strz	"OS_STOP_SEC_CODE_LIB "
00000b4e 505f5345435f 
00000b54 434f44455f4c 
00000b5a 49422000 
00000b5e 03             1397 	.byte	3
00000b5f 48             1398 	.byte	72
00000b60 0b             1399 	.byte	11
00000b61 04             1400 	.byte	4
00000b62 01             1401 	.byte	1
00000b63 4a             1402 	.byte	74

                                                                      Page 32
                                                              C:\Users\nhuliyap\AppData\Local\Temp\gh_00006sg1.s
00000b64 4f535f535441   1403 	.strz	"OS_START_SEC_ERRORHOOK_HUFTPMS_CODE "
00000b6a 52545f534543 
00000b70 5f4552524f52 
00000b76 484f4f4b5f48 
00000b7c 554654504d53 
00000b82 5f434f444520 
00000b88 00 
00000b89 03             1404 	.byte	3
00000b8a 4b             1405 	.byte	75
00000b8b 0b             1406 	.byte	11
00000b8c 04             1407 	.byte	4
00000b8d 01             1408 	.byte	1
00000b8e 4f             1409 	.byte	79
00000b8f 4f535f53544f   1410 	.strz	"OS_STOP_SEC_ERRORHOOK_HUFTPMS_CODE "
00000b95 505f5345435f 
00000b9b 4552524f5248 
00000ba1 4f4f4b5f4855 
00000ba7 4654504d535f 
00000bad 434f44452000 
00000bb3 03             1411 	.byte	3
00000bb4 50             1412 	.byte	80
00000bb5 0b             1413 	.byte	11
00000bb6 04             1414 	.byte	4
00000bb7 01             1415 	.byte	1
00000bb8 52             1416 	.byte	82
00000bb9 4f535f535441   1417 	.strz	"OS_START_SEC_OS_CBK_ALARM_CB_ALARM10MS_CODE "
00000bbf 52545f534543 
00000bc5 5f4f535f4342 
00000bcb 4b5f414c4152 
00000bd1 4d5f43425f41 
00000bd7 4c41524d3130 
00000bdd 4d535f434f44 
00000be3 452000 
00000be6 03             1418 	.byte	3
00000be7 53             1419 	.byte	83
00000be8 0b             1420 	.byte	11
00000be9 04             1421 	.byte	4
00000bea 01             1422 	.byte	1
00000beb 57             1423 	.byte	87
00000bec 4f535f53544f   1424 	.strz	"OS_STOP_SEC_OS_CBK_ALARM_CB_ALARM10MS_CODE "
00000bf2 505f5345435f 
00000bf8 4f535f43424b 
00000bfe 5f414c41524d 
00000c04 5f43425f414c 
00000c0a 41524d31304d 
00000c10 535f434f4445 
00000c16 2000 
00000c18 03             1425 	.byte	3
00000c19 58             1426 	.byte	88
00000c1a 0b             1427 	.byte	11
00000c1b 04             1428 	.byte	4
00000c1c 01             1429 	.byte	1
00000c1d 5a             1430 	.byte	90
00000c1e 4f535f535441   1431 	.strz	"OS_START_SEC_OS_CBK_ALARM_CB_ALARM200MS_CODE "
00000c24 52545f534543 
00000c2a 5f4f535f4342 
00000c30 4b5f414c4152 
00000c36 4d5f43425f41 
00000c3c 4c41524d3230 
00000c42 304d535f434f 
00000c48 44452000 

                                                                      Page 33
                                                              C:\Users\nhuliyap\AppData\Local\Temp\gh_00006sg1.s
00000c4c 03             1432 	.byte	3
00000c4d 5b             1433 	.byte	91
00000c4e 0b             1434 	.byte	11
00000c4f 04             1435 	.byte	4
00000c50 01             1436 	.byte	1
00000c51 5f             1437 	.byte	95
00000c52 4f535f53544f   1438 	.strz	"OS_STOP_SEC_OS_CBK_ALARM_CB_ALARM200MS_CODE "
00000c58 505f5345435f 
00000c5e 4f535f43424b 
00000c64 5f414c41524d 
00000c6a 5f43425f414c 
00000c70 41524d323030 
00000c76 4d535f434f44 
00000c7c 452000 
00000c7f 03             1439 	.byte	3
00000c80 60             1440 	.byte	96
00000c81 0b             1441 	.byte	11
00000c82 04             1442 	.byte	4
00000c83 01             1443 	.byte	1
00000c84 62             1444 	.byte	98
00000c85 4f535f535441   1445 	.strz	"OS_START_SEC_OS_CBK_ALARM_CB_ALARM50MS_CODE "
00000c8b 52545f534543 
00000c91 5f4f535f4342 
00000c97 4b5f414c4152 
00000c9d 4d5f43425f41 
00000ca3 4c41524d3530 
00000ca9 4d535f434f44 
00000caf 452000 
00000cb2 03             1446 	.byte	3
00000cb3 63             1447 	.byte	99
00000cb4 0b             1448 	.byte	11
00000cb5 04             1449 	.byte	4
00000cb6 01             1450 	.byte	1
00000cb7 67             1451 	.byte	103
00000cb8 4f535f53544f   1452 	.strz	"OS_STOP_SEC_OS_CBK_ALARM_CB_ALARM50MS_CODE "
00000cbe 505f5345435f 
00000cc4 4f535f43424b 
00000cca 5f414c41524d 
00000cd0 5f43425f414c 
00000cd6 41524d35304d 
00000cdc 535f434f4445 
00000ce2 2000 
00000ce4 03             1453 	.byte	3
00000ce5 68             1454 	.byte	104
00000ce6 0b             1455 	.byte	11
00000ce7 04             1456 	.byte	4
00000ce8 01             1457 	.byte	1
00000ce9 6a             1458 	.byte	106
00000cea 4f535f535441   1459 	.strz	"OS_START_SEC_OS_CBK_ALARM_CB_ALARMONESECOND_CODE "
00000cf0 52545f534543 
00000cf6 5f4f535f4342 
00000cfc 4b5f414c4152 
00000d02 4d5f43425f41 
00000d08 4c41524d4f4e 
00000d0e 455345434f4e 
00000d14 445f434f4445 
00000d1a 2000 
00000d1c 03             1460 	.byte	3
00000d1d 6b             1461 	.byte	107
00000d1e 0b             1462 	.byte	11
00000d1f 04             1463 	.byte	4

                                                                      Page 34
                                                              C:\Users\nhuliyap\AppData\Local\Temp\gh_00006sg1.s
00000d20 01             1464 	.byte	1
00000d21 6f             1465 	.byte	111
00000d22 4f535f53544f   1466 	.strz	"OS_STOP_SEC_OS_CBK_ALARM_CB_ALARMONESECOND_CODE "
00000d28 505f5345435f 
00000d2e 4f535f43424b 
00000d34 5f414c41524d 
00000d3a 5f43425f414c 
00000d40 41524d4f4e45 
00000d46 5345434f4e44 
00000d4c 5f434f444520 
00000d52 00 
00000d53 03             1467 	.byte	3
00000d54 70             1468 	.byte	112
00000d55 0b             1469 	.byte	11
00000d56 04             1470 	.byte	4
00000d57 01             1471 	.byte	1
00000d58 72             1472 	.byte	114
00000d59 4f535f535441   1473 	.strz	"OS_START_SEC_SHUTDOWNHOOK_HUFTPMS_CODE "
00000d5f 52545f534543 
00000d65 5f5348555444 
00000d6b 4f574e484f4f 
00000d71 4b5f48554654 
00000d77 504d535f434f 
00000d7d 44452000 
00000d81 03             1474 	.byte	3
00000d82 73             1475 	.byte	115
00000d83 0b             1476 	.byte	11
00000d84 04             1477 	.byte	4
00000d85 01             1478 	.byte	1
00000d86 77             1479 	.byte	119
00000d87 4f535f53544f   1480 	.strz	"OS_STOP_SEC_SHUTDOWNHOOK_HUFTPMS_CODE "
00000d8d 505f5345435f 
00000d93 53485554444f 
00000d99 574e484f4f4b 
00000d9f 5f4855465450 
00000da5 4d535f434f44 
00000dab 452000 
00000dae 03             1481 	.byte	3
00000daf 78             1482 	.byte	120
00000db0 0b             1483 	.byte	11
00000db1 04             1484 	.byte	4
00000db2 01             1485 	.byte	1
00000db3 7a             1486 	.byte	122
00000db4 4f535f535441   1487 	.strz	"OS_START_SEC_STARTUPHOOK_HUFTPMS_CODE "
00000dba 52545f534543 
00000dc0 5f5354415254 
00000dc6 5550484f4f4b 
00000dcc 5f4855465450 
00000dd2 4d535f434f44 
00000dd8 452000 
00000ddb 03             1488 	.byte	3
00000ddc 7b             1489 	.byte	123
00000ddd 0b             1490 	.byte	11
00000dde 04             1491 	.byte	4
00000ddf 01             1492 	.byte	1
00000de0 7f             1493 	.byte	127
00000de1 4f535f53544f   1494 	.strz	"OS_STOP_SEC_STARTUPHOOK_HUFTPMS_CODE "
00000de7 505f5345435f 
00000ded 535441525455 
00000df3 50484f4f4b5f 
00000df9 48554654504d 

                                                                      Page 35
                                                              C:\Users\nhuliyap\AppData\Local\Temp\gh_00006sg1.s
00000dff 535f434f4445 
00000e05 2000 
00000e07 03             1495 	.byte	3
00000e08 8001           1496 	.byte	128,1
00000e0a 0b             1497 	.byte	11
00000e0b 04             1498 	.byte	4
00000e0c 04             1499 	.byte	4
00000e0d 04             1500 	.byte	4
00000e0e 04             1501 	.byte	4
00000e0f 00             1502 	.byte	0
                        1503 	.section	.debug_abbrev
0000006e 00             1504 	.byte	0
                        1505 	.section	.debug_info
                        1506 .Ldw_end:
                        1507 .rh850_flags REGMODE32,DATA_ALIGN8,GP_FIX,EP_NONFIX,TP_FIX,REG2_RESERVE,G3K,GHS_MISALIGN,SDA_EXTRA_REGS_0
