                                                                      Page 1
                                                              C:\Users\nhuliyap\AppData\Local\Temp\gh_0000blc1.s
Command Line: C:\ghs\comp_201517\ease850.exe -w -elf -b0 -I../source/common -I../source/ProjectCompiler -I../source/ProjectCfg -I../source/SwcApplTpms -I../source/SwcApplEcuM -I../source/SwcServiceBswM -I../source/SwcServiceEcuM -I../source/SwcServiceNvM -I../source/SwcServiceOs -I../source/SwcServiceStartUp -I../source/McalAdc -I../source/McalDio -I../source/McalGpt -I../source/McalMcu -I../source/McalWdg -I../source/wrappers -I../source/wrappers/McalAta -I../source/McalLin -I../source/McalCan -I../source/wrappers/OS -I../source/McalFls -I../source/EcuabFee -I../source/EcuabMemIf -I../source/wrappers/VStdLib -I../source/wrappers/Crc -I../source/wrappers/FBL_APPL -I../source/wrappers/NVM_MANAGER -I../source/wrappers/DEM_MANAGER -I../source/wrappers/RDC_MANAGER -I../source/wrappers/ENV_MANAGER -I../source/wrappers/SYS_MANAGER -I../source/wrappers/EcuabCanIf -I../source/EcuabCanTrcv -I../source/wrappers/SwcServiceCanSM -I../source/wrappers/SwcServiceCanTp -I../source/wrappers/SwcServiceCanTp_PreCompile -I../source/wrappers/SwcServiceCom -I../source/wrappers/SwcServiceComM -I../source/wrappers/SwcServiceDcm -I../source/wrappers/SwcServicePduR -I../source/wrappers/SwcServiceEcuM -I../source/wrappers/Bfx -I../source/wrappers/SwcServiceDem -I../source/SwcServiceCom -I../source/SwcServiceDet -I../source/SwcServiceFiM -I../source/SwcServicePduR -I../source/SwcServiceSchM -I../source/wrappers/LibAutosarDiag -I../source/wrappers/rba_BswSrv -IC:\ghs\comp_201517\lib\rh850 -cg_underscore -cpu=rh850g3k -no_v850_simd -rh850_fpsimd=none -nomacro -patch_dbo=C:\_ECU2\ECU_Rivian_A1\Target\repo_projects\pRealEcu\cR_R2023.09.15\make\output\objects\state_bz.dbo -source=state_bz.c -o output\objects\gh_0000blc1.o -list=output\list\state_bz.lst C:\Users\nhuliyap\AppData\Local\Temp\gh_0000blc1.s 
Original File: C:\Users\nhuliyap\AppData\Local\Temp\gh_0000blc1.s
Source File: state_bz.c
Directory: C:\_ECU2\ECU_Rivian_A1\Target\repo_projects\pRealEcu\cR_R2023.09.15\make
Host OS: Windows
EASE: Copyright (C) 1983-2015 Green Hills Software.  All Rights Reserved.
Release: Compiler v2015.1.7
Build Directory: [Directory] BTOWORKER6:c:/build_2015_1_bto/2015-10-21.2100-2015_1_bto/win32-comp-ecom
Revision: [VCInfo] http://toolsvc/branches/release-branch-70-bto/src@544153 (built by build)
Revision Date: Thu Oct 22 07:50:13 2015

Release Date: Thu Oct 22 09:32:32 2015

                           1 --Driver Command: ccv850 ../source/SwcApplTpms/state_bz.c -cpu=rh850 -fhard
                           2 --		-ignore_callt_state_in_interrupts -large_sda -misalign_pack
                           3 --		-nofarcalls -nofloatio -no_callt -Ogeneral -Onounroll
                           4 --		-prepare_dispose -registermode=32 -reserve_r2 -sda=0
                           5 --		-shorten_loads -Wshadow --brief_diagnostics --no_commons
                           6 --		--no_wrap_diagnostics --prototype_errors --short_enum -list -G
                           7 --		-dual_debug -dwarf -X5523 -lnk=-no_xda_modifications -D
                           8 --		NOT_READY_FOR_TESTING_OR_DEPLOYMENT -D IBTCM_SW_ANPASSUNGEN -D
                           9 --		BUILD_RIVIAN -c -inline_prologue -I../source/common
                          10 --		-I../source/ProjectCompiler -I../source/ProjectCfg
                          11 --		-I../source/SwcApplTpms -I../source/SwcApplEcuM
                          12 --		-I../source/SwcServiceBswM -I../source/SwcServiceEcuM
                          13 --		-I../source/SwcServiceNvM -I../source/SwcServiceOs
                          14 --		-I../source/SwcServiceStartUp -I../source/McalAdc
                          15 --		-I../source/McalDio -I../source/McalGpt -I../source/McalMcu
                          16 --		-I../source/McalWdg -I../source/wrappers
                          17 --		-I../source/wrappers/McalAta -I../source/McalLin
                          18 --		-I../source/McalCan -I../source/wrappers/OS -I../source/McalFls
                          19 --		-I../source/EcuabFee -I../source/EcuabMemIf
                          20 --		-I../source/wrappers/VStdLib -I../source/wrappers
                          21 --		-I../source/wrappers/Crc -I../source/wrappers/FBL_APPL
                          22 --		-I../source/wrappers/NVM_MANAGER -I../source/wrappers/DEM_MANAGER
                          23 --		-I../source/wrappers/RDC_MANAGER -I../source/wrappers/ENV_MANAGER
                          24 --		-I../source/wrappers/SYS_MANAGER -I../source/wrappers/EcuabCanIf
                          25 --		-I../source/EcuabCanTrcv -I../source/wrappers/SwcServiceCanSM
                          26 --		-I../source/wrappers/SwcServiceCanTp
                          27 --		-I../source/wrappers/SwcServiceCanTp_PreCompile
                          28 --		-I../source/wrappers/SwcServiceCom
                          29 --		-I../source/wrappers/SwcServiceComM
                          30 --		-I../source/wrappers/SwcServiceDcm
                          31 --		-I../source/wrappers/SwcServicePduR
                          32 --		-I../source/wrappers/SwcServiceEcuM -I../source/wrappers/Bfx
                          33 --		-I../source/wrappers/SwcServiceDem -I../source/SwcServiceCom
                          34 --		-I../source/SwcServiceDet -I../source/SwcServiceFiM
                          35 --		-I../source/SwcServicePduR -I../source/SwcServiceSchM
                          36 --		-I../source/wrappers/LibAutosarDiag
                          37 --		-I../source/wrappers/rba_BswSrv -object_dir=output/objects
                          38 --		-list_dir=output/list
                          39 --Source File:   ../source/SwcApplTpms/state_bz.c
                          40 --Directory:     
                          41 --		C:\_ECU2\ECU_Rivian_A1\Target\repo_projects\pRealEcu\cR_R2023.09.15\make
                          42 --Compile Date:  Fri Sep 15 15:30:28 2023
                          43 --Host OS:       Win32
                          44 --Version:       C-RH850 2015.1.7 RELEASE VERSION
                          45 --Release:       Compiler v2015.1.7
                          46 --Revision Date: Thu Oct 22 08:06:12 2015
                          47 --Release Date:  Thu Oct 22 09:34:32 2015
                          48 -- ecom  -g -w -OM
                          49 	.text
                          50 ..bof.C.3A.5C_ECU2.5CECU_Rivian_A1.5CTarget.5Crepo_projects.5CpRealEcu.5CcR_R2023.2E09.2E15.5Cmake.5Coutput.5Cobjects.5Cstate_bz...43.3A.5C_ECU2.5CECU_Rivian_A1.5CTarget.5Crepo_projects.5CpRealEcu.5CcR_R2023.2E09.2E15.5Cmake..65045C74..0::

                                                                      Page 2
                                                              C:\Users\nhuliyap\AppData\Local\Temp\gh_0000blc1.s
                          51 	.align	2
                          52 ..gh.f.f.1.e.0:
                          53 	.type	..gh.f.f.1.e.0,@object
                          54 	.size	..gh.f.f.1.e.0,0
                          55 	.global	_ClearBitBetriebszustandBZ
                          56 _ClearBitBetriebszustandBZ:
                          57 --	    .bf
                          58 .LDW01:
00000000 3e0600000000*    59 	mov	_ushBetriebszustand,ep
00000006 7090             60 	sld.hu	0[ep],r18
00000008 2698             61 	not	r6,r19
0000000a 5391             62 	and	r19,r18
0000000c 8094             63 	sst.h	r18,0[ep]
                          64 --	    .ef
                          65 .LDW11:
                          66 --line41
                          67 ..lin.C.3A.5C_ECU2.5CECU_Rivian_A1.5CTarget.5Crepo_projects.5CpRealEcu.5CcR_R2023.2E09.2E15.5Cmake.5Coutput.5Cobjects.5Cstate_bz.1::
                          68 .LDWlin1:
0000000e 7f00             69 	jmp	[lp]
                          70 	.global	___ghs_eofn_ClearBitBetriebszustandBZ
                          71 ___ghs_eofn_ClearBitBetriebszustandBZ:
                          72 	.type	_ClearBitBetriebszustandBZ,@function
                          73 	.size	_ClearBitBetriebszustandBZ,.-_ClearBitBetriebszustandBZ
                          74 	.align	2
                          75 
                          76 --_ushBitMask	r6	param
                          77 
                          78 	.section ".bss","awb"
                          79 	.align	2
                          80 .L33:
                          81 	.type	.L33,@object
                          82 	.size	.L33,0
                          83 	.global	_ushBetriebszustand..C.3A.5C_ECU2.5CECU_Rivian_A1.5CTarget.5Crepo_projects.5CpRealEcu.5CcR_R2023.2E09.2E15.5Cmake.5Coutput.5Cobjects.5Cstate_bz.
                          84 _ushBetriebszustand..C.3A.5C_ECU2.5CECU_Rivian_A1.5CTarget.5Crepo_projects.5CpRealEcu.5CcR_R2023.2E09.2E15.5Cmake.5Coutput.5Cobjects.5Cstate_bz.:
00000000 0000             85 _ushBetriebszustand:	.space	2
                          86 	.type	_ushBetriebszustand..C.3A.5C_ECU2.5CECU_Rivian_A1.5CTarget.5Crepo_projects.5CpRealEcu.5CcR_R2023.2E09.2E15.5Cmake.5Coutput.5Cobjects.5Cstate_bz.,@object
                          87 	.size	_ushBetriebszustand..C.3A.5C_ECU2.5CECU_Rivian_A1.5CTarget.5Crepo_projects.5CpRealEcu.5CcR_R2023.2E09.2E15.5Cmake.5Coutput.5Cobjects.5Cstate_bz.,2
                          88 	.type	_ushBetriebszustand,@object
                          89 	.size	_ushBetriebszustand,2
                          90 	.data
                          91 	.text
                          92 	.align	2
                          93 	.align	2
                          94 ..gh.f.f.1.e.1:
                          95 	.type	..gh.f.f.1.e.1,@object
                          96 	.size	..gh.f.f.1.e.1,0
                          97 	.global	_SetBitBetriebszustandBZ
                          98 _SetBitBetriebszustandBZ:
                          99 --	    .bf
                         100 .LDW21:
00000010 3e0600000000*   101 	mov	_ushBetriebszustand,ep
00000016 7090            102 	sld.hu	0[ep],r18
00000018 0691            103 	or	r6,r18
0000001a 8094            104 	sst.h	r18,0[ep]
                         105 --	    .ef
                         106 .LDW31:
                         107 --line36
                         108 ..lin.C.3A.5C_ECU2.5CECU_Rivian_A1.5CTarget.5Crepo_projects.5CpRealEcu.5CcR_R2023.2E09.2E15.5Cmake.5Coutput.5Cobjects.5Cstate_bz.2::
                         109 .LDWlin2:
0000001c 7f00            110 	jmp	[lp]
                         111 	.global	___ghs_eofn_SetBitBetriebszustandBZ

                                                                      Page 3
                                                              C:\Users\nhuliyap\AppData\Local\Temp\gh_0000blc1.s
                         112 ___ghs_eofn_SetBitBetriebszustandBZ:
                         113 	.type	_SetBitBetriebszustandBZ,@function
                         114 	.size	_SetBitBetriebszustandBZ,.-_SetBitBetriebszustandBZ
                         115 	.align	2
                         116 
                         117 --_ushBitMask	r6	param
                         118 
                         119 	.data
                         120 	.text
                         121 	.align	2
                         122 	.align	2
                         123 ..gh.f.f.1.e.2:
                         124 	.type	..gh.f.f.1.e.2,@object
                         125 	.size	..gh.f.f.1.e.2,0
                         126 	.global	_InitBZ
                         127 _InitBZ:
0000001e 80072100        128 	prepare	{r31},0
                         129 --	    .bf
                         130 .LDW41:
00000022 2036ff79        131 	movea	31231,zero,r6
                         132 	jarl	_ClearBitBetriebszustandBZ,lp
                         132 <EXPANSION BEGIN>
                         132 jarl22 _ClearBitBetriebszustandBZ , lp 
00000026 bfffdaff*       132 <EXPANSION END>
                         133 --line21
                         134 ..lin.C.3A.5C_ECU2.5CECU_Rivian_A1.5CTarget.5Crepo_projects.5CpRealEcu.5CcR_R2023.2E09.2E15.5Cmake.5Coutput.5Cobjects.5Cstate_bz.3::
                         135 .LDWlin3:
                         136 	jarl	_WAInit,lp
                         136 <EXPANSION BEGIN>
                         136 jarl22 _WAInit , lp 
0000002a 80ff0000*       136 <EXPANSION END>
                         137 --line22
                         138 ..lin.C.3A.5C_ECU2.5CECU_Rivian_A1.5CTarget.5Crepo_projects.5CpRealEcu.5CcR_R2023.2E09.2E15.5Cmake.5Coutput.5Cobjects.5Cstate_bz.4::
                         139 .LDWlin4:
0000002e ca060200        140 	andi	2,r10,zero
00000032 c205*           141 	be	.L100
                         142 --line23
                         143 ..lin.C.3A.5C_ECU2.5CECU_Rivian_A1.5CTarget.5Crepo_projects.5CpRealEcu.5CcR_R2023.2E09.2E15.5Cmake.5Coutput.5Cobjects.5Cstate_bz.5::
                         144 .LDWlin5:
00000034 20365800        145 	movea	88,zero,r6
00000038 d505*           146 	br	.L128
                         147 .L100:
                         148 --line26
                         149 ..lin.C.3A.5C_ECU2.5CECU_Rivian_A1.5CTarget.5Crepo_projects.5CpRealEcu.5CcR_R2023.2E09.2E15.5Cmake.5Coutput.5Cobjects.5Cstate_bz.6::
                         150 .LDWlin6:
0000003a 8152            151 	shr	1,r10
0000003c d905*           152 	bnl	.L102
                         153 --line27
                         154 ..lin.C.3A.5C_ECU2.5CECU_Rivian_A1.5CTarget.5Crepo_projects.5CpRealEcu.5CcR_R2023.2E09.2E15.5Cmake.5Coutput.5Cobjects.5Cstate_bz.7::
                         155 .LDWlin7:
0000003e 20364800        156 	movea	72,zero,r6
                         157 .L128:
                         158 	jarl	_SetBitBetriebszustandBZ,lp
                         158 <EXPANSION BEGIN>
                         158 jarl22 _SetBitBetriebszustandBZ , lp 
00000042 bfffceff*       158 <EXPANSION END>
                         159 .L102:
                         160 --line30
                         161 ..lin.C.3A.5C_ECU2.5CECU_Rivian_A1.5CTarget.5Crepo_projects.5CpRealEcu.5CcR_R2023.2E09.2E15.5Cmake.5Coutput.5Cobjects.5Cstate_bz.8::
                         162 .LDWlin8:
00000046 0432            163 	mov	4,r6

                                                                      Page 4
                                                              C:\Users\nhuliyap\AppData\Local\Temp\gh_0000blc1.s
                         164 	jarl	_SetBitBetriebszustandBZ,lp
                         164 <EXPANSION BEGIN>
                         164 jarl22 _SetBitBetriebszustandBZ , lp 
00000048 bfffc8ff*       164 <EXPANSION END>
                         165 --	    .ef
                         166 .LDW51:
                         167 --line31
                         168 ..lin.C.3A.5C_ECU2.5CECU_Rivian_A1.5CTarget.5Crepo_projects.5CpRealEcu.5CcR_R2023.2E09.2E15.5Cmake.5Coutput.5Cobjects.5Cstate_bz.9::
                         169 .LDWlin9:
0000004c 40063f00        170 	dispose	0,{r31},[lp]
                         171 	.global	___ghs_eofn_InitBZ
                         172 ___ghs_eofn_InitBZ:
                         173 	.type	_InitBZ,@function
                         174 	.size	_InitBZ,.-_InitBZ
                         175 	.align	2
                         176 --_ucLocalWAState	r10	local
                         177 
                         178 	.section ".bss","awb"
                         179 .L161:
                         180 	.type	.L161,@object
                         181 	.size	.L161,0
                         182 	.data
                         183 	.text
                         184 	.align	2
                         185 	.align	2
                         186 ..gh.f.f.1.e.3:
                         187 	.type	..gh.f.f.1.e.3,@object
                         188 	.size	..gh.f.f.1.e.3,0
                         189 	.global	_bGetBitBetriebszustandBZ
                         190 _bGetBitBetriebszustandBZ:
00000050 c600            191 	zxh	r6
                         192 --	    .bf
                         193 .LDW61:
00000052 409e0000*       194 	movhi	hi(_ushBetriebszustand),zero,r19
00000056 f39f0100*       195 	ld.hu	lo(_ushBetriebszustand)[r19],r19
0000005a 5331            196 	and	r19,r6
0000005c ea570000        197 	setfne	r10
                         198 --	    .ef
                         199 .LDW71:
                         200 --line44
                         201 ..lin.C.3A.5C_ECU2.5CECU_Rivian_A1.5CTarget.5Crepo_projects.5CpRealEcu.5CcR_R2023.2E09.2E15.5Cmake.5Coutput.5Cobjects.5Cstate_bz.10::
                         202 .LDWlin10:
00000060 7f00            203 	jmp	[lp]
                         204 	.global	___ghs_eofn_bGetBitBetriebszustandBZ
                         205 ___ghs_eofn_bGetBitBetriebszustandBZ:
                         206 	.type	_bGetBitBetriebszustandBZ,@function
                         207 	.size	_bGetBitBetriebszustandBZ,.-_bGetBitBetriebszustandBZ
                         208 	.align	2
                         209 
                         210 --_ushBitMask	r6	param
                         211 
                         212 	.data
                         213 	.text
                         214 	.align	2
                         215 	.align	2
                         216 ..gh.f.f.1.e.4:
                         217 	.type	..gh.f.f.1.e.4,@object
                         218 	.size	..gh.f.f.1.e.4,0
                         219 	.global	_ushGetBetriebszustandBZ
                         220 _ushGetBetriebszustandBZ:
00000062 0650            221 	mov	r6,r10

                                                                      Page 5
                                                              C:\Users\nhuliyap\AppData\Local\Temp\gh_0000blc1.s
00000064 ca00            222 	zxh	r10
                         223 --	    .bf
                         224 .LDW81:
00000066 409e0000*       225 	movhi	hi(_ushBetriebszustand),zero,r19
0000006a f39f0100*       226 	ld.hu	lo(_ushBetriebszustand)[r19],r19
0000006e 5351            227 	and	r19,r10
                         228 --	    .ef
                         229 .LDW91:
                         230 --line49
                         231 ..lin.C.3A.5C_ECU2.5CECU_Rivian_A1.5CTarget.5Crepo_projects.5CpRealEcu.5CcR_R2023.2E09.2E15.5Cmake.5Coutput.5Cobjects.5Cstate_bz.11::
                         232 .LDWlin11:
00000070 7f00            233 	jmp	[lp]
                         234 	.global	___ghs_eofn_ushGetBetriebszustandBZ
                         235 ___ghs_eofn_ushGetBetriebszustandBZ:
                         236 	.type	_ushGetBetriebszustandBZ,@function
                         237 	.size	_ushGetBetriebszustandBZ,.-_ushGetBetriebszustandBZ
                         238 	.align	2
                         239 
                         240 --_ushBitMask	r6	param
                         241 
                         242 	.data
                         243 	.text
                         244 	.align	2
                         245 	.align	2
                         246 ..gh.f.f.1.e.5:
                         247 	.type	..gh.f.f.1.e.5,@object
                         248 	.size	..gh.f.f.1.e.5,0
                         249 	.global	_EvVehicleSpeedChangedBZ
                         250 _EvVehicleSpeedChangedBZ:
00000072 80076100        251 	prepare	{r29,r31},0
00000076 06e8            252 	mov	r6,r29
00000078 dd00            253 	zxh	r29
                         254 --	    .bf
                         255 .LDW02:
                         256 	jarl	_WALLOC_ucGetMinSpeedAutoLearnStart,lp
                         256 <EXPANSION BEGIN>
                         256 jarl22 _WALLOC_ucGetMinSpeedAutoLearnStart , lp 
0000007a 80ff0000*       256 <EXPANSION END>
0000007e eae9            257 	cmp	r10,r29
00000080 d105*           258 	bl	.L325
                         259 --line56
                         260 ..lin.C.3A.5C_ECU2.5CECU_Rivian_A1.5CTarget.5Crepo_projects.5CpRealEcu.5CcR_R2023.2E09.2E15.5Cmake.5Coutput.5Cobjects.5Cstate_bz.12::
                         261 .LDWlin12:
00000082 20360001        262 	movea	256,zero,r6
                         263 	jarl	_SetBitBetriebszustandBZ,lp
                         263 <EXPANSION BEGIN>
                         263 jarl22 _SetBitBetriebszustandBZ , lp 
00000086 bfff8aff*       263 <EXPANSION END>
                         264 .L325:
                         265 --	    .ef
                         266 .LDW12:
                         267 --line60
                         268 ..lin.C.3A.5C_ECU2.5CECU_Rivian_A1.5CTarget.5Crepo_projects.5CpRealEcu.5CcR_R2023.2E09.2E15.5Cmake.5Coutput.5Cobjects.5Cstate_bz.13::
                         269 .LDWlin13:
0000008a 40067f00        270 	dispose	0,{r29,r31},[lp]
                         271 	.global	___ghs_eofn_EvVehicleSpeedChangedBZ
                         272 ___ghs_eofn_EvVehicleSpeedChangedBZ:
                         273 	.type	_EvVehicleSpeedChangedBZ,@function
                         274 	.size	_EvVehicleSpeedChangedBZ,.-_EvVehicleSpeedChangedBZ
                         275 	.align	2
                         276 

                                                                      Page 6
                                                              C:\Users\nhuliyap\AppData\Local\Temp\gh_0000blc1.s
                         277 --_ushNewVehicleSpeed	r29	param
                         278 
                         279 	.section ".bss","awb"
                         280 .L358:
                         281 	.type	.L358,@object
                         282 	.size	.L358,0
                         283 	.data
                         284 	.text
                         285 	.align	2
                         286 	.align	2
                         287 ..gh.f.f.1.e.6:
                         288 	.type	..gh.f.f.1.e.6,@object
                         289 	.size	..gh.f.f.1.e.6,0
                         290 	.global	_DCM_InvIf_TPMSStateGetStatus
                         291 _DCM_InvIf_TPMSStateGetStatus:
                         292 --	    .bf
                         293 .LDW22:
0000008e 8036ffff        294 	ori	65535,zero,r6
00000092 bf07d0ff*       295 	jr	_ushGetBetriebszustandBZ
                         296 --	    .ef
                         297 .LDW32:
                         298 	.global	___ghs_eofn_DCM_InvIf_TPMSStateGetStatus
                         299 ___ghs_eofn_DCM_InvIf_TPMSStateGetStatus:
                         300 	.type	_DCM_InvIf_TPMSStateGetStatus,@function
                         301 	.size	_DCM_InvIf_TPMSStateGetStatus,.-_DCM_InvIf_TPMSStateGetStatus
                         302 	.align	2
                         303 
                         304 	.section ".bss","awb"
                         305 .L420:
                         306 	.type	.L420,@object
                         307 	.size	.L420,0
                         308 	.data
                         309 	.text
                         310 	.align	2
                         311 --_ushBetriebszustand	_ushBetriebszustand	static
                         312 
                         313 	.data
                         314 	.ghsnote version,17
                         315 	.ghsnote tools,3
                         316 	.ghsnote options,144
                         317 	.text
                         318 	.align	2
                         319 ..eof.C.3A.5C_ECU2.5CECU_Rivian_A1.5CTarget.5Crepo_projects.5CpRealEcu.5CcR_R2023.2E09.2E15.5Cmake.5Coutput.5Cobjects.5Cstate_bz...43.3A.5C_ECU2.5CECU_Rivian_A1.5CTarget.5Crepo_projects.5CpRealEcu.5CcR_R2023.2E09.2E15.5Cmake..65045C74..0::
                         320 	.section	.debug_info
                         321 .Ldw_begin:
00000000 ed030000        322 	.word	.Ldw_end-.Ldw_begin-4
00000004 0200            323 	.byte	2,0
00000006 00000000*       324 	.word	.Ldw_abbr_begin
0000000a 04              325 	.byte	4
                         326 	.section	.debug_abbrev
                         327 .Ldw_abbr_begin:
                         328 	.section	.debug_info
0000000b 01              329 	.byte	1
0000000c 00000000*       330 	.word	..bof.C.3A.5C_ECU2.5CECU_Rivian_A1.5CTarget.5Crepo_projects.5CpRealEcu.5CcR_R2023.2E09.2E15.5Cmake.5Coutput.5Cobjects.5Cstate_bz...43.3A.5C_ECU2.5CECU_Rivian_A1.5CTarget.5Crepo_projects.5CpRealEcu.5CcR_R2023.2E09.2E15.5Cmake..65045C74..0
00000010 00000000*       331 	.word	..eof.C.3A.5C_ECU2.5CECU_Rivian_A1.5CTarget.5Crepo_projects.5CpRealEcu.5CcR_R2023.2E09.2E15.5Cmake.5Coutput.5Cobjects.5Cstate_bz...43.3A.5C_ECU2.5CECU_Rivian_A1.5CTarget.5Crepo_projects.5CpRealEcu.5CcR_R2023.2E09.2E15.5Cmake..65045C74..0
00000014 2e2e2f736f75    332 	.strz	"../source/SwcApplTpms/state_bz.c"
0000001a 7263652f5377 
00000020 634170706c54 
00000026 706d732f7374 
0000002c 6174655f627a 
00000032 2e6300 

                                                                      Page 7
                                                              C:\Users\nhuliyap\AppData\Local\Temp\gh_0000blc1.s
00000035 433a5c5f4543    333 	.strz	"C:\\_ECU2\\ECU_Rivian_A1\\Target\\repo_projects\\pRealEcu\\cR_R2023.09.15\\make"
0000003b 55325c454355 
00000041 5f5269766961 
00000047 6e5f41315c54 
0000004d 61726765745c 
00000053 7265706f5f70 
00000059 726f6a656374 
0000005f 735c70526561 
00000065 6c4563755c63 
0000006b 525f52323032 
00000071 332e30392e31 
00000077 355c6d616b65 
0000007d 00 
0000007e 474853204320    334 	.strz	"GHS C 2015.1.7 [dual]"
00000084 323031352e31 
0000008a 2e37205b6475 
00000090 616c5d00 
00000094 0100            335 	.byte	1,0
00000096 00000000*       336 	.word	.Ldw_line_begin
0000009a 00000000*       337 	.word	.Ldw_macinfo_begin
0000009e 00              338 	.byte	0
                         339 
                         340 	.section	.debug_abbrev
00000000 01              341 	.byte	1
00000001 11              342 	.byte	17
00000002 01              343 	.byte	1
00000003 1101            344 	.byte	17,1
00000005 1201            345 	.byte	18,1
00000007 0308            346 	.byte	3,8
00000009 1b08            347 	.byte	27,8
0000000b 2508            348 	.byte	37,8
0000000d 1305            349 	.byte	19,5
0000000f 1006            350 	.byte	16,6
00000011 4306            351 	.byte	67,6
00000013 420b            352 	.byte	66,11
00000015 0000            353 	.byte	0,0
                         354 
                         355 	.section	.debug_line
                         356 .Ldw_line_begin:
00000000 23040000        357 	.word	.Ldw_line_end-.Ldw_line_begin-4
00000004 0200            358 	.byte	2,0
00000006 00000000*       359 	.word	.Ldw_lpro_end-.Ldw_lpro_begin
                         360 .Ldw_lpro_begin:
0000000a 01              361 	.byte	1
0000000b 00              362 	.byte	0
0000000c 00              363 	.byte	0
0000000d 04              364 	.byte	4
0000000e 0a              365 	.byte	10
0000000f 000101          366 	.byte	0,1,1
00000012 010100          367 	.byte	1,1,0
00000015 000001          368 	.byte	0,0,1
00000018 00              369 	.byte	0
00000019 2e2e2f736f75    370 	.strz	"../source/SwcApplTpms/state_bz.c"
0000001f 7263652f5377 
00000025 634170706c54 
0000002b 706d732f7374 
00000031 6174655f627a 
00000037 2e6300 
0000003a 000000          371 	.byte	0,0,0
0000003d 2e2e2f736f75    372 	.strz	"../source/common/Std_Types.hpp"
00000043 7263652f636f 

                                                                      Page 8
                                                              C:\Users\nhuliyap\AppData\Local\Temp\gh_0000blc1.s
00000049 6d6d6f6e2f53 
0000004f 74645f547970 
00000055 65732e687070 
0000005b 00 
0000005c 000000          373 	.byte	0,0,0
0000005f 2e2e2f736f75    374 	.strz	"../source/common/Platform_Types.hpp"
00000065 7263652f636f 
0000006b 6d6d6f6e2f50 
00000071 6c6174666f72 
00000077 6d5f54797065 
0000007d 732e68707000 
00000083 000000          375 	.byte	0,0,0
00000086 2e2e2f736f75    376 	.strz	"../source/common/Compiler.hpp"
0000008c 7263652f636f 
00000092 6d6d6f6e2f43 
00000098 6f6d70696c65 
0000009e 722e68707000 
000000a4 000000          377 	.byte	0,0,0
000000a7 2e2e2f736f75    378 	.strz	"../source/ProjectCompiler/Compiler_Cfg.hpp"
000000ad 7263652f5072 
000000b3 6f6a65637443 
000000b9 6f6d70696c65 
000000bf 722f436f6d70 
000000c5 696c65725f43 
000000cb 66672e687070 
000000d1 00 
000000d2 000000          379 	.byte	0,0,0
000000d5 2e2e2f736f75    380 	.strz	"../source/ProjectCompiler/CompilerCfg_SwcServiceOs.hpp"
000000db 7263652f5072 
000000e1 6f6a65637443 
000000e7 6f6d70696c65 
000000ed 722f436f6d70 
000000f3 696c65724366 
000000f9 675f53776353 
000000ff 657276696365 
00000105 4f732e687070 
0000010b 00 
0000010c 000000          381 	.byte	0,0,0
0000010f 2e2e2f736f75    382 	.strz	"../source/SwcApplTpms/tss_stdx.hpp"
00000115 7263652f5377 
0000011b 634170706c54 
00000121 706d732f7473 
00000127 735f73746478 
0000012d 2e68707000 
00000132 000000          383 	.byte	0,0,0
00000135 2e2e2f736f75    384 	.strz	"../source/SwcApplTpms/Tpms_Rte_Data_Type.hpp"
0000013b 7263652f5377 
00000141 634170706c54 
00000147 706d732f5470 
0000014d 6d735f527465 
00000153 5f446174615f 
00000159 547970652e68 
0000015f 707000 
00000162 000000          385 	.byte	0,0,0
00000165 2e2e2f736f75    386 	.strz	"../source/McalMcu/Types.hpp"
0000016b 7263652f4d63 
00000171 616c4d63752f 
00000177 54797065732e 
0000017d 68707000 
00000181 000000          387 	.byte	0,0,0
00000184 2e2e2f736f75    388 	.strz	"../source/ProjectCfg/CfgSwcApplTpms.hpp"

                                                                      Page 9
                                                              C:\Users\nhuliyap\AppData\Local\Temp\gh_0000blc1.s
0000018a 7263652f5072 
00000190 6f6a65637443 
00000196 66672f436667 
0000019c 537763417070 
000001a2 6c54706d732e 
000001a8 68707000 
000001ac 000000          389 	.byte	0,0,0
000001af 2e2e2f736f75    390 	.strz	"../source/SwcApplTpms/iTpms_Interface.hpp"
000001b5 7263652f5377 
000001bb 634170706c54 
000001c1 706d732f6954 
000001c7 706d735f496e 
000001cd 746572666163 
000001d3 652e68707000 
000001d9 000000          391 	.byte	0,0,0
000001dc 2e2e2f736f75    392 	.strz	"../source/SwcApplTpms/SwcApplTpms_Rte.hpp"
000001e2 7263652f5377 
000001e8 634170706c54 
000001ee 706d732f5377 
000001f4 634170706c54 
000001fa 706d735f5274 
00000200 652e68707000 
00000206 000000          393 	.byte	0,0,0
00000209 2e2e2f736f75    394 	.strz	"../source/SwcApplTpms/SwcApplTpms_Rte_Type.hpp"
0000020f 7263652f5377 
00000215 634170706c54 
0000021b 706d732f5377 
00000221 634170706c54 
00000227 706d735f5274 
0000022d 655f54797065 
00000233 2e68707000 
00000238 000000          395 	.byte	0,0,0
0000023b 2e2e2f736f75    396 	.strz	"../source/ProjectCfg/SwcApplTpms_NvM_If.hpp"
00000241 7263652f5072 
00000247 6f6a65637443 
0000024d 66672f537763 
00000253 4170706c5470 
00000259 6d735f4e764d 
0000025f 5f49662e6870 
00000265 7000 
00000267 000000          397 	.byte	0,0,0
0000026a 2e2e2f736f75    398 	.strz	"../source/SwcApplTpms/WallocX.hpp"
00000270 7263652f5377 
00000276 634170706c54 
0000027c 706d732f5761 
00000282 6c6c6f63582e 
00000288 68707000 
0000028c 000000          399 	.byte	0,0,0
0000028f 2e2e2f736f75    400 	.strz	"../source/SwcApplTpms/statemanagerX.hpp"
00000295 7263652f5377 
0000029b 634170706c54 
000002a1 706d732f7374 
000002a7 6174656d616e 
000002ad 61676572582e 
000002b3 68707000 
000002b7 000000          401 	.byte	0,0,0
000002ba 2e2e2f736f75    402 	.strz	"../source/SwcApplTpms/State_BzX.hpp"
000002c0 7263652f5377 
000002c6 634170706c54 
000002cc 706d732f5374 
000002d2 6174655f427a 

                                                                      Page 10
                                                              C:\Users\nhuliyap\AppData\Local\Temp\gh_0000blc1.s
000002d8 582e68707000 
000002de 000000          403 	.byte	0,0,0
000002e1 2e2e2f736f75    404 	.strz	"../source/SwcApplTpms/SwcApplTpms_DevCanMesReqInterfaces.hpp"
000002e7 7263652f5377 
000002ed 634170706c54 
000002f3 706d732f5377 
000002f9 634170706c54 
000002ff 706d735f4465 
00000305 7643616e4d65 
0000030b 73526571496e 
00000311 746572666163 
00000317 65732e687070 
0000031d 00 
0000031e 000000          405 	.byte	0,0,0
00000321 00              406 	.byte	0
                         407 .Ldw_lpro_end:
                         408 	.section	.debug_macinfo
                         409 .Ldw_macinfo_begin:
                         410 	.section	.debug_frame
                         411 .LDW_4d3bd60:
00000000 00000000*       412 	.word	.LDW_unq_2-.LDW_unq_1
                         413 .LDW_unq_1:
00000004 ffffffff        414 	.byte	255,255,255,255
00000008 01              415 	.byte	1
00000009 00              416 	.byte	0
0000000a 01              417 	.byte	1
0000000b 01              418 	.byte	1
0000000c 1f              419 	.byte	31
0000000d 0c              420 	.byte	12
0000000e 03              421 	.byte	3
0000000f 00              422 	.byte	0
00000010 07              423 	.byte	7
00000011 00              424 	.byte	0
00000012 07              425 	.byte	7
00000013 01              426 	.byte	1
00000014 07              427 	.byte	7
00000015 02              428 	.byte	2
00000016 07              429 	.byte	7
00000017 03              430 	.byte	3
00000018 07              431 	.byte	7
00000019 04              432 	.byte	4
0000001a 07              433 	.byte	7
0000001b 05              434 	.byte	5
0000001c 07              435 	.byte	7
0000001d 06              436 	.byte	6
0000001e 07              437 	.byte	7
0000001f 07              438 	.byte	7
00000020 07              439 	.byte	7
00000021 08              440 	.byte	8
00000022 07              441 	.byte	7
00000023 09              442 	.byte	9
00000024 07              443 	.byte	7
00000025 0a              444 	.byte	10
00000026 07              445 	.byte	7
00000027 0b              446 	.byte	11
00000028 07              447 	.byte	7
00000029 0c              448 	.byte	12
0000002a 07              449 	.byte	7
0000002b 0d              450 	.byte	13
0000002c 07              451 	.byte	7
0000002d 0e              452 	.byte	14

                                                                      Page 11
                                                              C:\Users\nhuliyap\AppData\Local\Temp\gh_0000blc1.s
0000002e 07              453 	.byte	7
0000002f 0f              454 	.byte	15
00000030 07              455 	.byte	7
00000031 10              456 	.byte	16
00000032 07              457 	.byte	7
00000033 11              458 	.byte	17
00000034 07              459 	.byte	7
00000035 12              460 	.byte	18
00000036 07              461 	.byte	7
00000037 13              462 	.byte	19
00000038 08              463 	.byte	8
00000039 14              464 	.byte	20
0000003a 08              465 	.byte	8
0000003b 15              466 	.byte	21
0000003c 08              467 	.byte	8
0000003d 16              468 	.byte	22
0000003e 08              469 	.byte	8
0000003f 17              470 	.byte	23
00000040 08              471 	.byte	8
00000041 18              472 	.byte	24
00000042 08              473 	.byte	8
00000043 19              474 	.byte	25
00000044 08              475 	.byte	8
00000045 1a              476 	.byte	26
00000046 08              477 	.byte	8
00000047 1b              478 	.byte	27
00000048 08              479 	.byte	8
00000049 1c              480 	.byte	28
0000004a 08              481 	.byte	8
0000004b 1d              482 	.byte	29
0000004c 07              483 	.byte	7
0000004d 1e              484 	.byte	30
0000004e 08              485 	.byte	8
0000004f 1f              486 	.byte	31
00000050 07              487 	.byte	7
00000051 20              488 	.byte	32
00000052 07              489 	.byte	7
00000053 21              490 	.byte	33
00000054 07              491 	.byte	7
00000055 22              492 	.byte	34
00000056 07              493 	.byte	7
00000057 23              494 	.byte	35
00000058 07              495 	.byte	7
00000059 24              496 	.byte	36
0000005a 07              497 	.byte	7
0000005b 25              498 	.byte	37
0000005c 07              499 	.byte	7
0000005d 26              500 	.byte	38
0000005e 07              501 	.byte	7
0000005f 27              502 	.byte	39
00000060 07              503 	.byte	7
00000061 28              504 	.byte	40
00000062 07              505 	.byte	7
00000063 29              506 	.byte	41
00000064 07              507 	.byte	7
00000065 2a              508 	.byte	42
00000066 07              509 	.byte	7
00000067 2b              510 	.byte	43
00000068 07              511 	.byte	7
00000069 2c              512 	.byte	44
0000006a 07              513 	.byte	7

                                                                      Page 12
                                                              C:\Users\nhuliyap\AppData\Local\Temp\gh_0000blc1.s
0000006b 2d              514 	.byte	45
0000006c 07              515 	.byte	7
0000006d 2e              516 	.byte	46
0000006e 07              517 	.byte	7
0000006f 2f              518 	.byte	47
00000070 07              519 	.byte	7
00000071 30              520 	.byte	48
00000072 07              521 	.byte	7
00000073 31              522 	.byte	49
00000074 07              523 	.byte	7
00000075 32              524 	.byte	50
00000076 07              525 	.byte	7
00000077 33              526 	.byte	51
00000078 07              527 	.byte	7
00000079 34              528 	.byte	52
0000007a 07              529 	.byte	7
0000007b 35              530 	.byte	53
0000007c 07              531 	.byte	7
0000007d 36              532 	.byte	54
0000007e 07              533 	.byte	7
0000007f 37              534 	.byte	55
00000080 07              535 	.byte	7
00000081 38              536 	.byte	56
00000082 07              537 	.byte	7
00000083 39              538 	.byte	57
00000084 07              539 	.byte	7
00000085 3a              540 	.byte	58
00000086 07              541 	.byte	7
00000087 3b              542 	.byte	59
00000088 07              543 	.byte	7
00000089 3c              544 	.byte	60
0000008a 07              545 	.byte	7
0000008b 3d              546 	.byte	61
0000008c 07              547 	.byte	7
0000008d 3e              548 	.byte	62
0000008e 07              549 	.byte	7
0000008f 3f              550 	.byte	63
                         551 .LDW_unq_2:
                         552 	.section	.debug_info
                         553 .LDW_4946c88:
0000009f 45              554 	.byte	69
000000a0 01              555 	.byte	1
                         556 
                         557 	.section	.debug_abbrev
00000017 45              558 	.byte	69
00000018 15              559 	.byte	21
00000019 01              560 	.byte	1
0000001a 270c            561 	.byte	39,12
0000001c 0000            562 	.byte	0,0
                         563 
                         564 	.section	.debug_info
000000a1 00              565 	.byte	0
                         566 
                         567 .LDW_4946f28:
000000a2 25              568 	.byte	37
000000a3 756e7369676e    569 	.strz	"unsigned char"
000000a9 656420636861 
000000af 7200 
000000b1 08              570 	.byte	8
000000b2 01              571 	.byte	1
                         572 

                                                                      Page 13
                                                              C:\Users\nhuliyap\AppData\Local\Temp\gh_0000blc1.s
                         573 	.section	.debug_abbrev
0000001e 25              574 	.byte	37
0000001f 24              575 	.byte	36
00000020 00              576 	.byte	0
00000021 0308            577 	.byte	3,8
00000023 3e0b            578 	.byte	62,11
00000025 0b0b            579 	.byte	11,11
00000027 0000            580 	.byte	0,0
                         581 
                         582 	.section	.debug_info
                         583 .LDW_4946cf8:
000000b3 25              584 	.byte	37
000000b4 756e7369676e    585 	.strz	"unsigned short"
000000ba 65642073686f 
000000c0 727400 
000000c3 07              586 	.byte	7
000000c4 02              587 	.byte	2
                         588 
                         589 .LDW_4946d30:
000000c5 45              590 	.byte	69
000000c6 01              591 	.byte	1
                         592 
                         593 .LDW_4941728:
000000c7 12              594 	.byte	18
000000c8 00000000*       595 	.word	.LDW_498edd8
000000cc 00              596 	.byte	0
                         597 
                         598 	.section	.debug_abbrev
00000029 12              599 	.byte	18
0000002a 05              600 	.byte	5
0000002b 00              601 	.byte	0
0000002c 4910            602 	.byte	73,16
0000002e 4b0c            603 	.byte	75,12
00000030 0000            604 	.byte	0,0
                         605 
                         606 	.section	.debug_info
000000cd 00              607 	.byte	0
                         608 
                         609 .LDW_4946d68:
000000ce 45              610 	.byte	69
000000cf 01              611 	.byte	1
                         612 
                         613 .LDW_4941608:
000000d0 12              614 	.byte	18
000000d1 00000000*       615 	.word	.LDW_498edd8
000000d5 00              616 	.byte	0
                         617 
000000d6 00              618 	.byte	0
                         619 
                         620 .LDW_49470b0:
000000d7 44              621 	.byte	68
000000d8 00000000*       622 	.word	.LDW_498db90
000000dc 01              623 	.byte	1
                         624 
                         625 	.section	.debug_abbrev
00000032 44              626 	.byte	68
00000033 15              627 	.byte	21
00000034 01              628 	.byte	1
00000035 4910            629 	.byte	73,16
00000037 270c            630 	.byte	39,12
00000039 0000            631 	.byte	0,0

                                                                      Page 14
                                                              C:\Users\nhuliyap\AppData\Local\Temp\gh_0000blc1.s
                         632 
                         633 	.section	.debug_info
                         634 .LDW_4941638:
000000dd 12              635 	.byte	18
000000de 00000000*       636 	.word	.LDW_498edd8
000000e2 00              637 	.byte	0
                         638 
000000e3 00              639 	.byte	0
                         640 
                         641 .LDW_4946f60:
000000e4 44              642 	.byte	68
000000e5 00000000*       643 	.word	.LDW_498edd8
000000e9 01              644 	.byte	1
                         645 
                         646 .LDW_49418a8:
000000ea 12              647 	.byte	18
000000eb 00000000*       648 	.word	.LDW_498edd8
000000ef 00              649 	.byte	0
                         650 
000000f0 00              651 	.byte	0
                         652 
                         653 .LDW_4946f98:
000000f1 45              654 	.byte	69
000000f2 01              655 	.byte	1
                         656 
                         657 .LDW_4941998:
000000f3 12              658 	.byte	18
000000f4 00000000*       659 	.word	.LDW_498edd8
000000f8 00              660 	.byte	0
                         661 
000000f9 00              662 	.byte	0
                         663 
                         664 .LDW_4946ef0:
000000fa 44              665 	.byte	68
000000fb 00000000*       666 	.word	.LDW_498edd8
000000ff 01              667 	.byte	1
                         668 
00000100 00              669 	.byte	0
                         670 
                         671 .LDW_4946c50:
00000101 25              672 	.byte	37
00000102 696e7400        673 	.strz	"int"
00000106 05              674 	.byte	5
00000107 04              675 	.byte	4
                         676 
                         677 .LDW_4d43990:
00000108 44              678 	.byte	68
00000109 00000000*       679 	.word	.LDW_4946f28
0000010d 01              680 	.byte	1
                         681 
0000010e 00              682 	.byte	0
                         683 
                         684 .LDW_4d46df0:
0000010f 44              685 	.byte	68
00000110 00000000*       686 	.word	.LDW_4946f28
00000114 01              687 	.byte	1
                         688 
00000115 00              689 	.byte	0
                         690 
                         691 .LDW_498db90:
00000116 28              692 	.byte	40

                                                                      Page 15
                                                              C:\Users\nhuliyap\AppData\Local\Temp\gh_0000blc1.s
00000117 626f6f6c6561    693 	.strz	"boolean"
0000011d 6e00 
0000011f 4e              694 	.byte	78
00000120 49              695 	.byte	73
00000121 03              696 	.byte	3
00000122 00000000*       697 	.word	.LDW_4946f28
                         698 
                         699 	.section	.debug_abbrev
0000003b 28              700 	.byte	40
0000003c 16              701 	.byte	22
0000003d 00              702 	.byte	0
0000003e 0308            703 	.byte	3,8
00000040 3b0f            704 	.byte	59,15
00000042 390f            705 	.byte	57,15
00000044 3a0f            706 	.byte	58,15
00000046 4910            707 	.byte	73,16
00000048 0000            708 	.byte	0,0
                         709 
                         710 	.section	.debug_info
                         711 .LDW_498ed28:
00000126 28              712 	.byte	40
00000127 75696e743800    713 	.strz	"uint8"
0000012d 50              714 	.byte	80
0000012e 4b              715 	.byte	75
0000012f 03              716 	.byte	3
00000130 00000000*       717 	.word	.LDW_4946f28
                         718 
                         719 .LDW_498edd8:
00000134 28              720 	.byte	40
00000135 75696e743136    721 	.strz	"uint16"
0000013b 00 
0000013c 52              722 	.byte	82
0000013d 4a              723 	.byte	74
0000013e 03              724 	.byte	3
0000013f 00000000*       725 	.word	.LDW_4946cf8
                         726 
                         727 .LDW_4d3dcb0:
00000143 04              728 	.byte	4
00000144 757368426574    729 	.strz	"ushBetriebszustand"
0000014a 72696562737a 
00000150 757374616e64 
00000156 00 
00000157 0c              730 	.byte	12
00000158 0f              731 	.byte	15
00000159 01              732 	.byte	1
0000015a 00000000*       733 	.word	.LDW_498edd8
0000015e 00              734 	.byte	0
0000015f 00              735 	.byte	0
00000160 0503            736 	.byte	5,3
00000162 00000000*       737 	.word	_ushBetriebszustand..C.3A.5C_ECU2.5CECU_Rivian_A1.5CTarget.5Crepo_projects.5CpRealEcu.5CcR_R2023.2E09.2E15.5Cmake.5Coutput.5Cobjects.5Cstate_bz.
                         738 
                         739 	.section	.debug_abbrev
0000004a 04              740 	.byte	4
0000004b 34              741 	.byte	52
0000004c 00              742 	.byte	0
0000004d 0308            743 	.byte	3,8
0000004f 3b0f            744 	.byte	59,15
00000051 390f            745 	.byte	57,15
00000053 3a0f            746 	.byte	58,15
00000055 4910            747 	.byte	73,16
00000057 3f0c            748 	.byte	63,12

                                                                      Page 16
                                                              C:\Users\nhuliyap\AppData\Local\Temp\gh_0000blc1.s
00000059 3c0c            749 	.byte	60,12
0000005b 020a            750 	.byte	2,10
0000005d 0000            751 	.byte	0,0
                         752 
                         753 	.section	.debug_info
                         754 .LDW_4d45430:
00000166 16              755 	.byte	22
00000167 5741496e6974    756 	.strz	"WAInit"
0000016d 00 
0000016e 8001            757 	.byte	128,1
00000170 16              758 	.byte	22
00000171 0f              759 	.byte	15
00000172 00000000*       760 	.word	.LDW_4946f28
00000176 01              761 	.byte	1
00000177 00              762 	.byte	0
00000178 01              763 	.byte	1
00000179 01              764 	.byte	1
0000017a 00              765 	.byte	0
0000017b 01              766 	.byte	1
                         767 
                         768 	.section	.debug_abbrev
0000005f 16              769 	.byte	22
00000060 2e              770 	.byte	46
00000061 01              771 	.byte	1
00000062 0308            772 	.byte	3,8
00000064 3b0f            773 	.byte	59,15
00000066 390f            774 	.byte	57,15
00000068 3a0f            775 	.byte	58,15
0000006a 4910            776 	.byte	73,16
0000006c 3c0c            777 	.byte	60,12
0000006e 200b            778 	.byte	32,11
00000070 3f0c            779 	.byte	63,12
00000072 320b            780 	.byte	50,11
00000074 4c0b            781 	.byte	76,11
00000076 270c            782 	.byte	39,12
00000078 0000            783 	.byte	0,0
                         784 
                         785 	.section	.debug_info
0000017c 00              786 	.byte	0
                         787 
                         788 .LDW_4d46568:
0000017d 16              789 	.byte	22
0000017e 57414c4c4f43    790 	.strz	"WALLOC_ucGetMinSpeedAutoLearnStart"
00000184 5f7563476574 
0000018a 4d696e537065 
00000190 65644175746f 
00000196 4c6561726e53 
0000019c 7461727400 
000001a1 b701            791 	.byte	183,1
000001a3 16              792 	.byte	22
000001a4 0f              793 	.byte	15
000001a5 00000000*       794 	.word	.LDW_4946f28
000001a9 01              795 	.byte	1
000001aa 00              796 	.byte	0
000001ab 01              797 	.byte	1
000001ac 01              798 	.byte	1
000001ad 00              799 	.byte	0
000001ae 01              800 	.byte	1
                         801 
000001af 00              802 	.byte	0
                         803 

                                                                      Page 17
                                                              C:\Users\nhuliyap\AppData\Local\Temp\gh_0000blc1.s
                         804 .LDW_498ec90:
000001b0 13              805 	.byte	19
000001b1 496e6974425a    806 	.strz	"InitBZ"
000001b7 00 
000001b8 0e              807 	.byte	14
000001b9 06              808 	.byte	6
000001ba 01              809 	.byte	1
000001bb 00000000*       810 	.word	_InitBZ
000001bf 00000000*       811 	.word	___ghs_eofn_InitBZ
000001c3 0153            812 	.byte	1,83
000001c5 8280808008      813 	.byte	130,128,128,128,8
000001ca 04              814 	.byte	4
000001cb 03              815 	.byte	3
000001cc 04              816 	.byte	4
000001cd 00              817 	.byte	0
000001ce 00              818 	.byte	0
000001cf 00              819 	.byte	0
000001d0 01              820 	.byte	1
000001d1 01              821 	.byte	1
000001d2 00              822 	.byte	0
000001d3 01              823 	.byte	1
                         824 
                         825 	.section	.debug_abbrev
0000007a 13              826 	.byte	19
0000007b 2e              827 	.byte	46
0000007c 01              828 	.byte	1
0000007d 0308            829 	.byte	3,8
0000007f 3b0f            830 	.byte	59,15
00000081 390f            831 	.byte	57,15
00000083 3a0f            832 	.byte	58,15
00000085 1101            833 	.byte	17,1
00000087 1201            834 	.byte	18,1
00000089 400a            835 	.byte	64,10
0000008b 8341            836 	.byte	131,65
0000008d 0f              837 	.byte	15
0000008e 8741            838 	.byte	135,65
00000090 0d              839 	.byte	13
00000091 8541            840 	.byte	133,65
00000093 0f              841 	.byte	15
00000094 8641            842 	.byte	134,65
00000096 0d              843 	.byte	13
00000097 9241            844 	.byte	146,65
00000099 0f              845 	.byte	15
0000009a 3c0c            846 	.byte	60,12
0000009c 200b            847 	.byte	32,11
0000009e 3f0c            848 	.byte	63,12
000000a0 320b            849 	.byte	50,11
000000a2 4c0b            850 	.byte	76,11
000000a4 270c            851 	.byte	39,12
000000a6 0000            852 	.byte	0,0
                         853 
                         854 	.section	.debug_frame
                         855 .LDW_4d3fa00:
00000090 00000000*       856 	.word	.LDW_unq_4-.LDW_unq_3
                         857 .LDW_unq_3:
00000094 00000000*       858 	.word	.LDW_4d3bd60
00000098 00000000*       859 	.word	_InitBZ
0000009c 00000000*       860 	.word	___ghs_eofn_InitBZ-_InitBZ
000000a0 44              861 	.byte	68
000000a1 9f              862 	.byte	159
000000a2 00              863 	.byte	0

                                                                      Page 18
                                                              C:\Users\nhuliyap\AppData\Local\Temp\gh_0000blc1.s
000000a3 01              864 	.byte	1
000000a4 00000000*       865 	.word	.LDW51
                         866 .LDW_unq_4:
                         867 	.section	.debug_line
00000322 000502          868 	.byte	0,5,2
00000325 00000000*       869 	.word	_InitBZ
00000329 03              870 	.byte	3
0000032a 0e              871 	.byte	14
0000032b 02              872 	.byte	2
0000032c 00              873 	.byte	0
0000032d 01              874 	.byte	1
0000032e 06              875 	.byte	6
0000032f 1c              876 	.byte	28
00000330 000502          877 	.byte	0,5,2
00000333 00000000*       878 	.word	.LDWlin3
00000337 03              879 	.byte	3
00000338 04              880 	.byte	4
00000339 02              881 	.byte	2
0000033a 00              882 	.byte	0
0000033b 01              883 	.byte	1
0000033c 000502          884 	.byte	0,5,2
0000033f 00000000*       885 	.word	.LDWlin4
00000343 0b              886 	.byte	11
00000344 000502          887 	.byte	0,5,2
00000347 00000000*       888 	.word	.LDWlin5
0000034b 02              889 	.byte	2
0000034c 00              890 	.byte	0
0000034d 0b              891 	.byte	11
0000034e 000502          892 	.byte	0,5,2
00000351 00000000*       893 	.word	.LDWlin6
00000355 0b              894 	.byte	11
00000356 0b              895 	.byte	11
00000357 0b              896 	.byte	11
00000358 000502          897 	.byte	0,5,2
0000035b 00000000*       898 	.word	.LDWlin7
0000035f 02              899 	.byte	2
00000360 00              900 	.byte	0
00000361 0b              901 	.byte	11
00000362 000502          902 	.byte	0,5,2
00000365 00000000*       903 	.word	.LDWlin8
00000369 0b              904 	.byte	11
0000036a 02              905 	.byte	2
0000036b 00              906 	.byte	0
0000036c 0b              907 	.byte	11
0000036d 02              908 	.byte	2
0000036e 00              909 	.byte	0
0000036f 0b              910 	.byte	11
00000370 000502          911 	.byte	0,5,2
00000373 00000000*       912 	.word	.LDWlin9
00000377 0b              913 	.byte	11
00000378 02              914 	.byte	2
00000379 04              915 	.byte	4
0000037a 000101          916 	.byte	0,1,1
                         917 	.section	.debug_info
                         918 .LDW_49416f8:
000001d4 1d              919 	.byte	29
000001d5 00000000*       920 	.word	.LDW41
000001d9 00000000*       921 	.word	.LDW51
                         922 
                         923 	.section	.debug_abbrev
000000a8 1d              924 	.byte	29

                                                                      Page 19
                                                              C:\Users\nhuliyap\AppData\Local\Temp\gh_0000blc1.s
000000a9 0b              925 	.byte	11
000000aa 01              926 	.byte	1
000000ab 1101            927 	.byte	17,1
000000ad 1201            928 	.byte	18,1
000000af 0000            929 	.byte	0,0
                         930 
                         931 	.section	.debug_info
                         932 .LDW_498ed80:
000001dd 04              933 	.byte	4
000001de 75634c6f6361    934 	.strz	"ucLocalWAState"
000001e4 6c5741537461 
000001ea 746500 
000001ed 10              935 	.byte	16
000001ee 09              936 	.byte	9
000001ef 01              937 	.byte	1
000001f0 00000000*       938 	.word	.LDW_498ed28
000001f4 00              939 	.byte	0
000001f5 00              940 	.byte	0
000001f6 015a            941 	.byte	1,90
                         942 
000001f8 00              943 	.byte	0
                         944 
000001f9 00              945 	.byte	0
                         946 
                         947 .LDW_498ee30:
000001fa 13              948 	.byte	19
000001fb 536574426974    949 	.strz	"SetBitBetriebszustandBZ"
00000201 426574726965 
00000207 62737a757374 
0000020d 616e64425a00 
00000213 21              950 	.byte	33
00000214 06              951 	.byte	6
00000215 01              952 	.byte	1
00000216 00000000*       953 	.word	_SetBitBetriebszustandBZ
0000021a 00000000*       954 	.word	___ghs_eofn_SetBitBetriebszustandBZ
0000021e 0153            955 	.byte	1,83
00000220 02              956 	.byte	2
00000221 00              957 	.byte	0
00000222 02              958 	.byte	2
00000223 00              959 	.byte	0
00000224 00              960 	.byte	0
00000225 00              961 	.byte	0
00000226 00              962 	.byte	0
00000227 01              963 	.byte	1
00000228 01              964 	.byte	1
00000229 00              965 	.byte	0
0000022a 01              966 	.byte	1
                         967 
                         968 	.section	.debug_frame
                         969 .LDW_4d3eb00:
000000a8 00000000*       970 	.word	.LDW_unq_6-.LDW_unq_5
                         971 .LDW_unq_5:
000000ac 00000000*       972 	.word	.LDW_4d3bd60
000000b0 00000000*       973 	.word	_SetBitBetriebszustandBZ
000000b4 00000000*       974 	.word	___ghs_eofn_SetBitBetriebszustandBZ-_SetBitBetriebszustandBZ
000000b8 01              975 	.byte	1
000000b9 00000000*       976 	.word	.LDW31
000000bd 00              977 	.byte	0
000000be 00              978 	.byte	0
000000bf 00              979 	.byte	0
                         980 .LDW_unq_6:

                                                                      Page 20
                                                              C:\Users\nhuliyap\AppData\Local\Temp\gh_0000blc1.s
                         981 	.section	.debug_line
0000037d 000502          982 	.byte	0,5,2
00000380 00000000*       983 	.word	_SetBitBetriebszustandBZ
00000384 06              984 	.byte	6
00000385 03              985 	.byte	3
00000386 22              986 	.byte	34
00000387 02              987 	.byte	2
00000388 00              988 	.byte	0
00000389 01              989 	.byte	1
0000038a 000502          990 	.byte	0,5,2
0000038d 00000000*       991 	.word	.LDWlin2
00000391 0b              992 	.byte	11
00000392 02              993 	.byte	2
00000393 02              994 	.byte	2
00000394 000101          995 	.byte	0,1,1
                         996 	.section	.debug_info
                         997 .LDW_498eec8:
0000022b 0f              998 	.byte	15
0000022c 757368426974    999 	.strz	"ushBitMask"
00000232 4d61736b00 
00000237 22             1000 	.byte	34
00000238 0b             1001 	.byte	11
00000239 01             1002 	.byte	1
0000023a 00000000*      1003 	.word	.LDW_498edd8
0000023e 00             1004 	.byte	0
0000023f 0156           1005 	.byte	1,86
                        1006 
                        1007 	.section	.debug_abbrev
000000b1 0f             1008 	.byte	15
000000b2 05             1009 	.byte	5
000000b3 00             1010 	.byte	0
000000b4 0308           1011 	.byte	3,8
000000b6 3b0f           1012 	.byte	59,15
000000b8 390f           1013 	.byte	57,15
000000ba 3a0f           1014 	.byte	58,15
000000bc 4910           1015 	.byte	73,16
000000be 4b0c           1016 	.byte	75,12
000000c0 020a           1017 	.byte	2,10
000000c2 0000           1018 	.byte	0,0
                        1019 
                        1020 	.section	.debug_info
                        1021 .LDW_4941758:
00000241 1d             1022 	.byte	29
00000242 00000000*      1023 	.word	.LDW21
00000246 00000000*      1024 	.word	.LDW31
                        1025 
0000024a 00             1026 	.byte	0
                        1027 
0000024b 00             1028 	.byte	0
                        1029 
                        1030 .LDW_498ef20:
0000024c 13             1031 	.byte	19
0000024d 436c65617242   1032 	.strz	"ClearBitBetriebszustandBZ"
00000253 697442657472 
00000259 696562737a75 
0000025f 7374616e6442 
00000265 5a00 
00000267 26             1033 	.byte	38
00000268 06             1034 	.byte	6
00000269 01             1035 	.byte	1
0000026a 00000000*      1036 	.word	_ClearBitBetriebszustandBZ

                                                                      Page 21
                                                              C:\Users\nhuliyap\AppData\Local\Temp\gh_0000blc1.s
0000026e 00000000*      1037 	.word	___ghs_eofn_ClearBitBetriebszustandBZ
00000272 0153           1038 	.byte	1,83
00000274 02             1039 	.byte	2
00000275 00             1040 	.byte	0
00000276 02             1041 	.byte	2
00000277 00             1042 	.byte	0
00000278 00             1043 	.byte	0
00000279 00             1044 	.byte	0
0000027a 00             1045 	.byte	0
0000027b 01             1046 	.byte	1
0000027c 01             1047 	.byte	1
0000027d 00             1048 	.byte	0
0000027e 01             1049 	.byte	1
                        1050 
                        1051 	.section	.debug_frame
                        1052 .LDW_4d3f280:
000000c0 00000000*      1053 	.word	.LDW_unq_8-.LDW_unq_7
                        1054 .LDW_unq_7:
000000c4 00000000*      1055 	.word	.LDW_4d3bd60
000000c8 00000000*      1056 	.word	_ClearBitBetriebszustandBZ
000000cc 00000000*      1057 	.word	___ghs_eofn_ClearBitBetriebszustandBZ-_ClearBitBetriebszustandBZ
000000d0 01             1058 	.byte	1
000000d1 00000000*      1059 	.word	.LDW11
000000d5 00             1060 	.byte	0
000000d6 00             1061 	.byte	0
000000d7 00             1062 	.byte	0
                        1063 .LDW_unq_8:
                        1064 	.section	.debug_line
00000397 000502         1065 	.byte	0,5,2
0000039a 00000000*      1066 	.word	_ClearBitBetriebszustandBZ
0000039e 06             1067 	.byte	6
0000039f 03             1068 	.byte	3
000003a0 27             1069 	.byte	39
000003a1 02             1070 	.byte	2
000003a2 00             1071 	.byte	0
000003a3 01             1072 	.byte	1
000003a4 000502         1073 	.byte	0,5,2
000003a7 00000000*      1074 	.word	.LDWlin1
000003ab 0b             1075 	.byte	11
000003ac 02             1076 	.byte	2
000003ad 02             1077 	.byte	2
000003ae 000101         1078 	.byte	0,1,1
                        1079 	.section	.debug_info
                        1080 .LDW_498db38:
0000027f 0f             1081 	.byte	15
00000280 757368426974   1082 	.strz	"ushBitMask"
00000286 4d61736b00 
0000028b 27             1083 	.byte	39
0000028c 0b             1084 	.byte	11
0000028d 01             1085 	.byte	1
0000028e 00000000*      1086 	.word	.LDW_498edd8
00000292 00             1087 	.byte	0
00000293 0156           1088 	.byte	1,86
                        1089 
                        1090 .LDW_49412a8:
00000295 1d             1091 	.byte	29
00000296 00000000*      1092 	.word	.LDW01
0000029a 00000000*      1093 	.word	.LDW11
                        1094 
0000029e 00             1095 	.byte	0
                        1096 

                                                                      Page 22
                                                              C:\Users\nhuliyap\AppData\Local\Temp\gh_0000blc1.s
0000029f 00             1097 	.byte	0
                        1098 
                        1099 .LDW_498dbe8:
000002a0 14             1100 	.byte	20
000002a1 624765744269   1101 	.strz	"bGetBitBetriebszustandBZ"
000002a7 744265747269 
000002ad 6562737a7573 
000002b3 74616e64425a 
000002b9 00 
000002ba 2b             1102 	.byte	43
000002bb 09             1103 	.byte	9
000002bc 01             1104 	.byte	1
000002bd 00000000*      1105 	.word	.LDW_498db90
000002c1 00000000*      1106 	.word	_bGetBitBetriebszustandBZ
000002c5 00000000*      1107 	.word	___ghs_eofn_bGetBitBetriebszustandBZ
000002c9 0153           1108 	.byte	1,83
000002cb 02             1109 	.byte	2
000002cc 00             1110 	.byte	0
000002cd 02             1111 	.byte	2
000002ce 00             1112 	.byte	0
000002cf 00             1113 	.byte	0
000002d0 00             1114 	.byte	0
000002d1 00             1115 	.byte	0
000002d2 01             1116 	.byte	1
000002d3 01             1117 	.byte	1
000002d4 00             1118 	.byte	0
000002d5 01             1119 	.byte	1
                        1120 
                        1121 	.section	.debug_abbrev
000000c4 14             1122 	.byte	20
000000c5 2e             1123 	.byte	46
000000c6 01             1124 	.byte	1
000000c7 0308           1125 	.byte	3,8
000000c9 3b0f           1126 	.byte	59,15
000000cb 390f           1127 	.byte	57,15
000000cd 3a0f           1128 	.byte	58,15
000000cf 4910           1129 	.byte	73,16
000000d1 1101           1130 	.byte	17,1
000000d3 1201           1131 	.byte	18,1
000000d5 400a           1132 	.byte	64,10
000000d7 8341           1133 	.byte	131,65
000000d9 0f             1134 	.byte	15
000000da 8741           1135 	.byte	135,65
000000dc 0d             1136 	.byte	13
000000dd 8541           1137 	.byte	133,65
000000df 0f             1138 	.byte	15
000000e0 8641           1139 	.byte	134,65
000000e2 0d             1140 	.byte	13
000000e3 9241           1141 	.byte	146,65
000000e5 0f             1142 	.byte	15
000000e6 3c0c           1143 	.byte	60,12
000000e8 200b           1144 	.byte	32,11
000000ea 3f0c           1145 	.byte	63,12
000000ec 320b           1146 	.byte	50,11
000000ee 4c0b           1147 	.byte	76,11
000000f0 270c           1148 	.byte	39,12
000000f2 0000           1149 	.byte	0,0
                        1150 
                        1151 	.section	.debug_frame
                        1152 .LDW_4d3f5c0:
000000d8 00000000*      1153 	.word	.LDW_unq_a-.LDW_unq_9

                                                                      Page 23
                                                              C:\Users\nhuliyap\AppData\Local\Temp\gh_0000blc1.s
                        1154 .LDW_unq_9:
000000dc 00000000*      1155 	.word	.LDW_4d3bd60
000000e0 00000000*      1156 	.word	_bGetBitBetriebszustandBZ
000000e4 00000000*      1157 	.word	___ghs_eofn_bGetBitBetriebszustandBZ-_bGetBitBetriebszustandBZ
000000e8 01             1158 	.byte	1
000000e9 00000000*      1159 	.word	.LDW71
000000ed 00             1160 	.byte	0
000000ee 00             1161 	.byte	0
000000ef 00             1162 	.byte	0
                        1163 .LDW_unq_a:
                        1164 	.section	.debug_line
000003b1 000502         1165 	.byte	0,5,2
000003b4 00000000*      1166 	.word	_bGetBitBetriebszustandBZ
000003b8 03             1167 	.byte	3
000003b9 2b             1168 	.byte	43
000003ba 02             1169 	.byte	2
000003bb 00             1170 	.byte	0
000003bc 01             1171 	.byte	1
000003bd 06             1172 	.byte	6
000003be 13             1173 	.byte	19
000003bf 06             1174 	.byte	6
000003c0 000502         1175 	.byte	0,5,2
000003c3 00000000*      1176 	.word	.LDWlin10
000003c7 02             1177 	.byte	2
000003c8 00             1178 	.byte	0
000003c9 02             1179 	.byte	2
000003ca 02             1180 	.byte	2
000003cb 000101         1181 	.byte	0,1,1
                        1182 	.section	.debug_info
                        1183 .LDW_498dc80:
000002d6 0f             1184 	.byte	15
000002d7 757368426974   1185 	.strz	"ushBitMask"
000002dd 4d61736b00 
000002e2 2c             1186 	.byte	44
000002e3 0b             1187 	.byte	11
000002e4 01             1188 	.byte	1
000002e5 00000000*      1189 	.word	.LDW_498edd8
000002e9 00             1190 	.byte	0
000002ea 0156           1191 	.byte	1,86
                        1192 
                        1193 .LDW_4941308:
000002ec 1d             1194 	.byte	29
000002ed 00000000*      1195 	.word	.LDW61
000002f1 00000000*      1196 	.word	.LDW71
                        1197 
000002f5 00             1198 	.byte	0
                        1199 
000002f6 00             1200 	.byte	0
                        1201 
                        1202 .LDW_498dcd8:
000002f7 14             1203 	.byte	20
000002f8 757368476574   1204 	.strz	"ushGetBetriebszustandBZ"
000002fe 426574726965 
00000304 62737a757374 
0000030a 616e64425a00 
00000310 30             1205 	.byte	48
00000311 08             1206 	.byte	8
00000312 01             1207 	.byte	1
00000313 00000000*      1208 	.word	.LDW_498edd8
00000317 00000000*      1209 	.word	_ushGetBetriebszustandBZ
0000031b 00000000*      1210 	.word	___ghs_eofn_ushGetBetriebszustandBZ

                                                                      Page 24
                                                              C:\Users\nhuliyap\AppData\Local\Temp\gh_0000blc1.s
0000031f 0153           1211 	.byte	1,83
00000321 02             1212 	.byte	2
00000322 00             1213 	.byte	0
00000323 02             1214 	.byte	2
00000324 00             1215 	.byte	0
00000325 00             1216 	.byte	0
00000326 00             1217 	.byte	0
00000327 00             1218 	.byte	0
00000328 01             1219 	.byte	1
00000329 01             1220 	.byte	1
0000032a 00             1221 	.byte	0
0000032b 01             1222 	.byte	1
                        1223 
                        1224 	.section	.debug_frame
                        1225 .LDW_4d3fa40:
000000f0 00000000*      1226 	.word	.LDW_unq_c-.LDW_unq_b
                        1227 .LDW_unq_b:
000000f4 00000000*      1228 	.word	.LDW_4d3bd60
000000f8 00000000*      1229 	.word	_ushGetBetriebszustandBZ
000000fc 00000000*      1230 	.word	___ghs_eofn_ushGetBetriebszustandBZ-_ushGetBetriebszustandBZ
00000100 01             1231 	.byte	1
00000101 00000000*      1232 	.word	.LDW91
00000105 00             1233 	.byte	0
00000106 00             1234 	.byte	0
00000107 00             1235 	.byte	0
                        1236 .LDW_unq_c:
                        1237 	.section	.debug_line
000003ce 000502         1238 	.byte	0,5,2
000003d1 00000000*      1239 	.word	_ushGetBetriebszustandBZ
000003d5 03             1240 	.byte	3
000003d6 30             1241 	.byte	48
000003d7 02             1242 	.byte	2
000003d8 00             1243 	.byte	0
000003d9 01             1244 	.byte	1
000003da 06             1245 	.byte	6
000003db 1b             1246 	.byte	27
000003dc 06             1247 	.byte	6
000003dd 000502         1248 	.byte	0,5,2
000003e0 00000000*      1249 	.word	.LDWlin11
000003e4 02             1250 	.byte	2
000003e5 00             1251 	.byte	0
000003e6 02             1252 	.byte	2
000003e7 02             1253 	.byte	2
000003e8 000101         1254 	.byte	0,1,1
                        1255 	.section	.debug_info
                        1256 .LDW_498dd70:
0000032c 0f             1257 	.byte	15
0000032d 757368426974   1258 	.strz	"ushBitMask"
00000333 4d61736b00 
00000338 31             1259 	.byte	49
00000339 0b             1260 	.byte	11
0000033a 01             1261 	.byte	1
0000033b 00000000*      1262 	.word	.LDW_498edd8
0000033f 00             1263 	.byte	0
00000340 0156           1264 	.byte	1,86
                        1265 
                        1266 .LDW_4941938:
00000342 1d             1267 	.byte	29
00000343 00000000*      1268 	.word	.LDW81
00000347 00000000*      1269 	.word	.LDW91
                        1270 

                                                                      Page 25
                                                              C:\Users\nhuliyap\AppData\Local\Temp\gh_0000blc1.s
0000034b 00             1271 	.byte	0
                        1272 
0000034c 00             1273 	.byte	0
                        1274 
                        1275 .LDW_498ddc8:
0000034d 13             1276 	.byte	19
0000034e 457656656869   1277 	.strz	"EvVehicleSpeedChangedBZ"
00000354 636c65537065 
0000035a 65644368616e 
00000360 676564425a00 
00000366 35             1278 	.byte	53
00000367 06             1279 	.byte	6
00000368 01             1280 	.byte	1
00000369 00000000*      1281 	.word	_EvVehicleSpeedChangedBZ
0000036d 00000000*      1282 	.word	___ghs_eofn_EvVehicleSpeedChangedBZ
00000371 0153           1283 	.byte	1,83
00000373 828080800a     1284 	.byte	130,128,128,128,10
00000378 08             1285 	.byte	8
00000379 03             1286 	.byte	3
0000037a 08             1287 	.byte	8
0000037b 00             1288 	.byte	0
0000037c 00             1289 	.byte	0
0000037d 00             1290 	.byte	0
0000037e 01             1291 	.byte	1
0000037f 01             1292 	.byte	1
00000380 00             1293 	.byte	0
00000381 01             1294 	.byte	1
                        1295 
                        1296 	.section	.debug_frame
                        1297 .LDW_4d3f880:
00000108 00000000*      1298 	.word	.LDW_unq_e-.LDW_unq_d
                        1299 .LDW_unq_d:
0000010c 00000000*      1300 	.word	.LDW_4d3bd60
00000110 00000000*      1301 	.word	_EvVehicleSpeedChangedBZ
00000114 00000000*      1302 	.word	___ghs_eofn_EvVehicleSpeedChangedBZ-_EvVehicleSpeedChangedBZ
00000118 44             1303 	.byte	68
00000119 9f             1304 	.byte	159
0000011a 00             1305 	.byte	0
0000011b 40             1306 	.byte	64
0000011c 9d             1307 	.byte	157
0000011d 04             1308 	.byte	4
0000011e 01             1309 	.byte	1
0000011f 00000000*      1310 	.word	.LDW12
00000123 00             1311 	.byte	0
                        1312 .LDW_unq_e:
                        1313 	.section	.debug_line
000003eb 000502         1314 	.byte	0,5,2
000003ee 00000000*      1315 	.word	_EvVehicleSpeedChangedBZ
000003f2 03             1316 	.byte	3
000003f3 35             1317 	.byte	53
000003f4 02             1318 	.byte	2
000003f5 00             1319 	.byte	0
000003f6 01             1320 	.byte	1
000003f7 06             1321 	.byte	6
000003f8 2b             1322 	.byte	43
000003f9 000502         1323 	.byte	0,5,2
000003fc 00000000*      1324 	.word	.LDWlin12
00000400 02             1325 	.byte	2
00000401 00             1326 	.byte	0
00000402 0b             1327 	.byte	11
00000403 000502         1328 	.byte	0,5,2

                                                                      Page 26
                                                              C:\Users\nhuliyap\AppData\Local\Temp\gh_0000blc1.s
00000406 00000000*      1329 	.word	.LDWlin13
0000040a 0b             1330 	.byte	11
0000040b 0b             1331 	.byte	11
0000040c 0b             1332 	.byte	11
0000040d 02             1333 	.byte	2
0000040e 00             1334 	.byte	0
0000040f 0b             1335 	.byte	11
00000410 02             1336 	.byte	2
00000411 04             1337 	.byte	4
00000412 000101         1338 	.byte	0,1,1
                        1339 	.section	.debug_info
                        1340 .LDW_498de60:
00000382 0f             1341 	.byte	15
00000383 7573684e6577   1342 	.strz	"ushNewVehicleSpeed"
00000389 56656869636c 
0000038f 655370656564 
00000395 00 
00000396 36             1343 	.byte	54
00000397 0b             1344 	.byte	11
00000398 01             1345 	.byte	1
00000399 00000000*      1346 	.word	.LDW_498edd8
0000039d 00             1347 	.byte	0
0000039e 016d           1348 	.byte	1,109
                        1349 
                        1350 .LDW_49419c8:
000003a0 1d             1351 	.byte	29
000003a1 00000000*      1352 	.word	.LDW02
000003a5 00000000*      1353 	.word	.LDW12
                        1354 
000003a9 00             1355 	.byte	0
                        1356 
000003aa 00             1357 	.byte	0
                        1358 
                        1359 .LDW_498deb8:
000003ab 14             1360 	.byte	20
000003ac 44434d5f496e   1361 	.strz	"DCM_InvIf_TPMSStateGetStatus"
000003b2 7649665f5450 
000003b8 4d5353746174 
000003be 654765745374 
000003c4 6174757300 
000003c9 3e             1362 	.byte	62
000003ca 08             1363 	.byte	8
000003cb 01             1364 	.byte	1
000003cc 00000000*      1365 	.word	.LDW_498edd8
000003d0 00000000*      1366 	.word	_DCM_InvIf_TPMSStateGetStatus
000003d4 00000000*      1367 	.word	___ghs_eofn_DCM_InvIf_TPMSStateGetStatus
000003d8 0153           1368 	.byte	1,83
000003da 02             1369 	.byte	2
000003db 00             1370 	.byte	0
000003dc 02             1371 	.byte	2
000003dd 00             1372 	.byte	0
000003de 00             1373 	.byte	0
000003df 00             1374 	.byte	0
000003e0 00             1375 	.byte	0
000003e1 01             1376 	.byte	1
000003e2 01             1377 	.byte	1
000003e3 00             1378 	.byte	0
000003e4 01             1379 	.byte	1
                        1380 
                        1381 	.section	.debug_frame
                        1382 .LDW_4d3f380:

                                                                      Page 27
                                                              C:\Users\nhuliyap\AppData\Local\Temp\gh_0000blc1.s
00000124 00000000*      1383 	.word	.LDW_unq_10-.LDW_unq_f
                        1384 .LDW_unq_f:
00000128 00000000*      1385 	.word	.LDW_4d3bd60
0000012c 00000000*      1386 	.word	_DCM_InvIf_TPMSStateGetStatus
00000130 00000000*      1387 	.word	___ghs_eofn_DCM_InvIf_TPMSStateGetStatus-_DCM_InvIf_TPMSStateGetStatus
00000134 01             1388 	.byte	1
00000135 00000000*      1389 	.word	.LDW32
00000139 00             1390 	.byte	0
0000013a 00             1391 	.byte	0
0000013b 00             1392 	.byte	0
                        1393 .LDW_unq_10:
                        1394 	.section	.debug_line
00000415 000502         1395 	.byte	0,5,2
00000418 00000000*      1396 	.word	_DCM_InvIf_TPMSStateGetStatus
0000041c 06             1397 	.byte	6
0000041d 03             1398 	.byte	3
0000041e 3e             1399 	.byte	62
0000041f 02             1400 	.byte	2
00000420 00             1401 	.byte	0
00000421 01             1402 	.byte	1
00000422 02             1403 	.byte	2
00000423 08             1404 	.byte	8
00000424 000101         1405 	.byte	0,1,1
                        1406 	.section	.debug_info
                        1407 .LDW_49419f8:
000003e5 1d             1408 	.byte	29
000003e6 00000000*      1409 	.word	.LDW22
000003ea 00000000*      1410 	.word	.LDW32
                        1411 
000003ee 00             1412 	.byte	0
                        1413 
000003ef 00             1414 	.byte	0
                        1415 
000003f0 00             1416 	.byte	0
                        1417 
                        1418 	.section	.debug_line
                        1419 .Ldw_line_end:
                        1420 	.section	.debug_macinfo
00000000 01             1421 	.byte	1
00000001 00             1422 	.byte	0
00000002 5f5f6768735f   1423 	.strz	"__ghs__ 1"
00000008 5f203100 
0000000c 01             1424 	.byte	1
0000000d 00             1425 	.byte	0
0000000e 5f5f4c4c4f4e   1426 	.strz	"__LLONG_BIT 64"
00000014 475f42495420 
0000001a 363400 
0000001d 03             1427 	.byte	3
0000001e 00             1428 	.byte	0
0000001f 01             1429 	.byte	1
00000020 03             1430 	.byte	3
00000021 01             1431 	.byte	1
00000022 02             1432 	.byte	2
00000023 03             1433 	.byte	3
00000024 1c             1434 	.byte	28
00000025 03             1435 	.byte	3
00000026 01             1436 	.byte	1
00000027 3c             1437 	.byte	60
00000028 545255452031   1438 	.strz	"TRUE 1u"
0000002e 7500 
00000030 01             1439 	.byte	1

                                                                      Page 28
                                                              C:\Users\nhuliyap\AppData\Local\Temp\gh_0000blc1.s
00000031 40             1440 	.byte	64
00000032 46414c534520   1441 	.strz	"FALSE 0u"
00000038 307500 
0000003b 04             1442 	.byte	4
0000003c 03             1443 	.byte	3
0000003d 1d             1444 	.byte	29
0000003e 04             1445 	.byte	4
0000003f 03             1446 	.byte	3
00000040 1b             1447 	.byte	27
00000041 05             1448 	.byte	5
00000042 03             1449 	.byte	3
00000043 54             1450 	.byte	84
00000044 06             1451 	.byte	6
00000045 04             1452 	.byte	4
00000046 04             1453 	.byte	4
00000047 04             1454 	.byte	4
00000048 04             1455 	.byte	4
00000049 03             1456 	.byte	3
0000004a 03             1457 	.byte	3
0000004b 07             1458 	.byte	7
0000004c 03             1459 	.byte	3
0000004d 04             1460 	.byte	4
0000004e 08             1461 	.byte	8
0000004f 03             1462 	.byte	3
00000050 04             1463 	.byte	4
00000051 09             1464 	.byte	9
00000052 04             1465 	.byte	4
00000053 01             1466 	.byte	1
00000054 0e             1467 	.byte	14
00000055 50524f445543   1468 	.strz	"PRODUCTION_SW 0x0"
0000005b 54494f4e5f53 
00000061 572030783000 
00000067 01             1469 	.byte	1
00000068 0f             1470 	.byte	15
00000069 444556454c4f   1471 	.strz	"DEVELOPMENT_SW 0x1"
0000006f 504d454e545f 
00000075 535720307831 
0000007b 00 
0000007c 01             1472 	.byte	1
0000007d 10             1473 	.byte	16
0000007e 53575f434154   1474 	.strz	"SW_CATEGORY PRODUCTION_SW"
00000084 45474f525920 
0000008a 50524f445543 
00000090 54494f4e5f53 
00000096 5700 
00000098 04             1475 	.byte	4
00000099 03             1476 	.byte	3
0000009a 05             1477 	.byte	5
0000009b 0a             1478 	.byte	10
0000009c 01             1479 	.byte	1
0000009d 04             1480 	.byte	4
0000009e 46494c544552   1481 	.strz	"FILTER_SYMC_CAN_MSGS "
000000a4 5f53594d435f 
000000aa 43414e5f4d53 
000000b0 47532000 
000000b4 04             1482 	.byte	4
000000b5 04             1483 	.byte	4
000000b6 03             1484 	.byte	3
000000b7 04             1485 	.byte	4
000000b8 0b             1486 	.byte	11
000000b9 01             1487 	.byte	1

                                                                      Page 29
                                                              C:\Users\nhuliyap\AppData\Local\Temp\gh_0000blc1.s
000000ba 06             1488 	.byte	6
000000bb 4d41585f5349   1489 	.strz	"MAX_SIZE_WS_TELEGRAM 16U"
000000c1 5a455f57535f 
000000c7 54454c454752 
000000cd 414d20313655 
000000d3 00 
000000d4 01             1490 	.byte	1
000000d5 0e             1491 	.byte	14
000000d6 4e564d5f424c   1492 	.strz	"NVM_BLOCK_TYPE uint32"
000000dc 4f434b5f5459 
000000e2 50452075696e 
000000e8 74333200 
000000ec 04             1493 	.byte	4
000000ed 03             1494 	.byte	3
000000ee 05             1495 	.byte	5
000000ef 0c             1496 	.byte	12
000000f0 03             1497 	.byte	3
000000f1 06             1498 	.byte	6
000000f2 0d             1499 	.byte	13
000000f3 04             1500 	.byte	4
000000f4 01             1501 	.byte	1
000000f5 18             1502 	.byte	24
000000f6 53454e534f52   1503 	.strz	"SENSOR_AUFLOESUNG_25MBAR "
000000fc 5f4155464c4f 
00000102 4553554e475f 
00000108 32354d424152 
0000010e 2000 
00000110 04             1504 	.byte	4
00000111 03             1505 	.byte	3
00000112 06             1506 	.byte	6
00000113 0e             1507 	.byte	14
00000114 03             1508 	.byte	3
00000115 03             1509 	.byte	3
00000116 0f             1510 	.byte	15
00000117 01             1511 	.byte	1
00000118 2f             1512 	.byte	47
00000119 634869537461   1513 	.strz	"cHiStateZG (unsigned char) 2"
0000011f 74655a472028 
00000125 756e7369676e 
0000012b 656420636861 
00000131 7229203200 
00000136 01             1514 	.byte	1
00000137 30             1515 	.byte	48
00000138 634869537461   1516 	.strz	"cHiStateER (unsigned char) 1"
0000013e 746545522028 
00000144 756e7369676e 
0000014a 656420636861 
00000150 7229203100 
00000155 01             1517 	.byte	1
00000156 7b             1518 	.byte	123
00000157 4650412000     1519 	.strz	"FPA "
0000015c 01             1520 	.byte	1
0000015d 7c             1521 	.byte	124
0000015e 4142535f5465   1522 	.strz	"ABS_Test_LOG_ENABLE "
00000164 73745f4c4f47 
0000016a 5f454e41424c 
00000170 452000 
00000173 04             1523 	.byte	4
00000174 04             1524 	.byte	4
00000175 03             1525 	.byte	3
00000176 07             1526 	.byte	7

                                                                      Page 30
                                                              C:\Users\nhuliyap\AppData\Local\Temp\gh_0000blc1.s
00000177 10             1527 	.byte	16
00000178 04             1528 	.byte	4
00000179 03             1529 	.byte	3
0000017a 09             1530 	.byte	9
0000017b 11             1531 	.byte	17
0000017c 01             1532 	.byte	1
0000017d 04             1533 	.byte	4
0000017e 6345525f4649   1534 	.strz	"cER_FINISH ((uint16) 0x0001)"
00000184 4e4953482028 
0000018a 2875696e7431 
00000190 362920307830 
00000196 3030312900 
0000019b 01             1535 	.byte	1
0000019c 05             1536 	.byte	5
0000019d 63544f5f4d55   1537 	.strz	"cTO_MUCH_RE ((uint16) 0x0002)"
000001a3 43485f524520 
000001a9 282875696e74 
000001af 313629203078 
000001b5 303030322900 
000001bb 01             1538 	.byte	1
000001bc 06             1539 	.byte	6
000001bd 6345525f4c45   1540 	.strz	"cER_LEARNING ((uint16) 0x0004)"
000001c3 41524e494e47 
000001c9 20282875696e 
000001cf 743136292030 
000001d5 783030303429 
000001db 00 
000001dc 01             1541 	.byte	1
000001dd 07             1542 	.byte	7
000001de 63454947454e   1543 	.strz	"cEIGENRAD ((uint16) 0x0008)"
000001e4 524144202828 
000001ea 75696e743136 
000001f0 292030783030 
000001f6 30382900 
000001fa 01             1544 	.byte	1
000001fb 08             1545 	.byte	8
000001fc 635a5547454f   1546 	.strz	"cZUGEORDNET ((uint16) 0x0010)"
00000202 52444e455420 
00000208 282875696e74 
0000020e 313629203078 
00000214 303031302900 
0000021a 01             1547 	.byte	1
0000021b 09             1548 	.byte	9
0000021c 6357415f4649   1549 	.strz	"cWA_FINISH ((uint16) 0x0020)"
00000222 4e4953482028 
00000228 2875696e7431 
0000022e 362920307830 
00000234 3032302900 
00000239 01             1550 	.byte	1
0000023a 0a             1551 	.byte	10
0000023b 63484953545f   1552 	.strz	"cHIST_PRELOAD ((uint16) 0x0040)"
00000241 5052454c4f41 
00000247 442028287569 
0000024d 6e7431362920 
00000253 307830303430 
00000259 2900 
0000025b 01             1553 	.byte	1
0000025c 0b             1554 	.byte	11
0000025d 635a4f5f4649   1555 	.strz	"cZO_FINISH ((uint16) 0x0080)"
00000263 4e4953482028 
00000269 2875696e7431 

                                                                      Page 31
                                                              C:\Users\nhuliyap\AppData\Local\Temp\gh_0000blc1.s
0000026f 362920307830 
00000275 3038302900 
0000027a 01             1556 	.byte	1
0000027b 0c             1557 	.byte	12
0000027c 6357415f5354   1558 	.strz	"cWA_STARTED ((uint16) 0x0100)"
00000282 415254454420 
00000288 282875696e74 
0000028e 313629203078 
00000294 303130302900 
0000029a 01             1559 	.byte	1
0000029b 0f             1560 	.byte	15
0000029c 635445494c45   1561 	.strz	"cTEILEIGENRAD ((uint16) 0x0800)"
000002a2 4947454e5241 
000002a8 442028287569 
000002ae 6e7431362920 
000002b4 307830383030 
000002ba 2900 
000002bc 01             1562 	.byte	1
000002bd 10             1563 	.byte	16
000002be 635a4f5f5449   1564 	.strz	"cZO_TIMEOUT ((uint16) 0x1000)"
000002c4 4d454f555420 
000002ca 282875696e74 
000002d0 313629203078 
000002d6 313030302900 
000002dc 01             1565 	.byte	1
000002dd 11             1566 	.byte	17
000002de 63414c4c5f45   1567 	.strz	"cALL_ER_PRESSURE_RX ((uint16) 0x2000)"
000002e4 525f50524553 
000002ea 535552455f52 
000002f0 582028287569 
000002f6 6e7431362920 
000002fc 307832303030 
00000302 2900 
00000304 01             1568 	.byte	1
00000305 12             1569 	.byte	18
00000306 6353454e445f   1570 	.strz	"cSEND_RE_DATA_ON_CAN ((uint16) 0x4000)"
0000030c 52455f444154 
00000312 415f4f4e5f43 
00000318 414e20282875 
0000031e 696e74313629 
00000324 203078343030 
0000032a 302900 
0000032d 04             1571 	.byte	4
0000032e 03             1572 	.byte	3
0000032f 0a             1573 	.byte	10
00000330 12             1574 	.byte	18
00000331 04             1575 	.byte	4
00000332 04             1576 	.byte	4
00000333 00             1577 	.byte	0
                        1578 	.section	.debug_abbrev
000000f4 00             1579 	.byte	0
                        1580 	.section	.debug_info
                        1581 .Ldw_end:
                        1582 .rh850_flags REGMODE32,DATA_ALIGN8,GP_FIX,EP_NONFIX,TP_FIX,REG2_RESERVE,G3K,GHS_MISALIGN,SDA_EXTRA_REGS_0
