                                                                      Page 1
                                                              C:\Users\nhuliyap\AppData\Local\Temp\gh_0000b0c1.s
Command Line: C:\ghs\comp_201517\ease850.exe -w -elf -b0 -I../source/common -I../source/ProjectCompiler -I../source/ProjectCfg -I../source/SwcApplTpms -I../source/SwcApplEcuM -I../source/SwcServiceBswM -I../source/SwcServiceEcuM -I../source/SwcServiceNvM -I../source/SwcServiceOs -I../source/SwcServiceStartUp -I../source/McalAdc -I../source/McalDio -I../source/McalGpt -I../source/McalMcu -I../source/McalWdg -I../source/wrappers -I../source/wrappers/McalAta -I../source/McalLin -I../source/McalCan -I../source/wrappers/OS -I../source/McalFls -I../source/EcuabFee -I../source/EcuabMemIf -I../source/wrappers/VStdLib -I../source/wrappers/Crc -I../source/wrappers/FBL_APPL -I../source/wrappers/NVM_MANAGER -I../source/wrappers/DEM_MANAGER -I../source/wrappers/RDC_MANAGER -I../source/wrappers/ENV_MANAGER -I../source/wrappers/SYS_MANAGER -I../source/wrappers/EcuabCanIf -I../source/EcuabCanTrcv -I../source/wrappers/SwcServiceCanSM -I../source/wrappers/SwcServiceCanTp -I../source/wrappers/SwcServiceCanTp_PreCompile -I../source/wrappers/SwcServiceCom -I../source/wrappers/SwcServiceComM -I../source/wrappers/SwcServiceDcm -I../source/wrappers/SwcServicePduR -I../source/wrappers/SwcServiceEcuM -I../source/wrappers/Bfx -I../source/wrappers/SwcServiceDem -I../source/SwcServiceCom -I../source/SwcServiceDet -I../source/SwcServiceFiM -I../source/SwcServicePduR -I../source/SwcServiceSchM -I../source/wrappers/LibAutosarDiag -I../source/wrappers/rba_BswSrv -IC:\ghs\comp_201517\lib\rh850 -cg_underscore -cpu=rh850g3k -no_v850_simd -rh850_fpsimd=none -nomacro -patch_dbo=C:\_ECU2\ECU_Rivian_A1\Target\repo_projects\pRealEcu\cR_R2023.09.15\make\output\objects\SwcApplTpms_Version.dbo -source=SwcApplTpms_Version.c -o output\objects\gh_0000b0c1.o -list=output\list\SwcApplTpms_Version.lst C:\Users\nhuliyap\AppData\Local\Temp\gh_0000b0c1.s 
Original File: C:\Users\nhuliyap\AppData\Local\Temp\gh_0000b0c1.s
Source File: SwcApplTpms_Version.c
Directory: C:\_ECU2\ECU_Rivian_A1\Target\repo_projects\pRealEcu\cR_R2023.09.15\make
Host OS: Windows
EASE: Copyright (C) 1983-2015 Green Hills Software.  All Rights Reserved.
Release: Compiler v2015.1.7
Build Directory: [Directory] BTOWORKER6:c:/build_2015_1_bto/2015-10-21.2100-2015_1_bto/win32-comp-ecom
Revision: [VCInfo] http://toolsvc/branches/release-branch-70-bto/src@544153 (built by build)
Revision Date: Thu Oct 22 07:50:13 2015

Release Date: Thu Oct 22 09:32:32 2015

                           1 --Driver Command: ccv850 ../source/ProjectCfg/SwcApplTpms_Version.c -cpu=rh850
                           2 --		-fhard -ignore_callt_state_in_interrupts -large_sda
                           3 --		-misalign_pack -nofarcalls -nofloatio -no_callt -Ogeneral
                           4 --		-Onounroll -prepare_dispose -registermode=32 -reserve_r2 -sda=0
                           5 --		-shorten_loads -Wshadow --brief_diagnostics --no_commons
                           6 --		--no_wrap_diagnostics --prototype_errors --short_enum -list -G
                           7 --		-dual_debug -dwarf -X5523 -lnk=-no_xda_modifications -D
                           8 --		NOT_READY_FOR_TESTING_OR_DEPLOYMENT -D IBTCM_SW_ANPASSUNGEN -D
                           9 --		BUILD_RIVIAN -c -inline_prologue -I../source/common
                          10 --		-I../source/ProjectCompiler -I../source/ProjectCfg
                          11 --		-I../source/SwcApplTpms -I../source/SwcApplEcuM
                          12 --		-I../source/SwcServiceBswM -I../source/SwcServiceEcuM
                          13 --		-I../source/SwcServiceNvM -I../source/SwcServiceOs
                          14 --		-I../source/SwcServiceStartUp -I../source/McalAdc
                          15 --		-I../source/McalDio -I../source/McalGpt -I../source/McalMcu
                          16 --		-I../source/McalWdg -I../source/wrappers
                          17 --		-I../source/wrappers/McalAta -I../source/McalLin
                          18 --		-I../source/McalCan -I../source/wrappers/OS -I../source/McalFls
                          19 --		-I../source/EcuabFee -I../source/EcuabMemIf
                          20 --		-I../source/wrappers/VStdLib -I../source/wrappers
                          21 --		-I../source/wrappers/Crc -I../source/wrappers/FBL_APPL
                          22 --		-I../source/wrappers/NVM_MANAGER -I../source/wrappers/DEM_MANAGER
                          23 --		-I../source/wrappers/RDC_MANAGER -I../source/wrappers/ENV_MANAGER
                          24 --		-I../source/wrappers/SYS_MANAGER -I../source/wrappers/EcuabCanIf
                          25 --		-I../source/EcuabCanTrcv -I../source/wrappers/SwcServiceCanSM
                          26 --		-I../source/wrappers/SwcServiceCanTp
                          27 --		-I../source/wrappers/SwcServiceCanTp_PreCompile
                          28 --		-I../source/wrappers/SwcServiceCom
                          29 --		-I../source/wrappers/SwcServiceComM
                          30 --		-I../source/wrappers/SwcServiceDcm
                          31 --		-I../source/wrappers/SwcServicePduR
                          32 --		-I../source/wrappers/SwcServiceEcuM -I../source/wrappers/Bfx
                          33 --		-I../source/wrappers/SwcServiceDem -I../source/SwcServiceCom
                          34 --		-I../source/SwcServiceDet -I../source/SwcServiceFiM
                          35 --		-I../source/SwcServicePduR -I../source/SwcServiceSchM
                          36 --		-I../source/wrappers/LibAutosarDiag
                          37 --		-I../source/wrappers/rba_BswSrv -object_dir=output/objects
                          38 --		-list_dir=output/list
                          39 --Source File:   ../source/ProjectCfg/SwcApplTpms_Version.c
                          40 --Directory:     
                          41 --		C:\_ECU2\ECU_Rivian_A1\Target\repo_projects\pRealEcu\cR_R2023.09.15\make
                          42 --Compile Date:  Fri Sep 15 15:30:49 2023
                          43 --Host OS:       Win32
                          44 --Version:       C-RH850 2015.1.7 RELEASE VERSION
                          45 --Release:       Compiler v2015.1.7
                          46 --Revision Date: Thu Oct 22 08:06:12 2015
                          47 --Release Date:  Thu Oct 22 09:34:32 2015
                          48 -- ecom  -g -w -OM
                          49 	.text
                          50 ..bof.C.3A.5C_ECU2.5CECU_Rivian_A1.5CTarget.5Crepo_projects.5CpRealEcu.5CcR_R2023.2E09.2E15.5Cmake.5Coutput.5Cobjects.5CSwcApplTpms_Version...43.3A.5C_ECU2.5CECU_Rivian_A1.5CTarget.5Crepo_projects.5CpRealEcu.5CcR_R2023.2E09.2E15.5Cmake..65045C89..0::

                                                                      Page 2
                                                              C:\Users\nhuliyap\AppData\Local\Temp\gh_0000b0c1.s
                          51 	.align	2
                          52 ..gh.f.f.1.e.0:
                          53 	.type	..gh.f.f.1.e.0,@object
                          54 	.size	..gh.f.f.1.e.0,0
                          55 	.global	_HufIf_GetVersion
                          56 _HufIf_GetVersion:
                          57 --	    .bf
                          58 .LDW01:
00000000 3e0600000000*    59 	mov	_g_sHufVersion,ep
00000006 1e9e4400         60 	addi	68,ep,r19
                          61 .L34:
0000000a 0095             62 	sld.w	0[ep],r18
0000000c 44f2             63 	add	4,ep
0000000e 66970100         64 	st.w	r18,0[r6]
00000012 4432             65 	add	4,r6
00000014 fe99             66 	cmp	ep,r19
00000016 aafd*            67 	bne	.L34
                          68 --	    .ef
                          69 .LDW11:
                          70 --line36
                          71 ..lin.C.3A.5C_ECU2.5CECU_Rivian_A1.5CTarget.5Crepo_projects.5CpRealEcu.5CcR_R2023.2E09.2E15.5Cmake.5Coutput.5Cobjects.5CSwcApplTpms_Version.1::
                          72 .LDWlin1:
00000018 7f00             73 	jmp	[lp]
                          74 	.global	___ghs_eofn_HufIf_GetVersion
                          75 ___ghs_eofn_HufIf_GetVersion:
                          76 	.type	_HufIf_GetVersion,@function
                          77 	.size	_HufIf_GetVersion,.-_HufIf_GetVersion
                          78 	.align	2
                          79 
                          80 --_sVersion	r6	param
                          81 
                          82 	.section ".bss","awb"
                          83 .L33:
                          84 	.type	.L33,@object
                          85 	.size	.L33,0
                          86 	.data
                          87 	.text
                          88 	.align	2
                          89 
                          90 	.section ".rodata","a"
                          91 	.align	4
                          92 	.global	_g_sBCMVersion
                          93 _g_sBCMVersion:--	"Vx.x"
00000000 56782e78         94 	.byte	86,120,46,120
00000004 00               95 	.byte	0
                          96 --	"10-Jan-2018"
00000005 31302d4a         97 	.byte	49,48,45,74
00000009 616e2d32         98 	.byte	97,110,45,50
0000000d 30313800         99 	.byte	48,49,56,0
00000011 000000          100 	.space	3
                         101 	.type	_g_sBCMVersion,@object
                         102 	.size	_g_sBCMVersion,20
                         103 	.global	_g_sHufVersion
                         104 _g_sHufVersion:--	"RIVIAN01"
00000014 52495649        105 	.byte	82,73,86,73
00000018 414e3031        106 	.byte	65,78,48,49
0000001c 00              107 	.byte	0
                         108 --	"000003"
0000001d 30303030        109 	.byte	48,48,48,48
00000021 3033            110 	.byte	48,51
00000023 00              111 	.byte	0

                                                                      Page 3
                                                              C:\Users\nhuliyap\AppData\Local\Temp\gh_0000b0c1.s
                         112 --	"21"
00000024 3231            113 	.byte	50,49
00000026 00              114 	.byte	0
00000027 000000000000    115 	.space	17
0000002d 000000000000 
00000033 0000000000 
                         116 --	"GHS"
00000038 47485300        117 	.byte	71,72,83,0
0000003c 0000            118 	.space	2
                         119 --	"201517"
0000003e 32303135        120 	.byte	50,48,49,53
00000042 3137            121 	.byte	49,55
                         122 --	"07.04.2022-08:14:11"
00000044 30372e30        123 	.byte	48,55,46,48
00000048 342e3230        124 	.byte	52,46,50,48
0000004c 32322d30        125 	.byte	50,50,45,48
00000050 383a3134        126 	.byte	56,58,49,52
00000054 3a313100        127 	.byte	58,49,49,0
                         128 	.type	_g_sHufVersion,@object
                         129 	.size	_g_sHufVersion,68
                         130 	.data
                         131 	.ghsnote version,17
                         132 	.ghsnote tools,3
                         133 	.ghsnote options,144
                         134 	.text
                         135 	.align	2
                         136 ..eof.C.3A.5C_ECU2.5CECU_Rivian_A1.5CTarget.5Crepo_projects.5CpRealEcu.5CcR_R2023.2E09.2E15.5Cmake.5Coutput.5Cobjects.5CSwcApplTpms_Version...43.3A.5C_ECU2.5CECU_Rivian_A1.5CTarget.5Crepo_projects.5CpRealEcu.5CcR_R2023.2E09.2E15.5Cmake..65045C89..0::
                         137 	.section	.debug_info
                         138 .Ldw_begin:
00000000 fb020000        139 	.word	.Ldw_end-.Ldw_begin-4
00000004 0200            140 	.byte	2,0
00000006 00000000*       141 	.word	.Ldw_abbr_begin
0000000a 04              142 	.byte	4
                         143 	.section	.debug_abbrev
                         144 .Ldw_abbr_begin:
                         145 	.section	.debug_info
0000000b 01              146 	.byte	1
0000000c 00000000*       147 	.word	..bof.C.3A.5C_ECU2.5CECU_Rivian_A1.5CTarget.5Crepo_projects.5CpRealEcu.5CcR_R2023.2E09.2E15.5Cmake.5Coutput.5Cobjects.5CSwcApplTpms_Version...43.3A.5C_ECU2.5CECU_Rivian_A1.5CTarget.5Crepo_projects.5CpRealEcu.5CcR_R2023.2E09.2E15.5Cmake..65045C89..0
00000010 00000000*       148 	.word	..eof.C.3A.5C_ECU2.5CECU_Rivian_A1.5CTarget.5Crepo_projects.5CpRealEcu.5CcR_R2023.2E09.2E15.5Cmake.5Coutput.5Cobjects.5CSwcApplTpms_Version...43.3A.5C_ECU2.5CECU_Rivian_A1.5CTarget.5Crepo_projects.5CpRealEcu.5CcR_R2023.2E09.2E15.5Cmake..65045C89..0
00000014 2e2e2f736f75    149 	.strz	"../source/ProjectCfg/SwcApplTpms_Version.c"
0000001a 7263652f5072 
00000020 6f6a65637443 
00000026 66672f537763 
0000002c 4170706c5470 
00000032 6d735f566572 
00000038 73696f6e2e63 
0000003e 00 
0000003f 433a5c5f4543    150 	.strz	"C:\\_ECU2\\ECU_Rivian_A1\\Target\\repo_projects\\pRealEcu\\cR_R2023.09.15\\make"
00000045 55325c454355 
0000004b 5f5269766961 
00000051 6e5f41315c54 
00000057 61726765745c 
0000005d 7265706f5f70 
00000063 726f6a656374 
00000069 735c70526561 
0000006f 6c4563755c63 
00000075 525f52323032 
0000007b 332e30392e31 
00000081 355c6d616b65 
00000087 00 
00000088 474853204320    151 	.strz	"GHS C 2015.1.7 [dual]"

                                                                      Page 4
                                                              C:\Users\nhuliyap\AppData\Local\Temp\gh_0000b0c1.s
0000008e 323031352e31 
00000094 2e37205b6475 
0000009a 616c5d00 
0000009e 0100            152 	.byte	1,0
000000a0 00000000*       153 	.word	.Ldw_line_begin
000000a4 00000000*       154 	.word	.Ldw_macinfo_begin
000000a8 00              155 	.byte	0
                         156 
                         157 	.section	.debug_abbrev
00000000 01              158 	.byte	1
00000001 11              159 	.byte	17
00000002 01              160 	.byte	1
00000003 1101            161 	.byte	17,1
00000005 1201            162 	.byte	18,1
00000007 0308            163 	.byte	3,8
00000009 1b08            164 	.byte	27,8
0000000b 2508            165 	.byte	37,8
0000000d 1305            166 	.byte	19,5
0000000f 1006            167 	.byte	16,6
00000011 4306            168 	.byte	67,6
00000013 420b            169 	.byte	66,11
00000015 0000            170 	.byte	0,0
                         171 
                         172 	.section	.debug_line
                         173 .Ldw_line_begin:
00000000 0b020000        174 	.word	.Ldw_line_end-.Ldw_line_begin-4
00000004 0200            175 	.byte	2,0
00000006 00000000*       176 	.word	.Ldw_lpro_end-.Ldw_lpro_begin
                         177 .Ldw_lpro_begin:
0000000a 01              178 	.byte	1
0000000b 00              179 	.byte	0
0000000c 00              180 	.byte	0
0000000d 04              181 	.byte	4
0000000e 0a              182 	.byte	10
0000000f 000101          183 	.byte	0,1,1
00000012 010100          184 	.byte	1,1,0
00000015 000001          185 	.byte	0,0,1
00000018 00              186 	.byte	0
00000019 2e2e2f736f75    187 	.strz	"../source/ProjectCfg/SwcApplTpms_Version.c"
0000001f 7263652f5072 
00000025 6f6a65637443 
0000002b 66672f537763 
00000031 4170706c5470 
00000037 6d735f566572 
0000003d 73696f6e2e63 
00000043 00 
00000044 000000          188 	.byte	0,0,0
00000047 2e2e2f736f75    189 	.strz	"../source/common/Std_Types.hpp"
0000004d 7263652f636f 
00000053 6d6d6f6e2f53 
00000059 74645f547970 
0000005f 65732e687070 
00000065 00 
00000066 000000          190 	.byte	0,0,0
00000069 2e2e2f736f75    191 	.strz	"../source/common/Platform_Types.hpp"
0000006f 7263652f636f 
00000075 6d6d6f6e2f50 
0000007b 6c6174666f72 
00000081 6d5f54797065 
00000087 732e68707000 
0000008d 000000          192 	.byte	0,0,0

                                                                      Page 5
                                                              C:\Users\nhuliyap\AppData\Local\Temp\gh_0000b0c1.s
00000090 2e2e2f736f75    193 	.strz	"../source/common/Compiler.hpp"
00000096 7263652f636f 
0000009c 6d6d6f6e2f43 
000000a2 6f6d70696c65 
000000a8 722e68707000 
000000ae 000000          194 	.byte	0,0,0
000000b1 2e2e2f736f75    195 	.strz	"../source/ProjectCompiler/Compiler_Cfg.hpp"
000000b7 7263652f5072 
000000bd 6f6a65637443 
000000c3 6f6d70696c65 
000000c9 722f436f6d70 
000000cf 696c65725f43 
000000d5 66672e687070 
000000db 00 
000000dc 000000          196 	.byte	0,0,0
000000df 2e2e2f736f75    197 	.strz	"../source/ProjectCompiler/CompilerCfg_SwcServiceOs.hpp"
000000e5 7263652f5072 
000000eb 6f6a65637443 
000000f1 6f6d70696c65 
000000f7 722f436f6d70 
000000fd 696c65724366 
00000103 675f53776353 
00000109 657276696365 
0000010f 4f732e687070 
00000115 00 
00000116 000000          198 	.byte	0,0,0
00000119 2e2e2f736f75    199 	.strz	"../source/SwcApplTpms/iTpms_Interface.hpp"
0000011f 7263652f5377 
00000125 634170706c54 
0000012b 706d732f6954 
00000131 706d735f496e 
00000137 746572666163 
0000013d 652e68707000 
00000143 000000          200 	.byte	0,0,0
00000146 2e2e2f736f75    201 	.strz	"../source/SwcApplTpms/Tpms_Rte_Data_Type.hpp"
0000014c 7263652f5377 
00000152 634170706c54 
00000158 706d732f5470 
0000015e 6d735f527465 
00000164 5f446174615f 
0000016a 547970652e68 
00000170 707000 
00000173 000000          202 	.byte	0,0,0
00000176 2e2e2f736f75    203 	.strz	"../source/McalMcu/Types.hpp"
0000017c 7263652f4d63 
00000182 616c4d63752f 
00000188 54797065732e 
0000018e 68707000 
00000192 000000          204 	.byte	0,0,0
00000195 2e2e2f736f75    205 	.strz	"../source/SwcApplTpms/SwcApplTpms_Rte.hpp"
0000019b 7263652f5377 
000001a1 634170706c54 
000001a7 706d732f5377 
000001ad 634170706c54 
000001b3 706d735f5274 
000001b9 652e68707000 
000001bf 000000          206 	.byte	0,0,0
000001c2 2e2e2f736f75    207 	.strz	"../source/SwcApplTpms/SwcApplTpms_Rte_Type.hpp"
000001c8 7263652f5377 
000001ce 634170706c54 
000001d4 706d732f5377 

                                                                      Page 6
                                                              C:\Users\nhuliyap\AppData\Local\Temp\gh_0000b0c1.s
000001da 634170706c54 
000001e0 706d735f5274 
000001e6 655f54797065 
000001ec 2e68707000 
000001f1 000000          208 	.byte	0,0,0
000001f4 00              209 	.byte	0
                         210 .Ldw_lpro_end:
                         211 	.section	.debug_macinfo
                         212 .Ldw_macinfo_begin:
                         213 	.section	.debug_frame
                         214 .LDW_4dda600:
00000000 00000000*       215 	.word	.LDW_unq_2-.LDW_unq_1
                         216 .LDW_unq_1:
00000004 ffffffff        217 	.byte	255,255,255,255
00000008 01              218 	.byte	1
00000009 00              219 	.byte	0
0000000a 01              220 	.byte	1
0000000b 01              221 	.byte	1
0000000c 1f              222 	.byte	31
0000000d 0c              223 	.byte	12
0000000e 03              224 	.byte	3
0000000f 00              225 	.byte	0
00000010 07              226 	.byte	7
00000011 00              227 	.byte	0
00000012 07              228 	.byte	7
00000013 01              229 	.byte	1
00000014 07              230 	.byte	7
00000015 02              231 	.byte	2
00000016 07              232 	.byte	7
00000017 03              233 	.byte	3
00000018 07              234 	.byte	7
00000019 04              235 	.byte	4
0000001a 07              236 	.byte	7
0000001b 05              237 	.byte	5
0000001c 07              238 	.byte	7
0000001d 06              239 	.byte	6
0000001e 07              240 	.byte	7
0000001f 07              241 	.byte	7
00000020 07              242 	.byte	7
00000021 08              243 	.byte	8
00000022 07              244 	.byte	7
00000023 09              245 	.byte	9
00000024 07              246 	.byte	7
00000025 0a              247 	.byte	10
00000026 07              248 	.byte	7
00000027 0b              249 	.byte	11
00000028 07              250 	.byte	7
00000029 0c              251 	.byte	12
0000002a 07              252 	.byte	7
0000002b 0d              253 	.byte	13
0000002c 07              254 	.byte	7
0000002d 0e              255 	.byte	14
0000002e 07              256 	.byte	7
0000002f 0f              257 	.byte	15
00000030 07              258 	.byte	7
00000031 10              259 	.byte	16
00000032 07              260 	.byte	7
00000033 11              261 	.byte	17
00000034 07              262 	.byte	7
00000035 12              263 	.byte	18
00000036 07              264 	.byte	7

                                                                      Page 7
                                                              C:\Users\nhuliyap\AppData\Local\Temp\gh_0000b0c1.s
00000037 13              265 	.byte	19
00000038 08              266 	.byte	8
00000039 14              267 	.byte	20
0000003a 08              268 	.byte	8
0000003b 15              269 	.byte	21
0000003c 08              270 	.byte	8
0000003d 16              271 	.byte	22
0000003e 08              272 	.byte	8
0000003f 17              273 	.byte	23
00000040 08              274 	.byte	8
00000041 18              275 	.byte	24
00000042 08              276 	.byte	8
00000043 19              277 	.byte	25
00000044 08              278 	.byte	8
00000045 1a              279 	.byte	26
00000046 08              280 	.byte	8
00000047 1b              281 	.byte	27
00000048 08              282 	.byte	8
00000049 1c              283 	.byte	28
0000004a 08              284 	.byte	8
0000004b 1d              285 	.byte	29
0000004c 07              286 	.byte	7
0000004d 1e              287 	.byte	30
0000004e 08              288 	.byte	8
0000004f 1f              289 	.byte	31
00000050 07              290 	.byte	7
00000051 20              291 	.byte	32
00000052 07              292 	.byte	7
00000053 21              293 	.byte	33
00000054 07              294 	.byte	7
00000055 22              295 	.byte	34
00000056 07              296 	.byte	7
00000057 23              297 	.byte	35
00000058 07              298 	.byte	7
00000059 24              299 	.byte	36
0000005a 07              300 	.byte	7
0000005b 25              301 	.byte	37
0000005c 07              302 	.byte	7
0000005d 26              303 	.byte	38
0000005e 07              304 	.byte	7
0000005f 27              305 	.byte	39
00000060 07              306 	.byte	7
00000061 28              307 	.byte	40
00000062 07              308 	.byte	7
00000063 29              309 	.byte	41
00000064 07              310 	.byte	7
00000065 2a              311 	.byte	42
00000066 07              312 	.byte	7
00000067 2b              313 	.byte	43
00000068 07              314 	.byte	7
00000069 2c              315 	.byte	44
0000006a 07              316 	.byte	7
0000006b 2d              317 	.byte	45
0000006c 07              318 	.byte	7
0000006d 2e              319 	.byte	46
0000006e 07              320 	.byte	7
0000006f 2f              321 	.byte	47
00000070 07              322 	.byte	7
00000071 30              323 	.byte	48
00000072 07              324 	.byte	7
00000073 31              325 	.byte	49

                                                                      Page 8
                                                              C:\Users\nhuliyap\AppData\Local\Temp\gh_0000b0c1.s
00000074 07              326 	.byte	7
00000075 32              327 	.byte	50
00000076 07              328 	.byte	7
00000077 33              329 	.byte	51
00000078 07              330 	.byte	7
00000079 34              331 	.byte	52
0000007a 07              332 	.byte	7
0000007b 35              333 	.byte	53
0000007c 07              334 	.byte	7
0000007d 36              335 	.byte	54
0000007e 07              336 	.byte	7
0000007f 37              337 	.byte	55
00000080 07              338 	.byte	7
00000081 38              339 	.byte	56
00000082 07              340 	.byte	7
00000083 39              341 	.byte	57
00000084 07              342 	.byte	7
00000085 3a              343 	.byte	58
00000086 07              344 	.byte	7
00000087 3b              345 	.byte	59
00000088 07              346 	.byte	7
00000089 3c              347 	.byte	60
0000008a 07              348 	.byte	7
0000008b 3d              349 	.byte	61
0000008c 07              350 	.byte	7
0000008d 3e              351 	.byte	62
0000008e 07              352 	.byte	7
0000008f 3f              353 	.byte	63
                         354 .LDW_unq_2:
                         355 	.section	.debug_info
                         356 .LDW_4a16be0:
000000a9 2f              357 	.byte	47
000000aa 00000000*       358 	.word	.LDW_4a5ee38
                         359 
                         360 	.section	.debug_abbrev
00000017 2f              361 	.byte	47
00000018 0f              362 	.byte	15
00000019 00              363 	.byte	0
0000001a 4910            364 	.byte	73,16
0000001c 0000            365 	.byte	0,0
                         366 
                         367 	.section	.debug_info
                         368 .LDW_4a16cc0:
000000ae 45              369 	.byte	69
000000af 01              370 	.byte	1
                         371 
                         372 	.section	.debug_abbrev
0000001e 45              373 	.byte	69
0000001f 15              374 	.byte	21
00000020 01              375 	.byte	1
00000021 270c            376 	.byte	39,12
00000023 0000            377 	.byte	0,0
                         378 
                         379 	.section	.debug_info
                         380 .LDW_4a113f8:
000000b0 12              381 	.byte	18
000000b1 00000000*       382 	.word	.LDW_4a16be0
000000b5 00              383 	.byte	0
                         384 
                         385 	.section	.debug_abbrev
00000025 12              386 	.byte	18

                                                                      Page 9
                                                              C:\Users\nhuliyap\AppData\Local\Temp\gh_0000b0c1.s
00000026 05              387 	.byte	5
00000027 00              388 	.byte	0
00000028 4910            389 	.byte	73,16
0000002a 4b0c            390 	.byte	75,12
0000002c 0000            391 	.byte	0,0
                         392 
                         393 	.section	.debug_info
000000b6 00              394 	.byte	0
                         395 
                         396 .LDW_4a16d68:
000000b7 25              397 	.byte	37
000000b8 756e7369676e    398 	.strz	"unsigned char"
000000be 656420636861 
000000c4 7200 
000000c6 08              399 	.byte	8
000000c7 01              400 	.byte	1
                         401 
                         402 	.section	.debug_abbrev
0000002e 25              403 	.byte	37
0000002f 24              404 	.byte	36
00000030 00              405 	.byte	0
00000031 0308            406 	.byte	3,8
00000033 3e0b            407 	.byte	62,11
00000035 0b0b            408 	.byte	11,11
00000037 0000            409 	.byte	0,0
                         410 
                         411 	.section	.debug_info
                         412 .LDW_4a16d30:
000000c8 25              413 	.byte	37
000000c9 696e7400        414 	.strz	"int"
000000cd 05              415 	.byte	5
000000ce 04              416 	.byte	4
                         417 
                         418 .LDW_4dfdd00:
000000cf 3a              419 	.byte	58
000000d0 00              420 	.byte	0
000000d1 09              421 	.byte	9
000000d2 00000000*       422 	.word	.LDW_4a58780
                         423 
                         424 	.section	.debug_abbrev
00000039 3a              425 	.byte	58
0000003a 01              426 	.byte	1
0000003b 01              427 	.byte	1
0000003c 090b            428 	.byte	9,11
0000003e 0b0f            429 	.byte	11,15
00000040 4910            430 	.byte	73,16
00000042 0000            431 	.byte	0,0
                         432 
                         433 	.section	.debug_info
000000d6 32              434 	.byte	50
000000d7 00000000*       435 	.word	.LDW_4a16d30
000000db 04              436 	.byte	4
000000dc 00              437 	.byte	0
000000dd 08              438 	.byte	8
                         439 
                         440 	.section	.debug_abbrev
00000044 32              441 	.byte	50
00000045 21              442 	.byte	33
00000046 00              443 	.byte	0
00000047 4910            444 	.byte	73,16
00000049 0b0f            445 	.byte	11,15

                                                                      Page 10
                                                              C:\Users\nhuliyap\AppData\Local\Temp\gh_0000b0c1.s
0000004b 220d            446 	.byte	34,13
0000004d 2f0d            447 	.byte	47,13
0000004f 0000            448 	.byte	0,0
                         449 
                         450 	.section	.debug_info
000000de 00              451 	.byte	0
                         452 
                         453 .LDW_4dfdd88:
000000df 3a              454 	.byte	58
000000e0 00              455 	.byte	0
000000e1 07              456 	.byte	7
000000e2 00000000*       457 	.word	.LDW_4a58780
                         458 
000000e6 32              459 	.byte	50
000000e7 00000000*       460 	.word	.LDW_4a16d30
000000eb 04              461 	.byte	4
000000ec 00              462 	.byte	0
000000ed 06              463 	.byte	6
                         464 
000000ee 00              465 	.byte	0
                         466 
                         467 .LDW_4dfde10:
000000ef 3a              468 	.byte	58
000000f0 00              469 	.byte	0
000000f1 14              470 	.byte	20
000000f2 00000000*       471 	.word	.LDW_4a58780
                         472 
000000f6 32              473 	.byte	50
000000f7 00000000*       474 	.word	.LDW_4a16d30
000000fb 04              475 	.byte	4
000000fc 00              476 	.byte	0
000000fd 13              477 	.byte	19
                         478 
000000fe 00              479 	.byte	0
                         480 
                         481 .LDW_4dfde98:
000000ff 3a              482 	.byte	58
00000100 00              483 	.byte	0
00000101 06              484 	.byte	6
00000102 00000000*       485 	.word	.LDW_4a58780
                         486 
00000106 32              487 	.byte	50
00000107 00000000*       488 	.word	.LDW_4a16d30
0000010b 04              489 	.byte	4
0000010c 00              490 	.byte	0
0000010d 05              491 	.byte	5
                         492 
0000010e 00              493 	.byte	0
                         494 
                         495 .LDW_4dfdf20:
0000010f 3a              496 	.byte	58
00000110 00              497 	.byte	0
00000111 06              498 	.byte	6
00000112 00000000*       499 	.word	.LDW_4a58780
                         500 
00000116 32              501 	.byte	50
00000117 00000000*       502 	.word	.LDW_4a16d30
0000011b 04              503 	.byte	4
0000011c 00              504 	.byte	0
0000011d 05              505 	.byte	5
                         506 

                                                                      Page 11
                                                              C:\Users\nhuliyap\AppData\Local\Temp\gh_0000b0c1.s
0000011e 00              507 	.byte	0
                         508 
                         509 .LDW_4d80aa8:
0000011f 3a              510 	.byte	58
00000120 00              511 	.byte	0
00000121 14              512 	.byte	20
00000122 00000000*       513 	.word	.LDW_4a58780
                         514 
00000126 32              515 	.byte	50
00000127 00000000*       516 	.word	.LDW_4a16d30
0000012b 04              517 	.byte	4
0000012c 00              518 	.byte	0
0000012d 13              519 	.byte	19
                         520 
0000012e 00              521 	.byte	0
                         522 
                         523 .LDW_4d80bb8:
0000012f 3a              524 	.byte	58
00000130 00              525 	.byte	0
00000131 05              526 	.byte	5
00000132 00000000*       527 	.word	.LDW_4a58780
                         528 
00000136 32              529 	.byte	50
00000137 00000000*       530 	.word	.LDW_4a16d30
0000013b 04              531 	.byte	4
0000013c 00              532 	.byte	0
0000013d 04              533 	.byte	4
                         534 
0000013e 00              535 	.byte	0
                         536 
                         537 .LDW_4d80c40:
0000013f 3a              538 	.byte	58
00000140 00              539 	.byte	0
00000141 0c              540 	.byte	12
00000142 00000000*       541 	.word	.LDW_4a58780
                         542 
00000146 32              543 	.byte	50
00000147 00000000*       544 	.word	.LDW_4a16d30
0000014b 04              545 	.byte	4
0000014c 00              546 	.byte	0
0000014d 0b              547 	.byte	11
                         548 
0000014e 00              549 	.byte	0
                         550 
                         551 .LDW_4dfe870:
0000014f 29              552 	.byte	41
00000150 00000000*       553 	.word	.LDW_4a5ee38
                         554 
                         555 	.section	.debug_abbrev
00000051 29              556 	.byte	41
00000052 26              557 	.byte	38
00000053 00              558 	.byte	0
00000054 4910            559 	.byte	73,16
00000056 0000            560 	.byte	0,0
                         561 
                         562 	.section	.debug_info
                         563 .LDW_4dfe608:
00000154 29              564 	.byte	41
00000155 00000000*       565 	.word	.LDW_4dfe558
                         566 
                         567 .LDW_4a58780:

                                                                      Page 12
                                                              C:\Users\nhuliyap\AppData\Local\Temp\gh_0000b0c1.s
00000159 28              568 	.byte	40
0000015a 75696e743800    569 	.strz	"uint8"
00000160 50              570 	.byte	80
00000161 4b              571 	.byte	75
00000162 03              572 	.byte	3
00000163 00000000*       573 	.word	.LDW_4a16d68
                         574 
                         575 	.section	.debug_abbrev
00000058 28              576 	.byte	40
00000059 16              577 	.byte	22
0000005a 00              578 	.byte	0
0000005b 0308            579 	.byte	3,8
0000005d 3b0f            580 	.byte	59,15
0000005f 390f            581 	.byte	57,15
00000061 3a0f            582 	.byte	58,15
00000063 4910            583 	.byte	73,16
00000065 0000            584 	.byte	0,0
                         585 
                         586 	.section	.debug_info
                         587 .LDW_4a5ee38:
00000167 40              588 	.byte	64
00000168 737472756374    589 	.strz	"struct_Version"
0000016e 5f5665727369 
00000174 6f6e00 
00000177 56              590 	.byte	86
00000178 08              591 	.byte	8
00000179 07              592 	.byte	7
0000017a 44              593 	.byte	68
0000017b 01              594 	.byte	1
                         595 
                         596 	.section	.debug_abbrev
00000067 40              597 	.byte	64
00000068 13              598 	.byte	19
00000069 01              599 	.byte	1
0000006a 0308            600 	.byte	3,8
0000006c 3b0f            601 	.byte	59,15
0000006e 390f            602 	.byte	57,15
00000070 3a0f            603 	.byte	58,15
00000072 0b0f            604 	.byte	11,15
00000074 320b            605 	.byte	50,11
00000076 0000            606 	.byte	0,0
                         607 
                         608 	.section	.debug_info
                         609 .LDW_4da3248:
0000017c 23              610 	.byte	35
0000017d 756361417070    611 	.strz	"ucaApplVersionHuf"
00000183 6c5665727369 
00000189 6f6e48756600 
0000018f 57              612 	.byte	87
00000190 0a              613 	.byte	10
00000191 07              614 	.byte	7
00000192 00000000*       615 	.word	.LDW_4dfdd00
00000196 0223            616 	.byte	2,35
00000198 00              617 	.byte	0
00000199 01              618 	.byte	1
                         619 
                         620 	.section	.debug_abbrev
00000078 23              621 	.byte	35
00000079 0d              622 	.byte	13
0000007a 00              623 	.byte	0
0000007b 0308            624 	.byte	3,8

                                                                      Page 13
                                                              C:\Users\nhuliyap\AppData\Local\Temp\gh_0000b0c1.s
0000007d 3b0f            625 	.byte	59,15
0000007f 390f            626 	.byte	57,15
00000081 3a0f            627 	.byte	58,15
00000083 4910            628 	.byte	73,16
00000085 380a            629 	.byte	56,10
00000087 320b            630 	.byte	50,11
00000089 0000            631 	.byte	0,0
                         632 
                         633 	.section	.debug_info
                         634 .LDW_4da32d8:
0000019a 23              635 	.byte	35
0000019b 756361417070    636 	.strz	"ucaApplVersionCst"
000001a1 6c5665727369 
000001a7 6f6e43737400 
000001ad 58              637 	.byte	88
000001ae 0a              638 	.byte	10
000001af 07              639 	.byte	7
000001b0 00000000*       640 	.word	.LDW_4dfdd88
000001b4 0223            641 	.byte	2,35
000001b6 09              642 	.byte	9
000001b7 01              643 	.byte	1
                         644 
                         645 .LDW_4da3368:
000001b8 23              646 	.byte	35
000001b9 756361417070    647 	.strz	"ucaApplVersionCDD"
000001bf 6c5665727369 
000001c5 6f6e43444400 
000001cb 59              648 	.byte	89
000001cc 0a              649 	.byte	10
000001cd 07              650 	.byte	7
000001ce 00000000*       651 	.word	.LDW_4dfde10
000001d2 0223            652 	.byte	2,35
000001d4 10              653 	.byte	16
000001d5 01              654 	.byte	1
                         655 
                         656 .LDW_4da33b0:
000001d6 23              657 	.byte	35
000001d7 756361436f6d    658 	.strz	"ucaCompilerName"
000001dd 70696c65724e 
000001e3 616d6500 
000001e7 5a              659 	.byte	90
000001e8 0a              660 	.byte	10
000001e9 07              661 	.byte	7
000001ea 00000000*       662 	.word	.LDW_4dfde98
000001ee 0223            663 	.byte	2,35
000001f0 24              664 	.byte	36
000001f1 01              665 	.byte	1
                         666 
                         667 .LDW_4da33f8:
000001f2 23              668 	.byte	35
000001f3 756361436f6d    669 	.strz	"ucaCompilerVersion"
000001f9 70696c657256 
000001ff 657273696f6e 
00000205 00 
00000206 5b              670 	.byte	91
00000207 0a              671 	.byte	10
00000208 07              672 	.byte	7
00000209 00000000*       673 	.word	.LDW_4dfdf20
0000020d 0223            674 	.byte	2,35
0000020f 2a              675 	.byte	42
00000210 01              676 	.byte	1

                                                                      Page 14
                                                              C:\Users\nhuliyap\AppData\Local\Temp\gh_0000b0c1.s
                         677 
                         678 .LDW_4da3440:
00000211 23              679 	.byte	35
00000212 756361427569    680 	.strz	"ucaBuild_Date"
00000218 6c645f446174 
0000021e 6500 
00000220 5c              681 	.byte	92
00000221 0a              682 	.byte	10
00000222 07              683 	.byte	7
00000223 00000000*       684 	.word	.LDW_4d80aa8
00000227 0223            685 	.byte	2,35
00000229 30              686 	.byte	48
0000022a 01              687 	.byte	1
                         688 
0000022b 00              689 	.byte	0
                         690 
                         691 .LDW_4dfe558:
0000022c 40              692 	.byte	64
0000022d 737472756374    693 	.strz	"struct_BCM_Version"
00000233 5f42434d5f56 
00000239 657273696f6e 
0000023f 00 
00000240 43              694 	.byte	67
00000241 08              695 	.byte	8
00000242 0a              696 	.byte	10
00000243 11              697 	.byte	17
00000244 01              698 	.byte	1
                         699 
                         700 .LDW_4e00738:
00000245 23              701 	.byte	35
00000246 75636142434d    702 	.strz	"ucaBCM_Version"
0000024c 5f5665727369 
00000252 6f6e00 
00000255 45              703 	.byte	69
00000256 0a              704 	.byte	10
00000257 0a              705 	.byte	10
00000258 00000000*       706 	.word	.LDW_4d80bb8
0000025c 0223            707 	.byte	2,35
0000025e 00              708 	.byte	0
0000025f 01              709 	.byte	1
                         710 
                         711 .LDW_4e00270:
00000260 23              712 	.byte	35
00000261 75636142434d    713 	.strz	"ucaBCM_Date"
00000267 5f4461746500 
0000026d 46              714 	.byte	70
0000026e 09              715 	.byte	9
0000026f 0a              716 	.byte	10
00000270 00000000*       717 	.word	.LDW_4d80c40
00000274 0223            718 	.byte	2,35
00000276 05              719 	.byte	5
00000277 01              720 	.byte	1
                         721 
00000278 00              722 	.byte	0
                         723 
                         724 .LDW_4dfe8c8:
00000279 04              725 	.byte	4
0000027a 675f73487566    726 	.strz	"g_sHufVersion"
00000280 56657273696f 
00000286 6e00 
00000288 11              727 	.byte	17

                                                                      Page 15
                                                              C:\Users\nhuliyap\AppData\Local\Temp\gh_0000b0c1.s
00000289 1d              728 	.byte	29
0000028a 01              729 	.byte	1
0000028b 00000000*       730 	.word	.LDW_4dfe870
0000028f 01              731 	.byte	1
00000290 00              732 	.byte	0
00000291 0503            733 	.byte	5,3
00000293 00000000*       734 	.word	_g_sHufVersion
                         735 
                         736 	.section	.debug_abbrev
0000008b 04              737 	.byte	4
0000008c 34              738 	.byte	52
0000008d 00              739 	.byte	0
0000008e 0308            740 	.byte	3,8
00000090 3b0f            741 	.byte	59,15
00000092 390f            742 	.byte	57,15
00000094 3a0f            743 	.byte	58,15
00000096 4910            744 	.byte	73,16
00000098 3f0c            745 	.byte	63,12
0000009a 3c0c            746 	.byte	60,12
0000009c 020a            747 	.byte	2,10
0000009e 0000            748 	.byte	0,0
                         749 
                         750 	.section	.debug_info
                         751 .LDW_4dfe978:
00000297 04              752 	.byte	4
00000298 675f7342434d    753 	.strz	"g_sBCMVersion"
0000029e 56657273696f 
000002a4 6e00 
000002a6 1d              754 	.byte	29
000002a7 21              755 	.byte	33
000002a8 01              756 	.byte	1
000002a9 00000000*       757 	.word	.LDW_4dfe608
000002ad 01              758 	.byte	1
000002ae 00              759 	.byte	0
000002af 0503            760 	.byte	5,3
000002b1 00000000*       761 	.word	_g_sBCMVersion
                         762 
                         763 .LDW_4a5ee90:
000002b5 13              764 	.byte	19
000002b6 48756649665f    765 	.strz	"HufIf_GetVersion"
000002bc 476574566572 
000002c2 73696f6e00 
000002c7 22              766 	.byte	34
000002c8 06              767 	.byte	6
000002c9 01              768 	.byte	1
000002ca 00000000*       769 	.word	_HufIf_GetVersion
000002ce 00000000*       770 	.word	___ghs_eofn_HufIf_GetVersion
000002d2 0153            771 	.byte	1,83
000002d4 02              772 	.byte	2
000002d5 00              773 	.byte	0
000002d6 02              774 	.byte	2
000002d7 00              775 	.byte	0
000002d8 00              776 	.byte	0
000002d9 00              777 	.byte	0
000002da 00              778 	.byte	0
000002db 01              779 	.byte	1
000002dc 01              780 	.byte	1
000002dd 00              781 	.byte	0
000002de 01              782 	.byte	1
                         783 
                         784 	.section	.debug_abbrev

                                                                      Page 16
                                                              C:\Users\nhuliyap\AppData\Local\Temp\gh_0000b0c1.s
000000a0 13              785 	.byte	19
000000a1 2e              786 	.byte	46
000000a2 01              787 	.byte	1
000000a3 0308            788 	.byte	3,8
000000a5 3b0f            789 	.byte	59,15
000000a7 390f            790 	.byte	57,15
000000a9 3a0f            791 	.byte	58,15
000000ab 1101            792 	.byte	17,1
000000ad 1201            793 	.byte	18,1
000000af 400a            794 	.byte	64,10
000000b1 8341            795 	.byte	131,65
000000b3 0f              796 	.byte	15
000000b4 8741            797 	.byte	135,65
000000b6 0d              798 	.byte	13
000000b7 8541            799 	.byte	133,65
000000b9 0f              800 	.byte	15
000000ba 8641            801 	.byte	134,65
000000bc 0d              802 	.byte	13
000000bd 9241            803 	.byte	146,65
000000bf 0f              804 	.byte	15
000000c0 3c0c            805 	.byte	60,12
000000c2 200b            806 	.byte	32,11
000000c4 3f0c            807 	.byte	63,12
000000c6 320b            808 	.byte	50,11
000000c8 4c0b            809 	.byte	76,11
000000ca 270c            810 	.byte	39,12
000000cc 0000            811 	.byte	0,0
                         812 
                         813 	.section	.debug_frame
                         814 .LDW_4dfd528:
00000090 00000000*       815 	.word	.LDW_unq_4-.LDW_unq_3
                         816 .LDW_unq_3:
00000094 00000000*       817 	.word	.LDW_4dda600
00000098 00000000*       818 	.word	_HufIf_GetVersion
0000009c 00000000*       819 	.word	___ghs_eofn_HufIf_GetVersion-_HufIf_GetVersion
000000a0 01              820 	.byte	1
000000a1 00000000*       821 	.word	.LDW11
000000a5 00              822 	.byte	0
000000a6 00              823 	.byte	0
000000a7 00              824 	.byte	0
                         825 .LDW_unq_4:
                         826 	.section	.debug_line
000001f5 000502          827 	.byte	0,5,2
000001f8 00000000*       828 	.word	_HufIf_GetVersion
000001fc 06              829 	.byte	6
000001fd 03              830 	.byte	3
000001fe 22              831 	.byte	34
000001ff 02              832 	.byte	2
00000200 00              833 	.byte	0
00000201 01              834 	.byte	1
00000202 000502          835 	.byte	0,5,2
00000205 00000000*       836 	.word	.LDWlin1
00000209 0b              837 	.byte	11
0000020a 02              838 	.byte	2
0000020b 02              839 	.byte	2
0000020c 000101          840 	.byte	0,1,1
                         841 	.section	.debug_info
                         842 .LDW_4a5ef28:
000002df 0f              843 	.byte	15
000002e0 735665727369    844 	.strz	"sVersion"
000002e6 6f6e00 

                                                                      Page 17
                                                              C:\Users\nhuliyap\AppData\Local\Temp\gh_0000b0c1.s
000002e9 22              845 	.byte	34
000002ea 2e              846 	.byte	46
000002eb 01              847 	.byte	1
000002ec 00000000*       848 	.word	.LDW_4a16be0
000002f0 00              849 	.byte	0
000002f1 0156            850 	.byte	1,86
                         851 
                         852 	.section	.debug_abbrev
000000ce 0f              853 	.byte	15
000000cf 05              854 	.byte	5
000000d0 00              855 	.byte	0
000000d1 0308            856 	.byte	3,8
000000d3 3b0f            857 	.byte	59,15
000000d5 390f            858 	.byte	57,15
000000d7 3a0f            859 	.byte	58,15
000000d9 4910            860 	.byte	73,16
000000db 4b0c            861 	.byte	75,12
000000dd 020a            862 	.byte	2,10
000000df 0000            863 	.byte	0,0
                         864 
                         865 	.section	.debug_info
                         866 .LDW_4a11428:
000002f3 1d              867 	.byte	29
000002f4 00000000*       868 	.word	.LDW01
000002f8 00000000*       869 	.word	.LDW11
                         870 
                         871 	.section	.debug_abbrev
000000e1 1d              872 	.byte	29
000000e2 0b              873 	.byte	11
000000e3 01              874 	.byte	1
000000e4 1101            875 	.byte	17,1
000000e6 1201            876 	.byte	18,1
000000e8 0000            877 	.byte	0,0
                         878 
                         879 	.section	.debug_info
000002fc 00              880 	.byte	0
                         881 
000002fd 00              882 	.byte	0
                         883 
000002fe 00              884 	.byte	0
                         885 
                         886 	.section	.debug_line
                         887 .Ldw_line_end:
                         888 	.section	.debug_macinfo
00000000 01              889 	.byte	1
00000001 00              890 	.byte	0
00000002 5f5f6768735f    891 	.strz	"__ghs__ 1"
00000008 5f203100 
0000000c 01              892 	.byte	1
0000000d 00              893 	.byte	0
0000000e 5f5f4c4c4f4e    894 	.strz	"__LLONG_BIT 64"
00000014 475f42495420 
0000001a 363400 
0000001d 03              895 	.byte	3
0000001e 00              896 	.byte	0
0000001f 01              897 	.byte	1
00000020 03              898 	.byte	3
00000021 01              899 	.byte	1
00000022 02              900 	.byte	2
00000023 03              901 	.byte	3
00000024 1c              902 	.byte	28

                                                                      Page 18
                                                              C:\Users\nhuliyap\AppData\Local\Temp\gh_0000b0c1.s
00000025 03              903 	.byte	3
00000026 01              904 	.byte	1
00000027 3c              905 	.byte	60
00000028 545255452031    906 	.strz	"TRUE 1u"
0000002e 7500 
00000030 01              907 	.byte	1
00000031 40              908 	.byte	64
00000032 46414c534520    909 	.strz	"FALSE 0u"
00000038 307500 
0000003b 04              910 	.byte	4
0000003c 03              911 	.byte	3
0000003d 1d              912 	.byte	29
0000003e 04              913 	.byte	4
0000003f 03              914 	.byte	3
00000040 1b              915 	.byte	27
00000041 05              916 	.byte	5
00000042 03              917 	.byte	3
00000043 54              918 	.byte	84
00000044 06              919 	.byte	6
00000045 04              920 	.byte	4
00000046 04              921 	.byte	4
00000047 04              922 	.byte	4
00000048 04              923 	.byte	4
00000049 03              924 	.byte	3
0000004a 03              925 	.byte	3
0000004b 07              926 	.byte	7
0000004c 03              927 	.byte	3
0000004d 04              928 	.byte	4
0000004e 08              929 	.byte	8
0000004f 03              930 	.byte	3
00000050 04              931 	.byte	4
00000051 09              932 	.byte	9
00000052 04              933 	.byte	4
00000053 01              934 	.byte	1
00000054 0e              935 	.byte	14
00000055 50524f445543    936 	.strz	"PRODUCTION_SW 0x0"
0000005b 54494f4e5f53 
00000061 572030783000 
00000067 01              937 	.byte	1
00000068 0f              938 	.byte	15
00000069 444556454c4f    939 	.strz	"DEVELOPMENT_SW 0x1"
0000006f 504d454e545f 
00000075 535720307831 
0000007b 00 
0000007c 01              940 	.byte	1
0000007d 10              941 	.byte	16
0000007e 53575f434154    942 	.strz	"SW_CATEGORY PRODUCTION_SW"
00000084 45474f525920 
0000008a 50524f445543 
00000090 54494f4e5f53 
00000096 5700 
00000098 04              943 	.byte	4
00000099 01              944 	.byte	1
0000009a 06              945 	.byte	6
0000009b 4d41585f5349    946 	.strz	"MAX_SIZE_WS_TELEGRAM 16U"
000000a1 5a455f57535f 
000000a7 54454c454752 
000000ad 414d20313655 
000000b3 00 
000000b4 01              947 	.byte	1
000000b5 0e              948 	.byte	14

                                                                      Page 19
                                                              C:\Users\nhuliyap\AppData\Local\Temp\gh_0000b0c1.s
000000b6 4e564d5f424c    949 	.strz	"NVM_BLOCK_TYPE uint32"
000000bc 4f434b5f5459 
000000c2 50452075696e 
000000c8 74333200 
000000cc 04              950 	.byte	4
000000cd 03              951 	.byte	3
000000ce 04              952 	.byte	4
000000cf 0a              953 	.byte	10
000000d0 03              954 	.byte	3
000000d1 06              955 	.byte	6
000000d2 0b              956 	.byte	11
000000d3 04              957 	.byte	4
000000d4 01              958 	.byte	1
000000d5 18              959 	.byte	24
000000d6 53454e534f52    960 	.strz	"SENSOR_AUFLOESUNG_25MBAR "
000000dc 5f4155464c4f 
000000e2 4553554e475f 
000000e8 32354d424152 
000000ee 2000 
000000f0 04              961 	.byte	4
000000f1 01              962 	.byte	1
000000f2 07              963 	.byte	7
000000f3 4150504c5f56    964 	.strz	"APPL_VERSION \"RIVIAN01\""
000000f9 455253494f4e 
000000ff 202252495649 
00000105 414e30312200 
0000010b 01              965 	.byte	1
0000010c 08              966 	.byte	8
0000010d 4150504c5f56    967 	.strz	"APPL_VERSION_CST \"000003\""
00000113 455253494f4e 
00000119 5f4353542022 
0000011f 303030303033 
00000125 2200 
00000127 01              968 	.byte	1
00000128 0a              969 	.byte	10
00000129 4150504c5f42    970 	.strz	"APPL_BUILD_TIME_DATE \"07.04.2022-08:14:11\""
0000012f 55494c445f54 
00000135 494d455f4441 
0000013b 544520223037 
00000141 2e30342e3230 
00000147 32322d30383a 
0000014d 31343a313122 
00000153 00 
00000154 01              971 	.byte	1
00000155 0d              972 	.byte	13
00000156 4150504c5f56    973 	.strz	"APPL_VERSION_CDD \"21\""
0000015c 455253494f4e 
00000162 5f4344442022 
00000168 32312200 
0000016c 01              974 	.byte	1
0000016d 0e              975 	.byte	14
0000016e 434f4d50494c    976 	.strz	"COMPILER_NAME \"GHS\""
00000174 45525f4e414d 
0000017a 452022474853 
00000180 2200 
00000182 01              977 	.byte	1
00000183 0f              978 	.byte	15
00000184 434f4d50494c    979 	.strz	"COMPILER_VERSION \"201517\""
0000018a 45525f564552 
00000190 53494f4e2022 
00000196 323031353137 

                                                                      Page 20
                                                              C:\Users\nhuliyap\AppData\Local\Temp\gh_0000b0c1.s
0000019c 2200 
0000019e 01              980 	.byte	1
0000019f 1a              981 	.byte	26
000001a0 42434d5f5645    982 	.strz	"BCM_VERSION \"Vx.x\""
000001a6 5253494f4e20 
000001ac 2256782e7822 
000001b2 00 
000001b3 01              983 	.byte	1
000001b4 1b              984 	.byte	27
000001b5 42434d5f4441    985 	.strz	"BCM_DATE \"10-Jan-2018\""
000001bb 544520223130 
000001c1 2d4a616e2d32 
000001c7 3031382200 
000001cc 04              986 	.byte	4
000001cd 00              987 	.byte	0
                         988 	.section	.debug_abbrev
000000ea 00              989 	.byte	0
                         990 	.section	.debug_info
                         991 .Ldw_end:
                         992 .rh850_flags REGMODE32,DATA_ALIGN8,GP_FIX,EP_NONFIX,TP_FIX,REG2_RESERVE,G3K,GHS_MISALIGN,SDA_EXTRA_REGS_0
