                                                                      Page 1
                                                              C:\Users\nhuliyap\AppData\Local\Temp\gh_00009gg1.s
Command Line: C:\ghs\comp_201517\ease850.exe -w -elf -b0 -I../source/common -I../source/ProjectCompiler -I../source/ProjectCfg -I../source/SwcApplTpms -I../source/SwcApplEcuM -I../source/SwcServiceBswM -I../source/SwcServiceEcuM -I../source/SwcServiceNvM -I../source/SwcServiceOs -I../source/SwcServiceStartUp -I../source/McalAdc -I../source/McalDio -I../source/McalGpt -I../source/McalMcu -I../source/McalWdg -I../source/wrappers -I../source/wrappers/McalAta -I../source/McalLin -I../source/McalCan -I../source/wrappers/OS -I../source/McalFls -I../source/EcuabFee -I../source/EcuabMemIf -I../source/wrappers/VStdLib -I../source/wrappers/Crc -I../source/wrappers/FBL_APPL -I../source/wrappers/NVM_MANAGER -I../source/wrappers/DEM_MANAGER -I../source/wrappers/RDC_MANAGER -I../source/wrappers/ENV_MANAGER -I../source/wrappers/SYS_MANAGER -I../source/wrappers/EcuabCanIf -I../source/EcuabCanTrcv -I../source/wrappers/SwcServiceCanSM -I../source/wrappers/SwcServiceCanTp -I../source/wrappers/SwcServiceCanTp_PreCompile -I../source/wrappers/SwcServiceCom -I../source/wrappers/SwcServiceComM -I../source/wrappers/SwcServiceDcm -I../source/wrappers/SwcServicePduR -I../source/wrappers/SwcServiceEcuM -I../source/wrappers/Bfx -I../source/wrappers/SwcServiceDem -I../source/SwcServiceCom -I../source/SwcServiceDet -I../source/SwcServiceFiM -I../source/SwcServicePduR -I../source/SwcServiceSchM -I../source/wrappers/LibAutosarDiag -I../source/wrappers/rba_BswSrv -IC:\ghs\comp_201517\lib\rh850 -cg_underscore -cpu=rh850g3k -no_v850_simd -rh850_fpsimd=none -nomacro -patch_dbo=C:\_ECU2\ECU_Rivian_A1\Target\repo_projects\pRealEcu\cR_R2023.09.15\make\output\objects\watcf.dbo -source=watcf.c -o output\objects\gh_00009gg1.o -list=output\list\watcf.lst C:\Users\nhuliyap\AppData\Local\Temp\gh_00009gg1.s 
Original File: C:\Users\nhuliyap\AppData\Local\Temp\gh_00009gg1.s
Source File: watcf.c
Directory: C:\_ECU2\ECU_Rivian_A1\Target\repo_projects\pRealEcu\cR_R2023.09.15\make
Host OS: Windows
EASE: Copyright (C) 1983-2015 Green Hills Software.  All Rights Reserved.
Release: Compiler v2015.1.7
Build Directory: [Directory] BTOWORKER6:c:/build_2015_1_bto/2015-10-21.2100-2015_1_bto/win32-comp-ecom
Revision: [VCInfo] http://toolsvc/branches/release-branch-70-bto/src@544153 (built by build)
Revision Date: Thu Oct 22 07:50:13 2015

Release Date: Thu Oct 22 09:32:32 2015

                           1 --Driver Command: ccv850 ../source/SwcApplTpms/watcf.c -cpu=rh850 -fhard
                           2 --		-ignore_callt_state_in_interrupts -large_sda -misalign_pack
                           3 --		-nofarcalls -nofloatio -no_callt -Ogeneral -Onounroll
                           4 --		-prepare_dispose -registermode=32 -reserve_r2 -sda=0
                           5 --		-shorten_loads -Wshadow --brief_diagnostics --no_commons
                           6 --		--no_wrap_diagnostics --prototype_errors --short_enum -list -G
                           7 --		-dual_debug -dwarf -X5523 -lnk=-no_xda_modifications -D
                           8 --		NOT_READY_FOR_TESTING_OR_DEPLOYMENT -D IBTCM_SW_ANPASSUNGEN -D
                           9 --		BUILD_RIVIAN -c -inline_prologue -I../source/common
                          10 --		-I../source/ProjectCompiler -I../source/ProjectCfg
                          11 --		-I../source/SwcApplTpms -I../source/SwcApplEcuM
                          12 --		-I../source/SwcServiceBswM -I../source/SwcServiceEcuM
                          13 --		-I../source/SwcServiceNvM -I../source/SwcServiceOs
                          14 --		-I../source/SwcServiceStartUp -I../source/McalAdc
                          15 --		-I../source/McalDio -I../source/McalGpt -I../source/McalMcu
                          16 --		-I../source/McalWdg -I../source/wrappers
                          17 --		-I../source/wrappers/McalAta -I../source/McalLin
                          18 --		-I../source/McalCan -I../source/wrappers/OS -I../source/McalFls
                          19 --		-I../source/EcuabFee -I../source/EcuabMemIf
                          20 --		-I../source/wrappers/VStdLib -I../source/wrappers
                          21 --		-I../source/wrappers/Crc -I../source/wrappers/FBL_APPL
                          22 --		-I../source/wrappers/NVM_MANAGER -I../source/wrappers/DEM_MANAGER
                          23 --		-I../source/wrappers/RDC_MANAGER -I../source/wrappers/ENV_MANAGER
                          24 --		-I../source/wrappers/SYS_MANAGER -I../source/wrappers/EcuabCanIf
                          25 --		-I../source/EcuabCanTrcv -I../source/wrappers/SwcServiceCanSM
                          26 --		-I../source/wrappers/SwcServiceCanTp
                          27 --		-I../source/wrappers/SwcServiceCanTp_PreCompile
                          28 --		-I../source/wrappers/SwcServiceCom
                          29 --		-I../source/wrappers/SwcServiceComM
                          30 --		-I../source/wrappers/SwcServiceDcm
                          31 --		-I../source/wrappers/SwcServicePduR
                          32 --		-I../source/wrappers/SwcServiceEcuM -I../source/wrappers/Bfx
                          33 --		-I../source/wrappers/SwcServiceDem -I../source/SwcServiceCom
                          34 --		-I../source/SwcServiceDet -I../source/SwcServiceFiM
                          35 --		-I../source/SwcServicePduR -I../source/SwcServiceSchM
                          36 --		-I../source/wrappers/LibAutosarDiag
                          37 --		-I../source/wrappers/rba_BswSrv -object_dir=output/objects
                          38 --		-list_dir=output/list
                          39 --Source File:   ../source/SwcApplTpms/watcf.c
                          40 --Directory:     
                          41 --		C:\_ECU2\ECU_Rivian_A1\Target\repo_projects\pRealEcu\cR_R2023.09.15\make
                          42 --Compile Date:  Fri Sep 15 15:30:59 2023
                          43 --Host OS:       Win32
                          44 --Version:       C-RH850 2015.1.7 RELEASE VERSION
                          45 --Release:       Compiler v2015.1.7
                          46 --Revision Date: Thu Oct 22 08:06:12 2015
                          47 --Release Date:  Thu Oct 22 09:34:32 2015
                          48 -- ecom  -g -w -OM
                          49 	.text
                          50 ..bof.C.3A.5C_ECU2.5CECU_Rivian_A1.5CTarget.5Crepo_projects.5CpRealEcu.5CcR_R2023.2E09.2E15.5Cmake.5Coutput.5Cobjects.5Cwatcf...43.3A.5C_ECU2.5CECU_Rivian_A1.5CTarget.5Crepo_projects.5CpRealEcu.5CcR_R2023.2E09.2E15.5Cmake..65045C93..0::

                                                                      Page 2
                                                              C:\Users\nhuliyap\AppData\Local\Temp\gh_00009gg1.s
                          51 	.align	2
                          52 ..gh.f.f.1.e.0:
                          53 	.type	..gh.f.f.1.e.0,@object
                          54 	.size	..gh.f.f.1.e.0,0
                          55 	.global	_InitWATCF
                          56 _InitWATCF:
                          57 --	    .bf
                          58 .LDW01:
00000000 405e0000*        59 	movhi	hi(_ucAlZOTimeTicks),zero,r11
00000004 4b070000*        60 	st.b	zero,lo(_ucAlZOTimeTicks)[r11]
                          61 --	    .ef
                          62 .LDW11:
                          63 --line15
                          64 ..lin.C.3A.5C_ECU2.5CECU_Rivian_A1.5CTarget.5Crepo_projects.5CpRealEcu.5CcR_R2023.2E09.2E15.5Cmake.5Coutput.5Cobjects.5Cwatcf.1::
                          65 .LDWlin1:
00000008 7f00             66 	jmp	[lp]
                          67 	.global	___ghs_eofn_InitWATCF
                          68 ___ghs_eofn_InitWATCF:
                          69 	.type	_InitWATCF,@function
                          70 	.size	_InitWATCF,.-_InitWATCF
                          71 	.align	2
                          72 
                          73 	.section ".bss","awb"
                          74 .L33:
                          75 	.type	.L33,@object
                          76 	.size	.L33,0
                          77 	.data
                          78 	.text
                          79 	.align	2
                          80 	.align	2
                          81 ..gh.f.f.1.e.1:
                          82 	.type	..gh.f.f.1.e.1,@object
                          83 	.size	..gh.f.f.1.e.1,0
                          84 	.global	_ControlWATO
                          85 _ControlWATO:
0000000a 8207e100         86 	prepare	{r28,r29,r31},1
0000000e 07e0             87 	mov	r7,r28
00000010 8600             88 	zxb	r6
00000012 9c00             89 	zxb	r28
                          90 --	    .bf
                          91 .LDW21:
00000014 3d0600000000*    92 	mov	_ucAlZOTimeTicks,r29
0000001a 6232             93 	cmp	2,r6
0000001c e20d*            94 	be	.L55
0000001e 6432             95 	cmp	4,r6
00000020 c22d*            96 	be	.L64
00000022 6832             97 	cmp	8,r6
00000024 e235*            98 	be	.L67
00000026 0606f0ff         99 	addi	-16,r6,zero
0000002a b215*           100 	be	.L60
                         101 --line80
                         102 ..lin.C.3A.5C_ECU2.5CECU_Rivian_A1.5CTarget.5Crepo_projects.5CpRealEcu.5CcR_R2023.2E09.2E15.5Cmake.5Coutput.5Cobjects.5Cwatcf.2::
                         103 .LDWlin2:
                         104 	jarl	_CancelAlarmAlZOTimeOS,lp
                         104 <EXPANSION BEGIN>
                         104 jarl22 _CancelAlarmAlZOTimeOS , lp 
0000002c 80ff0000*       104 <EXPANSION END>
                         105 --line81
                         106 ..lin.C.3A.5C_ECU2.5CECU_Rivian_A1.5CTarget.5Crepo_projects.5CpRealEcu.5CcR_R2023.2E09.2E15.5Cmake.5Coutput.5Cobjects.5Cwatcf.3::
                         107 .LDWlin3:
00000030 5de70000        108 	st.b	r28,0[r29]

                                                                      Page 3
                                                              C:\Users\nhuliyap\AppData\Local\Temp\gh_00009gg1.s
00000034 4206ff00        109 	dispose	1,{r28,r29,r31},[lp]
                         110 .L55:
                         111 --line37
                         112 ..lin.C.3A.5C_ECU2.5CECU_Rivian_A1.5CTarget.5Crepo_projects.5CpRealEcu.5CcR_R2023.2E09.2E15.5Cmake.5Coutput.5Cobjects.5Cwatcf.4::
                         113 .LDWlin4:
00000038 5de70000        114 	st.b	r28,0[r29]
0000003c e0e1            115 	cmp	zero,r28
0000003e d235*           116 	be	.L51
                         117 --line39
                         118 ..lin.C.3A.5C_ECU2.5CECU_Rivian_A1.5CTarget.5Crepo_projects.5CpRealEcu.5CcR_R2023.2E09.2E15.5Cmake.5Coutput.5Cobjects.5Cwatcf.5::
                         119 .LDWlin5:
                         120 	jarl	_CancelAlarmAlZOTimeOS,lp
                         120 <EXPANSION BEGIN>
                         120 jarl22 _CancelAlarmAlZOTimeOS , lp 
00000040 80ff0000*       120 <EXPANSION END>
                         121 --line40
                         122 ..lin.C.3A.5C_ECU2.5CECU_Rivian_A1.5CTarget.5Crepo_projects.5CpRealEcu.5CcR_R2023.2E09.2E15.5Cmake.5Coutput.5Cobjects.5Cwatcf.6::
                         123 .LDWlin6:
00000044 0232            124 	mov	2,r6
                         125 	jarl	_bGetBitFahrzeugzustandFZZ,lp
                         125 <EXPANSION BEGIN>
                         125 jarl22 _bGetBitFahrzeugzustandFZZ , lp 
00000046 80ff0000*       125 <EXPANSION END>
0000004a 6152            126 	cmp	1,r10
0000004c ea2d*           127 	bne	.L51
0000004e f505*           128 	br	.L62
                         129 .L60:
                         130 --line50
                         131 ..lin.C.3A.5C_ECU2.5CECU_Rivian_A1.5CTarget.5Crepo_projects.5CpRealEcu.5CcR_R2023.2E09.2E15.5Cmake.5Coutput.5Cobjects.5Cwatcf.7::
                         132 .LDWlin7:
00000050 9de70100        133 	ld.bu	0[r29],r28
                         134 	jarl	_CancelAlarmAlZOTimeOS,lp
                         134 <EXPANSION BEGIN>
                         134 jarl22 _CancelAlarmAlZOTimeOS , lp 
00000054 80ff0000*       134 <EXPANSION END>
00000058 e0e1            135 	cmp	zero,r28
0000005a 820d*           136 	be	.L61
                         137 .L62:
                         138 --line52
                         139 ..lin.C.3A.5C_ECU2.5CECU_Rivian_A1.5CTarget.5Crepo_projects.5CpRealEcu.5CcR_R2023.2E09.2E15.5Cmake.5Coutput.5Cobjects.5Cwatcf.8::
                         140 .LDWlin8:
0000005c 9d370100        141 	ld.bu	0[r29],r6
00000060 003a            142 	mov	0,r7
                         143 	jarl	_SetRelAlarmAlZOTimeOS,lp
                         143 <EXPANSION BEGIN>
                         143 jarl22 _SetRelAlarmAlZOTimeOS , lp 
00000062 80ff0000*       143 <EXPANSION END>
00000066 4206ff00        144 	dispose	1,{r28,r29,r31},[lp]
                         145 .L61:
                         146 --line58
                         147 ..lin.C.3A.5C_ECU2.5CECU_Rivian_A1.5CTarget.5Crepo_projects.5CpRealEcu.5CcR_R2023.2E09.2E15.5Cmake.5Coutput.5Cobjects.5Cwatcf.9::
                         148 .LDWlin9:
0000006a 20363c00        149 	movea	60,zero,r6
0000006e 1c38            150 	mov	r28,r7
                         151 	jarl	_SetRelAlarmAlZOTimeOS,lp
                         151 <EXPANSION BEGIN>
                         151 jarl22 _SetRelAlarmAlZOTimeOS , lp 
00000070 80ff0000*       151 <EXPANSION END>
00000074 4206ff00        152 	dispose	1,{r28,r29,r31},[lp]
                         153 .L64:
                         154 --line65

                                                                      Page 4
                                                              C:\Users\nhuliyap\AppData\Local\Temp\gh_00009gg1.s
                         155 ..lin.C.3A.5C_ECU2.5CECU_Rivian_A1.5CTarget.5Crepo_projects.5CpRealEcu.5CcR_R2023.2E09.2E15.5Cmake.5Coutput.5Cobjects.5Cwatcf.10::
                         156 .LDWlin10:
00000078 23360200        157 	movea	2,sp,r6
                         158 	jarl	_GetAlarmAlZOTimeOS,lp
                         158 <EXPANSION BEGIN>
                         158 jarl22 _GetAlarmAlZOTimeOS , lp 
0000007c 80ff0000*       158 <EXPANSION END>
00000080 6152            159 	cmp	1,r10
00000082 ba15*           160 	bne	.L51
                         161 --line67
                         162 ..lin.C.3A.5C_ECU2.5CECU_Rivian_A1.5CTarget.5Crepo_projects.5CpRealEcu.5CcR_R2023.2E09.2E15.5Cmake.5Coutput.5Cobjects.5Cwatcf.11::
                         163 .LDWlin11:
00000084 e34f0300        164 	ld.hu	2[sp],r9
00000088 5d4f0000        165 	st.b	r9,0[r29]
0000008c 4206ff00        166 	dispose	1,{r28,r29,r31},[lp]
                         167 .L67:
                         168 --line72
                         169 ..lin.C.3A.5C_ECU2.5CECU_Rivian_A1.5CTarget.5Crepo_projects.5CpRealEcu.5CcR_R2023.2E09.2E15.5Cmake.5Coutput.5Cobjects.5Cwatcf.12::
                         170 .LDWlin12:
00000090 23360200        171 	movea	2,sp,r6
                         172 	jarl	_GetAlarmAlZOTimeOS,lp
                         172 <EXPANSION BEGIN>
                         172 jarl22 _GetAlarmAlZOTimeOS , lp 
00000094 80ff0000*       172 <EXPANSION END>
00000098 6152            173 	cmp	1,r10
0000009a da05*           174 	bne	.L68
                         175 --line74
                         176 ..lin.C.3A.5C_ECU2.5CECU_Rivian_A1.5CTarget.5Crepo_projects.5CpRealEcu.5CcR_R2023.2E09.2E15.5Cmake.5Coutput.5Cobjects.5Cwatcf.13::
                         177 .LDWlin13:
0000009c e34f0300        178 	ld.hu	2[sp],r9
000000a0 5d4f0000        179 	st.b	r9,0[r29]
                         180 .L68:
                         181 	jarl	_CancelAlarmAlZOTimeOS,lp
                         181 <EXPANSION BEGIN>
                         181 jarl22 _CancelAlarmAlZOTimeOS , lp 
000000a4 80ff0000*       181 <EXPANSION END>
                         182 .L51:
                         183 --	    .ef
                         184 .LDW31:
                         185 --line84
                         186 ..lin.C.3A.5C_ECU2.5CECU_Rivian_A1.5CTarget.5Crepo_projects.5CpRealEcu.5CcR_R2023.2E09.2E15.5Cmake.5Coutput.5Cobjects.5Cwatcf.14::
                         187 .LDWlin14:
000000a8 4206ff00        188 	dispose	1,{r28,r29,r31},[lp]
                         189 	.global	___ghs_eofn_ControlWATO
                         190 ___ghs_eofn_ControlWATO:
                         191 	.type	_ControlWATO,@function
                         192 	.size	_ControlWATO,.-_ControlWATO
                         193 	.align	2
                         194 --_ushHelp	2[sp]	local
                         195 
                         196 --_ucCommand	r6	param
                         197 --_ucTimeInSec	r28	param
                         198 
                         199 	.section ".bss","awb"
                         200 .L183:
                         201 	.type	.L183,@object
                         202 	.size	.L183,0
                         203 	.data
                         204 	.text
                         205 	.align	2
                         206 	.align	2

                                                                      Page 5
                                                              C:\Users\nhuliyap\AppData\Local\Temp\gh_00009gg1.s
                         207 ..gh.f.f.1.e.2:
                         208 	.type	..gh.f.f.1.e.2,@object
                         209 	.size	..gh.f.f.1.e.2,0
                         210 	.global	_StartWallocTOAlarm
                         211 _StartWallocTOAlarm:
000000ac 0638            212 	mov	r6,r7
000000ae 8700            213 	zxb	r7
                         214 --	    .bf
                         215 .LDW41:
000000b0 0232            216 	mov	2,r6
000000b2 bf0758ff*       217 	jr	_ControlWATO
                         218 --	    .ef
                         219 .LDW51:
                         220 	.global	___ghs_eofn_StartWallocTOAlarm
                         221 ___ghs_eofn_StartWallocTOAlarm:
                         222 	.type	_StartWallocTOAlarm,@function
                         223 	.size	_StartWallocTOAlarm,.-_StartWallocTOAlarm
                         224 	.align	2
                         225 
                         226 --_ucTimeInSec	r6	param
                         227 
                         228 	.section ".bss","awb"
                         229 .L369:
                         230 	.type	.L369,@object
                         231 	.size	.L369,0
                         232 	.data
                         233 	.text
                         234 	.align	2
                         235 	.align	2
                         236 ..gh.f.f.1.e.3:
                         237 	.type	..gh.f.f.1.e.3,@object
                         238 	.size	..gh.f.f.1.e.3,0
                         239 	.global	_StopWallocTOAlarm
                         240 _StopWallocTOAlarm:
                         241 --	    .bf
                         242 .LDW61:
000000b6 0132            243 	mov	1,r6
000000b8 003a            244 	mov	0,r7
000000ba bf0750ff*       245 	jr	_ControlWATO
                         246 --	    .ef
                         247 .LDW71:
                         248 	.global	___ghs_eofn_StopWallocTOAlarm
                         249 ___ghs_eofn_StopWallocTOAlarm:
                         250 	.type	_StopWallocTOAlarm,@function
                         251 	.size	_StopWallocTOAlarm,.-_StopWallocTOAlarm
                         252 	.align	2
                         253 
                         254 	.section ".bss","awb"
                         255 .L417:
                         256 	.type	.L417,@object
                         257 	.size	.L417,0
                         258 	.data
                         259 	.text
                         260 	.align	2
                         261 
                         262 	.data
                         263 	.section ".bss","awb"
                         264 	.global	_ucAlZOTimeTicks
00000000 00              265 _ucAlZOTimeTicks:	.space	1
                         266 	.type	_ucAlZOTimeTicks,@object
                         267 	.size	_ucAlZOTimeTicks,1

                                                                      Page 6
                                                              C:\Users\nhuliyap\AppData\Local\Temp\gh_00009gg1.s
                         268 	.data
                         269 	.ghsnote version,17
                         270 	.ghsnote tools,3
                         271 	.ghsnote options,144
                         272 	.text
                         273 	.align	2
                         274 ..eof.C.3A.5C_ECU2.5CECU_Rivian_A1.5CTarget.5Crepo_projects.5CpRealEcu.5CcR_R2023.2E09.2E15.5Cmake.5Coutput.5Cobjects.5Cwatcf...43.3A.5C_ECU2.5CECU_Rivian_A1.5CTarget.5Crepo_projects.5CpRealEcu.5CcR_R2023.2E09.2E15.5Cmake..65045C93..0::
                         275 	.section	.debug_info
                         276 .Ldw_begin:
00000000 23030000        277 	.word	.Ldw_end-.Ldw_begin-4
00000004 0200            278 	.byte	2,0
00000006 00000000*       279 	.word	.Ldw_abbr_begin
0000000a 04              280 	.byte	4
                         281 	.section	.debug_abbrev
                         282 .Ldw_abbr_begin:
                         283 	.section	.debug_info
0000000b 01              284 	.byte	1
0000000c 00000000*       285 	.word	..bof.C.3A.5C_ECU2.5CECU_Rivian_A1.5CTarget.5Crepo_projects.5CpRealEcu.5CcR_R2023.2E09.2E15.5Cmake.5Coutput.5Cobjects.5Cwatcf...43.3A.5C_ECU2.5CECU_Rivian_A1.5CTarget.5Crepo_projects.5CpRealEcu.5CcR_R2023.2E09.2E15.5Cmake..65045C93..0
00000010 00000000*       286 	.word	..eof.C.3A.5C_ECU2.5CECU_Rivian_A1.5CTarget.5Crepo_projects.5CpRealEcu.5CcR_R2023.2E09.2E15.5Cmake.5Coutput.5Cobjects.5Cwatcf...43.3A.5C_ECU2.5CECU_Rivian_A1.5CTarget.5Crepo_projects.5CpRealEcu.5CcR_R2023.2E09.2E15.5Cmake..65045C93..0
00000014 2e2e2f736f75    287 	.strz	"../source/SwcApplTpms/watcf.c"
0000001a 7263652f5377 
00000020 634170706c54 
00000026 706d732f7761 
0000002c 7463662e6300 
00000032 433a5c5f4543    288 	.strz	"C:\\_ECU2\\ECU_Rivian_A1\\Target\\repo_projects\\pRealEcu\\cR_R2023.09.15\\make"
00000038 55325c454355 
0000003e 5f5269766961 
00000044 6e5f41315c54 
0000004a 61726765745c 
00000050 7265706f5f70 
00000056 726f6a656374 
0000005c 735c70526561 
00000062 6c4563755c63 
00000068 525f52323032 
0000006e 332e30392e31 
00000074 355c6d616b65 
0000007a 00 
0000007b 474853204320    289 	.strz	"GHS C 2015.1.7 [dual]"
00000081 323031352e31 
00000087 2e37205b6475 
0000008d 616c5d00 
00000091 0100            290 	.byte	1,0
00000093 00000000*       291 	.word	.Ldw_line_begin
00000097 00000000*       292 	.word	.Ldw_macinfo_begin
0000009b 00              293 	.byte	0
                         294 
                         295 	.section	.debug_abbrev
00000000 01              296 	.byte	1
00000001 11              297 	.byte	17
00000002 01              298 	.byte	1
00000003 1101            299 	.byte	17,1
00000005 1201            300 	.byte	18,1
00000007 0308            301 	.byte	3,8
00000009 1b08            302 	.byte	27,8
0000000b 2508            303 	.byte	37,8
0000000d 1305            304 	.byte	19,5
0000000f 1006            305 	.byte	16,6
00000011 4306            306 	.byte	67,6
00000013 420b            307 	.byte	66,11
00000015 0000            308 	.byte	0,0
                         309 

                                                                      Page 7
                                                              C:\Users\nhuliyap\AppData\Local\Temp\gh_00009gg1.s
                         310 	.section	.debug_line
                         311 .Ldw_line_begin:
00000000 d3030000        312 	.word	.Ldw_line_end-.Ldw_line_begin-4
00000004 0200            313 	.byte	2,0
00000006 00000000*       314 	.word	.Ldw_lpro_end-.Ldw_lpro_begin
                         315 .Ldw_lpro_begin:
0000000a 01              316 	.byte	1
0000000b 00              317 	.byte	0
0000000c 00              318 	.byte	0
0000000d 04              319 	.byte	4
0000000e 0a              320 	.byte	10
0000000f 000101          321 	.byte	0,1,1
00000012 010100          322 	.byte	1,1,0
00000015 000001          323 	.byte	0,0,1
00000018 00              324 	.byte	0
00000019 2e2e2f736f75    325 	.strz	"../source/SwcApplTpms/watcf.c"
0000001f 7263652f5377 
00000025 634170706c54 
0000002b 706d732f7761 
00000031 7463662e6300 
00000037 000000          326 	.byte	0,0,0
0000003a 2e2e2f736f75    327 	.strz	"../source/common/Std_Types.hpp"
00000040 7263652f636f 
00000046 6d6d6f6e2f53 
0000004c 74645f547970 
00000052 65732e687070 
00000058 00 
00000059 000000          328 	.byte	0,0,0
0000005c 2e2e2f736f75    329 	.strz	"../source/common/Platform_Types.hpp"
00000062 7263652f636f 
00000068 6d6d6f6e2f50 
0000006e 6c6174666f72 
00000074 6d5f54797065 
0000007a 732e68707000 
00000080 000000          330 	.byte	0,0,0
00000083 2e2e2f736f75    331 	.strz	"../source/common/Compiler.hpp"
00000089 7263652f636f 
0000008f 6d6d6f6e2f43 
00000095 6f6d70696c65 
0000009b 722e68707000 
000000a1 000000          332 	.byte	0,0,0
000000a4 2e2e2f736f75    333 	.strz	"../source/ProjectCompiler/Compiler_Cfg.hpp"
000000aa 7263652f5072 
000000b0 6f6a65637443 
000000b6 6f6d70696c65 
000000bc 722f436f6d70 
000000c2 696c65725f43 
000000c8 66672e687070 
000000ce 00 
000000cf 000000          334 	.byte	0,0,0
000000d2 2e2e2f736f75    335 	.strz	"../source/ProjectCompiler/CompilerCfg_SwcServiceOs.hpp"
000000d8 7263652f5072 
000000de 6f6a65637443 
000000e4 6f6d70696c65 
000000ea 722f436f6d70 
000000f0 696c65724366 
000000f6 675f53776353 
000000fc 657276696365 
00000102 4f732e687070 
00000108 00 
00000109 000000          336 	.byte	0,0,0

                                                                      Page 8
                                                              C:\Users\nhuliyap\AppData\Local\Temp\gh_00009gg1.s
0000010c 2e2e2f736f75    337 	.strz	"../source/SwcApplTpms/iTpms_Interface.hpp"
00000112 7263652f5377 
00000118 634170706c54 
0000011e 706d732f6954 
00000124 706d735f496e 
0000012a 746572666163 
00000130 652e68707000 
00000136 000000          338 	.byte	0,0,0
00000139 2e2e2f736f75    339 	.strz	"../source/SwcApplTpms/Tpms_Rte_Data_Type.hpp"
0000013f 7263652f5377 
00000145 634170706c54 
0000014b 706d732f5470 
00000151 6d735f527465 
00000157 5f446174615f 
0000015d 547970652e68 
00000163 707000 
00000166 000000          340 	.byte	0,0,0
00000169 2e2e2f736f75    341 	.strz	"../source/McalMcu/Types.hpp"
0000016f 7263652f4d63 
00000175 616c4d63752f 
0000017b 54797065732e 
00000181 68707000 
00000185 000000          342 	.byte	0,0,0
00000188 2e2e2f736f75    343 	.strz	"../source/SwcApplTpms/SwcApplTpms_Rte.hpp"
0000018e 7263652f5377 
00000194 634170706c54 
0000019a 706d732f5377 
000001a0 634170706c54 
000001a6 706d735f5274 
000001ac 652e68707000 
000001b2 000000          344 	.byte	0,0,0
000001b5 2e2e2f736f75    345 	.strz	"../source/SwcApplTpms/SwcApplTpms_Rte_Type.hpp"
000001bb 7263652f5377 
000001c1 634170706c54 
000001c7 706d732f5377 
000001cd 634170706c54 
000001d3 706d735f5274 
000001d9 655f54797065 
000001df 2e68707000 
000001e4 000000          346 	.byte	0,0,0
000001e7 2e2e2f736f75    347 	.strz	"../source/SwcApplTpms/watcf.hpp"
000001ed 7263652f5377 
000001f3 634170706c54 
000001f9 706d732f7761 
000001ff 7463662e6870 
00000205 7000 
00000207 000000          348 	.byte	0,0,0
0000020a 2e2e2f736f75    349 	.strz	"../source/SwcApplTpms/tss_stdx.hpp"
00000210 7263652f5377 
00000216 634170706c54 
0000021c 706d732f7473 
00000222 735f73746478 
00000228 2e68707000 
0000022d 000000          350 	.byte	0,0,0
00000230 2e2e2f736f75    351 	.strz	"../source/ProjectCfg/CfgSwcApplTpms.hpp"
00000236 7263652f5072 
0000023c 6f6a65637443 
00000242 66672f436667 
00000248 537763417070 
0000024e 6c54706d732e 
00000254 68707000 

                                                                      Page 9
                                                              C:\Users\nhuliyap\AppData\Local\Temp\gh_00009gg1.s
00000258 000000          352 	.byte	0,0,0
0000025b 2e2e2f736f75    353 	.strz	"../source/SwcApplTpms/watcfX.hpp"
00000261 7263652f5377 
00000267 634170706c54 
0000026d 706d732f7761 
00000273 746366582e68 
00000279 707000 
0000027c 000000          354 	.byte	0,0,0
0000027f 2e2e2f736f75    355 	.strz	"../source/SwcApplTpms/state_fzzX.hpp"
00000285 7263652f5377 
0000028b 634170706c54 
00000291 706d732f7374 
00000297 6174655f667a 
0000029d 7a582e687070 
000002a3 00 
000002a4 000000          356 	.byte	0,0,0
000002a7 2e2e2f736f75    357 	.strz	"../source/SwcApplTpms/wallocX.hpp"
000002ad 7263652f5377 
000002b3 634170706c54 
000002b9 706d732f7761 
000002bf 6c6c6f63582e 
000002c5 68707000 
000002c9 000000          358 	.byte	0,0,0
000002cc 00              359 	.byte	0
                         360 .Ldw_lpro_end:
                         361 	.section	.debug_macinfo
                         362 .Ldw_macinfo_begin:
                         363 	.section	.debug_frame
                         364 .LDW_4cd1bf0:
00000000 00000000*       365 	.word	.LDW_unq_2-.LDW_unq_1
                         366 .LDW_unq_1:
00000004 ffffffff        367 	.byte	255,255,255,255
00000008 01              368 	.byte	1
00000009 00              369 	.byte	0
0000000a 01              370 	.byte	1
0000000b 01              371 	.byte	1
0000000c 1f              372 	.byte	31
0000000d 0c              373 	.byte	12
0000000e 03              374 	.byte	3
0000000f 00              375 	.byte	0
00000010 07              376 	.byte	7
00000011 00              377 	.byte	0
00000012 07              378 	.byte	7
00000013 01              379 	.byte	1
00000014 07              380 	.byte	7
00000015 02              381 	.byte	2
00000016 07              382 	.byte	7
00000017 03              383 	.byte	3
00000018 07              384 	.byte	7
00000019 04              385 	.byte	4
0000001a 07              386 	.byte	7
0000001b 05              387 	.byte	5
0000001c 07              388 	.byte	7
0000001d 06              389 	.byte	6
0000001e 07              390 	.byte	7
0000001f 07              391 	.byte	7
00000020 07              392 	.byte	7
00000021 08              393 	.byte	8
00000022 07              394 	.byte	7
00000023 09              395 	.byte	9
00000024 07              396 	.byte	7

                                                                      Page 10
                                                              C:\Users\nhuliyap\AppData\Local\Temp\gh_00009gg1.s
00000025 0a              397 	.byte	10
00000026 07              398 	.byte	7
00000027 0b              399 	.byte	11
00000028 07              400 	.byte	7
00000029 0c              401 	.byte	12
0000002a 07              402 	.byte	7
0000002b 0d              403 	.byte	13
0000002c 07              404 	.byte	7
0000002d 0e              405 	.byte	14
0000002e 07              406 	.byte	7
0000002f 0f              407 	.byte	15
00000030 07              408 	.byte	7
00000031 10              409 	.byte	16
00000032 07              410 	.byte	7
00000033 11              411 	.byte	17
00000034 07              412 	.byte	7
00000035 12              413 	.byte	18
00000036 07              414 	.byte	7
00000037 13              415 	.byte	19
00000038 08              416 	.byte	8
00000039 14              417 	.byte	20
0000003a 08              418 	.byte	8
0000003b 15              419 	.byte	21
0000003c 08              420 	.byte	8
0000003d 16              421 	.byte	22
0000003e 08              422 	.byte	8
0000003f 17              423 	.byte	23
00000040 08              424 	.byte	8
00000041 18              425 	.byte	24
00000042 08              426 	.byte	8
00000043 19              427 	.byte	25
00000044 08              428 	.byte	8
00000045 1a              429 	.byte	26
00000046 08              430 	.byte	8
00000047 1b              431 	.byte	27
00000048 08              432 	.byte	8
00000049 1c              433 	.byte	28
0000004a 08              434 	.byte	8
0000004b 1d              435 	.byte	29
0000004c 07              436 	.byte	7
0000004d 1e              437 	.byte	30
0000004e 08              438 	.byte	8
0000004f 1f              439 	.byte	31
00000050 07              440 	.byte	7
00000051 20              441 	.byte	32
00000052 07              442 	.byte	7
00000053 21              443 	.byte	33
00000054 07              444 	.byte	7
00000055 22              445 	.byte	34
00000056 07              446 	.byte	7
00000057 23              447 	.byte	35
00000058 07              448 	.byte	7
00000059 24              449 	.byte	36
0000005a 07              450 	.byte	7
0000005b 25              451 	.byte	37
0000005c 07              452 	.byte	7
0000005d 26              453 	.byte	38
0000005e 07              454 	.byte	7
0000005f 27              455 	.byte	39
00000060 07              456 	.byte	7
00000061 28              457 	.byte	40

                                                                      Page 11
                                                              C:\Users\nhuliyap\AppData\Local\Temp\gh_00009gg1.s
00000062 07              458 	.byte	7
00000063 29              459 	.byte	41
00000064 07              460 	.byte	7
00000065 2a              461 	.byte	42
00000066 07              462 	.byte	7
00000067 2b              463 	.byte	43
00000068 07              464 	.byte	7
00000069 2c              465 	.byte	44
0000006a 07              466 	.byte	7
0000006b 2d              467 	.byte	45
0000006c 07              468 	.byte	7
0000006d 2e              469 	.byte	46
0000006e 07              470 	.byte	7
0000006f 2f              471 	.byte	47
00000070 07              472 	.byte	7
00000071 30              473 	.byte	48
00000072 07              474 	.byte	7
00000073 31              475 	.byte	49
00000074 07              476 	.byte	7
00000075 32              477 	.byte	50
00000076 07              478 	.byte	7
00000077 33              479 	.byte	51
00000078 07              480 	.byte	7
00000079 34              481 	.byte	52
0000007a 07              482 	.byte	7
0000007b 35              483 	.byte	53
0000007c 07              484 	.byte	7
0000007d 36              485 	.byte	54
0000007e 07              486 	.byte	7
0000007f 37              487 	.byte	55
00000080 07              488 	.byte	7
00000081 38              489 	.byte	56
00000082 07              490 	.byte	7
00000083 39              491 	.byte	57
00000084 07              492 	.byte	7
00000085 3a              493 	.byte	58
00000086 07              494 	.byte	7
00000087 3b              495 	.byte	59
00000088 07              496 	.byte	7
00000089 3c              497 	.byte	60
0000008a 07              498 	.byte	7
0000008b 3d              499 	.byte	61
0000008c 07              500 	.byte	7
0000008d 3e              501 	.byte	62
0000008e 07              502 	.byte	7
0000008f 3f              503 	.byte	63
                         504 .LDW_unq_2:
                         505 	.section	.debug_info
                         506 .LDW_40e6a58:
0000009c 45              507 	.byte	69
0000009d 01              508 	.byte	1
                         509 
                         510 	.section	.debug_abbrev
00000017 45              511 	.byte	69
00000018 15              512 	.byte	21
00000019 01              513 	.byte	1
0000001a 270c            514 	.byte	39,12
0000001c 0000            515 	.byte	0,0
                         516 
                         517 	.section	.debug_info
0000009e 00              518 	.byte	0

                                                                      Page 12
                                                              C:\Users\nhuliyap\AppData\Local\Temp\gh_00009gg1.s
                         519 
                         520 .LDW_40e6f28:
0000009f 25              521 	.byte	37
000000a0 756e7369676e    522 	.strz	"unsigned char"
000000a6 656420636861 
000000ac 7200 
000000ae 08              523 	.byte	8
000000af 01              524 	.byte	1
                         525 
                         526 	.section	.debug_abbrev
0000001e 25              527 	.byte	37
0000001f 24              528 	.byte	36
00000020 00              529 	.byte	0
00000021 0308            530 	.byte	3,8
00000023 3e0b            531 	.byte	62,11
00000025 0b0b            532 	.byte	11,11
00000027 0000            533 	.byte	0,0
                         534 
                         535 	.section	.debug_info
                         536 .LDW_40e7008:
000000b0 45              537 	.byte	69
000000b1 01              538 	.byte	1
                         539 
                         540 .LDW_40e1668:
000000b2 12              541 	.byte	18
000000b3 00000000*       542 	.word	.LDW_412ed28
000000b7 00              543 	.byte	0
                         544 
                         545 	.section	.debug_abbrev
00000029 12              546 	.byte	18
0000002a 05              547 	.byte	5
0000002b 00              548 	.byte	0
0000002c 4910            549 	.byte	73,16
0000002e 4b0c            550 	.byte	75,12
00000030 0000            551 	.byte	0,0
                         552 
                         553 	.section	.debug_info
000000b8 00              554 	.byte	0
                         555 
                         556 .LDW_40e6ef0:
000000b9 45              557 	.byte	69
000000ba 01              558 	.byte	1
                         559 
000000bb 00              560 	.byte	0
                         561 
                         562 .LDW_40e6da0:
000000bc 45              563 	.byte	69
000000bd 01              564 	.byte	1
                         565 
                         566 .LDW_40e17b8:
000000be 12              567 	.byte	18
000000bf 00000000*       568 	.word	.LDW_412ed28
000000c3 00              569 	.byte	0
                         570 
                         571 .LDW_40e1818:
000000c4 12              572 	.byte	18
000000c5 00000000*       573 	.word	.LDW_412ed28
000000c9 00              574 	.byte	0
                         575 
000000ca 00              576 	.byte	0
                         577 

                                                                      Page 13
                                                              C:\Users\nhuliyap\AppData\Local\Temp\gh_00009gg1.s
                         578 .LDW_40e6fd0:
000000cb 25              579 	.byte	37
000000cc 756e7369676e    580 	.strz	"unsigned short"
000000d2 65642073686f 
000000d8 727400 
000000db 07              581 	.byte	7
000000dc 02              582 	.byte	2
                         583 
                         584 .LDW_40e6b38:
000000dd 25              585 	.byte	37
000000de 756e7369676e    586 	.strz	"unsigned int"
000000e4 656420696e74 
000000ea 00 
000000eb 07              587 	.byte	7
000000ec 04              588 	.byte	4
                         589 
                         590 .LDW_40e6c50:
000000ed 25              591 	.byte	37
000000ee 696e7400        592 	.strz	"int"
000000f2 05              593 	.byte	5
000000f3 04              594 	.byte	4
                         595 
                         596 .LDW_40e6c18:
000000f4 2f              597 	.byte	47
000000f5 00000000*       598 	.word	.LDW_4127bc0
                         599 
                         600 	.section	.debug_abbrev
00000032 2f              601 	.byte	47
00000033 0f              602 	.byte	15
00000034 00              603 	.byte	0
00000035 4910            604 	.byte	73,16
00000037 0000            605 	.byte	0,0
                         606 
                         607 	.section	.debug_info
                         608 .LDW_4d01370:
000000f9 45              609 	.byte	69
000000fa 01              610 	.byte	1
                         611 
                         612 .LDW_4cffa90:
000000fb 12              613 	.byte	18
000000fc 00000000*       614 	.word	.LDW_4127bc0
00000100 00              615 	.byte	0
                         616 
                         617 .LDW_4cffb20:
00000101 12              618 	.byte	18
00000102 00000000*       619 	.word	.LDW_4127bc0
00000106 00              620 	.byte	0
                         621 
00000107 00              622 	.byte	0
                         623 
                         624 .LDW_4d01a00:
00000108 45              625 	.byte	69
00000109 01              626 	.byte	1
                         627 
0000010a 00              628 	.byte	0
                         629 
                         630 .LDW_4d01760:
0000010b 44              631 	.byte	68
0000010c 00000000*       632 	.word	.LDW_4127c70
00000110 01              633 	.byte	1
                         634 

                                                                      Page 14
                                                              C:\Users\nhuliyap\AppData\Local\Temp\gh_00009gg1.s
                         635 	.section	.debug_abbrev
00000039 44              636 	.byte	68
0000003a 15              637 	.byte	21
0000003b 01              638 	.byte	1
0000003c 4910            639 	.byte	73,16
0000003e 270c            640 	.byte	39,12
00000040 0000            641 	.byte	0,0
                         642 
                         643 	.section	.debug_info
                         644 .LDW_4cffa60:
00000111 12              645 	.byte	18
00000112 00000000*       646 	.word	.LDW_40e6c18
00000116 00              647 	.byte	0
                         648 
00000117 00              649 	.byte	0
                         650 
                         651 .LDW_4d01920:
00000118 44              652 	.byte	68
00000119 00000000*       653 	.word	.LDW_4127c70
0000011d 01              654 	.byte	1
                         655 
                         656 .LDW_4d03e48:
0000011e 12              657 	.byte	18
0000011f 00000000*       658 	.word	.LDW_4127bc0
00000123 00              659 	.byte	0
                         660 
00000124 00              661 	.byte	0
                         662 
                         663 .LDW_4127c70:
00000125 28              664 	.byte	40
00000126 626f6f6c6561    665 	.strz	"boolean"
0000012c 6e00 
0000012e 4e              666 	.byte	78
0000012f 49              667 	.byte	73
00000130 03              668 	.byte	3
00000131 00000000*       669 	.word	.LDW_40e6f28
                         670 
                         671 	.section	.debug_abbrev
00000042 28              672 	.byte	40
00000043 16              673 	.byte	22
00000044 00              674 	.byte	0
00000045 0308            675 	.byte	3,8
00000047 3b0f            676 	.byte	59,15
00000049 390f            677 	.byte	57,15
0000004b 3a0f            678 	.byte	58,15
0000004d 4910            679 	.byte	73,16
0000004f 0000            680 	.byte	0,0
                         681 
                         682 	.section	.debug_info
                         683 .LDW_412ed28:
00000135 28              684 	.byte	40
00000136 75696e743800    685 	.strz	"uint8"
0000013c 50              686 	.byte	80
0000013d 4b              687 	.byte	75
0000013e 03              688 	.byte	3
0000013f 00000000*       689 	.word	.LDW_40e6f28
                         690 
                         691 .LDW_4127bc0:
00000143 28              692 	.byte	40
00000144 75696e743136    693 	.strz	"uint16"
0000014a 00 

                                                                      Page 15
                                                              C:\Users\nhuliyap\AppData\Local\Temp\gh_00009gg1.s
0000014b 52              694 	.byte	82
0000014c 4a              695 	.byte	74
0000014d 03              696 	.byte	3
0000014e 00000000*       697 	.word	.LDW_40e6fd0
                         698 
                         699 .LDW_4cf8638:
00000152 04              700 	.byte	4
00000153 7563416c5a4f    701 	.strz	"ucAlZOTimeTicks"
00000159 54696d655469 
0000015f 636b7300 
00000163 07              702 	.byte	7
00000164 07              703 	.byte	7
00000165 0c              704 	.byte	12
00000166 00000000*       705 	.word	.LDW_412ed28
0000016a 01              706 	.byte	1
0000016b 00              707 	.byte	0
0000016c 0503            708 	.byte	5,3
0000016e 00000000*       709 	.word	_ucAlZOTimeTicks
                         710 
                         711 	.section	.debug_abbrev
00000051 04              712 	.byte	4
00000052 34              713 	.byte	52
00000053 00              714 	.byte	0
00000054 0308            715 	.byte	3,8
00000056 3b0f            716 	.byte	59,15
00000058 390f            717 	.byte	57,15
0000005a 3a0f            718 	.byte	58,15
0000005c 4910            719 	.byte	73,16
0000005e 3f0c            720 	.byte	63,12
00000060 3c0c            721 	.byte	60,12
00000062 020a            722 	.byte	2,10
00000064 0000            723 	.byte	0,0
                         724 
                         725 	.section	.debug_info
                         726 .LDW_4d009b0:
00000172 15              727 	.byte	21
00000173 53657452656c    728 	.strz	"SetRelAlarmAlZOTimeOS"
00000179 416c61726d41 
0000017f 6c5a4f54696d 
00000185 654f5300 
00000189 71              729 	.byte	113
0000018a 10              730 	.byte	16
0000018b 0a              731 	.byte	10
0000018c 01              732 	.byte	1
0000018d 00              733 	.byte	0
0000018e 01              734 	.byte	1
0000018f 01              735 	.byte	1
00000190 00              736 	.byte	0
00000191 01              737 	.byte	1
                         738 
                         739 	.section	.debug_abbrev
00000066 15              740 	.byte	21
00000067 2e              741 	.byte	46
00000068 01              742 	.byte	1
00000069 0308            743 	.byte	3,8
0000006b 3b0f            744 	.byte	59,15
0000006d 390f            745 	.byte	57,15
0000006f 3a0f            746 	.byte	58,15
00000071 3c0c            747 	.byte	60,12
00000073 200b            748 	.byte	32,11
00000075 3f0c            749 	.byte	63,12

                                                                      Page 16
                                                              C:\Users\nhuliyap\AppData\Local\Temp\gh_00009gg1.s
00000077 320b            750 	.byte	50,11
00000079 4c0b            751 	.byte	76,11
0000007b 270c            752 	.byte	39,12
0000007d 0000            753 	.byte	0,0
                         754 
                         755 	.section	.debug_info
00000192 00              756 	.byte	0
                         757 
                         758 .LDW_4d038f0:
00000193 15              759 	.byte	21
00000194 43616e63656c    760 	.strz	"CancelAlarmAlZOTimeOS"
0000019a 416c61726d41 
000001a0 6c5a4f54696d 
000001a6 654f5300 
000001aa 79              761 	.byte	121
000001ab 10              762 	.byte	16
000001ac 0a              763 	.byte	10
000001ad 01              764 	.byte	1
000001ae 00              765 	.byte	0
000001af 01              766 	.byte	1
000001b0 01              767 	.byte	1
000001b1 00              768 	.byte	0
000001b2 01              769 	.byte	1
                         770 
000001b3 00              771 	.byte	0
                         772 
                         773 .LDW_4d030a0:
000001b4 16              774 	.byte	22
000001b5 476574416c61    775 	.strz	"GetAlarmAlZOTimeOS"
000001bb 726d416c5a4f 
000001c1 54696d654f53 
000001c7 00 
000001c8 7c              776 	.byte	124
000001c9 10              777 	.byte	16
000001ca 0a              778 	.byte	10
000001cb 00000000*       779 	.word	.LDW_4127c70
000001cf 01              780 	.byte	1
000001d0 00              781 	.byte	0
000001d1 01              782 	.byte	1
000001d2 01              783 	.byte	1
000001d3 00              784 	.byte	0
000001d4 01              785 	.byte	1
                         786 
                         787 	.section	.debug_abbrev
0000007f 16              788 	.byte	22
00000080 2e              789 	.byte	46
00000081 01              790 	.byte	1
00000082 0308            791 	.byte	3,8
00000084 3b0f            792 	.byte	59,15
00000086 390f            793 	.byte	57,15
00000088 3a0f            794 	.byte	58,15
0000008a 4910            795 	.byte	73,16
0000008c 3c0c            796 	.byte	60,12
0000008e 200b            797 	.byte	32,11
00000090 3f0c            798 	.byte	63,12
00000092 320b            799 	.byte	50,11
00000094 4c0b            800 	.byte	76,11
00000096 270c            801 	.byte	39,12
00000098 0000            802 	.byte	0,0
                         803 
                         804 	.section	.debug_info

                                                                      Page 17
                                                              C:\Users\nhuliyap\AppData\Local\Temp\gh_00009gg1.s
000001d5 00              805 	.byte	0
                         806 
                         807 .LDW_4d03988:
000001d6 16              808 	.byte	22
000001d7 624765744269    809 	.strz	"bGetBitFahrzeugzustandFZZ"
000001dd 74466168727a 
000001e3 6575677a7573 
000001e9 74616e64465a 
000001ef 5a00 
000001f1 11              810 	.byte	17
000001f2 10              811 	.byte	16
000001f3 10              812 	.byte	16
000001f4 00000000*       813 	.word	.LDW_4127c70
000001f8 01              814 	.byte	1
000001f9 00              815 	.byte	0
000001fa 01              816 	.byte	1
000001fb 01              817 	.byte	1
000001fc 00              818 	.byte	0
000001fd 01              819 	.byte	1
                         820 
000001fe 00              821 	.byte	0
                         822 
                         823 .LDW_412ec90:
000001ff 13              824 	.byte	19
00000200 496e69745741    825 	.strz	"InitWATCF"
00000206 54434600 
0000020a 0c              826 	.byte	12
0000020b 06              827 	.byte	6
0000020c 01              828 	.byte	1
0000020d 00000000*       829 	.word	_InitWATCF
00000211 00000000*       830 	.word	___ghs_eofn_InitWATCF
00000215 0153            831 	.byte	1,83
00000217 02              832 	.byte	2
00000218 00              833 	.byte	0
00000219 02              834 	.byte	2
0000021a 00              835 	.byte	0
0000021b 00              836 	.byte	0
0000021c 00              837 	.byte	0
0000021d 00              838 	.byte	0
0000021e 01              839 	.byte	1
0000021f 01              840 	.byte	1
00000220 00              841 	.byte	0
00000221 01              842 	.byte	1
                         843 
                         844 	.section	.debug_abbrev
0000009a 13              845 	.byte	19
0000009b 2e              846 	.byte	46
0000009c 01              847 	.byte	1
0000009d 0308            848 	.byte	3,8
0000009f 3b0f            849 	.byte	59,15
000000a1 390f            850 	.byte	57,15
000000a3 3a0f            851 	.byte	58,15
000000a5 1101            852 	.byte	17,1
000000a7 1201            853 	.byte	18,1
000000a9 400a            854 	.byte	64,10
000000ab 8341            855 	.byte	131,65
000000ad 0f              856 	.byte	15
000000ae 8741            857 	.byte	135,65
000000b0 0d              858 	.byte	13
000000b1 8541            859 	.byte	133,65
000000b3 0f              860 	.byte	15

                                                                      Page 18
                                                              C:\Users\nhuliyap\AppData\Local\Temp\gh_00009gg1.s
000000b4 8641            861 	.byte	134,65
000000b6 0d              862 	.byte	13
000000b7 9241            863 	.byte	146,65
000000b9 0f              864 	.byte	15
000000ba 3c0c            865 	.byte	60,12
000000bc 200b            866 	.byte	32,11
000000be 3f0c            867 	.byte	63,12
000000c0 320b            868 	.byte	50,11
000000c2 4c0b            869 	.byte	76,11
000000c4 270c            870 	.byte	39,12
000000c6 0000            871 	.byte	0,0
                         872 
                         873 	.section	.debug_frame
                         874 .LDW_4cfd550:
00000090 00000000*       875 	.word	.LDW_unq_4-.LDW_unq_3
                         876 .LDW_unq_3:
00000094 00000000*       877 	.word	.LDW_4cd1bf0
00000098 00000000*       878 	.word	_InitWATCF
0000009c 00000000*       879 	.word	___ghs_eofn_InitWATCF-_InitWATCF
000000a0 01              880 	.byte	1
000000a1 00000000*       881 	.word	.LDW11
000000a5 00              882 	.byte	0
000000a6 00              883 	.byte	0
000000a7 00              884 	.byte	0
                         885 .LDW_unq_4:
                         886 	.section	.debug_line
000002cd 000502          887 	.byte	0,5,2
000002d0 00000000*       888 	.word	_InitWATCF
000002d4 06              889 	.byte	6
000002d5 03              890 	.byte	3
000002d6 0d              891 	.byte	13
000002d7 02              892 	.byte	2
000002d8 00              893 	.byte	0
000002d9 01              894 	.byte	1
000002da 000502          895 	.byte	0,5,2
000002dd 00000000*       896 	.word	.LDWlin1
000002e1 0b              897 	.byte	11
000002e2 02              898 	.byte	2
000002e3 02              899 	.byte	2
000002e4 000101          900 	.byte	0,1,1
                         901 	.section	.debug_info
                         902 .LDW_40e1608:
00000222 1d              903 	.byte	29
00000223 00000000*       904 	.word	.LDW01
00000227 00000000*       905 	.word	.LDW11
                         906 
                         907 	.section	.debug_abbrev
000000c8 1d              908 	.byte	29
000000c9 0b              909 	.byte	11
000000ca 01              910 	.byte	1
000000cb 1101            911 	.byte	17,1
000000cd 1201            912 	.byte	18,1
000000cf 0000            913 	.byte	0,0
                         914 
                         915 	.section	.debug_info
0000022b 00              916 	.byte	0
                         917 
0000022c 00              918 	.byte	0
                         919 
                         920 .LDW_412ed80:
0000022d 13              921 	.byte	19

                                                                      Page 19
                                                              C:\Users\nhuliyap\AppData\Local\Temp\gh_00009gg1.s
0000022e 537461727457    922 	.strz	"StartWallocTOAlarm"
00000234 616c6c6f6354 
0000023a 4f416c61726d 
00000240 00 
00000241 11              923 	.byte	17
00000242 06              924 	.byte	6
00000243 01              925 	.byte	1
00000244 00000000*       926 	.word	_StartWallocTOAlarm
00000248 00000000*       927 	.word	___ghs_eofn_StartWallocTOAlarm
0000024c 0153            928 	.byte	1,83
0000024e 02              929 	.byte	2
0000024f 00              930 	.byte	0
00000250 02              931 	.byte	2
00000251 00              932 	.byte	0
00000252 00              933 	.byte	0
00000253 00              934 	.byte	0
00000254 00              935 	.byte	0
00000255 01              936 	.byte	1
00000256 01              937 	.byte	1
00000257 00              938 	.byte	0
00000258 01              939 	.byte	1
                         940 
                         941 	.section	.debug_frame
                         942 .LDW_4cfce10:
000000a8 00000000*       943 	.word	.LDW_unq_6-.LDW_unq_5
                         944 .LDW_unq_5:
000000ac 00000000*       945 	.word	.LDW_4cd1bf0
000000b0 00000000*       946 	.word	_StartWallocTOAlarm
000000b4 00000000*       947 	.word	___ghs_eofn_StartWallocTOAlarm-_StartWallocTOAlarm
000000b8 01              948 	.byte	1
000000b9 00000000*       949 	.word	.LDW51
000000bd 00              950 	.byte	0
000000be 00              951 	.byte	0
000000bf 00              952 	.byte	0
                         953 .LDW_unq_6:
                         954 	.section	.debug_line
000002e7 000502          955 	.byte	0,5,2
000002ea 00000000*       956 	.word	_StartWallocTOAlarm
000002ee 03              957 	.byte	3
000002ef 11              958 	.byte	17
000002f0 02              959 	.byte	2
000002f1 00              960 	.byte	0
000002f2 01              961 	.byte	1
000002f3 06              962 	.byte	6
000002f4 1b              963 	.byte	27
000002f5 02              964 	.byte	2
000002f6 06              965 	.byte	6
000002f7 000101          966 	.byte	0,1,1
                         967 	.section	.debug_info
                         968 .LDW_412ee18:
00000259 0f              969 	.byte	15
0000025a 756354696d65    970 	.strz	"ucTimeInSec"
00000260 496e53656300 
00000266 12              971 	.byte	18
00000267 0a              972 	.byte	10
00000268 01              973 	.byte	1
00000269 00000000*       974 	.word	.LDW_412ed28
0000026d 00              975 	.byte	0
0000026e 0156            976 	.byte	1,86
                         977 
                         978 	.section	.debug_abbrev

                                                                      Page 20
                                                              C:\Users\nhuliyap\AppData\Local\Temp\gh_00009gg1.s
000000d1 0f              979 	.byte	15
000000d2 05              980 	.byte	5
000000d3 00              981 	.byte	0
000000d4 0308            982 	.byte	3,8
000000d6 3b0f            983 	.byte	59,15
000000d8 390f            984 	.byte	57,15
000000da 3a0f            985 	.byte	58,15
000000dc 4910            986 	.byte	73,16
000000de 4b0c            987 	.byte	75,12
000000e0 020a            988 	.byte	2,10
000000e2 0000            989 	.byte	0,0
                         990 
                         991 	.section	.debug_info
                         992 .LDW_40e1788:
00000270 1d              993 	.byte	29
00000271 00000000*       994 	.word	.LDW41
00000275 00000000*       995 	.word	.LDW51
                         996 
00000279 00              997 	.byte	0
                         998 
0000027a 00              999 	.byte	0
                        1000 
                        1001 .LDW_412ee70:
0000027b 13             1002 	.byte	19
0000027c 53746f705761   1003 	.strz	"StopWallocTOAlarm"
00000282 6c6c6f63544f 
00000288 416c61726d00 
0000028e 18             1004 	.byte	24
0000028f 06             1005 	.byte	6
00000290 01             1006 	.byte	1
00000291 00000000*      1007 	.word	_StopWallocTOAlarm
00000295 00000000*      1008 	.word	___ghs_eofn_StopWallocTOAlarm
00000299 0153           1009 	.byte	1,83
0000029b 02             1010 	.byte	2
0000029c 00             1011 	.byte	0
0000029d 02             1012 	.byte	2
0000029e 00             1013 	.byte	0
0000029f 00             1014 	.byte	0
000002a0 00             1015 	.byte	0
000002a1 00             1016 	.byte	0
000002a2 01             1017 	.byte	1
000002a3 01             1018 	.byte	1
000002a4 00             1019 	.byte	0
000002a5 01             1020 	.byte	1
                        1021 
                        1022 	.section	.debug_frame
                        1023 .LDW_4cfccd0:
000000c0 00000000*      1024 	.word	.LDW_unq_8-.LDW_unq_7
                        1025 .LDW_unq_7:
000000c4 00000000*      1026 	.word	.LDW_4cd1bf0
000000c8 00000000*      1027 	.word	_StopWallocTOAlarm
000000cc 00000000*      1028 	.word	___ghs_eofn_StopWallocTOAlarm-_StopWallocTOAlarm
000000d0 01             1029 	.byte	1
000000d1 00000000*      1030 	.word	.LDW71
000000d5 00             1031 	.byte	0
000000d6 00             1032 	.byte	0
000000d7 00             1033 	.byte	0
                        1034 .LDW_unq_8:
                        1035 	.section	.debug_line
000002fa 000502         1036 	.byte	0,5,2
000002fd 00000000*      1037 	.word	_StopWallocTOAlarm

                                                                      Page 21
                                                              C:\Users\nhuliyap\AppData\Local\Temp\gh_00009gg1.s
00000301 06             1038 	.byte	6
00000302 03             1039 	.byte	3
00000303 19             1040 	.byte	25
00000304 02             1041 	.byte	2
00000305 00             1042 	.byte	0
00000306 01             1043 	.byte	1
00000307 02             1044 	.byte	2
00000308 08             1045 	.byte	8
00000309 000101         1046 	.byte	0,1,1
                        1047 	.section	.debug_info
                        1048 .LDW_40e12d8:
000002a6 1d             1049 	.byte	29
000002a7 00000000*      1050 	.word	.LDW61
000002ab 00000000*      1051 	.word	.LDW71
                        1052 
000002af 00             1053 	.byte	0
                        1054 
000002b0 00             1055 	.byte	0
                        1056 
                        1057 .LDW_412ef08:
000002b1 13             1058 	.byte	19
000002b2 436f6e74726f   1059 	.strz	"ControlWATO"
000002b8 6c5741544f00 
000002be 1f             1060 	.byte	31
000002bf 06             1061 	.byte	6
000002c0 01             1062 	.byte	1
000002c1 00000000*      1063 	.word	_ControlWATO
000002c5 00000000*      1064 	.word	___ghs_eofn_ControlWATO
000002c9 0153           1065 	.byte	1,83
000002cb 828080800b     1066 	.byte	130,128,128,128,11
000002d0 0c             1067 	.byte	12
000002d1 03             1068 	.byte	3
000002d2 10             1069 	.byte	16
000002d3 00             1070 	.byte	0
000002d4 00             1071 	.byte	0
000002d5 00             1072 	.byte	0
000002d6 01             1073 	.byte	1
000002d7 01             1074 	.byte	1
000002d8 00             1075 	.byte	0
000002d9 01             1076 	.byte	1
                        1077 
                        1078 	.section	.debug_frame
                        1079 .LDW_4cfd650:
000000d8 00000000*      1080 	.word	.LDW_unq_a-.LDW_unq_9
                        1081 .LDW_unq_9:
000000dc 00000000*      1082 	.word	.LDW_4cd1bf0
000000e0 00000000*      1083 	.word	_ControlWATO
000000e4 00000000*      1084 	.word	___ghs_eofn_ControlWATO-_ControlWATO
000000e8 44             1085 	.byte	68
000000e9 9f             1086 	.byte	159
000000ea 03             1087 	.byte	3
000000eb 40             1088 	.byte	64
000000ec 9d             1089 	.byte	157
000000ed 07             1090 	.byte	7
000000ee 40             1091 	.byte	64
000000ef 9c             1092 	.byte	156
000000f0 0b             1093 	.byte	11
000000f1 01             1094 	.byte	1
000000f2 00000000*      1095 	.word	.LDW31
000000f6 00             1096 	.byte	0
000000f7 00             1097 	.byte	0

                                                                      Page 22
                                                              C:\Users\nhuliyap\AppData\Local\Temp\gh_00009gg1.s
                        1098 .LDW_unq_a:
                        1099 	.section	.debug_line
0000030c 000502         1100 	.byte	0,5,2
0000030f 00000000*      1101 	.word	_ControlWATO
00000313 03             1102 	.byte	3
00000314 20             1103 	.byte	32
00000315 02             1104 	.byte	2
00000316 00             1105 	.byte	0
00000317 01             1106 	.byte	1
00000318 06             1107 	.byte	6
00000319 34             1108 	.byte	52
0000031a 000502         1109 	.byte	0,5,2
0000031d 00000000*      1110 	.word	.LDWlin2
00000321 03             1111 	.byte	3
00000322 2c             1112 	.byte	44
00000323 02             1113 	.byte	2
00000324 00             1114 	.byte	0
00000325 01             1115 	.byte	1
00000326 0b             1116 	.byte	11
00000327 000502         1117 	.byte	0,5,2
0000032a 00000000*      1118 	.word	.LDWlin3
0000032e 0b             1119 	.byte	11
0000032f 1b             1120 	.byte	27
00000330 000502         1121 	.byte	0,5,2
00000333 00000000*      1122 	.word	.LDWlin4
00000337 03             1123 	.byte	3
00000338 53             1124 	.byte	83
00000339 02             1125 	.byte	2
0000033a 00             1126 	.byte	0
0000033b 01             1127 	.byte	1
0000033c 1b             1128 	.byte	27
0000033d 000502         1129 	.byte	0,5,2
00000340 00000000*      1130 	.word	.LDWlin5
00000344 02             1131 	.byte	2
00000345 00             1132 	.byte	0
00000346 0b             1133 	.byte	11
00000347 000502         1134 	.byte	0,5,2
0000034a 00000000*      1135 	.word	.LDWlin6
0000034e 0b             1136 	.byte	11
0000034f 000502         1137 	.byte	0,5,2
00000352 00000000*      1138 	.word	.LDWlin7
00000356 03             1139 	.byte	3
00000357 05             1140 	.byte	5
00000358 02             1141 	.byte	2
00000359 00             1142 	.byte	0
0000035a 01             1143 	.byte	1
0000035b 02             1144 	.byte	2
0000035c 00             1145 	.byte	0
0000035d 0b             1146 	.byte	11
0000035e 02             1147 	.byte	2
0000035f 00             1148 	.byte	0
00000360 0b             1149 	.byte	11
00000361 0d             1150 	.byte	13
00000362 02             1151 	.byte	2
00000363 00             1152 	.byte	0
00000364 06             1153 	.byte	6
00000365 03             1154 	.byte	3
00000366 07             1155 	.byte	7
00000367 02             1156 	.byte	2
00000368 04             1157 	.byte	4
00000369 01             1158 	.byte	1

                                                                      Page 23
                                                              C:\Users\nhuliyap\AppData\Local\Temp\gh_00009gg1.s
0000036a 03             1159 	.byte	3
0000036b 7a             1160 	.byte	122
0000036c 02             1161 	.byte	2
0000036d 00             1162 	.byte	0
0000036e 01             1163 	.byte	1
0000036f 03             1164 	.byte	3
00000370 7f             1165 	.byte	127
00000371 02             1166 	.byte	2
00000372 00             1167 	.byte	0
00000373 01             1168 	.byte	1
00000374 000502         1169 	.byte	0,5,2
00000377 00000000*      1170 	.word	.LDWlin8
0000037b 03             1171 	.byte	3
0000037c 78             1172 	.byte	120
0000037d 02             1173 	.byte	2
0000037e 00             1174 	.byte	0
0000037f 01             1175 	.byte	1
00000380 06             1176 	.byte	6
00000381 03             1177 	.byte	3
00000382 0a             1178 	.byte	10
00000383 02             1179 	.byte	2
00000384 00             1180 	.byte	0
00000385 01             1181 	.byte	1
00000386 000502         1182 	.byte	0,5,2
00000389 00000000*      1183 	.word	.LDWlin9
0000038d 03             1184 	.byte	3
0000038e 06             1185 	.byte	6
0000038f 02             1186 	.byte	2
00000390 00             1187 	.byte	0
00000391 01             1188 	.byte	1
00000392 000502         1189 	.byte	0,5,2
00000395 00000000*      1190 	.word	.LDWlin10
00000399 0d             1191 	.byte	13
0000039a 02             1192 	.byte	2
0000039b 00             1193 	.byte	0
0000039c 0b             1194 	.byte	11
0000039d 0d             1195 	.byte	13
0000039e 02             1196 	.byte	2
0000039f 00             1197 	.byte	0
000003a0 000502         1198 	.byte	0,5,2
000003a3 00000000*      1199 	.word	.LDWlin11
000003a7 0b             1200 	.byte	11
000003a8 0b             1201 	.byte	11
000003a9 000502         1202 	.byte	0,5,2
000003ac 00000000*      1203 	.word	.LDWlin12
000003b0 0b             1204 	.byte	11
000003b1 02             1205 	.byte	2
000003b2 00             1206 	.byte	0
000003b3 0b             1207 	.byte	11
000003b4 0d             1208 	.byte	13
000003b5 02             1209 	.byte	2
000003b6 00             1210 	.byte	0
000003b7 000502         1211 	.byte	0,5,2
000003ba 00000000*      1212 	.word	.LDWlin13
000003be 0b             1213 	.byte	11
000003bf 0b             1214 	.byte	11
000003c0 2b             1215 	.byte	43
000003c1 02             1216 	.byte	2
000003c2 00             1217 	.byte	0
000003c3 0b             1218 	.byte	11
000003c4 000502         1219 	.byte	0,5,2

                                                                      Page 24
                                                              C:\Users\nhuliyap\AppData\Local\Temp\gh_00009gg1.s
000003c7 00000000*      1220 	.word	.LDWlin14
000003cb 0b             1221 	.byte	11
000003cc 03             1222 	.byte	3
000003cd 06             1223 	.byte	6
000003ce 02             1224 	.byte	2
000003cf 00             1225 	.byte	0
000003d0 01             1226 	.byte	1
000003d1 0b             1227 	.byte	11
000003d2 02             1228 	.byte	2
000003d3 04             1229 	.byte	4
000003d4 000101         1230 	.byte	0,1,1
                        1231 	.section	.debug_info
                        1232 .LDW_4127b10:
000002da 0f             1233 	.byte	15
000002db 7563436f6d6d   1234 	.strz	"ucCommand"
000002e1 616e6400 
000002e5 20             1235 	.byte	32
000002e6 0a             1236 	.byte	10
000002e7 01             1237 	.byte	1
000002e8 00000000*      1238 	.word	.LDW_412ed28
000002ec 00             1239 	.byte	0
000002ed 0156           1240 	.byte	1,86
                        1241 
                        1242 .LDW_4127b68:
000002ef 0f             1243 	.byte	15
000002f0 756354696d65   1244 	.strz	"ucTimeInSec"
000002f6 496e53656300 
000002fc 21             1245 	.byte	33
000002fd 0a             1246 	.byte	10
000002fe 01             1247 	.byte	1
000002ff 00000000*      1248 	.word	.LDW_412ed28
00000303 00             1249 	.byte	0
00000304 016c           1250 	.byte	1,108
                        1251 
                        1252 .LDW_40e1848:
00000306 1d             1253 	.byte	29
00000307 00000000*      1254 	.word	.LDW21
0000030b 00000000*      1255 	.word	.LDW31
                        1256 
                        1257 .LDW_4127c18:
0000030f 04             1258 	.byte	4
00000310 75736848656c   1259 	.strz	"ushHelp"
00000316 7000 
00000318 22             1260 	.byte	34
00000319 0b             1261 	.byte	11
0000031a 01             1262 	.byte	1
0000031b 00000000*      1263 	.word	.LDW_4127bc0
0000031f 00             1264 	.byte	0
00000320 00             1265 	.byte	0
00000321 0273           1266 	.byte	2,115
00000323 02             1267 	.byte	2
                        1268 
00000324 00             1269 	.byte	0
                        1270 
00000325 00             1271 	.byte	0
                        1272 
00000326 00             1273 	.byte	0
                        1274 
                        1275 	.section	.debug_line
                        1276 .Ldw_line_end:
                        1277 	.section	.debug_macinfo

                                                                      Page 25
                                                              C:\Users\nhuliyap\AppData\Local\Temp\gh_00009gg1.s
00000000 01             1278 	.byte	1
00000001 00             1279 	.byte	0
00000002 5f5f6768735f   1280 	.strz	"__ghs__ 1"
00000008 5f203100 
0000000c 01             1281 	.byte	1
0000000d 00             1282 	.byte	0
0000000e 5f5f4c4c4f4e   1283 	.strz	"__LLONG_BIT 64"
00000014 475f42495420 
0000001a 363400 
0000001d 03             1284 	.byte	3
0000001e 00             1285 	.byte	0
0000001f 01             1286 	.byte	1
00000020 01             1287 	.byte	1
00000021 01             1288 	.byte	1
00000022 57415443465f   1289 	.strz	"WATCF_C "
00000028 432000 
0000002b 03             1290 	.byte	3
0000002c 03             1291 	.byte	3
0000002d 02             1292 	.byte	2
0000002e 03             1293 	.byte	3
0000002f 1c             1294 	.byte	28
00000030 03             1295 	.byte	3
00000031 01             1296 	.byte	1
00000032 3c             1297 	.byte	60
00000033 545255452031   1298 	.strz	"TRUE 1u"
00000039 7500 
0000003b 01             1299 	.byte	1
0000003c 40             1300 	.byte	64
0000003d 46414c534520   1301 	.strz	"FALSE 0u"
00000043 307500 
00000046 04             1302 	.byte	4
00000047 03             1303 	.byte	3
00000048 1d             1304 	.byte	29
00000049 04             1305 	.byte	4
0000004a 03             1306 	.byte	3
0000004b 1b             1307 	.byte	27
0000004c 05             1308 	.byte	5
0000004d 03             1309 	.byte	3
0000004e 54             1310 	.byte	84
0000004f 06             1311 	.byte	6
00000050 04             1312 	.byte	4
00000051 04             1313 	.byte	4
00000052 04             1314 	.byte	4
00000053 04             1315 	.byte	4
00000054 03             1316 	.byte	3
00000055 05             1317 	.byte	5
00000056 07             1318 	.byte	7
00000057 03             1319 	.byte	3
00000058 04             1320 	.byte	4
00000059 08             1321 	.byte	8
0000005a 03             1322 	.byte	3
0000005b 04             1323 	.byte	4
0000005c 09             1324 	.byte	9
0000005d 04             1325 	.byte	4
0000005e 01             1326 	.byte	1
0000005f 0e             1327 	.byte	14
00000060 50524f445543   1328 	.strz	"PRODUCTION_SW 0x0"
00000066 54494f4e5f53 
0000006c 572030783000 
00000072 01             1329 	.byte	1
00000073 0f             1330 	.byte	15

                                                                      Page 26
                                                              C:\Users\nhuliyap\AppData\Local\Temp\gh_00009gg1.s
00000074 444556454c4f   1331 	.strz	"DEVELOPMENT_SW 0x1"
0000007a 504d454e545f 
00000080 535720307831 
00000086 00 
00000087 01             1332 	.byte	1
00000088 10             1333 	.byte	16
00000089 53575f434154   1334 	.strz	"SW_CATEGORY PRODUCTION_SW"
0000008f 45474f525920 
00000095 50524f445543 
0000009b 54494f4e5f53 
000000a1 5700 
000000a3 04             1335 	.byte	4
000000a4 01             1336 	.byte	1
000000a5 06             1337 	.byte	6
000000a6 4d41585f5349   1338 	.strz	"MAX_SIZE_WS_TELEGRAM 16U"
000000ac 5a455f57535f 
000000b2 54454c454752 
000000b8 414d20313655 
000000be 00 
000000bf 01             1339 	.byte	1
000000c0 0e             1340 	.byte	14
000000c1 4e564d5f424c   1341 	.strz	"NVM_BLOCK_TYPE uint32"
000000c7 4f434b5f5459 
000000cd 50452075696e 
000000d3 74333200 
000000d7 04             1342 	.byte	4
000000d8 03             1343 	.byte	3
000000d9 06             1344 	.byte	6
000000da 0a             1345 	.byte	10
000000db 03             1346 	.byte	3
000000dc 06             1347 	.byte	6
000000dd 0b             1348 	.byte	11
000000de 04             1349 	.byte	4
000000df 01             1350 	.byte	1
000000e0 18             1351 	.byte	24
000000e1 53454e534f52   1352 	.strz	"SENSOR_AUFLOESUNG_25MBAR "
000000e7 5f4155464c4f 
000000ed 4553554e475f 
000000f3 32354d424152 
000000f9 2000 
000000fb 04             1353 	.byte	4
000000fc 03             1354 	.byte	3
000000fd 07             1355 	.byte	7
000000fe 0c             1356 	.byte	12
000000ff 03             1357 	.byte	3
00000100 04             1358 	.byte	4
00000101 0d             1359 	.byte	13
00000102 03             1360 	.byte	3
00000103 05             1361 	.byte	5
00000104 0e             1362 	.byte	14
00000105 04             1363 	.byte	4
00000106 04             1364 	.byte	4
00000107 04             1365 	.byte	4
00000108 03             1366 	.byte	3
00000109 08             1367 	.byte	8
0000010a 0f             1368 	.byte	15
0000010b 01             1369 	.byte	1
0000010c 04             1370 	.byte	4
0000010d 635741544f5f   1371 	.strz	"cWATO_STOP_ALARM ((uint8) 0x01)"
00000113 53544f505f41 
00000119 4c41524d2028 

                                                                      Page 27
                                                              C:\Users\nhuliyap\AppData\Local\Temp\gh_00009gg1.s
0000011f 2875696e7438 
00000125 292030783031 
0000012b 2900 
0000012d 01             1372 	.byte	1
0000012e 05             1373 	.byte	5
0000012f 635741544f5f   1374 	.strz	"cWATO_START_ALARM ((uint8) 0x02)"
00000135 53544152545f 
0000013b 414c41524d20 
00000141 282875696e74 
00000147 382920307830 
0000014d 322900 
00000150 01             1375 	.byte	1
00000151 06             1376 	.byte	6
00000152 635741544f5f   1377 	.strz	"cWATO_READ_ALARM ((uint8) 0x04)"
00000158 524541445f41 
0000015e 4c41524d2028 
00000164 2875696e7438 
0000016a 292030783034 
00000170 2900 
00000172 01             1378 	.byte	1
00000173 07             1379 	.byte	7
00000174 635741544f5f   1380 	.strz	"cWATO_BREAK_ALARM ((uint8) 0x08)"
0000017a 425245414b5f 
00000180 414c41524d20 
00000186 282875696e74 
0000018c 382920307830 
00000192 382900 
00000195 01             1381 	.byte	1
00000196 08             1382 	.byte	8
00000197 635741544f5f   1383 	.strz	"cWATO_RESTART_ALARM ((uint8) 0x10)"
0000019d 524553544152 
000001a3 545f414c4152 
000001a9 4d2028287569 
000001af 6e7438292030 
000001b5 7831302900 
000001ba 04             1384 	.byte	4
000001bb 03             1385 	.byte	3
000001bc 09             1386 	.byte	9
000001bd 10             1387 	.byte	16
000001be 01             1388 	.byte	1
000001bf 07             1389 	.byte	7
000001c0 6352535f5654   1390 	.strz	"cRS_VTHRES ((uint16) 0x0002)"
000001c6 485245532028 
000001cc 2875696e7431 
000001d2 362920307830 
000001d8 3030322900 
000001dd 04             1391 	.byte	4
000001de 03             1392 	.byte	3
000001df 0a             1393 	.byte	10
000001e0 11             1394 	.byte	17
000001e1 01             1395 	.byte	1
000001e2 4e             1396 	.byte	78
000001e3 756344656657   1397 	.strz	"ucDefWATOTimeInSec (unsigned char) 60"
000001e9 41544f54696d 
000001ef 65496e536563 
000001f5 2028756e7369 
000001fb 676e65642063 
00000201 686172292036 
00000207 3000 
00000209 01             1398 	.byte	1
0000020a 7b             1399 	.byte	123

                                                                      Page 28
                                                              C:\Users\nhuliyap\AppData\Local\Temp\gh_00009gg1.s
0000020b 4650412000     1400 	.strz	"FPA "
00000210 01             1401 	.byte	1
00000211 7c             1402 	.byte	124
00000212 4142535f5465   1403 	.strz	"ABS_Test_LOG_ENABLE "
00000218 73745f4c4f47 
0000021e 5f454e41424c 
00000224 452000 
00000227 04             1404 	.byte	4
00000228 04             1405 	.byte	4
00000229 00             1406 	.byte	0
                        1407 	.section	.debug_abbrev
000000e4 00             1408 	.byte	0
                        1409 	.section	.debug_info
                        1410 .Ldw_end:
                        1411 .rh850_flags REGMODE32,DATA_ALIGN8,GP_FIX,EP_NONFIX,TP_FIX,REG2_RESERVE,G3K,GHS_MISALIGN,SDA_EXTRA_REGS_0
