                                                                      Page 1
                                                              C:\Users\nhuliyap\AppData\Local\Temp\gh_00003ac1.s
Command Line: C:\ghs\comp_201517\ease850.exe -w -elf -b0 -I../source/common -I../source/ProjectCompiler -I../source/ProjectCfg -I../source/SwcApplTpms -I../source/SwcApplEcuM -I../source/SwcServiceBswM -I../source/SwcServiceEcuM -I../source/SwcServiceNvM -I../source/SwcServiceOs -I../source/SwcServiceStartUp -I../source/McalAdc -I../source/McalDio -I../source/McalGpt -I../source/McalMcu -I../source/McalWdg -I../source/wrappers -I../source/wrappers/McalAta -I../source/McalLin -I../source/McalCan -I../source/wrappers/OS -I../source/McalFls -I../source/EcuabFee -I../source/EcuabMemIf -I../source/wrappers/VStdLib -I../source/wrappers/Crc -I../source/wrappers/FBL_APPL -I../source/wrappers/NVM_MANAGER -I../source/wrappers/DEM_MANAGER -I../source/wrappers/RDC_MANAGER -I../source/wrappers/ENV_MANAGER -I../source/wrappers/SYS_MANAGER -I../source/wrappers/EcuabCanIf -I../source/EcuabCanTrcv -I../source/wrappers/SwcServiceCanSM -I../source/wrappers/SwcServiceCanTp -I../source/wrappers/SwcServiceCanTp_PreCompile -I../source/wrappers/SwcServiceCom -I../source/wrappers/SwcServiceComM -I../source/wrappers/SwcServiceDcm -I../source/wrappers/SwcServicePduR -I../source/wrappers/SwcServiceEcuM -I../source/wrappers/Bfx -I../source/wrappers/SwcServiceDem -I../source/SwcServiceCom -I../source/SwcServiceDet -I../source/SwcServiceFiM -I../source/SwcServicePduR -I../source/SwcServiceSchM -I../source/wrappers/LibAutosarDiag -I../source/wrappers/rba_BswSrv -IC:\ghs\comp_201517\lib\rh850 -cg_underscore -cpu=rh850g3k -no_v850_simd -rh850_fpsimd=none -nomacro -patch_dbo=C:\_ECU2\ECU_Rivian_A1\Target\repo_projects\pRealEcu\cR_R2023.09.15\make\output\objects\WTT.dbo -source=WTT.c -o output\objects\gh_00003ac1.o -list=output\list\WTT.lst C:\Users\nhuliyap\AppData\Local\Temp\gh_00003ac1.s 
Original File: C:\Users\nhuliyap\AppData\Local\Temp\gh_00003ac1.s
Source File: WTT.c
Directory: C:\_ECU2\ECU_Rivian_A1\Target\repo_projects\pRealEcu\cR_R2023.09.15\make
Host OS: Windows
EASE: Copyright (C) 1983-2015 Green Hills Software.  All Rights Reserved.
Release: Compiler v2015.1.7
Build Directory: [Directory] BTOWORKER6:c:/build_2015_1_bto/2015-10-21.2100-2015_1_bto/win32-comp-ecom
Revision: [VCInfo] http://toolsvc/branches/release-branch-70-bto/src@544153 (built by build)
Revision Date: Thu Oct 22 07:50:13 2015

Release Date: Thu Oct 22 09:32:32 2015

                           1 --Driver Command: ccv850 ../source/SwcApplTpms/WTT.c -cpu=rh850 -fhard
                           2 --		-ignore_callt_state_in_interrupts -large_sda -misalign_pack
                           3 --		-nofarcalls -nofloatio -no_callt -Ogeneral -Onounroll
                           4 --		-prepare_dispose -registermode=32 -reserve_r2 -sda=0
                           5 --		-shorten_loads -Wshadow --brief_diagnostics --no_commons
                           6 --		--no_wrap_diagnostics --prototype_errors --short_enum -list -G
                           7 --		-dual_debug -dwarf -X5523 -lnk=-no_xda_modifications -D
                           8 --		NOT_READY_FOR_TESTING_OR_DEPLOYMENT -D IBTCM_SW_ANPASSUNGEN -D
                           9 --		BUILD_RIVIAN -c -inline_prologue -I../source/common
                          10 --		-I../source/ProjectCompiler -I../source/ProjectCfg
                          11 --		-I../source/SwcApplTpms -I../source/SwcApplEcuM
                          12 --		-I../source/SwcServiceBswM -I../source/SwcServiceEcuM
                          13 --		-I../source/SwcServiceNvM -I../source/SwcServiceOs
                          14 --		-I../source/SwcServiceStartUp -I../source/McalAdc
                          15 --		-I../source/McalDio -I../source/McalGpt -I../source/McalMcu
                          16 --		-I../source/McalWdg -I../source/wrappers
                          17 --		-I../source/wrappers/McalAta -I../source/McalLin
                          18 --		-I../source/McalCan -I../source/wrappers/OS -I../source/McalFls
                          19 --		-I../source/EcuabFee -I../source/EcuabMemIf
                          20 --		-I../source/wrappers/VStdLib -I../source/wrappers
                          21 --		-I../source/wrappers/Crc -I../source/wrappers/FBL_APPL
                          22 --		-I../source/wrappers/NVM_MANAGER -I../source/wrappers/DEM_MANAGER
                          23 --		-I../source/wrappers/RDC_MANAGER -I../source/wrappers/ENV_MANAGER
                          24 --		-I../source/wrappers/SYS_MANAGER -I../source/wrappers/EcuabCanIf
                          25 --		-I../source/EcuabCanTrcv -I../source/wrappers/SwcServiceCanSM
                          26 --		-I../source/wrappers/SwcServiceCanTp
                          27 --		-I../source/wrappers/SwcServiceCanTp_PreCompile
                          28 --		-I../source/wrappers/SwcServiceCom
                          29 --		-I../source/wrappers/SwcServiceComM
                          30 --		-I../source/wrappers/SwcServiceDcm
                          31 --		-I../source/wrappers/SwcServicePduR
                          32 --		-I../source/wrappers/SwcServiceEcuM -I../source/wrappers/Bfx
                          33 --		-I../source/wrappers/SwcServiceDem -I../source/SwcServiceCom
                          34 --		-I../source/SwcServiceDet -I../source/SwcServiceFiM
                          35 --		-I../source/SwcServicePduR -I../source/SwcServiceSchM
                          36 --		-I../source/wrappers/LibAutosarDiag
                          37 --		-I../source/wrappers/rba_BswSrv -object_dir=output/objects
                          38 --		-list_dir=output/list
                          39 --Source File:   ../source/SwcApplTpms/WTT.c
                          40 --Directory:     
                          41 --		C:\_ECU2\ECU_Rivian_A1\Target\repo_projects\pRealEcu\cR_R2023.09.15\make
                          42 --Compile Date:  Fri Sep 15 15:31:05 2023
                          43 --Host OS:       Win32
                          44 --Version:       C-RH850 2015.1.7 RELEASE VERSION
                          45 --Release:       Compiler v2015.1.7
                          46 --Revision Date: Thu Oct 22 08:06:12 2015
                          47 --Release Date:  Thu Oct 22 09:34:32 2015
                          48 -- ecom  -g -w -OM
                          49 	.text
                          50 ..bof.C.3A.5C_ECU2.5CECU_Rivian_A1.5CTarget.5Crepo_projects.5CpRealEcu.5CcR_R2023.2E09.2E15.5Cmake.5Coutput.5Cobjects.5CWTT...43.3A.5C_ECU2.5CECU_Rivian_A1.5CTarget.5Crepo_projects.5CpRealEcu.5CcR_R2023.2E09.2E15.5Cmake..65045C99..0::

                                                                      Page 2
                                                              C:\Users\nhuliyap\AppData\Local\Temp\gh_00003ac1.s
                          51 	.align	2
                          52 ..gh.f.f.1.e.0:
                          53 	.type	..gh.f.f.1.e.0,@object
                          54 	.size	..gh.f.f.1.e.0,0
                          55 	.global	_bTW
                          56 _bTW:
00000000 8007e100         57 	prepare	{r28,r29,r31},0
00000004 06e8             58 	mov	r6,r29
                          59 --	    .bf
                          60 .LDW01:
                          61 	jarl	_NvM3_GETucVarCodTemperatureWarningThresEE,lp
                          61 <EXPANSION BEGIN>
                          61 jarl22 _NvM3_GETucVarCodTemperatureWarningThresEE , lp 
00000006 80ff0000*        61 <EXPANSION END>
                          62 --line16
                          63 ..lin.C.3A.5C_ECU2.5CECU_Rivian_A1.5CTarget.5Crepo_projects.5CpRealEcu.5CcR_R2023.2E09.2E15.5Cmake.5Coutput.5Cobjects.5CWTT.1::
                          64 .LDWlin1:
0000000a 9d370100         65 	ld.bu	0[r29],r6
0000000e 0ae0             66 	mov	r10,r28
00000010 023a             67 	mov	2,r7
                          68 	jarl	_ucGetWarnBitWN,lp
                          68 <EXPANSION BEGIN>
                          68 jarl22 _ucGetWarnBitWN , lp 
00000012 80ff0000*        68 <EXPANSION END>
                          69 --line18
                          70 ..lin.C.3A.5C_ECU2.5CECU_Rivian_A1.5CTarget.5Crepo_projects.5CpRealEcu.5CcR_R2023.2E09.2E15.5Cmake.5Coutput.5Cobjects.5CWTT.2::
                          71 .LDWlin2:
00000016 1d8f0200         72 	ld.b	2[r29],r17
0000001a e051             73 	cmp	zero,r10
0000001c fa05*            74 	bne	.L4
0000001e 0a90             75 	mov	r10,r18
                          76 --line19
                          77 ..lin.C.3A.5C_ECU2.5CECU_Rivian_A1.5CTarget.5Crepo_projects.5CpRealEcu.5CcR_R2023.2E09.2E15.5Cmake.5Coutput.5Cobjects.5CWTT.3::
                          78 .LDWlin3:
00000020 fc89             79 	cmp	r28,r17
00000022 fe0d*            80 	bge	.L9
                          81 .L8:
                          82 --line41
                          83 ..lin.C.3A.5C_ECU2.5CECU_Rivian_A1.5CTarget.5Crepo_projects.5CpRealEcu.5CcR_R2023.2E09.2E15.5Cmake.5Coutput.5Cobjects.5CWTT.4::
                          84 .LDWlin4:
00000024 1250             85 	mov	r18,r10
                          86 --	    .ef
                          87 .LDW11:
00000026 4006ff00         88 	dispose	0,{r28,r29,r31},[lp]
                          89 .L4:
                          90 --line27
                          91 ..lin.C.3A.5C_ECU2.5CECU_Rivian_A1.5CTarget.5Crepo_projects.5CpRealEcu.5CcR_R2023.2E09.2E15.5Cmake.5Coutput.5Cobjects.5CWTT.5::
                          92 .LDWlin5:
0000002a 1c86f6ff         93 	addi	-10,r28,r16
0000002e f089             94 	cmp	r16,r17
00000030 8e0d*            95 	bge	.L9
                          96 --line34
                          97 ..lin.C.3A.5C_ECU2.5CECU_Rivian_A1.5CTarget.5Crepo_projects.5CpRealEcu.5CcR_R2023.2E09.2E15.5Cmake.5Coutput.5Cobjects.5CWTT.6::
                          98 .LDWlin6:
00000032 9d370100         99 	ld.bu	0[r29],r6
00000036 023a            100 	mov	2,r7
                         101 	jarl	_ClearWarnBitWN,lp
                         101 <EXPANSION BEGIN>
                         101 jarl22 _ClearWarnBitWN , lp 
00000038 80ff0000*       101 <EXPANSION END>
                         102 --line35

                                                                      Page 3
                                                              C:\Users\nhuliyap\AppData\Local\Temp\gh_00003ac1.s
                         103 ..lin.C.3A.5C_ECU2.5CECU_Rivian_A1.5CTarget.5Crepo_projects.5CpRealEcu.5CcR_R2023.2E09.2E15.5Cmake.5Coutput.5Cobjects.5CWTT.7::
                         104 .LDWlin7:
0000003c 0092            105 	mov	0,r18
0000003e b5f5*           106 	br	.L8
                         107 .L9:
                         108 --line38
                         109 ..lin.C.3A.5C_ECU2.5CECU_Rivian_A1.5CTarget.5Crepo_projects.5CpRealEcu.5CcR_R2023.2E09.2E15.5Cmake.5Coutput.5Cobjects.5CWTT.8::
                         110 .LDWlin8:
00000040 9d370100        111 	ld.bu	0[r29],r6
00000044 023a            112 	mov	2,r7
                         113 	jarl	_ucSetWarnBitWN,lp
                         113 <EXPANSION BEGIN>
                         113 jarl22 _ucSetWarnBitWN , lp 
00000046 80ff0000*       113 <EXPANSION END>
0000004a 0a90            114 	mov	r10,r18
0000004c c5ed*           115 	br	.L8
                         116 	.global	___ghs_eofn_bTW
                         117 ___ghs_eofn_bTW:
                         118 	.type	_bTW,@function
                         119 	.size	_bTW,.-_bTW
                         120 	.align	2
                         121 --_S8_TempThreshold	r28	local
                         122 --_ucRet	r18	local
                         123 
                         124 --_ptLWD	r29	param
                         125 --_ucWarnCfg	none	param
                         126 
                         127 	.section ".bss","awb"
                         128 .L76:
                         129 	.type	.L76,@object
                         130 	.size	.L76,0
                         131 	.data
                         132 	.text
                         133 	.align	2
                         134 
                         135 	.data
                         136 	.ghsnote version,17
                         137 	.ghsnote tools,3
                         138 	.ghsnote options,144
                         139 	.text
                         140 	.align	2
                         141 ..eof.C.3A.5C_ECU2.5CECU_Rivian_A1.5CTarget.5Crepo_projects.5CpRealEcu.5CcR_R2023.2E09.2E15.5Cmake.5Coutput.5Cobjects.5CWTT...43.3A.5C_ECU2.5CECU_Rivian_A1.5CTarget.5Crepo_projects.5CpRealEcu.5CcR_R2023.2E09.2E15.5Cmake..65045C99..0::
                         142 	.section	.debug_info
                         143 .Ldw_begin:
00000000 56040000        144 	.word	.Ldw_end-.Ldw_begin-4
00000004 0200            145 	.byte	2,0
00000006 00000000*       146 	.word	.Ldw_abbr_begin
0000000a 04              147 	.byte	4
                         148 	.section	.debug_abbrev
                         149 .Ldw_abbr_begin:
                         150 	.section	.debug_info
0000000b 01              151 	.byte	1
0000000c 00000000*       152 	.word	..bof.C.3A.5C_ECU2.5CECU_Rivian_A1.5CTarget.5Crepo_projects.5CpRealEcu.5CcR_R2023.2E09.2E15.5Cmake.5Coutput.5Cobjects.5CWTT...43.3A.5C_ECU2.5CECU_Rivian_A1.5CTarget.5Crepo_projects.5CpRealEcu.5CcR_R2023.2E09.2E15.5Cmake..65045C99..0
00000010 00000000*       153 	.word	..eof.C.3A.5C_ECU2.5CECU_Rivian_A1.5CTarget.5Crepo_projects.5CpRealEcu.5CcR_R2023.2E09.2E15.5Cmake.5Coutput.5Cobjects.5CWTT...43.3A.5C_ECU2.5CECU_Rivian_A1.5CTarget.5Crepo_projects.5CpRealEcu.5CcR_R2023.2E09.2E15.5Cmake..65045C99..0
00000014 2e2e2f736f75    154 	.strz	"../source/SwcApplTpms/WTT.c"
0000001a 7263652f5377 
00000020 634170706c54 
00000026 706d732f5754 
0000002c 542e6300 
00000030 433a5c5f4543    155 	.strz	"C:\\_ECU2\\ECU_Rivian_A1\\Target\\repo_projects\\pRealEcu\\cR_R2023.09.15\\make"
00000036 55325c454355 

                                                                      Page 4
                                                              C:\Users\nhuliyap\AppData\Local\Temp\gh_00003ac1.s
0000003c 5f5269766961 
00000042 6e5f41315c54 
00000048 61726765745c 
0000004e 7265706f5f70 
00000054 726f6a656374 
0000005a 735c70526561 
00000060 6c4563755c63 
00000066 525f52323032 
0000006c 332e30392e31 
00000072 355c6d616b65 
00000078 00 
00000079 474853204320    156 	.strz	"GHS C 2015.1.7 [dual]"
0000007f 323031352e31 
00000085 2e37205b6475 
0000008b 616c5d00 
0000008f 0100            157 	.byte	1,0
00000091 00000000*       158 	.word	.Ldw_line_begin
00000095 00000000*       159 	.word	.Ldw_macinfo_begin
00000099 00              160 	.byte	0
                         161 
                         162 	.section	.debug_abbrev
00000000 01              163 	.byte	1
00000001 11              164 	.byte	17
00000002 01              165 	.byte	1
00000003 1101            166 	.byte	17,1
00000005 1201            167 	.byte	18,1
00000007 0308            168 	.byte	3,8
00000009 1b08            169 	.byte	27,8
0000000b 2508            170 	.byte	37,8
0000000d 1305            171 	.byte	19,5
0000000f 1006            172 	.byte	16,6
00000011 4306            173 	.byte	67,6
00000013 420b            174 	.byte	66,11
00000015 0000            175 	.byte	0,0
                         176 
                         177 	.section	.debug_line
                         178 .Ldw_line_begin:
00000000 23030000        179 	.word	.Ldw_line_end-.Ldw_line_begin-4
00000004 0200            180 	.byte	2,0
00000006 00000000*       181 	.word	.Ldw_lpro_end-.Ldw_lpro_begin
                         182 .Ldw_lpro_begin:
0000000a 01              183 	.byte	1
0000000b 00              184 	.byte	0
0000000c 00              185 	.byte	0
0000000d 04              186 	.byte	4
0000000e 0a              187 	.byte	10
0000000f 000101          188 	.byte	0,1,1
00000012 010100          189 	.byte	1,1,0
00000015 000001          190 	.byte	0,0,1
00000018 00              191 	.byte	0
00000019 2e2e2f736f75    192 	.strz	"../source/SwcApplTpms/WTT.c"
0000001f 7263652f5377 
00000025 634170706c54 
0000002b 706d732f5754 
00000031 542e6300 
00000035 000000          193 	.byte	0,0,0
00000038 2e2e2f736f75    194 	.strz	"../source/common/Std_Types.hpp"
0000003e 7263652f636f 
00000044 6d6d6f6e2f53 
0000004a 74645f547970 
00000050 65732e687070 

                                                                      Page 5
                                                              C:\Users\nhuliyap\AppData\Local\Temp\gh_00003ac1.s
00000056 00 
00000057 000000          195 	.byte	0,0,0
0000005a 2e2e2f736f75    196 	.strz	"../source/common/Platform_Types.hpp"
00000060 7263652f636f 
00000066 6d6d6f6e2f50 
0000006c 6c6174666f72 
00000072 6d5f54797065 
00000078 732e68707000 
0000007e 000000          197 	.byte	0,0,0
00000081 2e2e2f736f75    198 	.strz	"../source/common/Compiler.hpp"
00000087 7263652f636f 
0000008d 6d6d6f6e2f43 
00000093 6f6d70696c65 
00000099 722e68707000 
0000009f 000000          199 	.byte	0,0,0
000000a2 2e2e2f736f75    200 	.strz	"../source/ProjectCompiler/Compiler_Cfg.hpp"
000000a8 7263652f5072 
000000ae 6f6a65637443 
000000b4 6f6d70696c65 
000000ba 722f436f6d70 
000000c0 696c65725f43 
000000c6 66672e687070 
000000cc 00 
000000cd 000000          201 	.byte	0,0,0
000000d0 2e2e2f736f75    202 	.strz	"../source/ProjectCompiler/CompilerCfg_SwcServiceOs.hpp"
000000d6 7263652f5072 
000000dc 6f6a65637443 
000000e2 6f6d70696c65 
000000e8 722f436f6d70 
000000ee 696c65724366 
000000f4 675f53776353 
000000fa 657276696365 
00000100 4f732e687070 
00000106 00 
00000107 000000          203 	.byte	0,0,0
0000010a 2e2e2f736f75    204 	.strz	"../source/SwcApplTpms/iTpms_Interface.hpp"
00000110 7263652f5377 
00000116 634170706c54 
0000011c 706d732f6954 
00000122 706d735f496e 
00000128 746572666163 
0000012e 652e68707000 
00000134 000000          205 	.byte	0,0,0
00000137 2e2e2f736f75    206 	.strz	"../source/SwcApplTpms/Tpms_Rte_Data_Type.hpp"
0000013d 7263652f5377 
00000143 634170706c54 
00000149 706d732f5470 
0000014f 6d735f527465 
00000155 5f446174615f 
0000015b 547970652e68 
00000161 707000 
00000164 000000          207 	.byte	0,0,0
00000167 2e2e2f736f75    208 	.strz	"../source/McalMcu/Types.hpp"
0000016d 7263652f4d63 
00000173 616c4d63752f 
00000179 54797065732e 
0000017f 68707000 
00000183 000000          209 	.byte	0,0,0
00000186 2e2e2f736f75    210 	.strz	"../source/SwcApplTpms/SwcApplTpms_Rte.hpp"
0000018c 7263652f5377 
00000192 634170706c54 

                                                                      Page 6
                                                              C:\Users\nhuliyap\AppData\Local\Temp\gh_00003ac1.s
00000198 706d732f5377 
0000019e 634170706c54 
000001a4 706d735f5274 
000001aa 652e68707000 
000001b0 000000          211 	.byte	0,0,0
000001b3 2e2e2f736f75    212 	.strz	"../source/SwcApplTpms/SwcApplTpms_Rte_Type.hpp"
000001b9 7263652f5377 
000001bf 634170706c54 
000001c5 706d732f5377 
000001cb 634170706c54 
000001d1 706d735f5274 
000001d7 655f54797065 
000001dd 2e68707000 
000001e2 000000          213 	.byte	0,0,0
000001e5 2e2e2f736f75    214 	.strz	"../source/ProjectCfg/SwcApplTpms_NvM_If.hpp"
000001eb 7263652f5072 
000001f1 6f6a65637443 
000001f7 66672f537763 
000001fd 4170706c5470 
00000203 6d735f4e764d 
00000209 5f49662e6870 
0000020f 7000 
00000211 000000          215 	.byte	0,0,0
00000214 2e2e2f736f75    216 	.strz	"../source/SwcApplTpms/WallocX.hpp"
0000021a 7263652f5377 
00000220 634170706c54 
00000226 706d732f5761 
0000022c 6c6c6f63582e 
00000232 68707000 
00000236 000000          217 	.byte	0,0,0
00000239 2e2e2f736f75    218 	.strz	"../source/SwcApplTpms/global.hpp"
0000023f 7263652f5377 
00000245 634170706c54 
0000024b 706d732f676c 
00000251 6f62616c2e68 
00000257 707000 
0000025a 000000          219 	.byte	0,0,0
0000025d 2e2e2f736f75    220 	.strz	"../source/SwcApplTpms/uswarn.hpp"
00000263 7263652f5377 
00000269 634170706c54 
0000026f 706d732f7573 
00000275 7761726e2e68 
0000027b 707000 
0000027e 000000          221 	.byte	0,0,0
00000281 2e2e2f736f75    222 	.strz	"../source/SwcApplTpms/WnTypePar.hpp"
00000287 7263652f5377 
0000028d 634170706c54 
00000293 706d732f576e 
00000299 547970655061 
0000029f 722e68707000 
000002a5 000000          223 	.byte	0,0,0
000002a8 00              224 	.byte	0
                         225 .Ldw_lpro_end:
                         226 	.section	.debug_macinfo
                         227 .Ldw_macinfo_begin:
                         228 	.section	.debug_frame
                         229 .LDW_4c33370:
00000000 00000000*       230 	.word	.LDW_unq_2-.LDW_unq_1
                         231 .LDW_unq_1:
00000004 ffffffff        232 	.byte	255,255,255,255
00000008 01              233 	.byte	1

                                                                      Page 7
                                                              C:\Users\nhuliyap\AppData\Local\Temp\gh_00003ac1.s
00000009 00              234 	.byte	0
0000000a 01              235 	.byte	1
0000000b 01              236 	.byte	1
0000000c 1f              237 	.byte	31
0000000d 0c              238 	.byte	12
0000000e 03              239 	.byte	3
0000000f 00              240 	.byte	0
00000010 07              241 	.byte	7
00000011 00              242 	.byte	0
00000012 07              243 	.byte	7
00000013 01              244 	.byte	1
00000014 07              245 	.byte	7
00000015 02              246 	.byte	2
00000016 07              247 	.byte	7
00000017 03              248 	.byte	3
00000018 07              249 	.byte	7
00000019 04              250 	.byte	4
0000001a 07              251 	.byte	7
0000001b 05              252 	.byte	5
0000001c 07              253 	.byte	7
0000001d 06              254 	.byte	6
0000001e 07              255 	.byte	7
0000001f 07              256 	.byte	7
00000020 07              257 	.byte	7
00000021 08              258 	.byte	8
00000022 07              259 	.byte	7
00000023 09              260 	.byte	9
00000024 07              261 	.byte	7
00000025 0a              262 	.byte	10
00000026 07              263 	.byte	7
00000027 0b              264 	.byte	11
00000028 07              265 	.byte	7
00000029 0c              266 	.byte	12
0000002a 07              267 	.byte	7
0000002b 0d              268 	.byte	13
0000002c 07              269 	.byte	7
0000002d 0e              270 	.byte	14
0000002e 07              271 	.byte	7
0000002f 0f              272 	.byte	15
00000030 07              273 	.byte	7
00000031 10              274 	.byte	16
00000032 07              275 	.byte	7
00000033 11              276 	.byte	17
00000034 07              277 	.byte	7
00000035 12              278 	.byte	18
00000036 07              279 	.byte	7
00000037 13              280 	.byte	19
00000038 08              281 	.byte	8
00000039 14              282 	.byte	20
0000003a 08              283 	.byte	8
0000003b 15              284 	.byte	21
0000003c 08              285 	.byte	8
0000003d 16              286 	.byte	22
0000003e 08              287 	.byte	8
0000003f 17              288 	.byte	23
00000040 08              289 	.byte	8
00000041 18              290 	.byte	24
00000042 08              291 	.byte	8
00000043 19              292 	.byte	25
00000044 08              293 	.byte	8
00000045 1a              294 	.byte	26

                                                                      Page 8
                                                              C:\Users\nhuliyap\AppData\Local\Temp\gh_00003ac1.s
00000046 08              295 	.byte	8
00000047 1b              296 	.byte	27
00000048 08              297 	.byte	8
00000049 1c              298 	.byte	28
0000004a 08              299 	.byte	8
0000004b 1d              300 	.byte	29
0000004c 07              301 	.byte	7
0000004d 1e              302 	.byte	30
0000004e 08              303 	.byte	8
0000004f 1f              304 	.byte	31
00000050 07              305 	.byte	7
00000051 20              306 	.byte	32
00000052 07              307 	.byte	7
00000053 21              308 	.byte	33
00000054 07              309 	.byte	7
00000055 22              310 	.byte	34
00000056 07              311 	.byte	7
00000057 23              312 	.byte	35
00000058 07              313 	.byte	7
00000059 24              314 	.byte	36
0000005a 07              315 	.byte	7
0000005b 25              316 	.byte	37
0000005c 07              317 	.byte	7
0000005d 26              318 	.byte	38
0000005e 07              319 	.byte	7
0000005f 27              320 	.byte	39
00000060 07              321 	.byte	7
00000061 28              322 	.byte	40
00000062 07              323 	.byte	7
00000063 29              324 	.byte	41
00000064 07              325 	.byte	7
00000065 2a              326 	.byte	42
00000066 07              327 	.byte	7
00000067 2b              328 	.byte	43
00000068 07              329 	.byte	7
00000069 2c              330 	.byte	44
0000006a 07              331 	.byte	7
0000006b 2d              332 	.byte	45
0000006c 07              333 	.byte	7
0000006d 2e              334 	.byte	46
0000006e 07              335 	.byte	7
0000006f 2f              336 	.byte	47
00000070 07              337 	.byte	7
00000071 30              338 	.byte	48
00000072 07              339 	.byte	7
00000073 31              340 	.byte	49
00000074 07              341 	.byte	7
00000075 32              342 	.byte	50
00000076 07              343 	.byte	7
00000077 33              344 	.byte	51
00000078 07              345 	.byte	7
00000079 34              346 	.byte	52
0000007a 07              347 	.byte	7
0000007b 35              348 	.byte	53
0000007c 07              349 	.byte	7
0000007d 36              350 	.byte	54
0000007e 07              351 	.byte	7
0000007f 37              352 	.byte	55
00000080 07              353 	.byte	7
00000081 38              354 	.byte	56
00000082 07              355 	.byte	7

                                                                      Page 9
                                                              C:\Users\nhuliyap\AppData\Local\Temp\gh_00003ac1.s
00000083 39              356 	.byte	57
00000084 07              357 	.byte	7
00000085 3a              358 	.byte	58
00000086 07              359 	.byte	7
00000087 3b              360 	.byte	59
00000088 07              361 	.byte	7
00000089 3c              362 	.byte	60
0000008a 07              363 	.byte	7
0000008b 3d              364 	.byte	61
0000008c 07              365 	.byte	7
0000008d 3e              366 	.byte	62
0000008e 07              367 	.byte	7
0000008f 3f              368 	.byte	63
                         369 .LDW_unq_2:
                         370 	.section	.debug_info
                         371 .LDW_4816ba8:
0000009a 25              372 	.byte	37
0000009b 756e7369676e    373 	.strz	"unsigned char"
000000a1 656420636861 
000000a7 7200 
000000a9 08              374 	.byte	8
000000aa 01              375 	.byte	1
                         376 
                         377 	.section	.debug_abbrev
00000017 25              378 	.byte	37
00000018 24              379 	.byte	36
00000019 00              380 	.byte	0
0000001a 0308            381 	.byte	3,8
0000001c 3e0b            382 	.byte	62,11
0000001e 0b0b            383 	.byte	11,11
00000020 0000            384 	.byte	0,0
                         385 
                         386 	.section	.debug_info
                         387 .LDW_4816eb8:
000000ab 2f              388 	.byte	47
000000ac 00000000*       389 	.word	.LDW_485edd8
                         390 
                         391 	.section	.debug_abbrev
00000022 2f              392 	.byte	47
00000023 0f              393 	.byte	15
00000024 00              394 	.byte	0
00000025 4910            395 	.byte	73,16
00000027 0000            396 	.byte	0,0
                         397 
                         398 	.section	.debug_info
                         399 .LDW_4816ac8:
000000b0 44              400 	.byte	68
000000b1 00000000*       401 	.word	.LDW_4816ba8
000000b5 01              402 	.byte	1
                         403 
                         404 	.section	.debug_abbrev
00000029 44              405 	.byte	68
0000002a 15              406 	.byte	21
0000002b 01              407 	.byte	1
0000002c 4910            408 	.byte	73,16
0000002e 270c            409 	.byte	39,12
00000030 0000            410 	.byte	0,0
                         411 
                         412 	.section	.debug_info
                         413 .LDW_4811458:
000000b6 12              414 	.byte	18

                                                                      Page 10
                                                              C:\Users\nhuliyap\AppData\Local\Temp\gh_00003ac1.s
000000b7 00000000*       415 	.word	.LDW_4816eb8
000000bb 00              416 	.byte	0
                         417 
                         418 	.section	.debug_abbrev
00000032 12              419 	.byte	18
00000033 05              420 	.byte	5
00000034 00              421 	.byte	0
00000035 4910            422 	.byte	73,16
00000037 4b0c            423 	.byte	75,12
00000039 0000            424 	.byte	0,0
                         425 
                         426 	.section	.debug_info
                         427 .LDW_4811578:
000000bc 12              428 	.byte	18
000000bd 00000000*       429 	.word	.LDW_4816ba8
000000c1 00              430 	.byte	0
                         431 
000000c2 00              432 	.byte	0
                         433 
                         434 .LDW_4817040:
000000c3 25              435 	.byte	37
000000c4 7369676e6564    436 	.strz	"signed char"
000000ca 206368617200 
000000d0 06              437 	.byte	6
000000d1 01              438 	.byte	1
                         439 
                         440 .LDW_4816ef0:
000000d2 25              441 	.byte	37
000000d3 756e7369676e    442 	.strz	"unsigned short"
000000d9 65642073686f 
000000df 727400 
000000e2 07              443 	.byte	7
000000e3 02              444 	.byte	2
                         445 
                         446 .LDW_4816d30:
000000e4 25              447 	.byte	37
000000e5 696e7400        448 	.strz	"int"
000000e9 05              449 	.byte	5
000000ea 04              450 	.byte	4
                         451 
                         452 .LDW_4c49a10:
000000eb 3a              453 	.byte	58
000000ec 00              454 	.byte	0
000000ed 0c              455 	.byte	12
000000ee 00000000*       456 	.word	.LDW_4816ba8
                         457 
                         458 	.section	.debug_abbrev
0000003b 3a              459 	.byte	58
0000003c 01              460 	.byte	1
0000003d 01              461 	.byte	1
0000003e 090b            462 	.byte	9,11
00000040 0b0f            463 	.byte	11,15
00000042 4910            464 	.byte	73,16
00000044 0000            465 	.byte	0,0
                         466 
                         467 	.section	.debug_info
000000f2 32              468 	.byte	50
000000f3 00000000*       469 	.word	.LDW_4816d30
000000f7 04              470 	.byte	4
000000f8 00              471 	.byte	0
000000f9 0b              472 	.byte	11

                                                                      Page 11
                                                              C:\Users\nhuliyap\AppData\Local\Temp\gh_00003ac1.s
                         473 
                         474 	.section	.debug_abbrev
00000046 32              475 	.byte	50
00000047 21              476 	.byte	33
00000048 00              477 	.byte	0
00000049 4910            478 	.byte	73,16
0000004b 0b0f            479 	.byte	11,15
0000004d 220d            480 	.byte	34,13
0000004f 2f0d            481 	.byte	47,13
00000051 0000            482 	.byte	0,0
                         483 
                         484 	.section	.debug_info
000000fa 00              485 	.byte	0
                         486 
                         487 .LDW_4c540a0:
000000fb 44              488 	.byte	68
000000fc 00000000*       489 	.word	.LDW_485db90
00000100 01              490 	.byte	1
                         491 
00000101 00              492 	.byte	0
                         493 
                         494 .LDW_4c56958:
00000102 44              495 	.byte	68
00000103 00000000*       496 	.word	.LDW_4816ba8
00000107 01              497 	.byte	1
                         498 
                         499 .LDW_4c57518:
00000108 12              500 	.byte	18
00000109 00000000*       501 	.word	.LDW_4816ba8
0000010d 00              502 	.byte	0
                         503 
                         504 .LDW_4c57698:
0000010e 12              505 	.byte	18
0000010f 00000000*       506 	.word	.LDW_4816ba8
00000113 00              507 	.byte	0
                         508 
00000114 00              509 	.byte	0
                         510 
                         511 .LDW_4c566b8:
00000115 45              512 	.byte	69
00000116 01              513 	.byte	1
                         514 
                         515 	.section	.debug_abbrev
00000053 45              516 	.byte	69
00000054 15              517 	.byte	21
00000055 01              518 	.byte	1
00000056 270c            519 	.byte	39,12
00000058 0000            520 	.byte	0,0
                         521 
                         522 	.section	.debug_info
                         523 .LDW_4c574b8:
00000117 12              524 	.byte	18
00000118 00000000*       525 	.word	.LDW_4816ba8
0000011c 00              526 	.byte	0
                         527 
                         528 .LDW_4c57548:
0000011d 12              529 	.byte	18
0000011e 00000000*       530 	.word	.LDW_4816ba8
00000122 00              531 	.byte	0
                         532 
00000123 00              533 	.byte	0

                                                                      Page 12
                                                              C:\Users\nhuliyap\AppData\Local\Temp\gh_00003ac1.s
                         534 
                         535 .LDW_4c56878:
00000124 44              536 	.byte	68
00000125 00000000*       537 	.word	.LDW_4816ba8
00000129 01              538 	.byte	1
                         539 
                         540 .LDW_4c57458:
0000012a 12              541 	.byte	18
0000012b 00000000*       542 	.word	.LDW_4816ba8
0000012f 00              543 	.byte	0
                         544 
                         545 .LDW_4c57638:
00000130 12              546 	.byte	18
00000131 00000000*       547 	.word	.LDW_4816ba8
00000135 00              548 	.byte	0
                         549 
00000136 00              550 	.byte	0
                         551 
                         552 .LDW_485db90:
00000137 28              553 	.byte	40
00000138 73696e743800    554 	.strz	"sint8"
0000013e 4f              555 	.byte	79
0000013f 4b              556 	.byte	75
00000140 03              557 	.byte	3
00000141 00000000*       558 	.word	.LDW_4817040
                         559 
                         560 	.section	.debug_abbrev
0000005a 28              561 	.byte	40
0000005b 16              562 	.byte	22
0000005c 00              563 	.byte	0
0000005d 0308            564 	.byte	3,8
0000005f 3b0f            565 	.byte	59,15
00000061 390f            566 	.byte	57,15
00000063 3a0f            567 	.byte	58,15
00000065 4910            568 	.byte	73,16
00000067 0000            569 	.byte	0,0
                         570 
                         571 	.section	.debug_info
                         572 .LDW_485ef78:
00000145 28              573 	.byte	40
00000146 75696e743800    574 	.strz	"uint8"
0000014c 50              575 	.byte	80
0000014d 4b              576 	.byte	75
0000014e 03              577 	.byte	3
0000014f 00000000*       578 	.word	.LDW_4816ba8
                         579 
                         580 .LDW_4c45ba0:
00000153 40              581 	.byte	64
00000154 536f6c6c4461    582 	.strz	"SollDat"
0000015a 7400 
0000015c 29              583 	.byte	41
0000015d 08              584 	.byte	8
0000015e 0f              585 	.byte	15
0000015f 04              586 	.byte	4
00000160 01              587 	.byte	1
                         588 
                         589 	.section	.debug_abbrev
00000069 40              590 	.byte	64
0000006a 13              591 	.byte	19
0000006b 01              592 	.byte	1
0000006c 0308            593 	.byte	3,8

                                                                      Page 13
                                                              C:\Users\nhuliyap\AppData\Local\Temp\gh_00003ac1.s
0000006e 3b0f            594 	.byte	59,15
00000070 390f            595 	.byte	57,15
00000072 3a0f            596 	.byte	58,15
00000074 0b0f            597 	.byte	11,15
00000076 320b            598 	.byte	50,11
00000078 0000            599 	.byte	0,0
                         600 
                         601 	.section	.debug_info
                         602 .LDW_4c48c30:
00000161 23              603 	.byte	35
00000162 756350536f6c    604 	.strz	"ucPSoll"
00000168 6c00 
0000016a 2b              605 	.byte	43
0000016b 11              606 	.byte	17
0000016c 0f              607 	.byte	15
0000016d 00000000*       608 	.word	.LDW_4816ba8
00000171 0223            609 	.byte	2,35
00000173 00              610 	.byte	0
00000174 01              611 	.byte	1
                         612 
                         613 	.section	.debug_abbrev
0000007a 23              614 	.byte	35
0000007b 0d              615 	.byte	13
0000007c 00              616 	.byte	0
0000007d 0308            617 	.byte	3,8
0000007f 3b0f            618 	.byte	59,15
00000081 390f            619 	.byte	57,15
00000083 3a0f            620 	.byte	58,15
00000085 4910            621 	.byte	73,16
00000087 380a            622 	.byte	56,10
00000089 320b            623 	.byte	50,11
0000008b 0000            624 	.byte	0,0
                         625 
                         626 	.section	.debug_info
                         627 .LDW_4c48d50:
00000175 23              628 	.byte	35
00000176 736354536f6c    629 	.strz	"scTSoll"
0000017c 6c00 
0000017e 2c              630 	.byte	44
0000017f 0f              631 	.byte	15
00000180 0f              632 	.byte	15
00000181 00000000*       633 	.word	.LDW_4817040
00000185 0223            634 	.byte	2,35
00000187 01              635 	.byte	1
00000188 01              636 	.byte	1
                         637 
                         638 .LDW_4c48de0:
00000189 23              639 	.byte	35
0000018a 7573684d536f    640 	.strz	"ushMSoll"
00000190 6c6c00 
00000193 2d              641 	.byte	45
00000194 12              642 	.byte	18
00000195 0f              643 	.byte	15
00000196 00000000*       644 	.word	.LDW_4816ef0
0000019a 0223            645 	.byte	2,35
0000019c 02              646 	.byte	2
0000019d 01              647 	.byte	1
                         648 
0000019e 00              649 	.byte	0
                         650 
                         651 .LDW_4c45af0:

                                                                      Page 14
                                                              C:\Users\nhuliyap\AppData\Local\Temp\gh_00003ac1.s
0000019f 40              652 	.byte	64
000001a0 484654656c49    653 	.strz	"HFTelIntern"
000001a6 6e7465726e00 
000001ac 30              654 	.byte	48
000001ad 08              655 	.byte	8
000001ae 0f              656 	.byte	15
000001af 0c              657 	.byte	12
000001b0 01              658 	.byte	1
                         659 
                         660 .LDW_4c48be8:
000001b1 23              661 	.byte	35
000001b2 7563496400      662 	.strz	"ucId"
000001b7 32              663 	.byte	50
000001b8 11              664 	.byte	17
000001b9 0f              665 	.byte	15
000001ba 00000000*       666 	.word	.LDW_4816ba8
000001be 0223            667 	.byte	2,35
000001c0 00              668 	.byte	0
000001c1 01              669 	.byte	1
                         670 
                         671 .LDW_4c48d08:
000001c2 23              672 	.byte	35
000001c3 75635000        673 	.strz	"ucP"
000001c7 33              674 	.byte	51
000001c8 11              675 	.byte	17
000001c9 0f              676 	.byte	15
000001ca 00000000*       677 	.word	.LDW_4816ba8
000001ce 0223            678 	.byte	2,35
000001d0 01              679 	.byte	1
000001d1 01              680 	.byte	1
                         681 
                         682 .LDW_4c48e70:
000001d2 23              683 	.byte	35
000001d3 736354574500    684 	.strz	"scTWE"
000001d9 34              685 	.byte	52
000001da 0f              686 	.byte	15
000001db 0f              687 	.byte	15
000001dc 00000000*       688 	.word	.LDW_4817040
000001e0 0223            689 	.byte	2,35
000001e2 02              690 	.byte	2
000001e3 01              691 	.byte	1
                         692 
                         693 .LDW_4c48b10:
000001e4 23              694 	.byte	35
000001e5 75634c696665    695 	.strz	"ucLifeTime"
000001eb 54696d6500 
000001f0 35              696 	.byte	53
000001f1 11              697 	.byte	17
000001f2 0f              698 	.byte	15
000001f3 00000000*       699 	.word	.LDW_4816ba8
000001f7 0223            700 	.byte	2,35
000001f9 03              701 	.byte	3
000001fa 01              702 	.byte	1
                         703 
                         704 .LDW_4c48b58:
000001fb 23              705 	.byte	35
000001fc 756353746174    706 	.strz	"ucState"
00000202 6500 
00000204 36              707 	.byte	54
00000205 11              708 	.byte	17
00000206 0f              709 	.byte	15

                                                                      Page 15
                                                              C:\Users\nhuliyap\AppData\Local\Temp\gh_00003ac1.s
00000207 00000000*       710 	.word	.LDW_4816ba8
0000020b 0223            711 	.byte	2,35
0000020d 04              712 	.byte	4
0000020e 01              713 	.byte	1
                         714 
                         715 .LDW_4c48fd8:
0000020f 23              716 	.byte	35
00000210 757368566568    717 	.strz	"ushVehicleSpeed"
00000216 69636c655370 
0000021c 65656400 
00000220 37              718 	.byte	55
00000221 12              719 	.byte	18
00000222 0f              720 	.byte	15
00000223 00000000*       721 	.word	.LDW_4816ef0
00000227 0223            722 	.byte	2,35
00000229 06              723 	.byte	6
0000022a 01              724 	.byte	1
                         725 
                         726 .LDW_4c48a80:
0000022b 23              727 	.byte	35
0000022c 7363546100      728 	.strz	"scTa"
00000231 38              729 	.byte	56
00000232 0f              730 	.byte	15
00000233 0f              731 	.byte	15
00000234 00000000*       732 	.word	.LDW_4817040
00000238 0223            733 	.byte	2,35
0000023a 08              734 	.byte	8
0000023b 01              735 	.byte	1
                         736 
                         737 .LDW_4c48d98:
0000023c 23              738 	.byte	35
0000023d 736354726566    739 	.strz	"scTref"
00000243 00 
00000244 39              740 	.byte	57
00000245 0f              741 	.byte	15
00000246 0f              742 	.byte	15
00000247 00000000*       743 	.word	.LDW_4817040
0000024b 0223            744 	.byte	2,35
0000024d 09              745 	.byte	9
0000024e 01              746 	.byte	1
                         747 
                         748 .LDW_4c48f90:
0000024f 23              749 	.byte	35
00000250 75634b4c5374    750 	.strz	"ucKLState"
00000256 61746500 
0000025a 3a              751 	.byte	58
0000025b 11              752 	.byte	17
0000025c 0f              753 	.byte	15
0000025d 00000000*       754 	.word	.LDW_4816ba8
00000261 0223            755 	.byte	2,35
00000263 0a              756 	.byte	10
00000264 01              757 	.byte	1
                         758 
00000265 00              759 	.byte	0
                         760 
                         761 .LDW_4c45ca8:
00000266 42              762 	.byte	66
00000267 484654656c41    763 	.strz	"HFTelAccess"
0000026d 636365737300 
00000273 3d              764 	.byte	61
00000274 07              765 	.byte	7

                                                                      Page 16
                                                              C:\Users\nhuliyap\AppData\Local\Temp\gh_00003ac1.s
00000275 0f              766 	.byte	15
00000276 0c              767 	.byte	12
00000277 01              768 	.byte	1
                         769 
                         770 	.section	.debug_abbrev
0000008d 42              771 	.byte	66
0000008e 17              772 	.byte	23
0000008f 01              773 	.byte	1
00000090 0308            774 	.byte	3,8
00000092 3b0f            775 	.byte	59,15
00000094 390f            776 	.byte	57,15
00000096 3a0f            777 	.byte	58,15
00000098 0b0f            778 	.byte	11,15
0000009a 320b            779 	.byte	50,11
0000009c 0000            780 	.byte	0,0
                         781 
                         782 	.section	.debug_info
                         783 .LDW_4c48ac8:
00000278 23              784 	.byte	35
00000279 74484600        785 	.strz	"tHF"
0000027d 3f              786 	.byte	63
0000027e 16              787 	.byte	22
0000027f 0f              788 	.byte	15
00000280 00000000*       789 	.word	.LDW_4c45af0
00000284 0223            790 	.byte	2,35
00000286 00              791 	.byte	0
00000287 01              792 	.byte	1
                         793 
                         794 .LDW_4c48eb8:
00000288 23              795 	.byte	35
00000289 756342797465    796 	.strz	"ucByte"
0000028f 00 
00000290 40              797 	.byte	64
00000291 11              798 	.byte	17
00000292 0f              799 	.byte	15
00000293 00000000*       800 	.word	.LDW_4c49a10
00000297 0223            801 	.byte	2,35
00000299 00              802 	.byte	0
0000029a 01              803 	.byte	1
                         804 
0000029b 00              805 	.byte	0
                         806 
                         807 .LDW_485edd8:
0000029c 40              808 	.byte	64
0000029d 4c6f63616c57    809 	.strz	"LocalWarnDat"
000002a3 61726e446174 
000002a9 00 
000002aa 43              810 	.byte	67
000002ab 08              811 	.byte	8
000002ac 0f              812 	.byte	15
000002ad 12              813 	.byte	18
000002ae 01              814 	.byte	1
                         815 
                         816 .LDW_4c48e28:
000002af 23              817 	.byte	35
000002b0 7448464400      818 	.strz	"tHFD"
000002b5 45              819 	.byte	69
000002b6 15              820 	.byte	21
000002b7 0f              821 	.byte	15
000002b8 00000000*       822 	.word	.LDW_4c45ca8
000002bc 0223            823 	.byte	2,35

                                                                      Page 17
                                                              C:\Users\nhuliyap\AppData\Local\Temp\gh_00003ac1.s
000002be 00              824 	.byte	0
000002bf 01              825 	.byte	1
                         826 
                         827 .LDW_4c49188:
000002c0 23              828 	.byte	35
000002c1 74534400        829 	.strz	"tSD"
000002c5 46              830 	.byte	70
000002c6 12              831 	.byte	18
000002c7 0f              832 	.byte	15
000002c8 00000000*       833 	.word	.LDW_4c45ba0
000002cc 0223            834 	.byte	2,35
000002ce 0c              835 	.byte	12
000002cf 01              836 	.byte	1
                         837 
                         838 .LDW_4c49020:
000002d0 23              839 	.byte	35
000002d1 756343757257    840 	.strz	"ucCurWarnLevel"
000002d7 61726e4c6576 
000002dd 656c00 
000002e0 47              841 	.byte	71
000002e1 11              842 	.byte	17
000002e2 0f              843 	.byte	15
000002e3 00000000*       844 	.word	.LDW_4816ba8
000002e7 0223            845 	.byte	2,35
000002e9 10              846 	.byte	16
000002ea 01              847 	.byte	1
                         848 
                         849 .LDW_4c48ba0:
000002eb 23              850 	.byte	35
000002ec 505761726d00    851 	.strz	"PWarm"
000002f2 48              852 	.byte	72
000002f3 11              853 	.byte	17
000002f4 0f              854 	.byte	15
000002f5 00000000*       855 	.word	.LDW_4816ba8
000002f9 0223            856 	.byte	2,35
000002fb 11              857 	.byte	17
000002fc 01              858 	.byte	1
                         859 
000002fd 00              860 	.byte	0
                         861 
                         862 .LDW_4c52e00:
000002fe 16              863 	.byte	22
000002ff 4e764d335f47    864 	.strz	"NvM3_GETucVarCodTemperatureWarningThresEE"
00000305 455475635661 
0000030b 72436f645465 
00000311 6d7065726174 
00000317 757265576172 
0000031d 6e696e675468 
00000323 726573454500 
00000329 55              865 	.byte	85
0000032a 0e              866 	.byte	14
0000032b 0c              867 	.byte	12
0000032c 00000000*       868 	.word	.LDW_485db90
00000330 01              869 	.byte	1
00000331 00              870 	.byte	0
00000332 01              871 	.byte	1
00000333 01              872 	.byte	1
00000334 00              873 	.byte	0
00000335 01              874 	.byte	1
                         875 
                         876 	.section	.debug_abbrev

                                                                      Page 18
                                                              C:\Users\nhuliyap\AppData\Local\Temp\gh_00003ac1.s
0000009e 16              877 	.byte	22
0000009f 2e              878 	.byte	46
000000a0 01              879 	.byte	1
000000a1 0308            880 	.byte	3,8
000000a3 3b0f            881 	.byte	59,15
000000a5 390f            882 	.byte	57,15
000000a7 3a0f            883 	.byte	58,15
000000a9 4910            884 	.byte	73,16
000000ab 3c0c            885 	.byte	60,12
000000ad 200b            886 	.byte	32,11
000000af 3f0c            887 	.byte	63,12
000000b1 320b            888 	.byte	50,11
000000b3 4c0b            889 	.byte	76,11
000000b5 270c            890 	.byte	39,12
000000b7 0000            891 	.byte	0,0
                         892 
                         893 	.section	.debug_info
00000336 00              894 	.byte	0
                         895 
                         896 .LDW_4c55400:
00000337 16              897 	.byte	22
00000338 756347657457    898 	.strz	"ucGetWarnBitWN"
0000033e 61726e426974 
00000344 574e00 
00000347 05              899 	.byte	5
00000348 17              900 	.byte	23
00000349 0f              901 	.byte	15
0000034a 00000000*       902 	.word	.LDW_4816ba8
0000034e 01              903 	.byte	1
0000034f 00              904 	.byte	0
00000350 01              905 	.byte	1
00000351 01              906 	.byte	1
00000352 00              907 	.byte	0
00000353 01              908 	.byte	1
                         909 
00000354 00              910 	.byte	0
                         911 
                         912 .LDW_4c54b18:
00000355 15              913 	.byte	21
00000356 436c65617257    914 	.strz	"ClearWarnBitWN"
0000035c 61726e426974 
00000362 574e00 
00000365 06              915 	.byte	6
00000366 0d              916 	.byte	13
00000367 0f              917 	.byte	15
00000368 01              918 	.byte	1
00000369 00              919 	.byte	0
0000036a 01              920 	.byte	1
0000036b 01              921 	.byte	1
0000036c 00              922 	.byte	0
0000036d 01              923 	.byte	1
                         924 
                         925 	.section	.debug_abbrev
000000b9 15              926 	.byte	21
000000ba 2e              927 	.byte	46
000000bb 01              928 	.byte	1
000000bc 0308            929 	.byte	3,8
000000be 3b0f            930 	.byte	59,15
000000c0 390f            931 	.byte	57,15
000000c2 3a0f            932 	.byte	58,15
000000c4 3c0c            933 	.byte	60,12

                                                                      Page 19
                                                              C:\Users\nhuliyap\AppData\Local\Temp\gh_00003ac1.s
000000c6 200b            934 	.byte	32,11
000000c8 3f0c            935 	.byte	63,12
000000ca 320b            936 	.byte	50,11
000000cc 4c0b            937 	.byte	76,11
000000ce 270c            938 	.byte	39,12
000000d0 0000            939 	.byte	0,0
                         940 
                         941 	.section	.debug_info
0000036e 00              942 	.byte	0
                         943 
                         944 .LDW_4c55498:
0000036f 16              945 	.byte	22
00000370 756353657457    946 	.strz	"ucSetWarnBitWN"
00000376 61726e426974 
0000037c 574e00 
0000037f 07              947 	.byte	7
00000380 16              948 	.byte	22
00000381 0f              949 	.byte	15
00000382 00000000*       950 	.word	.LDW_4816ba8
00000386 01              951 	.byte	1
00000387 00              952 	.byte	0
00000388 01              953 	.byte	1
00000389 01              954 	.byte	1
0000038a 00              955 	.byte	0
0000038b 01              956 	.byte	1
                         957 
0000038c 00              958 	.byte	0
                         959 
                         960 .LDW_485ee30:
0000038d 14              961 	.byte	20
0000038e 62545700        962 	.strz	"bTW"
00000392 0a              963 	.byte	10
00000393 0f              964 	.byte	15
00000394 01              965 	.byte	1
00000395 00000000*       966 	.word	.LDW_4816ba8
00000399 00000000*       967 	.word	_bTW
0000039d 00000000*       968 	.word	___ghs_eofn_bTW
000003a1 0153            969 	.byte	1,83
000003a3 828080800b      970 	.byte	130,128,128,128,11
000003a8 0c              971 	.byte	12
000003a9 03              972 	.byte	3
000003aa 0c              973 	.byte	12
000003ab 00              974 	.byte	0
000003ac 00              975 	.byte	0
000003ad 00              976 	.byte	0
000003ae 01              977 	.byte	1
000003af 01              978 	.byte	1
000003b0 00              979 	.byte	0
000003b1 01              980 	.byte	1
                         981 
                         982 	.section	.debug_abbrev
000000d2 14              983 	.byte	20
000000d3 2e              984 	.byte	46
000000d4 01              985 	.byte	1
000000d5 0308            986 	.byte	3,8
000000d7 3b0f            987 	.byte	59,15
000000d9 390f            988 	.byte	57,15
000000db 3a0f            989 	.byte	58,15
000000dd 4910            990 	.byte	73,16
000000df 1101            991 	.byte	17,1
000000e1 1201            992 	.byte	18,1

                                                                      Page 20
                                                              C:\Users\nhuliyap\AppData\Local\Temp\gh_00003ac1.s
000000e3 400a            993 	.byte	64,10
000000e5 8341            994 	.byte	131,65
000000e7 0f              995 	.byte	15
000000e8 8741            996 	.byte	135,65
000000ea 0d              997 	.byte	13
000000eb 8541            998 	.byte	133,65
000000ed 0f              999 	.byte	15
000000ee 8641           1000 	.byte	134,65
000000f0 0d             1001 	.byte	13
000000f1 9241           1002 	.byte	146,65
000000f3 0f             1003 	.byte	15
000000f4 3c0c           1004 	.byte	60,12
000000f6 200b           1005 	.byte	32,11
000000f8 3f0c           1006 	.byte	63,12
000000fa 320b           1007 	.byte	50,11
000000fc 4c0b           1008 	.byte	76,11
000000fe 270c           1009 	.byte	39,12
00000100 0000           1010 	.byte	0,0
                        1011 
                        1012 	.section	.debug_frame
                        1013 .LDW_4c473f8:
00000090 00000000*      1014 	.word	.LDW_unq_4-.LDW_unq_3
                        1015 .LDW_unq_3:
00000094 00000000*      1016 	.word	.LDW_4c33370
00000098 00000000*      1017 	.word	_bTW
0000009c 00000000*      1018 	.word	___ghs_eofn_bTW-_bTW
000000a0 44             1019 	.byte	68
000000a1 9f             1020 	.byte	159
000000a2 00             1021 	.byte	0
000000a3 40             1022 	.byte	64
000000a4 9d             1023 	.byte	157
000000a5 04             1024 	.byte	4
000000a6 40             1025 	.byte	64
000000a7 9c             1026 	.byte	156
000000a8 08             1027 	.byte	8
000000a9 01             1028 	.byte	1
000000aa 00000000*      1029 	.word	.LDW11
000000ae 00             1030 	.byte	0
000000af 00             1031 	.byte	0
                        1032 .LDW_unq_4:
                        1033 	.section	.debug_line
000002a9 000502         1034 	.byte	0,5,2
000002ac 00000000*      1035 	.word	_bTW
000002b0 03             1036 	.byte	3
000002b1 0c             1037 	.byte	12
000002b2 02             1038 	.byte	2
000002b3 00             1039 	.byte	0
000002b4 01             1040 	.byte	1
000002b5 06             1041 	.byte	6
000002b6 24             1042 	.byte	36
000002b7 000502         1043 	.byte	0,5,2
000002ba 00000000*      1044 	.word	.LDWlin1
000002be 0b             1045 	.byte	11
000002bf 000502         1046 	.byte	0,5,2
000002c2 00000000*      1047 	.word	.LDWlin2
000002c6 0c             1048 	.byte	12
000002c7 000502         1049 	.byte	0,5,2
000002ca 00000000*      1050 	.word	.LDWlin3
000002ce 02             1051 	.byte	2
000002cf 00             1052 	.byte	0
000002d0 0b             1053 	.byte	11

                                                                      Page 21
                                                              C:\Users\nhuliyap\AppData\Local\Temp\gh_00003ac1.s
000002d1 000502         1054 	.byte	0,5,2
000002d4 00000000*      1055 	.word	.LDWlin4
000002d8 03             1056 	.byte	3
000002d9 14             1057 	.byte	20
000002da 02             1058 	.byte	2
000002db 00             1059 	.byte	0
000002dc 01             1060 	.byte	1
000002dd 02             1061 	.byte	2
000002de 00             1062 	.byte	0
000002df 0b             1063 	.byte	11
000002e0 02             1064 	.byte	2
000002e1 00             1065 	.byte	0
000002e2 0b             1066 	.byte	11
000002e3 06             1067 	.byte	6
000002e4 02             1068 	.byte	2
000002e5 02             1069 	.byte	2
000002e6 06             1070 	.byte	6
000002e7 000502         1071 	.byte	0,5,2
000002ea 00000000*      1072 	.word	.LDWlin5
000002ee 03             1073 	.byte	3
000002ef 6f             1074 	.byte	111
000002f0 02             1075 	.byte	2
000002f1 00             1076 	.byte	0
000002f2 01             1077 	.byte	1
000002f3 02             1078 	.byte	2
000002f4 00             1079 	.byte	0
000002f5 0b             1080 	.byte	11
000002f6 0b             1081 	.byte	11
000002f7 0b             1082 	.byte	11
000002f8 000502         1083 	.byte	0,5,2
000002fb 00000000*      1084 	.word	.LDWlin6
000002ff 03             1085 	.byte	3
00000300 06             1086 	.byte	6
00000301 02             1087 	.byte	2
00000302 00             1088 	.byte	0
00000303 01             1089 	.byte	1
00000304 0b             1090 	.byte	11
00000305 000502         1091 	.byte	0,5,2
00000308 00000000*      1092 	.word	.LDWlin7
0000030c 0b             1093 	.byte	11
0000030d 06             1094 	.byte	6
0000030e 000502         1095 	.byte	0,5,2
00000311 00000000*      1096 	.word	.LDWlin8
00000315 03             1097 	.byte	3
00000316 74             1098 	.byte	116
00000317 02             1099 	.byte	2
00000318 00             1100 	.byte	0
00000319 01             1101 	.byte	1
0000031a 06             1102 	.byte	6
0000031b 03             1103 	.byte	3
0000031c 0d             1104 	.byte	13
0000031d 02             1105 	.byte	2
0000031e 00             1106 	.byte	0
0000031f 01             1107 	.byte	1
00000320 0b             1108 	.byte	11
00000321 0b             1109 	.byte	11
00000322 02             1110 	.byte	2
00000323 0e             1111 	.byte	14
00000324 000101         1112 	.byte	0,1,1
                        1113 	.section	.debug_info
                        1114 .LDW_485eec8:

                                                                      Page 22
                                                              C:\Users\nhuliyap\AppData\Local\Temp\gh_00003ac1.s
000003b2 0f             1115 	.byte	15
000003b3 70744c574400   1116 	.strz	"ptLWD"
000003b9 0b             1117 	.byte	11
000003ba 1c             1118 	.byte	28
000003bb 01             1119 	.byte	1
000003bc 00000000*      1120 	.word	.LDW_4816eb8
000003c0 00             1121 	.byte	0
000003c1 016d           1122 	.byte	1,109
                        1123 
                        1124 	.section	.debug_abbrev
00000102 0f             1125 	.byte	15
00000103 05             1126 	.byte	5
00000104 00             1127 	.byte	0
00000105 0308           1128 	.byte	3,8
00000107 3b0f           1129 	.byte	59,15
00000109 390f           1130 	.byte	57,15
0000010b 3a0f           1131 	.byte	58,15
0000010d 4910           1132 	.byte	73,16
0000010f 4b0c           1133 	.byte	75,12
00000111 020a           1134 	.byte	2,10
00000113 0000           1135 	.byte	0,0
                        1136 
                        1137 	.section	.debug_info
                        1138 .LDW_485ef20:
000003c3 0f             1139 	.byte	15
000003c4 75635761726e   1140 	.strz	"ucWarnCfg"
000003ca 43666700 
000003ce 0c             1141 	.byte	12
000003cf 1c             1142 	.byte	28
000003d0 01             1143 	.byte	1
000003d1 00000000*      1144 	.word	.LDW_4816ba8
000003d5 00             1145 	.byte	0
000003d6 0157           1146 	.byte	1,87
                        1147 
                        1148 .LDW_4811488:
000003d8 1d             1149 	.byte	29
000003d9 00000000*      1150 	.word	.LDW01
000003dd 00000000*      1151 	.word	.LDW11
                        1152 
                        1153 	.section	.debug_abbrev
00000115 1d             1154 	.byte	29
00000116 0b             1155 	.byte	11
00000117 01             1156 	.byte	1
00000118 1101           1157 	.byte	17,1
0000011a 1201           1158 	.byte	18,1
0000011c 0000           1159 	.byte	0,0
                        1160 
                        1161 	.section	.debug_info
                        1162 .LDW_485db38:
000003e1 05             1163 	.byte	5
000003e2 4c6f63616c57   1164 	.strz	"LocalWarnCfgToRemoveWarning"
000003e8 61726e436667 
000003ee 546f52656d6f 
000003f4 76655761726e 
000003fa 696e6700 
000003fe 0e             1165 	.byte	14
000003ff 0a             1166 	.byte	10
00000400 01             1167 	.byte	1
00000401 00000000*      1168 	.word	.LDW_485ef78
00000405 00             1169 	.byte	0
00000406 00             1170 	.byte	0

                                                                      Page 23
                                                              C:\Users\nhuliyap\AppData\Local\Temp\gh_00003ac1.s
                        1171 
                        1172 	.section	.debug_abbrev
0000011e 05             1173 	.byte	5
0000011f 34             1174 	.byte	52
00000120 00             1175 	.byte	0
00000121 0308           1176 	.byte	3,8
00000123 3b0f           1177 	.byte	59,15
00000125 390f           1178 	.byte	57,15
00000127 3a0f           1179 	.byte	58,15
00000129 4910           1180 	.byte	73,16
0000012b 3f0c           1181 	.byte	63,12
0000012d 3c0c           1182 	.byte	60,12
0000012f 0000           1183 	.byte	0,0
                        1184 
                        1185 	.section	.debug_info
                        1186 .LDW_485dbe8:
00000407 04             1187 	.byte	4
00000408 53385f54656d   1188 	.strz	"S8_TempThreshold"
0000040e 705468726573 
00000414 686f6c6400 
00000419 0f             1189 	.byte	15
0000041a 12             1190 	.byte	18
0000041b 01             1191 	.byte	1
0000041c 00000000*      1192 	.word	.LDW_485db90
00000420 00             1193 	.byte	0
00000421 00             1194 	.byte	0
00000422 016c           1195 	.byte	1,108
                        1196 
                        1197 	.section	.debug_abbrev
00000131 04             1198 	.byte	4
00000132 34             1199 	.byte	52
00000133 00             1200 	.byte	0
00000134 0308           1201 	.byte	3,8
00000136 3b0f           1202 	.byte	59,15
00000138 390f           1203 	.byte	57,15
0000013a 3a0f           1204 	.byte	58,15
0000013c 4910           1205 	.byte	73,16
0000013e 3f0c           1206 	.byte	63,12
00000140 3c0c           1207 	.byte	60,12
00000142 020a           1208 	.byte	2,10
00000144 0000           1209 	.byte	0,0
                        1210 
                        1211 	.section	.debug_info
                        1212 .LDW_485dc40:
00000424 05             1213 	.byte	5
00000425 55385f437572   1214 	.strz	"U8_CurrentWarnBitState"
0000042b 72656e745761 
00000431 726e42697453 
00000437 7461746500 
0000043c 10             1215 	.byte	16
0000043d 12             1216 	.byte	18
0000043e 01             1217 	.byte	1
0000043f 00000000*      1218 	.word	.LDW_485ef78
00000443 00             1219 	.byte	0
00000444 00             1220 	.byte	0
                        1221 
                        1222 .LDW_485dc98:
00000445 04             1223 	.byte	4
00000446 756352657400   1224 	.strz	"ucRet"
0000044c 11             1225 	.byte	17
0000044d 12             1226 	.byte	18

                                                                      Page 24
                                                              C:\Users\nhuliyap\AppData\Local\Temp\gh_00003ac1.s
0000044e 01             1227 	.byte	1
0000044f 00000000*      1228 	.word	.LDW_4816ba8
00000453 00             1229 	.byte	0
00000454 00             1230 	.byte	0
00000455 0162           1231 	.byte	1,98
                        1232 
00000457 00             1233 	.byte	0
                        1234 
00000458 00             1235 	.byte	0
                        1236 
00000459 00             1237 	.byte	0
                        1238 
                        1239 	.section	.debug_line
                        1240 .Ldw_line_end:
                        1241 	.section	.debug_macinfo
00000000 01             1242 	.byte	1
00000001 00             1243 	.byte	0
00000002 5f5f6768735f   1244 	.strz	"__ghs__ 1"
00000008 5f203100 
0000000c 01             1245 	.byte	1
0000000d 00             1246 	.byte	0
0000000e 5f5f4c4c4f4e   1247 	.strz	"__LLONG_BIT 64"
00000014 475f42495420 
0000001a 363400 
0000001d 03             1248 	.byte	3
0000001e 00             1249 	.byte	0
0000001f 01             1250 	.byte	1
00000020 03             1251 	.byte	3
00000021 01             1252 	.byte	1
00000022 02             1253 	.byte	2
00000023 03             1254 	.byte	3
00000024 1c             1255 	.byte	28
00000025 03             1256 	.byte	3
00000026 01             1257 	.byte	1
00000027 3c             1258 	.byte	60
00000028 545255452031   1259 	.strz	"TRUE 1u"
0000002e 7500 
00000030 01             1260 	.byte	1
00000031 40             1261 	.byte	64
00000032 46414c534520   1262 	.strz	"FALSE 0u"
00000038 307500 
0000003b 04             1263 	.byte	4
0000003c 03             1264 	.byte	3
0000003d 1d             1265 	.byte	29
0000003e 04             1266 	.byte	4
0000003f 03             1267 	.byte	3
00000040 1b             1268 	.byte	27
00000041 05             1269 	.byte	5
00000042 03             1270 	.byte	3
00000043 54             1271 	.byte	84
00000044 06             1272 	.byte	6
00000045 04             1273 	.byte	4
00000046 04             1274 	.byte	4
00000047 04             1275 	.byte	4
00000048 04             1276 	.byte	4
00000049 03             1277 	.byte	3
0000004a 03             1278 	.byte	3
0000004b 07             1279 	.byte	7
0000004c 03             1280 	.byte	3
0000004d 04             1281 	.byte	4
0000004e 08             1282 	.byte	8

                                                                      Page 25
                                                              C:\Users\nhuliyap\AppData\Local\Temp\gh_00003ac1.s
0000004f 03             1283 	.byte	3
00000050 04             1284 	.byte	4
00000051 09             1285 	.byte	9
00000052 04             1286 	.byte	4
00000053 01             1287 	.byte	1
00000054 0e             1288 	.byte	14
00000055 50524f445543   1289 	.strz	"PRODUCTION_SW 0x0"
0000005b 54494f4e5f53 
00000061 572030783000 
00000067 01             1290 	.byte	1
00000068 0f             1291 	.byte	15
00000069 444556454c4f   1292 	.strz	"DEVELOPMENT_SW 0x1"
0000006f 504d454e545f 
00000075 535720307831 
0000007b 00 
0000007c 01             1293 	.byte	1
0000007d 10             1294 	.byte	16
0000007e 53575f434154   1295 	.strz	"SW_CATEGORY PRODUCTION_SW"
00000084 45474f525920 
0000008a 50524f445543 
00000090 54494f4e5f53 
00000096 5700 
00000098 04             1296 	.byte	4
00000099 01             1297 	.byte	1
0000009a 06             1298 	.byte	6
0000009b 4d41585f5349   1299 	.strz	"MAX_SIZE_WS_TELEGRAM 16U"
000000a1 5a455f57535f 
000000a7 54454c454752 
000000ad 414d20313655 
000000b3 00 
000000b4 01             1300 	.byte	1
000000b5 0e             1301 	.byte	14
000000b6 4e564d5f424c   1302 	.strz	"NVM_BLOCK_TYPE uint32"
000000bc 4f434b5f5459 
000000c2 50452075696e 
000000c8 74333200 
000000cc 04             1303 	.byte	4
000000cd 03             1304 	.byte	3
000000ce 04             1305 	.byte	4
000000cf 0a             1306 	.byte	10
000000d0 03             1307 	.byte	3
000000d1 06             1308 	.byte	6
000000d2 0b             1309 	.byte	11
000000d3 04             1310 	.byte	4
000000d4 01             1311 	.byte	1
000000d5 18             1312 	.byte	24
000000d6 53454e534f52   1313 	.strz	"SENSOR_AUFLOESUNG_25MBAR "
000000dc 5f4155464c4f 
000000e2 4553554e475f 
000000e8 32354d424152 
000000ee 2000 
000000f0 04             1314 	.byte	4
000000f1 03             1315 	.byte	3
000000f2 05             1316 	.byte	5
000000f3 0c             1317 	.byte	12
000000f4 03             1318 	.byte	3
000000f5 03             1319 	.byte	3
000000f6 0d             1320 	.byte	13
000000f7 01             1321 	.byte	1
000000f8 7b             1322 	.byte	123
000000f9 4650412000     1323 	.strz	"FPA "

                                                                      Page 26
                                                              C:\Users\nhuliyap\AppData\Local\Temp\gh_00003ac1.s
000000fe 01             1324 	.byte	1
000000ff 7c             1325 	.byte	124
00000100 4142535f5465   1326 	.strz	"ABS_Test_LOG_ENABLE "
00000106 73745f4c4f47 
0000010c 5f454e41424c 
00000112 452000 
00000115 04             1327 	.byte	4
00000116 04             1328 	.byte	4
00000117 03             1329 	.byte	3
00000118 06             1330 	.byte	6
00000119 0e             1331 	.byte	14
0000011a 01             1332 	.byte	1
0000011b 0e             1333 	.byte	14
0000011c 70625f514143   1334 	.strz	"pb_QACStatic_160503 "
00000122 537461746963 
00000128 5f3136303530 
0000012e 332000 
00000131 01             1335 	.byte	1
00000132 17             1336 	.byte	23
00000133 756353756d57   1337 	.strz	"ucSumWEc (unsigned char) 4"
00000139 45632028756e 
0000013f 7369676e6564 
00000145 206368617229 
0000014b 203400 
0000014e 04             1338 	.byte	4
0000014f 03             1339 	.byte	3
00000150 07             1340 	.byte	7
00000151 0f             1341 	.byte	15
00000152 04             1342 	.byte	4
00000153 03             1343 	.byte	3
00000154 08             1344 	.byte	8
00000155 10             1345 	.byte	16
00000156 01             1346 	.byte	1
00000157 49             1347 	.byte	73
00000158 756354577863   1348 	.strz	"ucTWxc (unsigned char) 2"
0000015e 2028756e7369 
00000164 676e65642063 
0000016a 686172292032 
00000170 00 
00000171 04             1349 	.byte	4
00000172 04             1350 	.byte	4
00000173 00             1351 	.byte	0
                        1352 	.section	.debug_abbrev
00000146 00             1353 	.byte	0
                        1354 	.section	.debug_info
                        1355 .Ldw_end:
                        1356 .rh850_flags REGMODE32,DATA_ALIGN8,GP_FIX,EP_NONFIX,TP_FIX,REG2_RESERVE,G3K,GHS_MISALIGN,SDA_EXTRA_REGS_0
