                                                                      Page 1
                                                              C:\Users\nhuliyap\AppData\Local\Temp\gh_000006s1.s
Command Line: C:\ghs\comp_201517\ease850.exe -w -elf -b0 -I../source/common -I../source/ProjectCompiler -I../source/ProjectCfg -I../source/SwcApplTpms -I../source/SwcApplEcuM -I../source/SwcServiceBswM -I../source/SwcServiceEcuM -I../source/SwcServiceNvM -I../source/SwcServiceOs -I../source/SwcServiceStartUp -I../source/McalAdc -I../source/McalDio -I../source/McalGpt -I../source/McalMcu -I../source/McalWdg -I../source/wrappers -I../source/wrappers/McalAta -I../source/McalLin -I../source/McalCan -I../source/wrappers/OS -I../source/McalFls -I../source/EcuabFee -I../source/EcuabMemIf -I../source/wrappers/VStdLib -I../source/wrappers/Crc -I../source/wrappers/FBL_APPL -I../source/wrappers/NVM_MANAGER -I../source/wrappers/DEM_MANAGER -I../source/wrappers/RDC_MANAGER -I../source/wrappers/ENV_MANAGER -I../source/wrappers/SYS_MANAGER -I../source/wrappers/EcuabCanIf -I../source/EcuabCanTrcv -I../source/wrappers/SwcServiceCanSM -I../source/wrappers/SwcServiceCanTp -I../source/wrappers/SwcServiceCanTp_PreCompile -I../source/wrappers/SwcServiceCom -I../source/wrappers/SwcServiceComM -I../source/wrappers/SwcServiceDcm -I../source/wrappers/SwcServicePduR -I../source/wrappers/SwcServiceEcuM -I../source/wrappers/Bfx -I../source/wrappers/SwcServiceDem -I../source/SwcServiceCom -I../source/SwcServiceDet -I../source/SwcServiceFiM -I../source/SwcServicePduR -I../source/SwcServiceSchM -I../source/wrappers/LibAutosarDiag -I../source/wrappers/rba_BswSrv -IC:\ghs\comp_201517\lib\rh850 -cg_underscore -cpu=rh850g3k -no_v850_simd -rh850_fpsimd=none -nomacro -patch_dbo=C:\_ECU2\ECU_Rivian_A1\Target\repo_projects\pRealEcu\cR_LATEST\make\output\objects\applvect.dbo -source=applvect.c -o output\objects\gh_000006s1.o -list=output\list\applvect.lst C:\Users\nhuliyap\AppData\Local\Temp\gh_000006s1.s 
Original File: C:\Users\nhuliyap\AppData\Local\Temp\gh_000006s1.s
Source File: applvect.c
Directory: C:\_ECU2\ECU_Rivian_A1\Target\repo_projects\pRealEcu\cR_LATEST\make
Host OS: Windows
EASE: Copyright (C) 1983-2015 Green Hills Software.  All Rights Reserved.
Release: Compiler v2015.1.7
Build Directory: [Directory] BTOWORKER6:c:/build_2015_1_bto/2015-10-21.2100-2015_1_bto/win32-comp-ecom
Revision: [VCInfo] http://toolsvc/branches/release-branch-70-bto/src@544153 (built by build)
Revision Date: Thu Oct 22 07:50:13 2015

Release Date: Thu Oct 22 09:32:32 2015

                           1 --Driver Command: ccv850 ../source/wrappers/FBL_APPL/applvect.c -cpu=rh850
                           2 --		-fhard -ignore_callt_state_in_interrupts -large_sda
                           3 --		-misalign_pack -nofarcalls -nofloatio -no_callt -Ogeneral
                           4 --		-Onounroll -prepare_dispose -registermode=32 -reserve_r2 -sda=0
                           5 --		-shorten_loads -Wshadow --brief_diagnostics --no_commons
                           6 --		--no_wrap_diagnostics --prototype_errors --short_enum -list -G
                           7 --		-dual_debug -dwarf -X5523 -lnk=-no_xda_modifications -D
                           8 --		NOT_READY_FOR_TESTING_OR_DEPLOYMENT -D IBTCM_SW_ANPASSUNGEN -D
                           9 --		BUILD_RIVIAN -c -inline_prologue -I../source/common
                          10 --		-I../source/ProjectCompiler -I../source/ProjectCfg
                          11 --		-I../source/SwcApplTpms -I../source/SwcApplEcuM
                          12 --		-I../source/SwcServiceBswM -I../source/SwcServiceEcuM
                          13 --		-I../source/SwcServiceNvM -I../source/SwcServiceOs
                          14 --		-I../source/SwcServiceStartUp -I../source/McalAdc
                          15 --		-I../source/McalDio -I../source/McalGpt -I../source/McalMcu
                          16 --		-I../source/McalWdg -I../source/wrappers
                          17 --		-I../source/wrappers/McalAta -I../source/McalLin
                          18 --		-I../source/McalCan -I../source/wrappers/OS -I../source/McalFls
                          19 --		-I../source/EcuabFee -I../source/EcuabMemIf
                          20 --		-I../source/wrappers/VStdLib -I../source/wrappers
                          21 --		-I../source/wrappers/Crc -I../source/wrappers/FBL_APPL
                          22 --		-I../source/wrappers/NVM_MANAGER -I../source/wrappers/DEM_MANAGER
                          23 --		-I../source/wrappers/RDC_MANAGER -I../source/wrappers/ENV_MANAGER
                          24 --		-I../source/wrappers/SYS_MANAGER -I../source/wrappers/EcuabCanIf
                          25 --		-I../source/EcuabCanTrcv -I../source/wrappers/SwcServiceCanSM
                          26 --		-I../source/wrappers/SwcServiceCanTp
                          27 --		-I../source/wrappers/SwcServiceCanTp_PreCompile
                          28 --		-I../source/wrappers/SwcServiceCom
                          29 --		-I../source/wrappers/SwcServiceComM
                          30 --		-I../source/wrappers/SwcServiceDcm
                          31 --		-I../source/wrappers/SwcServicePduR
                          32 --		-I../source/wrappers/SwcServiceEcuM -I../source/wrappers/Bfx
                          33 --		-I../source/wrappers/SwcServiceDem -I../source/SwcServiceCom
                          34 --		-I../source/SwcServiceDet -I../source/SwcServiceFiM
                          35 --		-I../source/SwcServicePduR -I../source/SwcServiceSchM
                          36 --		-I../source/wrappers/LibAutosarDiag
                          37 --		-I../source/wrappers/rba_BswSrv -object_dir=output/objects
                          38 --		-list_dir=output/list
                          39 --Source File:   ../source/wrappers/FBL_APPL/applvect.c
                          40 --Directory:     
                          41 --		C:\_ECU2\ECU_Rivian_A1\Target\repo_projects\pRealEcu\cR_LATEST\make
                          42 --Compile Date:  Fri Sep 15 14:00:15 2023
                          43 --Host OS:       Win32
                          44 --Version:       C-RH850 2015.1.7 RELEASE VERSION
                          45 --Release:       Compiler v2015.1.7
                          46 --Revision Date: Thu Oct 22 08:06:12 2015
                          47 --Release Date:  Thu Oct 22 09:34:32 2015
                          48 -- ecom  -g -w -OM
                          49 	.text
                          50 ..bof.C.3A.5C_ECU2.5CECU_Rivian_A1.5CTarget.5Crepo_projects.5CpRealEcu.5CcR_LATEST.5Cmake.5Coutput.5Cobjects.5Capplvect...43.3A.5C_ECU2.5CECU_Rivian_A1.5CTarget.5Crepo_projects.5CpRealEcu.5CcR_LATEST.5Cmake..6504474F..0::

                                                                      Page 2
                                                              C:\Users\nhuliyap\AppData\Local\Temp\gh_000006s1.s
                          51 	.align	2
                          52 ..gh.f.f.1.e.0:
                          53 	.type	..gh.f.f.1.e.0,@object
                          54 	.size	..gh.f.f.1.e.0,0
                          55 	.global	_GetPointerToApplicationHeader
                          56 _GetPointerToApplicationHeader:
                          57 --	    .bf
                          58 .LDW01:
00000000 2a0600000000*    59 	mov	_FblBmHdrHeader,r10
                          60 --	    .ef
                          61 .LDW11:
                          62 --line57
                          63 ..lin.C.3A.5C_ECU2.5CECU_Rivian_A1.5CTarget.5Crepo_projects.5CpRealEcu.5CcR_LATEST.5Cmake.5Coutput.5Cobjects.5Capplvect.1::
                          64 .LDWlin1:
00000006 7f00             65 	jmp	[lp]
                          66 	.global	___ghs_eofn_GetPointerToApplicationHeader
                          67 ___ghs_eofn_GetPointerToApplicationHeader:
                          68 	.type	_GetPointerToApplicationHeader,@function
                          69 	.size	_GetPointerToApplicationHeader,.-_GetPointerToApplicationHeader
                          70 	.align	2
                          71 
                          72 	.section ".bss","awb"
                          73 .L33:
                          74 	.type	.L33,@object
                          75 	.size	.L33,0
                          76 	.data
                          77 	.text
                          78 	.align	2
                          79 --__APPLENTRY	__APPLENTRY	import
                          80 
                          81 	.section ".APPLVECT","a"
                          82 	.align	4
                          83 	.global	_ApplIntJmpTable
00000000 000000aa         84 _ApplIntJmpTable:	.byte	0,0,0,170
00000004 00000000*        85 	.word	__usr_init
                          86 	.type	_ApplIntJmpTable,@object
                          87 	.size	_ApplIntJmpTable,8
                          88 	.section ".FBLBMHEADERHDR","a"
                          89 	.align	4
                          90 	.global	_FblBmHdrHeader
00000000 4a9b4eb1         91 _FblBmHdrHeader:	.byte	74,155,78,177
00000004 00000000*        92 	.word	__APPLENTRY
00000008 02               93 	.byte	2
00000009 000000           94 	.space	3
0000000c 00000200         95 	.byte	0,0,2,0
00000010 00800500         96 	.byte	0,128,5,0
00000014 01               97 	.byte	1
00000015 000000           98 	.space	3
00000018 00000200         99 	.byte	0,0,2,0
0000001c 00800500        100 	.byte	0,128,5,0
                         101 	.type	_FblBmHdrHeader,@object
                         102 	.size	_FblBmHdrHeader,32
                         103 	.section ".rodata","a"
                         104 	.align	4
                         105 	.global	_FblBmHdrTargets
00000000 ff000000        106 _FblBmHdrTargets:	.byte	255,0,0,0
00000004 ff000000        107 	.byte	255,0,0,0
00000008 ff000000        108 	.byte	255,0,0,0
                         109 	.type	_FblBmHdrTargets,@object
                         110 	.size	_FblBmHdrTargets,12
                         111 	.data

                                                                      Page 3
                                                              C:\Users\nhuliyap\AppData\Local\Temp\gh_000006s1.s
                         112 	.ghsnote version,17
                         113 	.ghsnote tools,3
                         114 	.ghsnote options,144
                         115 	.text
                         116 	.align	2
                         117 ..eof.C.3A.5C_ECU2.5CECU_Rivian_A1.5CTarget.5Crepo_projects.5CpRealEcu.5CcR_LATEST.5Cmake.5Coutput.5Cobjects.5Capplvect...43.3A.5C_ECU2.5CECU_Rivian_A1.5CTarget.5Crepo_projects.5CpRealEcu.5CcR_LATEST.5Cmake..6504474F..0::
                         118 	.section	.debug_info
                         119 .Ldw_begin:
00000000 3d040000        120 	.word	.Ldw_end-.Ldw_begin-4
00000004 0200            121 	.byte	2,0
00000006 00000000*       122 	.word	.Ldw_abbr_begin
0000000a 04              123 	.byte	4
                         124 	.section	.debug_abbrev
                         125 .Ldw_abbr_begin:
                         126 	.section	.debug_info
0000000b 01              127 	.byte	1
0000000c 00000000*       128 	.word	..bof.C.3A.5C_ECU2.5CECU_Rivian_A1.5CTarget.5Crepo_projects.5CpRealEcu.5CcR_LATEST.5Cmake.5Coutput.5Cobjects.5Capplvect...43.3A.5C_ECU2.5CECU_Rivian_A1.5CTarget.5Crepo_projects.5CpRealEcu.5CcR_LATEST.5Cmake..6504474F..0
00000010 00000000*       129 	.word	..eof.C.3A.5C_ECU2.5CECU_Rivian_A1.5CTarget.5Crepo_projects.5CpRealEcu.5CcR_LATEST.5Cmake.5Coutput.5Cobjects.5Capplvect...43.3A.5C_ECU2.5CECU_Rivian_A1.5CTarget.5Crepo_projects.5CpRealEcu.5CcR_LATEST.5Cmake..6504474F..0
00000014 2e2e2f736f75    130 	.strz	"../source/wrappers/FBL_APPL/applvect.c"
0000001a 7263652f7772 
00000020 617070657273 
00000026 2f46424c5f41 
0000002c 50504c2f6170 
00000032 706c76656374 
00000038 2e6300 
0000003b 433a5c5f4543    131 	.strz	"C:\\_ECU2\\ECU_Rivian_A1\\Target\\repo_projects\\pRealEcu\\cR_LATEST\\make"
00000041 55325c454355 
00000047 5f5269766961 
0000004d 6e5f41315c54 
00000053 61726765745c 
00000059 7265706f5f70 
0000005f 726f6a656374 
00000065 735c70526561 
0000006b 6c4563755c63 
00000071 525f4c415445 
00000077 53545c6d616b 
0000007d 6500 
0000007f 474853204320    132 	.strz	"GHS C 2015.1.7 [dual]"
00000085 323031352e31 
0000008b 2e37205b6475 
00000091 616c5d00 
00000095 0100            133 	.byte	1,0
00000097 00000000*       134 	.word	.Ldw_line_begin
0000009b 00000000*       135 	.word	.Ldw_macinfo_begin
0000009f 00              136 	.byte	0
                         137 
                         138 	.section	.debug_abbrev
00000000 01              139 	.byte	1
00000001 11              140 	.byte	17
00000002 01              141 	.byte	1
00000003 1101            142 	.byte	17,1
00000005 1201            143 	.byte	18,1
00000007 0308            144 	.byte	3,8
00000009 1b08            145 	.byte	27,8
0000000b 2508            146 	.byte	37,8
0000000d 1305            147 	.byte	19,5
0000000f 1006            148 	.byte	16,6
00000011 4306            149 	.byte	67,6
00000013 420b            150 	.byte	66,11
00000015 0000            151 	.byte	0,0
                         152 

                                                                      Page 4
                                                              C:\Users\nhuliyap\AppData\Local\Temp\gh_000006s1.s
                         153 	.section	.debug_line
                         154 .Ldw_line_begin:
00000000 63020000        155 	.word	.Ldw_line_end-.Ldw_line_begin-4
00000004 0200            156 	.byte	2,0
00000006 00000000*       157 	.word	.Ldw_lpro_end-.Ldw_lpro_begin
                         158 .Ldw_lpro_begin:
0000000a 01              159 	.byte	1
0000000b 00              160 	.byte	0
0000000c 00              161 	.byte	0
0000000d 04              162 	.byte	4
0000000e 0a              163 	.byte	10
0000000f 000101          164 	.byte	0,1,1
00000012 010100          165 	.byte	1,1,0
00000015 000001          166 	.byte	0,0,1
00000018 00              167 	.byte	0
00000019 2e2e2f736f75    168 	.strz	"../source/wrappers/FBL_APPL/applvect.c"
0000001f 7263652f7772 
00000025 617070657273 
0000002b 2f46424c5f41 
00000031 50504c2f6170 
00000037 706c76656374 
0000003d 2e6300 
00000040 000000          169 	.byte	0,0,0
00000043 2e2e2f736f75    170 	.strz	"../source/common/Std_Types.hpp"
00000049 7263652f636f 
0000004f 6d6d6f6e2f53 
00000055 74645f547970 
0000005b 65732e687070 
00000061 00 
00000062 000000          171 	.byte	0,0,0
00000065 2e2e2f736f75    172 	.strz	"../source/common/Platform_Types.hpp"
0000006b 7263652f636f 
00000071 6d6d6f6e2f50 
00000077 6c6174666f72 
0000007d 6d5f54797065 
00000083 732e68707000 
00000089 000000          173 	.byte	0,0,0
0000008c 2e2e2f736f75    174 	.strz	"../source/common/Compiler.hpp"
00000092 7263652f636f 
00000098 6d6d6f6e2f43 
0000009e 6f6d70696c65 
000000a4 722e68707000 
000000aa 000000          175 	.byte	0,0,0
000000ad 2e2e2f736f75    176 	.strz	"../source/ProjectCompiler/Compiler_Cfg.hpp"
000000b3 7263652f5072 
000000b9 6f6a65637443 
000000bf 6f6d70696c65 
000000c5 722f436f6d70 
000000cb 696c65725f43 
000000d1 66672e687070 
000000d7 00 
000000d8 000000          177 	.byte	0,0,0
000000db 2e2e2f736f75    178 	.strz	"../source/ProjectCompiler/CompilerCfg_SwcServiceOs.hpp"
000000e1 7263652f5072 
000000e7 6f6a65637443 
000000ed 6f6d70696c65 
000000f3 722f436f6d70 
000000f9 696c65724366 
000000ff 675f53776353 
00000105 657276696365 
0000010b 4f732e687070 

                                                                      Page 5
                                                              C:\Users\nhuliyap\AppData\Local\Temp\gh_000006s1.s
00000111 00 
00000112 000000          179 	.byte	0,0,0
00000115 2e2e2f736f75    180 	.strz	"../source/ProjectCfg/v_cfg_fbl.hpp"
0000011b 7263652f5072 
00000121 6f6a65637443 
00000127 66672f765f63 
0000012d 66675f66626c 
00000133 2e68707000 
00000138 000000          181 	.byte	0,0,0
0000013b 2e2e2f736f75    182 	.strz	"../source/ProjectCfg/FblHal_Cfg.hpp"
00000141 7263652f5072 
00000147 6f6a65637443 
0000014d 66672f46626c 
00000153 48616c5f4366 
00000159 672e68707000 
0000015f 000000          183 	.byte	0,0,0
00000162 2e2e2f736f75    184 	.strz	"../source/wrappers/FBL_APPL/applvect.hpp"
00000168 7263652f7772 
0000016e 617070657273 
00000174 2f46424c5f41 
0000017a 50504c2f6170 
00000180 706c76656374 
00000186 2e68707000 
0000018b 000000          185 	.byte	0,0,0
0000018e 2e2e2f736f75    186 	.strz	"../source/McalMcu/Types.hpp"
00000194 7263652f4d63 
0000019a 616c4d63752f 
000001a0 54797065732e 
000001a6 68707000 
000001aa 000000          187 	.byte	0,0,0
000001ad 2e2e2f736f75    188 	.strz	"../source/McalMcu/v_def.hpp"
000001b3 7263652f4d63 
000001b9 616c4d63752f 
000001bf 765f6465662e 
000001c5 68707000 
000001c9 000000          189 	.byte	0,0,0
000001cc 2e2e2f736f75    190 	.strz	"../source/wrappers/FBL_APPL/fbl_def.hpp"
000001d2 7263652f7772 
000001d8 617070657273 
000001de 2f46424c5f41 
000001e4 50504c2f6662 
000001ea 6c5f6465662e 
000001f0 68707000 
000001f4 000000          191 	.byte	0,0,0
000001f7 2e2e2f736f75    192 	.strz	"../source/ProjectCfg/v_cfg.hpp"
000001fd 7263652f5072 
00000203 6f6a65637443 
00000209 66672f765f63 
0000020f 66672e687070 
00000215 00 
00000216 000000          193 	.byte	0,0,0
00000219 2e2e2f736f75    194 	.strz	"../source/ProjectCompiler/ApplVect_Memmap.hpp"
0000021f 7263652f5072 
00000225 6f6a65637443 
0000022b 6f6d70696c65 
00000231 722f4170706c 
00000237 566563745f4d 
0000023d 656d6d61702e 
00000243 68707000 
00000247 000000          195 	.byte	0,0,0
0000024a 00              196 	.byte	0

                                                                      Page 6
                                                              C:\Users\nhuliyap\AppData\Local\Temp\gh_000006s1.s
                         197 .Ldw_lpro_end:
                         198 	.section	.debug_macinfo
                         199 .Ldw_macinfo_begin:
                         200 	.section	.debug_frame
                         201 .LDW_4b7f490:
00000000 00000000*       202 	.word	.LDW_unq_2-.LDW_unq_1
                         203 .LDW_unq_1:
00000004 ffffffff        204 	.byte	255,255,255,255
00000008 01              205 	.byte	1
00000009 00              206 	.byte	0
0000000a 01              207 	.byte	1
0000000b 01              208 	.byte	1
0000000c 1f              209 	.byte	31
0000000d 0c              210 	.byte	12
0000000e 03              211 	.byte	3
0000000f 00              212 	.byte	0
00000010 07              213 	.byte	7
00000011 00              214 	.byte	0
00000012 07              215 	.byte	7
00000013 01              216 	.byte	1
00000014 07              217 	.byte	7
00000015 02              218 	.byte	2
00000016 07              219 	.byte	7
00000017 03              220 	.byte	3
00000018 07              221 	.byte	7
00000019 04              222 	.byte	4
0000001a 07              223 	.byte	7
0000001b 05              224 	.byte	5
0000001c 07              225 	.byte	7
0000001d 06              226 	.byte	6
0000001e 07              227 	.byte	7
0000001f 07              228 	.byte	7
00000020 07              229 	.byte	7
00000021 08              230 	.byte	8
00000022 07              231 	.byte	7
00000023 09              232 	.byte	9
00000024 07              233 	.byte	7
00000025 0a              234 	.byte	10
00000026 07              235 	.byte	7
00000027 0b              236 	.byte	11
00000028 07              237 	.byte	7
00000029 0c              238 	.byte	12
0000002a 07              239 	.byte	7
0000002b 0d              240 	.byte	13
0000002c 07              241 	.byte	7
0000002d 0e              242 	.byte	14
0000002e 07              243 	.byte	7
0000002f 0f              244 	.byte	15
00000030 07              245 	.byte	7
00000031 10              246 	.byte	16
00000032 07              247 	.byte	7
00000033 11              248 	.byte	17
00000034 07              249 	.byte	7
00000035 12              250 	.byte	18
00000036 07              251 	.byte	7
00000037 13              252 	.byte	19
00000038 08              253 	.byte	8
00000039 14              254 	.byte	20
0000003a 08              255 	.byte	8
0000003b 15              256 	.byte	21
0000003c 08              257 	.byte	8

                                                                      Page 7
                                                              C:\Users\nhuliyap\AppData\Local\Temp\gh_000006s1.s
0000003d 16              258 	.byte	22
0000003e 08              259 	.byte	8
0000003f 17              260 	.byte	23
00000040 08              261 	.byte	8
00000041 18              262 	.byte	24
00000042 08              263 	.byte	8
00000043 19              264 	.byte	25
00000044 08              265 	.byte	8
00000045 1a              266 	.byte	26
00000046 08              267 	.byte	8
00000047 1b              268 	.byte	27
00000048 08              269 	.byte	8
00000049 1c              270 	.byte	28
0000004a 08              271 	.byte	8
0000004b 1d              272 	.byte	29
0000004c 07              273 	.byte	7
0000004d 1e              274 	.byte	30
0000004e 08              275 	.byte	8
0000004f 1f              276 	.byte	31
00000050 07              277 	.byte	7
00000051 20              278 	.byte	32
00000052 07              279 	.byte	7
00000053 21              280 	.byte	33
00000054 07              281 	.byte	7
00000055 22              282 	.byte	34
00000056 07              283 	.byte	7
00000057 23              284 	.byte	35
00000058 07              285 	.byte	7
00000059 24              286 	.byte	36
0000005a 07              287 	.byte	7
0000005b 25              288 	.byte	37
0000005c 07              289 	.byte	7
0000005d 26              290 	.byte	38
0000005e 07              291 	.byte	7
0000005f 27              292 	.byte	39
00000060 07              293 	.byte	7
00000061 28              294 	.byte	40
00000062 07              295 	.byte	7
00000063 29              296 	.byte	41
00000064 07              297 	.byte	7
00000065 2a              298 	.byte	42
00000066 07              299 	.byte	7
00000067 2b              300 	.byte	43
00000068 07              301 	.byte	7
00000069 2c              302 	.byte	44
0000006a 07              303 	.byte	7
0000006b 2d              304 	.byte	45
0000006c 07              305 	.byte	7
0000006d 2e              306 	.byte	46
0000006e 07              307 	.byte	7
0000006f 2f              308 	.byte	47
00000070 07              309 	.byte	7
00000071 30              310 	.byte	48
00000072 07              311 	.byte	7
00000073 31              312 	.byte	49
00000074 07              313 	.byte	7
00000075 32              314 	.byte	50
00000076 07              315 	.byte	7
00000077 33              316 	.byte	51
00000078 07              317 	.byte	7
00000079 34              318 	.byte	52

                                                                      Page 8
                                                              C:\Users\nhuliyap\AppData\Local\Temp\gh_000006s1.s
0000007a 07              319 	.byte	7
0000007b 35              320 	.byte	53
0000007c 07              321 	.byte	7
0000007d 36              322 	.byte	54
0000007e 07              323 	.byte	7
0000007f 37              324 	.byte	55
00000080 07              325 	.byte	7
00000081 38              326 	.byte	56
00000082 07              327 	.byte	7
00000083 39              328 	.byte	57
00000084 07              329 	.byte	7
00000085 3a              330 	.byte	58
00000086 07              331 	.byte	7
00000087 3b              332 	.byte	59
00000088 07              333 	.byte	7
00000089 3c              334 	.byte	60
0000008a 07              335 	.byte	7
0000008b 3d              336 	.byte	61
0000008c 07              337 	.byte	7
0000008d 3e              338 	.byte	62
0000008e 07              339 	.byte	7
0000008f 3f              340 	.byte	63
                         341 .LDW_unq_2:
                         342 	.section	.debug_info
                         343 .LDW_1707060:
000000a0 2f              344 	.byte	47
000000a1 00000000*       345 	.word	.LDW_174db28
                         346 
                         347 	.section	.debug_abbrev
00000017 2f              348 	.byte	47
00000018 0f              349 	.byte	15
00000019 00              350 	.byte	0
0000001a 4910            351 	.byte	73,16
0000001c 0000            352 	.byte	0,0
                         353 
                         354 	.section	.debug_info
                         355 .LDW_17071b0:
000000a5 44              356 	.byte	68
000000a6 00000000*       357 	.word	.LDW_1707060
000000aa 01              358 	.byte	1
                         359 
                         360 	.section	.debug_abbrev
0000001e 44              361 	.byte	68
0000001f 15              362 	.byte	21
00000020 01              363 	.byte	1
00000021 4910            364 	.byte	73,16
00000023 270c            365 	.byte	39,12
00000025 0000            366 	.byte	0,0
                         367 
                         368 	.section	.debug_info
000000ab 00              369 	.byte	0
                         370 
                         371 .LDW_1706ea0:
000000ac 25              372 	.byte	37
000000ad 756e7369676e    373 	.strz	"unsigned char"
000000b3 656420636861 
000000b9 7200 
000000bb 08              374 	.byte	8
000000bc 01              375 	.byte	1
                         376 
                         377 	.section	.debug_abbrev

                                                                      Page 9
                                                              C:\Users\nhuliyap\AppData\Local\Temp\gh_000006s1.s
00000027 25              378 	.byte	37
00000028 24              379 	.byte	36
00000029 00              380 	.byte	0
0000002a 0308            381 	.byte	3,8
0000002c 3e0b            382 	.byte	62,11
0000002e 0b0b            383 	.byte	11,11
00000030 0000            384 	.byte	0,0
                         385 
                         386 	.section	.debug_info
                         387 .LDW_1706dc0:
000000bd 25              388 	.byte	37
000000be 756e7369676e    389 	.strz	"unsigned long"
000000c4 6564206c6f6e 
000000ca 6700 
000000cc 07              390 	.byte	7
000000cd 04              391 	.byte	4
                         392 
                         393 .LDW_1707108:
000000ce 25              394 	.byte	37
000000cf 696e7400        395 	.strz	"int"
000000d3 05              396 	.byte	5
000000d4 04              397 	.byte	4
                         398 
                         399 .LDW_1748a90:
000000d5 3a              400 	.byte	58
000000d6 00              401 	.byte	0
000000d7 08              402 	.byte	8
000000d8 00000000*       403 	.word	.LDW_4ba88e0
                         404 
                         405 	.section	.debug_abbrev
00000032 3a              406 	.byte	58
00000033 01              407 	.byte	1
00000034 01              408 	.byte	1
00000035 090b            409 	.byte	9,11
00000037 0b0f            410 	.byte	11,15
00000039 4910            411 	.byte	73,16
0000003b 0000            412 	.byte	0,0
                         413 
                         414 	.section	.debug_info
000000dc 32              415 	.byte	50
000000dd 00000000*       416 	.word	.LDW_1707108
000000e1 04              417 	.byte	4
000000e2 00              418 	.byte	0
000000e3 00              419 	.byte	0
                         420 
                         421 	.section	.debug_abbrev
0000003d 32              422 	.byte	50
0000003e 21              423 	.byte	33
0000003f 00              424 	.byte	0
00000040 4910            425 	.byte	73,16
00000042 0b0f            426 	.byte	11,15
00000044 220d            427 	.byte	34,13
00000046 2f0d            428 	.byte	47,13
00000048 0000            429 	.byte	0,0
                         430 
                         431 	.section	.debug_info
000000e4 00              432 	.byte	0
                         433 
                         434 .LDW_4ba8990:
000000e5 29              435 	.byte	41
000000e6 00000000*       436 	.word	.LDW_4b300d0

                                                                      Page 10
                                                              C:\Users\nhuliyap\AppData\Local\Temp\gh_000006s1.s
                         437 
                         438 	.section	.debug_abbrev
0000004a 29              439 	.byte	41
0000004b 26              440 	.byte	38
0000004c 00              441 	.byte	0
0000004d 4910            442 	.byte	73,16
0000004f 0000            443 	.byte	0,0
                         444 
                         445 	.section	.debug_info
                         446 .LDW_1748b18:
000000ea 3a              447 	.byte	58
000000eb 00              448 	.byte	0
000000ec 08              449 	.byte	8
000000ed 00000000*       450 	.word	.LDW_4ba8990
                         451 
000000f1 32              452 	.byte	50
000000f2 00000000*       453 	.word	.LDW_1707108
000000f6 04              454 	.byte	4
000000f7 00              455 	.byte	0
000000f8 01              456 	.byte	1
                         457 
000000f9 00              458 	.byte	0
                         459 
                         460 .LDW_1748ba0:
000000fa 3b              461 	.byte	59
000000fb 00              462 	.byte	0
000000fc 00000000*       463 	.word	.LDW_174dcc8
                         464 
                         465 	.section	.debug_abbrev
00000051 3b              466 	.byte	59
00000052 01              467 	.byte	1
00000053 01              468 	.byte	1
00000054 090b            469 	.byte	9,11
00000056 4910            470 	.byte	73,16
00000058 0000            471 	.byte	0,0
                         472 
                         473 	.section	.debug_info
00000100 32              474 	.byte	50
00000101 00000000*       475 	.word	.LDW_1707108
00000105 04              476 	.byte	4
00000106 00              477 	.byte	0
00000107 7f              478 	.byte	127
                         479 
00000108 00              480 	.byte	0
                         481 
                         482 .LDW_4ba8a40:
00000109 29              483 	.byte	41
0000010a 00000000*       484 	.word	.LDW_174db28
                         485 
                         486 .LDW_4ba8b48:
0000010e 29              487 	.byte	41
0000010f 00000000*       488 	.word	.LDW_174de28
                         489 
                         490 .LDW_1748c28:
00000113 3a              491 	.byte	58
00000114 00              492 	.byte	0
00000115 0c              493 	.byte	12
00000116 00000000*       494 	.word	.LDW_4ba8b48
                         495 
0000011a 32              496 	.byte	50
0000011b 00000000*       497 	.word	.LDW_1707108

                                                                      Page 11
                                                              C:\Users\nhuliyap\AppData\Local\Temp\gh_000006s1.s
0000011f 04              498 	.byte	4
00000120 00              499 	.byte	0
00000121 02              500 	.byte	2
                         501 
00000122 00              502 	.byte	0
                         503 
                         504 .LDW_4ba9f98:
00000123 45              505 	.byte	69
00000124 01              506 	.byte	1
                         507 
                         508 	.section	.debug_abbrev
0000005a 45              509 	.byte	69
0000005b 15              510 	.byte	21
0000005c 01              511 	.byte	1
0000005d 270c            512 	.byte	39,12
0000005f 0000            513 	.byte	0,0
                         514 
                         515 	.section	.debug_info
00000125 00              516 	.byte	0
                         517 
                         518 .LDW_174dcc8:
00000126 28              519 	.byte	40
00000127 75696e743800    520 	.strz	"uint8"
0000012d 50              521 	.byte	80
0000012e 4b              522 	.byte	75
0000012f 03              523 	.byte	3
00000130 00000000*       524 	.word	.LDW_1706ea0
                         525 
                         526 	.section	.debug_abbrev
00000061 28              527 	.byte	40
00000062 16              528 	.byte	22
00000063 00              529 	.byte	0
00000064 0308            530 	.byte	3,8
00000066 3b0f            531 	.byte	59,15
00000068 390f            532 	.byte	57,15
0000006a 3a0f            533 	.byte	58,15
0000006c 4910            534 	.byte	73,16
0000006e 0000            535 	.byte	0,0
                         536 
                         537 	.section	.debug_info
                         538 .LDW_174de28:
00000134 28              539 	.byte	40
00000135 75696e743332    540 	.strz	"uint32"
0000013b 00 
0000013c 54              541 	.byte	84
0000013d 4a              542 	.byte	74
0000013e 03              543 	.byte	3
0000013f 00000000*       544 	.word	.LDW_1706dc0
                         545 
                         546 .LDW_4b30700:
00000143 28              547 	.byte	40
00000144 7675696e7438    548 	.strz	"vuint8"
0000014a 00 
0000014b 15              549 	.byte	21
0000014c 18              550 	.byte	24
0000014d 0b              551 	.byte	11
0000014e 00000000*       552 	.word	.LDW_1706ea0
                         553 
                         554 .LDW_4b300d0:
00000152 28              555 	.byte	40
00000153 7675696e7433    556 	.strz	"vuint32"

                                                                      Page 12
                                                              C:\Users\nhuliyap\AppData\Local\Temp\gh_000006s1.s
00000159 3200 
0000015b 29              557 	.byte	41
0000015c 18              558 	.byte	24
0000015d 0b              559 	.byte	11
0000015e 00000000*       560 	.word	.LDW_1706dc0
                         561 
                         562 .LDW_4ba7ee8:
00000162 28              563 	.byte	40
00000163 46424c5f4144    564 	.strz	"FBL_ADDR_TYPE"
00000169 44525f545950 
0000016f 4500 
00000171 9b01            565 	.byte	155,1
00000173 11              566 	.byte	17
00000174 0c              567 	.byte	12
00000175 00000000*       568 	.word	.LDW_4b300d0
                         569 
                         570 .LDW_4ba7ff0:
00000179 28              571 	.byte	40
0000017a 46424c5f4d45    572 	.strz	"FBL_MEMSIZE_TYPE"
00000180 4d53495a455f 
00000186 5459504500 
0000018b 9c01            573 	.byte	156,1
0000018d 11              574 	.byte	17
0000018e 0c              575 	.byte	12
0000018f 00000000*       576 	.word	.LDW_4b300d0
                         577 
                         578 .LDW_4ba86d0:
00000193 28              579 	.byte	40
00000194 7446626c4164    580 	.strz	"tFblAddress"
0000019a 647265737300 
000001a0 a601            581 	.byte	166,1
000001a2 1d              582 	.byte	29
000001a3 0c              583 	.byte	12
000001a4 00000000*       584 	.word	.LDW_4ba7ee8
                         585 
                         586 .LDW_4ba8728:
000001a8 28              587 	.byte	40
000001a9 7446626c4c65    588 	.strz	"tFblLength"
000001af 6e67746800 
000001b4 a701            589 	.byte	167,1
000001b6 1d              590 	.byte	29
000001b7 0c              591 	.byte	12
000001b8 00000000*       592 	.word	.LDW_4ba7ff0
                         593 
                         594 .LDW_1748980:
000001bc 2e              595 	.byte	46
000001bd 00              596 	.byte	0
000001be 19              597 	.byte	25
000001bf 0e              598 	.byte	14
000001c0 09              599 	.byte	9
000001c1 01              600 	.byte	1
000001c2 01              601 	.byte	1
                         602 
                         603 	.section	.debug_abbrev
00000070 2e              604 	.byte	46
00000071 04              605 	.byte	4
00000072 01              606 	.byte	1
00000073 0308            607 	.byte	3,8
00000075 3b0f            608 	.byte	59,15
00000077 390f            609 	.byte	57,15
00000079 3a0f            610 	.byte	58,15

                                                                      Page 13
                                                              C:\Users\nhuliyap\AppData\Local\Temp\gh_000006s1.s
0000007b 0b0f            611 	.byte	11,15
0000007d 320b            612 	.byte	50,11
0000007f 0000            613 	.byte	0,0
                         614 
                         615 	.section	.debug_info
                         616 .LDW_17489d0:
000001c3 2d              617 	.byte	45
000001c4 46424c424d48    618 	.strz	"FBLBMHDR_TARGET_FBL"
000001ca 44525f544152 
000001d0 4745545f4642 
000001d6 4c00 
000001d8 1a              619 	.byte	26
000001d9 07              620 	.byte	7
000001da 09              621 	.byte	9
000001db 00              622 	.byte	0
                         623 
                         624 	.section	.debug_abbrev
00000081 2d              625 	.byte	45
00000082 28              626 	.byte	40
00000083 00              627 	.byte	0
00000084 0308            628 	.byte	3,8
00000086 3b0f            629 	.byte	59,15
00000088 390f            630 	.byte	57,15
0000008a 3a0f            631 	.byte	58,15
0000008c 1c0d            632 	.byte	28,13
0000008e 0000            633 	.byte	0,0
                         634 
                         635 	.section	.debug_info
                         636 .LDW_1748a10:
000001dc 2d              637 	.byte	45
000001dd 46424c424d48    638 	.strz	"FBLBMHDR_TARGET_FBLUPDATER"
000001e3 44525f544152 
000001e9 4745545f4642 
000001ef 4c5550444154 
000001f5 455200 
000001f8 1b              639 	.byte	27
000001f9 0a              640 	.byte	10
000001fa 09              641 	.byte	9
000001fb 01              642 	.byte	1
                         643 
                         644 .LDW_1748a50:
000001fc 2d              645 	.byte	45
000001fd 46424c424d48    646 	.strz	"FBLBMHDR_TARGET_APPL"
00000203 44525f544152 
00000209 4745545f4150 
0000020f 504c00 
00000212 1c              647 	.byte	28
00000213 0a              648 	.byte	10
00000214 09              649 	.byte	9
00000215 02              650 	.byte	2
                         651 
00000216 00              652 	.byte	0
                         653 
                         654 .LDW_4ba82b0:
00000217 28              655 	.byte	40
00000218 7446626c426d    656 	.strz	"tFblBmHdrTargetHandle"
0000021e 486472546172 
00000224 67657448616e 
0000022a 646c6500 
0000022e 1d              657 	.byte	29
0000022f 03              658 	.byte	3

                                                                      Page 14
                                                              C:\Users\nhuliyap\AppData\Local\Temp\gh_000006s1.s
00000230 09              659 	.byte	9
00000231 00000000*       660 	.word	.LDW_1748980
                         661 
                         662 .LDW_4ba85c8:
00000235 41              663 	.byte	65
00000236 20              664 	.byte	32
00000237 04              665 	.byte	4
00000238 09              666 	.byte	9
00000239 08              667 	.byte	8
0000023a 01              668 	.byte	1
                         669 
                         670 	.section	.debug_abbrev
00000090 41              671 	.byte	65
00000091 13              672 	.byte	19
00000092 01              673 	.byte	1
00000093 3b0f            674 	.byte	59,15
00000095 390f            675 	.byte	57,15
00000097 3a0f            676 	.byte	58,15
00000099 0b0f            677 	.byte	11,15
0000009b 320b            678 	.byte	50,11
0000009d 0000            679 	.byte	0,0
                         680 
                         681 	.section	.debug_info
                         682 .LDW_4ba9db8:
0000023b 23              683 	.byte	35
0000023c 616464726573    684 	.strz	"address"
00000242 7300 
00000244 21              685 	.byte	33
00000245 10              686 	.byte	16
00000246 09              687 	.byte	9
00000247 00000000*       688 	.word	.LDW_4b300d0
0000024b 0223            689 	.byte	2,35
0000024d 00              690 	.byte	0
0000024e 01              691 	.byte	1
                         692 
                         693 	.section	.debug_abbrev
0000009f 23              694 	.byte	35
000000a0 0d              695 	.byte	13
000000a1 00              696 	.byte	0
000000a2 0308            697 	.byte	3,8
000000a4 3b0f            698 	.byte	59,15
000000a6 390f            699 	.byte	57,15
000000a8 3a0f            700 	.byte	58,15
000000aa 4910            701 	.byte	73,16
000000ac 380a            702 	.byte	56,10
000000ae 320b            703 	.byte	50,11
000000b0 0000            704 	.byte	0,0
                         705 
                         706 	.section	.debug_info
                         707 .LDW_4ba9a58:
0000024f 23              708 	.byte	35
00000250 6c656e677468    709 	.strz	"length"
00000256 00 
00000257 22              710 	.byte	34
00000258 10              711 	.byte	16
00000259 09              712 	.byte	9
0000025a 00000000*       713 	.word	.LDW_4b300d0
0000025e 0223            714 	.byte	2,35
00000260 04              715 	.byte	4
00000261 01              716 	.byte	1
                         717 

                                                                      Page 15
                                                              C:\Users\nhuliyap\AppData\Local\Temp\gh_000006s1.s
00000262 00              718 	.byte	0
                         719 
                         720 .LDW_4ba88e0:
00000263 28              721 	.byte	40
00000264 7446626c426d    722 	.strz	"tFblBmHdrVerificationList"
0000026a 486472566572 
00000270 696669636174 
00000276 696f6e4c6973 
0000027c 7400 
0000027e 23              723 	.byte	35
0000027f 03              724 	.byte	3
00000280 09              725 	.byte	9
00000281 00000000*       726 	.word	.LDW_4ba85c8
                         727 
                         728 .LDW_174dad0:
00000285 41              729 	.byte	65
00000286 26              730 	.byte	38
00000287 04              731 	.byte	4
00000288 09              732 	.byte	9
00000289 20              733 	.byte	32
0000028a 01              734 	.byte	1
                         735 
                         736 .LDW_4ba98a8:
0000028b 23              737 	.byte	35
0000028c 626d4d616769    738 	.strz	"bmMagicFlag"
00000292 63466c616700 
00000298 27              739 	.byte	39
00000299 23              740 	.byte	35
0000029a 09              741 	.byte	9
0000029b 00000000*       742 	.word	.LDW_4b300d0
0000029f 0223            743 	.byte	2,35
000002a1 00              744 	.byte	0
000002a2 01              745 	.byte	1
                         746 
                         747 .LDW_4ba9980:
000002a3 23              748 	.byte	35
000002a4 626d456e7472    749 	.strz	"bmEntryAddress"
000002aa 794164647265 
000002b0 737300 
000002b3 28              750 	.byte	40
000002b4 23              751 	.byte	35
000002b5 09              752 	.byte	9
000002b6 00000000*       753 	.word	.LDW_4ba86d0
000002ba 0223            754 	.byte	2,35
000002bc 04              755 	.byte	4
000002bd 01              756 	.byte	1
                         757 
                         758 .LDW_4ba98f0:
000002be 23              759 	.byte	35
000002bf 626d54617267    760 	.strz	"bmTargetHandle"
000002c5 657448616e64 
000002cb 6c6500 
000002ce 29              761 	.byte	41
000002cf 23              762 	.byte	35
000002d0 09              763 	.byte	9
000002d1 00000000*       764 	.word	.LDW_4ba82b0
000002d5 0223            765 	.byte	2,35
000002d7 08              766 	.byte	8
000002d8 01              767 	.byte	1
                         768 
                         769 .LDW_4ba9860:

                                                                      Page 16
                                                              C:\Users\nhuliyap\AppData\Local\Temp\gh_000006s1.s
000002d9 23              770 	.byte	35
000002da 626d426c6f63    771 	.strz	"bmBlockStartAddress"
000002e0 6b5374617274 
000002e6 416464726573 
000002ec 7300 
000002ee 2a              772 	.byte	42
000002ef 23              773 	.byte	35
000002f0 09              774 	.byte	9
000002f1 00000000*       775 	.word	.LDW_4ba86d0
000002f5 0223            776 	.byte	2,35
000002f7 0c              777 	.byte	12
000002f8 01              778 	.byte	1
                         779 
                         780 .LDW_4ba9c50:
000002f9 23              781 	.byte	35
000002fa 626d426c6f63    782 	.strz	"bmBlockLength"
00000300 6b4c656e6774 
00000306 6800 
00000308 2b              783 	.byte	43
00000309 23              784 	.byte	35
0000030a 09              785 	.byte	9
0000030b 00000000*       786 	.word	.LDW_4ba8728
0000030f 0223            787 	.byte	2,35
00000311 10              788 	.byte	16
00000312 01              789 	.byte	1
                         790 
                         791 .LDW_4ba9ae8:
00000313 23              792 	.byte	35
00000314 626d56657269    793 	.strz	"bmVerificationListEntries"
0000031a 666963617469 
00000320 6f6e4c697374 
00000326 456e74726965 
0000032c 7300 
0000032e 2c              794 	.byte	44
0000032f 23              795 	.byte	35
00000330 09              796 	.byte	9
00000331 00000000*       797 	.word	.LDW_4b30700
00000335 0223            798 	.byte	2,35
00000337 14              799 	.byte	20
00000338 01              800 	.byte	1
                         801 
                         802 .LDW_4ba9c98:
00000339 23              803 	.byte	35
0000033a 626d56657269    804 	.strz	"bmVerificationList"
00000340 666963617469 
00000346 6f6e4c697374 
0000034c 00 
0000034d 2d              805 	.byte	45
0000034e 23              806 	.byte	35
0000034f 09              807 	.byte	9
00000350 00000000*       808 	.word	.LDW_1748a90
00000354 0223            809 	.byte	2,35
00000356 18              810 	.byte	24
00000357 01              811 	.byte	1
                         812 
00000358 00              813 	.byte	0
                         814 
                         815 .LDW_174db28:
00000359 28              816 	.byte	40
0000035a 7446626c426d    817 	.strz	"tFblBmHdrHeader"
00000360 486472486561 

                                                                      Page 17
                                                              C:\Users\nhuliyap\AppData\Local\Temp\gh_000006s1.s
00000366 64657200 
0000036a 2e              818 	.byte	46
0000036b 03              819 	.byte	3
0000036c 09              820 	.byte	9
0000036d 00000000*       821 	.word	.LDW_174dad0
                         822 
                         823 .LDW_4ba8c50:
00000371 04              824 	.byte	4
00000372 4170706c496e    825 	.strz	"ApplIntJmpTable"
00000378 744a6d705461 
0000037e 626c6500 
00000382 15              826 	.byte	21
00000383 27              827 	.byte	39
00000384 01              828 	.byte	1
00000385 00000000*       829 	.word	.LDW_1748b18
00000389 01              830 	.byte	1
0000038a 00              831 	.byte	0
0000038b 0503            832 	.byte	5,3
0000038d 00000000*       833 	.word	_ApplIntJmpTable
                         834 
                         835 	.section	.debug_abbrev
000000b2 04              836 	.byte	4
000000b3 34              837 	.byte	52
000000b4 00              838 	.byte	0
000000b5 0308            839 	.byte	3,8
000000b7 3b0f            840 	.byte	59,15
000000b9 390f            841 	.byte	57,15
000000bb 3a0f            842 	.byte	58,15
000000bd 4910            843 	.byte	73,16
000000bf 3f0c            844 	.byte	63,12
000000c1 3c0c            845 	.byte	60,12
000000c3 020a            846 	.byte	2,10
000000c5 0000            847 	.byte	0,0
                         848 
                         849 	.section	.debug_info
                         850 .LDW_4ba8af0:
00000391 05              851 	.byte	5
00000392 5f4150504c45    852 	.strz	"_APPLENTRY"
00000398 4e54525900 
0000039d 19              853 	.byte	25
0000039e 0e              854 	.byte	14
0000039f 01              855 	.byte	1
000003a0 00000000*       856 	.word	.LDW_1748ba0
000003a4 01              857 	.byte	1
000003a5 01              858 	.byte	1
                         859 
                         860 	.section	.debug_abbrev
000000c7 05              861 	.byte	5
000000c8 34              862 	.byte	52
000000c9 00              863 	.byte	0
000000ca 0308            864 	.byte	3,8
000000cc 3b0f            865 	.byte	59,15
000000ce 390f            866 	.byte	57,15
000000d0 3a0f            867 	.byte	58,15
000000d2 4910            868 	.byte	73,16
000000d4 3f0c            869 	.byte	63,12
000000d6 3c0c            870 	.byte	60,12
000000d8 0000            871 	.byte	0,0
                         872 
                         873 	.section	.debug_info
                         874 .LDW_4ba8d00:

                                                                      Page 18
                                                              C:\Users\nhuliyap\AppData\Local\Temp\gh_000006s1.s
000003a6 04              875 	.byte	4
000003a7 46626c426d48    876 	.strz	"FblBmHdrHeader"
000003ad 647248656164 
000003b3 657200 
000003b6 1d              877 	.byte	29
000003b7 28              878 	.byte	40
000003b8 01              879 	.byte	1
000003b9 00000000*       880 	.word	.LDW_4ba8a40
000003bd 01              881 	.byte	1
000003be 00              882 	.byte	0
000003bf 0503            883 	.byte	5,3
000003c1 00000000*       884 	.word	_FblBmHdrHeader
                         885 
                         886 .LDW_4ba8bf8:
000003c5 04              887 	.byte	4
000003c6 46626c426d48    888 	.strz	"FblBmHdrTargets"
000003cc 647254617267 
000003d2 65747300 
000003d6 30              889 	.byte	48
000003d7 1f              890 	.byte	31
000003d8 01              891 	.byte	1
000003d9 00000000*       892 	.word	.LDW_1748c28
000003dd 01              893 	.byte	1
000003de 00              894 	.byte	0
000003df 0503            895 	.byte	5,3
000003e1 00000000*       896 	.word	_FblBmHdrTargets
                         897 
                         898 .LDW_1748cb0:
000003e5 15              899 	.byte	21
000003e6 5f7573725f69    900 	.strz	"_usr_init"
000003ec 6e697400 
000003f0 09              901 	.byte	9
000003f1 0d              902 	.byte	13
000003f2 01              903 	.byte	1
000003f3 01              904 	.byte	1
000003f4 00              905 	.byte	0
000003f5 01              906 	.byte	1
000003f6 01              907 	.byte	1
000003f7 00              908 	.byte	0
000003f8 01              909 	.byte	1
                         910 
                         911 	.section	.debug_abbrev
000000da 15              912 	.byte	21
000000db 2e              913 	.byte	46
000000dc 01              914 	.byte	1
000000dd 0308            915 	.byte	3,8
000000df 3b0f            916 	.byte	59,15
000000e1 390f            917 	.byte	57,15
000000e3 3a0f            918 	.byte	58,15
000000e5 3c0c            919 	.byte	60,12
000000e7 200b            920 	.byte	32,11
000000e9 3f0c            921 	.byte	63,12
000000eb 320b            922 	.byte	50,11
000000ed 4c0b            923 	.byte	76,11
000000ef 270c            924 	.byte	39,12
000000f1 0000            925 	.byte	0,0
                         926 
                         927 	.section	.debug_info
000003f9 00              928 	.byte	0
                         929 
                         930 .LDW_174db80:

                                                                      Page 19
                                                              C:\Users\nhuliyap\AppData\Local\Temp\gh_000006s1.s
000003fa 14              931 	.byte	20
000003fb 476574506f69    932 	.strz	"GetPointerToApplicationHeader"
00000401 6e746572546f 
00000407 4170706c6963 
0000040d 6174696f6e48 
00000413 656164657200 
00000419 39              933 	.byte	57
0000041a 12              934 	.byte	18
0000041b 01              935 	.byte	1
0000041c 00000000*       936 	.word	.LDW_1707060
00000420 00000000*       937 	.word	_GetPointerToApplicationHeader
00000424 00000000*       938 	.word	___ghs_eofn_GetPointerToApplicationHeader
00000428 0153            939 	.byte	1,83
0000042a 02              940 	.byte	2
0000042b 00              941 	.byte	0
0000042c 02              942 	.byte	2
0000042d 00              943 	.byte	0
0000042e 00              944 	.byte	0
0000042f 00              945 	.byte	0
00000430 00              946 	.byte	0
00000431 01              947 	.byte	1
00000432 01              948 	.byte	1
00000433 00              949 	.byte	0
00000434 01              950 	.byte	1
                         951 
                         952 	.section	.debug_abbrev
000000f3 14              953 	.byte	20
000000f4 2e              954 	.byte	46
000000f5 01              955 	.byte	1
000000f6 0308            956 	.byte	3,8
000000f8 3b0f            957 	.byte	59,15
000000fa 390f            958 	.byte	57,15
000000fc 3a0f            959 	.byte	58,15
000000fe 4910            960 	.byte	73,16
00000100 1101            961 	.byte	17,1
00000102 1201            962 	.byte	18,1
00000104 400a            963 	.byte	64,10
00000106 8341            964 	.byte	131,65
00000108 0f              965 	.byte	15
00000109 8741            966 	.byte	135,65
0000010b 0d              967 	.byte	13
0000010c 8541            968 	.byte	133,65
0000010e 0f              969 	.byte	15
0000010f 8641            970 	.byte	134,65
00000111 0d              971 	.byte	13
00000112 9241            972 	.byte	146,65
00000114 0f              973 	.byte	15
00000115 3c0c            974 	.byte	60,12
00000117 200b            975 	.byte	32,11
00000119 3f0c            976 	.byte	63,12
0000011b 320b            977 	.byte	50,11
0000011d 4c0b            978 	.byte	76,11
0000011f 270c            979 	.byte	39,12
00000121 0000            980 	.byte	0,0
                         981 
                         982 	.section	.debug_frame
                         983 .LDW_4c0f8f8:
00000090 00000000*       984 	.word	.LDW_unq_4-.LDW_unq_3
                         985 .LDW_unq_3:
00000094 00000000*       986 	.word	.LDW_4b7f490
00000098 00000000*       987 	.word	_GetPointerToApplicationHeader

                                                                      Page 20
                                                              C:\Users\nhuliyap\AppData\Local\Temp\gh_000006s1.s
0000009c 00000000*       988 	.word	___ghs_eofn_GetPointerToApplicationHeader-_GetPointerToApplicationHeader
000000a0 01              989 	.byte	1
000000a1 00000000*       990 	.word	.LDW11
000000a5 00              991 	.byte	0
000000a6 00              992 	.byte	0
000000a7 00              993 	.byte	0
                         994 .LDW_unq_4:
                         995 	.section	.debug_line
0000024b 000502          996 	.byte	0,5,2
0000024e 00000000*       997 	.word	_GetPointerToApplicationHeader
00000252 06              998 	.byte	6
00000253 03              999 	.byte	3
00000254 39             1000 	.byte	57
00000255 02             1001 	.byte	2
00000256 00             1002 	.byte	0
00000257 01             1003 	.byte	1
00000258 06             1004 	.byte	6
00000259 000502         1005 	.byte	0,5,2
0000025c 00000000*      1006 	.word	.LDWlin1
00000260 02             1007 	.byte	2
00000261 00             1008 	.byte	0
00000262 02             1009 	.byte	2
00000263 02             1010 	.byte	2
00000264 000101         1011 	.byte	0,1,1
                        1012 	.section	.debug_info
                        1013 .LDW_17014f0:
00000435 1d             1014 	.byte	29
00000436 00000000*      1015 	.word	.LDW01
0000043a 00000000*      1016 	.word	.LDW11
                        1017 
                        1018 	.section	.debug_abbrev
00000123 1d             1019 	.byte	29
00000124 0b             1020 	.byte	11
00000125 01             1021 	.byte	1
00000126 1101           1022 	.byte	17,1
00000128 1201           1023 	.byte	18,1
0000012a 0000           1024 	.byte	0,0
                        1025 
                        1026 	.section	.debug_info
0000043e 00             1027 	.byte	0
                        1028 
0000043f 00             1029 	.byte	0
                        1030 
00000440 00             1031 	.byte	0
                        1032 
                        1033 	.section	.debug_line
                        1034 .Ldw_line_end:
                        1035 	.section	.debug_macinfo
00000000 01             1036 	.byte	1
00000001 00             1037 	.byte	0
00000002 5f5f6768735f   1038 	.strz	"__ghs__ 1"
00000008 5f203100 
0000000c 01             1039 	.byte	1
0000000d 00             1040 	.byte	0
0000000e 5f5f4c4c4f4e   1041 	.strz	"__LLONG_BIT 64"
00000014 475f42495420 
0000001a 363400 
0000001d 03             1042 	.byte	3
0000001e 00             1043 	.byte	0
0000001f 01             1044 	.byte	1
00000020 03             1045 	.byte	3

                                                                      Page 21
                                                              C:\Users\nhuliyap\AppData\Local\Temp\gh_000006s1.s
00000021 01             1046 	.byte	1
00000022 02             1047 	.byte	2
00000023 03             1048 	.byte	3
00000024 1c             1049 	.byte	28
00000025 03             1050 	.byte	3
00000026 01             1051 	.byte	1
00000027 33             1052 	.byte	51
00000028 4350555f5459   1053 	.strz	"CPU_TYPE_8 8u"
0000002e 50455f382038 
00000034 7500 
00000036 01             1054 	.byte	1
00000037 34             1055 	.byte	52
00000038 4350555f5459   1056 	.strz	"CPU_TYPE_16 16u"
0000003e 50455f313620 
00000044 31367500 
00000048 01             1057 	.byte	1
00000049 35             1058 	.byte	53
0000004a 4350555f5459   1059 	.strz	"CPU_TYPE_32 32u"
00000050 50455f333220 
00000056 33327500 
0000005a 01             1060 	.byte	1
0000005b 36             1061 	.byte	54
0000005c 4d53425f4649   1062 	.strz	"MSB_FIRST 0u"
00000062 525354203075 
00000068 00 
00000069 01             1063 	.byte	1
0000006a 37             1064 	.byte	55
0000006b 4c53425f4649   1065 	.strz	"LSB_FIRST 1u"
00000071 525354203175 
00000077 00 
00000078 01             1066 	.byte	1
00000079 43             1067 	.byte	67
0000007a 4350555f5459   1068 	.strz	"CPU_TYPE CPU_TYPE_32"
00000080 504520435055 
00000086 5f545950455f 
0000008c 333200 
0000008f 01             1069 	.byte	1
00000090 44             1070 	.byte	68
00000091 4350555f4249   1071 	.strz	"CPU_BIT_ORDER LSB_FIRST"
00000097 545f4f524445 
0000009d 52204c53425f 
000000a3 464952535400 
000000a9 04             1072 	.byte	4
000000aa 03             1073 	.byte	3
000000ab 1d             1074 	.byte	29
000000ac 04             1075 	.byte	4
000000ad 03             1076 	.byte	3
000000ae 1b             1077 	.byte	27
000000af 05             1078 	.byte	5
000000b0 03             1079 	.byte	3
000000b1 54             1080 	.byte	84
000000b2 06             1081 	.byte	6
000000b3 04             1082 	.byte	4
000000b4 04             1083 	.byte	4
000000b5 01             1084 	.byte	1
000000b6 3d             1085 	.byte	61
000000b7 434f4e535428   1086 	.strz	"CONST(type,memclass) const type"
000000bd 747970652c6d 
000000c3 656d636c6173 
000000c9 732920636f6e 
000000cf 737420747970 

                                                                      Page 22
                                                              C:\Users\nhuliyap\AppData\Local\Temp\gh_000006s1.s
000000d5 6500 
000000d7 04             1087 	.byte	4
000000d8 04             1088 	.byte	4
000000d9 03             1089 	.byte	3
000000da 03             1090 	.byte	3
000000db 07             1091 	.byte	7
000000dc 01             1092 	.byte	1
000000dd 09             1093 	.byte	9
000000de 565f47454e5f   1094 	.strz	"V_GEN_GENERATOR_MSR "
000000e4 47454e455241 
000000ea 544f525f4d53 
000000f0 522000 
000000f3 01             1095 	.byte	1
000000f4 28             1096 	.byte	40
000000f5 435f43505554   1097 	.strz	"C_CPUTYPE_BITORDER_LSB2MSB "
000000fb 5950455f4249 
00000101 544f52444552 
00000107 5f4c5342324d 
0000010d 53422000 
00000111 04             1098 	.byte	4
00000112 03             1099 	.byte	3
00000113 04             1100 	.byte	4
00000114 08             1101 	.byte	8
00000115 01             1102 	.byte	1
00000116 08             1103 	.byte	8
00000117 565f434f4d50   1104 	.strz	"V_COMP_GHS "
0000011d 5f4748532000 
00000123 01             1105 	.byte	1
00000124 09             1106 	.byte	9
00000125 565f434f4d50   1107 	.strz	"V_COMP_GHS_RH850 "
0000012b 5f4748535f52 
00000131 483835302000 
00000137 01             1108 	.byte	1
00000138 0d             1109 	.byte	13
00000139 435f43505554   1110 	.strz	"C_CPUTYPE_32BIT "
0000013f 5950455f3332 
00000145 4249542000 
0000014a 01             1111 	.byte	1
0000014b 0f             1112 	.byte	15
0000014c 5647454e5f45   1113 	.strz	"VGEN_ENABLE_CANFBL "
00000152 4e41424c455f 
00000158 43414e46424c 
0000015e 2000 
00000160 01             1114 	.byte	1
00000161 10             1115 	.byte	16
00000162 565f454e4142   1116 	.strz	"V_ENABLE_CAN_ASR_ABSTRACTION "
00000168 4c455f43414e 
0000016e 5f4153525f41 
00000174 425354524143 
0000017a 54494f4e2000 
00000180 04             1117 	.byte	4
00000181 03             1118 	.byte	3
00000182 05             1119 	.byte	5
00000183 09             1120 	.byte	9
00000184 03             1121 	.byte	3
00000185 04             1122 	.byte	4
00000186 0a             1123 	.byte	10
00000187 04             1124 	.byte	4
00000188 03             1125 	.byte	3
00000189 05             1126 	.byte	5
0000018a 0b             1127 	.byte	11

                                                                      Page 23
                                                              C:\Users\nhuliyap\AppData\Local\Temp\gh_000006s1.s
0000018b 01             1128 	.byte	1
0000018c 0d             1129 	.byte	13
0000018d 565f4445465f   1130 	.strz	"V_DEF_SUPPORTED_PLATFORM "
00000193 535550504f52 
00000199 5445445f504c 
0000019f 4154464f524d 
000001a5 2000 
000001a7 01             1131 	.byte	1
000001a8 8c02           1132 	.byte	140,2
000001aa 565f4d454d52   1133 	.strz	"V_MEMROM0 "
000001b0 4f4d302000 
000001b5 01             1134 	.byte	1
000001b6 9402           1135 	.byte	148,2
000001b8 565f4d454d52   1136 	.strz	"V_MEMROM1 "
000001be 4f4d312000 
000001c3 01             1137 	.byte	1
000001c4 a702           1138 	.byte	167,2
000001c6 565f4d454d52   1139 	.strz	"V_MEMROM2 const"
000001cc 4f4d3220636f 
000001d2 6e737400 
000001d6 01             1140 	.byte	1
000001d7 c602           1141 	.byte	198,2
000001d9 565f4d454d52   1142 	.strz	"V_MEMRAM1 "
000001df 414d312000 
000001e4 01             1143 	.byte	1
000001e5 d902           1144 	.byte	217,2
000001e7 565f4d454d52   1145 	.strz	"V_MEMRAM2 "
000001ed 414d322000 
000001f2 01             1146 	.byte	1
000001f3 e302           1147 	.byte	227,2
000001f5 565f4d454d52   1148 	.strz	"V_MEMRAM2_FAR "
000001fb 414d325f4641 
00000201 522000 
00000204 01             1149 	.byte	1
00000205 e602           1150 	.byte	230,2
00000207 4d454d4f5259   1151 	.strz	"MEMORY_FAR V_MEMRAM2_FAR"
0000020d 5f4641522056 
00000213 5f4d454d5241 
00000219 4d325f464152 
0000021f 00 
00000220 01             1152 	.byte	1
00000221 f002           1153 	.byte	240,2
00000223 565f4d454d52   1154 	.strz	"V_MEMRAM3 "
00000229 414d332000 
0000022e 01             1155 	.byte	1
0000022f 9603           1156 	.byte	150,3
00000231 4e554c4c2056   1157 	.strz	"NULL V_NULL"
00000237 5f4e554c4c00 
0000023d 04             1158 	.byte	4
0000023e 03             1159 	.byte	3
0000023f 06             1160 	.byte	6
00000240 0c             1161 	.byte	12
00000241 03             1162 	.byte	3
00000242 04             1163 	.byte	4
00000243 0d             1164 	.byte	13
00000244 04             1165 	.byte	4
00000245 01             1166 	.byte	1
00000246 29             1167 	.byte	41
00000247 46424c5f4341   1168 	.strz	"FBL_CALL_TYPE "
0000024d 4c4c5f545950 
00000253 452000 

                                                                      Page 24
                                                              C:\Users\nhuliyap\AppData\Local\Temp\gh_000006s1.s
00000256 01             1169 	.byte	1
00000257 9d01           1170 	.byte	157,1
00000259 4d454d53495a   1171 	.strz	"MEMSIZE_OK "
0000025f 455f4f4b2000 
00000265 04             1172 	.byte	4
00000266 01             1173 	.byte	1
00000267 0b             1174 	.byte	11
00000268 4150504c5645   1175 	.strz	"APPLVECT_FROM_APPL 0xAA000000UL"
0000026e 43545f46524f 
00000274 4d5f4150504c 
0000027a 203078414130 
00000280 303030303055 
00000286 4c00 
00000288 01             1176 	.byte	1
00000289 0e             1177 	.byte	14
0000028a 46424c5f4150   1178 	.strz	"FBL_APPLVECT_START_SEC_CONST "
00000290 504c56454354 
00000296 5f5354415254 
0000029c 5f5345435f43 
000002a2 4f4e53542000 
000002a8 03             1179 	.byte	3
000002a9 0f             1180 	.byte	15
000002aa 0e             1181 	.byte	14
000002ab 04             1182 	.byte	4
000002ac 01             1183 	.byte	1
000002ad 11             1184 	.byte	17
000002ae 46424c5f4150   1185 	.strz	"FBL_APPLVECT_STOP_SEC_CONST "
000002b4 504c56454354 
000002ba 5f53544f505f 
000002c0 5345435f434f 
000002c6 4e53542000 
000002cb 03             1186 	.byte	3
000002cc 12             1187 	.byte	18
000002cd 0e             1188 	.byte	14
000002ce 04             1189 	.byte	4
000002cf 01             1190 	.byte	1
000002d0 14             1191 	.byte	20
000002d1 46424c424d48   1192 	.strz	"FBLBMHDR_MAGIC_FLAG 0xB14E9B4AuL"
000002d7 44525f4d4147 
000002dd 49435f464c41 
000002e3 472030784231 
000002e9 344539423441 
000002ef 754c00 
000002f2 01             1193 	.byte	1
000002f3 15             1194 	.byte	21
000002f4 46424c424d48   1195 	.strz	"FBLBMHDR_NUM_OF_VERIFICATION_ENTRIES 1uL"
000002fa 44525f4e554d 
00000300 5f4f465f5645 
00000306 524946494341 
0000030c 54494f4e5f45 
00000312 4e5452494553 
00000318 2031754c00 
0000031d 01             1196 	.byte	1
0000031e 16             1197 	.byte	22
0000031f 46424c424d48   1198 	.strz	"FBLBMHDR_NUM_OF_TARGETS 3uL"
00000325 44525f4e554d 
0000032b 5f4f465f5441 
00000331 524745545320 
00000337 33754c00 
0000033b 01             1199 	.byte	1
0000033c 36             1200 	.byte	54

                                                                      Page 25
                                                              C:\Users\nhuliyap\AppData\Local\Temp\gh_000006s1.s
0000033d 46424c5f4341   1201 	.strz	"FBL_CALL_TYPE "
00000343 4c4c5f545950 
00000349 452000 
0000034c 04             1202 	.byte	4
0000034d 01             1203 	.byte	1
0000034e 0a             1204 	.byte	10
0000034f 52455345545f   1205 	.strz	"RESET_ENTRY_POINT (vuint32)_usr_init"
00000355 454e5452595f 
0000035b 504f494e5420 
00000361 287675696e74 
00000367 3332295f7573 
0000036d 725f696e6974 
00000373 00 
00000374 01             1206 	.byte	1
00000375 12             1207 	.byte	18
00000376 46424c5f4150   1208 	.strz	"FBL_APPLVECT_START_SEC_CONST "
0000037c 504c56454354 
00000382 5f5354415254 
00000388 5f5345435f43 
0000038e 4f4e53542000 
00000394 03             1209 	.byte	3
00000395 13             1210 	.byte	19
00000396 0e             1211 	.byte	14
00000397 04             1212 	.byte	4
00000398 01             1213 	.byte	1
00000399 17             1214 	.byte	23
0000039a 46424c5f4150   1215 	.strz	"FBL_APPLVECT_STOP_SEC_CONST "
000003a0 504c56454354 
000003a6 5f53544f505f 
000003ac 5345435f434f 
000003b2 4e53542000 
000003b7 03             1216 	.byte	3
000003b8 18             1217 	.byte	24
000003b9 0e             1218 	.byte	14
000003ba 04             1219 	.byte	4
000003bb 01             1220 	.byte	1
000003bc 1b             1221 	.byte	27
000003bd 46424c424d48   1222 	.strz	"FBLBMHDR_BMHEADER_START_SEC_CONST "
000003c3 44525f424d48 
000003c9 45414445525f 
000003cf 53544152545f 
000003d5 5345435f434f 
000003db 4e53542000 
000003e0 03             1223 	.byte	3
000003e1 1c             1224 	.byte	28
000003e2 0e             1225 	.byte	14
000003e3 04             1226 	.byte	4
000003e4 01             1227 	.byte	1
000003e5 2b             1228 	.byte	43
000003e6 46424c424d48   1229 	.strz	"FBLBMHDR_BMHEADER_STOP_SEC_CONST "
000003ec 44525f424d48 
000003f2 45414445525f 
000003f8 53544f505f53 
000003fe 45435f434f4e 
00000404 53542000 
00000408 03             1230 	.byte	3
00000409 2c             1231 	.byte	44
0000040a 0e             1232 	.byte	14
0000040b 04             1233 	.byte	4
0000040c 03             1234 	.byte	3
0000040d 2f             1235 	.byte	47

                                                                      Page 26
                                                              C:\Users\nhuliyap\AppData\Local\Temp\gh_000006s1.s
0000040e 0e             1236 	.byte	14
0000040f 04             1237 	.byte	4
00000410 03             1238 	.byte	3
00000411 37             1239 	.byte	55
00000412 0e             1240 	.byte	14
00000413 04             1241 	.byte	4
00000414 04             1242 	.byte	4
00000415 00             1243 	.byte	0
                        1244 	.section	.debug_abbrev
0000012c 00             1245 	.byte	0
                        1246 	.section	.debug_info
                        1247 .Ldw_end:
                        1248 .rh850_flags REGMODE32,DATA_ALIGN8,GP_FIX,EP_NONFIX,TP_FIX,REG2_RESERVE,G3K,GHS_MISALIGN,SDA_EXTRA_REGS_0
