                                                                      Page 1
                                                              C:\Users\nhuliyap\AppData\Local\Temp\gh_00000s01.s
Command Line: C:\ghs\comp_201517\ease850.exe -w -elf -b0 -I../source/common -I../source/ProjectCompiler -I../source/ProjectCfg -I../source/SwcApplTpms -I../source/SwcApplEcuM -I../source/SwcServiceBswM -I../source/SwcServiceEcuM -I../source/SwcServiceNvM -I../source/SwcServiceOs -I../source/SwcServiceStartUp -I../source/McalAdc -I../source/McalDio -I../source/McalGpt -I../source/McalMcu -I../source/McalWdg -I../source/wrappers -I../source/wrappers/McalAta -I../source/McalLin -I../source/McalCan -I../source/wrappers/OS -I../source/McalFls -I../source/EcuabFee -I../source/EcuabMemIf -I../source/wrappers/VStdLib -I../source/wrappers/Crc -I../source/wrappers/FBL_APPL -I../source/wrappers/NVM_MANAGER -I../source/wrappers/DEM_MANAGER -I../source/wrappers/RDC_MANAGER -I../source/wrappers/ENV_MANAGER -I../source/wrappers/SYS_MANAGER -I../source/wrappers/EcuabCanIf -I../source/EcuabCanTrcv -I../source/wrappers/SwcServiceCanSM -I../source/wrappers/SwcServiceCanTp -I../source/wrappers/SwcServiceCanTp_PreCompile -I../source/wrappers/SwcServiceCom -I../source/wrappers/SwcServiceComM -I../source/wrappers/SwcServiceDcm -I../source/wrappers/SwcServicePduR -I../source/wrappers/SwcServiceEcuM -I../source/wrappers/Bfx -I../source/wrappers/SwcServiceDem -I../source/SwcServiceCom -I../source/SwcServiceDet -I../source/SwcServiceFiM -I../source/SwcServicePduR -I../source/SwcServiceSchM -I../source/wrappers/LibAutosarDiag -I../source/wrappers/rba_BswSrv -IC:\ghs\comp_201517\lib\rh850 -cg_underscore -cpu=rh850g3k -no_v850_simd -rh850_fpsimd=none -nomacro -patch_dbo=C:\_ECU2\ECU_Rivian_A1\Target\repo_projects\pRealEcu\cR_LATEST\make\output\objects\Bfx_TstParityEven_u8_u8.dbo -source=Bfx_TstParityEven_u8_u8.c -o output\objects\gh_00000s01.o -list=output\list\Bfx_TstParityEven_u8_u8.lst C:\Users\nhuliyap\AppData\Local\Temp\gh_00000s01.s 
Original File: C:\Users\nhuliyap\AppData\Local\Temp\gh_00000s01.s
Source File: Bfx_TstParityEven_u8_u8.c
Directory: C:\_ECU2\ECU_Rivian_A1\Target\repo_projects\pRealEcu\cR_LATEST\make
Host OS: Windows
EASE: Copyright (C) 1983-2015 Green Hills Software.  All Rights Reserved.
Release: Compiler v2015.1.7
Build Directory: [Directory] BTOWORKER6:c:/build_2015_1_bto/2015-10-21.2100-2015_1_bto/win32-comp-ecom
Revision: [VCInfo] http://toolsvc/branches/release-branch-70-bto/src@544153 (built by build)
Revision Date: Thu Oct 22 07:50:13 2015

Release Date: Thu Oct 22 09:32:32 2015

                           1 --Driver Command: ccv850 ../source/wrappers/Bfx/Bfx_TstParityEven_u8_u8.c
                           2 --		-cpu=rh850 -fhard -ignore_callt_state_in_interrupts -large_sda
                           3 --		-misalign_pack -nofarcalls -nofloatio -no_callt -Ogeneral
                           4 --		-Onounroll -prepare_dispose -registermode=32 -reserve_r2 -sda=0
                           5 --		-shorten_loads -Wshadow --brief_diagnostics --no_commons
                           6 --		--no_wrap_diagnostics --prototype_errors --short_enum -list -G
                           7 --		-dual_debug -dwarf -X5523 -lnk=-no_xda_modifications -D
                           8 --		NOT_READY_FOR_TESTING_OR_DEPLOYMENT -D IBTCM_SW_ANPASSUNGEN -D
                           9 --		BUILD_RIVIAN -c -inline_prologue -I../source/common
                          10 --		-I../source/ProjectCompiler -I../source/ProjectCfg
                          11 --		-I../source/SwcApplTpms -I../source/SwcApplEcuM
                          12 --		-I../source/SwcServiceBswM -I../source/SwcServiceEcuM
                          13 --		-I../source/SwcServiceNvM -I../source/SwcServiceOs
                          14 --		-I../source/SwcServiceStartUp -I../source/McalAdc
                          15 --		-I../source/McalDio -I../source/McalGpt -I../source/McalMcu
                          16 --		-I../source/McalWdg -I../source/wrappers
                          17 --		-I../source/wrappers/McalAta -I../source/McalLin
                          18 --		-I../source/McalCan -I../source/wrappers/OS -I../source/McalFls
                          19 --		-I../source/EcuabFee -I../source/EcuabMemIf
                          20 --		-I../source/wrappers/VStdLib -I../source/wrappers
                          21 --		-I../source/wrappers/Crc -I../source/wrappers/FBL_APPL
                          22 --		-I../source/wrappers/NVM_MANAGER -I../source/wrappers/DEM_MANAGER
                          23 --		-I../source/wrappers/RDC_MANAGER -I../source/wrappers/ENV_MANAGER
                          24 --		-I../source/wrappers/SYS_MANAGER -I../source/wrappers/EcuabCanIf
                          25 --		-I../source/EcuabCanTrcv -I../source/wrappers/SwcServiceCanSM
                          26 --		-I../source/wrappers/SwcServiceCanTp
                          27 --		-I../source/wrappers/SwcServiceCanTp_PreCompile
                          28 --		-I../source/wrappers/SwcServiceCom
                          29 --		-I../source/wrappers/SwcServiceComM
                          30 --		-I../source/wrappers/SwcServiceDcm
                          31 --		-I../source/wrappers/SwcServicePduR
                          32 --		-I../source/wrappers/SwcServiceEcuM -I../source/wrappers/Bfx
                          33 --		-I../source/wrappers/SwcServiceDem -I../source/SwcServiceCom
                          34 --		-I../source/SwcServiceDet -I../source/SwcServiceFiM
                          35 --		-I../source/SwcServicePduR -I../source/SwcServiceSchM
                          36 --		-I../source/wrappers/LibAutosarDiag
                          37 --		-I../source/wrappers/rba_BswSrv -object_dir=output/objects
                          38 --		-list_dir=output/list
                          39 --Source File:   ../source/wrappers/Bfx/Bfx_TstParityEven_u8_u8.c
                          40 --Directory:     
                          41 --		C:\_ECU2\ECU_Rivian_A1\Target\repo_projects\pRealEcu\cR_LATEST\make
                          42 --Compile Date:  Fri Sep 15 14:00:19 2023
                          43 --Host OS:       Win32
                          44 --Version:       C-RH850 2015.1.7 RELEASE VERSION
                          45 --Release:       Compiler v2015.1.7
                          46 --Revision Date: Thu Oct 22 08:06:12 2015
                          47 --Release Date:  Thu Oct 22 09:34:32 2015
                          48 -- ecom  -g -w -OM
                          49 	.text
                          50 ..bof.C.3A.5C_ECU2.5CECU_Rivian_A1.5CTarget.5Crepo_projects.5CpRealEcu.5CcR_LATEST.5Cmake.5Coutput.5Cobjects.5CBfx_TstParityEven_u8_u8...43.3A.5C_ECU2.5CECU_Rivian_A1.5CTarget.5Crepo_projects.5CpRealEcu.5CcR_LATEST.5Cmake..65044753..0::

                                                                      Page 2
                                                              C:\Users\nhuliyap\AppData\Local\Temp\gh_00000s01.s
                          51 	.align	2
                          52 ..gh.f.f.1.e.0:
                          53 	.type	..gh.f.f.1.e.0,@object
                          54 	.size	..gh.f.f.1.e.0,0
                          55 	.global	_Bfx_TstParityEven_u8_u8
                          56 _Bfx_TstParityEven_u8_u8:
00000000 8600             57 	zxb	r6
                          58 --	    .bf
                          59 .LDW01:
00000002 019a             60 	mov	1,r19
00000004 d505*            61 	br	.L49
                          62 .L48:
00000006 c6960100         63 	andi	1,r6,r18
0000000a 3299             64 	xor	r18,r19
0000000c 8132             65 	shr	1,r6
                          66 .L49:
0000000e e031             67 	cmp	zero,r6
00000010 bafd*            68 	bne	.L48
00000012 e099             69 	cmp	zero,r19
00000014 ea570000         70 	setfne	r10
                          71 --	    .ef
                          72 .LDW11:
                          73 --line20
                          74 ..lin.C.3A.5C_ECU2.5CECU_Rivian_A1.5CTarget.5Crepo_projects.5CpRealEcu.5CcR_LATEST.5Cmake.5Coutput.5Cobjects.5CBfx_TstParityEven_u8_u8.1::
                          75 .LDWlin1:
00000018 7f00             76 	jmp	[lp]
                          77 	.global	___ghs_eofn_Bfx_TstParityEven_u8_u8
                          78 ___ghs_eofn_Bfx_TstParityEven_u8_u8:
                          79 	.type	_Bfx_TstParityEven_u8_u8,@function
                          80 	.size	_Bfx_TstParityEven_u8_u8,.-_Bfx_TstParityEven_u8_u8
                          81 	.align	2
                          82 --_tmp_u32	r6	local
                          83 --_Parity_Bit_u32	r19	local
                          84 
                          85 --_Data	r6	param
                          86 
                          87 	.section ".bss","awb"
                          88 .L96:
                          89 	.type	.L96,@object
                          90 	.size	.L96,0
                          91 	.data
                          92 	.text
                          93 	.align	2
                          94 
                          95 	.data
                          96 	.ghsnote version,17
                          97 	.ghsnote tools,3
                          98 	.ghsnote options,144
                          99 	.text
                         100 	.align	2
                         101 ..eof.C.3A.5C_ECU2.5CECU_Rivian_A1.5CTarget.5Crepo_projects.5CpRealEcu.5CcR_LATEST.5Cmake.5Coutput.5Cobjects.5CBfx_TstParityEven_u8_u8...43.3A.5C_ECU2.5CECU_Rivian_A1.5CTarget.5Crepo_projects.5CpRealEcu.5CcR_LATEST.5Cmake..65044753..0::
                         102 	.section	.debug_info
                         103 .Ldw_begin:
00000000 2d020000        104 	.word	.Ldw_end-.Ldw_begin-4
00000004 0200            105 	.byte	2,0
00000006 00000000*       106 	.word	.Ldw_abbr_begin
0000000a 04              107 	.byte	4
                         108 	.section	.debug_abbrev
                         109 .Ldw_abbr_begin:
                         110 	.section	.debug_info
0000000b 01              111 	.byte	1

                                                                      Page 3
                                                              C:\Users\nhuliyap\AppData\Local\Temp\gh_00000s01.s
0000000c 00000000*       112 	.word	..bof.C.3A.5C_ECU2.5CECU_Rivian_A1.5CTarget.5Crepo_projects.5CpRealEcu.5CcR_LATEST.5Cmake.5Coutput.5Cobjects.5CBfx_TstParityEven_u8_u8...43.3A.5C_ECU2.5CECU_Rivian_A1.5CTarget.5Crepo_projects.5CpRealEcu.5CcR_LATEST.5Cmake..65044753..0
00000010 00000000*       113 	.word	..eof.C.3A.5C_ECU2.5CECU_Rivian_A1.5CTarget.5Crepo_projects.5CpRealEcu.5CcR_LATEST.5Cmake.5Coutput.5Cobjects.5CBfx_TstParityEven_u8_u8...43.3A.5C_ECU2.5CECU_Rivian_A1.5CTarget.5Crepo_projects.5CpRealEcu.5CcR_LATEST.5Cmake..65044753..0
00000014 2e2e2f736f75    114 	.strz	"../source/wrappers/Bfx/Bfx_TstParityEven_u8_u8.c"
0000001a 7263652f7772 
00000020 617070657273 
00000026 2f4266782f42 
0000002c 66785f547374 
00000032 506172697479 
00000038 4576656e5f75 
0000003e 385f75382e63 
00000044 00 
00000045 433a5c5f4543    115 	.strz	"C:\\_ECU2\\ECU_Rivian_A1\\Target\\repo_projects\\pRealEcu\\cR_LATEST\\make"
0000004b 55325c454355 
00000051 5f5269766961 
00000057 6e5f41315c54 
0000005d 61726765745c 
00000063 7265706f5f70 
00000069 726f6a656374 
0000006f 735c70526561 
00000075 6c4563755c63 
0000007b 525f4c415445 
00000081 53545c6d616b 
00000087 6500 
00000089 474853204320    116 	.strz	"GHS C 2015.1.7 [dual]"
0000008f 323031352e31 
00000095 2e37205b6475 
0000009b 616c5d00 
0000009f 0100            117 	.byte	1,0
000000a1 00000000*       118 	.word	.Ldw_line_begin
000000a5 00000000*       119 	.word	.Ldw_macinfo_begin
000000a9 00              120 	.byte	0
                         121 
                         122 	.section	.debug_abbrev
00000000 01              123 	.byte	1
00000001 11              124 	.byte	17
00000002 01              125 	.byte	1
00000003 1101            126 	.byte	17,1
00000005 1201            127 	.byte	18,1
00000007 0308            128 	.byte	3,8
00000009 1b08            129 	.byte	27,8
0000000b 2508            130 	.byte	37,8
0000000d 1305            131 	.byte	19,5
0000000f 1006            132 	.byte	16,6
00000011 4306            133 	.byte	67,6
00000013 420b            134 	.byte	66,11
00000015 0000            135 	.byte	0,0
                         136 
                         137 	.section	.debug_line
                         138 .Ldw_line_begin:
00000000 58020000        139 	.word	.Ldw_line_end-.Ldw_line_begin-4
00000004 0200            140 	.byte	2,0
00000006 00000000*       141 	.word	.Ldw_lpro_end-.Ldw_lpro_begin
                         142 .Ldw_lpro_begin:
0000000a 01              143 	.byte	1
0000000b 00              144 	.byte	0
0000000c 00              145 	.byte	0
0000000d 04              146 	.byte	4
0000000e 0a              147 	.byte	10
0000000f 000101          148 	.byte	0,1,1
00000012 010100          149 	.byte	1,1,0
00000015 000001          150 	.byte	0,0,1

                                                                      Page 4
                                                              C:\Users\nhuliyap\AppData\Local\Temp\gh_00000s01.s
00000018 00              151 	.byte	0
00000019 2e2e2f736f75    152 	.strz	"../source/wrappers/Bfx/Bfx_TstParityEven_u8_u8.c"
0000001f 7263652f7772 
00000025 617070657273 
0000002b 2f4266782f42 
00000031 66785f547374 
00000037 506172697479 
0000003d 4576656e5f75 
00000043 385f75382e63 
00000049 00 
0000004a 000000          153 	.byte	0,0,0
0000004d 2e2e2f736f75    154 	.strz	"../source/common/Std_Types.hpp"
00000053 7263652f636f 
00000059 6d6d6f6e2f53 
0000005f 74645f547970 
00000065 65732e687070 
0000006b 00 
0000006c 000000          155 	.byte	0,0,0
0000006f 2e2e2f736f75    156 	.strz	"../source/common/Platform_Types.hpp"
00000075 7263652f636f 
0000007b 6d6d6f6e2f50 
00000081 6c6174666f72 
00000087 6d5f54797065 
0000008d 732e68707000 
00000093 000000          157 	.byte	0,0,0
00000096 2e2e2f736f75    158 	.strz	"../source/common/Compiler.hpp"
0000009c 7263652f636f 
000000a2 6d6d6f6e2f43 
000000a8 6f6d70696c65 
000000ae 722e68707000 
000000b4 000000          159 	.byte	0,0,0
000000b7 2e2e2f736f75    160 	.strz	"../source/ProjectCompiler/Compiler_Cfg.hpp"
000000bd 7263652f5072 
000000c3 6f6a65637443 
000000c9 6f6d70696c65 
000000cf 722f436f6d70 
000000d5 696c65725f43 
000000db 66672e687070 
000000e1 00 
000000e2 000000          161 	.byte	0,0,0
000000e5 2e2e2f736f75    162 	.strz	"../source/ProjectCompiler/CompilerCfg_SwcServiceOs.hpp"
000000eb 7263652f5072 
000000f1 6f6a65637443 
000000f7 6f6d70696c65 
000000fd 722f436f6d70 
00000103 696c65724366 
00000109 675f53776353 
0000010f 657276696365 
00000115 4f732e687070 
0000011b 00 
0000011c 000000          163 	.byte	0,0,0
0000011f 2e2e2f736f75    164 	.strz	"../source/wrappers/Bfx/Bfx.hpp"
00000125 7263652f7772 
0000012b 617070657273 
00000131 2f4266782f42 
00000137 66782e687070 
0000013d 00 
0000013e 000000          165 	.byte	0,0,0
00000141 2e2e2f736f75    166 	.strz	"../source/wrappers/Bfx/Bfx_Types.hpp"
00000147 7263652f7772 
0000014d 617070657273 

                                                                      Page 5
                                                              C:\Users\nhuliyap\AppData\Local\Temp\gh_00000s01.s
00000153 2f4266782f42 
00000159 66785f547970 
0000015f 65732e687070 
00000165 00 
00000166 000000          167 	.byte	0,0,0
00000169 2e2e2f736f75    168 	.strz	"../source/ProjectCfg/Bfx_Cfg.hpp"
0000016f 7263652f5072 
00000175 6f6a65637443 
0000017b 66672f426678 
00000181 5f4366672e68 
00000187 707000 
0000018a 000000          169 	.byte	0,0,0
0000018d 2e2e2f736f75    170 	.strz	"../source/ProjectCompiler/Bfx_MemMap.hpp"
00000193 7263652f5072 
00000199 6f6a65637443 
0000019f 6f6d70696c65 
000001a5 722f4266785f 
000001ab 4d656d4d6170 
000001b1 2e68707000 
000001b6 000000          171 	.byte	0,0,0
000001b9 2e2e2f736f75    172 	.strz	"../source/ProjectCompiler/Bsw_MemMap.hpp"
000001bf 7263652f5072 
000001c5 6f6a65637443 
000001cb 6f6d70696c65 
000001d1 722f4273775f 
000001d7 4d656d4d6170 
000001dd 2e68707000 
000001e2 000000          173 	.byte	0,0,0
000001e5 2e2e2f736f75    174 	.strz	"../source/ProjectCompiler/MemMap_Common.hpp"
000001eb 7263652f5072 
000001f1 6f6a65637443 
000001f7 6f6d70696c65 
000001fd 722f4d656d4d 
00000203 61705f436f6d 
00000209 6d6f6e2e6870 
0000020f 7000 
00000211 000000          175 	.byte	0,0,0
00000214 2e2e2f736f75    176 	.strz	"../source/wrappers/Bfx/Bfx_Bit_Inl.hpp"
0000021a 7263652f7772 
00000220 617070657273 
00000226 2f4266782f42 
0000022c 66785f426974 
00000232 5f496e6c2e68 
00000238 707000 
0000023b 000000          177 	.byte	0,0,0
0000023e 00              178 	.byte	0
                         179 .Ldw_lpro_end:
                         180 	.section	.debug_macinfo
                         181 .Ldw_macinfo_begin:
                         182 	.section	.debug_frame
                         183 .LDW_4c517e0:
00000000 00000000*       184 	.word	.LDW_unq_2-.LDW_unq_1
                         185 .LDW_unq_1:
00000004 ffffffff        186 	.byte	255,255,255,255
00000008 01              187 	.byte	1
00000009 00              188 	.byte	0
0000000a 01              189 	.byte	1
0000000b 01              190 	.byte	1
0000000c 1f              191 	.byte	31
0000000d 0c              192 	.byte	12
0000000e 03              193 	.byte	3

                                                                      Page 6
                                                              C:\Users\nhuliyap\AppData\Local\Temp\gh_00000s01.s
0000000f 00              194 	.byte	0
00000010 07              195 	.byte	7
00000011 00              196 	.byte	0
00000012 07              197 	.byte	7
00000013 01              198 	.byte	1
00000014 07              199 	.byte	7
00000015 02              200 	.byte	2
00000016 07              201 	.byte	7
00000017 03              202 	.byte	3
00000018 07              203 	.byte	7
00000019 04              204 	.byte	4
0000001a 07              205 	.byte	7
0000001b 05              206 	.byte	5
0000001c 07              207 	.byte	7
0000001d 06              208 	.byte	6
0000001e 07              209 	.byte	7
0000001f 07              210 	.byte	7
00000020 07              211 	.byte	7
00000021 08              212 	.byte	8
00000022 07              213 	.byte	7
00000023 09              214 	.byte	9
00000024 07              215 	.byte	7
00000025 0a              216 	.byte	10
00000026 07              217 	.byte	7
00000027 0b              218 	.byte	11
00000028 07              219 	.byte	7
00000029 0c              220 	.byte	12
0000002a 07              221 	.byte	7
0000002b 0d              222 	.byte	13
0000002c 07              223 	.byte	7
0000002d 0e              224 	.byte	14
0000002e 07              225 	.byte	7
0000002f 0f              226 	.byte	15
00000030 07              227 	.byte	7
00000031 10              228 	.byte	16
00000032 07              229 	.byte	7
00000033 11              230 	.byte	17
00000034 07              231 	.byte	7
00000035 12              232 	.byte	18
00000036 07              233 	.byte	7
00000037 13              234 	.byte	19
00000038 08              235 	.byte	8
00000039 14              236 	.byte	20
0000003a 08              237 	.byte	8
0000003b 15              238 	.byte	21
0000003c 08              239 	.byte	8
0000003d 16              240 	.byte	22
0000003e 08              241 	.byte	8
0000003f 17              242 	.byte	23
00000040 08              243 	.byte	8
00000041 18              244 	.byte	24
00000042 08              245 	.byte	8
00000043 19              246 	.byte	25
00000044 08              247 	.byte	8
00000045 1a              248 	.byte	26
00000046 08              249 	.byte	8
00000047 1b              250 	.byte	27
00000048 08              251 	.byte	8
00000049 1c              252 	.byte	28
0000004a 08              253 	.byte	8
0000004b 1d              254 	.byte	29

                                                                      Page 7
                                                              C:\Users\nhuliyap\AppData\Local\Temp\gh_00000s01.s
0000004c 07              255 	.byte	7
0000004d 1e              256 	.byte	30
0000004e 08              257 	.byte	8
0000004f 1f              258 	.byte	31
00000050 07              259 	.byte	7
00000051 20              260 	.byte	32
00000052 07              261 	.byte	7
00000053 21              262 	.byte	33
00000054 07              263 	.byte	7
00000055 22              264 	.byte	34
00000056 07              265 	.byte	7
00000057 23              266 	.byte	35
00000058 07              267 	.byte	7
00000059 24              268 	.byte	36
0000005a 07              269 	.byte	7
0000005b 25              270 	.byte	37
0000005c 07              271 	.byte	7
0000005d 26              272 	.byte	38
0000005e 07              273 	.byte	7
0000005f 27              274 	.byte	39
00000060 07              275 	.byte	7
00000061 28              276 	.byte	40
00000062 07              277 	.byte	7
00000063 29              278 	.byte	41
00000064 07              279 	.byte	7
00000065 2a              280 	.byte	42
00000066 07              281 	.byte	7
00000067 2b              282 	.byte	43
00000068 07              283 	.byte	7
00000069 2c              284 	.byte	44
0000006a 07              285 	.byte	7
0000006b 2d              286 	.byte	45
0000006c 07              287 	.byte	7
0000006d 2e              288 	.byte	46
0000006e 07              289 	.byte	7
0000006f 2f              290 	.byte	47
00000070 07              291 	.byte	7
00000071 30              292 	.byte	48
00000072 07              293 	.byte	7
00000073 31              294 	.byte	49
00000074 07              295 	.byte	7
00000075 32              296 	.byte	50
00000076 07              297 	.byte	7
00000077 33              298 	.byte	51
00000078 07              299 	.byte	7
00000079 34              300 	.byte	52
0000007a 07              301 	.byte	7
0000007b 35              302 	.byte	53
0000007c 07              303 	.byte	7
0000007d 36              304 	.byte	54
0000007e 07              305 	.byte	7
0000007f 37              306 	.byte	55
00000080 07              307 	.byte	7
00000081 38              308 	.byte	56
00000082 07              309 	.byte	7
00000083 39              310 	.byte	57
00000084 07              311 	.byte	7
00000085 3a              312 	.byte	58
00000086 07              313 	.byte	7
00000087 3b              314 	.byte	59
00000088 07              315 	.byte	7

                                                                      Page 8
                                                              C:\Users\nhuliyap\AppData\Local\Temp\gh_00000s01.s
00000089 3c              316 	.byte	60
0000008a 07              317 	.byte	7
0000008b 3d              318 	.byte	61
0000008c 07              319 	.byte	7
0000008d 3e              320 	.byte	62
0000008e 07              321 	.byte	7
0000008f 3f              322 	.byte	63
                         323 .LDW_unq_2:
                         324 	.section	.debug_info
                         325 .LDW_4887288:
000000aa 25              326 	.byte	37
000000ab 756e7369676e    327 	.strz	"unsigned char"
000000b1 656420636861 
000000b7 7200 
000000b9 08              328 	.byte	8
000000ba 01              329 	.byte	1
                         330 
                         331 	.section	.debug_abbrev
00000017 25              332 	.byte	37
00000018 24              333 	.byte	36
00000019 00              334 	.byte	0
0000001a 0308            335 	.byte	3,8
0000001c 3e0b            336 	.byte	62,11
0000001e 0b0b            337 	.byte	11,11
00000020 0000            338 	.byte	0,0
                         339 
                         340 	.section	.debug_info
                         341 .LDW_4886bf8:
000000bb 25              342 	.byte	37
000000bc 756e7369676e    343 	.strz	"unsigned long"
000000c2 6564206c6f6e 
000000c8 6700 
000000ca 07              344 	.byte	7
000000cb 04              345 	.byte	4
                         346 
                         347 .LDW_4cacf70:
000000cc 44              348 	.byte	68
000000cd 00000000*       349 	.word	.LDW_4c8bb18
000000d1 01              350 	.byte	1
                         351 
                         352 	.section	.debug_abbrev
00000022 44              353 	.byte	68
00000023 15              354 	.byte	21
00000024 01              355 	.byte	1
00000025 4910            356 	.byte	73,16
00000027 270c            357 	.byte	39,12
00000029 0000            358 	.byte	0,0
                         359 
                         360 	.section	.debug_info
                         361 .LDW_4ca9eb8:
000000d2 12              362 	.byte	18
000000d3 00000000*       363 	.word	.LDW_4c37f98
000000d7 00              364 	.byte	0
                         365 
                         366 	.section	.debug_abbrev
0000002b 12              367 	.byte	18
0000002c 05              368 	.byte	5
0000002d 00              369 	.byte	0
0000002e 4910            370 	.byte	73,16
00000030 4b0c            371 	.byte	75,12
00000032 0000            372 	.byte	0,0

                                                                      Page 9
                                                              C:\Users\nhuliyap\AppData\Local\Temp\gh_00000s01.s
                         373 
                         374 	.section	.debug_info
000000d8 00              375 	.byte	0
                         376 
                         377 .LDW_4cad398:
000000d9 44              378 	.byte	68
000000da 00000000*       379 	.word	.LDW_4c8bb18
000000de 01              380 	.byte	1
                         381 
                         382 .LDW_4ca9468:
000000df 12              383 	.byte	18
000000e0 00000000*       384 	.word	.LDW_48ceed8
000000e4 00              385 	.byte	0
                         386 
000000e5 00              387 	.byte	0
                         388 
                         389 .LDW_4cacfa8:
000000e6 44              390 	.byte	68
000000e7 00000000*       391 	.word	.LDW_4c8bb18
000000eb 01              392 	.byte	1
                         393 
                         394 .LDW_4ca93a8:
000000ec 12              395 	.byte	18
000000ed 00000000*       396 	.word	.LDW_48ceed8
000000f1 00              397 	.byte	0
                         398 
000000f2 00              399 	.byte	0
                         400 
                         401 .LDW_4cad558:
000000f3 25              402 	.byte	37
000000f4 756e7369676e    403 	.strz	"unsigned int"
000000fa 656420696e74 
00000100 00 
00000101 07              404 	.byte	7
00000102 04              405 	.byte	4
                         406 
                         407 .LDW_4c8bb18:
00000103 28              408 	.byte	40
00000104 626f6f6c6561    409 	.strz	"boolean"
0000010a 6e00 
0000010c 4e              410 	.byte	78
0000010d 49              411 	.byte	73
0000010e 03              412 	.byte	3
0000010f 00000000*       413 	.word	.LDW_4887288
                         414 
                         415 	.section	.debug_abbrev
00000034 28              416 	.byte	40
00000035 16              417 	.byte	22
00000036 00              418 	.byte	0
00000037 0308            419 	.byte	3,8
00000039 3b0f            420 	.byte	59,15
0000003b 390f            421 	.byte	57,15
0000003d 3a0f            422 	.byte	58,15
0000003f 4910            423 	.byte	73,16
00000041 0000            424 	.byte	0,0
                         425 
                         426 	.section	.debug_info
                         427 .LDW_48ceed8:
00000113 28              428 	.byte	40
00000114 75696e743800    429 	.strz	"uint8"
0000011a 50              430 	.byte	80

                                                                      Page 10
                                                              C:\Users\nhuliyap\AppData\Local\Temp\gh_00000s01.s
0000011b 4b              431 	.byte	75
0000011c 03              432 	.byte	3
0000011d 00000000*       433 	.word	.LDW_4887288
                         434 
                         435 .LDW_4c37f98:
00000121 28              436 	.byte	40
00000122 75696e743332    437 	.strz	"uint32"
00000128 00 
00000129 54              438 	.byte	84
0000012a 4a              439 	.byte	74
0000012b 03              440 	.byte	3
0000012c 00000000*       441 	.word	.LDW_4886bf8
                         442 
                         443 .LDW_4caa1c0:
00000130 16              444 	.byte	22
00000131 4266785f4c6f    445 	.strz	"Bfx_Lok_TstParityEven_u32_u8_Inl"
00000137 6b5f54737450 
0000013d 617269747945 
00000143 76656e5f7533 
00000149 325f75385f49 
0000014f 6e6c00 
00000152 9803            446 	.byte	152,3
00000154 16              447 	.byte	22
00000155 0d              448 	.byte	13
00000156 00000000*       449 	.word	.LDW_4c8bb18
0000015a 00              450 	.byte	0
0000015b 03              451 	.byte	3
0000015c 00              452 	.byte	0
0000015d 01              453 	.byte	1
0000015e 00              454 	.byte	0
0000015f 01              455 	.byte	1
                         456 
                         457 	.section	.debug_abbrev
00000043 16              458 	.byte	22
00000044 2e              459 	.byte	46
00000045 01              460 	.byte	1
00000046 0308            461 	.byte	3,8
00000048 3b0f            462 	.byte	59,15
0000004a 390f            463 	.byte	57,15
0000004c 3a0f            464 	.byte	58,15
0000004e 4910            465 	.byte	73,16
00000050 3c0c            466 	.byte	60,12
00000052 200b            467 	.byte	32,11
00000054 3f0c            468 	.byte	63,12
00000056 320b            469 	.byte	50,11
00000058 4c0b            470 	.byte	76,11
0000005a 270c            471 	.byte	39,12
0000005c 0000            472 	.byte	0,0
                         473 
                         474 	.section	.debug_info
                         475 .LDW_4cac6f8:
00000160 10              476 	.byte	16
00000161 4461746100      477 	.strz	"Data"
00000166 9803            478 	.byte	152,3
00000168 3e              479 	.byte	62
00000169 0d              480 	.byte	13
0000016a 00000000*       481 	.word	.LDW_4c37f98
0000016e 00              482 	.byte	0
                         483 
                         484 	.section	.debug_abbrev
0000005e 10              485 	.byte	16

                                                                      Page 11
                                                              C:\Users\nhuliyap\AppData\Local\Temp\gh_00000s01.s
0000005f 05              486 	.byte	5
00000060 00              487 	.byte	0
00000061 0308            488 	.byte	3,8
00000063 3b0f            489 	.byte	59,15
00000065 390f            490 	.byte	57,15
00000067 3a0f            491 	.byte	58,15
00000069 4910            492 	.byte	73,16
0000006b 4b0c            493 	.byte	75,12
0000006d 0000            494 	.byte	0,0
                         495 
                         496 	.section	.debug_info
                         497 .LDW_4ca9bb8:
0000016f 20              498 	.byte	32
                         499 
                         500 	.section	.debug_abbrev
0000006f 20              501 	.byte	32
00000070 0b              502 	.byte	11
00000071 01              503 	.byte	1
00000072 0000            504 	.byte	0,0
                         505 
                         506 	.section	.debug_info
                         507 .LDW_4cac388:
00000170 05              508 	.byte	5
00000171 746d705f7533    509 	.strz	"tmp_u32"
00000177 3200 
00000179 9a03            510 	.byte	154,3
0000017b 0b              511 	.byte	11
0000017c 0d              512 	.byte	13
0000017d 00000000*       513 	.word	.LDW_4c37f98
00000181 00              514 	.byte	0
00000182 00              515 	.byte	0
                         516 
                         517 	.section	.debug_abbrev
00000074 05              518 	.byte	5
00000075 34              519 	.byte	52
00000076 00              520 	.byte	0
00000077 0308            521 	.byte	3,8
00000079 3b0f            522 	.byte	59,15
0000007b 390f            523 	.byte	57,15
0000007d 3a0f            524 	.byte	58,15
0000007f 4910            525 	.byte	73,16
00000081 3f0c            526 	.byte	63,12
00000083 3c0c            527 	.byte	60,12
00000085 0000            528 	.byte	0,0
                         529 
                         530 	.section	.debug_info
                         531 .LDW_4cac0c8:
00000183 05              532 	.byte	5
00000184 506172697479    533 	.strz	"Parity_Bit_u32"
0000018a 5f4269745f75 
00000190 333200 
00000193 9c03            534 	.byte	156,3
00000195 0b              535 	.byte	11
00000196 0d              536 	.byte	13
00000197 00000000*       537 	.word	.LDW_4c37f98
0000019b 00              538 	.byte	0
0000019c 00              539 	.byte	0
                         540 
0000019d 00              541 	.byte	0
                         542 
0000019e 00              543 	.byte	0

                                                                      Page 12
                                                              C:\Users\nhuliyap\AppData\Local\Temp\gh_00000s01.s
                         544 
                         545 .LDW_4cab000:
0000019f 16              546 	.byte	22
000001a0 4266785f4c6f    547 	.strz	"Bfx_Lok_TstParityEven_u8_u8_Inl"
000001a6 6b5f54737450 
000001ac 617269747945 
000001b2 76656e5f7538 
000001b8 5f75385f496e 
000001be 6c00 
000001c0 a703            548 	.byte	167,3
000001c2 16              549 	.byte	22
000001c3 0d              550 	.byte	13
000001c4 00000000*       551 	.word	.LDW_4c8bb18
000001c8 00              552 	.byte	0
000001c9 03              553 	.byte	3
000001ca 00              554 	.byte	0
000001cb 01              555 	.byte	1
000001cc 00              556 	.byte	0
000001cd 01              557 	.byte	1
                         558 
                         559 .LDW_4cac438:
000001ce 10              560 	.byte	16
000001cf 4461746100      561 	.strz	"Data"
000001d4 a703            562 	.byte	167,3
000001d6 3c              563 	.byte	60
000001d7 0d              564 	.byte	13
000001d8 00000000*       565 	.word	.LDW_48ceed8
000001dc 00              566 	.byte	0
                         567 
                         568 .LDW_4ca9408:
000001dd 20              569 	.byte	32
                         570 
000001de 00              571 	.byte	0
                         572 
000001df 00              573 	.byte	0
                         574 
                         575 .LDW_4caaf68:
000001e0 14              576 	.byte	20
000001e1 4266785f5473    577 	.strz	"Bfx_TstParityEven_u8_u8"
000001e7 745061726974 
000001ed 794576656e5f 
000001f3 75385f753800 
000001f9 13              578 	.byte	19
000001fa 0c              579 	.byte	12
000001fb 01              580 	.byte	1
000001fc 00000000*       581 	.word	.LDW_4c8bb18
00000200 00000000*       582 	.word	_Bfx_TstParityEven_u8_u8
00000204 00000000*       583 	.word	___ghs_eofn_Bfx_TstParityEven_u8_u8
00000208 0153            584 	.byte	1,83
0000020a 02              585 	.byte	2
0000020b 00              586 	.byte	0
0000020c 02              587 	.byte	2
0000020d 00              588 	.byte	0
0000020e 00              589 	.byte	0
0000020f 00              590 	.byte	0
00000210 00              591 	.byte	0
00000211 01              592 	.byte	1
00000212 01              593 	.byte	1
00000213 00              594 	.byte	0
00000214 01              595 	.byte	1
                         596 

                                                                      Page 13
                                                              C:\Users\nhuliyap\AppData\Local\Temp\gh_00000s01.s
                         597 	.section	.debug_abbrev
00000087 14              598 	.byte	20
00000088 2e              599 	.byte	46
00000089 01              600 	.byte	1
0000008a 0308            601 	.byte	3,8
0000008c 3b0f            602 	.byte	59,15
0000008e 390f            603 	.byte	57,15
00000090 3a0f            604 	.byte	58,15
00000092 4910            605 	.byte	73,16
00000094 1101            606 	.byte	17,1
00000096 1201            607 	.byte	18,1
00000098 400a            608 	.byte	64,10
0000009a 8341            609 	.byte	131,65
0000009c 0f              610 	.byte	15
0000009d 8741            611 	.byte	135,65
0000009f 0d              612 	.byte	13
000000a0 8541            613 	.byte	133,65
000000a2 0f              614 	.byte	15
000000a3 8641            615 	.byte	134,65
000000a5 0d              616 	.byte	13
000000a6 9241            617 	.byte	146,65
000000a8 0f              618 	.byte	15
000000a9 3c0c            619 	.byte	60,12
000000ab 200b            620 	.byte	32,11
000000ad 3f0c            621 	.byte	63,12
000000af 320b            622 	.byte	50,11
000000b1 4c0b            623 	.byte	76,11
000000b3 270c            624 	.byte	39,12
000000b5 0000            625 	.byte	0,0
                         626 
                         627 	.section	.debug_frame
                         628 .LDW_4cdd608:
00000090 00000000*       629 	.word	.LDW_unq_4-.LDW_unq_3
                         630 .LDW_unq_3:
00000094 00000000*       631 	.word	.LDW_4c517e0
00000098 00000000*       632 	.word	_Bfx_TstParityEven_u8_u8
0000009c 00000000*       633 	.word	___ghs_eofn_Bfx_TstParityEven_u8_u8-_Bfx_TstParityEven_u8_u8
000000a0 01              634 	.byte	1
000000a1 00000000*       635 	.word	.LDW11
000000a5 00              636 	.byte	0
000000a6 00              637 	.byte	0
000000a7 00              638 	.byte	0
                         639 .LDW_unq_4:
                         640 	.section	.debug_line
0000023f 000502          641 	.byte	0,5,2
00000242 00000000*       642 	.word	_Bfx_TstParityEven_u8_u8
00000246 03              643 	.byte	3
00000247 13              644 	.byte	19
00000248 02              645 	.byte	2
00000249 00              646 	.byte	0
0000024a 01              647 	.byte	1
0000024b 06              648 	.byte	6
0000024c 13              649 	.byte	19
0000024d 06              650 	.byte	6
0000024e 000502          651 	.byte	0,5,2
00000251 00000000*       652 	.word	.LDWlin1
00000255 02              653 	.byte	2
00000256 00              654 	.byte	0
00000257 02              655 	.byte	2
00000258 02              656 	.byte	2
00000259 000101          657 	.byte	0,1,1

                                                                      Page 14
                                                              C:\Users\nhuliyap\AppData\Local\Temp\gh_00000s01.s
                         658 	.section	.debug_info
                         659 .LDW_4cac648:
00000215 0f              660 	.byte	15
00000216 4461746100      661 	.strz	"Data"
0000021b 13              662 	.byte	19
0000021c 2a              663 	.byte	42
0000021d 01              664 	.byte	1
0000021e 00000000*       665 	.word	.LDW_48ceed8
00000222 00              666 	.byte	0
00000223 0156            667 	.byte	1,86
                         668 
                         669 	.section	.debug_abbrev
000000b7 0f              670 	.byte	15
000000b8 05              671 	.byte	5
000000b9 00              672 	.byte	0
000000ba 0308            673 	.byte	3,8
000000bc 3b0f            674 	.byte	59,15
000000be 390f            675 	.byte	57,15
000000c0 3a0f            676 	.byte	58,15
000000c2 4910            677 	.byte	73,16
000000c4 4b0c            678 	.byte	75,12
000000c6 020a            679 	.byte	2,10
000000c8 0000            680 	.byte	0,0
                         681 
                         682 	.section	.debug_info
                         683 .LDW_4ca90a8:
00000225 1d              684 	.byte	29
00000226 00000000*       685 	.word	.LDW01
0000022a 00000000*       686 	.word	.LDW11
                         687 
                         688 	.section	.debug_abbrev
000000ca 1d              689 	.byte	29
000000cb 0b              690 	.byte	11
000000cc 01              691 	.byte	1
000000cd 1101            692 	.byte	17,1
000000cf 1201            693 	.byte	18,1
000000d1 0000            694 	.byte	0,0
                         695 
                         696 	.section	.debug_info
0000022e 00              697 	.byte	0
                         698 
0000022f 00              699 	.byte	0
                         700 
00000230 00              701 	.byte	0
                         702 
                         703 	.section	.debug_line
                         704 .Ldw_line_end:
                         705 	.section	.debug_macinfo
00000000 01              706 	.byte	1
00000001 00              707 	.byte	0
00000002 5f5f6768735f    708 	.strz	"__ghs__ 1"
00000008 5f203100 
0000000c 01              709 	.byte	1
0000000d 00              710 	.byte	0
0000000e 5f5f4c4c4f4e    711 	.strz	"__LLONG_BIT 64"
00000014 475f42495420 
0000001a 363400 
0000001d 01              712 	.byte	1
0000001e 00              713 	.byte	0
0000001f 4e4f545f5245    714 	.strz	"NOT_READY_FOR_TESTING_OR_DEPLOYMENT 1"
00000025 4144595f464f 

                                                                      Page 15
                                                              C:\Users\nhuliyap\AppData\Local\Temp\gh_00000s01.s
0000002b 525f54455354 
00000031 494e475f4f52 
00000037 5f4445504c4f 
0000003d 594d454e5420 
00000043 3100 
00000045 03              715 	.byte	3
00000046 00              716 	.byte	0
00000047 01              717 	.byte	1
00000048 01              718 	.byte	1
00000049 01              719 	.byte	1
0000004a 5352564c4942    720 	.strz	"SRVLIBS "
00000050 532000 
00000053 03              721 	.byte	3
00000054 03              722 	.byte	3
00000055 02              723 	.byte	2
00000056 03              724 	.byte	3
00000057 1c              725 	.byte	28
00000058 03              726 	.byte	3
00000059 04              727 	.byte	4
0000005a 03              728 	.byte	3
0000005b 1d              729 	.byte	29
0000005c 04              730 	.byte	4
0000005d 03              731 	.byte	3
0000005e 1b              732 	.byte	27
0000005f 05              733 	.byte	5
00000060 03              734 	.byte	3
00000061 54              735 	.byte	84
00000062 06              736 	.byte	6
00000063 04              737 	.byte	4
00000064 04              738 	.byte	4
00000065 01              739 	.byte	1
00000066 33              740 	.byte	51
00000067 4c4f43414c5f    741 	.strz	"LOCAL_INLINE static inline"
0000006d 494e4c494e45 
00000073 207374617469 
00000079 6320696e6c69 
0000007f 6e6500 
00000082 04              742 	.byte	4
00000083 01              743 	.byte	1
00000084 3c              744 	.byte	60
00000085 5354445f4f4e    745 	.strz	"STD_ON 1u"
0000008b 20317500 
0000008f 01              746 	.byte	1
00000090 3d              747 	.byte	61
00000091 5354445f4f46    748 	.strz	"STD_OFF 0u"
00000097 4620307500 
0000009c 04              749 	.byte	4
0000009d 03              750 	.byte	3
0000009e 05              751 	.byte	5
0000009f 07              752 	.byte	7
000000a0 03              753 	.byte	3
000000a1 04              754 	.byte	4
000000a2 08              755 	.byte	8
000000a3 01              756 	.byte	1
000000a4 07              757 	.byte	7
000000a5 4246585f4d41    758 	.strz	"BFX_MAXUINT8_U (0xffu)"
000000ab 5855494e5438 
000000b1 5f5520283078 
000000b7 6666752900 
000000bc 01              759 	.byte	1
000000bd 0c              760 	.byte	12

                                                                      Page 16
                                                              C:\Users\nhuliyap\AppData\Local\Temp\gh_00000s01.s
000000be 4246585f4d41    761 	.strz	"BFX_MAXUINT16_U (0xffffu)"
000000c4 5855494e5431 
000000ca 365f55202830 
000000d0 786666666675 
000000d6 2900 
000000d8 01              762 	.byte	1
000000d9 11              763 	.byte	17
000000da 4246585f4d41    764 	.strz	"BFX_MAXUINT32_U (0xffffffffuL)"
000000e0 5855494e5433 
000000e6 325f55202830 
000000ec 786666666666 
000000f2 666666754c29 
000000f8 00 
000000f9 04              765 	.byte	4
000000fa 03              766 	.byte	3
000000fb 05              767 	.byte	5
000000fc 09              768 	.byte	9
000000fd 01              769 	.byte	1
000000fe 1f              770 	.byte	31
000000ff 4246585f5645    771 	.strz	"BFX_VERSIONINFOAPI STD_OFF"
00000105 5253494f4e49 
0000010b 4e464f415049 
00000111 205354445f4f 
00000117 464600 
0000011a 01              772 	.byte	1
0000011b 21              773 	.byte	33
0000011c 4246585f4346    774 	.strz	"BFX_CFG_LOCATION_NORMAL 1"
00000122 475f4c4f4341 
00000128 54494f4e5f4e 
0000012e 4f524d414c20 
00000134 3100 
00000136 01              775 	.byte	1
00000137 24              776 	.byte	36
00000138 4246585f4346    777 	.strz	"BFX_CFG_LOCATION_INLINE 4"
0000013e 475f4c4f4341 
00000144 54494f4e5f49 
0000014a 4e4c494e4520 
00000150 3400 
00000152 01              778 	.byte	1
00000153 69              779 	.byte	105
00000154 4246585f4346    780 	.strz	"BFX_CFG_TSTPARITYEVEN_U8_U8_LOCATION BFX_CFG_LOCATION_NORMAL"
0000015a 475f54535450 
00000160 415249545945 
00000166 56454e5f5538 
0000016c 5f55385f4c4f 
00000172 434154494f4e 
00000178 204246585f43 
0000017e 46475f4c4f43 
00000184 4154494f4e5f 
0000018a 4e4f524d414c 
00000190 00 
00000191 01              781 	.byte	1
00000192 8301            782 	.byte	131,1
00000194 4246585f5354    783 	.strz	"BFX_START_SEC_CODE "
0000019a 4152545f5345 
000001a0 435f434f4445 
000001a6 2000 
000001a8 03              784 	.byte	3
000001a9 8401            785 	.byte	132,1
000001ab 0a              786 	.byte	10
000001ac 01              787 	.byte	1

                                                                      Page 17
                                                              C:\Users\nhuliyap\AppData\Local\Temp\gh_00000s01.s
000001ad 07              788 	.byte	7
000001ae 4246585f4d45    789 	.strz	"BFX_MEMMAP_H "
000001b4 4d4d41505f48 
000001ba 2000 
000001bc 01              790 	.byte	1
000001bd 0b              791 	.byte	11
000001be 4246585f4d45    792 	.strz	"BFX_MEMMAP_ERROR "
000001c4 4d4d41505f45 
000001ca 52524f522000 
000001d0 01              793 	.byte	1
000001d1 0e              794 	.byte	14
000001d2 4253575f5354    795 	.strz	"BSW_START_SEC_CODE "
000001d8 4152545f5345 
000001de 435f434f4445 
000001e4 2000 
000001e6 03              796 	.byte	3
000001e7 0f              797 	.byte	15
000001e8 0b              798 	.byte	11
000001e9 01              799 	.byte	1
000001ea da08            800 	.byte	218,8
000001ec 53544152545f    801 	.strz	"START_SEC_CODE "
000001f2 5345435f434f 
000001f8 44452000 
000001fc 03              802 	.byte	3
000001fd bb09            803 	.byte	187,9
000001ff 0c              804 	.byte	12
00000200 01              805 	.byte	1
00000201 f307            806 	.byte	243,7
00000203 434f44455f53    807 	.strz	"CODE_SEC_OPEN "
00000209 45435f4f5045 
0000020f 4e2000 
00000212 04              808 	.byte	4
00000213 04              809 	.byte	4
00000214 04              810 	.byte	4
00000215 01              811 	.byte	1
00000216 c101            812 	.byte	193,1
00000218 4246585f5354    813 	.strz	"BFX_STOP_SEC_CODE "
0000021e 4f505f534543 
00000224 5f434f444520 
0000022a 00 
0000022b 03              814 	.byte	3
0000022c c201            815 	.byte	194,1
0000022e 0a              816 	.byte	10
0000022f 01              817 	.byte	1
00000230 0b              818 	.byte	11
00000231 4246585f4d45    819 	.strz	"BFX_MEMMAP_ERROR "
00000237 4d4d41505f45 
0000023d 52524f522000 
00000243 01              820 	.byte	1
00000244 13              821 	.byte	19
00000245 4253575f5354    822 	.strz	"BSW_STOP_SEC_CODE "
0000024b 4f505f534543 
00000251 5f434f444520 
00000257 00 
00000258 03              823 	.byte	3
00000259 14              824 	.byte	20
0000025a 0b              825 	.byte	11
0000025b 01              826 	.byte	1
0000025c de08            827 	.byte	222,8
0000025e 53544f505f53    828 	.strz	"STOP_SEC_CODE "
00000264 45435f434f44 

                                                                      Page 18
                                                              C:\Users\nhuliyap\AppData\Local\Temp\gh_00000s01.s
0000026a 452000 
0000026d 03              829 	.byte	3
0000026e bb09            830 	.byte	187,9
00000270 0c              831 	.byte	12
00000271 04              832 	.byte	4
00000272 04              833 	.byte	4
00000273 04              834 	.byte	4
00000274 04              835 	.byte	4
00000275 03              836 	.byte	3
00000276 08              837 	.byte	8
00000277 0d              838 	.byte	13
00000278 04              839 	.byte	4
00000279 04              840 	.byte	4
0000027a 01              841 	.byte	1
0000027b 09              842 	.byte	9
0000027c 4246585f5354    843 	.strz	"BFX_START_SEC_CODE "
00000282 4152545f5345 
00000288 435f434f4445 
0000028e 2000 
00000290 03              844 	.byte	3
00000291 11              845 	.byte	17
00000292 0a              846 	.byte	10
00000293 01              847 	.byte	1
00000294 0b              848 	.byte	11
00000295 4246585f4d45    849 	.strz	"BFX_MEMMAP_ERROR "
0000029b 4d4d41505f45 
000002a1 52524f522000 
000002a7 01              850 	.byte	1
000002a8 0e              851 	.byte	14
000002a9 4253575f5354    852 	.strz	"BSW_START_SEC_CODE "
000002af 4152545f5345 
000002b5 435f434f4445 
000002bb 2000 
000002bd 03              853 	.byte	3
000002be 0f              854 	.byte	15
000002bf 0b              855 	.byte	11
000002c0 01              856 	.byte	1
000002c1 da08            857 	.byte	218,8
000002c3 53544152545f    858 	.strz	"START_SEC_CODE "
000002c9 5345435f434f 
000002cf 44452000 
000002d3 03              859 	.byte	3
000002d4 bb09            860 	.byte	187,9
000002d6 0c              861 	.byte	12
000002d7 01              862 	.byte	1
000002d8 f307            863 	.byte	243,7
000002da 434f44455f53    864 	.strz	"CODE_SEC_OPEN "
000002e0 45435f4f5045 
000002e6 4e2000 
000002e9 04              865 	.byte	4
000002ea 04              866 	.byte	4
000002eb 04              867 	.byte	4
000002ec 01              868 	.byte	1
000002ed 19              869 	.byte	25
000002ee 4246585f5354    870 	.strz	"BFX_STOP_SEC_CODE "
000002f4 4f505f534543 
000002fa 5f434f444520 
00000300 00 
00000301 03              871 	.byte	3
00000302 21              872 	.byte	33
00000303 0a              873 	.byte	10

                                                                      Page 19
                                                              C:\Users\nhuliyap\AppData\Local\Temp\gh_00000s01.s
00000304 01              874 	.byte	1
00000305 0b              875 	.byte	11
00000306 4246585f4d45    876 	.strz	"BFX_MEMMAP_ERROR "
0000030c 4d4d41505f45 
00000312 52524f522000 
00000318 01              877 	.byte	1
00000319 13              878 	.byte	19
0000031a 4253575f5354    879 	.strz	"BSW_STOP_SEC_CODE "
00000320 4f505f534543 
00000326 5f434f444520 
0000032c 00 
0000032d 03              880 	.byte	3
0000032e 14              881 	.byte	20
0000032f 0b              882 	.byte	11
00000330 01              883 	.byte	1
00000331 de08            884 	.byte	222,8
00000333 53544f505f53    885 	.strz	"STOP_SEC_CODE "
00000339 45435f434f44 
0000033f 452000 
00000342 03              886 	.byte	3
00000343 bb09            887 	.byte	187,9
00000345 0c              888 	.byte	12
00000346 04              889 	.byte	4
00000347 04              890 	.byte	4
00000348 04              891 	.byte	4
00000349 04              892 	.byte	4
0000034a 00              893 	.byte	0
                         894 	.section	.debug_abbrev
000000d3 00              895 	.byte	0
                         896 	.section	.debug_info
                         897 .Ldw_end:
                         898 .rh850_flags REGMODE32,DATA_ALIGN8,GP_FIX,EP_NONFIX,TP_FIX,REG2_RESERVE,G3K,GHS_MISALIGN,SDA_EXTRA_REGS_0
