                                                                      Page 1
                                                              C:\Users\nhuliyap\AppData\Local\Temp\gh_00002s81.s
Command Line: C:\ghs\comp_201517\ease850.exe -w -elf -b0 -I../source/common -I../source/ProjectCompiler -I../source/ProjectCfg -I../source/SwcApplTpms -I../source/SwcApplEcuM -I../source/SwcServiceBswM -I../source/SwcServiceEcuM -I../source/SwcServiceNvM -I../source/SwcServiceOs -I../source/SwcServiceStartUp -I../source/McalAdc -I../source/McalDio -I../source/McalGpt -I../source/McalMcu -I../source/McalWdg -I../source/wrappers -I../source/wrappers/McalAta -I../source/McalLin -I../source/McalCan -I../source/wrappers/OS -I../source/McalFls -I../source/EcuabFee -I../source/EcuabMemIf -I../source/wrappers/VStdLib -I../source/wrappers/Crc -I../source/wrappers/FBL_APPL -I../source/wrappers/NVM_MANAGER -I../source/wrappers/DEM_MANAGER -I../source/wrappers/RDC_MANAGER -I../source/wrappers/ENV_MANAGER -I../source/wrappers/SYS_MANAGER -I../source/wrappers/EcuabCanIf -I../source/EcuabCanTrcv -I../source/wrappers/SwcServiceCanSM -I../source/wrappers/SwcServiceCanTp -I../source/wrappers/SwcServiceCanTp_PreCompile -I../source/wrappers/SwcServiceCom -I../source/wrappers/SwcServiceComM -I../source/wrappers/SwcServiceDcm -I../source/wrappers/SwcServicePduR -I../source/wrappers/SwcServiceEcuM -I../source/wrappers/Bfx -I../source/wrappers/SwcServiceDem -I../source/SwcServiceCom -I../source/SwcServiceDet -I../source/SwcServiceFiM -I../source/SwcServicePduR -I../source/SwcServiceSchM -I../source/wrappers/LibAutosarDiag -I../source/wrappers/rba_BswSrv -IC:\ghs\comp_201517\lib\rh850 -cg_underscore -cpu=rh850g3k -no_v850_simd -rh850_fpsimd=none -nomacro -patch_dbo=C:\_ECU2\ECU_Rivian_A1\Target\repo_projects\pRealEcu\cR_LATEST\make\output\objects\Bfx_TstParityEven_u32_u8.dbo -source=Bfx_TstParityEven_u32_u8.c -o output\objects\gh_00002s81.o -list=output\list\Bfx_TstParityEven_u32_u8.lst C:\Users\nhuliyap\AppData\Local\Temp\gh_00002s81.s 
Original File: C:\Users\nhuliyap\AppData\Local\Temp\gh_00002s81.s
Source File: Bfx_TstParityEven_u32_u8.c
Directory: C:\_ECU2\ECU_Rivian_A1\Target\repo_projects\pRealEcu\cR_LATEST\make
Host OS: Windows
EASE: Copyright (C) 1983-2015 Green Hills Software.  All Rights Reserved.
Release: Compiler v2015.1.7
Build Directory: [Directory] BTOWORKER6:c:/build_2015_1_bto/2015-10-21.2100-2015_1_bto/win32-comp-ecom
Revision: [VCInfo] http://toolsvc/branches/release-branch-70-bto/src@544153 (built by build)
Revision Date: Thu Oct 22 07:50:13 2015

Release Date: Thu Oct 22 09:32:32 2015

                           1 --Driver Command: ccv850 ../source/wrappers/Bfx/Bfx_TstParityEven_u32_u8.c
                           2 --		-cpu=rh850 -fhard -ignore_callt_state_in_interrupts -large_sda
                           3 --		-misalign_pack -nofarcalls -nofloatio -no_callt -Ogeneral
                           4 --		-Onounroll -prepare_dispose -registermode=32 -reserve_r2 -sda=0
                           5 --		-shorten_loads -Wshadow --brief_diagnostics --no_commons
                           6 --		--no_wrap_diagnostics --prototype_errors --short_enum -list -G
                           7 --		-dual_debug -dwarf -X5523 -lnk=-no_xda_modifications -D
                           8 --		NOT_READY_FOR_TESTING_OR_DEPLOYMENT -D IBTCM_SW_ANPASSUNGEN -D
                           9 --		BUILD_RIVIAN -c -inline_prologue -I../source/common
                          10 --		-I../source/ProjectCompiler -I../source/ProjectCfg
                          11 --		-I../source/SwcApplTpms -I../source/SwcApplEcuM
                          12 --		-I../source/SwcServiceBswM -I../source/SwcServiceEcuM
                          13 --		-I../source/SwcServiceNvM -I../source/SwcServiceOs
                          14 --		-I../source/SwcServiceStartUp -I../source/McalAdc
                          15 --		-I../source/McalDio -I../source/McalGpt -I../source/McalMcu
                          16 --		-I../source/McalWdg -I../source/wrappers
                          17 --		-I../source/wrappers/McalAta -I../source/McalLin
                          18 --		-I../source/McalCan -I../source/wrappers/OS -I../source/McalFls
                          19 --		-I../source/EcuabFee -I../source/EcuabMemIf
                          20 --		-I../source/wrappers/VStdLib -I../source/wrappers
                          21 --		-I../source/wrappers/Crc -I../source/wrappers/FBL_APPL
                          22 --		-I../source/wrappers/NVM_MANAGER -I../source/wrappers/DEM_MANAGER
                          23 --		-I../source/wrappers/RDC_MANAGER -I../source/wrappers/ENV_MANAGER
                          24 --		-I../source/wrappers/SYS_MANAGER -I../source/wrappers/EcuabCanIf
                          25 --		-I../source/EcuabCanTrcv -I../source/wrappers/SwcServiceCanSM
                          26 --		-I../source/wrappers/SwcServiceCanTp
                          27 --		-I../source/wrappers/SwcServiceCanTp_PreCompile
                          28 --		-I../source/wrappers/SwcServiceCom
                          29 --		-I../source/wrappers/SwcServiceComM
                          30 --		-I../source/wrappers/SwcServiceDcm
                          31 --		-I../source/wrappers/SwcServicePduR
                          32 --		-I../source/wrappers/SwcServiceEcuM -I../source/wrappers/Bfx
                          33 --		-I../source/wrappers/SwcServiceDem -I../source/SwcServiceCom
                          34 --		-I../source/SwcServiceDet -I../source/SwcServiceFiM
                          35 --		-I../source/SwcServicePduR -I../source/SwcServiceSchM
                          36 --		-I../source/wrappers/LibAutosarDiag
                          37 --		-I../source/wrappers/rba_BswSrv -object_dir=output/objects
                          38 --		-list_dir=output/list
                          39 --Source File:   ../source/wrappers/Bfx/Bfx_TstParityEven_u32_u8.c
                          40 --Directory:     
                          41 --		C:\_ECU2\ECU_Rivian_A1\Target\repo_projects\pRealEcu\cR_LATEST\make
                          42 --Compile Date:  Fri Sep 15 14:00:19 2023
                          43 --Host OS:       Win32
                          44 --Version:       C-RH850 2015.1.7 RELEASE VERSION
                          45 --Release:       Compiler v2015.1.7
                          46 --Revision Date: Thu Oct 22 08:06:12 2015
                          47 --Release Date:  Thu Oct 22 09:34:32 2015
                          48 -- ecom  -g -w -OM
                          49 	.text
                          50 ..bof.C.3A.5C_ECU2.5CECU_Rivian_A1.5CTarget.5Crepo_projects.5CpRealEcu.5CcR_LATEST.5Cmake.5Coutput.5Cobjects.5CBfx_TstParityEven_u32_u8...43.3A.5C_ECU2.5CECU_Rivian_A1.5CTarget.5Crepo_projects.5CpRealEcu.5CcR_LATEST.5Cmake..65044753..0::

                                                                      Page 2
                                                              C:\Users\nhuliyap\AppData\Local\Temp\gh_00002s81.s
                          51 	.align	2
                          52 ..gh.f.f.1.e.0:
                          53 	.type	..gh.f.f.1.e.0,@object
                          54 	.size	..gh.f.f.1.e.0,0
                          55 	.global	_Bfx_TstParityEven_u32_u8
                          56 _Bfx_TstParityEven_u32_u8:
                          57 --	    .bf
                          58 .LDW01:
00000000 019a             59 	mov	1,r19
00000002 d505*            60 	br	.L30
                          61 .L29:
00000004 c6960100         62 	andi	1,r6,r18
00000008 3299             63 	xor	r18,r19
0000000a 8132             64 	shr	1,r6
                          65 .L30:
0000000c e031             66 	cmp	zero,r6
0000000e bafd*            67 	bne	.L29
00000010 e099             68 	cmp	zero,r19
00000012 ea570000         69 	setfne	r10
                          70 --	    .ef
                          71 .LDW11:
                          72 --line20
                          73 ..lin.C.3A.5C_ECU2.5CECU_Rivian_A1.5CTarget.5Crepo_projects.5CpRealEcu.5CcR_LATEST.5Cmake.5Coutput.5Cobjects.5CBfx_TstParityEven_u32_u8.1::
                          74 .LDWlin1:
00000016 7f00             75 	jmp	[lp]
                          76 	.global	___ghs_eofn_Bfx_TstParityEven_u32_u8
                          77 ___ghs_eofn_Bfx_TstParityEven_u32_u8:
                          78 	.type	_Bfx_TstParityEven_u32_u8,@function
                          79 	.size	_Bfx_TstParityEven_u32_u8,.-_Bfx_TstParityEven_u32_u8
                          80 	.align	2
                          81 --_tmp_u32	r6	local
                          82 --_Parity_Bit_u32	r19	local
                          83 
                          84 --_Data	r6	param
                          85 
                          86 	.section ".bss","awb"
                          87 .L64:
                          88 	.type	.L64,@object
                          89 	.size	.L64,0
                          90 	.data
                          91 	.text
                          92 	.align	2
                          93 
                          94 	.data
                          95 	.ghsnote version,17
                          96 	.ghsnote tools,3
                          97 	.ghsnote options,144
                          98 	.text
                          99 	.align	2
                         100 ..eof.C.3A.5C_ECU2.5CECU_Rivian_A1.5CTarget.5Crepo_projects.5CpRealEcu.5CcR_LATEST.5Cmake.5Coutput.5Cobjects.5CBfx_TstParityEven_u32_u8...43.3A.5C_ECU2.5CECU_Rivian_A1.5CTarget.5Crepo_projects.5CpRealEcu.5CcR_LATEST.5Cmake..65044753..0::
                         101 	.section	.debug_info
                         102 .Ldw_begin:
00000000 d3010000        103 	.word	.Ldw_end-.Ldw_begin-4
00000004 0200            104 	.byte	2,0
00000006 00000000*       105 	.word	.Ldw_abbr_begin
0000000a 04              106 	.byte	4
                         107 	.section	.debug_abbrev
                         108 .Ldw_abbr_begin:
                         109 	.section	.debug_info
0000000b 01              110 	.byte	1
0000000c 00000000*       111 	.word	..bof.C.3A.5C_ECU2.5CECU_Rivian_A1.5CTarget.5Crepo_projects.5CpRealEcu.5CcR_LATEST.5Cmake.5Coutput.5Cobjects.5CBfx_TstParityEven_u32_u8...43.3A.5C_ECU2.5CECU_Rivian_A1.5CTarget.5Crepo_projects.5CpRealEcu.5CcR_LATEST.5Cmake..65044753..0

                                                                      Page 3
                                                              C:\Users\nhuliyap\AppData\Local\Temp\gh_00002s81.s
00000010 00000000*       112 	.word	..eof.C.3A.5C_ECU2.5CECU_Rivian_A1.5CTarget.5Crepo_projects.5CpRealEcu.5CcR_LATEST.5Cmake.5Coutput.5Cobjects.5CBfx_TstParityEven_u32_u8...43.3A.5C_ECU2.5CECU_Rivian_A1.5CTarget.5Crepo_projects.5CpRealEcu.5CcR_LATEST.5Cmake..65044753..0
00000014 2e2e2f736f75    113 	.strz	"../source/wrappers/Bfx/Bfx_TstParityEven_u32_u8.c"
0000001a 7263652f7772 
00000020 617070657273 
00000026 2f4266782f42 
0000002c 66785f547374 
00000032 506172697479 
00000038 4576656e5f75 
0000003e 33325f75382e 
00000044 6300 
00000046 433a5c5f4543    114 	.strz	"C:\\_ECU2\\ECU_Rivian_A1\\Target\\repo_projects\\pRealEcu\\cR_LATEST\\make"
0000004c 55325c454355 
00000052 5f5269766961 
00000058 6e5f41315c54 
0000005e 61726765745c 
00000064 7265706f5f70 
0000006a 726f6a656374 
00000070 735c70526561 
00000076 6c4563755c63 
0000007c 525f4c415445 
00000082 53545c6d616b 
00000088 6500 
0000008a 474853204320    115 	.strz	"GHS C 2015.1.7 [dual]"
00000090 323031352e31 
00000096 2e37205b6475 
0000009c 616c5d00 
000000a0 0100            116 	.byte	1,0
000000a2 00000000*       117 	.word	.Ldw_line_begin
000000a6 00000000*       118 	.word	.Ldw_macinfo_begin
000000aa 00              119 	.byte	0
                         120 
                         121 	.section	.debug_abbrev
00000000 01              122 	.byte	1
00000001 11              123 	.byte	17
00000002 01              124 	.byte	1
00000003 1101            125 	.byte	17,1
00000005 1201            126 	.byte	18,1
00000007 0308            127 	.byte	3,8
00000009 1b08            128 	.byte	27,8
0000000b 2508            129 	.byte	37,8
0000000d 1305            130 	.byte	19,5
0000000f 1006            131 	.byte	16,6
00000011 4306            132 	.byte	67,6
00000013 420b            133 	.byte	66,11
00000015 0000            134 	.byte	0,0
                         135 
                         136 	.section	.debug_line
                         137 .Ldw_line_begin:
00000000 58020000        138 	.word	.Ldw_line_end-.Ldw_line_begin-4
00000004 0200            139 	.byte	2,0
00000006 00000000*       140 	.word	.Ldw_lpro_end-.Ldw_lpro_begin
                         141 .Ldw_lpro_begin:
0000000a 01              142 	.byte	1
0000000b 00              143 	.byte	0
0000000c 00              144 	.byte	0
0000000d 04              145 	.byte	4
0000000e 0a              146 	.byte	10
0000000f 000101          147 	.byte	0,1,1
00000012 010100          148 	.byte	1,1,0
00000015 000001          149 	.byte	0,0,1
00000018 00              150 	.byte	0

                                                                      Page 4
                                                              C:\Users\nhuliyap\AppData\Local\Temp\gh_00002s81.s
00000019 2e2e2f736f75    151 	.strz	"../source/wrappers/Bfx/Bfx_TstParityEven_u32_u8.c"
0000001f 7263652f7772 
00000025 617070657273 
0000002b 2f4266782f42 
00000031 66785f547374 
00000037 506172697479 
0000003d 4576656e5f75 
00000043 33325f75382e 
00000049 6300 
0000004b 000000          152 	.byte	0,0,0
0000004e 2e2e2f736f75    153 	.strz	"../source/common/Std_Types.hpp"
00000054 7263652f636f 
0000005a 6d6d6f6e2f53 
00000060 74645f547970 
00000066 65732e687070 
0000006c 00 
0000006d 000000          154 	.byte	0,0,0
00000070 2e2e2f736f75    155 	.strz	"../source/common/Platform_Types.hpp"
00000076 7263652f636f 
0000007c 6d6d6f6e2f50 
00000082 6c6174666f72 
00000088 6d5f54797065 
0000008e 732e68707000 
00000094 000000          156 	.byte	0,0,0
00000097 2e2e2f736f75    157 	.strz	"../source/common/Compiler.hpp"
0000009d 7263652f636f 
000000a3 6d6d6f6e2f43 
000000a9 6f6d70696c65 
000000af 722e68707000 
000000b5 000000          158 	.byte	0,0,0
000000b8 2e2e2f736f75    159 	.strz	"../source/ProjectCompiler/Compiler_Cfg.hpp"
000000be 7263652f5072 
000000c4 6f6a65637443 
000000ca 6f6d70696c65 
000000d0 722f436f6d70 
000000d6 696c65725f43 
000000dc 66672e687070 
000000e2 00 
000000e3 000000          160 	.byte	0,0,0
000000e6 2e2e2f736f75    161 	.strz	"../source/ProjectCompiler/CompilerCfg_SwcServiceOs.hpp"
000000ec 7263652f5072 
000000f2 6f6a65637443 
000000f8 6f6d70696c65 
000000fe 722f436f6d70 
00000104 696c65724366 
0000010a 675f53776353 
00000110 657276696365 
00000116 4f732e687070 
0000011c 00 
0000011d 000000          162 	.byte	0,0,0
00000120 2e2e2f736f75    163 	.strz	"../source/wrappers/Bfx/Bfx.hpp"
00000126 7263652f7772 
0000012c 617070657273 
00000132 2f4266782f42 
00000138 66782e687070 
0000013e 00 
0000013f 000000          164 	.byte	0,0,0
00000142 2e2e2f736f75    165 	.strz	"../source/wrappers/Bfx/Bfx_Types.hpp"
00000148 7263652f7772 
0000014e 617070657273 
00000154 2f4266782f42 

                                                                      Page 5
                                                              C:\Users\nhuliyap\AppData\Local\Temp\gh_00002s81.s
0000015a 66785f547970 
00000160 65732e687070 
00000166 00 
00000167 000000          166 	.byte	0,0,0
0000016a 2e2e2f736f75    167 	.strz	"../source/ProjectCfg/Bfx_Cfg.hpp"
00000170 7263652f5072 
00000176 6f6a65637443 
0000017c 66672f426678 
00000182 5f4366672e68 
00000188 707000 
0000018b 000000          168 	.byte	0,0,0
0000018e 2e2e2f736f75    169 	.strz	"../source/ProjectCompiler/Bfx_MemMap.hpp"
00000194 7263652f5072 
0000019a 6f6a65637443 
000001a0 6f6d70696c65 
000001a6 722f4266785f 
000001ac 4d656d4d6170 
000001b2 2e68707000 
000001b7 000000          170 	.byte	0,0,0
000001ba 2e2e2f736f75    171 	.strz	"../source/ProjectCompiler/Bsw_MemMap.hpp"
000001c0 7263652f5072 
000001c6 6f6a65637443 
000001cc 6f6d70696c65 
000001d2 722f4273775f 
000001d8 4d656d4d6170 
000001de 2e68707000 
000001e3 000000          172 	.byte	0,0,0
000001e6 2e2e2f736f75    173 	.strz	"../source/ProjectCompiler/MemMap_Common.hpp"
000001ec 7263652f5072 
000001f2 6f6a65637443 
000001f8 6f6d70696c65 
000001fe 722f4d656d4d 
00000204 61705f436f6d 
0000020a 6d6f6e2e6870 
00000210 7000 
00000212 000000          174 	.byte	0,0,0
00000215 2e2e2f736f75    175 	.strz	"../source/wrappers/Bfx/Bfx_Bit_Inl.hpp"
0000021b 7263652f7772 
00000221 617070657273 
00000227 2f4266782f42 
0000022d 66785f426974 
00000233 5f496e6c2e68 
00000239 707000 
0000023c 000000          176 	.byte	0,0,0
0000023f 00              177 	.byte	0
                         178 .Ldw_lpro_end:
                         179 	.section	.debug_macinfo
                         180 .Ldw_macinfo_begin:
                         181 	.section	.debug_frame
                         182 .LDW_4be33a0:
00000000 00000000*       183 	.word	.LDW_unq_2-.LDW_unq_1
                         184 .LDW_unq_1:
00000004 ffffffff        185 	.byte	255,255,255,255
00000008 01              186 	.byte	1
00000009 00              187 	.byte	0
0000000a 01              188 	.byte	1
0000000b 01              189 	.byte	1
0000000c 1f              190 	.byte	31
0000000d 0c              191 	.byte	12
0000000e 03              192 	.byte	3
0000000f 00              193 	.byte	0

                                                                      Page 6
                                                              C:\Users\nhuliyap\AppData\Local\Temp\gh_00002s81.s
00000010 07              194 	.byte	7
00000011 00              195 	.byte	0
00000012 07              196 	.byte	7
00000013 01              197 	.byte	1
00000014 07              198 	.byte	7
00000015 02              199 	.byte	2
00000016 07              200 	.byte	7
00000017 03              201 	.byte	3
00000018 07              202 	.byte	7
00000019 04              203 	.byte	4
0000001a 07              204 	.byte	7
0000001b 05              205 	.byte	5
0000001c 07              206 	.byte	7
0000001d 06              207 	.byte	6
0000001e 07              208 	.byte	7
0000001f 07              209 	.byte	7
00000020 07              210 	.byte	7
00000021 08              211 	.byte	8
00000022 07              212 	.byte	7
00000023 09              213 	.byte	9
00000024 07              214 	.byte	7
00000025 0a              215 	.byte	10
00000026 07              216 	.byte	7
00000027 0b              217 	.byte	11
00000028 07              218 	.byte	7
00000029 0c              219 	.byte	12
0000002a 07              220 	.byte	7
0000002b 0d              221 	.byte	13
0000002c 07              222 	.byte	7
0000002d 0e              223 	.byte	14
0000002e 07              224 	.byte	7
0000002f 0f              225 	.byte	15
00000030 07              226 	.byte	7
00000031 10              227 	.byte	16
00000032 07              228 	.byte	7
00000033 11              229 	.byte	17
00000034 07              230 	.byte	7
00000035 12              231 	.byte	18
00000036 07              232 	.byte	7
00000037 13              233 	.byte	19
00000038 08              234 	.byte	8
00000039 14              235 	.byte	20
0000003a 08              236 	.byte	8
0000003b 15              237 	.byte	21
0000003c 08              238 	.byte	8
0000003d 16              239 	.byte	22
0000003e 08              240 	.byte	8
0000003f 17              241 	.byte	23
00000040 08              242 	.byte	8
00000041 18              243 	.byte	24
00000042 08              244 	.byte	8
00000043 19              245 	.byte	25
00000044 08              246 	.byte	8
00000045 1a              247 	.byte	26
00000046 08              248 	.byte	8
00000047 1b              249 	.byte	27
00000048 08              250 	.byte	8
00000049 1c              251 	.byte	28
0000004a 08              252 	.byte	8
0000004b 1d              253 	.byte	29
0000004c 07              254 	.byte	7

                                                                      Page 7
                                                              C:\Users\nhuliyap\AppData\Local\Temp\gh_00002s81.s
0000004d 1e              255 	.byte	30
0000004e 08              256 	.byte	8
0000004f 1f              257 	.byte	31
00000050 07              258 	.byte	7
00000051 20              259 	.byte	32
00000052 07              260 	.byte	7
00000053 21              261 	.byte	33
00000054 07              262 	.byte	7
00000055 22              263 	.byte	34
00000056 07              264 	.byte	7
00000057 23              265 	.byte	35
00000058 07              266 	.byte	7
00000059 24              267 	.byte	36
0000005a 07              268 	.byte	7
0000005b 25              269 	.byte	37
0000005c 07              270 	.byte	7
0000005d 26              271 	.byte	38
0000005e 07              272 	.byte	7
0000005f 27              273 	.byte	39
00000060 07              274 	.byte	7
00000061 28              275 	.byte	40
00000062 07              276 	.byte	7
00000063 29              277 	.byte	41
00000064 07              278 	.byte	7
00000065 2a              279 	.byte	42
00000066 07              280 	.byte	7
00000067 2b              281 	.byte	43
00000068 07              282 	.byte	7
00000069 2c              283 	.byte	44
0000006a 07              284 	.byte	7
0000006b 2d              285 	.byte	45
0000006c 07              286 	.byte	7
0000006d 2e              287 	.byte	46
0000006e 07              288 	.byte	7
0000006f 2f              289 	.byte	47
00000070 07              290 	.byte	7
00000071 30              291 	.byte	48
00000072 07              292 	.byte	7
00000073 31              293 	.byte	49
00000074 07              294 	.byte	7
00000075 32              295 	.byte	50
00000076 07              296 	.byte	7
00000077 33              297 	.byte	51
00000078 07              298 	.byte	7
00000079 34              299 	.byte	52
0000007a 07              300 	.byte	7
0000007b 35              301 	.byte	53
0000007c 07              302 	.byte	7
0000007d 36              303 	.byte	54
0000007e 07              304 	.byte	7
0000007f 37              305 	.byte	55
00000080 07              306 	.byte	7
00000081 38              307 	.byte	56
00000082 07              308 	.byte	7
00000083 39              309 	.byte	57
00000084 07              310 	.byte	7
00000085 3a              311 	.byte	58
00000086 07              312 	.byte	7
00000087 3b              313 	.byte	59
00000088 07              314 	.byte	7
00000089 3c              315 	.byte	60

                                                                      Page 8
                                                              C:\Users\nhuliyap\AppData\Local\Temp\gh_00002s81.s
0000008a 07              316 	.byte	7
0000008b 3d              317 	.byte	61
0000008c 07              318 	.byte	7
0000008d 3e              319 	.byte	62
0000008e 07              320 	.byte	7
0000008f 3f              321 	.byte	63
                         322 .LDW_unq_2:
                         323 	.section	.debug_info
                         324 .LDW_49171a8:
000000ab 25              325 	.byte	37
000000ac 756e7369676e    326 	.strz	"unsigned char"
000000b2 656420636861 
000000b8 7200 
000000ba 08              327 	.byte	8
000000bb 01              328 	.byte	1
                         329 
                         330 	.section	.debug_abbrev
00000017 25              331 	.byte	37
00000018 24              332 	.byte	36
00000019 00              333 	.byte	0
0000001a 0308            334 	.byte	3,8
0000001c 3e0b            335 	.byte	62,11
0000001e 0b0b            336 	.byte	11,11
00000020 0000            337 	.byte	0,0
                         338 
                         339 	.section	.debug_info
                         340 .LDW_49172c0:
000000bc 25              341 	.byte	37
000000bd 756e7369676e    342 	.strz	"unsigned long"
000000c3 6564206c6f6e 
000000c9 6700 
000000cb 07              343 	.byte	7
000000cc 04              344 	.byte	4
                         345 
                         346 .LDW_4c3cf70:
000000cd 44              347 	.byte	68
000000ce 00000000*       348 	.word	.LDW_4c1bcd0
000000d2 01              349 	.byte	1
                         350 
                         351 	.section	.debug_abbrev
00000022 44              352 	.byte	68
00000023 15              353 	.byte	21
00000024 01              354 	.byte	1
00000025 4910            355 	.byte	73,16
00000027 270c            356 	.byte	39,12
00000029 0000            357 	.byte	0,0
                         358 
                         359 	.section	.debug_info
                         360 .LDW_4c39b28:
000000d3 12              361 	.byte	18
000000d4 00000000*       362 	.word	.LDW_4bc7f98
000000d8 00              363 	.byte	0
                         364 
                         365 	.section	.debug_abbrev
0000002b 12              366 	.byte	18
0000002c 05              367 	.byte	5
0000002d 00              368 	.byte	0
0000002e 4910            369 	.byte	73,16
00000030 4b0c            370 	.byte	75,12
00000032 0000            371 	.byte	0,0
                         372 

                                                                      Page 9
                                                              C:\Users\nhuliyap\AppData\Local\Temp\gh_00002s81.s
                         373 	.section	.debug_info
000000d9 00              374 	.byte	0
                         375 
                         376 .LDW_4c3d4e8:
000000da 44              377 	.byte	68
000000db 00000000*       378 	.word	.LDW_4c1bcd0
000000df 01              379 	.byte	1
                         380 
                         381 .LDW_4c39738:
000000e0 12              382 	.byte	18
000000e1 00000000*       383 	.word	.LDW_4bc7f98
000000e5 00              384 	.byte	0
                         385 
000000e6 00              386 	.byte	0
                         387 
                         388 .LDW_4c3cfa8:
000000e7 25              389 	.byte	37
000000e8 756e7369676e    390 	.strz	"unsigned int"
000000ee 656420696e74 
000000f4 00 
000000f5 07              391 	.byte	7
000000f6 04              392 	.byte	4
                         393 
                         394 .LDW_4c1bcd0:
000000f7 28              395 	.byte	40
000000f8 626f6f6c6561    396 	.strz	"boolean"
000000fe 6e00 
00000100 4e              397 	.byte	78
00000101 49              398 	.byte	73
00000102 03              399 	.byte	3
00000103 00000000*       400 	.word	.LDW_49171a8
                         401 
                         402 	.section	.debug_abbrev
00000034 28              403 	.byte	40
00000035 16              404 	.byte	22
00000036 00              405 	.byte	0
00000037 0308            406 	.byte	3,8
00000039 3b0f            407 	.byte	59,15
0000003b 390f            408 	.byte	57,15
0000003d 3a0f            409 	.byte	58,15
0000003f 4910            410 	.byte	73,16
00000041 0000            411 	.byte	0,0
                         412 
                         413 	.section	.debug_info
                         414 .LDW_4bc7f98:
00000107 28              415 	.byte	40
00000108 75696e743332    416 	.strz	"uint32"
0000010e 00 
0000010f 54              417 	.byte	84
00000110 4a              418 	.byte	74
00000111 03              419 	.byte	3
00000112 00000000*       420 	.word	.LDW_49172c0
                         421 
                         422 .LDW_4c3b720:
00000116 16              423 	.byte	22
00000117 4266785f4c6f    424 	.strz	"Bfx_Lok_TstParityEven_u32_u8_Inl"
0000011d 6b5f54737450 
00000123 617269747945 
00000129 76656e5f7533 
0000012f 325f75385f49 
00000135 6e6c00 

                                                                      Page 10
                                                              C:\Users\nhuliyap\AppData\Local\Temp\gh_00002s81.s
00000138 9803            425 	.byte	152,3
0000013a 16              426 	.byte	22
0000013b 0d              427 	.byte	13
0000013c 00000000*       428 	.word	.LDW_4c1bcd0
00000140 00              429 	.byte	0
00000141 03              430 	.byte	3
00000142 00              431 	.byte	0
00000143 01              432 	.byte	1
00000144 00              433 	.byte	0
00000145 01              434 	.byte	1
                         435 
                         436 	.section	.debug_abbrev
00000043 16              437 	.byte	22
00000044 2e              438 	.byte	46
00000045 01              439 	.byte	1
00000046 0308            440 	.byte	3,8
00000048 3b0f            441 	.byte	59,15
0000004a 390f            442 	.byte	57,15
0000004c 3a0f            443 	.byte	58,15
0000004e 4910            444 	.byte	73,16
00000050 3c0c            445 	.byte	60,12
00000052 200b            446 	.byte	32,11
00000054 3f0c            447 	.byte	63,12
00000056 320b            448 	.byte	50,11
00000058 4c0b            449 	.byte	76,11
0000005a 270c            450 	.byte	39,12
0000005c 0000            451 	.byte	0,0
                         452 
                         453 	.section	.debug_info
                         454 .LDW_4c3c3e0:
00000146 10              455 	.byte	16
00000147 4461746100      456 	.strz	"Data"
0000014c 9803            457 	.byte	152,3
0000014e 3e              458 	.byte	62
0000014f 0d              459 	.byte	13
00000150 00000000*       460 	.word	.LDW_4bc7f98
00000154 00              461 	.byte	0
                         462 
                         463 	.section	.debug_abbrev
0000005e 10              464 	.byte	16
0000005f 05              465 	.byte	5
00000060 00              466 	.byte	0
00000061 0308            467 	.byte	3,8
00000063 3b0f            468 	.byte	59,15
00000065 390f            469 	.byte	57,15
00000067 3a0f            470 	.byte	58,15
00000069 4910            471 	.byte	73,16
0000006b 4b0c            472 	.byte	75,12
0000006d 0000            473 	.byte	0,0
                         474 
                         475 	.section	.debug_info
                         476 .LDW_4c39678:
00000155 20              477 	.byte	32
                         478 
                         479 	.section	.debug_abbrev
0000006f 20              480 	.byte	32
00000070 0b              481 	.byte	11
00000071 01              482 	.byte	1
00000072 0000            483 	.byte	0,0
                         484 
                         485 	.section	.debug_info

                                                                      Page 11
                                                              C:\Users\nhuliyap\AppData\Local\Temp\gh_00002s81.s
                         486 .LDW_4c3c9b8:
00000156 05              487 	.byte	5
00000157 746d705f7533    488 	.strz	"tmp_u32"
0000015d 3200 
0000015f 9a03            489 	.byte	154,3
00000161 0b              490 	.byte	11
00000162 0d              491 	.byte	13
00000163 00000000*       492 	.word	.LDW_4bc7f98
00000167 00              493 	.byte	0
00000168 00              494 	.byte	0
                         495 
                         496 	.section	.debug_abbrev
00000074 05              497 	.byte	5
00000075 34              498 	.byte	52
00000076 00              499 	.byte	0
00000077 0308            500 	.byte	3,8
00000079 3b0f            501 	.byte	59,15
0000007b 390f            502 	.byte	57,15
0000007d 3a0f            503 	.byte	58,15
0000007f 4910            504 	.byte	73,16
00000081 3f0c            505 	.byte	63,12
00000083 3c0c            506 	.byte	60,12
00000085 0000            507 	.byte	0,0
                         508 
                         509 	.section	.debug_info
                         510 .LDW_4c3c438:
00000169 05              511 	.byte	5
0000016a 506172697479    512 	.strz	"Parity_Bit_u32"
00000170 5f4269745f75 
00000176 333200 
00000179 9c03            513 	.byte	156,3
0000017b 0b              514 	.byte	11
0000017c 0d              515 	.byte	13
0000017d 00000000*       516 	.word	.LDW_4bc7f98
00000181 00              517 	.byte	0
00000182 00              518 	.byte	0
                         519 
00000183 00              520 	.byte	0
                         521 
00000184 00              522 	.byte	0
                         523 
                         524 .LDW_4c3b850:
00000185 14              525 	.byte	20
00000186 4266785f5473    526 	.strz	"Bfx_TstParityEven_u32_u8"
0000018c 745061726974 
00000192 794576656e5f 
00000198 7533325f7538 
0000019e 00 
0000019f 13              527 	.byte	19
000001a0 0c              528 	.byte	12
000001a1 01              529 	.byte	1
000001a2 00000000*       530 	.word	.LDW_4c1bcd0
000001a6 00000000*       531 	.word	_Bfx_TstParityEven_u32_u8
000001aa 00000000*       532 	.word	___ghs_eofn_Bfx_TstParityEven_u32_u8
000001ae 0153            533 	.byte	1,83
000001b0 02              534 	.byte	2
000001b1 00              535 	.byte	0
000001b2 02              536 	.byte	2
000001b3 00              537 	.byte	0
000001b4 00              538 	.byte	0
000001b5 00              539 	.byte	0

                                                                      Page 12
                                                              C:\Users\nhuliyap\AppData\Local\Temp\gh_00002s81.s
000001b6 00              540 	.byte	0
000001b7 01              541 	.byte	1
000001b8 01              542 	.byte	1
000001b9 00              543 	.byte	0
000001ba 01              544 	.byte	1
                         545 
                         546 	.section	.debug_abbrev
00000087 14              547 	.byte	20
00000088 2e              548 	.byte	46
00000089 01              549 	.byte	1
0000008a 0308            550 	.byte	3,8
0000008c 3b0f            551 	.byte	59,15
0000008e 390f            552 	.byte	57,15
00000090 3a0f            553 	.byte	58,15
00000092 4910            554 	.byte	73,16
00000094 1101            555 	.byte	17,1
00000096 1201            556 	.byte	18,1
00000098 400a            557 	.byte	64,10
0000009a 8341            558 	.byte	131,65
0000009c 0f              559 	.byte	15
0000009d 8741            560 	.byte	135,65
0000009f 0d              561 	.byte	13
000000a0 8541            562 	.byte	133,65
000000a2 0f              563 	.byte	15
000000a3 8641            564 	.byte	134,65
000000a5 0d              565 	.byte	13
000000a6 9241            566 	.byte	146,65
000000a8 0f              567 	.byte	15
000000a9 3c0c            568 	.byte	60,12
000000ab 200b            569 	.byte	32,11
000000ad 3f0c            570 	.byte	63,12
000000af 320b            571 	.byte	50,11
000000b1 4c0b            572 	.byte	76,11
000000b3 270c            573 	.byte	39,12
000000b5 0000            574 	.byte	0,0
                         575 
                         576 	.section	.debug_frame
                         577 .LDW_4b90e80:
00000090 00000000*       578 	.word	.LDW_unq_4-.LDW_unq_3
                         579 .LDW_unq_3:
00000094 00000000*       580 	.word	.LDW_4be33a0
00000098 00000000*       581 	.word	_Bfx_TstParityEven_u32_u8
0000009c 00000000*       582 	.word	___ghs_eofn_Bfx_TstParityEven_u32_u8-_Bfx_TstParityEven_u32_u8
000000a0 01              583 	.byte	1
000000a1 00000000*       584 	.word	.LDW11
000000a5 00              585 	.byte	0
000000a6 00              586 	.byte	0
000000a7 00              587 	.byte	0
                         588 .LDW_unq_4:
                         589 	.section	.debug_line
00000240 000502          590 	.byte	0,5,2
00000243 00000000*       591 	.word	_Bfx_TstParityEven_u32_u8
00000247 06              592 	.byte	6
00000248 03              593 	.byte	3
00000249 1a              594 	.byte	26
0000024a 02              595 	.byte	2
0000024b 00              596 	.byte	0
0000024c 01              597 	.byte	1
0000024d 06              598 	.byte	6
0000024e 000502          599 	.byte	0,5,2
00000251 00000000*       600 	.word	.LDWlin1

                                                                      Page 13
                                                              C:\Users\nhuliyap\AppData\Local\Temp\gh_00002s81.s
00000255 02              601 	.byte	2
00000256 00              602 	.byte	0
00000257 02              603 	.byte	2
00000258 02              604 	.byte	2
00000259 000101          605 	.byte	0,1,1
                         606 	.section	.debug_info
                         607 .LDW_4c3c4e8:
000001bb 0f              608 	.byte	15
000001bc 4461746100      609 	.strz	"Data"
000001c1 13              610 	.byte	19
000001c2 2c              611 	.byte	44
000001c3 01              612 	.byte	1
000001c4 00000000*       613 	.word	.LDW_4bc7f98
000001c8 00              614 	.byte	0
000001c9 0156            615 	.byte	1,86
                         616 
                         617 	.section	.debug_abbrev
000000b7 0f              618 	.byte	15
000000b8 05              619 	.byte	5
000000b9 00              620 	.byte	0
000000ba 0308            621 	.byte	3,8
000000bc 3b0f            622 	.byte	59,15
000000be 390f            623 	.byte	57,15
000000c0 3a0f            624 	.byte	58,15
000000c2 4910            625 	.byte	73,16
000000c4 4b0c            626 	.byte	75,12
000000c6 020a            627 	.byte	2,10
000000c8 0000            628 	.byte	0,0
                         629 
                         630 	.section	.debug_info
                         631 .LDW_4c39768:
000001cb 1d              632 	.byte	29
000001cc 00000000*       633 	.word	.LDW01
000001d0 00000000*       634 	.word	.LDW11
                         635 
                         636 	.section	.debug_abbrev
000000ca 1d              637 	.byte	29
000000cb 0b              638 	.byte	11
000000cc 01              639 	.byte	1
000000cd 1101            640 	.byte	17,1
000000cf 1201            641 	.byte	18,1
000000d1 0000            642 	.byte	0,0
                         643 
                         644 	.section	.debug_info
000001d4 00              645 	.byte	0
                         646 
000001d5 00              647 	.byte	0
                         648 
000001d6 00              649 	.byte	0
                         650 
                         651 	.section	.debug_line
                         652 .Ldw_line_end:
                         653 	.section	.debug_macinfo
00000000 01              654 	.byte	1
00000001 00              655 	.byte	0
00000002 5f5f6768735f    656 	.strz	"__ghs__ 1"
00000008 5f203100 
0000000c 01              657 	.byte	1
0000000d 00              658 	.byte	0
0000000e 5f5f4c4c4f4e    659 	.strz	"__LLONG_BIT 64"
00000014 475f42495420 

                                                                      Page 14
                                                              C:\Users\nhuliyap\AppData\Local\Temp\gh_00002s81.s
0000001a 363400 
0000001d 01              660 	.byte	1
0000001e 00              661 	.byte	0
0000001f 4e4f545f5245    662 	.strz	"NOT_READY_FOR_TESTING_OR_DEPLOYMENT 1"
00000025 4144595f464f 
0000002b 525f54455354 
00000031 494e475f4f52 
00000037 5f4445504c4f 
0000003d 594d454e5420 
00000043 3100 
00000045 03              663 	.byte	3
00000046 00              664 	.byte	0
00000047 01              665 	.byte	1
00000048 01              666 	.byte	1
00000049 01              667 	.byte	1
0000004a 5352564c4942    668 	.strz	"SRVLIBS "
00000050 532000 
00000053 03              669 	.byte	3
00000054 03              670 	.byte	3
00000055 02              671 	.byte	2
00000056 03              672 	.byte	3
00000057 1c              673 	.byte	28
00000058 03              674 	.byte	3
00000059 04              675 	.byte	4
0000005a 03              676 	.byte	3
0000005b 1d              677 	.byte	29
0000005c 04              678 	.byte	4
0000005d 03              679 	.byte	3
0000005e 1b              680 	.byte	27
0000005f 05              681 	.byte	5
00000060 03              682 	.byte	3
00000061 54              683 	.byte	84
00000062 06              684 	.byte	6
00000063 04              685 	.byte	4
00000064 04              686 	.byte	4
00000065 01              687 	.byte	1
00000066 33              688 	.byte	51
00000067 4c4f43414c5f    689 	.strz	"LOCAL_INLINE static inline"
0000006d 494e4c494e45 
00000073 207374617469 
00000079 6320696e6c69 
0000007f 6e6500 
00000082 04              690 	.byte	4
00000083 01              691 	.byte	1
00000084 3c              692 	.byte	60
00000085 5354445f4f4e    693 	.strz	"STD_ON 1u"
0000008b 20317500 
0000008f 01              694 	.byte	1
00000090 3d              695 	.byte	61
00000091 5354445f4f46    696 	.strz	"STD_OFF 0u"
00000097 4620307500 
0000009c 04              697 	.byte	4
0000009d 03              698 	.byte	3
0000009e 05              699 	.byte	5
0000009f 07              700 	.byte	7
000000a0 03              701 	.byte	3
000000a1 04              702 	.byte	4
000000a2 08              703 	.byte	8
000000a3 01              704 	.byte	1
000000a4 07              705 	.byte	7
000000a5 4246585f4d41    706 	.strz	"BFX_MAXUINT8_U (0xffu)"

                                                                      Page 15
                                                              C:\Users\nhuliyap\AppData\Local\Temp\gh_00002s81.s
000000ab 5855494e5438 
000000b1 5f5520283078 
000000b7 6666752900 
000000bc 01              707 	.byte	1
000000bd 0c              708 	.byte	12
000000be 4246585f4d41    709 	.strz	"BFX_MAXUINT16_U (0xffffu)"
000000c4 5855494e5431 
000000ca 365f55202830 
000000d0 786666666675 
000000d6 2900 
000000d8 01              710 	.byte	1
000000d9 11              711 	.byte	17
000000da 4246585f4d41    712 	.strz	"BFX_MAXUINT32_U (0xffffffffuL)"
000000e0 5855494e5433 
000000e6 325f55202830 
000000ec 786666666666 
000000f2 666666754c29 
000000f8 00 
000000f9 04              713 	.byte	4
000000fa 03              714 	.byte	3
000000fb 05              715 	.byte	5
000000fc 09              716 	.byte	9
000000fd 01              717 	.byte	1
000000fe 1f              718 	.byte	31
000000ff 4246585f5645    719 	.strz	"BFX_VERSIONINFOAPI STD_OFF"
00000105 5253494f4e49 
0000010b 4e464f415049 
00000111 205354445f4f 
00000117 464600 
0000011a 01              720 	.byte	1
0000011b 21              721 	.byte	33
0000011c 4246585f4346    722 	.strz	"BFX_CFG_LOCATION_NORMAL 1"
00000122 475f4c4f4341 
00000128 54494f4e5f4e 
0000012e 4f524d414c20 
00000134 3100 
00000136 01              723 	.byte	1
00000137 24              724 	.byte	36
00000138 4246585f4346    725 	.strz	"BFX_CFG_LOCATION_INLINE 4"
0000013e 475f4c4f4341 
00000144 54494f4e5f49 
0000014a 4e4c494e4520 
00000150 3400 
00000152 01              726 	.byte	1
00000153 26              727 	.byte	38
00000154 4246585f4346    728 	.strz	"BFX_CFG_NOOPTIMIZATION 0"
0000015a 475f4e4f4f50 
00000160 54494d495a41 
00000166 54494f4e2030 
0000016c 00 
0000016d 01              729 	.byte	1
0000016e 27              730 	.byte	39
0000016f 4246585f4346    731 	.strz	"BFX_CFG_TCCOMMON 1"
00000175 475f5443434f 
0000017b 4d4d4f4e2031 
00000181 00 
00000182 01              732 	.byte	1
00000183 28              733 	.byte	40
00000184 4246585f4346    734 	.strz	"BFX_CFG_TC27XX 2"
0000018a 475f54433237 
00000190 5858203200 

                                                                      Page 16
                                                              C:\Users\nhuliyap\AppData\Local\Temp\gh_00002s81.s
00000195 01              735 	.byte	1
00000196 29              736 	.byte	41
00000197 4246585f4346    737 	.strz	"BFX_CFG_MPCCOMMON 3"
0000019d 475f4d504343 
000001a3 4f4d4d4f4e20 
000001a9 3300 
000001ab 01              738 	.byte	1
000001ac 2a              739 	.byte	42
000001ad 4246585f4346    740 	.strz	"BFX_CFG_MPCCUT2 4"
000001b3 475f4d504343 
000001b9 555432203400 
000001bf 01              741 	.byte	1
000001c0 2c              742 	.byte	44
000001c1 4246585f4346    743 	.strz	"BFX_CFG_OPTIMIZATION BFX_CFG_NOOPTIMIZATION"
000001c7 475f4f505449 
000001cd 4d495a415449 
000001d3 4f4e20424658 
000001d9 5f4346475f4e 
000001df 4f4f5054494d 
000001e5 495a4154494f 
000001eb 4e00 
000001ed 01              744 	.byte	1
000001ee 68              745 	.byte	104
000001ef 4246585f4346    746 	.strz	"BFX_CFG_TSTPARITYEVEN_U32_U8_LOCATION BFX_CFG_LOCATION_NORMAL"
000001f5 475f54535450 
000001fb 415249545945 
00000201 56454e5f5533 
00000207 325f55385f4c 
0000020d 4f434154494f 
00000213 4e204246585f 
00000219 4346475f4c4f 
0000021f 434154494f4e 
00000225 5f4e4f524d41 
0000022b 4c00 
0000022d 01              747 	.byte	1
0000022e 8301            748 	.byte	131,1
00000230 4246585f5354    749 	.strz	"BFX_START_SEC_CODE "
00000236 4152545f5345 
0000023c 435f434f4445 
00000242 2000 
00000244 03              750 	.byte	3
00000245 8401            751 	.byte	132,1
00000247 0a              752 	.byte	10
00000248 01              753 	.byte	1
00000249 07              754 	.byte	7
0000024a 4246585f4d45    755 	.strz	"BFX_MEMMAP_H "
00000250 4d4d41505f48 
00000256 2000 
00000258 01              756 	.byte	1
00000259 0b              757 	.byte	11
0000025a 4246585f4d45    758 	.strz	"BFX_MEMMAP_ERROR "
00000260 4d4d41505f45 
00000266 52524f522000 
0000026c 01              759 	.byte	1
0000026d 0e              760 	.byte	14
0000026e 4253575f5354    761 	.strz	"BSW_START_SEC_CODE "
00000274 4152545f5345 
0000027a 435f434f4445 
00000280 2000 
00000282 03              762 	.byte	3
00000283 0f              763 	.byte	15

                                                                      Page 17
                                                              C:\Users\nhuliyap\AppData\Local\Temp\gh_00002s81.s
00000284 0b              764 	.byte	11
00000285 01              765 	.byte	1
00000286 da08            766 	.byte	218,8
00000288 53544152545f    767 	.strz	"START_SEC_CODE "
0000028e 5345435f434f 
00000294 44452000 
00000298 03              768 	.byte	3
00000299 bb09            769 	.byte	187,9
0000029b 0c              770 	.byte	12
0000029c 01              771 	.byte	1
0000029d f307            772 	.byte	243,7
0000029f 434f44455f53    773 	.strz	"CODE_SEC_OPEN "
000002a5 45435f4f5045 
000002ab 4e2000 
000002ae 04              774 	.byte	4
000002af 04              775 	.byte	4
000002b0 04              776 	.byte	4
000002b1 01              777 	.byte	1
000002b2 c101            778 	.byte	193,1
000002b4 4246585f5354    779 	.strz	"BFX_STOP_SEC_CODE "
000002ba 4f505f534543 
000002c0 5f434f444520 
000002c6 00 
000002c7 03              780 	.byte	3
000002c8 c201            781 	.byte	194,1
000002ca 0a              782 	.byte	10
000002cb 01              783 	.byte	1
000002cc 0b              784 	.byte	11
000002cd 4246585f4d45    785 	.strz	"BFX_MEMMAP_ERROR "
000002d3 4d4d41505f45 
000002d9 52524f522000 
000002df 01              786 	.byte	1
000002e0 13              787 	.byte	19
000002e1 4253575f5354    788 	.strz	"BSW_STOP_SEC_CODE "
000002e7 4f505f534543 
000002ed 5f434f444520 
000002f3 00 
000002f4 03              789 	.byte	3
000002f5 14              790 	.byte	20
000002f6 0b              791 	.byte	11
000002f7 01              792 	.byte	1
000002f8 de08            793 	.byte	222,8
000002fa 53544f505f53    794 	.strz	"STOP_SEC_CODE "
00000300 45435f434f44 
00000306 452000 
00000309 03              795 	.byte	3
0000030a bb09            796 	.byte	187,9
0000030c 0c              797 	.byte	12
0000030d 04              798 	.byte	4
0000030e 04              799 	.byte	4
0000030f 04              800 	.byte	4
00000310 04              801 	.byte	4
00000311 03              802 	.byte	3
00000312 08              803 	.byte	8
00000313 0d              804 	.byte	13
00000314 04              805 	.byte	4
00000315 04              806 	.byte	4
00000316 01              807 	.byte	1
00000317 09              808 	.byte	9
00000318 4246585f5354    809 	.strz	"BFX_START_SEC_CODE "
0000031e 4152545f5345 

                                                                      Page 18
                                                              C:\Users\nhuliyap\AppData\Local\Temp\gh_00002s81.s
00000324 435f434f4445 
0000032a 2000 
0000032c 03              810 	.byte	3
0000032d 11              811 	.byte	17
0000032e 0a              812 	.byte	10
0000032f 01              813 	.byte	1
00000330 0b              814 	.byte	11
00000331 4246585f4d45    815 	.strz	"BFX_MEMMAP_ERROR "
00000337 4d4d41505f45 
0000033d 52524f522000 
00000343 01              816 	.byte	1
00000344 0e              817 	.byte	14
00000345 4253575f5354    818 	.strz	"BSW_START_SEC_CODE "
0000034b 4152545f5345 
00000351 435f434f4445 
00000357 2000 
00000359 03              819 	.byte	3
0000035a 0f              820 	.byte	15
0000035b 0b              821 	.byte	11
0000035c 01              822 	.byte	1
0000035d da08            823 	.byte	218,8
0000035f 53544152545f    824 	.strz	"START_SEC_CODE "
00000365 5345435f434f 
0000036b 44452000 
0000036f 03              825 	.byte	3
00000370 bb09            826 	.byte	187,9
00000372 0c              827 	.byte	12
00000373 01              828 	.byte	1
00000374 f307            829 	.byte	243,7
00000376 434f44455f53    830 	.strz	"CODE_SEC_OPEN "
0000037c 45435f4f5045 
00000382 4e2000 
00000385 04              831 	.byte	4
00000386 04              832 	.byte	4
00000387 04              833 	.byte	4
00000388 01              834 	.byte	1
00000389 21              835 	.byte	33
0000038a 4246585f5354    836 	.strz	"BFX_STOP_SEC_CODE "
00000390 4f505f534543 
00000396 5f434f444520 
0000039c 00 
0000039d 03              837 	.byte	3
0000039e 29              838 	.byte	41
0000039f 0a              839 	.byte	10
000003a0 01              840 	.byte	1
000003a1 0b              841 	.byte	11
000003a2 4246585f4d45    842 	.strz	"BFX_MEMMAP_ERROR "
000003a8 4d4d41505f45 
000003ae 52524f522000 
000003b4 01              843 	.byte	1
000003b5 13              844 	.byte	19
000003b6 4253575f5354    845 	.strz	"BSW_STOP_SEC_CODE "
000003bc 4f505f534543 
000003c2 5f434f444520 
000003c8 00 
000003c9 03              846 	.byte	3
000003ca 14              847 	.byte	20
000003cb 0b              848 	.byte	11
000003cc 01              849 	.byte	1
000003cd de08            850 	.byte	222,8
000003cf 53544f505f53    851 	.strz	"STOP_SEC_CODE "

                                                                      Page 19
                                                              C:\Users\nhuliyap\AppData\Local\Temp\gh_00002s81.s
000003d5 45435f434f44 
000003db 452000 
000003de 03              852 	.byte	3
000003df bb09            853 	.byte	187,9
000003e1 0c              854 	.byte	12
000003e2 04              855 	.byte	4
000003e3 04              856 	.byte	4
000003e4 04              857 	.byte	4
000003e5 04              858 	.byte	4
000003e6 00              859 	.byte	0
                         860 	.section	.debug_abbrev
000000d3 00              861 	.byte	0
                         862 	.section	.debug_info
                         863 .Ldw_end:
                         864 .rh850_flags REGMODE32,DATA_ALIGN8,GP_FIX,EP_NONFIX,TP_FIX,REG2_RESERVE,G3K,GHS_MISALIGN,SDA_EXTRA_REGS_0
