                                                                      Page 1
                                                              C:\Users\nhuliyap\AppData\Local\Temp\gh_000069c1.s
Command Line: C:\ghs\comp_201517\ease850.exe -w -elf -b0 -I../source/common -I../source/ProjectCompiler -I../source/ProjectCfg -I../source/SwcApplTpms -I../source/SwcApplEcuM -I../source/SwcServiceBswM -I../source/SwcServiceEcuM -I../source/SwcServiceNvM -I../source/SwcServiceOs -I../source/SwcServiceStartUp -I../source/McalAdc -I../source/McalDio -I../source/McalGpt -I../source/McalMcu -I../source/McalWdg -I../source/wrappers -I../source/wrappers/McalAta -I../source/McalLin -I../source/McalCan -I../source/wrappers/OS -I../source/McalFls -I../source/EcuabFee -I../source/EcuabMemIf -I../source/wrappers/VStdLib -I../source/wrappers/Crc -I../source/wrappers/FBL_APPL -I../source/wrappers/NVM_MANAGER -I../source/wrappers/DEM_MANAGER -I../source/wrappers/RDC_MANAGER -I../source/wrappers/ENV_MANAGER -I../source/wrappers/SYS_MANAGER -I../source/wrappers/EcuabCanIf -I../source/EcuabCanTrcv -I../source/wrappers/SwcServiceCanSM -I../source/wrappers/SwcServiceCanTp -I../source/wrappers/SwcServiceCanTp_PreCompile -I../source/wrappers/SwcServiceCom -I../source/wrappers/SwcServiceComM -I../source/wrappers/SwcServiceDcm -I../source/wrappers/SwcServicePduR -I../source/wrappers/SwcServiceEcuM -I../source/wrappers/Bfx -I../source/wrappers/SwcServiceDem -I../source/SwcServiceCom -I../source/SwcServiceDet -I../source/SwcServiceFiM -I../source/SwcServicePduR -I../source/SwcServiceSchM -I../source/wrappers/LibAutosarDiag -I../source/wrappers/rba_BswSrv -IC:\ghs\comp_201517\lib\rh850 -cg_underscore -cpu=rh850g3k -no_v850_simd -rh850_fpsimd=none -nomacro -patch_dbo=C:\_ECU2\ECU_Rivian_A1\Target\repo_projects\pRealEcu\cR_LATEST\make\output\objects\calibr.dbo -source=calibr.c -o output\objects\gh_000069c1.o -list=output\list\calibr.lst C:\Users\nhuliyap\AppData\Local\Temp\gh_000069c1.s 
Original File: C:\Users\nhuliyap\AppData\Local\Temp\gh_000069c1.s
Source File: calibr.c
Directory: C:\_ECU2\ECU_Rivian_A1\Target\repo_projects\pRealEcu\cR_LATEST\make
Host OS: Windows
EASE: Copyright (C) 1983-2015 Green Hills Software.  All Rights Reserved.
Release: Compiler v2015.1.7
Build Directory: [Directory] BTOWORKER6:c:/build_2015_1_bto/2015-10-21.2100-2015_1_bto/win32-comp-ecom
Revision: [VCInfo] http://toolsvc/branches/release-branch-70-bto/src@544153 (built by build)
Revision Date: Thu Oct 22 07:50:13 2015

Release Date: Thu Oct 22 09:32:32 2015

                           1 --Driver Command: ccv850 ../source/SwcApplTpms/calibr.c -cpu=rh850 -fhard
                           2 --		-ignore_callt_state_in_interrupts -large_sda -misalign_pack
                           3 --		-nofarcalls -nofloatio -no_callt -Ogeneral -Onounroll
                           4 --		-prepare_dispose -registermode=32 -reserve_r2 -sda=0
                           5 --		-shorten_loads -Wshadow --brief_diagnostics --no_commons
                           6 --		--no_wrap_diagnostics --prototype_errors --short_enum -list -G
                           7 --		-dual_debug -dwarf -X5523 -lnk=-no_xda_modifications -D
                           8 --		NOT_READY_FOR_TESTING_OR_DEPLOYMENT -D IBTCM_SW_ANPASSUNGEN -D
                           9 --		BUILD_RIVIAN -c -inline_prologue -I../source/common
                          10 --		-I../source/ProjectCompiler -I../source/ProjectCfg
                          11 --		-I../source/SwcApplTpms -I../source/SwcApplEcuM
                          12 --		-I../source/SwcServiceBswM -I../source/SwcServiceEcuM
                          13 --		-I../source/SwcServiceNvM -I../source/SwcServiceOs
                          14 --		-I../source/SwcServiceStartUp -I../source/McalAdc
                          15 --		-I../source/McalDio -I../source/McalGpt -I../source/McalMcu
                          16 --		-I../source/McalWdg -I../source/wrappers
                          17 --		-I../source/wrappers/McalAta -I../source/McalLin
                          18 --		-I../source/McalCan -I../source/wrappers/OS -I../source/McalFls
                          19 --		-I../source/EcuabFee -I../source/EcuabMemIf
                          20 --		-I../source/wrappers/VStdLib -I../source/wrappers
                          21 --		-I../source/wrappers/Crc -I../source/wrappers/FBL_APPL
                          22 --		-I../source/wrappers/NVM_MANAGER -I../source/wrappers/DEM_MANAGER
                          23 --		-I../source/wrappers/RDC_MANAGER -I../source/wrappers/ENV_MANAGER
                          24 --		-I../source/wrappers/SYS_MANAGER -I../source/wrappers/EcuabCanIf
                          25 --		-I../source/EcuabCanTrcv -I../source/wrappers/SwcServiceCanSM
                          26 --		-I../source/wrappers/SwcServiceCanTp
                          27 --		-I../source/wrappers/SwcServiceCanTp_PreCompile
                          28 --		-I../source/wrappers/SwcServiceCom
                          29 --		-I../source/wrappers/SwcServiceComM
                          30 --		-I../source/wrappers/SwcServiceDcm
                          31 --		-I../source/wrappers/SwcServicePduR
                          32 --		-I../source/wrappers/SwcServiceEcuM -I../source/wrappers/Bfx
                          33 --		-I../source/wrappers/SwcServiceDem -I../source/SwcServiceCom
                          34 --		-I../source/SwcServiceDet -I../source/SwcServiceFiM
                          35 --		-I../source/SwcServicePduR -I../source/SwcServiceSchM
                          36 --		-I../source/wrappers/LibAutosarDiag
                          37 --		-I../source/wrappers/rba_BswSrv -object_dir=output/objects
                          38 --		-list_dir=output/list
                          39 --Source File:   ../source/SwcApplTpms/calibr.c
                          40 --Directory:     
                          41 --		C:\_ECU2\ECU_Rivian_A1\Target\repo_projects\pRealEcu\cR_LATEST\make
                          42 --Compile Date:  Fri Sep 15 14:00:23 2023
                          43 --Host OS:       Win32
                          44 --Version:       C-RH850 2015.1.7 RELEASE VERSION
                          45 --Release:       Compiler v2015.1.7
                          46 --Revision Date: Thu Oct 22 08:06:12 2015
                          47 --Release Date:  Thu Oct 22 09:34:32 2015
                          48 -- ecom  -g -w -OM
                          49 	.text
                          50 ..bof.C.3A.5C_ECU2.5CECU_Rivian_A1.5CTarget.5Crepo_projects.5CpRealEcu.5CcR_LATEST.5Cmake.5Coutput.5Cobjects.5Ccalibr...43.3A.5C_ECU2.5CECU_Rivian_A1.5CTarget.5Crepo_projects.5CpRealEcu.5CcR_LATEST.5Cmake..65044757..0::

                                                                      Page 2
                                                              C:\Users\nhuliyap\AppData\Local\Temp\gh_000069c1.s
                          51 	.align	2
                          52 ..gh.f.f.1.e.0:
                          53 	.type	..gh.f.f.1.e.0,@object
                          54 	.size	..gh.f.f.1.e.0,0
                          55 	.global	_CalibrSetPressureCAL
                          56 _CalibrSetPressureCAL:
00000000 80076100         57 	prepare	{r29,r31},0
                          58 --	    .bf
                          59 .LDW01:
                          60 	jarl	_GETucVarCodPlacardPressEE,lp
                          60 <EXPANSION BEGIN>
                          60 jarl22 _GETucVarCodPlacardPressEE , lp 
00000004 80ff0000*        60 <EXPANSION END>
                          61 --line14
                          62 ..lin.C.3A.5C_ECU2.5CECU_Rivian_A1.5CTarget.5Crepo_projects.5CpRealEcu.5CcR_LATEST.5Cmake.5Coutput.5Cobjects.5Ccalibr.1::
                          63 .LDWlin1:
00000008 0a96bcff         64 	addi	-68,r10,r18
0000000c 120645ff         65 	addi	-187,r18,zero
00000010 f905*            66 	bnl	.L5
                          67 --line18
                          68 ..lin.C.3A.5C_ECU2.5CECU_Rivian_A1.5CTarget.5Crepo_projects.5CpRealEcu.5CcR_LATEST.5Cmake.5Coutput.5Cobjects.5Ccalibr.2::
                          69 .LDWlin2:
00000012 20ee6000         70 	movea	96,zero,r29
00000016 1d30             71 	mov	r29,r6
                          72 	jarl	_PUTucVarCodPlacardPressEE,lp
                          72 <EXPANSION BEGIN>
                          72 jarl22 _PUTucVarCodPlacardPressEE , lp 
00000018 80ff0000*        72 <EXPANSION END>
0000001c a505*            73 	br	.L7
                          74 .L5:
0000001e 0ae8             75 	mov	r10,r29
                          76 .L7:
                          77 --line22
                          78 ..lin.C.3A.5C_ECU2.5CECU_Rivian_A1.5CTarget.5Crepo_projects.5CpRealEcu.5CcR_LATEST.5Cmake.5Coutput.5Cobjects.5Ccalibr.3::
                          79 .LDWlin3:
00000020 1d38             80 	mov	r29,r7
00000022 1d40             81 	mov	r29,r8
00000024 0032             82 	mov	0,r6
                          83 	jarl	_InformWarnHandlerSM,lp
                          83 <EXPANSION BEGIN>
                          83 jarl22 _InformWarnHandlerSM , lp 
00000026 80ff0000*        83 <EXPANSION END>
                          84 --	    .ef
                          85 .LDW11:
                          86 --line26
                          87 ..lin.C.3A.5C_ECU2.5CECU_Rivian_A1.5CTarget.5Crepo_projects.5CpRealEcu.5CcR_LATEST.5Cmake.5Coutput.5Cobjects.5Ccalibr.4::
                          88 .LDWlin4:
0000002a 40067f00         89 	dispose	0,{r29,r31},[lp]
                          90 	.global	___ghs_eofn_CalibrSetPressureCAL
                          91 ___ghs_eofn_CalibrSetPressureCAL:
                          92 	.type	_CalibrSetPressureCAL,@function
                          93 	.size	_CalibrSetPressureCAL,.-_CalibrSetPressureCAL
                          94 	.align	2
                          95 --_u8Press	r29	local
                          96 --_u8LocalVarCodPlacardPress	r29	local
                          97 
                          98 	.section ".bss","awb"
                          99 .L56:
                         100 	.type	.L56,@object
                         101 	.size	.L56,0
                         102 	.data

                                                                      Page 3
                                                              C:\Users\nhuliyap\AppData\Local\Temp\gh_000069c1.s
                         103 	.text
                         104 	.align	2
                         105 
                         106 	.data
                         107 	.ghsnote version,17
                         108 	.ghsnote tools,3
                         109 	.ghsnote options,144
                         110 	.text
                         111 	.align	2
                         112 ..eof.C.3A.5C_ECU2.5CECU_Rivian_A1.5CTarget.5Crepo_projects.5CpRealEcu.5CcR_LATEST.5Cmake.5Coutput.5Cobjects.5Ccalibr...43.3A.5C_ECU2.5CECU_Rivian_A1.5CTarget.5Crepo_projects.5CpRealEcu.5CcR_LATEST.5Cmake..65044757..0::
                         113 	.section	.debug_info
                         114 .Ldw_begin:
00000000 dc010000        115 	.word	.Ldw_end-.Ldw_begin-4
00000004 0200            116 	.byte	2,0
00000006 00000000*       117 	.word	.Ldw_abbr_begin
0000000a 04              118 	.byte	4
                         119 	.section	.debug_abbrev
                         120 .Ldw_abbr_begin:
                         121 	.section	.debug_info
0000000b 01              122 	.byte	1
0000000c 00000000*       123 	.word	..bof.C.3A.5C_ECU2.5CECU_Rivian_A1.5CTarget.5Crepo_projects.5CpRealEcu.5CcR_LATEST.5Cmake.5Coutput.5Cobjects.5Ccalibr...43.3A.5C_ECU2.5CECU_Rivian_A1.5CTarget.5Crepo_projects.5CpRealEcu.5CcR_LATEST.5Cmake..65044757..0
00000010 00000000*       124 	.word	..eof.C.3A.5C_ECU2.5CECU_Rivian_A1.5CTarget.5Crepo_projects.5CpRealEcu.5CcR_LATEST.5Cmake.5Coutput.5Cobjects.5Ccalibr...43.3A.5C_ECU2.5CECU_Rivian_A1.5CTarget.5Crepo_projects.5CpRealEcu.5CcR_LATEST.5Cmake..65044757..0
00000014 2e2e2f736f75    125 	.strz	"../source/SwcApplTpms/calibr.c"
0000001a 7263652f5377 
00000020 634170706c54 
00000026 706d732f6361 
0000002c 6c6962722e63 
00000032 00 
00000033 433a5c5f4543    126 	.strz	"C:\\_ECU2\\ECU_Rivian_A1\\Target\\repo_projects\\pRealEcu\\cR_LATEST\\make"
00000039 55325c454355 
0000003f 5f5269766961 
00000045 6e5f41315c54 
0000004b 61726765745c 
00000051 7265706f5f70 
00000057 726f6a656374 
0000005d 735c70526561 
00000063 6c4563755c63 
00000069 525f4c415445 
0000006f 53545c6d616b 
00000075 6500 
00000077 474853204320    127 	.strz	"GHS C 2015.1.7 [dual]"
0000007d 323031352e31 
00000083 2e37205b6475 
00000089 616c5d00 
0000008d 0100            128 	.byte	1,0
0000008f 00000000*       129 	.word	.Ldw_line_begin
00000093 00000000*       130 	.word	.Ldw_macinfo_begin
00000097 00              131 	.byte	0
                         132 
                         133 	.section	.debug_abbrev
00000000 01              134 	.byte	1
00000001 11              135 	.byte	17
00000002 01              136 	.byte	1
00000003 1101            137 	.byte	17,1
00000005 1201            138 	.byte	18,1
00000007 0308            139 	.byte	3,8
00000009 1b08            140 	.byte	27,8
0000000b 2508            141 	.byte	37,8
0000000d 1305            142 	.byte	19,5
0000000f 1006            143 	.byte	16,6
00000011 4306            144 	.byte	67,6

                                                                      Page 4
                                                              C:\Users\nhuliyap\AppData\Local\Temp\gh_000069c1.s
00000013 420b            145 	.byte	66,11
00000015 0000            146 	.byte	0,0
                         147 
                         148 	.section	.debug_line
                         149 .Ldw_line_begin:
00000000 44030000        150 	.word	.Ldw_line_end-.Ldw_line_begin-4
00000004 0200            151 	.byte	2,0
00000006 00000000*       152 	.word	.Ldw_lpro_end-.Ldw_lpro_begin
                         153 .Ldw_lpro_begin:
0000000a 01              154 	.byte	1
0000000b 00              155 	.byte	0
0000000c 00              156 	.byte	0
0000000d 04              157 	.byte	4
0000000e 0a              158 	.byte	10
0000000f 000101          159 	.byte	0,1,1
00000012 010100          160 	.byte	1,1,0
00000015 000001          161 	.byte	0,0,1
00000018 00              162 	.byte	0
00000019 2e2e2f736f75    163 	.strz	"../source/SwcApplTpms/calibr.c"
0000001f 7263652f5377 
00000025 634170706c54 
0000002b 706d732f6361 
00000031 6c6962722e63 
00000037 00 
00000038 000000          164 	.byte	0,0,0
0000003b 2e2e2f736f75    165 	.strz	"../source/common/Std_Types.hpp"
00000041 7263652f636f 
00000047 6d6d6f6e2f53 
0000004d 74645f547970 
00000053 65732e687070 
00000059 00 
0000005a 000000          166 	.byte	0,0,0
0000005d 2e2e2f736f75    167 	.strz	"../source/common/Platform_Types.hpp"
00000063 7263652f636f 
00000069 6d6d6f6e2f50 
0000006f 6c6174666f72 
00000075 6d5f54797065 
0000007b 732e68707000 
00000081 000000          168 	.byte	0,0,0
00000084 2e2e2f736f75    169 	.strz	"../source/common/Compiler.hpp"
0000008a 7263652f636f 
00000090 6d6d6f6e2f43 
00000096 6f6d70696c65 
0000009c 722e68707000 
000000a2 000000          170 	.byte	0,0,0
000000a5 2e2e2f736f75    171 	.strz	"../source/ProjectCompiler/Compiler_Cfg.hpp"
000000ab 7263652f5072 
000000b1 6f6a65637443 
000000b7 6f6d70696c65 
000000bd 722f436f6d70 
000000c3 696c65725f43 
000000c9 66672e687070 
000000cf 00 
000000d0 000000          172 	.byte	0,0,0
000000d3 2e2e2f736f75    173 	.strz	"../source/ProjectCompiler/CompilerCfg_SwcServiceOs.hpp"
000000d9 7263652f5072 
000000df 6f6a65637443 
000000e5 6f6d70696c65 
000000eb 722f436f6d70 
000000f1 696c65724366 
000000f7 675f53776353 

                                                                      Page 5
                                                              C:\Users\nhuliyap\AppData\Local\Temp\gh_000069c1.s
000000fd 657276696365 
00000103 4f732e687070 
00000109 00 
0000010a 000000          174 	.byte	0,0,0
0000010d 2e2e2f736f75    175 	.strz	"../source/SwcApplTpms/iTpms_Interface.hpp"
00000113 7263652f5377 
00000119 634170706c54 
0000011f 706d732f6954 
00000125 706d735f496e 
0000012b 746572666163 
00000131 652e68707000 
00000137 000000          176 	.byte	0,0,0
0000013a 2e2e2f736f75    177 	.strz	"../source/SwcApplTpms/Tpms_Rte_Data_Type.hpp"
00000140 7263652f5377 
00000146 634170706c54 
0000014c 706d732f5470 
00000152 6d735f527465 
00000158 5f446174615f 
0000015e 547970652e68 
00000164 707000 
00000167 000000          178 	.byte	0,0,0
0000016a 2e2e2f736f75    179 	.strz	"../source/McalMcu/Types.hpp"
00000170 7263652f4d63 
00000176 616c4d63752f 
0000017c 54797065732e 
00000182 68707000 
00000186 000000          180 	.byte	0,0,0
00000189 2e2e2f736f75    181 	.strz	"../source/SwcApplTpms/SwcApplTpms_Rte.hpp"
0000018f 7263652f5377 
00000195 634170706c54 
0000019b 706d732f5377 
000001a1 634170706c54 
000001a7 706d735f5274 
000001ad 652e68707000 
000001b3 000000          182 	.byte	0,0,0
000001b6 2e2e2f736f75    183 	.strz	"../source/SwcApplTpms/SwcApplTpms_Rte_Type.hpp"
000001bc 7263652f5377 
000001c2 634170706c54 
000001c8 706d732f5377 
000001ce 634170706c54 
000001d4 706d735f5274 
000001da 655f54797065 
000001e0 2e68707000 
000001e5 000000          184 	.byte	0,0,0
000001e8 2e2e2f736f75    185 	.strz	"../source/ProjectCfg/SwcApplTpms_NvM_If.hpp"
000001ee 7263652f5072 
000001f4 6f6a65637443 
000001fa 66672f537763 
00000200 4170706c5470 
00000206 6d735f4e764d 
0000020c 5f49662e6870 
00000212 7000 
00000214 000000          186 	.byte	0,0,0
00000217 2e2e2f736f75    187 	.strz	"../source/SwcApplTpms/WallocX.hpp"
0000021d 7263652f5377 
00000223 634170706c54 
00000229 706d732f5761 
0000022f 6c6c6f63582e 
00000235 68707000 
00000239 000000          188 	.byte	0,0,0
0000023c 2e2e2f736f75    189 	.strz	"../source/SwcApplTpms/statemanagerx.hpp"

                                                                      Page 6
                                                              C:\Users\nhuliyap\AppData\Local\Temp\gh_000069c1.s
00000242 7263652f5377 
00000248 634170706c54 
0000024e 706d732f7374 
00000254 6174656d616e 
0000025a 61676572782e 
00000260 68707000 
00000264 000000          190 	.byte	0,0,0
00000267 2e2e2f736f75    191 	.strz	"../source/SwcApplTpms/calibr.hpp"
0000026d 7263652f5377 
00000273 634170706c54 
00000279 706d732f6361 
0000027f 6c6962722e68 
00000285 707000 
00000288 000000          192 	.byte	0,0,0
0000028b 2e2e2f736f75    193 	.strz	"../source/SwcApplTpms/tss_stdx.hpp"
00000291 7263652f5377 
00000297 634170706c54 
0000029d 706d732f7473 
000002a3 735f73746478 
000002a9 2e68707000 
000002ae 000000          194 	.byte	0,0,0
000002b1 2e2e2f736f75    195 	.strz	"../source/ProjectCfg/CfgSwcApplTpms.hpp"
000002b7 7263652f5072 
000002bd 6f6a65637443 
000002c3 66672f436667 
000002c9 537763417070 
000002cf 6c54706d732e 
000002d5 68707000 
000002d9 000000          196 	.byte	0,0,0
000002dc 2e2e2f736f75    197 	.strz	"../source/SwcApplTpms/calibrX.hpp"
000002e2 7263652f5377 
000002e8 634170706c54 
000002ee 706d732f6361 
000002f4 6c696272582e 
000002fa 68707000 
000002fe 000000          198 	.byte	0,0,0
00000301 00              199 	.byte	0
                         200 .Ldw_lpro_end:
                         201 	.section	.debug_macinfo
                         202 .Ldw_macinfo_begin:
                         203 	.section	.debug_frame
                         204 .LDW_4c067f8:
00000000 00000000*       205 	.word	.LDW_unq_2-.LDW_unq_1
                         206 .LDW_unq_1:
00000004 ffffffff        207 	.byte	255,255,255,255
00000008 01              208 	.byte	1
00000009 00              209 	.byte	0
0000000a 01              210 	.byte	1
0000000b 01              211 	.byte	1
0000000c 1f              212 	.byte	31
0000000d 0c              213 	.byte	12
0000000e 03              214 	.byte	3
0000000f 00              215 	.byte	0
00000010 07              216 	.byte	7
00000011 00              217 	.byte	0
00000012 07              218 	.byte	7
00000013 01              219 	.byte	1
00000014 07              220 	.byte	7
00000015 02              221 	.byte	2
00000016 07              222 	.byte	7
00000017 03              223 	.byte	3

                                                                      Page 7
                                                              C:\Users\nhuliyap\AppData\Local\Temp\gh_000069c1.s
00000018 07              224 	.byte	7
00000019 04              225 	.byte	4
0000001a 07              226 	.byte	7
0000001b 05              227 	.byte	5
0000001c 07              228 	.byte	7
0000001d 06              229 	.byte	6
0000001e 07              230 	.byte	7
0000001f 07              231 	.byte	7
00000020 07              232 	.byte	7
00000021 08              233 	.byte	8
00000022 07              234 	.byte	7
00000023 09              235 	.byte	9
00000024 07              236 	.byte	7
00000025 0a              237 	.byte	10
00000026 07              238 	.byte	7
00000027 0b              239 	.byte	11
00000028 07              240 	.byte	7
00000029 0c              241 	.byte	12
0000002a 07              242 	.byte	7
0000002b 0d              243 	.byte	13
0000002c 07              244 	.byte	7
0000002d 0e              245 	.byte	14
0000002e 07              246 	.byte	7
0000002f 0f              247 	.byte	15
00000030 07              248 	.byte	7
00000031 10              249 	.byte	16
00000032 07              250 	.byte	7
00000033 11              251 	.byte	17
00000034 07              252 	.byte	7
00000035 12              253 	.byte	18
00000036 07              254 	.byte	7
00000037 13              255 	.byte	19
00000038 08              256 	.byte	8
00000039 14              257 	.byte	20
0000003a 08              258 	.byte	8
0000003b 15              259 	.byte	21
0000003c 08              260 	.byte	8
0000003d 16              261 	.byte	22
0000003e 08              262 	.byte	8
0000003f 17              263 	.byte	23
00000040 08              264 	.byte	8
00000041 18              265 	.byte	24
00000042 08              266 	.byte	8
00000043 19              267 	.byte	25
00000044 08              268 	.byte	8
00000045 1a              269 	.byte	26
00000046 08              270 	.byte	8
00000047 1b              271 	.byte	27
00000048 08              272 	.byte	8
00000049 1c              273 	.byte	28
0000004a 08              274 	.byte	8
0000004b 1d              275 	.byte	29
0000004c 07              276 	.byte	7
0000004d 1e              277 	.byte	30
0000004e 08              278 	.byte	8
0000004f 1f              279 	.byte	31
00000050 07              280 	.byte	7
00000051 20              281 	.byte	32
00000052 07              282 	.byte	7
00000053 21              283 	.byte	33
00000054 07              284 	.byte	7

                                                                      Page 8
                                                              C:\Users\nhuliyap\AppData\Local\Temp\gh_000069c1.s
00000055 22              285 	.byte	34
00000056 07              286 	.byte	7
00000057 23              287 	.byte	35
00000058 07              288 	.byte	7
00000059 24              289 	.byte	36
0000005a 07              290 	.byte	7
0000005b 25              291 	.byte	37
0000005c 07              292 	.byte	7
0000005d 26              293 	.byte	38
0000005e 07              294 	.byte	7
0000005f 27              295 	.byte	39
00000060 07              296 	.byte	7
00000061 28              297 	.byte	40
00000062 07              298 	.byte	7
00000063 29              299 	.byte	41
00000064 07              300 	.byte	7
00000065 2a              301 	.byte	42
00000066 07              302 	.byte	7
00000067 2b              303 	.byte	43
00000068 07              304 	.byte	7
00000069 2c              305 	.byte	44
0000006a 07              306 	.byte	7
0000006b 2d              307 	.byte	45
0000006c 07              308 	.byte	7
0000006d 2e              309 	.byte	46
0000006e 07              310 	.byte	7
0000006f 2f              311 	.byte	47
00000070 07              312 	.byte	7
00000071 30              313 	.byte	48
00000072 07              314 	.byte	7
00000073 31              315 	.byte	49
00000074 07              316 	.byte	7
00000075 32              317 	.byte	50
00000076 07              318 	.byte	7
00000077 33              319 	.byte	51
00000078 07              320 	.byte	7
00000079 34              321 	.byte	52
0000007a 07              322 	.byte	7
0000007b 35              323 	.byte	53
0000007c 07              324 	.byte	7
0000007d 36              325 	.byte	54
0000007e 07              326 	.byte	7
0000007f 37              327 	.byte	55
00000080 07              328 	.byte	7
00000081 38              329 	.byte	56
00000082 07              330 	.byte	7
00000083 39              331 	.byte	57
00000084 07              332 	.byte	7
00000085 3a              333 	.byte	58
00000086 07              334 	.byte	7
00000087 3b              335 	.byte	59
00000088 07              336 	.byte	7
00000089 3c              337 	.byte	60
0000008a 07              338 	.byte	7
0000008b 3d              339 	.byte	61
0000008c 07              340 	.byte	7
0000008d 3e              341 	.byte	62
0000008e 07              342 	.byte	7
0000008f 3f              343 	.byte	63
                         344 .LDW_unq_2:
                         345 	.section	.debug_info

                                                                      Page 9
                                                              C:\Users\nhuliyap\AppData\Local\Temp\gh_000069c1.s
                         346 .LDW_16b7258:
00000098 45              347 	.byte	69
00000099 01              348 	.byte	1
                         349 
                         350 	.section	.debug_abbrev
00000017 45              351 	.byte	69
00000018 15              352 	.byte	21
00000019 01              353 	.byte	1
0000001a 270c            354 	.byte	39,12
0000001c 0000            355 	.byte	0,0
                         356 
                         357 	.section	.debug_info
0000009a 00              358 	.byte	0
                         359 
                         360 .LDW_16b6dc0:
0000009b 25              361 	.byte	37
0000009c 756e7369676e    362 	.strz	"unsigned char"
000000a2 656420636861 
000000a8 7200 
000000aa 08              363 	.byte	8
000000ab 01              364 	.byte	1
                         365 
                         366 	.section	.debug_abbrev
0000001e 25              367 	.byte	37
0000001f 24              368 	.byte	36
00000020 00              369 	.byte	0
00000021 0308            370 	.byte	3,8
00000023 3e0b            371 	.byte	62,11
00000025 0b0b            372 	.byte	11,11
00000027 0000            373 	.byte	0,0
                         374 
                         375 	.section	.debug_info
                         376 .LDW_16b7220:
000000ac 25              377 	.byte	37
000000ad 696e7400        378 	.strz	"int"
000000b1 05              379 	.byte	5
000000b2 04              380 	.byte	4
                         381 
                         382 .LDW_4c41318:
000000b3 29              383 	.byte	41
000000b4 00000000*       384 	.word	.LDW_16fee30
                         385 
                         386 	.section	.debug_abbrev
00000029 29              387 	.byte	41
0000002a 26              388 	.byte	38
0000002b 00              389 	.byte	0
0000002c 4910            390 	.byte	73,16
0000002e 0000            391 	.byte	0,0
                         392 
                         393 	.section	.debug_info
                         394 .LDW_4c4be88:
000000b8 45              395 	.byte	69
000000b9 01              396 	.byte	1
                         397 
                         398 .LDW_4c48310:
000000ba 12              399 	.byte	18
000000bb 00000000*       400 	.word	.LDW_16fee30
000000bf 00              401 	.byte	0
                         402 
                         403 	.section	.debug_abbrev
00000030 12              404 	.byte	18

                                                                      Page 10
                                                              C:\Users\nhuliyap\AppData\Local\Temp\gh_000069c1.s
00000031 05              405 	.byte	5
00000032 00              406 	.byte	0
00000033 4910            407 	.byte	73,16
00000035 4b0c            408 	.byte	75,12
00000037 0000            409 	.byte	0,0
                         410 
                         411 	.section	.debug_info
000000c0 00              412 	.byte	0
                         413 
                         414 .LDW_4c4c320:
000000c1 44              415 	.byte	68
000000c2 00000000*       416 	.word	.LDW_16fee30
000000c6 01              417 	.byte	1
                         418 
                         419 	.section	.debug_abbrev
00000039 44              420 	.byte	68
0000003a 15              421 	.byte	21
0000003b 01              422 	.byte	1
0000003c 4910            423 	.byte	73,16
0000003e 270c            424 	.byte	39,12
00000040 0000            425 	.byte	0,0
                         426 
                         427 	.section	.debug_info
000000c7 00              428 	.byte	0
                         429 
                         430 .LDW_4c4e8c8:
000000c8 45              431 	.byte	69
000000c9 01              432 	.byte	1
                         433 
                         434 .LDW_4c4fc48:
000000ca 12              435 	.byte	18
000000cb 00000000*       436 	.word	.LDW_16fef38
000000cf 00              437 	.byte	0
                         438 
                         439 .LDW_4c4f9a8:
000000d0 12              440 	.byte	18
000000d1 00000000*       441 	.word	.LDW_4c41318
000000d5 00              442 	.byte	0
                         443 
                         444 .LDW_4c4f918:
000000d6 12              445 	.byte	18
000000d7 00000000*       446 	.word	.LDW_4c41318
000000db 00              447 	.byte	0
                         448 
000000dc 00              449 	.byte	0
                         450 
                         451 .LDW_16fef38:
000000dd 28              452 	.byte	40
000000de 626f6f6c6561    453 	.strz	"boolean"
000000e4 6e00 
000000e6 4e              454 	.byte	78
000000e7 49              455 	.byte	73
000000e8 03              456 	.byte	3
000000e9 00000000*       457 	.word	.LDW_16b6dc0
                         458 
                         459 	.section	.debug_abbrev
00000042 28              460 	.byte	40
00000043 16              461 	.byte	22
00000044 00              462 	.byte	0
00000045 0308            463 	.byte	3,8
00000047 3b0f            464 	.byte	59,15

                                                                      Page 11
                                                              C:\Users\nhuliyap\AppData\Local\Temp\gh_000069c1.s
00000049 390f            465 	.byte	57,15
0000004b 3a0f            466 	.byte	58,15
0000004d 4910            467 	.byte	73,16
0000004f 0000            468 	.byte	0,0
                         469 
                         470 	.section	.debug_info
                         471 .LDW_16fee30:
000000ed 28              472 	.byte	40
000000ee 75696e743800    473 	.strz	"uint8"
000000f4 50              474 	.byte	80
000000f5 4b              475 	.byte	75
000000f6 03              476 	.byte	3
000000f7 00000000*       477 	.word	.LDW_16b6dc0
                         478 
                         479 .LDW_4c4a0d0:
000000fb 15              480 	.byte	21
000000fc 505554756356    481 	.strz	"PUTucVarCodPlacardPressEE"
00000102 6172436f6450 
00000108 6c6163617264 
0000010e 507265737345 
00000114 4500 
00000116 58              482 	.byte	88
00000117 10              483 	.byte	16
00000118 0c              484 	.byte	12
00000119 01              485 	.byte	1
0000011a 00              486 	.byte	0
0000011b 01              487 	.byte	1
0000011c 01              488 	.byte	1
0000011d 00              489 	.byte	0
0000011e 01              490 	.byte	1
                         491 
                         492 	.section	.debug_abbrev
00000051 15              493 	.byte	21
00000052 2e              494 	.byte	46
00000053 01              495 	.byte	1
00000054 0308            496 	.byte	3,8
00000056 3b0f            497 	.byte	59,15
00000058 390f            498 	.byte	57,15
0000005a 3a0f            499 	.byte	58,15
0000005c 3c0c            500 	.byte	60,12
0000005e 200b            501 	.byte	32,11
00000060 3f0c            502 	.byte	63,12
00000062 320b            503 	.byte	50,11
00000064 4c0b            504 	.byte	76,11
00000066 270c            505 	.byte	39,12
00000068 0000            506 	.byte	0,0
                         507 
                         508 	.section	.debug_info
0000011f 00              509 	.byte	0
                         510 
                         511 .LDW_4c4a168:
00000120 16              512 	.byte	22
00000121 474554756356    513 	.strz	"GETucVarCodPlacardPressEE"
00000127 6172436f6450 
0000012d 6c6163617264 
00000133 507265737345 
00000139 4500 
0000013b 59              514 	.byte	89
0000013c 10              515 	.byte	16
0000013d 0c              516 	.byte	12
0000013e 00000000*       517 	.word	.LDW_16fee30

                                                                      Page 12
                                                              C:\Users\nhuliyap\AppData\Local\Temp\gh_000069c1.s
00000142 01              518 	.byte	1
00000143 00              519 	.byte	0
00000144 01              520 	.byte	1
00000145 01              521 	.byte	1
00000146 00              522 	.byte	0
00000147 01              523 	.byte	1
                         524 
                         525 	.section	.debug_abbrev
0000006a 16              526 	.byte	22
0000006b 2e              527 	.byte	46
0000006c 01              528 	.byte	1
0000006d 0308            529 	.byte	3,8
0000006f 3b0f            530 	.byte	59,15
00000071 390f            531 	.byte	57,15
00000073 3a0f            532 	.byte	58,15
00000075 4910            533 	.byte	73,16
00000077 3c0c            534 	.byte	60,12
00000079 200b            535 	.byte	32,11
0000007b 3f0c            536 	.byte	63,12
0000007d 320b            537 	.byte	50,11
0000007f 4c0b            538 	.byte	76,11
00000081 270c            539 	.byte	39,12
00000083 0000            540 	.byte	0,0
                         541 
                         542 	.section	.debug_info
00000148 00              543 	.byte	0
                         544 
                         545 .LDW_4c4dd60:
00000149 15              546 	.byte	21
0000014a 496e666f726d    547 	.strz	"InformWarnHandlerSM"
00000150 5761726e4861 
00000156 6e646c657253 
0000015c 4d00 
0000015e 10              548 	.byte	16
0000015f 0d              549 	.byte	13
00000160 0e              550 	.byte	14
00000161 01              551 	.byte	1
00000162 00              552 	.byte	0
00000163 01              553 	.byte	1
00000164 01              554 	.byte	1
00000165 00              555 	.byte	0
00000166 01              556 	.byte	1
                         557 
00000167 00              558 	.byte	0
                         559 
                         560 .LDW_16fed98:
00000168 13              561 	.byte	19
00000169 43616c696272    562 	.strz	"CalibrSetPressureCAL"
0000016f 536574507265 
00000175 737375726543 
0000017b 414c00 
0000017e 0a              563 	.byte	10
0000017f 06              564 	.byte	6
00000180 01              565 	.byte	1
00000181 00000000*       566 	.word	_CalibrSetPressureCAL
00000185 00000000*       567 	.word	___ghs_eofn_CalibrSetPressureCAL
00000189 0153            568 	.byte	1,83
0000018b 828080800a      569 	.byte	130,128,128,128,10
00000190 08              570 	.byte	8
00000191 03              571 	.byte	3
00000192 08              572 	.byte	8

                                                                      Page 13
                                                              C:\Users\nhuliyap\AppData\Local\Temp\gh_000069c1.s
00000193 00              573 	.byte	0
00000194 00              574 	.byte	0
00000195 00              575 	.byte	0
00000196 01              576 	.byte	1
00000197 01              577 	.byte	1
00000198 00              578 	.byte	0
00000199 01              579 	.byte	1
                         580 
                         581 	.section	.debug_abbrev
00000085 13              582 	.byte	19
00000086 2e              583 	.byte	46
00000087 01              584 	.byte	1
00000088 0308            585 	.byte	3,8
0000008a 3b0f            586 	.byte	59,15
0000008c 390f            587 	.byte	57,15
0000008e 3a0f            588 	.byte	58,15
00000090 1101            589 	.byte	17,1
00000092 1201            590 	.byte	18,1
00000094 400a            591 	.byte	64,10
00000096 8341            592 	.byte	131,65
00000098 0f              593 	.byte	15
00000099 8741            594 	.byte	135,65
0000009b 0d              595 	.byte	13
0000009c 8541            596 	.byte	133,65
0000009e 0f              597 	.byte	15
0000009f 8641            598 	.byte	134,65
000000a1 0d              599 	.byte	13
000000a2 9241            600 	.byte	146,65
000000a4 0f              601 	.byte	15
000000a5 3c0c            602 	.byte	60,12
000000a7 200b            603 	.byte	32,11
000000a9 3f0c            604 	.byte	63,12
000000ab 320b            605 	.byte	50,11
000000ad 4c0b            606 	.byte	76,11
000000af 270c            607 	.byte	39,12
000000b1 0000            608 	.byte	0,0
                         609 
                         610 	.section	.debug_frame
                         611 .LDW_4c405b8:
00000090 00000000*       612 	.word	.LDW_unq_4-.LDW_unq_3
                         613 .LDW_unq_3:
00000094 00000000*       614 	.word	.LDW_4c067f8
00000098 00000000*       615 	.word	_CalibrSetPressureCAL
0000009c 00000000*       616 	.word	___ghs_eofn_CalibrSetPressureCAL-_CalibrSetPressureCAL
000000a0 44              617 	.byte	68
000000a1 9f              618 	.byte	159
000000a2 00              619 	.byte	0
000000a3 40              620 	.byte	64
000000a4 9d              621 	.byte	157
000000a5 04              622 	.byte	4
000000a6 01              623 	.byte	1
000000a7 00000000*       624 	.word	.LDW11
000000ab 00              625 	.byte	0
                         626 .LDW_unq_4:
                         627 	.section	.debug_line
00000302 000502          628 	.byte	0,5,2
00000305 00000000*       629 	.word	_CalibrSetPressureCAL
00000309 03              630 	.byte	3
0000030a 09              631 	.byte	9
0000030b 02              632 	.byte	2
0000030c 00              633 	.byte	0

                                                                      Page 14
                                                              C:\Users\nhuliyap\AppData\Local\Temp\gh_000069c1.s
0000030d 01              634 	.byte	1
0000030e 06              635 	.byte	6
0000030f 1d              636 	.byte	29
00000310 000502          637 	.byte	0,5,2
00000313 00000000*       638 	.word	.LDWlin1
00000317 0b              639 	.byte	11
00000318 000502          640 	.byte	0,5,2
0000031b 00000000*       641 	.word	.LDWlin2
0000031f 0c              642 	.byte	12
00000320 0b              643 	.byte	11
00000321 0b              644 	.byte	11
00000322 1b              645 	.byte	27
00000323 000502          646 	.byte	0,5,2
00000326 00000000*       647 	.word	.LDWlin3
0000032a 03              648 	.byte	3
0000032b 7b              649 	.byte	123
0000032c 02              650 	.byte	2
0000032d 00              651 	.byte	0
0000032e 01              652 	.byte	1
0000032f 03              653 	.byte	3
00000330 07              654 	.byte	7
00000331 02              655 	.byte	2
00000332 00              656 	.byte	0
00000333 01              657 	.byte	1
00000334 02              658 	.byte	2
00000335 00              659 	.byte	0
00000336 0b              660 	.byte	11
00000337 000502          661 	.byte	0,5,2
0000033a 00000000*       662 	.word	.LDWlin4
0000033e 03              663 	.byte	3
0000033f 04              664 	.byte	4
00000340 02              665 	.byte	2
00000341 00              666 	.byte	0
00000342 01              667 	.byte	1
00000343 02              668 	.byte	2
00000344 04              669 	.byte	4
00000345 000101          670 	.byte	0,1,1
                         671 	.section	.debug_info
                         672 .LDW_16b1970:
0000019a 1d              673 	.byte	29
0000019b 00000000*       674 	.word	.LDW01
0000019f 00000000*       675 	.word	.LDW11
                         676 
                         677 	.section	.debug_abbrev
000000b3 1d              678 	.byte	29
000000b4 0b              679 	.byte	11
000000b5 01              680 	.byte	1
000000b6 1101            681 	.byte	17,1
000000b8 1201            682 	.byte	18,1
000000ba 0000            683 	.byte	0,0
                         684 
                         685 	.section	.debug_info
                         686 .LDW_16fee88:
000001a3 04              687 	.byte	4
000001a4 753850726573    688 	.strz	"u8Press"
000001aa 7300 
000001ac 0b              689 	.byte	11
000001ad 0a              690 	.byte	10
000001ae 01              691 	.byte	1
000001af 00000000*       692 	.word	.LDW_16fee30
000001b3 00              693 	.byte	0

                                                                      Page 15
                                                              C:\Users\nhuliyap\AppData\Local\Temp\gh_000069c1.s
000001b4 00              694 	.byte	0
000001b5 016d            695 	.byte	1,109
                         696 
                         697 	.section	.debug_abbrev
000000bc 04              698 	.byte	4
000000bd 34              699 	.byte	52
000000be 00              700 	.byte	0
000000bf 0308            701 	.byte	3,8
000000c1 3b0f            702 	.byte	59,15
000000c3 390f            703 	.byte	57,15
000000c5 3a0f            704 	.byte	58,15
000000c7 4910            705 	.byte	73,16
000000c9 3f0c            706 	.byte	63,12
000000cb 3c0c            707 	.byte	60,12
000000cd 020a            708 	.byte	2,10
000000cf 0000            709 	.byte	0,0
                         710 
                         711 	.section	.debug_info
                         712 .LDW_16feee0:
000001b7 04              713 	.byte	4
000001b8 75384c6f6361    714 	.strz	"u8LocalVarCodPlacardPress"
000001be 6c566172436f 
000001c4 64506c616361 
000001ca 726450726573 
000001d0 7300 
000001d2 0c              715 	.byte	12
000001d3 0a              716 	.byte	10
000001d4 01              717 	.byte	1
000001d5 00000000*       718 	.word	.LDW_16fee30
000001d9 00              719 	.byte	0
000001da 00              720 	.byte	0
000001db 016d            721 	.byte	1,109
                         722 
000001dd 00              723 	.byte	0
                         724 
000001de 00              725 	.byte	0
                         726 
000001df 00              727 	.byte	0
                         728 
                         729 	.section	.debug_line
                         730 .Ldw_line_end:
                         731 	.section	.debug_macinfo
00000000 01              732 	.byte	1
00000001 00              733 	.byte	0
00000002 5f5f6768735f    734 	.strz	"__ghs__ 1"
00000008 5f203100 
0000000c 01              735 	.byte	1
0000000d 00              736 	.byte	0
0000000e 5f5f4c4c4f4e    737 	.strz	"__LLONG_BIT 64"
00000014 475f42495420 
0000001a 363400 
0000001d 03              738 	.byte	3
0000001e 00              739 	.byte	0
0000001f 01              740 	.byte	1
00000020 03              741 	.byte	3
00000021 01              742 	.byte	1
00000022 02              743 	.byte	2
00000023 03              744 	.byte	3
00000024 1c              745 	.byte	28
00000025 03              746 	.byte	3
00000026 01              747 	.byte	1

                                                                      Page 16
                                                              C:\Users\nhuliyap\AppData\Local\Temp\gh_000069c1.s
00000027 3c              748 	.byte	60
00000028 545255452031    749 	.strz	"TRUE 1u"
0000002e 7500 
00000030 01              750 	.byte	1
00000031 40              751 	.byte	64
00000032 46414c534520    752 	.strz	"FALSE 0u"
00000038 307500 
0000003b 04              753 	.byte	4
0000003c 03              754 	.byte	3
0000003d 1d              755 	.byte	29
0000003e 04              756 	.byte	4
0000003f 03              757 	.byte	3
00000040 1b              758 	.byte	27
00000041 05              759 	.byte	5
00000042 03              760 	.byte	3
00000043 54              761 	.byte	84
00000044 06              762 	.byte	6
00000045 04              763 	.byte	4
00000046 04              764 	.byte	4
00000047 04              765 	.byte	4
00000048 04              766 	.byte	4
00000049 03              767 	.byte	3
0000004a 03              768 	.byte	3
0000004b 07              769 	.byte	7
0000004c 03              770 	.byte	3
0000004d 04              771 	.byte	4
0000004e 08              772 	.byte	8
0000004f 03              773 	.byte	3
00000050 04              774 	.byte	4
00000051 09              775 	.byte	9
00000052 04              776 	.byte	4
00000053 01              777 	.byte	1
00000054 0e              778 	.byte	14
00000055 50524f445543    779 	.strz	"PRODUCTION_SW 0x0"
0000005b 54494f4e5f53 
00000061 572030783000 
00000067 01              780 	.byte	1
00000068 0f              781 	.byte	15
00000069 444556454c4f    782 	.strz	"DEVELOPMENT_SW 0x1"
0000006f 504d454e545f 
00000075 535720307831 
0000007b 00 
0000007c 01              783 	.byte	1
0000007d 10              784 	.byte	16
0000007e 53575f434154    785 	.strz	"SW_CATEGORY PRODUCTION_SW"
00000084 45474f525920 
0000008a 50524f445543 
00000090 54494f4e5f53 
00000096 5700 
00000098 04              786 	.byte	4
00000099 01              787 	.byte	1
0000009a 06              788 	.byte	6
0000009b 4d41585f5349    789 	.strz	"MAX_SIZE_WS_TELEGRAM 16U"
000000a1 5a455f57535f 
000000a7 54454c454752 
000000ad 414d20313655 
000000b3 00 
000000b4 01              790 	.byte	1
000000b5 0e              791 	.byte	14
000000b6 4e564d5f424c    792 	.strz	"NVM_BLOCK_TYPE uint32"
000000bc 4f434b5f5459 

                                                                      Page 17
                                                              C:\Users\nhuliyap\AppData\Local\Temp\gh_000069c1.s
000000c2 50452075696e 
000000c8 74333200 
000000cc 04              793 	.byte	4
000000cd 03              794 	.byte	3
000000ce 04              795 	.byte	4
000000cf 0a              796 	.byte	10
000000d0 03              797 	.byte	3
000000d1 06              798 	.byte	6
000000d2 0b              799 	.byte	11
000000d3 04              800 	.byte	4
000000d4 01              801 	.byte	1
000000d5 18              802 	.byte	24
000000d6 53454e534f52    803 	.strz	"SENSOR_AUFLOESUNG_25MBAR "
000000dc 5f4155464c4f 
000000e2 4553554e475f 
000000e8 32354d424152 
000000ee 2000 
000000f0 04              804 	.byte	4
000000f1 03              805 	.byte	3
000000f2 05              806 	.byte	5
000000f3 0c              807 	.byte	12
000000f4 03              808 	.byte	3
000000f5 03              809 	.byte	3
000000f6 0d              810 	.byte	13
000000f7 01              811 	.byte	1
000000f8 7b              812 	.byte	123
000000f9 4650412000      813 	.strz	"FPA "
000000fe 01              814 	.byte	1
000000ff 7c              815 	.byte	124
00000100 4142535f5465    816 	.strz	"ABS_Test_LOG_ENABLE "
00000106 73745f4c4f47 
0000010c 5f454e41424c 
00000112 452000 
00000115 04              817 	.byte	4
00000116 04              818 	.byte	4
00000117 03              819 	.byte	3
00000118 06              820 	.byte	6
00000119 0e              821 	.byte	14
0000011a 04              822 	.byte	4
0000011b 03              823 	.byte	3
0000011c 07              824 	.byte	7
0000011d 0f              825 	.byte	15
0000011e 03              826 	.byte	3
0000011f 06              827 	.byte	6
00000120 10              828 	.byte	16
00000121 03              829 	.byte	3
00000122 05              830 	.byte	5
00000123 11              831 	.byte	17
00000124 04              832 	.byte	4
00000125 04              833 	.byte	4
00000126 04              834 	.byte	4
00000127 03              835 	.byte	3
00000128 08              836 	.byte	8
00000129 12              837 	.byte	18
0000012a 01              838 	.byte	1
0000012b 09              839 	.byte	9
0000012c 634d494e504f    840 	.strz	"cMINPOK 68"
00000132 4b20363800 
00000137 01              841 	.byte	1
00000138 0a              842 	.byte	10
00000139 634d4158504f    843 	.strz	"cMAXPOK 254"

                                                                      Page 18
                                                              C:\Users\nhuliyap\AppData\Local\Temp\gh_000069c1.s
0000013f 4b2032353400 
00000145 04              844 	.byte	4
00000146 04              845 	.byte	4
00000147 00              846 	.byte	0
                         847 	.section	.debug_abbrev
000000d1 00              848 	.byte	0
                         849 	.section	.debug_info
                         850 .Ldw_end:
                         851 .rh850_flags REGMODE32,DATA_ALIGN8,GP_FIX,EP_NONFIX,TP_FIX,REG2_RESERVE,G3K,GHS_MISALIGN,SDA_EXTRA_REGS_0
