                                                                      Page 1
                                                              C:\Users\nhuliyap\AppData\Local\Temp\gh_0000cu41.s
Command Line: C:\ghs\comp_201517\ease850.exe -w -elf -b0 -I../source/common -I../source/ProjectCompiler -I../source/ProjectCfg -I../source/SwcApplTpms -I../source/SwcApplEcuM -I../source/SwcServiceBswM -I../source/SwcServiceEcuM -I../source/SwcServiceNvM -I../source/SwcServiceOs -I../source/SwcServiceStartUp -I../source/McalAdc -I../source/McalDio -I../source/McalGpt -I../source/McalMcu -I../source/McalWdg -I../source/wrappers -I../source/wrappers/McalAta -I../source/McalLin -I../source/McalCan -I../source/wrappers/OS -I../source/McalFls -I../source/EcuabFee -I../source/EcuabMemIf -I../source/wrappers/VStdLib -I../source/wrappers/Crc -I../source/wrappers/FBL_APPL -I../source/wrappers/NVM_MANAGER -I../source/wrappers/DEM_MANAGER -I../source/wrappers/RDC_MANAGER -I../source/wrappers/ENV_MANAGER -I../source/wrappers/SYS_MANAGER -I../source/wrappers/EcuabCanIf -I../source/EcuabCanTrcv -I../source/wrappers/SwcServiceCanSM -I../source/wrappers/SwcServiceCanTp -I../source/wrappers/SwcServiceCanTp_PreCompile -I../source/wrappers/SwcServiceCom -I../source/wrappers/SwcServiceComM -I../source/wrappers/SwcServiceDcm -I../source/wrappers/SwcServicePduR -I../source/wrappers/SwcServiceEcuM -I../source/wrappers/Bfx -I../source/wrappers/SwcServiceDem -I../source/SwcServiceCom -I../source/SwcServiceDet -I../source/SwcServiceFiM -I../source/SwcServicePduR -I../source/SwcServiceSchM -I../source/wrappers/LibAutosarDiag -I../source/wrappers/rba_BswSrv -IC:\ghs\comp_201517\lib\rh850 -cg_underscore -cpu=rh850g3k -no_v850_simd -rh850_fpsimd=none -nomacro -patch_dbo=C:\_ECU2\ECU_Rivian_A1\Target\repo_projects\pRealEcu\cR_LATEST\make\output\objects\CD_DecoderSlim.dbo -source=CD_DecoderSlim.c -o output\objects\gh_0000cu41.o -list=output\list\CD_DecoderSlim.lst C:\Users\nhuliyap\AppData\Local\Temp\gh_0000cu41.s 
Original File: C:\Users\nhuliyap\AppData\Local\Temp\gh_0000cu41.s
Source File: CD_DecoderSlim.c
Directory: C:\_ECU2\ECU_Rivian_A1\Target\repo_projects\pRealEcu\cR_LATEST\make
Host OS: Windows
EASE: Copyright (C) 1983-2015 Green Hills Software.  All Rights Reserved.
Release: Compiler v2015.1.7
Build Directory: [Directory] BTOWORKER6:c:/build_2015_1_bto/2015-10-21.2100-2015_1_bto/win32-comp-ecom
Revision: [VCInfo] http://toolsvc/branches/release-branch-70-bto/src@544153 (built by build)
Revision Date: Thu Oct 22 07:50:13 2015

Release Date: Thu Oct 22 09:32:32 2015

                           1 --Driver Command: ccv850 ../source/SwcApplTpms/CD_DecoderSlim.c -cpu=rh850
                           2 --		-fhard -ignore_callt_state_in_interrupts -large_sda
                           3 --		-misalign_pack -nofarcalls -nofloatio -no_callt -Ogeneral
                           4 --		-Onounroll -prepare_dispose -registermode=32 -reserve_r2 -sda=0
                           5 --		-shorten_loads -Wshadow --brief_diagnostics --no_commons
                           6 --		--no_wrap_diagnostics --prototype_errors --short_enum -list -G
                           7 --		-dual_debug -dwarf -X5523 -lnk=-no_xda_modifications -D
                           8 --		NOT_READY_FOR_TESTING_OR_DEPLOYMENT -D IBTCM_SW_ANPASSUNGEN -D
                           9 --		BUILD_RIVIAN -c -inline_prologue -I../source/common
                          10 --		-I../source/ProjectCompiler -I../source/ProjectCfg
                          11 --		-I../source/SwcApplTpms -I../source/SwcApplEcuM
                          12 --		-I../source/SwcServiceBswM -I../source/SwcServiceEcuM
                          13 --		-I../source/SwcServiceNvM -I../source/SwcServiceOs
                          14 --		-I../source/SwcServiceStartUp -I../source/McalAdc
                          15 --		-I../source/McalDio -I../source/McalGpt -I../source/McalMcu
                          16 --		-I../source/McalWdg -I../source/wrappers
                          17 --		-I../source/wrappers/McalAta -I../source/McalLin
                          18 --		-I../source/McalCan -I../source/wrappers/OS -I../source/McalFls
                          19 --		-I../source/EcuabFee -I../source/EcuabMemIf
                          20 --		-I../source/wrappers/VStdLib -I../source/wrappers
                          21 --		-I../source/wrappers/Crc -I../source/wrappers/FBL_APPL
                          22 --		-I../source/wrappers/NVM_MANAGER -I../source/wrappers/DEM_MANAGER
                          23 --		-I../source/wrappers/RDC_MANAGER -I../source/wrappers/ENV_MANAGER
                          24 --		-I../source/wrappers/SYS_MANAGER -I../source/wrappers/EcuabCanIf
                          25 --		-I../source/EcuabCanTrcv -I../source/wrappers/SwcServiceCanSM
                          26 --		-I../source/wrappers/SwcServiceCanTp
                          27 --		-I../source/wrappers/SwcServiceCanTp_PreCompile
                          28 --		-I../source/wrappers/SwcServiceCom
                          29 --		-I../source/wrappers/SwcServiceComM
                          30 --		-I../source/wrappers/SwcServiceDcm
                          31 --		-I../source/wrappers/SwcServicePduR
                          32 --		-I../source/wrappers/SwcServiceEcuM -I../source/wrappers/Bfx
                          33 --		-I../source/wrappers/SwcServiceDem -I../source/SwcServiceCom
                          34 --		-I../source/SwcServiceDet -I../source/SwcServiceFiM
                          35 --		-I../source/SwcServicePduR -I../source/SwcServiceSchM
                          36 --		-I../source/wrappers/LibAutosarDiag
                          37 --		-I../source/wrappers/rba_BswSrv -object_dir=output/objects
                          38 --		-list_dir=output/list
                          39 --Source File:   ../source/SwcApplTpms/CD_DecoderSlim.c
                          40 --Directory:     
                          41 --		C:\_ECU2\ECU_Rivian_A1\Target\repo_projects\pRealEcu\cR_LATEST\make
                          42 --Compile Date:  Fri Sep 15 14:01:08 2023
                          43 --Host OS:       Win32
                          44 --Version:       C-RH850 2015.1.7 RELEASE VERSION
                          45 --Release:       Compiler v2015.1.7
                          46 --Revision Date: Thu Oct 22 08:06:12 2015
                          47 --Release Date:  Thu Oct 22 09:34:32 2015
                          48 -- ecom  -g -w -OM
                          49 	.text
                          50 ..bof.C.3A.5C_ECU2.5CECU_Rivian_A1.5CTarget.5Crepo_projects.5CpRealEcu.5CcR_LATEST.5Cmake.5Coutput.5Cobjects.5CCD_DecoderSlim...43.3A.5C_ECU2.5CECU_Rivian_A1.5CTarget.5Crepo_projects.5CpRealEcu.5CcR_LATEST.5Cmake..65044784..0::

                                                                      Page 2
                                                              C:\Users\nhuliyap\AppData\Local\Temp\gh_0000cu41.s
                          51 	.align	2
                          52 ..gh.f.f.1.e.0:
                          53 	.type	..gh.f.f.1.e.0,@object
                          54 	.size	..gh.f.f.1.e.0,0
                          55 	.global	_ucGetLen4Cmd
                          56 _ucGetLen4Cmd:
00000000 8600             57 	zxb	r6
                          58 --	    .bf
                          59 .LDW01:
00000002 06067dff         60 	addi	-131,r6,zero
00000006 f10d*            61 	bl	.L74
00000008 e031             62 	cmp	zero,r6
0000000a 921d*            63 	be	.L6
0000000c 6332             64 	cmp	3,r6
0000000e b21d*            65 	be	.L8
00000010 0606e0ff         66 	addi	-32,r6,zero
00000014 c215*            67 	be	.L6
00000016 060680ff         68 	addi	-128,r6,zero
0000001a ba05*            69 	bne	.L10
                          70 --line31
                          71 ..lin.C.3A.5C_ECU2.5CECU_Rivian_A1.5CTarget.5Crepo_projects.5CpRealEcu.5CcR_LATEST.5Cmake.5Coutput.5Cobjects.5CCD_DecoderSlim.1::
                          72 .LDWlin1:
0000001c 0d52             73 	mov	13,r10
0000001e 7f00             74 	jmp	[lp]
                          75 .L10:
                          76 --line34
                          77 ..lin.C.3A.5C_ECU2.5CECU_Rivian_A1.5CTarget.5Crepo_projects.5CpRealEcu.5CcR_LATEST.5Cmake.5Coutput.5Cobjects.5CCD_DecoderSlim.2::
                          78 .LDWlin2:
00000020 0052             79 	mov	0,r10
00000022 7f00             80 	jmp	[lp]
                          81 .L74:
00000024 06067dff         82 	addi	-131,r6,zero
00000028 c20d*            83 	be	.L7
0000002a 060670ff         84 	addi	-144,r6,zero
0000002e f205*            85 	be	.L6
00000030 06065dff         86 	addi	-163,r6,zero
00000034 e205*            87 	be	.L7
00000036 060619ff         88 	addi	-231,r6,zero
0000003a baf5*            89 	bne	.L10
                          90 .L6:
                          91 --line21
                          92 ..lin.C.3A.5C_ECU2.5CECU_Rivian_A1.5CTarget.5Crepo_projects.5CpRealEcu.5CcR_LATEST.5Cmake.5Coutput.5Cobjects.5CCD_DecoderSlim.3::
                          93 .LDWlin3:
0000003c 0752             94 	mov	7,r10
0000003e 7f00             95 	jmp	[lp]
                          96 .L7:
                          97 --line25
                          98 ..lin.C.3A.5C_ECU2.5CECU_Rivian_A1.5CTarget.5Crepo_projects.5CpRealEcu.5CcR_LATEST.5Cmake.5Coutput.5Cobjects.5CCD_DecoderSlim.4::
                          99 .LDWlin4:
00000040 0952            100 	mov	9,r10
00000042 7f00            101 	jmp	[lp]
                         102 .L8:
                         103 --line28
                         104 ..lin.C.3A.5C_ECU2.5CECU_Rivian_A1.5CTarget.5Crepo_projects.5CpRealEcu.5CcR_LATEST.5Cmake.5Coutput.5Cobjects.5CCD_DecoderSlim.5::
                         105 .LDWlin5:
00000044 0a52            106 	mov	10,r10
                         107 --	    .ef
                         108 .LDW11:
00000046 7f00            109 	jmp	[lp]
                         110 	.global	___ghs_eofn_ucGetLen4Cmd
                         111 ___ghs_eofn_ucGetLen4Cmd:

                                                                      Page 3
                                                              C:\Users\nhuliyap\AppData\Local\Temp\gh_0000cu41.s
                         112 	.type	_ucGetLen4Cmd,@function
                         113 	.size	_ucGetLen4Cmd,.-_ucGetLen4Cmd
                         114 	.align	2
                         115 --_u8ReturnValue	r10	local
                         116 
                         117 --_ucCmd	r6	param
                         118 
                         119 	.section ".bss","awb"
                         120 .L72:
                         121 	.type	.L72,@object
                         122 	.size	.L72,0
                         123 	.data
                         124 	.text
                         125 	.align	2
                         126 	.align	2
                         127 	.align	2
                         128 ..gh.f.f.1.e.1:
                         129 	.type	..gh.f.f.1.e.1,@object
                         130 	.size	..gh.f.f.1.e.1,0
                         131 	.global	_ucTelOfInterest
                         132 _ucTelOfInterest:
00000048 8600            133 	zxb	r6
                         134 --	    .bf
                         135 .LDW21:
0000004a 0092            136 	mov	0,r18
                         137 .L245:
0000004c 3e0600000000*   138 	mov	_caucInterestingTelTypes,ep
00000052 d2f1            139 	add	r18,ep
00000054 6088            140 	sld.bu	0[ep],r17
                         141 --line48
                         142 ..lin.C.3A.5C_ECU2.5CECU_Rivian_A1.5CTarget.5Crepo_projects.5CpRealEcu.5CcR_LATEST.5Cmake.5Coutput.5Cobjects.5CCD_DecoderSlim.6::
                         143 .LDWlin6:
00000056 0152            144 	mov	1,r10
00000058 f131            145 	cmp	r17,r6
0000005a e205*           146 	be	.L241
                         147 --line44
                         148 ..lin.C.3A.5C_ECU2.5CECU_Rivian_A1.5CTarget.5Crepo_projects.5CpRealEcu.5CcR_LATEST.5Cmake.5Coutput.5Cobjects.5CCD_DecoderSlim.7::
                         149 .LDWlin7:
0000005c 4192            150 	add	1,r18
0000005e 6892            151 	cmp	8,r18
00000060 e1570000        152 	setfl	r10
00000064 c1f5*           153 	bl	.L245
                         154 .L241:
                         155 --	    .ef
                         156 .LDW31:
                         157 --line44
                         158 ..lin.C.3A.5C_ECU2.5CECU_Rivian_A1.5CTarget.5Crepo_projects.5CpRealEcu.5CcR_LATEST.5Cmake.5Coutput.5Cobjects.5CCD_DecoderSlim.8::
                         159 .LDWlin8:
00000066 7f00            160 	jmp	[lp]
                         161 	.global	___ghs_eofn_ucTelOfInterest
                         162 ___ghs_eofn_ucTelOfInterest:
                         163 	.type	_ucTelOfInterest,@function
                         164 	.size	_ucTelOfInterest,.-_ucTelOfInterest
                         165 	.align	2
                         166 --_i	r18	local
                         167 
                         168 --_ucCurTT	r6	param
                         169 
                         170 	.data
                         171 .L293:
                         172 	.type	.L293,@object

                                                                      Page 4
                                                              C:\Users\nhuliyap\AppData\Local\Temp\gh_0000cu41.s
                         173 	.size	.L293,0
                         174 	.text
                         175 	.align	2
                         176 
                         177 	.data
                         178 	.align	4
                         179 	.global	_caucInterestingTelTypes
00000000 e7              180 _caucInterestingTelTypes:	.byte	231
00000001 00              181 	.space	1
00000002 20a38303        182 	.byte	32,163,131,3
00000006 8090            183 	.byte	128,144
                         184 	.type	_caucInterestingTelTypes,@object
                         185 	.size	_caucInterestingTelTypes,8
                         186 	.ghsnote version,17
                         187 	.ghsnote tools,3
                         188 	.ghsnote options,144
                         189 	.text
                         190 	.align	2
                         191 ..eof.C.3A.5C_ECU2.5CECU_Rivian_A1.5CTarget.5Crepo_projects.5CpRealEcu.5CcR_LATEST.5Cmake.5Coutput.5Cobjects.5CCD_DecoderSlim...43.3A.5C_ECU2.5CECU_Rivian_A1.5CTarget.5Crepo_projects.5CpRealEcu.5CcR_LATEST.5Cmake..65044784..0::
                         192 	.section	.debug_info
                         193 .Ldw_begin:
00000000 de010000        194 	.word	.Ldw_end-.Ldw_begin-4
00000004 0200            195 	.byte	2,0
00000006 00000000*       196 	.word	.Ldw_abbr_begin
0000000a 04              197 	.byte	4
                         198 	.section	.debug_abbrev
                         199 .Ldw_abbr_begin:
                         200 	.section	.debug_info
0000000b 01              201 	.byte	1
0000000c 00000000*       202 	.word	..bof.C.3A.5C_ECU2.5CECU_Rivian_A1.5CTarget.5Crepo_projects.5CpRealEcu.5CcR_LATEST.5Cmake.5Coutput.5Cobjects.5CCD_DecoderSlim...43.3A.5C_ECU2.5CECU_Rivian_A1.5CTarget.5Crepo_projects.5CpRealEcu.5CcR_LATEST.5Cmake..65044784..0
00000010 00000000*       203 	.word	..eof.C.3A.5C_ECU2.5CECU_Rivian_A1.5CTarget.5Crepo_projects.5CpRealEcu.5CcR_LATEST.5Cmake.5Coutput.5Cobjects.5CCD_DecoderSlim...43.3A.5C_ECU2.5CECU_Rivian_A1.5CTarget.5Crepo_projects.5CpRealEcu.5CcR_LATEST.5Cmake..65044784..0
00000014 2e2e2f736f75    204 	.strz	"../source/SwcApplTpms/CD_DecoderSlim.c"
0000001a 7263652f5377 
00000020 634170706c54 
00000026 706d732f4344 
0000002c 5f4465636f64 
00000032 6572536c696d 
00000038 2e6300 
0000003b 433a5c5f4543    205 	.strz	"C:\\_ECU2\\ECU_Rivian_A1\\Target\\repo_projects\\pRealEcu\\cR_LATEST\\make"
00000041 55325c454355 
00000047 5f5269766961 
0000004d 6e5f41315c54 
00000053 61726765745c 
00000059 7265706f5f70 
0000005f 726f6a656374 
00000065 735c70526561 
0000006b 6c4563755c63 
00000071 525f4c415445 
00000077 53545c6d616b 
0000007d 6500 
0000007f 474853204320    206 	.strz	"GHS C 2015.1.7 [dual]"
00000085 323031352e31 
0000008b 2e37205b6475 
00000091 616c5d00 
00000095 0100            207 	.byte	1,0
00000097 00000000*       208 	.word	.Ldw_line_begin
0000009b 00000000*       209 	.word	.Ldw_macinfo_begin
0000009f 00              210 	.byte	0
                         211 
                         212 	.section	.debug_abbrev
00000000 01              213 	.byte	1

                                                                      Page 5
                                                              C:\Users\nhuliyap\AppData\Local\Temp\gh_0000cu41.s
00000001 11              214 	.byte	17
00000002 01              215 	.byte	1
00000003 1101            216 	.byte	17,1
00000005 1201            217 	.byte	18,1
00000007 0308            218 	.byte	3,8
00000009 1b08            219 	.byte	27,8
0000000b 2508            220 	.byte	37,8
0000000d 1305            221 	.byte	19,5
0000000f 1006            222 	.byte	16,6
00000011 4306            223 	.byte	67,6
00000013 420b            224 	.byte	66,11
00000015 0000            225 	.byte	0,0
                         226 
                         227 	.section	.debug_line
                         228 .Ldw_line_begin:
00000000 44020000        229 	.word	.Ldw_line_end-.Ldw_line_begin-4
00000004 0200            230 	.byte	2,0
00000006 00000000*       231 	.word	.Ldw_lpro_end-.Ldw_lpro_begin
                         232 .Ldw_lpro_begin:
0000000a 01              233 	.byte	1
0000000b 00              234 	.byte	0
0000000c 00              235 	.byte	0
0000000d 04              236 	.byte	4
0000000e 0a              237 	.byte	10
0000000f 000101          238 	.byte	0,1,1
00000012 010100          239 	.byte	1,1,0
00000015 000001          240 	.byte	0,0,1
00000018 00              241 	.byte	0
00000019 2e2e2f736f75    242 	.strz	"../source/SwcApplTpms/CD_DecoderSlim.c"
0000001f 7263652f5377 
00000025 634170706c54 
0000002b 706d732f4344 
00000031 5f4465636f64 
00000037 6572536c696d 
0000003d 2e6300 
00000040 000000          243 	.byte	0,0,0
00000043 2e2e2f736f75    244 	.strz	"../source/common/Std_Types.hpp"
00000049 7263652f636f 
0000004f 6d6d6f6e2f53 
00000055 74645f547970 
0000005b 65732e687070 
00000061 00 
00000062 000000          245 	.byte	0,0,0
00000065 2e2e2f736f75    246 	.strz	"../source/common/Platform_Types.hpp"
0000006b 7263652f636f 
00000071 6d6d6f6e2f50 
00000077 6c6174666f72 
0000007d 6d5f54797065 
00000083 732e68707000 
00000089 000000          247 	.byte	0,0,0
0000008c 2e2e2f736f75    248 	.strz	"../source/common/Compiler.hpp"
00000092 7263652f636f 
00000098 6d6d6f6e2f43 
0000009e 6f6d70696c65 
000000a4 722e68707000 
000000aa 000000          249 	.byte	0,0,0
000000ad 2e2e2f736f75    250 	.strz	"../source/ProjectCompiler/Compiler_Cfg.hpp"
000000b3 7263652f5072 
000000b9 6f6a65637443 
000000bf 6f6d70696c65 
000000c5 722f436f6d70 

                                                                      Page 6
                                                              C:\Users\nhuliyap\AppData\Local\Temp\gh_0000cu41.s
000000cb 696c65725f43 
000000d1 66672e687070 
000000d7 00 
000000d8 000000          251 	.byte	0,0,0
000000db 2e2e2f736f75    252 	.strz	"../source/ProjectCompiler/CompilerCfg_SwcServiceOs.hpp"
000000e1 7263652f5072 
000000e7 6f6a65637443 
000000ed 6f6d70696c65 
000000f3 722f436f6d70 
000000f9 696c65724366 
000000ff 675f53776353 
00000105 657276696365 
0000010b 4f732e687070 
00000111 00 
00000112 000000          253 	.byte	0,0,0
00000115 2e2e2f736f75    254 	.strz	"../source/SwcApplTpms/CD_Decoder_X.hpp"
0000011b 7263652f5377 
00000121 634170706c54 
00000127 706d732f4344 
0000012d 5f4465636f64 
00000133 65725f582e68 
00000139 707000 
0000013c 000000          255 	.byte	0,0,0
0000013f 2e2e2f736f75    256 	.strz	"../source/SwcApplTpms/iTPMS_Interface.hpp"
00000145 7263652f5377 
0000014b 634170706c54 
00000151 706d732f6954 
00000157 504d535f496e 
0000015d 746572666163 
00000163 652e68707000 
00000169 000000          257 	.byte	0,0,0
0000016c 2e2e2f736f75    258 	.strz	"../source/SwcApplTpms/Tpms_Rte_Data_Type.hpp"
00000172 7263652f5377 
00000178 634170706c54 
0000017e 706d732f5470 
00000184 6d735f527465 
0000018a 5f446174615f 
00000190 547970652e68 
00000196 707000 
00000199 000000          259 	.byte	0,0,0
0000019c 2e2e2f736f75    260 	.strz	"../source/McalMcu/Types.hpp"
000001a2 7263652f4d63 
000001a8 616c4d63752f 
000001ae 54797065732e 
000001b4 68707000 
000001b8 000000          261 	.byte	0,0,0
000001bb 00              262 	.byte	0
                         263 .Ldw_lpro_end:
                         264 	.section	.debug_macinfo
                         265 .Ldw_macinfo_begin:
                         266 	.section	.debug_frame
                         267 .LDW_4ce9928:
00000000 00000000*       268 	.word	.LDW_unq_2-.LDW_unq_1
                         269 .LDW_unq_1:
00000004 ffffffff        270 	.byte	255,255,255,255
00000008 01              271 	.byte	1
00000009 00              272 	.byte	0
0000000a 01              273 	.byte	1
0000000b 01              274 	.byte	1
0000000c 1f              275 	.byte	31
0000000d 0c              276 	.byte	12

                                                                      Page 7
                                                              C:\Users\nhuliyap\AppData\Local\Temp\gh_0000cu41.s
0000000e 03              277 	.byte	3
0000000f 00              278 	.byte	0
00000010 07              279 	.byte	7
00000011 00              280 	.byte	0
00000012 07              281 	.byte	7
00000013 01              282 	.byte	1
00000014 07              283 	.byte	7
00000015 02              284 	.byte	2
00000016 07              285 	.byte	7
00000017 03              286 	.byte	3
00000018 07              287 	.byte	7
00000019 04              288 	.byte	4
0000001a 07              289 	.byte	7
0000001b 05              290 	.byte	5
0000001c 07              291 	.byte	7
0000001d 06              292 	.byte	6
0000001e 07              293 	.byte	7
0000001f 07              294 	.byte	7
00000020 07              295 	.byte	7
00000021 08              296 	.byte	8
00000022 07              297 	.byte	7
00000023 09              298 	.byte	9
00000024 07              299 	.byte	7
00000025 0a              300 	.byte	10
00000026 07              301 	.byte	7
00000027 0b              302 	.byte	11
00000028 07              303 	.byte	7
00000029 0c              304 	.byte	12
0000002a 07              305 	.byte	7
0000002b 0d              306 	.byte	13
0000002c 07              307 	.byte	7
0000002d 0e              308 	.byte	14
0000002e 07              309 	.byte	7
0000002f 0f              310 	.byte	15
00000030 07              311 	.byte	7
00000031 10              312 	.byte	16
00000032 07              313 	.byte	7
00000033 11              314 	.byte	17
00000034 07              315 	.byte	7
00000035 12              316 	.byte	18
00000036 07              317 	.byte	7
00000037 13              318 	.byte	19
00000038 08              319 	.byte	8
00000039 14              320 	.byte	20
0000003a 08              321 	.byte	8
0000003b 15              322 	.byte	21
0000003c 08              323 	.byte	8
0000003d 16              324 	.byte	22
0000003e 08              325 	.byte	8
0000003f 17              326 	.byte	23
00000040 08              327 	.byte	8
00000041 18              328 	.byte	24
00000042 08              329 	.byte	8
00000043 19              330 	.byte	25
00000044 08              331 	.byte	8
00000045 1a              332 	.byte	26
00000046 08              333 	.byte	8
00000047 1b              334 	.byte	27
00000048 08              335 	.byte	8
00000049 1c              336 	.byte	28
0000004a 08              337 	.byte	8

                                                                      Page 8
                                                              C:\Users\nhuliyap\AppData\Local\Temp\gh_0000cu41.s
0000004b 1d              338 	.byte	29
0000004c 07              339 	.byte	7
0000004d 1e              340 	.byte	30
0000004e 08              341 	.byte	8
0000004f 1f              342 	.byte	31
00000050 07              343 	.byte	7
00000051 20              344 	.byte	32
00000052 07              345 	.byte	7
00000053 21              346 	.byte	33
00000054 07              347 	.byte	7
00000055 22              348 	.byte	34
00000056 07              349 	.byte	7
00000057 23              350 	.byte	35
00000058 07              351 	.byte	7
00000059 24              352 	.byte	36
0000005a 07              353 	.byte	7
0000005b 25              354 	.byte	37
0000005c 07              355 	.byte	7
0000005d 26              356 	.byte	38
0000005e 07              357 	.byte	7
0000005f 27              358 	.byte	39
00000060 07              359 	.byte	7
00000061 28              360 	.byte	40
00000062 07              361 	.byte	7
00000063 29              362 	.byte	41
00000064 07              363 	.byte	7
00000065 2a              364 	.byte	42
00000066 07              365 	.byte	7
00000067 2b              366 	.byte	43
00000068 07              367 	.byte	7
00000069 2c              368 	.byte	44
0000006a 07              369 	.byte	7
0000006b 2d              370 	.byte	45
0000006c 07              371 	.byte	7
0000006d 2e              372 	.byte	46
0000006e 07              373 	.byte	7
0000006f 2f              374 	.byte	47
00000070 07              375 	.byte	7
00000071 30              376 	.byte	48
00000072 07              377 	.byte	7
00000073 31              378 	.byte	49
00000074 07              379 	.byte	7
00000075 32              380 	.byte	50
00000076 07              381 	.byte	7
00000077 33              382 	.byte	51
00000078 07              383 	.byte	7
00000079 34              384 	.byte	52
0000007a 07              385 	.byte	7
0000007b 35              386 	.byte	53
0000007c 07              387 	.byte	7
0000007d 36              388 	.byte	54
0000007e 07              389 	.byte	7
0000007f 37              390 	.byte	55
00000080 07              391 	.byte	7
00000081 38              392 	.byte	56
00000082 07              393 	.byte	7
00000083 39              394 	.byte	57
00000084 07              395 	.byte	7
00000085 3a              396 	.byte	58
00000086 07              397 	.byte	7
00000087 3b              398 	.byte	59

                                                                      Page 9
                                                              C:\Users\nhuliyap\AppData\Local\Temp\gh_0000cu41.s
00000088 07              399 	.byte	7
00000089 3c              400 	.byte	60
0000008a 07              401 	.byte	7
0000008b 3d              402 	.byte	61
0000008c 07              403 	.byte	7
0000008d 3e              404 	.byte	62
0000008e 07              405 	.byte	7
0000008f 3f              406 	.byte	63
                         407 .LDW_unq_2:
                         408 	.section	.debug_info
                         409 .LDW_40d6c40:
000000a0 25              410 	.byte	37
000000a1 756e7369676e    411 	.strz	"unsigned char"
000000a7 656420636861 
000000ad 7200 
000000af 08              412 	.byte	8
000000b0 01              413 	.byte	1
                         414 
                         415 	.section	.debug_abbrev
00000017 25              416 	.byte	37
00000018 24              417 	.byte	36
00000019 00              418 	.byte	0
0000001a 0308            419 	.byte	3,8
0000001c 3e0b            420 	.byte	62,11
0000001e 0b0b            421 	.byte	11,11
00000020 0000            422 	.byte	0,0
                         423 
                         424 	.section	.debug_info
                         425 .LDW_40d6e70:
000000b1 44              426 	.byte	68
000000b2 00000000*       427 	.word	.LDW_40d6c40
000000b6 01              428 	.byte	1
                         429 
                         430 	.section	.debug_abbrev
00000022 44              431 	.byte	68
00000023 15              432 	.byte	21
00000024 01              433 	.byte	1
00000025 4910            434 	.byte	73,16
00000027 270c            435 	.byte	39,12
00000029 0000            436 	.byte	0,0
                         437 
                         438 	.section	.debug_info
                         439 .LDW_40d1760:
000000b7 12              440 	.byte	18
000000b8 00000000*       441 	.word	.LDW_40d6c40
000000bc 00              442 	.byte	0
                         443 
                         444 	.section	.debug_abbrev
0000002b 12              445 	.byte	18
0000002c 05              446 	.byte	5
0000002d 00              447 	.byte	0
0000002e 4910            448 	.byte	73,16
00000030 4b0c            449 	.byte	75,12
00000032 0000            450 	.byte	0,0
                         451 
                         452 	.section	.debug_info
000000bd 00              453 	.byte	0
                         454 
                         455 .LDW_40d70a0:
000000be 44              456 	.byte	68
000000bf 00000000*       457 	.word	.LDW_40d6c40

                                                                      Page 10
                                                              C:\Users\nhuliyap\AppData\Local\Temp\gh_0000cu41.s
000000c3 01              458 	.byte	1
                         459 
                         460 .LDW_40d1610:
000000c4 12              461 	.byte	18
000000c5 00000000*       462 	.word	.LDW_40d6c40
000000c9 00              463 	.byte	0
                         464 
000000ca 00              465 	.byte	0
                         466 
                         467 .LDW_40d6d90:
000000cb 25              468 	.byte	37
000000cc 756e7369676e    469 	.strz	"unsigned int"
000000d2 656420696e74 
000000d8 00 
000000d9 07              470 	.byte	7
000000da 04              471 	.byte	4
                         472 
                         473 .LDW_40d71b8:
000000db 25              474 	.byte	37
000000dc 696e7400        475 	.strz	"int"
000000e0 05              476 	.byte	5
000000e1 04              477 	.byte	4
                         478 
                         479 .LDW_4d15a98:
000000e2 3a              480 	.byte	58
000000e3 00              481 	.byte	0
000000e4 08              482 	.byte	8
000000e5 00000000*       483 	.word	.LDW_40d6c40
                         484 
                         485 	.section	.debug_abbrev
00000034 3a              486 	.byte	58
00000035 01              487 	.byte	1
00000036 01              488 	.byte	1
00000037 090b            489 	.byte	9,11
00000039 0b0f            490 	.byte	11,15
0000003b 4910            491 	.byte	73,16
0000003d 0000            492 	.byte	0,0
                         493 
                         494 	.section	.debug_info
000000e9 32              495 	.byte	50
000000ea 00000000*       496 	.word	.LDW_40d71b8
000000ee 04              497 	.byte	4
000000ef 00              498 	.byte	0
000000f0 07              499 	.byte	7
                         500 
                         501 	.section	.debug_abbrev
0000003f 32              502 	.byte	50
00000040 21              503 	.byte	33
00000041 00              504 	.byte	0
00000042 4910            505 	.byte	73,16
00000044 0b0f            506 	.byte	11,15
00000046 220d            507 	.byte	34,13
00000048 2f0d            508 	.byte	47,13
0000004a 0000            509 	.byte	0,0
                         510 
                         511 	.section	.debug_info
000000f1 00              512 	.byte	0
                         513 
                         514 .LDW_41189c8:
000000f2 28              515 	.byte	40
000000f3 75696e743800    516 	.strz	"uint8"

                                                                      Page 11
                                                              C:\Users\nhuliyap\AppData\Local\Temp\gh_0000cu41.s
000000f9 50              517 	.byte	80
000000fa 4b              518 	.byte	75
000000fb 03              519 	.byte	3
000000fc 00000000*       520 	.word	.LDW_40d6c40
                         521 
                         522 	.section	.debug_abbrev
0000004c 28              523 	.byte	40
0000004d 16              524 	.byte	22
0000004e 00              525 	.byte	0
0000004f 0308            526 	.byte	3,8
00000051 3b0f            527 	.byte	59,15
00000053 390f            528 	.byte	57,15
00000055 3a0f            529 	.byte	58,15
00000057 4910            530 	.byte	73,16
00000059 0000            531 	.byte	0,0
                         532 
                         533 	.section	.debug_info
                         534 .LDW_4d12840:
00000100 04              535 	.byte	4
00000101 63617563496e    536 	.strz	"caucInterestingTelTypes"
00000107 746572657374 
0000010d 696e6754656c 
00000113 547970657300 
00000119 07              537 	.byte	7
0000011a 0f              538 	.byte	15
0000011b 01              539 	.byte	1
0000011c 00000000*       540 	.word	.LDW_4d15a98
00000120 01              541 	.byte	1
00000121 00              542 	.byte	0
00000122 0503            543 	.byte	5,3
00000124 00000000*       544 	.word	_caucInterestingTelTypes
                         545 
                         546 	.section	.debug_abbrev
0000005b 04              547 	.byte	4
0000005c 34              548 	.byte	52
0000005d 00              549 	.byte	0
0000005e 0308            550 	.byte	3,8
00000060 3b0f            551 	.byte	59,15
00000062 390f            552 	.byte	57,15
00000064 3a0f            553 	.byte	58,15
00000066 4910            554 	.byte	73,16
00000068 3f0c            555 	.byte	63,12
0000006a 3c0c            556 	.byte	60,12
0000006c 020a            557 	.byte	2,10
0000006e 0000            558 	.byte	0,0
                         559 
                         560 	.section	.debug_info
                         561 .LDW_41188d8:
00000128 14              562 	.byte	20
00000129 75634765744c    563 	.strz	"ucGetLen4Cmd"
0000012f 656e34436d64 
00000135 00 
00000136 0b              564 	.byte	11
00000137 0f              565 	.byte	15
00000138 01              566 	.byte	1
00000139 00000000*       567 	.word	.LDW_40d6c40
0000013d 00000000*       568 	.word	_ucGetLen4Cmd
00000141 00000000*       569 	.word	___ghs_eofn_ucGetLen4Cmd
00000145 0153            570 	.byte	1,83
00000147 02              571 	.byte	2
00000148 00              572 	.byte	0

                                                                      Page 12
                                                              C:\Users\nhuliyap\AppData\Local\Temp\gh_0000cu41.s
00000149 02              573 	.byte	2
0000014a 00              574 	.byte	0
0000014b 00              575 	.byte	0
0000014c 00              576 	.byte	0
0000014d 00              577 	.byte	0
0000014e 01              578 	.byte	1
0000014f 01              579 	.byte	1
00000150 00              580 	.byte	0
00000151 01              581 	.byte	1
                         582 
                         583 	.section	.debug_abbrev
00000070 14              584 	.byte	20
00000071 2e              585 	.byte	46
00000072 01              586 	.byte	1
00000073 0308            587 	.byte	3,8
00000075 3b0f            588 	.byte	59,15
00000077 390f            589 	.byte	57,15
00000079 3a0f            590 	.byte	58,15
0000007b 4910            591 	.byte	73,16
0000007d 1101            592 	.byte	17,1
0000007f 1201            593 	.byte	18,1
00000081 400a            594 	.byte	64,10
00000083 8341            595 	.byte	131,65
00000085 0f              596 	.byte	15
00000086 8741            597 	.byte	135,65
00000088 0d              598 	.byte	13
00000089 8541            599 	.byte	133,65
0000008b 0f              600 	.byte	15
0000008c 8641            601 	.byte	134,65
0000008e 0d              602 	.byte	13
0000008f 9241            603 	.byte	146,65
00000091 0f              604 	.byte	15
00000092 3c0c            605 	.byte	60,12
00000094 200b            606 	.byte	32,11
00000096 3f0c            607 	.byte	63,12
00000098 320b            608 	.byte	50,11
0000009a 4c0b            609 	.byte	76,11
0000009c 270c            610 	.byte	39,12
0000009e 0000            611 	.byte	0,0
                         612 
                         613 	.section	.debug_frame
                         614 .LDW_4d110b8:
00000090 00000000*       615 	.word	.LDW_unq_4-.LDW_unq_3
                         616 .LDW_unq_3:
00000094 00000000*       617 	.word	.LDW_4ce9928
00000098 00000000*       618 	.word	_ucGetLen4Cmd
0000009c 00000000*       619 	.word	___ghs_eofn_ucGetLen4Cmd-_ucGetLen4Cmd
000000a0 01              620 	.byte	1
000000a1 00000000*       621 	.word	.LDW11
000000a5 00              622 	.byte	0
000000a6 00              623 	.byte	0
000000a7 00              624 	.byte	0
                         625 .LDW_unq_4:
                         626 	.section	.debug_line
000001bc 000502          627 	.byte	0,5,2
000001bf 00000000*       628 	.word	_ucGetLen4Cmd
000001c3 03              629 	.byte	3
000001c4 0b              630 	.byte	11
000001c5 02              631 	.byte	2
000001c6 00              632 	.byte	0
000001c7 01              633 	.byte	1

                                                                      Page 13
                                                              C:\Users\nhuliyap\AppData\Local\Temp\gh_0000cu41.s
000001c8 06              634 	.byte	6
000001c9 15              635 	.byte	21
000001ca 000502          636 	.byte	0,5,2
000001cd 00000000*       637 	.word	.LDWlin1
000001d1 03              638 	.byte	3
000001d2 10              639 	.byte	16
000001d3 02              640 	.byte	2
000001d4 00              641 	.byte	0
000001d5 01              642 	.byte	1
000001d6 13              643 	.byte	19
000001d7 000502          644 	.byte	0,5,2
000001da 00000000*       645 	.word	.LDWlin2
000001de 0b              646 	.byte	11
000001df 0b              647 	.byte	11
000001e0 13              648 	.byte	19
000001e1 0b              649 	.byte	11
000001e2 0b              650 	.byte	11
000001e3 000502          651 	.byte	0,5,2
000001e6 00000000*       652 	.word	.LDWlin3
000001ea 03              653 	.byte	3
000001eb 70              654 	.byte	112
000001ec 02              655 	.byte	2
000001ed 00              656 	.byte	0
000001ee 01              657 	.byte	1
000001ef 13              658 	.byte	19
000001f0 000502          659 	.byte	0,5,2
000001f3 00000000*       660 	.word	.LDWlin4
000001f7 0d              661 	.byte	13
000001f8 13              662 	.byte	19
000001f9 000502          663 	.byte	0,5,2
000001fc 00000000*       664 	.word	.LDWlin5
00000200 0c              665 	.byte	12
00000201 13              666 	.byte	19
00000202 06              667 	.byte	6
00000203 02              668 	.byte	2
00000204 00              669 	.byte	0
00000205 02              670 	.byte	2
00000206 02              671 	.byte	2
00000207 000101          672 	.byte	0,1,1
                         673 	.section	.debug_info
                         674 .LDW_4118970:
00000152 0f              675 	.byte	15
00000153 7563436d6400    676 	.strz	"ucCmd"
00000159 0b              677 	.byte	11
0000015a 2a              678 	.byte	42
0000015b 01              679 	.byte	1
0000015c 00000000*       680 	.word	.LDW_40d6c40
00000160 00              681 	.byte	0
00000161 0156            682 	.byte	1,86
                         683 
                         684 	.section	.debug_abbrev
000000a0 0f              685 	.byte	15
000000a1 05              686 	.byte	5
000000a2 00              687 	.byte	0
000000a3 0308            688 	.byte	3,8
000000a5 3b0f            689 	.byte	59,15
000000a7 390f            690 	.byte	57,15
000000a9 3a0f            691 	.byte	58,15
000000ab 4910            692 	.byte	73,16
000000ad 4b0c            693 	.byte	75,12
000000af 020a            694 	.byte	2,10

                                                                      Page 14
                                                              C:\Users\nhuliyap\AppData\Local\Temp\gh_0000cu41.s
000000b1 0000            695 	.byte	0,0
                         696 
                         697 	.section	.debug_info
                         698 .LDW_40d1850:
00000163 1d              699 	.byte	29
00000164 00000000*       700 	.word	.LDW01
00000168 00000000*       701 	.word	.LDW11
                         702 
                         703 	.section	.debug_abbrev
000000b3 1d              704 	.byte	29
000000b4 0b              705 	.byte	11
000000b5 01              706 	.byte	1
000000b6 1101            707 	.byte	17,1
000000b8 1201            708 	.byte	18,1
000000ba 0000            709 	.byte	0,0
                         710 
                         711 	.section	.debug_info
                         712 .LDW_4118a20:
0000016c 04              713 	.byte	4
0000016d 753852657475    714 	.strz	"u8ReturnValue"
00000173 726e56616c75 
00000179 6500 
0000017b 0d              715 	.byte	13
0000017c 0a              716 	.byte	10
0000017d 01              717 	.byte	1
0000017e 00000000*       718 	.word	.LDW_41189c8
00000182 00              719 	.byte	0
00000183 00              720 	.byte	0
00000184 015a            721 	.byte	1,90
                         722 
00000186 00              723 	.byte	0
                         724 
00000187 00              725 	.byte	0
                         726 
                         727 .LDW_4118a78:
00000188 14              728 	.byte	20
00000189 756354656c4f    729 	.strz	"ucTelOfInterest"
0000018f 66496e746572 
00000195 65737400 
00000199 28              730 	.byte	40
0000019a 0f              731 	.byte	15
0000019b 01              732 	.byte	1
0000019c 00000000*       733 	.word	.LDW_40d6c40
000001a0 00000000*       734 	.word	_ucTelOfInterest
000001a4 00000000*       735 	.word	___ghs_eofn_ucTelOfInterest
000001a8 0153            736 	.byte	1,83
000001aa 02              737 	.byte	2
000001ab 00              738 	.byte	0
000001ac 02              739 	.byte	2
000001ad 00              740 	.byte	0
000001ae 00              741 	.byte	0
000001af 00              742 	.byte	0
000001b0 00              743 	.byte	0
000001b1 01              744 	.byte	1
000001b2 01              745 	.byte	1
000001b3 00              746 	.byte	0
000001b4 01              747 	.byte	1
                         748 
                         749 	.section	.debug_frame
                         750 .LDW_4d10db8:
000000a8 00000000*       751 	.word	.LDW_unq_6-.LDW_unq_5

                                                                      Page 15
                                                              C:\Users\nhuliyap\AppData\Local\Temp\gh_0000cu41.s
                         752 .LDW_unq_5:
000000ac 00000000*       753 	.word	.LDW_4ce9928
000000b0 00000000*       754 	.word	_ucTelOfInterest
000000b4 00000000*       755 	.word	___ghs_eofn_ucTelOfInterest-_ucTelOfInterest
000000b8 01              756 	.byte	1
000000b9 00000000*       757 	.word	.LDW31
000000bd 00              758 	.byte	0
000000be 00              759 	.byte	0
000000bf 00              760 	.byte	0
                         761 .LDW_unq_6:
                         762 	.section	.debug_line
0000020a 000502          763 	.byte	0,5,2
0000020d 00000000*       764 	.word	_ucTelOfInterest
00000211 03              765 	.byte	3
00000212 28              766 	.byte	40
00000213 02              767 	.byte	2
00000214 00              768 	.byte	0
00000215 01              769 	.byte	1
00000216 06              770 	.byte	6
00000217 15              771 	.byte	21
00000218 02              772 	.byte	2
00000219 02              773 	.byte	2
0000021a 0c              774 	.byte	12
0000021b 000502          775 	.byte	0,5,2
0000021e 00000000*       776 	.word	.LDWlin6
00000222 0b              777 	.byte	11
00000223 0b              778 	.byte	11
00000224 000502          779 	.byte	0,5,2
00000227 00000000*       780 	.word	.LDWlin7
0000022b 0b              781 	.byte	11
0000022c 02              782 	.byte	2
0000022d 00              783 	.byte	0
0000022e 03              784 	.byte	3
0000022f 7b              785 	.byte	123
00000230 02              786 	.byte	2
00000231 00              787 	.byte	0
00000232 01              788 	.byte	1
00000233 03              789 	.byte	3
00000234 06              790 	.byte	6
00000235 02              791 	.byte	2
00000236 04              792 	.byte	4
00000237 01              793 	.byte	1
00000238 0c              794 	.byte	12
00000239 06              795 	.byte	6
0000023a 000502          796 	.byte	0,5,2
0000023d 00000000*       797 	.word	.LDWlin8
00000241 02              798 	.byte	2
00000242 00              799 	.byte	0
00000243 02              800 	.byte	2
00000244 02              801 	.byte	2
00000245 000101          802 	.byte	0,1,1
                         803 	.section	.debug_info
                         804 .LDW_4118b10:
000001b5 0f              805 	.byte	15
000001b6 756343757254    806 	.strz	"ucCurTT"
000001bc 5400 
000001be 28              807 	.byte	40
000001bf 2d              808 	.byte	45
000001c0 01              809 	.byte	1
000001c1 00000000*       810 	.word	.LDW_40d6c40
000001c5 00              811 	.byte	0

                                                                      Page 16
                                                              C:\Users\nhuliyap\AppData\Local\Temp\gh_0000cu41.s
000001c6 0156            812 	.byte	1,86
                         813 
                         814 .LDW_40d16a0:
000001c8 1d              815 	.byte	29
000001c9 00000000*       816 	.word	.LDW21
000001cd 00000000*       817 	.word	.LDW31
                         818 
                         819 .LDW_4118b68:
000001d1 04              820 	.byte	4
000001d2 6900            821 	.strz	"i"
000001d4 2a              822 	.byte	42
000001d5 11              823 	.byte	17
000001d6 01              824 	.byte	1
000001d7 00000000*       825 	.word	.LDW_40d6c40
000001db 00              826 	.byte	0
000001dc 00              827 	.byte	0
000001dd 0162            828 	.byte	1,98
                         829 
000001df 00              830 	.byte	0
                         831 
000001e0 00              832 	.byte	0
                         833 
000001e1 00              834 	.byte	0
                         835 
                         836 	.section	.debug_line
                         837 .Ldw_line_end:
                         838 	.section	.debug_macinfo
00000000 01              839 	.byte	1
00000001 00              840 	.byte	0
00000002 5f5f6768735f    841 	.strz	"__ghs__ 1"
00000008 5f203100 
0000000c 01              842 	.byte	1
0000000d 00              843 	.byte	0
0000000e 5f5f4c4c4f4e    844 	.strz	"__LLONG_BIT 64"
00000014 475f42495420 
0000001a 363400 
0000001d 03              845 	.byte	3
0000001e 00              846 	.byte	0
0000001f 01              847 	.byte	1
00000020 03              848 	.byte	3
00000021 03              849 	.byte	3
00000022 02              850 	.byte	2
00000023 03              851 	.byte	3
00000024 1c              852 	.byte	28
00000025 03              853 	.byte	3
00000026 01              854 	.byte	1
00000027 3c              855 	.byte	60
00000028 545255452031    856 	.strz	"TRUE 1u"
0000002e 7500 
00000030 01              857 	.byte	1
00000031 40              858 	.byte	64
00000032 46414c534520    859 	.strz	"FALSE 0u"
00000038 307500 
0000003b 04              860 	.byte	4
0000003c 03              861 	.byte	3
0000003d 1d              862 	.byte	29
0000003e 04              863 	.byte	4
0000003f 03              864 	.byte	3
00000040 1b              865 	.byte	27
00000041 05              866 	.byte	5
00000042 03              867 	.byte	3

                                                                      Page 17
                                                              C:\Users\nhuliyap\AppData\Local\Temp\gh_0000cu41.s
00000043 54              868 	.byte	84
00000044 06              869 	.byte	6
00000045 04              870 	.byte	4
00000046 04              871 	.byte	4
00000047 04              872 	.byte	4
00000048 04              873 	.byte	4
00000049 03              874 	.byte	3
0000004a 05              875 	.byte	5
0000004b 07              876 	.byte	7
0000004c 03              877 	.byte	3
0000004d 04              878 	.byte	4
0000004e 08              879 	.byte	8
0000004f 03              880 	.byte	3
00000050 04              881 	.byte	4
00000051 09              882 	.byte	9
00000052 03              883 	.byte	3
00000053 04              884 	.byte	4
00000054 0a              885 	.byte	10
00000055 04              886 	.byte	4
00000056 01              887 	.byte	1
00000057 0e              888 	.byte	14
00000058 50524f445543    889 	.strz	"PRODUCTION_SW 0x0"
0000005e 54494f4e5f53 
00000064 572030783000 
0000006a 01              890 	.byte	1
0000006b 0f              891 	.byte	15
0000006c 444556454c4f    892 	.strz	"DEVELOPMENT_SW 0x1"
00000072 504d454e545f 
00000078 535720307831 
0000007e 00 
0000007f 01              893 	.byte	1
00000080 10              894 	.byte	16
00000081 53575f434154    895 	.strz	"SW_CATEGORY PRODUCTION_SW"
00000087 45474f525920 
0000008d 50524f445543 
00000093 54494f4e5f53 
00000099 5700 
0000009b 04              896 	.byte	4
0000009c 01              897 	.byte	1
0000009d 06              898 	.byte	6
0000009e 4d41585f5349    899 	.strz	"MAX_SIZE_WS_TELEGRAM 16U"
000000a4 5a455f57535f 
000000aa 54454c454752 
000000b0 414d20313655 
000000b6 00 
000000b7 01              900 	.byte	1
000000b8 0e              901 	.byte	14
000000b9 4e564d5f424c    902 	.strz	"NVM_BLOCK_TYPE uint32"
000000bf 4f434b5f5459 
000000c5 50452075696e 
000000cb 74333200 
000000cf 04              903 	.byte	4
000000d0 01              904 	.byte	1
000000d1 06              905 	.byte	6
000000d2 6354656c5479    906 	.strz	"cTelTypeAK35def 0U"
000000d8 7065414b3335 
000000de 646566203055 
000000e4 00 
000000e5 01              907 	.byte	1
000000e6 07              908 	.byte	7
000000e7 6354656c5479    909 	.strz	"cTelTypeStandstill 0x90U"

                                                                      Page 18
                                                              C:\Users\nhuliyap\AppData\Local\Temp\gh_0000cu41.s
000000ed 70655374616e 
000000f3 647374696c6c 
000000f9 203078393055 
000000ff 00 
00000100 01              910 	.byte	1
00000101 08              911 	.byte	8
00000102 6354656c5479    912 	.strz	"cTelTypeHufStatusLearn 0xA3U"
00000108 706548756653 
0000010e 74617475734c 
00000114 6561726e2030 
0000011a 7841335500 
0000011f 01              913 	.byte	1
00000120 09              914 	.byte	9
00000121 6354656c5479    915 	.strz	"cTelTypeHufStatus 0x83U"
00000127 706548756653 
0000012d 746174757320 
00000133 307838335500 
00000139 01              916 	.byte	1
0000013a 0a              917 	.byte	10
0000013b 6354656c5479    918 	.strz	"cTelTypeRotatS 0xE7U"
00000141 7065526f7461 
00000147 745320307845 
0000014d 375500 
00000150 01              919 	.byte	1
00000151 0b              920 	.byte	11
00000152 6354656c5479    921 	.strz	"cTelTypeAK35defLMA 0x20U"
00000158 7065414b3335 
0000015e 6465664c4d41 
00000164 203078323055 
0000016a 00 
0000016b 01              922 	.byte	1
0000016c 0c              923 	.byte	12
0000016d 6354656c5479    924 	.strz	"cTelTypeSchraderFP 0x80U"
00000173 706553636872 
00000179 616465724650 
0000017f 203078383055 
00000185 00 
00000186 01              925 	.byte	1
00000187 0e              926 	.byte	14
00000188 6354656c5479    927 	.strz	"cTelTypeHufLfResponse 0x03U"
0000018e 70654875664c 
00000194 66526573706f 
0000019a 6e7365203078 
000001a0 30335500 
000001a4 01              928 	.byte	1
000001a5 0f              929 	.byte	15
000001a6 634d6178414b    930 	.strz	"cMaxAK35DataBytes 14U"
000001ac 333544617461 
000001b2 427974657320 
000001b8 31345500 
000001bc 01              931 	.byte	1
000001bd 8001            932 	.byte	128,1
000001bf 635365726965    933 	.strz	"cSeriesTelsOfInterest {cTelTypeRotatS, cTelTypeAK35def, cTelTypeAK35defLMA, cTelTypeHufStatusLearn, cTelTypeHufStatus, cTelTypeHufLfResponse, cTelTypeSchraderFP, cTelTypeStandstill}"
000001c5 7354656c734f 
000001cb 66496e746572 
000001d1 657374207b63 
000001d7 54656c547970 
000001dd 65526f746174 
000001e3 532c20635465 
000001e9 6c5479706541 
000001ef 4b3335646566 

                                                                      Page 19
                                                              C:\Users\nhuliyap\AppData\Local\Temp\gh_0000cu41.s
000001f5 2c206354656c 
000001fb 54797065414b 
00000201 33356465664c 
00000207 4d412c206354 
0000020d 656c54797065 
00000213 487566537461 
00000219 7475734c6561 
0000021f 726e2c206354 
00000225 656c54797065 
0000022b 487566537461 
00000231 7475732c2063 
00000237 54656c547970 
0000023d 654875664c66 
00000243 526573706f6e 
00000249 73652c206354 
0000024f 656c54797065 
00000255 536368726164 
0000025b 657246502c20 
00000261 6354656c5479 
00000267 70655374616e 
0000026d 647374696c6c 
00000273 7d00 
00000275 04              934 	.byte	4
00000276 04              935 	.byte	4
00000277 00              936 	.byte	0
                         937 	.section	.debug_abbrev
000000bc 00              938 	.byte	0
                         939 	.section	.debug_info
                         940 .Ldw_end:
                         941 .rh850_flags REGMODE32,DATA_ALIGN8,GP_FIX,EP_NONFIX,TP_FIX,REG2_RESERVE,G3K,GHS_MISALIGN,SDA_EXTRA_REGS_0
