                                                                      Page 1
                                                              C:\Users\nhuliyap\AppData\Local\Temp\gh_0000aqk1.s
Command Line: C:\ghs\comp_201517\ease850.exe -w -elf -b0 -I../source/common -I../source/ProjectCompiler -I../source/ProjectCfg -I../source/SwcApplTpms -I../source/SwcApplEcuM -I../source/SwcServiceBswM -I../source/SwcServiceEcuM -I../source/SwcServiceNvM -I../source/SwcServiceOs -I../source/SwcServiceStartUp -I../source/McalAdc -I../source/McalDio -I../source/McalGpt -I../source/McalMcu -I../source/McalWdg -I../source/wrappers -I../source/wrappers/McalAta -I../source/McalLin -I../source/McalCan -I../source/wrappers/OS -I../source/McalFls -I../source/EcuabFee -I../source/EcuabMemIf -I../source/wrappers/VStdLib -I../source/wrappers/Crc -I../source/wrappers/FBL_APPL -I../source/wrappers/NVM_MANAGER -I../source/wrappers/DEM_MANAGER -I../source/wrappers/RDC_MANAGER -I../source/wrappers/ENV_MANAGER -I../source/wrappers/SYS_MANAGER -I../source/wrappers/EcuabCanIf -I../source/EcuabCanTrcv -I../source/wrappers/SwcServiceCanSM -I../source/wrappers/SwcServiceCanTp -I../source/wrappers/SwcServiceCanTp_PreCompile -I../source/wrappers/SwcServiceCom -I../source/wrappers/SwcServiceComM -I../source/wrappers/SwcServiceDcm -I../source/wrappers/SwcServicePduR -I../source/wrappers/SwcServiceEcuM -I../source/wrappers/Bfx -I../source/wrappers/SwcServiceDem -I../source/SwcServiceCom -I../source/SwcServiceDet -I../source/SwcServiceFiM -I../source/SwcServicePduR -I../source/SwcServiceSchM -I../source/wrappers/LibAutosarDiag -I../source/wrappers/rba_BswSrv -IC:\ghs\comp_201517\lib\rh850 -cg_underscore -cpu=rh850g3k -no_v850_simd -rh850_fpsimd=none -nomacro -patch_dbo=C:\_ECU2\ECU_Rivian_A1\Target\repo_projects\pRealEcu\cR_LATEST\make\output\objects\eeiface.dbo -source=eeiface.c -o output\objects\gh_0000aqk1.o -list=output\list\eeiface.lst C:\Users\nhuliyap\AppData\Local\Temp\gh_0000aqk1.s 
Original File: C:\Users\nhuliyap\AppData\Local\Temp\gh_0000aqk1.s
Source File: eeiface.c
Directory: C:\_ECU2\ECU_Rivian_A1\Target\repo_projects\pRealEcu\cR_LATEST\make
Host OS: Windows
EASE: Copyright (C) 1983-2015 Green Hills Software.  All Rights Reserved.
Release: Compiler v2015.1.7
Build Directory: [Directory] BTOWORKER6:c:/build_2015_1_bto/2015-10-21.2100-2015_1_bto/win32-comp-ecom
Revision: [VCInfo] http://toolsvc/branches/release-branch-70-bto/src@544153 (built by build)
Revision Date: Thu Oct 22 07:50:13 2015

Release Date: Thu Oct 22 09:32:32 2015

                           1 --Driver Command: ccv850 ../source/SwcApplTpms/eeiface.c -cpu=rh850 -fhard
                           2 --		-ignore_callt_state_in_interrupts -large_sda -misalign_pack
                           3 --		-nofarcalls -nofloatio -no_callt -Ogeneral -Onounroll
                           4 --		-prepare_dispose -registermode=32 -reserve_r2 -sda=0
                           5 --		-shorten_loads -Wshadow --brief_diagnostics --no_commons
                           6 --		--no_wrap_diagnostics --prototype_errors --short_enum -list -G
                           7 --		-dual_debug -dwarf -X5523 -lnk=-no_xda_modifications -D
                           8 --		NOT_READY_FOR_TESTING_OR_DEPLOYMENT -D IBTCM_SW_ANPASSUNGEN -D
                           9 --		BUILD_RIVIAN -c -inline_prologue -I../source/common
                          10 --		-I../source/ProjectCompiler -I../source/ProjectCfg
                          11 --		-I../source/SwcApplTpms -I../source/SwcApplEcuM
                          12 --		-I../source/SwcServiceBswM -I../source/SwcServiceEcuM
                          13 --		-I../source/SwcServiceNvM -I../source/SwcServiceOs
                          14 --		-I../source/SwcServiceStartUp -I../source/McalAdc
                          15 --		-I../source/McalDio -I../source/McalGpt -I../source/McalMcu
                          16 --		-I../source/McalWdg -I../source/wrappers
                          17 --		-I../source/wrappers/McalAta -I../source/McalLin
                          18 --		-I../source/McalCan -I../source/wrappers/OS -I../source/McalFls
                          19 --		-I../source/EcuabFee -I../source/EcuabMemIf
                          20 --		-I../source/wrappers/VStdLib -I../source/wrappers
                          21 --		-I../source/wrappers/Crc -I../source/wrappers/FBL_APPL
                          22 --		-I../source/wrappers/NVM_MANAGER -I../source/wrappers/DEM_MANAGER
                          23 --		-I../source/wrappers/RDC_MANAGER -I../source/wrappers/ENV_MANAGER
                          24 --		-I../source/wrappers/SYS_MANAGER -I../source/wrappers/EcuabCanIf
                          25 --		-I../source/EcuabCanTrcv -I../source/wrappers/SwcServiceCanSM
                          26 --		-I../source/wrappers/SwcServiceCanTp
                          27 --		-I../source/wrappers/SwcServiceCanTp_PreCompile
                          28 --		-I../source/wrappers/SwcServiceCom
                          29 --		-I../source/wrappers/SwcServiceComM
                          30 --		-I../source/wrappers/SwcServiceDcm
                          31 --		-I../source/wrappers/SwcServicePduR
                          32 --		-I../source/wrappers/SwcServiceEcuM -I../source/wrappers/Bfx
                          33 --		-I../source/wrappers/SwcServiceDem -I../source/SwcServiceCom
                          34 --		-I../source/SwcServiceDet -I../source/SwcServiceFiM
                          35 --		-I../source/SwcServicePduR -I../source/SwcServiceSchM
                          36 --		-I../source/wrappers/LibAutosarDiag
                          37 --		-I../source/wrappers/rba_BswSrv -object_dir=output/objects
                          38 --		-list_dir=output/list
                          39 --Source File:   ../source/SwcApplTpms/eeiface.c
                          40 --Directory:     
                          41 --		C:\_ECU2\ECU_Rivian_A1\Target\repo_projects\pRealEcu\cR_LATEST\make
                          42 --Compile Date:  Fri Sep 15 14:07:24 2023
                          43 --Host OS:       Win32
                          44 --Version:       C-RH850 2015.1.7 RELEASE VERSION
                          45 --Release:       Compiler v2015.1.7
                          46 --Revision Date: Thu Oct 22 08:06:12 2015
                          47 --Release Date:  Thu Oct 22 09:34:32 2015
                          48 -- ecom  -g -w -OM
                          49 	.text
                          50 ..bof.C.3A.5C_ECU2.5CECU_Rivian_A1.5CTarget.5Crepo_projects.5CpRealEcu.5CcR_LATEST.5Cmake.5Coutput.5Cobjects.5Ceeiface...43.3A.5C_ECU2.5CECU_Rivian_A1.5CTarget.5Crepo_projects.5CpRealEcu.5CcR_LATEST.5Cmake..650448FC..0::

                                                                      Page 2
                                                              C:\Users\nhuliyap\AppData\Local\Temp\gh_0000aqk1.s
                          51 	.align	2
                          52 ..gh.f.f.1.e.0:
                          53 	.type	..gh.f.f.1.e.0,@object
                          54 	.size	..gh.f.f.1.e.0,0
                          55 	.global	_GetDataEE
                          56 _GetDataEE:
00000000 8600             57 	zxb	r6
00000002 0740             58 	mov	r7,r8
                          59 --	    .bf
                          60 .LDW01:
00000004 063effff         61 	addi	-1,r6,r7
00000008 663a             62 	cmp	6,r7
0000000a d905*            63 	bnl	.L2
                          64 --line13
                          65 ..lin.C.3A.5C_ECU2.5CECU_Rivian_A1.5CTarget.5Crepo_projects.5CpRealEcu.5CcR_LATEST.5Cmake.5Coutput.5Cobjects.5Ceeiface.1::
                          66 .LDWlin1:
0000000c 0638             67 	mov	r6,r7
0000000e 0132             68 	mov	1,r6
00000010 80070000*        69 	jr	_ReadBlock2Member
                          70 .L2:
                          71 --	    .ef
                          72 .LDW11:
                          73 --line18
                          74 ..lin.C.3A.5C_ECU2.5CECU_Rivian_A1.5CTarget.5Crepo_projects.5CpRealEcu.5CcR_LATEST.5Cmake.5Coutput.5Cobjects.5Ceeiface.2::
                          75 .LDWlin2:
00000014 7f00             76 	jmp	[lp]
                          77 	.global	___ghs_eofn_GetDataEE
                          78 ___ghs_eofn_GetDataEE:
                          79 	.type	_GetDataEE,@function
                          80 	.size	_GetDataEE,.-_GetDataEE
                          81 	.align	2
                          82 
                          83 --_ucId	r6	param
                          84 --_pRamAdr	r8	param
                          85 
                          86 	.section ".bss","awb"
                          87 .L44:
                          88 	.type	.L44,@object
                          89 	.size	.L44,0
                          90 	.data
                          91 	.text
                          92 	.align	2
                          93 	.align	2
                          94 ..gh.f.f.1.e.1:
                          95 	.type	..gh.f.f.1.e.1,@object
                          96 	.size	..gh.f.f.1.e.1,0
                          97 	.global	_PutDataEE
                          98 _PutDataEE:
00000016 8600             99 	zxb	r6
00000018 0740            100 	mov	r7,r8
                         101 --	    .bf
                         102 .LDW21:
0000001a 063effff        103 	addi	-1,r6,r7
0000001e 663a            104 	cmp	6,r7
00000020 d905*           105 	bnl	.L80
                         106 --line24
                         107 ..lin.C.3A.5C_ECU2.5CECU_Rivian_A1.5CTarget.5Crepo_projects.5CpRealEcu.5CcR_LATEST.5Cmake.5Coutput.5Cobjects.5Ceeiface.3::
                         108 .LDWlin3:
00000022 0638            109 	mov	r6,r7
00000024 0132            110 	mov	1,r6
00000026 80070000*       111 	jr	_WriteMember2Blocks

                                                                      Page 3
                                                              C:\Users\nhuliyap\AppData\Local\Temp\gh_0000aqk1.s
                         112 .L80:
                         113 --	    .ef
                         114 .LDW31:
                         115 --line29
                         116 ..lin.C.3A.5C_ECU2.5CECU_Rivian_A1.5CTarget.5Crepo_projects.5CpRealEcu.5CcR_LATEST.5Cmake.5Coutput.5Cobjects.5Ceeiface.4::
                         117 .LDWlin4:
0000002a 7f00            118 	jmp	[lp]
                         119 	.global	___ghs_eofn_PutDataEE
                         120 ___ghs_eofn_PutDataEE:
                         121 	.type	_PutDataEE,@function
                         122 	.size	_PutDataEE,.-_PutDataEE
                         123 	.align	2
                         124 
                         125 --_ucId	r6	param
                         126 --_pRamAdr	r8	param
                         127 
                         128 	.section ".bss","awb"
                         129 .L124:
                         130 	.type	.L124,@object
                         131 	.size	.L124,0
                         132 	.data
                         133 	.text
                         134 	.align	2
                         135 
                         136 	.data
                         137 	.ghsnote version,17
                         138 	.ghsnote tools,3
                         139 	.ghsnote options,144
                         140 	.text
                         141 	.align	2
                         142 ..eof.C.3A.5C_ECU2.5CECU_Rivian_A1.5CTarget.5Crepo_projects.5CpRealEcu.5CcR_LATEST.5Cmake.5Coutput.5Cobjects.5Ceeiface...43.3A.5C_ECU2.5CECU_Rivian_A1.5CTarget.5Crepo_projects.5CpRealEcu.5CcR_LATEST.5Cmake..650448FC..0::
                         143 	.section	.debug_info
                         144 .Ldw_begin:
00000000 f6010000        145 	.word	.Ldw_end-.Ldw_begin-4
00000004 0200            146 	.byte	2,0
00000006 00000000*       147 	.word	.Ldw_abbr_begin
0000000a 04              148 	.byte	4
                         149 	.section	.debug_abbrev
                         150 .Ldw_abbr_begin:
                         151 	.section	.debug_info
0000000b 01              152 	.byte	1
0000000c 00000000*       153 	.word	..bof.C.3A.5C_ECU2.5CECU_Rivian_A1.5CTarget.5Crepo_projects.5CpRealEcu.5CcR_LATEST.5Cmake.5Coutput.5Cobjects.5Ceeiface...43.3A.5C_ECU2.5CECU_Rivian_A1.5CTarget.5Crepo_projects.5CpRealEcu.5CcR_LATEST.5Cmake..650448FC..0
00000010 00000000*       154 	.word	..eof.C.3A.5C_ECU2.5CECU_Rivian_A1.5CTarget.5Crepo_projects.5CpRealEcu.5CcR_LATEST.5Cmake.5Coutput.5Cobjects.5Ceeiface...43.3A.5C_ECU2.5CECU_Rivian_A1.5CTarget.5Crepo_projects.5CpRealEcu.5CcR_LATEST.5Cmake..650448FC..0
00000014 2e2e2f736f75    155 	.strz	"../source/SwcApplTpms/eeiface.c"
0000001a 7263652f5377 
00000020 634170706c54 
00000026 706d732f6565 
0000002c 69666163652e 
00000032 6300 
00000034 433a5c5f4543    156 	.strz	"C:\\_ECU2\\ECU_Rivian_A1\\Target\\repo_projects\\pRealEcu\\cR_LATEST\\make"
0000003a 55325c454355 
00000040 5f5269766961 
00000046 6e5f41315c54 
0000004c 61726765745c 
00000052 7265706f5f70 
00000058 726f6a656374 
0000005e 735c70526561 
00000064 6c4563755c63 
0000006a 525f4c415445 
00000070 53545c6d616b 
00000076 6500 

                                                                      Page 4
                                                              C:\Users\nhuliyap\AppData\Local\Temp\gh_0000aqk1.s
00000078 474853204320    157 	.strz	"GHS C 2015.1.7 [dual]"
0000007e 323031352e31 
00000084 2e37205b6475 
0000008a 616c5d00 
0000008e 0100            158 	.byte	1,0
00000090 00000000*       159 	.word	.Ldw_line_begin
00000094 00000000*       160 	.word	.Ldw_macinfo_begin
00000098 00              161 	.byte	0
                         162 
                         163 	.section	.debug_abbrev
00000000 01              164 	.byte	1
00000001 11              165 	.byte	17
00000002 01              166 	.byte	1
00000003 1101            167 	.byte	17,1
00000005 1201            168 	.byte	18,1
00000007 0308            169 	.byte	3,8
00000009 1b08            170 	.byte	27,8
0000000b 2508            171 	.byte	37,8
0000000d 1305            172 	.byte	19,5
0000000f 1006            173 	.byte	16,6
00000011 4306            174 	.byte	67,6
00000013 420b            175 	.byte	66,11
00000015 0000            176 	.byte	0,0
                         177 
                         178 	.section	.debug_line
                         179 .Ldw_line_begin:
00000000 b4020000        180 	.word	.Ldw_line_end-.Ldw_line_begin-4
00000004 0200            181 	.byte	2,0
00000006 00000000*       182 	.word	.Ldw_lpro_end-.Ldw_lpro_begin
                         183 .Ldw_lpro_begin:
0000000a 01              184 	.byte	1
0000000b 00              185 	.byte	0
0000000c 00              186 	.byte	0
0000000d 04              187 	.byte	4
0000000e 0a              188 	.byte	10
0000000f 000101          189 	.byte	0,1,1
00000012 010100          190 	.byte	1,1,0
00000015 000001          191 	.byte	0,0,1
00000018 00              192 	.byte	0
00000019 2e2e2f736f75    193 	.strz	"../source/SwcApplTpms/eeiface.c"
0000001f 7263652f5377 
00000025 634170706c54 
0000002b 706d732f6565 
00000031 69666163652e 
00000037 6300 
00000039 000000          194 	.byte	0,0,0
0000003c 2e2e2f736f75    195 	.strz	"../source/common/Std_Types.hpp"
00000042 7263652f636f 
00000048 6d6d6f6e2f53 
0000004e 74645f547970 
00000054 65732e687070 
0000005a 00 
0000005b 000000          196 	.byte	0,0,0
0000005e 2e2e2f736f75    197 	.strz	"../source/common/Platform_Types.hpp"
00000064 7263652f636f 
0000006a 6d6d6f6e2f50 
00000070 6c6174666f72 
00000076 6d5f54797065 
0000007c 732e68707000 
00000082 000000          198 	.byte	0,0,0
00000085 2e2e2f736f75    199 	.strz	"../source/common/Compiler.hpp"

                                                                      Page 5
                                                              C:\Users\nhuliyap\AppData\Local\Temp\gh_0000aqk1.s
0000008b 7263652f636f 
00000091 6d6d6f6e2f43 
00000097 6f6d70696c65 
0000009d 722e68707000 
000000a3 000000          200 	.byte	0,0,0
000000a6 2e2e2f736f75    201 	.strz	"../source/ProjectCompiler/Compiler_Cfg.hpp"
000000ac 7263652f5072 
000000b2 6f6a65637443 
000000b8 6f6d70696c65 
000000be 722f436f6d70 
000000c4 696c65725f43 
000000ca 66672e687070 
000000d0 00 
000000d1 000000          202 	.byte	0,0,0
000000d4 2e2e2f736f75    203 	.strz	"../source/ProjectCompiler/CompilerCfg_SwcServiceOs.hpp"
000000da 7263652f5072 
000000e0 6f6a65637443 
000000e6 6f6d70696c65 
000000ec 722f436f6d70 
000000f2 696c65724366 
000000f8 675f53776353 
000000fe 657276696365 
00000104 4f732e687070 
0000010a 00 
0000010b 000000          204 	.byte	0,0,0
0000010e 2e2e2f736f75    205 	.strz	"../source/SwcApplTpms/iTpms_Interface.hpp"
00000114 7263652f5377 
0000011a 634170706c54 
00000120 706d732f6954 
00000126 706d735f496e 
0000012c 746572666163 
00000132 652e68707000 
00000138 000000          206 	.byte	0,0,0
0000013b 2e2e2f736f75    207 	.strz	"../source/SwcApplTpms/Tpms_Rte_Data_Type.hpp"
00000141 7263652f5377 
00000147 634170706c54 
0000014d 706d732f5470 
00000153 6d735f527465 
00000159 5f446174615f 
0000015f 547970652e68 
00000165 707000 
00000168 000000          208 	.byte	0,0,0
0000016b 2e2e2f736f75    209 	.strz	"../source/McalMcu/Types.hpp"
00000171 7263652f4d63 
00000177 616c4d63752f 
0000017d 54797065732e 
00000183 68707000 
00000187 000000          210 	.byte	0,0,0
0000018a 2e2e2f736f75    211 	.strz	"../source/SwcApplTpms/SwcApplTpms_Rte.hpp"
00000190 7263652f5377 
00000196 634170706c54 
0000019c 706d732f5377 
000001a2 634170706c54 
000001a8 706d735f5274 
000001ae 652e68707000 
000001b4 000000          212 	.byte	0,0,0
000001b7 2e2e2f736f75    213 	.strz	"../source/SwcApplTpms/SwcApplTpms_Rte_Type.hpp"
000001bd 7263652f5377 
000001c3 634170706c54 
000001c9 706d732f5377 
000001cf 634170706c54 

                                                                      Page 6
                                                              C:\Users\nhuliyap\AppData\Local\Temp\gh_0000aqk1.s
000001d5 706d735f5274 
000001db 655f54797065 
000001e1 2e68707000 
000001e6 000000          214 	.byte	0,0,0
000001e9 2e2e2f736f75    215 	.strz	"../source/SwcApplTpms/SwcApplTpms_NvM.hpp"
000001ef 7263652f5377 
000001f5 634170706c54 
000001fb 706d732f5377 
00000201 634170706c54 
00000207 706d735f4e76 
0000020d 4d2e68707000 
00000213 000000          216 	.byte	0,0,0
00000216 2e2e2f736f75    217 	.strz	"../source/SwcApplTpms/eeiface.hpp"
0000021c 7263652f5377 
00000222 634170706c54 
00000228 706d732f6565 
0000022e 69666163652e 
00000234 68707000 
00000238 000000          218 	.byte	0,0,0
0000023b 2e2e2f736f75    219 	.strz	"../source/SwcApplTpms/global.hpp"
00000241 7263652f5377 
00000247 634170706c54 
0000024d 706d732f676c 
00000253 6f62616c2e68 
00000259 707000 
0000025c 000000          220 	.byte	0,0,0
0000025f 00              221 	.byte	0
                         222 .Ldw_lpro_end:
                         223 	.section	.debug_macinfo
                         224 .Ldw_macinfo_begin:
                         225 	.section	.debug_frame
                         226 .LDW_4c10340:
00000000 00000000*       227 	.word	.LDW_unq_2-.LDW_unq_1
                         228 .LDW_unq_1:
00000004 ffffffff        229 	.byte	255,255,255,255
00000008 01              230 	.byte	1
00000009 00              231 	.byte	0
0000000a 01              232 	.byte	1
0000000b 01              233 	.byte	1
0000000c 1f              234 	.byte	31
0000000d 0c              235 	.byte	12
0000000e 03              236 	.byte	3
0000000f 00              237 	.byte	0
00000010 07              238 	.byte	7
00000011 00              239 	.byte	0
00000012 07              240 	.byte	7
00000013 01              241 	.byte	1
00000014 07              242 	.byte	7
00000015 02              243 	.byte	2
00000016 07              244 	.byte	7
00000017 03              245 	.byte	3
00000018 07              246 	.byte	7
00000019 04              247 	.byte	4
0000001a 07              248 	.byte	7
0000001b 05              249 	.byte	5
0000001c 07              250 	.byte	7
0000001d 06              251 	.byte	6
0000001e 07              252 	.byte	7
0000001f 07              253 	.byte	7
00000020 07              254 	.byte	7
00000021 08              255 	.byte	8

                                                                      Page 7
                                                              C:\Users\nhuliyap\AppData\Local\Temp\gh_0000aqk1.s
00000022 07              256 	.byte	7
00000023 09              257 	.byte	9
00000024 07              258 	.byte	7
00000025 0a              259 	.byte	10
00000026 07              260 	.byte	7
00000027 0b              261 	.byte	11
00000028 07              262 	.byte	7
00000029 0c              263 	.byte	12
0000002a 07              264 	.byte	7
0000002b 0d              265 	.byte	13
0000002c 07              266 	.byte	7
0000002d 0e              267 	.byte	14
0000002e 07              268 	.byte	7
0000002f 0f              269 	.byte	15
00000030 07              270 	.byte	7
00000031 10              271 	.byte	16
00000032 07              272 	.byte	7
00000033 11              273 	.byte	17
00000034 07              274 	.byte	7
00000035 12              275 	.byte	18
00000036 07              276 	.byte	7
00000037 13              277 	.byte	19
00000038 08              278 	.byte	8
00000039 14              279 	.byte	20
0000003a 08              280 	.byte	8
0000003b 15              281 	.byte	21
0000003c 08              282 	.byte	8
0000003d 16              283 	.byte	22
0000003e 08              284 	.byte	8
0000003f 17              285 	.byte	23
00000040 08              286 	.byte	8
00000041 18              287 	.byte	24
00000042 08              288 	.byte	8
00000043 19              289 	.byte	25
00000044 08              290 	.byte	8
00000045 1a              291 	.byte	26
00000046 08              292 	.byte	8
00000047 1b              293 	.byte	27
00000048 08              294 	.byte	8
00000049 1c              295 	.byte	28
0000004a 08              296 	.byte	8
0000004b 1d              297 	.byte	29
0000004c 07              298 	.byte	7
0000004d 1e              299 	.byte	30
0000004e 08              300 	.byte	8
0000004f 1f              301 	.byte	31
00000050 07              302 	.byte	7
00000051 20              303 	.byte	32
00000052 07              304 	.byte	7
00000053 21              305 	.byte	33
00000054 07              306 	.byte	7
00000055 22              307 	.byte	34
00000056 07              308 	.byte	7
00000057 23              309 	.byte	35
00000058 07              310 	.byte	7
00000059 24              311 	.byte	36
0000005a 07              312 	.byte	7
0000005b 25              313 	.byte	37
0000005c 07              314 	.byte	7
0000005d 26              315 	.byte	38
0000005e 07              316 	.byte	7

                                                                      Page 8
                                                              C:\Users\nhuliyap\AppData\Local\Temp\gh_0000aqk1.s
0000005f 27              317 	.byte	39
00000060 07              318 	.byte	7
00000061 28              319 	.byte	40
00000062 07              320 	.byte	7
00000063 29              321 	.byte	41
00000064 07              322 	.byte	7
00000065 2a              323 	.byte	42
00000066 07              324 	.byte	7
00000067 2b              325 	.byte	43
00000068 07              326 	.byte	7
00000069 2c              327 	.byte	44
0000006a 07              328 	.byte	7
0000006b 2d              329 	.byte	45
0000006c 07              330 	.byte	7
0000006d 2e              331 	.byte	46
0000006e 07              332 	.byte	7
0000006f 2f              333 	.byte	47
00000070 07              334 	.byte	7
00000071 30              335 	.byte	48
00000072 07              336 	.byte	7
00000073 31              337 	.byte	49
00000074 07              338 	.byte	7
00000075 32              339 	.byte	50
00000076 07              340 	.byte	7
00000077 33              341 	.byte	51
00000078 07              342 	.byte	7
00000079 34              343 	.byte	52
0000007a 07              344 	.byte	7
0000007b 35              345 	.byte	53
0000007c 07              346 	.byte	7
0000007d 36              347 	.byte	54
0000007e 07              348 	.byte	7
0000007f 37              349 	.byte	55
00000080 07              350 	.byte	7
00000081 38              351 	.byte	56
00000082 07              352 	.byte	7
00000083 39              353 	.byte	57
00000084 07              354 	.byte	7
00000085 3a              355 	.byte	58
00000086 07              356 	.byte	7
00000087 3b              357 	.byte	59
00000088 07              358 	.byte	7
00000089 3c              359 	.byte	60
0000008a 07              360 	.byte	7
0000008b 3d              361 	.byte	61
0000008c 07              362 	.byte	7
0000008d 3e              363 	.byte	62
0000008e 07              364 	.byte	7
0000008f 3f              365 	.byte	63
                         366 .LDW_unq_2:
                         367 	.section	.debug_info
                         368 .LDW_4066c00:
00000099 25              369 	.byte	37
0000009a 756e7369676e    370 	.strz	"unsigned char"
000000a0 656420636861 
000000a6 7200 
000000a8 08              371 	.byte	8
000000a9 01              372 	.byte	1
                         373 
                         374 	.section	.debug_abbrev
00000017 25              375 	.byte	37

                                                                      Page 9
                                                              C:\Users\nhuliyap\AppData\Local\Temp\gh_0000aqk1.s
00000018 24              376 	.byte	36
00000019 00              377 	.byte	0
0000001a 0308            378 	.byte	3,8
0000001c 3e0b            379 	.byte	62,11
0000001e 0b0b            380 	.byte	11,11
00000020 0000            381 	.byte	0,0
                         382 
                         383 	.section	.debug_info
                         384 .LDW_4066e68:
000000aa 2f              385 	.byte	47
000000ab 00000000*       386 	.word	.LDW_4066c00
                         387 
                         388 	.section	.debug_abbrev
00000022 2f              389 	.byte	47
00000023 0f              390 	.byte	15
00000024 00              391 	.byte	0
00000025 4910            392 	.byte	73,16
00000027 0000            393 	.byte	0,0
                         394 
                         395 	.section	.debug_info
                         396 .LDW_4066fb8:
000000af 45              397 	.byte	69
000000b0 01              398 	.byte	1
                         399 
                         400 	.section	.debug_abbrev
00000029 45              401 	.byte	69
0000002a 15              402 	.byte	21
0000002b 01              403 	.byte	1
0000002c 270c            404 	.byte	39,12
0000002e 0000            405 	.byte	0,0
                         406 
                         407 	.section	.debug_info
                         408 .LDW_4061730:
000000b1 12              409 	.byte	18
000000b2 00000000*       410 	.word	.LDW_4066c00
000000b6 00              411 	.byte	0
                         412 
                         413 	.section	.debug_abbrev
00000030 12              414 	.byte	18
00000031 05              415 	.byte	5
00000032 00              416 	.byte	0
00000033 4910            417 	.byte	73,16
00000035 4b0c            418 	.byte	75,12
00000037 0000            419 	.byte	0,0
                         420 
                         421 	.section	.debug_info
                         422 .LDW_40614f0:
000000b7 12              423 	.byte	18
000000b8 00000000*       424 	.word	.LDW_4066e68
000000bc 00              425 	.byte	0
                         426 
000000bd 00              427 	.byte	0
                         428 
                         429 .LDW_40aeee0:
000000be 29              430 	.byte	41
000000bf 00000000*       431 	.word	.LDW_4066c00
                         432 
                         433 	.section	.debug_abbrev
00000039 29              434 	.byte	41
0000003a 26              435 	.byte	38
0000003b 00              436 	.byte	0

                                                                      Page 10
                                                              C:\Users\nhuliyap\AppData\Local\Temp\gh_0000aqk1.s
0000003c 4910            437 	.byte	73,16
0000003e 0000            438 	.byte	0,0
                         439 
                         440 	.section	.debug_info
                         441 .LDW_4066ca8:
000000c3 2f              442 	.byte	47
000000c4 00000000*       443 	.word	.LDW_40aeee0
                         444 
                         445 .LDW_4066ff0:
000000c8 45              446 	.byte	69
000000c9 01              447 	.byte	1
                         448 
                         449 .LDW_4061490:
000000ca 12              450 	.byte	18
000000cb 00000000*       451 	.word	.LDW_4066c00
000000cf 00              452 	.byte	0
                         453 
                         454 .LDW_4061520:
000000d0 12              455 	.byte	18
000000d1 00000000*       456 	.word	.LDW_4066ca8
000000d5 00              457 	.byte	0
                         458 
000000d6 00              459 	.byte	0
                         460 
                         461 .LDW_4066d50:
000000d7 25              462 	.byte	37
000000d8 696e7400        463 	.strz	"int"
000000dc 05              464 	.byte	5
000000dd 04              465 	.byte	4
                         466 
                         467 .LDW_4066dc0:
000000de 2f              468 	.byte	47
000000df 00000000*       469 	.word	.LDW_40adda0
                         470 
                         471 .LDW_4bd31b8:
000000e3 45              472 	.byte	69
000000e4 01              473 	.byte	1
                         474 
                         475 .LDW_4bd1d10:
000000e5 12              476 	.byte	18
000000e6 00000000*       477 	.word	.LDW_40adda0
000000ea 00              478 	.byte	0
                         479 
                         480 .LDW_4bd1c80:
000000eb 12              481 	.byte	18
000000ec 00000000*       482 	.word	.LDW_40adda0
000000f0 00              483 	.byte	0
                         484 
                         485 .LDW_4bd1da0:
000000f1 12              486 	.byte	18
000000f2 00000000*       487 	.word	.LDW_4066dc0
000000f6 00              488 	.byte	0
                         489 
000000f7 00              490 	.byte	0
                         491 
                         492 .LDW_4bd3180:
000000f8 45              493 	.byte	69
000000f9 01              494 	.byte	1
                         495 
                         496 .LDW_4bd1d40:
000000fa 12              497 	.byte	18

                                                                      Page 11
                                                              C:\Users\nhuliyap\AppData\Local\Temp\gh_0000aqk1.s
000000fb 00000000*       498 	.word	.LDW_40adda0
000000ff 00              499 	.byte	0
                         500 
                         501 .LDW_4bd1c20:
00000100 12              502 	.byte	18
00000101 00000000*       503 	.word	.LDW_40adda0
00000105 00              504 	.byte	0
                         505 
                         506 .LDW_4bd5d18:
00000106 12              507 	.byte	18
00000107 00000000*       508 	.word	.LDW_4066dc0
0000010b 00              509 	.byte	0
                         510 
0000010c 00              511 	.byte	0
                         512 
                         513 .LDW_40adda0:
0000010d 28              514 	.byte	40
0000010e 75696e743800    515 	.strz	"uint8"
00000114 50              516 	.byte	80
00000115 4b              517 	.byte	75
00000116 03              518 	.byte	3
00000117 00000000*       519 	.word	.LDW_4066c00
                         520 
                         521 	.section	.debug_abbrev
00000040 28              522 	.byte	40
00000041 16              523 	.byte	22
00000042 00              524 	.byte	0
00000043 0308            525 	.byte	3,8
00000045 3b0f            526 	.byte	59,15
00000047 390f            527 	.byte	57,15
00000049 3a0f            528 	.byte	58,15
0000004b 4910            529 	.byte	73,16
0000004d 0000            530 	.byte	0,0
                         531 
                         532 	.section	.debug_info
                         533 .LDW_4bd42b0:
0000011b 15              534 	.byte	21
0000011c 52656164426c    535 	.strz	"ReadBlock2Member"
00000122 6f636b324d65 
00000128 6d62657200 
0000012d cd01            536 	.byte	205,1
0000012f 06              537 	.byte	6
00000130 0c              538 	.byte	12
00000131 01              539 	.byte	1
00000132 00              540 	.byte	0
00000133 01              541 	.byte	1
00000134 01              542 	.byte	1
00000135 00              543 	.byte	0
00000136 01              544 	.byte	1
                         545 
                         546 	.section	.debug_abbrev
0000004f 15              547 	.byte	21
00000050 2e              548 	.byte	46
00000051 01              549 	.byte	1
00000052 0308            550 	.byte	3,8
00000054 3b0f            551 	.byte	59,15
00000056 390f            552 	.byte	57,15
00000058 3a0f            553 	.byte	58,15
0000005a 3c0c            554 	.byte	60,12
0000005c 200b            555 	.byte	32,11
0000005e 3f0c            556 	.byte	63,12

                                                                      Page 12
                                                              C:\Users\nhuliyap\AppData\Local\Temp\gh_0000aqk1.s
00000060 320b            557 	.byte	50,11
00000062 4c0b            558 	.byte	76,11
00000064 270c            559 	.byte	39,12
00000066 0000            560 	.byte	0,0
                         561 
                         562 	.section	.debug_info
00000137 00              563 	.byte	0
                         564 
                         565 .LDW_4bd3d58:
00000138 15              566 	.byte	21
00000139 57726974654d    567 	.strz	"WriteMember2Blocks"
0000013f 656d62657232 
00000145 426c6f636b73 
0000014b 00 
0000014c ce01            568 	.byte	206,1
0000014e 06              569 	.byte	6
0000014f 0c              570 	.byte	12
00000150 01              571 	.byte	1
00000151 00              572 	.byte	0
00000152 01              573 	.byte	1
00000153 01              574 	.byte	1
00000154 00              575 	.byte	0
00000155 01              576 	.byte	1
                         577 
00000156 00              578 	.byte	0
                         579 
                         580 .LDW_40aed98:
00000157 13              581 	.byte	19
00000158 476574446174    582 	.strz	"GetDataEE"
0000015e 61454500 
00000162 09              583 	.byte	9
00000163 06              584 	.byte	6
00000164 01              585 	.byte	1
00000165 00000000*       586 	.word	_GetDataEE
00000169 00000000*       587 	.word	___ghs_eofn_GetDataEE
0000016d 0153            588 	.byte	1,83
0000016f 02              589 	.byte	2
00000170 00              590 	.byte	0
00000171 02              591 	.byte	2
00000172 00              592 	.byte	0
00000173 00              593 	.byte	0
00000174 00              594 	.byte	0
00000175 00              595 	.byte	0
00000176 01              596 	.byte	1
00000177 01              597 	.byte	1
00000178 00              598 	.byte	0
00000179 01              599 	.byte	1
                         600 
                         601 	.section	.debug_abbrev
00000068 13              602 	.byte	19
00000069 2e              603 	.byte	46
0000006a 01              604 	.byte	1
0000006b 0308            605 	.byte	3,8
0000006d 3b0f            606 	.byte	59,15
0000006f 390f            607 	.byte	57,15
00000071 3a0f            608 	.byte	58,15
00000073 1101            609 	.byte	17,1
00000075 1201            610 	.byte	18,1
00000077 400a            611 	.byte	64,10
00000079 8341            612 	.byte	131,65
0000007b 0f              613 	.byte	15

                                                                      Page 13
                                                              C:\Users\nhuliyap\AppData\Local\Temp\gh_0000aqk1.s
0000007c 8741            614 	.byte	135,65
0000007e 0d              615 	.byte	13
0000007f 8541            616 	.byte	133,65
00000081 0f              617 	.byte	15
00000082 8641            618 	.byte	134,65
00000084 0d              619 	.byte	13
00000085 9241            620 	.byte	146,65
00000087 0f              621 	.byte	15
00000088 3c0c            622 	.byte	60,12
0000008a 200b            623 	.byte	32,11
0000008c 3f0c            624 	.byte	63,12
0000008e 320b            625 	.byte	50,11
00000090 4c0b            626 	.byte	76,11
00000092 270c            627 	.byte	39,12
00000094 0000            628 	.byte	0,0
                         629 
                         630 	.section	.debug_frame
                         631 .LDW_4bcf5c0:
00000090 00000000*       632 	.word	.LDW_unq_4-.LDW_unq_3
                         633 .LDW_unq_3:
00000094 00000000*       634 	.word	.LDW_4c10340
00000098 00000000*       635 	.word	_GetDataEE
0000009c 00000000*       636 	.word	___ghs_eofn_GetDataEE-_GetDataEE
000000a0 01              637 	.byte	1
000000a1 00000000*       638 	.word	.LDW11
000000a5 00              639 	.byte	0
000000a6 00              640 	.byte	0
000000a7 00              641 	.byte	0
                         642 .LDW_unq_4:
                         643 	.section	.debug_line
00000260 000502          644 	.byte	0,5,2
00000263 00000000*       645 	.word	_GetDataEE
00000267 03              646 	.byte	3
00000268 0a              647 	.byte	10
00000269 02              648 	.byte	2
0000026a 00              649 	.byte	0
0000026b 01              650 	.byte	1
0000026c 06              651 	.byte	6
0000026d 1b              652 	.byte	27
0000026e 000502          653 	.byte	0,5,2
00000271 00000000*       654 	.word	.LDWlin1
00000275 02              655 	.byte	2
00000276 00              656 	.byte	0
00000277 0b              657 	.byte	11
00000278 000502          658 	.byte	0,5,2
0000027b 00000000*       659 	.word	.LDWlin2
0000027f 03              660 	.byte	3
00000280 04              661 	.byte	4
00000281 02              662 	.byte	2
00000282 00              663 	.byte	0
00000283 01              664 	.byte	1
00000284 02              665 	.byte	2
00000285 00              666 	.byte	0
00000286 0b              667 	.byte	11
00000287 02              668 	.byte	2
00000288 02              669 	.byte	2
00000289 000101          670 	.byte	0,1,1
                         671 	.section	.debug_info
                         672 .LDW_40aee30:
0000017a 0f              673 	.byte	15
0000017b 7563496400      674 	.strz	"ucId"

                                                                      Page 14
                                                              C:\Users\nhuliyap\AppData\Local\Temp\gh_0000aqk1.s
00000180 0a              675 	.byte	10
00000181 12              676 	.byte	18
00000182 01              677 	.byte	1
00000183 00000000*       678 	.word	.LDW_4066c00
00000187 00              679 	.byte	0
00000188 0156            680 	.byte	1,86
                         681 
                         682 	.section	.debug_abbrev
00000096 0f              683 	.byte	15
00000097 05              684 	.byte	5
00000098 00              685 	.byte	0
00000099 0308            686 	.byte	3,8
0000009b 3b0f            687 	.byte	59,15
0000009d 390f            688 	.byte	57,15
0000009f 3a0f            689 	.byte	58,15
000000a1 4910            690 	.byte	73,16
000000a3 4b0c            691 	.byte	75,12
000000a5 020a            692 	.byte	2,10
000000a7 0000            693 	.byte	0,0
                         694 
                         695 	.section	.debug_info
                         696 .LDW_40aee88:
0000018a 0f              697 	.byte	15
0000018b 7052616d4164    698 	.strz	"pRamAdr"
00000191 7200 
00000193 0b              699 	.byte	11
00000194 13              700 	.byte	19
00000195 01              701 	.byte	1
00000196 00000000*       702 	.word	.LDW_4066e68
0000019a 00              703 	.byte	0
0000019b 0158            704 	.byte	1,88
                         705 
                         706 .LDW_4061460:
0000019d 1d              707 	.byte	29
0000019e 00000000*       708 	.word	.LDW01
000001a2 00000000*       709 	.word	.LDW11
                         710 
                         711 	.section	.debug_abbrev
000000a9 1d              712 	.byte	29
000000aa 0b              713 	.byte	11
000000ab 01              714 	.byte	1
000000ac 1101            715 	.byte	17,1
000000ae 1201            716 	.byte	18,1
000000b0 0000            717 	.byte	0,0
                         718 
                         719 	.section	.debug_info
000001a6 00              720 	.byte	0
                         721 
000001a7 00              722 	.byte	0
                         723 
                         724 .LDW_40aef38:
000001a8 13              725 	.byte	19
000001a9 507574446174    726 	.strz	"PutDataEE"
000001af 61454500 
000001b3 14              727 	.byte	20
000001b4 06              728 	.byte	6
000001b5 01              729 	.byte	1
000001b6 00000000*       730 	.word	_PutDataEE
000001ba 00000000*       731 	.word	___ghs_eofn_PutDataEE
000001be 0153            732 	.byte	1,83
000001c0 02              733 	.byte	2

                                                                      Page 15
                                                              C:\Users\nhuliyap\AppData\Local\Temp\gh_0000aqk1.s
000001c1 00              734 	.byte	0
000001c2 02              735 	.byte	2
000001c3 00              736 	.byte	0
000001c4 00              737 	.byte	0
000001c5 00              738 	.byte	0
000001c6 00              739 	.byte	0
000001c7 01              740 	.byte	1
000001c8 01              741 	.byte	1
000001c9 00              742 	.byte	0
000001ca 01              743 	.byte	1
                         744 
                         745 	.section	.debug_frame
                         746 .LDW_4bcf600:
000000a8 00000000*       747 	.word	.LDW_unq_6-.LDW_unq_5
                         748 .LDW_unq_5:
000000ac 00000000*       749 	.word	.LDW_4c10340
000000b0 00000000*       750 	.word	_PutDataEE
000000b4 00000000*       751 	.word	___ghs_eofn_PutDataEE-_PutDataEE
000000b8 01              752 	.byte	1
000000b9 00000000*       753 	.word	.LDW31
000000bd 00              754 	.byte	0
000000be 00              755 	.byte	0
000000bf 00              756 	.byte	0
                         757 .LDW_unq_6:
                         758 	.section	.debug_line
0000028c 000502          759 	.byte	0,5,2
0000028f 00000000*       760 	.word	_PutDataEE
00000293 03              761 	.byte	3
00000294 15              762 	.byte	21
00000295 02              763 	.byte	2
00000296 00              764 	.byte	0
00000297 01              765 	.byte	1
00000298 06              766 	.byte	6
00000299 1b              767 	.byte	27
0000029a 000502          768 	.byte	0,5,2
0000029d 00000000*       769 	.word	.LDWlin3
000002a1 02              770 	.byte	2
000002a2 00              771 	.byte	0
000002a3 0b              772 	.byte	11
000002a4 000502          773 	.byte	0,5,2
000002a7 00000000*       774 	.word	.LDWlin4
000002ab 03              775 	.byte	3
000002ac 04              776 	.byte	4
000002ad 02              777 	.byte	2
000002ae 00              778 	.byte	0
000002af 01              779 	.byte	1
000002b0 02              780 	.byte	2
000002b1 00              781 	.byte	0
000002b2 0b              782 	.byte	11
000002b3 02              783 	.byte	2
000002b4 02              784 	.byte	2
000002b5 000101          785 	.byte	0,1,1
                         786 	.section	.debug_info
                         787 .LDW_40adc40:
000001cb 0f              788 	.byte	15
000001cc 7563496400      789 	.strz	"ucId"
000001d1 15              790 	.byte	21
000001d2 12              791 	.byte	18
000001d3 01              792 	.byte	1
000001d4 00000000*       793 	.word	.LDW_4066c00
000001d8 00              794 	.byte	0

                                                                      Page 16
                                                              C:\Users\nhuliyap\AppData\Local\Temp\gh_0000aqk1.s
000001d9 0156            795 	.byte	1,86
                         796 
                         797 .LDW_40adc98:
000001db 0f              798 	.byte	15
000001dc 7052616d4164    799 	.strz	"pRamAdr"
000001e2 7200 
000001e4 16              800 	.byte	22
000001e5 19              801 	.byte	25
000001e6 01              802 	.byte	1
000001e7 00000000*       803 	.word	.LDW_4066ca8
000001eb 00              804 	.byte	0
000001ec 0158            805 	.byte	1,88
                         806 
                         807 .LDW_40617f0:
000001ee 1d              808 	.byte	29
000001ef 00000000*       809 	.word	.LDW21
000001f3 00000000*       810 	.word	.LDW31
                         811 
000001f7 00              812 	.byte	0
                         813 
000001f8 00              814 	.byte	0
                         815 
000001f9 00              816 	.byte	0
                         817 
                         818 	.section	.debug_line
                         819 .Ldw_line_end:
                         820 	.section	.debug_macinfo
00000000 01              821 	.byte	1
00000001 00              822 	.byte	0
00000002 5f5f6768735f    823 	.strz	"__ghs__ 1"
00000008 5f203100 
0000000c 01              824 	.byte	1
0000000d 00              825 	.byte	0
0000000e 5f5f4c4c4f4e    826 	.strz	"__LLONG_BIT 64"
00000014 475f42495420 
0000001a 363400 
0000001d 03              827 	.byte	3
0000001e 00              828 	.byte	0
0000001f 01              829 	.byte	1
00000020 03              830 	.byte	3
00000021 01              831 	.byte	1
00000022 02              832 	.byte	2
00000023 03              833 	.byte	3
00000024 1c              834 	.byte	28
00000025 03              835 	.byte	3
00000026 01              836 	.byte	1
00000027 3c              837 	.byte	60
00000028 545255452031    838 	.strz	"TRUE 1u"
0000002e 7500 
00000030 01              839 	.byte	1
00000031 40              840 	.byte	64
00000032 46414c534520    841 	.strz	"FALSE 0u"
00000038 307500 
0000003b 04              842 	.byte	4
0000003c 03              843 	.byte	3
0000003d 1d              844 	.byte	29
0000003e 04              845 	.byte	4
0000003f 03              846 	.byte	3
00000040 1b              847 	.byte	27
00000041 05              848 	.byte	5
00000042 03              849 	.byte	3

                                                                      Page 17
                                                              C:\Users\nhuliyap\AppData\Local\Temp\gh_0000aqk1.s
00000043 54              850 	.byte	84
00000044 06              851 	.byte	6
00000045 04              852 	.byte	4
00000046 04              853 	.byte	4
00000047 04              854 	.byte	4
00000048 04              855 	.byte	4
00000049 03              856 	.byte	3
0000004a 03              857 	.byte	3
0000004b 07              858 	.byte	7
0000004c 03              859 	.byte	3
0000004d 04              860 	.byte	4
0000004e 08              861 	.byte	8
0000004f 03              862 	.byte	3
00000050 04              863 	.byte	4
00000051 09              864 	.byte	9
00000052 04              865 	.byte	4
00000053 01              866 	.byte	1
00000054 0e              867 	.byte	14
00000055 50524f445543    868 	.strz	"PRODUCTION_SW 0x0"
0000005b 54494f4e5f53 
00000061 572030783000 
00000067 01              869 	.byte	1
00000068 0f              870 	.byte	15
00000069 444556454c4f    871 	.strz	"DEVELOPMENT_SW 0x1"
0000006f 504d454e545f 
00000075 535720307831 
0000007b 00 
0000007c 01              872 	.byte	1
0000007d 10              873 	.byte	16
0000007e 53575f434154    874 	.strz	"SW_CATEGORY PRODUCTION_SW"
00000084 45474f525920 
0000008a 50524f445543 
00000090 54494f4e5f53 
00000096 5700 
00000098 04              875 	.byte	4
00000099 01              876 	.byte	1
0000009a 06              877 	.byte	6
0000009b 4d41585f5349    878 	.strz	"MAX_SIZE_WS_TELEGRAM 16U"
000000a1 5a455f57535f 
000000a7 54454c454752 
000000ad 414d20313655 
000000b3 00 
000000b4 01              879 	.byte	1
000000b5 0e              880 	.byte	14
000000b6 4e564d5f424c    881 	.strz	"NVM_BLOCK_TYPE uint32"
000000bc 4f434b5f5459 
000000c2 50452075696e 
000000c8 74333200 
000000cc 04              882 	.byte	4
000000cd 03              883 	.byte	3
000000ce 04              884 	.byte	4
000000cf 0a              885 	.byte	10
000000d0 03              886 	.byte	3
000000d1 06              887 	.byte	6
000000d2 0b              888 	.byte	11
000000d3 04              889 	.byte	4
000000d4 01              890 	.byte	1
000000d5 18              891 	.byte	24
000000d6 53454e534f52    892 	.strz	"SENSOR_AUFLOESUNG_25MBAR "
000000dc 5f4155464c4f 
000000e2 4553554e475f 

                                                                      Page 18
                                                              C:\Users\nhuliyap\AppData\Local\Temp\gh_0000aqk1.s
000000e8 32354d424152 
000000ee 2000 
000000f0 04              893 	.byte	4
000000f1 03              894 	.byte	3
000000f2 05              895 	.byte	5
000000f3 0c              896 	.byte	12
000000f4 04              897 	.byte	4
000000f5 03              898 	.byte	3
000000f6 06              899 	.byte	6
000000f7 0d              900 	.byte	13
000000f8 04              901 	.byte	4
000000f9 03              902 	.byte	3
000000fa 07              903 	.byte	7
000000fb 0e              904 	.byte	14
000000fc 01              905 	.byte	1
000000fd 0e              906 	.byte	14
000000fe 70625f514143    907 	.strz	"pb_QACStatic_160503 "
00000104 537461746963 
0000010a 5f3136303530 
00000110 332000 
00000113 01              908 	.byte	1
00000114 17              909 	.byte	23
00000115 756353756d57    910 	.strz	"ucSumWEc (unsigned char) 4"
0000011b 45632028756e 
00000121 7369676e6564 
00000127 206368617229 
0000012d 203400 
00000130 04              911 	.byte	4
00000131 04              912 	.byte	4
00000132 00              913 	.byte	0
                         914 	.section	.debug_abbrev
000000b2 00              915 	.byte	0
                         916 	.section	.debug_info
                         917 .Ldw_end:
                         918 .rh850_flags REGMODE32,DATA_ALIGN8,GP_FIX,EP_NONFIX,TP_FIX,REG2_RESERVE,G3K,GHS_MISALIGN,SDA_EXTRA_REGS_0
