                                                                      Page 1
                                                              C:\Users\nhuliyap\AppData\Local\Temp\gh_0000d1s1.s
Command Line: C:\ghs\comp_201517\ease850.exe -w -elf -b0 -I../source/common -I../source/ProjectCompiler -I../source/ProjectCfg -I../source/SwcApplTpms -I../source/SwcApplEcuM -I../source/SwcServiceBswM -I../source/SwcServiceEcuM -I../source/SwcServiceNvM -I../source/SwcServiceOs -I../source/SwcServiceStartUp -I../source/McalAdc -I../source/McalDio -I../source/McalGpt -I../source/McalMcu -I../source/McalWdg -I../source/wrappers -I../source/wrappers/McalAta -I../source/McalLin -I../source/McalCan -I../source/wrappers/OS -I../source/McalFls -I../source/EcuabFee -I../source/EcuabMemIf -I../source/wrappers/VStdLib -I../source/wrappers/Crc -I../source/wrappers/FBL_APPL -I../source/wrappers/NVM_MANAGER -I../source/wrappers/DEM_MANAGER -I../source/wrappers/RDC_MANAGER -I../source/wrappers/ENV_MANAGER -I../source/wrappers/SYS_MANAGER -I../source/wrappers/EcuabCanIf -I../source/EcuabCanTrcv -I../source/wrappers/SwcServiceCanSM -I../source/wrappers/SwcServiceCanTp -I../source/wrappers/SwcServiceCanTp_PreCompile -I../source/wrappers/SwcServiceCom -I../source/wrappers/SwcServiceComM -I../source/wrappers/SwcServiceDcm -I../source/wrappers/SwcServicePduR -I../source/wrappers/SwcServiceEcuM -I../source/wrappers/Bfx -I../source/wrappers/SwcServiceDem -I../source/SwcServiceCom -I../source/SwcServiceDet -I../source/SwcServiceFiM -I../source/SwcServicePduR -I../source/SwcServiceSchM -I../source/wrappers/LibAutosarDiag -I../source/wrappers/rba_BswSrv -IC:\ghs\comp_201517\lib\rh850 -cg_underscore -cpu=rh850g3k -no_v850_simd -rh850_fpsimd=none -nomacro -patch_dbo=C:\_ECU2\ECU_Rivian_A1\Target\repo_projects\pRealEcu\cR_LATEST\make\output\objects\FiM_Cfg_PbCfg.dbo -source=FiM_Cfg_PbCfg.c -o output\objects\gh_0000d1s1.o -list=output\list\FiM_Cfg_PbCfg.lst C:\Users\nhuliyap\AppData\Local\Temp\gh_0000d1s1.s 
Original File: C:\Users\nhuliyap\AppData\Local\Temp\gh_0000d1s1.s
Source File: FiM_Cfg_PbCfg.c
Directory: C:\_ECU2\ECU_Rivian_A1\Target\repo_projects\pRealEcu\cR_LATEST\make
Host OS: Windows
EASE: Copyright (C) 1983-2015 Green Hills Software.  All Rights Reserved.
Release: Compiler v2015.1.7
Build Directory: [Directory] BTOWORKER6:c:/build_2015_1_bto/2015-10-21.2100-2015_1_bto/win32-comp-ecom
Revision: [VCInfo] http://toolsvc/branches/release-branch-70-bto/src@544153 (built by build)
Revision Date: Thu Oct 22 07:50:13 2015

Release Date: Thu Oct 22 09:32:32 2015

                           1 --Driver Command: ccv850 ../source/ProjectCfg/FiM_Cfg_PbCfg.c -cpu=rh850 -fhard
                           2 --		-ignore_callt_state_in_interrupts -large_sda -misalign_pack
                           3 --		-nofarcalls -nofloatio -no_callt -Ogeneral -Onounroll
                           4 --		-prepare_dispose -registermode=32 -reserve_r2 -sda=0
                           5 --		-shorten_loads -Wshadow --brief_diagnostics --no_commons
                           6 --		--no_wrap_diagnostics --prototype_errors --short_enum -list -G
                           7 --		-dual_debug -dwarf -X5523 -lnk=-no_xda_modifications -D
                           8 --		NOT_READY_FOR_TESTING_OR_DEPLOYMENT -D IBTCM_SW_ANPASSUNGEN -D
                           9 --		BUILD_RIVIAN -c -inline_prologue -I../source/common
                          10 --		-I../source/ProjectCompiler -I../source/ProjectCfg
                          11 --		-I../source/SwcApplTpms -I../source/SwcApplEcuM
                          12 --		-I../source/SwcServiceBswM -I../source/SwcServiceEcuM
                          13 --		-I../source/SwcServiceNvM -I../source/SwcServiceOs
                          14 --		-I../source/SwcServiceStartUp -I../source/McalAdc
                          15 --		-I../source/McalDio -I../source/McalGpt -I../source/McalMcu
                          16 --		-I../source/McalWdg -I../source/wrappers
                          17 --		-I../source/wrappers/McalAta -I../source/McalLin
                          18 --		-I../source/McalCan -I../source/wrappers/OS -I../source/McalFls
                          19 --		-I../source/EcuabFee -I../source/EcuabMemIf
                          20 --		-I../source/wrappers/VStdLib -I../source/wrappers
                          21 --		-I../source/wrappers/Crc -I../source/wrappers/FBL_APPL
                          22 --		-I../source/wrappers/NVM_MANAGER -I../source/wrappers/DEM_MANAGER
                          23 --		-I../source/wrappers/RDC_MANAGER -I../source/wrappers/ENV_MANAGER
                          24 --		-I../source/wrappers/SYS_MANAGER -I../source/wrappers/EcuabCanIf
                          25 --		-I../source/EcuabCanTrcv -I../source/wrappers/SwcServiceCanSM
                          26 --		-I../source/wrappers/SwcServiceCanTp
                          27 --		-I../source/wrappers/SwcServiceCanTp_PreCompile
                          28 --		-I../source/wrappers/SwcServiceCom
                          29 --		-I../source/wrappers/SwcServiceComM
                          30 --		-I../source/wrappers/SwcServiceDcm
                          31 --		-I../source/wrappers/SwcServicePduR
                          32 --		-I../source/wrappers/SwcServiceEcuM -I../source/wrappers/Bfx
                          33 --		-I../source/wrappers/SwcServiceDem -I../source/SwcServiceCom
                          34 --		-I../source/SwcServiceDet -I../source/SwcServiceFiM
                          35 --		-I../source/SwcServicePduR -I../source/SwcServiceSchM
                          36 --		-I../source/wrappers/LibAutosarDiag
                          37 --		-I../source/wrappers/rba_BswSrv -object_dir=output/objects
                          38 --		-list_dir=output/list
                          39 --Source File:   ../source/ProjectCfg/FiM_Cfg_PbCfg.c
                          40 --Directory:     
                          41 --		C:\_ECU2\ECU_Rivian_A1\Target\repo_projects\pRealEcu\cR_LATEST\make
                          42 --Compile Date:  Fri Sep 15 14:07:38 2023
                          43 --Host OS:       Win32
                          44 --Version:       C-RH850 2015.1.7 RELEASE VERSION
                          45 --Release:       Compiler v2015.1.7
                          46 --Revision Date: Thu Oct 22 08:06:12 2015
                          47 --Release Date:  Thu Oct 22 09:34:32 2015
                          48 -- ecom  -g -w -OM
                          49 
                          50 	.section ".rodata","a"

                                                                      Page 2
                                                              C:\Users\nhuliyap\AppData\Local\Temp\gh_0000d1s1.s
                          51 	.align	4
                          52 	.global	_FiMConfigSet
                          53 _FiMConfigSet:
00000000 00000000*        54 	.word	_FiM_Cfg_NumOffsetEvent_auo
00000004 00000000*        55 	.word	_FiM_CfgInhibitSourceMatrix_au16
00000008 00000000*        56 	.word	_FiM_CfgInhibitMaskMatrix_au16
0000000c 00000000*        57 	.word	_FiM_Cfg_NumOffsetComponent_auo
00000010 00000000*        58 	.word	_FiM_CfgInhibitSourceMatrixComponent_au16
                          59 	.type	_FiMConfigSet,@object
                          60 	.size	_FiMConfigSet,20
                          61 	.global	_FiM_Cfg_NumOffsetEvent_auo..C.3A.5C_ECU2.5CECU_Rivian_A1.5CTarget.5Crepo_projects.5CpRealEcu.5CcR_LATEST.5Cmake.5Coutput.5Cobjects.5CFiM_Cfg_PbCfg.
                          62 _FiM_Cfg_NumOffsetEvent_auo..C.3A.5C_ECU2.5CECU_Rivian_A1.5CTarget.5Crepo_projects.5CpRealEcu.5CcR_LATEST.5Cmake.5Coutput.5Cobjects.5CFiM_Cfg_PbCfg.:
00000014 00000000         63 _FiM_Cfg_NumOffsetEvent_auo:	.space	4
00000018 00000000         64 	.space	4
0000001c 00000000         65 	.space	4
00000020 00000000         66 	.space	4
00000024 00000000         67 	.space	4
00000028 00000000         68 	.space	4
0000002c 00000000         69 	.space	4
00000030 00000000         70 	.space	4
00000034 00000000         71 	.space	4
00000038 00000000         72 	.space	4
0000003c 00000000         73 	.space	4
00000040 00000000         74 	.space	4
00000044 00000000         75 	.space	4
00000048 00000000         76 	.space	4
0000004c 00000000         77 	.space	4
00000050 00000000         78 	.space	4
00000054 00000000         79 	.space	4
00000058 00000000         80 	.space	4
0000005c 00000000         81 	.space	4
00000060 00000000         82 	.space	4
00000064 00000000         83 	.space	4
00000068 00000000         84 	.space	4
0000006c 00000000         85 	.space	4
00000070 00000000         86 	.space	4
00000074 00000000         87 	.space	4
00000078 00000000         88 	.space	4
0000007c 00000000         89 	.space	4
00000080 00000000         90 	.space	4
00000084 00000000         91 	.space	4
00000088 00000000         92 	.space	4
0000008c 00000000         93 	.space	4
00000090 00000000         94 	.space	4
00000094 00000000         95 	.space	4
00000098 00000000         96 	.space	4
0000009c 00000000         97 	.space	4
000000a0 00000000         98 	.space	4
000000a4 00000000         99 	.space	4
000000a8 00000000        100 	.space	4
000000ac 00000000        101 	.space	4
000000b0 00000000        102 	.space	4
000000b4 00000000        103 	.space	4
000000b8 00000000        104 	.space	4
000000bc 01000000        105 	.byte	1,0,0,0
                         106 	.type	_FiM_Cfg_NumOffsetEvent_auo..C.3A.5C_ECU2.5CECU_Rivian_A1.5CTarget.5Crepo_projects.5CpRealEcu.5CcR_LATEST.5Cmake.5Coutput.5Cobjects.5CFiM_Cfg_PbCfg.,@object
                         107 	.size	_FiM_Cfg_NumOffsetEvent_auo..C.3A.5C_ECU2.5CECU_Rivian_A1.5CTarget.5Crepo_projects.5CpRealEcu.5CcR_LATEST.5Cmake.5Coutput.5Cobjects.5CFiM_Cfg_PbCfg.,172
                         108 	.type	_FiM_Cfg_NumOffsetEvent_auo,@object
                         109 	.size	_FiM_Cfg_NumOffsetEvent_auo,172
                         110 	.global	_FiM_CfgInhibitSourceMatrix_au16..C.3A.5C_ECU2.5CECU_Rivian_A1.5CTarget.5Crepo_projects.5CpRealEcu.5CcR_LATEST.5Cmake.5Coutput.5Cobjects.5CFiM_Cfg_PbCfg.
                         111 _FiM_CfgInhibitSourceMatrix_au16..C.3A.5C_ECU2.5CECU_Rivian_A1.5CTarget.5Crepo_projects.5CpRealEcu.5CcR_LATEST.5Cmake.5Coutput.5Cobjects.5CFiM_Cfg_PbCfg.:

                                                                      Page 3
                                                              C:\Users\nhuliyap\AppData\Local\Temp\gh_0000d1s1.s
000000c0 01              112 _FiM_CfgInhibitSourceMatrix_au16:	.byte	1
                         113 	.type	_FiM_CfgInhibitSourceMatrix_au16..C.3A.5C_ECU2.5CECU_Rivian_A1.5CTarget.5Crepo_projects.5CpRealEcu.5CcR_LATEST.5Cmake.5Coutput.5Cobjects.5CFiM_Cfg_PbCfg.,@object
                         114 	.size	_FiM_CfgInhibitSourceMatrix_au16..C.3A.5C_ECU2.5CECU_Rivian_A1.5CTarget.5Crepo_projects.5CpRealEcu.5CcR_LATEST.5Cmake.5Coutput.5Cobjects.5CFiM_Cfg_PbCfg.,1
                         115 	.type	_FiM_CfgInhibitSourceMatrix_au16,@object
                         116 	.size	_FiM_CfgInhibitSourceMatrix_au16,1
                         117 	.global	_FiM_CfgInhibitMaskMatrix_au16..C.3A.5C_ECU2.5CECU_Rivian_A1.5CTarget.5Crepo_projects.5CpRealEcu.5CcR_LATEST.5Cmake.5Coutput.5Cobjects.5CFiM_Cfg_PbCfg.
                         118 _FiM_CfgInhibitMaskMatrix_au16..C.3A.5C_ECU2.5CECU_Rivian_A1.5CTarget.5Crepo_projects.5CpRealEcu.5CcR_LATEST.5Cmake.5Coutput.5Cobjects.5CFiM_Cfg_PbCfg.:
000000c1 01              119 _FiM_CfgInhibitMaskMatrix_au16:	.byte	1
                         120 	.type	_FiM_CfgInhibitMaskMatrix_au16..C.3A.5C_ECU2.5CECU_Rivian_A1.5CTarget.5Crepo_projects.5CpRealEcu.5CcR_LATEST.5Cmake.5Coutput.5Cobjects.5CFiM_Cfg_PbCfg.,@object
                         121 	.size	_FiM_CfgInhibitMaskMatrix_au16..C.3A.5C_ECU2.5CECU_Rivian_A1.5CTarget.5Crepo_projects.5CpRealEcu.5CcR_LATEST.5Cmake.5Coutput.5Cobjects.5CFiM_Cfg_PbCfg.,1
                         122 	.type	_FiM_CfgInhibitMaskMatrix_au16,@object
                         123 	.size	_FiM_CfgInhibitMaskMatrix_au16,1
000000c2 0000            124 	.space	2
                         125 	.global	_FiM_Cfg_NumOffsetComponent_auo..C.3A.5C_ECU2.5CECU_Rivian_A1.5CTarget.5Crepo_projects.5CpRealEcu.5CcR_LATEST.5Cmake.5Coutput.5Cobjects.5CFiM_Cfg_PbCfg.
                         126 _FiM_Cfg_NumOffsetComponent_auo..C.3A.5C_ECU2.5CECU_Rivian_A1.5CTarget.5Crepo_projects.5CpRealEcu.5CcR_LATEST.5Cmake.5Coutput.5Cobjects.5CFiM_Cfg_PbCfg.:
000000c4 00000000        127 _FiM_Cfg_NumOffsetComponent_auo:	.space	4
000000c8 00000000        128 	.space	4
000000cc 00000000        129 	.space	4
000000d0 00000000        130 	.space	4
000000d4 00000000        131 	.space	4
000000d8 01000000        132 	.byte	1,0,0,0
000000dc 01000000        133 	.byte	1,0,0,0
000000e0 01000000        134 	.byte	1,0,0,0
                         135 	.type	_FiM_Cfg_NumOffsetComponent_auo..C.3A.5C_ECU2.5CECU_Rivian_A1.5CTarget.5Crepo_projects.5CpRealEcu.5CcR_LATEST.5Cmake.5Coutput.5Cobjects.5CFiM_Cfg_PbCfg.,@object
                         136 	.size	_FiM_Cfg_NumOffsetComponent_auo..C.3A.5C_ECU2.5CECU_Rivian_A1.5CTarget.5Crepo_projects.5CpRealEcu.5CcR_LATEST.5Cmake.5Coutput.5Cobjects.5CFiM_Cfg_PbCfg.,32
                         137 	.type	_FiM_Cfg_NumOffsetComponent_auo,@object
                         138 	.size	_FiM_Cfg_NumOffsetComponent_auo,32
                         139 	.global	_FiM_CfgInhibitSourceMatrixComponent_au16..C.3A.5C_ECU2.5CECU_Rivian_A1.5CTarget.5Crepo_projects.5CpRealEcu.5CcR_LATEST.5Cmake.5Coutput.5Cobjects.5CFiM_Cfg_PbCfg.
                         140 _FiM_CfgInhibitSourceMatrixComponent_au16..C.3A.5C_ECU2.5CECU_Rivian_A1.5CTarget.5Crepo_projects.5CpRealEcu.5CcR_LATEST.5Cmake.5Coutput.5Cobjects.5CFiM_Cfg_PbCfg.:
000000e4 01              141 _FiM_CfgInhibitSourceMatrixComponent_au16:	.byte	1
                         142 	.type	_FiM_CfgInhibitSourceMatrixComponent_au16..C.3A.5C_ECU2.5CECU_Rivian_A1.5CTarget.5Crepo_projects.5CpRealEcu.5CcR_LATEST.5Cmake.5Coutput.5Cobjects.5CFiM_Cfg_PbCfg.,@object
                         143 	.size	_FiM_CfgInhibitSourceMatrixComponent_au16..C.3A.5C_ECU2.5CECU_Rivian_A1.5CTarget.5Crepo_projects.5CpRealEcu.5CcR_LATEST.5Cmake.5Coutput.5Cobjects.5CFiM_Cfg_PbCfg.,1
                         144 	.type	_FiM_CfgInhibitSourceMatrixComponent_au16,@object
                         145 	.size	_FiM_CfgInhibitSourceMatrixComponent_au16,1
                         146 	.data
                         147 	.ghsnote version,17
                         148 	.ghsnote tools,3
                         149 	.ghsnote options,144
                         150 	.text
                         151 ..bof.C.3A.5C_ECU2.5CECU_Rivian_A1.5CTarget.5Crepo_projects.5CpRealEcu.5CcR_LATEST.5Cmake.5Coutput.5Cobjects.5CFiM_Cfg_PbCfg...43.3A.5C_ECU2.5CECU_Rivian_A1.5CTarget.5Crepo_projects.5CpRealEcu.5CcR_LATEST.5Cmake..6504490A..0::
                         152 ..eof.C.3A.5C_ECU2.5CECU_Rivian_A1.5CTarget.5Crepo_projects.5CpRealEcu.5CcR_LATEST.5Cmake.5Coutput.5Cobjects.5CFiM_Cfg_PbCfg...43.3A.5C_ECU2.5CECU_Rivian_A1.5CTarget.5Crepo_projects.5CpRealEcu.5CcR_LATEST.5Cmake..6504490A..0::
                         153 	.section	.debug_info
                         154 .Ldw_begin:
00000000 e6030000        155 	.word	.Ldw_end-.Ldw_begin-4
00000004 0200            156 	.byte	2,0
00000006 00000000*       157 	.word	.Ldw_abbr_begin
0000000a 04              158 	.byte	4
                         159 	.section	.debug_abbrev
                         160 .Ldw_abbr_begin:
                         161 	.section	.debug_info
0000000b 01              162 	.byte	1
0000000c 00000000*       163 	.word	..bof.C.3A.5C_ECU2.5CECU_Rivian_A1.5CTarget.5Crepo_projects.5CpRealEcu.5CcR_LATEST.5Cmake.5Coutput.5Cobjects.5CFiM_Cfg_PbCfg...43.3A.5C_ECU2.5CECU_Rivian_A1.5CTarget.5Crepo_projects.5CpRealEcu.5CcR_LATEST.5Cmake..6504490A..0
00000010 00000000*       164 	.word	..eof.C.3A.5C_ECU2.5CECU_Rivian_A1.5CTarget.5Crepo_projects.5CpRealEcu.5CcR_LATEST.5Cmake.5Coutput.5Cobjects.5CFiM_Cfg_PbCfg...43.3A.5C_ECU2.5CECU_Rivian_A1.5CTarget.5Crepo_projects.5CpRealEcu.5CcR_LATEST.5Cmake..6504490A..0
00000014 2e2e2f736f75    165 	.strz	"../source/ProjectCfg/FiM_Cfg_PbCfg.c"
0000001a 7263652f5072 
00000020 6f6a65637443 
00000026 66672f46694d 
0000002c 5f4366675f50 
00000032 624366672e63 
00000038 00 
00000039 433a5c5f4543    166 	.strz	"C:\\_ECU2\\ECU_Rivian_A1\\Target\\repo_projects\\pRealEcu\\cR_LATEST\\make"

                                                                      Page 4
                                                              C:\Users\nhuliyap\AppData\Local\Temp\gh_0000d1s1.s
0000003f 55325c454355 
00000045 5f5269766961 
0000004b 6e5f41315c54 
00000051 61726765745c 
00000057 7265706f5f70 
0000005d 726f6a656374 
00000063 735c70526561 
00000069 6c4563755c63 
0000006f 525f4c415445 
00000075 53545c6d616b 
0000007b 6500 
0000007d 474853204320    167 	.strz	"GHS C 2015.1.7 [dual]"
00000083 323031352e31 
00000089 2e37205b6475 
0000008f 616c5d00 
00000093 0100            168 	.byte	1,0
00000095 00000000*       169 	.word	.Ldw_line_begin
00000099 00000000*       170 	.word	.Ldw_macinfo_begin
0000009d 00              171 	.byte	0
                         172 
                         173 	.section	.debug_abbrev
00000000 01              174 	.byte	1
00000001 11              175 	.byte	17
00000002 01              176 	.byte	1
00000003 1101            177 	.byte	17,1
00000005 1201            178 	.byte	18,1
00000007 0308            179 	.byte	3,8
00000009 1b08            180 	.byte	27,8
0000000b 2508            181 	.byte	37,8
0000000d 1305            182 	.byte	19,5
0000000f 1006            183 	.byte	16,6
00000011 4306            184 	.byte	67,6
00000013 420b            185 	.byte	66,11
00000015 0000            186 	.byte	0,0
                         187 
                         188 	.section	.debug_line
                         189 .Ldw_line_begin:
00000000 d7020000        190 	.word	.Ldw_line_end-.Ldw_line_begin-4
00000004 0200            191 	.byte	2,0
00000006 00000000*       192 	.word	.Ldw_lpro_end-.Ldw_lpro_begin
                         193 .Ldw_lpro_begin:
0000000a 01              194 	.byte	1
0000000b 00              195 	.byte	0
0000000c 00              196 	.byte	0
0000000d 04              197 	.byte	4
0000000e 0a              198 	.byte	10
0000000f 000101          199 	.byte	0,1,1
00000012 010100          200 	.byte	1,1,0
00000015 000001          201 	.byte	0,0,1
00000018 00              202 	.byte	0
00000019 2e2e2f736f75    203 	.strz	"../source/ProjectCfg/FiM_Cfg_PbCfg.c"
0000001f 7263652f5072 
00000025 6f6a65637443 
0000002b 66672f46694d 
00000031 5f4366675f50 
00000037 624366672e63 
0000003d 00 
0000003e 000000          204 	.byte	0,0,0
00000041 2e2e2f736f75    205 	.strz	"../source/common/Std_Types.hpp"
00000047 7263652f636f 
0000004d 6d6d6f6e2f53 

                                                                      Page 5
                                                              C:\Users\nhuliyap\AppData\Local\Temp\gh_0000d1s1.s
00000053 74645f547970 
00000059 65732e687070 
0000005f 00 
00000060 000000          206 	.byte	0,0,0
00000063 2e2e2f736f75    207 	.strz	"../source/common/Platform_Types.hpp"
00000069 7263652f636f 
0000006f 6d6d6f6e2f50 
00000075 6c6174666f72 
0000007b 6d5f54797065 
00000081 732e68707000 
00000087 000000          208 	.byte	0,0,0
0000008a 2e2e2f736f75    209 	.strz	"../source/common/Compiler.hpp"
00000090 7263652f636f 
00000096 6d6d6f6e2f43 
0000009c 6f6d70696c65 
000000a2 722e68707000 
000000a8 000000          210 	.byte	0,0,0
000000ab 2e2e2f736f75    211 	.strz	"../source/ProjectCompiler/Compiler_Cfg.hpp"
000000b1 7263652f5072 
000000b7 6f6a65637443 
000000bd 6f6d70696c65 
000000c3 722f436f6d70 
000000c9 696c65725f43 
000000cf 66672e687070 
000000d5 00 
000000d6 000000          212 	.byte	0,0,0
000000d9 2e2e2f736f75    213 	.strz	"../source/ProjectCompiler/CompilerCfg_SwcServiceOs.hpp"
000000df 7263652f5072 
000000e5 6f6a65637443 
000000eb 6f6d70696c65 
000000f1 722f436f6d70 
000000f7 696c65724366 
000000fd 675f53776353 
00000103 657276696365 
00000109 4f732e687070 
0000010f 00 
00000110 000000          214 	.byte	0,0,0
00000113 2e2e2f736f75    215 	.strz	"../source/ProjectCfg/FiM_Cfg_PbCfg.hpp"
00000119 7263652f5072 
0000011f 6f6a65637443 
00000125 66672f46694d 
0000012b 5f4366675f50 
00000131 624366672e68 
00000137 707000 
0000013a 000000          216 	.byte	0,0,0
0000013d 2e2e2f736f75    217 	.strz	"../source/SwcServiceFiM/FiM_Types.hpp"
00000143 7263652f5377 
00000149 635365727669 
0000014f 636546694d2f 
00000155 46694d5f5479 
0000015b 7065732e6870 
00000161 7000 
00000163 000000          218 	.byte	0,0,0
00000166 2e2e2f736f75    219 	.strz	"../source/wrappers/Rte_FiM_Type.hpp"
0000016c 7263652f7772 
00000172 617070657273 
00000178 2f5274655f46 
0000017e 694d5f547970 
00000184 652e68707000 
0000018a 000000          220 	.byte	0,0,0
0000018d 2e2e2f736f75    221 	.strz	"../source/McalMcu/types.hpp"

                                                                      Page 6
                                                              C:\Users\nhuliyap\AppData\Local\Temp\gh_0000d1s1.s
00000193 7263652f4d63 
00000199 616c4d63752f 
0000019f 74797065732e 
000001a5 68707000 
000001a9 000000          222 	.byte	0,0,0
000001ac 2e2e2f736f75    223 	.strz	"../source/ProjectCfg/CfgSwcServiceFiM.hpp"
000001b2 7263652f5072 
000001b8 6f6a65637443 
000001be 66672f436667 
000001c4 537763536572 
000001ca 766963654669 
000001d0 4d2e68707000 
000001d6 000000          224 	.byte	0,0,0
000001d9 2e2e2f736f75    225 	.strz	"../source/ProjectCompiler/FiM_MemMap.hpp"
000001df 7263652f5072 
000001e5 6f6a65637443 
000001eb 6f6d70696c65 
000001f1 722f46694d5f 
000001f7 4d656d4d6170 
000001fd 2e68707000 
00000202 000000          226 	.byte	0,0,0
00000205 2e2e2f736f75    227 	.strz	"../source/ProjectCompiler/Bsw_MemMap.hpp"
0000020b 7263652f5072 
00000211 6f6a65637443 
00000217 6f6d70696c65 
0000021d 722f4273775f 
00000223 4d656d4d6170 
00000229 2e68707000 
0000022e 000000          228 	.byte	0,0,0
00000231 2e2e2f736f75    229 	.strz	"../source/ProjectCompiler/MemMap_Common.hpp"
00000237 7263652f5072 
0000023d 6f6a65637443 
00000243 6f6d70696c65 
00000249 722f4d656d4d 
0000024f 61705f436f6d 
00000255 6d6f6e2e6870 
0000025b 7000 
0000025d 000000          230 	.byte	0,0,0
00000260 2e2e2f736f75    231 	.strz	"../source/SwcServiceFiM/FiM_Priv_Data.hpp"
00000266 7263652f5377 
0000026c 635365727669 
00000272 636546694d2f 
00000278 46694d5f5072 
0000027e 69765f446174 
00000284 612e68707000 
0000028a 000000          232 	.byte	0,0,0
0000028d 2e2e2f736f75    233 	.strz	"../source/ProjectCfg/FiM_Cfg_Fids.hpp"
00000293 7263652f5072 
00000299 6f6a65637443 
0000029f 66672f46694d 
000002a5 5f4366675f46 
000002ab 6964732e6870 
000002b1 7000 
000002b3 000000          234 	.byte	0,0,0
000002b6 2e2e2f736f75    235 	.strz	"../source/ProjectCfg/FiM_Cfg.hpp"
000002bc 7263652f5072 
000002c2 6f6a65637443 
000002c8 66672f46694d 
000002ce 5f4366672e68 
000002d4 707000 
000002d7 000000          236 	.byte	0,0,0

                                                                      Page 7
                                                              C:\Users\nhuliyap\AppData\Local\Temp\gh_0000d1s1.s
000002da 00              237 	.byte	0
                         238 .Ldw_lpro_end:
                         239 	.section	.debug_macinfo
                         240 .Ldw_macinfo_begin:
                         241 	.section	.debug_info
                         242 .LDW_4006bd0:
0000009e 25              243 	.byte	37
0000009f 756e7369676e    244 	.strz	"unsigned char"
000000a5 656420636861 
000000ab 7200 
000000ad 08              245 	.byte	8
000000ae 01              246 	.byte	1
                         247 
                         248 	.section	.debug_abbrev
00000017 25              249 	.byte	37
00000018 24              250 	.byte	36
00000019 00              251 	.byte	0
0000001a 0308            252 	.byte	3,8
0000001c 3e0b            253 	.byte	62,11
0000001e 0b0b            254 	.byte	11,11
00000020 0000            255 	.byte	0,0
                         256 
                         257 	.section	.debug_info
                         258 .LDW_4006ea8:
000000af 25              259 	.byte	37
000000b0 756e7369676e    260 	.strz	"unsigned long"
000000b6 6564206c6f6e 
000000bc 6700 
000000be 07              261 	.byte	7
000000bf 04              262 	.byte	4
                         263 
                         264 .LDW_401b1c8:
000000c0 29              265 	.byte	41
000000c1 00000000*       266 	.word	.LDW_401b5e8
                         267 
                         268 	.section	.debug_abbrev
00000022 29              269 	.byte	41
00000023 26              270 	.byte	38
00000024 00              271 	.byte	0
00000025 4910            272 	.byte	73,16
00000027 0000            273 	.byte	0,0
                         274 
                         275 	.section	.debug_info
                         276 .LDW_4006f88:
000000c5 2f              277 	.byte	47
000000c6 00000000*       278 	.word	.LDW_401b1c8
                         279 
                         280 	.section	.debug_abbrev
00000029 2f              281 	.byte	47
0000002a 0f              282 	.byte	15
0000002b 00              283 	.byte	0
0000002c 4910            284 	.byte	73,16
0000002e 0000            285 	.byte	0,0
                         286 
                         287 	.section	.debug_info
                         288 .LDW_401b220:
000000ca 29              289 	.byte	41
000000cb 00000000*       290 	.word	.LDW_401b7f8
                         291 
                         292 .LDW_4006e38:
000000cf 2f              293 	.byte	47

                                                                      Page 8
                                                              C:\Users\nhuliyap\AppData\Local\Temp\gh_0000d1s1.s
000000d0 00000000*       294 	.word	.LDW_401b220
                         295 
                         296 .LDW_4a90a20:
000000d4 29              297 	.byte	41
000000d5 00000000*       298 	.word	.LDW_401b118
                         299 
                         300 .LDW_40071b8:
000000d9 2f              301 	.byte	47
000000da 00000000*       302 	.word	.LDW_4a90a20
                         303 
                         304 .LDW_4a90130:
000000de 29              305 	.byte	41
000000df 00000000*       306 	.word	.LDW_401b850
                         307 
                         308 .LDW_40071f0:
000000e3 2f              309 	.byte	47
000000e4 00000000*       310 	.word	.LDW_4a90130
                         311 
                         312 .LDW_4006e70:
000000e8 25              313 	.byte	37
000000e9 696e7400        314 	.strz	"int"
000000ed 05              315 	.byte	5
000000ee 04              316 	.byte	4
                         317 
                         318 .LDW_4ab8e20:
000000ef 3a              319 	.byte	58
000000f0 00              320 	.byte	0
000000f1 ac01            321 	.byte	172,1
000000f3 00000000*       322 	.word	.LDW_401b1c8
                         323 
                         324 	.section	.debug_abbrev
00000030 3a              325 	.byte	58
00000031 01              326 	.byte	1
00000032 01              327 	.byte	1
00000033 090b            328 	.byte	9,11
00000035 0b0f            329 	.byte	11,15
00000037 4910            330 	.byte	73,16
00000039 0000            331 	.byte	0,0
                         332 
                         333 	.section	.debug_info
000000f7 32              334 	.byte	50
000000f8 00000000*       335 	.word	.LDW_4006e70
000000fc 04              336 	.byte	4
000000fd 00              337 	.byte	0
000000fe 2a              338 	.byte	42
                         339 
                         340 	.section	.debug_abbrev
0000003b 32              341 	.byte	50
0000003c 21              342 	.byte	33
0000003d 00              343 	.byte	0
0000003e 4910            344 	.byte	73,16
00000040 0b0f            345 	.byte	11,15
00000042 220d            346 	.byte	34,13
00000044 2f0d            347 	.byte	47,13
00000046 0000            348 	.byte	0,0
                         349 
                         350 	.section	.debug_info
000000ff 00              351 	.byte	0
                         352 
                         353 .LDW_401b8f8:
00000100 3a              354 	.byte	58

                                                                      Page 9
                                                              C:\Users\nhuliyap\AppData\Local\Temp\gh_0000d1s1.s
00000101 00              355 	.byte	0
00000102 20              356 	.byte	32
00000103 00000000*       357 	.word	.LDW_4a90130
                         358 
00000107 32              359 	.byte	50
00000108 00000000*       360 	.word	.LDW_4006e70
0000010c 04              361 	.byte	4
0000010d 00              362 	.byte	0
0000010e 07              363 	.byte	7
                         364 
0000010f 00              365 	.byte	0
                         366 
                         367 .LDW_401b980:
00000110 3a              368 	.byte	58
00000111 00              369 	.byte	0
00000112 01              370 	.byte	1
00000113 00000000*       371 	.word	.LDW_401b220
                         372 
00000117 32              373 	.byte	50
00000118 00000000*       374 	.word	.LDW_4006e70
0000011c 04              375 	.byte	4
0000011d 00              376 	.byte	0
0000011e 00              377 	.byte	0
                         378 
0000011f 00              379 	.byte	0
                         380 
                         381 .LDW_401ba08:
00000120 3a              382 	.byte	58
00000121 00              383 	.byte	0
00000122 01              384 	.byte	1
00000123 00000000*       385 	.word	.LDW_4a90a20
                         386 
00000127 32              387 	.byte	50
00000128 00000000*       388 	.word	.LDW_4006e70
0000012c 04              389 	.byte	4
0000012d 00              390 	.byte	0
0000012e 00              391 	.byte	0
                         392 
0000012f 00              393 	.byte	0
                         394 
                         395 .LDW_401ba90:
00000130 3a              396 	.byte	58
00000131 00              397 	.byte	0
00000132 01              398 	.byte	1
00000133 00000000*       399 	.word	.LDW_401b220
                         400 
00000137 32              401 	.byte	50
00000138 00000000*       402 	.word	.LDW_4006e70
0000013c 04              403 	.byte	4
0000013d 00              404 	.byte	0
0000013e 00              405 	.byte	0
                         406 
0000013f 00              407 	.byte	0
                         408 
                         409 .LDW_4a90a78:
00000140 29              410 	.byte	41
00000141 00000000*       411 	.word	.LDW_4a905a8
                         412 
                         413 .LDW_404eeb0:
00000145 28              414 	.byte	40
00000146 75696e743800    415 	.strz	"uint8"

                                                                      Page 10
                                                              C:\Users\nhuliyap\AppData\Local\Temp\gh_0000d1s1.s
0000014c 50              416 	.byte	80
0000014d 4b              417 	.byte	75
0000014e 03              418 	.byte	3
0000014f 00000000*       419 	.word	.LDW_4006bd0
                         420 
                         421 	.section	.debug_abbrev
00000048 28              422 	.byte	40
00000049 16              423 	.byte	22
0000004a 00              424 	.byte	0
0000004b 0308            425 	.byte	3,8
0000004d 3b0f            426 	.byte	59,15
0000004f 390f            427 	.byte	57,15
00000051 3a0f            428 	.byte	58,15
00000053 4910            429 	.byte	73,16
00000055 0000            430 	.byte	0,0
                         431 
                         432 	.section	.debug_info
                         433 .LDW_4ab8ab0:
00000153 28              434 	.byte	40
00000154 75696e743332    435 	.strz	"uint32"
0000015a 00 
0000015b 54              436 	.byte	84
0000015c 4a              437 	.byte	74
0000015d 03              438 	.byte	3
0000015e 00000000*       439 	.word	.LDW_4006ea8
                         440 
                         441 .LDW_401b7f8:
00000162 28              442 	.byte	40
00000163 46694d5f4675    443 	.strz	"FiM_FunctionIdType"
00000169 6e6374696f6e 
0000016f 496454797065 
00000175 00 
00000176 08              444 	.byte	8
00000177 0f              445 	.byte	15
00000178 09              446 	.byte	9
00000179 00000000*       447 	.word	.LDW_404eeb0
                         448 
                         449 .LDW_401b118:
0000017d 28              450 	.byte	40
0000017e 46694d5f496e    451 	.strz	"FiM_InhibitionMaskType"
00000184 686962697469 
0000018a 6f6e4d61736b 
00000190 5479706500 
00000195 06              452 	.byte	6
00000196 0f              453 	.byte	15
00000197 08              454 	.byte	8
00000198 00000000*       455 	.word	.LDW_404eeb0
                         456 
                         457 .LDW_401b5e8:
0000019c 28              458 	.byte	40
0000019d 46694d5f4e75    459 	.strz	"FiM_NumOffsetEventType"
000001a3 6d4f66667365 
000001a9 744576656e74 
000001af 5479706500 
000001b4 07              460 	.byte	7
000001b5 10              461 	.byte	16
000001b6 08              462 	.byte	8
000001b7 00000000*       463 	.word	.LDW_4ab8ab0
                         464 
                         465 .LDW_401b850:
000001bb 28              466 	.byte	40

                                                                      Page 11
                                                              C:\Users\nhuliyap\AppData\Local\Temp\gh_0000d1s1.s
000001bc 46694d5f4e75    467 	.strz	"FiM_NumOffsetComponentType"
000001c2 6d4f66667365 
000001c8 74436f6d706f 
000001ce 6e656e745479 
000001d4 706500 
000001d7 08              468 	.byte	8
000001d8 10              469 	.byte	16
000001d9 08              470 	.byte	8
000001da 00000000*       471 	.word	.LDW_4ab8ab0
                         472 
                         473 .LDW_401b170:
000001de 41              474 	.byte	65
000001df 28              475 	.byte	40
000001e0 0f              476 	.byte	15
000001e1 0b              477 	.byte	11
000001e2 14              478 	.byte	20
000001e3 01              479 	.byte	1
                         480 
                         481 	.section	.debug_abbrev
00000057 41              482 	.byte	65
00000058 13              483 	.byte	19
00000059 01              484 	.byte	1
0000005a 3b0f            485 	.byte	59,15
0000005c 390f            486 	.byte	57,15
0000005e 3a0f            487 	.byte	58,15
00000060 0b0f            488 	.byte	11,15
00000062 320b            489 	.byte	50,11
00000064 0000            490 	.byte	0,0
                         491 
                         492 	.section	.debug_info
                         493 .LDW_404e370:
000001e4 23              494 	.byte	35
000001e5 46694d5f4366    495 	.strz	"FiM_Cfg_NumOffsetEventptr"
000001eb 675f4e756d4f 
000001f1 666673657445 
000001f7 76656e747074 
000001fd 7200 
000001ff 29              496 	.byte	41
00000200 26              497 	.byte	38
00000201 0b              498 	.byte	11
00000202 00000000*       499 	.word	.LDW_4006f88
00000206 0223            500 	.byte	2,35
00000208 00              501 	.byte	0
00000209 01              502 	.byte	1
                         503 
                         504 	.section	.debug_abbrev
00000066 23              505 	.byte	35
00000067 0d              506 	.byte	13
00000068 00              507 	.byte	0
00000069 0308            508 	.byte	3,8
0000006b 3b0f            509 	.byte	59,15
0000006d 390f            510 	.byte	57,15
0000006f 3a0f            511 	.byte	58,15
00000071 4910            512 	.byte	73,16
00000073 380a            513 	.byte	56,10
00000075 320b            514 	.byte	50,11
00000077 0000            515 	.byte	0,0
                         516 
                         517 	.section	.debug_info
                         518 .LDW_404e5f8:
0000020a 23              519 	.byte	35

                                                                      Page 12
                                                              C:\Users\nhuliyap\AppData\Local\Temp\gh_0000d1s1.s
0000020b 46694d5f4366    520 	.strz	"FiM_CfgInhibitSourceMatrixptr"
00000211 67496e686962 
00000217 6974536f7572 
0000021d 63654d617472 
00000223 697870747200 
00000229 2a              521 	.byte	42
0000022a 26              522 	.byte	38
0000022b 0b              523 	.byte	11
0000022c 00000000*       524 	.word	.LDW_4006e38
00000230 0223            525 	.byte	2,35
00000232 04              526 	.byte	4
00000233 01              527 	.byte	1
                         528 
                         529 .LDW_404e4d8:
00000234 23              530 	.byte	35
00000235 46694d5f4366    531 	.strz	"FiM_CfgInhibitMaskMatrixptr"
0000023b 67496e686962 
00000241 69744d61736b 
00000247 4d6174726978 
0000024d 70747200 
00000251 2b              532 	.byte	43
00000252 26              533 	.byte	38
00000253 0b              534 	.byte	11
00000254 00000000*       535 	.word	.LDW_40071b8
00000258 0223            536 	.byte	2,35
0000025a 08              537 	.byte	8
0000025b 01              538 	.byte	1
                         539 
                         540 .LDW_404e400:
0000025c 23              541 	.byte	35
0000025d 46694d5f4366    542 	.strz	"FiM_Cfg_NumOffsetComponentptr"
00000263 675f4e756d4f 
00000269 666673657443 
0000026f 6f6d706f6e65 
00000275 6e7470747200 
0000027b 2c              543 	.byte	44
0000027c 26              544 	.byte	38
0000027d 0b              545 	.byte	11
0000027e 00000000*       546 	.word	.LDW_40071f0
00000282 0223            547 	.byte	2,35
00000284 0c              548 	.byte	12
00000285 01              549 	.byte	1
                         550 
                         551 .LDW_404db08:
00000286 23              552 	.byte	35
00000287 46694d5f4366    553 	.strz	"FiM_CfgInhibitSourceMatrixComponentptr"
0000028d 67496e686962 
00000293 6974536f7572 
00000299 63654d617472 
0000029f 6978436f6d70 
000002a5 6f6e656e7470 
000002ab 747200 
000002ae 2d              554 	.byte	45
000002af 26              555 	.byte	38
000002b0 0b              556 	.byte	11
000002b1 00000000*       557 	.word	.LDW_4006e38
000002b5 0223            558 	.byte	2,35
000002b7 10              559 	.byte	16
000002b8 01              560 	.byte	1
                         561 
000002b9 00              562 	.byte	0

                                                                      Page 13
                                                              C:\Users\nhuliyap\AppData\Local\Temp\gh_0000d1s1.s
                         563 
                         564 .LDW_4a905a8:
000002ba 28              565 	.byte	40
000002bb 547970655f43    566 	.strz	"Type_CfgSwcServiceFiM_st"
000002c1 666753776353 
000002c7 657276696365 
000002cd 46694d5f7374 
000002d3 00 
000002d4 2e              567 	.byte	46
000002d5 02              568 	.byte	2
000002d6 0b              569 	.byte	11
000002d7 00000000*       570 	.word	.LDW_401b170
                         571 
                         572 .LDW_4a90868:
000002db 04              573 	.byte	4
000002dc 46694d5f4366    574 	.strz	"FiM_Cfg_NumOffsetEvent_auo"
000002e2 675f4e756d4f 
000002e8 666673657445 
000002ee 76656e745f61 
000002f4 756f00 
000002f7 32              575 	.byte	50
000002f8 25              576 	.byte	37
000002f9 01              577 	.byte	1
000002fa 00000000*       578 	.word	.LDW_4ab8e20
000002fe 00              579 	.byte	0
000002ff 00              580 	.byte	0
00000300 0503            581 	.byte	5,3
00000302 00000000*       582 	.word	_FiM_Cfg_NumOffsetEvent_auo..C.3A.5C_ECU2.5CECU_Rivian_A1.5CTarget.5Crepo_projects.5CpRealEcu.5CcR_LATEST.5Cmake.5Coutput.5Cobjects.5CFiM_Cfg_PbCfg.
                         583 
                         584 	.section	.debug_abbrev
00000079 04              585 	.byte	4
0000007a 34              586 	.byte	52
0000007b 00              587 	.byte	0
0000007c 0308            588 	.byte	3,8
0000007e 3b0f            589 	.byte	59,15
00000080 390f            590 	.byte	57,15
00000082 3a0f            591 	.byte	58,15
00000084 4910            592 	.byte	73,16
00000086 3f0c            593 	.byte	63,12
00000088 3c0c            594 	.byte	60,12
0000008a 020a            595 	.byte	2,10
0000008c 0000            596 	.byte	0,0
                         597 
                         598 	.section	.debug_info
                         599 .LDW_4a908c0:
00000306 04              600 	.byte	4
00000307 46694d5f4366    601 	.strz	"FiM_Cfg_NumOffsetComponent_auo"
0000030d 675f4e756d4f 
00000313 666673657443 
00000319 6f6d706f6e65 
0000031f 6e745f61756f 
00000325 00 
00000326 60              602 	.byte	96
00000327 29              603 	.byte	41
00000328 01              604 	.byte	1
00000329 00000000*       605 	.word	.LDW_401b8f8
0000032d 00              606 	.byte	0
0000032e 00              607 	.byte	0
0000032f 0503            608 	.byte	5,3
00000331 00000000*       609 	.word	_FiM_Cfg_NumOffsetComponent_auo..C.3A.5C_ECU2.5CECU_Rivian_A1.5CTarget.5Crepo_projects.5CpRealEcu.5CcR_LATEST.5Cmake.5Coutput.5Cobjects.5CFiM_Cfg_PbCfg.
                         610 

                                                                      Page 14
                                                              C:\Users\nhuliyap\AppData\Local\Temp\gh_0000d1s1.s
                         611 .LDW_4a90708:
00000335 04              612 	.byte	4
00000336 46694d5f4366    613 	.strz	"FiM_CfgInhibitSourceMatrix_au16"
0000033c 67496e686962 
00000342 6974536f7572 
00000348 63654d617472 
0000034e 69785f617531 
00000354 3600 
00000356 6c              614 	.byte	108
00000357 21              615 	.byte	33
00000358 01              616 	.byte	1
00000359 00000000*       617 	.word	.LDW_401b980
0000035d 00              618 	.byte	0
0000035e 00              619 	.byte	0
0000035f 0503            620 	.byte	5,3
00000361 00000000*       621 	.word	_FiM_CfgInhibitSourceMatrix_au16..C.3A.5C_ECU2.5CECU_Rivian_A1.5CTarget.5Crepo_projects.5CpRealEcu.5CcR_LATEST.5Cmake.5Coutput.5Cobjects.5CFiM_Cfg_PbCfg.
                         622 
                         623 .LDW_4a906b0:
00000365 04              624 	.byte	4
00000366 46694d5f4366    625 	.strz	"FiM_CfgInhibitMaskMatrix_au16"
0000036c 67496e686962 
00000372 69744d61736b 
00000378 4d6174726978 
0000037e 5f6175313600 
00000384 70              626 	.byte	112
00000385 25              627 	.byte	37
00000386 01              628 	.byte	1
00000387 00000000*       629 	.word	.LDW_401ba08
0000038b 00              630 	.byte	0
0000038c 00              631 	.byte	0
0000038d 0503            632 	.byte	5,3
0000038f 00000000*       633 	.word	_FiM_CfgInhibitMaskMatrix_au16..C.3A.5C_ECU2.5CECU_Rivian_A1.5CTarget.5Crepo_projects.5CpRealEcu.5CcR_LATEST.5Cmake.5Coutput.5Cobjects.5CFiM_Cfg_PbCfg.
                         634 
                         635 .LDW_4a90b28:
00000393 04              636 	.byte	4
00000394 46694d5f4366    637 	.strz	"FiM_CfgInhibitSourceMatrixComponent_au16"
0000039a 67496e686962 
000003a0 6974536f7572 
000003a6 63654d617472 
000003ac 6978436f6d70 
000003b2 6f6e656e745f 
000003b8 6175313600 
000003bd 74              638 	.byte	116
000003be 21              639 	.byte	33
000003bf 01              640 	.byte	1
000003c0 00000000*       641 	.word	.LDW_401ba90
000003c4 00              642 	.byte	0
000003c5 00              643 	.byte	0
000003c6 0503            644 	.byte	5,3
000003c8 00000000*       645 	.word	_FiM_CfgInhibitSourceMatrixComponent_au16..C.3A.5C_ECU2.5CECU_Rivian_A1.5CTarget.5Crepo_projects.5CpRealEcu.5CcR_LATEST.5Cmake.5Coutput.5Cobjects.5CFiM_Cfg_PbCfg.
                         646 
                         647 .LDW_4a90ad0:
000003cc 04              648 	.byte	4
000003cd 46694d436f6e    649 	.strz	"FiMConfigSet"
000003d3 666967536574 
000003d9 00 
000003da 78              650 	.byte	120
000003db 20              651 	.byte	32
000003dc 01              652 	.byte	1
000003dd 00000000*       653 	.word	.LDW_4a90a78
000003e1 01              654 	.byte	1

                                                                      Page 15
                                                              C:\Users\nhuliyap\AppData\Local\Temp\gh_0000d1s1.s
000003e2 00              655 	.byte	0
000003e3 0503            656 	.byte	5,3
000003e5 00000000*       657 	.word	_FiMConfigSet
                         658 
000003e9 00              659 	.byte	0
                         660 
                         661 	.section	.debug_line
                         662 .Ldw_line_end:
                         663 	.section	.debug_macinfo
00000000 01              664 	.byte	1
00000001 00              665 	.byte	0
00000002 5f5f6768735f    666 	.strz	"__ghs__ 1"
00000008 5f203100 
0000000c 01              667 	.byte	1
0000000d 00              668 	.byte	0
0000000e 5f5f4c4c4f4e    669 	.strz	"__LLONG_BIT 64"
00000014 475f42495420 
0000001a 363400 
0000001d 01              670 	.byte	1
0000001e 00              671 	.byte	0
0000001f 4e4f545f5245    672 	.strz	"NOT_READY_FOR_TESTING_OR_DEPLOYMENT 1"
00000025 4144595f464f 
0000002b 525f54455354 
00000031 494e475f4f52 
00000037 5f4445504c4f 
0000003d 594d454e5420 
00000043 3100 
00000045 03              673 	.byte	3
00000046 00              674 	.byte	0
00000047 01              675 	.byte	1
00000048 03              676 	.byte	3
00000049 1a              677 	.byte	26
0000004a 02              678 	.byte	2
0000004b 03              679 	.byte	3
0000004c 1c              680 	.byte	28
0000004d 03              681 	.byte	3
0000004e 04              682 	.byte	4
0000004f 03              683 	.byte	3
00000050 1d              684 	.byte	29
00000051 04              685 	.byte	4
00000052 03              686 	.byte	3
00000053 1b              687 	.byte	27
00000054 05              688 	.byte	5
00000055 03              689 	.byte	3
00000056 54              690 	.byte	84
00000057 06              691 	.byte	6
00000058 04              692 	.byte	4
00000059 04              693 	.byte	4
0000005a 04              694 	.byte	4
0000005b 04              695 	.byte	4
0000005c 03              696 	.byte	3
0000005d 1c              697 	.byte	28
0000005e 07              698 	.byte	7
0000005f 03              699 	.byte	3
00000060 1b              700 	.byte	27
00000061 08              701 	.byte	8
00000062 03              702 	.byte	3
00000063 04              703 	.byte	4
00000064 09              704 	.byte	9
00000065 03              705 	.byte	3
00000066 06              706 	.byte	6

                                                                      Page 16
                                                              C:\Users\nhuliyap\AppData\Local\Temp\gh_0000d1s1.s
00000067 0a              707 	.byte	10
00000068 04              708 	.byte	4
00000069 04              709 	.byte	4
0000006a 04              710 	.byte	4
0000006b 03              711 	.byte	3
0000006c 1d              712 	.byte	29
0000006d 0b              713 	.byte	11
0000006e 04              714 	.byte	4
0000006f 01              715 	.byte	1
00000070 2e              716 	.byte	46
00000071 46494d5f5354    717 	.strz	"FIM_START_SEC_ROM_CONST "
00000077 4152545f5345 
0000007d 435f524f4d5f 
00000083 434f4e535420 
00000089 00 
0000008a 03              718 	.byte	3
0000008b 2f              719 	.byte	47
0000008c 0c              720 	.byte	12
0000008d 01              721 	.byte	1
0000008e 06              722 	.byte	6
0000008f 4d454d4d4150    723 	.strz	"MEMMAP_ERROR "
00000095 5f4552524f52 
0000009b 2000 
0000009d 01              724 	.byte	1
0000009e 3a              725 	.byte	58
0000009f 4253575f5354    726 	.strz	"BSW_START_SEC_DEFAULT_CONST_UNSPECIFIED "
000000a5 4152545f5345 
000000ab 435f44454641 
000000b1 554c545f434f 
000000b7 4e53545f554e 
000000bd 535045434946 
000000c3 4945442000 
000000c8 03              727 	.byte	3
000000c9 3b              728 	.byte	59
000000ca 0d              729 	.byte	13
000000cb 01              730 	.byte	1
000000cc bc05            731 	.byte	188,5
000000ce 53544152545f    732 	.strz	"START_SEC_CONST_UNSPECIFIED "
000000d4 5345435f434f 
000000da 4e53545f554e 
000000e0 535045434946 
000000e6 4945442000 
000000eb 03              733 	.byte	3
000000ec bb09            734 	.byte	187,9
000000ee 0e              735 	.byte	14
000000ef 01              736 	.byte	1
000000f0 b408            737 	.byte	180,8
000000f2 434f4e53545f    738 	.strz	"CONST_SEC_OPEN "
000000f8 5345435f4f50 
000000fe 454e2000 
00000102 04              739 	.byte	4
00000103 04              740 	.byte	4
00000104 01              741 	.byte	1
00000105 3f              742 	.byte	63
00000106 46494d5f5741    743 	.strz	"FIM_WAS_STARTED_SEC_ROM_CONST "
0000010c 535f53544152 
00000112 5445445f5345 
00000118 435f524f4d5f 
0000011e 434f4e535420 
00000124 00 
00000125 04              744 	.byte	4

                                                                      Page 17
                                                              C:\Users\nhuliyap\AppData\Local\Temp\gh_0000d1s1.s
00000126 01              745 	.byte	1
00000127 32              746 	.byte	50
00000128 46494d5f5354    747 	.strz	"FIM_STOP_SEC_ROM_CONST "
0000012e 4f505f534543 
00000134 5f524f4d5f43 
0000013a 4f4e53542000 
00000140 03              748 	.byte	3
00000141 33              749 	.byte	51
00000142 0c              750 	.byte	12
00000143 01              751 	.byte	1
00000144 06              752 	.byte	6
00000145 4d454d4d4150    753 	.strz	"MEMMAP_ERROR "
0000014b 5f4552524f52 
00000151 2000 
00000153 01              754 	.byte	1
00000154 47              755 	.byte	71
00000155 4253575f5354    756 	.strz	"BSW_STOP_SEC_DEFAULT_CONST_UNSPECIFIED "
0000015b 4f505f534543 
00000161 5f4445464155 
00000167 4c545f434f4e 
0000016d 53545f554e53 
00000173 504543494649 
00000179 45442000 
0000017d 03              757 	.byte	3
0000017e 48              758 	.byte	72
0000017f 0d              759 	.byte	13
00000180 01              760 	.byte	1
00000181 bf05            761 	.byte	191,5
00000183 53544f505f53    762 	.strz	"STOP_SEC_CONST "
00000189 45435f434f4e 
0000018f 53542000 
00000193 03              763 	.byte	3
00000194 bb09            764 	.byte	187,9
00000196 0e              765 	.byte	14
00000197 04              766 	.byte	4
00000198 04              767 	.byte	4
00000199 04              768 	.byte	4
0000019a 04              769 	.byte	4
0000019b 03              770 	.byte	3
0000019c 1d              771 	.byte	29
0000019d 0f              772 	.byte	15
0000019e 03              773 	.byte	3
0000019f 06              774 	.byte	6
000001a0 10              775 	.byte	16
000001a1 01              776 	.byte	1
000001a2 20              777 	.byte	32
000001a3 46694d436f6e    778 	.strz	"FiMConf_FiMFID_FiMFID_0 (1)"
000001a9 665f46694d46 
000001af 49445f46694d 
000001b5 4649445f3020 
000001bb 28312900 
000001bf 04              779 	.byte	4
000001c0 03              780 	.byte	3
000001c1 07              781 	.byte	7
000001c2 11              782 	.byte	17
000001c3 01              783 	.byte	1
000001c4 28              784 	.byte	40
000001c5 46494d5f4346    785 	.strz	"FIM_CFG_MAX_TOTAL_LINKS_COMPONENT_CALC 1"
000001cb 475f4d41585f 
000001d1 544f54414c5f 
000001d7 4c494e4b535f 

                                                                      Page 18
                                                              C:\Users\nhuliyap\AppData\Local\Temp\gh_0000d1s1.s
000001dd 434f4d504f4e 
000001e3 454e545f4341 
000001e9 4c43203100 
000001ee 01              786 	.byte	1
000001ef 29              787 	.byte	41
000001f0 46494d5f4346    788 	.strz	"FIM_CFG_MAXIMUM_LINKS_PER_FID_CALC 2"
000001f6 475f4d415849 
000001fc 4d554d5f4c49 
00000202 4e4b535f5045 
00000208 525f4649445f 
0000020e 43414c432032 
00000214 00 
00000215 01              789 	.byte	1
00000216 2a              790 	.byte	42
00000217 46494d5f4346    791 	.strz	"FIM_CFG_NUMBEROFDEMEVENTIDS 41"
0000021d 475f4e554d42 
00000223 45524f464445 
00000229 4d4556454e54 
0000022f 494453203431 
00000235 00 
00000236 01              792 	.byte	1
00000237 2b              793 	.byte	43
00000238 46494d5f4346    794 	.strz	"FIM_CFG_NUMBEROFDEMCOMPONENTIDS 6"
0000023e 475f4e554d42 
00000244 45524f464445 
0000024a 4d434f4d504f 
00000250 4e454e544944 
00000256 53203600 
0000025a 04              795 	.byte	4
0000025b 01              796 	.byte	1
0000025c 0a              797 	.byte	10
0000025d 46494d5f4346    798 	.strz	"FIM_CFG_LAST_FAILED 1u"
00000263 475f4c415354 
00000269 5f4641494c45 
0000026f 4420317500 
00000274 04              799 	.byte	4
00000275 01              800 	.byte	1
00000276 21              801 	.byte	33
00000277 46494d5f5354    802 	.strz	"FIM_START_SEC_ROM_CONST "
0000027d 4152545f5345 
00000283 435f524f4d5f 
00000289 434f4e535420 
0000028f 00 
00000290 03              803 	.byte	3
00000291 22              804 	.byte	34
00000292 0c              805 	.byte	12
00000293 01              806 	.byte	1
00000294 06              807 	.byte	6
00000295 4d454d4d4150    808 	.strz	"MEMMAP_ERROR "
0000029b 5f4552524f52 
000002a1 2000 
000002a3 01              809 	.byte	1
000002a4 3a              810 	.byte	58
000002a5 4253575f5354    811 	.strz	"BSW_START_SEC_DEFAULT_CONST_UNSPECIFIED "
000002ab 4152545f5345 
000002b1 435f44454641 
000002b7 554c545f434f 
000002bd 4e53545f554e 
000002c3 535045434946 
000002c9 4945442000 
000002ce 03              812 	.byte	3

                                                                      Page 19
                                                              C:\Users\nhuliyap\AppData\Local\Temp\gh_0000d1s1.s
000002cf 3b              813 	.byte	59
000002d0 0d              814 	.byte	13
000002d1 01              815 	.byte	1
000002d2 bc05            816 	.byte	188,5
000002d4 53544152545f    817 	.strz	"START_SEC_CONST_UNSPECIFIED "
000002da 5345435f434f 
000002e0 4e53545f554e 
000002e6 535045434946 
000002ec 4945442000 
000002f1 03              818 	.byte	3
000002f2 bb09            819 	.byte	187,9
000002f4 0e              820 	.byte	14
000002f5 01              821 	.byte	1
000002f6 b408            822 	.byte	180,8
000002f8 434f4e53545f    823 	.strz	"CONST_SEC_OPEN "
000002fe 5345435f4f50 
00000304 454e2000 
00000308 04              824 	.byte	4
00000309 04              825 	.byte	4
0000030a 01              826 	.byte	1
0000030b 3f              827 	.byte	63
0000030c 46494d5f5741    828 	.strz	"FIM_WAS_STARTED_SEC_ROM_CONST "
00000312 535f53544152 
00000318 5445445f5345 
0000031e 435f524f4d5f 
00000324 434f4e535420 
0000032a 00 
0000032b 04              829 	.byte	4
0000032c 01              830 	.byte	1
0000032d 6b              831 	.byte	107
0000032e 46494d5f4346    832 	.strz	"FIM_CFG_MAX_TOTAL_LINKS_EVENT_CALC (1)"
00000334 475f4d41585f 
0000033a 544f54414c5f 
00000340 4c494e4b535f 
00000346 4556454e545f 
0000034c 43414c432028 
00000352 312900 
00000355 01              833 	.byte	1
00000356 7f              834 	.byte	127
00000357 46494d5f5354    835 	.strz	"FIM_STOP_SEC_ROM_CONST "
0000035d 4f505f534543 
00000363 5f524f4d5f43 
00000369 4f4e53542000 
0000036f 03              836 	.byte	3
00000370 8001            837 	.byte	128,1
00000372 0c              838 	.byte	12
00000373 01              839 	.byte	1
00000374 06              840 	.byte	6
00000375 4d454d4d4150    841 	.strz	"MEMMAP_ERROR "
0000037b 5f4552524f52 
00000381 2000 
00000383 01              842 	.byte	1
00000384 47              843 	.byte	71
00000385 4253575f5354    844 	.strz	"BSW_STOP_SEC_DEFAULT_CONST_UNSPECIFIED "
0000038b 4f505f534543 
00000391 5f4445464155 
00000397 4c545f434f4e 
0000039d 53545f554e53 
000003a3 504543494649 
000003a9 45442000 
000003ad 03              845 	.byte	3

                                                                      Page 20
                                                              C:\Users\nhuliyap\AppData\Local\Temp\gh_0000d1s1.s
000003ae 48              846 	.byte	72
000003af 0d              847 	.byte	13
000003b0 01              848 	.byte	1
000003b1 bf05            849 	.byte	191,5
000003b3 53544f505f53    850 	.strz	"STOP_SEC_CONST "
000003b9 45435f434f4e 
000003bf 53542000 
000003c3 03              851 	.byte	3
000003c4 bb09            852 	.byte	187,9
000003c6 0e              853 	.byte	14
000003c7 04              854 	.byte	4
000003c8 04              855 	.byte	4
000003c9 04              856 	.byte	4
000003ca 04              857 	.byte	4
000003cb 00              858 	.byte	0
                         859 	.section	.debug_abbrev
0000008e 00              860 	.byte	0
                         861 	.section	.debug_info
                         862 .Ldw_end:
                         863 .rh850_flags REGMODE32,DATA_ALIGN8,GP_FIX,EP_NONFIX,TP_FIX,REG2_RESERVE,G3K,GHS_MISALIGN,SDA_EXTRA_REGS_0
