                                                                      Page 1
                                                              C:\Users\nhuliyap\AppData\Local\Temp\gh_0000cog1.s
Command Line: C:\ghs\comp_201517\ease850.exe -w -elf -b0 -I../source/common -I../source/ProjectCompiler -I../source/ProjectCfg -I../source/SwcApplTpms -I../source/SwcApplEcuM -I../source/SwcServiceBswM -I../source/SwcServiceEcuM -I../source/SwcServiceNvM -I../source/SwcServiceOs -I../source/SwcServiceStartUp -I../source/McalAdc -I../source/McalDio -I../source/McalGpt -I../source/McalMcu -I../source/McalWdg -I../source/wrappers -I../source/wrappers/McalAta -I../source/McalLin -I../source/McalCan -I../source/wrappers/OS -I../source/McalFls -I../source/EcuabFee -I../source/EcuabMemIf -I../source/wrappers/VStdLib -I../source/wrappers/Crc -I../source/wrappers/FBL_APPL -I../source/wrappers/NVM_MANAGER -I../source/wrappers/DEM_MANAGER -I../source/wrappers/RDC_MANAGER -I../source/wrappers/ENV_MANAGER -I../source/wrappers/SYS_MANAGER -I../source/wrappers/EcuabCanIf -I../source/EcuabCanTrcv -I../source/wrappers/SwcServiceCanSM -I../source/wrappers/SwcServiceCanTp -I../source/wrappers/SwcServiceCanTp_PreCompile -I../source/wrappers/SwcServiceCom -I../source/wrappers/SwcServiceComM -I../source/wrappers/SwcServiceDcm -I../source/wrappers/SwcServicePduR -I../source/wrappers/SwcServiceEcuM -I../source/wrappers/Bfx -I../source/wrappers/SwcServiceDem -I../source/SwcServiceCom -I../source/SwcServiceDet -I../source/SwcServiceFiM -I../source/SwcServicePduR -I../source/SwcServiceSchM -I../source/wrappers/LibAutosarDiag -I../source/wrappers/rba_BswSrv -IC:\ghs\comp_201517\lib\rh850 -cg_underscore -cpu=rh850g3k -no_v850_simd -rh850_fpsimd=none -nomacro -patch_dbo=C:\_ECU2\ECU_Rivian_A1\Target\repo_projects\pRealEcu\cR_LATEST\make\output\objects\multiframe.dbo -source=multiframe.c -o output\objects\gh_0000cog1.o -list=output\list\multiframe.lst C:\Users\nhuliyap\AppData\Local\Temp\gh_0000cog1.s 
Original File: C:\Users\nhuliyap\AppData\Local\Temp\gh_0000cog1.s
Source File: multiframe.c
Directory: C:\_ECU2\ECU_Rivian_A1\Target\repo_projects\pRealEcu\cR_LATEST\make
Host OS: Windows
EASE: Copyright (C) 1983-2015 Green Hills Software.  All Rights Reserved.
Release: Compiler v2015.1.7
Build Directory: [Directory] BTOWORKER6:c:/build_2015_1_bto/2015-10-21.2100-2015_1_bto/win32-comp-ecom
Revision: [VCInfo] http://toolsvc/branches/release-branch-70-bto/src@544153 (built by build)
Revision Date: Thu Oct 22 07:50:13 2015

Release Date: Thu Oct 22 09:32:32 2015

                           1 --Driver Command: ccv850 ../source/SwcApplTpms/multiframe.c -cpu=rh850 -fhard
                           2 --		-ignore_callt_state_in_interrupts -large_sda -misalign_pack
                           3 --		-nofarcalls -nofloatio -no_callt -Ogeneral -Onounroll
                           4 --		-prepare_dispose -registermode=32 -reserve_r2 -sda=0
                           5 --		-shorten_loads -Wshadow --brief_diagnostics --no_commons
                           6 --		--no_wrap_diagnostics --prototype_errors --short_enum -list -G
                           7 --		-dual_debug -dwarf -X5523 -lnk=-no_xda_modifications -D
                           8 --		NOT_READY_FOR_TESTING_OR_DEPLOYMENT -D IBTCM_SW_ANPASSUNGEN -D
                           9 --		BUILD_RIVIAN -c -inline_prologue -I../source/common
                          10 --		-I../source/ProjectCompiler -I../source/ProjectCfg
                          11 --		-I../source/SwcApplTpms -I../source/SwcApplEcuM
                          12 --		-I../source/SwcServiceBswM -I../source/SwcServiceEcuM
                          13 --		-I../source/SwcServiceNvM -I../source/SwcServiceOs
                          14 --		-I../source/SwcServiceStartUp -I../source/McalAdc
                          15 --		-I../source/McalDio -I../source/McalGpt -I../source/McalMcu
                          16 --		-I../source/McalWdg -I../source/wrappers
                          17 --		-I../source/wrappers/McalAta -I../source/McalLin
                          18 --		-I../source/McalCan -I../source/wrappers/OS -I../source/McalFls
                          19 --		-I../source/EcuabFee -I../source/EcuabMemIf
                          20 --		-I../source/wrappers/VStdLib -I../source/wrappers
                          21 --		-I../source/wrappers/Crc -I../source/wrappers/FBL_APPL
                          22 --		-I../source/wrappers/NVM_MANAGER -I../source/wrappers/DEM_MANAGER
                          23 --		-I../source/wrappers/RDC_MANAGER -I../source/wrappers/ENV_MANAGER
                          24 --		-I../source/wrappers/SYS_MANAGER -I../source/wrappers/EcuabCanIf
                          25 --		-I../source/EcuabCanTrcv -I../source/wrappers/SwcServiceCanSM
                          26 --		-I../source/wrappers/SwcServiceCanTp
                          27 --		-I../source/wrappers/SwcServiceCanTp_PreCompile
                          28 --		-I../source/wrappers/SwcServiceCom
                          29 --		-I../source/wrappers/SwcServiceComM
                          30 --		-I../source/wrappers/SwcServiceDcm
                          31 --		-I../source/wrappers/SwcServicePduR
                          32 --		-I../source/wrappers/SwcServiceEcuM -I../source/wrappers/Bfx
                          33 --		-I../source/wrappers/SwcServiceDem -I../source/SwcServiceCom
                          34 --		-I../source/SwcServiceDet -I../source/SwcServiceFiM
                          35 --		-I../source/SwcServicePduR -I../source/SwcServiceSchM
                          36 --		-I../source/wrappers/LibAutosarDiag
                          37 --		-I../source/wrappers/rba_BswSrv -object_dir=output/objects
                          38 --		-list_dir=output/list
                          39 --Source File:   ../source/SwcApplTpms/multiframe.c
                          40 --Directory:     
                          41 --		C:\_ECU2\ECU_Rivian_A1\Target\repo_projects\pRealEcu\cR_LATEST\make
                          42 --Compile Date:  Fri Sep 15 14:07:55 2023
                          43 --Host OS:       Win32
                          44 --Version:       C-RH850 2015.1.7 RELEASE VERSION
                          45 --Release:       Compiler v2015.1.7
                          46 --Revision Date: Thu Oct 22 08:06:12 2015
                          47 --Release Date:  Thu Oct 22 09:34:32 2015
                          48 -- ecom  -g -w -OM
                          49 	.text
                          50 ..bof.C.3A.5C_ECU2.5CECU_Rivian_A1.5CTarget.5Crepo_projects.5CpRealEcu.5CcR_LATEST.5Cmake.5Coutput.5Cobjects.5Cmultiframe...43.3A.5C_ECU2.5CECU_Rivian_A1.5CTarget.5Crepo_projects.5CpRealEcu.5CcR_LATEST.5Cmake..6504491B..0::

                                                                      Page 2
                                                              C:\Users\nhuliyap\AppData\Local\Temp\gh_0000cog1.s
                          51 	.align	2
                          52 ..gh.f.f.1.e.0:
                          53 	.type	..gh.f.f.1.e.0,@object
                          54 	.size	..gh.f.f.1.e.0,0
                          55 	.global	_InitOneSlotMF..C.3A.5C_ECU2.5CECU_Rivian_A1.5CTarget.5Crepo_projects.5CpRealEcu.5CcR_LATEST.5Cmake.5Coutput.5Cobjects.5Cmultiframe.
                          56 _InitOneSlotMF..C.3A.5C_ECU2.5CECU_Rivian_A1.5CTarget.5Crepo_projects.5CpRealEcu.5CcR_LATEST.5Cmake.5Coutput.5Cobjects.5Cmultiframe.:
                          57 _InitOneSlotMF:
00000000 8600             58 	zxb	r6
                          59 --	    .bf
                          60 .LDW01:
00000002 6a32             61 	cmp	10,r6
00000004 b90d*            62 	bnl	.L2
                          63 --line11
                          64 ..lin.C.3A.5C_ECU2.5CECU_Rivian_A1.5CTarget.5Crepo_projects.5CpRealEcu.5CcR_LATEST.5Cmake.5Coutput.5Cobjects.5Cmultiframe.1::
                          65 .LDWlin1:
00000006 06f0             66 	mov	r6,ep
00000008 c3f2             67 	shl	3,ep
0000000a 330600000000*    68 	mov	_tMultiFrameMF,r19
00000010 d3f1             69 	add	r19,ep
00000012 0105             70 	sst.w	zero,0[ep]
                          71 --line12
                          72 ..lin.C.3A.5C_ECU2.5CECU_Rivian_A1.5CTarget.5Crepo_projects.5CpRealEcu.5CcR_LATEST.5Cmake.5Coutput.5Cobjects.5Cmultiframe.2::
                          73 .LDWlin2:
00000014 8403             74 	sst.b	zero,4[ep]
00000016 8503             75 	sst.b	zero,5[ep]
00000018 8603             76 	sst.b	zero,6[ep]
                          77 .L2:
                          78 --	    .ef
                          79 .LDW11:
0000001a 7f00             80 	jmp	[lp]
                          81 ___ghs_eofn_InitOneSlotMF:
                          82 	.type	_InitOneSlotMF,@function
                          83 	.size	_InitOneSlotMF,.-_InitOneSlotMF
                          84 	.type	_InitOneSlotMF..C.3A.5C_ECU2.5CECU_Rivian_A1.5CTarget.5Crepo_projects.5CpRealEcu.5CcR_LATEST.5Cmake.5Coutput.5Cobjects.5Cmultiframe.,@function
                          85 	.size	_InitOneSlotMF..C.3A.5C_ECU2.5CECU_Rivian_A1.5CTarget.5Crepo_projects.5CpRealEcu.5CcR_LATEST.5Cmake.5Coutput.5Cobjects.5Cmultiframe.,.-_InitOneSlotMF..C.3A.5C_ECU2.5CECU_Rivian_A1.5CTarget.5Crepo_projects.5CpRealEcu.5CcR_LATEST.5Cmake.5Coutput.5Cobjects.5Cmultiframe.
                          86 	.align	2
                          87 
                          88 --_ucSlot	r6	param
                          89 
                          90 	.section ".bss","awb"
                          91 .L38:
                          92 	.type	.L38,@object
                          93 	.size	.L38,0
                          94 	.data
                          95 	.text
                          96 	.align	2
                          97 	.align	2
                          98 ..gh.f.f.1.e.1:
                          99 	.type	..gh.f.f.1.e.1,@object
                         100 	.size	..gh.f.f.1.e.1,0
                         101 	.global	_TimeMF
                         102 _TimeMF:
                         103 --	    .bf
                         104 .LDW21:
0000001c 0092            105 	mov	0,r18
                         106 .L75:
0000001e 12f0            107 	mov	r18,ep
00000020 c3f2            108 	shl	3,ep
00000022 300600000000*   109 	mov	_tMultiFrameMF,r16
00000028 d0f1            110 	add	r16,ep
0000002a 6488            111 	sld.bu	4[ep],r17

                                                                      Page 3
                                                              C:\Users\nhuliyap\AppData\Local\Temp\gh_0000cog1.s
0000002c e089            112 	cmp	zero,r17
0000002e c205*           113 	be	.L76
                         114 --line23
                         115 ..lin.C.3A.5C_ECU2.5CECU_Rivian_A1.5CTarget.5Crepo_projects.5CpRealEcu.5CcR_LATEST.5Cmake.5Coutput.5Cobjects.5Cmultiframe.3::
                         116 .LDWlin3:
00000030 117effff        117 	addi	-1,r17,r15
00000034 847b            118 	sst.b	r15,4[ep]
                         119 .L76:
00000036 4192            120 	add	1,r18
00000038 6a92            121 	cmp	10,r18
0000003a a1f5*           122 	bl	.L75
                         123 --	    .ef
                         124 .LDW31:
                         125 --line26
                         126 ..lin.C.3A.5C_ECU2.5CECU_Rivian_A1.5CTarget.5Crepo_projects.5CpRealEcu.5CcR_LATEST.5Cmake.5Coutput.5Cobjects.5Cmultiframe.4::
                         127 .LDWlin4:
0000003c 7f00            128 	jmp	[lp]
                         129 	.global	___ghs_eofn_TimeMF
                         130 ___ghs_eofn_TimeMF:
                         131 	.type	_TimeMF,@function
                         132 	.size	_TimeMF,.-_TimeMF
                         133 	.align	2
                         134 --_ucSlot	r18	local
                         135 
                         136 	.section ".bss","awb"
                         137 .L112:
                         138 	.type	.L112,@object
                         139 	.size	.L112,0
                         140 	.data
                         141 	.text
                         142 	.align	2
                         143 	.align	2
                         144 ..gh.f.f.1.e.2:
                         145 	.type	..gh.f.f.1.e.2,@object
                         146 	.size	..gh.f.f.1.e.2,0
                         147 	.global	_ucSearchIdMF..C.3A.5C_ECU2.5CECU_Rivian_A1.5CTarget.5Crepo_projects.5CpRealEcu.5CcR_LATEST.5Cmake.5Coutput.5Cobjects.5Cmultiframe.
                         148 _ucSearchIdMF..C.3A.5C_ECU2.5CECU_Rivian_A1.5CTarget.5Crepo_projects.5CpRealEcu.5CcR_LATEST.5Cmake.5Coutput.5Cobjects.5Cmultiframe.:
                         149 _ucSearchIdMF:
                         150 --	    .bf
                         151 .LDW41:
0000003e 0a4a            152 	mov	10,r9
00000040 0940            153 	mov	r9,r8
00000042 0092            154 	mov	0,r18
                         155 .L167:
00000044 12f0            156 	mov	r18,ep
00000046 c3f2            157 	shl	3,ep
00000048 330600000000*   158 	mov	_tMultiFrameMF,r19
0000004e d3f1            159 	add	r19,ep
00000050 003d            160 	sld.w	0[ep],r7
00000052 e639            161 	cmp	r6,r7
                         162 --line71
                         163 ..lin.C.3A.5C_ECU2.5CECU_Rivian_A1.5CTarget.5Crepo_projects.5CpRealEcu.5CcR_LATEST.5Cmake.5Coutput.5Cobjects.5Cmultiframe.5::
                         164 .LDWlin5:
00000054 ea971453        165 	cmovne	10,r18,r10
00000058 c20d*           166 	be	.L166
                         167 --line74
                         168 ..lin.C.3A.5C_ECU2.5CECU_Rivian_A1.5CTarget.5Crepo_projects.5CpRealEcu.5CcR_LATEST.5Cmake.5Coutput.5Cobjects.5Cmultiframe.6::
                         169 .LDWlin6:
0000005a e039            170 	cmp	zero,r7
0000005c ca05*           171 	bne	.L172
                         172 --line75

                                                                      Page 4
                                                              C:\Users\nhuliyap\AppData\Local\Temp\gh_0000cog1.s
                         173 ..lin.C.3A.5C_ECU2.5CECU_Rivian_A1.5CTarget.5Crepo_projects.5CpRealEcu.5CcR_LATEST.5Cmake.5Coutput.5Cobjects.5Cmultiframe.7::
                         174 .LDWlin7:
0000005e 6a42            175 	cmp	10,r8
00000060 f2472443        176 	cmove	r18,r8,r8
                         177 .L172:
00000064 6488            178 	sld.bu	4[ep],r17
00000066 e089            179 	cmp	zero,r17
00000068 ca05*           180 	bne	.L166
                         181 --line80
                         182 ..lin.C.3A.5C_ECU2.5CECU_Rivian_A1.5CTarget.5Crepo_projects.5CpRealEcu.5CcR_LATEST.5Cmake.5Coutput.5Cobjects.5Cmultiframe.8::
                         183 .LDWlin8:
0000006a 6a4a            184 	cmp	10,r9
0000006c f24f244b        185 	cmove	r18,r9,r9
                         186 .L166:
00000070 4192            187 	add	1,r18
00000072 9200            188 	zxb	r18
00000074 6a52            189 	cmp	10,r10
00000076 aa0d*           190 	bne	.L163
00000078 6a92            191 	cmp	10,r18
0000007a d1e5*           192 	bl	.L167
                         193 --line87
                         194 ..lin.C.3A.5C_ECU2.5CECU_Rivian_A1.5CTarget.5Crepo_projects.5CpRealEcu.5CcR_LATEST.5Cmake.5Coutput.5Cobjects.5Cmultiframe.9::
                         195 .LDWlin9:
0000007c 6a42            196 	cmp	10,r8
0000007e ea471253        197 	cmovnl	10,r8,r10
00000082 c105*           198 	bl	.L163
                         199 --line91
                         200 ..lin.C.3A.5C_ECU2.5CECU_Rivian_A1.5CTarget.5Crepo_projects.5CpRealEcu.5CcR_LATEST.5Cmake.5Coutput.5Cobjects.5Cmultiframe.10::
                         201 .LDWlin10:
00000084 6a4a            202 	cmp	10,r9
00000086 e9572253        203 	cmovl	r9,r10,r10
                         204 .L163:
                         205 --	    .ef
                         206 .LDW51:
0000008a 7f00            207 	jmp	[lp]
                         208 ___ghs_eofn_ucSearchIdMF:
                         209 	.type	_ucSearchIdMF,@function
                         210 	.size	_ucSearchIdMF,.-_ucSearchIdMF
                         211 	.type	_ucSearchIdMF..C.3A.5C_ECU2.5CECU_Rivian_A1.5CTarget.5Crepo_projects.5CpRealEcu.5CcR_LATEST.5Cmake.5Coutput.5Cobjects.5Cmultiframe.,@function
                         212 	.size	_ucSearchIdMF..C.3A.5C_ECU2.5CECU_Rivian_A1.5CTarget.5Crepo_projects.5CpRealEcu.5CcR_LATEST.5Cmake.5Coutput.5Cobjects.5Cmultiframe.,.-_ucSearchIdMF..C.3A.5C_ECU2.5CECU_Rivian_A1.5CTarget.5Crepo_projects.5CpRealEcu.5CcR_LATEST.5Cmake.5Coutput.5Cobjects.5Cmultiframe.
                         213 	.align	2
                         214 --_ucSlot	r18	local
                         215 --_ucFreeSlot	r9	local
                         216 --_ucFreeSlotNoId	r8	local
                         217 --_ucRet	r10	local
                         218 
                         219 --_ulReID	r6	param
                         220 
                         221 	.section ".bss","awb"
                         222 .L349:
                         223 	.type	.L349,@object
                         224 	.size	.L349,0
                         225 	.data
                         226 	.text
                         227 	.align	2
                         228 	.align	2
                         229 ..gh.f.f.1.e.3:
                         230 	.type	..gh.f.f.1.e.3,@object
                         231 	.size	..gh.f.f.1.e.3,0
                         232 	.global	_ucCheckForMultiFrameMF
                         233 _ucCheckForMultiFrameMF:

                                                                      Page 5
                                                              C:\Users\nhuliyap\AppData\Local\Temp\gh_0000cog1.s
0000008c 8007e130        234 	prepare	{r26,r27,r28,r29,r31},0
00000090 07e0            235 	mov	r7,r28
00000092 06d8            236 	mov	r6,r27
00000094 9c00            237 	zxb	r28
00000096 08d0            238 	mov	r8,r26
                         239 --	    .bf
                         240 .LDW61:
                         241 	jarl	_ucSearchIdMF,lp
                         241 <EXPANSION BEGIN>
                         241 jarl22 _ucSearchIdMF , lp 
00000098 bfffa6ff*       241 <EXPANSION END>
0000009c 0a30            242 	mov	r10,r6
                         243 --line36
                         244 ..lin.C.3A.5C_ECU2.5CECU_Rivian_A1.5CTarget.5Crepo_projects.5CpRealEcu.5CcR_LATEST.5Cmake.5Coutput.5Cobjects.5Cmultiframe.11::
                         245 .LDWlin11:
0000009e 6a52            246 	cmp	10,r10
000000a0 e92d*           247 	bnl	.L490
                         248 --line37
                         249 ..lin.C.3A.5C_ECU2.5CECU_Rivian_A1.5CTarget.5Crepo_projects.5CpRealEcu.5CcR_LATEST.5Cmake.5Coutput.5Cobjects.5Cmultiframe.12::
                         250 .LDWlin12:
000000a2 0ae8            251 	mov	r10,r29
000000a4 c3ea            252 	shl	3,r29
000000a6 270600000000*   253 	mov	_tMultiFrameMF,r7
000000ac c7e9            254 	add	r7,r29
000000ae 9d9f0500        255 	ld.bu	4[r29],r19
000000b2 e099            256 	cmp	zero,r19
000000b4 f205*           257 	be	.L493
000000b6 e0e1            258 	cmp	zero,r28
000000b8 9215*           259 	be	.L492
000000ba 9d970700        260 	ld.bu	6[r29],r18
000000be fc91            261 	cmp	r28,r18
000000c0 d20d*           262 	be	.L492
                         263 .L493:
                         264 --line38
                         265 ..lin.C.3A.5C_ECU2.5CECU_Rivian_A1.5CTarget.5Crepo_projects.5CpRealEcu.5CcR_LATEST.5Cmake.5Coutput.5Cobjects.5Cmultiframe.13::
                         266 .LDWlin13:
                         267 	jarl	_InitOneSlotMF,lp
                         267 <EXPANSION BEGIN>
                         267 jarl22 _InitOneSlotMF , lp 
000000c2 bfff3eff*       267 <EXPANSION END>
                         268 --line40
                         269 ..lin.C.3A.5C_ECU2.5CECU_Rivian_A1.5CTarget.5Crepo_projects.5CpRealEcu.5CcR_LATEST.5Cmake.5Coutput.5Cobjects.5Cmultiframe.14::
                         270 .LDWlin14:
000000c6 1df0            271 	mov	r29,ep
000000c8 6540            272 	sld.bu	5[ep],r8
000000ca 84d3            273 	sst.b	r26,4[ep]
000000cc 01dd            274 	sst.w	r27,0[ep]
000000ce 86e3            275 	sst.b	r28,6[ep]
000000d0 4142            276 	add	1,r8
000000d2 8543            277 	sst.b	r8,5[ep]
000000d4 0052            278 	mov	0,r10
000000d6 4006ff30        279 	dispose	0,{r26,r27,r28,r29,r31},[lp]
                         280 .L492:
                         281 --line47
                         282 ..lin.C.3A.5C_ECU2.5CECU_Rivian_A1.5CTarget.5Crepo_projects.5CpRealEcu.5CcR_LATEST.5Cmake.5Coutput.5Cobjects.5Cmultiframe.15::
                         283 .LDWlin15:
000000da bd4f0500        284 	ld.bu	5[r29],r9
000000de 634a            285 	cmp	3,r9
000000e0 f105*           286 	bl	.L498
000000e2 e0e1            287 	cmp	zero,r28
000000e4 c20d*           288 	be	.L490

                                                                      Page 6
                                                              C:\Users\nhuliyap\AppData\Local\Temp\gh_0000cog1.s
000000e6 9d8f0700        289 	ld.bu	6[r29],r17
000000ea fc89            290 	cmp	r28,r17
000000ec 8a0d*           291 	bne	.L490
                         292 .L498:
                         293 --line48
                         294 ..lin.C.3A.5C_ECU2.5CECU_Rivian_A1.5CTarget.5Crepo_projects.5CpRealEcu.5CcR_LATEST.5Cmake.5Coutput.5Cobjects.5Cmultiframe.16::
                         295 .LDWlin16:
000000ee 09860100        296 	addi	1,r9,r16
000000f2 5d870500        297 	st.b	r16,5[r29]
000000f6 0152            298 	mov	1,r10
000000f8 4006ff30        299 	dispose	0,{r26,r27,r28,r29,r31},[lp]
                         300 .L490:
                         301 --line57
                         302 ..lin.C.3A.5C_ECU2.5CECU_Rivian_A1.5CTarget.5Crepo_projects.5CpRealEcu.5CcR_LATEST.5Cmake.5Coutput.5Cobjects.5Cmultiframe.17::
                         303 .LDWlin17:
000000fc 0052            304 	mov	0,r10
                         305 --	    .ef
                         306 .LDW71:
000000fe 4006ff30        307 	dispose	0,{r26,r27,r28,r29,r31},[lp]
                         308 	.global	___ghs_eofn_ucCheckForMultiFrameMF
                         309 ___ghs_eofn_ucCheckForMultiFrameMF:
                         310 	.type	_ucCheckForMultiFrameMF,@function
                         311 	.size	_ucCheckForMultiFrameMF,.-_ucCheckForMultiFrameMF
                         312 	.align	2
                         313 --_ucSlot	r6	local
                         314 --_ucRet	r10	local
                         315 
                         316 --_ulReID	r27	param
                         317 --_ucTGCounter	r28	param
                         318 --_u8MaxTimeFilter	r26	param
                         319 
                         320 	.section ".bss","awb"
                         321 .L607:
                         322 	.type	.L607,@object
                         323 	.size	.L607,0
                         324 	.data
                         325 	.text
                         326 	.align	2
                         327 
                         328 	.data
                         329 	.section ".bss","awb"
                         330 	.align	4
                         331 	.align	4
                         332 	.global	_tMultiFrameMF
00000000 000000000000    333 _tMultiFrameMF:	.space	80
00000006 000000000000 
0000000c 000000000000 
00000012 000000000000 
00000018 000000000000 
0000001e 000000000000 
00000024 000000000000 
0000002a 000000000000 
00000030 000000000000 
00000036 000000000000 
0000003c 000000000000 
00000042 000000000000 
00000048 000000000000 
0000004e 0000 
                         334 	.type	_tMultiFrameMF,@object
                         335 	.size	_tMultiFrameMF,80
                         336 	.data

                                                                      Page 7
                                                              C:\Users\nhuliyap\AppData\Local\Temp\gh_0000cog1.s
                         337 	.ghsnote version,17
                         338 	.ghsnote tools,3
                         339 	.ghsnote options,144
                         340 	.text
                         341 	.align	2
                         342 ..eof.C.3A.5C_ECU2.5CECU_Rivian_A1.5CTarget.5Crepo_projects.5CpRealEcu.5CcR_LATEST.5Cmake.5Coutput.5Cobjects.5Cmultiframe...43.3A.5C_ECU2.5CECU_Rivian_A1.5CTarget.5Crepo_projects.5CpRealEcu.5CcR_LATEST.5Cmake..6504491B..0::
                         343 	.section	.debug_info
                         344 .Ldw_begin:
00000000 b1030000        345 	.word	.Ldw_end-.Ldw_begin-4
00000004 0200            346 	.byte	2,0
00000006 00000000*       347 	.word	.Ldw_abbr_begin
0000000a 04              348 	.byte	4
                         349 	.section	.debug_abbrev
                         350 .Ldw_abbr_begin:
                         351 	.section	.debug_info
0000000b 01              352 	.byte	1
0000000c 00000000*       353 	.word	..bof.C.3A.5C_ECU2.5CECU_Rivian_A1.5CTarget.5Crepo_projects.5CpRealEcu.5CcR_LATEST.5Cmake.5Coutput.5Cobjects.5Cmultiframe...43.3A.5C_ECU2.5CECU_Rivian_A1.5CTarget.5Crepo_projects.5CpRealEcu.5CcR_LATEST.5Cmake..6504491B..0
00000010 00000000*       354 	.word	..eof.C.3A.5C_ECU2.5CECU_Rivian_A1.5CTarget.5Crepo_projects.5CpRealEcu.5CcR_LATEST.5Cmake.5Coutput.5Cobjects.5Cmultiframe...43.3A.5C_ECU2.5CECU_Rivian_A1.5CTarget.5Crepo_projects.5CpRealEcu.5CcR_LATEST.5Cmake..6504491B..0
00000014 2e2e2f736f75    355 	.strz	"../source/SwcApplTpms/multiframe.c"
0000001a 7263652f5377 
00000020 634170706c54 
00000026 706d732f6d75 
0000002c 6c7469667261 
00000032 6d652e6300 
00000037 433a5c5f4543    356 	.strz	"C:\\_ECU2\\ECU_Rivian_A1\\Target\\repo_projects\\pRealEcu\\cR_LATEST\\make"
0000003d 55325c454355 
00000043 5f5269766961 
00000049 6e5f41315c54 
0000004f 61726765745c 
00000055 7265706f5f70 
0000005b 726f6a656374 
00000061 735c70526561 
00000067 6c4563755c63 
0000006d 525f4c415445 
00000073 53545c6d616b 
00000079 6500 
0000007b 474853204320    357 	.strz	"GHS C 2015.1.7 [dual]"
00000081 323031352e31 
00000087 2e37205b6475 
0000008d 616c5d00 
00000091 0100            358 	.byte	1,0
00000093 00000000*       359 	.word	.Ldw_line_begin
00000097 00000000*       360 	.word	.Ldw_macinfo_begin
0000009b 00              361 	.byte	0
                         362 
                         363 	.section	.debug_abbrev
00000000 01              364 	.byte	1
00000001 11              365 	.byte	17
00000002 01              366 	.byte	1
00000003 1101            367 	.byte	17,1
00000005 1201            368 	.byte	18,1
00000007 0308            369 	.byte	3,8
00000009 1b08            370 	.byte	27,8
0000000b 2508            371 	.byte	37,8
0000000d 1305            372 	.byte	19,5
0000000f 1006            373 	.byte	16,6
00000011 4306            374 	.byte	67,6
00000013 420b            375 	.byte	66,11
00000015 0000            376 	.byte	0,0
                         377 
                         378 	.section	.debug_line

                                                                      Page 8
                                                              C:\Users\nhuliyap\AppData\Local\Temp\gh_0000cog1.s
                         379 .Ldw_line_begin:
00000000 d6030000        380 	.word	.Ldw_line_end-.Ldw_line_begin-4
00000004 0200            381 	.byte	2,0
00000006 00000000*       382 	.word	.Ldw_lpro_end-.Ldw_lpro_begin
                         383 .Ldw_lpro_begin:
0000000a 01              384 	.byte	1
0000000b 00              385 	.byte	0
0000000c 00              386 	.byte	0
0000000d 04              387 	.byte	4
0000000e 0a              388 	.byte	10
0000000f 000101          389 	.byte	0,1,1
00000012 010100          390 	.byte	1,1,0
00000015 000001          391 	.byte	0,0,1
00000018 00              392 	.byte	0
00000019 2e2e2f736f75    393 	.strz	"../source/SwcApplTpms/multiframe.c"
0000001f 7263652f5377 
00000025 634170706c54 
0000002b 706d732f6d75 
00000031 6c7469667261 
00000037 6d652e6300 
0000003c 000000          394 	.byte	0,0,0
0000003f 2e2e2f736f75    395 	.strz	"../source/common/Std_Types.hpp"
00000045 7263652f636f 
0000004b 6d6d6f6e2f53 
00000051 74645f547970 
00000057 65732e687070 
0000005d 00 
0000005e 000000          396 	.byte	0,0,0
00000061 2e2e2f736f75    397 	.strz	"../source/common/Platform_Types.hpp"
00000067 7263652f636f 
0000006d 6d6d6f6e2f50 
00000073 6c6174666f72 
00000079 6d5f54797065 
0000007f 732e68707000 
00000085 000000          398 	.byte	0,0,0
00000088 2e2e2f736f75    399 	.strz	"../source/common/Compiler.hpp"
0000008e 7263652f636f 
00000094 6d6d6f6e2f43 
0000009a 6f6d70696c65 
000000a0 722e68707000 
000000a6 000000          400 	.byte	0,0,0
000000a9 2e2e2f736f75    401 	.strz	"../source/ProjectCompiler/Compiler_Cfg.hpp"
000000af 7263652f5072 
000000b5 6f6a65637443 
000000bb 6f6d70696c65 
000000c1 722f436f6d70 
000000c7 696c65725f43 
000000cd 66672e687070 
000000d3 00 
000000d4 000000          402 	.byte	0,0,0
000000d7 2e2e2f736f75    403 	.strz	"../source/ProjectCompiler/CompilerCfg_SwcServiceOs.hpp"
000000dd 7263652f5072 
000000e3 6f6a65637443 
000000e9 6f6d70696c65 
000000ef 722f436f6d70 
000000f5 696c65724366 
000000fb 675f53776353 
00000101 657276696365 
00000107 4f732e687070 
0000010d 00 
0000010e 000000          404 	.byte	0,0,0

                                                                      Page 9
                                                              C:\Users\nhuliyap\AppData\Local\Temp\gh_0000cog1.s
00000111 2e2e2f736f75    405 	.strz	"../source/SwcApplTpms/iTpms_Interface.hpp"
00000117 7263652f5377 
0000011d 634170706c54 
00000123 706d732f6954 
00000129 706d735f496e 
0000012f 746572666163 
00000135 652e68707000 
0000013b 000000          406 	.byte	0,0,0
0000013e 2e2e2f736f75    407 	.strz	"../source/SwcApplTpms/Tpms_Rte_Data_Type.hpp"
00000144 7263652f5377 
0000014a 634170706c54 
00000150 706d732f5470 
00000156 6d735f527465 
0000015c 5f446174615f 
00000162 547970652e68 
00000168 707000 
0000016b 000000          408 	.byte	0,0,0
0000016e 2e2e2f736f75    409 	.strz	"../source/McalMcu/Types.hpp"
00000174 7263652f4d63 
0000017a 616c4d63752f 
00000180 54797065732e 
00000186 68707000 
0000018a 000000          410 	.byte	0,0,0
0000018d 2e2e2f736f75    411 	.strz	"../source/SwcApplTpms/SwcApplTpms_Rte.hpp"
00000193 7263652f5377 
00000199 634170706c54 
0000019f 706d732f5377 
000001a5 634170706c54 
000001ab 706d735f5274 
000001b1 652e68707000 
000001b7 000000          412 	.byte	0,0,0
000001ba 2e2e2f736f75    413 	.strz	"../source/SwcApplTpms/SwcApplTpms_Rte_Type.hpp"
000001c0 7263652f5377 
000001c6 634170706c54 
000001cc 706d732f5377 
000001d2 634170706c54 
000001d8 706d735f5274 
000001de 655f54797065 
000001e4 2e68707000 
000001e9 000000          414 	.byte	0,0,0
000001ec 2e2e2f736f75    415 	.strz	"../source/SwcApplTpms/multiframe.hpp"
000001f2 7263652f5377 
000001f8 634170706c54 
000001fe 706d732f6d75 
00000204 6c7469667261 
0000020a 6d652e687070 
00000210 00 
00000211 000000          416 	.byte	0,0,0
00000214 2e2e2f736f75    417 	.strz	"../source/SwcApplTpms/tss_stdx.hpp"
0000021a 7263652f5377 
00000220 634170706c54 
00000226 706d732f7473 
0000022c 735f73746478 
00000232 2e68707000 
00000237 000000          418 	.byte	0,0,0
0000023a 2e2e2f736f75    419 	.strz	"../source/ProjectCfg/CfgSwcApplTpms.hpp"
00000240 7263652f5072 
00000246 6f6a65637443 
0000024c 66672f436667 
00000252 537763417070 
00000258 6c54706d732e 

                                                                      Page 10
                                                              C:\Users\nhuliyap\AppData\Local\Temp\gh_0000cog1.s
0000025e 68707000 
00000262 000000          420 	.byte	0,0,0
00000265 2e2e2f736f75    421 	.strz	"../source/SwcApplTpms/multiframeX.hpp"
0000026b 7263652f5377 
00000271 634170706c54 
00000277 706d732f6d75 
0000027d 6c7469667261 
00000283 6d65582e6870 
00000289 7000 
0000028b 000000          422 	.byte	0,0,0
0000028e 00              423 	.byte	0
                         424 .Ldw_lpro_end:
                         425 	.section	.debug_macinfo
                         426 .Ldw_macinfo_begin:
                         427 	.section	.debug_frame
                         428 .LDW_4c7a948:
00000000 00000000*       429 	.word	.LDW_unq_2-.LDW_unq_1
                         430 .LDW_unq_1:
00000004 ffffffff        431 	.byte	255,255,255,255
00000008 01              432 	.byte	1
00000009 00              433 	.byte	0
0000000a 01              434 	.byte	1
0000000b 01              435 	.byte	1
0000000c 1f              436 	.byte	31
0000000d 0c              437 	.byte	12
0000000e 03              438 	.byte	3
0000000f 00              439 	.byte	0
00000010 07              440 	.byte	7
00000011 00              441 	.byte	0
00000012 07              442 	.byte	7
00000013 01              443 	.byte	1
00000014 07              444 	.byte	7
00000015 02              445 	.byte	2
00000016 07              446 	.byte	7
00000017 03              447 	.byte	3
00000018 07              448 	.byte	7
00000019 04              449 	.byte	4
0000001a 07              450 	.byte	7
0000001b 05              451 	.byte	5
0000001c 07              452 	.byte	7
0000001d 06              453 	.byte	6
0000001e 07              454 	.byte	7
0000001f 07              455 	.byte	7
00000020 07              456 	.byte	7
00000021 08              457 	.byte	8
00000022 07              458 	.byte	7
00000023 09              459 	.byte	9
00000024 07              460 	.byte	7
00000025 0a              461 	.byte	10
00000026 07              462 	.byte	7
00000027 0b              463 	.byte	11
00000028 07              464 	.byte	7
00000029 0c              465 	.byte	12
0000002a 07              466 	.byte	7
0000002b 0d              467 	.byte	13
0000002c 07              468 	.byte	7
0000002d 0e              469 	.byte	14
0000002e 07              470 	.byte	7
0000002f 0f              471 	.byte	15
00000030 07              472 	.byte	7
00000031 10              473 	.byte	16

                                                                      Page 11
                                                              C:\Users\nhuliyap\AppData\Local\Temp\gh_0000cog1.s
00000032 07              474 	.byte	7
00000033 11              475 	.byte	17
00000034 07              476 	.byte	7
00000035 12              477 	.byte	18
00000036 07              478 	.byte	7
00000037 13              479 	.byte	19
00000038 08              480 	.byte	8
00000039 14              481 	.byte	20
0000003a 08              482 	.byte	8
0000003b 15              483 	.byte	21
0000003c 08              484 	.byte	8
0000003d 16              485 	.byte	22
0000003e 08              486 	.byte	8
0000003f 17              487 	.byte	23
00000040 08              488 	.byte	8
00000041 18              489 	.byte	24
00000042 08              490 	.byte	8
00000043 19              491 	.byte	25
00000044 08              492 	.byte	8
00000045 1a              493 	.byte	26
00000046 08              494 	.byte	8
00000047 1b              495 	.byte	27
00000048 08              496 	.byte	8
00000049 1c              497 	.byte	28
0000004a 08              498 	.byte	8
0000004b 1d              499 	.byte	29
0000004c 07              500 	.byte	7
0000004d 1e              501 	.byte	30
0000004e 08              502 	.byte	8
0000004f 1f              503 	.byte	31
00000050 07              504 	.byte	7
00000051 20              505 	.byte	32
00000052 07              506 	.byte	7
00000053 21              507 	.byte	33
00000054 07              508 	.byte	7
00000055 22              509 	.byte	34
00000056 07              510 	.byte	7
00000057 23              511 	.byte	35
00000058 07              512 	.byte	7
00000059 24              513 	.byte	36
0000005a 07              514 	.byte	7
0000005b 25              515 	.byte	37
0000005c 07              516 	.byte	7
0000005d 26              517 	.byte	38
0000005e 07              518 	.byte	7
0000005f 27              519 	.byte	39
00000060 07              520 	.byte	7
00000061 28              521 	.byte	40
00000062 07              522 	.byte	7
00000063 29              523 	.byte	41
00000064 07              524 	.byte	7
00000065 2a              525 	.byte	42
00000066 07              526 	.byte	7
00000067 2b              527 	.byte	43
00000068 07              528 	.byte	7
00000069 2c              529 	.byte	44
0000006a 07              530 	.byte	7
0000006b 2d              531 	.byte	45
0000006c 07              532 	.byte	7
0000006d 2e              533 	.byte	46
0000006e 07              534 	.byte	7

                                                                      Page 12
                                                              C:\Users\nhuliyap\AppData\Local\Temp\gh_0000cog1.s
0000006f 2f              535 	.byte	47
00000070 07              536 	.byte	7
00000071 30              537 	.byte	48
00000072 07              538 	.byte	7
00000073 31              539 	.byte	49
00000074 07              540 	.byte	7
00000075 32              541 	.byte	50
00000076 07              542 	.byte	7
00000077 33              543 	.byte	51
00000078 07              544 	.byte	7
00000079 34              545 	.byte	52
0000007a 07              546 	.byte	7
0000007b 35              547 	.byte	53
0000007c 07              548 	.byte	7
0000007d 36              549 	.byte	54
0000007e 07              550 	.byte	7
0000007f 37              551 	.byte	55
00000080 07              552 	.byte	7
00000081 38              553 	.byte	56
00000082 07              554 	.byte	7
00000083 39              555 	.byte	57
00000084 07              556 	.byte	7
00000085 3a              557 	.byte	58
00000086 07              558 	.byte	7
00000087 3b              559 	.byte	59
00000088 07              560 	.byte	7
00000089 3c              561 	.byte	60
0000008a 07              562 	.byte	7
0000008b 3d              563 	.byte	61
0000008c 07              564 	.byte	7
0000008d 3e              565 	.byte	62
0000008e 07              566 	.byte	7
0000008f 3f              567 	.byte	63
                         568 .LDW_unq_2:
                         569 	.section	.debug_info
                         570 .LDW_1706ce8:
0000009c 25              571 	.byte	37
0000009d 756e7369676e    572 	.strz	"unsigned char"
000000a3 656420636861 
000000a9 7200 
000000ab 08              573 	.byte	8
000000ac 01              574 	.byte	1
                         575 
                         576 	.section	.debug_abbrev
00000017 25              577 	.byte	37
00000018 24              578 	.byte	36
00000019 00              579 	.byte	0
0000001a 0308            580 	.byte	3,8
0000001c 3e0b            581 	.byte	62,11
0000001e 0b0b            582 	.byte	11,11
00000020 0000            583 	.byte	0,0
                         584 
                         585 	.section	.debug_info
                         586 .LDW_1706c08:
000000ad 45              587 	.byte	69
000000ae 01              588 	.byte	1
                         589 
                         590 	.section	.debug_abbrev
00000022 45              591 	.byte	69
00000023 15              592 	.byte	21
00000024 01              593 	.byte	1

                                                                      Page 13
                                                              C:\Users\nhuliyap\AppData\Local\Temp\gh_0000cog1.s
00000025 270c            594 	.byte	39,12
00000027 0000            595 	.byte	0,0
                         596 
                         597 	.section	.debug_info
                         598 .LDW_17019a0:
000000af 12              599 	.byte	18
000000b0 00000000*       600 	.word	.LDW_174eda0
000000b4 00              601 	.byte	0
                         602 
                         603 	.section	.debug_abbrev
00000029 12              604 	.byte	18
0000002a 05              605 	.byte	5
0000002b 00              606 	.byte	0
0000002c 4910            607 	.byte	73,16
0000002e 4b0c            608 	.byte	75,12
00000030 0000            609 	.byte	0,0
                         610 
                         611 	.section	.debug_info
000000b5 00              612 	.byte	0
                         613 
                         614 .LDW_1706c40:
000000b6 45              615 	.byte	69
000000b7 01              616 	.byte	1
                         617 
000000b8 00              618 	.byte	0
                         619 
                         620 .LDW_1706e70:
000000b9 25              621 	.byte	37
000000ba 756e7369676e    622 	.strz	"unsigned long"
000000c0 6564206c6f6e 
000000c6 6700 
000000c8 07              623 	.byte	7
000000c9 04              624 	.byte	4
                         625 
                         626 .LDW_17070a0:
000000ca 44              627 	.byte	68
000000cb 00000000*       628 	.word	.LDW_174eda0
000000cf 01              629 	.byte	1
                         630 
                         631 	.section	.debug_abbrev
00000032 44              632 	.byte	68
00000033 15              633 	.byte	21
00000034 01              634 	.byte	1
00000035 4910            635 	.byte	73,16
00000037 270c            636 	.byte	39,12
00000039 0000            637 	.byte	0,0
                         638 
                         639 	.section	.debug_info
                         640 .LDW_1701730:
000000d0 12              641 	.byte	18
000000d1 00000000*       642 	.word	.LDW_174dc48
000000d5 00              643 	.byte	0
                         644 
                         645 .LDW_1701880:
000000d6 12              646 	.byte	18
000000d7 00000000*       647 	.word	.LDW_174eda0
000000db 00              648 	.byte	0
                         649 
                         650 .LDW_1701820:
000000dc 12              651 	.byte	18
000000dd 00000000*       652 	.word	.LDW_174eda0

                                                                      Page 14
                                                              C:\Users\nhuliyap\AppData\Local\Temp\gh_0000cog1.s
000000e1 00              653 	.byte	0
                         654 
000000e2 00              655 	.byte	0
                         656 
                         657 .LDW_1706d20:
000000e3 44              658 	.byte	68
000000e4 00000000*       659 	.word	.LDW_174eda0
000000e8 01              660 	.byte	1
                         661 
                         662 .LDW_1701760:
000000e9 12              663 	.byte	18
000000ea 00000000*       664 	.word	.LDW_174dc48
000000ee 00              665 	.byte	0
                         666 
000000ef 00              667 	.byte	0
                         668 
                         669 .LDW_1706ee0:
000000f0 25              670 	.byte	37
000000f1 696e7400        671 	.strz	"int"
000000f5 05              672 	.byte	5
000000f6 04              673 	.byte	4
                         674 
                         675 .LDW_4ca4988:
000000f7 3a              676 	.byte	58
000000f8 00              677 	.byte	0
000000f9 50              678 	.byte	80
000000fa 00000000*       679 	.word	.LDW_4c20f48
                         680 
                         681 	.section	.debug_abbrev
0000003b 3a              682 	.byte	58
0000003c 01              683 	.byte	1
0000003d 01              684 	.byte	1
0000003e 090b            685 	.byte	9,11
00000040 0b0f            686 	.byte	11,15
00000042 4910            687 	.byte	73,16
00000044 0000            688 	.byte	0,0
                         689 
                         690 	.section	.debug_info
000000fe 32              691 	.byte	50
000000ff 00000000*       692 	.word	.LDW_1706ee0
00000103 04              693 	.byte	4
00000104 00              694 	.byte	0
00000105 09              695 	.byte	9
                         696 
                         697 	.section	.debug_abbrev
00000046 32              698 	.byte	50
00000047 21              699 	.byte	33
00000048 00              700 	.byte	0
00000049 4910            701 	.byte	73,16
0000004b 0b0f            702 	.byte	11,15
0000004d 220d            703 	.byte	34,13
0000004f 2f0d            704 	.byte	47,13
00000051 0000            705 	.byte	0,0
                         706 
                         707 	.section	.debug_info
00000106 00              708 	.byte	0
                         709 
                         710 .LDW_174eda0:
00000107 28              711 	.byte	40
00000108 75696e743800    712 	.strz	"uint8"
0000010e 50              713 	.byte	80

                                                                      Page 15
                                                              C:\Users\nhuliyap\AppData\Local\Temp\gh_0000cog1.s
0000010f 4b              714 	.byte	75
00000110 03              715 	.byte	3
00000111 00000000*       716 	.word	.LDW_1706ce8
                         717 
                         718 	.section	.debug_abbrev
00000053 28              719 	.byte	40
00000054 16              720 	.byte	22
00000055 00              721 	.byte	0
00000056 0308            722 	.byte	3,8
00000058 3b0f            723 	.byte	59,15
0000005a 390f            724 	.byte	57,15
0000005c 3a0f            725 	.byte	58,15
0000005e 4910            726 	.byte	73,16
00000060 0000            727 	.byte	0,0
                         728 
                         729 	.section	.debug_info
                         730 .LDW_174dc48:
00000115 28              731 	.byte	40
00000116 75696e743332    732 	.strz	"uint32"
0000011c 00 
0000011d 54              733 	.byte	84
0000011e 4a              734 	.byte	74
0000011f 03              735 	.byte	3
00000120 00000000*       736 	.word	.LDW_1706e70
                         737 
                         738 .LDW_4c20c88:
00000124 40              739 	.byte	64
00000125 747970656465    740 	.strz	"typedef_struct_tMultiFrameDeclMF"
0000012b 665f73747275 
00000131 63745f744d75 
00000137 6c7469467261 
0000013d 6d654465636c 
00000143 4d4600 
00000146 09              741 	.byte	9
00000147 10              742 	.byte	16
00000148 0c              743 	.byte	12
00000149 08              744 	.byte	8
0000014a 01              745 	.byte	1
                         746 
                         747 	.section	.debug_abbrev
00000062 40              748 	.byte	64
00000063 13              749 	.byte	19
00000064 01              750 	.byte	1
00000065 0308            751 	.byte	3,8
00000067 3b0f            752 	.byte	59,15
00000069 390f            753 	.byte	57,15
0000006b 3a0f            754 	.byte	58,15
0000006d 0b0f            755 	.byte	11,15
0000006f 320b            756 	.byte	50,11
00000071 0000            757 	.byte	0,0
                         758 
                         759 	.section	.debug_info
                         760 .LDW_4ca3ee0:
0000014b 23              761 	.byte	35
0000014c 756c52654964    762 	.strz	"ulReId"
00000152 00 
00000153 0a              763 	.byte	10
00000154 0a              764 	.byte	10
00000155 0c              765 	.byte	12
00000156 00000000*       766 	.word	.LDW_174dc48
0000015a 0223            767 	.byte	2,35

                                                                      Page 16
                                                              C:\Users\nhuliyap\AppData\Local\Temp\gh_0000cog1.s
0000015c 00              768 	.byte	0
0000015d 01              769 	.byte	1
                         770 
                         771 	.section	.debug_abbrev
00000073 23              772 	.byte	35
00000074 0d              773 	.byte	13
00000075 00              774 	.byte	0
00000076 0308            775 	.byte	3,8
00000078 3b0f            776 	.byte	59,15
0000007a 390f            777 	.byte	57,15
0000007c 3a0f            778 	.byte	58,15
0000007e 4910            779 	.byte	73,16
00000080 380a            780 	.byte	56,10
00000082 320b            781 	.byte	50,11
00000084 0000            782 	.byte	0,0
                         783 
                         784 	.section	.debug_info
                         785 .LDW_4ca3820:
0000015e 23              786 	.byte	35
0000015f 75634c6f636b    787 	.strz	"ucLockTimeCounter"
00000165 54696d65436f 
0000016b 756e74657200 
00000171 0b              788 	.byte	11
00000172 0a              789 	.byte	10
00000173 0c              790 	.byte	12
00000174 00000000*       791 	.word	.LDW_174eda0
00000178 0223            792 	.byte	2,35
0000017a 04              793 	.byte	4
0000017b 01              794 	.byte	1
                         795 
                         796 .LDW_4ca3c10:
0000017c 23              797 	.byte	35
0000017d 75634672616d    798 	.strz	"ucFrameCounter"
00000183 65436f756e74 
00000189 657200 
0000018c 0c              799 	.byte	12
0000018d 0a              800 	.byte	10
0000018e 0c              801 	.byte	12
0000018f 00000000*       802 	.word	.LDW_174eda0
00000193 0223            803 	.byte	2,35
00000195 05              804 	.byte	5
00000196 01              805 	.byte	1
                         806 
                         807 .LDW_4ca3e98:
00000197 23              808 	.byte	35
00000198 75635447436f    809 	.strz	"ucTGCounter"
0000019e 756e74657200 
000001a4 0d              810 	.byte	13
000001a5 0a              811 	.byte	10
000001a6 0c              812 	.byte	12
000001a7 00000000*       813 	.word	.LDW_174eda0
000001ab 0223            814 	.byte	2,35
000001ad 06              815 	.byte	6
000001ae 01              816 	.byte	1
                         817 
000001af 00              818 	.byte	0
                         819 
                         820 .LDW_4c20f48:
000001b0 28              821 	.byte	40
000001b1 744d756c7469    822 	.strz	"tMultiFrameDeclMF"
000001b7 4672616d6544 

                                                                      Page 17
                                                              C:\Users\nhuliyap\AppData\Local\Temp\gh_0000cog1.s
000001bd 65636c4d4600 
000001c3 0e              823 	.byte	14
000001c4 02              824 	.byte	2
000001c5 0c              825 	.byte	12
000001c6 00000000*       826 	.word	.LDW_4c20c88
                         827 
                         828 .LDW_4c20de8:
000001ca 04              829 	.byte	4
000001cb 744d756c7469    830 	.strz	"tMultiFrameMF"
000001d1 4672616d654d 
000001d7 4600 
000001d9 10              831 	.byte	16
000001da 13              832 	.byte	19
000001db 0c              833 	.byte	12
000001dc 00000000*       834 	.word	.LDW_4ca4988
000001e0 01              835 	.byte	1
000001e1 00              836 	.byte	0
000001e2 0503            837 	.byte	5,3
000001e4 00000000*       838 	.word	_tMultiFrameMF
                         839 
                         840 	.section	.debug_abbrev
00000086 04              841 	.byte	4
00000087 34              842 	.byte	52
00000088 00              843 	.byte	0
00000089 0308            844 	.byte	3,8
0000008b 3b0f            845 	.byte	59,15
0000008d 390f            846 	.byte	57,15
0000008f 3a0f            847 	.byte	58,15
00000091 4910            848 	.byte	73,16
00000093 3f0c            849 	.byte	63,12
00000095 3c0c            850 	.byte	60,12
00000097 020a            851 	.byte	2,10
00000099 0000            852 	.byte	0,0
                         853 
                         854 	.section	.debug_info
                         855 .LDW_174edf8:
000001e8 13              856 	.byte	19
000001e9 496e69744f6e    857 	.strz	"InitOneSlotMF"
000001ef 65536c6f744d 
000001f5 4600 
000001f7 08              858 	.byte	8
000001f8 0d              859 	.byte	13
000001f9 01              860 	.byte	1
000001fa 00000000*       861 	.word	_InitOneSlotMF..C.3A.5C_ECU2.5CECU_Rivian_A1.5CTarget.5Crepo_projects.5CpRealEcu.5CcR_LATEST.5Cmake.5Coutput.5Cobjects.5Cmultiframe.
000001fe 00000000*       862 	.word	___ghs_eofn_InitOneSlotMF
00000202 0153            863 	.byte	1,83
00000204 02              864 	.byte	2
00000205 00              865 	.byte	0
00000206 02              866 	.byte	2
00000207 00              867 	.byte	0
00000208 00              868 	.byte	0
00000209 00              869 	.byte	0
0000020a 00              870 	.byte	0
0000020b 00              871 	.byte	0
0000020c 01              872 	.byte	1
0000020d 00              873 	.byte	0
0000020e 01              874 	.byte	1
                         875 
                         876 	.section	.debug_abbrev
0000009b 13              877 	.byte	19
0000009c 2e              878 	.byte	46

                                                                      Page 18
                                                              C:\Users\nhuliyap\AppData\Local\Temp\gh_0000cog1.s
0000009d 01              879 	.byte	1
0000009e 0308            880 	.byte	3,8
000000a0 3b0f            881 	.byte	59,15
000000a2 390f            882 	.byte	57,15
000000a4 3a0f            883 	.byte	58,15
000000a6 1101            884 	.byte	17,1
000000a8 1201            885 	.byte	18,1
000000aa 400a            886 	.byte	64,10
000000ac 8341            887 	.byte	131,65
000000ae 0f              888 	.byte	15
000000af 8741            889 	.byte	135,65
000000b1 0d              890 	.byte	13
000000b2 8541            891 	.byte	133,65
000000b4 0f              892 	.byte	15
000000b5 8641            893 	.byte	134,65
000000b7 0d              894 	.byte	13
000000b8 9241            895 	.byte	146,65
000000ba 0f              896 	.byte	15
000000bb 3c0c            897 	.byte	60,12
000000bd 200b            898 	.byte	32,11
000000bf 3f0c            899 	.byte	63,12
000000c1 320b            900 	.byte	50,11
000000c3 4c0b            901 	.byte	76,11
000000c5 270c            902 	.byte	39,12
000000c7 0000            903 	.byte	0,0
                         904 
                         905 	.section	.debug_frame
                         906 .LDW_4ca1900:
00000090 00000000*       907 	.word	.LDW_unq_4-.LDW_unq_3
                         908 .LDW_unq_3:
00000094 00000000*       909 	.word	.LDW_4c7a948
00000098 00000000*       910 	.word	_InitOneSlotMF..C.3A.5C_ECU2.5CECU_Rivian_A1.5CTarget.5Crepo_projects.5CpRealEcu.5CcR_LATEST.5Cmake.5Coutput.5Cobjects.5Cmultiframe.
0000009c 00000000*       911 	.word	___ghs_eofn_InitOneSlotMF-_InitOneSlotMF..C.3A.5C_ECU2.5CECU_Rivian_A1.5CTarget.5Crepo_projects.5CpRealEcu.5CcR_LATEST.5Cmake.5Coutput.5Cobjects.5Cmultiframe.
000000a0 01              912 	.byte	1
000000a1 00000000*       913 	.word	.LDW11
000000a5 00              914 	.byte	0
000000a6 00              915 	.byte	0
000000a7 00              916 	.byte	0
                         917 .LDW_unq_4:
                         918 	.section	.debug_line
0000028f 000502          919 	.byte	0,5,2
00000292 00000000*       920 	.word	_InitOneSlotMF..C.3A.5C_ECU2.5CECU_Rivian_A1.5CTarget.5Crepo_projects.5CpRealEcu.5CcR_LATEST.5Cmake.5Coutput.5Cobjects.5Cmultiframe.
00000296 03              921 	.byte	3
00000297 08              922 	.byte	8
00000298 02              923 	.byte	2
00000299 00              924 	.byte	0
0000029a 01              925 	.byte	1
0000029b 06              926 	.byte	6
0000029c 13              927 	.byte	19
0000029d 000502          928 	.byte	0,5,2
000002a0 00000000*       929 	.word	.LDWlin1
000002a4 02              930 	.byte	2
000002a5 00              931 	.byte	0
000002a6 0b              932 	.byte	11
000002a7 000502          933 	.byte	0,5,2
000002aa 00000000*       934 	.word	.LDWlin2
000002ae 0b              935 	.byte	11
000002af 13              936 	.byte	19
000002b0 13              937 	.byte	19
000002b1 13              938 	.byte	19
000002b2 02              939 	.byte	2

                                                                      Page 19
                                                              C:\Users\nhuliyap\AppData\Local\Temp\gh_0000cog1.s
000002b3 00              940 	.byte	0
000002b4 0b              941 	.byte	11
000002b5 02              942 	.byte	2
000002b6 02              943 	.byte	2
000002b7 000101          944 	.byte	0,1,1
                         945 	.section	.debug_info
                         946 .LDW_174ee90:
0000020f 0f              947 	.byte	15
00000210 7563536c6f74    948 	.strz	"ucSlot"
00000216 00 
00000217 09              949 	.byte	9
00000218 0a              950 	.byte	10
00000219 01              951 	.byte	1
0000021a 00000000*       952 	.word	.LDW_174eda0
0000021e 00              953 	.byte	0
0000021f 0156            954 	.byte	1,86
                         955 
                         956 	.section	.debug_abbrev
000000c9 0f              957 	.byte	15
000000ca 05              958 	.byte	5
000000cb 00              959 	.byte	0
000000cc 0308            960 	.byte	3,8
000000ce 3b0f            961 	.byte	59,15
000000d0 390f            962 	.byte	57,15
000000d2 3a0f            963 	.byte	58,15
000000d4 4910            964 	.byte	73,16
000000d6 4b0c            965 	.byte	75,12
000000d8 020a            966 	.byte	2,10
000000da 0000            967 	.byte	0,0
                         968 
                         969 	.section	.debug_info
                         970 .LDW_1701940:
00000221 1d              971 	.byte	29
00000222 00000000*       972 	.word	.LDW01
00000226 00000000*       973 	.word	.LDW11
                         974 
                         975 	.section	.debug_abbrev
000000dc 1d              976 	.byte	29
000000dd 0b              977 	.byte	11
000000de 01              978 	.byte	1
000000df 1101            979 	.byte	17,1
000000e1 1201            980 	.byte	18,1
000000e3 0000            981 	.byte	0,0
                         982 
                         983 	.section	.debug_info
0000022a 00              984 	.byte	0
                         985 
0000022b 00              986 	.byte	0
                         987 
                         988 .LDW_174eee8:
0000022c 13              989 	.byte	19
0000022d 54696d654d46    990 	.strz	"TimeMF"
00000233 00 
00000234 12              991 	.byte	18
00000235 06              992 	.byte	6
00000236 01              993 	.byte	1
00000237 00000000*       994 	.word	_TimeMF
0000023b 00000000*       995 	.word	___ghs_eofn_TimeMF
0000023f 0153            996 	.byte	1,83
00000241 02              997 	.byte	2
00000242 00              998 	.byte	0

                                                                      Page 20
                                                              C:\Users\nhuliyap\AppData\Local\Temp\gh_0000cog1.s
00000243 02              999 	.byte	2
00000244 00             1000 	.byte	0
00000245 00             1001 	.byte	0
00000246 00             1002 	.byte	0
00000247 00             1003 	.byte	0
00000248 01             1004 	.byte	1
00000249 01             1005 	.byte	1
0000024a 00             1006 	.byte	0
0000024b 01             1007 	.byte	1
                        1008 
                        1009 	.section	.debug_frame
                        1010 .LDW_4ca1880:
000000a8 00000000*      1011 	.word	.LDW_unq_6-.LDW_unq_5
                        1012 .LDW_unq_5:
000000ac 00000000*      1013 	.word	.LDW_4c7a948
000000b0 00000000*      1014 	.word	_TimeMF
000000b4 00000000*      1015 	.word	___ghs_eofn_TimeMF-_TimeMF
000000b8 01             1016 	.byte	1
000000b9 00000000*      1017 	.word	.LDW31
000000bd 00             1018 	.byte	0
000000be 00             1019 	.byte	0
000000bf 00             1020 	.byte	0
                        1021 .LDW_unq_6:
                        1022 	.section	.debug_line
000002ba 000502         1023 	.byte	0,5,2
000002bd 00000000*      1024 	.word	_TimeMF
000002c1 06             1025 	.byte	6
000002c2 03             1026 	.byte	3
000002c3 14             1027 	.byte	20
000002c4 02             1028 	.byte	2
000002c5 00             1029 	.byte	0
000002c6 01             1030 	.byte	1
000002c7 02             1031 	.byte	2
000002c8 02             1032 	.byte	2
000002c9 0b             1033 	.byte	11
000002ca 000502         1034 	.byte	0,5,2
000002cd 00000000*      1035 	.word	.LDWlin3
000002d1 02             1036 	.byte	2
000002d2 00             1037 	.byte	0
000002d3 0b             1038 	.byte	11
000002d4 23             1039 	.byte	35
000002d5 02             1040 	.byte	2
000002d6 00             1041 	.byte	0
000002d7 03             1042 	.byte	3
000002d8 7d             1043 	.byte	125
000002d9 02             1044 	.byte	2
000002da 00             1045 	.byte	0
000002db 01             1046 	.byte	1
000002dc 000502         1047 	.byte	0,5,2
000002df 00000000*      1048 	.word	.LDWlin4
000002e3 03             1049 	.byte	3
000002e4 04             1050 	.byte	4
000002e5 02             1051 	.byte	2
000002e6 00             1052 	.byte	0
000002e7 01             1053 	.byte	1
000002e8 0b             1054 	.byte	11
000002e9 02             1055 	.byte	2
000002ea 02             1056 	.byte	2
000002eb 000101         1057 	.byte	0,1,1
                        1058 	.section	.debug_info
                        1059 .LDW_1701850:

                                                                      Page 21
                                                              C:\Users\nhuliyap\AppData\Local\Temp\gh_0000cog1.s
0000024c 1d             1060 	.byte	29
0000024d 00000000*      1061 	.word	.LDW21
00000251 00000000*      1062 	.word	.LDW31
                        1063 
                        1064 .LDW_174ef80:
00000255 04             1065 	.byte	4
00000256 7563536c6f74   1066 	.strz	"ucSlot"
0000025c 00 
0000025d 14             1067 	.byte	20
0000025e 0a             1068 	.byte	10
0000025f 01             1069 	.byte	1
00000260 00000000*      1070 	.word	.LDW_174eda0
00000264 00             1071 	.byte	0
00000265 00             1072 	.byte	0
00000266 0162           1073 	.byte	1,98
                        1074 
00000268 00             1075 	.byte	0
                        1076 
00000269 00             1077 	.byte	0
                        1078 
                        1079 .LDW_174dca0:
0000026a 14             1080 	.byte	20
0000026b 756343686563   1081 	.strz	"ucCheckForMultiFrameMF"
00000271 6b466f724d75 
00000277 6c7469467261 
0000027d 6d654d4600 
00000282 1c             1082 	.byte	28
00000283 07             1083 	.byte	7
00000284 01             1084 	.byte	1
00000285 00000000*      1085 	.word	.LDW_174eda0
00000289 00000000*      1086 	.word	_ucCheckForMultiFrameMF
0000028d 00000000*      1087 	.word	___ghs_eofn_ucCheckForMultiFrameMF
00000291 0153           1088 	.byte	1,83
00000293 828080e00b     1089 	.byte	130,128,128,224,11
00000298 14             1090 	.byte	20
00000299 03             1091 	.byte	3
0000029a 14             1092 	.byte	20
0000029b 00             1093 	.byte	0
0000029c 00             1094 	.byte	0
0000029d 00             1095 	.byte	0
0000029e 01             1096 	.byte	1
0000029f 01             1097 	.byte	1
000002a0 00             1098 	.byte	0
000002a1 01             1099 	.byte	1
                        1100 
                        1101 	.section	.debug_abbrev
000000e5 14             1102 	.byte	20
000000e6 2e             1103 	.byte	46
000000e7 01             1104 	.byte	1
000000e8 0308           1105 	.byte	3,8
000000ea 3b0f           1106 	.byte	59,15
000000ec 390f           1107 	.byte	57,15
000000ee 3a0f           1108 	.byte	58,15
000000f0 4910           1109 	.byte	73,16
000000f2 1101           1110 	.byte	17,1
000000f4 1201           1111 	.byte	18,1
000000f6 400a           1112 	.byte	64,10
000000f8 8341           1113 	.byte	131,65
000000fa 0f             1114 	.byte	15
000000fb 8741           1115 	.byte	135,65
000000fd 0d             1116 	.byte	13

                                                                      Page 22
                                                              C:\Users\nhuliyap\AppData\Local\Temp\gh_0000cog1.s
000000fe 8541           1117 	.byte	133,65
00000100 0f             1118 	.byte	15
00000101 8641           1119 	.byte	134,65
00000103 0d             1120 	.byte	13
00000104 9241           1121 	.byte	146,65
00000106 0f             1122 	.byte	15
00000107 3c0c           1123 	.byte	60,12
00000109 200b           1124 	.byte	32,11
0000010b 3f0c           1125 	.byte	63,12
0000010d 320b           1126 	.byte	50,11
0000010f 4c0b           1127 	.byte	76,11
00000111 270c           1128 	.byte	39,12
00000113 0000           1129 	.byte	0,0
                        1130 
                        1131 	.section	.debug_frame
                        1132 .LDW_4ca2340:
000000c0 00000000*      1133 	.word	.LDW_unq_8-.LDW_unq_7
                        1134 .LDW_unq_7:
000000c4 00000000*      1135 	.word	.LDW_4c7a948
000000c8 00000000*      1136 	.word	_ucCheckForMultiFrameMF
000000cc 00000000*      1137 	.word	___ghs_eofn_ucCheckForMultiFrameMF-_ucCheckForMultiFrameMF
000000d0 44             1138 	.byte	68
000000d1 9f             1139 	.byte	159
000000d2 00             1140 	.byte	0
000000d3 40             1141 	.byte	64
000000d4 9d             1142 	.byte	157
000000d5 04             1143 	.byte	4
000000d6 40             1144 	.byte	64
000000d7 9c             1145 	.byte	156
000000d8 08             1146 	.byte	8
000000d9 40             1147 	.byte	64
000000da 9b             1148 	.byte	155
000000db 0c             1149 	.byte	12
000000dc 40             1150 	.byte	64
000000dd 9a             1151 	.byte	154
000000de 10             1152 	.byte	16
000000df 01             1153 	.byte	1
000000e0 00000000*      1154 	.word	.LDW71
                        1155 .LDW_unq_8:
                        1156 	.section	.debug_line
000002ee 000502         1157 	.byte	0,5,2
000002f1 00000000*      1158 	.word	_ucCheckForMultiFrameMF
000002f5 03             1159 	.byte	3
000002f6 1e             1160 	.byte	30
000002f7 02             1161 	.byte	2
000002f8 00             1162 	.byte	0
000002f9 01             1163 	.byte	1
000002fa 06             1164 	.byte	6
000002fb 3d             1165 	.byte	61
000002fc 000502         1166 	.byte	0,5,2
000002ff 00000000*      1167 	.word	.LDWlin11
00000303 0c             1168 	.byte	12
00000304 000502         1169 	.byte	0,5,2
00000307 00000000*      1170 	.word	.LDWlin12
0000030b 02             1171 	.byte	2
0000030c 00             1172 	.byte	0
0000030d 0b             1173 	.byte	11
0000030e 000502         1174 	.byte	0,5,2
00000311 00000000*      1175 	.word	.LDWlin13
00000315 02             1176 	.byte	2
00000316 00             1177 	.byte	0

                                                                      Page 23
                                                              C:\Users\nhuliyap\AppData\Local\Temp\gh_0000cog1.s
00000317 0b             1178 	.byte	11
00000318 000502         1179 	.byte	0,5,2
0000031b 00000000*      1180 	.word	.LDWlin14
0000031f 0c             1181 	.byte	12
00000320 13             1182 	.byte	19
00000321 1b             1183 	.byte	27
00000322 13             1184 	.byte	19
00000323 23             1185 	.byte	35
00000324 000502         1186 	.byte	0,5,2
00000327 00000000*      1187 	.word	.LDWlin15
0000032b 0b             1188 	.byte	11
0000032c 0b             1189 	.byte	11
0000032d 0b             1190 	.byte	11
0000032e 000502         1191 	.byte	0,5,2
00000331 00000000*      1192 	.word	.LDWlin16
00000335 02             1193 	.byte	2
00000336 00             1194 	.byte	0
00000337 0b             1195 	.byte	11
00000338 2b             1196 	.byte	43
00000339 06             1197 	.byte	6
0000033a 000502         1198 	.byte	0,5,2
0000033d 00000000*      1199 	.word	.LDWlin17
00000341 0d             1200 	.byte	13
00000342 06             1201 	.byte	6
00000343 0b             1202 	.byte	11
00000344 02             1203 	.byte	2
00000345 00             1204 	.byte	0
00000346 0b             1205 	.byte	11
00000347 02             1206 	.byte	2
00000348 00             1207 	.byte	0
00000349 0b             1208 	.byte	11
0000034a 0b             1209 	.byte	11
0000034b 0b             1210 	.byte	11
0000034c 13             1211 	.byte	19
0000034d 02             1212 	.byte	2
0000034e 00             1213 	.byte	0
0000034f 0b             1214 	.byte	11
00000350 02             1215 	.byte	2
00000351 04             1216 	.byte	4
00000352 000101         1217 	.byte	0,1,1
                        1218 	.section	.debug_info
                        1219 .LDW_174dd38:
000002a2 0f             1220 	.byte	15
000002a3 756c52654944   1221 	.strz	"ulReID"
000002a9 00 
000002aa 1d             1222 	.byte	29
000002ab 0b             1223 	.byte	11
000002ac 01             1224 	.byte	1
000002ad 00000000*      1225 	.word	.LDW_174dc48
000002b1 00             1226 	.byte	0
000002b2 016b           1227 	.byte	1,107
                        1228 
                        1229 .LDW_174dd90:
000002b4 0f             1230 	.byte	15
000002b5 75635447436f   1231 	.strz	"ucTGCounter"
000002bb 756e74657200 
000002c1 1e             1232 	.byte	30
000002c2 0a             1233 	.byte	10
000002c3 01             1234 	.byte	1
000002c4 00000000*      1235 	.word	.LDW_174eda0
000002c8 00             1236 	.byte	0

                                                                      Page 24
                                                              C:\Users\nhuliyap\AppData\Local\Temp\gh_0000cog1.s
000002c9 016c           1237 	.byte	1,108
                        1238 
                        1239 .LDW_174dde8:
000002cb 0f             1240 	.byte	15
000002cc 75384d617854   1241 	.strz	"u8MaxTimeFilter"
000002d2 696d6546696c 
000002d8 74657200 
000002dc 1f             1242 	.byte	31
000002dd 0a             1243 	.byte	10
000002de 01             1244 	.byte	1
000002df 00000000*      1245 	.word	.LDW_174eda0
000002e3 00             1246 	.byte	0
000002e4 016a           1247 	.byte	1,106
                        1248 
                        1249 .LDW_17015e0:
000002e6 1d             1250 	.byte	29
000002e7 00000000*      1251 	.word	.LDW61
000002eb 00000000*      1252 	.word	.LDW71
                        1253 
                        1254 .LDW_174de40:
000002ef 04             1255 	.byte	4
000002f0 7563536c6f74   1256 	.strz	"ucSlot"
000002f6 00 
000002f7 20             1257 	.byte	32
000002f8 0a             1258 	.byte	10
000002f9 01             1259 	.byte	1
000002fa 00000000*      1260 	.word	.LDW_174eda0
000002fe 00             1261 	.byte	0
000002ff 00             1262 	.byte	0
00000300 0156           1263 	.byte	1,86
                        1264 
                        1265 .LDW_174de98:
00000302 04             1266 	.byte	4
00000303 756352657400   1267 	.strz	"ucRet"
00000309 21             1268 	.byte	33
0000030a 0a             1269 	.byte	10
0000030b 01             1270 	.byte	1
0000030c 00000000*      1271 	.word	.LDW_174eda0
00000310 00             1272 	.byte	0
00000311 00             1273 	.byte	0
00000312 015a           1274 	.byte	1,90
                        1275 
00000314 00             1276 	.byte	0
                        1277 
00000315 00             1278 	.byte	0
                        1279 
                        1280 .LDW_174def0:
00000316 14             1281 	.byte	20
00000317 756353656172   1282 	.strz	"ucSearchIdMF"
0000031d 636849644d46 
00000323 00 
00000324 3e             1283 	.byte	62
00000325 0e             1284 	.byte	14
00000326 01             1285 	.byte	1
00000327 00000000*      1286 	.word	.LDW_174eda0
0000032b 00000000*      1287 	.word	_ucSearchIdMF..C.3A.5C_ECU2.5CECU_Rivian_A1.5CTarget.5Crepo_projects.5CpRealEcu.5CcR_LATEST.5Cmake.5Coutput.5Cobjects.5Cmultiframe.
0000032f 00000000*      1288 	.word	___ghs_eofn_ucSearchIdMF
00000333 0153           1289 	.byte	1,83
00000335 02             1290 	.byte	2
00000336 00             1291 	.byte	0
00000337 02             1292 	.byte	2

                                                                      Page 25
                                                              C:\Users\nhuliyap\AppData\Local\Temp\gh_0000cog1.s
00000338 00             1293 	.byte	0
00000339 00             1294 	.byte	0
0000033a 00             1295 	.byte	0
0000033b 00             1296 	.byte	0
0000033c 00             1297 	.byte	0
0000033d 01             1298 	.byte	1
0000033e 00             1299 	.byte	0
0000033f 01             1300 	.byte	1
                        1301 
                        1302 	.section	.debug_frame
                        1303 .LDW_4ca1f80:
000000e4 00000000*      1304 	.word	.LDW_unq_a-.LDW_unq_9
                        1305 .LDW_unq_9:
000000e8 00000000*      1306 	.word	.LDW_4c7a948
000000ec 00000000*      1307 	.word	_ucSearchIdMF..C.3A.5C_ECU2.5CECU_Rivian_A1.5CTarget.5Crepo_projects.5CpRealEcu.5CcR_LATEST.5Cmake.5Coutput.5Cobjects.5Cmultiframe.
000000f0 00000000*      1308 	.word	___ghs_eofn_ucSearchIdMF-_ucSearchIdMF..C.3A.5C_ECU2.5CECU_Rivian_A1.5CTarget.5Crepo_projects.5CpRealEcu.5CcR_LATEST.5Cmake.5Coutput.5Cobjects.5Cmultiframe.
000000f4 01             1309 	.byte	1
000000f5 00000000*      1310 	.word	.LDW51
000000f9 00             1311 	.byte	0
000000fa 00             1312 	.byte	0
000000fb 00             1313 	.byte	0
                        1314 .LDW_unq_a:
                        1315 	.section	.debug_line
00000355 000502         1316 	.byte	0,5,2
00000358 00000000*      1317 	.word	_ucSearchIdMF..C.3A.5C_ECU2.5CECU_Rivian_A1.5CTarget.5Crepo_projects.5CpRealEcu.5CcR_LATEST.5Cmake.5Coutput.5Cobjects.5Cmultiframe.
0000035c 06             1318 	.byte	6
0000035d 03             1319 	.byte	3
0000035e c000           1320 	.byte	192,0
00000360 02             1321 	.byte	2
00000361 00             1322 	.byte	0
00000362 01             1323 	.byte	1
00000363 13             1324 	.byte	19
00000364 14             1325 	.byte	20
00000365 02             1326 	.byte	2
00000366 02             1327 	.byte	2
00000367 0c             1328 	.byte	12
00000368 000502         1329 	.byte	0,5,2
0000036b 00000000*      1330 	.word	.LDWlin5
0000036f 02             1331 	.byte	2
00000370 00             1332 	.byte	0
00000371 0b             1333 	.byte	11
00000372 000502         1334 	.byte	0,5,2
00000375 00000000*      1335 	.word	.LDWlin6
00000379 0b             1336 	.byte	11
0000037a 0b             1337 	.byte	11
0000037b 0b             1338 	.byte	11
0000037c 000502         1339 	.byte	0,5,2
0000037f 00000000*      1340 	.word	.LDWlin7
00000383 02             1341 	.byte	2
00000384 00             1342 	.byte	0
00000385 0b             1343 	.byte	11
00000386 02             1344 	.byte	2
00000387 02             1345 	.byte	2
00000388 0b             1346 	.byte	11
00000389 1b             1347 	.byte	27
0000038a 02             1348 	.byte	2
0000038b 00             1349 	.byte	0
0000038c 0b             1350 	.byte	11
0000038d 02             1351 	.byte	2
0000038e 00             1352 	.byte	0
0000038f 0b             1353 	.byte	11

                                                                      Page 26
                                                              C:\Users\nhuliyap\AppData\Local\Temp\gh_0000cog1.s
00000390 000502         1354 	.byte	0,5,2
00000393 00000000*      1355 	.word	.LDWlin8
00000397 02             1356 	.byte	2
00000398 00             1357 	.byte	0
00000399 0b             1358 	.byte	11
0000039a 02             1359 	.byte	2
0000039b 02             1360 	.byte	2
0000039c 0b             1361 	.byte	11
0000039d 1b             1362 	.byte	27
0000039e 02             1363 	.byte	2
0000039f 00             1364 	.byte	0
000003a0 0b             1365 	.byte	11
000003a1 02             1366 	.byte	2
000003a2 00             1367 	.byte	0
000003a3 0b             1368 	.byte	11
000003a4 02             1369 	.byte	2
000003a5 00             1370 	.byte	0
000003a6 03             1371 	.byte	3
000003a7 70             1372 	.byte	112
000003a8 02             1373 	.byte	2
000003a9 00             1374 	.byte	0
000003aa 01             1375 	.byte	1
000003ab 000502         1376 	.byte	0,5,2
000003ae 00000000*      1377 	.word	.LDWlin9
000003b2 03             1378 	.byte	3
000003b3 11             1379 	.byte	17
000003b4 02             1380 	.byte	2
000003b5 00             1381 	.byte	0
000003b6 01             1382 	.byte	1
000003b7 0b             1383 	.byte	11
000003b8 02             1384 	.byte	2
000003b9 00             1385 	.byte	0
000003ba 0b             1386 	.byte	11
000003bb 02             1387 	.byte	2
000003bc 02             1388 	.byte	2
000003bd 0b             1389 	.byte	11
000003be 000502         1390 	.byte	0,5,2
000003c1 00000000*      1391 	.word	.LDWlin10
000003c5 0b             1392 	.byte	11
000003c6 0b             1393 	.byte	11
000003c7 0b             1394 	.byte	11
000003c8 02             1395 	.byte	2
000003c9 02             1396 	.byte	2
000003ca 0b             1397 	.byte	11
000003cb 1b             1398 	.byte	27
000003cc 02             1399 	.byte	2
000003cd 00             1400 	.byte	0
000003ce 0b             1401 	.byte	11
000003cf 02             1402 	.byte	2
000003d0 00             1403 	.byte	0
000003d1 0b             1404 	.byte	11
000003d2 02             1405 	.byte	2
000003d3 00             1406 	.byte	0
000003d4 0b             1407 	.byte	11
000003d5 02             1408 	.byte	2
000003d6 02             1409 	.byte	2
000003d7 000101         1410 	.byte	0,1,1
                        1411 	.section	.debug_info
                        1412 .LDW_174df88:
00000340 0f             1413 	.byte	15
00000341 756c52654944   1414 	.strz	"ulReID"

                                                                      Page 27
                                                              C:\Users\nhuliyap\AppData\Local\Temp\gh_0000cog1.s
00000347 00 
00000348 3f             1415 	.byte	63
00000349 0b             1416 	.byte	11
0000034a 01             1417 	.byte	1
0000034b 00000000*      1418 	.word	.LDW_174dc48
0000034f 00             1419 	.byte	0
00000350 0156           1420 	.byte	1,86
                        1421 
                        1422 .LDW_1701a30:
00000352 1d             1423 	.byte	29
00000353 00000000*      1424 	.word	.LDW41
00000357 00000000*      1425 	.word	.LDW51
                        1426 
                        1427 .LDW_174dfe0:
0000035b 04             1428 	.byte	4
0000035c 7563536c6f74   1429 	.strz	"ucSlot"
00000362 00 
00000363 40             1430 	.byte	64
00000364 0a             1431 	.byte	10
00000365 01             1432 	.byte	1
00000366 00000000*      1433 	.word	.LDW_174eda0
0000036a 00             1434 	.byte	0
0000036b 00             1435 	.byte	0
0000036c 0162           1436 	.byte	1,98
                        1437 
                        1438 .LDW_174e038:
0000036e 04             1439 	.byte	4
0000036f 756346726565   1440 	.strz	"ucFreeSlot"
00000375 536c6f7400 
0000037a 41             1441 	.byte	65
0000037b 0a             1442 	.byte	10
0000037c 01             1443 	.byte	1
0000037d 00000000*      1444 	.word	.LDW_174eda0
00000381 00             1445 	.byte	0
00000382 00             1446 	.byte	0
00000383 0159           1447 	.byte	1,89
                        1448 
                        1449 .LDW_174e090:
00000385 04             1450 	.byte	4
00000386 756346726565   1451 	.strz	"ucFreeSlotNoId"
0000038c 536c6f744e6f 
00000392 496400 
00000395 42             1452 	.byte	66
00000396 0a             1453 	.byte	10
00000397 01             1454 	.byte	1
00000398 00000000*      1455 	.word	.LDW_174eda0
0000039c 00             1456 	.byte	0
0000039d 00             1457 	.byte	0
0000039e 0158           1458 	.byte	1,88
                        1459 
                        1460 .LDW_4c43ec0:
000003a0 04             1461 	.byte	4
000003a1 756352657400   1462 	.strz	"ucRet"
000003a7 43             1463 	.byte	67
000003a8 0a             1464 	.byte	10
000003a9 01             1465 	.byte	1
000003aa 00000000*      1466 	.word	.LDW_174eda0
000003ae 00             1467 	.byte	0
000003af 00             1468 	.byte	0
000003b0 015a           1469 	.byte	1,90
                        1470 

                                                                      Page 28
                                                              C:\Users\nhuliyap\AppData\Local\Temp\gh_0000cog1.s
000003b2 00             1471 	.byte	0
                        1472 
000003b3 00             1473 	.byte	0
                        1474 
000003b4 00             1475 	.byte	0
                        1476 
                        1477 	.section	.debug_line
                        1478 .Ldw_line_end:
                        1479 	.section	.debug_macinfo
00000000 01             1480 	.byte	1
00000001 00             1481 	.byte	0
00000002 5f5f6768735f   1482 	.strz	"__ghs__ 1"
00000008 5f203100 
0000000c 01             1483 	.byte	1
0000000d 00             1484 	.byte	0
0000000e 5f5f4c4c4f4e   1485 	.strz	"__LLONG_BIT 64"
00000014 475f42495420 
0000001a 363400 
0000001d 03             1486 	.byte	3
0000001e 00             1487 	.byte	0
0000001f 01             1488 	.byte	1
00000020 03             1489 	.byte	3
00000021 01             1490 	.byte	1
00000022 02             1491 	.byte	2
00000023 03             1492 	.byte	3
00000024 1c             1493 	.byte	28
00000025 03             1494 	.byte	3
00000026 01             1495 	.byte	1
00000027 3c             1496 	.byte	60
00000028 545255452031   1497 	.strz	"TRUE 1u"
0000002e 7500 
00000030 01             1498 	.byte	1
00000031 40             1499 	.byte	64
00000032 46414c534520   1500 	.strz	"FALSE 0u"
00000038 307500 
0000003b 04             1501 	.byte	4
0000003c 03             1502 	.byte	3
0000003d 1d             1503 	.byte	29
0000003e 04             1504 	.byte	4
0000003f 03             1505 	.byte	3
00000040 1b             1506 	.byte	27
00000041 05             1507 	.byte	5
00000042 03             1508 	.byte	3
00000043 54             1509 	.byte	84
00000044 06             1510 	.byte	6
00000045 04             1511 	.byte	4
00000046 04             1512 	.byte	4
00000047 04             1513 	.byte	4
00000048 04             1514 	.byte	4
00000049 03             1515 	.byte	3
0000004a 03             1516 	.byte	3
0000004b 07             1517 	.byte	7
0000004c 03             1518 	.byte	3
0000004d 04             1519 	.byte	4
0000004e 08             1520 	.byte	8
0000004f 03             1521 	.byte	3
00000050 04             1522 	.byte	4
00000051 09             1523 	.byte	9
00000052 04             1524 	.byte	4
00000053 01             1525 	.byte	1
00000054 0e             1526 	.byte	14

                                                                      Page 29
                                                              C:\Users\nhuliyap\AppData\Local\Temp\gh_0000cog1.s
00000055 50524f445543   1527 	.strz	"PRODUCTION_SW 0x0"
0000005b 54494f4e5f53 
00000061 572030783000 
00000067 01             1528 	.byte	1
00000068 0f             1529 	.byte	15
00000069 444556454c4f   1530 	.strz	"DEVELOPMENT_SW 0x1"
0000006f 504d454e545f 
00000075 535720307831 
0000007b 00 
0000007c 01             1531 	.byte	1
0000007d 10             1532 	.byte	16
0000007e 53575f434154   1533 	.strz	"SW_CATEGORY PRODUCTION_SW"
00000084 45474f525920 
0000008a 50524f445543 
00000090 54494f4e5f53 
00000096 5700 
00000098 04             1534 	.byte	4
00000099 01             1535 	.byte	1
0000009a 06             1536 	.byte	6
0000009b 4d41585f5349   1537 	.strz	"MAX_SIZE_WS_TELEGRAM 16U"
000000a1 5a455f57535f 
000000a7 54454c454752 
000000ad 414d20313655 
000000b3 00 
000000b4 01             1538 	.byte	1
000000b5 0e             1539 	.byte	14
000000b6 4e564d5f424c   1540 	.strz	"NVM_BLOCK_TYPE uint32"
000000bc 4f434b5f5459 
000000c2 50452075696e 
000000c8 74333200 
000000cc 04             1541 	.byte	4
000000cd 03             1542 	.byte	3
000000ce 04             1543 	.byte	4
000000cf 0a             1544 	.byte	10
000000d0 03             1545 	.byte	3
000000d1 06             1546 	.byte	6
000000d2 0b             1547 	.byte	11
000000d3 04             1548 	.byte	4
000000d4 01             1549 	.byte	1
000000d5 18             1550 	.byte	24
000000d6 53454e534f52   1551 	.strz	"SENSOR_AUFLOESUNG_25MBAR "
000000dc 5f4155464c4f 
000000e2 4553554e475f 
000000e8 32354d424152 
000000ee 2000 
000000f0 04             1552 	.byte	4
000000f1 03             1553 	.byte	3
000000f2 05             1554 	.byte	5
000000f3 0c             1555 	.byte	12
000000f4 03             1556 	.byte	3
000000f5 04             1557 	.byte	4
000000f6 0d             1558 	.byte	13
000000f7 03             1559 	.byte	3
000000f8 05             1560 	.byte	5
000000f9 0e             1561 	.byte	14
000000fa 04             1562 	.byte	4
000000fb 04             1563 	.byte	4
000000fc 01             1564 	.byte	1
000000fd 06             1565 	.byte	6
000000fe 634d465f4d41   1566 	.strz	"cMF_MAX_FRAMES ((uint8) 3)"
00000104 585f4652414d 

                                                                      Page 30
                                                              C:\Users\nhuliyap\AppData\Local\Temp\gh_0000cog1.s
0000010a 455320282875 
00000110 696e74382920 
00000116 332900 
00000119 01             1567 	.byte	1
0000011a 07             1568 	.byte	7
0000011b 634d465f4d41   1569 	.strz	"cMF_MAX_SLOT ((uint8) 10)"
00000121 585f534c4f54 
00000127 20282875696e 
0000012d 743829203130 
00000133 2900 
00000135 04             1570 	.byte	4
00000136 03             1571 	.byte	3
00000137 06             1572 	.byte	6
00000138 0f             1573 	.byte	15
00000139 01             1574 	.byte	1
0000013a 08             1575 	.byte	8
0000013b 6346545f5349   1576 	.strz	"cFT_SINGLE_FRAME ((uint8) 0 )"
00000141 4e474c455f46 
00000147 52414d452028 
0000014d 2875696e7438 
00000153 292030202900 
00000159 01             1577 	.byte	1
0000015a 09             1578 	.byte	9
0000015b 6346545f4d55   1579 	.strz	"cFT_MULTI_FRAME ((uint8) 1 )"
00000161 4c54495f4652 
00000167 414d45202828 
0000016d 75696e743829 
00000173 2031202900 
00000178 04             1580 	.byte	4
00000179 04             1581 	.byte	4
0000017a 00             1582 	.byte	0
                        1583 	.section	.debug_abbrev
00000115 00             1584 	.byte	0
                        1585 	.section	.debug_info
                        1586 .Ldw_end:
                        1587 .rh850_flags REGMODE32,DATA_ALIGN8,GP_FIX,EP_NONFIX,TP_FIX,REG2_RESERVE,G3K,GHS_MISALIGN,SDA_EXTRA_REGS_0
