                                                                      Page 1
                                                              C:\Users\nhuliyap\AppData\Local\Temp\gh_00006qc1.s
Command Line: C:\ghs\comp_201517\ease850.exe -w -elf -b0 -I../source/common -I../source/ProjectCompiler -I../source/ProjectCfg -I../source/SwcApplTpms -I../source/SwcApplEcuM -I../source/SwcServiceBswM -I../source/SwcServiceEcuM -I../source/SwcServiceNvM -I../source/SwcServiceOs -I../source/SwcServiceStartUp -I../source/McalAdc -I../source/McalDio -I../source/McalGpt -I../source/McalMcu -I../source/McalWdg -I../source/wrappers -I../source/wrappers/McalAta -I../source/McalLin -I../source/McalCan -I../source/wrappers/OS -I../source/McalFls -I../source/EcuabFee -I../source/EcuabMemIf -I../source/wrappers/VStdLib -I../source/wrappers/Crc -I../source/wrappers/FBL_APPL -I../source/wrappers/NVM_MANAGER -I../source/wrappers/DEM_MANAGER -I../source/wrappers/RDC_MANAGER -I../source/wrappers/ENV_MANAGER -I../source/wrappers/SYS_MANAGER -I../source/wrappers/EcuabCanIf -I../source/EcuabCanTrcv -I../source/wrappers/SwcServiceCanSM -I../source/wrappers/SwcServiceCanTp -I../source/wrappers/SwcServiceCanTp_PreCompile -I../source/wrappers/SwcServiceCom -I../source/wrappers/SwcServiceComM -I../source/wrappers/SwcServiceDcm -I../source/wrappers/SwcServicePduR -I../source/wrappers/SwcServiceEcuM -I../source/wrappers/Bfx -I../source/wrappers/SwcServiceDem -I../source/SwcServiceCom -I../source/SwcServiceDet -I../source/SwcServiceFiM -I../source/SwcServicePduR -I../source/SwcServiceSchM -I../source/wrappers/LibAutosarDiag -I../source/wrappers/rba_BswSrv -IC:\ghs\comp_201517\lib\rh850 -cg_underscore -cpu=rh850g3k -no_v850_simd -rh850_fpsimd=none -nomacro -patch_dbo=C:\_ECU2\ECU_Rivian_A1\Target\repo_projects\pRealEcu\cR_LATEST\make\output\objects\procdat_if.dbo -source=procdat_if.c -o output\objects\gh_00006qc1.o -list=output\list\procdat_if.lst C:\Users\nhuliyap\AppData\Local\Temp\gh_00006qc1.s 
Original File: C:\Users\nhuliyap\AppData\Local\Temp\gh_00006qc1.s
Source File: procdat_if.c
Directory: C:\_ECU2\ECU_Rivian_A1\Target\repo_projects\pRealEcu\cR_LATEST\make
Host OS: Windows
EASE: Copyright (C) 1983-2015 Green Hills Software.  All Rights Reserved.
Release: Compiler v2015.1.7
Build Directory: [Directory] BTOWORKER6:c:/build_2015_1_bto/2015-10-21.2100-2015_1_bto/win32-comp-ecom
Revision: [VCInfo] http://toolsvc/branches/release-branch-70-bto/src@544153 (built by build)
Revision Date: Thu Oct 22 07:50:13 2015

Release Date: Thu Oct 22 09:32:32 2015

                           1 --Driver Command: ccv850 ../source/SwcApplTpms/procdat_if.c -cpu=rh850 -fhard
                           2 --		-ignore_callt_state_in_interrupts -large_sda -misalign_pack
                           3 --		-nofarcalls -nofloatio -no_callt -Ogeneral -Onounroll
                           4 --		-prepare_dispose -registermode=32 -reserve_r2 -sda=0
                           5 --		-shorten_loads -Wshadow --brief_diagnostics --no_commons
                           6 --		--no_wrap_diagnostics --prototype_errors --short_enum -list -G
                           7 --		-dual_debug -dwarf -X5523 -lnk=-no_xda_modifications -D
                           8 --		NOT_READY_FOR_TESTING_OR_DEPLOYMENT -D IBTCM_SW_ANPASSUNGEN -D
                           9 --		BUILD_RIVIAN -c -inline_prologue -I../source/common
                          10 --		-I../source/ProjectCompiler -I../source/ProjectCfg
                          11 --		-I../source/SwcApplTpms -I../source/SwcApplEcuM
                          12 --		-I../source/SwcServiceBswM -I../source/SwcServiceEcuM
                          13 --		-I../source/SwcServiceNvM -I../source/SwcServiceOs
                          14 --		-I../source/SwcServiceStartUp -I../source/McalAdc
                          15 --		-I../source/McalDio -I../source/McalGpt -I../source/McalMcu
                          16 --		-I../source/McalWdg -I../source/wrappers
                          17 --		-I../source/wrappers/McalAta -I../source/McalLin
                          18 --		-I../source/McalCan -I../source/wrappers/OS -I../source/McalFls
                          19 --		-I../source/EcuabFee -I../source/EcuabMemIf
                          20 --		-I../source/wrappers/VStdLib -I../source/wrappers
                          21 --		-I../source/wrappers/Crc -I../source/wrappers/FBL_APPL
                          22 --		-I../source/wrappers/NVM_MANAGER -I../source/wrappers/DEM_MANAGER
                          23 --		-I../source/wrappers/RDC_MANAGER -I../source/wrappers/ENV_MANAGER
                          24 --		-I../source/wrappers/SYS_MANAGER -I../source/wrappers/EcuabCanIf
                          25 --		-I../source/EcuabCanTrcv -I../source/wrappers/SwcServiceCanSM
                          26 --		-I../source/wrappers/SwcServiceCanTp
                          27 --		-I../source/wrappers/SwcServiceCanTp_PreCompile
                          28 --		-I../source/wrappers/SwcServiceCom
                          29 --		-I../source/wrappers/SwcServiceComM
                          30 --		-I../source/wrappers/SwcServiceDcm
                          31 --		-I../source/wrappers/SwcServicePduR
                          32 --		-I../source/wrappers/SwcServiceEcuM -I../source/wrappers/Bfx
                          33 --		-I../source/wrappers/SwcServiceDem -I../source/SwcServiceCom
                          34 --		-I../source/SwcServiceDet -I../source/SwcServiceFiM
                          35 --		-I../source/SwcServicePduR -I../source/SwcServiceSchM
                          36 --		-I../source/wrappers/LibAutosarDiag
                          37 --		-I../source/wrappers/rba_BswSrv -object_dir=output/objects
                          38 --		-list_dir=output/list
                          39 --Source File:   ../source/SwcApplTpms/procdat_if.c
                          40 --Directory:     
                          41 --		C:\_ECU2\ECU_Rivian_A1\Target\repo_projects\pRealEcu\cR_LATEST\make
                          42 --Compile Date:  Fri Sep 15 14:15:37 2023
                          43 --Host OS:       Win32
                          44 --Version:       C-RH850 2015.1.7 RELEASE VERSION
                          45 --Release:       Compiler v2015.1.7
                          46 --Revision Date: Thu Oct 22 08:06:12 2015
                          47 --Release Date:  Thu Oct 22 09:34:32 2015
                          48 -- ecom  -g -w -OM
                          49 	.text
                          50 ..bof.C.3A.5C_ECU2.5CECU_Rivian_A1.5CTarget.5Crepo_projects.5CpRealEcu.5CcR_LATEST.5Cmake.5Coutput.5Cobjects.5Cprocdat_if...43.3A.5C_ECU2.5CECU_Rivian_A1.5CTarget.5Crepo_projects.5CpRealEcu.5CcR_LATEST.5Cmake..65044AE9..0::

                                                                      Page 2
                                                              C:\Users\nhuliyap\AppData\Local\Temp\gh_00006qc1.s
                          51 	.align	2
                          52 ..gh.f.f.1.e.0:
                          53 	.type	..gh.f.f.1.e.0,@object
                          54 	.size	..gh.f.f.1.e.0,0
                          55 	.global	_ucGetRadPosAtSlotPDIF
                          56 _ucGetRadPosAtSlotPDIF:
00000000 8600             57 	zxb	r6
                          58 --	    .bf
                          59 .LDW01:
00000002 80070000*        60 	jr	_ucGetWPOfCol
                          61 --	    .ef
                          62 .LDW11:
                          63 	.global	___ghs_eofn_ucGetRadPosAtSlotPDIF
                          64 ___ghs_eofn_ucGetRadPosAtSlotPDIF:
                          65 	.type	_ucGetRadPosAtSlotPDIF,@function
                          66 	.size	_ucGetRadPosAtSlotPDIF,.-_ucGetRadPosAtSlotPDIF
                          67 	.align	2
                          68 
                          69 --_ucSlotNo	r6	param
                          70 
                          71 	.section ".bss","awb"
                          72 .L36:
                          73 	.type	.L36,@object
                          74 	.size	.L36,0
                          75 	.data
                          76 	.text
                          77 	.align	2
                          78 
                          79 	.data
                          80 	.ghsnote version,17
                          81 	.ghsnote tools,3
                          82 	.ghsnote options,144
                          83 	.text
                          84 	.align	2
                          85 ..eof.C.3A.5C_ECU2.5CECU_Rivian_A1.5CTarget.5Crepo_projects.5CpRealEcu.5CcR_LATEST.5Cmake.5Coutput.5Cobjects.5Cprocdat_if...43.3A.5C_ECU2.5CECU_Rivian_A1.5CTarget.5Crepo_projects.5CpRealEcu.5CcR_LATEST.5Cmake..65044AE9..0::
                          86 	.section	.debug_info
                          87 .Ldw_begin:
00000000 41010000         88 	.word	.Ldw_end-.Ldw_begin-4
00000004 0200             89 	.byte	2,0
00000006 00000000*        90 	.word	.Ldw_abbr_begin
0000000a 04               91 	.byte	4
                          92 	.section	.debug_abbrev
                          93 .Ldw_abbr_begin:
                          94 	.section	.debug_info
0000000b 01               95 	.byte	1
0000000c 00000000*        96 	.word	..bof.C.3A.5C_ECU2.5CECU_Rivian_A1.5CTarget.5Crepo_projects.5CpRealEcu.5CcR_LATEST.5Cmake.5Coutput.5Cobjects.5Cprocdat_if...43.3A.5C_ECU2.5CECU_Rivian_A1.5CTarget.5Crepo_projects.5CpRealEcu.5CcR_LATEST.5Cmake..65044AE9..0
00000010 00000000*        97 	.word	..eof.C.3A.5C_ECU2.5CECU_Rivian_A1.5CTarget.5Crepo_projects.5CpRealEcu.5CcR_LATEST.5Cmake.5Coutput.5Cobjects.5Cprocdat_if...43.3A.5C_ECU2.5CECU_Rivian_A1.5CTarget.5Crepo_projects.5CpRealEcu.5CcR_LATEST.5Cmake..65044AE9..0
00000014 2e2e2f736f75     98 	.strz	"../source/SwcApplTpms/procdat_if.c"
0000001a 7263652f5377 
00000020 634170706c54 
00000026 706d732f7072 
0000002c 6f636461745f 
00000032 69662e6300 
00000037 433a5c5f4543     99 	.strz	"C:\\_ECU2\\ECU_Rivian_A1\\Target\\repo_projects\\pRealEcu\\cR_LATEST\\make"
0000003d 55325c454355 
00000043 5f5269766961 
00000049 6e5f41315c54 
0000004f 61726765745c 
00000055 7265706f5f70 
0000005b 726f6a656374 
00000061 735c70526561 

                                                                      Page 3
                                                              C:\Users\nhuliyap\AppData\Local\Temp\gh_00006qc1.s
00000067 6c4563755c63 
0000006d 525f4c415445 
00000073 53545c6d616b 
00000079 6500 
0000007b 474853204320    100 	.strz	"GHS C 2015.1.7 [dual]"
00000081 323031352e31 
00000087 2e37205b6475 
0000008d 616c5d00 
00000091 0100            101 	.byte	1,0
00000093 00000000*       102 	.word	.Ldw_line_begin
00000097 00000000*       103 	.word	.Ldw_macinfo_begin
0000009b 00              104 	.byte	0
                         105 
                         106 	.section	.debug_abbrev
00000000 01              107 	.byte	1
00000001 11              108 	.byte	17
00000002 01              109 	.byte	1
00000003 1101            110 	.byte	17,1
00000005 1201            111 	.byte	18,1
00000007 0308            112 	.byte	3,8
00000009 1b08            113 	.byte	27,8
0000000b 2508            114 	.byte	37,8
0000000d 1305            115 	.byte	19,5
0000000f 1006            116 	.byte	16,6
00000011 4306            117 	.byte	67,6
00000013 420b            118 	.byte	66,11
00000015 0000            119 	.byte	0,0
                         120 
                         121 	.section	.debug_line
                         122 .Ldw_line_begin:
00000000 97020000        123 	.word	.Ldw_line_end-.Ldw_line_begin-4
00000004 0200            124 	.byte	2,0
00000006 00000000*       125 	.word	.Ldw_lpro_end-.Ldw_lpro_begin
                         126 .Ldw_lpro_begin:
0000000a 01              127 	.byte	1
0000000b 00              128 	.byte	0
0000000c 00              129 	.byte	0
0000000d 04              130 	.byte	4
0000000e 0a              131 	.byte	10
0000000f 000101          132 	.byte	0,1,1
00000012 010100          133 	.byte	1,1,0
00000015 000001          134 	.byte	0,0,1
00000018 00              135 	.byte	0
00000019 2e2e2f736f75    136 	.strz	"../source/SwcApplTpms/procdat_if.c"
0000001f 7263652f5377 
00000025 634170706c54 
0000002b 706d732f7072 
00000031 6f636461745f 
00000037 69662e6300 
0000003c 000000          137 	.byte	0,0,0
0000003f 2e2e2f736f75    138 	.strz	"../source/common/Std_Types.hpp"
00000045 7263652f636f 
0000004b 6d6d6f6e2f53 
00000051 74645f547970 
00000057 65732e687070 
0000005d 00 
0000005e 000000          139 	.byte	0,0,0
00000061 2e2e2f736f75    140 	.strz	"../source/common/Platform_Types.hpp"
00000067 7263652f636f 
0000006d 6d6d6f6e2f50 
00000073 6c6174666f72 

                                                                      Page 4
                                                              C:\Users\nhuliyap\AppData\Local\Temp\gh_00006qc1.s
00000079 6d5f54797065 
0000007f 732e68707000 
00000085 000000          141 	.byte	0,0,0
00000088 2e2e2f736f75    142 	.strz	"../source/common/Compiler.hpp"
0000008e 7263652f636f 
00000094 6d6d6f6e2f43 
0000009a 6f6d70696c65 
000000a0 722e68707000 
000000a6 000000          143 	.byte	0,0,0
000000a9 2e2e2f736f75    144 	.strz	"../source/ProjectCompiler/Compiler_Cfg.hpp"
000000af 7263652f5072 
000000b5 6f6a65637443 
000000bb 6f6d70696c65 
000000c1 722f436f6d70 
000000c7 696c65725f43 
000000cd 66672e687070 
000000d3 00 
000000d4 000000          145 	.byte	0,0,0
000000d7 2e2e2f736f75    146 	.strz	"../source/ProjectCompiler/CompilerCfg_SwcServiceOs.hpp"
000000dd 7263652f5072 
000000e3 6f6a65637443 
000000e9 6f6d70696c65 
000000ef 722f436f6d70 
000000f5 696c65724366 
000000fb 675f53776353 
00000101 657276696365 
00000107 4f732e687070 
0000010d 00 
0000010e 000000          147 	.byte	0,0,0
00000111 2e2e2f736f75    148 	.strz	"../source/SwcApplTpms/iTpms_Interface.hpp"
00000117 7263652f5377 
0000011d 634170706c54 
00000123 706d732f6954 
00000129 706d735f496e 
0000012f 746572666163 
00000135 652e68707000 
0000013b 000000          149 	.byte	0,0,0
0000013e 2e2e2f736f75    150 	.strz	"../source/SwcApplTpms/Tpms_Rte_Data_Type.hpp"
00000144 7263652f5377 
0000014a 634170706c54 
00000150 706d732f5470 
00000156 6d735f527465 
0000015c 5f446174615f 
00000162 547970652e68 
00000168 707000 
0000016b 000000          151 	.byte	0,0,0
0000016e 2e2e2f736f75    152 	.strz	"../source/McalMcu/Types.hpp"
00000174 7263652f4d63 
0000017a 616c4d63752f 
00000180 54797065732e 
00000186 68707000 
0000018a 000000          153 	.byte	0,0,0
0000018d 2e2e2f736f75    154 	.strz	"../source/SwcApplTpms/procdat.hpp"
00000193 7263652f5377 
00000199 634170706c54 
0000019f 706d732f7072 
000001a5 6f636461742e 
000001ab 68707000 
000001af 000000          155 	.byte	0,0,0
000001b2 2e2e2f736f75    156 	.strz	"../source/SwcApplTpms/SwcApplTpms_Rte.hpp"
000001b8 7263652f5377 

                                                                      Page 5
                                                              C:\Users\nhuliyap\AppData\Local\Temp\gh_00006qc1.s
000001be 634170706c54 
000001c4 706d732f5377 
000001ca 634170706c54 
000001d0 706d735f5274 
000001d6 652e68707000 
000001dc 000000          157 	.byte	0,0,0
000001df 2e2e2f736f75    158 	.strz	"../source/SwcApplTpms/SwcApplTpms_Rte_Type.hpp"
000001e5 7263652f5377 
000001eb 634170706c54 
000001f1 706d732f5377 
000001f7 634170706c54 
000001fd 706d735f5274 
00000203 655f54797065 
00000209 2e68707000 
0000020e 000000          159 	.byte	0,0,0
00000211 2e2e2f736f75    160 	.strz	"../source/SwcApplTpms/tss_stdx.hpp"
00000217 7263652f5377 
0000021d 634170706c54 
00000223 706d732f7473 
00000229 735f73746478 
0000022f 2e68707000 
00000234 000000          161 	.byte	0,0,0
00000237 2e2e2f736f75    162 	.strz	"../source/ProjectCfg/CfgSwcApplTpms.hpp"
0000023d 7263652f5072 
00000243 6f6a65637443 
00000249 66672f436667 
0000024f 537763417070 
00000255 6c54706d732e 
0000025b 68707000 
0000025f 000000          163 	.byte	0,0,0
00000262 2e2e2f736f75    164 	.strz	"../source/SwcApplTpms/wallocX.hpp"
00000268 7263652f5377 
0000026e 634170706c54 
00000274 706d732f7761 
0000027a 6c6c6f63582e 
00000280 68707000 
00000284 000000          165 	.byte	0,0,0
00000287 00              166 	.byte	0
                         167 .Ldw_lpro_end:
                         168 	.section	.debug_macinfo
                         169 .Ldw_macinfo_begin:
                         170 	.section	.debug_frame
                         171 .LDW_4be1ac8:
00000000 00000000*       172 	.word	.LDW_unq_2-.LDW_unq_1
                         173 .LDW_unq_1:
00000004 ffffffff        174 	.byte	255,255,255,255
00000008 01              175 	.byte	1
00000009 00              176 	.byte	0
0000000a 01              177 	.byte	1
0000000b 01              178 	.byte	1
0000000c 1f              179 	.byte	31
0000000d 0c              180 	.byte	12
0000000e 03              181 	.byte	3
0000000f 00              182 	.byte	0
00000010 07              183 	.byte	7
00000011 00              184 	.byte	0
00000012 07              185 	.byte	7
00000013 01              186 	.byte	1
00000014 07              187 	.byte	7
00000015 02              188 	.byte	2
00000016 07              189 	.byte	7

                                                                      Page 6
                                                              C:\Users\nhuliyap\AppData\Local\Temp\gh_00006qc1.s
00000017 03              190 	.byte	3
00000018 07              191 	.byte	7
00000019 04              192 	.byte	4
0000001a 07              193 	.byte	7
0000001b 05              194 	.byte	5
0000001c 07              195 	.byte	7
0000001d 06              196 	.byte	6
0000001e 07              197 	.byte	7
0000001f 07              198 	.byte	7
00000020 07              199 	.byte	7
00000021 08              200 	.byte	8
00000022 07              201 	.byte	7
00000023 09              202 	.byte	9
00000024 07              203 	.byte	7
00000025 0a              204 	.byte	10
00000026 07              205 	.byte	7
00000027 0b              206 	.byte	11
00000028 07              207 	.byte	7
00000029 0c              208 	.byte	12
0000002a 07              209 	.byte	7
0000002b 0d              210 	.byte	13
0000002c 07              211 	.byte	7
0000002d 0e              212 	.byte	14
0000002e 07              213 	.byte	7
0000002f 0f              214 	.byte	15
00000030 07              215 	.byte	7
00000031 10              216 	.byte	16
00000032 07              217 	.byte	7
00000033 11              218 	.byte	17
00000034 07              219 	.byte	7
00000035 12              220 	.byte	18
00000036 07              221 	.byte	7
00000037 13              222 	.byte	19
00000038 08              223 	.byte	8
00000039 14              224 	.byte	20
0000003a 08              225 	.byte	8
0000003b 15              226 	.byte	21
0000003c 08              227 	.byte	8
0000003d 16              228 	.byte	22
0000003e 08              229 	.byte	8
0000003f 17              230 	.byte	23
00000040 08              231 	.byte	8
00000041 18              232 	.byte	24
00000042 08              233 	.byte	8
00000043 19              234 	.byte	25
00000044 08              235 	.byte	8
00000045 1a              236 	.byte	26
00000046 08              237 	.byte	8
00000047 1b              238 	.byte	27
00000048 08              239 	.byte	8
00000049 1c              240 	.byte	28
0000004a 08              241 	.byte	8
0000004b 1d              242 	.byte	29
0000004c 07              243 	.byte	7
0000004d 1e              244 	.byte	30
0000004e 08              245 	.byte	8
0000004f 1f              246 	.byte	31
00000050 07              247 	.byte	7
00000051 20              248 	.byte	32
00000052 07              249 	.byte	7
00000053 21              250 	.byte	33

                                                                      Page 7
                                                              C:\Users\nhuliyap\AppData\Local\Temp\gh_00006qc1.s
00000054 07              251 	.byte	7
00000055 22              252 	.byte	34
00000056 07              253 	.byte	7
00000057 23              254 	.byte	35
00000058 07              255 	.byte	7
00000059 24              256 	.byte	36
0000005a 07              257 	.byte	7
0000005b 25              258 	.byte	37
0000005c 07              259 	.byte	7
0000005d 26              260 	.byte	38
0000005e 07              261 	.byte	7
0000005f 27              262 	.byte	39
00000060 07              263 	.byte	7
00000061 28              264 	.byte	40
00000062 07              265 	.byte	7
00000063 29              266 	.byte	41
00000064 07              267 	.byte	7
00000065 2a              268 	.byte	42
00000066 07              269 	.byte	7
00000067 2b              270 	.byte	43
00000068 07              271 	.byte	7
00000069 2c              272 	.byte	44
0000006a 07              273 	.byte	7
0000006b 2d              274 	.byte	45
0000006c 07              275 	.byte	7
0000006d 2e              276 	.byte	46
0000006e 07              277 	.byte	7
0000006f 2f              278 	.byte	47
00000070 07              279 	.byte	7
00000071 30              280 	.byte	48
00000072 07              281 	.byte	7
00000073 31              282 	.byte	49
00000074 07              283 	.byte	7
00000075 32              284 	.byte	50
00000076 07              285 	.byte	7
00000077 33              286 	.byte	51
00000078 07              287 	.byte	7
00000079 34              288 	.byte	52
0000007a 07              289 	.byte	7
0000007b 35              290 	.byte	53
0000007c 07              291 	.byte	7
0000007d 36              292 	.byte	54
0000007e 07              293 	.byte	7
0000007f 37              294 	.byte	55
00000080 07              295 	.byte	7
00000081 38              296 	.byte	56
00000082 07              297 	.byte	7
00000083 39              298 	.byte	57
00000084 07              299 	.byte	7
00000085 3a              300 	.byte	58
00000086 07              301 	.byte	7
00000087 3b              302 	.byte	59
00000088 07              303 	.byte	7
00000089 3c              304 	.byte	60
0000008a 07              305 	.byte	7
0000008b 3d              306 	.byte	61
0000008c 07              307 	.byte	7
0000008d 3e              308 	.byte	62
0000008e 07              309 	.byte	7
0000008f 3f              310 	.byte	63
                         311 .LDW_unq_2:

                                                                      Page 8
                                                              C:\Users\nhuliyap\AppData\Local\Temp\gh_00006qc1.s
                         312 	.section	.debug_info
                         313 .LDW_4887260:
0000009c 25              314 	.byte	37
0000009d 756e7369676e    315 	.strz	"unsigned char"
000000a3 656420636861 
000000a9 7200 
000000ab 08              316 	.byte	8
000000ac 01              317 	.byte	1
                         318 
                         319 	.section	.debug_abbrev
00000017 25              320 	.byte	37
00000018 24              321 	.byte	36
00000019 00              322 	.byte	0
0000001a 0308            323 	.byte	3,8
0000001c 3e0b            324 	.byte	62,11
0000001e 0b0b            325 	.byte	11,11
00000020 0000            326 	.byte	0,0
                         327 
                         328 	.section	.debug_info
                         329 .LDW_4886ce8:
000000ad 44              330 	.byte	68
000000ae 00000000*       331 	.word	.LDW_48ceda0
000000b2 01              332 	.byte	1
                         333 
                         334 	.section	.debug_abbrev
00000022 44              335 	.byte	68
00000023 15              336 	.byte	21
00000024 01              337 	.byte	1
00000025 4910            338 	.byte	73,16
00000027 270c            339 	.byte	39,12
00000029 0000            340 	.byte	0,0
                         341 
                         342 	.section	.debug_info
                         343 .LDW_4881a30:
000000b3 12              344 	.byte	18
000000b4 00000000*       345 	.word	.LDW_48ceda0
000000b8 00              346 	.byte	0
                         347 
                         348 	.section	.debug_abbrev
0000002b 12              349 	.byte	18
0000002c 05              350 	.byte	5
0000002d 00              351 	.byte	0
0000002e 4910            352 	.byte	73,16
00000030 4b0c            353 	.byte	75,12
00000032 0000            354 	.byte	0,0
                         355 
                         356 	.section	.debug_info
000000b9 00              357 	.byte	0
                         358 
                         359 .LDW_4c0d5a0:
000000ba 44              360 	.byte	68
000000bb 00000000*       361 	.word	.LDW_4887260
000000bf 01              362 	.byte	1
                         363 
                         364 .LDW_4c0be48:
000000c0 12              365 	.byte	18
000000c1 00000000*       366 	.word	.LDW_4887260
000000c5 00              367 	.byte	0
                         368 
000000c6 00              369 	.byte	0
                         370 

                                                                      Page 9
                                                              C:\Users\nhuliyap\AppData\Local\Temp\gh_00006qc1.s
                         371 .LDW_48ceda0:
000000c7 28              372 	.byte	40
000000c8 75696e743800    373 	.strz	"uint8"
000000ce 50              374 	.byte	80
000000cf 4b              375 	.byte	75
000000d0 03              376 	.byte	3
000000d1 00000000*       377 	.word	.LDW_4887260
                         378 
                         379 	.section	.debug_abbrev
00000034 28              380 	.byte	40
00000035 16              381 	.byte	22
00000036 00              382 	.byte	0
00000037 0308            383 	.byte	3,8
00000039 3b0f            384 	.byte	59,15
0000003b 390f            385 	.byte	57,15
0000003d 3a0f            386 	.byte	58,15
0000003f 4910            387 	.byte	73,16
00000041 0000            388 	.byte	0,0
                         389 
                         390 	.section	.debug_info
                         391 .LDW_4c0df60:
000000d5 16              392 	.byte	22
000000d6 756347657457    393 	.strz	"ucGetWPOfCol"
000000dc 504f66436f6c 
000000e2 00 
000000e3 8801            394 	.byte	136,1
000000e5 16              395 	.byte	22
000000e6 0f              396 	.byte	15
000000e7 00000000*       397 	.word	.LDW_4887260
000000eb 01              398 	.byte	1
000000ec 00              399 	.byte	0
000000ed 01              400 	.byte	1
000000ee 01              401 	.byte	1
000000ef 00              402 	.byte	0
000000f0 01              403 	.byte	1
                         404 
                         405 	.section	.debug_abbrev
00000043 16              406 	.byte	22
00000044 2e              407 	.byte	46
00000045 01              408 	.byte	1
00000046 0308            409 	.byte	3,8
00000048 3b0f            410 	.byte	59,15
0000004a 390f            411 	.byte	57,15
0000004c 3a0f            412 	.byte	58,15
0000004e 4910            413 	.byte	73,16
00000050 3c0c            414 	.byte	60,12
00000052 200b            415 	.byte	32,11
00000054 3f0c            416 	.byte	63,12
00000056 320b            417 	.byte	50,11
00000058 4c0b            418 	.byte	76,11
0000005a 270c            419 	.byte	39,12
0000005c 0000            420 	.byte	0,0
                         421 
                         422 	.section	.debug_info
000000f1 00              423 	.byte	0
                         424 
                         425 .LDW_48cedf8:
000000f2 14              426 	.byte	20
000000f3 756347657452    427 	.strz	"ucGetRadPosAtSlotPDIF"
000000f9 6164506f7341 
000000ff 74536c6f7450 

                                                                      Page 10
                                                              C:\Users\nhuliyap\AppData\Local\Temp\gh_00006qc1.s
00000105 44494600 
00000109 07              428 	.byte	7
0000010a 07              429 	.byte	7
0000010b 01              430 	.byte	1
0000010c 00000000*       431 	.word	.LDW_48ceda0
00000110 00000000*       432 	.word	_ucGetRadPosAtSlotPDIF
00000114 00000000*       433 	.word	___ghs_eofn_ucGetRadPosAtSlotPDIF
00000118 0153            434 	.byte	1,83
0000011a 02              435 	.byte	2
0000011b 00              436 	.byte	0
0000011c 02              437 	.byte	2
0000011d 00              438 	.byte	0
0000011e 00              439 	.byte	0
0000011f 00              440 	.byte	0
00000120 00              441 	.byte	0
00000121 01              442 	.byte	1
00000122 01              443 	.byte	1
00000123 00              444 	.byte	0
00000124 01              445 	.byte	1
                         446 
                         447 	.section	.debug_abbrev
0000005e 14              448 	.byte	20
0000005f 2e              449 	.byte	46
00000060 01              450 	.byte	1
00000061 0308            451 	.byte	3,8
00000063 3b0f            452 	.byte	59,15
00000065 390f            453 	.byte	57,15
00000067 3a0f            454 	.byte	58,15
00000069 4910            455 	.byte	73,16
0000006b 1101            456 	.byte	17,1
0000006d 1201            457 	.byte	18,1
0000006f 400a            458 	.byte	64,10
00000071 8341            459 	.byte	131,65
00000073 0f              460 	.byte	15
00000074 8741            461 	.byte	135,65
00000076 0d              462 	.byte	13
00000077 8541            463 	.byte	133,65
00000079 0f              464 	.byte	15
0000007a 8641            465 	.byte	134,65
0000007c 0d              466 	.byte	13
0000007d 9241            467 	.byte	146,65
0000007f 0f              468 	.byte	15
00000080 3c0c            469 	.byte	60,12
00000082 200b            470 	.byte	32,11
00000084 3f0c            471 	.byte	63,12
00000086 320b            472 	.byte	50,11
00000088 4c0b            473 	.byte	76,11
0000008a 270c            474 	.byte	39,12
0000008c 0000            475 	.byte	0,0
                         476 
                         477 	.section	.debug_frame
                         478 .LDW_4c07990:
00000090 00000000*       479 	.word	.LDW_unq_4-.LDW_unq_3
                         480 .LDW_unq_3:
00000094 00000000*       481 	.word	.LDW_4be1ac8
00000098 00000000*       482 	.word	_ucGetRadPosAtSlotPDIF
0000009c 00000000*       483 	.word	___ghs_eofn_ucGetRadPosAtSlotPDIF-_ucGetRadPosAtSlotPDIF
000000a0 01              484 	.byte	1
000000a1 00000000*       485 	.word	.LDW11
000000a5 00              486 	.byte	0
000000a6 00              487 	.byte	0

                                                                      Page 11
                                                              C:\Users\nhuliyap\AppData\Local\Temp\gh_00006qc1.s
000000a7 00              488 	.byte	0
                         489 .LDW_unq_4:
                         490 	.section	.debug_line
00000288 000502          491 	.byte	0,5,2
0000028b 00000000*       492 	.word	_ucGetRadPosAtSlotPDIF
0000028f 03              493 	.byte	3
00000290 07              494 	.byte	7
00000291 02              495 	.byte	2
00000292 00              496 	.byte	0
00000293 01              497 	.byte	1
00000294 06              498 	.byte	6
00000295 13              499 	.byte	19
00000296 02              500 	.byte	2
00000297 04              501 	.byte	4
00000298 000101          502 	.byte	0,1,1
                         503 	.section	.debug_info
                         504 .LDW_48cee90:
00000125 0f              505 	.byte	15
00000126 7563536c6f74    506 	.strz	"ucSlotNo"
0000012c 4e6f00 
0000012f 08              507 	.byte	8
00000130 0a              508 	.byte	10
00000131 01              509 	.byte	1
00000132 00000000*       510 	.word	.LDW_48ceda0
00000136 00              511 	.byte	0
00000137 0156            512 	.byte	1,86
                         513 
                         514 	.section	.debug_abbrev
0000008e 0f              515 	.byte	15
0000008f 05              516 	.byte	5
00000090 00              517 	.byte	0
00000091 0308            518 	.byte	3,8
00000093 3b0f            519 	.byte	59,15
00000095 390f            520 	.byte	57,15
00000097 3a0f            521 	.byte	58,15
00000099 4910            522 	.byte	73,16
0000009b 4b0c            523 	.byte	75,12
0000009d 020a            524 	.byte	2,10
0000009f 0000            525 	.byte	0,0
                         526 
                         527 	.section	.debug_info
                         528 .LDW_4881880:
00000139 1d              529 	.byte	29
0000013a 00000000*       530 	.word	.LDW01
0000013e 00000000*       531 	.word	.LDW11
                         532 
                         533 	.section	.debug_abbrev
000000a1 1d              534 	.byte	29
000000a2 0b              535 	.byte	11
000000a3 01              536 	.byte	1
000000a4 1101            537 	.byte	17,1
000000a6 1201            538 	.byte	18,1
000000a8 0000            539 	.byte	0,0
                         540 
                         541 	.section	.debug_info
00000142 00              542 	.byte	0
                         543 
00000143 00              544 	.byte	0
                         545 
00000144 00              546 	.byte	0
                         547 

                                                                      Page 12
                                                              C:\Users\nhuliyap\AppData\Local\Temp\gh_00006qc1.s
                         548 	.section	.debug_line
                         549 .Ldw_line_end:
                         550 	.section	.debug_macinfo
00000000 01              551 	.byte	1
00000001 00              552 	.byte	0
00000002 5f5f6768735f    553 	.strz	"__ghs__ 1"
00000008 5f203100 
0000000c 01              554 	.byte	1
0000000d 00              555 	.byte	0
0000000e 5f5f4c4c4f4e    556 	.strz	"__LLONG_BIT 64"
00000014 475f42495420 
0000001a 363400 
0000001d 03              557 	.byte	3
0000001e 00              558 	.byte	0
0000001f 01              559 	.byte	1
00000020 03              560 	.byte	3
00000021 01              561 	.byte	1
00000022 02              562 	.byte	2
00000023 03              563 	.byte	3
00000024 1c              564 	.byte	28
00000025 03              565 	.byte	3
00000026 01              566 	.byte	1
00000027 3c              567 	.byte	60
00000028 545255452031    568 	.strz	"TRUE 1u"
0000002e 7500 
00000030 01              569 	.byte	1
00000031 40              570 	.byte	64
00000032 46414c534520    571 	.strz	"FALSE 0u"
00000038 307500 
0000003b 04              572 	.byte	4
0000003c 03              573 	.byte	3
0000003d 1d              574 	.byte	29
0000003e 04              575 	.byte	4
0000003f 03              576 	.byte	3
00000040 1b              577 	.byte	27
00000041 05              578 	.byte	5
00000042 03              579 	.byte	3
00000043 54              580 	.byte	84
00000044 06              581 	.byte	6
00000045 04              582 	.byte	4
00000046 04              583 	.byte	4
00000047 04              584 	.byte	4
00000048 04              585 	.byte	4
00000049 03              586 	.byte	3
0000004a 03              587 	.byte	3
0000004b 07              588 	.byte	7
0000004c 03              589 	.byte	3
0000004d 04              590 	.byte	4
0000004e 08              591 	.byte	8
0000004f 03              592 	.byte	3
00000050 04              593 	.byte	4
00000051 09              594 	.byte	9
00000052 04              595 	.byte	4
00000053 01              596 	.byte	1
00000054 0e              597 	.byte	14
00000055 50524f445543    598 	.strz	"PRODUCTION_SW 0x0"
0000005b 54494f4e5f53 
00000061 572030783000 
00000067 01              599 	.byte	1
00000068 0f              600 	.byte	15
00000069 444556454c4f    601 	.strz	"DEVELOPMENT_SW 0x1"

                                                                      Page 13
                                                              C:\Users\nhuliyap\AppData\Local\Temp\gh_00006qc1.s
0000006f 504d454e545f 
00000075 535720307831 
0000007b 00 
0000007c 01              602 	.byte	1
0000007d 10              603 	.byte	16
0000007e 53575f434154    604 	.strz	"SW_CATEGORY PRODUCTION_SW"
00000084 45474f525920 
0000008a 50524f445543 
00000090 54494f4e5f53 
00000096 5700 
00000098 04              605 	.byte	4
00000099 01              606 	.byte	1
0000009a 06              607 	.byte	6
0000009b 4d41585f5349    608 	.strz	"MAX_SIZE_WS_TELEGRAM 16U"
000000a1 5a455f57535f 
000000a7 54454c454752 
000000ad 414d20313655 
000000b3 00 
000000b4 01              609 	.byte	1
000000b5 0e              610 	.byte	14
000000b6 4e564d5f424c    611 	.strz	"NVM_BLOCK_TYPE uint32"
000000bc 4f434b5f5459 
000000c2 50452075696e 
000000c8 74333200 
000000cc 04              612 	.byte	4
000000cd 03              613 	.byte	3
000000ce 04              614 	.byte	4
000000cf 0a              615 	.byte	10
000000d0 03              616 	.byte	3
000000d1 05              617 	.byte	5
000000d2 0b              618 	.byte	11
000000d3 03              619 	.byte	3
000000d4 06              620 	.byte	6
000000d5 0c              621 	.byte	12
000000d6 04              622 	.byte	4
000000d7 01              623 	.byte	1
000000d8 18              624 	.byte	24
000000d9 53454e534f52    625 	.strz	"SENSOR_AUFLOESUNG_25MBAR "
000000df 5f4155464c4f 
000000e5 4553554e475f 
000000eb 32354d424152 
000000f1 2000 
000000f3 04              626 	.byte	4
000000f4 03              627 	.byte	3
000000f5 06              628 	.byte	6
000000f6 0d              629 	.byte	13
000000f7 03              630 	.byte	3
000000f8 05              631 	.byte	5
000000f9 0e              632 	.byte	14
000000fa 04              633 	.byte	4
000000fb 04              634 	.byte	4
000000fc 04              635 	.byte	4
000000fd 03              636 	.byte	3
000000fe 05              637 	.byte	5
000000ff 0f              638 	.byte	15
00000100 01              639 	.byte	1
00000101 7b              640 	.byte	123
00000102 4650412000      641 	.strz	"FPA "
00000107 01              642 	.byte	1
00000108 7c              643 	.byte	124
00000109 4142535f5465    644 	.strz	"ABS_Test_LOG_ENABLE "

                                                                      Page 14
                                                              C:\Users\nhuliyap\AppData\Local\Temp\gh_00006qc1.s
0000010f 73745f4c4f47 
00000115 5f454e41424c 
0000011b 452000 
0000011e 04              645 	.byte	4
0000011f 04              646 	.byte	4
00000120 00              647 	.byte	0
                         648 	.section	.debug_abbrev
000000aa 00              649 	.byte	0
                         650 	.section	.debug_info
                         651 .Ldw_end:
                         652 .rh850_flags REGMODE32,DATA_ALIGN8,GP_FIX,EP_NONFIX,TP_FIX,REG2_RESERVE,G3K,GHS_MISALIGN,SDA_EXTRA_REGS_0
