                                                                      Page 1
                                                              C:\Users\nhuliyap\AppData\Local\Temp\gh_00009jo1.s
Command Line: C:\ghs\comp_201517\ease850.exe -w -elf -b0 -I../source/common -I../source/ProjectCompiler -I../source/ProjectCfg -I../source/SwcApplTpms -I../source/SwcApplEcuM -I../source/SwcServiceBswM -I../source/SwcServiceEcuM -I../source/SwcServiceNvM -I../source/SwcServiceOs -I../source/SwcServiceStartUp -I../source/McalAdc -I../source/McalDio -I../source/McalGpt -I../source/McalMcu -I../source/McalWdg -I../source/wrappers -I../source/wrappers/McalAta -I../source/McalLin -I../source/McalCan -I../source/wrappers/OS -I../source/McalFls -I../source/EcuabFee -I../source/EcuabMemIf -I../source/wrappers/VStdLib -I../source/wrappers/Crc -I../source/wrappers/FBL_APPL -I../source/wrappers/NVM_MANAGER -I../source/wrappers/DEM_MANAGER -I../source/wrappers/RDC_MANAGER -I../source/wrappers/ENV_MANAGER -I../source/wrappers/SYS_MANAGER -I../source/wrappers/EcuabCanIf -I../source/EcuabCanTrcv -I../source/wrappers/SwcServiceCanSM -I../source/wrappers/SwcServiceCanTp -I../source/wrappers/SwcServiceCanTp_PreCompile -I../source/wrappers/SwcServiceCom -I../source/wrappers/SwcServiceComM -I../source/wrappers/SwcServiceDcm -I../source/wrappers/SwcServicePduR -I../source/wrappers/SwcServiceEcuM -I../source/wrappers/Bfx -I../source/wrappers/SwcServiceDem -I../source/SwcServiceCom -I../source/SwcServiceDet -I../source/SwcServiceFiM -I../source/SwcServicePduR -I../source/SwcServiceSchM -I../source/wrappers/LibAutosarDiag -I../source/wrappers/rba_BswSrv -IC:\ghs\comp_201517\lib\rh850 -cg_underscore -cpu=rh850g3k -no_v850_simd -rh850_fpsimd=none -nomacro -patch_dbo=C:\_ECU2\ECU_Rivian_A1\Target\repo_projects\pRealEcu\cR_LATEST\make\output\objects\rba_BswSrv_MemCopy.dbo -source=rba_BswSrv_MemCopy.c -o output\objects\gh_00009jo1.o -list=output\list\rba_BswSrv_MemCopy.lst C:\Users\nhuliyap\AppData\Local\Temp\gh_00009jo1.s 
Original File: C:\Users\nhuliyap\AppData\Local\Temp\gh_00009jo1.s
Source File: rba_BswSrv_MemCopy.c
Directory: C:\_ECU2\ECU_Rivian_A1\Target\repo_projects\pRealEcu\cR_LATEST\make
Host OS: Windows
EASE: Copyright (C) 1983-2015 Green Hills Software.  All Rights Reserved.
Release: Compiler v2015.1.7
Build Directory: [Directory] BTOWORKER6:c:/build_2015_1_bto/2015-10-21.2100-2015_1_bto/win32-comp-ecom
Revision: [VCInfo] http://toolsvc/branches/release-branch-70-bto/src@544153 (built by build)
Revision Date: Thu Oct 22 07:50:13 2015

Release Date: Thu Oct 22 09:32:32 2015

                           1 --Driver Command: ccv850 ../source/wrappers/rba_BswSrv/rba_BswSrv_MemCopy.c
                           2 --		-cpu=rh850 -fhard -ignore_callt_state_in_interrupts -large_sda
                           3 --		-misalign_pack -nofarcalls -nofloatio -no_callt -Ogeneral
                           4 --		-Onounroll -prepare_dispose -registermode=32 -reserve_r2 -sda=0
                           5 --		-shorten_loads -Wshadow --brief_diagnostics --no_commons
                           6 --		--no_wrap_diagnostics --prototype_errors --short_enum -list -G
                           7 --		-dual_debug -dwarf -X5523 -lnk=-no_xda_modifications -D
                           8 --		NOT_READY_FOR_TESTING_OR_DEPLOYMENT -D IBTCM_SW_ANPASSUNGEN -D
                           9 --		BUILD_RIVIAN -c -inline_prologue -I../source/common
                          10 --		-I../source/ProjectCompiler -I../source/ProjectCfg
                          11 --		-I../source/SwcApplTpms -I../source/SwcApplEcuM
                          12 --		-I../source/SwcServiceBswM -I../source/SwcServiceEcuM
                          13 --		-I../source/SwcServiceNvM -I../source/SwcServiceOs
                          14 --		-I../source/SwcServiceStartUp -I../source/McalAdc
                          15 --		-I../source/McalDio -I../source/McalGpt -I../source/McalMcu
                          16 --		-I../source/McalWdg -I../source/wrappers
                          17 --		-I../source/wrappers/McalAta -I../source/McalLin
                          18 --		-I../source/McalCan -I../source/wrappers/OS -I../source/McalFls
                          19 --		-I../source/EcuabFee -I../source/EcuabMemIf
                          20 --		-I../source/wrappers/VStdLib -I../source/wrappers
                          21 --		-I../source/wrappers/Crc -I../source/wrappers/FBL_APPL
                          22 --		-I../source/wrappers/NVM_MANAGER -I../source/wrappers/DEM_MANAGER
                          23 --		-I../source/wrappers/RDC_MANAGER -I../source/wrappers/ENV_MANAGER
                          24 --		-I../source/wrappers/SYS_MANAGER -I../source/wrappers/EcuabCanIf
                          25 --		-I../source/EcuabCanTrcv -I../source/wrappers/SwcServiceCanSM
                          26 --		-I../source/wrappers/SwcServiceCanTp
                          27 --		-I../source/wrappers/SwcServiceCanTp_PreCompile
                          28 --		-I../source/wrappers/SwcServiceCom
                          29 --		-I../source/wrappers/SwcServiceComM
                          30 --		-I../source/wrappers/SwcServiceDcm
                          31 --		-I../source/wrappers/SwcServicePduR
                          32 --		-I../source/wrappers/SwcServiceEcuM -I../source/wrappers/Bfx
                          33 --		-I../source/wrappers/SwcServiceDem -I../source/SwcServiceCom
                          34 --		-I../source/SwcServiceDet -I../source/SwcServiceFiM
                          35 --		-I../source/SwcServicePduR -I../source/SwcServiceSchM
                          36 --		-I../source/wrappers/LibAutosarDiag
                          37 --		-I../source/wrappers/rba_BswSrv -object_dir=output/objects
                          38 --		-list_dir=output/list
                          39 --Source File:   ../source/wrappers/rba_BswSrv/rba_BswSrv_MemCopy.c
                          40 --Directory:     
                          41 --		C:\_ECU2\ECU_Rivian_A1\Target\repo_projects\pRealEcu\cR_LATEST\make
                          42 --Compile Date:  Fri Sep 15 14:15:41 2023
                          43 --Host OS:       Win32
                          44 --Version:       C-RH850 2015.1.7 RELEASE VERSION
                          45 --Release:       Compiler v2015.1.7
                          46 --Revision Date: Thu Oct 22 08:06:12 2015
                          47 --Release Date:  Thu Oct 22 09:34:32 2015
                          48 -- ecom  -g -w -OM
                          49 	.text
                          50 ..bof.C.3A.5C_ECU2.5CECU_Rivian_A1.5CTarget.5Crepo_projects.5CpRealEcu.5CcR_LATEST.5Cmake.5Coutput.5Cobjects.5Crba_BswSrv_MemCopy...43.3A.5C_ECU2.5CECU_Rivian_A1.5CTarget.5Crepo_projects.5CpRealEcu.5CcR_LATEST.5Cmake..65044AED..0::

                                                                      Page 2
                                                              C:\Users\nhuliyap\AppData\Local\Temp\gh_00009jo1.s
                          51 	.align	2
                          52 ..gh.f.f.1.e.0:
                          53 	.type	..gh.f.f.1.e.0,@object
                          54 	.size	..gh.f.f.1.e.0,0
                          55 	.global	_LibAutosar_vptrMemCopy
                          56 _LibAutosar_vptrMemCopy:
00000000 0650             57 	mov	r6,r10
                          58 --	    .bf
                          59 .LDW01:
00000002 06f0             60 	mov	r6,ep
00000004 6442             61 	cmp	4,r8
00000006 8115*            62 	bl	.L4
00000008 0730             63 	mov	r7,r6
0000000a 0a31             64 	or	r10,r6
0000000c de32             65 	shl	30,r6
0000000e ca0d*            66 	bne	.L4
                          67 --line19
                          68 ..lin.C.3A.5C_ECU2.5CECU_Rivian_A1.5CTarget.5Crepo_projects.5CpRealEcu.5CcR_LATEST.5Cmake.5Coutput.5Cobjects.5Crba_BswSrv_MemCopy.1::
                          69 .LDWlin1:
00000010 0890             70 	mov	r8,r18
00000012 8292             71 	shr	2,r18
00000014 c8460300         72 	andi	3,r8,r8
                          73 .L9:
00000018 279f0100         74 	ld.w	0[r7],r19
0000001c 443a             75 	add	4,r7
0000001e 019d             76 	sst.w	r19,0[ep]
00000020 44f2             77 	add	4,ep
00000022 f2060b00*        78 	loop	r18,.L9
                          79 .L4:
                          80 --line33
                          81 ..lin.C.3A.5C_ECU2.5CECU_Rivian_A1.5CTarget.5Crepo_projects.5CpRealEcu.5CcR_LATEST.5Cmake.5Coutput.5Cobjects.5Crba_BswSrv_MemCopy.2::
                          82 .LDWlin2:
00000026 6242             83 	cmp	2,r8
00000028 8115*            84 	bl	.L10
0000002a 0798             85 	mov	r7,r19
0000002c 1e99             86 	or	ep,r19
0000002e 819a             87 	shr	1,r19
00000030 c10d*            88 	bl	.L10
                          89 --line35
                          90 ..lin.C.3A.5C_ECU2.5CECU_Rivian_A1.5CTarget.5Crepo_projects.5CpRealEcu.5CcR_LATEST.5Cmake.5Coutput.5Cobjects.5Crba_BswSrv_MemCopy.3::
                          91 .LDWlin3:
00000032 0890             92 	mov	r8,r18
00000034 8192             93 	shr	1,r18
00000036 c8460100         94 	andi	1,r8,r8
                          95 .L15:
0000003a e78f0100         96 	ld.hu	0[r7],r17
0000003e 423a             97 	add	2,r7
00000040 808c             98 	sst.h	r17,0[ep]
00000042 42f2             99 	add	2,ep
00000044 f2060b00*       100 	loop	r18,.L15
                         101 .L10:
                         102 --line46
                         103 ..lin.C.3A.5C_ECU2.5CECU_Rivian_A1.5CTarget.5Crepo_projects.5CpRealEcu.5CcR_LATEST.5Cmake.5Coutput.5Cobjects.5Crba_BswSrv_MemCopy.4::
                         104 .LDWlin4:
00000048 1e30            105 	mov	ep,r6
0000004a 07f0            106 	mov	r7,ep
0000004c e041            107 	cmp	zero,r8
0000004e 920d*           108 	be	.L2
                         109 .L498:
                         110 --line51
                         111 ..lin.C.3A.5C_ECU2.5CECU_Rivian_A1.5CTarget.5Crepo_projects.5CpRealEcu.5CcR_LATEST.5Cmake.5Coutput.5Cobjects.5Crba_BswSrv_MemCopy.5::

                                                                      Page 3
                                                              C:\Users\nhuliyap\AppData\Local\Temp\gh_00009jo1.s
                         112 .LDWlin5:
00000050 6080            113 	sld.bu	0[ep],r16
00000052 41f2            114 	add	1,ep
00000054 46870000        115 	st.b	r16,0[r6]
00000058 4132            116 	add	1,r6
0000005a e8060b00*       117 	loop	r8,.L498
0000005e 7f00            118 	jmp	[lp]
                         119 .L2:
                         120 --	    .ef
                         121 .LDW11:
                         122 --line55
                         123 ..lin.C.3A.5C_ECU2.5CECU_Rivian_A1.5CTarget.5Crepo_projects.5CpRealEcu.5CcR_LATEST.5Cmake.5Coutput.5Cobjects.5Crba_BswSrv_MemCopy.6::
                         124 .LDWlin6:
00000060 7f00            125 	jmp	[lp]
                         126 	.global	___ghs_eofn_LibAutosar_vptrMemCopy
                         127 ___ghs_eofn_LibAutosar_vptrMemCopy:
                         128 	.type	_LibAutosar_vptrMemCopy,@function
                         129 	.size	_LibAutosar_vptrMemCopy,.-_LibAutosar_vptrMemCopy
                         130 	.align	2
                         131 --_xDest_pu32	ep	local
                         132 --_xSrc_pcu32	r7	local
                         133 --_xDest_pu16	ep	local
                         134 --_xSrc_pcu16	r7	local
                         135 --_xDest_pu8	r6	local
                         136 --_xSrc_pcu8	ep	local
                         137 --_ctLoop_u32	r18	local
                         138 
                         139 --_xDest_pv	r10	param
                         140 --_xSrc_pcv	r7	param
                         141 --_numBytes_u32	r8	param
                         142 
                         143 	.section ".bss","awb"
                         144 .L1011:
                         145 	.type	.L1011,@object
                         146 	.size	.L1011,0
                         147 	.data
                         148 	.text
                         149 	.align	2
                         150 
                         151 	.data
                         152 	.ghsnote version,17
                         153 	.ghsnote tools,3
                         154 	.ghsnote options,144
                         155 	.text
                         156 	.align	2
                         157 ..eof.C.3A.5C_ECU2.5CECU_Rivian_A1.5CTarget.5Crepo_projects.5CpRealEcu.5CcR_LATEST.5Cmake.5Coutput.5Cobjects.5Crba_BswSrv_MemCopy...43.3A.5C_ECU2.5CECU_Rivian_A1.5CTarget.5Crepo_projects.5CpRealEcu.5CcR_LATEST.5Cmake..65044AED..0::
                         158 	.section	.debug_info
                         159 .Ldw_begin:
00000000 7c020000        160 	.word	.Ldw_end-.Ldw_begin-4
00000004 0200            161 	.byte	2,0
00000006 00000000*       162 	.word	.Ldw_abbr_begin
0000000a 04              163 	.byte	4
                         164 	.section	.debug_abbrev
                         165 .Ldw_abbr_begin:
                         166 	.section	.debug_info
0000000b 01              167 	.byte	1
0000000c 00000000*       168 	.word	..bof.C.3A.5C_ECU2.5CECU_Rivian_A1.5CTarget.5Crepo_projects.5CpRealEcu.5CcR_LATEST.5Cmake.5Coutput.5Cobjects.5Crba_BswSrv_MemCopy...43.3A.5C_ECU2.5CECU_Rivian_A1.5CTarget.5Crepo_projects.5CpRealEcu.5CcR_LATEST.5Cmake..65044AED..0
00000010 00000000*       169 	.word	..eof.C.3A.5C_ECU2.5CECU_Rivian_A1.5CTarget.5Crepo_projects.5CpRealEcu.5CcR_LATEST.5Cmake.5Coutput.5Cobjects.5Crba_BswSrv_MemCopy...43.3A.5C_ECU2.5CECU_Rivian_A1.5CTarget.5Crepo_projects.5CpRealEcu.5CcR_LATEST.5Cmake..65044AED..0
00000014 2e2e2f736f75    170 	.strz	"../source/wrappers/rba_BswSrv/rba_BswSrv_MemCopy.c"
0000001a 7263652f7772 
00000020 617070657273 

                                                                      Page 4
                                                              C:\Users\nhuliyap\AppData\Local\Temp\gh_00009jo1.s
00000026 2f7262615f42 
0000002c 73775372762f 
00000032 7262615f4273 
00000038 775372765f4d 
0000003e 656d436f7079 
00000044 2e6300 
00000047 433a5c5f4543    171 	.strz	"C:\\_ECU2\\ECU_Rivian_A1\\Target\\repo_projects\\pRealEcu\\cR_LATEST\\make"
0000004d 55325c454355 
00000053 5f5269766961 
00000059 6e5f41315c54 
0000005f 61726765745c 
00000065 7265706f5f70 
0000006b 726f6a656374 
00000071 735c70526561 
00000077 6c4563755c63 
0000007d 525f4c415445 
00000083 53545c6d616b 
00000089 6500 
0000008b 474853204320    172 	.strz	"GHS C 2015.1.7 [dual]"
00000091 323031352e31 
00000097 2e37205b6475 
0000009d 616c5d00 
000000a1 0100            173 	.byte	1,0
000000a3 00000000*       174 	.word	.Ldw_line_begin
000000a7 00000000*       175 	.word	.Ldw_macinfo_begin
000000ab 00              176 	.byte	0
                         177 
                         178 	.section	.debug_abbrev
00000000 01              179 	.byte	1
00000001 11              180 	.byte	17
00000002 01              181 	.byte	1
00000003 1101            182 	.byte	17,1
00000005 1201            183 	.byte	18,1
00000007 0308            184 	.byte	3,8
00000009 1b08            185 	.byte	27,8
0000000b 2508            186 	.byte	37,8
0000000d 1305            187 	.byte	19,5
0000000f 1006            188 	.byte	16,6
00000011 4306            189 	.byte	67,6
00000013 420b            190 	.byte	66,11
00000015 0000            191 	.byte	0,0
                         192 
                         193 	.section	.debug_line
                         194 .Ldw_line_begin:
00000000 5a020000        195 	.word	.Ldw_line_end-.Ldw_line_begin-4
00000004 0200            196 	.byte	2,0
00000006 00000000*       197 	.word	.Ldw_lpro_end-.Ldw_lpro_begin
                         198 .Ldw_lpro_begin:
0000000a 01              199 	.byte	1
0000000b 00              200 	.byte	0
0000000c 00              201 	.byte	0
0000000d 04              202 	.byte	4
0000000e 0a              203 	.byte	10
0000000f 000101          204 	.byte	0,1,1
00000012 010100          205 	.byte	1,1,0
00000015 000001          206 	.byte	0,0,1
00000018 00              207 	.byte	0
00000019 2e2e2f736f75    208 	.strz	"../source/wrappers/rba_BswSrv/rba_BswSrv_MemCopy.c"
0000001f 7263652f7772 
00000025 617070657273 
0000002b 2f7262615f42 

                                                                      Page 5
                                                              C:\Users\nhuliyap\AppData\Local\Temp\gh_00009jo1.s
00000031 73775372762f 
00000037 7262615f4273 
0000003d 775372765f4d 
00000043 656d436f7079 
00000049 2e6300 
0000004c 000000          209 	.byte	0,0,0
0000004f 2e2e2f736f75    210 	.strz	"../source/common/Std_Types.hpp"
00000055 7263652f636f 
0000005b 6d6d6f6e2f53 
00000061 74645f547970 
00000067 65732e687070 
0000006d 00 
0000006e 000000          211 	.byte	0,0,0
00000071 2e2e2f736f75    212 	.strz	"../source/common/Platform_Types.hpp"
00000077 7263652f636f 
0000007d 6d6d6f6e2f50 
00000083 6c6174666f72 
00000089 6d5f54797065 
0000008f 732e68707000 
00000095 000000          213 	.byte	0,0,0
00000098 2e2e2f736f75    214 	.strz	"../source/common/Compiler.hpp"
0000009e 7263652f636f 
000000a4 6d6d6f6e2f43 
000000aa 6f6d70696c65 
000000b0 722e68707000 
000000b6 000000          215 	.byte	0,0,0
000000b9 2e2e2f736f75    216 	.strz	"../source/ProjectCompiler/Compiler_Cfg.hpp"
000000bf 7263652f5072 
000000c5 6f6a65637443 
000000cb 6f6d70696c65 
000000d1 722f436f6d70 
000000d7 696c65725f43 
000000dd 66672e687070 
000000e3 00 
000000e4 000000          217 	.byte	0,0,0
000000e7 2e2e2f736f75    218 	.strz	"../source/ProjectCompiler/CompilerCfg_SwcServiceOs.hpp"
000000ed 7263652f5072 
000000f3 6f6a65637443 
000000f9 6f6d70696c65 
000000ff 722f436f6d70 
00000105 696c65724366 
0000010b 675f53776353 
00000111 657276696365 
00000117 4f732e687070 
0000011d 00 
0000011e 000000          219 	.byte	0,0,0
00000121 2e2e2f736f75    220 	.strz	"../source/wrappers/rba_BswSrv/rba_BswSrv.hpp"
00000127 7263652f7772 
0000012d 617070657273 
00000133 2f7262615f42 
00000139 73775372762f 
0000013f 7262615f4273 
00000145 775372762e68 
0000014b 707000 
0000014e 000000          221 	.byte	0,0,0
00000151 2e2e2f736f75    222 	.strz	"../source/ProjectCompiler/rba_BswSrv_MemMap.hpp"
00000157 7263652f5072 
0000015d 6f6a65637443 
00000163 6f6d70696c65 
00000169 722f7262615f 
0000016f 427377537276 

                                                                      Page 6
                                                              C:\Users\nhuliyap\AppData\Local\Temp\gh_00009jo1.s
00000175 5f4d656d4d61 
0000017b 702e68707000 
00000181 000000          223 	.byte	0,0,0
00000184 2e2e2f736f75    224 	.strz	"../source/ProjectCompiler/Bsw_MemMap.hpp"
0000018a 7263652f5072 
00000190 6f6a65637443 
00000196 6f6d70696c65 
0000019c 722f4273775f 
000001a2 4d656d4d6170 
000001a8 2e68707000 
000001ad 000000          225 	.byte	0,0,0
000001b0 2e2e2f736f75    226 	.strz	"../source/ProjectCompiler/MemMap_Common.hpp"
000001b6 7263652f5072 
000001bc 6f6a65637443 
000001c2 6f6d70696c65 
000001c8 722f4d656d4d 
000001ce 61705f436f6d 
000001d4 6d6f6e2e6870 
000001da 7000 
000001dc 000000          227 	.byte	0,0,0
000001df 00              228 	.byte	0
                         229 .Ldw_lpro_end:
                         230 	.section	.debug_macinfo
                         231 .Ldw_macinfo_begin:
                         232 	.section	.debug_frame
                         233 .LDW_4ce0338:
00000000 00000000*       234 	.word	.LDW_unq_2-.LDW_unq_1
                         235 .LDW_unq_1:
00000004 ffffffff        236 	.byte	255,255,255,255
00000008 01              237 	.byte	1
00000009 00              238 	.byte	0
0000000a 01              239 	.byte	1
0000000b 01              240 	.byte	1
0000000c 1f              241 	.byte	31
0000000d 0c              242 	.byte	12
0000000e 03              243 	.byte	3
0000000f 00              244 	.byte	0
00000010 07              245 	.byte	7
00000011 00              246 	.byte	0
00000012 07              247 	.byte	7
00000013 01              248 	.byte	1
00000014 07              249 	.byte	7
00000015 02              250 	.byte	2
00000016 07              251 	.byte	7
00000017 03              252 	.byte	3
00000018 07              253 	.byte	7
00000019 04              254 	.byte	4
0000001a 07              255 	.byte	7
0000001b 05              256 	.byte	5
0000001c 07              257 	.byte	7
0000001d 06              258 	.byte	6
0000001e 07              259 	.byte	7
0000001f 07              260 	.byte	7
00000020 07              261 	.byte	7
00000021 08              262 	.byte	8
00000022 07              263 	.byte	7
00000023 09              264 	.byte	9
00000024 07              265 	.byte	7
00000025 0a              266 	.byte	10
00000026 07              267 	.byte	7
00000027 0b              268 	.byte	11

                                                                      Page 7
                                                              C:\Users\nhuliyap\AppData\Local\Temp\gh_00009jo1.s
00000028 07              269 	.byte	7
00000029 0c              270 	.byte	12
0000002a 07              271 	.byte	7
0000002b 0d              272 	.byte	13
0000002c 07              273 	.byte	7
0000002d 0e              274 	.byte	14
0000002e 07              275 	.byte	7
0000002f 0f              276 	.byte	15
00000030 07              277 	.byte	7
00000031 10              278 	.byte	16
00000032 07              279 	.byte	7
00000033 11              280 	.byte	17
00000034 07              281 	.byte	7
00000035 12              282 	.byte	18
00000036 07              283 	.byte	7
00000037 13              284 	.byte	19
00000038 08              285 	.byte	8
00000039 14              286 	.byte	20
0000003a 08              287 	.byte	8
0000003b 15              288 	.byte	21
0000003c 08              289 	.byte	8
0000003d 16              290 	.byte	22
0000003e 08              291 	.byte	8
0000003f 17              292 	.byte	23
00000040 08              293 	.byte	8
00000041 18              294 	.byte	24
00000042 08              295 	.byte	8
00000043 19              296 	.byte	25
00000044 08              297 	.byte	8
00000045 1a              298 	.byte	26
00000046 08              299 	.byte	8
00000047 1b              300 	.byte	27
00000048 08              301 	.byte	8
00000049 1c              302 	.byte	28
0000004a 08              303 	.byte	8
0000004b 1d              304 	.byte	29
0000004c 07              305 	.byte	7
0000004d 1e              306 	.byte	30
0000004e 08              307 	.byte	8
0000004f 1f              308 	.byte	31
00000050 07              309 	.byte	7
00000051 20              310 	.byte	32
00000052 07              311 	.byte	7
00000053 21              312 	.byte	33
00000054 07              313 	.byte	7
00000055 22              314 	.byte	34
00000056 07              315 	.byte	7
00000057 23              316 	.byte	35
00000058 07              317 	.byte	7
00000059 24              318 	.byte	36
0000005a 07              319 	.byte	7
0000005b 25              320 	.byte	37
0000005c 07              321 	.byte	7
0000005d 26              322 	.byte	38
0000005e 07              323 	.byte	7
0000005f 27              324 	.byte	39
00000060 07              325 	.byte	7
00000061 28              326 	.byte	40
00000062 07              327 	.byte	7
00000063 29              328 	.byte	41
00000064 07              329 	.byte	7

                                                                      Page 8
                                                              C:\Users\nhuliyap\AppData\Local\Temp\gh_00009jo1.s
00000065 2a              330 	.byte	42
00000066 07              331 	.byte	7
00000067 2b              332 	.byte	43
00000068 07              333 	.byte	7
00000069 2c              334 	.byte	44
0000006a 07              335 	.byte	7
0000006b 2d              336 	.byte	45
0000006c 07              337 	.byte	7
0000006d 2e              338 	.byte	46
0000006e 07              339 	.byte	7
0000006f 2f              340 	.byte	47
00000070 07              341 	.byte	7
00000071 30              342 	.byte	48
00000072 07              343 	.byte	7
00000073 31              344 	.byte	49
00000074 07              345 	.byte	7
00000075 32              346 	.byte	50
00000076 07              347 	.byte	7
00000077 33              348 	.byte	51
00000078 07              349 	.byte	7
00000079 34              350 	.byte	52
0000007a 07              351 	.byte	7
0000007b 35              352 	.byte	53
0000007c 07              353 	.byte	7
0000007d 36              354 	.byte	54
0000007e 07              355 	.byte	7
0000007f 37              356 	.byte	55
00000080 07              357 	.byte	7
00000081 38              358 	.byte	56
00000082 07              359 	.byte	7
00000083 39              360 	.byte	57
00000084 07              361 	.byte	7
00000085 3a              362 	.byte	58
00000086 07              363 	.byte	7
00000087 3b              364 	.byte	59
00000088 07              365 	.byte	7
00000089 3c              366 	.byte	60
0000008a 07              367 	.byte	7
0000008b 3d              368 	.byte	61
0000008c 07              369 	.byte	7
0000008d 3e              370 	.byte	62
0000008e 07              371 	.byte	7
0000008f 3f              372 	.byte	63
                         373 .LDW_unq_2:
                         374 	.section	.debug_info
                         375 .LDW_3067100:
000000ac 25              376 	.byte	37
000000ad 756e7369676e    377 	.strz	"unsigned long"
000000b3 6564206c6f6e 
000000b9 6700 
000000bb 07              378 	.byte	7
000000bc 04              379 	.byte	4
                         380 
                         381 	.section	.debug_abbrev
00000017 25              382 	.byte	37
00000018 24              383 	.byte	36
00000019 00              384 	.byte	0
0000001a 0308            385 	.byte	3,8
0000001c 3e0b            386 	.byte	62,11
0000001e 0b0b            387 	.byte	11,11
00000020 0000            388 	.byte	0,0

                                                                      Page 9
                                                              C:\Users\nhuliyap\AppData\Local\Temp\gh_00009jo1.s
                         389 
                         390 	.section	.debug_info
                         391 .LDW_30671a8:
000000bd 25              392 	.byte	37
000000be 756e7369676e    393 	.strz	"unsigned short"
000000c4 65642073686f 
000000ca 727400 
000000cd 07              394 	.byte	7
000000ce 02              395 	.byte	2
                         396 
                         397 .LDW_3067020:
000000cf 2f              398 	.byte	47
000000d0 00000000*       399 	.word	.LDW_307bc60
                         400 
                         401 	.section	.debug_abbrev
00000022 2f              402 	.byte	47
00000023 0f              403 	.byte	15
00000024 00              404 	.byte	0
00000025 4910            405 	.byte	73,16
00000027 0000            406 	.byte	0,0
                         407 
                         408 	.section	.debug_info
                         409 .LDW_4cdb678:
000000d4 29              410 	.byte	41
000000d5 00000000*       411 	.word	.LDW_307bc60
                         412 
                         413 	.section	.debug_abbrev
00000029 29              414 	.byte	41
0000002a 26              415 	.byte	38
0000002b 00              416 	.byte	0
0000002c 4910            417 	.byte	73,16
0000002e 0000            418 	.byte	0,0
                         419 
                         420 	.section	.debug_info
                         421 .LDW_3066f40:
000000d9 2f              422 	.byte	47
000000da 00000000*       423 	.word	.LDW_4cdb678
                         424 
                         425 .LDW_3066bf8:
000000de 2f              426 	.byte	47
000000df 00000000*       427 	.word	.LDW_30a8160
                         428 
                         429 .LDW_30a89f0:
000000e3 29              430 	.byte	41
000000e4 00000000*       431 	.word	.LDW_30a8160
                         432 
                         433 .LDW_3066c30:
000000e8 2f              434 	.byte	47
000000e9 00000000*       435 	.word	.LDW_30a89f0
                         436 
                         437 .LDW_30671e0:
000000ed 25              438 	.byte	37
000000ee 756e7369676e    439 	.strz	"unsigned char"
000000f4 656420636861 
000000fa 7200 
000000fc 08              440 	.byte	8
000000fd 01              441 	.byte	1
                         442 
                         443 .LDW_3066e98:
000000fe 2f              444 	.byte	47
000000ff 00000000*       445 	.word	.LDW_30a8a48

                                                                      Page 10
                                                              C:\Users\nhuliyap\AppData\Local\Temp\gh_00009jo1.s
                         446 
                         447 .LDW_30a8cb0:
00000103 29              448 	.byte	41
00000104 00000000*       449 	.word	.LDW_30a8a48
                         450 
                         451 .LDW_3066f08:
00000108 2f              452 	.byte	47
00000109 00000000*       453 	.word	.LDW_30a8cb0
                         454 
                         455 .LDW_4ce0a78:
0000010d 25              456 	.byte	37
0000010e 766f69642a00    457 	.strz	"void*"
00000114 01              458 	.byte	1
00000115 04              459 	.byte	4
                         460 
                         461 .LDW_4cb7698:
00000116 2a              462 	.byte	42
                         463 
                         464 	.section	.debug_abbrev
00000030 2a              465 	.byte	42
00000031 26              466 	.byte	38
00000032 00              467 	.byte	0
00000033 0000            468 	.byte	0,0
                         469 
                         470 	.section	.debug_info
                         471 .LDW_4ce0ea0:
00000117 2f              472 	.byte	47
00000118 00000000*       473 	.word	.LDW_4cb7698
                         474 
                         475 .LDW_4ce0f10:
0000011c 44              476 	.byte	68
0000011d 00000000*       477 	.word	.LDW_4ce0a78
00000121 01              478 	.byte	1
                         479 
                         480 	.section	.debug_abbrev
00000035 44              481 	.byte	68
00000036 15              482 	.byte	21
00000037 01              483 	.byte	1
00000038 4910            484 	.byte	73,16
0000003a 270c            485 	.byte	39,12
0000003c 0000            486 	.byte	0,0
                         487 
                         488 	.section	.debug_info
                         489 .LDW_4ca6228:
00000122 12              490 	.byte	18
00000123 00000000*       491 	.word	.LDW_4ce0a78
00000127 00              492 	.byte	0
                         493 
                         494 	.section	.debug_abbrev
0000003e 12              495 	.byte	18
0000003f 05              496 	.byte	5
00000040 00              497 	.byte	0
00000041 4910            498 	.byte	73,16
00000043 4b0c            499 	.byte	75,12
00000045 0000            500 	.byte	0,0
                         501 
                         502 	.section	.debug_info
                         503 .LDW_4ca62e8:
00000128 12              504 	.byte	18
00000129 00000000*       505 	.word	.LDW_4ce0ea0
0000012d 00              506 	.byte	0

                                                                      Page 11
                                                              C:\Users\nhuliyap\AppData\Local\Temp\gh_00009jo1.s
                         507 
                         508 .LDW_4ca5f88:
0000012e 12              509 	.byte	18
0000012f 00000000*       510 	.word	.LDW_307bc60
00000133 00              511 	.byte	0
                         512 
00000134 00              513 	.byte	0
                         514 
                         515 .LDW_30a8a48:
00000135 28              516 	.byte	40
00000136 75696e743800    517 	.strz	"uint8"
0000013c 50              518 	.byte	80
0000013d 4b              519 	.byte	75
0000013e 03              520 	.byte	3
0000013f 00000000*       521 	.word	.LDW_30671e0
                         522 
                         523 	.section	.debug_abbrev
00000047 28              524 	.byte	40
00000048 16              525 	.byte	22
00000049 00              526 	.byte	0
0000004a 0308            527 	.byte	3,8
0000004c 3b0f            528 	.byte	59,15
0000004e 390f            529 	.byte	57,15
00000050 3a0f            530 	.byte	58,15
00000052 4910            531 	.byte	73,16
00000054 0000            532 	.byte	0,0
                         533 
                         534 	.section	.debug_info
                         535 .LDW_30a8160:
00000143 28              536 	.byte	40
00000144 75696e743136    537 	.strz	"uint16"
0000014a 00 
0000014b 52              538 	.byte	82
0000014c 4a              539 	.byte	74
0000014d 03              540 	.byte	3
0000014e 00000000*       541 	.word	.LDW_30671a8
                         542 
                         543 .LDW_307bc60:
00000152 28              544 	.byte	40
00000153 75696e743332    545 	.strz	"uint32"
00000159 00 
0000015a 54              546 	.byte	84
0000015b 4a              547 	.byte	74
0000015c 03              548 	.byte	3
0000015d 00000000*       549 	.word	.LDW_3067100
                         550 
                         551 .LDW_4ca69c8:
00000161 14              552 	.byte	20
00000162 4c6962417574    553 	.strz	"LibAutosar_vptrMemCopy"
00000168 6f7361725f76 
0000016e 7074724d656d 
00000174 436f707900 
00000179 07              554 	.byte	7
0000017a 07              555 	.byte	7
0000017b 01              556 	.byte	1
0000017c 00000000*       557 	.word	.LDW_4ce0a78
00000180 00000000*       558 	.word	_LibAutosar_vptrMemCopy
00000184 00000000*       559 	.word	___ghs_eofn_LibAutosar_vptrMemCopy
00000188 0153            560 	.byte	1,83
0000018a 02              561 	.byte	2
0000018b 00              562 	.byte	0

                                                                      Page 12
                                                              C:\Users\nhuliyap\AppData\Local\Temp\gh_00009jo1.s
0000018c 02              563 	.byte	2
0000018d 00              564 	.byte	0
0000018e 00              565 	.byte	0
0000018f 00              566 	.byte	0
00000190 00              567 	.byte	0
00000191 01              568 	.byte	1
00000192 01              569 	.byte	1
00000193 00              570 	.byte	0
00000194 01              571 	.byte	1
                         572 
                         573 	.section	.debug_abbrev
00000056 14              574 	.byte	20
00000057 2e              575 	.byte	46
00000058 01              576 	.byte	1
00000059 0308            577 	.byte	3,8
0000005b 3b0f            578 	.byte	59,15
0000005d 390f            579 	.byte	57,15
0000005f 3a0f            580 	.byte	58,15
00000061 4910            581 	.byte	73,16
00000063 1101            582 	.byte	17,1
00000065 1201            583 	.byte	18,1
00000067 400a            584 	.byte	64,10
00000069 8341            585 	.byte	131,65
0000006b 0f              586 	.byte	15
0000006c 8741            587 	.byte	135,65
0000006e 0d              588 	.byte	13
0000006f 8541            589 	.byte	133,65
00000071 0f              590 	.byte	15
00000072 8641            591 	.byte	134,65
00000074 0d              592 	.byte	13
00000075 9241            593 	.byte	146,65
00000077 0f              594 	.byte	15
00000078 3c0c            595 	.byte	60,12
0000007a 200b            596 	.byte	32,11
0000007c 3f0c            597 	.byte	63,12
0000007e 320b            598 	.byte	50,11
00000080 4c0b            599 	.byte	76,11
00000082 270c            600 	.byte	39,12
00000084 0000            601 	.byte	0,0
                         602 
                         603 	.section	.debug_frame
                         604 .LDW_4cc76c8:
00000090 00000000*       605 	.word	.LDW_unq_4-.LDW_unq_3
                         606 .LDW_unq_3:
00000094 00000000*       607 	.word	.LDW_4ce0338
00000098 00000000*       608 	.word	_LibAutosar_vptrMemCopy
0000009c 00000000*       609 	.word	___ghs_eofn_LibAutosar_vptrMemCopy-_LibAutosar_vptrMemCopy
000000a0 01              610 	.byte	1
000000a1 00000000*       611 	.word	.LDW11
000000a5 00              612 	.byte	0
000000a6 00              613 	.byte	0
000000a7 00              614 	.byte	0
                         615 .LDW_unq_4:
                         616 	.section	.debug_line
000001e0 000502          617 	.byte	0,5,2
000001e3 00000000*       618 	.word	_LibAutosar_vptrMemCopy
000001e7 03              619 	.byte	3
000001e8 07              620 	.byte	7
000001e9 02              621 	.byte	2
000001ea 00              622 	.byte	0
000001eb 01              623 	.byte	1

                                                                      Page 13
                                                              C:\Users\nhuliyap\AppData\Local\Temp\gh_00009jo1.s
000001ec 06              624 	.byte	6
000001ed 13              625 	.byte	19
000001ee 03              626 	.byte	3
000001ef 08              627 	.byte	8
000001f0 02              628 	.byte	2
000001f1 02              629 	.byte	2
000001f2 01              630 	.byte	1
000001f3 000502          631 	.byte	0,5,2
000001f6 00000000*       632 	.word	.LDWlin1
000001fa 0b              633 	.byte	11
000001fb 0b              634 	.byte	11
000001fc 1b              635 	.byte	27
000001fd 1b              636 	.byte	27
000001fe 0c              637 	.byte	12
000001ff 1c              638 	.byte	28
00000200 03              639 	.byte	3
00000201 7f              640 	.byte	127
00000202 02              641 	.byte	2
00000203 04              642 	.byte	4
00000204 01              643 	.byte	1
00000205 15              644 	.byte	21
00000206 000502          645 	.byte	0,5,2
00000209 00000000*       646 	.word	.LDWlin2
0000020d 02              647 	.byte	2
0000020e 00              648 	.byte	0
0000020f 0b              649 	.byte	11
00000210 02              650 	.byte	2
00000211 00              651 	.byte	0
00000212 03              652 	.byte	3
00000213 05              653 	.byte	5
00000214 02              654 	.byte	2
00000215 00              655 	.byte	0
00000216 01              656 	.byte	1
00000217 000502          657 	.byte	0,5,2
0000021a 00000000*       658 	.word	.LDWlin3
0000021e 0b              659 	.byte	11
0000021f 0b              660 	.byte	11
00000220 1b              661 	.byte	27
00000221 1b              662 	.byte	27
00000222 0c              663 	.byte	12
00000223 1c              664 	.byte	28
00000224 03              665 	.byte	3
00000225 7f              666 	.byte	127
00000226 02              667 	.byte	2
00000227 04              668 	.byte	4
00000228 01              669 	.byte	1
00000229 15              670 	.byte	21
0000022a 000502          671 	.byte	0,5,2
0000022d 00000000*       672 	.word	.LDWlin4
00000231 02              673 	.byte	2
00000232 00              674 	.byte	0
00000233 0b              675 	.byte	11
00000234 02              676 	.byte	2
00000235 00              677 	.byte	0
00000236 0c              678 	.byte	12
00000237 13              679 	.byte	19
00000238 14              680 	.byte	20
00000239 000502          681 	.byte	0,5,2
0000023c 00000000*       682 	.word	.LDWlin5
00000240 0c              683 	.byte	12
00000241 14              684 	.byte	20

                                                                      Page 14
                                                              C:\Users\nhuliyap\AppData\Local\Temp\gh_00009jo1.s
00000242 03              685 	.byte	3
00000243 7f              686 	.byte	127
00000244 02              687 	.byte	2
00000245 06              688 	.byte	6
00000246 01              689 	.byte	1
00000247 03              690 	.byte	3
00000248 7d              691 	.byte	125
00000249 02              692 	.byte	2
0000024a 02              693 	.byte	2
0000024b 01              694 	.byte	1
0000024c 000502          695 	.byte	0,5,2
0000024f 00000000*       696 	.word	.LDWlin6
00000253 03              697 	.byte	3
00000254 05              698 	.byte	5
00000255 02              699 	.byte	2
00000256 00              700 	.byte	0
00000257 01              701 	.byte	1
00000258 0b              702 	.byte	11
00000259 02              703 	.byte	2
0000025a 02              704 	.byte	2
0000025b 000101          705 	.byte	0,1,1
                         706 	.section	.debug_info
                         707 .LDW_4cb7220:
00000195 0f              708 	.byte	15
00000196 78446573745f    709 	.strz	"xDest_pv"
0000019c 707600 
0000019f 07              710 	.byte	7
000001a0 24              711 	.byte	36
000001a1 01              712 	.byte	1
000001a2 00000000*       713 	.word	.LDW_4ce0a78
000001a6 00              714 	.byte	0
000001a7 015a            715 	.byte	1,90
                         716 
                         717 	.section	.debug_abbrev
00000086 0f              718 	.byte	15
00000087 05              719 	.byte	5
00000088 00              720 	.byte	0
00000089 0308            721 	.byte	3,8
0000008b 3b0f            722 	.byte	59,15
0000008d 390f            723 	.byte	57,15
0000008f 3a0f            724 	.byte	58,15
00000091 4910            725 	.byte	73,16
00000093 4b0c            726 	.byte	75,12
00000095 020a            727 	.byte	2,10
00000097 0000            728 	.byte	0,0
                         729 
                         730 	.section	.debug_info
                         731 .LDW_4cb72d0:
000001a9 0f              732 	.byte	15
000001aa 785372635f70    733 	.strz	"xSrc_pcv"
000001b0 637600 
000001b3 07              734 	.byte	7
000001b4 3a              735 	.byte	58
000001b5 01              736 	.byte	1
000001b6 00000000*       737 	.word	.LDW_4ce0ea0
000001ba 00              738 	.byte	0
000001bb 0157            739 	.byte	1,87
                         740 
                         741 .LDW_4cb7328:
000001bd 0f              742 	.byte	15
000001be 6e756d427974    743 	.strz	"numBytes_u32"

                                                                      Page 15
                                                              C:\Users\nhuliyap\AppData\Local\Temp\gh_00009jo1.s
000001c4 65735f753332 
000001ca 00 
000001cb 07              744 	.byte	7
000001cc 4b              745 	.byte	75
000001cd 01              746 	.byte	1
000001ce 00000000*       747 	.word	.LDW_307bc60
000001d2 00              748 	.byte	0
000001d3 0158            749 	.byte	1,88
                         750 
                         751 .LDW_4ca6288:
000001d5 1d              752 	.byte	29
000001d6 00000000*       753 	.word	.LDW01
000001da 00000000*       754 	.word	.LDW11
                         755 
                         756 	.section	.debug_abbrev
00000099 1d              757 	.byte	29
0000009a 0b              758 	.byte	11
0000009b 01              759 	.byte	1
0000009c 1101            760 	.byte	17,1
0000009e 1201            761 	.byte	18,1
000000a0 0000            762 	.byte	0,0
                         763 
                         764 	.section	.debug_info
                         765 .LDW_4cb7488:
000001de 04              766 	.byte	4
000001df 78446573745f    767 	.strz	"xDest_pu32"
000001e5 7075333200 
000001ea 09              768 	.byte	9
000001eb 0c              769 	.byte	12
000001ec 01              770 	.byte	1
000001ed 00000000*       771 	.word	.LDW_3067020
000001f1 00              772 	.byte	0
000001f2 00              773 	.byte	0
000001f3 016e            774 	.byte	1,110
                         775 
                         776 	.section	.debug_abbrev
000000a2 04              777 	.byte	4
000000a3 34              778 	.byte	52
000000a4 00              779 	.byte	0
000000a5 0308            780 	.byte	3,8
000000a7 3b0f            781 	.byte	59,15
000000a9 390f            782 	.byte	57,15
000000ab 3a0f            783 	.byte	58,15
000000ad 4910            784 	.byte	73,16
000000af 3f0c            785 	.byte	63,12
000000b1 3c0c            786 	.byte	60,12
000000b3 020a            787 	.byte	2,10
000000b5 0000            788 	.byte	0,0
                         789 
                         790 	.section	.debug_info
                         791 .LDW_4cb74e0:
000001f5 04              792 	.byte	4
000001f6 785372635f70    793 	.strz	"xSrc_pcu32"
000001fc 6375333200 
00000201 0a              794 	.byte	10
00000202 12              795 	.byte	18
00000203 01              796 	.byte	1
00000204 00000000*       797 	.word	.LDW_3066f40
00000208 00              798 	.byte	0
00000209 00              799 	.byte	0
0000020a 0157            800 	.byte	1,87

                                                                      Page 16
                                                              C:\Users\nhuliyap\AppData\Local\Temp\gh_00009jo1.s
                         801 
                         802 .LDW_4cb7d20:
0000020c 04              803 	.byte	4
0000020d 78446573745f    804 	.strz	"xDest_pu16"
00000213 7075313600 
00000218 0b              805 	.byte	11
00000219 0c              806 	.byte	12
0000021a 01              807 	.byte	1
0000021b 00000000*       808 	.word	.LDW_3066bf8
0000021f 00              809 	.byte	0
00000220 00              810 	.byte	0
00000221 016e            811 	.byte	1,110
                         812 
                         813 .LDW_4cb7e80:
00000223 04              814 	.byte	4
00000224 785372635f70    815 	.strz	"xSrc_pcu16"
0000022a 6375313600 
0000022f 0c              816 	.byte	12
00000230 12              817 	.byte	18
00000231 01              818 	.byte	1
00000232 00000000*       819 	.word	.LDW_3066c30
00000236 00              820 	.byte	0
00000237 00              821 	.byte	0
00000238 0157            822 	.byte	1,87
                         823 
                         824 .LDW_4cb7d78:
0000023a 04              825 	.byte	4
0000023b 78446573745f    826 	.strz	"xDest_pu8"
00000241 70753800 
00000245 0d              827 	.byte	13
00000246 0b              828 	.byte	11
00000247 01              829 	.byte	1
00000248 00000000*       830 	.word	.LDW_3066e98
0000024c 00              831 	.byte	0
0000024d 00              832 	.byte	0
0000024e 0156            833 	.byte	1,86
                         834 
                         835 .LDW_4cb7cc8:
00000250 04              836 	.byte	4
00000251 785372635f70    837 	.strz	"xSrc_pcu8"
00000257 63753800 
0000025b 0e              838 	.byte	14
0000025c 11              839 	.byte	17
0000025d 01              840 	.byte	1
0000025e 00000000*       841 	.word	.LDW_3066f08
00000262 00              842 	.byte	0
00000263 00              843 	.byte	0
00000264 016e            844 	.byte	1,110
                         845 
                         846 .LDW_4cb7a08:
00000266 04              847 	.byte	4
00000267 63744c6f6f70    848 	.strz	"ctLoop_u32"
0000026d 5f75333200 
00000272 0f              849 	.byte	15
00000273 0b              850 	.byte	11
00000274 01              851 	.byte	1
00000275 00000000*       852 	.word	.LDW_307bc60
00000279 00              853 	.byte	0
0000027a 00              854 	.byte	0
0000027b 0162            855 	.byte	1,98
                         856 

                                                                      Page 17
                                                              C:\Users\nhuliyap\AppData\Local\Temp\gh_00009jo1.s
0000027d 00              857 	.byte	0
                         858 
0000027e 00              859 	.byte	0
                         860 
0000027f 00              861 	.byte	0
                         862 
                         863 	.section	.debug_line
                         864 .Ldw_line_end:
                         865 	.section	.debug_macinfo
00000000 01              866 	.byte	1
00000001 00              867 	.byte	0
00000002 5f5f6768735f    868 	.strz	"__ghs__ 1"
00000008 5f203100 
0000000c 01              869 	.byte	1
0000000d 00              870 	.byte	0
0000000e 5f5f4c4c4f4e    871 	.strz	"__LLONG_BIT 64"
00000014 475f42495420 
0000001a 363400 
0000001d 01              872 	.byte	1
0000001e 00              873 	.byte	0
0000001f 4e4f545f5245    874 	.strz	"NOT_READY_FOR_TESTING_OR_DEPLOYMENT 1"
00000025 4144595f464f 
0000002b 525f54455354 
00000031 494e475f4f52 
00000037 5f4445504c4f 
0000003d 594d454e5420 
00000043 3100 
00000045 03              875 	.byte	3
00000046 00              876 	.byte	0
00000047 01              877 	.byte	1
00000048 03              878 	.byte	3
00000049 01              879 	.byte	1
0000004a 02              880 	.byte	2
0000004b 03              881 	.byte	3
0000004c 1c              882 	.byte	28
0000004d 03              883 	.byte	3
0000004e 04              884 	.byte	4
0000004f 03              885 	.byte	3
00000050 1d              886 	.byte	29
00000051 04              887 	.byte	4
00000052 03              888 	.byte	3
00000053 1b              889 	.byte	27
00000054 05              890 	.byte	5
00000055 03              891 	.byte	3
00000056 54              892 	.byte	84
00000057 06              893 	.byte	6
00000058 04              894 	.byte	4
00000059 04              895 	.byte	4
0000005a 01              896 	.byte	1
0000005b 33              897 	.byte	51
0000005c 4c4f43414c5f    898 	.strz	"LOCAL_INLINE static inline"
00000062 494e4c494e45 
00000068 207374617469 
0000006e 6320696e6c69 
00000074 6e6500 
00000077 04              899 	.byte	4
00000078 04              900 	.byte	4
00000079 03              901 	.byte	3
0000007a 03              902 	.byte	3
0000007b 07              903 	.byte	7
0000007c 01              904 	.byte	1

                                                                      Page 18
                                                              C:\Users\nhuliyap\AppData\Local\Temp\gh_00009jo1.s
0000007d 10              905 	.byte	16
0000007e 5242415f4253    906 	.strz	"RBA_BSWSRV_START_SEC_CODE "
00000084 575352565f53 
0000008a 544152545f53 
00000090 45435f434f44 
00000096 452000 
00000099 03              907 	.byte	3
0000009a 11              908 	.byte	17
0000009b 08              909 	.byte	8
0000009c 01              910 	.byte	1
0000009d 37              911 	.byte	55
0000009e 4253575f5354    912 	.strz	"BSW_START_SEC_DEFAULT_CODE "
000000a4 4152545f5345 
000000aa 435f44454641 
000000b0 554c545f434f 
000000b6 44452000 
000000ba 03              913 	.byte	3
000000bb 38              914 	.byte	56
000000bc 09              915 	.byte	9
000000bd 01              916 	.byte	1
000000be d308            917 	.byte	211,8
000000c0 53544152545f    918 	.strz	"START_SEC_CODE "
000000c6 5345435f434f 
000000cc 44452000 
000000d0 03              919 	.byte	3
000000d1 bb09            920 	.byte	187,9
000000d3 0a              921 	.byte	10
000000d4 01              922 	.byte	1
000000d5 f307            923 	.byte	243,7
000000d7 434f44455f53    924 	.strz	"CODE_SEC_OPEN "
000000dd 45435f4f5045 
000000e3 4e2000 
000000e6 04              925 	.byte	4
000000e7 04              926 	.byte	4
000000e8 04              927 	.byte	4
000000e9 01              928 	.byte	1
000000ea 15              929 	.byte	21
000000eb 5242415f4253    930 	.strz	"RBA_BSWSRV_STOP_SEC_CODE "
000000f1 575352565f53 
000000f7 544f505f5345 
000000fd 435f434f4445 
00000103 2000 
00000105 03              931 	.byte	3
00000106 16              932 	.byte	22
00000107 08              933 	.byte	8
00000108 01              934 	.byte	1
00000109 3b              935 	.byte	59
0000010a 4253575f5354    936 	.strz	"BSW_STOP_SEC_DEFAULT_CODE "
00000110 4f505f534543 
00000116 5f4445464155 
0000011c 4c545f434f44 
00000122 452000 
00000125 03              937 	.byte	3
00000126 3c              938 	.byte	60
00000127 09              939 	.byte	9
00000128 01              940 	.byte	1
00000129 d608            941 	.byte	214,8
0000012b 53544f505f53    942 	.strz	"STOP_SEC_CODE "
00000131 45435f434f44 
00000137 452000 
0000013a 03              943 	.byte	3

                                                                      Page 19
                                                              C:\Users\nhuliyap\AppData\Local\Temp\gh_00009jo1.s
0000013b bb09            944 	.byte	187,9
0000013d 0a              945 	.byte	10
0000013e 04              946 	.byte	4
0000013f 04              947 	.byte	4
00000140 04              948 	.byte	4
00000141 04              949 	.byte	4
00000142 01              950 	.byte	1
00000143 05              951 	.byte	5
00000144 5242415f4253    952 	.strz	"RBA_BSWSRV_START_SEC_CODE "
0000014a 575352565f53 
00000150 544152545f53 
00000156 45435f434f44 
0000015c 452000 
0000015f 03              953 	.byte	3
00000160 06              954 	.byte	6
00000161 08              955 	.byte	8
00000162 01              956 	.byte	1
00000163 37              957 	.byte	55
00000164 4253575f5354    958 	.strz	"BSW_START_SEC_DEFAULT_CODE "
0000016a 4152545f5345 
00000170 435f44454641 
00000176 554c545f434f 
0000017c 44452000 
00000180 03              959 	.byte	3
00000181 38              960 	.byte	56
00000182 09              961 	.byte	9
00000183 01              962 	.byte	1
00000184 d308            963 	.byte	211,8
00000186 53544152545f    964 	.strz	"START_SEC_CODE "
0000018c 5345435f434f 
00000192 44452000 
00000196 03              965 	.byte	3
00000197 bb09            966 	.byte	187,9
00000199 0a              967 	.byte	10
0000019a 01              968 	.byte	1
0000019b f307            969 	.byte	243,7
0000019d 434f44455f53    970 	.strz	"CODE_SEC_OPEN "
000001a3 45435f4f5045 
000001a9 4e2000 
000001ac 04              971 	.byte	4
000001ad 04              972 	.byte	4
000001ae 04              973 	.byte	4
000001af 01              974 	.byte	1
000001b0 3a              975 	.byte	58
000001b1 5242415f4253    976 	.strz	"RBA_BSWSRV_STOP_SEC_CODE "
000001b7 575352565f53 
000001bd 544f505f5345 
000001c3 435f434f4445 
000001c9 2000 
000001cb 03              977 	.byte	3
000001cc 3b              978 	.byte	59
000001cd 08              979 	.byte	8
000001ce 01              980 	.byte	1
000001cf 3b              981 	.byte	59
000001d0 4253575f5354    982 	.strz	"BSW_STOP_SEC_DEFAULT_CODE "
000001d6 4f505f534543 
000001dc 5f4445464155 
000001e2 4c545f434f44 
000001e8 452000 
000001eb 03              983 	.byte	3
000001ec 3c              984 	.byte	60

                                                                      Page 20
                                                              C:\Users\nhuliyap\AppData\Local\Temp\gh_00009jo1.s
000001ed 09              985 	.byte	9
000001ee 01              986 	.byte	1
000001ef d608            987 	.byte	214,8
000001f1 53544f505f53    988 	.strz	"STOP_SEC_CODE "
000001f7 45435f434f44 
000001fd 452000 
00000200 03              989 	.byte	3
00000201 bb09            990 	.byte	187,9
00000203 0a              991 	.byte	10
00000204 04              992 	.byte	4
00000205 04              993 	.byte	4
00000206 04              994 	.byte	4
00000207 04              995 	.byte	4
00000208 00              996 	.byte	0
                         997 	.section	.debug_abbrev
000000b7 00              998 	.byte	0
                         999 	.section	.debug_info
                        1000 .Ldw_end:
                        1001 .rh850_flags REGMODE32,DATA_ALIGN8,GP_FIX,EP_NONFIX,TP_FIX,REG2_RESERVE,G3K,GHS_MISALIGN,SDA_EXTRA_REGS_0
