                                                                      Page 1
                                                              C:\Users\nhuliyap\AppData\Local\Temp\gh_0000eok1.s
Command Line: C:\ghs\comp_201517\ease850.exe -w -elf -b0 -I../source/common -I../source/ProjectCompiler -I../source/ProjectCfg -I../source/SwcApplTpms -I../source/SwcApplEcuM -I../source/SwcServiceBswM -I../source/SwcServiceEcuM -I../source/SwcServiceNvM -I../source/SwcServiceOs -I../source/SwcServiceStartUp -I../source/McalAdc -I../source/McalDio -I../source/McalGpt -I../source/McalMcu -I../source/McalWdg -I../source/wrappers -I../source/wrappers/McalAta -I../source/McalLin -I../source/McalCan -I../source/wrappers/OS -I../source/McalFls -I../source/EcuabFee -I../source/EcuabMemIf -I../source/wrappers/VStdLib -I../source/wrappers/Crc -I../source/wrappers/FBL_APPL -I../source/wrappers/NVM_MANAGER -I../source/wrappers/DEM_MANAGER -I../source/wrappers/RDC_MANAGER -I../source/wrappers/ENV_MANAGER -I../source/wrappers/SYS_MANAGER -I../source/wrappers/EcuabCanIf -I../source/EcuabCanTrcv -I../source/wrappers/SwcServiceCanSM -I../source/wrappers/SwcServiceCanTp -I../source/wrappers/SwcServiceCanTp_PreCompile -I../source/wrappers/SwcServiceCom -I../source/wrappers/SwcServiceComM -I../source/wrappers/SwcServiceDcm -I../source/wrappers/SwcServicePduR -I../source/wrappers/SwcServiceEcuM -I../source/wrappers/Bfx -I../source/wrappers/SwcServiceDem -I../source/SwcServiceCom -I../source/SwcServiceDet -I../source/SwcServiceFiM -I../source/SwcServicePduR -I../source/SwcServiceSchM -I../source/wrappers/LibAutosarDiag -I../source/wrappers/rba_BswSrv -IC:\ghs\comp_201517\lib\rh850 -cg_underscore -cpu=rh850g3k -no_v850_simd -rh850_fpsimd=none -nomacro -patch_dbo=C:\_ECU2\ECU_Rivian_A1\Target\repo_projects\pRealEcu\cR_LATEST\make\output\objects\REDiag_if.dbo -source=REDiag_if.c -o output\objects\gh_0000eok1.o -list=output\list\REDiag_if.lst C:\Users\nhuliyap\AppData\Local\Temp\gh_0000eok1.s 
Original File: C:\Users\nhuliyap\AppData\Local\Temp\gh_0000eok1.s
Source File: REDiag_if.c
Directory: C:\_ECU2\ECU_Rivian_A1\Target\repo_projects\pRealEcu\cR_LATEST\make
Host OS: Windows
EASE: Copyright (C) 1983-2015 Green Hills Software.  All Rights Reserved.
Release: Compiler v2015.1.7
Build Directory: [Directory] BTOWORKER6:c:/build_2015_1_bto/2015-10-21.2100-2015_1_bto/win32-comp-ecom
Revision: [VCInfo] http://toolsvc/branches/release-branch-70-bto/src@544153 (built by build)
Revision Date: Thu Oct 22 07:50:13 2015

Release Date: Thu Oct 22 09:32:32 2015

                           1 --Driver Command: ccv850 ../source/SwcApplTpms/REDiag_if.c -cpu=rh850 -fhard
                           2 --		-ignore_callt_state_in_interrupts -large_sda -misalign_pack
                           3 --		-nofarcalls -nofloatio -no_callt -Ogeneral -Onounroll
                           4 --		-prepare_dispose -registermode=32 -reserve_r2 -sda=0
                           5 --		-shorten_loads -Wshadow --brief_diagnostics --no_commons
                           6 --		--no_wrap_diagnostics --prototype_errors --short_enum -list -G
                           7 --		-dual_debug -dwarf -X5523 -lnk=-no_xda_modifications -D
                           8 --		NOT_READY_FOR_TESTING_OR_DEPLOYMENT -D IBTCM_SW_ANPASSUNGEN -D
                           9 --		BUILD_RIVIAN -c -inline_prologue -I../source/common
                          10 --		-I../source/ProjectCompiler -I../source/ProjectCfg
                          11 --		-I../source/SwcApplTpms -I../source/SwcApplEcuM
                          12 --		-I../source/SwcServiceBswM -I../source/SwcServiceEcuM
                          13 --		-I../source/SwcServiceNvM -I../source/SwcServiceOs
                          14 --		-I../source/SwcServiceStartUp -I../source/McalAdc
                          15 --		-I../source/McalDio -I../source/McalGpt -I../source/McalMcu
                          16 --		-I../source/McalWdg -I../source/wrappers
                          17 --		-I../source/wrappers/McalAta -I../source/McalLin
                          18 --		-I../source/McalCan -I../source/wrappers/OS -I../source/McalFls
                          19 --		-I../source/EcuabFee -I../source/EcuabMemIf
                          20 --		-I../source/wrappers/VStdLib -I../source/wrappers
                          21 --		-I../source/wrappers/Crc -I../source/wrappers/FBL_APPL
                          22 --		-I../source/wrappers/NVM_MANAGER -I../source/wrappers/DEM_MANAGER
                          23 --		-I../source/wrappers/RDC_MANAGER -I../source/wrappers/ENV_MANAGER
                          24 --		-I../source/wrappers/SYS_MANAGER -I../source/wrappers/EcuabCanIf
                          25 --		-I../source/EcuabCanTrcv -I../source/wrappers/SwcServiceCanSM
                          26 --		-I../source/wrappers/SwcServiceCanTp
                          27 --		-I../source/wrappers/SwcServiceCanTp_PreCompile
                          28 --		-I../source/wrappers/SwcServiceCom
                          29 --		-I../source/wrappers/SwcServiceComM
                          30 --		-I../source/wrappers/SwcServiceDcm
                          31 --		-I../source/wrappers/SwcServicePduR
                          32 --		-I../source/wrappers/SwcServiceEcuM -I../source/wrappers/Bfx
                          33 --		-I../source/wrappers/SwcServiceDem -I../source/SwcServiceCom
                          34 --		-I../source/SwcServiceDet -I../source/SwcServiceFiM
                          35 --		-I../source/SwcServicePduR -I../source/SwcServiceSchM
                          36 --		-I../source/wrappers/LibAutosarDiag
                          37 --		-I../source/wrappers/rba_BswSrv -object_dir=output/objects
                          38 --		-list_dir=output/list
                          39 --Source File:   ../source/SwcApplTpms/REDiag_if.c
                          40 --Directory:     
                          41 --		C:\_ECU2\ECU_Rivian_A1\Target\repo_projects\pRealEcu\cR_LATEST\make
                          42 --Compile Date:  Fri Sep 15 14:15:45 2023
                          43 --Host OS:       Win32
                          44 --Version:       C-RH850 2015.1.7 RELEASE VERSION
                          45 --Release:       Compiler v2015.1.7
                          46 --Revision Date: Thu Oct 22 08:06:12 2015
                          47 --Release Date:  Thu Oct 22 09:34:32 2015
                          48 -- ecom  -g -w -OM
                          49 	.text
                          50 ..bof.C.3A.5C_ECU2.5CECU_Rivian_A1.5CTarget.5Crepo_projects.5CpRealEcu.5CcR_LATEST.5Cmake.5Coutput.5Cobjects.5CREDiag_if...43.3A.5C_ECU2.5CECU_Rivian_A1.5CTarget.5Crepo_projects.5CpRealEcu.5CcR_LATEST.5Cmake..65044AF1..0::

                                                                      Page 2
                                                              C:\Users\nhuliyap\AppData\Local\Temp\gh_0000eok1.s
                          51 	.align	2
                          52 ..gh.f.f.1.e.0:
                          53 	.type	..gh.f.f.1.e.0,@object
                          54 	.size	..gh.f.f.1.e.0,0
                          55 	.global	_MaxFailCounterInEE
                          56 _MaxFailCounterInEE:
                          57 --	    .bf
                          58 .LDW01:
00000000 80070000*        59 	jr	_GETusMaxFolgeAusfallEE
                          60 --	    .ef
                          61 .LDW11:
                          62 	.global	___ghs_eofn_MaxFailCounterInEE
                          63 ___ghs_eofn_MaxFailCounterInEE:
                          64 	.type	_MaxFailCounterInEE,@function
                          65 	.size	_MaxFailCounterInEE,.-_MaxFailCounterInEE
                          66 	.align	2
                          67 
                          68 	.section ".bss","awb"
                          69 .L36:
                          70 	.type	.L36,@object
                          71 	.size	.L36,0
                          72 	.data
                          73 	.text
                          74 	.align	2
                          75 
                          76 	.section ".rodata","a"
                          77 	.align	4
                          78 	.global	_ucWUDefectERRc
00000000 04050706         79 _ucWUDefectERRc:	.byte	4,5,7,6
00000004 08               80 	.byte	8
00000005 000000           81 	.space	3
                          82 	.type	_ucWUDefectERRc,@object
                          83 	.size	_ucWUDefectERRc,8
                          84 	.global	_ucWUFailERRc
00000008 090a0c0b         85 _ucWUFailERRc:	.byte	9,10,12,11
0000000c 0d               86 	.byte	13
0000000d 000000           87 	.space	3
                          88 	.type	_ucWUFailERRc,@object
                          89 	.size	_ucWUFailERRc,8
                          90 	.global	_ucWUTemperatureERRc
00000010 0e0f1110         91 _ucWUTemperatureERRc:	.byte	14,15,17,16
00000014 ff               92 	.byte	255
00000015 000000           93 	.space	3
                          94 	.type	_ucWUTemperatureERRc,@object
                          95 	.size	_ucWUTemperatureERRc,8
                          96 	.global	_ucWULowLifeTimeERRc
00000018 00               97 _ucWULowLifeTimeERRc:	.space	1
00000019 010302ff         98 	.byte	1,3,2,255
0000001d 000000           99 	.space	3
                         100 	.type	_ucWULowLifeTimeERRc,@object
                         101 	.size	_ucWULowLifeTimeERRc,8
                         102 	.data
                         103 	.ghsnote version,17
                         104 	.ghsnote tools,3
                         105 	.ghsnote options,144
                         106 	.text
                         107 	.align	2
                         108 ..eof.C.3A.5C_ECU2.5CECU_Rivian_A1.5CTarget.5Crepo_projects.5CpRealEcu.5CcR_LATEST.5Cmake.5Coutput.5Cobjects.5CREDiag_if...43.3A.5C_ECU2.5CECU_Rivian_A1.5CTarget.5Crepo_projects.5CpRealEcu.5CcR_LATEST.5Cmake..65044AF1..0::
                         109 	.section	.debug_info
                         110 .Ldw_begin:
00000000 04060000        111 	.word	.Ldw_end-.Ldw_begin-4

                                                                      Page 3
                                                              C:\Users\nhuliyap\AppData\Local\Temp\gh_0000eok1.s
00000004 0200            112 	.byte	2,0
00000006 00000000*       113 	.word	.Ldw_abbr_begin
0000000a 04              114 	.byte	4
                         115 	.section	.debug_abbrev
                         116 .Ldw_abbr_begin:
                         117 	.section	.debug_info
0000000b 01              118 	.byte	1
0000000c 00000000*       119 	.word	..bof.C.3A.5C_ECU2.5CECU_Rivian_A1.5CTarget.5Crepo_projects.5CpRealEcu.5CcR_LATEST.5Cmake.5Coutput.5Cobjects.5CREDiag_if...43.3A.5C_ECU2.5CECU_Rivian_A1.5CTarget.5Crepo_projects.5CpRealEcu.5CcR_LATEST.5Cmake..65044AF1..0
00000010 00000000*       120 	.word	..eof.C.3A.5C_ECU2.5CECU_Rivian_A1.5CTarget.5Crepo_projects.5CpRealEcu.5CcR_LATEST.5Cmake.5Coutput.5Cobjects.5CREDiag_if...43.3A.5C_ECU2.5CECU_Rivian_A1.5CTarget.5Crepo_projects.5CpRealEcu.5CcR_LATEST.5Cmake..65044AF1..0
00000014 2e2e2f736f75    121 	.strz	"../source/SwcApplTpms/REDiag_if.c"
0000001a 7263652f5377 
00000020 634170706c54 
00000026 706d732f5245 
0000002c 446961675f69 
00000032 662e6300 
00000036 433a5c5f4543    122 	.strz	"C:\\_ECU2\\ECU_Rivian_A1\\Target\\repo_projects\\pRealEcu\\cR_LATEST\\make"
0000003c 55325c454355 
00000042 5f5269766961 
00000048 6e5f41315c54 
0000004e 61726765745c 
00000054 7265706f5f70 
0000005a 726f6a656374 
00000060 735c70526561 
00000066 6c4563755c63 
0000006c 525f4c415445 
00000072 53545c6d616b 
00000078 6500 
0000007a 474853204320    123 	.strz	"GHS C 2015.1.7 [dual]"
00000080 323031352e31 
00000086 2e37205b6475 
0000008c 616c5d00 
00000090 0100            124 	.byte	1,0
00000092 00000000*       125 	.word	.Ldw_line_begin
00000096 00000000*       126 	.word	.Ldw_macinfo_begin
0000009a 00              127 	.byte	0
                         128 
                         129 	.section	.debug_abbrev
00000000 01              130 	.byte	1
00000001 11              131 	.byte	17
00000002 01              132 	.byte	1
00000003 1101            133 	.byte	17,1
00000005 1201            134 	.byte	18,1
00000007 0308            135 	.byte	3,8
00000009 1b08            136 	.byte	27,8
0000000b 2508            137 	.byte	37,8
0000000d 1305            138 	.byte	19,5
0000000f 1006            139 	.byte	16,6
00000011 4306            140 	.byte	67,6
00000013 420b            141 	.byte	66,11
00000015 0000            142 	.byte	0,0
                         143 
                         144 	.section	.debug_line
                         145 .Ldw_line_begin:
00000000 f6020000        146 	.word	.Ldw_line_end-.Ldw_line_begin-4
00000004 0200            147 	.byte	2,0
00000006 00000000*       148 	.word	.Ldw_lpro_end-.Ldw_lpro_begin
                         149 .Ldw_lpro_begin:
0000000a 01              150 	.byte	1
0000000b 00              151 	.byte	0
0000000c 00              152 	.byte	0
0000000d 04              153 	.byte	4

                                                                      Page 4
                                                              C:\Users\nhuliyap\AppData\Local\Temp\gh_0000eok1.s
0000000e 0a              154 	.byte	10
0000000f 000101          155 	.byte	0,1,1
00000012 010100          156 	.byte	1,1,0
00000015 000001          157 	.byte	0,0,1
00000018 00              158 	.byte	0
00000019 2e2e2f736f75    159 	.strz	"../source/SwcApplTpms/REDiag_if.c"
0000001f 7263652f5377 
00000025 634170706c54 
0000002b 706d732f5245 
00000031 446961675f69 
00000037 662e6300 
0000003b 000000          160 	.byte	0,0,0
0000003e 2e2e2f736f75    161 	.strz	"../source/common/Std_Types.hpp"
00000044 7263652f636f 
0000004a 6d6d6f6e2f53 
00000050 74645f547970 
00000056 65732e687070 
0000005c 00 
0000005d 000000          162 	.byte	0,0,0
00000060 2e2e2f736f75    163 	.strz	"../source/common/Platform_Types.hpp"
00000066 7263652f636f 
0000006c 6d6d6f6e2f50 
00000072 6c6174666f72 
00000078 6d5f54797065 
0000007e 732e68707000 
00000084 000000          164 	.byte	0,0,0
00000087 2e2e2f736f75    165 	.strz	"../source/common/Compiler.hpp"
0000008d 7263652f636f 
00000093 6d6d6f6e2f43 
00000099 6f6d70696c65 
0000009f 722e68707000 
000000a5 000000          166 	.byte	0,0,0
000000a8 2e2e2f736f75    167 	.strz	"../source/ProjectCompiler/Compiler_Cfg.hpp"
000000ae 7263652f5072 
000000b4 6f6a65637443 
000000ba 6f6d70696c65 
000000c0 722f436f6d70 
000000c6 696c65725f43 
000000cc 66672e687070 
000000d2 00 
000000d3 000000          168 	.byte	0,0,0
000000d6 2e2e2f736f75    169 	.strz	"../source/ProjectCompiler/CompilerCfg_SwcServiceOs.hpp"
000000dc 7263652f5072 
000000e2 6f6a65637443 
000000e8 6f6d70696c65 
000000ee 722f436f6d70 
000000f4 696c65724366 
000000fa 675f53776353 
00000100 657276696365 
00000106 4f732e687070 
0000010c 00 
0000010d 000000          170 	.byte	0,0,0
00000110 2e2e2f736f75    171 	.strz	"../source/SwcApplTpms/iTpms_Interface.hpp"
00000116 7263652f5377 
0000011c 634170706c54 
00000122 706d732f6954 
00000128 706d735f496e 
0000012e 746572666163 
00000134 652e68707000 
0000013a 000000          172 	.byte	0,0,0
0000013d 2e2e2f736f75    173 	.strz	"../source/SwcApplTpms/Tpms_Rte_Data_Type.hpp"

                                                                      Page 5
                                                              C:\Users\nhuliyap\AppData\Local\Temp\gh_0000eok1.s
00000143 7263652f5377 
00000149 634170706c54 
0000014f 706d732f5470 
00000155 6d735f527465 
0000015b 5f446174615f 
00000161 547970652e68 
00000167 707000 
0000016a 000000          174 	.byte	0,0,0
0000016d 2e2e2f736f75    175 	.strz	"../source/McalMcu/Types.hpp"
00000173 7263652f4d63 
00000179 616c4d63752f 
0000017f 54797065732e 
00000185 68707000 
00000189 000000          176 	.byte	0,0,0
0000018c 2e2e2f736f75    177 	.strz	"../source/ProjectCfg/SwcApplTpms_NvM_If.hpp"
00000192 7263652f5072 
00000198 6f6a65637443 
0000019e 66672f537763 
000001a4 4170706c5470 
000001aa 6d735f4e764d 
000001b0 5f49662e6870 
000001b6 7000 
000001b8 000000          178 	.byte	0,0,0
000001bb 2e2e2f736f75    179 	.strz	"../source/SwcApplTpms/WallocX.hpp"
000001c1 7263652f5377 
000001c7 634170706c54 
000001cd 706d732f5761 
000001d3 6c6c6f63582e 
000001d9 68707000 
000001dd 000000          180 	.byte	0,0,0
000001e0 2e2e2f736f75    181 	.strz	"../source/SwcApplTpms/SwcApplTpms_DTC_If.hpp"
000001e6 7263652f5377 
000001ec 634170706c54 
000001f2 706d732f5377 
000001f8 634170706c54 
000001fe 706d735f4454 
00000204 435f49662e68 
0000020a 707000 
0000020d 000000          182 	.byte	0,0,0
00000210 2e2e2f736f75    183 	.strz	"../source/ProjectCfg/CfgSwcApplTpms.hpp"
00000216 7263652f5072 
0000021c 6f6a65637443 
00000222 66672f436667 
00000228 537763417070 
0000022e 6c54706d732e 
00000234 68707000 
00000238 000000          184 	.byte	0,0,0
0000023b 2e2e2f736f75    185 	.strz	"../source/SwcApplTpms/tss_stdx.hpp"
00000241 7263652f5377 
00000247 634170706c54 
0000024d 706d732f7473 
00000253 735f73746478 
00000259 2e68707000 
0000025e 000000          186 	.byte	0,0,0
00000261 2e2e2f736f75    187 	.strz	"../source/SwcApplTpms/REDiag_if.hpp"
00000267 7263652f5377 
0000026d 634170706c54 
00000273 706d732f5245 
00000279 446961675f69 
0000027f 662e68707000 
00000285 000000          188 	.byte	0,0,0

                                                                      Page 6
                                                              C:\Users\nhuliyap\AppData\Local\Temp\gh_0000eok1.s
00000288 2e2e2f736f75    189 	.strz	"../source/SwcApplTpms/SwcApplTpms_Rte.hpp"
0000028e 7263652f5377 
00000294 634170706c54 
0000029a 706d732f5377 
000002a0 634170706c54 
000002a6 706d735f5274 
000002ac 652e68707000 
000002b2 000000          190 	.byte	0,0,0
000002b5 2e2e2f736f75    191 	.strz	"../source/SwcApplTpms/SwcApplTpms_Rte_Type.hpp"
000002bb 7263652f5377 
000002c1 634170706c54 
000002c7 706d732f5377 
000002cd 634170706c54 
000002d3 706d735f5274 
000002d9 655f54797065 
000002df 2e68707000 
000002e4 000000          192 	.byte	0,0,0
000002e7 00              193 	.byte	0
                         194 .Ldw_lpro_end:
                         195 	.section	.debug_macinfo
                         196 .Ldw_macinfo_begin:
                         197 	.section	.debug_frame
                         198 .LDW_4c253f8:
00000000 00000000*       199 	.word	.LDW_unq_2-.LDW_unq_1
                         200 .LDW_unq_1:
00000004 ffffffff        201 	.byte	255,255,255,255
00000008 01              202 	.byte	1
00000009 00              203 	.byte	0
0000000a 01              204 	.byte	1
0000000b 01              205 	.byte	1
0000000c 1f              206 	.byte	31
0000000d 0c              207 	.byte	12
0000000e 03              208 	.byte	3
0000000f 00              209 	.byte	0
00000010 07              210 	.byte	7
00000011 00              211 	.byte	0
00000012 07              212 	.byte	7
00000013 01              213 	.byte	1
00000014 07              214 	.byte	7
00000015 02              215 	.byte	2
00000016 07              216 	.byte	7
00000017 03              217 	.byte	3
00000018 07              218 	.byte	7
00000019 04              219 	.byte	4
0000001a 07              220 	.byte	7
0000001b 05              221 	.byte	5
0000001c 07              222 	.byte	7
0000001d 06              223 	.byte	6
0000001e 07              224 	.byte	7
0000001f 07              225 	.byte	7
00000020 07              226 	.byte	7
00000021 08              227 	.byte	8
00000022 07              228 	.byte	7
00000023 09              229 	.byte	9
00000024 07              230 	.byte	7
00000025 0a              231 	.byte	10
00000026 07              232 	.byte	7
00000027 0b              233 	.byte	11
00000028 07              234 	.byte	7
00000029 0c              235 	.byte	12
0000002a 07              236 	.byte	7

                                                                      Page 7
                                                              C:\Users\nhuliyap\AppData\Local\Temp\gh_0000eok1.s
0000002b 0d              237 	.byte	13
0000002c 07              238 	.byte	7
0000002d 0e              239 	.byte	14
0000002e 07              240 	.byte	7
0000002f 0f              241 	.byte	15
00000030 07              242 	.byte	7
00000031 10              243 	.byte	16
00000032 07              244 	.byte	7
00000033 11              245 	.byte	17
00000034 07              246 	.byte	7
00000035 12              247 	.byte	18
00000036 07              248 	.byte	7
00000037 13              249 	.byte	19
00000038 08              250 	.byte	8
00000039 14              251 	.byte	20
0000003a 08              252 	.byte	8
0000003b 15              253 	.byte	21
0000003c 08              254 	.byte	8
0000003d 16              255 	.byte	22
0000003e 08              256 	.byte	8
0000003f 17              257 	.byte	23
00000040 08              258 	.byte	8
00000041 18              259 	.byte	24
00000042 08              260 	.byte	8
00000043 19              261 	.byte	25
00000044 08              262 	.byte	8
00000045 1a              263 	.byte	26
00000046 08              264 	.byte	8
00000047 1b              265 	.byte	27
00000048 08              266 	.byte	8
00000049 1c              267 	.byte	28
0000004a 08              268 	.byte	8
0000004b 1d              269 	.byte	29
0000004c 07              270 	.byte	7
0000004d 1e              271 	.byte	30
0000004e 08              272 	.byte	8
0000004f 1f              273 	.byte	31
00000050 07              274 	.byte	7
00000051 20              275 	.byte	32
00000052 07              276 	.byte	7
00000053 21              277 	.byte	33
00000054 07              278 	.byte	7
00000055 22              279 	.byte	34
00000056 07              280 	.byte	7
00000057 23              281 	.byte	35
00000058 07              282 	.byte	7
00000059 24              283 	.byte	36
0000005a 07              284 	.byte	7
0000005b 25              285 	.byte	37
0000005c 07              286 	.byte	7
0000005d 26              287 	.byte	38
0000005e 07              288 	.byte	7
0000005f 27              289 	.byte	39
00000060 07              290 	.byte	7
00000061 28              291 	.byte	40
00000062 07              292 	.byte	7
00000063 29              293 	.byte	41
00000064 07              294 	.byte	7
00000065 2a              295 	.byte	42
00000066 07              296 	.byte	7
00000067 2b              297 	.byte	43

                                                                      Page 8
                                                              C:\Users\nhuliyap\AppData\Local\Temp\gh_0000eok1.s
00000068 07              298 	.byte	7
00000069 2c              299 	.byte	44
0000006a 07              300 	.byte	7
0000006b 2d              301 	.byte	45
0000006c 07              302 	.byte	7
0000006d 2e              303 	.byte	46
0000006e 07              304 	.byte	7
0000006f 2f              305 	.byte	47
00000070 07              306 	.byte	7
00000071 30              307 	.byte	48
00000072 07              308 	.byte	7
00000073 31              309 	.byte	49
00000074 07              310 	.byte	7
00000075 32              311 	.byte	50
00000076 07              312 	.byte	7
00000077 33              313 	.byte	51
00000078 07              314 	.byte	7
00000079 34              315 	.byte	52
0000007a 07              316 	.byte	7
0000007b 35              317 	.byte	53
0000007c 07              318 	.byte	7
0000007d 36              319 	.byte	54
0000007e 07              320 	.byte	7
0000007f 37              321 	.byte	55
00000080 07              322 	.byte	7
00000081 38              323 	.byte	56
00000082 07              324 	.byte	7
00000083 39              325 	.byte	57
00000084 07              326 	.byte	7
00000085 3a              327 	.byte	58
00000086 07              328 	.byte	7
00000087 3b              329 	.byte	59
00000088 07              330 	.byte	7
00000089 3c              331 	.byte	60
0000008a 07              332 	.byte	7
0000008b 3d              333 	.byte	61
0000008c 07              334 	.byte	7
0000008d 3e              335 	.byte	62
0000008e 07              336 	.byte	7
0000008f 3f              337 	.byte	63
                         338 .LDW_unq_2:
                         339 	.section	.debug_info
                         340 .LDW_17b7148:
0000009b 25              341 	.byte	37
0000009c 756e7369676e    342 	.strz	"unsigned short"
000000a2 65642073686f 
000000a8 727400 
000000ab 07              343 	.byte	7
000000ac 02              344 	.byte	2
                         345 
                         346 	.section	.debug_abbrev
00000017 25              347 	.byte	37
00000018 24              348 	.byte	36
00000019 00              349 	.byte	0
0000001a 0308            350 	.byte	3,8
0000001c 3e0b            351 	.byte	62,11
0000001e 0b0b            352 	.byte	11,11
00000020 0000            353 	.byte	0,0
                         354 
                         355 	.section	.debug_info
                         356 .LDW_17b7298:

                                                                      Page 9
                                                              C:\Users\nhuliyap\AppData\Local\Temp\gh_0000eok1.s
000000ad 44              357 	.byte	68
000000ae 00000000*       358 	.word	.LDW_17feda0
000000b2 01              359 	.byte	1
                         360 
                         361 	.section	.debug_abbrev
00000022 44              362 	.byte	68
00000023 15              363 	.byte	21
00000024 01              364 	.byte	1
00000025 4910            365 	.byte	73,16
00000027 270c            366 	.byte	39,12
00000029 0000            367 	.byte	0,0
                         368 
                         369 	.section	.debug_info
000000b3 00              370 	.byte	0
                         371 
                         372 .LDW_17b70a0:
000000b4 25              373 	.byte	37
000000b5 756e7369676e    374 	.strz	"unsigned char"
000000bb 656420636861 
000000c1 7200 
000000c3 08              375 	.byte	8
000000c4 01              376 	.byte	1
                         377 
                         378 .LDW_17b6d90:
000000c5 25              379 	.byte	37
000000c6 696e7400        380 	.strz	"int"
000000ca 05              381 	.byte	5
000000cb 04              382 	.byte	4
                         383 
                         384 .LDW_4c619b8:
000000cc 29              385 	.byte	41
000000cd 00000000*       386 	.word	.LDW_17fef40
                         387 
                         388 	.section	.debug_abbrev
0000002b 29              389 	.byte	41
0000002c 26              390 	.byte	38
0000002d 00              391 	.byte	0
0000002e 4910            392 	.byte	73,16
00000030 0000            393 	.byte	0,0
                         394 
                         395 	.section	.debug_info
                         396 .LDW_4bc4b50:
000000d1 3a              397 	.byte	58
000000d2 00              398 	.byte	0
000000d3 05              399 	.byte	5
000000d4 00000000*       400 	.word	.LDW_4c619b8
                         401 
                         402 	.section	.debug_abbrev
00000032 3a              403 	.byte	58
00000033 01              404 	.byte	1
00000034 01              405 	.byte	1
00000035 090b            406 	.byte	9,11
00000037 0b0f            407 	.byte	11,15
00000039 4910            408 	.byte	73,16
0000003b 0000            409 	.byte	0,0
                         410 
                         411 	.section	.debug_info
000000d8 32              412 	.byte	50
000000d9 00000000*       413 	.word	.LDW_17b6d90
000000dd 04              414 	.byte	4
000000de 00              415 	.byte	0

                                                                      Page 10
                                                              C:\Users\nhuliyap\AppData\Local\Temp\gh_0000eok1.s
000000df 04              416 	.byte	4
                         417 
                         418 	.section	.debug_abbrev
0000003d 32              419 	.byte	50
0000003e 21              420 	.byte	33
0000003f 00              421 	.byte	0
00000040 4910            422 	.byte	73,16
00000042 0b0f            423 	.byte	11,15
00000044 220d            424 	.byte	34,13
00000046 2f0d            425 	.byte	47,13
00000048 0000            426 	.byte	0,0
                         427 
                         428 	.section	.debug_info
000000e0 00              429 	.byte	0
                         430 
                         431 .LDW_4c64498:
000000e1 3a              432 	.byte	58
000000e2 00              433 	.byte	0
000000e3 05              434 	.byte	5
000000e4 00000000*       435 	.word	.LDW_4c619b8
                         436 
000000e8 32              437 	.byte	50
000000e9 00000000*       438 	.word	.LDW_17b6d90
000000ed 04              439 	.byte	4
000000ee 00              440 	.byte	0
000000ef 04              441 	.byte	4
                         442 
000000f0 00              443 	.byte	0
                         444 
                         445 .LDW_4c640e0:
000000f1 3a              446 	.byte	58
000000f2 00              447 	.byte	0
000000f3 05              448 	.byte	5
000000f4 00000000*       449 	.word	.LDW_4c619b8
                         450 
000000f8 32              451 	.byte	50
000000f9 00000000*       452 	.word	.LDW_17b6d90
000000fd 04              453 	.byte	4
000000fe 00              454 	.byte	0
000000ff 04              455 	.byte	4
                         456 
00000100 00              457 	.byte	0
                         458 
                         459 .LDW_4c64da0:
00000101 3a              460 	.byte	58
00000102 00              461 	.byte	0
00000103 05              462 	.byte	5
00000104 00000000*       463 	.word	.LDW_4c619b8
                         464 
00000108 32              465 	.byte	50
00000109 00000000*       466 	.word	.LDW_17b6d90
0000010d 04              467 	.byte	4
0000010e 00              468 	.byte	0
0000010f 04              469 	.byte	4
                         470 
00000110 00              471 	.byte	0
                         472 
                         473 .LDW_4c67ae0:
00000111 44              474 	.byte	68
00000112 00000000*       475 	.word	.LDW_17feda0
00000116 01              476 	.byte	1

                                                                      Page 11
                                                              C:\Users\nhuliyap\AppData\Local\Temp\gh_0000eok1.s
                         477 
00000117 00              478 	.byte	0
                         479 
                         480 .LDW_17fef40:
00000118 28              481 	.byte	40
00000119 75696e743800    482 	.strz	"uint8"
0000011f 50              483 	.byte	80
00000120 4b              484 	.byte	75
00000121 03              485 	.byte	3
00000122 00000000*       486 	.word	.LDW_17b70a0
                         487 
                         488 	.section	.debug_abbrev
0000004a 28              489 	.byte	40
0000004b 16              490 	.byte	22
0000004c 00              491 	.byte	0
0000004d 0308            492 	.byte	3,8
0000004f 3b0f            493 	.byte	59,15
00000051 390f            494 	.byte	57,15
00000053 3a0f            495 	.byte	58,15
00000055 4910            496 	.byte	73,16
00000057 0000            497 	.byte	0,0
                         498 
                         499 	.section	.debug_info
                         500 .LDW_17feda0:
00000126 28              501 	.byte	40
00000127 75696e743136    502 	.strz	"uint16"
0000012d 00 
0000012e 52              503 	.byte	82
0000012f 4a              504 	.byte	74
00000130 03              505 	.byte	3
00000131 00000000*       506 	.word	.LDW_17b7148
                         507 
                         508 .LDW_17fef98:
00000135 2e              509 	.byte	46
00000136 54504d534572    510 	.strz	"TPMSErrorType"
0000013c 726f72547970 
00000142 6500 
00000144 13              511 	.byte	19
00000145 0e              512 	.byte	14
00000146 07              513 	.byte	7
00000147 01              514 	.byte	1
00000148 01              515 	.byte	1
                         516 
                         517 	.section	.debug_abbrev
00000059 2e              518 	.byte	46
0000005a 04              519 	.byte	4
0000005b 01              520 	.byte	1
0000005c 0308            521 	.byte	3,8
0000005e 3b0f            522 	.byte	59,15
00000060 390f            523 	.byte	57,15
00000062 3a0f            524 	.byte	58,15
00000064 0b0f            525 	.byte	11,15
00000066 320b            526 	.byte	50,11
00000068 0000            527 	.byte	0,0
                         528 
                         529 	.section	.debug_info
                         530 .LDW_17fe068:
00000149 2d              531 	.byte	45
0000014a 455f54504d53    532 	.strz	"E_TPMS_ERROR_WS_LIFE_TIME_FL_CNT_LOW"
00000150 5f4552524f52 
00000156 5f57535f4c49 

                                                                      Page 12
                                                              C:\Users\nhuliyap\AppData\Local\Temp\gh_0000eok1.s
0000015c 46455f54494d 
00000162 455f464c5f43 
00000168 4e545f4c4f57 
0000016e 00 
0000016f 14              533 	.byte	20
00000170 07              534 	.byte	7
00000171 07              535 	.byte	7
00000172 00              536 	.byte	0
                         537 
                         538 	.section	.debug_abbrev
0000006a 2d              539 	.byte	45
0000006b 28              540 	.byte	40
0000006c 00              541 	.byte	0
0000006d 0308            542 	.byte	3,8
0000006f 3b0f            543 	.byte	59,15
00000071 390f            544 	.byte	57,15
00000073 3a0f            545 	.byte	58,15
00000075 1c0d            546 	.byte	28,13
00000077 0000            547 	.byte	0,0
                         548 
                         549 	.section	.debug_info
                         550 .LDW_17fe0a8:
00000173 2d              551 	.byte	45
00000174 455f54504d53    552 	.strz	"E_TPMS_ERROR_WS_LIFE_TIME_FR_CNT_LOW"
0000017a 5f4552524f52 
00000180 5f57535f4c49 
00000186 46455f54494d 
0000018c 455f46525f43 
00000192 4e545f4c4f57 
00000198 00 
00000199 15              553 	.byte	21
0000019a 07              554 	.byte	7
0000019b 07              555 	.byte	7
0000019c 01              556 	.byte	1
                         557 
                         558 .LDW_4ba0858:
0000019d 2d              559 	.byte	45
0000019e 455f54504d53    560 	.strz	"E_TPMS_ERROR_WS_LIFE_TIME_RR_CNT_LOW"
000001a4 5f4552524f52 
000001aa 5f57535f4c49 
000001b0 46455f54494d 
000001b6 455f52525f43 
000001bc 4e545f4c4f57 
000001c2 00 
000001c3 16              561 	.byte	22
000001c4 07              562 	.byte	7
000001c5 07              563 	.byte	7
000001c6 02              564 	.byte	2
                         565 
                         566 .LDW_4ba0898:
000001c7 2d              567 	.byte	45
000001c8 455f54504d53    568 	.strz	"E_TPMS_ERROR_WS_LIFE_TIME_RL_CNT_LOW"
000001ce 5f4552524f52 
000001d4 5f57535f4c49 
000001da 46455f54494d 
000001e0 455f524c5f43 
000001e6 4e545f4c4f57 
000001ec 00 
000001ed 17              569 	.byte	23
000001ee 07              570 	.byte	7
000001ef 07              571 	.byte	7

                                                                      Page 13
                                                              C:\Users\nhuliyap\AppData\Local\Temp\gh_0000eok1.s
000001f0 03              572 	.byte	3
                         573 
                         574 .LDW_4ba08d8:
000001f1 2d              575 	.byte	45
000001f2 455f54504d53    576 	.strz	"E_TPMS_ERROR_WS_DEFECT_FL"
000001f8 5f4552524f52 
000001fe 5f57535f4445 
00000204 464543545f46 
0000020a 4c00 
0000020c 18              577 	.byte	24
0000020d 07              578 	.byte	7
0000020e 07              579 	.byte	7
0000020f 04              580 	.byte	4
                         581 
                         582 .LDW_4ba0918:
00000210 2d              583 	.byte	45
00000211 455f54504d53    584 	.strz	"E_TPMS_ERROR_WS_DEFECT_FR"
00000217 5f4552524f52 
0000021d 5f57535f4445 
00000223 464543545f46 
00000229 5200 
0000022b 19              585 	.byte	25
0000022c 07              586 	.byte	7
0000022d 07              587 	.byte	7
0000022e 05              588 	.byte	5
                         589 
                         590 .LDW_4ba0958:
0000022f 2d              591 	.byte	45
00000230 455f54504d53    592 	.strz	"E_TPMS_ERROR_WS_DEFECT_RR"
00000236 5f4552524f52 
0000023c 5f57535f4445 
00000242 464543545f52 
00000248 5200 
0000024a 1a              593 	.byte	26
0000024b 07              594 	.byte	7
0000024c 07              595 	.byte	7
0000024d 06              596 	.byte	6
                         597 
                         598 .LDW_4ba0998:
0000024e 2d              599 	.byte	45
0000024f 455f54504d53    600 	.strz	"E_TPMS_ERROR_WS_DEFECT_RL"
00000255 5f4552524f52 
0000025b 5f57535f4445 
00000261 464543545f52 
00000267 4c00 
00000269 1b              601 	.byte	27
0000026a 07              602 	.byte	7
0000026b 07              603 	.byte	7
0000026c 07              604 	.byte	7
                         605 
                         606 .LDW_4ba09d8:
0000026d 2d              607 	.byte	45
0000026e 455f54504d53    608 	.strz	"E_TPMS_ERROR_WS_DEFECT_UNKNOWN_POS"
00000274 5f4552524f52 
0000027a 5f57535f4445 
00000280 464543545f55 
00000286 4e4b4e4f574e 
0000028c 5f504f5300 
00000291 1c              609 	.byte	28
00000292 07              610 	.byte	7
00000293 07              611 	.byte	7

                                                                      Page 14
                                                              C:\Users\nhuliyap\AppData\Local\Temp\gh_0000eok1.s
00000294 08              612 	.byte	8
                         613 
                         614 .LDW_4bc4328:
00000295 2d              615 	.byte	45
00000296 455f54504d53    616 	.strz	"E_TPMS_ERROR_WS_MISSING_FL"
0000029c 5f4552524f52 
000002a2 5f57535f4d49 
000002a8 5353494e475f 
000002ae 464c00 
000002b1 1d              617 	.byte	29
000002b2 07              618 	.byte	7
000002b3 07              619 	.byte	7
000002b4 09              620 	.byte	9
                         621 
                         622 .LDW_4bc3fe8:
000002b5 2d              623 	.byte	45
000002b6 455f54504d53    624 	.strz	"E_TPMS_ERROR_WS_MISSING_FR"
000002bc 5f4552524f52 
000002c2 5f57535f4d49 
000002c8 5353494e475f 
000002ce 465200 
000002d1 1e              625 	.byte	30
000002d2 07              626 	.byte	7
000002d3 07              627 	.byte	7
000002d4 0a              628 	.byte	10
                         629 
                         630 .LDW_4bc42e8:
000002d5 2d              631 	.byte	45
000002d6 455f54504d53    632 	.strz	"E_TPMS_ERROR_WS_MISSING_RR"
000002dc 5f4552524f52 
000002e2 5f57535f4d49 
000002e8 5353494e475f 
000002ee 525200 
000002f1 1f              633 	.byte	31
000002f2 07              634 	.byte	7
000002f3 07              635 	.byte	7
000002f4 0b              636 	.byte	11
                         637 
                         638 .LDW_4bc4528:
000002f5 2d              639 	.byte	45
000002f6 455f54504d53    640 	.strz	"E_TPMS_ERROR_WS_MISSING_RL"
000002fc 5f4552524f52 
00000302 5f57535f4d49 
00000308 5353494e475f 
0000030e 524c00 
00000311 20              641 	.byte	32
00000312 07              642 	.byte	7
00000313 07              643 	.byte	7
00000314 0c              644 	.byte	12
                         645 
                         646 .LDW_4bc4368:
00000315 2d              647 	.byte	45
00000316 455f54504d53    648 	.strz	"E_TPMS_ERROR_WS_MISSING_UNKNOWN_POS"
0000031c 5f4552524f52 
00000322 5f57535f4d49 
00000328 5353494e475f 
0000032e 554e4b4e4f57 
00000334 4e5f504f5300 
0000033a 21              649 	.byte	33
0000033b 07              650 	.byte	7
0000033c 07              651 	.byte	7

                                                                      Page 15
                                                              C:\Users\nhuliyap\AppData\Local\Temp\gh_0000eok1.s
0000033d 0d              652 	.byte	13
                         653 
                         654 .LDW_4bc45e8:
0000033e 2d              655 	.byte	45
0000033f 455f54504d53    656 	.strz	"E_TPMS_ERROR_WS_OVER_TEMP_FL"
00000345 5f4552524f52 
0000034b 5f57535f4f56 
00000351 45525f54454d 
00000357 505f464c00 
0000035c 22              657 	.byte	34
0000035d 07              658 	.byte	7
0000035e 07              659 	.byte	7
0000035f 0e              660 	.byte	14
                         661 
                         662 .LDW_4bc4628:
00000360 2d              663 	.byte	45
00000361 455f54504d53    664 	.strz	"E_TPMS_ERROR_WS_OVER_TEMP_FR"
00000367 5f4552524f52 
0000036d 5f57535f4f56 
00000373 45525f54454d 
00000379 505f465200 
0000037e 23              665 	.byte	35
0000037f 07              666 	.byte	7
00000380 07              667 	.byte	7
00000381 0f              668 	.byte	15
                         669 
                         670 .LDW_4bc4068:
00000382 2d              671 	.byte	45
00000383 455f54504d53    672 	.strz	"E_TPMS_ERROR_WS_OVER_TEMP_RR"
00000389 5f4552524f52 
0000038f 5f57535f4f56 
00000395 45525f54454d 
0000039b 505f525200 
000003a0 24              673 	.byte	36
000003a1 07              674 	.byte	7
000003a2 07              675 	.byte	7
000003a3 10              676 	.byte	16
                         677 
                         678 .LDW_4bc44a8:
000003a4 2d              679 	.byte	45
000003a5 455f54504d53    680 	.strz	"E_TPMS_ERROR_WS_OVER_TEMP_RL"
000003ab 5f4552524f52 
000003b1 5f57535f4f56 
000003b7 45525f54454d 
000003bd 505f524c00 
000003c2 25              681 	.byte	37
000003c3 07              682 	.byte	7
000003c4 07              683 	.byte	7
000003c5 11              684 	.byte	17
                         685 
                         686 .LDW_4bc44e8:
000003c6 2d              687 	.byte	45
000003c7 455f54504d53    688 	.strz	"E_TPMS_ERROR_AXLE_LOCATE_FAIL"
000003cd 5f4552524f52 
000003d3 5f41584c455f 
000003d9 4c4f43415445 
000003df 5f4641494c00 
000003e5 26              689 	.byte	38
000003e6 07              690 	.byte	7
000003e7 07              691 	.byte	7
000003e8 12              692 	.byte	18

                                                                      Page 16
                                                              C:\Users\nhuliyap\AppData\Local\Temp\gh_0000eok1.s
                         693 
                         694 .LDW_4bc4668:
000003e9 2d              695 	.byte	45
000003ea 455f54504d53    696 	.strz	"E_TPMS_ERROR_NO_QUALIFIED_SENSOR_SIGNALS"
000003f0 5f4552524f52 
000003f6 5f4e4f5f5155 
000003fc 414c49464945 
00000402 445f53454e53 
00000408 4f525f534947 
0000040e 4e414c5300 
00000413 27              697 	.byte	39
00000414 07              698 	.byte	7
00000415 07              699 	.byte	7
00000416 13              700 	.byte	19
                         701 
                         702 .LDW_4bc40a8:
00000417 2d              703 	.byte	45
00000418 455f54504d53    704 	.strz	"E_TPMS_ERROR_DETECTED_TOO_MANY_SENSORS"
0000041e 5f4552524f52 
00000424 5f4445544543 
0000042a 5445445f544f 
00000430 4f5f4d414e59 
00000436 5f53454e534f 
0000043c 525300 
0000043f 28              705 	.byte	40
00000440 07              706 	.byte	7
00000441 07              707 	.byte	7
00000442 14              708 	.byte	20
                         709 
                         710 .LDW_4bc3ee8:
00000443 2d              711 	.byte	45
00000444 455f54504d53    712 	.strz	"E_TPMS_ERROR_NOT_FUNCTIONING_DUE_TO_ECU_INTERNAL_FAULT"
0000044a 5f4552524f52 
00000450 5f4e4f545f46 
00000456 554e4354494f 
0000045c 4e494e475f44 
00000462 55455f544f5f 
00000468 4543555f494e 
0000046e 5445524e414c 
00000474 5f4641554c54 
0000047a 00 
0000047b 29              713 	.byte	41
0000047c 07              714 	.byte	7
0000047d 07              715 	.byte	7
0000047e 15              716 	.byte	21
                         717 
                         718 .LDW_4bc41e8:
0000047f 2d              719 	.byte	45
00000480 455f54504d53    720 	.strz	"E_TPMS_ERROR_WS_MISSING_DURING_CONTINUOUS_INVALID_SPEED"
00000486 5f4552524f52 
0000048c 5f57535f4d49 
00000492 5353494e475f 
00000498 445552494e47 
0000049e 5f434f4e5449 
000004a4 4e554f55535f 
000004aa 494e56414c49 
000004b0 445f53504545 
000004b6 4400 
000004b8 2a              721 	.byte	42
000004b9 07              722 	.byte	7
000004ba 07              723 	.byte	7

                                                                      Page 17
                                                              C:\Users\nhuliyap\AppData\Local\Temp\gh_0000eok1.s
000004bb 16              724 	.byte	22
                         725 
                         726 .LDW_4bc4228:
000004bc 2d              727 	.byte	45
000004bd 455f54504d53    728 	.strz	"E_TPMS_ERROR_RF_INTERFERENCE"
000004c3 5f4552524f52 
000004c9 5f52465f494e 
000004cf 544552464552 
000004d5 454e434500 
000004da 2b              729 	.byte	43
000004db 07              730 	.byte	7
000004dc 07              731 	.byte	7
000004dd 17              732 	.byte	23
                         733 
                         734 .LDW_4bc4028:
000004de 2d              735 	.byte	45
000004df 455f54504d53    736 	.strz	"E_TPMS_ERROR_AUTOLOCATION_FAILED"
000004e5 5f4552524f52 
000004eb 5f4155544f4c 
000004f1 4f434154494f 
000004f7 4e5f4641494c 
000004fd 454400 
00000500 2c              737 	.byte	44
00000501 07              738 	.byte	7
00000502 07              739 	.byte	7
00000503 18              740 	.byte	24
                         741 
                         742 .LDW_4bc40e8:
00000504 2d              743 	.byte	45
00000505 455f54504d53    744 	.strz	"E_TPMS_ERROR_MAX_NUMBER"
0000050b 5f4552524f52 
00000511 5f4d41585f4e 
00000517 554d42455200 
0000051d 2d              745 	.byte	45
0000051e 07              746 	.byte	7
0000051f 07              747 	.byte	7
00000520 19              748 	.byte	25
                         749 
00000521 00              750 	.byte	0
                         751 
                         752 .LDW_4c615f0:
00000522 04              753 	.byte	4
00000523 756357554465    754 	.strz	"ucWUDefectERRc"
00000529 666563744552 
0000052f 526300 
00000532 0a              755 	.byte	10
00000533 0d              756 	.byte	13
00000534 01              757 	.byte	1
00000535 00000000*       758 	.word	.LDW_4bc4b50
00000539 01              759 	.byte	1
0000053a 00              760 	.byte	0
0000053b 0503            761 	.byte	5,3
0000053d 00000000*       762 	.word	_ucWUDefectERRc
                         763 
                         764 	.section	.debug_abbrev
00000079 04              765 	.byte	4
0000007a 34              766 	.byte	52
0000007b 00              767 	.byte	0
0000007c 0308            768 	.byte	3,8
0000007e 3b0f            769 	.byte	59,15
00000080 390f            770 	.byte	57,15

                                                                      Page 18
                                                              C:\Users\nhuliyap\AppData\Local\Temp\gh_0000eok1.s
00000082 3a0f            771 	.byte	58,15
00000084 4910            772 	.byte	73,16
00000086 3f0c            773 	.byte	63,12
00000088 3c0c            774 	.byte	60,12
0000008a 020a            775 	.byte	2,10
0000008c 0000            776 	.byte	0,0
                         777 
                         778 	.section	.debug_info
                         779 .LDW_4c614e8:
00000541 04              780 	.byte	4
00000542 756357554661    781 	.strz	"ucWUFailERRc"
00000548 696c45525263 
0000054e 00 
0000054f 12              782 	.byte	18
00000550 0d              783 	.byte	13
00000551 01              784 	.byte	1
00000552 00000000*       785 	.word	.LDW_4c64498
00000556 01              786 	.byte	1
00000557 00              787 	.byte	0
00000558 0503            788 	.byte	5,3
0000055a 00000000*       789 	.word	_ucWUFailERRc
                         790 
                         791 .LDW_4c616a0:
0000055e 04              792 	.byte	4
0000055f 756357555465    793 	.strz	"ucWUTemperatureERRc"
00000565 6d7065726174 
0000056b 757265455252 
00000571 6300 
00000573 1a              794 	.byte	26
00000574 0d              795 	.byte	13
00000575 01              796 	.byte	1
00000576 00000000*       797 	.word	.LDW_4c640e0
0000057a 01              798 	.byte	1
0000057b 00              799 	.byte	0
0000057c 0503            800 	.byte	5,3
0000057e 00000000*       801 	.word	_ucWUTemperatureERRc
                         802 
                         803 .LDW_4c61540:
00000582 04              804 	.byte	4
00000583 756357554c6f    805 	.strz	"ucWULowLifeTimeERRc"
00000589 774c69666554 
0000058f 696d65455252 
00000595 6300 
00000597 22              806 	.byte	34
00000598 0d              807 	.byte	13
00000599 01              808 	.byte	1
0000059a 00000000*       809 	.word	.LDW_4c64da0
0000059e 01              810 	.byte	1
0000059f 00              811 	.byte	0
000005a0 0503            812 	.byte	5,3
000005a2 00000000*       813 	.word	_ucWULowLifeTimeERRc
                         814 
                         815 .LDW_4c68510:
000005a6 16              816 	.byte	22
000005a7 47455475734d    817 	.strz	"GETusMaxFolgeAusfallEE"
000005ad 6178466f6c67 
000005b3 654175736661 
000005b9 6c6c454500 
000005be 26              818 	.byte	38
000005bf 0f              819 	.byte	15
000005c0 0a              820 	.byte	10

                                                                      Page 19
                                                              C:\Users\nhuliyap\AppData\Local\Temp\gh_0000eok1.s
000005c1 00000000*       821 	.word	.LDW_17feda0
000005c5 01              822 	.byte	1
000005c6 00              823 	.byte	0
000005c7 01              824 	.byte	1
000005c8 01              825 	.byte	1
000005c9 00              826 	.byte	0
000005ca 01              827 	.byte	1
                         828 
                         829 	.section	.debug_abbrev
0000008e 16              830 	.byte	22
0000008f 2e              831 	.byte	46
00000090 01              832 	.byte	1
00000091 0308            833 	.byte	3,8
00000093 3b0f            834 	.byte	59,15
00000095 390f            835 	.byte	57,15
00000097 3a0f            836 	.byte	58,15
00000099 4910            837 	.byte	73,16
0000009b 3c0c            838 	.byte	60,12
0000009d 200b            839 	.byte	32,11
0000009f 3f0c            840 	.byte	63,12
000000a1 320b            841 	.byte	50,11
000000a3 4c0b            842 	.byte	76,11
000000a5 270c            843 	.byte	39,12
000000a7 0000            844 	.byte	0,0
                         845 
                         846 	.section	.debug_info
000005cb 00              847 	.byte	0
                         848 
                         849 .LDW_17fedf8:
000005cc 14              850 	.byte	20
000005cd 4d6178466169    851 	.strz	"MaxFailCounterInEE"
000005d3 6c436f756e74 
000005d9 6572496e4545 
000005df 00 
000005e0 29              852 	.byte	41
000005e1 08              853 	.byte	8
000005e2 01              854 	.byte	1
000005e3 00000000*       855 	.word	.LDW_17feda0
000005e7 00000000*       856 	.word	_MaxFailCounterInEE
000005eb 00000000*       857 	.word	___ghs_eofn_MaxFailCounterInEE
000005ef 0153            858 	.byte	1,83
000005f1 02              859 	.byte	2
000005f2 00              860 	.byte	0
000005f3 02              861 	.byte	2
000005f4 00              862 	.byte	0
000005f5 00              863 	.byte	0
000005f6 00              864 	.byte	0
000005f7 00              865 	.byte	0
000005f8 01              866 	.byte	1
000005f9 01              867 	.byte	1
000005fa 00              868 	.byte	0
000005fb 01              869 	.byte	1
                         870 
                         871 	.section	.debug_abbrev
000000a9 14              872 	.byte	20
000000aa 2e              873 	.byte	46
000000ab 01              874 	.byte	1
000000ac 0308            875 	.byte	3,8
000000ae 3b0f            876 	.byte	59,15
000000b0 390f            877 	.byte	57,15
000000b2 3a0f            878 	.byte	58,15

                                                                      Page 20
                                                              C:\Users\nhuliyap\AppData\Local\Temp\gh_0000eok1.s
000000b4 4910            879 	.byte	73,16
000000b6 1101            880 	.byte	17,1
000000b8 1201            881 	.byte	18,1
000000ba 400a            882 	.byte	64,10
000000bc 8341            883 	.byte	131,65
000000be 0f              884 	.byte	15
000000bf 8741            885 	.byte	135,65
000000c1 0d              886 	.byte	13
000000c2 8541            887 	.byte	133,65
000000c4 0f              888 	.byte	15
000000c5 8641            889 	.byte	134,65
000000c7 0d              890 	.byte	13
000000c8 9241            891 	.byte	146,65
000000ca 0f              892 	.byte	15
000000cb 3c0c            893 	.byte	60,12
000000cd 200b            894 	.byte	32,11
000000cf 3f0c            895 	.byte	63,12
000000d1 320b            896 	.byte	50,11
000000d3 4c0b            897 	.byte	76,11
000000d5 270c            898 	.byte	39,12
000000d7 0000            899 	.byte	0,0
                         900 
                         901 	.section	.debug_frame
                         902 .LDW_4c60a78:
00000090 00000000*       903 	.word	.LDW_unq_4-.LDW_unq_3
                         904 .LDW_unq_3:
00000094 00000000*       905 	.word	.LDW_4c253f8
00000098 00000000*       906 	.word	_MaxFailCounterInEE
0000009c 00000000*       907 	.word	___ghs_eofn_MaxFailCounterInEE-_MaxFailCounterInEE
000000a0 01              908 	.byte	1
000000a1 00000000*       909 	.word	.LDW11
000000a5 00              910 	.byte	0
000000a6 00              911 	.byte	0
000000a7 00              912 	.byte	0
                         913 .LDW_unq_4:
                         914 	.section	.debug_line
000002e8 000502          915 	.byte	0,5,2
000002eb 00000000*       916 	.word	_MaxFailCounterInEE
000002ef 06              917 	.byte	6
000002f0 03              918 	.byte	3
000002f1 29              919 	.byte	41
000002f2 02              920 	.byte	2
000002f3 00              921 	.byte	0
000002f4 01              922 	.byte	1
000002f5 02              923 	.byte	2
000002f6 04              924 	.byte	4
000002f7 000101          925 	.byte	0,1,1
                         926 	.section	.debug_info
                         927 .LDW_17b1910:
000005fc 1d              928 	.byte	29
000005fd 00000000*       929 	.word	.LDW01
00000601 00000000*       930 	.word	.LDW11
                         931 
                         932 	.section	.debug_abbrev
000000d9 1d              933 	.byte	29
000000da 0b              934 	.byte	11
000000db 01              935 	.byte	1
000000dc 1101            936 	.byte	17,1
000000de 1201            937 	.byte	18,1
000000e0 0000            938 	.byte	0,0
                         939 

                                                                      Page 21
                                                              C:\Users\nhuliyap\AppData\Local\Temp\gh_0000eok1.s
                         940 	.section	.debug_info
00000605 00              941 	.byte	0
                         942 
00000606 00              943 	.byte	0
                         944 
00000607 00              945 	.byte	0
                         946 
                         947 	.section	.debug_line
                         948 .Ldw_line_end:
                         949 	.section	.debug_macinfo
00000000 01              950 	.byte	1
00000001 00              951 	.byte	0
00000002 5f5f6768735f    952 	.strz	"__ghs__ 1"
00000008 5f203100 
0000000c 01              953 	.byte	1
0000000d 00              954 	.byte	0
0000000e 5f5f4c4c4f4e    955 	.strz	"__LLONG_BIT 64"
00000014 475f42495420 
0000001a 363400 
0000001d 03              956 	.byte	3
0000001e 00              957 	.byte	0
0000001f 01              958 	.byte	1
00000020 03              959 	.byte	3
00000021 01              960 	.byte	1
00000022 02              961 	.byte	2
00000023 03              962 	.byte	3
00000024 1c              963 	.byte	28
00000025 03              964 	.byte	3
00000026 01              965 	.byte	1
00000027 3c              966 	.byte	60
00000028 545255452031    967 	.strz	"TRUE 1u"
0000002e 7500 
00000030 01              968 	.byte	1
00000031 40              969 	.byte	64
00000032 46414c534520    970 	.strz	"FALSE 0u"
00000038 307500 
0000003b 04              971 	.byte	4
0000003c 03              972 	.byte	3
0000003d 1d              973 	.byte	29
0000003e 04              974 	.byte	4
0000003f 03              975 	.byte	3
00000040 1b              976 	.byte	27
00000041 05              977 	.byte	5
00000042 03              978 	.byte	3
00000043 54              979 	.byte	84
00000044 06              980 	.byte	6
00000045 04              981 	.byte	4
00000046 04              982 	.byte	4
00000047 04              983 	.byte	4
00000048 04              984 	.byte	4
00000049 03              985 	.byte	3
0000004a 03              986 	.byte	3
0000004b 07              987 	.byte	7
0000004c 03              988 	.byte	3
0000004d 04              989 	.byte	4
0000004e 08              990 	.byte	8
0000004f 03              991 	.byte	3
00000050 04              992 	.byte	4
00000051 09              993 	.byte	9
00000052 04              994 	.byte	4
00000053 01              995 	.byte	1

                                                                      Page 22
                                                              C:\Users\nhuliyap\AppData\Local\Temp\gh_0000eok1.s
00000054 0e              996 	.byte	14
00000055 50524f445543    997 	.strz	"PRODUCTION_SW 0x0"
0000005b 54494f4e5f53 
00000061 572030783000 
00000067 01              998 	.byte	1
00000068 0f              999 	.byte	15
00000069 444556454c4f   1000 	.strz	"DEVELOPMENT_SW 0x1"
0000006f 504d454e545f 
00000075 535720307831 
0000007b 00 
0000007c 01             1001 	.byte	1
0000007d 10             1002 	.byte	16
0000007e 53575f434154   1003 	.strz	"SW_CATEGORY PRODUCTION_SW"
00000084 45474f525920 
0000008a 50524f445543 
00000090 54494f4e5f53 
00000096 5700 
00000098 04             1004 	.byte	4
00000099 01             1005 	.byte	1
0000009a 06             1006 	.byte	6
0000009b 4d41585f5349   1007 	.strz	"MAX_SIZE_WS_TELEGRAM 16U"
000000a1 5a455f57535f 
000000a7 54454c454752 
000000ad 414d20313655 
000000b3 00 
000000b4 01             1008 	.byte	1
000000b5 0e             1009 	.byte	14
000000b6 4e564d5f424c   1010 	.strz	"NVM_BLOCK_TYPE uint32"
000000bc 4f434b5f5459 
000000c2 50452075696e 
000000c8 74333200 
000000cc 04             1011 	.byte	4
000000cd 03             1012 	.byte	3
000000ce 04             1013 	.byte	4
000000cf 0a             1014 	.byte	10
000000d0 03             1015 	.byte	3
000000d1 03             1016 	.byte	3
000000d2 0b             1017 	.byte	11
000000d3 01             1018 	.byte	1
000000d4 7b             1019 	.byte	123
000000d5 4650412000     1020 	.strz	"FPA "
000000da 01             1021 	.byte	1
000000db 7c             1022 	.byte	124
000000dc 4142535f5465   1023 	.strz	"ABS_Test_LOG_ENABLE "
000000e2 73745f4c4f47 
000000e8 5f454e41424c 
000000ee 452000 
000000f1 04             1024 	.byte	4
000000f2 04             1025 	.byte	4
000000f3 03             1026 	.byte	3
000000f4 05             1027 	.byte	5
000000f5 0c             1028 	.byte	12
000000f6 03             1029 	.byte	3
000000f7 06             1030 	.byte	6
000000f8 0d             1031 	.byte	13
000000f9 01             1032 	.byte	1
000000fa 05             1033 	.byte	5
000000fb 444554454354   1034 	.strz	"DETECT_SYMC_WALLOC_DTC "
00000101 5f53594d435f 
00000107 57414c4c4f43 
0000010d 5f4454432000 

                                                                      Page 23
                                                              C:\Users\nhuliyap\AppData\Local\Temp\gh_0000eok1.s
00000113 01             1035 	.byte	1
00000114 07             1036 	.byte	7
00000115 6a735f526548   1037 	.strz	"js_ReHighTemperatureDiag_230312 "
0000011b 69676854656d 
00000121 706572617475 
00000127 726544696167 
0000012d 5f3233303331 
00000133 322000 
00000136 04             1038 	.byte	4
00000137 01             1039 	.byte	1
00000138 0d             1040 	.byte	13
00000139 634552524f52   1041 	.strz	"cERROR_CODE_INACTIVE (uint8)0xFF"
0000013f 5f434f44455f 
00000145 494e41435449 
0000014b 564520287569 
00000151 6e7438293078 
00000157 464600 
0000015a 01             1042 	.byte	1
0000015b 24             1043 	.byte	36
0000015c 635a4f5f4552   1044 	.strz	"cZO_ERR_WS_BATTERY_LOW_FL (uint8)E_TPMS_ERROR_WS_LIFE_TIME_FL_CNT_LOW"
00000162 525f57535f42 
00000168 415454455259 
0000016e 5f4c4f575f46 
00000174 4c202875696e 
0000017a 743829455f54 
00000180 504d535f4552 
00000186 524f525f5753 
0000018c 5f4c4946455f 
00000192 54494d455f46 
00000198 4c5f434e545f 
0000019e 4c4f5700 
000001a2 01             1045 	.byte	1
000001a3 25             1046 	.byte	37
000001a4 635a4f5f4552   1047 	.strz	"cZO_ERR_WS_DEFECT_FL (uint8)E_TPMS_ERROR_WS_DEFECT_FL"
000001aa 525f57535f44 
000001b0 45464543545f 
000001b6 464c20287569 
000001bc 6e743829455f 
000001c2 54504d535f45 
000001c8 52524f525f57 
000001ce 535f44454645 
000001d4 43545f464c00 
000001da 01             1048 	.byte	1
000001db 26             1049 	.byte	38
000001dc 635a4f5f4552   1050 	.strz	"cZO_ERR_WS_MISSING_FL (uint8)E_TPMS_ERROR_WS_MISSING_FL"
000001e2 525f57535f4d 
000001e8 495353494e47 
000001ee 5f464c202875 
000001f4 696e74382945 
000001fa 5f54504d535f 
00000200 4552524f525f 
00000206 57535f4d4953 
0000020c 53494e475f46 
00000212 4c00 
00000214 01             1051 	.byte	1
00000215 2e             1052 	.byte	46
00000216 635a4f5f4552   1053 	.strz	"cZO_ERR_WS_OVERTEMPERATURE_FL (uint8)E_TPMS_ERROR_WS_OVER_TEMP_FL"
0000021c 525f57535f4f 
00000222 56455254454d 
00000228 504552415455 
0000022e 52455f464c20 

                                                                      Page 24
                                                              C:\Users\nhuliyap\AppData\Local\Temp\gh_0000eok1.s
00000234 2875696e7438 
0000023a 29455f54504d 
00000240 535f4552524f 
00000246 525f57535f4f 
0000024c 5645525f5445 
00000252 4d505f464c00 
00000258 01             1054 	.byte	1
00000259 30             1055 	.byte	48
0000025a 635a4f5f4552   1056 	.strz	"cZO_ERR_WS_BATTERY_LOW_FR (uint8)E_TPMS_ERROR_WS_LIFE_TIME_FR_CNT_LOW"
00000260 525f57535f42 
00000266 415454455259 
0000026c 5f4c4f575f46 
00000272 52202875696e 
00000278 743829455f54 
0000027e 504d535f4552 
00000284 524f525f5753 
0000028a 5f4c4946455f 
00000290 54494d455f46 
00000296 525f434e545f 
0000029c 4c4f5700 
000002a0 01             1057 	.byte	1
000002a1 31             1058 	.byte	49
000002a2 635a4f5f4552   1059 	.strz	"cZO_ERR_WS_DEFECT_FR (uint8)E_TPMS_ERROR_WS_DEFECT_FR"
000002a8 525f57535f44 
000002ae 45464543545f 
000002b4 465220287569 
000002ba 6e743829455f 
000002c0 54504d535f45 
000002c6 52524f525f57 
000002cc 535f44454645 
000002d2 43545f465200 
000002d8 01             1060 	.byte	1
000002d9 32             1061 	.byte	50
000002da 635a4f5f4552   1062 	.strz	"cZO_ERR_WS_MISSING_FR (uint8)E_TPMS_ERROR_WS_MISSING_FR"
000002e0 525f57535f4d 
000002e6 495353494e47 
000002ec 5f4652202875 
000002f2 696e74382945 
000002f8 5f54504d535f 
000002fe 4552524f525f 
00000304 57535f4d4953 
0000030a 53494e475f46 
00000310 5200 
00000312 01             1063 	.byte	1
00000313 3a             1064 	.byte	58
00000314 635a4f5f4552   1065 	.strz	"cZO_ERR_WS_OVERTEMPERATURE_FR (uint8)E_TPMS_ERROR_WS_OVER_TEMP_FR"
0000031a 525f57535f4f 
00000320 56455254454d 
00000326 504552415455 
0000032c 52455f465220 
00000332 2875696e7438 
00000338 29455f54504d 
0000033e 535f4552524f 
00000344 525f57535f4f 
0000034a 5645525f5445 
00000350 4d505f465200 
00000356 01             1066 	.byte	1
00000357 3c             1067 	.byte	60
00000358 635a4f5f4552   1068 	.strz	"cZO_ERR_WS_BATTERY_LOW_RL (uint8)E_TPMS_ERROR_WS_LIFE_TIME_RL_CNT_LOW"
0000035e 525f57535f42 
00000364 415454455259 

                                                                      Page 25
                                                              C:\Users\nhuliyap\AppData\Local\Temp\gh_0000eok1.s
0000036a 5f4c4f575f52 
00000370 4c202875696e 
00000376 743829455f54 
0000037c 504d535f4552 
00000382 524f525f5753 
00000388 5f4c4946455f 
0000038e 54494d455f52 
00000394 4c5f434e545f 
0000039a 4c4f5700 
0000039e 01             1069 	.byte	1
0000039f 3d             1070 	.byte	61
000003a0 635a4f5f4552   1071 	.strz	"cZO_ERR_WS_DEFECT_RL (uint8)E_TPMS_ERROR_WS_DEFECT_RL"
000003a6 525f57535f44 
000003ac 45464543545f 
000003b2 524c20287569 
000003b8 6e743829455f 
000003be 54504d535f45 
000003c4 52524f525f57 
000003ca 535f44454645 
000003d0 43545f524c00 
000003d6 01             1072 	.byte	1
000003d7 3e             1073 	.byte	62
000003d8 635a4f5f4552   1074 	.strz	"cZO_ERR_WS_MISSING_RL (uint8)E_TPMS_ERROR_WS_MISSING_RL"
000003de 525f57535f4d 
000003e4 495353494e47 
000003ea 5f524c202875 
000003f0 696e74382945 
000003f6 5f54504d535f 
000003fc 4552524f525f 
00000402 57535f4d4953 
00000408 53494e475f52 
0000040e 4c00 
00000410 01             1075 	.byte	1
00000411 46             1076 	.byte	70
00000412 635a4f5f4552   1077 	.strz	"cZO_ERR_WS_OVERTEMPERATURE_RL (uint8)E_TPMS_ERROR_WS_OVER_TEMP_RL"
00000418 525f57535f4f 
0000041e 56455254454d 
00000424 504552415455 
0000042a 52455f524c20 
00000430 2875696e7438 
00000436 29455f54504d 
0000043c 535f4552524f 
00000442 525f57535f4f 
00000448 5645525f5445 
0000044e 4d505f524c00 
00000454 01             1078 	.byte	1
00000455 48             1079 	.byte	72
00000456 635a4f5f4552   1080 	.strz	"cZO_ERR_WS_BATTERY_LOW_RR (uint8)E_TPMS_ERROR_WS_LIFE_TIME_RR_CNT_LOW"
0000045c 525f57535f42 
00000462 415454455259 
00000468 5f4c4f575f52 
0000046e 52202875696e 
00000474 743829455f54 
0000047a 504d535f4552 
00000480 524f525f5753 
00000486 5f4c4946455f 
0000048c 54494d455f52 
00000492 525f434e545f 
00000498 4c4f5700 
0000049c 01             1081 	.byte	1
0000049d 49             1082 	.byte	73

                                                                      Page 26
                                                              C:\Users\nhuliyap\AppData\Local\Temp\gh_0000eok1.s
0000049e 635a4f5f4552   1083 	.strz	"cZO_ERR_WS_DEFECT_RR (uint8)E_TPMS_ERROR_WS_DEFECT_RR"
000004a4 525f57535f44 
000004aa 45464543545f 
000004b0 525220287569 
000004b6 6e743829455f 
000004bc 54504d535f45 
000004c2 52524f525f57 
000004c8 535f44454645 
000004ce 43545f525200 
000004d4 01             1084 	.byte	1
000004d5 4a             1085 	.byte	74
000004d6 635a4f5f4552   1086 	.strz	"cZO_ERR_WS_MISSING_RR (uint8)E_TPMS_ERROR_WS_MISSING_RR"
000004dc 525f57535f4d 
000004e2 495353494e47 
000004e8 5f5252202875 
000004ee 696e74382945 
000004f4 5f54504d535f 
000004fa 4552524f525f 
00000500 57535f4d4953 
00000506 53494e475f52 
0000050c 5200 
0000050e 01             1087 	.byte	1
0000050f 52             1088 	.byte	82
00000510 635a4f5f4552   1089 	.strz	"cZO_ERR_WS_OVERTEMPERATURE_RR (uint8)E_TPMS_ERROR_WS_OVER_TEMP_RR"
00000516 525f57535f4f 
0000051c 56455254454d 
00000522 504552415455 
00000528 52455f525220 
0000052e 2875696e7438 
00000534 29455f54504d 
0000053a 535f4552524f 
00000540 525f57535f4f 
00000546 5645525f5445 
0000054c 4d505f525200 
00000552 01             1090 	.byte	1
00000553 60             1091 	.byte	96
00000554 635a4f5f4552   1092 	.strz	"cZO_ERR_WS_BATTERY_LOW_XX cERROR_CODE_INACTIVE"
0000055a 525f57535f42 
00000560 415454455259 
00000566 5f4c4f575f58 
0000056c 582063455252 
00000572 4f525f434f44 
00000578 455f494e4143 
0000057e 5449564500 
00000583 01             1093 	.byte	1
00000584 61             1094 	.byte	97
00000585 635a4f5f4552   1095 	.strz	"cZO_ERR_WS_DEFECT_XX (uint8)E_TPMS_ERROR_WS_DEFECT_UNKNOWN_POS"
0000058b 525f57535f44 
00000591 45464543545f 
00000597 585820287569 
0000059d 6e743829455f 
000005a3 54504d535f45 
000005a9 52524f525f57 
000005af 535f44454645 
000005b5 43545f554e4b 
000005bb 4e4f574e5f50 
000005c1 4f5300 
000005c4 01             1096 	.byte	1
000005c5 62             1097 	.byte	98
000005c6 635a4f5f4552   1098 	.strz	"cZO_ERR_WS_MISSING_XX (uint8)E_TPMS_ERROR_WS_MISSING_UNKNOWN_POS"
000005cc 525f57535f4d 

                                                                      Page 27
                                                              C:\Users\nhuliyap\AppData\Local\Temp\gh_0000eok1.s
000005d2 495353494e47 
000005d8 5f5858202875 
000005de 696e74382945 
000005e4 5f54504d535f 
000005ea 4552524f525f 
000005f0 57535f4d4953 
000005f6 53494e475f55 
000005fc 4e4b4e4f574e 
00000602 5f504f5300 
00000607 01             1099 	.byte	1
00000608 6a             1100 	.byte	106
00000609 635a4f5f4552   1101 	.strz	"cZO_ERR_WS_OVERTEMPERATURE_XX cERROR_CODE_INACTIVE"
0000060f 525f57535f4f 
00000615 56455254454d 
0000061b 504552415455 
00000621 52455f585820 
00000627 634552524f52 
0000062d 5f434f44455f 
00000633 494e41435449 
00000639 564500 
0000063c 04             1102 	.byte	4
0000063d 03             1103 	.byte	3
0000063e 07             1104 	.byte	7
0000063f 0e             1105 	.byte	14
00000640 01             1106 	.byte	1
00000641 08             1107 	.byte	8
00000642 63416e7a5261   1108 	.strz	"cAnzRad ( (uint8) 4 )"
00000648 642028202875 
0000064e 696e74382920 
00000654 34202900 
00000658 04             1109 	.byte	4
00000659 03             1110 	.byte	3
0000065a 08             1111 	.byte	8
0000065b 0f             1112 	.byte	15
0000065c 03             1113 	.byte	3
0000065d 05             1114 	.byte	5
0000065e 10             1115 	.byte	16
0000065f 03             1116 	.byte	3
00000660 06             1117 	.byte	6
00000661 11             1118 	.byte	17
00000662 04             1119 	.byte	4
00000663 01             1120 	.byte	1
00000664 18             1121 	.byte	24
00000665 53454e534f52   1122 	.strz	"SENSOR_AUFLOESUNG_25MBAR "
0000066b 5f4155464c4f 
00000671 4553554e475f 
00000677 32354d424152 
0000067d 2000 
0000067f 04             1123 	.byte	4
00000680 04             1124 	.byte	4
00000681 04             1125 	.byte	4
00000682 00             1126 	.byte	0
                        1127 	.section	.debug_abbrev
000000e2 00             1128 	.byte	0
                        1129 	.section	.debug_info
                        1130 .Ldw_end:
                        1131 .rh850_flags REGMODE32,DATA_ALIGN8,GP_FIX,EP_NONFIX,TP_FIX,REG2_RESERVE,G3K,GHS_MISALIGN,SDA_EXTRA_REGS_0
