                                                                      Page 1
                                                              C:\Users\nhuliyap\AppData\Local\Temp\gh_0000afk1.s
Command Line: C:\ghs\comp_201517\ease850.exe -w -elf -b0 -I../source/common -I../source/ProjectCompiler -I../source/ProjectCfg -I../source/SwcApplTpms -I../source/SwcApplEcuM -I../source/SwcServiceBswM -I../source/SwcServiceEcuM -I../source/SwcServiceNvM -I../source/SwcServiceOs -I../source/SwcServiceStartUp -I../source/McalAdc -I../source/McalDio -I../source/McalGpt -I../source/McalMcu -I../source/McalWdg -I../source/wrappers -I../source/wrappers/McalAta -I../source/McalLin -I../source/McalCan -I../source/wrappers/OS -I../source/McalFls -I../source/EcuabFee -I../source/EcuabMemIf -I../source/wrappers/VStdLib -I../source/wrappers/Crc -I../source/wrappers/FBL_APPL -I../source/wrappers/NVM_MANAGER -I../source/wrappers/DEM_MANAGER -I../source/wrappers/RDC_MANAGER -I../source/wrappers/ENV_MANAGER -I../source/wrappers/SYS_MANAGER -I../source/wrappers/EcuabCanIf -I../source/EcuabCanTrcv -I../source/wrappers/SwcServiceCanSM -I../source/wrappers/SwcServiceCanTp -I../source/wrappers/SwcServiceCanTp_PreCompile -I../source/wrappers/SwcServiceCom -I../source/wrappers/SwcServiceComM -I../source/wrappers/SwcServiceDcm -I../source/wrappers/SwcServicePduR -I../source/wrappers/SwcServiceEcuM -I../source/wrappers/Bfx -I../source/wrappers/SwcServiceDem -I../source/SwcServiceCom -I../source/SwcServiceDet -I../source/SwcServiceFiM -I../source/SwcServicePduR -I../source/SwcServiceSchM -I../source/wrappers/LibAutosarDiag -I../source/wrappers/rba_BswSrv -IC:\ghs\comp_201517\lib\rh850 -cg_underscore -cpu=rh850g3k -no_v850_simd -rh850_fpsimd=none -nomacro -patch_dbo=C:\_ECU2\ECU_Rivian_A1\Target\repo_projects\pRealEcu\cR_LATEST\make\output\objects\sila.dbo -source=sila.c -o output\objects\gh_0000afk1.o -list=output\list\sila.lst C:\Users\nhuliyap\AppData\Local\Temp\gh_0000afk1.s 
Original File: C:\Users\nhuliyap\AppData\Local\Temp\gh_0000afk1.s
Source File: sila.c
Directory: C:\_ECU2\ECU_Rivian_A1\Target\repo_projects\pRealEcu\cR_LATEST\make
Host OS: Windows
EASE: Copyright (C) 1983-2015 Green Hills Software.  All Rights Reserved.
Release: Compiler v2015.1.7
Build Directory: [Directory] BTOWORKER6:c:/build_2015_1_bto/2015-10-21.2100-2015_1_bto/win32-comp-ecom
Revision: [VCInfo] http://toolsvc/branches/release-branch-70-bto/src@544153 (built by build)
Revision Date: Thu Oct 22 07:50:13 2015

Release Date: Thu Oct 22 09:32:32 2015

                           1 --Driver Command: ccv850 ../source/SwcApplTpms/sila.c -cpu=rh850 -fhard
                           2 --		-ignore_callt_state_in_interrupts -large_sda -misalign_pack
                           3 --		-nofarcalls -nofloatio -no_callt -Ogeneral -Onounroll
                           4 --		-prepare_dispose -registermode=32 -reserve_r2 -sda=0
                           5 --		-shorten_loads -Wshadow --brief_diagnostics --no_commons
                           6 --		--no_wrap_diagnostics --prototype_errors --short_enum -list -G
                           7 --		-dual_debug -dwarf -X5523 -lnk=-no_xda_modifications -D
                           8 --		NOT_READY_FOR_TESTING_OR_DEPLOYMENT -D IBTCM_SW_ANPASSUNGEN -D
                           9 --		BUILD_RIVIAN -c -inline_prologue -I../source/common
                          10 --		-I../source/ProjectCompiler -I../source/ProjectCfg
                          11 --		-I../source/SwcApplTpms -I../source/SwcApplEcuM
                          12 --		-I../source/SwcServiceBswM -I../source/SwcServiceEcuM
                          13 --		-I../source/SwcServiceNvM -I../source/SwcServiceOs
                          14 --		-I../source/SwcServiceStartUp -I../source/McalAdc
                          15 --		-I../source/McalDio -I../source/McalGpt -I../source/McalMcu
                          16 --		-I../source/McalWdg -I../source/wrappers
                          17 --		-I../source/wrappers/McalAta -I../source/McalLin
                          18 --		-I../source/McalCan -I../source/wrappers/OS -I../source/McalFls
                          19 --		-I../source/EcuabFee -I../source/EcuabMemIf
                          20 --		-I../source/wrappers/VStdLib -I../source/wrappers
                          21 --		-I../source/wrappers/Crc -I../source/wrappers/FBL_APPL
                          22 --		-I../source/wrappers/NVM_MANAGER -I../source/wrappers/DEM_MANAGER
                          23 --		-I../source/wrappers/RDC_MANAGER -I../source/wrappers/ENV_MANAGER
                          24 --		-I../source/wrappers/SYS_MANAGER -I../source/wrappers/EcuabCanIf
                          25 --		-I../source/EcuabCanTrcv -I../source/wrappers/SwcServiceCanSM
                          26 --		-I../source/wrappers/SwcServiceCanTp
                          27 --		-I../source/wrappers/SwcServiceCanTp_PreCompile
                          28 --		-I../source/wrappers/SwcServiceCom
                          29 --		-I../source/wrappers/SwcServiceComM
                          30 --		-I../source/wrappers/SwcServiceDcm
                          31 --		-I../source/wrappers/SwcServicePduR
                          32 --		-I../source/wrappers/SwcServiceEcuM -I../source/wrappers/Bfx
                          33 --		-I../source/wrappers/SwcServiceDem -I../source/SwcServiceCom
                          34 --		-I../source/SwcServiceDet -I../source/SwcServiceFiM
                          35 --		-I../source/SwcServicePduR -I../source/SwcServiceSchM
                          36 --		-I../source/wrappers/LibAutosarDiag
                          37 --		-I../source/wrappers/rba_BswSrv -object_dir=output/objects
                          38 --		-list_dir=output/list
                          39 --Source File:   ../source/SwcApplTpms/sila.c
                          40 --Directory:     
                          41 --		C:\_ECU2\ECU_Rivian_A1\Target\repo_projects\pRealEcu\cR_LATEST\make
                          42 --Compile Date:  Fri Sep 15 14:15:51 2023
                          43 --Host OS:       Win32
                          44 --Version:       C-RH850 2015.1.7 RELEASE VERSION
                          45 --Release:       Compiler v2015.1.7
                          46 --Revision Date: Thu Oct 22 08:06:12 2015
                          47 --Release Date:  Thu Oct 22 09:34:32 2015
                          48 -- ecom  -g -w -OM
                          49 	.text
                          50 ..bof.C.3A.5C_ECU2.5CECU_Rivian_A1.5CTarget.5Crepo_projects.5CpRealEcu.5CcR_LATEST.5Cmake.5Coutput.5Cobjects.5Csila...43.3A.5C_ECU2.5CECU_Rivian_A1.5CTarget.5Crepo_projects.5CpRealEcu.5CcR_LATEST.5Cmake..65044AF7..0::

                                                                      Page 2
                                                              C:\Users\nhuliyap\AppData\Local\Temp\gh_0000afk1.s
                          51 	.align	2
                          52 ..gh.f.f.1.e.0:
                          53 	.type	..gh.f.f.1.e.0,@object
                          54 	.size	..gh.f.f.1.e.0,0
                          55 	.global	_SilaInit
                          56 _SilaInit:
00000000 3e0600000000*    57 	mov	.L33,ep
                          58 --	    .bf
                          59 .LDW01:
                          60 --line12
                          61 ..lin.C.3A.5C_ECU2.5CECU_Rivian_A1.5CTarget.5Crepo_projects.5CpRealEcu.5CcR_LATEST.5Cmake.5Coutput.5Cobjects.5Csila.1::
                          62 .LDWlin1:
00000006 098a             63 	mov	9,r17
00000008 808b             64 	sst.b	r17,0[ep]
0000000a 818b             65 	sst.b	r17,1[ep]
0000000c 828b             66 	sst.b	r17,2[ep]
                          67 --	    .ef
                          68 .LDW11:
0000000e 7f00             69 	jmp	[lp]
                          70 	.global	___ghs_eofn_SilaInit
                          71 ___ghs_eofn_SilaInit:
                          72 	.type	_SilaInit,@function
                          73 	.size	_SilaInit,.-_SilaInit
                          74 	.align	2
                          75 
                          76 	.section ".bss","awb"
                          77 .L33:
                          78 	.type	.L33,@object
                          79 	.size	.L33,0
                          80 	.global	_ucSilaState..C.3A.5C_ECU2.5CECU_Rivian_A1.5CTarget.5Crepo_projects.5CpRealEcu.5CcR_LATEST.5Cmake.5Coutput.5Cobjects.5Csila.
                          81 _ucSilaState..C.3A.5C_ECU2.5CECU_Rivian_A1.5CTarget.5Crepo_projects.5CpRealEcu.5CcR_LATEST.5Cmake.5Coutput.5Cobjects.5Csila.:
00000000 00               82 _ucSilaState:	.space	1
                          83 	.type	_ucSilaState..C.3A.5C_ECU2.5CECU_Rivian_A1.5CTarget.5Crepo_projects.5CpRealEcu.5CcR_LATEST.5Cmake.5Coutput.5Cobjects.5Csila.,@object
                          84 	.size	_ucSilaState..C.3A.5C_ECU2.5CECU_Rivian_A1.5CTarget.5Crepo_projects.5CpRealEcu.5CcR_LATEST.5Cmake.5Coutput.5Cobjects.5Csila.,1
                          85 	.type	_ucSilaState,@object
                          86 	.size	_ucSilaState,1
                          87 	.global	_ucSilaStateOut..C.3A.5C_ECU2.5CECU_Rivian_A1.5CTarget.5Crepo_projects.5CpRealEcu.5CcR_LATEST.5Cmake.5Coutput.5Cobjects.5Csila.
                          88 _ucSilaStateOut..C.3A.5C_ECU2.5CECU_Rivian_A1.5CTarget.5Crepo_projects.5CpRealEcu.5CcR_LATEST.5Cmake.5Coutput.5Cobjects.5Csila.:
00000001 00               89 _ucSilaStateOut:	.space	1
                          90 	.type	_ucSilaStateOut..C.3A.5C_ECU2.5CECU_Rivian_A1.5CTarget.5Crepo_projects.5CpRealEcu.5CcR_LATEST.5Cmake.5Coutput.5Cobjects.5Csila.,@object
                          91 	.size	_ucSilaStateOut..C.3A.5C_ECU2.5CECU_Rivian_A1.5CTarget.5Crepo_projects.5CpRealEcu.5CcR_LATEST.5Cmake.5Coutput.5Cobjects.5Csila.,1
                          92 	.type	_ucSilaStateOut,@object
                          93 	.size	_ucSilaStateOut,1
                          94 	.global	_ucSilaStateInt..C.3A.5C_ECU2.5CECU_Rivian_A1.5CTarget.5Crepo_projects.5CpRealEcu.5CcR_LATEST.5Cmake.5Coutput.5Cobjects.5Csila.
                          95 _ucSilaStateInt..C.3A.5C_ECU2.5CECU_Rivian_A1.5CTarget.5Crepo_projects.5CpRealEcu.5CcR_LATEST.5Cmake.5Coutput.5Cobjects.5Csila.:
00000002 00               96 _ucSilaStateInt:	.space	1
                          97 	.type	_ucSilaStateInt..C.3A.5C_ECU2.5CECU_Rivian_A1.5CTarget.5Crepo_projects.5CpRealEcu.5CcR_LATEST.5Cmake.5Coutput.5Cobjects.5Csila.,@object
                          98 	.size	_ucSilaStateInt..C.3A.5C_ECU2.5CECU_Rivian_A1.5CTarget.5Crepo_projects.5CpRealEcu.5CcR_LATEST.5Cmake.5Coutput.5Cobjects.5Csila.,1
                          99 	.type	_ucSilaStateInt,@object
                         100 	.size	_ucSilaStateInt,1
                         101 	.data
                         102 	.text
                         103 	.align	2
                         104 	.align	2
                         105 ..gh.f.f.1.e.1:
                         106 	.type	..gh.f.f.1.e.1,@object
                         107 	.size	..gh.f.f.1.e.1,0
                         108 	.global	_SilaPutState
                         109 _SilaPutState:
00000010 a600            110 	sxb	r6
00000012 320600000000*   111 	mov	_ucSilaStateInt-2,r18

                                                                      Page 3
                                                              C:\Users\nhuliyap\AppData\Local\Temp\gh_0000afk1.s
                         112 --	    .bf
                         113 .LDW21:
                         114 --line19
                         115 ..lin.C.3A.5C_ECU2.5CECU_Rivian_A1.5CTarget.5Crepo_projects.5CpRealEcu.5CcR_LATEST.5Cmake.5Coutput.5Cobjects.5Csila.2::
                         116 .LDWlin2:
00000018 128f0200        117 	ld.b	2[r18],r17
0000001c 6b8a            118 	cmp	11,r17
0000001e ba05*           119 	bne	.L53
00000020 6a32            120 	cmp	10,r6
00000022 b205*           121 	be	.L51
                         122 .L53:
                         123 --line22
                         124 ..lin.C.3A.5C_ECU2.5CECU_Rivian_A1.5CTarget.5Crepo_projects.5CpRealEcu.5CcR_LATEST.5Cmake.5Coutput.5Cobjects.5Csila.3::
                         125 .LDWlin3:
00000024 52370200        126 	st.b	r6,2[r18]
                         127 .L51:
                         128 --	    .ef
                         129 .LDW31:
00000028 7f00            130 	jmp	[lp]
                         131 	.global	___ghs_eofn_SilaPutState
                         132 ___ghs_eofn_SilaPutState:
                         133 	.type	_SilaPutState,@function
                         134 	.size	_SilaPutState,.-_SilaPutState
                         135 	.align	2
                         136 
                         137 --_ucState	r6	param
                         138 
                         139 	.data
                         140 	.text
                         141 	.align	2
                         142 	.align	2
                         143 ..gh.f.f.1.e.2:
                         144 	.type	..gh.f.f.1.e.2,@object
                         145 	.size	..gh.f.f.1.e.2,0
                         146 	.global	_SilaGetState
                         147 _SilaGetState:
                         148 --	    .bf
                         149 .LDW41:
0000002a 40560000*       150 	movhi	hi(_ucSilaStateOut),zero,r10
0000002e 0a570000*       151 	ld.b	lo(_ucSilaStateOut)[r10],r10
                         152 --	    .ef
                         153 .LDW51:
                         154 --line26
                         155 ..lin.C.3A.5C_ECU2.5CECU_Rivian_A1.5CTarget.5Crepo_projects.5CpRealEcu.5CcR_LATEST.5Cmake.5Coutput.5Cobjects.5Csila.4::
                         156 .LDWlin4:
00000032 7f00            157 	jmp	[lp]
                         158 	.global	___ghs_eofn_SilaGetState
                         159 ___ghs_eofn_SilaGetState:
                         160 	.type	_SilaGetState,@function
                         161 	.size	_SilaGetState,.-_SilaGetState
                         162 	.align	2
                         163 
                         164 	.data
                         165 	.text
                         166 	.align	2
                         167 	.align	2
                         168 ..gh.f.f.1.e.3:
                         169 	.type	..gh.f.f.1.e.3,@object
                         170 	.size	..gh.f.f.1.e.3,0
                         171 	.global	_SilaTask
                         172 _SilaTask:

                                                                      Page 4
                                                              C:\Users\nhuliyap\AppData\Local\Temp\gh_0000afk1.s
00000034 310600000000*   173 	mov	_ucSilaStateOut-1,r17
                         174 --	    .bf
                         175 .LDW61:
                         176 --line31
                         177 ..lin.C.3A.5C_ECU2.5CECU_Rivian_A1.5CTarget.5Crepo_projects.5CpRealEcu.5CcR_LATEST.5Cmake.5Coutput.5Cobjects.5Csila.5::
                         178 .LDWlin5:
0000003a 118f0200        179 	ld.b	2[r17],r17
0000003e 405e0000*       180 	movhi	hi(_ucSilaStateOut),zero,r11
00000042 4b8f0000*       181 	st.b	r17,lo(_ucSilaStateOut)[r11]
                         182 --	    .ef
                         183 .LDW71:
                         184 --line32
                         185 ..lin.C.3A.5C_ECU2.5CECU_Rivian_A1.5CTarget.5Crepo_projects.5CpRealEcu.5CcR_LATEST.5Cmake.5Coutput.5Cobjects.5Csila.6::
                         186 .LDWlin6:
00000046 7f00            187 	jmp	[lp]
                         188 	.global	___ghs_eofn_SilaTask
                         189 ___ghs_eofn_SilaTask:
                         190 	.type	_SilaTask,@function
                         191 	.size	_SilaTask,.-_SilaTask
                         192 	.align	2
                         193 
                         194 	.data
                         195 	.text
                         196 	.align	2
                         197 --_ucSilaState	_ucSilaState	static
                         198 --_ucSilaStateOut	_ucSilaStateOut	static
                         199 --_ucSilaStateInt	_ucSilaStateInt	static
                         200 
                         201 	.data
                         202 	.ghsnote version,17
                         203 	.ghsnote tools,3
                         204 	.ghsnote options,144
                         205 	.text
                         206 	.align	2
                         207 ..eof.C.3A.5C_ECU2.5CECU_Rivian_A1.5CTarget.5Crepo_projects.5CpRealEcu.5CcR_LATEST.5Cmake.5Coutput.5Cobjects.5Csila...43.3A.5C_ECU2.5CECU_Rivian_A1.5CTarget.5Crepo_projects.5CpRealEcu.5CcR_LATEST.5Cmake..65044AF7..0::
                         208 	.section	.debug_info
                         209 .Ldw_begin:
00000000 6b020000        210 	.word	.Ldw_end-.Ldw_begin-4
00000004 0200            211 	.byte	2,0
00000006 00000000*       212 	.word	.Ldw_abbr_begin
0000000a 04              213 	.byte	4
                         214 	.section	.debug_abbrev
                         215 .Ldw_abbr_begin:
                         216 	.section	.debug_info
0000000b 01              217 	.byte	1
0000000c 00000000*       218 	.word	..bof.C.3A.5C_ECU2.5CECU_Rivian_A1.5CTarget.5Crepo_projects.5CpRealEcu.5CcR_LATEST.5Cmake.5Coutput.5Cobjects.5Csila...43.3A.5C_ECU2.5CECU_Rivian_A1.5CTarget.5Crepo_projects.5CpRealEcu.5CcR_LATEST.5Cmake..65044AF7..0
00000010 00000000*       219 	.word	..eof.C.3A.5C_ECU2.5CECU_Rivian_A1.5CTarget.5Crepo_projects.5CpRealEcu.5CcR_LATEST.5Cmake.5Coutput.5Cobjects.5Csila...43.3A.5C_ECU2.5CECU_Rivian_A1.5CTarget.5Crepo_projects.5CpRealEcu.5CcR_LATEST.5Cmake..65044AF7..0
00000014 2e2e2f736f75    220 	.strz	"../source/SwcApplTpms/sila.c"
0000001a 7263652f5377 
00000020 634170706c54 
00000026 706d732f7369 
0000002c 6c612e6300 
00000031 433a5c5f4543    221 	.strz	"C:\\_ECU2\\ECU_Rivian_A1\\Target\\repo_projects\\pRealEcu\\cR_LATEST\\make"
00000037 55325c454355 
0000003d 5f5269766961 
00000043 6e5f41315c54 
00000049 61726765745c 
0000004f 7265706f5f70 
00000055 726f6a656374 
0000005b 735c70526561 
00000061 6c4563755c63 

                                                                      Page 5
                                                              C:\Users\nhuliyap\AppData\Local\Temp\gh_0000afk1.s
00000067 525f4c415445 
0000006d 53545c6d616b 
00000073 6500 
00000075 474853204320    222 	.strz	"GHS C 2015.1.7 [dual]"
0000007b 323031352e31 
00000081 2e37205b6475 
00000087 616c5d00 
0000008b 0100            223 	.byte	1,0
0000008d 00000000*       224 	.word	.Ldw_line_begin
00000091 00000000*       225 	.word	.Ldw_macinfo_begin
00000095 00              226 	.byte	0
                         227 
                         228 	.section	.debug_abbrev
00000000 01              229 	.byte	1
00000001 11              230 	.byte	17
00000002 01              231 	.byte	1
00000003 1101            232 	.byte	17,1
00000005 1201            233 	.byte	18,1
00000007 0308            234 	.byte	3,8
00000009 1b08            235 	.byte	27,8
0000000b 2508            236 	.byte	37,8
0000000d 1305            237 	.byte	19,5
0000000f 1006            238 	.byte	16,6
00000011 4306            239 	.byte	67,6
00000013 420b            240 	.byte	66,11
00000015 0000            241 	.byte	0,0
                         242 
                         243 	.section	.debug_line
                         244 .Ldw_line_begin:
00000000 8b020000        245 	.word	.Ldw_line_end-.Ldw_line_begin-4
00000004 0200            246 	.byte	2,0
00000006 00000000*       247 	.word	.Ldw_lpro_end-.Ldw_lpro_begin
                         248 .Ldw_lpro_begin:
0000000a 01              249 	.byte	1
0000000b 00              250 	.byte	0
0000000c 00              251 	.byte	0
0000000d 04              252 	.byte	4
0000000e 0a              253 	.byte	10
0000000f 000101          254 	.byte	0,1,1
00000012 010100          255 	.byte	1,1,0
00000015 000001          256 	.byte	0,0,1
00000018 00              257 	.byte	0
00000019 2e2e2f736f75    258 	.strz	"../source/SwcApplTpms/sila.c"
0000001f 7263652f5377 
00000025 634170706c54 
0000002b 706d732f7369 
00000031 6c612e6300 
00000036 000000          259 	.byte	0,0,0
00000039 2e2e2f736f75    260 	.strz	"../source/common/Std_Types.hpp"
0000003f 7263652f636f 
00000045 6d6d6f6e2f53 
0000004b 74645f547970 
00000051 65732e687070 
00000057 00 
00000058 000000          261 	.byte	0,0,0
0000005b 2e2e2f736f75    262 	.strz	"../source/common/Platform_Types.hpp"
00000061 7263652f636f 
00000067 6d6d6f6e2f50 
0000006d 6c6174666f72 
00000073 6d5f54797065 
00000079 732e68707000 

                                                                      Page 6
                                                              C:\Users\nhuliyap\AppData\Local\Temp\gh_0000afk1.s
0000007f 000000          263 	.byte	0,0,0
00000082 2e2e2f736f75    264 	.strz	"../source/common/Compiler.hpp"
00000088 7263652f636f 
0000008e 6d6d6f6e2f43 
00000094 6f6d70696c65 
0000009a 722e68707000 
000000a0 000000          265 	.byte	0,0,0
000000a3 2e2e2f736f75    266 	.strz	"../source/ProjectCompiler/Compiler_Cfg.hpp"
000000a9 7263652f5072 
000000af 6f6a65637443 
000000b5 6f6d70696c65 
000000bb 722f436f6d70 
000000c1 696c65725f43 
000000c7 66672e687070 
000000cd 00 
000000ce 000000          267 	.byte	0,0,0
000000d1 2e2e2f736f75    268 	.strz	"../source/ProjectCompiler/CompilerCfg_SwcServiceOs.hpp"
000000d7 7263652f5072 
000000dd 6f6a65637443 
000000e3 6f6d70696c65 
000000e9 722f436f6d70 
000000ef 696c65724366 
000000f5 675f53776353 
000000fb 657276696365 
00000101 4f732e687070 
00000107 00 
00000108 000000          269 	.byte	0,0,0
0000010b 2e2e2f736f75    270 	.strz	"../source/SwcApplTpms/iTpms_Interface.hpp"
00000111 7263652f5377 
00000117 634170706c54 
0000011d 706d732f6954 
00000123 706d735f496e 
00000129 746572666163 
0000012f 652e68707000 
00000135 000000          271 	.byte	0,0,0
00000138 2e2e2f736f75    272 	.strz	"../source/SwcApplTpms/Tpms_Rte_Data_Type.hpp"
0000013e 7263652f5377 
00000144 634170706c54 
0000014a 706d732f5470 
00000150 6d735f527465 
00000156 5f446174615f 
0000015c 547970652e68 
00000162 707000 
00000165 000000          273 	.byte	0,0,0
00000168 2e2e2f736f75    274 	.strz	"../source/McalMcu/Types.hpp"
0000016e 7263652f4d63 
00000174 616c4d63752f 
0000017a 54797065732e 
00000180 68707000 
00000184 000000          275 	.byte	0,0,0
00000187 2e2e2f736f75    276 	.strz	"../source/SwcApplTpms/SwcApplTpms_Rte.hpp"
0000018d 7263652f5377 
00000193 634170706c54 
00000199 706d732f5377 
0000019f 634170706c54 
000001a5 706d735f5274 
000001ab 652e68707000 
000001b1 000000          277 	.byte	0,0,0
000001b4 2e2e2f736f75    278 	.strz	"../source/SwcApplTpms/SwcApplTpms_Rte_Type.hpp"
000001ba 7263652f5377 
000001c0 634170706c54 

                                                                      Page 7
                                                              C:\Users\nhuliyap\AppData\Local\Temp\gh_0000afk1.s
000001c6 706d732f5377 
000001cc 634170706c54 
000001d2 706d735f5274 
000001d8 655f54797065 
000001de 2e68707000 
000001e3 000000          279 	.byte	0,0,0
000001e6 2e2e2f736f75    280 	.strz	"../source/SwcApplTpms/SilaX.hpp"
000001ec 7263652f5377 
000001f2 634170706c54 
000001f8 706d732f5369 
000001fe 6c61582e6870 
00000204 7000 
00000206 000000          281 	.byte	0,0,0
00000209 00              282 	.byte	0
                         283 .Ldw_lpro_end:
                         284 	.section	.debug_macinfo
                         285 .Ldw_macinfo_begin:
                         286 	.section	.debug_frame
                         287 .LDW_4bda408:
00000000 00000000*       288 	.word	.LDW_unq_2-.LDW_unq_1
                         289 .LDW_unq_1:
00000004 ffffffff        290 	.byte	255,255,255,255
00000008 01              291 	.byte	1
00000009 00              292 	.byte	0
0000000a 01              293 	.byte	1
0000000b 01              294 	.byte	1
0000000c 1f              295 	.byte	31
0000000d 0c              296 	.byte	12
0000000e 03              297 	.byte	3
0000000f 00              298 	.byte	0
00000010 07              299 	.byte	7
00000011 00              300 	.byte	0
00000012 07              301 	.byte	7
00000013 01              302 	.byte	1
00000014 07              303 	.byte	7
00000015 02              304 	.byte	2
00000016 07              305 	.byte	7
00000017 03              306 	.byte	3
00000018 07              307 	.byte	7
00000019 04              308 	.byte	4
0000001a 07              309 	.byte	7
0000001b 05              310 	.byte	5
0000001c 07              311 	.byte	7
0000001d 06              312 	.byte	6
0000001e 07              313 	.byte	7
0000001f 07              314 	.byte	7
00000020 07              315 	.byte	7
00000021 08              316 	.byte	8
00000022 07              317 	.byte	7
00000023 09              318 	.byte	9
00000024 07              319 	.byte	7
00000025 0a              320 	.byte	10
00000026 07              321 	.byte	7
00000027 0b              322 	.byte	11
00000028 07              323 	.byte	7
00000029 0c              324 	.byte	12
0000002a 07              325 	.byte	7
0000002b 0d              326 	.byte	13
0000002c 07              327 	.byte	7
0000002d 0e              328 	.byte	14
0000002e 07              329 	.byte	7

                                                                      Page 8
                                                              C:\Users\nhuliyap\AppData\Local\Temp\gh_0000afk1.s
0000002f 0f              330 	.byte	15
00000030 07              331 	.byte	7
00000031 10              332 	.byte	16
00000032 07              333 	.byte	7
00000033 11              334 	.byte	17
00000034 07              335 	.byte	7
00000035 12              336 	.byte	18
00000036 07              337 	.byte	7
00000037 13              338 	.byte	19
00000038 08              339 	.byte	8
00000039 14              340 	.byte	20
0000003a 08              341 	.byte	8
0000003b 15              342 	.byte	21
0000003c 08              343 	.byte	8
0000003d 16              344 	.byte	22
0000003e 08              345 	.byte	8
0000003f 17              346 	.byte	23
00000040 08              347 	.byte	8
00000041 18              348 	.byte	24
00000042 08              349 	.byte	8
00000043 19              350 	.byte	25
00000044 08              351 	.byte	8
00000045 1a              352 	.byte	26
00000046 08              353 	.byte	8
00000047 1b              354 	.byte	27
00000048 08              355 	.byte	8
00000049 1c              356 	.byte	28
0000004a 08              357 	.byte	8
0000004b 1d              358 	.byte	29
0000004c 07              359 	.byte	7
0000004d 1e              360 	.byte	30
0000004e 08              361 	.byte	8
0000004f 1f              362 	.byte	31
00000050 07              363 	.byte	7
00000051 20              364 	.byte	32
00000052 07              365 	.byte	7
00000053 21              366 	.byte	33
00000054 07              367 	.byte	7
00000055 22              368 	.byte	34
00000056 07              369 	.byte	7
00000057 23              370 	.byte	35
00000058 07              371 	.byte	7
00000059 24              372 	.byte	36
0000005a 07              373 	.byte	7
0000005b 25              374 	.byte	37
0000005c 07              375 	.byte	7
0000005d 26              376 	.byte	38
0000005e 07              377 	.byte	7
0000005f 27              378 	.byte	39
00000060 07              379 	.byte	7
00000061 28              380 	.byte	40
00000062 07              381 	.byte	7
00000063 29              382 	.byte	41
00000064 07              383 	.byte	7
00000065 2a              384 	.byte	42
00000066 07              385 	.byte	7
00000067 2b              386 	.byte	43
00000068 07              387 	.byte	7
00000069 2c              388 	.byte	44
0000006a 07              389 	.byte	7
0000006b 2d              390 	.byte	45

                                                                      Page 9
                                                              C:\Users\nhuliyap\AppData\Local\Temp\gh_0000afk1.s
0000006c 07              391 	.byte	7
0000006d 2e              392 	.byte	46
0000006e 07              393 	.byte	7
0000006f 2f              394 	.byte	47
00000070 07              395 	.byte	7
00000071 30              396 	.byte	48
00000072 07              397 	.byte	7
00000073 31              398 	.byte	49
00000074 07              399 	.byte	7
00000075 32              400 	.byte	50
00000076 07              401 	.byte	7
00000077 33              402 	.byte	51
00000078 07              403 	.byte	7
00000079 34              404 	.byte	52
0000007a 07              405 	.byte	7
0000007b 35              406 	.byte	53
0000007c 07              407 	.byte	7
0000007d 36              408 	.byte	54
0000007e 07              409 	.byte	7
0000007f 37              410 	.byte	55
00000080 07              411 	.byte	7
00000081 38              412 	.byte	56
00000082 07              413 	.byte	7
00000083 39              414 	.byte	57
00000084 07              415 	.byte	7
00000085 3a              416 	.byte	58
00000086 07              417 	.byte	7
00000087 3b              418 	.byte	59
00000088 07              419 	.byte	7
00000089 3c              420 	.byte	60
0000008a 07              421 	.byte	7
0000008b 3d              422 	.byte	61
0000008c 07              423 	.byte	7
0000008d 3e              424 	.byte	62
0000008e 07              425 	.byte	7
0000008f 3f              426 	.byte	63
                         427 .LDW_unq_2:
                         428 	.section	.debug_info
                         429 .LDW_4106d18:
00000096 45              430 	.byte	69
00000097 01              431 	.byte	1
                         432 
                         433 	.section	.debug_abbrev
00000017 45              434 	.byte	69
00000018 15              435 	.byte	21
00000019 01              436 	.byte	1
0000001a 270c            437 	.byte	39,12
0000001c 0000            438 	.byte	0,0
                         439 
                         440 	.section	.debug_info
00000098 00              441 	.byte	0
                         442 
                         443 .LDW_4106f80:
00000099 45              444 	.byte	69
0000009a 01              445 	.byte	1
                         446 
                         447 .LDW_4101700:
0000009b 12              448 	.byte	18
0000009c 00000000*       449 	.word	.LDW_414ef80
000000a0 00              450 	.byte	0
                         451 

                                                                      Page 10
                                                              C:\Users\nhuliyap\AppData\Local\Temp\gh_0000afk1.s
                         452 	.section	.debug_abbrev
0000001e 12              453 	.byte	18
0000001f 05              454 	.byte	5
00000020 00              455 	.byte	0
00000021 4910            456 	.byte	73,16
00000023 4b0c            457 	.byte	75,12
00000025 0000            458 	.byte	0,0
                         459 
                         460 	.section	.debug_info
000000a1 00              461 	.byte	0
                         462 
                         463 .LDW_4107060:
000000a2 44              464 	.byte	68
000000a3 00000000*       465 	.word	.LDW_414ef80
000000a7 01              466 	.byte	1
                         467 
                         468 	.section	.debug_abbrev
00000027 44              469 	.byte	68
00000028 15              470 	.byte	21
00000029 01              471 	.byte	1
0000002a 4910            472 	.byte	73,16
0000002c 270c            473 	.byte	39,12
0000002e 0000            474 	.byte	0,0
                         475 
                         476 	.section	.debug_info
000000a8 00              477 	.byte	0
                         478 
                         479 .LDW_4107098:
000000a9 45              480 	.byte	69
000000aa 01              481 	.byte	1
                         482 
000000ab 00              483 	.byte	0
                         484 
                         485 .LDW_41071b0:
000000ac 25              486 	.byte	37
000000ad 696e7400        487 	.strz	"int"
000000b1 05              488 	.byte	5
000000b2 04              489 	.byte	4
                         490 
                         491 	.section	.debug_abbrev
00000030 25              492 	.byte	37
00000031 24              493 	.byte	36
00000032 00              494 	.byte	0
00000033 0308            495 	.byte	3,8
00000035 3e0b            496 	.byte	62,11
00000037 0b0b            497 	.byte	11,11
00000039 0000            498 	.byte	0,0
                         499 
                         500 	.section	.debug_info
                         501 .LDW_414ee30:
000000b3 2e              502 	.byte	46
000000b4 00              503 	.byte	0
000000b5 04              504 	.byte	4
000000b6 0d              505 	.byte	13
000000b7 0c              506 	.byte	12
000000b8 01              507 	.byte	1
000000b9 01              508 	.byte	1
                         509 
                         510 	.section	.debug_abbrev
0000003b 2e              511 	.byte	46
0000003c 04              512 	.byte	4

                                                                      Page 11
                                                              C:\Users\nhuliyap\AppData\Local\Temp\gh_0000afk1.s
0000003d 01              513 	.byte	1
0000003e 0308            514 	.byte	3,8
00000040 3b0f            515 	.byte	59,15
00000042 390f            516 	.byte	57,15
00000044 3a0f            517 	.byte	58,15
00000046 0b0f            518 	.byte	11,15
00000048 320b            519 	.byte	50,11
0000004a 0000            520 	.byte	0,0
                         521 
                         522 	.section	.debug_info
                         523 .LDW_414ee80:
000000ba 2d              524 	.byte	45
000000bb 53494c415f53    525 	.strz	"SILA_STATE_CHECK"
000000c1 544154455f43 
000000c7 4845434b00 
000000cc 05              526 	.byte	5
000000cd 07              527 	.byte	7
000000ce 0c              528 	.byte	12
000000cf 00              529 	.byte	0
                         530 
                         531 	.section	.debug_abbrev
0000004c 2d              532 	.byte	45
0000004d 28              533 	.byte	40
0000004e 00              534 	.byte	0
0000004f 0308            535 	.byte	3,8
00000051 3b0f            536 	.byte	59,15
00000053 390f            537 	.byte	57,15
00000055 3a0f            538 	.byte	58,15
00000057 1c0d            539 	.byte	28,13
00000059 0000            540 	.byte	0,0
                         541 
                         542 	.section	.debug_info
                         543 .LDW_414eec0:
000000d0 2d              544 	.byte	45
000000d1 53494c415f53    545 	.strz	"SILA_STATE_NORMAL_OFF"
000000d7 544154455f4e 
000000dd 4f524d414c5f 
000000e3 4f464600 
000000e7 06              546 	.byte	6
000000e8 07              547 	.byte	7
000000e9 0c              548 	.byte	12
000000ea 09              549 	.byte	9
                         550 
                         551 .LDW_414ef00:
000000eb 2d              552 	.byte	45
000000ec 53494c415f53    553 	.strz	"SILA_STATE_PERMANENT_ON"
000000f2 544154455f50 
000000f8 45524d414e45 
000000fe 4e545f4f4e00 
00000104 07              554 	.byte	7
00000105 07              555 	.byte	7
00000106 0c              556 	.byte	12
00000107 0a              557 	.byte	10
                         558 
                         559 .LDW_414ef40:
00000108 2d              560 	.byte	45
00000109 53494c415f53    561 	.strz	"SILA_STATE_MALFUNCTIONFLASH"
0000010f 544154455f4d 
00000115 414c46554e43 
0000011b 54494f4e464c 
00000121 41534800 

                                                                      Page 12
                                                              C:\Users\nhuliyap\AppData\Local\Temp\gh_0000afk1.s
00000125 08              562 	.byte	8
00000126 07              563 	.byte	7
00000127 0c              564 	.byte	12
00000128 0b              565 	.byte	11
                         566 
00000129 00              567 	.byte	0
                         568 
                         569 .LDW_414ef80:
0000012a 28              570 	.byte	40
0000012b 7453696c6153    571 	.strz	"tSilaStateType"
00000131 746174655479 
00000137 706500 
0000013a 09              572 	.byte	9
0000013b 02              573 	.byte	2
0000013c 0c              574 	.byte	12
0000013d 00000000*       575 	.word	.LDW_414ee30
                         576 
                         577 	.section	.debug_abbrev
0000005b 28              578 	.byte	40
0000005c 16              579 	.byte	22
0000005d 00              580 	.byte	0
0000005e 0308            581 	.byte	3,8
00000060 3b0f            582 	.byte	59,15
00000062 390f            583 	.byte	57,15
00000064 3a0f            584 	.byte	58,15
00000066 4910            585 	.byte	73,16
00000068 0000            586 	.byte	0,0
                         587 
                         588 	.section	.debug_info
                         589 .LDW_4c02a28:
00000141 04              590 	.byte	4
00000142 756353696c61    591 	.strz	"ucSilaState"
00000148 537461746500 
0000014e 07              592 	.byte	7
0000014f 17              593 	.byte	23
00000150 01              594 	.byte	1
00000151 00000000*       595 	.word	.LDW_414ef80
00000155 00              596 	.byte	0
00000156 00              597 	.byte	0
00000157 0503            598 	.byte	5,3
00000159 00000000*       599 	.word	_ucSilaState..C.3A.5C_ECU2.5CECU_Rivian_A1.5CTarget.5Crepo_projects.5CpRealEcu.5CcR_LATEST.5Cmake.5Coutput.5Cobjects.5Csila.
                         600 
                         601 	.section	.debug_abbrev
0000006a 04              602 	.byte	4
0000006b 34              603 	.byte	52
0000006c 00              604 	.byte	0
0000006d 0308            605 	.byte	3,8
0000006f 3b0f            606 	.byte	59,15
00000071 390f            607 	.byte	57,15
00000073 3a0f            608 	.byte	58,15
00000075 4910            609 	.byte	73,16
00000077 3f0c            610 	.byte	63,12
00000079 3c0c            611 	.byte	60,12
0000007b 020a            612 	.byte	2,10
0000007d 0000            613 	.byte	0,0
                         614 
                         615 	.section	.debug_info
                         616 .LDW_4c021e8:
0000015d 04              617 	.byte	4
0000015e 756353696c61    618 	.strz	"ucSilaStateOut"
00000164 53746174654f 

                                                                      Page 13
                                                              C:\Users\nhuliyap\AppData\Local\Temp\gh_0000afk1.s
0000016a 757400 
0000016d 08              619 	.byte	8
0000016e 17              620 	.byte	23
0000016f 01              621 	.byte	1
00000170 00000000*       622 	.word	.LDW_414ef80
00000174 00              623 	.byte	0
00000175 00              624 	.byte	0
00000176 0503            625 	.byte	5,3
00000178 00000000*       626 	.word	_ucSilaStateOut..C.3A.5C_ECU2.5CECU_Rivian_A1.5CTarget.5Crepo_projects.5CpRealEcu.5CcR_LATEST.5Cmake.5Coutput.5Cobjects.5Csila.
                         627 
                         628 .LDW_4c023a0:
0000017c 04              629 	.byte	4
0000017d 756353696c61    630 	.strz	"ucSilaStateInt"
00000183 537461746549 
00000189 6e7400 
0000018c 09              631 	.byte	9
0000018d 17              632 	.byte	23
0000018e 01              633 	.byte	1
0000018f 00000000*       634 	.word	.LDW_414ef80
00000193 00              635 	.byte	0
00000194 00              636 	.byte	0
00000195 0503            637 	.byte	5,3
00000197 00000000*       638 	.word	_ucSilaStateInt..C.3A.5C_ECU2.5CECU_Rivian_A1.5CTarget.5Crepo_projects.5CpRealEcu.5CcR_LATEST.5Cmake.5Coutput.5Cobjects.5Csila.
                         639 
                         640 .LDW_414ed98:
0000019b 13              641 	.byte	19
0000019c 53696c61496e    642 	.strz	"SilaInit"
000001a2 697400 
000001a5 0b              643 	.byte	11
000001a6 06              644 	.byte	6
000001a7 01              645 	.byte	1
000001a8 00000000*       646 	.word	_SilaInit
000001ac 00000000*       647 	.word	___ghs_eofn_SilaInit
000001b0 0153            648 	.byte	1,83
000001b2 02              649 	.byte	2
000001b3 00              650 	.byte	0
000001b4 02              651 	.byte	2
000001b5 00              652 	.byte	0
000001b6 00              653 	.byte	0
000001b7 00              654 	.byte	0
000001b8 00              655 	.byte	0
000001b9 01              656 	.byte	1
000001ba 01              657 	.byte	1
000001bb 00              658 	.byte	0
000001bc 01              659 	.byte	1
                         660 
                         661 	.section	.debug_abbrev
0000007f 13              662 	.byte	19
00000080 2e              663 	.byte	46
00000081 01              664 	.byte	1
00000082 0308            665 	.byte	3,8
00000084 3b0f            666 	.byte	59,15
00000086 390f            667 	.byte	57,15
00000088 3a0f            668 	.byte	58,15
0000008a 1101            669 	.byte	17,1
0000008c 1201            670 	.byte	18,1
0000008e 400a            671 	.byte	64,10
00000090 8341            672 	.byte	131,65
00000092 0f              673 	.byte	15
00000093 8741            674 	.byte	135,65
00000095 0d              675 	.byte	13

                                                                      Page 14
                                                              C:\Users\nhuliyap\AppData\Local\Temp\gh_0000afk1.s
00000096 8541            676 	.byte	133,65
00000098 0f              677 	.byte	15
00000099 8641            678 	.byte	134,65
0000009b 0d              679 	.byte	13
0000009c 9241            680 	.byte	146,65
0000009e 0f              681 	.byte	15
0000009f 3c0c            682 	.byte	60,12
000000a1 200b            683 	.byte	32,11
000000a3 3f0c            684 	.byte	63,12
000000a5 320b            685 	.byte	50,11
000000a7 4c0b            686 	.byte	76,11
000000a9 270c            687 	.byte	39,12
000000ab 0000            688 	.byte	0,0
                         689 
                         690 	.section	.debug_frame
                         691 .LDW_4c019b8:
00000090 00000000*       692 	.word	.LDW_unq_4-.LDW_unq_3
                         693 .LDW_unq_3:
00000094 00000000*       694 	.word	.LDW_4bda408
00000098 00000000*       695 	.word	_SilaInit
0000009c 00000000*       696 	.word	___ghs_eofn_SilaInit-_SilaInit
000000a0 01              697 	.byte	1
000000a1 00000000*       698 	.word	.LDW11
000000a5 00              699 	.byte	0
000000a6 00              700 	.byte	0
000000a7 00              701 	.byte	0
                         702 .LDW_unq_4:
                         703 	.section	.debug_line
0000020a 000502          704 	.byte	0,5,2
0000020d 00000000*       705 	.word	_SilaInit
00000211 03              706 	.byte	3
00000212 0a              707 	.byte	10
00000213 02              708 	.byte	2
00000214 00              709 	.byte	0
00000215 01              710 	.byte	1
00000216 06              711 	.byte	6
00000217 000502          712 	.byte	0,5,2
0000021a 00000000*       713 	.word	.LDWlin1
0000021e 0b              714 	.byte	11
0000021f 1b              715 	.byte	27
00000220 13              716 	.byte	19
00000221 13              717 	.byte	19
00000222 02              718 	.byte	2
00000223 02              719 	.byte	2
00000224 000101          720 	.byte	0,1,1
                         721 	.section	.debug_info
                         722 .LDW_4101880:
000001bd 1d              723 	.byte	29
000001be 00000000*       724 	.word	.LDW01
000001c2 00000000*       725 	.word	.LDW11
                         726 
                         727 	.section	.debug_abbrev
000000ad 1d              728 	.byte	29
000000ae 0b              729 	.byte	11
000000af 01              730 	.byte	1
000000b0 1101            731 	.byte	17,1
000000b2 1201            732 	.byte	18,1
000000b4 0000            733 	.byte	0,0
                         734 
                         735 	.section	.debug_info
000001c6 00              736 	.byte	0

                                                                      Page 15
                                                              C:\Users\nhuliyap\AppData\Local\Temp\gh_0000afk1.s
                         737 
000001c7 00              738 	.byte	0
                         739 
                         740 .LDW_414dc40:
000001c8 13              741 	.byte	19
000001c9 53696c615075    742 	.strz	"SilaPutState"
000001cf 745374617465 
000001d5 00 
000001d6 11              743 	.byte	17
000001d7 06              744 	.byte	6
000001d8 01              745 	.byte	1
000001d9 00000000*       746 	.word	_SilaPutState
000001dd 00000000*       747 	.word	___ghs_eofn_SilaPutState
000001e1 0153            748 	.byte	1,83
000001e3 02              749 	.byte	2
000001e4 00              750 	.byte	0
000001e5 02              751 	.byte	2
000001e6 00              752 	.byte	0
000001e7 00              753 	.byte	0
000001e8 00              754 	.byte	0
000001e9 00              755 	.byte	0
000001ea 01              756 	.byte	1
000001eb 01              757 	.byte	1
000001ec 00              758 	.byte	0
000001ed 01              759 	.byte	1
                         760 
                         761 	.section	.debug_frame
                         762 .LDW_4c01638:
000000a8 00000000*       763 	.word	.LDW_unq_6-.LDW_unq_5
                         764 .LDW_unq_5:
000000ac 00000000*       765 	.word	.LDW_4bda408
000000b0 00000000*       766 	.word	_SilaPutState
000000b4 00000000*       767 	.word	___ghs_eofn_SilaPutState-_SilaPutState
000000b8 01              768 	.byte	1
000000b9 00000000*       769 	.word	.LDW31
000000bd 00              770 	.byte	0
000000be 00              771 	.byte	0
000000bf 00              772 	.byte	0
                         773 .LDW_unq_6:
                         774 	.section	.debug_line
00000227 000502          775 	.byte	0,5,2
0000022a 00000000*       776 	.word	_SilaPutState
0000022e 03              777 	.byte	3
0000022f 11              778 	.byte	17
00000230 02              779 	.byte	2
00000231 00              780 	.byte	0
00000232 01              781 	.byte	1
00000233 06              782 	.byte	6
00000234 000502          783 	.byte	0,5,2
00000237 00000000*       784 	.word	.LDWlin2
0000023b 0b              785 	.byte	11
0000023c 000502          786 	.byte	0,5,2
0000023f 00000000*       787 	.word	.LDWlin3
00000243 02              788 	.byte	2
00000244 00              789 	.byte	0
00000245 0b              790 	.byte	11
00000246 0b              791 	.byte	11
00000247 0b              792 	.byte	11
00000248 1b              793 	.byte	27
00000249 02              794 	.byte	2
0000024a 00              795 	.byte	0

                                                                      Page 16
                                                              C:\Users\nhuliyap\AppData\Local\Temp\gh_0000afk1.s
0000024b 0b              796 	.byte	11
0000024c 02              797 	.byte	2
0000024d 02              798 	.byte	2
0000024e 000101          799 	.byte	0,1,1
                         800 	.section	.debug_info
                         801 .LDW_414dcd8:
000001ee 0f              802 	.byte	15
000001ef 756353746174    803 	.strz	"ucState"
000001f5 6500 
000001f7 12              804 	.byte	18
000001f8 13              805 	.byte	19
000001f9 01              806 	.byte	1
000001fa 00000000*       807 	.word	.LDW_414ef80
000001fe 00              808 	.byte	0
000001ff 0156            809 	.byte	1,86
                         810 
                         811 	.section	.debug_abbrev
000000b6 0f              812 	.byte	15
000000b7 05              813 	.byte	5
000000b8 00              814 	.byte	0
000000b9 0308            815 	.byte	3,8
000000bb 3b0f            816 	.byte	59,15
000000bd 390f            817 	.byte	57,15
000000bf 3a0f            818 	.byte	58,15
000000c1 4910            819 	.byte	73,16
000000c3 4b0c            820 	.byte	75,12
000000c5 020a            821 	.byte	2,10
000000c7 0000            822 	.byte	0,0
                         823 
                         824 	.section	.debug_info
                         825 .LDW_41019d0:
00000201 1d              826 	.byte	29
00000202 00000000*       827 	.word	.LDW21
00000206 00000000*       828 	.word	.LDW31
                         829 
0000020a 00              830 	.byte	0
                         831 
0000020b 00              832 	.byte	0
                         833 
                         834 .LDW_414dd30:
0000020c 14              835 	.byte	20
0000020d 53696c614765    836 	.strz	"SilaGetState"
00000213 745374617465 
00000219 00 
0000021a 1a              837 	.byte	26
0000021b 10              838 	.byte	16
0000021c 01              839 	.byte	1
0000021d 00000000*       840 	.word	.LDW_414ef80
00000221 00000000*       841 	.word	_SilaGetState
00000225 00000000*       842 	.word	___ghs_eofn_SilaGetState
00000229 0153            843 	.byte	1,83
0000022b 02              844 	.byte	2
0000022c 00              845 	.byte	0
0000022d 02              846 	.byte	2
0000022e 00              847 	.byte	0
0000022f 00              848 	.byte	0
00000230 00              849 	.byte	0
00000231 00              850 	.byte	0
00000232 01              851 	.byte	1
00000233 01              852 	.byte	1
00000234 00              853 	.byte	0

                                                                      Page 17
                                                              C:\Users\nhuliyap\AppData\Local\Temp\gh_0000afk1.s
00000235 01              854 	.byte	1
                         855 
                         856 	.section	.debug_abbrev
000000c9 14              857 	.byte	20
000000ca 2e              858 	.byte	46
000000cb 01              859 	.byte	1
000000cc 0308            860 	.byte	3,8
000000ce 3b0f            861 	.byte	59,15
000000d0 390f            862 	.byte	57,15
000000d2 3a0f            863 	.byte	58,15
000000d4 4910            864 	.byte	73,16
000000d6 1101            865 	.byte	17,1
000000d8 1201            866 	.byte	18,1
000000da 400a            867 	.byte	64,10
000000dc 8341            868 	.byte	131,65
000000de 0f              869 	.byte	15
000000df 8741            870 	.byte	135,65
000000e1 0d              871 	.byte	13
000000e2 8541            872 	.byte	133,65
000000e4 0f              873 	.byte	15
000000e5 8641            874 	.byte	134,65
000000e7 0d              875 	.byte	13
000000e8 9241            876 	.byte	146,65
000000ea 0f              877 	.byte	15
000000eb 3c0c            878 	.byte	60,12
000000ed 200b            879 	.byte	32,11
000000ef 3f0c            880 	.byte	63,12
000000f1 320b            881 	.byte	50,11
000000f3 4c0b            882 	.byte	76,11
000000f5 270c            883 	.byte	39,12
000000f7 0000            884 	.byte	0,0
                         885 
                         886 	.section	.debug_frame
                         887 .LDW_4c00f78:
000000c0 00000000*       888 	.word	.LDW_unq_8-.LDW_unq_7
                         889 .LDW_unq_7:
000000c4 00000000*       890 	.word	.LDW_4bda408
000000c8 00000000*       891 	.word	_SilaGetState
000000cc 00000000*       892 	.word	___ghs_eofn_SilaGetState-_SilaGetState
000000d0 01              893 	.byte	1
000000d1 00000000*       894 	.word	.LDW51
000000d5 00              895 	.byte	0
000000d6 00              896 	.byte	0
000000d7 00              897 	.byte	0
                         898 .LDW_unq_8:
                         899 	.section	.debug_line
00000251 000502          900 	.byte	0,5,2
00000254 00000000*       901 	.word	_SilaGetState
00000258 06              902 	.byte	6
00000259 03              903 	.byte	3
0000025a 1a              904 	.byte	26
0000025b 02              905 	.byte	2
0000025c 00              906 	.byte	0
0000025d 01              907 	.byte	1
0000025e 06              908 	.byte	6
0000025f 000502          909 	.byte	0,5,2
00000262 00000000*       910 	.word	.LDWlin4
00000266 02              911 	.byte	2
00000267 00              912 	.byte	0
00000268 02              913 	.byte	2
00000269 02              914 	.byte	2

                                                                      Page 18
                                                              C:\Users\nhuliyap\AppData\Local\Temp\gh_0000afk1.s
0000026a 000101          915 	.byte	0,1,1
                         916 	.section	.debug_info
                         917 .LDW_41015e0:
00000236 1d              918 	.byte	29
00000237 00000000*       919 	.word	.LDW41
0000023b 00000000*       920 	.word	.LDW51
                         921 
0000023f 00              922 	.byte	0
                         923 
00000240 00              924 	.byte	0
                         925 
                         926 .LDW_414ddc8:
00000241 13              927 	.byte	19
00000242 53696c615461    928 	.strz	"SilaTask"
00000248 736b00 
0000024b 1e              929 	.byte	30
0000024c 07              930 	.byte	7
0000024d 01              931 	.byte	1
0000024e 00000000*       932 	.word	_SilaTask
00000252 00000000*       933 	.word	___ghs_eofn_SilaTask
00000256 0153            934 	.byte	1,83
00000258 02              935 	.byte	2
00000259 00              936 	.byte	0
0000025a 02              937 	.byte	2
0000025b 00              938 	.byte	0
0000025c 00              939 	.byte	0
0000025d 00              940 	.byte	0
0000025e 00              941 	.byte	0
0000025f 01              942 	.byte	1
00000260 01              943 	.byte	1
00000261 00              944 	.byte	0
00000262 01              945 	.byte	1
                         946 
                         947 	.section	.debug_frame
                         948 .LDW_4c011b8:
000000d8 00000000*       949 	.word	.LDW_unq_a-.LDW_unq_9
                         950 .LDW_unq_9:
000000dc 00000000*       951 	.word	.LDW_4bda408
000000e0 00000000*       952 	.word	_SilaTask
000000e4 00000000*       953 	.word	___ghs_eofn_SilaTask-_SilaTask
000000e8 01              954 	.byte	1
000000e9 00000000*       955 	.word	.LDW71
000000ed 00              956 	.byte	0
000000ee 00              957 	.byte	0
000000ef 00              958 	.byte	0
                         959 .LDW_unq_a:
                         960 	.section	.debug_line
0000026d 000502          961 	.byte	0,5,2
00000270 00000000*       962 	.word	_SilaTask
00000274 03              963 	.byte	3
00000275 1d              964 	.byte	29
00000276 02              965 	.byte	2
00000277 00              966 	.byte	0
00000278 01              967 	.byte	1
00000279 06              968 	.byte	6
0000027a 000502          969 	.byte	0,5,2
0000027d 00000000*       970 	.word	.LDWlin5
00000281 0b              971 	.byte	11
00000282 000502          972 	.byte	0,5,2
00000285 00000000*       973 	.word	.LDWlin6
00000289 0b              974 	.byte	11

                                                                      Page 19
                                                              C:\Users\nhuliyap\AppData\Local\Temp\gh_0000afk1.s
0000028a 02              975 	.byte	2
0000028b 02              976 	.byte	2
0000028c 000101          977 	.byte	0,1,1
                         978 	.section	.debug_info
                         979 .LDW_4101610:
00000263 1d              980 	.byte	29
00000264 00000000*       981 	.word	.LDW61
00000268 00000000*       982 	.word	.LDW71
                         983 
0000026c 00              984 	.byte	0
                         985 
0000026d 00              986 	.byte	0
                         987 
0000026e 00              988 	.byte	0
                         989 
                         990 	.section	.debug_line
                         991 .Ldw_line_end:
                         992 	.section	.debug_macinfo
00000000 01              993 	.byte	1
00000001 00              994 	.byte	0
00000002 5f5f6768735f    995 	.strz	"__ghs__ 1"
00000008 5f203100 
0000000c 01              996 	.byte	1
0000000d 00              997 	.byte	0
0000000e 5f5f4c4c4f4e    998 	.strz	"__LLONG_BIT 64"
00000014 475f42495420 
0000001a 363400 
0000001d 03              999 	.byte	3
0000001e 00             1000 	.byte	0
0000001f 01             1001 	.byte	1
00000020 03             1002 	.byte	3
00000021 01             1003 	.byte	1
00000022 02             1004 	.byte	2
00000023 03             1005 	.byte	3
00000024 1c             1006 	.byte	28
00000025 03             1007 	.byte	3
00000026 01             1008 	.byte	1
00000027 3c             1009 	.byte	60
00000028 545255452031   1010 	.strz	"TRUE 1u"
0000002e 7500 
00000030 01             1011 	.byte	1
00000031 40             1012 	.byte	64
00000032 46414c534520   1013 	.strz	"FALSE 0u"
00000038 307500 
0000003b 04             1014 	.byte	4
0000003c 03             1015 	.byte	3
0000003d 1d             1016 	.byte	29
0000003e 04             1017 	.byte	4
0000003f 03             1018 	.byte	3
00000040 1b             1019 	.byte	27
00000041 05             1020 	.byte	5
00000042 03             1021 	.byte	3
00000043 54             1022 	.byte	84
00000044 06             1023 	.byte	6
00000045 04             1024 	.byte	4
00000046 04             1025 	.byte	4
00000047 04             1026 	.byte	4
00000048 04             1027 	.byte	4
00000049 03             1028 	.byte	3
0000004a 03             1029 	.byte	3
0000004b 07             1030 	.byte	7

                                                                      Page 20
                                                              C:\Users\nhuliyap\AppData\Local\Temp\gh_0000afk1.s
0000004c 03             1031 	.byte	3
0000004d 04             1032 	.byte	4
0000004e 08             1033 	.byte	8
0000004f 03             1034 	.byte	3
00000050 04             1035 	.byte	4
00000051 09             1036 	.byte	9
00000052 04             1037 	.byte	4
00000053 01             1038 	.byte	1
00000054 0e             1039 	.byte	14
00000055 50524f445543   1040 	.strz	"PRODUCTION_SW 0x0"
0000005b 54494f4e5f53 
00000061 572030783000 
00000067 01             1041 	.byte	1
00000068 0f             1042 	.byte	15
00000069 444556454c4f   1043 	.strz	"DEVELOPMENT_SW 0x1"
0000006f 504d454e545f 
00000075 535720307831 
0000007b 00 
0000007c 01             1044 	.byte	1
0000007d 10             1045 	.byte	16
0000007e 53575f434154   1046 	.strz	"SW_CATEGORY PRODUCTION_SW"
00000084 45474f525920 
0000008a 50524f445543 
00000090 54494f4e5f53 
00000096 5700 
00000098 04             1047 	.byte	4
00000099 01             1048 	.byte	1
0000009a 06             1049 	.byte	6
0000009b 4d41585f5349   1050 	.strz	"MAX_SIZE_WS_TELEGRAM 16U"
000000a1 5a455f57535f 
000000a7 54454c454752 
000000ad 414d20313655 
000000b3 00 
000000b4 01             1051 	.byte	1
000000b5 0e             1052 	.byte	14
000000b6 4e564d5f424c   1053 	.strz	"NVM_BLOCK_TYPE uint32"
000000bc 4f434b5f5459 
000000c2 50452075696e 
000000c8 74333200 
000000cc 04             1054 	.byte	4
000000cd 03             1055 	.byte	3
000000ce 04             1056 	.byte	4
000000cf 0a             1057 	.byte	10
000000d0 03             1058 	.byte	3
000000d1 06             1059 	.byte	6
000000d2 0b             1060 	.byte	11
000000d3 04             1061 	.byte	4
000000d4 01             1062 	.byte	1
000000d5 08             1063 	.byte	8
000000d6 535441544943   1064 	.strz	"STATIC static"
000000dc 207374617469 
000000e2 6300 
000000e4 01             1065 	.byte	1
000000e5 18             1066 	.byte	24
000000e6 53454e534f52   1067 	.strz	"SENSOR_AUFLOESUNG_25MBAR "
000000ec 5f4155464c4f 
000000f2 4553554e475f 
000000f8 32354d424152 
000000fe 2000 
00000100 04             1068 	.byte	4
00000101 03             1069 	.byte	3

                                                                      Page 21
                                                              C:\Users\nhuliyap\AppData\Local\Temp\gh_0000afk1.s
00000102 05             1070 	.byte	5
00000103 0c             1071 	.byte	12
00000104 04             1072 	.byte	4
00000105 04             1073 	.byte	4
00000106 00             1074 	.byte	0
                        1075 	.section	.debug_abbrev
000000f9 00             1076 	.byte	0
                        1077 	.section	.debug_info
                        1078 .Ldw_end:
                        1079 .rh850_flags REGMODE32,DATA_ALIGN8,GP_FIX,EP_NONFIX,TP_FIX,REG2_RESERVE,G3K,GHS_MISALIGN,SDA_EXTRA_REGS_0
