                                                                      Page 1
                                                              C:\Users\nhuliyap\AppData\Local\Temp\gh_00004b81.s
Command Line: C:\ghs\comp_201517\ease850.exe -w -elf -b0 -I../source/common -I../source/ProjectCompiler -I../source/ProjectCfg -I../source/SwcApplTpms -I../source/SwcApplEcuM -I../source/SwcServiceBswM -I../source/SwcServiceEcuM -I../source/SwcServiceNvM -I../source/SwcServiceOs -I../source/SwcServiceStartUp -I../source/McalAdc -I../source/McalDio -I../source/McalGpt -I../source/McalMcu -I../source/McalWdg -I../source/wrappers -I../source/wrappers/McalAta -I../source/McalLin -I../source/McalCan -I../source/wrappers/OS -I../source/McalFls -I../source/EcuabFee -I../source/EcuabMemIf -I../source/wrappers/VStdLib -I../source/wrappers/Crc -I../source/wrappers/FBL_APPL -I../source/wrappers/NVM_MANAGER -I../source/wrappers/DEM_MANAGER -I../source/wrappers/RDC_MANAGER -I../source/wrappers/ENV_MANAGER -I../source/wrappers/SYS_MANAGER -I../source/wrappers/EcuabCanIf -I../source/EcuabCanTrcv -I../source/wrappers/SwcServiceCanSM -I../source/wrappers/SwcServiceCanTp -I../source/wrappers/SwcServiceCanTp_PreCompile -I../source/wrappers/SwcServiceCom -I../source/wrappers/SwcServiceComM -I../source/wrappers/SwcServiceDcm -I../source/wrappers/SwcServicePduR -I../source/wrappers/SwcServiceEcuM -I../source/wrappers/Bfx -I../source/wrappers/SwcServiceDem -I../source/SwcServiceCom -I../source/SwcServiceDet -I../source/SwcServiceFiM -I../source/SwcServicePduR -I../source/SwcServiceSchM -I../source/wrappers/LibAutosarDiag -I../source/wrappers/rba_BswSrv -IC:\ghs\comp_201517\lib\rh850 -cg_underscore -cpu=rh850g3k -no_v850_simd -rh850_fpsimd=none -nomacro -patch_dbo=C:\_ECU2\ECU_Rivian_A1\Target\repo_projects\pRealEcu\cR_LATEST\make\output\objects\SwcServiceStartUp.dbo -source=SwcServiceStartUp.c -o output\objects\gh_00004b81.o -list=output\list\SwcServiceStartUp.lst C:\Users\nhuliyap\AppData\Local\Temp\gh_00004b81.s 
Original File: C:\Users\nhuliyap\AppData\Local\Temp\gh_00004b81.s
Source File: SwcServiceStartUp.c
Directory: C:\_ECU2\ECU_Rivian_A1\Target\repo_projects\pRealEcu\cR_LATEST\make
Host OS: Windows
EASE: Copyright (C) 1983-2015 Green Hills Software.  All Rights Reserved.
Release: Compiler v2015.1.7
Build Directory: [Directory] BTOWORKER6:c:/build_2015_1_bto/2015-10-21.2100-2015_1_bto/win32-comp-ecom
Revision: [VCInfo] http://toolsvc/branches/release-branch-70-bto/src@544153 (built by build)
Revision Date: Thu Oct 22 07:50:13 2015

Release Date: Thu Oct 22 09:32:32 2015

                           1 --Driver Command: ccv850 ../source/SwcServiceStartUp/SwcServiceStartUp.c
                           2 --		-cpu=rh850 -fhard -ignore_callt_state_in_interrupts -large_sda
                           3 --		-misalign_pack -nofarcalls -nofloatio -no_callt -Ogeneral
                           4 --		-Onounroll -prepare_dispose -registermode=32 -reserve_r2 -sda=0
                           5 --		-shorten_loads -Wshadow --brief_diagnostics --no_commons
                           6 --		--no_wrap_diagnostics --prototype_errors --short_enum -list -G
                           7 --		-dual_debug -dwarf -X5523 -lnk=-no_xda_modifications -D
                           8 --		NOT_READY_FOR_TESTING_OR_DEPLOYMENT -D IBTCM_SW_ANPASSUNGEN -D
                           9 --		BUILD_RIVIAN -c -inline_prologue -I../source/common
                          10 --		-I../source/ProjectCompiler -I../source/ProjectCfg
                          11 --		-I../source/SwcApplTpms -I../source/SwcApplEcuM
                          12 --		-I../source/SwcServiceBswM -I../source/SwcServiceEcuM
                          13 --		-I../source/SwcServiceNvM -I../source/SwcServiceOs
                          14 --		-I../source/SwcServiceStartUp -I../source/McalAdc
                          15 --		-I../source/McalDio -I../source/McalGpt -I../source/McalMcu
                          16 --		-I../source/McalWdg -I../source/wrappers
                          17 --		-I../source/wrappers/McalAta -I../source/McalLin
                          18 --		-I../source/McalCan -I../source/wrappers/OS -I../source/McalFls
                          19 --		-I../source/EcuabFee -I../source/EcuabMemIf
                          20 --		-I../source/wrappers/VStdLib -I../source/wrappers
                          21 --		-I../source/wrappers/Crc -I../source/wrappers/FBL_APPL
                          22 --		-I../source/wrappers/NVM_MANAGER -I../source/wrappers/DEM_MANAGER
                          23 --		-I../source/wrappers/RDC_MANAGER -I../source/wrappers/ENV_MANAGER
                          24 --		-I../source/wrappers/SYS_MANAGER -I../source/wrappers/EcuabCanIf
                          25 --		-I../source/EcuabCanTrcv -I../source/wrappers/SwcServiceCanSM
                          26 --		-I../source/wrappers/SwcServiceCanTp
                          27 --		-I../source/wrappers/SwcServiceCanTp_PreCompile
                          28 --		-I../source/wrappers/SwcServiceCom
                          29 --		-I../source/wrappers/SwcServiceComM
                          30 --		-I../source/wrappers/SwcServiceDcm
                          31 --		-I../source/wrappers/SwcServicePduR
                          32 --		-I../source/wrappers/SwcServiceEcuM -I../source/wrappers/Bfx
                          33 --		-I../source/wrappers/SwcServiceDem -I../source/SwcServiceCom
                          34 --		-I../source/SwcServiceDet -I../source/SwcServiceFiM
                          35 --		-I../source/SwcServicePduR -I../source/SwcServiceSchM
                          36 --		-I../source/wrappers/LibAutosarDiag
                          37 --		-I../source/wrappers/rba_BswSrv -object_dir=output/objects
                          38 --		-list_dir=output/list
                          39 --Source File:   ../source/SwcServiceStartUp/SwcServiceStartUp.c
                          40 --Directory:     
                          41 --		C:\_ECU2\ECU_Rivian_A1\Target\repo_projects\pRealEcu\cR_LATEST\make
                          42 --Compile Date:  Fri Sep 15 14:16:13 2023
                          43 --Host OS:       Win32
                          44 --Version:       C-RH850 2015.1.7 RELEASE VERSION
                          45 --Release:       Compiler v2015.1.7
                          46 --Revision Date: Thu Oct 22 08:06:12 2015
                          47 --Release Date:  Thu Oct 22 09:34:32 2015
                          48 -- ecom  -g -w -OM
                          49 	.text
                          50 ..bof.C.3A.5C_ECU2.5CECU_Rivian_A1.5CTarget.5Crepo_projects.5CpRealEcu.5CcR_LATEST.5Cmake.5Coutput.5Cobjects.5CSwcServiceStartUp...43.3A.5C_ECU2.5CECU_Rivian_A1.5CTarget.5Crepo_projects.5CpRealEcu.5CcR_LATEST.5Cmake..65044B0D..0::

                                                                      Page 2
                                                              C:\Users\nhuliyap\AppData\Local\Temp\gh_00004b81.s
                          51 	.align	2
                          52 ..gh.f.f.1.e.0:
                          53 	.type	..gh.f.f.1.e.0,@object
                          54 	.size	..gh.f.f.1.e.0,0
                          55 	.global	_main
                          56 _main:
00000000 80072100         57 	prepare	{r31},0
                          58 --	    .bf
                          59 .LDW01:
                          60 	jarl	_infMcalGptSwcApplEcuM_InitFunction,lp
                          60 <EXPANSION BEGIN>
                          60 jarl22 _infMcalGptSwcApplEcuM_InitFunction , lp 
00000004 80ff0000*        60 <EXPANSION END>
                          61 --line68
                          62 ..lin.C.3A.5C_ECU2.5CECU_Rivian_A1.5CTarget.5Crepo_projects.5CpRealEcu.5CcR_LATEST.5Cmake.5Coutput.5Cobjects.5CSwcServiceStartUp.1::
                          63 .LDWlin1:
                          64 	jarl	_infSwcServiceOsSwcApplEcuM_InitFunction,lp
                          64 <EXPANSION BEGIN>
                          64 jarl22 _infSwcServiceOsSwcApplEcuM_InitFunction , lp 
00000008 80ff0000*        64 <EXPANSION END>
                          65 --line69
                          66 ..lin.C.3A.5C_ECU2.5CECU_Rivian_A1.5CTarget.5Crepo_projects.5CpRealEcu.5CcR_LATEST.5Cmake.5Coutput.5Cobjects.5CSwcServiceStartUp.2::
                          67 .LDWlin2:
                          68 	jarl	_infMcalDioSwcApplEcuM_vInitFunction,lp
                          68 <EXPANSION BEGIN>
                          68 jarl22 _infMcalDioSwcApplEcuM_vInitFunction , lp 
0000000c 80ff0000*        68 <EXPANSION END>
                          69 --line70
                          70 ..lin.C.3A.5C_ECU2.5CECU_Rivian_A1.5CTarget.5Crepo_projects.5CpRealEcu.5CcR_LATEST.5Cmake.5Coutput.5Cobjects.5CSwcServiceStartUp.3::
                          71 .LDWlin3:
                          72 	jarl	_infMcalAdcSwcApplEcuM_vInitFunction,lp
                          72 <EXPANSION BEGIN>
                          72 jarl22 _infMcalAdcSwcApplEcuM_vInitFunction , lp 
00000010 80ff0000*        72 <EXPANSION END>
                          73 --line71
                          74 ..lin.C.3A.5C_ECU2.5CECU_Rivian_A1.5CTarget.5Crepo_projects.5CpRealEcu.5CcR_LATEST.5Cmake.5Coutput.5Cobjects.5CSwcServiceStartUp.4::
                          75 .LDWlin4:
                          76 	jarl	_infMcalMcuSwcApplEcuM_InitFunction,lp
                          76 <EXPANSION BEGIN>
                          76 jarl22 _infMcalMcuSwcApplEcuM_InitFunction , lp 
00000014 80ff0000*        76 <EXPANSION END>
                          77 --line72
                          78 ..lin.C.3A.5C_ECU2.5CECU_Rivian_A1.5CTarget.5Crepo_projects.5CpRealEcu.5CcR_LATEST.5Cmake.5Coutput.5Cobjects.5CSwcServiceStartUp.5::
                          79 .LDWlin5:
                          80 	jarl	_infMcalWdgSwcApplEcuM_InitFunction,lp
                          80 <EXPANSION BEGIN>
                          80 jarl22 _infMcalWdgSwcApplEcuM_InitFunction , lp 
00000018 80ff0000*        80 <EXPANSION END>
                          81 --line73
                          82 ..lin.C.3A.5C_ECU2.5CECU_Rivian_A1.5CTarget.5Crepo_projects.5CpRealEcu.5CcR_LATEST.5Cmake.5Coutput.5Cobjects.5CSwcServiceStartUp.6::
                          83 .LDWlin6:
                          84 	jarl	_infSwcServiceNvMSwcApplEcuM_InitFunction,lp
                          84 <EXPANSION BEGIN>
                          84 jarl22 _infSwcServiceNvMSwcApplEcuM_InitFunction , lp 
0000001c 80ff0000*        84 <EXPANSION END>
                          85 --line74
                          86 ..lin.C.3A.5C_ECU2.5CECU_Rivian_A1.5CTarget.5Crepo_projects.5CpRealEcu.5CcR_LATEST.5Cmake.5Coutput.5Cobjects.5CSwcServiceStartUp.7::
                          87 .LDWlin7:
                          88 	jarl	_infSwcServiceEcuMSwcServiceStartUp_InitFunction,lp
                          88 <EXPANSION BEGIN>
                          88 jarl22 _infSwcServiceEcuMSwcServiceStartUp_InitFunction , lp 

                                                                      Page 3
                                                              C:\Users\nhuliyap\AppData\Local\Temp\gh_00004b81.s
00000020 80ff0000*        88 <EXPANSION END>
                          89 --	    .ef
                          90 .LDW11:
                          91 --line75
                          92 ..lin.C.3A.5C_ECU2.5CECU_Rivian_A1.5CTarget.5Crepo_projects.5CpRealEcu.5CcR_LATEST.5Cmake.5Coutput.5Cobjects.5CSwcServiceStartUp.8::
                          93 .LDWlin8:
00000024 40063f00         94 	dispose	0,{r31},[lp]
                          95 	.global	___ghs_eofn_main
                          96 ___ghs_eofn_main:
                          97 	.type	_main,@function
                          98 	.size	_main,.-_main
                          99 	.align	2
                         100 
                         101 	.section ".bss","awb"
                         102 .L33:
                         103 	.type	.L33,@object
                         104 	.size	.L33,0
                         105 	.data
                         106 	.text
                         107 	.align	2
                         108 
                         109 	.data
                         110 	.ghsnote version,17
                         111 	.ghsnote tools,3
                         112 	.ghsnote options,144
                         113 	.text
                         114 	.align	2
                         115 ..eof.C.3A.5C_ECU2.5CECU_Rivian_A1.5CTarget.5Crepo_projects.5CpRealEcu.5CcR_LATEST.5Cmake.5Coutput.5Cobjects.5CSwcServiceStartUp...43.3A.5C_ECU2.5CECU_Rivian_A1.5CTarget.5Crepo_projects.5CpRealEcu.5CcR_LATEST.5Cmake..65044B0D..0::
                         116 	.section	.debug_info
                         117 .Ldw_begin:
00000000 87020000        118 	.word	.Ldw_end-.Ldw_begin-4
00000004 0200            119 	.byte	2,0
00000006 00000000*       120 	.word	.Ldw_abbr_begin
0000000a 04              121 	.byte	4
                         122 	.section	.debug_abbrev
                         123 .Ldw_abbr_begin:
                         124 	.section	.debug_info
0000000b 01              125 	.byte	1
0000000c 00000000*       126 	.word	..bof.C.3A.5C_ECU2.5CECU_Rivian_A1.5CTarget.5Crepo_projects.5CpRealEcu.5CcR_LATEST.5Cmake.5Coutput.5Cobjects.5CSwcServiceStartUp...43.3A.5C_ECU2.5CECU_Rivian_A1.5CTarget.5Crepo_projects.5CpRealEcu.5CcR_LATEST.5Cmake..65044B0D..0
00000010 00000000*       127 	.word	..eof.C.3A.5C_ECU2.5CECU_Rivian_A1.5CTarget.5Crepo_projects.5CpRealEcu.5CcR_LATEST.5Cmake.5Coutput.5Cobjects.5CSwcServiceStartUp...43.3A.5C_ECU2.5CECU_Rivian_A1.5CTarget.5Crepo_projects.5CpRealEcu.5CcR_LATEST.5Cmake..65044B0D..0
00000014 2e2e2f736f75    128 	.strz	"../source/SwcServiceStartUp/SwcServiceStartUp.c"
0000001a 7263652f5377 
00000020 635365727669 
00000026 636553746172 
0000002c 7455702f5377 
00000032 635365727669 
00000038 636553746172 
0000003e 7455702e6300 
00000044 433a5c5f4543    129 	.strz	"C:\\_ECU2\\ECU_Rivian_A1\\Target\\repo_projects\\pRealEcu\\cR_LATEST\\make"
0000004a 55325c454355 
00000050 5f5269766961 
00000056 6e5f41315c54 
0000005c 61726765745c 
00000062 7265706f5f70 
00000068 726f6a656374 
0000006e 735c70526561 
00000074 6c4563755c63 
0000007a 525f4c415445 
00000080 53545c6d616b 
00000086 6500 
00000088 474853204320    130 	.strz	"GHS C 2015.1.7 [dual]"

                                                                      Page 4
                                                              C:\Users\nhuliyap\AppData\Local\Temp\gh_00004b81.s
0000008e 323031352e31 
00000094 2e37205b6475 
0000009a 616c5d00 
0000009e 0100            131 	.byte	1,0
000000a0 00000000*       132 	.word	.Ldw_line_begin
000000a4 00000000*       133 	.word	.Ldw_macinfo_begin
000000a8 00              134 	.byte	0
                         135 
                         136 	.section	.debug_abbrev
00000000 01              137 	.byte	1
00000001 11              138 	.byte	17
00000002 01              139 	.byte	1
00000003 1101            140 	.byte	17,1
00000005 1201            141 	.byte	18,1
00000007 0308            142 	.byte	3,8
00000009 1b08            143 	.byte	27,8
0000000b 2508            144 	.byte	37,8
0000000d 1305            145 	.byte	19,5
0000000f 1006            146 	.byte	16,6
00000011 4306            147 	.byte	67,6
00000013 420b            148 	.byte	66,11
00000015 0000            149 	.byte	0,0
                         150 
                         151 	.section	.debug_line
                         152 .Ldw_line_begin:
00000000 c6040000        153 	.word	.Ldw_line_end-.Ldw_line_begin-4
00000004 0200            154 	.byte	2,0
00000006 00000000*       155 	.word	.Ldw_lpro_end-.Ldw_lpro_begin
                         156 .Ldw_lpro_begin:
0000000a 01              157 	.byte	1
0000000b 00              158 	.byte	0
0000000c 00              159 	.byte	0
0000000d 04              160 	.byte	4
0000000e 0a              161 	.byte	10
0000000f 000101          162 	.byte	0,1,1
00000012 010100          163 	.byte	1,1,0
00000015 000001          164 	.byte	0,0,1
00000018 00              165 	.byte	0
00000019 2e2e2f736f75    166 	.strz	"../source/SwcServiceStartUp/SwcServiceStartUp.c"
0000001f 7263652f5377 
00000025 635365727669 
0000002b 636553746172 
00000031 7455702f5377 
00000037 635365727669 
0000003d 636553746172 
00000043 7455702e6300 
00000049 000000          167 	.byte	0,0,0
0000004c 2e2e2f736f75    168 	.strz	"../source/common/Std_Types.hpp"
00000052 7263652f636f 
00000058 6d6d6f6e2f53 
0000005e 74645f547970 
00000064 65732e687070 
0000006a 00 
0000006b 000000          169 	.byte	0,0,0
0000006e 2e2e2f736f75    170 	.strz	"../source/common/Platform_Types.hpp"
00000074 7263652f636f 
0000007a 6d6d6f6e2f50 
00000080 6c6174666f72 
00000086 6d5f54797065 
0000008c 732e68707000 
00000092 000000          171 	.byte	0,0,0

                                                                      Page 5
                                                              C:\Users\nhuliyap\AppData\Local\Temp\gh_00004b81.s
00000095 2e2e2f736f75    172 	.strz	"../source/common/Compiler.hpp"
0000009b 7263652f636f 
000000a1 6d6d6f6e2f43 
000000a7 6f6d70696c65 
000000ad 722e68707000 
000000b3 000000          173 	.byte	0,0,0
000000b6 2e2e2f736f75    174 	.strz	"../source/ProjectCompiler/Compiler_Cfg.hpp"
000000bc 7263652f5072 
000000c2 6f6a65637443 
000000c8 6f6d70696c65 
000000ce 722f436f6d70 
000000d4 696c65725f43 
000000da 66672e687070 
000000e0 00 
000000e1 000000          175 	.byte	0,0,0
000000e4 2e2e2f736f75    176 	.strz	"../source/ProjectCompiler/CompilerCfg_SwcServiceOs.hpp"
000000ea 7263652f5072 
000000f0 6f6a65637443 
000000f6 6f6d70696c65 
000000fc 722f436f6d70 
00000102 696c65724366 
00000108 675f53776353 
0000010e 657276696365 
00000114 4f732e687070 
0000011a 00 
0000011b 000000          177 	.byte	0,0,0
0000011e 2e2e2f736f75    178 	.strz	"../source/SwcServiceStartUp/SwcServiceStartUp.hpp"
00000124 7263652f5377 
0000012a 635365727669 
00000130 636553746172 
00000136 7455702f5377 
0000013c 635365727669 
00000142 636553746172 
00000148 7455702e6870 
0000014e 7000 
00000150 000000          179 	.byte	0,0,0
00000153 2e2e2f736f75    180 	.strz	"../source/McalAdc/infMcalAdcSwcApplEcuM.hpp"
00000159 7263652f4d63 
0000015f 616c4164632f 
00000165 696e664d6361 
0000016b 6c4164635377 
00000171 634170706c45 
00000177 63754d2e6870 
0000017d 7000 
0000017f 000000          181 	.byte	0,0,0
00000182 2e2e2f736f75    182 	.strz	"../source/ProjectCompiler/CompilerCfg_McalAdc.hpp"
00000188 7263652f5072 
0000018e 6f6a65637443 
00000194 6f6d70696c65 
0000019a 722f436f6d70 
000001a0 696c65724366 
000001a6 675f4d63616c 
000001ac 4164632e6870 
000001b2 7000 
000001b4 000000          183 	.byte	0,0,0
000001b7 2e2e2f736f75    184 	.strz	"../source/McalDio/infMcalDioSwcApplEcuM.hpp"
000001bd 7263652f4d63 
000001c3 616c44696f2f 
000001c9 696e664d6361 
000001cf 6c44696f5377 
000001d5 634170706c45 

                                                                      Page 6
                                                              C:\Users\nhuliyap\AppData\Local\Temp\gh_00004b81.s
000001db 63754d2e6870 
000001e1 7000 
000001e3 000000          185 	.byte	0,0,0
000001e6 2e2e2f736f75    186 	.strz	"../source/ProjectCompiler/CompilerCfg_McalDio.hpp"
000001ec 7263652f5072 
000001f2 6f6a65637443 
000001f8 6f6d70696c65 
000001fe 722f436f6d70 
00000204 696c65724366 
0000020a 675f4d63616c 
00000210 44696f2e6870 
00000216 7000 
00000218 000000          187 	.byte	0,0,0
0000021b 2e2e2f736f75    188 	.strz	"../source/McalGpt/infMcalGptSwcApplEcuM.hpp"
00000221 7263652f4d63 
00000227 616c4770742f 
0000022d 696e664d6361 
00000233 6c4770745377 
00000239 634170706c45 
0000023f 63754d2e6870 
00000245 7000 
00000247 000000          189 	.byte	0,0,0
0000024a 2e2e2f736f75    190 	.strz	"../source/ProjectCompiler/CompilerCfg_McalGpt.hpp"
00000250 7263652f5072 
00000256 6f6a65637443 
0000025c 6f6d70696c65 
00000262 722f436f6d70 
00000268 696c65724366 
0000026e 675f4d63616c 
00000274 4770742e6870 
0000027a 7000 
0000027c 000000          191 	.byte	0,0,0
0000027f 2e2e2f736f75    192 	.strz	"../source/McalMcu/infMcalMcuSwcApplEcuM.hpp"
00000285 7263652f4d63 
0000028b 616c4d63752f 
00000291 696e664d6361 
00000297 6c4d63755377 
0000029d 634170706c45 
000002a3 63754d2e6870 
000002a9 7000 
000002ab 000000          193 	.byte	0,0,0
000002ae 2e2e2f736f75    194 	.strz	"../source/ProjectCompiler/CompilerCfg_McalMcu.hpp"
000002b4 7263652f5072 
000002ba 6f6a65637443 
000002c0 6f6d70696c65 
000002c6 722f436f6d70 
000002cc 696c65724366 
000002d2 675f4d63616c 
000002d8 4d63752e6870 
000002de 7000 
000002e0 000000          195 	.byte	0,0,0
000002e3 2e2e2f736f75    196 	.strz	"../source/McalWdg/infMcalWdgSwcApplEcuM.hpp"
000002e9 7263652f4d63 
000002ef 616c5764672f 
000002f5 696e664d6361 
000002fb 6c5764675377 
00000301 634170706c45 
00000307 63754d2e6870 
0000030d 7000 
0000030f 000000          197 	.byte	0,0,0
00000312 2e2e2f736f75    198 	.strz	"../source/ProjectCompiler/CompilerCfg_McalWdg.hpp"

                                                                      Page 7
                                                              C:\Users\nhuliyap\AppData\Local\Temp\gh_00004b81.s
00000318 7263652f5072 
0000031e 6f6a65637443 
00000324 6f6d70696c65 
0000032a 722f436f6d70 
00000330 696c65724366 
00000336 675f4d63616c 
0000033c 5764672e6870 
00000342 7000 
00000344 000000          199 	.byte	0,0,0
00000347 2e2e2f736f75    200 	.strz	"../source/SwcServiceEcuM/infSwcServiceEcuMSwcServiceStartUp.hpp"
0000034d 7263652f5377 
00000353 635365727669 
00000359 63654563754d 
0000035f 2f696e665377 
00000365 635365727669 
0000036b 63654563754d 
00000371 537763536572 
00000377 766963655374 
0000037d 61727455702e 
00000383 68707000 
00000387 000000          201 	.byte	0,0,0
0000038a 2e2e2f736f75    202 	.strz	"../source/ProjectCompiler/CompilerCfg_SwcServiceEcuM.hpp"
00000390 7263652f5072 
00000396 6f6a65637443 
0000039c 6f6d70696c65 
000003a2 722f436f6d70 
000003a8 696c65724366 
000003ae 675f53776353 
000003b4 657276696365 
000003ba 4563754d2e68 
000003c0 707000 
000003c3 000000          203 	.byte	0,0,0
000003c6 2e2e2f736f75    204 	.strz	"../source/SwcServiceNvM/infSwcServiceNvMSwcApplEcuM.hpp"
000003cc 7263652f5377 
000003d2 635365727669 
000003d8 63654e764d2f 
000003de 696e66537763 
000003e4 536572766963 
000003ea 654e764d5377 
000003f0 634170706c45 
000003f6 63754d2e6870 
000003fc 7000 
000003fe 000000          205 	.byte	0,0,0
00000401 2e2e2f736f75    206 	.strz	"../source/ProjectCompiler/CompilerCfg_SwcServiceNvM.hpp"
00000407 7263652f5072 
0000040d 6f6a65637443 
00000413 6f6d70696c65 
00000419 722f436f6d70 
0000041f 696c65724366 
00000425 675f53776353 
0000042b 657276696365 
00000431 4e764d2e6870 
00000437 7000 
00000439 000000          207 	.byte	0,0,0
0000043c 2e2e2f736f75    208 	.strz	"../source/SwcServiceOs/infSwcServiceOsSwcApplEcuM.hpp"
00000442 7263652f5377 
00000448 635365727669 
0000044e 63654f732f69 
00000454 6e6653776353 
0000045a 657276696365 
00000460 4f7353776341 

                                                                      Page 8
                                                              C:\Users\nhuliyap\AppData\Local\Temp\gh_00004b81.s
00000466 70706c456375 
0000046c 4d2e68707000 
00000472 000000          209 	.byte	0,0,0
00000475 00              210 	.byte	0
                         211 .Ldw_lpro_end:
                         212 	.section	.debug_macinfo
                         213 .Ldw_macinfo_begin:
                         214 	.section	.debug_frame
                         215 .LDW_4b9a238:
00000000 00000000*       216 	.word	.LDW_unq_2-.LDW_unq_1
                         217 .LDW_unq_1:
00000004 ffffffff        218 	.byte	255,255,255,255
00000008 01              219 	.byte	1
00000009 00              220 	.byte	0
0000000a 01              221 	.byte	1
0000000b 01              222 	.byte	1
0000000c 1f              223 	.byte	31
0000000d 0c              224 	.byte	12
0000000e 03              225 	.byte	3
0000000f 00              226 	.byte	0
00000010 07              227 	.byte	7
00000011 00              228 	.byte	0
00000012 07              229 	.byte	7
00000013 01              230 	.byte	1
00000014 07              231 	.byte	7
00000015 02              232 	.byte	2
00000016 07              233 	.byte	7
00000017 03              234 	.byte	3
00000018 07              235 	.byte	7
00000019 04              236 	.byte	4
0000001a 07              237 	.byte	7
0000001b 05              238 	.byte	5
0000001c 07              239 	.byte	7
0000001d 06              240 	.byte	6
0000001e 07              241 	.byte	7
0000001f 07              242 	.byte	7
00000020 07              243 	.byte	7
00000021 08              244 	.byte	8
00000022 07              245 	.byte	7
00000023 09              246 	.byte	9
00000024 07              247 	.byte	7
00000025 0a              248 	.byte	10
00000026 07              249 	.byte	7
00000027 0b              250 	.byte	11
00000028 07              251 	.byte	7
00000029 0c              252 	.byte	12
0000002a 07              253 	.byte	7
0000002b 0d              254 	.byte	13
0000002c 07              255 	.byte	7
0000002d 0e              256 	.byte	14
0000002e 07              257 	.byte	7
0000002f 0f              258 	.byte	15
00000030 07              259 	.byte	7
00000031 10              260 	.byte	16
00000032 07              261 	.byte	7
00000033 11              262 	.byte	17
00000034 07              263 	.byte	7
00000035 12              264 	.byte	18
00000036 07              265 	.byte	7
00000037 13              266 	.byte	19
00000038 08              267 	.byte	8

                                                                      Page 9
                                                              C:\Users\nhuliyap\AppData\Local\Temp\gh_00004b81.s
00000039 14              268 	.byte	20
0000003a 08              269 	.byte	8
0000003b 15              270 	.byte	21
0000003c 08              271 	.byte	8
0000003d 16              272 	.byte	22
0000003e 08              273 	.byte	8
0000003f 17              274 	.byte	23
00000040 08              275 	.byte	8
00000041 18              276 	.byte	24
00000042 08              277 	.byte	8
00000043 19              278 	.byte	25
00000044 08              279 	.byte	8
00000045 1a              280 	.byte	26
00000046 08              281 	.byte	8
00000047 1b              282 	.byte	27
00000048 08              283 	.byte	8
00000049 1c              284 	.byte	28
0000004a 08              285 	.byte	8
0000004b 1d              286 	.byte	29
0000004c 07              287 	.byte	7
0000004d 1e              288 	.byte	30
0000004e 08              289 	.byte	8
0000004f 1f              290 	.byte	31
00000050 07              291 	.byte	7
00000051 20              292 	.byte	32
00000052 07              293 	.byte	7
00000053 21              294 	.byte	33
00000054 07              295 	.byte	7
00000055 22              296 	.byte	34
00000056 07              297 	.byte	7
00000057 23              298 	.byte	35
00000058 07              299 	.byte	7
00000059 24              300 	.byte	36
0000005a 07              301 	.byte	7
0000005b 25              302 	.byte	37
0000005c 07              303 	.byte	7
0000005d 26              304 	.byte	38
0000005e 07              305 	.byte	7
0000005f 27              306 	.byte	39
00000060 07              307 	.byte	7
00000061 28              308 	.byte	40
00000062 07              309 	.byte	7
00000063 29              310 	.byte	41
00000064 07              311 	.byte	7
00000065 2a              312 	.byte	42
00000066 07              313 	.byte	7
00000067 2b              314 	.byte	43
00000068 07              315 	.byte	7
00000069 2c              316 	.byte	44
0000006a 07              317 	.byte	7
0000006b 2d              318 	.byte	45
0000006c 07              319 	.byte	7
0000006d 2e              320 	.byte	46
0000006e 07              321 	.byte	7
0000006f 2f              322 	.byte	47
00000070 07              323 	.byte	7
00000071 30              324 	.byte	48
00000072 07              325 	.byte	7
00000073 31              326 	.byte	49
00000074 07              327 	.byte	7
00000075 32              328 	.byte	50

                                                                      Page 10
                                                              C:\Users\nhuliyap\AppData\Local\Temp\gh_00004b81.s
00000076 07              329 	.byte	7
00000077 33              330 	.byte	51
00000078 07              331 	.byte	7
00000079 34              332 	.byte	52
0000007a 07              333 	.byte	7
0000007b 35              334 	.byte	53
0000007c 07              335 	.byte	7
0000007d 36              336 	.byte	54
0000007e 07              337 	.byte	7
0000007f 37              338 	.byte	55
00000080 07              339 	.byte	7
00000081 38              340 	.byte	56
00000082 07              341 	.byte	7
00000083 39              342 	.byte	57
00000084 07              343 	.byte	7
00000085 3a              344 	.byte	58
00000086 07              345 	.byte	7
00000087 3b              346 	.byte	59
00000088 07              347 	.byte	7
00000089 3c              348 	.byte	60
0000008a 07              349 	.byte	7
0000008b 3d              350 	.byte	61
0000008c 07              351 	.byte	7
0000008d 3e              352 	.byte	62
0000008e 07              353 	.byte	7
0000008f 3f              354 	.byte	63
                         355 .LDW_unq_2:
                         356 	.section	.debug_info
                         357 .LDW_17c7020:
000000a9 25              358 	.byte	37
000000aa 696e7400        359 	.strz	"int"
000000ae 05              360 	.byte	5
000000af 04              361 	.byte	4
                         362 
                         363 	.section	.debug_abbrev
00000017 25              364 	.byte	37
00000018 24              365 	.byte	36
00000019 00              366 	.byte	0
0000001a 0308            367 	.byte	3,8
0000001c 3e0b            368 	.byte	62,11
0000001e 0b0b            369 	.byte	11,11
00000020 0000            370 	.byte	0,0
                         371 
                         372 	.section	.debug_info
                         373 .LDW_17c6ca0:
000000b0 44              374 	.byte	68
000000b1 00000000*       375 	.word	.LDW_17c7020
000000b5 01              376 	.byte	1
                         377 
                         378 	.section	.debug_abbrev
00000022 44              379 	.byte	68
00000023 15              380 	.byte	21
00000024 01              381 	.byte	1
00000025 4910            382 	.byte	73,16
00000027 270c            383 	.byte	39,12
00000029 0000            384 	.byte	0,0
                         385 
                         386 	.section	.debug_info
000000b6 00              387 	.byte	0
                         388 
                         389 .LDW_17c6e60:

                                                                      Page 11
                                                              C:\Users\nhuliyap\AppData\Local\Temp\gh_00004b81.s
000000b7 45              390 	.byte	69
000000b8 01              391 	.byte	1
                         392 
                         393 	.section	.debug_abbrev
0000002b 45              394 	.byte	69
0000002c 15              395 	.byte	21
0000002d 01              396 	.byte	1
0000002e 270c            397 	.byte	39,12
00000030 0000            398 	.byte	0,0
                         399 
                         400 	.section	.debug_info
000000b9 00              401 	.byte	0
                         402 
                         403 .LDW_17c6f78:
000000ba 45              404 	.byte	69
000000bb 01              405 	.byte	1
                         406 
000000bc 00              407 	.byte	0
                         408 
                         409 .LDW_17c6fb0:
000000bd 45              410 	.byte	69
000000be 01              411 	.byte	1
                         412 
000000bf 00              413 	.byte	0
                         414 
                         415 .LDW_17c7058:
000000c0 45              416 	.byte	69
000000c1 01              417 	.byte	1
                         418 
000000c2 00              419 	.byte	0
                         420 
                         421 .LDW_17c7138:
000000c3 45              422 	.byte	69
000000c4 01              423 	.byte	1
                         424 
000000c5 00              425 	.byte	0
                         426 
                         427 .LDW_17c7170:
000000c6 45              428 	.byte	69
000000c7 01              429 	.byte	1
                         430 
000000c8 00              431 	.byte	0
                         432 
                         433 .LDW_17c72f8:
000000c9 45              434 	.byte	69
000000ca 01              435 	.byte	1
                         436 
000000cb 00              437 	.byte	0
                         438 
                         439 .LDW_17c7330:
000000cc 45              440 	.byte	69
000000cd 01              441 	.byte	1
                         442 
000000ce 00              443 	.byte	0
                         444 
                         445 .LDW_4bcdc60:
000000cf 15              446 	.byte	21
000000d0 696e664d6361    447 	.strz	"infMcalAdcSwcApplEcuM_vInitFunction"
000000d6 6c4164635377 
000000dc 634170706c45 
000000e2 63754d5f7649 

                                                                      Page 12
                                                              C:\Users\nhuliyap\AppData\Local\Temp\gh_00004b81.s
000000e8 6e697446756e 
000000ee 6374696f6e00 
000000f4 38              448 	.byte	56
000000f5 21              449 	.byte	33
000000f6 08              450 	.byte	8
000000f7 01              451 	.byte	1
000000f8 00              452 	.byte	0
000000f9 01              453 	.byte	1
000000fa 01              454 	.byte	1
000000fb 00              455 	.byte	0
000000fc 01              456 	.byte	1
                         457 
                         458 	.section	.debug_abbrev
00000032 15              459 	.byte	21
00000033 2e              460 	.byte	46
00000034 01              461 	.byte	1
00000035 0308            462 	.byte	3,8
00000037 3b0f            463 	.byte	59,15
00000039 390f            464 	.byte	57,15
0000003b 3a0f            465 	.byte	58,15
0000003d 3c0c            466 	.byte	60,12
0000003f 200b            467 	.byte	32,11
00000041 3f0c            468 	.byte	63,12
00000043 320b            469 	.byte	50,11
00000045 4c0b            470 	.byte	76,11
00000047 270c            471 	.byte	39,12
00000049 0000            472 	.byte	0,0
                         473 
                         474 	.section	.debug_info
000000fd 00              475 	.byte	0
                         476 
                         477 .LDW_4bcdcf8:
000000fe 15              478 	.byte	21
000000ff 696e664d6361    479 	.strz	"infMcalDioSwcApplEcuM_vInitFunction"
00000105 6c44696f5377 
0000010b 634170706c45 
00000111 63754d5f7649 
00000117 6e697446756e 
0000011d 6374696f6e00 
00000123 38              480 	.byte	56
00000124 21              481 	.byte	33
00000125 0a              482 	.byte	10
00000126 01              483 	.byte	1
00000127 00              484 	.byte	0
00000128 01              485 	.byte	1
00000129 01              486 	.byte	1
0000012a 00              487 	.byte	0
0000012b 01              488 	.byte	1
                         489 
0000012c 00              490 	.byte	0
                         491 
                         492 .LDW_4bcdd90:
0000012d 15              493 	.byte	21
0000012e 696e664d6361    494 	.strz	"infMcalGptSwcApplEcuM_InitFunction"
00000134 6c4770745377 
0000013a 634170706c45 
00000140 63754d5f496e 
00000146 697446756e63 
0000014c 74696f6e00 
00000151 38              495 	.byte	56
00000152 21              496 	.byte	33

                                                                      Page 13
                                                              C:\Users\nhuliyap\AppData\Local\Temp\gh_00004b81.s
00000153 0c              497 	.byte	12
00000154 01              498 	.byte	1
00000155 00              499 	.byte	0
00000156 01              500 	.byte	1
00000157 01              501 	.byte	1
00000158 00              502 	.byte	0
00000159 01              503 	.byte	1
                         504 
0000015a 00              505 	.byte	0
                         506 
                         507 .LDW_4bcde28:
0000015b 15              508 	.byte	21
0000015c 696e664d6361    509 	.strz	"infMcalMcuSwcApplEcuM_InitFunction"
00000162 6c4d63755377 
00000168 634170706c45 
0000016e 63754d5f496e 
00000174 697446756e63 
0000017a 74696f6e00 
0000017f 45              510 	.byte	69
00000180 25              511 	.byte	37
00000181 0e              512 	.byte	14
00000182 01              513 	.byte	1
00000183 00              514 	.byte	0
00000184 01              515 	.byte	1
00000185 01              516 	.byte	1
00000186 00              517 	.byte	0
00000187 01              518 	.byte	1
                         519 
00000188 00              520 	.byte	0
                         521 
                         522 .LDW_4b90858:
00000189 15              523 	.byte	21
0000018a 696e664d6361    524 	.strz	"infMcalWdgSwcApplEcuM_InitFunction"
00000190 6c5764675377 
00000196 634170706c45 
0000019c 63754d5f496e 
000001a2 697446756e63 
000001a8 74696f6e00 
000001ad 38              525 	.byte	56
000001ae 21              526 	.byte	33
000001af 10              527 	.byte	16
000001b0 01              528 	.byte	1
000001b1 00              529 	.byte	0
000001b2 01              530 	.byte	1
000001b3 01              531 	.byte	1
000001b4 00              532 	.byte	0
000001b5 01              533 	.byte	1
                         534 
000001b6 00              535 	.byte	0
                         536 
                         537 .LDW_4b908f0:
000001b7 15              538 	.byte	21
000001b8 696e66537763    539 	.strz	"infSwcServiceEcuMSwcServiceStartUp_InitFunction"
000001be 536572766963 
000001c4 654563754d53 
000001ca 776353657276 
000001d0 696365537461 
000001d6 727455705f49 
000001dc 6e697446756e 
000001e2 6374696f6e00 
000001e8 38              540 	.byte	56

                                                                      Page 14
                                                              C:\Users\nhuliyap\AppData\Local\Temp\gh_00004b81.s
000001e9 28              541 	.byte	40
000001ea 12              542 	.byte	18
000001eb 01              543 	.byte	1
000001ec 00              544 	.byte	0
000001ed 01              545 	.byte	1
000001ee 01              546 	.byte	1
000001ef 00              547 	.byte	0
000001f0 01              548 	.byte	1
                         549 
000001f1 00              550 	.byte	0
                         551 
                         552 .LDW_4b90988:
000001f2 15              553 	.byte	21
000001f3 696e66537763    554 	.strz	"infSwcServiceNvMSwcApplEcuM_InitFunction"
000001f9 536572766963 
000001ff 654e764d5377 
00000205 634170706c45 
0000020b 63754d5f496e 
00000211 697446756e63 
00000217 74696f6e00 
0000021c 38              555 	.byte	56
0000021d 27              556 	.byte	39
0000021e 14              557 	.byte	20
0000021f 01              558 	.byte	1
00000220 00              559 	.byte	0
00000221 01              560 	.byte	1
00000222 01              561 	.byte	1
00000223 00              562 	.byte	0
00000224 01              563 	.byte	1
                         564 
00000225 00              565 	.byte	0
                         566 
                         567 .LDW_4b90a20:
00000226 15              568 	.byte	21
00000227 696e66537763    569 	.strz	"infSwcServiceOsSwcApplEcuM_InitFunction"
0000022d 536572766963 
00000233 654f73537763 
00000239 4170706c4563 
0000023f 754d5f496e69 
00000245 7446756e6374 
0000024b 696f6e00 
0000024f 38              570 	.byte	56
00000250 26              571 	.byte	38
00000251 16              572 	.byte	22
00000252 01              573 	.byte	1
00000253 00              574 	.byte	0
00000254 01              575 	.byte	1
00000255 01              576 	.byte	1
00000256 00              577 	.byte	0
00000257 01              578 	.byte	1
                         579 
00000258 00              580 	.byte	0
                         581 
                         582 .LDW_1808ff8:
00000259 14              583 	.byte	20
0000025a 6d61696e00      584 	.strz	"main"
0000025f 42              585 	.byte	66
00000260 01              586 	.byte	1
00000261 01              587 	.byte	1
00000262 00000000*       588 	.word	.LDW_17c7020
00000266 00000000*       589 	.word	_main

                                                                      Page 15
                                                              C:\Users\nhuliyap\AppData\Local\Temp\gh_00004b81.s
0000026a 00000000*       590 	.word	___ghs_eofn_main
0000026e 0153            591 	.byte	1,83
00000270 8280808008      592 	.byte	130,128,128,128,8
00000275 04              593 	.byte	4
00000276 03              594 	.byte	3
00000277 04              595 	.byte	4
00000278 00              596 	.byte	0
00000279 00              597 	.byte	0
0000027a 00              598 	.byte	0
0000027b 01              599 	.byte	1
0000027c 01              600 	.byte	1
0000027d 00              601 	.byte	0
0000027e 01              602 	.byte	1
                         603 
                         604 	.section	.debug_abbrev
0000004b 14              605 	.byte	20
0000004c 2e              606 	.byte	46
0000004d 01              607 	.byte	1
0000004e 0308            608 	.byte	3,8
00000050 3b0f            609 	.byte	59,15
00000052 390f            610 	.byte	57,15
00000054 3a0f            611 	.byte	58,15
00000056 4910            612 	.byte	73,16
00000058 1101            613 	.byte	17,1
0000005a 1201            614 	.byte	18,1
0000005c 400a            615 	.byte	64,10
0000005e 8341            616 	.byte	131,65
00000060 0f              617 	.byte	15
00000061 8741            618 	.byte	135,65
00000063 0d              619 	.byte	13
00000064 8541            620 	.byte	133,65
00000066 0f              621 	.byte	15
00000067 8641            622 	.byte	134,65
00000069 0d              623 	.byte	13
0000006a 9241            624 	.byte	146,65
0000006c 0f              625 	.byte	15
0000006d 3c0c            626 	.byte	60,12
0000006f 200b            627 	.byte	32,11
00000071 3f0c            628 	.byte	63,12
00000073 320b            629 	.byte	50,11
00000075 4c0b            630 	.byte	76,11
00000077 270c            631 	.byte	39,12
00000079 0000            632 	.byte	0,0
                         633 
                         634 	.section	.debug_frame
                         635 .LDW_4bce458:
00000090 00000000*       636 	.word	.LDW_unq_4-.LDW_unq_3
                         637 .LDW_unq_3:
00000094 00000000*       638 	.word	.LDW_4b9a238
00000098 00000000*       639 	.word	_main
0000009c 00000000*       640 	.word	___ghs_eofn_main-_main
000000a0 44              641 	.byte	68
000000a1 9f              642 	.byte	159
000000a2 00              643 	.byte	0
000000a3 01              644 	.byte	1
000000a4 00000000*       645 	.word	.LDW11
000000a8 44              646 	.byte	68
000000a9 df              647 	.byte	223
000000aa 00              648 	.byte	0
000000ab 00              649 	.byte	0
                         650 .LDW_unq_4:

                                                                      Page 16
                                                              C:\Users\nhuliyap\AppData\Local\Temp\gh_00004b81.s
                         651 	.section	.debug_line
00000476 000502          652 	.byte	0,5,2
00000479 00000000*       653 	.word	_main
0000047d 03              654 	.byte	3
0000047e c100            655 	.byte	193,0
00000480 02              656 	.byte	2
00000481 00              657 	.byte	0
00000482 01              658 	.byte	1
00000483 06              659 	.byte	6
00000484 1b              660 	.byte	27
00000485 000502          661 	.byte	0,5,2
00000488 00000000*       662 	.word	.LDWlin1
0000048c 0b              663 	.byte	11
0000048d 000502          664 	.byte	0,5,2
00000490 00000000*       665 	.word	.LDWlin2
00000494 0b              666 	.byte	11
00000495 000502          667 	.byte	0,5,2
00000498 00000000*       668 	.word	.LDWlin3
0000049c 0b              669 	.byte	11
0000049d 000502          670 	.byte	0,5,2
000004a0 00000000*       671 	.word	.LDWlin4
000004a4 0b              672 	.byte	11
000004a5 000502          673 	.byte	0,5,2
000004a8 00000000*       674 	.word	.LDWlin5
000004ac 0b              675 	.byte	11
000004ad 000502          676 	.byte	0,5,2
000004b0 00000000*       677 	.word	.LDWlin6
000004b4 0b              678 	.byte	11
000004b5 000502          679 	.byte	0,5,2
000004b8 00000000*       680 	.word	.LDWlin7
000004bc 0b              681 	.byte	11
000004bd 000502          682 	.byte	0,5,2
000004c0 00000000*       683 	.word	.LDWlin8
000004c4 0b              684 	.byte	11
000004c5 02              685 	.byte	2
000004c6 04              686 	.byte	4
000004c7 000101          687 	.byte	0,1,1
                         688 	.section	.debug_info
                         689 .LDW_17c1480:
0000027f 1d              690 	.byte	29
00000280 00000000*       691 	.word	.LDW01
00000284 00000000*       692 	.word	.LDW11
                         693 
                         694 	.section	.debug_abbrev
0000007b 1d              695 	.byte	29
0000007c 0b              696 	.byte	11
0000007d 01              697 	.byte	1
0000007e 1101            698 	.byte	17,1
00000080 1201            699 	.byte	18,1
00000082 0000            700 	.byte	0,0
                         701 
                         702 	.section	.debug_info
00000288 00              703 	.byte	0
                         704 
00000289 00              705 	.byte	0
                         706 
0000028a 00              707 	.byte	0
                         708 
                         709 	.section	.debug_line
                         710 .Ldw_line_end:
                         711 	.section	.debug_macinfo

                                                                      Page 17
                                                              C:\Users\nhuliyap\AppData\Local\Temp\gh_00004b81.s
00000000 01              712 	.byte	1
00000001 00              713 	.byte	0
00000002 5f5f6768735f    714 	.strz	"__ghs__ 1"
00000008 5f203100 
0000000c 01              715 	.byte	1
0000000d 00              716 	.byte	0
0000000e 5f5f4c4c4f4e    717 	.strz	"__LLONG_BIT 64"
00000014 475f42495420 
0000001a 363400 
0000001d 03              718 	.byte	3
0000001e 00              719 	.byte	0
0000001f 01              720 	.byte	1
00000020 03              721 	.byte	3
00000021 1a              722 	.byte	26
00000022 02              723 	.byte	2
00000023 03              724 	.byte	3
00000024 1c              725 	.byte	28
00000025 03              726 	.byte	3
00000026 04              727 	.byte	4
00000027 03              728 	.byte	3
00000028 1d              729 	.byte	29
00000029 04              730 	.byte	4
0000002a 03              731 	.byte	3
0000002b 1b              732 	.byte	27
0000002c 05              733 	.byte	5
0000002d 03              734 	.byte	3
0000002e 54              735 	.byte	84
0000002f 06              736 	.byte	6
00000030 04              737 	.byte	4
00000031 04              738 	.byte	4
00000032 01              739 	.byte	1
00000033 34              740 	.byte	52
00000034 46554e432872    741 	.strz	"FUNC(rettype,memclass) rettype"
0000003a 657474797065 
00000040 2c6d656d636c 
00000046 617373292072 
0000004c 657474797065 
00000052 00 
00000053 04              742 	.byte	4
00000054 04              743 	.byte	4
00000055 03              744 	.byte	3
00000056 1c              745 	.byte	28
00000057 07              746 	.byte	7
00000058 01              747 	.byte	1
00000059 1f              748 	.byte	31
0000005a 4f535f4d4149    749 	.strz	"OS_MAIN() int main(void)"
00000060 4e282920696e 
00000066 74206d61696e 
0000006c 28766f696429 
00000072 00 
00000073 04              750 	.byte	4
00000074 03              751 	.byte	3
00000075 1e              752 	.byte	30
00000076 08              753 	.byte	8
00000077 03              754 	.byte	3
00000078 1b              755 	.byte	27
00000079 09              756 	.byte	9
0000007a 04              757 	.byte	4
0000007b 04              758 	.byte	4
0000007c 03              759 	.byte	3
0000007d 1f              760 	.byte	31

                                                                      Page 18
                                                              C:\Users\nhuliyap\AppData\Local\Temp\gh_00004b81.s
0000007e 0a              761 	.byte	10
0000007f 03              762 	.byte	3
00000080 1b              763 	.byte	27
00000081 0b              764 	.byte	11
00000082 04              765 	.byte	4
00000083 04              766 	.byte	4
00000084 03              767 	.byte	3
00000085 20              768 	.byte	32
00000086 0c              769 	.byte	12
00000087 03              770 	.byte	3
00000088 1b              771 	.byte	27
00000089 0d              772 	.byte	13
0000008a 04              773 	.byte	4
0000008b 04              774 	.byte	4
0000008c 03              775 	.byte	3
0000008d 21              776 	.byte	33
0000008e 0e              777 	.byte	14
0000008f 03              778 	.byte	3
00000090 1b              779 	.byte	27
00000091 0f              780 	.byte	15
00000092 04              781 	.byte	4
00000093 04              782 	.byte	4
00000094 03              783 	.byte	3
00000095 22              784 	.byte	34
00000096 10              785 	.byte	16
00000097 03              786 	.byte	3
00000098 1b              787 	.byte	27
00000099 11              788 	.byte	17
0000009a 04              789 	.byte	4
0000009b 04              790 	.byte	4
0000009c 03              791 	.byte	3
0000009d 23              792 	.byte	35
0000009e 12              793 	.byte	18
0000009f 03              794 	.byte	3
000000a0 1b              795 	.byte	27
000000a1 13              796 	.byte	19
000000a2 04              797 	.byte	4
000000a3 04              798 	.byte	4
000000a4 03              799 	.byte	3
000000a5 24              800 	.byte	36
000000a6 14              801 	.byte	20
000000a7 03              802 	.byte	3
000000a8 1b              803 	.byte	27
000000a9 15              804 	.byte	21
000000aa 04              805 	.byte	4
000000ab 04              806 	.byte	4
000000ac 03              807 	.byte	3
000000ad 25              808 	.byte	37
000000ae 16              809 	.byte	22
000000af 04              810 	.byte	4
000000b0 04              811 	.byte	4
000000b1 00              812 	.byte	0
                         813 	.section	.debug_abbrev
00000084 00              814 	.byte	0
                         815 	.section	.debug_info
                         816 .Ldw_end:
                         817 .rh850_flags REGMODE32,DATA_ALIGN8,GP_FIX,EP_NONFIX,TP_FIX,REG2_RESERVE,G3K,GHS_MISALIGN,SDA_EXTRA_REGS_0
