                                                                      Page 1
                                                              C:\Users\nhuliyap\AppData\Local\Temp\gh_00002e81.s
Command Line: C:\ghs\comp_201517\ease850.exe -w -elf -b0 -I../source/common -I../source/ProjectCompiler -I../source/ProjectCfg -I../source/SwcApplTpms -I../source/SwcApplEcuM -I../source/SwcServiceBswM -I../source/SwcServiceEcuM -I../source/SwcServiceNvM -I../source/SwcServiceOs -I../source/SwcServiceStartUp -I../source/McalAdc -I../source/McalDio -I../source/McalGpt -I../source/McalMcu -I../source/McalWdg -I../source/wrappers -I../source/wrappers/McalAta -I../source/McalLin -I../source/McalCan -I../source/wrappers/OS -I../source/McalFls -I../source/EcuabFee -I../source/EcuabMemIf -I../source/wrappers/VStdLib -I../source/wrappers/Crc -I../source/wrappers/FBL_APPL -I../source/wrappers/NVM_MANAGER -I../source/wrappers/DEM_MANAGER -I../source/wrappers/RDC_MANAGER -I../source/wrappers/ENV_MANAGER -I../source/wrappers/SYS_MANAGER -I../source/wrappers/EcuabCanIf -I../source/EcuabCanTrcv -I../source/wrappers/SwcServiceCanSM -I../source/wrappers/SwcServiceCanTp -I../source/wrappers/SwcServiceCanTp_PreCompile -I../source/wrappers/SwcServiceCom -I../source/wrappers/SwcServiceComM -I../source/wrappers/SwcServiceDcm -I../source/wrappers/SwcServicePduR -I../source/wrappers/SwcServiceEcuM -I../source/wrappers/Bfx -I../source/wrappers/SwcServiceDem -I../source/SwcServiceCom -I../source/SwcServiceDet -I../source/SwcServiceFiM -I../source/SwcServicePduR -I../source/SwcServiceSchM -I../source/wrappers/LibAutosarDiag -I../source/wrappers/rba_BswSrv -IC:\ghs\comp_201517\lib\rh850 -cg_underscore -cpu=rh850g3k -no_v850_simd -rh850_fpsimd=none -nomacro -patch_dbo=C:\_ECU2\ECU_Rivian_A1\Target\repo_projects\pRealEcu\cR_LATEST\make\output\objects\TmsManager.dbo -source=TmsManager.c -o output\objects\gh_00002e81.o -list=output\list\TmsManager.lst C:\Users\nhuliyap\AppData\Local\Temp\gh_00002e81.s 
Original File: C:\Users\nhuliyap\AppData\Local\Temp\gh_00002e81.s
Source File: TmsManager.c
Directory: C:\_ECU2\ECU_Rivian_A1\Target\repo_projects\pRealEcu\cR_LATEST\make
Host OS: Windows
EASE: Copyright (C) 1983-2015 Green Hills Software.  All Rights Reserved.
Release: Compiler v2015.1.7
Build Directory: [Directory] BTOWORKER6:c:/build_2015_1_bto/2015-10-21.2100-2015_1_bto/win32-comp-ecom
Revision: [VCInfo] http://toolsvc/branches/release-branch-70-bto/src@544153 (built by build)
Revision Date: Thu Oct 22 07:50:13 2015

Release Date: Thu Oct 22 09:32:32 2015

                           1 --Driver Command: ccv850 ../source/SwcApplTpms/TmsManager.c -cpu=rh850 -fhard
                           2 --		-ignore_callt_state_in_interrupts -large_sda -misalign_pack
                           3 --		-nofarcalls -nofloatio -no_callt -Ogeneral -Onounroll
                           4 --		-prepare_dispose -registermode=32 -reserve_r2 -sda=0
                           5 --		-shorten_loads -Wshadow --brief_diagnostics --no_commons
                           6 --		--no_wrap_diagnostics --prototype_errors --short_enum -list -G
                           7 --		-dual_debug -dwarf -X5523 -lnk=-no_xda_modifications -D
                           8 --		NOT_READY_FOR_TESTING_OR_DEPLOYMENT -D IBTCM_SW_ANPASSUNGEN -D
                           9 --		BUILD_RIVIAN -c -inline_prologue -I../source/common
                          10 --		-I../source/ProjectCompiler -I../source/ProjectCfg
                          11 --		-I../source/SwcApplTpms -I../source/SwcApplEcuM
                          12 --		-I../source/SwcServiceBswM -I../source/SwcServiceEcuM
                          13 --		-I../source/SwcServiceNvM -I../source/SwcServiceOs
                          14 --		-I../source/SwcServiceStartUp -I../source/McalAdc
                          15 --		-I../source/McalDio -I../source/McalGpt -I../source/McalMcu
                          16 --		-I../source/McalWdg -I../source/wrappers
                          17 --		-I../source/wrappers/McalAta -I../source/McalLin
                          18 --		-I../source/McalCan -I../source/wrappers/OS -I../source/McalFls
                          19 --		-I../source/EcuabFee -I../source/EcuabMemIf
                          20 --		-I../source/wrappers/VStdLib -I../source/wrappers
                          21 --		-I../source/wrappers/Crc -I../source/wrappers/FBL_APPL
                          22 --		-I../source/wrappers/NVM_MANAGER -I../source/wrappers/DEM_MANAGER
                          23 --		-I../source/wrappers/RDC_MANAGER -I../source/wrappers/ENV_MANAGER
                          24 --		-I../source/wrappers/SYS_MANAGER -I../source/wrappers/EcuabCanIf
                          25 --		-I../source/EcuabCanTrcv -I../source/wrappers/SwcServiceCanSM
                          26 --		-I../source/wrappers/SwcServiceCanTp
                          27 --		-I../source/wrappers/SwcServiceCanTp_PreCompile
                          28 --		-I../source/wrappers/SwcServiceCom
                          29 --		-I../source/wrappers/SwcServiceComM
                          30 --		-I../source/wrappers/SwcServiceDcm
                          31 --		-I../source/wrappers/SwcServicePduR
                          32 --		-I../source/wrappers/SwcServiceEcuM -I../source/wrappers/Bfx
                          33 --		-I../source/wrappers/SwcServiceDem -I../source/SwcServiceCom
                          34 --		-I../source/SwcServiceDet -I../source/SwcServiceFiM
                          35 --		-I../source/SwcServicePduR -I../source/SwcServiceSchM
                          36 --		-I../source/wrappers/LibAutosarDiag
                          37 --		-I../source/wrappers/rba_BswSrv -object_dir=output/objects
                          38 --		-list_dir=output/list
                          39 --Source File:   ../source/SwcApplTpms/TmsManager.c
                          40 --Directory:     
                          41 --		C:\_ECU2\ECU_Rivian_A1\Target\repo_projects\pRealEcu\cR_LATEST\make
                          42 --Compile Date:  Fri Sep 15 14:16:16 2023
                          43 --Host OS:       Win32
                          44 --Version:       C-RH850 2015.1.7 RELEASE VERSION
                          45 --Release:       Compiler v2015.1.7
                          46 --Revision Date: Thu Oct 22 08:06:12 2015
                          47 --Release Date:  Thu Oct 22 09:34:32 2015
                          48 -- ecom  -g -w -OM
                          49 	.text
                          50 ..bof.C.3A.5C_ECU2.5CECU_Rivian_A1.5CTarget.5Crepo_projects.5CpRealEcu.5CcR_LATEST.5Cmake.5Coutput.5Cobjects.5CTmsManager...43.3A.5C_ECU2.5CECU_Rivian_A1.5CTarget.5Crepo_projects.5CpRealEcu.5CcR_LATEST.5Cmake..65044B10..0::

                                                                      Page 2
                                                              C:\Users\nhuliyap\AppData\Local\Temp\gh_00002e81.s
                          51 	.align	2
                          52 ..gh.f.f.1.e.0:
                          53 	.type	..gh.f.f.1.e.0,@object
                          54 	.size	..gh.f.f.1.e.0,0
                          55 	.global	_Tms_Init
                          56 _Tms_Init:
                          57 --	    .bf
                          58 .LDW01:
00000000 405e0000*        59 	movhi	hi(_Tms__Status),zero,r11
00000004 4b070000*        60 	st.b	zero,lo(_Tms__Status)[r11]
                          61 --	    .ef
                          62 .LDW11:
                          63 --line9
                          64 ..lin.C.3A.5C_ECU2.5CECU_Rivian_A1.5CTarget.5Crepo_projects.5CpRealEcu.5CcR_LATEST.5Cmake.5Coutput.5Cobjects.5CTmsManager.1::
                          65 .LDWlin1:
00000008 7f00             66 	jmp	[lp]
                          67 	.global	___ghs_eofn_Tms_Init
                          68 ___ghs_eofn_Tms_Init:
                          69 	.type	_Tms_Init,@function
                          70 	.size	_Tms_Init,.-_Tms_Init
                          71 	.align	2
                          72 
                          73 	.section ".bss","awb"
                          74 .L33:
                          75 	.type	.L33,@object
                          76 	.size	.L33,0
                          77 	.global	_Tms__Status..C.3A.5C_ECU2.5CECU_Rivian_A1.5CTarget.5Crepo_projects.5CpRealEcu.5CcR_LATEST.5Cmake.5Coutput.5Cobjects.5CTmsManager.
                          78 _Tms__Status..C.3A.5C_ECU2.5CECU_Rivian_A1.5CTarget.5Crepo_projects.5CpRealEcu.5CcR_LATEST.5Cmake.5Coutput.5Cobjects.5CTmsManager.:
00000000 00               79 _Tms__Status:	.space	1
                          80 	.type	_Tms__Status..C.3A.5C_ECU2.5CECU_Rivian_A1.5CTarget.5Crepo_projects.5CpRealEcu.5CcR_LATEST.5Cmake.5Coutput.5Cobjects.5CTmsManager.,@object
                          81 	.size	_Tms__Status..C.3A.5C_ECU2.5CECU_Rivian_A1.5CTarget.5Crepo_projects.5CpRealEcu.5CcR_LATEST.5Cmake.5Coutput.5Cobjects.5CTmsManager.,1
                          82 	.type	_Tms__Status,@object
                          83 	.size	_Tms__Status,1
                          84 	.data
                          85 	.text
                          86 	.align	2
                          87 	.align	2
                          88 ..gh.f.f.1.e.1:
                          89 	.type	..gh.f.f.1.e.1,@object
                          90 	.size	..gh.f.f.1.e.1,0
                          91 	.global	_Tms_GetTmsStatusPointer
                          92 _Tms_GetTmsStatusPointer:
                          93 --	    .bf
                          94 .LDW21:
0000000a 2a0600000000*    95 	mov	_Tms__Status,r10
                          96 --	    .ef
                          97 .LDW31:
                          98 --line11
                          99 ..lin.C.3A.5C_ECU2.5CECU_Rivian_A1.5CTarget.5Crepo_projects.5CpRealEcu.5CcR_LATEST.5Cmake.5Coutput.5Cobjects.5CTmsManager.2::
                         100 .LDWlin2:
00000010 7f00            101 	jmp	[lp]
                         102 	.global	___ghs_eofn_Tms_GetTmsStatusPointer
                         103 ___ghs_eofn_Tms_GetTmsStatusPointer:
                         104 	.type	_Tms_GetTmsStatusPointer,@function
                         105 	.size	_Tms_GetTmsStatusPointer,.-_Tms_GetTmsStatusPointer
                         106 	.align	2
                         107 
                         108 	.data
                         109 	.text
                         110 	.align	2
                         111 	.align	2

                                                                      Page 3
                                                              C:\Users\nhuliyap\AppData\Local\Temp\gh_00002e81.s
                         112 ..gh.f.f.1.e.2:
                         113 	.type	..gh.f.f.1.e.2,@object
                         114 	.size	..gh.f.f.1.e.2,0
                         115 	.global	_Tms_IsTmsFunctioning
                         116 _Tms_IsTmsFunctioning:
                         117 --	    .bf
                         118 .LDW41:
00000012 404e0000*       119 	movhi	hi(_Tms__Status),zero,r9
00000016 894f0100*       120 	ld.bu	lo(_Tms__Status)[r9],r9
0000001a c9560100        121 	andi	1,r9,r10
                         122 --	    .ef
                         123 .LDW51:
                         124 --line26
                         125 ..lin.C.3A.5C_ECU2.5CECU_Rivian_A1.5CTarget.5Crepo_projects.5CpRealEcu.5CcR_LATEST.5Cmake.5Coutput.5Cobjects.5CTmsManager.3::
                         126 .LDWlin3:
0000001e 7f00            127 	jmp	[lp]
                         128 	.global	___ghs_eofn_Tms_IsTmsFunctioning
                         129 ___ghs_eofn_Tms_IsTmsFunctioning:
                         130 	.type	_Tms_IsTmsFunctioning,@function
                         131 	.size	_Tms_IsTmsFunctioning,.-_Tms_IsTmsFunctioning
                         132 	.align	2
                         133 --_BO_IsTmsFunctioning	r10	local
                         134 
                         135 	.data
                         136 	.text
                         137 	.align	2
                         138 	.align	2
                         139 ..gh.f.f.1.e.3:
                         140 	.type	..gh.f.f.1.e.3,@object
                         141 	.size	..gh.f.f.1.e.3,0
                         142 	.global	_Tms_IsAutolocationFinished
                         143 _Tms_IsAutolocationFinished:
                         144 --	    .bf
                         145 .LDW61:
00000020 404e0000*       146 	movhi	hi(_Tms__Status),zero,r9
00000024 894f0100*       147 	ld.bu	lo(_Tms__Status)[r9],r9
00000028 c9560200        148 	andi	2,r9,r10
0000002c 8152            149 	shr	1,r10
                         150 --	    .ef
                         151 .LDW71:
                         152 --line40
                         153 ..lin.C.3A.5C_ECU2.5CECU_Rivian_A1.5CTarget.5Crepo_projects.5CpRealEcu.5CcR_LATEST.5Cmake.5Coutput.5Cobjects.5CTmsManager.4::
                         154 .LDWlin4:
0000002e 7f00            155 	jmp	[lp]
                         156 	.global	___ghs_eofn_Tms_IsAutolocationFinished
                         157 ___ghs_eofn_Tms_IsAutolocationFinished:
                         158 	.type	_Tms_IsAutolocationFinished,@function
                         159 	.size	_Tms_IsAutolocationFinished,.-_Tms_IsAutolocationFinished
                         160 	.align	2
                         161 --_BO_IsAutolocationFinished	r10	local
                         162 
                         163 	.data
                         164 	.text
                         165 	.align	2
                         166 	.align	2
                         167 ..gh.f.f.1.e.4:
                         168 	.type	..gh.f.f.1.e.4,@object
                         169 	.size	..gh.f.f.1.e.4,0
                         170 	.global	_Tms_IsCyclicMessageEnabled
                         171 _Tms_IsCyclicMessageEnabled:
                         172 --	    .bf

                                                                      Page 4
                                                              C:\Users\nhuliyap\AppData\Local\Temp\gh_00002e81.s
                         173 .LDW81:
00000030 404e0000*       174 	movhi	hi(_Tms__Status),zero,r9
00000034 894f0100*       175 	ld.bu	lo(_Tms__Status)[r9],r9
00000038 c9560400        176 	andi	4,r9,r10
0000003c 8252            177 	shr	2,r10
                         178 --	    .ef
                         179 .LDW91:
                         180 --line54
                         181 ..lin.C.3A.5C_ECU2.5CECU_Rivian_A1.5CTarget.5Crepo_projects.5CpRealEcu.5CcR_LATEST.5Cmake.5Coutput.5Cobjects.5CTmsManager.5::
                         182 .LDWlin5:
0000003e 7f00            183 	jmp	[lp]
                         184 	.global	___ghs_eofn_Tms_IsCyclicMessageEnabled
                         185 ___ghs_eofn_Tms_IsCyclicMessageEnabled:
                         186 	.type	_Tms_IsCyclicMessageEnabled,@function
                         187 	.size	_Tms_IsCyclicMessageEnabled,.-_Tms_IsCyclicMessageEnabled
                         188 	.align	2
                         189 --_BO_IsCyclicMessageEnabled	r10	local
                         190 
                         191 	.data
                         192 	.text
                         193 	.align	2
                         194 	.align	2
                         195 ..gh.f.f.1.e.5:
                         196 	.type	..gh.f.f.1.e.5,@object
                         197 	.size	..gh.f.f.1.e.5,0
                         198 	.global	_Tms_IsAutolearnFinished
                         199 _Tms_IsAutolearnFinished:
                         200 --	    .bf
                         201 .LDW02:
00000040 404e0000*       202 	movhi	hi(_Tms__Status),zero,r9
00000044 894f0100*       203 	ld.bu	lo(_Tms__Status)[r9],r9
00000048 c9560800        204 	andi	8,r9,r10
0000004c 8352            205 	shr	3,r10
                         206 --	    .ef
                         207 .LDW12:
                         208 --line68
                         209 ..lin.C.3A.5C_ECU2.5CECU_Rivian_A1.5CTarget.5Crepo_projects.5CpRealEcu.5CcR_LATEST.5Cmake.5Coutput.5Cobjects.5CTmsManager.6::
                         210 .LDWlin6:
0000004e 7f00            211 	jmp	[lp]
                         212 	.global	___ghs_eofn_Tms_IsAutolearnFinished
                         213 ___ghs_eofn_Tms_IsAutolearnFinished:
                         214 	.type	_Tms_IsAutolearnFinished,@function
                         215 	.size	_Tms_IsAutolearnFinished,.-_Tms_IsAutolearnFinished
                         216 	.align	2
                         217 --_BO_IsAutolearnFinished	r10	local
                         218 
                         219 	.data
                         220 	.text
                         221 	.align	2
                         222 	.align	2
                         223 ..gh.f.f.1.e.6:
                         224 	.type	..gh.f.f.1.e.6,@object
                         225 	.size	..gh.f.f.1.e.6,0
                         226 	.global	_Tms_IsDeveloperModeActive
                         227 _Tms_IsDeveloperModeActive:
                         228 --	    .bf
                         229 .LDW22:
00000050 404e0000*       230 	movhi	hi(_Tms__Status),zero,r9
00000054 894f0100*       231 	ld.bu	lo(_Tms__Status)[r9],r9
00000058 c9561000        232 	andi	16,r9,r10
0000005c 8452            233 	shr	4,r10

                                                                      Page 5
                                                              C:\Users\nhuliyap\AppData\Local\Temp\gh_00002e81.s
                         234 --	    .ef
                         235 .LDW32:
                         236 --line82
                         237 ..lin.C.3A.5C_ECU2.5CECU_Rivian_A1.5CTarget.5Crepo_projects.5CpRealEcu.5CcR_LATEST.5Cmake.5Coutput.5Cobjects.5CTmsManager.7::
                         238 .LDWlin7:
0000005e 7f00            239 	jmp	[lp]
                         240 	.global	___ghs_eofn_Tms_IsDeveloperModeActive
                         241 ___ghs_eofn_Tms_IsDeveloperModeActive:
                         242 	.type	_Tms_IsDeveloperModeActive,@function
                         243 	.size	_Tms_IsDeveloperModeActive,.-_Tms_IsDeveloperModeActive
                         244 	.align	2
                         245 --_BO_IsDeveloperModeActive	r10	local
                         246 
                         247 	.data
                         248 	.text
                         249 	.align	2
                         250 --_Tms__Status	_Tms__Status	static
                         251 
                         252 	.data
                         253 	.ghsnote version,17
                         254 	.ghsnote tools,3
                         255 	.ghsnote options,144
                         256 	.text
                         257 	.align	2
                         258 ..eof.C.3A.5C_ECU2.5CECU_Rivian_A1.5CTarget.5Crepo_projects.5CpRealEcu.5CcR_LATEST.5Cmake.5Coutput.5Cobjects.5CTmsManager...43.3A.5C_ECU2.5CECU_Rivian_A1.5CTarget.5Crepo_projects.5CpRealEcu.5CcR_LATEST.5Cmake..65044B10..0::
                         259 	.section	.debug_info
                         260 .Ldw_begin:
00000000 c6030000        261 	.word	.Ldw_end-.Ldw_begin-4
00000004 0200            262 	.byte	2,0
00000006 00000000*       263 	.word	.Ldw_abbr_begin
0000000a 04              264 	.byte	4
                         265 	.section	.debug_abbrev
                         266 .Ldw_abbr_begin:
                         267 	.section	.debug_info
0000000b 01              268 	.byte	1
0000000c 00000000*       269 	.word	..bof.C.3A.5C_ECU2.5CECU_Rivian_A1.5CTarget.5Crepo_projects.5CpRealEcu.5CcR_LATEST.5Cmake.5Coutput.5Cobjects.5CTmsManager...43.3A.5C_ECU2.5CECU_Rivian_A1.5CTarget.5Crepo_projects.5CpRealEcu.5CcR_LATEST.5Cmake..65044B10..0
00000010 00000000*       270 	.word	..eof.C.3A.5C_ECU2.5CECU_Rivian_A1.5CTarget.5Crepo_projects.5CpRealEcu.5CcR_LATEST.5Cmake.5Coutput.5Cobjects.5CTmsManager...43.3A.5C_ECU2.5CECU_Rivian_A1.5CTarget.5Crepo_projects.5CpRealEcu.5CcR_LATEST.5Cmake..65044B10..0
00000014 2e2e2f736f75    271 	.strz	"../source/SwcApplTpms/TmsManager.c"
0000001a 7263652f5377 
00000020 634170706c54 
00000026 706d732f546d 
0000002c 734d616e6167 
00000032 65722e6300 
00000037 433a5c5f4543    272 	.strz	"C:\\_ECU2\\ECU_Rivian_A1\\Target\\repo_projects\\pRealEcu\\cR_LATEST\\make"
0000003d 55325c454355 
00000043 5f5269766961 
00000049 6e5f41315c54 
0000004f 61726765745c 
00000055 7265706f5f70 
0000005b 726f6a656374 
00000061 735c70526561 
00000067 6c4563755c63 
0000006d 525f4c415445 
00000073 53545c6d616b 
00000079 6500 
0000007b 474853204320    273 	.strz	"GHS C 2015.1.7 [dual]"
00000081 323031352e31 
00000087 2e37205b6475 
0000008d 616c5d00 
00000091 0100            274 	.byte	1,0
00000093 00000000*       275 	.word	.Ldw_line_begin

                                                                      Page 6
                                                              C:\Users\nhuliyap\AppData\Local\Temp\gh_00002e81.s
00000097 00000000*       276 	.word	.Ldw_macinfo_begin
0000009b 00              277 	.byte	0
                         278 
                         279 	.section	.debug_abbrev
00000000 01              280 	.byte	1
00000001 11              281 	.byte	17
00000002 01              282 	.byte	1
00000003 1101            283 	.byte	17,1
00000005 1201            284 	.byte	18,1
00000007 0308            285 	.byte	3,8
00000009 1b08            286 	.byte	27,8
0000000b 2508            287 	.byte	37,8
0000000d 1305            288 	.byte	19,5
0000000f 1006            289 	.byte	16,6
00000011 4306            290 	.byte	67,6
00000013 420b            291 	.byte	66,11
00000015 0000            292 	.byte	0,0
                         293 
                         294 	.section	.debug_line
                         295 .Ldw_line_begin:
00000000 b7020000        296 	.word	.Ldw_line_end-.Ldw_line_begin-4
00000004 0200            297 	.byte	2,0
00000006 00000000*       298 	.word	.Ldw_lpro_end-.Ldw_lpro_begin
                         299 .Ldw_lpro_begin:
0000000a 01              300 	.byte	1
0000000b 00              301 	.byte	0
0000000c 00              302 	.byte	0
0000000d 04              303 	.byte	4
0000000e 0a              304 	.byte	10
0000000f 000101          305 	.byte	0,1,1
00000012 010100          306 	.byte	1,1,0
00000015 000001          307 	.byte	0,0,1
00000018 00              308 	.byte	0
00000019 2e2e2f736f75    309 	.strz	"../source/SwcApplTpms/TmsManager.c"
0000001f 7263652f5377 
00000025 634170706c54 
0000002b 706d732f546d 
00000031 734d616e6167 
00000037 65722e6300 
0000003c 000000          310 	.byte	0,0,0
0000003f 2e2e2f736f75    311 	.strz	"../source/common/Std_Types.hpp"
00000045 7263652f636f 
0000004b 6d6d6f6e2f53 
00000051 74645f547970 
00000057 65732e687070 
0000005d 00 
0000005e 000000          312 	.byte	0,0,0
00000061 2e2e2f736f75    313 	.strz	"../source/common/Platform_Types.hpp"
00000067 7263652f636f 
0000006d 6d6d6f6e2f50 
00000073 6c6174666f72 
00000079 6d5f54797065 
0000007f 732e68707000 
00000085 000000          314 	.byte	0,0,0
00000088 2e2e2f736f75    315 	.strz	"../source/common/Compiler.hpp"
0000008e 7263652f636f 
00000094 6d6d6f6e2f43 
0000009a 6f6d70696c65 
000000a0 722e68707000 
000000a6 000000          316 	.byte	0,0,0
000000a9 2e2e2f736f75    317 	.strz	"../source/ProjectCompiler/Compiler_Cfg.hpp"

                                                                      Page 7
                                                              C:\Users\nhuliyap\AppData\Local\Temp\gh_00002e81.s
000000af 7263652f5072 
000000b5 6f6a65637443 
000000bb 6f6d70696c65 
000000c1 722f436f6d70 
000000c7 696c65725f43 
000000cd 66672e687070 
000000d3 00 
000000d4 000000          318 	.byte	0,0,0
000000d7 2e2e2f736f75    319 	.strz	"../source/ProjectCompiler/CompilerCfg_SwcServiceOs.hpp"
000000dd 7263652f5072 
000000e3 6f6a65637443 
000000e9 6f6d70696c65 
000000ef 722f436f6d70 
000000f5 696c65724366 
000000fb 675f53776353 
00000101 657276696365 
00000107 4f732e687070 
0000010d 00 
0000010e 000000          320 	.byte	0,0,0
00000111 2e2e2f736f75    321 	.strz	"../source/SwcApplTpms/TmsManager.hpp"
00000117 7263652f5377 
0000011d 634170706c54 
00000123 706d732f546d 
00000129 734d616e6167 
0000012f 65722e687070 
00000135 00 
00000136 000000          322 	.byte	0,0,0
00000139 2e2e2f736f75    323 	.strz	"../source/SwcApplTpms/TmsManagerX.hpp"
0000013f 7263652f5377 
00000145 634170706c54 
0000014b 706d732f546d 
00000151 734d616e6167 
00000157 6572582e6870 
0000015d 7000 
0000015f 000000          324 	.byte	0,0,0
00000162 2e2e2f736f75    325 	.strz	"../source/SwcApplTpms/iTpms_Interface.hpp"
00000168 7263652f5377 
0000016e 634170706c54 
00000174 706d732f6954 
0000017a 706d735f496e 
00000180 746572666163 
00000186 652e68707000 
0000018c 000000          326 	.byte	0,0,0
0000018f 2e2e2f736f75    327 	.strz	"../source/SwcApplTpms/Tpms_Rte_Data_Type.hpp"
00000195 7263652f5377 
0000019b 634170706c54 
000001a1 706d732f5470 
000001a7 6d735f527465 
000001ad 5f446174615f 
000001b3 547970652e68 
000001b9 707000 
000001bc 000000          328 	.byte	0,0,0
000001bf 2e2e2f736f75    329 	.strz	"../source/McalMcu/Types.hpp"
000001c5 7263652f4d63 
000001cb 616c4d63752f 
000001d1 54797065732e 
000001d7 68707000 
000001db 000000          330 	.byte	0,0,0
000001de 00              331 	.byte	0
                         332 .Ldw_lpro_end:
                         333 	.section	.debug_macinfo

                                                                      Page 8
                                                              C:\Users\nhuliyap\AppData\Local\Temp\gh_00002e81.s
                         334 .Ldw_macinfo_begin:
                         335 	.section	.debug_frame
                         336 .LDW_4bea4f8:
00000000 00000000*       337 	.word	.LDW_unq_2-.LDW_unq_1
                         338 .LDW_unq_1:
00000004 ffffffff        339 	.byte	255,255,255,255
00000008 01              340 	.byte	1
00000009 00              341 	.byte	0
0000000a 01              342 	.byte	1
0000000b 01              343 	.byte	1
0000000c 1f              344 	.byte	31
0000000d 0c              345 	.byte	12
0000000e 03              346 	.byte	3
0000000f 00              347 	.byte	0
00000010 07              348 	.byte	7
00000011 00              349 	.byte	0
00000012 07              350 	.byte	7
00000013 01              351 	.byte	1
00000014 07              352 	.byte	7
00000015 02              353 	.byte	2
00000016 07              354 	.byte	7
00000017 03              355 	.byte	3
00000018 07              356 	.byte	7
00000019 04              357 	.byte	4
0000001a 07              358 	.byte	7
0000001b 05              359 	.byte	5
0000001c 07              360 	.byte	7
0000001d 06              361 	.byte	6
0000001e 07              362 	.byte	7
0000001f 07              363 	.byte	7
00000020 07              364 	.byte	7
00000021 08              365 	.byte	8
00000022 07              366 	.byte	7
00000023 09              367 	.byte	9
00000024 07              368 	.byte	7
00000025 0a              369 	.byte	10
00000026 07              370 	.byte	7
00000027 0b              371 	.byte	11
00000028 07              372 	.byte	7
00000029 0c              373 	.byte	12
0000002a 07              374 	.byte	7
0000002b 0d              375 	.byte	13
0000002c 07              376 	.byte	7
0000002d 0e              377 	.byte	14
0000002e 07              378 	.byte	7
0000002f 0f              379 	.byte	15
00000030 07              380 	.byte	7
00000031 10              381 	.byte	16
00000032 07              382 	.byte	7
00000033 11              383 	.byte	17
00000034 07              384 	.byte	7
00000035 12              385 	.byte	18
00000036 07              386 	.byte	7
00000037 13              387 	.byte	19
00000038 08              388 	.byte	8
00000039 14              389 	.byte	20
0000003a 08              390 	.byte	8
0000003b 15              391 	.byte	21
0000003c 08              392 	.byte	8
0000003d 16              393 	.byte	22
0000003e 08              394 	.byte	8

                                                                      Page 9
                                                              C:\Users\nhuliyap\AppData\Local\Temp\gh_00002e81.s
0000003f 17              395 	.byte	23
00000040 08              396 	.byte	8
00000041 18              397 	.byte	24
00000042 08              398 	.byte	8
00000043 19              399 	.byte	25
00000044 08              400 	.byte	8
00000045 1a              401 	.byte	26
00000046 08              402 	.byte	8
00000047 1b              403 	.byte	27
00000048 08              404 	.byte	8
00000049 1c              405 	.byte	28
0000004a 08              406 	.byte	8
0000004b 1d              407 	.byte	29
0000004c 07              408 	.byte	7
0000004d 1e              409 	.byte	30
0000004e 08              410 	.byte	8
0000004f 1f              411 	.byte	31
00000050 07              412 	.byte	7
00000051 20              413 	.byte	32
00000052 07              414 	.byte	7
00000053 21              415 	.byte	33
00000054 07              416 	.byte	7
00000055 22              417 	.byte	34
00000056 07              418 	.byte	7
00000057 23              419 	.byte	35
00000058 07              420 	.byte	7
00000059 24              421 	.byte	36
0000005a 07              422 	.byte	7
0000005b 25              423 	.byte	37
0000005c 07              424 	.byte	7
0000005d 26              425 	.byte	38
0000005e 07              426 	.byte	7
0000005f 27              427 	.byte	39
00000060 07              428 	.byte	7
00000061 28              429 	.byte	40
00000062 07              430 	.byte	7
00000063 29              431 	.byte	41
00000064 07              432 	.byte	7
00000065 2a              433 	.byte	42
00000066 07              434 	.byte	7
00000067 2b              435 	.byte	43
00000068 07              436 	.byte	7
00000069 2c              437 	.byte	44
0000006a 07              438 	.byte	7
0000006b 2d              439 	.byte	45
0000006c 07              440 	.byte	7
0000006d 2e              441 	.byte	46
0000006e 07              442 	.byte	7
0000006f 2f              443 	.byte	47
00000070 07              444 	.byte	7
00000071 30              445 	.byte	48
00000072 07              446 	.byte	7
00000073 31              447 	.byte	49
00000074 07              448 	.byte	7
00000075 32              449 	.byte	50
00000076 07              450 	.byte	7
00000077 33              451 	.byte	51
00000078 07              452 	.byte	7
00000079 34              453 	.byte	52
0000007a 07              454 	.byte	7
0000007b 35              455 	.byte	53

                                                                      Page 10
                                                              C:\Users\nhuliyap\AppData\Local\Temp\gh_00002e81.s
0000007c 07              456 	.byte	7
0000007d 36              457 	.byte	54
0000007e 07              458 	.byte	7
0000007f 37              459 	.byte	55
00000080 07              460 	.byte	7
00000081 38              461 	.byte	56
00000082 07              462 	.byte	7
00000083 39              463 	.byte	57
00000084 07              464 	.byte	7
00000085 3a              465 	.byte	58
00000086 07              466 	.byte	7
00000087 3b              467 	.byte	59
00000088 07              468 	.byte	7
00000089 3c              469 	.byte	60
0000008a 07              470 	.byte	7
0000008b 3d              471 	.byte	61
0000008c 07              472 	.byte	7
0000008d 3e              473 	.byte	62
0000008e 07              474 	.byte	7
0000008f 3f              475 	.byte	63
                         476 .LDW_unq_2:
                         477 	.section	.debug_info
                         478 .LDW_2816e38:
0000009c 45              479 	.byte	69
0000009d 01              480 	.byte	1
                         481 
                         482 	.section	.debug_abbrev
00000017 45              483 	.byte	69
00000018 15              484 	.byte	21
00000019 01              485 	.byte	1
0000001a 270c            486 	.byte	39,12
0000001c 0000            487 	.byte	0,0
                         488 
                         489 	.section	.debug_info
0000009e 00              490 	.byte	0
                         491 
                         492 .LDW_2816c78:
0000009f 2f              493 	.byte	47
000000a0 00000000*       494 	.word	.LDW_285ee90
                         495 
                         496 	.section	.debug_abbrev
0000001e 2f              497 	.byte	47
0000001f 0f              498 	.byte	15
00000020 00              499 	.byte	0
00000021 4910            500 	.byte	73,16
00000023 0000            501 	.byte	0,0
                         502 
                         503 	.section	.debug_info
                         504 .LDW_2817260:
000000a4 44              505 	.byte	68
000000a5 00000000*       506 	.word	.LDW_2816c78
000000a9 01              507 	.byte	1
                         508 
                         509 	.section	.debug_abbrev
00000025 44              510 	.byte	68
00000026 15              511 	.byte	21
00000027 01              512 	.byte	1
00000028 4910            513 	.byte	73,16
0000002a 270c            514 	.byte	39,12
0000002c 0000            515 	.byte	0,0
                         516 

                                                                      Page 11
                                                              C:\Users\nhuliyap\AppData\Local\Temp\gh_00002e81.s
                         517 	.section	.debug_info
000000aa 00              518 	.byte	0
                         519 
                         520 .LDW_2816d20:
000000ab 25              521 	.byte	37
000000ac 756e7369676e    522 	.strz	"unsigned char"
000000b2 656420636861 
000000b8 7200 
000000ba 08              523 	.byte	8
000000bb 01              524 	.byte	1
                         525 
                         526 	.section	.debug_abbrev
0000002e 25              527 	.byte	37
0000002f 24              528 	.byte	36
00000030 00              529 	.byte	0
00000031 0308            530 	.byte	3,8
00000033 3e0b            531 	.byte	62,11
00000035 0b0b            532 	.byte	11,11
00000037 0000            533 	.byte	0,0
                         534 
                         535 	.section	.debug_info
                         536 .LDW_28170a0:
000000bc 44              537 	.byte	68
000000bd 00000000*       538 	.word	.LDW_285ef80
000000c1 01              539 	.byte	1
                         540 
000000c2 00              541 	.byte	0
                         542 
                         543 .LDW_2817228:
000000c3 44              544 	.byte	68
000000c4 00000000*       545 	.word	.LDW_285ef80
000000c8 01              546 	.byte	1
                         547 
000000c9 00              548 	.byte	0
                         549 
                         550 .LDW_2817148:
000000ca 44              551 	.byte	68
000000cb 00000000*       552 	.word	.LDW_285ef80
000000cf 01              553 	.byte	1
                         554 
000000d0 00              555 	.byte	0
                         556 
                         557 .LDW_2816fc0:
000000d1 44              558 	.byte	68
000000d2 00000000*       559 	.word	.LDW_285ef80
000000d6 01              560 	.byte	1
                         561 
000000d7 00              562 	.byte	0
                         563 
                         564 .LDW_2816f50:
000000d8 44              565 	.byte	68
000000d9 00000000*       566 	.word	.LDW_285ef80
000000dd 01              567 	.byte	1
                         568 
000000de 00              569 	.byte	0
                         570 
                         571 .LDW_2816e70:
000000df 25              572 	.byte	37
000000e0 756e7369676e    573 	.strz	"unsigned int"
000000e6 656420696e74 
000000ec 00 

                                                                      Page 12
                                                              C:\Users\nhuliyap\AppData\Local\Temp\gh_00002e81.s
000000ed 07              574 	.byte	7
000000ee 04              575 	.byte	4
                         576 
                         577 .LDW_28171f0:
000000ef 25              578 	.byte	37
000000f0 696e7400        579 	.strz	"int"
000000f4 05              580 	.byte	5
000000f5 04              581 	.byte	4
                         582 
                         583 .LDW_285ef80:
000000f6 28              584 	.byte	40
000000f7 626f6f6c6561    585 	.strz	"boolean"
000000fd 6e00 
000000ff 4e              586 	.byte	78
00000100 49              587 	.byte	73
00000101 03              588 	.byte	3
00000102 00000000*       589 	.word	.LDW_2816d20
                         590 
                         591 	.section	.debug_abbrev
00000039 28              592 	.byte	40
0000003a 16              593 	.byte	22
0000003b 00              594 	.byte	0
0000003c 0308            595 	.byte	3,8
0000003e 3b0f            596 	.byte	59,15
00000040 390f            597 	.byte	57,15
00000042 3a0f            598 	.byte	58,15
00000044 4910            599 	.byte	73,16
00000046 0000            600 	.byte	0,0
                         601 
                         602 	.section	.debug_info
                         603 .LDW_4b900a8:
00000106 28              604 	.byte	40
00000107 75696e743800    605 	.strz	"uint8"
0000010d 50              606 	.byte	80
0000010e 4b              607 	.byte	75
0000010f 03              608 	.byte	3
00000110 00000000*       609 	.word	.LDW_2816d20
                         610 
                         611 .LDW_285ee38:
00000114 41              612 	.byte	65
00000115 9a01            613 	.byte	154,1
00000117 0f              614 	.byte	15
00000118 09              615 	.byte	9
00000119 01              616 	.byte	1
0000011a 01              617 	.byte	1
                         618 
                         619 	.section	.debug_abbrev
00000048 41              620 	.byte	65
00000049 13              621 	.byte	19
0000004a 01              622 	.byte	1
0000004b 3b0f            623 	.byte	59,15
0000004d 390f            624 	.byte	57,15
0000004f 3a0f            625 	.byte	58,15
00000051 0b0f            626 	.byte	11,15
00000053 320b            627 	.byte	50,11
00000055 0000            628 	.byte	0,0
                         629 
                         630 	.section	.debug_info
                         631 .LDW_4bfd878:
0000011b 23              632 	.byte	35
0000011c 756353746174    633 	.strz	"ucStatus"

                                                                      Page 13
                                                              C:\Users\nhuliyap\AppData\Local\Temp\gh_00002e81.s
00000122 757300 
00000125 9b01            634 	.byte	155,1
00000127 0a              635 	.byte	10
00000128 09              636 	.byte	9
00000129 00000000*       637 	.word	.LDW_4b900a8
0000012d 0223            638 	.byte	2,35
0000012f 00              639 	.byte	0
00000130 01              640 	.byte	1
                         641 
                         642 	.section	.debug_abbrev
00000057 23              643 	.byte	35
00000058 0d              644 	.byte	13
00000059 00              645 	.byte	0
0000005a 0308            646 	.byte	3,8
0000005c 3b0f            647 	.byte	59,15
0000005e 390f            648 	.byte	57,15
00000060 3a0f            649 	.byte	58,15
00000062 4910            650 	.byte	73,16
00000064 380a            651 	.byte	56,10
00000066 320b            652 	.byte	50,11
00000068 0000            653 	.byte	0,0
                         654 
                         655 	.section	.debug_info
00000131 00              656 	.byte	0
                         657 
                         658 .LDW_285ee90:
00000132 28              659 	.byte	40
00000133 747354504d53    660 	.strz	"tsTPMS_Data"
00000139 5f4461746100 
0000013f 9c01            661 	.byte	156,1
00000141 02              662 	.byte	2
00000142 09              663 	.byte	9
00000143 00000000*       664 	.word	.LDW_285ee38
                         665 
                         666 .LDW_28582c8:
00000147 04              667 	.byte	4
00000148 546d735f5f53    668 	.strz	"Tms__Status"
0000014e 746174757300 
00000154 05              669 	.byte	5
00000155 14              670 	.byte	20
00000156 01              671 	.byte	1
00000157 00000000*       672 	.word	.LDW_285ee90
0000015b 00              673 	.byte	0
0000015c 00              674 	.byte	0
0000015d 0503            675 	.byte	5,3
0000015f 00000000*       676 	.word	_Tms__Status..C.3A.5C_ECU2.5CECU_Rivian_A1.5CTarget.5Crepo_projects.5CpRealEcu.5CcR_LATEST.5Cmake.5Coutput.5Cobjects.5CTmsManager.
                         677 
                         678 	.section	.debug_abbrev
0000006a 04              679 	.byte	4
0000006b 34              680 	.byte	52
0000006c 00              681 	.byte	0
0000006d 0308            682 	.byte	3,8
0000006f 3b0f            683 	.byte	59,15
00000071 390f            684 	.byte	57,15
00000073 3a0f            685 	.byte	58,15
00000075 4910            686 	.byte	73,16
00000077 3f0c            687 	.byte	63,12
00000079 3c0c            688 	.byte	60,12
0000007b 020a            689 	.byte	2,10
0000007d 0000            690 	.byte	0,0
                         691 

                                                                      Page 14
                                                              C:\Users\nhuliyap\AppData\Local\Temp\gh_00002e81.s
                         692 	.section	.debug_info
                         693 .LDW_285eda0:
00000163 13              694 	.byte	19
00000164 546d735f496e    695 	.strz	"Tms_Init"
0000016a 697400 
0000016d 07              696 	.byte	7
0000016e 0d              697 	.byte	13
0000016f 01              698 	.byte	1
00000170 00000000*       699 	.word	_Tms_Init
00000174 00000000*       700 	.word	___ghs_eofn_Tms_Init
00000178 0153            701 	.byte	1,83
0000017a 02              702 	.byte	2
0000017b 00              703 	.byte	0
0000017c 02              704 	.byte	2
0000017d 00              705 	.byte	0
0000017e 00              706 	.byte	0
0000017f 00              707 	.byte	0
00000180 00              708 	.byte	0
00000181 01              709 	.byte	1
00000182 01              710 	.byte	1
00000183 00              711 	.byte	0
00000184 01              712 	.byte	1
                         713 
                         714 	.section	.debug_abbrev
0000007f 13              715 	.byte	19
00000080 2e              716 	.byte	46
00000081 01              717 	.byte	1
00000082 0308            718 	.byte	3,8
00000084 3b0f            719 	.byte	59,15
00000086 390f            720 	.byte	57,15
00000088 3a0f            721 	.byte	58,15
0000008a 1101            722 	.byte	17,1
0000008c 1201            723 	.byte	18,1
0000008e 400a            724 	.byte	64,10
00000090 8341            725 	.byte	131,65
00000092 0f              726 	.byte	15
00000093 8741            727 	.byte	135,65
00000095 0d              728 	.byte	13
00000096 8541            729 	.byte	133,65
00000098 0f              730 	.byte	15
00000099 8641            731 	.byte	134,65
0000009b 0d              732 	.byte	13
0000009c 9241            733 	.byte	146,65
0000009e 0f              734 	.byte	15
0000009f 3c0c            735 	.byte	60,12
000000a1 200b            736 	.byte	32,11
000000a3 3f0c            737 	.byte	63,12
000000a5 320b            738 	.byte	50,11
000000a7 4c0b            739 	.byte	76,11
000000a9 270c            740 	.byte	39,12
000000ab 0000            741 	.byte	0,0
                         742 
                         743 	.section	.debug_frame
                         744 .LDW_4bfce70:
00000090 00000000*       745 	.word	.LDW_unq_4-.LDW_unq_3
                         746 .LDW_unq_3:
00000094 00000000*       747 	.word	.LDW_4bea4f8
00000098 00000000*       748 	.word	_Tms_Init
0000009c 00000000*       749 	.word	___ghs_eofn_Tms_Init-_Tms_Init
000000a0 01              750 	.byte	1
000000a1 00000000*       751 	.word	.LDW11

                                                                      Page 15
                                                              C:\Users\nhuliyap\AppData\Local\Temp\gh_00002e81.s
000000a5 00              752 	.byte	0
000000a6 00              753 	.byte	0
000000a7 00              754 	.byte	0
                         755 .LDW_unq_4:
                         756 	.section	.debug_line
000001df 000502          757 	.byte	0,5,2
000001e2 00000000*       758 	.word	_Tms_Init
000001e6 06              759 	.byte	6
000001e7 03              760 	.byte	3
000001e8 07              761 	.byte	7
000001e9 02              762 	.byte	2
000001ea 00              763 	.byte	0
000001eb 01              764 	.byte	1
000001ec 000502          765 	.byte	0,5,2
000001ef 00000000*       766 	.word	.LDWlin1
000001f3 0b              767 	.byte	11
000001f4 02              768 	.byte	2
000001f5 02              769 	.byte	2
000001f6 000101          770 	.byte	0,1,1
                         771 	.section	.debug_info
                         772 .LDW_28115e0:
00000185 1d              773 	.byte	29
00000186 00000000*       774 	.word	.LDW01
0000018a 00000000*       775 	.word	.LDW11
                         776 
                         777 	.section	.debug_abbrev
000000ad 1d              778 	.byte	29
000000ae 0b              779 	.byte	11
000000af 01              780 	.byte	1
000000b0 1101            781 	.byte	17,1
000000b2 1201            782 	.byte	18,1
000000b4 0000            783 	.byte	0,0
                         784 
                         785 	.section	.debug_info
0000018e 00              786 	.byte	0
                         787 
0000018f 00              788 	.byte	0
                         789 
                         790 .LDW_285eee8:
00000190 14              791 	.byte	20
00000191 546d735f4765    792 	.strz	"Tms_GetTmsStatusPointer"
00000197 74546d735374 
0000019d 61747573506f 
000001a3 696e74657200 
000001a9 0b              793 	.byte	11
000001aa 15              794 	.byte	21
000001ab 01              795 	.byte	1
000001ac 00000000*       796 	.word	.LDW_2816c78
000001b0 00000000*       797 	.word	_Tms_GetTmsStatusPointer
000001b4 00000000*       798 	.word	___ghs_eofn_Tms_GetTmsStatusPointer
000001b8 0153            799 	.byte	1,83
000001ba 02              800 	.byte	2
000001bb 00              801 	.byte	0
000001bc 02              802 	.byte	2
000001bd 00              803 	.byte	0
000001be 00              804 	.byte	0
000001bf 00              805 	.byte	0
000001c0 00              806 	.byte	0
000001c1 01              807 	.byte	1
000001c2 01              808 	.byte	1
000001c3 00              809 	.byte	0

                                                                      Page 16
                                                              C:\Users\nhuliyap\AppData\Local\Temp\gh_00002e81.s
000001c4 01              810 	.byte	1
                         811 
                         812 	.section	.debug_abbrev
000000b6 14              813 	.byte	20
000000b7 2e              814 	.byte	46
000000b8 01              815 	.byte	1
000000b9 0308            816 	.byte	3,8
000000bb 3b0f            817 	.byte	59,15
000000bd 390f            818 	.byte	57,15
000000bf 3a0f            819 	.byte	58,15
000000c1 4910            820 	.byte	73,16
000000c3 1101            821 	.byte	17,1
000000c5 1201            822 	.byte	18,1
000000c7 400a            823 	.byte	64,10
000000c9 8341            824 	.byte	131,65
000000cb 0f              825 	.byte	15
000000cc 8741            826 	.byte	135,65
000000ce 0d              827 	.byte	13
000000cf 8541            828 	.byte	133,65
000000d1 0f              829 	.byte	15
000000d2 8641            830 	.byte	134,65
000000d4 0d              831 	.byte	13
000000d5 9241            832 	.byte	146,65
000000d7 0f              833 	.byte	15
000000d8 3c0c            834 	.byte	60,12
000000da 200b            835 	.byte	32,11
000000dc 3f0c            836 	.byte	63,12
000000de 320b            837 	.byte	50,11
000000e0 4c0b            838 	.byte	76,11
000000e2 270c            839 	.byte	39,12
000000e4 0000            840 	.byte	0,0
                         841 
                         842 	.section	.debug_frame
                         843 .LDW_4bfc9b0:
000000a8 00000000*       844 	.word	.LDW_unq_6-.LDW_unq_5
                         845 .LDW_unq_5:
000000ac 00000000*       846 	.word	.LDW_4bea4f8
000000b0 00000000*       847 	.word	_Tms_GetTmsStatusPointer
000000b4 00000000*       848 	.word	___ghs_eofn_Tms_GetTmsStatusPointer-_Tms_GetTmsStatusPointer
000000b8 01              849 	.byte	1
000000b9 00000000*       850 	.word	.LDW31
000000bd 00              851 	.byte	0
000000be 00              852 	.byte	0
000000bf 00              853 	.byte	0
                         854 .LDW_unq_6:
                         855 	.section	.debug_line
000001f9 000502          856 	.byte	0,5,2
000001fc 00000000*       857 	.word	_Tms_GetTmsStatusPointer
00000200 06              858 	.byte	6
00000201 03              859 	.byte	3
00000202 0b              860 	.byte	11
00000203 02              861 	.byte	2
00000204 00              862 	.byte	0
00000205 01              863 	.byte	1
00000206 06              864 	.byte	6
00000207 000502          865 	.byte	0,5,2
0000020a 00000000*       866 	.word	.LDWlin2
0000020e 02              867 	.byte	2
0000020f 00              868 	.byte	0
00000210 02              869 	.byte	2
00000211 02              870 	.byte	2

                                                                      Page 17
                                                              C:\Users\nhuliyap\AppData\Local\Temp\gh_00002e81.s
00000212 000101          871 	.byte	0,1,1
                         872 	.section	.debug_info
                         873 .LDW_2811640:
000001c5 1d              874 	.byte	29
000001c6 00000000*       875 	.word	.LDW21
000001ca 00000000*       876 	.word	.LDW31
                         877 
000001ce 00              878 	.byte	0
                         879 
000001cf 00              880 	.byte	0
                         881 
                         882 .LDW_285dc48:
000001d0 14              883 	.byte	20
000001d1 546d735f4973    884 	.strz	"Tms_IsTmsFunctioning"
000001d7 546d7346756e 
000001dd 6374696f6e69 
000001e3 6e6700 
000001e6 0f              885 	.byte	15
000001e7 10              886 	.byte	16
000001e8 01              887 	.byte	1
000001e9 00000000*       888 	.word	.LDW_285ef80
000001ed 00000000*       889 	.word	_Tms_IsTmsFunctioning
000001f1 00000000*       890 	.word	___ghs_eofn_Tms_IsTmsFunctioning
000001f5 0153            891 	.byte	1,83
000001f7 02              892 	.byte	2
000001f8 00              893 	.byte	0
000001f9 02              894 	.byte	2
000001fa 00              895 	.byte	0
000001fb 00              896 	.byte	0
000001fc 00              897 	.byte	0
000001fd 00              898 	.byte	0
000001fe 01              899 	.byte	1
000001ff 01              900 	.byte	1
00000200 00              901 	.byte	0
00000201 01              902 	.byte	1
                         903 
                         904 	.section	.debug_frame
                         905 .LDW_4bfceb0:
000000c0 00000000*       906 	.word	.LDW_unq_8-.LDW_unq_7
                         907 .LDW_unq_7:
000000c4 00000000*       908 	.word	.LDW_4bea4f8
000000c8 00000000*       909 	.word	_Tms_IsTmsFunctioning
000000cc 00000000*       910 	.word	___ghs_eofn_Tms_IsTmsFunctioning-_Tms_IsTmsFunctioning
000000d0 01              911 	.byte	1
000000d1 00000000*       912 	.word	.LDW51
000000d5 00              913 	.byte	0
000000d6 00              914 	.byte	0
000000d7 00              915 	.byte	0
                         916 .LDW_unq_8:
                         917 	.section	.debug_line
00000215 000502          918 	.byte	0,5,2
00000218 00000000*       919 	.word	_Tms_IsTmsFunctioning
0000021c 06              920 	.byte	6
0000021d 03              921 	.byte	3
0000021e 11              922 	.byte	17
0000021f 02              923 	.byte	2
00000220 00              924 	.byte	0
00000221 01              925 	.byte	1
00000222 000502          926 	.byte	0,5,2
00000225 00000000*       927 	.word	.LDWlin3
00000229 03              928 	.byte	3

                                                                      Page 18
                                                              C:\Users\nhuliyap\AppData\Local\Temp\gh_00002e81.s
0000022a 06              929 	.byte	6
0000022b 02              930 	.byte	2
0000022c 00              931 	.byte	0
0000022d 01              932 	.byte	1
0000022e 02              933 	.byte	2
0000022f 00              934 	.byte	0
00000230 0c              935 	.byte	12
00000231 02              936 	.byte	2
00000232 02              937 	.byte	2
00000233 000101          938 	.byte	0,1,1
                         939 	.section	.debug_info
                         940 .LDW_2811670:
00000202 1d              941 	.byte	29
00000203 00000000*       942 	.word	.LDW41
00000207 00000000*       943 	.word	.LDW51
                         944 
                         945 .LDW_285dce0:
0000020b 04              946 	.byte	4
0000020c 424f5f497354    947 	.strz	"BO_IsTmsFunctioning"
00000212 6d7346756e63 
00000218 74696f6e696e 
0000021e 6700 
00000220 10              948 	.byte	16
00000221 0b              949 	.byte	11
00000222 01              950 	.byte	1
00000223 00000000*       951 	.word	.LDW_285ef80
00000227 00              952 	.byte	0
00000228 00              953 	.byte	0
00000229 015a            954 	.byte	1,90
                         955 
0000022b 00              956 	.byte	0
                         957 
0000022c 00              958 	.byte	0
                         959 
                         960 .LDW_285dd38:
0000022d 14              961 	.byte	20
0000022e 546d735f4973    962 	.strz	"Tms_IsAutolocationFinished"
00000234 4175746f6c6f 
0000023a 636174696f6e 
00000240 46696e697368 
00000246 656400 
00000249 1d              963 	.byte	29
0000024a 10              964 	.byte	16
0000024b 01              965 	.byte	1
0000024c 00000000*       966 	.word	.LDW_285ef80
00000250 00000000*       967 	.word	_Tms_IsAutolocationFinished
00000254 00000000*       968 	.word	___ghs_eofn_Tms_IsAutolocationFinished
00000258 0153            969 	.byte	1,83
0000025a 02              970 	.byte	2
0000025b 00              971 	.byte	0
0000025c 02              972 	.byte	2
0000025d 00              973 	.byte	0
0000025e 00              974 	.byte	0
0000025f 00              975 	.byte	0
00000260 00              976 	.byte	0
00000261 01              977 	.byte	1
00000262 01              978 	.byte	1
00000263 00              979 	.byte	0
00000264 01              980 	.byte	1
                         981 
                         982 	.section	.debug_frame

                                                                      Page 19
                                                              C:\Users\nhuliyap\AppData\Local\Temp\gh_00002e81.s
                         983 .LDW_4bfc870:
000000d8 00000000*       984 	.word	.LDW_unq_a-.LDW_unq_9
                         985 .LDW_unq_9:
000000dc 00000000*       986 	.word	.LDW_4bea4f8
000000e0 00000000*       987 	.word	_Tms_IsAutolocationFinished
000000e4 00000000*       988 	.word	___ghs_eofn_Tms_IsAutolocationFinished-_Tms_IsAutolocationFinished
000000e8 01              989 	.byte	1
000000e9 00000000*       990 	.word	.LDW71
000000ed 00              991 	.byte	0
000000ee 00              992 	.byte	0
000000ef 00              993 	.byte	0
                         994 .LDW_unq_a:
                         995 	.section	.debug_line
00000236 000502          996 	.byte	0,5,2
00000239 00000000*       997 	.word	_Tms_IsAutolocationFinished
0000023d 06              998 	.byte	6
0000023e 03              999 	.byte	3
0000023f 1f             1000 	.byte	31
00000240 02             1001 	.byte	2
00000241 00             1002 	.byte	0
00000242 01             1003 	.byte	1
00000243 000502         1004 	.byte	0,5,2
00000246 00000000*      1005 	.word	.LDWlin4
0000024a 03             1006 	.byte	3
0000024b 06             1007 	.byte	6
0000024c 02             1008 	.byte	2
0000024d 00             1009 	.byte	0
0000024e 01             1010 	.byte	1
0000024f 02             1011 	.byte	2
00000250 00             1012 	.byte	0
00000251 0c             1013 	.byte	12
00000252 02             1014 	.byte	2
00000253 02             1015 	.byte	2
00000254 000101         1016 	.byte	0,1,1
                        1017 	.section	.debug_info
                        1018 .LDW_2811820:
00000265 1d             1019 	.byte	29
00000266 00000000*      1020 	.word	.LDW61
0000026a 00000000*      1021 	.word	.LDW71
                        1022 
                        1023 .LDW_285ddd0:
0000026e 04             1024 	.byte	4
0000026f 424f5f497341   1025 	.strz	"BO_IsAutolocationFinished"
00000275 75746f6c6f63 
0000027b 6174696f6e46 
00000281 696e69736865 
00000287 6400 
00000289 1e             1026 	.byte	30
0000028a 0b             1027 	.byte	11
0000028b 01             1028 	.byte	1
0000028c 00000000*      1029 	.word	.LDW_285ef80
00000290 00             1030 	.byte	0
00000291 00             1031 	.byte	0
00000292 015a           1032 	.byte	1,90
                        1033 
00000294 00             1034 	.byte	0
                        1035 
00000295 00             1036 	.byte	0
                        1037 
                        1038 .LDW_285de28:
00000296 14             1039 	.byte	20

                                                                      Page 20
                                                              C:\Users\nhuliyap\AppData\Local\Temp\gh_00002e81.s
00000297 546d735f4973   1040 	.strz	"Tms_IsCyclicMessageEnabled"
0000029d 4379636c6963 
000002a3 4d6573736167 
000002a9 65456e61626c 
000002af 656400 
000002b2 2b             1041 	.byte	43
000002b3 10             1042 	.byte	16
000002b4 01             1043 	.byte	1
000002b5 00000000*      1044 	.word	.LDW_285ef80
000002b9 00000000*      1045 	.word	_Tms_IsCyclicMessageEnabled
000002bd 00000000*      1046 	.word	___ghs_eofn_Tms_IsCyclicMessageEnabled
000002c1 0153           1047 	.byte	1,83
000002c3 02             1048 	.byte	2
000002c4 00             1049 	.byte	0
000002c5 02             1050 	.byte	2
000002c6 00             1051 	.byte	0
000002c7 00             1052 	.byte	0
000002c8 00             1053 	.byte	0
000002c9 00             1054 	.byte	0
000002ca 01             1055 	.byte	1
000002cb 01             1056 	.byte	1
000002cc 00             1057 	.byte	0
000002cd 01             1058 	.byte	1
                        1059 
                        1060 	.section	.debug_frame
                        1061 .LDW_4bfc5f0:
000000f0 00000000*      1062 	.word	.LDW_unq_c-.LDW_unq_b
                        1063 .LDW_unq_b:
000000f4 00000000*      1064 	.word	.LDW_4bea4f8
000000f8 00000000*      1065 	.word	_Tms_IsCyclicMessageEnabled
000000fc 00000000*      1066 	.word	___ghs_eofn_Tms_IsCyclicMessageEnabled-_Tms_IsCyclicMessageEnabled
00000100 01             1067 	.byte	1
00000101 00000000*      1068 	.word	.LDW91
00000105 00             1069 	.byte	0
00000106 00             1070 	.byte	0
00000107 00             1071 	.byte	0
                        1072 .LDW_unq_c:
                        1073 	.section	.debug_line
00000257 000502         1074 	.byte	0,5,2
0000025a 00000000*      1075 	.word	_Tms_IsCyclicMessageEnabled
0000025e 06             1076 	.byte	6
0000025f 03             1077 	.byte	3
00000260 2d             1078 	.byte	45
00000261 02             1079 	.byte	2
00000262 00             1080 	.byte	0
00000263 01             1081 	.byte	1
00000264 000502         1082 	.byte	0,5,2
00000267 00000000*      1083 	.word	.LDWlin5
0000026b 03             1084 	.byte	3
0000026c 06             1085 	.byte	6
0000026d 02             1086 	.byte	2
0000026e 00             1087 	.byte	0
0000026f 01             1088 	.byte	1
00000270 02             1089 	.byte	2
00000271 00             1090 	.byte	0
00000272 0c             1091 	.byte	12
00000273 02             1092 	.byte	2
00000274 02             1093 	.byte	2
00000275 000101         1094 	.byte	0,1,1
                        1095 	.section	.debug_info
                        1096 .LDW_28116a0:

                                                                      Page 21
                                                              C:\Users\nhuliyap\AppData\Local\Temp\gh_00002e81.s
000002ce 1d             1097 	.byte	29
000002cf 00000000*      1098 	.word	.LDW81
000002d3 00000000*      1099 	.word	.LDW91
                        1100 
                        1101 .LDW_285dec0:
000002d7 04             1102 	.byte	4
000002d8 424f5f497343   1103 	.strz	"BO_IsCyclicMessageEnabled"
000002de 79636c69634d 
000002e4 657373616765 
000002ea 456e61626c65 
000002f0 6400 
000002f2 2c             1104 	.byte	44
000002f3 0b             1105 	.byte	11
000002f4 01             1106 	.byte	1
000002f5 00000000*      1107 	.word	.LDW_285ef80
000002f9 00             1108 	.byte	0
000002fa 00             1109 	.byte	0
000002fb 015a           1110 	.byte	1,90
                        1111 
000002fd 00             1112 	.byte	0
                        1113 
000002fe 00             1114 	.byte	0
                        1115 
                        1116 .LDW_285df18:
000002ff 14             1117 	.byte	20
00000300 546d735f4973   1118 	.strz	"Tms_IsAutolearnFinished"
00000306 4175746f6c65 
0000030c 61726e46696e 
00000312 697368656400 
00000318 39             1119 	.byte	57
00000319 10             1120 	.byte	16
0000031a 01             1121 	.byte	1
0000031b 00000000*      1122 	.word	.LDW_285ef80
0000031f 00000000*      1123 	.word	_Tms_IsAutolearnFinished
00000323 00000000*      1124 	.word	___ghs_eofn_Tms_IsAutolearnFinished
00000327 0153           1125 	.byte	1,83
00000329 02             1126 	.byte	2
0000032a 00             1127 	.byte	0
0000032b 02             1128 	.byte	2
0000032c 00             1129 	.byte	0
0000032d 00             1130 	.byte	0
0000032e 00             1131 	.byte	0
0000032f 00             1132 	.byte	0
00000330 01             1133 	.byte	1
00000331 01             1134 	.byte	1
00000332 00             1135 	.byte	0
00000333 01             1136 	.byte	1
                        1137 
                        1138 	.section	.debug_frame
                        1139 .LDW_4bfc270:
00000108 00000000*      1140 	.word	.LDW_unq_e-.LDW_unq_d
                        1141 .LDW_unq_d:
0000010c 00000000*      1142 	.word	.LDW_4bea4f8
00000110 00000000*      1143 	.word	_Tms_IsAutolearnFinished
00000114 00000000*      1144 	.word	___ghs_eofn_Tms_IsAutolearnFinished-_Tms_IsAutolearnFinished
00000118 01             1145 	.byte	1
00000119 00000000*      1146 	.word	.LDW12
0000011d 00             1147 	.byte	0
0000011e 00             1148 	.byte	0
0000011f 00             1149 	.byte	0
                        1150 .LDW_unq_e:

                                                                      Page 22
                                                              C:\Users\nhuliyap\AppData\Local\Temp\gh_00002e81.s
                        1151 	.section	.debug_line
00000278 000502         1152 	.byte	0,5,2
0000027b 00000000*      1153 	.word	_Tms_IsAutolearnFinished
0000027f 06             1154 	.byte	6
00000280 03             1155 	.byte	3
00000281 3b             1156 	.byte	59
00000282 02             1157 	.byte	2
00000283 00             1158 	.byte	0
00000284 01             1159 	.byte	1
00000285 000502         1160 	.byte	0,5,2
00000288 00000000*      1161 	.word	.LDWlin6
0000028c 03             1162 	.byte	3
0000028d 06             1163 	.byte	6
0000028e 02             1164 	.byte	2
0000028f 00             1165 	.byte	0
00000290 01             1166 	.byte	1
00000291 02             1167 	.byte	2
00000292 00             1168 	.byte	0
00000293 0c             1169 	.byte	12
00000294 02             1170 	.byte	2
00000295 02             1171 	.byte	2
00000296 000101         1172 	.byte	0,1,1
                        1173 	.section	.debug_info
                        1174 .LDW_2811880:
00000334 1d             1175 	.byte	29
00000335 00000000*      1176 	.word	.LDW02
00000339 00000000*      1177 	.word	.LDW12
                        1178 
                        1179 .LDW_285dfb0:
0000033d 04             1180 	.byte	4
0000033e 424f5f497341   1181 	.strz	"BO_IsAutolearnFinished"
00000344 75746f6c6561 
0000034a 726e46696e69 
00000350 7368656400 
00000355 3a             1182 	.byte	58
00000356 0b             1183 	.byte	11
00000357 01             1184 	.byte	1
00000358 00000000*      1185 	.word	.LDW_285ef80
0000035c 00             1186 	.byte	0
0000035d 00             1187 	.byte	0
0000035e 015a           1188 	.byte	1,90
                        1189 
00000360 00             1190 	.byte	0
                        1191 
00000361 00             1192 	.byte	0
                        1193 
                        1194 .LDW_285e008:
00000362 14             1195 	.byte	20
00000363 546d735f4973   1196 	.strz	"Tms_IsDeveloperModeActive"
00000369 446576656c6f 
0000036f 7065724d6f64 
00000375 654163746976 
0000037b 6500 
0000037d 47             1197 	.byte	71
0000037e 10             1198 	.byte	16
0000037f 01             1199 	.byte	1
00000380 00000000*      1200 	.word	.LDW_285ef80
00000384 00000000*      1201 	.word	_Tms_IsDeveloperModeActive
00000388 00000000*      1202 	.word	___ghs_eofn_Tms_IsDeveloperModeActive
0000038c 0153           1203 	.byte	1,83
0000038e 02             1204 	.byte	2

                                                                      Page 23
                                                              C:\Users\nhuliyap\AppData\Local\Temp\gh_00002e81.s
0000038f 00             1205 	.byte	0
00000390 02             1206 	.byte	2
00000391 00             1207 	.byte	0
00000392 00             1208 	.byte	0
00000393 00             1209 	.byte	0
00000394 00             1210 	.byte	0
00000395 01             1211 	.byte	1
00000396 01             1212 	.byte	1
00000397 00             1213 	.byte	0
00000398 01             1214 	.byte	1
                        1215 
                        1216 	.section	.debug_frame
                        1217 .LDW_4bfc070:
00000120 00000000*      1218 	.word	.LDW_unq_10-.LDW_unq_f
                        1219 .LDW_unq_f:
00000124 00000000*      1220 	.word	.LDW_4bea4f8
00000128 00000000*      1221 	.word	_Tms_IsDeveloperModeActive
0000012c 00000000*      1222 	.word	___ghs_eofn_Tms_IsDeveloperModeActive-_Tms_IsDeveloperModeActive
00000130 01             1223 	.byte	1
00000131 00000000*      1224 	.word	.LDW32
00000135 00             1225 	.byte	0
00000136 00             1226 	.byte	0
00000137 00             1227 	.byte	0
                        1228 .LDW_unq_10:
                        1229 	.section	.debug_line
00000299 000502         1230 	.byte	0,5,2
0000029c 00000000*      1231 	.word	_Tms_IsDeveloperModeActive
000002a0 06             1232 	.byte	6
000002a1 03             1233 	.byte	3
000002a2 c900           1234 	.byte	201,0
000002a4 02             1235 	.byte	2
000002a5 00             1236 	.byte	0
000002a6 01             1237 	.byte	1
000002a7 000502         1238 	.byte	0,5,2
000002aa 00000000*      1239 	.word	.LDWlin7
000002ae 03             1240 	.byte	3
000002af 06             1241 	.byte	6
000002b0 02             1242 	.byte	2
000002b1 00             1243 	.byte	0
000002b2 01             1244 	.byte	1
000002b3 02             1245 	.byte	2
000002b4 00             1246 	.byte	0
000002b5 0c             1247 	.byte	12
000002b6 02             1248 	.byte	2
000002b7 02             1249 	.byte	2
000002b8 000101         1250 	.byte	0,1,1
                        1251 	.section	.debug_info
                        1252 .LDW_2811a30:
00000399 1d             1253 	.byte	29
0000039a 00000000*      1254 	.word	.LDW22
0000039e 00000000*      1255 	.word	.LDW32
                        1256 
                        1257 .LDW_285e0a0:
000003a2 04             1258 	.byte	4
000003a3 424f5f497344   1259 	.strz	"BO_IsDeveloperModeActive"
000003a9 6576656c6f70 
000003af 65724d6f6465 
000003b5 416374697665 
000003bb 00 
000003bc 48             1260 	.byte	72
000003bd 0b             1261 	.byte	11

                                                                      Page 24
                                                              C:\Users\nhuliyap\AppData\Local\Temp\gh_00002e81.s
000003be 01             1262 	.byte	1
000003bf 00000000*      1263 	.word	.LDW_285ef80
000003c3 00             1264 	.byte	0
000003c4 00             1265 	.byte	0
000003c5 015a           1266 	.byte	1,90
                        1267 
000003c7 00             1268 	.byte	0
                        1269 
000003c8 00             1270 	.byte	0
                        1271 
000003c9 00             1272 	.byte	0
                        1273 
                        1274 	.section	.debug_line
                        1275 .Ldw_line_end:
                        1276 	.section	.debug_macinfo
00000000 01             1277 	.byte	1
00000001 00             1278 	.byte	0
00000002 5f5f6768735f   1279 	.strz	"__ghs__ 1"
00000008 5f203100 
0000000c 01             1280 	.byte	1
0000000d 00             1281 	.byte	0
0000000e 5f5f4c4c4f4e   1282 	.strz	"__LLONG_BIT 64"
00000014 475f42495420 
0000001a 363400 
0000001d 03             1283 	.byte	3
0000001e 00             1284 	.byte	0
0000001f 01             1285 	.byte	1
00000020 03             1286 	.byte	3
00000021 01             1287 	.byte	1
00000022 02             1288 	.byte	2
00000023 03             1289 	.byte	3
00000024 1c             1290 	.byte	28
00000025 03             1291 	.byte	3
00000026 01             1292 	.byte	1
00000027 3c             1293 	.byte	60
00000028 545255452031   1294 	.strz	"TRUE 1u"
0000002e 7500 
00000030 01             1295 	.byte	1
00000031 40             1296 	.byte	64
00000032 46414c534520   1297 	.strz	"FALSE 0u"
00000038 307500 
0000003b 04             1298 	.byte	4
0000003c 03             1299 	.byte	3
0000003d 1d             1300 	.byte	29
0000003e 04             1301 	.byte	4
0000003f 03             1302 	.byte	3
00000040 1b             1303 	.byte	27
00000041 05             1304 	.byte	5
00000042 03             1305 	.byte	3
00000043 54             1306 	.byte	84
00000044 06             1307 	.byte	6
00000045 04             1308 	.byte	4
00000046 04             1309 	.byte	4
00000047 04             1310 	.byte	4
00000048 04             1311 	.byte	4
00000049 03             1312 	.byte	3
0000004a 03             1313 	.byte	3
0000004b 07             1314 	.byte	7
0000004c 03             1315 	.byte	3
0000004d 06             1316 	.byte	6
0000004e 08             1317 	.byte	8

                                                                      Page 25
                                                              C:\Users\nhuliyap\AppData\Local\Temp\gh_00002e81.s
0000004f 03             1318 	.byte	3
00000050 04             1319 	.byte	4
00000051 09             1320 	.byte	9
00000052 03             1321 	.byte	3
00000053 04             1322 	.byte	4
00000054 0a             1323 	.byte	10
00000055 03             1324 	.byte	3
00000056 04             1325 	.byte	4
00000057 0b             1326 	.byte	11
00000058 04             1327 	.byte	4
00000059 01             1328 	.byte	1
0000005a 0e             1329 	.byte	14
0000005b 50524f445543   1330 	.strz	"PRODUCTION_SW 0x0"
00000061 54494f4e5f53 
00000067 572030783000 
0000006d 01             1331 	.byte	1
0000006e 0f             1332 	.byte	15
0000006f 444556454c4f   1333 	.strz	"DEVELOPMENT_SW 0x1"
00000075 504d454e545f 
0000007b 535720307831 
00000081 00 
00000082 01             1334 	.byte	1
00000083 10             1335 	.byte	16
00000084 53575f434154   1336 	.strz	"SW_CATEGORY PRODUCTION_SW"
0000008a 45474f525920 
00000090 50524f445543 
00000096 54494f4e5f53 
0000009c 5700 
0000009e 04             1337 	.byte	4
0000009f 01             1338 	.byte	1
000000a0 06             1339 	.byte	6
000000a1 4d41585f5349   1340 	.strz	"MAX_SIZE_WS_TELEGRAM 16U"
000000a7 5a455f57535f 
000000ad 54454c454752 
000000b3 414d20313655 
000000b9 00 
000000ba 01             1341 	.byte	1
000000bb 0e             1342 	.byte	14
000000bc 4e564d5f424c   1343 	.strz	"NVM_BLOCK_TYPE uint32"
000000c2 4f434b5f5459 
000000c8 50452075696e 
000000ce 74333200 
000000d2 04             1344 	.byte	4
000000d3 04             1345 	.byte	4
000000d4 01             1346 	.byte	1
000000d5 08             1347 	.byte	8
000000d6 544d535f5f49   1348 	.strz	"TMS__INIT_VALUE ((uint8) 0x00U)"
000000dc 4e49545f5641 
000000e2 4c5545202828 
000000e8 75696e743829 
000000ee 203078303055 
000000f4 2900 
000000f6 01             1349 	.byte	1
000000f7 0a             1350 	.byte	10
000000f8 544d535f5f46   1351 	.strz	"TMS__FUNCTIONING_BIT_MASK ((uint8) 0x01U)"
000000fe 554e4354494f 
00000104 4e494e475f42 
0000010a 49545f4d4153 
00000110 4b2028287569 
00000116 6e7438292030 
0000011c 783031552900 

                                                                      Page 26
                                                              C:\Users\nhuliyap\AppData\Local\Temp\gh_00002e81.s
00000122 01             1352 	.byte	1
00000123 0b             1353 	.byte	11
00000124 544d535f5f41   1354 	.strz	"TMS__AUTOLOCATION_BIT_MASK ((uint8) 0x02U)"
0000012a 55544f4c4f43 
00000130 4154494f4e5f 
00000136 4249545f4d41 
0000013c 534b20282875 
00000142 696e74382920 
00000148 307830325529 
0000014e 00 
0000014f 01             1355 	.byte	1
00000150 0c             1356 	.byte	12
00000151 544d535f5f43   1357 	.strz	"TMS__CYCLIC_MESSAGE_BIT_MASK ((uint8) 0x04U)"
00000157 59434c49435f 
0000015d 4d4553534147 
00000163 455f4249545f 
00000169 4d41534b2028 
0000016f 2875696e7438 
00000175 292030783034 
0000017b 552900 
0000017e 01             1358 	.byte	1
0000017f 0d             1359 	.byte	13
00000180 544d535f5f41   1360 	.strz	"TMS__AUTOLEARN_BIT_MASK ((uint8) 0x08U)"
00000186 55544f4c4541 
0000018c 524e5f424954 
00000192 5f4d41534b20 
00000198 282875696e74 
0000019e 382920307830 
000001a4 38552900 
000001a8 01             1361 	.byte	1
000001a9 0e             1362 	.byte	14
000001aa 544d535f5f44   1363 	.strz	"TMS__DEVELOPER_MODE_BIT_MASK ((uint8) 0x10U)"
000001b0 4556454c4f50 
000001b6 45525f4d4f44 
000001bc 455f4249545f 
000001c2 4d41534b2028 
000001c8 2875696e7438 
000001ce 292030783130 
000001d4 552900 
000001d7 04             1364 	.byte	4
000001d8 04             1365 	.byte	4
000001d9 00             1366 	.byte	0
                        1367 	.section	.debug_abbrev
000000e6 00             1368 	.byte	0
                        1369 	.section	.debug_info
                        1370 .Ldw_end:
                        1371 .rh850_flags REGMODE32,DATA_ALIGN8,GP_FIX,EP_NONFIX,TP_FIX,REG2_RESERVE,G3K,GHS_MISALIGN,SDA_EXTRA_REGS_0
