                                                                      Page 1
                                                              C:\Users\nhuliyap\AppData\Local\Temp\gh_00007dc1.s
Command Line: C:\ghs\comp_201517\ease850.exe -w -elf -b0 -I../source/common -I../source/ProjectCompiler -I../source/ProjectCfg -I../source/SwcApplTpms -I../source/SwcApplEcuM -I../source/SwcServiceBswM -I../source/SwcServiceEcuM -I../source/SwcServiceNvM -I../source/SwcServiceOs -I../source/SwcServiceStartUp -I../source/McalAdc -I../source/McalDio -I../source/McalGpt -I../source/McalMcu -I../source/McalWdg -I../source/wrappers -I../source/wrappers/McalAta -I../source/McalLin -I../source/McalCan -I../source/wrappers/OS -I../source/McalFls -I../source/EcuabFee -I../source/EcuabMemIf -I../source/wrappers/VStdLib -I../source/wrappers/Crc -I../source/wrappers/FBL_APPL -I../source/wrappers/NVM_MANAGER -I../source/wrappers/DEM_MANAGER -I../source/wrappers/RDC_MANAGER -I../source/wrappers/ENV_MANAGER -I../source/wrappers/SYS_MANAGER -I../source/wrappers/EcuabCanIf -I../source/EcuabCanTrcv -I../source/wrappers/SwcServiceCanSM -I../source/wrappers/SwcServiceCanTp -I../source/wrappers/SwcServiceCanTp_PreCompile -I../source/wrappers/SwcServiceCom -I../source/wrappers/SwcServiceComM -I../source/wrappers/SwcServiceDcm -I../source/wrappers/SwcServicePduR -I../source/wrappers/SwcServiceEcuM -I../source/wrappers/Bfx -I../source/wrappers/SwcServiceDem -I../source/SwcServiceCom -I../source/SwcServiceDet -I../source/SwcServiceFiM -I../source/SwcServicePduR -I../source/SwcServiceSchM -I../source/wrappers/LibAutosarDiag -I../source/wrappers/rba_BswSrv -IC:\ghs\comp_201517\lib\rh850 -cg_underscore -cpu=rh850g3k -no_v850_simd -rh850_fpsimd=none -nomacro -patch_dbo=C:\_ECU2\ECU_Rivian_A1\Target\repo_projects\pRealEcu\cR_LATEST\make\output\objects\USWTime.dbo -source=USWTime.c -o output\objects\gh_00007dc1.o -list=output\list\USWTime.lst C:\Users\nhuliyap\AppData\Local\Temp\gh_00007dc1.s 
Original File: C:\Users\nhuliyap\AppData\Local\Temp\gh_00007dc1.s
Source File: USWTime.c
Directory: C:\_ECU2\ECU_Rivian_A1\Target\repo_projects\pRealEcu\cR_LATEST\make
Host OS: Windows
EASE: Copyright (C) 1983-2015 Green Hills Software.  All Rights Reserved.
Release: Compiler v2015.1.7
Build Directory: [Directory] BTOWORKER6:c:/build_2015_1_bto/2015-10-21.2100-2015_1_bto/win32-comp-ecom
Revision: [VCInfo] http://toolsvc/branches/release-branch-70-bto/src@544153 (built by build)
Revision Date: Thu Oct 22 07:50:13 2015

Release Date: Thu Oct 22 09:32:32 2015

                           1 --Driver Command: ccv850 ../source/SwcApplTpms/USWTime.c -cpu=rh850 -fhard
                           2 --		-ignore_callt_state_in_interrupts -large_sda -misalign_pack
                           3 --		-nofarcalls -nofloatio -no_callt -Ogeneral -Onounroll
                           4 --		-prepare_dispose -registermode=32 -reserve_r2 -sda=0
                           5 --		-shorten_loads -Wshadow --brief_diagnostics --no_commons
                           6 --		--no_wrap_diagnostics --prototype_errors --short_enum -list -G
                           7 --		-dual_debug -dwarf -X5523 -lnk=-no_xda_modifications -D
                           8 --		NOT_READY_FOR_TESTING_OR_DEPLOYMENT -D IBTCM_SW_ANPASSUNGEN -D
                           9 --		BUILD_RIVIAN -c -inline_prologue -I../source/common
                          10 --		-I../source/ProjectCompiler -I../source/ProjectCfg
                          11 --		-I../source/SwcApplTpms -I../source/SwcApplEcuM
                          12 --		-I../source/SwcServiceBswM -I../source/SwcServiceEcuM
                          13 --		-I../source/SwcServiceNvM -I../source/SwcServiceOs
                          14 --		-I../source/SwcServiceStartUp -I../source/McalAdc
                          15 --		-I../source/McalDio -I../source/McalGpt -I../source/McalMcu
                          16 --		-I../source/McalWdg -I../source/wrappers
                          17 --		-I../source/wrappers/McalAta -I../source/McalLin
                          18 --		-I../source/McalCan -I../source/wrappers/OS -I../source/McalFls
                          19 --		-I../source/EcuabFee -I../source/EcuabMemIf
                          20 --		-I../source/wrappers/VStdLib -I../source/wrappers
                          21 --		-I../source/wrappers/Crc -I../source/wrappers/FBL_APPL
                          22 --		-I../source/wrappers/NVM_MANAGER -I../source/wrappers/DEM_MANAGER
                          23 --		-I../source/wrappers/RDC_MANAGER -I../source/wrappers/ENV_MANAGER
                          24 --		-I../source/wrappers/SYS_MANAGER -I../source/wrappers/EcuabCanIf
                          25 --		-I../source/EcuabCanTrcv -I../source/wrappers/SwcServiceCanSM
                          26 --		-I../source/wrappers/SwcServiceCanTp
                          27 --		-I../source/wrappers/SwcServiceCanTp_PreCompile
                          28 --		-I../source/wrappers/SwcServiceCom
                          29 --		-I../source/wrappers/SwcServiceComM
                          30 --		-I../source/wrappers/SwcServiceDcm
                          31 --		-I../source/wrappers/SwcServicePduR
                          32 --		-I../source/wrappers/SwcServiceEcuM -I../source/wrappers/Bfx
                          33 --		-I../source/wrappers/SwcServiceDem -I../source/SwcServiceCom
                          34 --		-I../source/SwcServiceDet -I../source/SwcServiceFiM
                          35 --		-I../source/SwcServicePduR -I../source/SwcServiceSchM
                          36 --		-I../source/wrappers/LibAutosarDiag
                          37 --		-I../source/wrappers/rba_BswSrv -object_dir=output/objects
                          38 --		-list_dir=output/list
                          39 --Source File:   ../source/SwcApplTpms/USWTime.c
                          40 --Directory:     
                          41 --		C:\_ECU2\ECU_Rivian_A1\Target\repo_projects\pRealEcu\cR_LATEST\make
                          42 --Compile Date:  Fri Sep 15 14:16:19 2023
                          43 --Host OS:       Win32
                          44 --Version:       C-RH850 2015.1.7 RELEASE VERSION
                          45 --Release:       Compiler v2015.1.7
                          46 --Revision Date: Thu Oct 22 08:06:12 2015
                          47 --Release Date:  Thu Oct 22 09:34:32 2015
                          48 -- ecom  -g -w -OM
                          49 	.text
                          50 ..bof.C.3A.5C_ECU2.5CECU_Rivian_A1.5CTarget.5Crepo_projects.5CpRealEcu.5CcR_LATEST.5Cmake.5Coutput.5Cobjects.5CUSWTime...43.3A.5C_ECU2.5CECU_Rivian_A1.5CTarget.5Crepo_projects.5CpRealEcu.5CcR_LATEST.5Cmake..65044B13..0::

                                                                      Page 2
                                                              C:\Users\nhuliyap\AppData\Local\Temp\gh_00007dc1.s
                          51 	.align	2
                          52 ..gh.f.f.1.e.0:
                          53 	.type	..gh.f.f.1.e.0,@object
                          54 	.size	..gh.f.f.1.e.0,0
                          55 	.global	_ucGetFilterSTActive..C.3A.5C_ECU2.5CECU_Rivian_A1.5CTarget.5Crepo_projects.5CpRealEcu.5CcR_LATEST.5Cmake.5Coutput.5Cobjects.5CUSWTime.
                          56 _ucGetFilterSTActive..C.3A.5C_ECU2.5CECU_Rivian_A1.5CTarget.5Crepo_projects.5CpRealEcu.5CcR_LATEST.5Cmake.5Coutput.5Cobjects.5CUSWTime.:
                          57 _ucGetFilterSTActive:
00000000 06f0             58 	mov	r6,ep
00000002 9e00             59 	zxb	ep
                          60 --	    .bf
                          61 .LDW01:
00000004 330600000000*    62 	mov	_ucBitNoc,r19
0000000a d3f1             63 	add	r19,ep
0000000c 40960000*        64 	movhi	hi(_ucFilterSTActive),zero,r18
00000010 6088             65 	sld.bu	0[ep],r17
00000012 92970100*        66 	ld.bu	lo(_ucFilterSTActive)[r18],r18
00000016 5191             67 	and	r17,r18
00000018 f191             68 	cmp	r17,r18
0000001a e2570000         69 	setfe	r10
                          70 --	    .ef
                          71 .LDW11:
                          72 --line26
                          73 ..lin.C.3A.5C_ECU2.5CECU_Rivian_A1.5CTarget.5Crepo_projects.5CpRealEcu.5CcR_LATEST.5Cmake.5Coutput.5Cobjects.5CUSWTime.1::
                          74 .LDWlin1:
0000001e 7f00             75 	jmp	[lp]
                          76 ___ghs_eofn_ucGetFilterSTActive:
                          77 	.type	_ucGetFilterSTActive,@function
                          78 	.size	_ucGetFilterSTActive,.-_ucGetFilterSTActive
                          79 	.type	_ucGetFilterSTActive..C.3A.5C_ECU2.5CECU_Rivian_A1.5CTarget.5Crepo_projects.5CpRealEcu.5CcR_LATEST.5Cmake.5Coutput.5Cobjects.5CUSWTime.,@function
                          80 	.size	_ucGetFilterSTActive..C.3A.5C_ECU2.5CECU_Rivian_A1.5CTarget.5Crepo_projects.5CpRealEcu.5CcR_LATEST.5Cmake.5Coutput.5Cobjects.5CUSWTime.,.-_ucGetFilterSTActive..C.3A.5C_ECU2.5CECU_Rivian_A1.5CTarget.5Crepo_projects.5CpRealEcu.5CcR_LATEST.5Cmake.5Coutput.5Cobjects.5CUSWTime.
                          81 	.align	2
                          82 
                          83 --_ucIdX	r6	param
                          84 
                          85 	.section ".bss","awb"
                          86 	.align	4
                          87 .L36:
                          88 	.type	.L36,@object
                          89 	.size	.L36,0
                          90 	.global	_ucSofTimerWT..C.3A.5C_ECU2.5CECU_Rivian_A1.5CTarget.5Crepo_projects.5CpRealEcu.5CcR_LATEST.5Cmake.5Coutput.5Cobjects.5CUSWTime.
                          91 _ucSofTimerWT..C.3A.5C_ECU2.5CECU_Rivian_A1.5CTarget.5Crepo_projects.5CpRealEcu.5CcR_LATEST.5Cmake.5Coutput.5Cobjects.5CUSWTime.:
00000000 00000000         92 _ucSofTimerWT:	.space	4
                          93 	.type	_ucSofTimerWT..C.3A.5C_ECU2.5CECU_Rivian_A1.5CTarget.5Crepo_projects.5CpRealEcu.5CcR_LATEST.5Cmake.5Coutput.5Cobjects.5CUSWTime.,@object
                          94 	.size	_ucSofTimerWT..C.3A.5C_ECU2.5CECU_Rivian_A1.5CTarget.5Crepo_projects.5CpRealEcu.5CcR_LATEST.5Cmake.5Coutput.5Cobjects.5CUSWTime.,4
                          95 	.type	_ucSofTimerWT,@object
                          96 	.size	_ucSofTimerWT,4
                          97 	.global	_ucFilterSTActive..C.3A.5C_ECU2.5CECU_Rivian_A1.5CTarget.5Crepo_projects.5CpRealEcu.5CcR_LATEST.5Cmake.5Coutput.5Cobjects.5CUSWTime.
                          98 _ucFilterSTActive..C.3A.5C_ECU2.5CECU_Rivian_A1.5CTarget.5Crepo_projects.5CpRealEcu.5CcR_LATEST.5Cmake.5Coutput.5Cobjects.5CUSWTime.:
00000004 00               99 _ucFilterSTActive:	.space	1
                         100 	.type	_ucFilterSTActive..C.3A.5C_ECU2.5CECU_Rivian_A1.5CTarget.5Crepo_projects.5CpRealEcu.5CcR_LATEST.5Cmake.5Coutput.5Cobjects.5CUSWTime.,@object
                         101 	.size	_ucFilterSTActive..C.3A.5C_ECU2.5CECU_Rivian_A1.5CTarget.5Crepo_projects.5CpRealEcu.5CcR_LATEST.5Cmake.5Coutput.5Cobjects.5CUSWTime.,1
                         102 	.type	_ucFilterSTActive,@object
                         103 	.size	_ucFilterSTActive,1
                         104 	.data
                         105 	.text
                         106 	.align	2
                         107 	.align	2
                         108 ..gh.f.f.1.e.1:
                         109 	.type	..gh.f.f.1.e.1,@object
                         110 	.size	..gh.f.f.1.e.1,0
                         111 	.global	_StopFilterSTWT

                                                                      Page 3
                                                              C:\Users\nhuliyap\AppData\Local\Temp\gh_00007dc1.s
                         112 _StopFilterSTWT:
00000020 8600            113 	zxb	r6
                         114 --	    .bf
                         115 .LDW21:
00000022 6432            116 	cmp	4,r6
00000024 c915*           117 	bnl	.L54
                         118 --line36
                         119 ..lin.C.3A.5C_ECU2.5CECU_Rivian_A1.5CTarget.5Crepo_projects.5CpRealEcu.5CcR_LATEST.5Cmake.5Coutput.5Cobjects.5CUSWTime.2::
                         120 .LDWlin2:
00000026 3e0600000000*   121 	mov	_ucBitNoc,ep
0000002c c6f1            122 	add	r6,ep
0000002e 320600000000*   123 	mov	_ucSofTimerWT,r18
00000034 6078            124 	sld.bu	0[ep],r15
00000036 32f60400        125 	movea	4,r18,ep
0000003a 6098            126 	sld.bu	0[ep],r19
                         127 --line37
                         128 ..lin.C.3A.5C_ECU2.5CECU_Rivian_A1.5CTarget.5Crepo_projects.5CpRealEcu.5CcR_LATEST.5Cmake.5Coutput.5Cobjects.5CUSWTime.3::
                         129 .LDWlin3:
0000003c 20763600        130 	movea	54,zero,r14
00000040 2f80            131 	not	r15,r16
00000042 5099            132 	and	r16,r19
00000044 809b            133 	sst.b	r19,0[ep]
00000046 06f0            134 	mov	r6,ep
00000048 d2f1            135 	add	r18,ep
0000004a 8073            136 	sst.b	r14,0[ep]
                         137 .L54:
                         138 --	    .ef
                         139 .LDW31:
0000004c 7f00            140 	jmp	[lp]
                         141 	.global	___ghs_eofn_StopFilterSTWT
                         142 ___ghs_eofn_StopFilterSTWT:
                         143 	.type	_StopFilterSTWT,@function
                         144 	.size	_StopFilterSTWT,.-_StopFilterSTWT
                         145 	.align	2
                         146 
                         147 --_ucIdX	r6	param
                         148 
                         149 	.data
                         150 	.text
                         151 	.align	2
                         152 	.align	2
                         153 ..gh.f.f.1.e.2:
                         154 	.type	..gh.f.f.1.e.2,@object
                         155 	.size	..gh.f.f.1.e.2,0
                         156 	.global	_ucStartFilterSTWT
                         157 _ucStartFilterSTWT:
0000004e 8600            158 	zxb	r6
                         159 --	    .bf
                         160 .LDW41:
00000050 6432            161 	cmp	4,r6
00000052 e91d*           162 	bnl	.L121
                         163 --line45
                         164 ..lin.C.3A.5C_ECU2.5CECU_Rivian_A1.5CTarget.5Crepo_projects.5CpRealEcu.5CcR_LATEST.5Cmake.5Coutput.5Cobjects.5CUSWTime.4::
                         165 .LDWlin4:
00000054 3e0600000000*   166 	mov	_ucBitNoc,ep
0000005a c6f1            167 	add	r6,ep
0000005c 320600000000*   168 	mov	_ucSofTimerWT,r18
00000062 6098            169 	sld.bu	0[ep],r19
00000064 927f0500        170 	ld.bu	4[r18],r15
00000068 1380            171 	mov	r19,r16
0000006a 4f81            172 	and	r15,r16

                                                                      Page 4
                                                              C:\Users\nhuliyap\AppData\Local\Temp\gh_00007dc1.s
0000006c f381            173 	cmp	r19,r16
0000006e 920d*           174 	be	.L125
                         175 --line51
                         176 ..lin.C.3A.5C_ECU2.5CECU_Rivian_A1.5CTarget.5Crepo_projects.5CpRealEcu.5CcR_LATEST.5Cmake.5Coutput.5Cobjects.5CUSWTime.5::
                         177 .LDWlin5:
00000070 06f0            178 	mov	r6,ep
00000072 0f99            179 	or	r15,r19
00000074 d2f1            180 	add	r18,ep
00000076 20663600        181 	movea	54,zero,r12
0000007a 529f0400        182 	st.b	r19,4[r18]
0000007e 8063            183 	sst.b	r12,0[ep]
                         184 .L125:
00000080 06f0            185 	mov	r6,ep
00000082 d2f1            186 	add	r18,ep
00000084 6058            187 	sld.bu	0[ep],r11
00000086 e059            188 	cmp	zero,r11
00000088 ea570000        189 	setfne	r10
0000008c 7f00            190 	jmp	[lp]
                         191 .L121:
                         192 --line59
                         193 ..lin.C.3A.5C_ECU2.5CECU_Rivian_A1.5CTarget.5Crepo_projects.5CpRealEcu.5CcR_LATEST.5Cmake.5Coutput.5Cobjects.5CUSWTime.6::
                         194 .LDWlin6:
0000008e 2056ff00        195 	movea	255,zero,r10
                         196 --	    .ef
                         197 .LDW51:
00000092 7f00            198 	jmp	[lp]
                         199 	.global	___ghs_eofn_ucStartFilterSTWT
                         200 ___ghs_eofn_ucStartFilterSTWT:
                         201 	.type	_ucStartFilterSTWT,@function
                         202 	.size	_ucStartFilterSTWT,.-_ucStartFilterSTWT
                         203 	.align	2
                         204 
                         205 --_ucIdX	r6	param
                         206 
                         207 	.data
                         208 	.text
                         209 	.align	2
                         210 	.align	2
                         211 ..gh.f.f.1.e.3:
                         212 	.type	..gh.f.f.1.e.3,@object
                         213 	.size	..gh.f.f.1.e.3,0
                         214 	.global	_TimerWT
                         215 _TimerWT:
00000094 8007fb100000*   216 	prepare	{r27,r28,r29,r31},0,.L1204
0000009a 0000*
0000009c 8600            217 	zxb	r6
0000009e 3d0600000000*   218 	mov	_ucSofTimerWT,r29
                         219 --	    .bf
                         220 .LDW61:
                         221 --line69
                         222 ..lin.C.3A.5C_ECU2.5CECU_Rivian_A1.5CTarget.5Crepo_projects.5CpRealEcu.5CcR_LATEST.5Cmake.5Coutput.5Cobjects.5CUSWTime.7::
                         223 .LDWlin7:
000000a4 6732            224 	cmp	7,r6
000000a6 d205*           225 	be	.L229
000000a8 6832            226 	cmp	8,r6
000000aa f21d*           227 	be	.L239
000000ac 4006ff10        228 	dispose	0,{r27,r28,r29,r31},[lp]
                         229 .L229:
                         230 --line73
                         231 ..lin.C.3A.5C_ECU2.5CECU_Rivian_A1.5CTarget.5Crepo_projects.5CpRealEcu.5CcR_LATEST.5Cmake.5Coutput.5Cobjects.5CUSWTime.8::
                         232 .LDWlin8:

                                                                      Page 5
                                                              C:\Users\nhuliyap\AppData\Local\Temp\gh_00007dc1.s
000000b0 6090            233 	sld.bu	0[ep],r18
000000b2 4192            234 	add	1,r18
000000b4 8093            235 	sst.b	r18,0[ep]
000000b6 9200            236 	zxb	r18
000000b8 6a92            237 	cmp	10,r18
000000ba ba25*           238 	bne	.L225
                         239 --line76
                         240 ..lin.C.3A.5C_ECU2.5CECU_Rivian_A1.5CTarget.5Crepo_projects.5CpRealEcu.5CcR_LATEST.5Cmake.5Coutput.5Cobjects.5CUSWTime.9::
                         241 .LDWlin9:
000000bc 8003            242 	sst.b	zero,0[ep]
000000be 00e2            243 	mov	0,r28
                         244 .L234:
000000c0 1c30            245 	mov	r28,r6
                         246 	jarl	_ucGetFilterSTActive,lp
                         246 <EXPANSION BEGIN>
                         246 jarl22 _ucGetFilterSTActive , lp 
000000c2 bfff3eff*       246 <EXPANSION END>
000000c6 6152            247 	cmp	1,r10
000000c8 9a0d*           248 	bne	.L235
                         249 --line82
                         250 ..lin.C.3A.5C_ECU2.5CECU_Rivian_A1.5CTarget.5Crepo_projects.5CpRealEcu.5CcR_LATEST.5Cmake.5Coutput.5Cobjects.5CUSWTime.10::
                         251 .LDWlin10:
000000ca 1cf0            252 	mov	r28,ep
000000cc ddf1            253 	add	r29,ep
000000ce 6088            254 	sld.bu	0[ep],r17
000000d0 e089            255 	cmp	zero,r17
000000d2 c205*           256 	be	.L235
                         257 --line84
                         258 ..lin.C.3A.5C_ECU2.5CECU_Rivian_A1.5CTarget.5Crepo_projects.5CpRealEcu.5CcR_LATEST.5Cmake.5Coutput.5Cobjects.5CUSWTime.11::
                         259 .LDWlin11:
000000d4 114effff        260 	addi	-1,r17,r9
000000d8 804b            261 	sst.b	r9,0[ep]
                         262 .L235:
000000da 41e2            263 	add	1,r28
000000dc 64e2            264 	cmp	4,r28
000000de 91f5*           265 	bl	.L234
                         266 --line89
                         267 ..lin.C.3A.5C_ECU2.5CECU_Rivian_A1.5CTarget.5Crepo_projects.5CpRealEcu.5CcR_LATEST.5Cmake.5Coutput.5Cobjects.5CUSWTime.12::
                         268 .LDWlin12:
                         269 	jarl	_ChangeWNParaSubSet,lp
                         269 <EXPANSION BEGIN>
                         269 jarl22 _ChangeWNParaSubSet , lp 
000000e0 80ff0000*       269 <EXPANSION END>
000000e4 4006ff10        270 	dispose	0,{r27,r28,r29,r31},[lp]
                         271 .L239:
                         272 --line95
                         273 ..lin.C.3A.5C_ECU2.5CECU_Rivian_A1.5CTarget.5Crepo_projects.5CpRealEcu.5CcR_LATEST.5Cmake.5Coutput.5Cobjects.5CUSWTime.13::
                         274 .LDWlin13:
000000e8 8003            275 	sst.b	zero,0[ep]
000000ea 5d070400        276 	st.b	zero,4[r29]
000000ee 00e2            277 	mov	0,r28
                         278 .L242:
000000f0 1cf0            279 	mov	r28,ep
000000f2 ddf1            280 	add	r29,ep
000000f4 20463600        281 	movea	54,zero,r8
000000f8 41e2            282 	add	1,r28
000000fa 8043            283 	sst.b	r8,0[ep]
000000fc 64e2            284 	cmp	4,r28
000000fe 91fd*           285 	bl	.L242
                         286 .L225:
                         287 --	    .ef

                                                                      Page 6
                                                              C:\Users\nhuliyap\AppData\Local\Temp\gh_00007dc1.s
                         288 .LDW71:
                         289 --line108
                         290 ..lin.C.3A.5C_ECU2.5CECU_Rivian_A1.5CTarget.5Crepo_projects.5CpRealEcu.5CcR_LATEST.5Cmake.5Coutput.5Cobjects.5CUSWTime.14::
                         291 .LDWlin14:
00000100 4006ff10        292 	dispose	0,{r27,r28,r29,r31},[lp]
                         293 	.global	___ghs_eofn_TimerWT
                         294 ___ghs_eofn_TimerWT:
                         295 	.type	_TimerWT,@function
                         296 	.size	_TimerWT,.-_TimerWT
                         297 	.align	2
                         298 --_ucTime10sec	.L1204	static
                         299 --_i	r28	local
                         300 
                         301 --_ucAction	r6	param
                         302 
                         303 	.data
                         304 .L1204:
                         305 	.global	_ucTime10sec.TimerWT.C.3A.5C_ECU2.5CECU_Rivian_A1.5CTarget.5Crepo_projects.5CpRealEcu.5CcR_LATEST.5Cmake.5Coutput.5Cobjects.5CUSWTime..2
                         306 _ucTime10sec.TimerWT.C.3A.5C_ECU2.5CECU_Rivian_A1.5CTarget.5Crepo_projects.5CpRealEcu.5CcR_LATEST.5Cmake.5Coutput.5Cobjects.5CUSWTime..2:
00000000 00              307 	.byte	0
                         308 	.type	_ucTime10sec.TimerWT.C.3A.5C_ECU2.5CECU_Rivian_A1.5CTarget.5Crepo_projects.5CpRealEcu.5CcR_LATEST.5Cmake.5Coutput.5Cobjects.5CUSWTime..2,@object
                         309 	.size	_ucTime10sec.TimerWT.C.3A.5C_ECU2.5CECU_Rivian_A1.5CTarget.5Crepo_projects.5CpRealEcu.5CcR_LATEST.5Cmake.5Coutput.5Cobjects.5CUSWTime..2,1
                         310 	.type	.L1204,@object
                         311 	.size	.L1204,1
                         312 	.text
                         313 	.align	2
                         314 --_ucBitNoc	_ucBitNoc	import
                         315 --_ucFilterSTActive	_ucFilterSTActive	static
                         316 --_ucSofTimerWT	_ucSofTimerWT	static
                         317 
                         318 	.data
                         319 	.ghsnote version,17
                         320 	.ghsnote tools,3
                         321 	.ghsnote options,144
                         322 	.text
                         323 	.align	2
                         324 ..eof.C.3A.5C_ECU2.5CECU_Rivian_A1.5CTarget.5Crepo_projects.5CpRealEcu.5CcR_LATEST.5Cmake.5Coutput.5Cobjects.5CUSWTime...43.3A.5C_ECU2.5CECU_Rivian_A1.5CTarget.5Crepo_projects.5CpRealEcu.5CcR_LATEST.5Cmake..65044B13..0::
                         325 	.section	.debug_info
                         326 .Ldw_begin:
00000000 d5020000        327 	.word	.Ldw_end-.Ldw_begin-4
00000004 0200            328 	.byte	2,0
00000006 00000000*       329 	.word	.Ldw_abbr_begin
0000000a 04              330 	.byte	4
                         331 	.section	.debug_abbrev
                         332 .Ldw_abbr_begin:
                         333 	.section	.debug_info
0000000b 01              334 	.byte	1
0000000c 00000000*       335 	.word	..bof.C.3A.5C_ECU2.5CECU_Rivian_A1.5CTarget.5Crepo_projects.5CpRealEcu.5CcR_LATEST.5Cmake.5Coutput.5Cobjects.5CUSWTime...43.3A.5C_ECU2.5CECU_Rivian_A1.5CTarget.5Crepo_projects.5CpRealEcu.5CcR_LATEST.5Cmake..65044B13..0
00000010 00000000*       336 	.word	..eof.C.3A.5C_ECU2.5CECU_Rivian_A1.5CTarget.5Crepo_projects.5CpRealEcu.5CcR_LATEST.5Cmake.5Coutput.5Cobjects.5CUSWTime...43.3A.5C_ECU2.5CECU_Rivian_A1.5CTarget.5Crepo_projects.5CpRealEcu.5CcR_LATEST.5Cmake..65044B13..0
00000014 2e2e2f736f75    337 	.strz	"../source/SwcApplTpms/USWTime.c"
0000001a 7263652f5377 
00000020 634170706c54 
00000026 706d732f5553 
0000002c 5754696d652e 
00000032 6300 
00000034 433a5c5f4543    338 	.strz	"C:\\_ECU2\\ECU_Rivian_A1\\Target\\repo_projects\\pRealEcu\\cR_LATEST\\make"
0000003a 55325c454355 
00000040 5f5269766961 
00000046 6e5f41315c54 
0000004c 61726765745c 
00000052 7265706f5f70 

                                                                      Page 7
                                                              C:\Users\nhuliyap\AppData\Local\Temp\gh_00007dc1.s
00000058 726f6a656374 
0000005e 735c70526561 
00000064 6c4563755c63 
0000006a 525f4c415445 
00000070 53545c6d616b 
00000076 6500 
00000078 474853204320    339 	.strz	"GHS C 2015.1.7 [dual]"
0000007e 323031352e31 
00000084 2e37205b6475 
0000008a 616c5d00 
0000008e 0100            340 	.byte	1,0
00000090 00000000*       341 	.word	.Ldw_line_begin
00000094 00000000*       342 	.word	.Ldw_macinfo_begin
00000098 00              343 	.byte	0
                         344 
                         345 	.section	.debug_abbrev
00000000 01              346 	.byte	1
00000001 11              347 	.byte	17
00000002 01              348 	.byte	1
00000003 1101            349 	.byte	17,1
00000005 1201            350 	.byte	18,1
00000007 0308            351 	.byte	3,8
00000009 1b08            352 	.byte	27,8
0000000b 2508            353 	.byte	37,8
0000000d 1305            354 	.byte	19,5
0000000f 1006            355 	.byte	16,6
00000011 4306            356 	.byte	67,6
00000013 420b            357 	.byte	66,11
00000015 0000            358 	.byte	0,0
                         359 
                         360 	.section	.debug_line
                         361 .Ldw_line_begin:
00000000 23030000        362 	.word	.Ldw_line_end-.Ldw_line_begin-4
00000004 0200            363 	.byte	2,0
00000006 00000000*       364 	.word	.Ldw_lpro_end-.Ldw_lpro_begin
                         365 .Ldw_lpro_begin:
0000000a 01              366 	.byte	1
0000000b 00              367 	.byte	0
0000000c 00              368 	.byte	0
0000000d 04              369 	.byte	4
0000000e 0a              370 	.byte	10
0000000f 000101          371 	.byte	0,1,1
00000012 010100          372 	.byte	1,1,0
00000015 000001          373 	.byte	0,0,1
00000018 00              374 	.byte	0
00000019 2e2e2f736f75    375 	.strz	"../source/SwcApplTpms/USWTime.c"
0000001f 7263652f5377 
00000025 634170706c54 
0000002b 706d732f5553 
00000031 5754696d652e 
00000037 6300 
00000039 000000          376 	.byte	0,0,0
0000003c 2e2e2f736f75    377 	.strz	"../source/common/Std_Types.hpp"
00000042 7263652f636f 
00000048 6d6d6f6e2f53 
0000004e 74645f547970 
00000054 65732e687070 
0000005a 00 
0000005b 000000          378 	.byte	0,0,0
0000005e 2e2e2f736f75    379 	.strz	"../source/common/Platform_Types.hpp"
00000064 7263652f636f 

                                                                      Page 8
                                                              C:\Users\nhuliyap\AppData\Local\Temp\gh_00007dc1.s
0000006a 6d6d6f6e2f50 
00000070 6c6174666f72 
00000076 6d5f54797065 
0000007c 732e68707000 
00000082 000000          380 	.byte	0,0,0
00000085 2e2e2f736f75    381 	.strz	"../source/common/Compiler.hpp"
0000008b 7263652f636f 
00000091 6d6d6f6e2f43 
00000097 6f6d70696c65 
0000009d 722e68707000 
000000a3 000000          382 	.byte	0,0,0
000000a6 2e2e2f736f75    383 	.strz	"../source/ProjectCompiler/Compiler_Cfg.hpp"
000000ac 7263652f5072 
000000b2 6f6a65637443 
000000b8 6f6d70696c65 
000000be 722f436f6d70 
000000c4 696c65725f43 
000000ca 66672e687070 
000000d0 00 
000000d1 000000          384 	.byte	0,0,0
000000d4 2e2e2f736f75    385 	.strz	"../source/ProjectCompiler/CompilerCfg_SwcServiceOs.hpp"
000000da 7263652f5072 
000000e0 6f6a65637443 
000000e6 6f6d70696c65 
000000ec 722f436f6d70 
000000f2 696c65724366 
000000f8 675f53776353 
000000fe 657276696365 
00000104 4f732e687070 
0000010a 00 
0000010b 000000          386 	.byte	0,0,0
0000010e 2e2e2f736f75    387 	.strz	"../source/SwcApplTpms/USWarnX.hpp"
00000114 7263652f5377 
0000011a 634170706c54 
00000120 706d732f5553 
00000126 5761726e582e 
0000012c 68707000 
00000130 000000          388 	.byte	0,0,0
00000133 2e2e2f736f75    389 	.strz	"../source/SwcApplTpms/global.hpp"
00000139 7263652f5377 
0000013f 634170706c54 
00000145 706d732f676c 
0000014b 6f62616c2e68 
00000151 707000 
00000154 000000          390 	.byte	0,0,0
00000157 2e2e2f736f75    391 	.strz	"../source/SwcApplTpms/Tpms_Rte_Data_Type.hpp"
0000015d 7263652f5377 
00000163 634170706c54 
00000169 706d732f5470 
0000016f 6d735f527465 
00000175 5f446174615f 
0000017b 547970652e68 
00000181 707000 
00000184 000000          392 	.byte	0,0,0
00000187 2e2e2f736f75    393 	.strz	"../source/McalMcu/Types.hpp"
0000018d 7263652f4d63 
00000193 616c4d63752f 
00000199 54797065732e 
0000019f 68707000 
000001a3 000000          394 	.byte	0,0,0
000001a6 2e2e2f736f75    395 	.strz	"../source/SwcApplTpms/WnTypePar.hpp"

                                                                      Page 9
                                                              C:\Users\nhuliyap\AppData\Local\Temp\gh_00007dc1.s
000001ac 7263652f5377 
000001b2 634170706c54 
000001b8 706d732f576e 
000001be 547970655061 
000001c4 722e68707000 
000001ca 000000          396 	.byte	0,0,0
000001cd 2e2e2f736f75    397 	.strz	"../source/SwcApplTpms/USWarn.hpp"
000001d3 7263652f5377 
000001d9 634170706c54 
000001df 706d732f5553 
000001e5 5761726e2e68 
000001eb 707000 
000001ee 000000          398 	.byte	0,0,0
000001f1 2e2e2f736f75    399 	.strz	"../source/SwcApplTpms/USWTime.hpp"
000001f7 7263652f5377 
000001fd 634170706c54 
00000203 706d732f5553 
00000209 5754696d652e 
0000020f 68707000 
00000213 000000          400 	.byte	0,0,0
00000216 00              401 	.byte	0
                         402 .Ldw_lpro_end:
                         403 	.section	.debug_macinfo
                         404 .Ldw_macinfo_begin:
                         405 	.section	.debug_frame
                         406 .LDW_4c5ed68:
00000000 00000000*       407 	.word	.LDW_unq_2-.LDW_unq_1
                         408 .LDW_unq_1:
00000004 ffffffff        409 	.byte	255,255,255,255
00000008 01              410 	.byte	1
00000009 00              411 	.byte	0
0000000a 01              412 	.byte	1
0000000b 01              413 	.byte	1
0000000c 1f              414 	.byte	31
0000000d 0c              415 	.byte	12
0000000e 03              416 	.byte	3
0000000f 00              417 	.byte	0
00000010 07              418 	.byte	7
00000011 00              419 	.byte	0
00000012 07              420 	.byte	7
00000013 01              421 	.byte	1
00000014 07              422 	.byte	7
00000015 02              423 	.byte	2
00000016 07              424 	.byte	7
00000017 03              425 	.byte	3
00000018 07              426 	.byte	7
00000019 04              427 	.byte	4
0000001a 07              428 	.byte	7
0000001b 05              429 	.byte	5
0000001c 07              430 	.byte	7
0000001d 06              431 	.byte	6
0000001e 07              432 	.byte	7
0000001f 07              433 	.byte	7
00000020 07              434 	.byte	7
00000021 08              435 	.byte	8
00000022 07              436 	.byte	7
00000023 09              437 	.byte	9
00000024 07              438 	.byte	7
00000025 0a              439 	.byte	10
00000026 07              440 	.byte	7
00000027 0b              441 	.byte	11

                                                                      Page 10
                                                              C:\Users\nhuliyap\AppData\Local\Temp\gh_00007dc1.s
00000028 07              442 	.byte	7
00000029 0c              443 	.byte	12
0000002a 07              444 	.byte	7
0000002b 0d              445 	.byte	13
0000002c 07              446 	.byte	7
0000002d 0e              447 	.byte	14
0000002e 07              448 	.byte	7
0000002f 0f              449 	.byte	15
00000030 07              450 	.byte	7
00000031 10              451 	.byte	16
00000032 07              452 	.byte	7
00000033 11              453 	.byte	17
00000034 07              454 	.byte	7
00000035 12              455 	.byte	18
00000036 07              456 	.byte	7
00000037 13              457 	.byte	19
00000038 08              458 	.byte	8
00000039 14              459 	.byte	20
0000003a 08              460 	.byte	8
0000003b 15              461 	.byte	21
0000003c 08              462 	.byte	8
0000003d 16              463 	.byte	22
0000003e 08              464 	.byte	8
0000003f 17              465 	.byte	23
00000040 08              466 	.byte	8
00000041 18              467 	.byte	24
00000042 08              468 	.byte	8
00000043 19              469 	.byte	25
00000044 08              470 	.byte	8
00000045 1a              471 	.byte	26
00000046 08              472 	.byte	8
00000047 1b              473 	.byte	27
00000048 08              474 	.byte	8
00000049 1c              475 	.byte	28
0000004a 08              476 	.byte	8
0000004b 1d              477 	.byte	29
0000004c 07              478 	.byte	7
0000004d 1e              479 	.byte	30
0000004e 08              480 	.byte	8
0000004f 1f              481 	.byte	31
00000050 07              482 	.byte	7
00000051 20              483 	.byte	32
00000052 07              484 	.byte	7
00000053 21              485 	.byte	33
00000054 07              486 	.byte	7
00000055 22              487 	.byte	34
00000056 07              488 	.byte	7
00000057 23              489 	.byte	35
00000058 07              490 	.byte	7
00000059 24              491 	.byte	36
0000005a 07              492 	.byte	7
0000005b 25              493 	.byte	37
0000005c 07              494 	.byte	7
0000005d 26              495 	.byte	38
0000005e 07              496 	.byte	7
0000005f 27              497 	.byte	39
00000060 07              498 	.byte	7
00000061 28              499 	.byte	40
00000062 07              500 	.byte	7
00000063 29              501 	.byte	41
00000064 07              502 	.byte	7

                                                                      Page 11
                                                              C:\Users\nhuliyap\AppData\Local\Temp\gh_00007dc1.s
00000065 2a              503 	.byte	42
00000066 07              504 	.byte	7
00000067 2b              505 	.byte	43
00000068 07              506 	.byte	7
00000069 2c              507 	.byte	44
0000006a 07              508 	.byte	7
0000006b 2d              509 	.byte	45
0000006c 07              510 	.byte	7
0000006d 2e              511 	.byte	46
0000006e 07              512 	.byte	7
0000006f 2f              513 	.byte	47
00000070 07              514 	.byte	7
00000071 30              515 	.byte	48
00000072 07              516 	.byte	7
00000073 31              517 	.byte	49
00000074 07              518 	.byte	7
00000075 32              519 	.byte	50
00000076 07              520 	.byte	7
00000077 33              521 	.byte	51
00000078 07              522 	.byte	7
00000079 34              523 	.byte	52
0000007a 07              524 	.byte	7
0000007b 35              525 	.byte	53
0000007c 07              526 	.byte	7
0000007d 36              527 	.byte	54
0000007e 07              528 	.byte	7
0000007f 37              529 	.byte	55
00000080 07              530 	.byte	7
00000081 38              531 	.byte	56
00000082 07              532 	.byte	7
00000083 39              533 	.byte	57
00000084 07              534 	.byte	7
00000085 3a              535 	.byte	58
00000086 07              536 	.byte	7
00000087 3b              537 	.byte	59
00000088 07              538 	.byte	7
00000089 3c              539 	.byte	60
0000008a 07              540 	.byte	7
0000008b 3d              541 	.byte	61
0000008c 07              542 	.byte	7
0000008d 3e              543 	.byte	62
0000008e 07              544 	.byte	7
0000008f 3f              545 	.byte	63
                         546 .LDW_unq_2:
                         547 	.section	.debug_info
                         548 .LDW_48f6bc8:
00000099 25              549 	.byte	37
0000009a 756e7369676e    550 	.strz	"unsigned char"
000000a0 656420636861 
000000a6 7200 
000000a8 08              551 	.byte	8
000000a9 01              552 	.byte	1
                         553 
                         554 	.section	.debug_abbrev
00000017 25              555 	.byte	37
00000018 24              556 	.byte	36
00000019 00              557 	.byte	0
0000001a 0308            558 	.byte	3,8
0000001c 3e0b            559 	.byte	62,11
0000001e 0b0b            560 	.byte	11,11
00000020 0000            561 	.byte	0,0

                                                                      Page 12
                                                              C:\Users\nhuliyap\AppData\Local\Temp\gh_00007dc1.s
                         562 
                         563 	.section	.debug_info
                         564 .LDW_48f6c00:
000000aa 44              565 	.byte	68
000000ab 00000000*       566 	.word	.LDW_48f6bc8
000000af 01              567 	.byte	1
                         568 
                         569 	.section	.debug_abbrev
00000022 44              570 	.byte	68
00000023 15              571 	.byte	21
00000024 01              572 	.byte	1
00000025 4910            573 	.byte	73,16
00000027 270c            574 	.byte	39,12
00000029 0000            575 	.byte	0,0
                         576 
                         577 	.section	.debug_info
                         578 .LDW_48f1820:
000000b0 12              579 	.byte	18
000000b1 00000000*       580 	.word	.LDW_48f6bc8
000000b5 00              581 	.byte	0
                         582 
                         583 	.section	.debug_abbrev
0000002b 12              584 	.byte	18
0000002c 05              585 	.byte	5
0000002d 00              586 	.byte	0
0000002e 4910            587 	.byte	73,16
00000030 4b0c            588 	.byte	75,12
00000032 0000            589 	.byte	0,0
                         590 
                         591 	.section	.debug_info
000000b6 00              592 	.byte	0
                         593 
                         594 .LDW_48f6f10:
000000b7 45              595 	.byte	69
000000b8 01              596 	.byte	1
                         597 
                         598 	.section	.debug_abbrev
00000034 45              599 	.byte	69
00000035 15              600 	.byte	21
00000036 01              601 	.byte	1
00000037 270c            602 	.byte	39,12
00000039 0000            603 	.byte	0,0
                         604 
                         605 	.section	.debug_info
                         606 .LDW_48f1850:
000000b9 12              607 	.byte	18
000000ba 00000000*       608 	.word	.LDW_48f6bc8
000000be 00              609 	.byte	0
                         610 
000000bf 00              611 	.byte	0
                         612 
                         613 .LDW_48f7258:
000000c0 44              614 	.byte	68
000000c1 00000000*       615 	.word	.LDW_48f6bc8
000000c5 01              616 	.byte	1
                         617 
                         618 .LDW_48f17c0:
000000c6 12              619 	.byte	18
000000c7 00000000*       620 	.word	.LDW_48f6bc8
000000cb 00              621 	.byte	0
                         622 

                                                                      Page 13
                                                              C:\Users\nhuliyap\AppData\Local\Temp\gh_00007dc1.s
000000cc 00              623 	.byte	0
                         624 
                         625 .LDW_48f6c38:
000000cd 45              626 	.byte	69
000000ce 01              627 	.byte	1
                         628 
                         629 .LDW_48f1640:
000000cf 12              630 	.byte	18
000000d0 00000000*       631 	.word	.LDW_48f6bc8
000000d4 00              632 	.byte	0
                         633 
000000d5 00              634 	.byte	0
                         635 
                         636 .LDW_48f6ca8:
000000d6 25              637 	.byte	37
000000d7 696e7400        638 	.strz	"int"
000000db 05              639 	.byte	5
000000dc 04              640 	.byte	4
                         641 
                         642 .LDW_4c816e0:
000000dd 29              643 	.byte	41
000000de 00000000*       644 	.word	.LDW_48f6bc8
                         645 
                         646 	.section	.debug_abbrev
0000003b 29              647 	.byte	41
0000003c 26              648 	.byte	38
0000003d 00              649 	.byte	0
0000003e 4910            650 	.byte	73,16
00000040 0000            651 	.byte	0,0
                         652 
                         653 	.section	.debug_info
                         654 .LDW_4c10a70:
000000e2 3a              655 	.byte	58
000000e3 00              656 	.byte	0
000000e4 04              657 	.byte	4
000000e5 00000000*       658 	.word	.LDW_4c816e0
                         659 
                         660 	.section	.debug_abbrev
00000042 3a              661 	.byte	58
00000043 01              662 	.byte	1
00000044 01              663 	.byte	1
00000045 090b            664 	.byte	9,11
00000047 0b0f            665 	.byte	11,15
00000049 4910            666 	.byte	73,16
0000004b 0000            667 	.byte	0,0
                         668 
                         669 	.section	.debug_info
000000e9 32              670 	.byte	50
000000ea 00000000*       671 	.word	.LDW_48f6ca8
000000ee 04              672 	.byte	4
000000ef 00              673 	.byte	0
000000f0 03              674 	.byte	3
                         675 
                         676 	.section	.debug_abbrev
0000004d 32              677 	.byte	50
0000004e 21              678 	.byte	33
0000004f 00              679 	.byte	0
00000050 4910            680 	.byte	73,16
00000052 0b0f            681 	.byte	11,15
00000054 220d            682 	.byte	34,13
00000056 2f0d            683 	.byte	47,13

                                                                      Page 14
                                                              C:\Users\nhuliyap\AppData\Local\Temp\gh_00007dc1.s
00000058 0000            684 	.byte	0,0
                         685 
                         686 	.section	.debug_info
000000f1 00              687 	.byte	0
                         688 
                         689 .LDW_4c10b80:
000000f2 3a              690 	.byte	58
000000f3 00              691 	.byte	0
000000f4 04              692 	.byte	4
000000f5 00000000*       693 	.word	.LDW_48f6bc8
                         694 
000000f9 32              695 	.byte	50
000000fa 00000000*       696 	.word	.LDW_48f6ca8
000000fe 04              697 	.byte	4
000000ff 00              698 	.byte	0
00000100 03              699 	.byte	3
                         700 
00000101 00              701 	.byte	0
                         702 
                         703 .LDW_48f6d88:
00000102 45              704 	.byte	69
00000103 01              705 	.byte	1
                         706 
00000104 00              707 	.byte	0
                         708 
                         709 .LDW_48f71e8:
00000105 2f              710 	.byte	47
00000106 00000000*       711 	.word	.LDW_48f6bc8
                         712 
                         713 	.section	.debug_abbrev
0000005a 2f              714 	.byte	47
0000005b 0f              715 	.byte	15
0000005c 00              716 	.byte	0
0000005d 4910            717 	.byte	73,16
0000005f 0000            718 	.byte	0,0
                         719 
                         720 	.section	.debug_info
                         721 .LDW_48f7338:
0000010a 2f              722 	.byte	47
0000010b 00000000*       723 	.word	.LDW_4c816e0
                         724 
                         725 .LDW_4c81688:
0000010f 05              726 	.byte	5
00000110 75634269744e    727 	.strz	"ucBitNoc"
00000116 6f6300 
00000119 2d              728 	.byte	45
0000011a 1c              729 	.byte	28
0000011b 08              730 	.byte	8
0000011c 00000000*       731 	.word	.LDW_4c10a70
00000120 01              732 	.byte	1
00000121 01              733 	.byte	1
                         734 
                         735 	.section	.debug_abbrev
00000061 05              736 	.byte	5
00000062 34              737 	.byte	52
00000063 00              738 	.byte	0
00000064 0308            739 	.byte	3,8
00000066 3b0f            740 	.byte	59,15
00000068 390f            741 	.byte	57,15
0000006a 3a0f            742 	.byte	58,15
0000006c 4910            743 	.byte	73,16

                                                                      Page 15
                                                              C:\Users\nhuliyap\AppData\Local\Temp\gh_00007dc1.s
0000006e 3f0c            744 	.byte	63,12
00000070 3c0c            745 	.byte	60,12
00000072 0000            746 	.byte	0,0
                         747 
                         748 	.section	.debug_info
                         749 .LDW_4c810b0:
00000122 04              750 	.byte	4
00000123 756346696c74    751 	.strz	"ucFilterSTActive"
00000129 657253544163 
0000012f 7469766500 
00000134 15              752 	.byte	21
00000135 17              753 	.byte	23
00000136 01              754 	.byte	1
00000137 00000000*       755 	.word	.LDW_48f6bc8
0000013b 00              756 	.byte	0
0000013c 00              757 	.byte	0
0000013d 0503            758 	.byte	5,3
0000013f 00000000*       759 	.word	_ucFilterSTActive..C.3A.5C_ECU2.5CECU_Rivian_A1.5CTarget.5Crepo_projects.5CpRealEcu.5CcR_LATEST.5Cmake.5Coutput.5Cobjects.5CUSWTime.
                         760 
                         761 	.section	.debug_abbrev
00000074 04              762 	.byte	4
00000075 34              763 	.byte	52
00000076 00              764 	.byte	0
00000077 0308            765 	.byte	3,8
00000079 3b0f            766 	.byte	59,15
0000007b 390f            767 	.byte	57,15
0000007d 3a0f            768 	.byte	58,15
0000007f 4910            769 	.byte	73,16
00000081 3f0c            770 	.byte	63,12
00000083 3c0c            771 	.byte	60,12
00000085 020a            772 	.byte	2,10
00000087 0000            773 	.byte	0,0
                         774 
                         775 	.section	.debug_info
                         776 .LDW_4c81790:
00000143 04              777 	.byte	4
00000144 7563536f6654    778 	.strz	"ucSofTimerWT"
0000014a 696d65725754 
00000150 00 
00000151 17              779 	.byte	23
00000152 17              780 	.byte	23
00000153 01              781 	.byte	1
00000154 00000000*       782 	.word	.LDW_4c10b80
00000158 00              783 	.byte	0
00000159 00              784 	.byte	0
0000015a 0503            785 	.byte	5,3
0000015c 00000000*       786 	.word	_ucSofTimerWT..C.3A.5C_ECU2.5CECU_Rivian_A1.5CTarget.5Crepo_projects.5CpRealEcu.5CcR_LATEST.5Cmake.5Coutput.5Cobjects.5CUSWTime.
                         787 
                         788 .LDW_4c10c08:
00000160 15              789 	.byte	21
00000161 4368616e6765    790 	.strz	"ChangeWNParaSubSet"
00000167 574e50617261 
0000016d 537562536574 
00000173 00 
00000174 2c              791 	.byte	44
00000175 0d              792 	.byte	13
00000176 08              793 	.byte	8
00000177 01              794 	.byte	1
00000178 00              795 	.byte	0
00000179 01              796 	.byte	1
0000017a 01              797 	.byte	1

                                                                      Page 16
                                                              C:\Users\nhuliyap\AppData\Local\Temp\gh_00007dc1.s
0000017b 00              798 	.byte	0
0000017c 01              799 	.byte	1
                         800 
                         801 	.section	.debug_abbrev
00000089 15              802 	.byte	21
0000008a 2e              803 	.byte	46
0000008b 01              804 	.byte	1
0000008c 0308            805 	.byte	3,8
0000008e 3b0f            806 	.byte	59,15
00000090 390f            807 	.byte	57,15
00000092 3a0f            808 	.byte	58,15
00000094 3c0c            809 	.byte	60,12
00000096 200b            810 	.byte	32,11
00000098 3f0c            811 	.byte	63,12
0000009a 320b            812 	.byte	50,11
0000009c 4c0b            813 	.byte	76,11
0000009e 270c            814 	.byte	39,12
000000a0 0000            815 	.byte	0,0
                         816 
                         817 	.section	.debug_info
0000017d 00              818 	.byte	0
                         819 
                         820 .LDW_493ed98:
0000017e 14              821 	.byte	20
0000017f 756347657446    822 	.strz	"ucGetFilterSTActive"
00000185 696c74657253 
0000018b 544163746976 
00000191 6500 
00000193 19              823 	.byte	25
00000194 16              824 	.byte	22
00000195 01              825 	.byte	1
00000196 00000000*       826 	.word	.LDW_48f6bc8
0000019a 00000000*       827 	.word	_ucGetFilterSTActive..C.3A.5C_ECU2.5CECU_Rivian_A1.5CTarget.5Crepo_projects.5CpRealEcu.5CcR_LATEST.5Cmake.5Coutput.5Cobjects.5CUSWTime.
0000019e 00000000*       828 	.word	___ghs_eofn_ucGetFilterSTActive
000001a2 0153            829 	.byte	1,83
000001a4 02              830 	.byte	2
000001a5 00              831 	.byte	0
000001a6 02              832 	.byte	2
000001a7 00              833 	.byte	0
000001a8 00              834 	.byte	0
000001a9 00              835 	.byte	0
000001aa 00              836 	.byte	0
000001ab 00              837 	.byte	0
000001ac 01              838 	.byte	1
000001ad 00              839 	.byte	0
000001ae 01              840 	.byte	1
                         841 
                         842 	.section	.debug_abbrev
000000a2 14              843 	.byte	20
000000a3 2e              844 	.byte	46
000000a4 01              845 	.byte	1
000000a5 0308            846 	.byte	3,8
000000a7 3b0f            847 	.byte	59,15
000000a9 390f            848 	.byte	57,15
000000ab 3a0f            849 	.byte	58,15
000000ad 4910            850 	.byte	73,16
000000af 1101            851 	.byte	17,1
000000b1 1201            852 	.byte	18,1
000000b3 400a            853 	.byte	64,10
000000b5 8341            854 	.byte	131,65
000000b7 0f              855 	.byte	15

                                                                      Page 17
                                                              C:\Users\nhuliyap\AppData\Local\Temp\gh_00007dc1.s
000000b8 8741            856 	.byte	135,65
000000ba 0d              857 	.byte	13
000000bb 8541            858 	.byte	133,65
000000bd 0f              859 	.byte	15
000000be 8641            860 	.byte	134,65
000000c0 0d              861 	.byte	13
000000c1 9241            862 	.byte	146,65
000000c3 0f              863 	.byte	15
000000c4 3c0c            864 	.byte	60,12
000000c6 200b            865 	.byte	32,11
000000c8 3f0c            866 	.byte	63,12
000000ca 320b            867 	.byte	50,11
000000cc 4c0b            868 	.byte	76,11
000000ce 270c            869 	.byte	39,12
000000d0 0000            870 	.byte	0,0
                         871 
                         872 	.section	.debug_frame
                         873 .LDW_4c59250:
00000090 00000000*       874 	.word	.LDW_unq_4-.LDW_unq_3
                         875 .LDW_unq_3:
00000094 00000000*       876 	.word	.LDW_4c5ed68
00000098 00000000*       877 	.word	_ucGetFilterSTActive..C.3A.5C_ECU2.5CECU_Rivian_A1.5CTarget.5Crepo_projects.5CpRealEcu.5CcR_LATEST.5Cmake.5Coutput.5Cobjects.5CUSWTime.
0000009c 00000000*       878 	.word	___ghs_eofn_ucGetFilterSTActive-_ucGetFilterSTActive..C.3A.5C_ECU2.5CECU_Rivian_A1.5CTarget.5Crepo_projects.5CpRealEcu.5CcR_LATEST.5Cmake.5Coutput.5Cobjects.5CUSWTime.
000000a0 01              879 	.byte	1
000000a1 00000000*       880 	.word	.LDW11
000000a5 00              881 	.byte	0
000000a6 00              882 	.byte	0
000000a7 00              883 	.byte	0
                         884 .LDW_unq_4:
                         885 	.section	.debug_line
00000217 000502          886 	.byte	0,5,2
0000021a 00000000*       887 	.word	_ucGetFilterSTActive..C.3A.5C_ECU2.5CECU_Rivian_A1.5CTarget.5Crepo_projects.5CpRealEcu.5CcR_LATEST.5Cmake.5Coutput.5Cobjects.5CUSWTime.
0000021e 03              888 	.byte	3
0000021f 19              889 	.byte	25
00000220 02              890 	.byte	2
00000221 00              891 	.byte	0
00000222 01              892 	.byte	1
00000223 06              893 	.byte	6
00000224 1d              894 	.byte	29
00000225 06              895 	.byte	6
00000226 000502          896 	.byte	0,5,2
00000229 00000000*       897 	.word	.LDWlin1
0000022d 02              898 	.byte	2
0000022e 00              899 	.byte	0
0000022f 02              900 	.byte	2
00000230 02              901 	.byte	2
00000231 000101          902 	.byte	0,1,1
                         903 	.section	.debug_info
                         904 .LDW_493ee30:
000001af 0f              905 	.byte	15
000001b0 756349645800    906 	.strz	"ucIdX"
000001b6 19              907 	.byte	25
000001b7 38              908 	.byte	56
000001b8 01              909 	.byte	1
000001b9 00000000*       910 	.word	.LDW_48f6bc8
000001bd 00              911 	.byte	0
000001be 0156            912 	.byte	1,86
                         913 
                         914 	.section	.debug_abbrev
000000d2 0f              915 	.byte	15
000000d3 05              916 	.byte	5

                                                                      Page 18
                                                              C:\Users\nhuliyap\AppData\Local\Temp\gh_00007dc1.s
000000d4 00              917 	.byte	0
000000d5 0308            918 	.byte	3,8
000000d7 3b0f            919 	.byte	59,15
000000d9 390f            920 	.byte	57,15
000000db 3a0f            921 	.byte	58,15
000000dd 4910            922 	.byte	73,16
000000df 4b0c            923 	.byte	75,12
000000e1 020a            924 	.byte	2,10
000000e3 0000            925 	.byte	0,0
                         926 
                         927 	.section	.debug_info
                         928 .LDW_48f19a0:
000001c0 1d              929 	.byte	29
000001c1 00000000*       930 	.word	.LDW01
000001c5 00000000*       931 	.word	.LDW11
                         932 
                         933 	.section	.debug_abbrev
000000e5 1d              934 	.byte	29
000000e6 0b              935 	.byte	11
000000e7 01              936 	.byte	1
000000e8 1101            937 	.byte	17,1
000000ea 1201            938 	.byte	18,1
000000ec 0000            939 	.byte	0,0
                         940 
                         941 	.section	.debug_info
                         942 .LDW_493ee88:
000001c9 05              943 	.byte	5
000001ca 756352657400    944 	.strz	"ucRet"
000001d0 1b              945 	.byte	27
000001d1 12              946 	.byte	18
000001d2 01              947 	.byte	1
000001d3 00000000*       948 	.word	.LDW_48f6bc8
000001d7 00              949 	.byte	0
000001d8 00              950 	.byte	0
                         951 
000001d9 00              952 	.byte	0
                         953 
000001da 00              954 	.byte	0
                         955 
                         956 .LDW_493eee0:
000001db 13              957 	.byte	19
000001dc 53746f704669    958 	.strz	"StopFilterSTWT"
000001e2 6c7465725354 
000001e8 575400 
000001eb 20              959 	.byte	32
000001ec 06              960 	.byte	6
000001ed 01              961 	.byte	1
000001ee 00000000*       962 	.word	_StopFilterSTWT
000001f2 00000000*       963 	.word	___ghs_eofn_StopFilterSTWT
000001f6 0153            964 	.byte	1,83
000001f8 02              965 	.byte	2
000001f9 00              966 	.byte	0
000001fa 02              967 	.byte	2
000001fb 00              968 	.byte	0
000001fc 00              969 	.byte	0
000001fd 00              970 	.byte	0
000001fe 00              971 	.byte	0
000001ff 01              972 	.byte	1
00000200 01              973 	.byte	1
00000201 00              974 	.byte	0
00000202 01              975 	.byte	1

                                                                      Page 19
                                                              C:\Users\nhuliyap\AppData\Local\Temp\gh_00007dc1.s
                         976 
                         977 	.section	.debug_abbrev
000000ee 13              978 	.byte	19
000000ef 2e              979 	.byte	46
000000f0 01              980 	.byte	1
000000f1 0308            981 	.byte	3,8
000000f3 3b0f            982 	.byte	59,15
000000f5 390f            983 	.byte	57,15
000000f7 3a0f            984 	.byte	58,15
000000f9 1101            985 	.byte	17,1
000000fb 1201            986 	.byte	18,1
000000fd 400a            987 	.byte	64,10
000000ff 8341            988 	.byte	131,65
00000101 0f              989 	.byte	15
00000102 8741            990 	.byte	135,65
00000104 0d              991 	.byte	13
00000105 8541            992 	.byte	133,65
00000107 0f              993 	.byte	15
00000108 8641            994 	.byte	134,65
0000010a 0d              995 	.byte	13
0000010b 9241            996 	.byte	146,65
0000010d 0f              997 	.byte	15
0000010e 3c0c            998 	.byte	60,12
00000110 200b            999 	.byte	32,11
00000112 3f0c           1000 	.byte	63,12
00000114 320b           1001 	.byte	50,11
00000116 4c0b           1002 	.byte	76,11
00000118 270c           1003 	.byte	39,12
0000011a 0000           1004 	.byte	0,0
                        1005 
                        1006 	.section	.debug_frame
                        1007 .LDW_4c54b00:
000000a8 00000000*      1008 	.word	.LDW_unq_6-.LDW_unq_5
                        1009 .LDW_unq_5:
000000ac 00000000*      1010 	.word	.LDW_4c5ed68
000000b0 00000000*      1011 	.word	_StopFilterSTWT
000000b4 00000000*      1012 	.word	___ghs_eofn_StopFilterSTWT-_StopFilterSTWT
000000b8 01             1013 	.byte	1
000000b9 00000000*      1014 	.word	.LDW31
000000bd 00             1015 	.byte	0
000000be 00             1016 	.byte	0
000000bf 00             1017 	.byte	0
                        1018 .LDW_unq_6:
                        1019 	.section	.debug_line
00000234 000502         1020 	.byte	0,5,2
00000237 00000000*      1021 	.word	_StopFilterSTWT
0000023b 03             1022 	.byte	3
0000023c 20             1023 	.byte	32
0000023d 02             1024 	.byte	2
0000023e 00             1025 	.byte	0
0000023f 01             1026 	.byte	1
00000240 06             1027 	.byte	6
00000241 13             1028 	.byte	19
00000242 000502         1029 	.byte	0,5,2
00000245 00000000*      1030 	.word	.LDWlin2
00000249 0b             1031 	.byte	11
0000024a 0b             1032 	.byte	11
0000024b 000502         1033 	.byte	0,5,2
0000024e 00000000*      1034 	.word	.LDWlin3
00000252 0b             1035 	.byte	11
00000253 4b             1036 	.byte	75

                                                                      Page 20
                                                              C:\Users\nhuliyap\AppData\Local\Temp\gh_00007dc1.s
00000254 02             1037 	.byte	2
00000255 00             1038 	.byte	0
00000256 0b             1039 	.byte	11
00000257 02             1040 	.byte	2
00000258 02             1041 	.byte	2
00000259 000101         1042 	.byte	0,1,1
                        1043 	.section	.debug_info
                        1044 .LDW_493ef78:
00000203 0f             1045 	.byte	15
00000204 756349645800   1046 	.strz	"ucIdX"
0000020a 20             1047 	.byte	32
0000020b 24             1048 	.byte	36
0000020c 01             1049 	.byte	1
0000020d 00000000*      1050 	.word	.LDW_48f6bc8
00000211 00             1051 	.byte	0
00000212 0156           1052 	.byte	1,86
                        1053 
                        1054 .LDW_48f18b0:
00000214 1d             1055 	.byte	29
00000215 00000000*      1056 	.word	.LDW21
00000219 00000000*      1057 	.word	.LDW31
                        1058 
0000021d 00             1059 	.byte	0
                        1060 
0000021e 00             1061 	.byte	0
                        1062 
                        1063 .LDW_493dc40:
0000021f 14             1064 	.byte	20
00000220 756353746172   1065 	.strz	"ucStartFilterSTWT"
00000226 7446696c7465 
0000022c 725354575400 
00000232 29             1066 	.byte	41
00000233 0f             1067 	.byte	15
00000234 01             1068 	.byte	1
00000235 00000000*      1069 	.word	.LDW_48f6bc8
00000239 00000000*      1070 	.word	_ucStartFilterSTWT
0000023d 00000000*      1071 	.word	___ghs_eofn_ucStartFilterSTWT
00000241 0153           1072 	.byte	1,83
00000243 02             1073 	.byte	2
00000244 00             1074 	.byte	0
00000245 02             1075 	.byte	2
00000246 00             1076 	.byte	0
00000247 00             1077 	.byte	0
00000248 00             1078 	.byte	0
00000249 00             1079 	.byte	0
0000024a 01             1080 	.byte	1
0000024b 01             1081 	.byte	1
0000024c 00             1082 	.byte	0
0000024d 01             1083 	.byte	1
                        1084 
                        1085 	.section	.debug_frame
                        1086 .LDW_4d07048:
000000c0 00000000*      1087 	.word	.LDW_unq_8-.LDW_unq_7
                        1088 .LDW_unq_7:
000000c4 00000000*      1089 	.word	.LDW_4c5ed68
000000c8 00000000*      1090 	.word	_ucStartFilterSTWT
000000cc 00000000*      1091 	.word	___ghs_eofn_ucStartFilterSTWT-_ucStartFilterSTWT
000000d0 01             1092 	.byte	1
000000d1 00000000*      1093 	.word	.LDW51
000000d5 00             1094 	.byte	0
000000d6 00             1095 	.byte	0

                                                                      Page 21
                                                              C:\Users\nhuliyap\AppData\Local\Temp\gh_00007dc1.s
000000d7 00             1096 	.byte	0
                        1097 .LDW_unq_8:
                        1098 	.section	.debug_line
0000025c 000502         1099 	.byte	0,5,2
0000025f 00000000*      1100 	.word	_ucStartFilterSTWT
00000263 03             1101 	.byte	3
00000264 29             1102 	.byte	41
00000265 02             1103 	.byte	2
00000266 00             1104 	.byte	0
00000267 01             1105 	.byte	1
00000268 06             1106 	.byte	6
00000269 13             1107 	.byte	19
0000026a 000502         1108 	.byte	0,5,2
0000026d 00000000*      1109 	.word	.LDWlin4
00000271 0b             1110 	.byte	11
00000272 0b             1111 	.byte	11
00000273 000502         1112 	.byte	0,5,2
00000276 00000000*      1113 	.word	.LDWlin5
0000027a 03             1114 	.byte	3
0000027b 06             1115 	.byte	6
0000027c 02             1116 	.byte	2
0000027d 00             1117 	.byte	0
0000027e 01             1118 	.byte	1
0000027f 03             1119 	.byte	3
00000280 7b             1120 	.byte	123
00000281 02             1121 	.byte	2
00000282 02             1122 	.byte	2
00000283 01             1123 	.byte	1
00000284 0c             1124 	.byte	12
00000285 0b             1125 	.byte	11
00000286 0b             1126 	.byte	11
00000287 44             1127 	.byte	68
00000288 02             1128 	.byte	2
00000289 00             1129 	.byte	0
0000028a 03             1130 	.byte	3
0000028b 04             1131 	.byte	4
0000028c 02             1132 	.byte	2
0000028d 00             1133 	.byte	0
0000028e 01             1134 	.byte	1
0000028f 000502         1135 	.byte	0,5,2
00000292 00000000*      1136 	.word	.LDWlin6
00000296 0b             1137 	.byte	11
00000297 0b             1138 	.byte	11
00000298 0b             1139 	.byte	11
00000299 1b             1140 	.byte	27
0000029a 02             1141 	.byte	2
0000029b 00             1142 	.byte	0
0000029c 06             1143 	.byte	6
0000029d 02             1144 	.byte	2
0000029e 00             1145 	.byte	0
0000029f 02             1146 	.byte	2
000002a0 02             1147 	.byte	2
000002a1 000101         1148 	.byte	0,1,1
                        1149 	.section	.debug_info
                        1150 .LDW_493dcd8:
0000024e 0f             1151 	.byte	15
0000024f 756349645800   1152 	.strz	"ucIdX"
00000255 29             1153 	.byte	41
00000256 30             1154 	.byte	48
00000257 01             1155 	.byte	1
00000258 00000000*      1156 	.word	.LDW_48f6bc8

                                                                      Page 22
                                                              C:\Users\nhuliyap\AppData\Local\Temp\gh_00007dc1.s
0000025c 00             1157 	.byte	0
0000025d 0156           1158 	.byte	1,86
                        1159 
                        1160 .LDW_48f1a00:
0000025f 1d             1161 	.byte	29
00000260 00000000*      1162 	.word	.LDW41
00000264 00000000*      1163 	.word	.LDW51
                        1164 
00000268 00             1165 	.byte	0
                        1166 
00000269 00             1167 	.byte	0
                        1168 
                        1169 .LDW_493dd30:
0000026a 13             1170 	.byte	19
0000026b 54696d657257   1171 	.strz	"TimerWT"
00000271 5400 
00000273 3f             1172 	.byte	63
00000274 06             1173 	.byte	6
00000275 01             1174 	.byte	1
00000276 00000000*      1175 	.word	_TimerWT
0000027a 00000000*      1176 	.word	___ghs_eofn_TimerWT
0000027e 0153           1177 	.byte	1,83
00000280 828080c00b     1178 	.byte	130,128,128,192,11
00000285 10             1179 	.byte	16
00000286 03             1180 	.byte	3
00000287 10             1181 	.byte	16
00000288 00             1182 	.byte	0
00000289 00             1183 	.byte	0
0000028a 00             1184 	.byte	0
0000028b 01             1185 	.byte	1
0000028c 01             1186 	.byte	1
0000028d 00             1187 	.byte	0
0000028e 01             1188 	.byte	1
                        1189 
                        1190 	.section	.debug_frame
                        1191 .LDW_4c21010:
000000d8 00000000*      1192 	.word	.LDW_unq_a-.LDW_unq_9
                        1193 .LDW_unq_9:
000000dc 00000000*      1194 	.word	.LDW_4c5ed68
000000e0 00000000*      1195 	.word	_TimerWT
000000e4 00000000*      1196 	.word	___ghs_eofn_TimerWT-_TimerWT
000000e8 48             1197 	.byte	72
000000e9 9f             1198 	.byte	159
000000ea 00             1199 	.byte	0
000000eb 40             1200 	.byte	64
000000ec 9d             1201 	.byte	157
000000ed 04             1202 	.byte	4
000000ee 40             1203 	.byte	64
000000ef 9c             1204 	.byte	156
000000f0 08             1205 	.byte	8
000000f1 40             1206 	.byte	64
000000f2 9b             1207 	.byte	155
000000f3 0c             1208 	.byte	12
000000f4 01             1209 	.byte	1
000000f5 00000000*      1210 	.word	.LDW71
000000f9 00             1211 	.byte	0
000000fa 00             1212 	.byte	0
000000fb 00             1213 	.byte	0
                        1214 .LDW_unq_a:
                        1215 	.section	.debug_line
000002a4 000502         1216 	.byte	0,5,2

                                                                      Page 23
                                                              C:\Users\nhuliyap\AppData\Local\Temp\gh_00007dc1.s
000002a7 00000000*      1217 	.word	_TimerWT
000002ab 03             1218 	.byte	3
000002ac 3f             1219 	.byte	63
000002ad 02             1220 	.byte	2
000002ae 00             1221 	.byte	0
000002af 01             1222 	.byte	1
000002b0 06             1223 	.byte	6
000002b1 000502         1224 	.byte	0,5,2
000002b4 00000000*      1225 	.word	.LDWlin7
000002b8 03             1226 	.byte	3
000002b9 05             1227 	.byte	5
000002ba 02             1228 	.byte	2
000002bb 00             1229 	.byte	0
000002bc 01             1230 	.byte	1
000002bd 000502         1231 	.byte	0,5,2
000002c0 00000000*      1232 	.word	.LDWlin8
000002c4 0d             1233 	.byte	13
000002c5 0b             1234 	.byte	11
000002c6 2b             1235 	.byte	43
000002c7 000502         1236 	.byte	0,5,2
000002ca 00000000*      1237 	.word	.LDWlin9
000002ce 0b             1238 	.byte	11
000002cf 0b             1239 	.byte	11
000002d0 14             1240 	.byte	20
000002d1 02             1241 	.byte	2
000002d2 02             1242 	.byte	2
000002d3 0c             1243 	.byte	12
000002d4 000502         1244 	.byte	0,5,2
000002d7 00000000*      1245 	.word	.LDWlin10
000002db 0b             1246 	.byte	11
000002dc 0b             1247 	.byte	11
000002dd 000502         1248 	.byte	0,5,2
000002e0 00000000*      1249 	.word	.LDWlin11
000002e4 0b             1250 	.byte	11
000002e5 0b             1251 	.byte	11
000002e6 23             1252 	.byte	35
000002e7 02             1253 	.byte	2
000002e8 00             1254 	.byte	0
000002e9 0b             1255 	.byte	11
000002ea 02             1256 	.byte	2
000002eb 00             1257 	.byte	0
000002ec 03             1258 	.byte	3
000002ed 78             1259 	.byte	120
000002ee 02             1260 	.byte	2
000002ef 00             1261 	.byte	0
000002f0 01             1262 	.byte	1
000002f1 000502         1263 	.byte	0,5,2
000002f4 00000000*      1264 	.word	.LDWlin12
000002f8 03             1265 	.byte	3
000002f9 09             1266 	.byte	9
000002fa 02             1267 	.byte	2
000002fb 00             1268 	.byte	0
000002fc 01             1269 	.byte	1
000002fd 0c             1270 	.byte	12
000002fe 000502         1271 	.byte	0,5,2
00000301 00000000*      1272 	.word	.LDWlin13
00000305 0b             1273 	.byte	11
00000306 02             1274 	.byte	2
00000307 00             1275 	.byte	0
00000308 0c             1276 	.byte	12
00000309 0c             1277 	.byte	12

                                                                      Page 24
                                                              C:\Users\nhuliyap\AppData\Local\Temp\gh_00007dc1.s
0000030a 0b             1278 	.byte	11
0000030b 13             1279 	.byte	19
0000030c 1b             1280 	.byte	27
0000030d 02             1281 	.byte	2
0000030e 02             1282 	.byte	2
0000030f 0c             1283 	.byte	12
00000310 03             1284 	.byte	3
00000311 7e             1285 	.byte	126
00000312 02             1286 	.byte	2
00000313 08             1287 	.byte	8
00000314 01             1288 	.byte	1
00000315 000502         1289 	.byte	0,5,2
00000318 00000000*      1290 	.word	.LDWlin14
0000031c 0d             1291 	.byte	13
0000031d 0d             1292 	.byte	13
0000031e 0b             1293 	.byte	11
0000031f 0c             1294 	.byte	12
00000320 0b             1295 	.byte	11
00000321 0b             1296 	.byte	11
00000322 02             1297 	.byte	2
00000323 04             1298 	.byte	4
00000324 000101         1299 	.byte	0,1,1
                        1300 	.section	.debug_info
                        1301 .LDW_493ddc8:
0000028f 0f             1302 	.byte	15
00000290 756341637469   1303 	.strz	"ucAction"
00000296 6f6e00 
00000299 3f             1304 	.byte	63
0000029a 1d             1305 	.byte	29
0000029b 01             1306 	.byte	1
0000029c 00000000*      1307 	.word	.LDW_48f6bc8
000002a0 00             1308 	.byte	0
000002a1 0156           1309 	.byte	1,86
                        1310 
                        1311 .LDW_48f1670:
000002a3 1d             1312 	.byte	29
000002a4 00000000*      1313 	.word	.LDW61
000002a8 00000000*      1314 	.word	.LDW71
                        1315 
                        1316 .LDW_493de20:
000002ac 04             1317 	.byte	4
000002ad 6900           1318 	.strz	"i"
000002af 43             1319 	.byte	67
000002b0 11             1320 	.byte	17
000002b1 01             1321 	.byte	1
000002b2 00000000*      1322 	.word	.LDW_48f6bc8
000002b6 00             1323 	.byte	0
000002b7 00             1324 	.byte	0
000002b8 016c           1325 	.byte	1,108
                        1326 
                        1327 .LDW_493de78:
000002ba 04             1328 	.byte	4
000002bb 756354696d65   1329 	.strz	"ucTime10sec"
000002c1 313073656300 
000002c7 41             1330 	.byte	65
000002c8 18             1331 	.byte	24
000002c9 01             1332 	.byte	1
000002ca 00000000*      1333 	.word	.LDW_48f6bc8
000002ce 00             1334 	.byte	0
000002cf 00             1335 	.byte	0
000002d0 0503           1336 	.byte	5,3

                                                                      Page 25
                                                              C:\Users\nhuliyap\AppData\Local\Temp\gh_00007dc1.s
000002d2 00000000*      1337 	.word	_ucTime10sec.TimerWT.C.3A.5C_ECU2.5CECU_Rivian_A1.5CTarget.5Crepo_projects.5CpRealEcu.5CcR_LATEST.5Cmake.5Coutput.5Cobjects.5CUSWTime..2
                        1338 
000002d6 00             1339 	.byte	0
                        1340 
000002d7 00             1341 	.byte	0
                        1342 
000002d8 00             1343 	.byte	0
                        1344 
                        1345 	.section	.debug_line
                        1346 .Ldw_line_end:
                        1347 	.section	.debug_macinfo
00000000 01             1348 	.byte	1
00000001 00             1349 	.byte	0
00000002 5f5f6768735f   1350 	.strz	"__ghs__ 1"
00000008 5f203100 
0000000c 01             1351 	.byte	1
0000000d 00             1352 	.byte	0
0000000e 5f5f4c4c4f4e   1353 	.strz	"__LLONG_BIT 64"
00000014 475f42495420 
0000001a 363400 
0000001d 03             1354 	.byte	3
0000001e 00             1355 	.byte	0
0000001f 01             1356 	.byte	1
00000020 03             1357 	.byte	3
00000021 01             1358 	.byte	1
00000022 02             1359 	.byte	2
00000023 03             1360 	.byte	3
00000024 1c             1361 	.byte	28
00000025 03             1362 	.byte	3
00000026 01             1363 	.byte	1
00000027 3c             1364 	.byte	60
00000028 545255452031   1365 	.strz	"TRUE 1u"
0000002e 7500 
00000030 01             1366 	.byte	1
00000031 40             1367 	.byte	64
00000032 46414c534520   1368 	.strz	"FALSE 0u"
00000038 307500 
0000003b 04             1369 	.byte	4
0000003c 03             1370 	.byte	3
0000003d 1d             1371 	.byte	29
0000003e 04             1372 	.byte	4
0000003f 03             1373 	.byte	3
00000040 1b             1374 	.byte	27
00000041 05             1375 	.byte	5
00000042 03             1376 	.byte	3
00000043 54             1377 	.byte	84
00000044 06             1378 	.byte	6
00000045 04             1379 	.byte	4
00000046 04             1380 	.byte	4
00000047 04             1381 	.byte	4
00000048 04             1382 	.byte	4
00000049 03             1383 	.byte	3
0000004a 03             1384 	.byte	3
0000004b 07             1385 	.byte	7
0000004c 03             1386 	.byte	3
0000004d 06             1387 	.byte	6
0000004e 08             1388 	.byte	8
0000004f 03             1389 	.byte	3
00000050 06             1390 	.byte	6
00000051 09             1391 	.byte	9
00000052 03             1392 	.byte	3

                                                                      Page 26
                                                              C:\Users\nhuliyap\AppData\Local\Temp\gh_00007dc1.s
00000053 04             1393 	.byte	4
00000054 0a             1394 	.byte	10
00000055 04             1395 	.byte	4
00000056 01             1396 	.byte	1
00000057 0e             1397 	.byte	14
00000058 50524f445543   1398 	.strz	"PRODUCTION_SW 0x0"
0000005e 54494f4e5f53 
00000064 572030783000 
0000006a 01             1399 	.byte	1
0000006b 0f             1400 	.byte	15
0000006c 444556454c4f   1401 	.strz	"DEVELOPMENT_SW 0x1"
00000072 504d454e545f 
00000078 535720307831 
0000007e 00 
0000007f 01             1402 	.byte	1
00000080 10             1403 	.byte	16
00000081 53575f434154   1404 	.strz	"SW_CATEGORY PRODUCTION_SW"
00000087 45474f525920 
0000008d 50524f445543 
00000093 54494f4e5f53 
00000099 5700 
0000009b 04             1405 	.byte	4
0000009c 01             1406 	.byte	1
0000009d 0e             1407 	.byte	14
0000009e 70625f514143   1408 	.strz	"pb_QACStatic_160503 "
000000a4 537461746963 
000000aa 5f3136303530 
000000b0 332000 
000000b3 01             1409 	.byte	1
000000b4 11             1410 	.byte	17
000000b5 635354415449   1411 	.strz	"cSTATIC static"
000000bb 432073746174 
000000c1 696300 
000000c4 01             1412 	.byte	1
000000c5 16             1413 	.byte	22
000000c6 75634d617850   1414 	.strz	"ucMaxPosc 4"
000000cc 6f7363203400 
000000d2 01             1415 	.byte	1
000000d3 17             1416 	.byte	23
000000d4 756353756d57   1417 	.strz	"ucSumWEc (unsigned char) 4"
000000da 45632028756e 
000000e0 7369676e6564 
000000e6 206368617229 
000000ec 203400 
000000ef 04             1418 	.byte	4
000000f0 01             1419 	.byte	1
000000f1 8501           1420 	.byte	133,1
000000f3 7563436f756e   1421 	.strz	"ucCountc (unsigned char) 7"
000000f9 74632028756e 
000000ff 7369676e6564 
00000105 206368617229 
0000010b 203700 
0000010e 01             1422 	.byte	1
0000010f 8601           1423 	.byte	134,1
00000111 7563496e6954   1424 	.strz	"ucIniTimec (unsigned char) 8"
00000117 696d65632028 
0000011d 756e7369676e 
00000123 656420636861 
00000129 7229203800 
0000012e 04             1425 	.byte	4
0000012f 03             1426 	.byte	3

                                                                      Page 27
                                                              C:\Users\nhuliyap\AppData\Local\Temp\gh_00007dc1.s
00000130 05             1427 	.byte	5
00000131 0b             1428 	.byte	11
00000132 03             1429 	.byte	3
00000133 07             1430 	.byte	7
00000134 0c             1431 	.byte	12
00000135 04             1432 	.byte	4
00000136 01             1433 	.byte	1
00000137 e301           1434 	.byte	227,1
00000139 756346696c74   1435 	.strz	"ucFilterTimeSTc (unsigned char) 54"
0000013f 657254696d65 
00000145 535463202875 
0000014b 6e7369676e65 
00000151 642063686172 
00000157 2920353400 
0000015c 01             1436 	.byte	1
0000015d e501           1437 	.byte	229,1
0000015f 75736843616c   1438 	.strz	"ushCallFreqInMSWTc 1000"
00000165 6c4672657149 
0000016b 6e4d53575463 
00000171 203130303000 
00000177 01             1439 	.byte	1
00000178 e701           1440 	.byte	231,1
0000017a 756354696d65   1441 	.strz	"ucTimeFilterPrescInMSc ((unsigned char) (10000 / ushCallFreqInMSWTc))"
00000180 46696c746572 
00000186 507265736349 
0000018c 6e4d53632028 
00000192 28756e736967 
00000198 6e6564206368 
0000019e 617229202831 
000001a4 30303030202f 
000001aa 207573684361 
000001b0 6c6c46726571 
000001b6 496e4d535754 
000001bc 63292900 
000001c0 04             1442 	.byte	4
000001c1 03             1443 	.byte	3
000001c2 07             1444 	.byte	7
000001c3 0d             1445 	.byte	13
000001c4 04             1446 	.byte	4
000001c5 04             1447 	.byte	4
000001c6 00             1448 	.byte	0
                        1449 	.section	.debug_abbrev
0000011c 00             1450 	.byte	0
                        1451 	.section	.debug_info
                        1452 .Ldw_end:
                        1453 .rh850_flags REGMODE32,DATA_ALIGN8,GP_FIX,EP_NONFIX,TP_FIX,REG2_RESERVE,G3K,GHS_MISALIGN,SDA_EXTRA_REGS_0
