                                                                      Page 1
                                                              C:\Users\nhuliyap\AppData\Local\Temp\gh_00001e41.s
Command Line: C:\ghs\comp_201517\ease850.exe -w -elf -b0 -I../source/common -I../source/ProjectCompiler -I../source/ProjectCfg -I../source/SwcApplTpms -I../source/SwcApplEcuM -I../source/SwcServiceBswM -I../source/SwcServiceEcuM -I../source/SwcServiceNvM -I../source/SwcServiceOs -I../source/SwcServiceStartUp -I../source/McalAdc -I../source/McalDio -I../source/McalGpt -I../source/McalMcu -I../source/McalWdg -I../source/wrappers -I../source/wrappers/McalAta -I../source/McalLin -I../source/McalCan -I../source/wrappers/OS -I../source/McalFls -I../source/EcuabFee -I../source/EcuabMemIf -I../source/wrappers/VStdLib -I../source/wrappers/Crc -I../source/wrappers/FBL_APPL -I../source/wrappers/NVM_MANAGER -I../source/wrappers/DEM_MANAGER -I../source/wrappers/RDC_MANAGER -I../source/wrappers/ENV_MANAGER -I../source/wrappers/SYS_MANAGER -I../source/wrappers/EcuabCanIf -I../source/EcuabCanTrcv -I../source/wrappers/SwcServiceCanSM -I../source/wrappers/SwcServiceCanTp -I../source/wrappers/SwcServiceCanTp_PreCompile -I../source/wrappers/SwcServiceCom -I../source/wrappers/SwcServiceComM -I../source/wrappers/SwcServiceDcm -I../source/wrappers/SwcServicePduR -I../source/wrappers/SwcServiceEcuM -I../source/wrappers/Bfx -I../source/wrappers/SwcServiceDem -I../source/SwcServiceCom -I../source/SwcServiceDet -I../source/SwcServiceFiM -I../source/SwcServicePduR -I../source/SwcServiceSchM -I../source/wrappers/LibAutosarDiag -I../source/wrappers/rba_BswSrv -IC:\ghs\comp_201517\lib\rh850 -cg_underscore -cpu=rh850g3k -no_v850_simd -rh850_fpsimd=none -nomacro -patch_dbo=C:\_ECU2\ECU_Rivian_A1\Target\repo_projects\pRealEcu\cR_LATEST\make\output\objects\Walloc_IF.dbo -source=Walloc_IF.c -o output\objects\gh_00001e41.o -list=output\list\Walloc_IF.lst C:\Users\nhuliyap\AppData\Local\Temp\gh_00001e41.s 
Original File: C:\Users\nhuliyap\AppData\Local\Temp\gh_00001e41.s
Source File: Walloc_IF.c
Directory: C:\_ECU2\ECU_Rivian_A1\Target\repo_projects\pRealEcu\cR_LATEST\make
Host OS: Windows
EASE: Copyright (C) 1983-2015 Green Hills Software.  All Rights Reserved.
Release: Compiler v2015.1.7
Build Directory: [Directory] BTOWORKER6:c:/build_2015_1_bto/2015-10-21.2100-2015_1_bto/win32-comp-ecom
Revision: [VCInfo] http://toolsvc/branches/release-branch-70-bto/src@544153 (built by build)
Revision Date: Thu Oct 22 07:50:13 2015

Release Date: Thu Oct 22 09:32:32 2015

                           1 --Driver Command: ccv850 ../source/SwcApplTpms/Walloc_IF.c -cpu=rh850 -fhard
                           2 --		-ignore_callt_state_in_interrupts -large_sda -misalign_pack
                           3 --		-nofarcalls -nofloatio -no_callt -Ogeneral -Onounroll
                           4 --		-prepare_dispose -registermode=32 -reserve_r2 -sda=0
                           5 --		-shorten_loads -Wshadow --brief_diagnostics --no_commons
                           6 --		--no_wrap_diagnostics --prototype_errors --short_enum -list -G
                           7 --		-dual_debug -dwarf -X5523 -lnk=-no_xda_modifications -D
                           8 --		NOT_READY_FOR_TESTING_OR_DEPLOYMENT -D IBTCM_SW_ANPASSUNGEN -D
                           9 --		BUILD_RIVIAN -c -inline_prologue -I../source/common
                          10 --		-I../source/ProjectCompiler -I../source/ProjectCfg
                          11 --		-I../source/SwcApplTpms -I../source/SwcApplEcuM
                          12 --		-I../source/SwcServiceBswM -I../source/SwcServiceEcuM
                          13 --		-I../source/SwcServiceNvM -I../source/SwcServiceOs
                          14 --		-I../source/SwcServiceStartUp -I../source/McalAdc
                          15 --		-I../source/McalDio -I../source/McalGpt -I../source/McalMcu
                          16 --		-I../source/McalWdg -I../source/wrappers
                          17 --		-I../source/wrappers/McalAta -I../source/McalLin
                          18 --		-I../source/McalCan -I../source/wrappers/OS -I../source/McalFls
                          19 --		-I../source/EcuabFee -I../source/EcuabMemIf
                          20 --		-I../source/wrappers/VStdLib -I../source/wrappers
                          21 --		-I../source/wrappers/Crc -I../source/wrappers/FBL_APPL
                          22 --		-I../source/wrappers/NVM_MANAGER -I../source/wrappers/DEM_MANAGER
                          23 --		-I../source/wrappers/RDC_MANAGER -I../source/wrappers/ENV_MANAGER
                          24 --		-I../source/wrappers/SYS_MANAGER -I../source/wrappers/EcuabCanIf
                          25 --		-I../source/EcuabCanTrcv -I../source/wrappers/SwcServiceCanSM
                          26 --		-I../source/wrappers/SwcServiceCanTp
                          27 --		-I../source/wrappers/SwcServiceCanTp_PreCompile
                          28 --		-I../source/wrappers/SwcServiceCom
                          29 --		-I../source/wrappers/SwcServiceComM
                          30 --		-I../source/wrappers/SwcServiceDcm
                          31 --		-I../source/wrappers/SwcServicePduR
                          32 --		-I../source/wrappers/SwcServiceEcuM -I../source/wrappers/Bfx
                          33 --		-I../source/wrappers/SwcServiceDem -I../source/SwcServiceCom
                          34 --		-I../source/SwcServiceDet -I../source/SwcServiceFiM
                          35 --		-I../source/SwcServicePduR -I../source/SwcServiceSchM
                          36 --		-I../source/wrappers/LibAutosarDiag
                          37 --		-I../source/wrappers/rba_BswSrv -object_dir=output/objects
                          38 --		-list_dir=output/list
                          39 --Source File:   ../source/SwcApplTpms/Walloc_IF.c
                          40 --Directory:     
                          41 --		C:\_ECU2\ECU_Rivian_A1\Target\repo_projects\pRealEcu\cR_LATEST\make
                          42 --Compile Date:  Fri Sep 15 14:16:22 2023
                          43 --Host OS:       Win32
                          44 --Version:       C-RH850 2015.1.7 RELEASE VERSION
                          45 --Release:       Compiler v2015.1.7
                          46 --Revision Date: Thu Oct 22 08:06:12 2015
                          47 --Release Date:  Thu Oct 22 09:34:32 2015
                          48 -- ecom  -g -w -OM
                          49 	.text
                          50 ..bof.C.3A.5C_ECU2.5CECU_Rivian_A1.5CTarget.5Crepo_projects.5CpRealEcu.5CcR_LATEST.5Cmake.5Coutput.5Cobjects.5CWalloc_IF...43.3A.5C_ECU2.5CECU_Rivian_A1.5CTarget.5Crepo_projects.5CpRealEcu.5CcR_LATEST.5Cmake..65044B16..0::

                                                                      Page 2
                                                              C:\Users\nhuliyap\AppData\Local\Temp\gh_00001e41.s
                          51 	.align	2
                          52 ..gh.f.f.1.e.0:
                          53 	.type	..gh.f.f.1.e.0,@object
                          54 	.size	..gh.f.f.1.e.0,0
                          55 	.global	_CancelWATO
                          56 _CancelWATO:
                          57 --	    .bf
                          58 .LDW01:
00000000 80070000*        59 	jr	_StopWallocTOAlarm
                          60 --	    .ef
                          61 .LDW11:
                          62 	.global	___ghs_eofn_CancelWATO
                          63 ___ghs_eofn_CancelWATO:
                          64 	.type	_CancelWATO,@function
                          65 	.size	_CancelWATO,.-_CancelWATO
                          66 	.align	2
                          67 
                          68 	.section ".bss","awb"
                          69 .L33:
                          70 	.type	.L33,@object
                          71 	.size	.L33,0
                          72 	.data
                          73 	.text
                          74 	.align	2
                          75 	.align	2
                          76 ..gh.f.f.1.e.1:
                          77 	.type	..gh.f.f.1.e.1,@object
                          78 	.size	..gh.f.f.1.e.1,0
                          79 	.global	_StartWATO
                          80 _StartWATO:
                          81 --	    .bf
                          82 .LDW21:
00000004 c636ff00         83 	andi	255,r6,r6
00000008 b205*            84 	be	.L52
0000000a 80070000*        85 	jr	_StartWallocTOAlarm
                          86 .L52:
                          87 --	    .ef
                          88 .LDW31:
                          89 --line23
                          90 ..lin.C.3A.5C_ECU2.5CECU_Rivian_A1.5CTarget.5Crepo_projects.5CpRealEcu.5CcR_LATEST.5Cmake.5Coutput.5Cobjects.5CWalloc_IF.1::
                          91 .LDWlin1:
0000000e 7f00             92 	jmp	[lp]
                          93 	.global	___ghs_eofn_StartWATO
                          94 ___ghs_eofn_StartWATO:
                          95 	.type	_StartWATO,@function
                          96 	.size	_StartWATO,.-_StartWATO
                          97 	.align	2
                          98 
                          99 --_ucTimeInSec	r6	param
                         100 
                         101 	.section ".bss","awb"
                         102 .L86:
                         103 	.type	.L86,@object
                         104 	.size	.L86,0
                         105 	.data
                         106 	.text
                         107 	.align	2
                         108 	.align	2
                         109 ..gh.f.f.1.e.2:
                         110 	.type	..gh.f.f.1.e.2,@object
                         111 	.size	..gh.f.f.1.e.2,0

                                                                      Page 3
                                                              C:\Users\nhuliyap\AppData\Local\Temp\gh_00001e41.s
                         112 	.global	_ushGetABSingleTick
                         113 _ushGetABSingleTick:
00000010 84076100        114 	prepare	{r29,r31},2
00000014 06e8            115 	mov	r6,r29
00000016 9d00            116 	zxb	r29
                         117 --	    .bf
                         118 .LDW41:
00000018 0092            119 	mov	0,r18
                         120 .L125:
0000001a 12f0            121 	mov	r18,ep
0000001c c1f2            122 	shl	1,ep
0000001e c3f1            123 	add	sp,ep
00000020 4192            124 	add	1,r18
00000022 8004            125 	sst.h	zero,0[ep]
00000024 6492            126 	cmp	4,r18
00000026 a1fd*           127 	bl	.L125
                         128 --line35
                         129 ..lin.C.3A.5C_ECU2.5CECU_Rivian_A1.5CTarget.5Crepo_projects.5CpRealEcu.5CcR_LATEST.5Cmake.5Coutput.5Cobjects.5CWalloc_IF.2::
                         130 .LDWlin2:
00000028 0330            131 	mov	sp,r6
                         132 	jarl	_GetLinABS,lp
                         132 <EXPANSION BEGIN>
                         132 jarl22 _GetLinABS , lp 
0000002a 80ff0000*       132 <EXPANSION END>
                         133 --line36
                         134 ..lin.C.3A.5C_ECU2.5CECU_Rivian_A1.5CTarget.5Crepo_projects.5CpRealEcu.5CcR_LATEST.5Cmake.5Coutput.5Cobjects.5CWalloc_IF.3::
                         135 .LDWlin3:
0000002e 008a            136 	mov	0,r17
00000030 e051            137 	cmp	zero,r10
00000032 da05*           138 	bne	.L128
                         139 --line37
                         140 ..lin.C.3A.5C_ECU2.5CECU_Rivian_A1.5CTarget.5Crepo_projects.5CpRealEcu.5CcR_LATEST.5Cmake.5Coutput.5Cobjects.5CWalloc_IF.4::
                         141 .LDWlin4:
00000034 1df0            142 	mov	r29,ep
00000036 c1f2            143 	shl	1,ep
00000038 c3f1            144 	add	sp,ep
0000003a 7088            145 	sld.hu	0[ep],r17
                         146 .L128:
0000003c 1150            147 	mov	r17,r10
                         148 --	    .ef
                         149 .LDW51:
0000003e 44067f00        150 	dispose	2,{r29,r31},[lp]
                         151 	.global	___ghs_eofn_ushGetABSingleTick
                         152 ___ghs_eofn_ushGetABSingleTick:
                         153 	.type	_ushGetABSingleTick,@function
                         154 	.size	_ushGetABSingleTick,.-_ushGetABSingleTick
                         155 	.align	2
                         156 --_LocalCnt	r18	local
                         157 --_ushCnt	0[sp]	local
                         158 --_ushCurrentAbsTick	r17	local
                         159 
                         160 --_ucIx	r29	param
                         161 
                         162 	.section ".bss","awb"
                         163 .L185:
                         164 	.type	.L185,@object
                         165 	.size	.L185,0
                         166 	.data
                         167 	.text
                         168 	.align	2
                         169 

                                                                      Page 4
                                                              C:\Users\nhuliyap\AppData\Local\Temp\gh_00001e41.s
                         170 	.data
                         171 	.ghsnote version,17
                         172 	.ghsnote tools,3
                         173 	.ghsnote options,144
                         174 	.text
                         175 	.align	2
                         176 ..eof.C.3A.5C_ECU2.5CECU_Rivian_A1.5CTarget.5Crepo_projects.5CpRealEcu.5CcR_LATEST.5Cmake.5Coutput.5Cobjects.5CWalloc_IF...43.3A.5C_ECU2.5CECU_Rivian_A1.5CTarget.5Crepo_projects.5CpRealEcu.5CcR_LATEST.5Cmake..65044B16..0::
                         177 	.section	.debug_info
                         178 .Ldw_begin:
00000000 94020000        179 	.word	.Ldw_end-.Ldw_begin-4
00000004 0200            180 	.byte	2,0
00000006 00000000*       181 	.word	.Ldw_abbr_begin
0000000a 04              182 	.byte	4
                         183 	.section	.debug_abbrev
                         184 .Ldw_abbr_begin:
                         185 	.section	.debug_info
0000000b 01              186 	.byte	1
0000000c 00000000*       187 	.word	..bof.C.3A.5C_ECU2.5CECU_Rivian_A1.5CTarget.5Crepo_projects.5CpRealEcu.5CcR_LATEST.5Cmake.5Coutput.5Cobjects.5CWalloc_IF...43.3A.5C_ECU2.5CECU_Rivian_A1.5CTarget.5Crepo_projects.5CpRealEcu.5CcR_LATEST.5Cmake..65044B16..0
00000010 00000000*       188 	.word	..eof.C.3A.5C_ECU2.5CECU_Rivian_A1.5CTarget.5Crepo_projects.5CpRealEcu.5CcR_LATEST.5Cmake.5Coutput.5Cobjects.5CWalloc_IF...43.3A.5C_ECU2.5CECU_Rivian_A1.5CTarget.5Crepo_projects.5CpRealEcu.5CcR_LATEST.5Cmake..65044B16..0
00000014 2e2e2f736f75    189 	.strz	"../source/SwcApplTpms/Walloc_IF.c"
0000001a 7263652f5377 
00000020 634170706c54 
00000026 706d732f5761 
0000002c 6c6c6f635f49 
00000032 462e6300 
00000036 433a5c5f4543    190 	.strz	"C:\\_ECU2\\ECU_Rivian_A1\\Target\\repo_projects\\pRealEcu\\cR_LATEST\\make"
0000003c 55325c454355 
00000042 5f5269766961 
00000048 6e5f41315c54 
0000004e 61726765745c 
00000054 7265706f5f70 
0000005a 726f6a656374 
00000060 735c70526561 
00000066 6c4563755c63 
0000006c 525f4c415445 
00000072 53545c6d616b 
00000078 6500 
0000007a 474853204320    191 	.strz	"GHS C 2015.1.7 [dual]"
00000080 323031352e31 
00000086 2e37205b6475 
0000008c 616c5d00 
00000090 0100            192 	.byte	1,0
00000092 00000000*       193 	.word	.Ldw_line_begin
00000096 00000000*       194 	.word	.Ldw_macinfo_begin
0000009a 00              195 	.byte	0
                         196 
                         197 	.section	.debug_abbrev
00000000 01              198 	.byte	1
00000001 11              199 	.byte	17
00000002 01              200 	.byte	1
00000003 1101            201 	.byte	17,1
00000005 1201            202 	.byte	18,1
00000007 0308            203 	.byte	3,8
00000009 1b08            204 	.byte	27,8
0000000b 2508            205 	.byte	37,8
0000000d 1305            206 	.byte	19,5
0000000f 1006            207 	.byte	16,6
00000011 4306            208 	.byte	67,6
00000013 420b            209 	.byte	66,11
00000015 0000            210 	.byte	0,0
                         211 

                                                                      Page 5
                                                              C:\Users\nhuliyap\AppData\Local\Temp\gh_00001e41.s
                         212 	.section	.debug_line
                         213 .Ldw_line_begin:
00000000 f7030000        214 	.word	.Ldw_line_end-.Ldw_line_begin-4
00000004 0200            215 	.byte	2,0
00000006 00000000*       216 	.word	.Ldw_lpro_end-.Ldw_lpro_begin
                         217 .Ldw_lpro_begin:
0000000a 01              218 	.byte	1
0000000b 00              219 	.byte	0
0000000c 00              220 	.byte	0
0000000d 04              221 	.byte	4
0000000e 0a              222 	.byte	10
0000000f 000101          223 	.byte	0,1,1
00000012 010100          224 	.byte	1,1,0
00000015 000001          225 	.byte	0,0,1
00000018 00              226 	.byte	0
00000019 2e2e2f736f75    227 	.strz	"../source/SwcApplTpms/Walloc_IF.c"
0000001f 7263652f5377 
00000025 634170706c54 
0000002b 706d732f5761 
00000031 6c6c6f635f49 
00000037 462e6300 
0000003b 000000          228 	.byte	0,0,0
0000003e 2e2e2f736f75    229 	.strz	"../source/common/Std_Types.hpp"
00000044 7263652f636f 
0000004a 6d6d6f6e2f53 
00000050 74645f547970 
00000056 65732e687070 
0000005c 00 
0000005d 000000          230 	.byte	0,0,0
00000060 2e2e2f736f75    231 	.strz	"../source/common/Platform_Types.hpp"
00000066 7263652f636f 
0000006c 6d6d6f6e2f50 
00000072 6c6174666f72 
00000078 6d5f54797065 
0000007e 732e68707000 
00000084 000000          232 	.byte	0,0,0
00000087 2e2e2f736f75    233 	.strz	"../source/common/Compiler.hpp"
0000008d 7263652f636f 
00000093 6d6d6f6e2f43 
00000099 6f6d70696c65 
0000009f 722e68707000 
000000a5 000000          234 	.byte	0,0,0
000000a8 2e2e2f736f75    235 	.strz	"../source/ProjectCompiler/Compiler_Cfg.hpp"
000000ae 7263652f5072 
000000b4 6f6a65637443 
000000ba 6f6d70696c65 
000000c0 722f436f6d70 
000000c6 696c65725f43 
000000cc 66672e687070 
000000d2 00 
000000d3 000000          236 	.byte	0,0,0
000000d6 2e2e2f736f75    237 	.strz	"../source/ProjectCompiler/CompilerCfg_SwcServiceOs.hpp"
000000dc 7263652f5072 
000000e2 6f6a65637443 
000000e8 6f6d70696c65 
000000ee 722f436f6d70 
000000f4 696c65724366 
000000fa 675f53776353 
00000100 657276696365 
00000106 4f732e687070 
0000010c 00 

                                                                      Page 6
                                                              C:\Users\nhuliyap\AppData\Local\Temp\gh_00001e41.s
0000010d 000000          238 	.byte	0,0,0
00000110 2e2e2f736f75    239 	.strz	"../source/SwcApplTpms/Walloc_IF.hpp"
00000116 7263652f5377 
0000011c 634170706c54 
00000122 706d732f5761 
00000128 6c6c6f635f49 
0000012e 462e68707000 
00000134 000000          240 	.byte	0,0,0
00000137 2e2e2f736f75    241 	.strz	"../source/SwcApplTpms/cd_decoder_x.hpp"
0000013d 7263652f5377 
00000143 634170706c54 
00000149 706d732f6364 
0000014f 5f6465636f64 
00000155 65725f782e68 
0000015b 707000 
0000015e 000000          242 	.byte	0,0,0
00000161 2e2e2f736f75    243 	.strz	"../source/SwcApplTpms/iTPMS_Interface.hpp"
00000167 7263652f5377 
0000016d 634170706c54 
00000173 706d732f6954 
00000179 504d535f496e 
0000017f 746572666163 
00000185 652e68707000 
0000018b 000000          244 	.byte	0,0,0
0000018e 2e2e2f736f75    245 	.strz	"../source/SwcApplTpms/Tpms_Rte_Data_Type.hpp"
00000194 7263652f5377 
0000019a 634170706c54 
000001a0 706d732f5470 
000001a6 6d735f527465 
000001ac 5f446174615f 
000001b2 547970652e68 
000001b8 707000 
000001bb 000000          246 	.byte	0,0,0
000001be 2e2e2f736f75    247 	.strz	"../source/McalMcu/Types.hpp"
000001c4 7263652f4d63 
000001ca 616c4d63752f 
000001d0 54797065732e 
000001d6 68707000 
000001da 000000          248 	.byte	0,0,0
000001dd 2e2e2f736f75    249 	.strz	"../source/SwcApplTpms/WAllocX.hpp"
000001e3 7263652f5377 
000001e9 634170706c54 
000001ef 706d732f5741 
000001f5 6c6c6f63582e 
000001fb 68707000 
000001ff 000000          250 	.byte	0,0,0
00000202 2e2e2f736f75    251 	.strz	"../source/SwcApplTpms/SwcApplTpms_Rte.hpp"
00000208 7263652f5377 
0000020e 634170706c54 
00000214 706d732f5377 
0000021a 634170706c54 
00000220 706d735f5274 
00000226 652e68707000 
0000022c 000000          252 	.byte	0,0,0
0000022f 2e2e2f736f75    253 	.strz	"../source/SwcApplTpms/SwcApplTpms_Rte_Type.hpp"
00000235 7263652f5377 
0000023b 634170706c54 
00000241 706d732f5377 
00000247 634170706c54 
0000024d 706d735f5274 
00000253 655f54797065 

                                                                      Page 7
                                                              C:\Users\nhuliyap\AppData\Local\Temp\gh_00001e41.s
00000259 2e68707000 
0000025e 000000          254 	.byte	0,0,0
00000261 2e2e2f736f75    255 	.strz	"../source/SwcApplTpms/SwcApplTpms_NvM.hpp"
00000267 7263652f5377 
0000026d 634170706c54 
00000273 706d732f5377 
00000279 634170706c54 
0000027f 706d735f4e76 
00000285 4d2e68707000 
0000028b 000000          256 	.byte	0,0,0
0000028e 2e2e2f736f75    257 	.strz	"../source/SwcApplTpms/SwcApplTpms_CAN_If.hpp"
00000294 7263652f5377 
0000029a 634170706c54 
000002a0 706d732f5377 
000002a6 634170706c54 
000002ac 706d735f4341 
000002b2 4e5f49662e68 
000002b8 707000 
000002bb 000000          258 	.byte	0,0,0
000002be 2e2e2f736f75    259 	.strz	"../source/SwcApplTpms/statemanagerX.hpp"
000002c4 7263652f5377 
000002ca 634170706c54 
000002d0 706d732f7374 
000002d6 6174656d616e 
000002dc 61676572582e 
000002e2 68707000 
000002e6 000000          260 	.byte	0,0,0
000002e9 2e2e2f736f75    261 	.strz	"../source/SwcApplTpms/abs_linX.hpp"
000002ef 7263652f5377 
000002f5 634170706c54 
000002fb 706d732f6162 
00000301 735f6c696e58 
00000307 2e68707000 
0000030c 000000          262 	.byte	0,0,0
0000030f 2e2e2f736f75    263 	.strz	"../source/SwcApplTpms/tss_stdx.hpp"
00000315 7263652f5377 
0000031b 634170706c54 
00000321 706d732f7473 
00000327 735f73746478 
0000032d 2e68707000 
00000332 000000          264 	.byte	0,0,0
00000335 2e2e2f736f75    265 	.strz	"../source/ProjectCfg/CfgSwcApplTpms.hpp"
0000033b 7263652f5072 
00000341 6f6a65637443 
00000347 66672f436667 
0000034d 537763417070 
00000353 6c54706d732e 
00000359 68707000 
0000035d 000000          266 	.byte	0,0,0
00000360 2e2e2f736f75    267 	.strz	"../source/SwcApplTpms/watcfX.hpp"
00000366 7263652f5377 
0000036c 634170706c54 
00000372 706d732f7761 
00000378 746366582e68 
0000037e 707000 
00000381 000000          268 	.byte	0,0,0
00000384 00              269 	.byte	0
                         270 .Ldw_lpro_end:
                         271 	.section	.debug_macinfo
                         272 .Ldw_macinfo_begin:
                         273 	.section	.debug_frame

                                                                      Page 8
                                                              C:\Users\nhuliyap\AppData\Local\Temp\gh_00001e41.s
                         274 .LDW_4c81c68:
00000000 00000000*       275 	.word	.LDW_unq_2-.LDW_unq_1
                         276 .LDW_unq_1:
00000004 ffffffff        277 	.byte	255,255,255,255
00000008 01              278 	.byte	1
00000009 00              279 	.byte	0
0000000a 01              280 	.byte	1
0000000b 01              281 	.byte	1
0000000c 1f              282 	.byte	31
0000000d 0c              283 	.byte	12
0000000e 03              284 	.byte	3
0000000f 00              285 	.byte	0
00000010 07              286 	.byte	7
00000011 00              287 	.byte	0
00000012 07              288 	.byte	7
00000013 01              289 	.byte	1
00000014 07              290 	.byte	7
00000015 02              291 	.byte	2
00000016 07              292 	.byte	7
00000017 03              293 	.byte	3
00000018 07              294 	.byte	7
00000019 04              295 	.byte	4
0000001a 07              296 	.byte	7
0000001b 05              297 	.byte	5
0000001c 07              298 	.byte	7
0000001d 06              299 	.byte	6
0000001e 07              300 	.byte	7
0000001f 07              301 	.byte	7
00000020 07              302 	.byte	7
00000021 08              303 	.byte	8
00000022 07              304 	.byte	7
00000023 09              305 	.byte	9
00000024 07              306 	.byte	7
00000025 0a              307 	.byte	10
00000026 07              308 	.byte	7
00000027 0b              309 	.byte	11
00000028 07              310 	.byte	7
00000029 0c              311 	.byte	12
0000002a 07              312 	.byte	7
0000002b 0d              313 	.byte	13
0000002c 07              314 	.byte	7
0000002d 0e              315 	.byte	14
0000002e 07              316 	.byte	7
0000002f 0f              317 	.byte	15
00000030 07              318 	.byte	7
00000031 10              319 	.byte	16
00000032 07              320 	.byte	7
00000033 11              321 	.byte	17
00000034 07              322 	.byte	7
00000035 12              323 	.byte	18
00000036 07              324 	.byte	7
00000037 13              325 	.byte	19
00000038 08              326 	.byte	8
00000039 14              327 	.byte	20
0000003a 08              328 	.byte	8
0000003b 15              329 	.byte	21
0000003c 08              330 	.byte	8
0000003d 16              331 	.byte	22
0000003e 08              332 	.byte	8
0000003f 17              333 	.byte	23
00000040 08              334 	.byte	8

                                                                      Page 9
                                                              C:\Users\nhuliyap\AppData\Local\Temp\gh_00001e41.s
00000041 18              335 	.byte	24
00000042 08              336 	.byte	8
00000043 19              337 	.byte	25
00000044 08              338 	.byte	8
00000045 1a              339 	.byte	26
00000046 08              340 	.byte	8
00000047 1b              341 	.byte	27
00000048 08              342 	.byte	8
00000049 1c              343 	.byte	28
0000004a 08              344 	.byte	8
0000004b 1d              345 	.byte	29
0000004c 07              346 	.byte	7
0000004d 1e              347 	.byte	30
0000004e 08              348 	.byte	8
0000004f 1f              349 	.byte	31
00000050 07              350 	.byte	7
00000051 20              351 	.byte	32
00000052 07              352 	.byte	7
00000053 21              353 	.byte	33
00000054 07              354 	.byte	7
00000055 22              355 	.byte	34
00000056 07              356 	.byte	7
00000057 23              357 	.byte	35
00000058 07              358 	.byte	7
00000059 24              359 	.byte	36
0000005a 07              360 	.byte	7
0000005b 25              361 	.byte	37
0000005c 07              362 	.byte	7
0000005d 26              363 	.byte	38
0000005e 07              364 	.byte	7
0000005f 27              365 	.byte	39
00000060 07              366 	.byte	7
00000061 28              367 	.byte	40
00000062 07              368 	.byte	7
00000063 29              369 	.byte	41
00000064 07              370 	.byte	7
00000065 2a              371 	.byte	42
00000066 07              372 	.byte	7
00000067 2b              373 	.byte	43
00000068 07              374 	.byte	7
00000069 2c              375 	.byte	44
0000006a 07              376 	.byte	7
0000006b 2d              377 	.byte	45
0000006c 07              378 	.byte	7
0000006d 2e              379 	.byte	46
0000006e 07              380 	.byte	7
0000006f 2f              381 	.byte	47
00000070 07              382 	.byte	7
00000071 30              383 	.byte	48
00000072 07              384 	.byte	7
00000073 31              385 	.byte	49
00000074 07              386 	.byte	7
00000075 32              387 	.byte	50
00000076 07              388 	.byte	7
00000077 33              389 	.byte	51
00000078 07              390 	.byte	7
00000079 34              391 	.byte	52
0000007a 07              392 	.byte	7
0000007b 35              393 	.byte	53
0000007c 07              394 	.byte	7
0000007d 36              395 	.byte	54

                                                                      Page 10
                                                              C:\Users\nhuliyap\AppData\Local\Temp\gh_00001e41.s
0000007e 07              396 	.byte	7
0000007f 37              397 	.byte	55
00000080 07              398 	.byte	7
00000081 38              399 	.byte	56
00000082 07              400 	.byte	7
00000083 39              401 	.byte	57
00000084 07              402 	.byte	7
00000085 3a              403 	.byte	58
00000086 07              404 	.byte	7
00000087 3b              405 	.byte	59
00000088 07              406 	.byte	7
00000089 3c              407 	.byte	60
0000008a 07              408 	.byte	7
0000008b 3d              409 	.byte	61
0000008c 07              410 	.byte	7
0000008d 3e              411 	.byte	62
0000008e 07              412 	.byte	7
0000008f 3f              413 	.byte	63
                         414 .LDW_unq_2:
                         415 	.section	.debug_info
                         416 .LDW_1706c08:
0000009b 45              417 	.byte	69
0000009c 01              418 	.byte	1
                         419 
                         420 	.section	.debug_abbrev
00000017 45              421 	.byte	69
00000018 15              422 	.byte	21
00000019 01              423 	.byte	1
0000001a 270c            424 	.byte	39,12
0000001c 0000            425 	.byte	0,0
                         426 
                         427 	.section	.debug_info
0000009d 00              428 	.byte	0
                         429 
                         430 .LDW_1706fc0:
0000009e 25              431 	.byte	37
0000009f 756e7369676e    432 	.strz	"unsigned char"
000000a5 656420636861 
000000ab 7200 
000000ad 08              433 	.byte	8
000000ae 01              434 	.byte	1
                         435 
                         436 	.section	.debug_abbrev
0000001e 25              437 	.byte	37
0000001f 24              438 	.byte	36
00000020 00              439 	.byte	0
00000021 0308            440 	.byte	3,8
00000023 3e0b            441 	.byte	62,11
00000025 0b0b            442 	.byte	11,11
00000027 0000            443 	.byte	0,0
                         444 
                         445 	.section	.debug_info
                         446 .LDW_1706ea8:
000000af 45              447 	.byte	69
000000b0 01              448 	.byte	1
                         449 
                         450 .LDW_17017f0:
000000b1 12              451 	.byte	18
000000b2 00000000*       452 	.word	.LDW_1706fc0
000000b6 00              453 	.byte	0
                         454 

                                                                      Page 11
                                                              C:\Users\nhuliyap\AppData\Local\Temp\gh_00001e41.s
                         455 	.section	.debug_abbrev
00000029 12              456 	.byte	18
0000002a 05              457 	.byte	5
0000002b 00              458 	.byte	0
0000002c 4910            459 	.byte	73,16
0000002e 4b0c            460 	.byte	75,12
00000030 0000            461 	.byte	0,0
                         462 
                         463 	.section	.debug_info
000000b7 00              464 	.byte	0
                         465 
                         466 .LDW_1706f50:
000000b8 25              467 	.byte	37
000000b9 756e7369676e    468 	.strz	"unsigned short"
000000bf 65642073686f 
000000c5 727400 
000000c8 07              469 	.byte	7
000000c9 02              470 	.byte	2
                         471 
                         472 .LDW_1706ee0:
000000ca 44              473 	.byte	68
000000cb 00000000*       474 	.word	.LDW_1706f50
000000cf 01              475 	.byte	1
                         476 
                         477 	.section	.debug_abbrev
00000032 44              478 	.byte	68
00000033 15              479 	.byte	21
00000034 01              480 	.byte	1
00000035 4910            481 	.byte	73,16
00000037 270c            482 	.byte	39,12
00000039 0000            483 	.byte	0,0
                         484 
                         485 	.section	.debug_info
                         486 .LDW_1701460:
000000d0 12              487 	.byte	18
000000d1 00000000*       488 	.word	.LDW_1706fc0
000000d5 00              489 	.byte	0
                         490 
000000d6 00              491 	.byte	0
                         492 
                         493 .LDW_1706cb0:
000000d7 25              494 	.byte	37
000000d8 696e7400        495 	.strz	"int"
000000dc 05              496 	.byte	5
000000dd 04              497 	.byte	4
                         498 
                         499 .LDW_174dd50:
000000de 3a              500 	.byte	58
000000df 00              501 	.byte	0
000000e0 08              502 	.byte	8
000000e1 00000000*       503 	.word	.LDW_1706f50
                         504 
                         505 	.section	.debug_abbrev
0000003b 3a              506 	.byte	58
0000003c 01              507 	.byte	1
0000003d 01              508 	.byte	1
0000003e 090b            509 	.byte	9,11
00000040 0b0f            510 	.byte	11,15
00000042 4910            511 	.byte	73,16
00000044 0000            512 	.byte	0,0
                         513 

                                                                      Page 12
                                                              C:\Users\nhuliyap\AppData\Local\Temp\gh_00001e41.s
                         514 	.section	.debug_info
000000e5 32              515 	.byte	50
000000e6 00000000*       516 	.word	.LDW_1706cb0
000000ea 04              517 	.byte	4
000000eb 00              518 	.byte	0
000000ec 03              519 	.byte	3
                         520 
                         521 	.section	.debug_abbrev
00000046 32              522 	.byte	50
00000047 21              523 	.byte	33
00000048 00              524 	.byte	0
00000049 4910            525 	.byte	73,16
0000004b 0b0f            526 	.byte	11,15
0000004d 220d            527 	.byte	34,13
0000004f 2f0d            528 	.byte	47,13
00000051 0000            529 	.byte	0,0
                         530 
                         531 	.section	.debug_info
000000ed 00              532 	.byte	0
                         533 
                         534 .LDW_1706dc8:
000000ee 2f              535 	.byte	47
000000ef 00000000*       536 	.word	.LDW_174dfe8
                         537 
                         538 	.section	.debug_abbrev
00000053 2f              539 	.byte	47
00000054 0f              540 	.byte	15
00000055 00              541 	.byte	0
00000056 4910            542 	.byte	73,16
00000058 0000            543 	.byte	0,0
                         544 
                         545 	.section	.debug_info
                         546 .LDW_4cb6108:
000000f3 44              547 	.byte	68
000000f4 00000000*       548 	.word	.LDW_174df38
000000f8 01              549 	.byte	1
                         550 
                         551 .LDW_4cb2478:
000000f9 12              552 	.byte	18
000000fa 00000000*       553 	.word	.LDW_1706dc8
000000fe 00              554 	.byte	0
                         555 
000000ff 00              556 	.byte	0
                         557 
                         558 .LDW_4cb6300:
00000100 45              559 	.byte	69
00000101 01              560 	.byte	1
                         561 
                         562 .LDW_4cb24d8:
00000102 12              563 	.byte	18
00000103 00000000*       564 	.word	.LDW_174df38
00000107 00              565 	.byte	0
                         566 
00000108 00              567 	.byte	0
                         568 
                         569 .LDW_4cb6290:
00000109 45              570 	.byte	69
0000010a 01              571 	.byte	1
                         572 
0000010b 00              573 	.byte	0
                         574 

                                                                      Page 13
                                                              C:\Users\nhuliyap\AppData\Local\Temp\gh_00001e41.s
                         575 .LDW_174df38:
0000010c 28              576 	.byte	40
0000010d 75696e743800    577 	.strz	"uint8"
00000113 50              578 	.byte	80
00000114 4b              579 	.byte	75
00000115 03              580 	.byte	3
00000116 00000000*       581 	.word	.LDW_1706fc0
                         582 
                         583 	.section	.debug_abbrev
0000005a 28              584 	.byte	40
0000005b 16              585 	.byte	22
0000005c 00              586 	.byte	0
0000005d 0308            587 	.byte	3,8
0000005f 3b0f            588 	.byte	59,15
00000061 390f            589 	.byte	57,15
00000063 3a0f            590 	.byte	58,15
00000065 4910            591 	.byte	73,16
00000067 0000            592 	.byte	0,0
                         593 
                         594 	.section	.debug_info
                         595 .LDW_174dfe8:
0000011a 28              596 	.byte	40
0000011b 75696e743136    597 	.strz	"uint16"
00000121 00 
00000122 52              598 	.byte	82
00000123 4a              599 	.byte	74
00000124 03              600 	.byte	3
00000125 00000000*       601 	.word	.LDW_1706f50
                         602 
                         603 .LDW_4cb5160:
00000129 16              604 	.byte	22
0000012a 4765744c696e    605 	.strz	"GetLinABS"
00000130 41425300 
00000134 14              606 	.byte	20
00000135 0e              607 	.byte	14
00000136 12              608 	.byte	18
00000137 00000000*       609 	.word	.LDW_174df38
0000013b 01              610 	.byte	1
0000013c 00              611 	.byte	0
0000013d 01              612 	.byte	1
0000013e 01              613 	.byte	1
0000013f 00              614 	.byte	0
00000140 01              615 	.byte	1
                         616 
                         617 	.section	.debug_abbrev
00000069 16              618 	.byte	22
0000006a 2e              619 	.byte	46
0000006b 01              620 	.byte	1
0000006c 0308            621 	.byte	3,8
0000006e 3b0f            622 	.byte	59,15
00000070 390f            623 	.byte	57,15
00000072 3a0f            624 	.byte	58,15
00000074 4910            625 	.byte	73,16
00000076 3c0c            626 	.byte	60,12
00000078 200b            627 	.byte	32,11
0000007a 3f0c            628 	.byte	63,12
0000007c 320b            629 	.byte	50,11
0000007e 4c0b            630 	.byte	76,11
00000080 270c            631 	.byte	39,12
00000082 0000            632 	.byte	0,0
                         633 

                                                                      Page 14
                                                              C:\Users\nhuliyap\AppData\Local\Temp\gh_00001e41.s
                         634 	.section	.debug_info
00000141 00              635 	.byte	0
                         636 
                         637 .LDW_4cb5588:
00000142 15              638 	.byte	21
00000143 537461727457    639 	.strz	"StartWallocTOAlarm"
00000149 616c6c6f6354 
0000014f 4f416c61726d 
00000155 00 
00000156 0b              640 	.byte	11
00000157 0d              641 	.byte	13
00000158 15              642 	.byte	21
00000159 01              643 	.byte	1
0000015a 00              644 	.byte	0
0000015b 01              645 	.byte	1
0000015c 01              646 	.byte	1
0000015d 00              647 	.byte	0
0000015e 01              648 	.byte	1
                         649 
                         650 	.section	.debug_abbrev
00000084 15              651 	.byte	21
00000085 2e              652 	.byte	46
00000086 01              653 	.byte	1
00000087 0308            654 	.byte	3,8
00000089 3b0f            655 	.byte	59,15
0000008b 390f            656 	.byte	57,15
0000008d 3a0f            657 	.byte	58,15
0000008f 3c0c            658 	.byte	60,12
00000091 200b            659 	.byte	32,11
00000093 3f0c            660 	.byte	63,12
00000095 320b            661 	.byte	50,11
00000097 4c0b            662 	.byte	76,11
00000099 270c            663 	.byte	39,12
0000009b 0000            664 	.byte	0,0
                         665 
                         666 	.section	.debug_info
0000015f 00              667 	.byte	0
                         668 
                         669 .LDW_4cb56b8:
00000160 15              670 	.byte	21
00000161 53746f705761    671 	.strz	"StopWallocTOAlarm"
00000167 6c6c6f63544f 
0000016d 416c61726d00 
00000173 0c              672 	.byte	12
00000174 0d              673 	.byte	13
00000175 15              674 	.byte	21
00000176 01              675 	.byte	1
00000177 00              676 	.byte	0
00000178 01              677 	.byte	1
00000179 01              678 	.byte	1
0000017a 00              679 	.byte	0
0000017b 01              680 	.byte	1
                         681 
0000017c 00              682 	.byte	0
                         683 
                         684 .LDW_174eda0:
0000017d 13              685 	.byte	19
0000017e 43616e63656c    686 	.strz	"CancelWATO"
00000184 5741544f00 
00000189 0e              687 	.byte	14
0000018a 06              688 	.byte	6

                                                                      Page 15
                                                              C:\Users\nhuliyap\AppData\Local\Temp\gh_00001e41.s
0000018b 01              689 	.byte	1
0000018c 00000000*       690 	.word	_CancelWATO
00000190 00000000*       691 	.word	___ghs_eofn_CancelWATO
00000194 0153            692 	.byte	1,83
00000196 02              693 	.byte	2
00000197 00              694 	.byte	0
00000198 02              695 	.byte	2
00000199 00              696 	.byte	0
0000019a 00              697 	.byte	0
0000019b 00              698 	.byte	0
0000019c 00              699 	.byte	0
0000019d 01              700 	.byte	1
0000019e 01              701 	.byte	1
0000019f 00              702 	.byte	0
000001a0 01              703 	.byte	1
                         704 
                         705 	.section	.debug_abbrev
0000009d 13              706 	.byte	19
0000009e 2e              707 	.byte	46
0000009f 01              708 	.byte	1
000000a0 0308            709 	.byte	3,8
000000a2 3b0f            710 	.byte	59,15
000000a4 390f            711 	.byte	57,15
000000a6 3a0f            712 	.byte	58,15
000000a8 1101            713 	.byte	17,1
000000aa 1201            714 	.byte	18,1
000000ac 400a            715 	.byte	64,10
000000ae 8341            716 	.byte	131,65
000000b0 0f              717 	.byte	15
000000b1 8741            718 	.byte	135,65
000000b3 0d              719 	.byte	13
000000b4 8541            720 	.byte	133,65
000000b6 0f              721 	.byte	15
000000b7 8641            722 	.byte	134,65
000000b9 0d              723 	.byte	13
000000ba 9241            724 	.byte	146,65
000000bc 0f              725 	.byte	15
000000bd 3c0c            726 	.byte	60,12
000000bf 200b            727 	.byte	32,11
000000c1 3f0c            728 	.byte	63,12
000000c3 320b            729 	.byte	50,11
000000c5 4c0b            730 	.byte	76,11
000000c7 270c            731 	.byte	39,12
000000c9 0000            732 	.byte	0,0
                         733 
                         734 	.section	.debug_frame
                         735 .LDW_4ca7118:
00000090 00000000*       736 	.word	.LDW_unq_4-.LDW_unq_3
                         737 .LDW_unq_3:
00000094 00000000*       738 	.word	.LDW_4c81c68
00000098 00000000*       739 	.word	_CancelWATO
0000009c 00000000*       740 	.word	___ghs_eofn_CancelWATO-_CancelWATO
000000a0 01              741 	.byte	1
000000a1 00000000*       742 	.word	.LDW11
000000a5 00              743 	.byte	0
000000a6 00              744 	.byte	0
000000a7 00              745 	.byte	0
                         746 .LDW_unq_4:
                         747 	.section	.debug_line
00000385 000502          748 	.byte	0,5,2
00000388 00000000*       749 	.word	_CancelWATO

                                                                      Page 16
                                                              C:\Users\nhuliyap\AppData\Local\Temp\gh_00001e41.s
0000038c 06              750 	.byte	6
0000038d 03              751 	.byte	3
0000038e 0e              752 	.byte	14
0000038f 02              753 	.byte	2
00000390 00              754 	.byte	0
00000391 01              755 	.byte	1
00000392 02              756 	.byte	2
00000393 04              757 	.byte	4
00000394 000101          758 	.byte	0,1,1
                         759 	.section	.debug_info
                         760 .LDW_17019d0:
000001a1 1d              761 	.byte	29
000001a2 00000000*       762 	.word	.LDW01
000001a6 00000000*       763 	.word	.LDW11
                         764 
                         765 	.section	.debug_abbrev
000000cb 1d              766 	.byte	29
000000cc 0b              767 	.byte	11
000000cd 01              768 	.byte	1
000000ce 1101            769 	.byte	17,1
000000d0 1201            770 	.byte	18,1
000000d2 0000            771 	.byte	0,0
                         772 
                         773 	.section	.debug_info
000001aa 00              774 	.byte	0
                         775 
000001ab 00              776 	.byte	0
                         777 
                         778 .LDW_174ee38:
000001ac 13              779 	.byte	19
000001ad 537461727457    780 	.strz	"StartWATO"
000001b3 41544f00 
000001b7 12              781 	.byte	18
000001b8 06              782 	.byte	6
000001b9 01              783 	.byte	1
000001ba 00000000*       784 	.word	_StartWATO
000001be 00000000*       785 	.word	___ghs_eofn_StartWATO
000001c2 0153            786 	.byte	1,83
000001c4 02              787 	.byte	2
000001c5 00              788 	.byte	0
000001c6 02              789 	.byte	2
000001c7 00              790 	.byte	0
000001c8 00              791 	.byte	0
000001c9 00              792 	.byte	0
000001ca 00              793 	.byte	0
000001cb 01              794 	.byte	1
000001cc 01              795 	.byte	1
000001cd 00              796 	.byte	0
000001ce 01              797 	.byte	1
                         798 
                         799 	.section	.debug_frame
                         800 .LDW_4ca75d8:
000000a8 00000000*       801 	.word	.LDW_unq_6-.LDW_unq_5
                         802 .LDW_unq_5:
000000ac 00000000*       803 	.word	.LDW_4c81c68
000000b0 00000000*       804 	.word	_StartWATO
000000b4 00000000*       805 	.word	___ghs_eofn_StartWATO-_StartWATO
000000b8 01              806 	.byte	1
000000b9 00000000*       807 	.word	.LDW31
000000bd 00              808 	.byte	0
000000be 00              809 	.byte	0

                                                                      Page 17
                                                              C:\Users\nhuliyap\AppData\Local\Temp\gh_00001e41.s
000000bf 00              810 	.byte	0
                         811 .LDW_unq_6:
                         812 	.section	.debug_line
00000397 000502          813 	.byte	0,5,2
0000039a 00000000*       814 	.word	_StartWATO
0000039e 06              815 	.byte	6
0000039f 03              816 	.byte	3
000003a0 13              817 	.byte	19
000003a1 02              818 	.byte	2
000003a2 00              819 	.byte	0
000003a3 01              820 	.byte	1
000003a4 000502          821 	.byte	0,5,2
000003a7 00000000*       822 	.word	.LDWlin1
000003ab 02              823 	.byte	2
000003ac 00              824 	.byte	0
000003ad 0c              825 	.byte	12
000003ae 02              826 	.byte	2
000003af 00              827 	.byte	0
000003b0 0b              828 	.byte	11
000003b1 02              829 	.byte	2
000003b2 02              830 	.byte	2
000003b3 000101          831 	.byte	0,1,1
                         832 	.section	.debug_info
                         833 .LDW_174eed0:
000001cf 0f              834 	.byte	15
000001d0 756354696d65    835 	.strz	"ucTimeInSec"
000001d6 496e53656300 
000001dc 13              836 	.byte	19
000001dd 12              837 	.byte	18
000001de 01              838 	.byte	1
000001df 00000000*       839 	.word	.LDW_1706fc0
000001e3 00              840 	.byte	0
000001e4 0156            841 	.byte	1,86
                         842 
                         843 	.section	.debug_abbrev
000000d4 0f              844 	.byte	15
000000d5 05              845 	.byte	5
000000d6 00              846 	.byte	0
000000d7 0308            847 	.byte	3,8
000000d9 3b0f            848 	.byte	59,15
000000db 390f            849 	.byte	57,15
000000dd 3a0f            850 	.byte	58,15
000000df 4910            851 	.byte	73,16
000000e1 4b0c            852 	.byte	75,12
000000e3 020a            853 	.byte	2,10
000000e5 0000            854 	.byte	0,0
                         855 
                         856 	.section	.debug_info
                         857 .LDW_1701910:
000001e6 1d              858 	.byte	29
000001e7 00000000*       859 	.word	.LDW21
000001eb 00000000*       860 	.word	.LDW31
                         861 
000001ef 00              862 	.byte	0
                         863 
000001f0 00              864 	.byte	0
                         865 
                         866 .LDW_174ef28:
000001f1 14              867 	.byte	20
000001f2 757368476574    868 	.strz	"ushGetABSingleTick"
000001f8 414253696e67 

                                                                      Page 18
                                                              C:\Users\nhuliyap\AppData\Local\Temp\gh_00001e41.s
000001fe 6c655469636b 
00000204 00 
00000205 1a              869 	.byte	26
00000206 10              870 	.byte	16
00000207 01              871 	.byte	1
00000208 00000000*       872 	.word	.LDW_1706f50
0000020c 00000000*       873 	.word	_ushGetABSingleTick
00000210 00000000*       874 	.word	___ghs_eofn_ushGetABSingleTick
00000214 0153            875 	.byte	1,83
00000216 828080800a      876 	.byte	130,128,128,128,10
0000021b 08              877 	.byte	8
0000021c 03              878 	.byte	3
0000021d 10              879 	.byte	16
0000021e 00              880 	.byte	0
0000021f 00              881 	.byte	0
00000220 00              882 	.byte	0
00000221 01              883 	.byte	1
00000222 01              884 	.byte	1
00000223 00              885 	.byte	0
00000224 01              886 	.byte	1
                         887 
                         888 	.section	.debug_abbrev
000000e7 14              889 	.byte	20
000000e8 2e              890 	.byte	46
000000e9 01              891 	.byte	1
000000ea 0308            892 	.byte	3,8
000000ec 3b0f            893 	.byte	59,15
000000ee 390f            894 	.byte	57,15
000000f0 3a0f            895 	.byte	58,15
000000f2 4910            896 	.byte	73,16
000000f4 1101            897 	.byte	17,1
000000f6 1201            898 	.byte	18,1
000000f8 400a            899 	.byte	64,10
000000fa 8341            900 	.byte	131,65
000000fc 0f              901 	.byte	15
000000fd 8741            902 	.byte	135,65
000000ff 0d              903 	.byte	13
00000100 8541            904 	.byte	133,65
00000102 0f              905 	.byte	15
00000103 8641            906 	.byte	134,65
00000105 0d              907 	.byte	13
00000106 9241            908 	.byte	146,65
00000108 0f              909 	.byte	15
00000109 3c0c            910 	.byte	60,12
0000010b 200b            911 	.byte	32,11
0000010d 3f0c            912 	.byte	63,12
0000010f 320b            913 	.byte	50,11
00000111 4c0b            914 	.byte	76,11
00000113 270c            915 	.byte	39,12
00000115 0000            916 	.byte	0,0
                         917 
                         918 	.section	.debug_frame
                         919 .LDW_4ca6e58:
000000c0 00000000*       920 	.word	.LDW_unq_8-.LDW_unq_7
                         921 .LDW_unq_7:
000000c4 00000000*       922 	.word	.LDW_4c81c68
000000c8 00000000*       923 	.word	_ushGetABSingleTick
000000cc 00000000*       924 	.word	___ghs_eofn_ushGetABSingleTick-_ushGetABSingleTick
000000d0 44              925 	.byte	68
000000d1 9f              926 	.byte	159
000000d2 06              927 	.byte	6

                                                                      Page 19
                                                              C:\Users\nhuliyap\AppData\Local\Temp\gh_00001e41.s
000000d3 40              928 	.byte	64
000000d4 9d              929 	.byte	157
000000d5 0a              930 	.byte	10
000000d6 01              931 	.byte	1
000000d7 00000000*       932 	.word	.LDW51
000000db 00              933 	.byte	0
                         934 .LDW_unq_8:
                         935 	.section	.debug_line
000003b6 000502          936 	.byte	0,5,2
000003b9 00000000*       937 	.word	_ushGetABSingleTick
000003bd 03              938 	.byte	3
000003be 1a              939 	.byte	26
000003bf 02              940 	.byte	2
000003c0 00              941 	.byte	0
000003c1 01              942 	.byte	1
000003c2 06              943 	.byte	6
000003c3 03              944 	.byte	3
000003c4 05              945 	.byte	5
000003c5 02              946 	.byte	2
000003c6 08              947 	.byte	8
000003c7 01              948 	.byte	1
000003c8 02              949 	.byte	2
000003c9 02              950 	.byte	2
000003ca 0b              951 	.byte	11
000003cb 03              952 	.byte	3
000003cc 7f              953 	.byte	127
000003cd 02              954 	.byte	2
000003ce 06              955 	.byte	6
000003cf 01              956 	.byte	1
000003d0 000502          957 	.byte	0,5,2
000003d3 00000000*       958 	.word	.LDWlin2
000003d7 0c              959 	.byte	12
000003d8 0b              960 	.byte	11
000003d9 000502          961 	.byte	0,5,2
000003dc 00000000*       962 	.word	.LDWlin3
000003e0 0b              963 	.byte	11
000003e1 000502          964 	.byte	0,5,2
000003e4 00000000*       965 	.word	.LDWlin4
000003e8 02              966 	.byte	2
000003e9 00              967 	.byte	0
000003ea 0b              968 	.byte	11
000003eb 03              969 	.byte	3
000003ec 04              970 	.byte	4
000003ed 02              971 	.byte	2
000003ee 08              972 	.byte	8
000003ef 01              973 	.byte	1
000003f0 02              974 	.byte	2
000003f1 00              975 	.byte	0
000003f2 0b              976 	.byte	11
000003f3 06              977 	.byte	6
000003f4 02              978 	.byte	2
000003f5 02              979 	.byte	2
000003f6 02              980 	.byte	2
000003f7 04              981 	.byte	4
000003f8 000101          982 	.byte	0,1,1
                         983 	.section	.debug_info
                         984 .LDW_174dc48:
00000225 0f              985 	.byte	15
00000226 7563497800      986 	.strz	"ucIx"
0000022b 1b              987 	.byte	27
0000022c 12              988 	.byte	18

                                                                      Page 20
                                                              C:\Users\nhuliyap\AppData\Local\Temp\gh_00001e41.s
0000022d 01              989 	.byte	1
0000022e 00000000*       990 	.word	.LDW_1706fc0
00000232 00              991 	.byte	0
00000233 016d            992 	.byte	1,109
                         993 
                         994 .LDW_1701a30:
00000235 1d              995 	.byte	29
00000236 00000000*       996 	.word	.LDW41
0000023a 00000000*       997 	.word	.LDW51
                         998 
                         999 .LDW_174dca0:
0000023e 04             1000 	.byte	4
0000023f 4c6f63616c43   1001 	.strz	"LocalCnt"
00000245 6e7400 
00000248 1c             1002 	.byte	28
00000249 11             1003 	.byte	17
0000024a 01             1004 	.byte	1
0000024b 00000000*      1005 	.word	.LDW_1706fc0
0000024f 00             1006 	.byte	0
00000250 00             1007 	.byte	0
00000251 0162           1008 	.byte	1,98
                        1009 
                        1010 	.section	.debug_abbrev
00000117 04             1011 	.byte	4
00000118 34             1012 	.byte	52
00000119 00             1013 	.byte	0
0000011a 0308           1014 	.byte	3,8
0000011c 3b0f           1015 	.byte	59,15
0000011e 390f           1016 	.byte	57,15
00000120 3a0f           1017 	.byte	58,15
00000122 4910           1018 	.byte	73,16
00000124 3f0c           1019 	.byte	63,12
00000126 3c0c           1020 	.byte	60,12
00000128 020a           1021 	.byte	2,10
0000012a 0000           1022 	.byte	0,0
                        1023 
                        1024 	.section	.debug_info
                        1025 .LDW_174dcf8:
00000253 05             1026 	.byte	5
00000254 756352657400   1027 	.strz	"ucRet"
0000025a 1d             1028 	.byte	29
0000025b 12             1029 	.byte	18
0000025c 01             1030 	.byte	1
0000025d 00000000*      1031 	.word	.LDW_1706fc0
00000261 00             1032 	.byte	0
00000262 00             1033 	.byte	0
                        1034 
                        1035 	.section	.debug_abbrev
0000012c 05             1036 	.byte	5
0000012d 34             1037 	.byte	52
0000012e 00             1038 	.byte	0
0000012f 0308           1039 	.byte	3,8
00000131 3b0f           1040 	.byte	59,15
00000133 390f           1041 	.byte	57,15
00000135 3a0f           1042 	.byte	58,15
00000137 4910           1043 	.byte	73,16
00000139 3f0c           1044 	.byte	63,12
0000013b 3c0c           1045 	.byte	60,12
0000013d 0000           1046 	.byte	0,0
                        1047 
                        1048 	.section	.debug_info

                                                                      Page 21
                                                              C:\Users\nhuliyap\AppData\Local\Temp\gh_00001e41.s
                        1049 .LDW_174ddd8:
00000263 04             1050 	.byte	4
00000264 757368436e74   1051 	.strz	"ushCnt"
0000026a 00 
0000026b 1e             1052 	.byte	30
0000026c 12             1053 	.byte	18
0000026d 01             1054 	.byte	1
0000026e 00000000*      1055 	.word	.LDW_174dd50
00000272 00             1056 	.byte	0
00000273 00             1057 	.byte	0
00000274 0273           1058 	.byte	2,115
00000276 00             1059 	.byte	0
                        1060 
                        1061 .LDW_174de30:
00000277 04             1062 	.byte	4
00000278 757368437572   1063 	.strz	"ushCurrentAbsTick"
0000027e 72656e744162 
00000284 735469636b00 
0000028a 1f             1064 	.byte	31
0000028b 12             1065 	.byte	18
0000028c 01             1066 	.byte	1
0000028d 00000000*      1067 	.word	.LDW_1706f50
00000291 00             1068 	.byte	0
00000292 00             1069 	.byte	0
00000293 0161           1070 	.byte	1,97
                        1071 
00000295 00             1072 	.byte	0
                        1073 
00000296 00             1074 	.byte	0
                        1075 
00000297 00             1076 	.byte	0
                        1077 
                        1078 	.section	.debug_line
                        1079 .Ldw_line_end:
                        1080 	.section	.debug_macinfo
00000000 01             1081 	.byte	1
00000001 00             1082 	.byte	0
00000002 5f5f6768735f   1083 	.strz	"__ghs__ 1"
00000008 5f203100 
0000000c 01             1084 	.byte	1
0000000d 00             1085 	.byte	0
0000000e 5f5f4c4c4f4e   1086 	.strz	"__LLONG_BIT 64"
00000014 475f42495420 
0000001a 363400 
0000001d 03             1087 	.byte	3
0000001e 00             1088 	.byte	0
0000001f 01             1089 	.byte	1
00000020 03             1090 	.byte	3
00000021 01             1091 	.byte	1
00000022 02             1092 	.byte	2
00000023 03             1093 	.byte	3
00000024 1c             1094 	.byte	28
00000025 03             1095 	.byte	3
00000026 01             1096 	.byte	1
00000027 3c             1097 	.byte	60
00000028 545255452031   1098 	.strz	"TRUE 1u"
0000002e 7500 
00000030 01             1099 	.byte	1
00000031 40             1100 	.byte	64
00000032 46414c534520   1101 	.strz	"FALSE 0u"
00000038 307500 

                                                                      Page 22
                                                              C:\Users\nhuliyap\AppData\Local\Temp\gh_00001e41.s
0000003b 04             1102 	.byte	4
0000003c 03             1103 	.byte	3
0000003d 1d             1104 	.byte	29
0000003e 04             1105 	.byte	4
0000003f 03             1106 	.byte	3
00000040 1b             1107 	.byte	27
00000041 05             1108 	.byte	5
00000042 03             1109 	.byte	3
00000043 54             1110 	.byte	84
00000044 06             1111 	.byte	6
00000045 04             1112 	.byte	4
00000046 04             1113 	.byte	4
00000047 04             1114 	.byte	4
00000048 04             1115 	.byte	4
00000049 03             1116 	.byte	3
0000004a 03             1117 	.byte	3
0000004b 07             1118 	.byte	7
0000004c 03             1119 	.byte	3
0000004d 06             1120 	.byte	6
0000004e 08             1121 	.byte	8
0000004f 03             1122 	.byte	3
00000050 04             1123 	.byte	4
00000051 09             1124 	.byte	9
00000052 03             1125 	.byte	3
00000053 04             1126 	.byte	4
00000054 0a             1127 	.byte	10
00000055 03             1128 	.byte	3
00000056 04             1129 	.byte	4
00000057 0b             1130 	.byte	11
00000058 04             1131 	.byte	4
00000059 01             1132 	.byte	1
0000005a 0e             1133 	.byte	14
0000005b 50524f445543   1134 	.strz	"PRODUCTION_SW 0x0"
00000061 54494f4e5f53 
00000067 572030783000 
0000006d 01             1135 	.byte	1
0000006e 0f             1136 	.byte	15
0000006f 444556454c4f   1137 	.strz	"DEVELOPMENT_SW 0x1"
00000075 504d454e545f 
0000007b 535720307831 
00000081 00 
00000082 01             1138 	.byte	1
00000083 10             1139 	.byte	16
00000084 53575f434154   1140 	.strz	"SW_CATEGORY PRODUCTION_SW"
0000008a 45474f525920 
00000090 50524f445543 
00000096 54494f4e5f53 
0000009c 5700 
0000009e 04             1141 	.byte	4
0000009f 01             1142 	.byte	1
000000a0 06             1143 	.byte	6
000000a1 4d41585f5349   1144 	.strz	"MAX_SIZE_WS_TELEGRAM 16U"
000000a7 5a455f57535f 
000000ad 54454c454752 
000000b3 414d20313655 
000000b9 00 
000000ba 01             1145 	.byte	1
000000bb 0e             1146 	.byte	14
000000bc 4e564d5f424c   1147 	.strz	"NVM_BLOCK_TYPE uint32"
000000c2 4f434b5f5459 
000000c8 50452075696e 

                                                                      Page 23
                                                              C:\Users\nhuliyap\AppData\Local\Temp\gh_00001e41.s
000000ce 74333200 
000000d2 04             1148 	.byte	4
000000d3 01             1149 	.byte	1
000000d4 0f             1150 	.byte	15
000000d5 634d6178414b   1151 	.strz	"cMaxAK35DataBytes 14U"
000000db 333544617461 
000000e1 427974657320 
000000e7 31345500 
000000eb 04             1152 	.byte	4
000000ec 04             1153 	.byte	4
000000ed 03             1154 	.byte	3
000000ee 04             1155 	.byte	4
000000ef 0c             1156 	.byte	12
000000f0 01             1157 	.byte	1
000000f1 7b             1158 	.byte	123
000000f2 4650412000     1159 	.strz	"FPA "
000000f7 01             1160 	.byte	1
000000f8 7c             1161 	.byte	124
000000f9 4142535f5465   1162 	.strz	"ABS_Test_LOG_ENABLE "
000000ff 73745f4c4f47 
00000105 5f454e41424c 
0000010b 452000 
0000010e 04             1163 	.byte	4
0000010f 03             1164 	.byte	3
00000110 07             1165 	.byte	7
00000111 0d             1166 	.byte	13
00000112 03             1167 	.byte	3
00000113 06             1168 	.byte	6
00000114 0e             1169 	.byte	14
00000115 04             1170 	.byte	4
00000116 01             1171 	.byte	1
00000117 18             1172 	.byte	24
00000118 53454e534f52   1173 	.strz	"SENSOR_AUFLOESUNG_25MBAR "
0000011e 5f4155464c4f 
00000124 4553554e475f 
0000012a 32354d424152 
00000130 2000 
00000132 04             1174 	.byte	4
00000133 03             1175 	.byte	3
00000134 08             1176 	.byte	8
00000135 0f             1177 	.byte	15
00000136 04             1178 	.byte	4
00000137 03             1179 	.byte	3
00000138 09             1180 	.byte	9
00000139 10             1181 	.byte	16
0000013a 04             1182 	.byte	4
0000013b 03             1183 	.byte	3
0000013c 0a             1184 	.byte	10
0000013d 11             1185 	.byte	17
0000013e 04             1186 	.byte	4
0000013f 03             1187 	.byte	3
00000140 0b             1188 	.byte	11
00000141 12             1189 	.byte	18
00000142 03             1190 	.byte	3
00000143 06             1191 	.byte	6
00000144 13             1192 	.byte	19
00000145 03             1193 	.byte	3
00000146 05             1194 	.byte	5
00000147 14             1195 	.byte	20
00000148 04             1196 	.byte	4
00000149 04             1197 	.byte	4

                                                                      Page 24
                                                              C:\Users\nhuliyap\AppData\Local\Temp\gh_00001e41.s
0000014a 01             1198 	.byte	1
0000014b 09             1199 	.byte	9
0000014c 634142535f4f   1200 	.strz	"cABS_OK ((uint8) 0x00)"
00000152 4b2028287569 
00000158 6e7438292030 
0000015e 7830302900 
00000163 04             1201 	.byte	4
00000164 03             1202 	.byte	3
00000165 0c             1203 	.byte	12
00000166 15             1204 	.byte	21
00000167 04             1205 	.byte	4
00000168 04             1206 	.byte	4
00000169 00             1207 	.byte	0
                        1208 	.section	.debug_abbrev
0000013f 00             1209 	.byte	0
                        1210 	.section	.debug_info
                        1211 .Ldw_end:
                        1212 .rh850_flags REGMODE32,DATA_ALIGN8,GP_FIX,EP_NONFIX,TP_FIX,REG2_RESERVE,G3K,GHS_MISALIGN,SDA_EXTRA_REGS_0
