                                                                      Page 1
                                                              C:\Users\nhuliyap\AppData\Local\Temp\gh_00008bs1.s
Command Line: C:\ghs\comp_201517\ease850.exe -w -elf -b0 -I../source/common -I../source/ProjectCompiler -I../source/ProjectCfg -I../source/SwcApplTpms -I../source/SwcApplEcuM -I../source/SwcServiceBswM -I../source/SwcServiceEcuM -I../source/SwcServiceNvM -I../source/SwcServiceOs -I../source/SwcServiceStartUp -I../source/McalAdc -I../source/McalDio -I../source/McalGpt -I../source/McalMcu -I../source/McalWdg -I../source/wrappers -I../source/wrappers/McalAta -I../source/McalLin -I../source/McalCan -I../source/wrappers/OS -I../source/McalFls -I../source/EcuabFee -I../source/EcuabMemIf -I../source/wrappers/VStdLib -I../source/wrappers/Crc -I../source/wrappers/FBL_APPL -I../source/wrappers/NVM_MANAGER -I../source/wrappers/DEM_MANAGER -I../source/wrappers/RDC_MANAGER -I../source/wrappers/ENV_MANAGER -I../source/wrappers/SYS_MANAGER -I../source/wrappers/EcuabCanIf -I../source/EcuabCanTrcv -I../source/wrappers/SwcServiceCanSM -I../source/wrappers/SwcServiceCanTp -I../source/wrappers/SwcServiceCanTp_PreCompile -I../source/wrappers/SwcServiceCom -I../source/wrappers/SwcServiceComM -I../source/wrappers/SwcServiceDcm -I../source/wrappers/SwcServicePduR -I../source/wrappers/SwcServiceEcuM -I../source/wrappers/Bfx -I../source/wrappers/SwcServiceDem -I../source/SwcServiceCom -I../source/SwcServiceDet -I../source/SwcServiceFiM -I../source/SwcServicePduR -I../source/SwcServiceSchM -I../source/wrappers/LibAutosarDiag -I../source/wrappers/rba_BswSrv -IC:\ghs\comp_201517\lib\rh850 -cg_underscore -cpu=rh850g3k -no_v850_simd -rh850_fpsimd=none -nomacro -patch_dbo=C:\_ECU2\ECU_Rivian_A1\Target\repo_projects\pRealEcu\cR_LATEST\make\output\objects\wdt.dbo -source=wdt.c -o output\objects\gh_00008bs1.o -list=output\list\wdt.lst C:\Users\nhuliyap\AppData\Local\Temp\gh_00008bs1.s 
Original File: C:\Users\nhuliyap\AppData\Local\Temp\gh_00008bs1.s
Source File: wdt.c
Directory: C:\_ECU2\ECU_Rivian_A1\Target\repo_projects\pRealEcu\cR_LATEST\make
Host OS: Windows
EASE: Copyright (C) 1983-2015 Green Hills Software.  All Rights Reserved.
Release: Compiler v2015.1.7
Build Directory: [Directory] BTOWORKER6:c:/build_2015_1_bto/2015-10-21.2100-2015_1_bto/win32-comp-ecom
Revision: [VCInfo] http://toolsvc/branches/release-branch-70-bto/src@544153 (built by build)
Revision Date: Thu Oct 22 07:50:13 2015

Release Date: Thu Oct 22 09:32:32 2015

                           1 --Driver Command: ccv850 ../source/McalWdg/wdt.c -cpu=rh850 -fhard
                           2 --		-ignore_callt_state_in_interrupts -large_sda -misalign_pack
                           3 --		-nofarcalls -nofloatio -no_callt -Ogeneral -Onounroll
                           4 --		-prepare_dispose -registermode=32 -reserve_r2 -sda=0
                           5 --		-shorten_loads -Wshadow --brief_diagnostics --no_commons
                           6 --		--no_wrap_diagnostics --prototype_errors --short_enum -list -G
                           7 --		-dual_debug -dwarf -X5523 -lnk=-no_xda_modifications -D
                           8 --		NOT_READY_FOR_TESTING_OR_DEPLOYMENT -D IBTCM_SW_ANPASSUNGEN -D
                           9 --		BUILD_RIVIAN -c -inline_prologue -I../source/common
                          10 --		-I../source/ProjectCompiler -I../source/ProjectCfg
                          11 --		-I../source/SwcApplTpms -I../source/SwcApplEcuM
                          12 --		-I../source/SwcServiceBswM -I../source/SwcServiceEcuM
                          13 --		-I../source/SwcServiceNvM -I../source/SwcServiceOs
                          14 --		-I../source/SwcServiceStartUp -I../source/McalAdc
                          15 --		-I../source/McalDio -I../source/McalGpt -I../source/McalMcu
                          16 --		-I../source/McalWdg -I../source/wrappers
                          17 --		-I../source/wrappers/McalAta -I../source/McalLin
                          18 --		-I../source/McalCan -I../source/wrappers/OS -I../source/McalFls
                          19 --		-I../source/EcuabFee -I../source/EcuabMemIf
                          20 --		-I../source/wrappers/VStdLib -I../source/wrappers
                          21 --		-I../source/wrappers/Crc -I../source/wrappers/FBL_APPL
                          22 --		-I../source/wrappers/NVM_MANAGER -I../source/wrappers/DEM_MANAGER
                          23 --		-I../source/wrappers/RDC_MANAGER -I../source/wrappers/ENV_MANAGER
                          24 --		-I../source/wrappers/SYS_MANAGER -I../source/wrappers/EcuabCanIf
                          25 --		-I../source/EcuabCanTrcv -I../source/wrappers/SwcServiceCanSM
                          26 --		-I../source/wrappers/SwcServiceCanTp
                          27 --		-I../source/wrappers/SwcServiceCanTp_PreCompile
                          28 --		-I../source/wrappers/SwcServiceCom
                          29 --		-I../source/wrappers/SwcServiceComM
                          30 --		-I../source/wrappers/SwcServiceDcm
                          31 --		-I../source/wrappers/SwcServicePduR
                          32 --		-I../source/wrappers/SwcServiceEcuM -I../source/wrappers/Bfx
                          33 --		-I../source/wrappers/SwcServiceDem -I../source/SwcServiceCom
                          34 --		-I../source/SwcServiceDet -I../source/SwcServiceFiM
                          35 --		-I../source/SwcServicePduR -I../source/SwcServiceSchM
                          36 --		-I../source/wrappers/LibAutosarDiag
                          37 --		-I../source/wrappers/rba_BswSrv -object_dir=output/objects
                          38 --		-list_dir=output/list
                          39 --Source File:   ../source/McalWdg/wdt.c
                          40 --Directory:     
                          41 --		C:\_ECU2\ECU_Rivian_A1\Target\repo_projects\pRealEcu\cR_LATEST\make
                          42 --Compile Date:  Fri Sep 15 14:16:23 2023
                          43 --Host OS:       Win32
                          44 --Version:       C-RH850 2015.1.7 RELEASE VERSION
                          45 --Release:       Compiler v2015.1.7
                          46 --Revision Date: Thu Oct 22 08:06:12 2015
                          47 --Release Date:  Thu Oct 22 09:34:32 2015
                          48 -- ecom  -g -w -OM
                          49 	.text
                          50 ..bof.C.3A.5C_ECU2.5CECU_Rivian_A1.5CTarget.5Crepo_projects.5CpRealEcu.5CcR_LATEST.5Cmake.5Coutput.5Cobjects.5Cwdt...43.3A.5C_ECU2.5CECU_Rivian_A1.5CTarget.5Crepo_projects.5CpRealEcu.5CcR_LATEST.5Cmake..65044B17..0::

                                                                      Page 2
                                                              C:\Users\nhuliyap\AppData\Local\Temp\gh_00008bs1.s
                          51 	.align	2
                          52 ..gh.f.f.1.e.0:
                          53 	.type	..gh.f.f.1.e.0,@object
                          54 	.size	..gh.f.f.1.e.0,0
                          55 	.global	_Wdt_ShowTrigger
                          56 _Wdt_ShowTrigger:
                          57 --	    .bf
                          58 .LDW01:
                          59 --	    .ef
                          60 .LDW11:
00000000 7f00             61 	jmp	[lp]
                          62 	.global	___ghs_eofn_Wdt_ShowTrigger
                          63 ___ghs_eofn_Wdt_ShowTrigger:
                          64 	.type	_Wdt_ShowTrigger,@function
                          65 	.size	_Wdt_ShowTrigger,.-_Wdt_ShowTrigger
                          66 	.align	2
                          67 
                          68 	.section ".bss","awb"
                          69 .L32:
                          70 	.type	.L32,@object
                          71 	.size	.L32,0
                          72 	.data
                          73 	.text
                          74 	.align	2
                          75 	.align	2
                          76 	.align	2
                          77 ..gh.f.f.1.e.1:
                          78 	.type	..gh.f.f.1.e.1,@object
                          79 	.size	..gh.f.f.1.e.1,0
                          80 	.global	_Wdt_InitWD0
                          81 _Wdt_InitWD0:
                          82 --	    .bf
                          83 .LDW21:
00000002 20964700         84 	movea	71,zero,r18
00000006 8007cd9000da     85 	st.b	r18,4293722124[zero]
                          86 --	    .ef
                          87 .LDW31:
                          88 --line19
                          89 ..lin.C.3A.5C_ECU2.5CECU_Rivian_A1.5CTarget.5Crepo_projects.5CpRealEcu.5CcR_LATEST.5Cmake.5Coutput.5Cobjects.5Cwdt.1::
                          90 .LDWlin1:
0000000c 7f00             91 	jmp	[lp]
                          92 	.global	___ghs_eofn_Wdt_InitWD0
                          93 ___ghs_eofn_Wdt_InitWD0:
                          94 	.type	_Wdt_InitWD0,@function
                          95 	.size	_Wdt_InitWD0,.-_Wdt_InitWD0
                          96 	.align	2
                          97 
                          98 	.section ".bss","awb"
                          99 .L65:
                         100 	.type	.L65,@object
                         101 	.size	.L65,0
                         102 	.data
                         103 	.text
                         104 	.align	2
                         105 	.align	2
                         106 ..gh.f.f.1.e.2:
                         107 	.type	..gh.f.f.1.e.2,@object
                         108 	.size	..gh.f.f.1.e.2,0
                         109 	.global	_Wdt_TriggerWD0
                         110 _Wdt_TriggerWD0:
                         111 --	    .bf

                                                                      Page 3
                                                              C:\Users\nhuliyap\AppData\Local\Temp\gh_00008bs1.s
                         112 .LDW41:
0000000e 2096acff        113 	movea	-84,zero,r18
00000012 80070d9000da    114 	st.b	r18,4293722112[zero]
                         115 --	    .ef
                         116 .LDW51:
                         117 --line24
                         118 ..lin.C.3A.5C_ECU2.5CECU_Rivian_A1.5CTarget.5Crepo_projects.5CpRealEcu.5CcR_LATEST.5Cmake.5Coutput.5Cobjects.5Cwdt.2::
                         119 .LDWlin2:
00000018 7f00            120 	jmp	[lp]
                         121 	.global	___ghs_eofn_Wdt_TriggerWD0
                         122 ___ghs_eofn_Wdt_TriggerWD0:
                         123 	.type	_Wdt_TriggerWD0,@function
                         124 	.size	_Wdt_TriggerWD0,.-_Wdt_TriggerWD0
                         125 	.align	2
                         126 
                         127 	.section ".bss","awb"
                         128 .L113:
                         129 	.type	.L113,@object
                         130 	.size	.L113,0
                         131 	.data
                         132 	.text
                         133 	.align	2
                         134 	.align	2
                         135 ..gh.f.f.1.e.3:
                         136 	.type	..gh.f.f.1.e.3,@object
                         137 	.size	..gh.f.f.1.e.3,0
                         138 	.global	_Wdt_InitWD1
                         139 _Wdt_InitWD1:
                         140 --	    .bf
                         141 .LDW61:
0000001a 0792            142 	mov	7,r18
0000001c 8007cd9020da    143 	st.b	r18,4293726220[zero]
                         144 --	    .ef
                         145 .LDW71:
                         146 --line28
                         147 ..lin.C.3A.5C_ECU2.5CECU_Rivian_A1.5CTarget.5Crepo_projects.5CpRealEcu.5CcR_LATEST.5Cmake.5Coutput.5Cobjects.5Cwdt.3::
                         148 .LDWlin3:
00000022 7f00            149 	jmp	[lp]
                         150 	.global	___ghs_eofn_Wdt_InitWD1
                         151 ___ghs_eofn_Wdt_InitWD1:
                         152 	.type	_Wdt_InitWD1,@function
                         153 	.size	_Wdt_InitWD1,.-_Wdt_InitWD1
                         154 	.align	2
                         155 
                         156 	.section ".bss","awb"
                         157 .L161:
                         158 	.type	.L161,@object
                         159 	.size	.L161,0
                         160 	.data
                         161 	.text
                         162 	.align	2
                         163 	.align	2
                         164 ..gh.f.f.1.e.4:
                         165 	.type	..gh.f.f.1.e.4,@object
                         166 	.size	..gh.f.f.1.e.4,0
                         167 	.global	_Wdt_TriggerWD1
                         168 _Wdt_TriggerWD1:
                         169 --	    .bf
                         170 .LDW81:
00000024 2096acff        171 	movea	-84,zero,r18
00000028 80070d9020da    172 	st.b	r18,4293726208[zero]

                                                                      Page 4
                                                              C:\Users\nhuliyap\AppData\Local\Temp\gh_00008bs1.s
                         173 --	    .ef
                         174 .LDW91:
                         175 --line32
                         176 ..lin.C.3A.5C_ECU2.5CECU_Rivian_A1.5CTarget.5Crepo_projects.5CpRealEcu.5CcR_LATEST.5Cmake.5Coutput.5Cobjects.5Cwdt.4::
                         177 .LDWlin4:
0000002e 7f00            178 	jmp	[lp]
                         179 	.global	___ghs_eofn_Wdt_TriggerWD1
                         180 ___ghs_eofn_Wdt_TriggerWD1:
                         181 	.type	_Wdt_TriggerWD1,@function
                         182 	.size	_Wdt_TriggerWD1,.-_Wdt_TriggerWD1
                         183 	.align	2
                         184 
                         185 	.section ".bss","awb"
                         186 .L209:
                         187 	.type	.L209,@object
                         188 	.size	.L209,0
                         189 	.data
                         190 	.text
                         191 	.align	2
                         192 --_WDTA0	4293722112	import
                         193 --_WDTA1	4293726208	import
                         194 
                         195 	.data
                         196 	.ghsnote version,17
                         197 	.ghsnote tools,3
                         198 	.ghsnote options,144
                         199 	.text
                         200 	.align	2
                         201 ..eof.C.3A.5C_ECU2.5CECU_Rivian_A1.5CTarget.5Crepo_projects.5CpRealEcu.5CcR_LATEST.5Cmake.5Coutput.5Cobjects.5Cwdt...43.3A.5C_ECU2.5CECU_Rivian_A1.5CTarget.5Crepo_projects.5CpRealEcu.5CcR_LATEST.5Cmake..65044B17..0::
                         202 	.section	.debug_info
                         203 .Ldw_begin:
00000000 e8020000        204 	.word	.Ldw_end-.Ldw_begin-4
00000004 0200            205 	.byte	2,0
00000006 00000000*       206 	.word	.Ldw_abbr_begin
0000000a 04              207 	.byte	4
                         208 	.section	.debug_abbrev
                         209 .Ldw_abbr_begin:
                         210 	.section	.debug_info
0000000b 01              211 	.byte	1
0000000c 00000000*       212 	.word	..bof.C.3A.5C_ECU2.5CECU_Rivian_A1.5CTarget.5Crepo_projects.5CpRealEcu.5CcR_LATEST.5Cmake.5Coutput.5Cobjects.5Cwdt...43.3A.5C_ECU2.5CECU_Rivian_A1.5CTarget.5Crepo_projects.5CpRealEcu.5CcR_LATEST.5Cmake..65044B17..0
00000010 00000000*       213 	.word	..eof.C.3A.5C_ECU2.5CECU_Rivian_A1.5CTarget.5Crepo_projects.5CpRealEcu.5CcR_LATEST.5Cmake.5Coutput.5Cobjects.5Cwdt...43.3A.5C_ECU2.5CECU_Rivian_A1.5CTarget.5Crepo_projects.5CpRealEcu.5CcR_LATEST.5Cmake..65044B17..0
00000014 2e2e2f736f75    214 	.strz	"../source/McalWdg/wdt.c"
0000001a 7263652f4d63 
00000020 616c5764672f 
00000026 7764742e6300 
0000002c 433a5c5f4543    215 	.strz	"C:\\_ECU2\\ECU_Rivian_A1\\Target\\repo_projects\\pRealEcu\\cR_LATEST\\make"
00000032 55325c454355 
00000038 5f5269766961 
0000003e 6e5f41315c54 
00000044 61726765745c 
0000004a 7265706f5f70 
00000050 726f6a656374 
00000056 735c70526561 
0000005c 6c4563755c63 
00000062 525f4c415445 
00000068 53545c6d616b 
0000006e 6500 
00000070 474853204320    216 	.strz	"GHS C 2015.1.7 [dual]"
00000076 323031352e31 
0000007c 2e37205b6475 
00000082 616c5d00 

                                                                      Page 5
                                                              C:\Users\nhuliyap\AppData\Local\Temp\gh_00008bs1.s
00000086 0100            217 	.byte	1,0
00000088 00000000*       218 	.word	.Ldw_line_begin
0000008c 00000000*       219 	.word	.Ldw_macinfo_begin
00000090 00              220 	.byte	0
                         221 
                         222 	.section	.debug_abbrev
00000000 01              223 	.byte	1
00000001 11              224 	.byte	17
00000002 01              225 	.byte	1
00000003 1101            226 	.byte	17,1
00000005 1201            227 	.byte	18,1
00000007 0308            228 	.byte	3,8
00000009 1b08            229 	.byte	27,8
0000000b 2508            230 	.byte	37,8
0000000d 1305            231 	.byte	19,5
0000000f 1006            232 	.byte	16,6
00000011 4306            233 	.byte	67,6
00000013 420b            234 	.byte	66,11
00000015 0000            235 	.byte	0,0
                         236 
                         237 	.section	.debug_line
                         238 .Ldw_line_begin:
00000000 40020000        239 	.word	.Ldw_line_end-.Ldw_line_begin-4
00000004 0200            240 	.byte	2,0
00000006 00000000*       241 	.word	.Ldw_lpro_end-.Ldw_lpro_begin
                         242 .Ldw_lpro_begin:
0000000a 01              243 	.byte	1
0000000b 00              244 	.byte	0
0000000c 00              245 	.byte	0
0000000d 04              246 	.byte	4
0000000e 0a              247 	.byte	10
0000000f 000101          248 	.byte	0,1,1
00000012 010100          249 	.byte	1,1,0
00000015 000001          250 	.byte	0,0,1
00000018 00              251 	.byte	0
00000019 2e2e2f736f75    252 	.strz	"../source/McalWdg/wdt.c"
0000001f 7263652f4d63 
00000025 616c5764672f 
0000002b 7764742e6300 
00000031 000000          253 	.byte	0,0,0
00000034 2e2e2f736f75    254 	.strz	"../source/common/Std_Types.hpp"
0000003a 7263652f636f 
00000040 6d6d6f6e2f53 
00000046 74645f547970 
0000004c 65732e687070 
00000052 00 
00000053 000000          255 	.byte	0,0,0
00000056 2e2e2f736f75    256 	.strz	"../source/common/Platform_Types.hpp"
0000005c 7263652f636f 
00000062 6d6d6f6e2f50 
00000068 6c6174666f72 
0000006e 6d5f54797065 
00000074 732e68707000 
0000007a 000000          257 	.byte	0,0,0
0000007d 2e2e2f736f75    258 	.strz	"../source/common/Compiler.hpp"
00000083 7263652f636f 
00000089 6d6d6f6e2f43 
0000008f 6f6d70696c65 
00000095 722e68707000 
0000009b 000000          259 	.byte	0,0,0
0000009e 2e2e2f736f75    260 	.strz	"../source/ProjectCompiler/Compiler_Cfg.hpp"

                                                                      Page 6
                                                              C:\Users\nhuliyap\AppData\Local\Temp\gh_00008bs1.s
000000a4 7263652f5072 
000000aa 6f6a65637443 
000000b0 6f6d70696c65 
000000b6 722f436f6d70 
000000bc 696c65725f43 
000000c2 66672e687070 
000000c8 00 
000000c9 000000          261 	.byte	0,0,0
000000cc 2e2e2f736f75    262 	.strz	"../source/ProjectCompiler/CompilerCfg_SwcServiceOs.hpp"
000000d2 7263652f5072 
000000d8 6f6a65637443 
000000de 6f6d70696c65 
000000e4 722f436f6d70 
000000ea 696c65724366 
000000f0 675f53776353 
000000f6 657276696365 
000000fc 4f732e687070 
00000102 00 
00000103 000000          263 	.byte	0,0,0
00000106 2e2e2f736f75    264 	.strz	"../source/McalWdg/wdt.hpp"
0000010c 7263652f4d63 
00000112 616c5764672f 
00000118 7764742e6870 
0000011e 7000 
00000120 000000          265 	.byte	0,0,0
00000123 2e2e2f736f75    266 	.strz	"../source/McalMcu/Types.hpp"
00000129 7263652f4d63 
0000012f 616c4d63752f 
00000135 54797065732e 
0000013b 68707000 
0000013f 000000          267 	.byte	0,0,0
00000142 2e2e2f736f75    268 	.strz	"../source/McalMcu/device.hpp"
00000148 7263652f4d63 
0000014e 616c4d63752f 
00000154 646576696365 
0000015a 2e68707000 
0000015f 000000          269 	.byte	0,0,0
00000162 2e2e2f736f75    270 	.strz	"../source/McalMcu/dr7f701013.dvf.hpp"
00000168 7263652f4d63 
0000016e 616c4d63752f 
00000174 647237663730 
0000017a 313031332e64 
00000180 76662e687070 
00000186 00 
00000187 000000          271 	.byte	0,0,0
0000018a 2e2e2f736f75    272 	.strz	"../source/McalMcu/cpu.hpp"
00000190 7263652f4d63 
00000196 616c4d63752f 
0000019c 6370752e6870 
000001a2 7000 
000001a4 000000          273 	.byte	0,0,0
000001a7 2e2e2f736f75    274 	.strz	"../source/McalMcu/v800_ghs.hpp"
000001ad 7263652f4d63 
000001b3 616c4d63752f 
000001b9 763830305f67 
000001bf 68732e687070 
000001c5 00 
000001c6 000000          275 	.byte	0,0,0
000001c9 00              276 	.byte	0
                         277 .Ldw_lpro_end:
                         278 	.section	.debug_macinfo

                                                                      Page 7
                                                              C:\Users\nhuliyap\AppData\Local\Temp\gh_00008bs1.s
                         279 .Ldw_macinfo_begin:
                         280 	.section	.debug_frame
                         281 .LDW_5137100:
00000000 00000000*       282 	.word	.LDW_unq_2-.LDW_unq_1
                         283 .LDW_unq_1:
00000004 ffffffff        284 	.byte	255,255,255,255
00000008 01              285 	.byte	1
00000009 00              286 	.byte	0
0000000a 01              287 	.byte	1
0000000b 01              288 	.byte	1
0000000c 1f              289 	.byte	31
0000000d 0c              290 	.byte	12
0000000e 03              291 	.byte	3
0000000f 00              292 	.byte	0
00000010 07              293 	.byte	7
00000011 00              294 	.byte	0
00000012 07              295 	.byte	7
00000013 01              296 	.byte	1
00000014 07              297 	.byte	7
00000015 02              298 	.byte	2
00000016 07              299 	.byte	7
00000017 03              300 	.byte	3
00000018 07              301 	.byte	7
00000019 04              302 	.byte	4
0000001a 07              303 	.byte	7
0000001b 05              304 	.byte	5
0000001c 07              305 	.byte	7
0000001d 06              306 	.byte	6
0000001e 07              307 	.byte	7
0000001f 07              308 	.byte	7
00000020 07              309 	.byte	7
00000021 08              310 	.byte	8
00000022 07              311 	.byte	7
00000023 09              312 	.byte	9
00000024 07              313 	.byte	7
00000025 0a              314 	.byte	10
00000026 07              315 	.byte	7
00000027 0b              316 	.byte	11
00000028 07              317 	.byte	7
00000029 0c              318 	.byte	12
0000002a 07              319 	.byte	7
0000002b 0d              320 	.byte	13
0000002c 07              321 	.byte	7
0000002d 0e              322 	.byte	14
0000002e 07              323 	.byte	7
0000002f 0f              324 	.byte	15
00000030 07              325 	.byte	7
00000031 10              326 	.byte	16
00000032 07              327 	.byte	7
00000033 11              328 	.byte	17
00000034 07              329 	.byte	7
00000035 12              330 	.byte	18
00000036 07              331 	.byte	7
00000037 13              332 	.byte	19
00000038 08              333 	.byte	8
00000039 14              334 	.byte	20
0000003a 08              335 	.byte	8
0000003b 15              336 	.byte	21
0000003c 08              337 	.byte	8
0000003d 16              338 	.byte	22
0000003e 08              339 	.byte	8

                                                                      Page 8
                                                              C:\Users\nhuliyap\AppData\Local\Temp\gh_00008bs1.s
0000003f 17              340 	.byte	23
00000040 08              341 	.byte	8
00000041 18              342 	.byte	24
00000042 08              343 	.byte	8
00000043 19              344 	.byte	25
00000044 08              345 	.byte	8
00000045 1a              346 	.byte	26
00000046 08              347 	.byte	8
00000047 1b              348 	.byte	27
00000048 08              349 	.byte	8
00000049 1c              350 	.byte	28
0000004a 08              351 	.byte	8
0000004b 1d              352 	.byte	29
0000004c 07              353 	.byte	7
0000004d 1e              354 	.byte	30
0000004e 08              355 	.byte	8
0000004f 1f              356 	.byte	31
00000050 07              357 	.byte	7
00000051 20              358 	.byte	32
00000052 07              359 	.byte	7
00000053 21              360 	.byte	33
00000054 07              361 	.byte	7
00000055 22              362 	.byte	34
00000056 07              363 	.byte	7
00000057 23              364 	.byte	35
00000058 07              365 	.byte	7
00000059 24              366 	.byte	36
0000005a 07              367 	.byte	7
0000005b 25              368 	.byte	37
0000005c 07              369 	.byte	7
0000005d 26              370 	.byte	38
0000005e 07              371 	.byte	7
0000005f 27              372 	.byte	39
00000060 07              373 	.byte	7
00000061 28              374 	.byte	40
00000062 07              375 	.byte	7
00000063 29              376 	.byte	41
00000064 07              377 	.byte	7
00000065 2a              378 	.byte	42
00000066 07              379 	.byte	7
00000067 2b              380 	.byte	43
00000068 07              381 	.byte	7
00000069 2c              382 	.byte	44
0000006a 07              383 	.byte	7
0000006b 2d              384 	.byte	45
0000006c 07              385 	.byte	7
0000006d 2e              386 	.byte	46
0000006e 07              387 	.byte	7
0000006f 2f              388 	.byte	47
00000070 07              389 	.byte	7
00000071 30              390 	.byte	48
00000072 07              391 	.byte	7
00000073 31              392 	.byte	49
00000074 07              393 	.byte	7
00000075 32              394 	.byte	50
00000076 07              395 	.byte	7
00000077 33              396 	.byte	51
00000078 07              397 	.byte	7
00000079 34              398 	.byte	52
0000007a 07              399 	.byte	7
0000007b 35              400 	.byte	53

                                                                      Page 9
                                                              C:\Users\nhuliyap\AppData\Local\Temp\gh_00008bs1.s
0000007c 07              401 	.byte	7
0000007d 36              402 	.byte	54
0000007e 07              403 	.byte	7
0000007f 37              404 	.byte	55
00000080 07              405 	.byte	7
00000081 38              406 	.byte	56
00000082 07              407 	.byte	7
00000083 39              408 	.byte	57
00000084 07              409 	.byte	7
00000085 3a              410 	.byte	58
00000086 07              411 	.byte	7
00000087 3b              412 	.byte	59
00000088 07              413 	.byte	7
00000089 3c              414 	.byte	60
0000008a 07              415 	.byte	7
0000008b 3d              416 	.byte	61
0000008c 07              417 	.byte	7
0000008d 3e              418 	.byte	62
0000008e 07              419 	.byte	7
0000008f 3f              420 	.byte	63
                         421 .LDW_unq_2:
                         422 	.section	.debug_info
                         423 .LDW_5216df8:
00000091 45              424 	.byte	69
00000092 01              425 	.byte	1
                         426 
                         427 	.section	.debug_abbrev
00000017 45              428 	.byte	69
00000018 15              429 	.byte	21
00000019 01              430 	.byte	1
0000001a 270c            431 	.byte	39,12
0000001c 0000            432 	.byte	0,0
                         433 
                         434 	.section	.debug_info
00000093 00              435 	.byte	0
                         436 
                         437 .LDW_5216d88:
00000094 45              438 	.byte	69
00000095 01              439 	.byte	1
                         440 
00000096 00              441 	.byte	0
                         442 
                         443 .LDW_40dd780:
00000097 45              444 	.byte	69
00000098 01              445 	.byte	1
                         446 
00000099 00              447 	.byte	0
                         448 
                         449 .LDW_40dd358:
0000009a 45              450 	.byte	69
0000009b 01              451 	.byte	1
                         452 
0000009c 00              453 	.byte	0
                         454 
                         455 .LDW_40dd198:
0000009d 45              456 	.byte	69
0000009e 01              457 	.byte	1
                         458 
0000009f 00              459 	.byte	0
                         460 
                         461 .LDW_40dd630:

                                                                      Page 10
                                                              C:\Users\nhuliyap\AppData\Local\Temp\gh_00008bs1.s
000000a0 25              462 	.byte	37
000000a1 756e7369676e    463 	.strz	"unsigned char"
000000a7 656420636861 
000000ad 7200 
000000af 08              464 	.byte	8
000000b0 01              465 	.byte	1
                         466 
                         467 	.section	.debug_abbrev
0000001e 25              468 	.byte	37
0000001f 24              469 	.byte	36
00000020 00              470 	.byte	0
00000021 0308            471 	.byte	3,8
00000023 3e0b            472 	.byte	62,11
00000025 0b0b            473 	.byte	11,11
00000027 0000            474 	.byte	0,0
                         475 
                         476 	.section	.debug_info
                         477 .LDW_40dd160:
000000b1 25              478 	.byte	37
000000b2 696e7400        479 	.strz	"int"
000000b6 05              480 	.byte	5
000000b7 04              481 	.byte	4
                         482 
                         483 .LDW_4bb0d90:
000000b8 29              484 	.byte	41
000000b9 00000000*       485 	.word	.LDW_519a778
                         486 
                         487 	.section	.debug_abbrev
00000029 29              488 	.byte	41
0000002a 26              489 	.byte	38
0000002b 00              490 	.byte	0
0000002c 4910            491 	.byte	73,16
0000002e 0000            492 	.byte	0,0
                         493 
                         494 	.section	.debug_info
                         495 .LDW_5248728:
000000bd 3a              496 	.byte	58
000000be 00              497 	.byte	0
000000bf 03              498 	.byte	3
000000c0 00000000*       499 	.word	.LDW_519a778
                         500 
                         501 	.section	.debug_abbrev
00000030 3a              502 	.byte	58
00000031 01              503 	.byte	1
00000032 01              504 	.byte	1
00000033 090b            505 	.byte	9,11
00000035 0b0f            506 	.byte	11,15
00000037 4910            507 	.byte	73,16
00000039 0000            508 	.byte	0,0
                         509 
                         510 	.section	.debug_info
000000c4 32              511 	.byte	50
000000c5 00000000*       512 	.word	.LDW_40dd160
000000c9 04              513 	.byte	4
000000ca 00              514 	.byte	0
000000cb 02              515 	.byte	2
                         516 
                         517 	.section	.debug_abbrev
0000003b 32              518 	.byte	50
0000003c 21              519 	.byte	33
0000003d 00              520 	.byte	0

                                                                      Page 11
                                                              C:\Users\nhuliyap\AppData\Local\Temp\gh_00008bs1.s
0000003e 4910            521 	.byte	73,16
00000040 0b0f            522 	.byte	11,15
00000042 220d            523 	.byte	34,13
00000044 2f0d            524 	.byte	47,13
00000046 0000            525 	.byte	0,0
                         526 
                         527 	.section	.debug_info
000000cc 00              528 	.byte	0
                         529 
                         530 .LDW_52489d0:
000000cd 3a              531 	.byte	58
000000ce 00              532 	.byte	0
000000cf 03              533 	.byte	3
000000d0 00000000*       534 	.word	.LDW_519a778
                         535 
000000d4 32              536 	.byte	50
000000d5 00000000*       537 	.word	.LDW_40dd160
000000d9 04              538 	.byte	4
000000da 00              539 	.byte	0
000000db 02              540 	.byte	2
                         541 
000000dc 00              542 	.byte	0
                         543 
                         544 .LDW_5248838:
000000dd 3a              545 	.byte	58
000000de 00              546 	.byte	0
000000df 03              547 	.byte	3
000000e0 00000000*       548 	.word	.LDW_519a778
                         549 
000000e4 32              550 	.byte	50
000000e5 00000000*       551 	.word	.LDW_40dd160
000000e9 04              552 	.byte	4
000000ea 00              553 	.byte	0
000000eb 02              554 	.byte	2
                         555 
000000ec 00              556 	.byte	0
                         557 
                         558 .LDW_52488c0:
000000ed 3a              559 	.byte	58
000000ee 00              560 	.byte	0
000000ef f31f            561 	.byte	243,31
000000f1 00000000*       562 	.word	.LDW_519a778
                         563 
000000f5 32              564 	.byte	50
000000f6 00000000*       565 	.word	.LDW_40dd160
000000fa 04              566 	.byte	4
000000fb 00              567 	.byte	0
000000fc f21f            568 	.byte	242,31
                         569 
000000fe 00              570 	.byte	0
                         571 
                         572 .LDW_5252590:
000000ff 2b              573 	.byte	43
00000100 00000000*       574 	.word	.LDW_519a778
                         575 
                         576 	.section	.debug_abbrev
00000048 2b              577 	.byte	43
00000049 35              578 	.byte	53
0000004a 00              579 	.byte	0
0000004b 4910            580 	.byte	73,16
0000004d 0000            581 	.byte	0,0

                                                                      Page 12
                                                              C:\Users\nhuliyap\AppData\Local\Temp\gh_00008bs1.s
                         582 
                         583 	.section	.debug_info
                         584 .LDW_5266d48:
00000104 2b              585 	.byte	43
00000105 00000000*       586 	.word	.LDW_5219528
                         587 
                         588 .LDW_519a778:
00000109 28              589 	.byte	40
0000010a 75696e743800    590 	.strz	"uint8"
00000110 50              591 	.byte	80
00000111 4b              592 	.byte	75
00000112 03              593 	.byte	3
00000113 00000000*       594 	.word	.LDW_40dd630
                         595 
                         596 	.section	.debug_abbrev
0000004f 28              597 	.byte	40
00000050 16              598 	.byte	22
00000051 00              599 	.byte	0
00000052 0308            600 	.byte	3,8
00000054 3b0f            601 	.byte	59,15
00000056 390f            602 	.byte	57,15
00000058 3a0f            603 	.byte	58,15
0000005a 4910            604 	.byte	73,16
0000005c 0000            605 	.byte	0,0
                         606 
                         607 	.section	.debug_info
                         608 .LDW_52194d0:
00000117 41              609 	.byte	65
00000118 c50d            610 	.byte	197,13
0000011a 0f              611 	.byte	15
0000011b 0a              612 	.byte	10
0000011c 8020            613 	.byte	128,32
0000011e 01              614 	.byte	1
                         615 
                         616 	.section	.debug_abbrev
0000005e 41              617 	.byte	65
0000005f 13              618 	.byte	19
00000060 01              619 	.byte	1
00000061 3b0f            620 	.byte	59,15
00000063 390f            621 	.byte	57,15
00000065 3a0f            622 	.byte	58,15
00000067 0b0f            623 	.byte	11,15
00000069 320b            624 	.byte	50,11
0000006b 0000            625 	.byte	0,0
                         626 
                         627 	.section	.debug_info
                         628 .LDW_52415e8:
0000011f 23              629 	.byte	35
00000120 5744544500      630 	.strz	"WDTE"
00000125 c60d            631 	.byte	198,13
00000127 0b              632 	.byte	11
00000128 0a              633 	.byte	10
00000129 00000000*       634 	.word	.LDW_519a778
0000012d 0223            635 	.byte	2,35
0000012f 00              636 	.byte	0
00000130 01              637 	.byte	1
                         638 
                         639 	.section	.debug_abbrev
0000006d 23              640 	.byte	35
0000006e 0d              641 	.byte	13
0000006f 00              642 	.byte	0

                                                                      Page 13
                                                              C:\Users\nhuliyap\AppData\Local\Temp\gh_00008bs1.s
00000070 0308            643 	.byte	3,8
00000072 3b0f            644 	.byte	59,15
00000074 390f            645 	.byte	57,15
00000076 3a0f            646 	.byte	58,15
00000078 4910            647 	.byte	73,16
0000007a 380a            648 	.byte	56,10
0000007c 320b            649 	.byte	50,11
0000007e 0000            650 	.byte	0,0
                         651 
                         652 	.section	.debug_info
                         653 .LDW_5241630:
00000131 23              654 	.byte	35
00000132 64756d6d7932    655 	.strz	"dummy289"
00000138 383900 
0000013b c70d            656 	.byte	199,13
0000013d 0b              657 	.byte	11
0000013e 0a              658 	.byte	10
0000013f 00000000*       659 	.word	.LDW_5248728
00000143 0223            660 	.byte	2,35
00000145 01              661 	.byte	1
00000146 01              662 	.byte	1
                         663 
                         664 .LDW_5241cf0:
00000147 23              665 	.byte	35
00000148 4556414300      666 	.strz	"EVAC"
0000014d c80d            667 	.byte	200,13
0000014f 0b              668 	.byte	11
00000150 0a              669 	.byte	10
00000151 00000000*       670 	.word	.LDW_519a778
00000155 0223            671 	.byte	2,35
00000157 04              672 	.byte	4
00000158 01              673 	.byte	1
                         674 
                         675 .LDW_5241f30:
00000159 23              676 	.byte	35
0000015a 64756d6d7932    677 	.strz	"dummy290"
00000160 393000 
00000163 c90d            678 	.byte	201,13
00000165 0b              679 	.byte	11
00000166 0a              680 	.byte	10
00000167 00000000*       681 	.word	.LDW_52489d0
0000016b 0223            682 	.byte	2,35
0000016d 05              683 	.byte	5
0000016e 01              684 	.byte	1
                         685 
                         686 .LDW_5241b88:
0000016f 23              687 	.byte	35
00000170 52454600        688 	.strz	"REF"
00000174 ca0d            689 	.byte	202,13
00000176 11              690 	.byte	17
00000177 0a              691 	.byte	10
00000178 00000000*       692 	.word	.LDW_4bb0d90
0000017c 0223            693 	.byte	2,35
0000017e 08              694 	.byte	8
0000017f 01              695 	.byte	1
                         696 
                         697 .LDW_5241d38:
00000180 23              698 	.byte	35
00000181 64756d6d7932    699 	.strz	"dummy291"
00000187 393100 
0000018a cb0d            700 	.byte	203,13

                                                                      Page 14
                                                              C:\Users\nhuliyap\AppData\Local\Temp\gh_00008bs1.s
0000018c 0b              701 	.byte	11
0000018d 0a              702 	.byte	10
0000018e 00000000*       703 	.word	.LDW_5248838
00000192 0223            704 	.byte	2,35
00000194 09              705 	.byte	9
00000195 01              706 	.byte	1
                         707 
                         708 .LDW_5241ee8:
00000196 23              709 	.byte	35
00000197 4d4400          710 	.strz	"MD"
0000019a cc0d            711 	.byte	204,13
0000019c 0b              712 	.byte	11
0000019d 0a              713 	.byte	10
0000019e 00000000*       714 	.word	.LDW_519a778
000001a2 0223            715 	.byte	2,35
000001a4 0c              716 	.byte	12
000001a5 01              717 	.byte	1
                         718 
                         719 .LDW_5241ca8:
000001a6 23              720 	.byte	35
000001a7 64756d6d7932    721 	.strz	"dummy292"
000001ad 393200 
000001b0 cd0d            722 	.byte	205,13
000001b2 0b              723 	.byte	11
000001b3 0a              724 	.byte	10
000001b4 00000000*       725 	.word	.LDW_52488c0
000001b8 0223            726 	.byte	2,35
000001ba 0d              727 	.byte	13
000001bb 01              728 	.byte	1
                         729 
000001bc 00              730 	.byte	0
                         731 
                         732 .LDW_5219528:
000001bd 28              733 	.byte	40
000001be 5f5f74797065    734 	.strz	"__type44"
000001c4 343400 
000001c7 ce0d            735 	.byte	206,13
000001c9 02              736 	.byte	2
000001ca 0a              737 	.byte	10
000001cb 00000000*       738 	.word	.LDW_52194d0
                         739 
                         740 .LDW_5267110:
000001cf 05              741 	.byte	5
000001d0 574454413000    742 	.strz	"WDTA0"
000001d6 ee1e            743 	.byte	238,30
000001d8 01              744 	.byte	1
000001d9 0a              745 	.byte	10
000001da 00000000*       746 	.word	.LDW_5266d48
000001de 01              747 	.byte	1
000001df 01              748 	.byte	1
                         749 
                         750 	.section	.debug_abbrev
00000080 05              751 	.byte	5
00000081 34              752 	.byte	52
00000082 00              753 	.byte	0
00000083 0308            754 	.byte	3,8
00000085 3b0f            755 	.byte	59,15
00000087 390f            756 	.byte	57,15
00000089 3a0f            757 	.byte	58,15
0000008b 4910            758 	.byte	73,16
0000008d 3f0c            759 	.byte	63,12

                                                                      Page 15
                                                              C:\Users\nhuliyap\AppData\Local\Temp\gh_00008bs1.s
0000008f 3c0c            760 	.byte	60,12
00000091 0000            761 	.byte	0,0
                         762 
                         763 	.section	.debug_info
                         764 .LDW_52669d8:
000001e0 05              765 	.byte	5
000001e1 574454413100    766 	.strz	"WDTA1"
000001e7 ef1e            767 	.byte	239,30
000001e9 01              768 	.byte	1
000001ea 0a              769 	.byte	10
000001eb 00000000*       770 	.word	.LDW_5266d48
000001ef 01              771 	.byte	1
000001f0 01              772 	.byte	1
                         773 
                         774 .LDW_5199c10:
000001f1 13              775 	.byte	19
000001f2 5764745f5368    776 	.strz	"Wdt_ShowTrigger"
000001f8 6f7754726967 
000001fe 67657200 
00000202 06              777 	.byte	6
00000203 06              778 	.byte	6
00000204 01              779 	.byte	1
00000205 00000000*       780 	.word	_Wdt_ShowTrigger
00000209 00000000*       781 	.word	___ghs_eofn_Wdt_ShowTrigger
0000020d 0153            782 	.byte	1,83
0000020f 02              783 	.byte	2
00000210 00              784 	.byte	0
00000211 02              785 	.byte	2
00000212 00              786 	.byte	0
00000213 00              787 	.byte	0
00000214 00              788 	.byte	0
00000215 00              789 	.byte	0
00000216 01              790 	.byte	1
00000217 01              791 	.byte	1
00000218 00              792 	.byte	0
00000219 01              793 	.byte	1
                         794 
                         795 	.section	.debug_abbrev
00000093 13              796 	.byte	19
00000094 2e              797 	.byte	46
00000095 01              798 	.byte	1
00000096 0308            799 	.byte	3,8
00000098 3b0f            800 	.byte	59,15
0000009a 390f            801 	.byte	57,15
0000009c 3a0f            802 	.byte	58,15
0000009e 1101            803 	.byte	17,1
000000a0 1201            804 	.byte	18,1
000000a2 400a            805 	.byte	64,10
000000a4 8341            806 	.byte	131,65
000000a6 0f              807 	.byte	15
000000a7 8741            808 	.byte	135,65
000000a9 0d              809 	.byte	13
000000aa 8541            810 	.byte	133,65
000000ac 0f              811 	.byte	15
000000ad 8641            812 	.byte	134,65
000000af 0d              813 	.byte	13
000000b0 9241            814 	.byte	146,65
000000b2 0f              815 	.byte	15
000000b3 3c0c            816 	.byte	60,12
000000b5 200b            817 	.byte	32,11
000000b7 3f0c            818 	.byte	63,12

                                                                      Page 16
                                                              C:\Users\nhuliyap\AppData\Local\Temp\gh_00008bs1.s
000000b9 320b            819 	.byte	50,11
000000bb 4c0b            820 	.byte	76,11
000000bd 270c            821 	.byte	39,12
000000bf 0000            822 	.byte	0,0
                         823 
                         824 	.section	.debug_frame
                         825 .LDW_40d90a0:
00000090 00000000*       826 	.word	.LDW_unq_4-.LDW_unq_3
                         827 .LDW_unq_3:
00000094 00000000*       828 	.word	.LDW_5137100
00000098 00000000*       829 	.word	_Wdt_ShowTrigger
0000009c 00000000*       830 	.word	___ghs_eofn_Wdt_ShowTrigger-_Wdt_ShowTrigger
000000a0 01              831 	.byte	1
000000a1 00000000*       832 	.word	.LDW11
000000a5 00              833 	.byte	0
000000a6 00              834 	.byte	0
000000a7 00              835 	.byte	0
                         836 .LDW_unq_4:
                         837 	.section	.debug_line
000001ca 000502          838 	.byte	0,5,2
000001cd 00000000*       839 	.word	_Wdt_ShowTrigger
000001d1 06              840 	.byte	6
000001d2 03              841 	.byte	3
000001d3 0e              842 	.byte	14
000001d4 02              843 	.byte	2
000001d5 00              844 	.byte	0
000001d6 01              845 	.byte	1
000001d7 02              846 	.byte	2
000001d8 02              847 	.byte	2
000001d9 000101          848 	.byte	0,1,1
                         849 	.section	.debug_info
                         850 .LDW_5215770:
0000021a 1d              851 	.byte	29
0000021b 00000000*       852 	.word	.LDW01
0000021f 00000000*       853 	.word	.LDW11
                         854 
                         855 	.section	.debug_abbrev
000000c1 1d              856 	.byte	29
000000c2 0b              857 	.byte	11
000000c3 01              858 	.byte	1
000000c4 1101            859 	.byte	17,1
000000c6 1201            860 	.byte	18,1
000000c8 0000            861 	.byte	0,0
                         862 
                         863 	.section	.debug_info
00000223 00              864 	.byte	0
                         865 
00000224 00              866 	.byte	0
                         867 
                         868 .LDW_5199f08:
00000225 13              869 	.byte	19
00000226 5764745f496e    870 	.strz	"Wdt_InitWD0"
0000022c 697457443000 
00000232 11              871 	.byte	17
00000233 06              872 	.byte	6
00000234 01              873 	.byte	1
00000235 00000000*       874 	.word	_Wdt_InitWD0
00000239 00000000*       875 	.word	___ghs_eofn_Wdt_InitWD0
0000023d 0153            876 	.byte	1,83
0000023f 02              877 	.byte	2
00000240 00              878 	.byte	0

                                                                      Page 17
                                                              C:\Users\nhuliyap\AppData\Local\Temp\gh_00008bs1.s
00000241 02              879 	.byte	2
00000242 00              880 	.byte	0
00000243 00              881 	.byte	0
00000244 00              882 	.byte	0
00000245 00              883 	.byte	0
00000246 01              884 	.byte	1
00000247 01              885 	.byte	1
00000248 00              886 	.byte	0
00000249 01              887 	.byte	1
                         888 
                         889 	.section	.debug_frame
                         890 .LDW_4ce32b8:
000000a8 00000000*       891 	.word	.LDW_unq_6-.LDW_unq_5
                         892 .LDW_unq_5:
000000ac 00000000*       893 	.word	.LDW_5137100
000000b0 00000000*       894 	.word	_Wdt_InitWD0
000000b4 00000000*       895 	.word	___ghs_eofn_Wdt_InitWD0-_Wdt_InitWD0
000000b8 01              896 	.byte	1
000000b9 00000000*       897 	.word	.LDW31
000000bd 00              898 	.byte	0
000000be 00              899 	.byte	0
000000bf 00              900 	.byte	0
                         901 .LDW_unq_6:
                         902 	.section	.debug_line
000001dc 000502          903 	.byte	0,5,2
000001df 00000000*       904 	.word	_Wdt_InitWD0
000001e3 06              905 	.byte	6
000001e4 03              906 	.byte	3
000001e5 11              907 	.byte	17
000001e6 02              908 	.byte	2
000001e7 00              909 	.byte	0
000001e8 01              910 	.byte	1
000001e9 000502          911 	.byte	0,5,2
000001ec 00000000*       912 	.word	.LDWlin1
000001f0 0b              913 	.byte	11
000001f1 02              914 	.byte	2
000001f2 02              915 	.byte	2
000001f3 000101          916 	.byte	0,1,1
                         917 	.section	.debug_info
                         918 .LDW_52158f0:
0000024a 1d              919 	.byte	29
0000024b 00000000*       920 	.word	.LDW21
0000024f 00000000*       921 	.word	.LDW31
                         922 
00000253 00              923 	.byte	0
                         924 
00000254 00              925 	.byte	0
                         926 
                         927 .LDW_5199880:
00000255 13              928 	.byte	19
00000256 5764745f5472    929 	.strz	"Wdt_TriggerWD0"
0000025c 696767657257 
00000262 443000 
00000265 15              930 	.byte	21
00000266 06              931 	.byte	6
00000267 01              932 	.byte	1
00000268 00000000*       933 	.word	_Wdt_TriggerWD0
0000026c 00000000*       934 	.word	___ghs_eofn_Wdt_TriggerWD0
00000270 0153            935 	.byte	1,83
00000272 02              936 	.byte	2
00000273 00              937 	.byte	0

                                                                      Page 18
                                                              C:\Users\nhuliyap\AppData\Local\Temp\gh_00008bs1.s
00000274 02              938 	.byte	2
00000275 00              939 	.byte	0
00000276 00              940 	.byte	0
00000277 00              941 	.byte	0
00000278 00              942 	.byte	0
00000279 01              943 	.byte	1
0000027a 01              944 	.byte	1
0000027b 00              945 	.byte	0
0000027c 01              946 	.byte	1
                         947 
                         948 	.section	.debug_frame
                         949 .LDW_4ce2bd8:
000000c0 00000000*       950 	.word	.LDW_unq_8-.LDW_unq_7
                         951 .LDW_unq_7:
000000c4 00000000*       952 	.word	.LDW_5137100
000000c8 00000000*       953 	.word	_Wdt_TriggerWD0
000000cc 00000000*       954 	.word	___ghs_eofn_Wdt_TriggerWD0-_Wdt_TriggerWD0
000000d0 01              955 	.byte	1
000000d1 00000000*       956 	.word	.LDW51
000000d5 00              957 	.byte	0
000000d6 00              958 	.byte	0
000000d7 00              959 	.byte	0
                         960 .LDW_unq_8:
                         961 	.section	.debug_line
000001f6 000502          962 	.byte	0,5,2
000001f9 00000000*       963 	.word	_Wdt_TriggerWD0
000001fd 06              964 	.byte	6
000001fe 03              965 	.byte	3
000001ff 15              966 	.byte	21
00000200 02              967 	.byte	2
00000201 00              968 	.byte	0
00000202 01              969 	.byte	1
00000203 000502          970 	.byte	0,5,2
00000206 00000000*       971 	.word	.LDWlin2
0000020a 0c              972 	.byte	12
0000020b 02              973 	.byte	2
0000020c 02              974 	.byte	2
0000020d 000101          975 	.byte	0,1,1
                         976 	.section	.debug_info
                         977 .LDW_5215680:
0000027d 1d              978 	.byte	29
0000027e 00000000*       979 	.word	.LDW41
00000282 00000000*       980 	.word	.LDW51
                         981 
00000286 00              982 	.byte	0
                         983 
00000287 00              984 	.byte	0
                         985 
                         986 .LDW_51996b8:
00000288 13              987 	.byte	19
00000289 5764745f496e    988 	.strz	"Wdt_InitWD1"
0000028f 697457443100 
00000295 1a              989 	.byte	26
00000296 06              990 	.byte	6
00000297 01              991 	.byte	1
00000298 00000000*       992 	.word	_Wdt_InitWD1
0000029c 00000000*       993 	.word	___ghs_eofn_Wdt_InitWD1
000002a0 0153            994 	.byte	1,83
000002a2 02              995 	.byte	2
000002a3 00              996 	.byte	0
000002a4 02              997 	.byte	2

                                                                      Page 19
                                                              C:\Users\nhuliyap\AppData\Local\Temp\gh_00008bs1.s
000002a5 00              998 	.byte	0
000002a6 00              999 	.byte	0
000002a7 00             1000 	.byte	0
000002a8 00             1001 	.byte	0
000002a9 01             1002 	.byte	1
000002aa 01             1003 	.byte	1
000002ab 00             1004 	.byte	0
000002ac 01             1005 	.byte	1
                        1006 
                        1007 	.section	.debug_frame
                        1008 .LDW_4ce2e18:
000000d8 00000000*      1009 	.word	.LDW_unq_a-.LDW_unq_9
                        1010 .LDW_unq_9:
000000dc 00000000*      1011 	.word	.LDW_5137100
000000e0 00000000*      1012 	.word	_Wdt_InitWD1
000000e4 00000000*      1013 	.word	___ghs_eofn_Wdt_InitWD1-_Wdt_InitWD1
000000e8 01             1014 	.byte	1
000000e9 00000000*      1015 	.word	.LDW71
000000ed 00             1016 	.byte	0
000000ee 00             1017 	.byte	0
000000ef 00             1018 	.byte	0
                        1019 .LDW_unq_a:
                        1020 	.section	.debug_line
00000210 000502         1021 	.byte	0,5,2
00000213 00000000*      1022 	.word	_Wdt_InitWD1
00000217 06             1023 	.byte	6
00000218 03             1024 	.byte	3
00000219 1a             1025 	.byte	26
0000021a 02             1026 	.byte	2
0000021b 00             1027 	.byte	0
0000021c 01             1028 	.byte	1
0000021d 000502         1029 	.byte	0,5,2
00000220 00000000*      1030 	.word	.LDWlin3
00000224 0b             1031 	.byte	11
00000225 02             1032 	.byte	2
00000226 02             1033 	.byte	2
00000227 000101         1034 	.byte	0,1,1
                        1035 	.section	.debug_info
                        1036 .LDW_52158c0:
000002ad 1d             1037 	.byte	29
000002ae 00000000*      1038 	.word	.LDW61
000002b2 00000000*      1039 	.word	.LDW71
                        1040 
000002b6 00             1041 	.byte	0
                        1042 
000002b7 00             1043 	.byte	0
                        1044 
                        1045 .LDW_51994f0:
000002b8 13             1046 	.byte	19
000002b9 5764745f5472   1047 	.strz	"Wdt_TriggerWD1"
000002bf 696767657257 
000002c5 443100 
000002c8 1e             1048 	.byte	30
000002c9 06             1049 	.byte	6
000002ca 01             1050 	.byte	1
000002cb 00000000*      1051 	.word	_Wdt_TriggerWD1
000002cf 00000000*      1052 	.word	___ghs_eofn_Wdt_TriggerWD1
000002d3 0153           1053 	.byte	1,83
000002d5 02             1054 	.byte	2
000002d6 00             1055 	.byte	0
000002d7 02             1056 	.byte	2

                                                                      Page 20
                                                              C:\Users\nhuliyap\AppData\Local\Temp\gh_00008bs1.s
000002d8 00             1057 	.byte	0
000002d9 00             1058 	.byte	0
000002da 00             1059 	.byte	0
000002db 00             1060 	.byte	0
000002dc 01             1061 	.byte	1
000002dd 01             1062 	.byte	1
000002de 00             1063 	.byte	0
000002df 01             1064 	.byte	1
                        1065 
                        1066 	.section	.debug_frame
                        1067 .LDW_4ce2c58:
000000f0 00000000*      1068 	.word	.LDW_unq_c-.LDW_unq_b
                        1069 .LDW_unq_b:
000000f4 00000000*      1070 	.word	.LDW_5137100
000000f8 00000000*      1071 	.word	_Wdt_TriggerWD1
000000fc 00000000*      1072 	.word	___ghs_eofn_Wdt_TriggerWD1-_Wdt_TriggerWD1
00000100 01             1073 	.byte	1
00000101 00000000*      1074 	.word	.LDW91
00000105 00             1075 	.byte	0
00000106 00             1076 	.byte	0
00000107 00             1077 	.byte	0
                        1078 .LDW_unq_c:
                        1079 	.section	.debug_line
0000022a 000502         1080 	.byte	0,5,2
0000022d 00000000*      1081 	.word	_Wdt_TriggerWD1
00000231 06             1082 	.byte	6
00000232 03             1083 	.byte	3
00000233 1e             1084 	.byte	30
00000234 02             1085 	.byte	2
00000235 00             1086 	.byte	0
00000236 01             1087 	.byte	1
00000237 000502         1088 	.byte	0,5,2
0000023a 00000000*      1089 	.word	.LDWlin4
0000023e 0b             1090 	.byte	11
0000023f 02             1091 	.byte	2
00000240 02             1092 	.byte	2
00000241 000101         1093 	.byte	0,1,1
                        1094 	.section	.debug_info
                        1095 .LDW_5215a10:
000002e0 1d             1096 	.byte	29
000002e1 00000000*      1097 	.word	.LDW81
000002e5 00000000*      1098 	.word	.LDW91
                        1099 
000002e9 00             1100 	.byte	0
                        1101 
000002ea 00             1102 	.byte	0
                        1103 
000002eb 00             1104 	.byte	0
                        1105 
                        1106 	.section	.debug_line
                        1107 .Ldw_line_end:
                        1108 	.section	.debug_macinfo
00000000 01             1109 	.byte	1
00000001 00             1110 	.byte	0
00000002 5f5f474e555f   1111 	.strz	"__GNU_ASM_SUPPORT__ 1"
00000008 41534d5f5355 
0000000e 50504f52545f 
00000014 5f203100 
00000018 01             1112 	.byte	1
00000019 00             1113 	.byte	0
0000001a 5f5f67687320   1114 	.strz	"__ghs 1"

                                                                      Page 21
                                                              C:\Users\nhuliyap\AppData\Local\Temp\gh_00008bs1.s
00000020 3100 
00000022 01             1115 	.byte	1
00000023 00             1116 	.byte	0
00000024 5f5f6768735f   1117 	.strz	"__ghs__ 1"
0000002a 5f203100 
0000002e 01             1118 	.byte	1
0000002f 00             1119 	.byte	0
00000030 5f5f41545452   1120 	.strz	"__ATTRIBUTES 1"
00000036 494255544553 
0000003c 203100 
0000003f 01             1121 	.byte	1
00000040 00             1122 	.byte	0
00000041 5f5f4544475f   1123 	.strz	"__EDG__ 1"
00000047 5f203100 
0000004b 01             1124 	.byte	1
0000004c 00             1125 	.byte	0
0000004d 5f5f434f5245   1126 	.strz	"__CORE_V850E3V5__ 1"
00000053 5f5638353045 
00000059 3356355f5f20 
0000005f 3100 
00000061 01             1127 	.byte	1
00000062 00             1128 	.byte	0
00000063 5f5f56383530   1129 	.strz	"__V850E__ 1"
00000069 455f5f203100 
0000006f 01             1130 	.byte	1
00000070 00             1131 	.byte	0
00000071 5f5f56383530   1132 	.strz	"__V850E2__ 1"
00000077 45325f5f2031 
0000007d 00 
0000007e 01             1133 	.byte	1
0000007f 00             1134 	.byte	0
00000080 5f5f56383530   1135 	.strz	"__V850E2R__ 1"
00000086 4532525f5f20 
0000008c 3100 
0000008e 01             1136 	.byte	1
0000008f 00             1137 	.byte	0
00000090 5f5f56383530   1138 	.strz	"__V850E2V3__ 1"
00000096 453256335f5f 
0000009c 203100 
0000009f 01             1139 	.byte	1
000000a0 00             1140 	.byte	0
000000a1 5f5f56383530   1141 	.strz	"__V850E3__ 1"
000000a7 45335f5f2031 
000000ad 00 
000000ae 01             1142 	.byte	1
000000af 00             1143 	.byte	0
000000b0 5f5f4c4c4f4e   1144 	.strz	"__LLONG_BIT 64"
000000b6 475f42495420 
000000bc 363400 
000000bf 03             1145 	.byte	3
000000c0 00             1146 	.byte	0
000000c1 01             1147 	.byte	1
000000c2 03             1148 	.byte	3
000000c3 01             1149 	.byte	1
000000c4 02             1150 	.byte	2
000000c5 03             1151 	.byte	3
000000c6 1c             1152 	.byte	28
000000c7 03             1153 	.byte	3
000000c8 04             1154 	.byte	4
000000c9 03             1155 	.byte	3
000000ca 1d             1156 	.byte	29

                                                                      Page 22
                                                              C:\Users\nhuliyap\AppData\Local\Temp\gh_00008bs1.s
000000cb 04             1157 	.byte	4
000000cc 03             1158 	.byte	3
000000cd 1b             1159 	.byte	27
000000ce 05             1160 	.byte	5
000000cf 03             1161 	.byte	3
000000d0 54             1162 	.byte	84
000000d1 06             1163 	.byte	6
000000d2 04             1164 	.byte	4
000000d3 04             1165 	.byte	4
000000d4 04             1166 	.byte	4
000000d5 04             1167 	.byte	4
000000d6 03             1168 	.byte	3
000000d7 03             1169 	.byte	3
000000d8 07             1170 	.byte	7
000000d9 03             1171 	.byte	3
000000da 02             1172 	.byte	2
000000db 08             1173 	.byte	8
000000dc 04             1174 	.byte	4
000000dd 04             1175 	.byte	4
000000de 03             1176 	.byte	3
000000df 04             1177 	.byte	4
000000e0 09             1178 	.byte	9
000000e1 03             1179 	.byte	3
000000e2 44             1180 	.byte	68
000000e3 0a             1181 	.byte	10
000000e4 01             1182 	.byte	1
000000e5 17             1183 	.byte	23
000000e6 505241474d41   1184 	.strz	"PRAGMA(x) _Pragma(#x)"
000000ec 287829205f50 
000000f2 7261676d6128 
000000f8 23782900 
000000fc 01             1185 	.byte	1
000000fd 18             1186 	.byte	24
000000fe 5f5f52454144   1187 	.strz	"__READ volatile const"
00000104 20766f6c6174 
0000010a 696c6520636f 
00000110 6e737400 
00000114 01             1188 	.byte	1
00000115 1a             1189 	.byte	26
00000116 5f5f52454144   1190 	.strz	"__READ_WRITE volatile"
0000011c 5f5752495445 
00000122 20766f6c6174 
00000128 696c6500 
0000012c 01             1191 	.byte	1
0000012d 1c             1192 	.byte	28
0000012e 5f5f494f5245   1193 	.strz	"__IOREG(reg,addr,attrib,type) PRAGMA(ghs io reg addr) extern attrib type reg;"
00000134 47287265672c 
0000013a 616464722c61 
00000140 74747269622c 
00000146 747970652920 
0000014c 505241474d41 
00000152 286768732069 
00000158 6f2072656720 
0000015e 616464722920 
00000164 65787465726e 
0000016a 206174747269 
00000170 622074797065 
00000176 207265673b00 
0000017c 01             1194 	.byte	1
0000017d 1f             1195 	.byte	31
0000017e 5f5f494f5245   1196 	.strz	"__IOREGARRAY(reg,array,addr,attrib,type) PRAGMA(ghs io reg addr) extern attrib type reg[array];"

                                                                      Page 23
                                                              C:\Users\nhuliyap\AppData\Local\Temp\gh_00008bs1.s
00000184 474152524159 
0000018a 287265672c61 
00000190 727261792c61 
00000196 6464722c6174 
0000019c 747269622c74 
000001a2 797065292050 
000001a8 5241474d4128 
000001ae 67687320696f 
000001b4 207265672061 
000001ba 646472292065 
000001c0 787465726e20 
000001c6 617474726962 
000001cc 207479706520 
000001d2 7265675b6172 
000001d8 7261795d3b00 
000001de 04             1197 	.byte	4
000001df 03             1198 	.byte	3
000001e0 45             1199 	.byte	69
000001e1 0b             1200 	.byte	11
000001e2 01             1201 	.byte	1
000001e3 05             1202 	.byte	5
000001e4 5f494e4c494e   1203 	.strz	"_INLINE_ __inline"
000001ea 455f205f5f69 
000001f0 6e6c696e6500 
000001f6 03             1204 	.byte	3
000001f7 06             1205 	.byte	6
000001f8 0c             1206 	.byte	12
000001f9 01             1207 	.byte	1
000001fa 0f             1208 	.byte	15
000001fb 5f5f41545452   1209 	.strz	"__ATTRIBUTE(x) __attribute__(x)"
00000201 494255544528 
00000207 7829205f5f61 
0000020d 747472696275 
00000213 74655f5f2878 
00000219 2900 
0000021b 01             1210 	.byte	1
0000021c 74             1211 	.byte	116
0000021d 5f5f47455453   1212 	.strz	"__GETSP_macro() asm (\"mov sp, %0\" : \"=r\" (result));"
00000223 505f6d616372 
00000229 6f2829206173 
0000022f 6d2028226d6f 
00000235 762073702c20 
0000023b 253022203a20 
00000241 223d72222028 
00000247 726573756c74 
0000024d 29293b00 
00000251 04             1213 	.byte	4
00000252 01             1214 	.byte	1
00000253 09             1215 	.byte	9
00000254 7533325f5420   1216 	.strz	"u32_T unsigned long"
0000025a 756e7369676e 
00000260 6564206c6f6e 
00000266 6700 
00000268 01             1217 	.byte	1
00000269 b902           1218 	.byte	185,2
0000026b 50535720352c   1219 	.strz	"PSW 5, 0"
00000271 203000 
00000274 01             1220 	.byte	1
00000275 c302           1221 	.byte	195,2
00000277 4d4346473020   1222 	.strz	"MCFG0 0, 1"
0000027d 302c203100 

                                                                      Page 24
                                                              C:\Users\nhuliyap\AppData\Local\Temp\gh_00008bs1.s
00000282 01             1223 	.byte	1
00000283 c502           1224 	.byte	197,2
00000285 454241534520   1225 	.strz	"EBASE 3, 1"
0000028b 332c203100 
00000290 01             1226 	.byte	1
00000291 c602           1227 	.byte	198,2
00000293 494e54425020   1228 	.strz	"INTBP 4, 1"
00000299 342c203100 
0000029e 01             1229 	.byte	1
0000029f c702           1230 	.byte	199,2
000002a1 4d43544c2035   1231 	.strz	"MCTL 5, 1"
000002a7 2c203100 
000002ab 01             1232 	.byte	1
000002ac c902           1233 	.byte	201,2
000002ae 534343464720   1234 	.strz	"SCCFG 11, 1"
000002b4 31312c203100 
000002ba 01             1235 	.byte	1
000002bb ce02           1236 	.byte	206,2
000002bd 415349442037   1237 	.strz	"ASID 7, 2"
000002c3 2c203200 
000002c7 01             1238 	.byte	1
000002c8 d002           1239 	.byte	208,2
000002ca 495350522031   1240 	.strz	"ISPR 10, 2"
000002d0 302c203200 
000002d5 01             1241 	.byte	1
000002d6 d102           1242 	.byte	209,2
000002d8 504d52203131   1243 	.strz	"PMR 11, 2"
000002de 2c203200 
000002e2 01             1244 	.byte	1
000002e3 d202           1245 	.byte	210,2
000002e5 494353522031   1246 	.strz	"ICSR 12, 2"
000002eb 322c203200 
000002f0 01             1247 	.byte	1
000002f1 d302           1248 	.byte	211,2
000002f3 494e54434647   1249 	.strz	"INTCFG 13, 2"
000002f9 2031332c2032 
000002ff 00 
00000300 01             1250 	.byte	1
00000301 d502           1251 	.byte	213,2
00000303 4d504d20302c   1252 	.strz	"MPM 0, 5"
00000309 203500 
0000030c 01             1253 	.byte	1
0000030d d602           1254 	.byte	214,2
0000030f 4d5052432031   1255 	.strz	"MPRC 1, 5"
00000315 2c203500 
00000319 01             1256 	.byte	1
0000031a d702           1257 	.byte	215,2
0000031c 4d504252474e   1258 	.strz	"MPBRGN 4, 5"
00000322 20342c203500 
00000328 01             1259 	.byte	1
00000329 d802           1260 	.byte	216,2
0000032b 4d505452474e   1261 	.strz	"MPTRGN 5, 5"
00000331 20352c203500 
00000337 01             1262 	.byte	1
00000338 d902           1263 	.byte	217,2
0000033a 4d434120382c   1264 	.strz	"MCA 8, 5"
00000340 203500 
00000343 01             1265 	.byte	1
00000344 da02           1266 	.byte	218,2
00000346 4d435320392c   1267 	.strz	"MCS 9, 5"
0000034c 203500 

                                                                      Page 25
                                                              C:\Users\nhuliyap\AppData\Local\Temp\gh_00008bs1.s
0000034f 01             1268 	.byte	1
00000350 db02           1269 	.byte	219,2
00000352 4d4343203130   1270 	.strz	"MCC 10, 5"
00000358 2c203500 
0000035c 01             1271 	.byte	1
0000035d dc02           1272 	.byte	220,2
0000035f 4d4352203131   1273 	.strz	"MCR 11, 5"
00000365 2c203500 
00000369 01             1274 	.byte	1
0000036a de02           1275 	.byte	222,2
0000036c 4d504c413020   1276 	.strz	"MPLA0 0, 6"
00000372 302c203600 
00000377 01             1277 	.byte	1
00000378 df02           1278 	.byte	223,2
0000037a 4d5055413020   1279 	.strz	"MPUA0 1, 6"
00000380 312c203600 
00000385 01             1280 	.byte	1
00000386 e002           1281 	.byte	224,2
00000388 4d5041543020   1282 	.strz	"MPAT0 2, 6"
0000038e 322c203600 
00000393 01             1283 	.byte	1
00000394 e102           1284 	.byte	225,2
00000396 4d504c413120   1285 	.strz	"MPLA1 4, 6"
0000039c 342c203600 
000003a1 01             1286 	.byte	1
000003a2 e202           1287 	.byte	226,2
000003a4 4d5055413120   1288 	.strz	"MPUA1 5, 6"
000003aa 352c203600 
000003af 01             1289 	.byte	1
000003b0 e302           1290 	.byte	227,2
000003b2 4d5041543120   1291 	.strz	"MPAT1 6, 6"
000003b8 362c203600 
000003bd 01             1292 	.byte	1
000003be e402           1293 	.byte	228,2
000003c0 4d504c413220   1294 	.strz	"MPLA2 8, 6"
000003c6 382c203600 
000003cb 01             1295 	.byte	1
000003cc e502           1296 	.byte	229,2
000003ce 4d5055413220   1297 	.strz	"MPUA2 9, 6"
000003d4 392c203600 
000003d9 01             1298 	.byte	1
000003da e602           1299 	.byte	230,2
000003dc 4d5041543220   1300 	.strz	"MPAT2 10, 6"
000003e2 31302c203600 
000003e8 01             1301 	.byte	1
000003e9 e702           1302 	.byte	231,2
000003eb 4d504c413320   1303 	.strz	"MPLA3 12, 6"
000003f1 31322c203600 
000003f7 01             1304 	.byte	1
000003f8 e802           1305 	.byte	232,2
000003fa 4d5055413320   1306 	.strz	"MPUA3 13, 6"
00000400 31332c203600 
00000406 01             1307 	.byte	1
00000407 e902           1308 	.byte	233,2
00000409 4d5041543320   1309 	.strz	"MPAT3 14, 6"
0000040f 31342c203600 
00000415 01             1310 	.byte	1
00000416 ea02           1311 	.byte	234,2
00000418 4d504c413420   1312 	.strz	"MPLA4 16, 6"
0000041e 31362c203600 
00000424 01             1313 	.byte	1

                                                                      Page 26
                                                              C:\Users\nhuliyap\AppData\Local\Temp\gh_00008bs1.s
00000425 eb02           1314 	.byte	235,2
00000427 4d5055413420   1315 	.strz	"MPUA4 17, 6"
0000042d 31372c203600 
00000433 01             1316 	.byte	1
00000434 ec02           1317 	.byte	236,2
00000436 4d5041543420   1318 	.strz	"MPAT4 18, 6"
0000043c 31382c203600 
00000442 01             1319 	.byte	1
00000443 ed02           1320 	.byte	237,2
00000445 4d504c413520   1321 	.strz	"MPLA5 20, 6"
0000044b 32302c203600 
00000451 01             1322 	.byte	1
00000452 ee02           1323 	.byte	238,2
00000454 4d5055413520   1324 	.strz	"MPUA5 21, 6"
0000045a 32312c203600 
00000460 01             1325 	.byte	1
00000461 ef02           1326 	.byte	239,2
00000463 4d5041543520   1327 	.strz	"MPAT5 22, 6"
00000469 32322c203600 
0000046f 01             1328 	.byte	1
00000470 f002           1329 	.byte	240,2
00000472 4d504c413620   1330 	.strz	"MPLA6 24, 6"
00000478 32342c203600 
0000047e 01             1331 	.byte	1
0000047f f102           1332 	.byte	241,2
00000481 4d5055413620   1333 	.strz	"MPUA6 25, 6"
00000487 32352c203600 
0000048d 01             1334 	.byte	1
0000048e f202           1335 	.byte	242,2
00000490 4d5041543620   1336 	.strz	"MPAT6 26, 6"
00000496 32362c203600 
0000049c 01             1337 	.byte	1
0000049d f302           1338 	.byte	243,2
0000049f 4d4c55413720   1339 	.strz	"MLUA7 28, 6"
000004a5 32382c203600 
000004ab 01             1340 	.byte	1
000004ac f402           1341 	.byte	244,2
000004ae 4d5055413720   1342 	.strz	"MPUA7 29, 6"
000004b4 32392c203600 
000004ba 01             1343 	.byte	1
000004bb f502           1344 	.byte	245,2
000004bd 4d5041543720   1345 	.strz	"MPAT7 30, 6"
000004c3 33302c203600 
000004c9 01             1346 	.byte	1
000004ca f602           1347 	.byte	246,2
000004cc 4d504c413820   1348 	.strz	"MPLA8 0, 7"
000004d2 302c203700 
000004d7 01             1349 	.byte	1
000004d8 f702           1350 	.byte	247,2
000004da 4d5055413820   1351 	.strz	"MPUA8 1, 7"
000004e0 312c203700 
000004e5 01             1352 	.byte	1
000004e6 f802           1353 	.byte	248,2
000004e8 4d5041543820   1354 	.strz	"MPAT8 2, 7"
000004ee 322c203700 
000004f3 01             1355 	.byte	1
000004f4 f902           1356 	.byte	249,2
000004f6 4d504c413920   1357 	.strz	"MPLA9 4, 7"
000004fc 342c203700 
00000501 01             1358 	.byte	1
00000502 fa02           1359 	.byte	250,2

                                                                      Page 27
                                                              C:\Users\nhuliyap\AppData\Local\Temp\gh_00008bs1.s
00000504 4d5055413920   1360 	.strz	"MPUA9 5, 7"
0000050a 352c203700 
0000050f 01             1361 	.byte	1
00000510 fb02           1362 	.byte	251,2
00000512 4d5041543920   1363 	.strz	"MPAT9 6, 7"
00000518 362c203700 
0000051d 01             1364 	.byte	1
0000051e fc02           1365 	.byte	252,2
00000520 4d504c413130   1366 	.strz	"MPLA10 8, 7"
00000526 20382c203700 
0000052c 01             1367 	.byte	1
0000052d fd02           1368 	.byte	253,2
0000052f 4d5055413130   1369 	.strz	"MPUA10 9, 7"
00000535 20392c203700 
0000053b 01             1370 	.byte	1
0000053c fe02           1371 	.byte	254,2
0000053e 4d5041543130   1372 	.strz	"MPAT10 10, 7"
00000544 2031302c2037 
0000054a 00 
0000054b 01             1373 	.byte	1
0000054c ff02           1374 	.byte	255,2
0000054e 4d504c413131   1375 	.strz	"MPLA11 12, 7"
00000554 2031322c2037 
0000055a 00 
0000055b 01             1376 	.byte	1
0000055c 8003           1377 	.byte	128,3
0000055e 4d5055413131   1378 	.strz	"MPUA11 13, 7"
00000564 2031332c2037 
0000056a 00 
0000056b 01             1379 	.byte	1
0000056c 8103           1380 	.byte	129,3
0000056e 4d5041543131   1381 	.strz	"MPAT11 14, 7"
00000574 2031342c2037 
0000057a 00 
0000057b 01             1382 	.byte	1
0000057c 8203           1383 	.byte	130,3
0000057e 4d504c413132   1384 	.strz	"MPLA12 16, 7"
00000584 2031362c2037 
0000058a 00 
0000058b 01             1385 	.byte	1
0000058c 8303           1386 	.byte	131,3
0000058e 4d5055413132   1387 	.strz	"MPUA12 17, 7"
00000594 2031372c2037 
0000059a 00 
0000059b 01             1388 	.byte	1
0000059c 8403           1389 	.byte	132,3
0000059e 4d5041543132   1390 	.strz	"MPAT12 18, 7"
000005a4 2031382c2037 
000005aa 00 
000005ab 01             1391 	.byte	1
000005ac 8503           1392 	.byte	133,3
000005ae 4d504c413133   1393 	.strz	"MPLA13 20, 7"
000005b4 2032302c2037 
000005ba 00 
000005bb 01             1394 	.byte	1
000005bc 8603           1395 	.byte	134,3
000005be 4d5055413133   1396 	.strz	"MPUA13 21, 7"
000005c4 2032312c2037 
000005ca 00 
000005cb 01             1397 	.byte	1
000005cc 8703           1398 	.byte	135,3

                                                                      Page 28
                                                              C:\Users\nhuliyap\AppData\Local\Temp\gh_00008bs1.s
000005ce 4d5041543133   1399 	.strz	"MPAT13 22, 7"
000005d4 2032322c2037 
000005da 00 
000005db 01             1400 	.byte	1
000005dc 8803           1401 	.byte	136,3
000005de 4d504c413134   1402 	.strz	"MPLA14 24, 7"
000005e4 2032342c2037 
000005ea 00 
000005eb 01             1403 	.byte	1
000005ec 8903           1404 	.byte	137,3
000005ee 4d5055413134   1405 	.strz	"MPUA14 25, 7"
000005f4 2032352c2037 
000005fa 00 
000005fb 01             1406 	.byte	1
000005fc 8a03           1407 	.byte	138,3
000005fe 4d5041543134   1408 	.strz	"MPAT14 26, 7"
00000604 2032362c2037 
0000060a 00 
0000060b 01             1409 	.byte	1
0000060c 8b03           1410 	.byte	139,3
0000060e 4d504c413135   1411 	.strz	"MPLA15 28, 7"
00000614 2032382c2037 
0000061a 00 
0000061b 01             1412 	.byte	1
0000061c 8c03           1413 	.byte	140,3
0000061e 4d5055413135   1414 	.strz	"MPUA15 29, 7"
00000624 2032392c2037 
0000062a 00 
0000062b 01             1415 	.byte	1
0000062c 8d03           1416 	.byte	141,3
0000062e 4d5041543135   1417 	.strz	"MPAT15 30, 7"
00000634 2033302c2037 
0000063a 00 
0000063b 04             1418 	.byte	4
0000063c 04             1419 	.byte	4
0000063d 04             1420 	.byte	4
0000063e 00             1421 	.byte	0
                        1422 	.section	.debug_abbrev
000000ca 00             1423 	.byte	0
                        1424 	.section	.debug_info
                        1425 .Ldw_end:
                        1426 .rh850_flags REGMODE32,DATA_ALIGN8,GP_FIX,EP_NONFIX,TP_FIX,REG2_RESERVE,G3K,GHS_MISALIGN,SDA_EXTRA_REGS_0
